Execute       source -notrace -encoding utf-8 /home/hwx/AMD/2025.2/Vitis/tps/tcl/tcl8.6/clock.tcl 
Execute         source -encoding utf-8 /data/YellowSmile/AMD/2025.2/tps/tcl/tcl8/8.5/msgcat-1.6.1.tm 
INFO-FLOW: Workspace /home/hwx/HCA/FPGA-SNN/vitis_ws/vitis_ws_spikingformer_official/spikingformer_csim_proj/solution1 opened at Sat Jul 11 16:16:33 CST 2026
Execute       send_msg_by_id INFO @200-1505@%s%s default  vivado 
INFO: [HLS 200-1505] Using default flow_target 'vivado'
Execute     set_part xczu7ev-ffvc1156-2-e 
INFO: [HLS 200-1510] Running: set_part xczu7ev-ffvc1156-2-e 
Execute       create_platform xczu7ev-ffvc1156-2-e -board  
DBG:HLSDevice: Trying to load device library: /home/hwx/AMD/2025.2/Vitis/lib/lnx64.o/libxv_hlsvwrap.so
DBG:HLSDevice: first parts/arch.xml in RDI_DATADIR: /home/hwx/AMD/2025.2/Vivado/data/parts/arch.xml
DBG:HLSDevice: init success
INFO: [HLS 200-1611] Setting target device to 'xczu7ev-ffvc1156-2-e'
Command       create_platform done; 0.41 sec.
Execute       source /home/hwx/AMD/2025.2/Vitis/common/technology/xilinx/common/xilinx.gen 
Execute         source /home/hwx/AMD/2025.2/Vitis/common/technology/xilinx/interface/plb46.gen 
Execute         source /home/hwx/AMD/2025.2/Vitis/common/technology/xilinx/interface/axi4.gen 
Execute         source /home/hwx/AMD/2025.2/Vitis/common/technology/xilinx/interface/nativeAXI4.gen 
Execute           source /home/hwx/AMD/2025.2/Vitis/common/technology/xilinx/interface/saxilite.gen 
Execute         source /home/hwx/AMD/2025.2/Vitis/common/technology/xilinx/scripts/xilinxcoregen.gen 
Execute         source /home/hwx/AMD/2025.2/Vitis/common/technology/xilinx/interface/XilEDKCoreGen.gen 
Execute         source /home/hwx/AMD/2025.2/Vitis/common/technology/xilinx/ip/dds_compiler.gen 
Execute         source /home/hwx/AMD/2025.2/Vitis/common/technology/xilinx/ip/util.gen 
Execute         source /home/hwx/AMD/2025.2/Vitis/common/technology/xilinx/ip/xfft.gen 
Execute         source /home/hwx/AMD/2025.2/Vitis/common/technology/xilinx/ip/xfir.gen 
Execute         source /home/hwx/AMD/2025.2/Vitis/common/technology/xilinx/DSP48/dsp48.gen 
Execute       ap_part_info -name xczu7ev-ffvc1156-2-e -data info 
Execute       config_compile -quiet -complex-mul-dsp=0 
Command     set_part done; 0.51 sec.
Execute     create_clock -period 10 -name default 
INFO: [HLS 200-1510] Running: create_clock -period 10 -name default 
Execute       ap_set_clock -name default -period 10 -unit ns -default=false 
INFO: [SYN 201-201] Setting up clock 'default' with a period of 10ns.
Execute     csim_design 
INFO: [HLS 200-1510] Running: csim_design 
Execute       ::AP::init_summary_file csim 
INFO: [SIM 211-2] *************** CSIM start ***************
Execute       send_msg_by_id INFO @200-2191@%s%s C-Simulation clang-16 
INFO: [HLS 200-2191] C-Simulation will use clang-16 as the compiler
Execute       send_msg_by_id INFO @200-2036@%s debug 
INFO: [HLS 200-2036] Building debug C Simulation binaries
Execute       source /home/hwx/AMD/2025.2/Vitis/tps/tcl/tcllib2.0/yaml/huddle.tcl 
Execute         source /data/YellowSmile/AMD/2025.2/tps/tcl/tcllib2.0/yaml/huddle_types.tcl 
Execute       source /home/hwx/AMD/2025.2/Vitis/tps/tcl/tcllib2.0/yaml/json2huddle.tcl 
Execute         source /home/hwx/AMD/2025.2/Vitis/tps/tcl/tcllib2.0/try/try.tcl 
Execute       ap_part_info -name xczu7ev-ffvc1156-2-e -data info 
Execute       source run_sim.tcl 
Command       ap_source done; 6.09 sec.
INFO: [SIM 211-1] CSim done with 0 errors.
INFO: [SIM 211-3] *************** CSIM finish ***************
Command     csim_design done; 12.87 sec.
INFO: [HLS 200-2161] Finished Command csim_design Elapsed time: 00:00:12; Allocated memory: 0.000 MB.
Execute     cleanup_all 
