
****** vitis-run v2025.2 (64-bit)
  **** SW Build 6295257 on 2025-11-13-01:29:13
  **** Start of session at: Sun Jul 12 19:38:46 2026
    ** Copyright 1986-2022 Xilinx, Inc. All Rights Reserved.
    ** Copyright 2022-2025 Advanced Micro Devices, Inc. All Rights Reserved.

  **** HLS Build v2025.2 6295257
Sourcing Tcl script '/home/hwx/HCA/FPGA-SNN/vitis_ws/vitis_ws_spikingformer_official/run_csim_gen.tcl'
INFO: [HLS 200-1510] Running: open_project -reset sf_zero 
WARNING: [HLS 200-2182] The 'sf_zero' project will not automatically appear within Vitis IDE workspaces and is meant only for TCL batch use.  Please use open_component instead of open_project/open_solution to generate Vitis IDE compatible component files and directory structure.
Resolution: For help on HLS 200-2182 see docs.amd.com/access/sources/dita/topic?Doc_Version=2025.2%20English&url=ug1448-hls-guidance&resourceid=200-2182.html
INFO: [HLS 200-10] Opening and resetting solution '/home/hwx/HCA/FPGA-SNN/vitis_ws/vitis_ws_spikingformer_official/sf_zero'.
INFO: [HLS 200-1510] Running: set_top control 
INFO: [HLS 200-1510] Running: add_files spikingformer_official.cpp 
INFO: [HLS 200-10] Adding design file 'spikingformer_official.cpp' to the project
INFO: [HLS 200-1510] Running: add_files -tb tb_gen.cpp 
INFO: [HLS 200-10] Adding test bench file 'tb_gen.cpp' to the project
INFO: [HLS 200-1510] Running: open_solution solution1 
INFO: [HLS 200-10] Creating and opening solution '/home/hwx/HCA/FPGA-SNN/vitis_ws/vitis_ws_spikingformer_official/sf_zero/solution1'.
INFO: [HLS 200-1505] Using default flow_target 'vivado'
Resolution: For help on HLS 200-1505 see docs.amd.com/access/sources/dita/topic?Doc_Version=2025.2%20English&url=ug1448-hls-guidance&resourceid=200-1505.html
INFO: [HLS 200-1510] Running: set_part xczu7ev-ffvc1156-2-e 
INFO: [HLS 200-1611] Setting target device to 'xczu7ev-ffvc1156-2-e'
INFO: [HLS 200-1510] Running: create_clock -period 10 -name default 
INFO: [SYN 201-201] Setting up clock 'default' with a period of 10ns.
INFO: [HLS 200-1510] Running: csim_design 
INFO: [SIM 211-2] *************** CSIM start ***************
INFO: [HLS 200-2191] C-Simulation will use clang-16 as the compiler
INFO: [HLS 200-2036] Building debug C Simulation binaries
   Compiling ../../../../tb_gen.cpp in debug mode
   Compiling ../../../../spikingformer_official.cpp in debug mode
   Generating csim.exe
Loading 61 weights...
Loaded.
Real image loaded: img[0]=0.620 img[100]=0.655 img[500]=0.659
Running T=4...
T=1 done
T=2 done
T=3 done
T=4 done
Output: -0.0135 0.0122 0.0033 -0.0072 -0.0123 -0.0068 -0.0199 -0.0072 0.0107 0.0416 
Class: 9
INFO: [SIM 211-1] CSim done with 0 errors.
INFO: [SIM 211-3] *************** CSIM finish ***************
INFO: [HLS 200-2161] Finished Command csim_design Elapsed time: 00:00:28; Allocated memory: 0.000 MB.
INFO: [HLS 200-112] Total CPU user time: 28.64 seconds. Total CPU system time: 1.06 seconds. Total elapsed time: 29.46 seconds; peak allocated memory: 251.520 MB.
INFO: [vitis-run 60-791] Total elapsed time: 0h 0m 31s
INFO: [vitis-run 60-1662] Stopping dispatch session having empty uuid.
