

================================================================
== Vitis HLS Report for 'control_Pipeline_VITIS_LOOP_1229_1_VITIS_LOOP_1230_2_VITIS_LOOP_1231_3_VITIS_LOO'
================================================================
* Date:           Sun Jul 12 20:26:07 2026

* Version:        2025.2 (Build 6295257 on Nov 14 2025)
* Project:        spikingformer_proj
* Solution:       solution1 (Vivado IP Flow Target)
* Product family: zynquplus
* Target device:  xczu7ev-ffvc1156-2-e


================================================================
== Performance Estimates
================================================================
+ Timing: 
    * Summary: 
    +--------+----------+----------+------------+
    |  Clock |  Target  | Estimated| Uncertainty|
    +--------+----------+----------+------------+
    |ap_clk  |  10.00 ns|  7.300 ns|     2.70 ns|
    +--------+----------+----------+------------+

+ Latency: 
    * Summary: 
    +---------+---------+----------+----------+-----+-----+-------------------+
    |  Latency (cycles) |  Latency (absolute) |  Interval |      Pipeline     |
    |   min   |   max   |    min   |    max   | min | max |        Type       |
    +---------+---------+----------+----------+-----+-----+-------------------+
    |   442386|   442386|  4.424 ms|  4.424 ms|    0|    0|  loop pipeline stp|
    +---------+---------+----------+----------+-----+-----+-------------------+

    + Detail: 
        * Instance: 
        N/A

        * Loop: 
        +---------------------------------------------------------------------------------------------+---------+---------+----------+-----------+-----------+--------+----------+
        |                                                                                             |  Latency (cycles) | Iteration|  Initiation Interval  |  Trip  |          |
        |                                          Loop Name                                          |   min   |   max   |  Latency |  achieved |   target  |  Count | Pipelined|
        +---------------------------------------------------------------------------------------------+---------+---------+----------+-----------+-----------+--------+----------+
        |- VITIS_LOOP_1229_1_VITIS_LOOP_1230_2_VITIS_LOOP_1231_3_VITIS_LOOP_1232_4_VITIS_LOOP_1233_5  |   442384|   442384|        19|          2|          1|  221184|       yes|
        +---------------------------------------------------------------------------------------------+---------+---------+----------+-----------+-----------+--------+----------+

============================================================
+ Verbose Summary: Synthesis Manager
============================================================
InlineROM: 1
ExposeGlobal: 0
============================================================
+ Verbose Summary: CDFG Model
============================================================
IsTopModel: 0
ResetActiveHigh: 1
IsCombinational: 0
IsDatapathOnly: 0
HasWiredReturn: 1
HasMFsm: 2
HasVarLatency: 1
IsPipeline: 0
IsRtlPipelined: 0
IsInstanceOverlapped: 0
IsDontTouch: 0
HasImplIP: 0
IsGatedGlobalClock: 0

+ Individual pipeline summary: 
  * Pipeline-0: initiation interval (II) = 2, depth = 20


============================================================
+ Verbose Summary: Schedule
============================================================
* Number of FSM states : 20
* Pipeline : 1
  Pipeline-0 : II = 2, D = 20, States = { 1 2 3 4 5 6 7 8 9 10 11 12 13 14 15 16 17 18 19 20 }
* Dataflow Pipeline: 0

* FSM state transitions: 
1 --> 2 
2 --> 3 
3 --> 4 
4 --> 5 
5 --> 6 
6 --> 7 
7 --> 8 
8 --> 9 
9 --> 10 
10 --> 11 
11 --> 12 
12 --> 13 
13 --> 14 
14 --> 15 
15 --> 16 
16 --> 17 
17 --> 18 
18 --> 19 
19 --> 20 
20 --> 

* FSM state operations: 

State 1 <SV = 0> <Delay = 0.42>
ST_1 : Operation 22 [1/1] (0.00ns)   --->   "%v505 = alloca i32 1" [spikingformer_official.cpp:1233->spikingformer_official.cpp:2447]   --->   Operation 22 'alloca' 'v505' <Predicate = true> <Delay = 0.00>
ST_1 : Operation 23 [1/1] (0.00ns)   --->   "%v504 = alloca i32 1" [spikingformer_official.cpp:1232->spikingformer_official.cpp:2447]   --->   Operation 23 'alloca' 'v504' <Predicate = true> <Delay = 0.00>
ST_1 : Operation 24 [1/1] (0.00ns)   --->   "%indvar_flatten13824 = alloca i32 1"   --->   Operation 24 'alloca' 'indvar_flatten13824' <Predicate = true> <Delay = 0.00>
ST_1 : Operation 25 [1/1] (0.00ns)   --->   "%v503 = alloca i32 1" [spikingformer_official.cpp:1231->spikingformer_official.cpp:2447]   --->   Operation 25 'alloca' 'v503' <Predicate = true> <Delay = 0.00>
ST_1 : Operation 26 [1/1] (0.00ns)   --->   "%indvar_flatten13837 = alloca i32 1"   --->   Operation 26 'alloca' 'indvar_flatten13837' <Predicate = true> <Delay = 0.00>
ST_1 : Operation 27 [1/1] (0.00ns)   --->   "%v502 = alloca i32 1" [spikingformer_official.cpp:1230->spikingformer_official.cpp:2447]   --->   Operation 27 'alloca' 'v502' <Predicate = true> <Delay = 0.00>
ST_1 : Operation 28 [1/1] (0.00ns)   --->   "%indvar_flatten13860 = alloca i32 1"   --->   Operation 28 'alloca' 'indvar_flatten13860' <Predicate = true> <Delay = 0.00>
ST_1 : Operation 29 [1/1] (0.00ns)   --->   "%v501 = alloca i32 1" [spikingformer_official.cpp:1229->spikingformer_official.cpp:2447]   --->   Operation 29 'alloca' 'v501' <Predicate = true> <Delay = 0.00>
ST_1 : Operation 30 [1/1] (0.00ns)   --->   "%indvar_flatten13893 = alloca i32 1"   --->   Operation 30 'alloca' 'indvar_flatten13893' <Predicate = true> <Delay = 0.00>
ST_1 : Operation 31 [1/1] (0.00ns)   --->   "%v958_read = read i64 @_ssdm_op_Read.ap_auto.i64, i64 %v958"   --->   Operation 31 'read' 'v958_read' <Predicate = true> <Delay = 0.00>
ST_1 : Operation 32 [1/1] (0.00ns)   --->   "%v1159_read = read i64 @_ssdm_op_Read.ap_auto.i64, i64 %v1159"   --->   Operation 32 'read' 'v1159_read' <Predicate = true> <Delay = 0.00>
ST_1 : Operation 33 [1/1] (0.00ns)   --->   "%sext_ln20278 = read i62 @_ssdm_op_Read.ap_auto.i62, i62 %sext_ln2027"   --->   Operation 33 'read' 'sext_ln20278' <Predicate = true> <Delay = 0.00>
ST_1 : Operation 34 [1/1] (0.00ns)   --->   "%sext_ln22997 = read i62 @_ssdm_op_Read.ap_auto.i62, i62 %sext_ln2299"   --->   Operation 34 'read' 'sext_ln22997' <Predicate = true> <Delay = 0.00>
ST_1 : Operation 35 [1/1] (0.00ns)   --->   "%specstablecontent_ln0 = specstablecontent void @_ssdm_op_SpecStableContent, i32 %g0, i1 1, void "   --->   Operation 35 'specstablecontent' 'specstablecontent_ln0' <Predicate = true> <Delay = 0.00>
ST_1 : Operation 36 [1/1] (0.00ns)   --->   "%specinterface_ln0 = specinterface void @_ssdm_op_SpecInterface, i32 %g0, void @empty_26, i32 0, i32 0, void @empty_35, i32 0, i32 0, void @empty_22, void @empty_25, void @empty_35, i32 16, i32 16, i32 16, i32 16, void @empty_35, void @empty_35, i32 4294967295, i32 0, i32 0, i32 4"   --->   Operation 36 'specinterface' 'specinterface_ln0' <Predicate = true> <Delay = 0.00>
ST_1 : Operation 37 [1/1] (0.42ns)   --->   "%store_ln0 = store i18 0, i18 %indvar_flatten13893"   --->   Operation 37 'store' 'store_ln0' <Predicate = true> <Delay = 0.42>
ST_1 : Operation 38 [1/1] (0.42ns)   --->   "%store_ln1229 = store i2 0, i2 %v501" [spikingformer_official.cpp:1229->spikingformer_official.cpp:2447]   --->   Operation 38 'store' 'store_ln1229' <Predicate = true> <Delay = 0.42>
ST_1 : Operation 39 [1/1] (0.42ns)   --->   "%store_ln0 = store i17 0, i17 %indvar_flatten13860"   --->   Operation 39 'store' 'store_ln0' <Predicate = true> <Delay = 0.42>
ST_1 : Operation 40 [1/1] (0.42ns)   --->   "%store_ln1230 = store i2 0, i2 %v502" [spikingformer_official.cpp:1230->spikingformer_official.cpp:2447]   --->   Operation 40 'store' 'store_ln1230' <Predicate = true> <Delay = 0.42>
ST_1 : Operation 41 [1/1] (0.42ns)   --->   "%store_ln0 = store i16 0, i16 %indvar_flatten13837"   --->   Operation 41 'store' 'store_ln0' <Predicate = true> <Delay = 0.42>
ST_1 : Operation 42 [1/1] (0.42ns)   --->   "%store_ln1231 = store i9 0, i9 %v503" [spikingformer_official.cpp:1231->spikingformer_official.cpp:2447]   --->   Operation 42 'store' 'store_ln1231' <Predicate = true> <Delay = 0.42>
ST_1 : Operation 43 [1/1] (0.42ns)   --->   "%store_ln0 = store i8 0, i8 %indvar_flatten13824"   --->   Operation 43 'store' 'store_ln0' <Predicate = true> <Delay = 0.42>
ST_1 : Operation 44 [1/1] (0.42ns)   --->   "%store_ln1232 = store i4 0, i4 %v504" [spikingformer_official.cpp:1232->spikingformer_official.cpp:2447]   --->   Operation 44 'store' 'store_ln1232' <Predicate = true> <Delay = 0.42>
ST_1 : Operation 45 [1/1] (0.42ns)   --->   "%store_ln1233 = store i4 0, i4 %v505" [spikingformer_official.cpp:1233->spikingformer_official.cpp:2447]   --->   Operation 45 'store' 'store_ln1233' <Predicate = true> <Delay = 0.42>
ST_1 : Operation 46 [1/1] (0.00ns)   --->   "%br_ln0 = br void %for.inc.i887"   --->   Operation 46 'br' 'br_ln0' <Predicate = true> <Delay = 0.00>

State 2 <SV = 1> <Delay = 6.30>
ST_2 : Operation 47 [1/1] (0.00ns)   --->   "%indvar_flatten13893_load = load i18 %indvar_flatten13893" [spikingformer_official.cpp:1229->spikingformer_official.cpp:2447]   --->   Operation 47 'load' 'indvar_flatten13893_load' <Predicate = true> <Delay = 0.00>
ST_2 : Operation 48 [1/1] (0.00ns)   --->   "%specbitsmap_ln0 = specbitsmap void @_ssdm_op_SpecBitsMap, i32 %g0"   --->   Operation 48 'specbitsmap' 'specbitsmap_ln0' <Predicate = true> <Delay = 0.00>
ST_2 : Operation 49 [1/1] (0.87ns)   --->   "%icmp_ln1229 = icmp_eq  i18 %indvar_flatten13893_load, i18 221184" [spikingformer_official.cpp:1229->spikingformer_official.cpp:2447]   --->   Operation 49 'icmp' 'icmp_ln1229' <Predicate = true> <Delay = 0.87> <CoreInst = "Cmp">   --->   Core 9 'Cmp' <Latency = 0> <II = 1> <Delay = 0.87> <FuncUnit> <Opcode : 'seteq' 'setne' 'setle' 'setge' 'setlt' 'setgt'> <InPorts = 2> <OutPorts = 1>
ST_2 : Operation 50 [1/1] (0.87ns)   --->   "%add_ln1229_1 = add i18 %indvar_flatten13893_load, i18 1" [spikingformer_official.cpp:1229->spikingformer_official.cpp:2447]   --->   Operation 50 'add' 'add_ln1229_1' <Predicate = true> <Delay = 0.87> <CoreInst = "Adder">   --->   Core 1 'Adder' <Latency = 0> <II = 1> <Delay = 0.87> <FuncUnit> <Opcode : 'add' 'sub'> <InPorts = 2> <OutPorts = 1>
ST_2 : Operation 51 [1/1] (0.00ns)   --->   "%br_ln1229 = br i1 %icmp_ln1229, void %for.inc48.i899, void %_Z9kernel527PA384_A18_A18_fPA3_fPA384_A8_A8_f.exit.exitStub" [spikingformer_official.cpp:1229->spikingformer_official.cpp:2447]   --->   Operation 51 'br' 'br_ln1229' <Predicate = true> <Delay = 0.00>
ST_2 : Operation 52 [1/1] (0.00ns)   --->   "%v505_load = load i4 %v505" [spikingformer_official.cpp:1233->spikingformer_official.cpp:2447]   --->   Operation 52 'load' 'v505_load' <Predicate = (!icmp_ln1229)> <Delay = 0.00>
ST_2 : Operation 53 [1/1] (0.00ns)   --->   "%v504_load = load i4 %v504"   --->   Operation 53 'load' 'v504_load' <Predicate = (!icmp_ln1229)> <Delay = 0.00>
ST_2 : Operation 54 [1/1] (0.00ns)   --->   "%indvar_flatten13824_load = load i8 %indvar_flatten13824" [spikingformer_official.cpp:1232->spikingformer_official.cpp:2447]   --->   Operation 54 'load' 'indvar_flatten13824_load' <Predicate = (!icmp_ln1229)> <Delay = 0.00>
ST_2 : Operation 55 [1/1] (0.00ns)   --->   "%v503_load = load i9 %v503"   --->   Operation 55 'load' 'v503_load' <Predicate = (!icmp_ln1229)> <Delay = 0.00>
ST_2 : Operation 56 [1/1] (0.00ns)   --->   "%indvar_flatten13837_load = load i16 %indvar_flatten13837" [spikingformer_official.cpp:1231->spikingformer_official.cpp:2447]   --->   Operation 56 'load' 'indvar_flatten13837_load' <Predicate = (!icmp_ln1229)> <Delay = 0.00>
ST_2 : Operation 57 [1/1] (0.00ns)   --->   "%v502_load = load i2 %v502" [spikingformer_official.cpp:1229->spikingformer_official.cpp:2447]   --->   Operation 57 'load' 'v502_load' <Predicate = (!icmp_ln1229)> <Delay = 0.00>
ST_2 : Operation 58 [1/1] (0.00ns)   --->   "%indvar_flatten13860_load = load i17 %indvar_flatten13860" [spikingformer_official.cpp:1230->spikingformer_official.cpp:2447]   --->   Operation 58 'load' 'indvar_flatten13860_load' <Predicate = (!icmp_ln1229)> <Delay = 0.00>
ST_2 : Operation 59 [1/1] (0.00ns)   --->   "%v501_load = load i2 %v501" [spikingformer_official.cpp:1229->spikingformer_official.cpp:2447]   --->   Operation 59 'load' 'v501_load' <Predicate = (!icmp_ln1229)> <Delay = 0.00>
ST_2 : Operation 60 [1/1] (0.54ns)   --->   "%add_ln1229 = add i2 %v501_load, i2 1" [spikingformer_official.cpp:1229->spikingformer_official.cpp:2447]   --->   Operation 60 'add' 'add_ln1229' <Predicate = (!icmp_ln1229)> <Delay = 0.54> <CoreInst = "Adder">   --->   Core 1 'Adder' <Latency = 0> <II = 1> <Delay = 0.54> <FuncUnit> <Opcode : 'add' 'sub'> <InPorts = 2> <OutPorts = 1>
ST_2 : Operation 61 [1/1] (0.86ns)   --->   "%icmp_ln1230 = icmp_eq  i17 %indvar_flatten13860_load, i17 73728" [spikingformer_official.cpp:1230->spikingformer_official.cpp:2447]   --->   Operation 61 'icmp' 'icmp_ln1230' <Predicate = (!icmp_ln1229)> <Delay = 0.86> <CoreInst = "Cmp">   --->   Core 9 'Cmp' <Latency = 0> <II = 1> <Delay = 0.86> <FuncUnit> <Opcode : 'seteq' 'setne' 'setle' 'setge' 'setlt' 'setgt'> <InPorts = 2> <OutPorts = 1>
ST_2 : Operation 62 [1/1] (0.17ns)   --->   "%select_ln1229 = select i1 %icmp_ln1230, i2 0, i2 %v502_load" [spikingformer_official.cpp:1229->spikingformer_official.cpp:2447]   --->   Operation 62 'select' 'select_ln1229' <Predicate = (!icmp_ln1229)> <Delay = 0.17> <CoreInst = "Sel">   --->   Core 73 'Sel' <Latency = 0> <II = 1> <Delay = 0.17> <FuncUnit> <Opcode : 'select'> <InPorts = 3> <OutPorts = 1>
ST_2 : Operation 63 [1/1] (0.28ns)   --->   "%xor_ln1229 = xor i1 %icmp_ln1230, i1 1" [spikingformer_official.cpp:1229->spikingformer_official.cpp:2447]   --->   Operation 63 'xor' 'xor_ln1229' <Predicate = (!icmp_ln1229)> <Delay = 0.28> <CoreInst = "LogicGate">   --->   Core 74 'LogicGate' <Latency = 0> <II = 1> <Delay = 0.28> <FuncUnit> <Opcode : 'and' 'or' 'xor'> <InPorts = 2> <OutPorts = 1>
ST_2 : Operation 64 [1/1] (0.79ns)   --->   "%icmp_ln1233 = icmp_eq  i4 %v505_load, i4 8" [spikingformer_official.cpp:1233->spikingformer_official.cpp:2447]   --->   Operation 64 'icmp' 'icmp_ln1233' <Predicate = (!icmp_ln1229)> <Delay = 0.79> <CoreInst = "Cmp">   --->   Core 9 'Cmp' <Latency = 0> <II = 1> <Delay = 0.79> <FuncUnit> <Opcode : 'seteq' 'setne' 'setle' 'setge' 'setlt' 'setgt'> <InPorts = 2> <OutPorts = 1>
ST_2 : Operation 65 [1/1] (0.76ns)   --->   "%icmp_ln1232 = icmp_eq  i8 %indvar_flatten13824_load, i8 64" [spikingformer_official.cpp:1232->spikingformer_official.cpp:2447]   --->   Operation 65 'icmp' 'icmp_ln1232' <Predicate = (!icmp_ln1229)> <Delay = 0.76> <CoreInst = "Cmp">   --->   Core 9 'Cmp' <Latency = 0> <II = 1> <Delay = 0.76> <FuncUnit> <Opcode : 'seteq' 'setne' 'setle' 'setge' 'setlt' 'setgt'> <InPorts = 2> <OutPorts = 1>
ST_2 : Operation 66 [1/1] (0.00ns) (grouped into LUT with out node exitcond_flatten13826_mid213859)   --->   "%and_ln1229_1 = and i1 %icmp_ln1232, i1 %xor_ln1229" [spikingformer_official.cpp:1229->spikingformer_official.cpp:2447]   --->   Operation 66 'and' 'and_ln1229_1' <Predicate = (!icmp_ln1229)> <Delay = 0.00> <CoreInst = "LogicGate">   --->   Core 74 'LogicGate' <Latency = 0> <II = 1> <Delay = 0.28> <FuncUnit> <Opcode : 'and' 'or' 'xor'> <InPorts = 2> <OutPorts = 1>
ST_2 : Operation 67 [1/1] (0.85ns)   --->   "%icmp_ln1231 = icmp_eq  i16 %indvar_flatten13837_load, i16 24576" [spikingformer_official.cpp:1231->spikingformer_official.cpp:2447]   --->   Operation 67 'icmp' 'icmp_ln1231' <Predicate = (!icmp_ln1229)> <Delay = 0.85> <CoreInst = "Cmp">   --->   Core 9 'Cmp' <Latency = 0> <II = 1> <Delay = 0.85> <FuncUnit> <Opcode : 'seteq' 'setne' 'setle' 'setge' 'setlt' 'setgt'> <InPorts = 2> <OutPorts = 1>
ST_2 : Operation 68 [1/1] (0.28ns)   --->   "%and_ln1229_2 = and i1 %icmp_ln1231, i1 %xor_ln1229" [spikingformer_official.cpp:1229->spikingformer_official.cpp:2447]   --->   Operation 68 'and' 'and_ln1229_2' <Predicate = (!icmp_ln1229)> <Delay = 0.28> <CoreInst = "LogicGate">   --->   Core 74 'LogicGate' <Latency = 0> <II = 1> <Delay = 0.28> <FuncUnit> <Opcode : 'and' 'or' 'xor'> <InPorts = 2> <OutPorts = 1>
ST_2 : Operation 69 [1/1] (0.17ns)   --->   "%select_ln1229_1 = select i1 %icmp_ln1230, i2 %add_ln1229, i2 %v501_load" [spikingformer_official.cpp:1229->spikingformer_official.cpp:2447]   --->   Operation 69 'select' 'select_ln1229_1' <Predicate = (!icmp_ln1229)> <Delay = 0.17> <CoreInst = "Sel">   --->   Core 73 'Sel' <Latency = 0> <II = 1> <Delay = 0.17> <FuncUnit> <Opcode : 'select'> <InPorts = 3> <OutPorts = 1>
ST_2 : Operation 70 [1/1] (0.54ns)   --->   "%add_ln1230 = add i2 %select_ln1229, i2 1" [spikingformer_official.cpp:1230->spikingformer_official.cpp:2447]   --->   Operation 70 'add' 'add_ln1230' <Predicate = (!icmp_ln1229)> <Delay = 0.54> <CoreInst = "Adder">   --->   Core 1 'Adder' <Latency = 0> <II = 1> <Delay = 0.54> <FuncUnit> <Opcode : 'add' 'sub'> <InPorts = 2> <OutPorts = 1>
ST_2 : Operation 71 [1/1] (0.28ns)   --->   "%empty = or i1 %and_ln1229_2, i1 %icmp_ln1230" [spikingformer_official.cpp:1229->spikingformer_official.cpp:2447]   --->   Operation 71 'or' 'empty' <Predicate = (!icmp_ln1229)> <Delay = 0.28> <CoreInst = "LogicGate">   --->   Core 74 'LogicGate' <Latency = 0> <II = 1> <Delay = 0.28> <FuncUnit> <Opcode : 'and' 'or' 'xor'> <InPorts = 2> <OutPorts = 1>
ST_2 : Operation 72 [1/1] (0.39ns)   --->   "%v503_mid213844 = select i1 %empty, i9 0, i9 %v503_load" [spikingformer_official.cpp:1229->spikingformer_official.cpp:2447]   --->   Operation 72 'select' 'v503_mid213844' <Predicate = (!icmp_ln1229)> <Delay = 0.39> <CoreInst = "Sel">   --->   Core 73 'Sel' <Latency = 0> <II = 1> <Delay = 0.39> <FuncUnit> <Opcode : 'select'> <InPorts = 3> <OutPorts = 1>
ST_2 : Operation 73 [1/1] (0.00ns) (grouped into LUT with out node not_exitcond_flatten13839_mid213892)   --->   "%exitcond_flatten13839_not = xor i1 %icmp_ln1231, i1 1" [spikingformer_official.cpp:1231->spikingformer_official.cpp:2447]   --->   Operation 73 'xor' 'exitcond_flatten13839_not' <Predicate = (!icmp_ln1229)> <Delay = 0.00> <CoreInst = "LogicGate">   --->   Core 74 'LogicGate' <Latency = 0> <II = 1> <Delay = 0.28> <FuncUnit> <Opcode : 'and' 'or' 'xor'> <InPorts = 2> <OutPorts = 1>
ST_2 : Operation 74 [1/1] (0.28ns) (out node of the LUT)   --->   "%not_exitcond_flatten13839_mid213892 = or i1 %icmp_ln1230, i1 %exitcond_flatten13839_not" [spikingformer_official.cpp:1230->spikingformer_official.cpp:2447]   --->   Operation 74 'or' 'not_exitcond_flatten13839_mid213892' <Predicate = (!icmp_ln1229)> <Delay = 0.28> <CoreInst = "LogicGate">   --->   Core 74 'LogicGate' <Latency = 0> <II = 1> <Delay = 0.28> <FuncUnit> <Opcode : 'and' 'or' 'xor'> <InPorts = 2> <OutPorts = 1>
ST_2 : Operation 75 [1/1] (0.00ns) (grouped into LUT with out node icmp_ln1233_mid213836)   --->   "%and_ln1229 = and i1 %not_exitcond_flatten13839_mid213892, i1 %xor_ln1229" [spikingformer_official.cpp:1229->spikingformer_official.cpp:2447]   --->   Operation 75 'and' 'and_ln1229' <Predicate = (!icmp_ln1229)> <Delay = 0.00> <CoreInst = "LogicGate">   --->   Core 74 'LogicGate' <Latency = 0> <II = 1> <Delay = 0.28> <FuncUnit> <Opcode : 'and' 'or' 'xor'> <InPorts = 2> <OutPorts = 1>
ST_2 : Operation 76 [1/1] (0.28ns) (out node of the LUT)   --->   "%exitcond_flatten13826_mid213859 = and i1 %and_ln1229_1, i1 %not_exitcond_flatten13839_mid213892" [spikingformer_official.cpp:1229->spikingformer_official.cpp:2447]   --->   Operation 76 'and' 'exitcond_flatten13826_mid213859' <Predicate = (!icmp_ln1229)> <Delay = 0.28> <CoreInst = "LogicGate">   --->   Core 74 'LogicGate' <Latency = 0> <II = 1> <Delay = 0.28> <FuncUnit> <Opcode : 'and' 'or' 'xor'> <InPorts = 2> <OutPorts = 1>
ST_2 : Operation 77 [1/1] (0.17ns)   --->   "%select_ln1230 = select i1 %and_ln1229_2, i2 %add_ln1230, i2 %select_ln1229" [spikingformer_official.cpp:1230->spikingformer_official.cpp:2447]   --->   Operation 77 'select' 'select_ln1230' <Predicate = (!icmp_ln1229)> <Delay = 0.17> <CoreInst = "Sel">   --->   Core 73 'Sel' <Latency = 0> <II = 1> <Delay = 0.17> <FuncUnit> <Opcode : 'select'> <InPorts = 3> <OutPorts = 1>
ST_2 : Operation 78 [1/1] (0.77ns)   --->   "%add_ln1231 = add i9 %v503_mid213844, i9 1" [spikingformer_official.cpp:1231->spikingformer_official.cpp:2447]   --->   Operation 78 'add' 'add_ln1231' <Predicate = (!icmp_ln1229)> <Delay = 0.77> <CoreInst = "Adder">   --->   Core 1 'Adder' <Latency = 0> <II = 1> <Delay = 0.77> <FuncUnit> <Opcode : 'add' 'sub'> <InPorts = 2> <OutPorts = 1>
ST_2 : Operation 79 [1/1] (0.00ns) (grouped into LUT with out node empty_118)   --->   "%empty_117 = or i1 %exitcond_flatten13826_mid213859, i1 %and_ln1229_2" [spikingformer_official.cpp:1229->spikingformer_official.cpp:2447]   --->   Operation 79 'or' 'empty_117' <Predicate = (!icmp_ln1229)> <Delay = 0.00> <CoreInst = "LogicGate">   --->   Core 74 'LogicGate' <Latency = 0> <II = 1> <Delay = 0.28> <FuncUnit> <Opcode : 'and' 'or' 'xor'> <InPorts = 2> <OutPorts = 1>
ST_2 : Operation 80 [1/1] (0.28ns) (out node of the LUT)   --->   "%empty_118 = or i1 %empty_117, i1 %icmp_ln1230" [spikingformer_official.cpp:1229->spikingformer_official.cpp:2447]   --->   Operation 80 'or' 'empty_118' <Predicate = (!icmp_ln1229)> <Delay = 0.28> <CoreInst = "LogicGate">   --->   Core 74 'LogicGate' <Latency = 0> <II = 1> <Delay = 0.28> <FuncUnit> <Opcode : 'and' 'or' 'xor'> <InPorts = 2> <OutPorts = 1>
ST_2 : Operation 81 [1/1] (0.39ns)   --->   "%v504_mid213831 = select i1 %empty_118, i4 0, i4 %v504_load" [spikingformer_official.cpp:1229->spikingformer_official.cpp:2447]   --->   Operation 81 'select' 'v504_mid213831' <Predicate = (!icmp_ln1229)> <Delay = 0.39> <CoreInst = "Sel">   --->   Core 73 'Sel' <Latency = 0> <II = 1> <Delay = 0.39> <FuncUnit> <Opcode : 'select'> <InPorts = 3> <OutPorts = 1>
ST_2 : Operation 82 [1/1] (0.00ns) (grouped into LUT with out node icmp_ln1233_mid213836)   --->   "%not_exitcond_flatten13826_mid213859 = xor i1 %exitcond_flatten13826_mid213859, i1 1" [spikingformer_official.cpp:1229->spikingformer_official.cpp:2447]   --->   Operation 82 'xor' 'not_exitcond_flatten13826_mid213859' <Predicate = (!icmp_ln1229)> <Delay = 0.00> <CoreInst = "LogicGate">   --->   Core 74 'LogicGate' <Latency = 0> <II = 1> <Delay = 0.28> <FuncUnit> <Opcode : 'and' 'or' 'xor'> <InPorts = 2> <OutPorts = 1>
ST_2 : Operation 83 [1/1] (0.00ns) (grouped into LUT with out node icmp_ln1233_mid213836)   --->   "%icmp_ln1233_mid213855 = and i1 %not_exitcond_flatten13826_mid213859, i1 %and_ln1229" [spikingformer_official.cpp:1229->spikingformer_official.cpp:2447]   --->   Operation 83 'and' 'icmp_ln1233_mid213855' <Predicate = (!icmp_ln1229)> <Delay = 0.00> <CoreInst = "LogicGate">   --->   Core 74 'LogicGate' <Latency = 0> <II = 1> <Delay = 0.28> <FuncUnit> <Opcode : 'and' 'or' 'xor'> <InPorts = 2> <OutPorts = 1>
ST_2 : Operation 84 [1/1] (0.28ns) (out node of the LUT)   --->   "%icmp_ln1233_mid213836 = and i1 %icmp_ln1233_mid213855, i1 %icmp_ln1233" [spikingformer_official.cpp:1229->spikingformer_official.cpp:2447]   --->   Operation 84 'and' 'icmp_ln1233_mid213836' <Predicate = (!icmp_ln1229)> <Delay = 0.28> <CoreInst = "LogicGate">   --->   Core 74 'LogicGate' <Latency = 0> <II = 1> <Delay = 0.28> <FuncUnit> <Opcode : 'and' 'or' 'xor'> <InPorts = 2> <OutPorts = 1>
ST_2 : Operation 85 [1/1] (0.39ns)   --->   "%select_ln1231 = select i1 %exitcond_flatten13826_mid213859, i9 %add_ln1231, i9 %v503_mid213844" [spikingformer_official.cpp:1231->spikingformer_official.cpp:2447]   --->   Operation 85 'select' 'select_ln1231' <Predicate = (!icmp_ln1229)> <Delay = 0.39> <CoreInst = "Sel">   --->   Core 73 'Sel' <Latency = 0> <II = 1> <Delay = 0.39> <FuncUnit> <Opcode : 'select'> <InPorts = 3> <OutPorts = 1>
ST_2 : Operation 86 [1/1] (0.79ns)   --->   "%add_ln1232 = add i4 %v504_mid213831, i4 1" [spikingformer_official.cpp:1232->spikingformer_official.cpp:2447]   --->   Operation 86 'add' 'add_ln1232' <Predicate = (!icmp_ln1229)> <Delay = 0.79> <CoreInst = "Adder">   --->   Core 1 'Adder' <Latency = 0> <II = 1> <Delay = 0.79> <FuncUnit> <Opcode : 'add' 'sub'> <InPorts = 2> <OutPorts = 1>
ST_2 : Operation 87 [1/1] (0.00ns) (grouped into LUT with out node v505_mid2)   --->   "%empty_119 = or i1 %icmp_ln1233_mid213836, i1 %exitcond_flatten13826_mid213859" [spikingformer_official.cpp:1229->spikingformer_official.cpp:2447]   --->   Operation 87 'or' 'empty_119' <Predicate = (!icmp_ln1229)> <Delay = 0.00> <CoreInst = "LogicGate">   --->   Core 74 'LogicGate' <Latency = 0> <II = 1> <Delay = 0.28> <FuncUnit> <Opcode : 'and' 'or' 'xor'> <InPorts = 2> <OutPorts = 1>
ST_2 : Operation 88 [1/1] (0.00ns) (grouped into LUT with out node v505_mid2)   --->   "%empty_120 = or i1 %empty_119, i1 %empty" [spikingformer_official.cpp:1229->spikingformer_official.cpp:2447]   --->   Operation 88 'or' 'empty_120' <Predicate = (!icmp_ln1229)> <Delay = 0.00> <CoreInst = "LogicGate">   --->   Core 74 'LogicGate' <Latency = 0> <II = 1> <Delay = 0.28> <FuncUnit> <Opcode : 'and' 'or' 'xor'> <InPorts = 2> <OutPorts = 1>
ST_2 : Operation 89 [1/1] (0.39ns) (out node of the LUT)   --->   "%v505_mid2 = select i1 %empty_120, i4 0, i4 %v505_load" [spikingformer_official.cpp:1229->spikingformer_official.cpp:2447]   --->   Operation 89 'select' 'v505_mid2' <Predicate = (!icmp_ln1229)> <Delay = 0.39> <CoreInst = "Sel">   --->   Core 73 'Sel' <Latency = 0> <II = 1> <Delay = 0.39> <FuncUnit> <Opcode : 'select'> <InPorts = 3> <OutPorts = 1>
ST_2 : Operation 90 [1/1] (0.39ns)   --->   "%select_ln1232 = select i1 %icmp_ln1233_mid213836, i4 %add_ln1232, i4 %v504_mid213831" [spikingformer_official.cpp:1232->spikingformer_official.cpp:2447]   --->   Operation 90 'select' 'select_ln1232' <Predicate = (!icmp_ln1229)> <Delay = 0.39> <CoreInst = "Sel">   --->   Core 73 'Sel' <Latency = 0> <II = 1> <Delay = 0.39> <FuncUnit> <Opcode : 'select'> <InPorts = 3> <OutPorts = 1>
ST_2 : Operation 91 [1/1] (0.00ns) (grouped into LUT with out node add_ln1237)   --->   "%zext_ln1229 = zext i2 %select_ln1229_1" [spikingformer_official.cpp:1229->spikingformer_official.cpp:2447]   --->   Operation 91 'zext' 'zext_ln1229' <Predicate = (!icmp_ln1229)> <Delay = 0.00>
ST_2 : Operation 92 [1/1] (0.00ns) (grouped into LUT with out node add_ln1237_1)   --->   "%zext_ln1231 = zext i2 %select_ln1230" [spikingformer_official.cpp:1231->spikingformer_official.cpp:2447]   --->   Operation 92 'zext' 'zext_ln1231' <Predicate = (!icmp_ln1229)> <Delay = 0.00>
ST_2 : Operation 93 [1/1] (0.00ns)   --->   "%zext_ln1231_1 = zext i9 %select_ln1231" [spikingformer_official.cpp:1231->spikingformer_official.cpp:2447]   --->   Operation 93 'zext' 'zext_ln1231_1' <Predicate = (!icmp_ln1229)> <Delay = 0.00>
ST_2 : Operation 94 [1/1] (2.18ns)   --->   "%mul_ln1237 = mul i20 %zext_ln1231_1, i20 1296" [spikingformer_official.cpp:1237->spikingformer_official.cpp:2447]   --->   Operation 94 'mul' 'mul_ln1237' <Predicate = (!icmp_ln1229)> <Delay = 2.18> <CoreInst = "Multiplier">   --->   Core 3 'Multiplier' <Latency = 0> <II = 1> <Delay = 2.18> <FuncUnit> <Opcode : 'mul'> <InPorts = 2> <OutPorts = 1>
ST_2 : Operation 95 [1/1] (0.00ns)   --->   "%zext_ln1238 = zext i20 %mul_ln1237" [spikingformer_official.cpp:1238->spikingformer_official.cpp:2447]   --->   Operation 95 'zext' 'zext_ln1238' <Predicate = (!icmp_ln1229)> <Delay = 0.00>
ST_2 : Operation 96 [1/1] (0.00ns)   --->   "%trunc_ln1237 = trunc i4 %select_ln1232" [spikingformer_official.cpp:1237->spikingformer_official.cpp:2447]   --->   Operation 96 'trunc' 'trunc_ln1237' <Predicate = (!icmp_ln1229)> <Delay = 0.00>
ST_2 : Operation 97 [1/1] (0.00ns) (grouped into LUT with out node add_ln1237)   --->   "%shl_ln1237 = shl i4 %select_ln1232, i4 1" [spikingformer_official.cpp:1237->spikingformer_official.cpp:2447]   --->   Operation 97 'shl' 'shl_ln1237' <Predicate = (!icmp_ln1229)> <Delay = 0.00>
ST_2 : Operation 98 [1/1] (0.00ns) (grouped into LUT with out node add_ln1237)   --->   "%zext_ln1237 = zext i4 %shl_ln1237" [spikingformer_official.cpp:1237->spikingformer_official.cpp:2447]   --->   Operation 98 'zext' 'zext_ln1237' <Predicate = (!icmp_ln1229)> <Delay = 0.00>
ST_2 : Operation 99 [1/1] (0.79ns) (out node of the LUT)   --->   "%add_ln1237 = add i5 %zext_ln1237, i5 %zext_ln1229" [spikingformer_official.cpp:1237->spikingformer_official.cpp:2447]   --->   Operation 99 'add' 'add_ln1237' <Predicate = (!icmp_ln1229)> <Delay = 0.79> <CoreInst = "Adder">   --->   Core 1 'Adder' <Latency = 0> <II = 1> <Delay = 0.79> <FuncUnit> <Opcode : 'add' 'sub'> <InPorts = 2> <OutPorts = 1>
ST_2 : Operation 100 [1/1] (0.00ns)   --->   "%p_shl = bitconcatenate i11 @_ssdm_op_BitConcatenate.i11.i5.i6, i5 %add_ln1237, i6 0" [spikingformer_official.cpp:1238->spikingformer_official.cpp:2447]   --->   Operation 100 'bitconcatenate' 'p_shl' <Predicate = (!icmp_ln1229)> <Delay = 0.00>
ST_2 : Operation 101 [1/1] (0.00ns)   --->   "%tmp = bitconcatenate i8 @_ssdm_op_BitConcatenate.i8.i5.i3, i5 %add_ln1237, i3 0" [spikingformer_official.cpp:1238->spikingformer_official.cpp:2447]   --->   Operation 101 'bitconcatenate' 'tmp' <Predicate = (!icmp_ln1229)> <Delay = 0.00>
ST_2 : Operation 102 [1/1] (0.00ns)   --->   "%zext_ln1238_1 = zext i8 %tmp" [spikingformer_official.cpp:1238->spikingformer_official.cpp:2447]   --->   Operation 102 'zext' 'zext_ln1238_1' <Predicate = (!icmp_ln1229)> <Delay = 0.00>
ST_2 : Operation 103 [1/1] (0.00ns) (grouped into TernaryAdder)   --->   "%add_ln1238_2 = add i11 %p_shl, i11 %zext_ln1238_1" [spikingformer_official.cpp:1238->spikingformer_official.cpp:2447]   --->   Operation 103 'add' 'add_ln1238_2' <Predicate = (!icmp_ln1229)> <Delay = 0.00> <CoreInst = "TAddSub">   --->   Core 10 'TAddSub' <Latency = 0> <II = 1> <Delay = 0.40> <IPBlock> <Opcode : 'add' 'sub'> <InPorts = 3> <OutPorts = 1> <Sync> <CReg>
ST_2 : Operation 104 [1/1] (0.00ns)   --->   "%trunc_ln1237_2 = trunc i4 %v505_mid2" [spikingformer_official.cpp:1237->spikingformer_official.cpp:2447]   --->   Operation 104 'trunc' 'trunc_ln1237_2' <Predicate = (!icmp_ln1229)> <Delay = 0.00>
ST_2 : Operation 105 [1/1] (0.00ns) (grouped into LUT with out node add_ln1237_1)   --->   "%shl_ln1237_1 = shl i4 %v505_mid2, i4 1" [spikingformer_official.cpp:1237->spikingformer_official.cpp:2447]   --->   Operation 105 'shl' 'shl_ln1237_1' <Predicate = (!icmp_ln1229)> <Delay = 0.00>
ST_2 : Operation 106 [1/1] (0.00ns) (grouped into LUT with out node add_ln1237_1)   --->   "%zext_ln1237_1 = zext i4 %shl_ln1237_1" [spikingformer_official.cpp:1237->spikingformer_official.cpp:2447]   --->   Operation 106 'zext' 'zext_ln1237_1' <Predicate = (!icmp_ln1229)> <Delay = 0.00>
ST_2 : Operation 107 [1/1] (0.79ns) (out node of the LUT)   --->   "%add_ln1237_1 = add i5 %zext_ln1237_1, i5 %zext_ln1231" [spikingformer_official.cpp:1237->spikingformer_official.cpp:2447]   --->   Operation 107 'add' 'add_ln1237_1' <Predicate = (!icmp_ln1229)> <Delay = 0.79> <CoreInst = "Adder">   --->   Core 1 'Adder' <Latency = 0> <II = 1> <Delay = 0.79> <FuncUnit> <Opcode : 'add' 'sub'> <InPorts = 2> <OutPorts = 1>
ST_2 : Operation 108 [1/1] (0.00ns)   --->   "%shl_ln1237_2 = bitconcatenate i7 @_ssdm_op_BitConcatenate.i7.i5.i2, i5 %add_ln1237_1, i2 0" [spikingformer_official.cpp:1237->spikingformer_official.cpp:2447]   --->   Operation 108 'bitconcatenate' 'shl_ln1237_2' <Predicate = (!icmp_ln1229)> <Delay = 0.00>
ST_2 : Operation 109 [1/1] (0.00ns)   --->   "%zext_ln1237_2 = zext i7 %shl_ln1237_2" [spikingformer_official.cpp:1237->spikingformer_official.cpp:2447]   --->   Operation 109 'zext' 'zext_ln1237_2' <Predicate = (!icmp_ln1229)> <Delay = 0.00>
ST_2 : Operation 110 [1/1] (0.00ns) (grouped into TernaryAdder)   --->   "%add_ln1237_2 = add i64 %zext_ln1238, i64 %v1159_read" [spikingformer_official.cpp:1237->spikingformer_official.cpp:2447]   --->   Operation 110 'add' 'add_ln1237_2' <Predicate = (!icmp_ln1229)> <Delay = 0.00> <CoreInst = "TAddSub">   --->   Core 10 'TAddSub' <Latency = 0> <II = 1> <Delay = 0.40> <IPBlock> <Opcode : 'add' 'sub'> <InPorts = 3> <OutPorts = 1> <Sync> <CReg>
ST_2 : Operation 111 [1/1] (0.91ns) (root node of TernaryAdder)   --->   "%add_ln1237_3 = add i11 %add_ln1238_2, i11 %zext_ln1237_2" [spikingformer_official.cpp:1237->spikingformer_official.cpp:2447]   --->   Operation 111 'add' 'add_ln1237_3' <Predicate = (!icmp_ln1229)> <Delay = 0.91> <CoreInst = "TAddSub">   --->   Core 10 'TAddSub' <Latency = 0> <II = 1> <Delay = 0.40> <IPBlock> <Opcode : 'add' 'sub'> <InPorts = 3> <OutPorts = 1> <Sync> <CReg>
ST_2 : Operation 112 [1/1] (0.00ns)   --->   "%zext_ln1237_3 = zext i11 %add_ln1237_3" [spikingformer_official.cpp:1237->spikingformer_official.cpp:2447]   --->   Operation 112 'zext' 'zext_ln1237_3' <Predicate = (!icmp_ln1229)> <Delay = 0.00>
ST_2 : Operation 113 [1/1] (0.81ns) (root node of TernaryAdder)   --->   "%add_ln1237_4 = add i64 %zext_ln1237_3, i64 %add_ln1237_2" [spikingformer_official.cpp:1237->spikingformer_official.cpp:2447]   --->   Operation 113 'add' 'add_ln1237_4' <Predicate = (!icmp_ln1229)> <Delay = 0.81> <CoreInst = "TAddSub">   --->   Core 10 'TAddSub' <Latency = 0> <II = 1> <Delay = 0.40> <IPBlock> <Opcode : 'add' 'sub'> <InPorts = 3> <OutPorts = 1> <Sync> <CReg>
ST_2 : Operation 114 [1/1] (0.00ns)   --->   "%trunc_ln1237_1 = partselect i62 @_ssdm_op_PartSelect.i62.i64.i32.i32, i64 %add_ln1237_4, i32 2, i32 63" [spikingformer_official.cpp:1237->spikingformer_official.cpp:2447]   --->   Operation 114 'partselect' 'trunc_ln1237_1' <Predicate = (!icmp_ln1229)> <Delay = 0.00>
ST_2 : Operation 115 [1/1] (0.00ns)   --->   "%sext_ln1237 = sext i62 %trunc_ln1237_1" [spikingformer_official.cpp:1237->spikingformer_official.cpp:2447]   --->   Operation 115 'sext' 'sext_ln1237' <Predicate = (!icmp_ln1229)> <Delay = 0.00>
ST_2 : Operation 116 [1/1] (0.00ns)   --->   "%g0_addr = getelementptr i32 %g0, i64 %sext_ln1237" [spikingformer_official.cpp:1237->spikingformer_official.cpp:2447]   --->   Operation 116 'getelementptr' 'g0_addr' <Predicate = (!icmp_ln1229)> <Delay = 0.00>
ST_2 : Operation 117 [1/1] (0.79ns)   --->   "%add_ln1233 = add i4 %v505_mid2, i4 1" [spikingformer_official.cpp:1233->spikingformer_official.cpp:2447]   --->   Operation 117 'add' 'add_ln1233' <Predicate = (!icmp_ln1229)> <Delay = 0.79> <CoreInst = "Adder">   --->   Core 1 'Adder' <Latency = 0> <II = 1> <Delay = 0.79> <FuncUnit> <Opcode : 'add' 'sub'> <InPorts = 2> <OutPorts = 1>
ST_2 : Operation 118 [1/1] (0.76ns)   --->   "%add_ln1232_1 = add i8 %indvar_flatten13824_load, i8 1" [spikingformer_official.cpp:1232->spikingformer_official.cpp:2447]   --->   Operation 118 'add' 'add_ln1232_1' <Predicate = (!icmp_ln1229)> <Delay = 0.76> <CoreInst = "Adder">   --->   Core 1 'Adder' <Latency = 0> <II = 1> <Delay = 0.76> <FuncUnit> <Opcode : 'add' 'sub'> <InPorts = 2> <OutPorts = 1>
ST_2 : Operation 119 [1/1] (0.39ns)   --->   "%select_ln1232_1 = select i1 %empty_118, i8 1, i8 %add_ln1232_1" [spikingformer_official.cpp:1232->spikingformer_official.cpp:2447]   --->   Operation 119 'select' 'select_ln1232_1' <Predicate = (!icmp_ln1229)> <Delay = 0.39> <CoreInst = "Sel">   --->   Core 73 'Sel' <Latency = 0> <II = 1> <Delay = 0.39> <FuncUnit> <Opcode : 'select'> <InPorts = 3> <OutPorts = 1>
ST_2 : Operation 120 [1/1] (0.85ns)   --->   "%add_ln1231_1 = add i16 %indvar_flatten13837_load, i16 1" [spikingformer_official.cpp:1231->spikingformer_official.cpp:2447]   --->   Operation 120 'add' 'add_ln1231_1' <Predicate = (!icmp_ln1229)> <Delay = 0.85> <CoreInst = "Adder">   --->   Core 1 'Adder' <Latency = 0> <II = 1> <Delay = 0.85> <FuncUnit> <Opcode : 'add' 'sub'> <InPorts = 2> <OutPorts = 1>
ST_2 : Operation 121 [1/1] (0.35ns)   --->   "%select_ln1231_1 = select i1 %empty, i16 1, i16 %add_ln1231_1" [spikingformer_official.cpp:1231->spikingformer_official.cpp:2447]   --->   Operation 121 'select' 'select_ln1231_1' <Predicate = (!icmp_ln1229)> <Delay = 0.35> <CoreInst = "Sel">   --->   Core 73 'Sel' <Latency = 0> <II = 1> <Delay = 0.35> <FuncUnit> <Opcode : 'select'> <InPorts = 3> <OutPorts = 1>
ST_2 : Operation 122 [1/1] (0.86ns)   --->   "%add_ln1230_1 = add i17 %indvar_flatten13860_load, i17 1" [spikingformer_official.cpp:1230->spikingformer_official.cpp:2447]   --->   Operation 122 'add' 'add_ln1230_1' <Predicate = (!icmp_ln1229)> <Delay = 0.86> <CoreInst = "Adder">   --->   Core 1 'Adder' <Latency = 0> <II = 1> <Delay = 0.86> <FuncUnit> <Opcode : 'add' 'sub'> <InPorts = 2> <OutPorts = 1>
ST_2 : Operation 123 [1/1] (0.35ns)   --->   "%select_ln1230_1 = select i1 %icmp_ln1230, i17 1, i17 %add_ln1230_1" [spikingformer_official.cpp:1230->spikingformer_official.cpp:2447]   --->   Operation 123 'select' 'select_ln1230_1' <Predicate = (!icmp_ln1229)> <Delay = 0.35> <CoreInst = "Sel">   --->   Core 73 'Sel' <Latency = 0> <II = 1> <Delay = 0.35> <FuncUnit> <Opcode : 'select'> <InPorts = 3> <OutPorts = 1>
ST_2 : Operation 124 [1/1] (0.42ns)   --->   "%store_ln1229 = store i18 %add_ln1229_1, i18 %indvar_flatten13893" [spikingformer_official.cpp:1229->spikingformer_official.cpp:2447]   --->   Operation 124 'store' 'store_ln1229' <Predicate = (!icmp_ln1229)> <Delay = 0.42>
ST_2 : Operation 125 [1/1] (0.42ns)   --->   "%store_ln1229 = store i2 %select_ln1229_1, i2 %v501" [spikingformer_official.cpp:1229->spikingformer_official.cpp:2447]   --->   Operation 125 'store' 'store_ln1229' <Predicate = (!icmp_ln1229)> <Delay = 0.42>
ST_2 : Operation 126 [1/1] (0.42ns)   --->   "%store_ln1230 = store i17 %select_ln1230_1, i17 %indvar_flatten13860" [spikingformer_official.cpp:1230->spikingformer_official.cpp:2447]   --->   Operation 126 'store' 'store_ln1230' <Predicate = (!icmp_ln1229)> <Delay = 0.42>
ST_2 : Operation 127 [1/1] (0.42ns)   --->   "%store_ln1230 = store i2 %select_ln1230, i2 %v502" [spikingformer_official.cpp:1230->spikingformer_official.cpp:2447]   --->   Operation 127 'store' 'store_ln1230' <Predicate = (!icmp_ln1229)> <Delay = 0.42>
ST_2 : Operation 128 [1/1] (0.42ns)   --->   "%store_ln1231 = store i16 %select_ln1231_1, i16 %indvar_flatten13837" [spikingformer_official.cpp:1231->spikingformer_official.cpp:2447]   --->   Operation 128 'store' 'store_ln1231' <Predicate = (!icmp_ln1229)> <Delay = 0.42>
ST_2 : Operation 129 [1/1] (0.42ns)   --->   "%store_ln1231 = store i9 %select_ln1231, i9 %v503" [spikingformer_official.cpp:1231->spikingformer_official.cpp:2447]   --->   Operation 129 'store' 'store_ln1231' <Predicate = (!icmp_ln1229)> <Delay = 0.42>
ST_2 : Operation 130 [1/1] (0.42ns)   --->   "%store_ln1232 = store i8 %select_ln1232_1, i8 %indvar_flatten13824" [spikingformer_official.cpp:1232->spikingformer_official.cpp:2447]   --->   Operation 130 'store' 'store_ln1232' <Predicate = (!icmp_ln1229)> <Delay = 0.42>
ST_2 : Operation 131 [1/1] (0.42ns)   --->   "%store_ln1232 = store i4 %select_ln1232, i4 %v504" [spikingformer_official.cpp:1232->spikingformer_official.cpp:2447]   --->   Operation 131 'store' 'store_ln1232' <Predicate = (!icmp_ln1229)> <Delay = 0.42>
ST_2 : Operation 132 [1/1] (0.42ns)   --->   "%store_ln1233 = store i4 %add_ln1233, i4 %v505" [spikingformer_official.cpp:1233->spikingformer_official.cpp:2447]   --->   Operation 132 'store' 'store_ln1233' <Predicate = (!icmp_ln1229)> <Delay = 0.42>

State 3 <SV = 2> <Delay = 0.81>
ST_3 : Operation 133 [1/1] (0.00ns)   --->   "%shl_ln = bitconcatenate i17 @_ssdm_op_BitConcatenate.i17.i9.i8, i9 %select_ln1231, i8 0" [spikingformer_official.cpp:1238->spikingformer_official.cpp:2447]   --->   Operation 133 'bitconcatenate' 'shl_ln' <Predicate = (!icmp_ln1229)> <Delay = 0.00>
ST_3 : Operation 134 [1/1] (0.00ns)   --->   "%zext_ln1232 = zext i17 %shl_ln" [spikingformer_official.cpp:1232->spikingformer_official.cpp:2447]   --->   Operation 134 'zext' 'zext_ln1232' <Predicate = (!icmp_ln1229)> <Delay = 0.00>
ST_3 : Operation 135 [8/8] (7.30ns)   --->   "%g0_load_93_req = readreq i1 @_ssdm_op_ReadReq.m_axi.i32P1A, i32 %g0_addr, i64 1" [spikingformer_official.cpp:1237->spikingformer_official.cpp:2447]   --->   Operation 135 'readreq' 'g0_load_93_req' <Predicate = (!icmp_ln1229)> <Delay = 7.30> <CoreInst = "m_axi">   --->   Core 119 'm_axi' <Latency = 6> <II = 1> <Delay = 1.00> <Adapter> <Opcode : 'readrequnaligned' 'writerequnaligned' 'read' 'write' 'readreq' 'writereq' 'writeresp'>
ST_3 : Operation 136 [1/1] (0.00ns) (grouped into TernaryAdder)   --->   "%add_ln1238 = add i64 %zext_ln1232, i64 %v958_read" [spikingformer_official.cpp:1238->spikingformer_official.cpp:2447]   --->   Operation 136 'add' 'add_ln1238' <Predicate = (!icmp_ln1229)> <Delay = 0.00> <CoreInst = "TAddSub">   --->   Core 10 'TAddSub' <Latency = 0> <II = 1> <Delay = 0.40> <IPBlock> <Opcode : 'add' 'sub'> <InPorts = 3> <OutPorts = 1> <Sync> <CReg>
ST_3 : Operation 137 [1/1] (0.00ns)   --->   "%tmp43 = bitconcatenate i8 @_ssdm_op_BitConcatenate.i8.i3.i3.i2, i3 %trunc_ln1237, i3 %trunc_ln1237_2, i2 0" [spikingformer_official.cpp:1238->spikingformer_official.cpp:2447]   --->   Operation 137 'bitconcatenate' 'tmp43' <Predicate = (!icmp_ln1229)> <Delay = 0.00>
ST_3 : Operation 138 [1/1] (0.00ns)   --->   "%zext_ln1238_2 = zext i8 %tmp43" [spikingformer_official.cpp:1238->spikingformer_official.cpp:2447]   --->   Operation 138 'zext' 'zext_ln1238_2' <Predicate = (!icmp_ln1229)> <Delay = 0.00>
ST_3 : Operation 139 [1/1] (0.81ns) (root node of TernaryAdder)   --->   "%add_ln1238_1 = add i64 %zext_ln1238_2, i64 %add_ln1238" [spikingformer_official.cpp:1238->spikingformer_official.cpp:2447]   --->   Operation 139 'add' 'add_ln1238_1' <Predicate = (!icmp_ln1229)> <Delay = 0.81> <CoreInst = "TAddSub">   --->   Core 10 'TAddSub' <Latency = 0> <II = 1> <Delay = 0.40> <IPBlock> <Opcode : 'add' 'sub'> <InPorts = 3> <OutPorts = 1> <Sync> <CReg>
ST_3 : Operation 140 [1/1] (0.00ns)   --->   "%trunc_ln = partselect i62 @_ssdm_op_PartSelect.i62.i64.i32.i32, i64 %add_ln1238_1, i32 2, i32 63" [spikingformer_official.cpp:1238->spikingformer_official.cpp:2447]   --->   Operation 140 'partselect' 'trunc_ln' <Predicate = (!icmp_ln1229)> <Delay = 0.00>
ST_3 : Operation 141 [1/1] (0.00ns)   --->   "%sext_ln1238 = sext i62 %trunc_ln" [spikingformer_official.cpp:1238->spikingformer_official.cpp:2447]   --->   Operation 141 'sext' 'sext_ln1238' <Predicate = (!icmp_ln1229)> <Delay = 0.00>
ST_3 : Operation 142 [1/1] (0.00ns)   --->   "%g0_addr_140 = getelementptr i32 %g0, i64 %sext_ln1238" [spikingformer_official.cpp:1238->spikingformer_official.cpp:2447]   --->   Operation 142 'getelementptr' 'g0_addr_140' <Predicate = (!icmp_ln1229)> <Delay = 0.00>

State 4 <SV = 3> <Delay = 0.00>
ST_4 : Operation 143 [7/8] (7.30ns)   --->   "%g0_load_93_req = readreq i1 @_ssdm_op_ReadReq.m_axi.i32P1A, i32 %g0_addr, i64 1" [spikingformer_official.cpp:1237->spikingformer_official.cpp:2447]   --->   Operation 143 'readreq' 'g0_load_93_req' <Predicate = true> <Delay = 7.30> <CoreInst = "m_axi">   --->   Core 119 'm_axi' <Latency = 6> <II = 1> <Delay = 1.00> <Adapter> <Opcode : 'readrequnaligned' 'writerequnaligned' 'read' 'write' 'readreq' 'writereq' 'writeresp'>
ST_4 : Operation 144 [8/8] (7.30ns)   --->   "%g0_load_94_req = readreq i1 @_ssdm_op_ReadReq.m_axi.i32P1A, i32 %g0_addr_140, i64 1" [spikingformer_official.cpp:1238->spikingformer_official.cpp:2447]   --->   Operation 144 'readreq' 'g0_load_94_req' <Predicate = true> <Delay = 7.30> <CoreInst = "m_axi">   --->   Core 119 'm_axi' <Latency = 6> <II = 1> <Delay = 1.00> <Adapter> <Opcode : 'readrequnaligned' 'writerequnaligned' 'read' 'write' 'readreq' 'writereq' 'writeresp'>

State 5 <SV = 4> <Delay = 0.00>
ST_5 : Operation 145 [6/8] (7.30ns)   --->   "%g0_load_93_req = readreq i1 @_ssdm_op_ReadReq.m_axi.i32P1A, i32 %g0_addr, i64 1" [spikingformer_official.cpp:1237->spikingformer_official.cpp:2447]   --->   Operation 145 'readreq' 'g0_load_93_req' <Predicate = true> <Delay = 7.30> <CoreInst = "m_axi">   --->   Core 119 'm_axi' <Latency = 6> <II = 1> <Delay = 1.00> <Adapter> <Opcode : 'readrequnaligned' 'writerequnaligned' 'read' 'write' 'readreq' 'writereq' 'writeresp'>
ST_5 : Operation 146 [7/8] (7.30ns)   --->   "%g0_load_94_req = readreq i1 @_ssdm_op_ReadReq.m_axi.i32P1A, i32 %g0_addr_140, i64 1" [spikingformer_official.cpp:1238->spikingformer_official.cpp:2447]   --->   Operation 146 'readreq' 'g0_load_94_req' <Predicate = true> <Delay = 7.30> <CoreInst = "m_axi">   --->   Core 119 'm_axi' <Latency = 6> <II = 1> <Delay = 1.00> <Adapter> <Opcode : 'readrequnaligned' 'writerequnaligned' 'read' 'write' 'readreq' 'writereq' 'writeresp'>

State 6 <SV = 5> <Delay = 0.00>
ST_6 : Operation 147 [5/8] (7.30ns)   --->   "%g0_load_93_req = readreq i1 @_ssdm_op_ReadReq.m_axi.i32P1A, i32 %g0_addr, i64 1" [spikingformer_official.cpp:1237->spikingformer_official.cpp:2447]   --->   Operation 147 'readreq' 'g0_load_93_req' <Predicate = true> <Delay = 7.30> <CoreInst = "m_axi">   --->   Core 119 'm_axi' <Latency = 6> <II = 1> <Delay = 1.00> <Adapter> <Opcode : 'readrequnaligned' 'writerequnaligned' 'read' 'write' 'readreq' 'writereq' 'writeresp'>
ST_6 : Operation 148 [6/8] (7.30ns)   --->   "%g0_load_94_req = readreq i1 @_ssdm_op_ReadReq.m_axi.i32P1A, i32 %g0_addr_140, i64 1" [spikingformer_official.cpp:1238->spikingformer_official.cpp:2447]   --->   Operation 148 'readreq' 'g0_load_94_req' <Predicate = true> <Delay = 7.30> <CoreInst = "m_axi">   --->   Core 119 'm_axi' <Latency = 6> <II = 1> <Delay = 1.00> <Adapter> <Opcode : 'readrequnaligned' 'writerequnaligned' 'read' 'write' 'readreq' 'writereq' 'writeresp'>

State 7 <SV = 6> <Delay = 0.00>
ST_7 : Operation 149 [4/8] (7.30ns)   --->   "%g0_load_93_req = readreq i1 @_ssdm_op_ReadReq.m_axi.i32P1A, i32 %g0_addr, i64 1" [spikingformer_official.cpp:1237->spikingformer_official.cpp:2447]   --->   Operation 149 'readreq' 'g0_load_93_req' <Predicate = true> <Delay = 7.30> <CoreInst = "m_axi">   --->   Core 119 'm_axi' <Latency = 6> <II = 1> <Delay = 1.00> <Adapter> <Opcode : 'readrequnaligned' 'writerequnaligned' 'read' 'write' 'readreq' 'writereq' 'writeresp'>
ST_7 : Operation 150 [5/8] (7.30ns)   --->   "%g0_load_94_req = readreq i1 @_ssdm_op_ReadReq.m_axi.i32P1A, i32 %g0_addr_140, i64 1" [spikingformer_official.cpp:1238->spikingformer_official.cpp:2447]   --->   Operation 150 'readreq' 'g0_load_94_req' <Predicate = true> <Delay = 7.30> <CoreInst = "m_axi">   --->   Core 119 'm_axi' <Latency = 6> <II = 1> <Delay = 1.00> <Adapter> <Opcode : 'readrequnaligned' 'writerequnaligned' 'read' 'write' 'readreq' 'writereq' 'writeresp'>

State 8 <SV = 7> <Delay = 0.00>
ST_8 : Operation 151 [3/8] (7.30ns)   --->   "%g0_load_93_req = readreq i1 @_ssdm_op_ReadReq.m_axi.i32P1A, i32 %g0_addr, i64 1" [spikingformer_official.cpp:1237->spikingformer_official.cpp:2447]   --->   Operation 151 'readreq' 'g0_load_93_req' <Predicate = true> <Delay = 7.30> <CoreInst = "m_axi">   --->   Core 119 'm_axi' <Latency = 6> <II = 1> <Delay = 1.00> <Adapter> <Opcode : 'readrequnaligned' 'writerequnaligned' 'read' 'write' 'readreq' 'writereq' 'writeresp'>
ST_8 : Operation 152 [4/8] (7.30ns)   --->   "%g0_load_94_req = readreq i1 @_ssdm_op_ReadReq.m_axi.i32P1A, i32 %g0_addr_140, i64 1" [spikingformer_official.cpp:1238->spikingformer_official.cpp:2447]   --->   Operation 152 'readreq' 'g0_load_94_req' <Predicate = true> <Delay = 7.30> <CoreInst = "m_axi">   --->   Core 119 'm_axi' <Latency = 6> <II = 1> <Delay = 1.00> <Adapter> <Opcode : 'readrequnaligned' 'writerequnaligned' 'read' 'write' 'readreq' 'writereq' 'writeresp'>

State 9 <SV = 8> <Delay = 0.00>
ST_9 : Operation 153 [2/8] (7.30ns)   --->   "%g0_load_93_req = readreq i1 @_ssdm_op_ReadReq.m_axi.i32P1A, i32 %g0_addr, i64 1" [spikingformer_official.cpp:1237->spikingformer_official.cpp:2447]   --->   Operation 153 'readreq' 'g0_load_93_req' <Predicate = true> <Delay = 7.30> <CoreInst = "m_axi">   --->   Core 119 'm_axi' <Latency = 6> <II = 1> <Delay = 1.00> <Adapter> <Opcode : 'readrequnaligned' 'writerequnaligned' 'read' 'write' 'readreq' 'writereq' 'writeresp'>
ST_9 : Operation 154 [3/8] (7.30ns)   --->   "%g0_load_94_req = readreq i1 @_ssdm_op_ReadReq.m_axi.i32P1A, i32 %g0_addr_140, i64 1" [spikingformer_official.cpp:1238->spikingformer_official.cpp:2447]   --->   Operation 154 'readreq' 'g0_load_94_req' <Predicate = true> <Delay = 7.30> <CoreInst = "m_axi">   --->   Core 119 'm_axi' <Latency = 6> <II = 1> <Delay = 1.00> <Adapter> <Opcode : 'readrequnaligned' 'writerequnaligned' 'read' 'write' 'readreq' 'writereq' 'writeresp'>

State 10 <SV = 9> <Delay = 7.30>
ST_10 : Operation 155 [1/8] ( I:7.30ns O:7.30ns )   --->   "%g0_load_93_req = readreq i1 @_ssdm_op_ReadReq.m_axi.i32P1A, i32 %g0_addr, i64 1" [spikingformer_official.cpp:1237->spikingformer_official.cpp:2447]   --->   Operation 155 'readreq' 'g0_load_93_req' <Predicate = true> <Delay = 7.30> <CoreInst = "m_axi">   --->   Core 119 'm_axi' <Latency = 6> <II = 1> <Delay = 1.00> <Adapter> <Opcode : 'readrequnaligned' 'writerequnaligned' 'read' 'write' 'readreq' 'writereq' 'writeresp'>
ST_10 : Operation 156 [2/8] (7.30ns)   --->   "%g0_load_94_req = readreq i1 @_ssdm_op_ReadReq.m_axi.i32P1A, i32 %g0_addr_140, i64 1" [spikingformer_official.cpp:1238->spikingformer_official.cpp:2447]   --->   Operation 156 'readreq' 'g0_load_94_req' <Predicate = true> <Delay = 7.30> <CoreInst = "m_axi">   --->   Core 119 'm_axi' <Latency = 6> <II = 1> <Delay = 1.00> <Adapter> <Opcode : 'readrequnaligned' 'writerequnaligned' 'read' 'write' 'readreq' 'writereq' 'writeresp'>

State 11 <SV = 10> <Delay = 7.30>
ST_11 : Operation 157 [1/1] ( I:7.30ns O:7.30ns )   --->   "%g0_addr_read = read i32 @_ssdm_op_Read.m_axi.i32P1A, i32 %g0_addr" [spikingformer_official.cpp:1237->spikingformer_official.cpp:2447]   --->   Operation 157 'read' 'g0_addr_read' <Predicate = true> <Delay = 7.30> <CoreInst = "m_axi">   --->   Core 119 'm_axi' <Latency = 3> <II = 1> <Delay = 1.00> <Adapter> <Opcode : 'readrequnaligned' 'writerequnaligned' 'read' 'write' 'readreq' 'writereq' 'writeresp'>
ST_11 : Operation 158 [1/8] ( I:7.30ns O:7.30ns )   --->   "%g0_load_94_req = readreq i1 @_ssdm_op_ReadReq.m_axi.i32P1A, i32 %g0_addr_140, i64 1" [spikingformer_official.cpp:1238->spikingformer_official.cpp:2447]   --->   Operation 158 'readreq' 'g0_load_94_req' <Predicate = true> <Delay = 7.30> <CoreInst = "m_axi">   --->   Core 119 'm_axi' <Latency = 6> <II = 1> <Delay = 1.00> <Adapter> <Opcode : 'readrequnaligned' 'writerequnaligned' 'read' 'write' 'readreq' 'writereq' 'writeresp'>
ST_11 : Operation 159 [1/1] (0.00ns)   --->   "%tmp_25 = partselect i8 @_ssdm_op_PartSelect.i8.i32.i32.i32, i32 %g0_addr_read, i32 23, i32 30" [/data/YellowSmile/AMD/2025.2/Vitis/tps/lnx64/gcc-8.3.0/lib/gcc/x86_64-pc-linux-gnu/8.3.0/../../../../include/c++/8.3.0/bits/stl_algobase.h:224->spikingformer_official.cpp:1239->spikingformer_official.cpp:2447]   --->   Operation 159 'partselect' 'tmp_25' <Predicate = true> <Delay = 0.00>
ST_11 : Operation 160 [1/1] (0.00ns)   --->   "%trunc_ln224_2 = trunc i32 %g0_addr_read" [/data/YellowSmile/AMD/2025.2/Vitis/tps/lnx64/gcc-8.3.0/lib/gcc/x86_64-pc-linux-gnu/8.3.0/../../../../include/c++/8.3.0/bits/stl_algobase.h:224->spikingformer_official.cpp:1239->spikingformer_official.cpp:2447]   --->   Operation 160 'trunc' 'trunc_ln224_2' <Predicate = true> <Delay = 0.00>

State 12 <SV = 11> <Delay = 7.30>
ST_12 : Operation 161 [1/1] ( I:7.30ns O:7.30ns )   --->   "%g0_addr_140_read = read i32 @_ssdm_op_Read.m_axi.i32P1A, i32 %g0_addr_140" [spikingformer_official.cpp:1238->spikingformer_official.cpp:2447]   --->   Operation 161 'read' 'g0_addr_140_read' <Predicate = true> <Delay = 7.30> <CoreInst = "m_axi">   --->   Core 119 'm_axi' <Latency = 3> <II = 1> <Delay = 1.00> <Adapter> <Opcode : 'readrequnaligned' 'writerequnaligned' 'read' 'write' 'readreq' 'writereq' 'writeresp'>
ST_12 : Operation 162 [1/1] (0.00ns)   --->   "%tmp_s = partselect i8 @_ssdm_op_PartSelect.i8.i32.i32.i32, i32 %g0_addr_140_read, i32 23, i32 30" [/data/YellowSmile/AMD/2025.2/Vitis/tps/lnx64/gcc-8.3.0/lib/gcc/x86_64-pc-linux-gnu/8.3.0/../../../../include/c++/8.3.0/bits/stl_algobase.h:224->spikingformer_official.cpp:1239->spikingformer_official.cpp:2447]   --->   Operation 162 'partselect' 'tmp_s' <Predicate = true> <Delay = 0.00>
ST_12 : Operation 163 [1/1] (0.00ns)   --->   "%trunc_ln224 = trunc i32 %g0_addr_140_read" [/data/YellowSmile/AMD/2025.2/Vitis/tps/lnx64/gcc-8.3.0/lib/gcc/x86_64-pc-linux-gnu/8.3.0/../../../../include/c++/8.3.0/bits/stl_algobase.h:224->spikingformer_official.cpp:1239->spikingformer_official.cpp:2447]   --->   Operation 163 'trunc' 'trunc_ln224' <Predicate = true> <Delay = 0.00>
ST_12 : Operation 164 [1/1] (0.76ns)   --->   "%icmp_ln224_5 = icmp_ne  i8 %tmp_25, i8 255" [/data/YellowSmile/AMD/2025.2/Vitis/tps/lnx64/gcc-8.3.0/lib/gcc/x86_64-pc-linux-gnu/8.3.0/../../../../include/c++/8.3.0/bits/stl_algobase.h:224->spikingformer_official.cpp:1239->spikingformer_official.cpp:2447]   --->   Operation 164 'icmp' 'icmp_ln224_5' <Predicate = true> <Delay = 0.76> <CoreInst = "Cmp">   --->   Core 9 'Cmp' <Latency = 0> <II = 1> <Delay = 0.76> <FuncUnit> <Opcode : 'seteq' 'setne' 'setle' 'setge' 'setlt' 'setgt'> <InPorts = 2> <OutPorts = 1>
ST_12 : Operation 165 [1/1] (0.92ns)   --->   "%icmp_ln224_6 = icmp_eq  i23 %trunc_ln224_2, i23 0" [/data/YellowSmile/AMD/2025.2/Vitis/tps/lnx64/gcc-8.3.0/lib/gcc/x86_64-pc-linux-gnu/8.3.0/../../../../include/c++/8.3.0/bits/stl_algobase.h:224->spikingformer_official.cpp:1239->spikingformer_official.cpp:2447]   --->   Operation 165 'icmp' 'icmp_ln224_6' <Predicate = true> <Delay = 0.92> <CoreInst = "Cmp">   --->   Core 9 'Cmp' <Latency = 0> <II = 1> <Delay = 0.92> <FuncUnit> <Opcode : 'seteq' 'setne' 'setle' 'setge' 'setlt' 'setgt'> <InPorts = 2> <OutPorts = 1>

State 13 <SV = 12> <Delay = 2.78>
ST_13 : Operation 166 [1/1] (0.00ns)   --->   "%v506 = bitcast i32 %g0_addr_read" [spikingformer_official.cpp:1237->spikingformer_official.cpp:2447]   --->   Operation 166 'bitcast' 'v506' <Predicate = true> <Delay = 0.00>
ST_13 : Operation 167 [1/1] (0.00ns)   --->   "%v507 = bitcast i32 %g0_addr_140_read" [spikingformer_official.cpp:1238->spikingformer_official.cpp:2447]   --->   Operation 167 'bitcast' 'v507' <Predicate = true> <Delay = 0.00>
ST_13 : Operation 168 [1/1] (0.76ns)   --->   "%icmp_ln224 = icmp_ne  i8 %tmp_s, i8 255" [/data/YellowSmile/AMD/2025.2/Vitis/tps/lnx64/gcc-8.3.0/lib/gcc/x86_64-pc-linux-gnu/8.3.0/../../../../include/c++/8.3.0/bits/stl_algobase.h:224->spikingformer_official.cpp:1239->spikingformer_official.cpp:2447]   --->   Operation 168 'icmp' 'icmp_ln224' <Predicate = true> <Delay = 0.76> <CoreInst = "Cmp">   --->   Core 9 'Cmp' <Latency = 0> <II = 1> <Delay = 0.76> <FuncUnit> <Opcode : 'seteq' 'setne' 'setle' 'setge' 'setlt' 'setgt'> <InPorts = 2> <OutPorts = 1>
ST_13 : Operation 169 [1/1] (0.92ns)   --->   "%icmp_ln224_4 = icmp_eq  i23 %trunc_ln224, i23 0" [/data/YellowSmile/AMD/2025.2/Vitis/tps/lnx64/gcc-8.3.0/lib/gcc/x86_64-pc-linux-gnu/8.3.0/../../../../include/c++/8.3.0/bits/stl_algobase.h:224->spikingformer_official.cpp:1239->spikingformer_official.cpp:2447]   --->   Operation 169 'icmp' 'icmp_ln224_4' <Predicate = true> <Delay = 0.92> <CoreInst = "Cmp">   --->   Core 9 'Cmp' <Latency = 0> <II = 1> <Delay = 0.92> <FuncUnit> <Opcode : 'seteq' 'setne' 'setle' 'setge' 'setlt' 'setgt'> <InPorts = 2> <OutPorts = 1>
ST_13 : Operation 170 [2/2] (2.78ns)   --->   "%tmp_26 = fcmp_olt  i32 %v507, i32 %v506" [/data/YellowSmile/AMD/2025.2/Vitis/tps/lnx64/gcc-8.3.0/lib/gcc/x86_64-pc-linux-gnu/8.3.0/../../../../include/c++/8.3.0/bits/stl_algobase.h:224->spikingformer_official.cpp:1239->spikingformer_official.cpp:2447]   --->   Operation 170 'fcmp' 'tmp_26' <Predicate = true> <Delay = 2.78> <CoreInst = "FCompare">   --->   Core 19 'FCompare' <Latency = 1> <II = 1> <Delay = 2.78> <FuncUnit> <Opcode : 'fcmp'> <InPorts = 2> <OutPorts = 1>

State 14 <SV = 13> <Delay = 7.30>
ST_14 : Operation 171 [1/1] (0.00ns) (grouped into LUT with out node and_ln224_2)   --->   "%or_ln224 = or i1 %icmp_ln224_4, i1 %icmp_ln224" [/data/YellowSmile/AMD/2025.2/Vitis/tps/lnx64/gcc-8.3.0/lib/gcc/x86_64-pc-linux-gnu/8.3.0/../../../../include/c++/8.3.0/bits/stl_algobase.h:224->spikingformer_official.cpp:1239->spikingformer_official.cpp:2447]   --->   Operation 171 'or' 'or_ln224' <Predicate = true> <Delay = 0.00> <CoreInst = "LogicGate">   --->   Core 74 'LogicGate' <Latency = 0> <II = 1> <Delay = 0.28> <FuncUnit> <Opcode : 'and' 'or' 'xor'> <InPorts = 2> <OutPorts = 1>
ST_14 : Operation 172 [1/1] (0.00ns) (grouped into LUT with out node and_ln224_2)   --->   "%or_ln224_2 = or i1 %icmp_ln224_6, i1 %icmp_ln224_5" [/data/YellowSmile/AMD/2025.2/Vitis/tps/lnx64/gcc-8.3.0/lib/gcc/x86_64-pc-linux-gnu/8.3.0/../../../../include/c++/8.3.0/bits/stl_algobase.h:224->spikingformer_official.cpp:1239->spikingformer_official.cpp:2447]   --->   Operation 172 'or' 'or_ln224_2' <Predicate = true> <Delay = 0.00> <CoreInst = "LogicGate">   --->   Core 74 'LogicGate' <Latency = 0> <II = 1> <Delay = 0.28> <FuncUnit> <Opcode : 'and' 'or' 'xor'> <InPorts = 2> <OutPorts = 1>
ST_14 : Operation 173 [1/1] (0.00ns) (grouped into LUT with out node and_ln224_2)   --->   "%and_ln224 = and i1 %or_ln224, i1 %or_ln224_2" [/data/YellowSmile/AMD/2025.2/Vitis/tps/lnx64/gcc-8.3.0/lib/gcc/x86_64-pc-linux-gnu/8.3.0/../../../../include/c++/8.3.0/bits/stl_algobase.h:224->spikingformer_official.cpp:1239->spikingformer_official.cpp:2447]   --->   Operation 173 'and' 'and_ln224' <Predicate = true> <Delay = 0.00> <CoreInst = "LogicGate">   --->   Core 74 'LogicGate' <Latency = 0> <II = 1> <Delay = 0.28> <FuncUnit> <Opcode : 'and' 'or' 'xor'> <InPorts = 2> <OutPorts = 1>
ST_14 : Operation 174 [1/2] (2.78ns)   --->   "%tmp_26 = fcmp_olt  i32 %v507, i32 %v506" [/data/YellowSmile/AMD/2025.2/Vitis/tps/lnx64/gcc-8.3.0/lib/gcc/x86_64-pc-linux-gnu/8.3.0/../../../../include/c++/8.3.0/bits/stl_algobase.h:224->spikingformer_official.cpp:1239->spikingformer_official.cpp:2447]   --->   Operation 174 'fcmp' 'tmp_26' <Predicate = true> <Delay = 2.78> <CoreInst = "FCompare">   --->   Core 19 'FCompare' <Latency = 1> <II = 1> <Delay = 2.78> <FuncUnit> <Opcode : 'fcmp'> <InPorts = 2> <OutPorts = 1>
ST_14 : Operation 175 [1/1] (0.28ns) (out node of the LUT)   --->   "%and_ln224_2 = and i1 %and_ln224, i1 %tmp_26" [/data/YellowSmile/AMD/2025.2/Vitis/tps/lnx64/gcc-8.3.0/lib/gcc/x86_64-pc-linux-gnu/8.3.0/../../../../include/c++/8.3.0/bits/stl_algobase.h:224->spikingformer_official.cpp:1239->spikingformer_official.cpp:2447]   --->   Operation 175 'and' 'and_ln224_2' <Predicate = true> <Delay = 0.28> <CoreInst = "LogicGate">   --->   Core 74 'LogicGate' <Latency = 0> <II = 1> <Delay = 0.28> <FuncUnit> <Opcode : 'and' 'or' 'xor'> <InPorts = 2> <OutPorts = 1>
ST_14 : Operation 176 [1/1] (0.44ns) (out node of the LUT)   --->   "%v508 = select i1 %and_ln224_2, i32 %v506, i32 %v507" [spikingformer_official.cpp:1239->spikingformer_official.cpp:2447]   --->   Operation 176 'select' 'v508' <Predicate = true> <Delay = 0.44> <CoreInst = "Sel">   --->   Core 73 'Sel' <Latency = 0> <II = 1> <Delay = 0.44> <FuncUnit> <Opcode : 'select'> <InPorts = 3> <OutPorts = 1>
ST_14 : Operation 177 [1/1] ( I:7.30ns O:7.30ns )   --->   "%g0_addr_232_req = writereq i1 @_ssdm_op_WriteReq.m_axi.i32P1A, i32 %g0_addr_140, i64 1" [spikingformer_official.cpp:1240->spikingformer_official.cpp:2447]   --->   Operation 177 'writereq' 'g0_addr_232_req' <Predicate = true> <Delay = 7.30> <CoreInst = "m_axi">   --->   Core 119 'm_axi' <Latency = 9> <II = 1> <Delay = 1.00> <Adapter> <Opcode : 'readrequnaligned' 'writerequnaligned' 'read' 'write' 'readreq' 'writereq' 'writeresp'>

State 15 <SV = 14> <Delay = 7.30>
ST_15 : Operation 178 [1/1] (0.00ns)   --->   "%bitcast_ln1240 = bitcast i32 %v508" [spikingformer_official.cpp:1240->spikingformer_official.cpp:2447]   --->   Operation 178 'bitcast' 'bitcast_ln1240' <Predicate = true> <Delay = 0.00>
ST_15 : Operation 179 [1/1] ( I:7.30ns O:7.30ns )   --->   "%write_ln1240 = write void @_ssdm_op_Write.m_axi.i32P1A, i32 %g0_addr_140, i32 %bitcast_ln1240, i4 15" [spikingformer_official.cpp:1240->spikingformer_official.cpp:2447]   --->   Operation 179 'write' 'write_ln1240' <Predicate = true> <Delay = 7.30> <CoreInst = "m_axi">   --->   Core 119 'm_axi' <Latency = 5> <II = 1> <Delay = 1.00> <Adapter> <Opcode : 'readrequnaligned' 'writerequnaligned' 'read' 'write' 'readreq' 'writereq' 'writeresp'>

State 16 <SV = 15> <Delay = 0.00>
ST_16 : Operation 180 [5/5] (7.30ns)   --->   "%g0_addr_232_resp = writeresp i1 @_ssdm_op_WriteResp.m_axi.i32P1A, i32 %g0_addr_140" [spikingformer_official.cpp:1240->spikingformer_official.cpp:2447]   --->   Operation 180 'writeresp' 'g0_addr_232_resp' <Predicate = true> <Delay = 7.30> <CoreInst = "m_axi">   --->   Core 119 'm_axi' <Latency = 3> <II = 1> <Delay = 1.00> <Adapter> <Opcode : 'readrequnaligned' 'writerequnaligned' 'read' 'write' 'readreq' 'writereq' 'writeresp'>

State 17 <SV = 16> <Delay = 0.00>
ST_17 : Operation 181 [4/5] (7.30ns)   --->   "%g0_addr_232_resp = writeresp i1 @_ssdm_op_WriteResp.m_axi.i32P1A, i32 %g0_addr_140" [spikingformer_official.cpp:1240->spikingformer_official.cpp:2447]   --->   Operation 181 'writeresp' 'g0_addr_232_resp' <Predicate = true> <Delay = 7.30> <CoreInst = "m_axi">   --->   Core 119 'm_axi' <Latency = 3> <II = 1> <Delay = 1.00> <Adapter> <Opcode : 'readrequnaligned' 'writerequnaligned' 'read' 'write' 'readreq' 'writereq' 'writeresp'>

State 18 <SV = 17> <Delay = 0.42>
ST_18 : Operation 182 [3/5] (7.30ns)   --->   "%g0_addr_232_resp = writeresp i1 @_ssdm_op_WriteResp.m_axi.i32P1A, i32 %g0_addr_140" [spikingformer_official.cpp:1240->spikingformer_official.cpp:2447]   --->   Operation 182 'writeresp' 'g0_addr_232_resp' <Predicate = true> <Delay = 7.30> <CoreInst = "m_axi">   --->   Core 119 'm_axi' <Latency = 3> <II = 1> <Delay = 1.00> <Adapter> <Opcode : 'readrequnaligned' 'writerequnaligned' 'read' 'write' 'readreq' 'writereq' 'writeresp'>
ST_18 : Operation 189 [1/1] (0.42ns)   --->   "%ret_ln0 = ret"   --->   Operation 189 'ret' 'ret_ln0' <Predicate = (icmp_ln1229)> <Delay = 0.42>

State 19 <SV = 18> <Delay = 0.00>
ST_19 : Operation 183 [2/5] (7.30ns)   --->   "%g0_addr_232_resp = writeresp i1 @_ssdm_op_WriteResp.m_axi.i32P1A, i32 %g0_addr_140" [spikingformer_official.cpp:1240->spikingformer_official.cpp:2447]   --->   Operation 183 'writeresp' 'g0_addr_232_resp' <Predicate = true> <Delay = 7.30> <CoreInst = "m_axi">   --->   Core 119 'm_axi' <Latency = 3> <II = 1> <Delay = 1.00> <Adapter> <Opcode : 'readrequnaligned' 'writerequnaligned' 'read' 'write' 'readreq' 'writereq' 'writeresp'>

State 20 <SV = 19> <Delay = 7.30>
ST_20 : Operation 184 [1/1] (0.00ns)   --->   "%specloopname_ln0 = specloopname void @_ssdm_op_SpecLoopName, void @VITIS_LOOP_1229_1_VITIS_LOOP_1230_2_VITIS_LOOP_1231_3_VITIS_LOOP_1232_4_VITIS_LO"   --->   Operation 184 'specloopname' 'specloopname_ln0' <Predicate = true> <Delay = 0.00>
ST_20 : Operation 185 [1/1] (0.00ns)   --->   "%speclooptripcount_ln0 = speclooptripcount void @_ssdm_op_SpecLoopTripCount, i64 221184, i64 221184, i64 221184"   --->   Operation 185 'speclooptripcount' 'speclooptripcount_ln0' <Predicate = true> <Delay = 0.00>
ST_20 : Operation 186 [1/1] (0.00ns)   --->   "%specpipeline_ln1234 = specpipeline void @_ssdm_op_SpecPipeline, i32 1, i32 0, i32 0, i32 0, i32 4294967295, void @empty_35" [spikingformer_official.cpp:1234->spikingformer_official.cpp:2447]   --->   Operation 186 'specpipeline' 'specpipeline_ln1234' <Predicate = true> <Delay = 0.00>
ST_20 : Operation 187 [1/5] ( I:7.30ns O:7.30ns )   --->   "%g0_addr_232_resp = writeresp i1 @_ssdm_op_WriteResp.m_axi.i32P1A, i32 %g0_addr_140" [spikingformer_official.cpp:1240->spikingformer_official.cpp:2447]   --->   Operation 187 'writeresp' 'g0_addr_232_resp' <Predicate = true> <Delay = 7.30> <CoreInst = "m_axi">   --->   Core 119 'm_axi' <Latency = 3> <II = 1> <Delay = 1.00> <Adapter> <Opcode : 'readrequnaligned' 'writerequnaligned' 'read' 'write' 'readreq' 'writereq' 'writeresp'>
ST_20 : Operation 188 [1/1] (0.00ns)   --->   "%br_ln1233 = br void %for.inc.i887" [spikingformer_official.cpp:1233->spikingformer_official.cpp:2447]   --->   Operation 188 'br' 'br_ln1233' <Predicate = true> <Delay = 0.00>


============================================================
+ Verbose Summary: Timing violations
============================================================
Target clock period: 10.000ns, clock uncertainty: 2.700ns.

 <State 1>: 0.427ns
The critical path consists of the following:
	'alloca' operation 18 bit ('indvar_flatten13893') [14]  (0.000 ns)
	'store' operation ('store_ln0') of constant 0 18 bit on local variable 'indvar_flatten13893' [21]  (0.427 ns)

 <State 2>: 6.303ns
The critical path consists of the following:
	'load' operation 17 bit ('indvar_flatten13860_load', spikingformer_official.cpp:1230->spikingformer_official.cpp:2447) on local variable 'indvar_flatten13860' [44]  (0.000 ns)
	'icmp' operation 1 bit ('icmp_ln1230', spikingformer_official.cpp:1230->spikingformer_official.cpp:2447) [49]  (0.863 ns)
	'xor' operation 1 bit ('xor_ln1229', spikingformer_official.cpp:1229->spikingformer_official.cpp:2447) [51]  (0.287 ns)
	'and' operation 1 bit ('and_ln1229_2', spikingformer_official.cpp:1229->spikingformer_official.cpp:2447) [56]  (0.287 ns)
	'or' operation 1 bit ('empty', spikingformer_official.cpp:1229->spikingformer_official.cpp:2447) [59]  (0.287 ns)
	'select' operation 9 bit ('v503_mid213844', spikingformer_official.cpp:1229->spikingformer_official.cpp:2447) [60]  (0.398 ns)
	'add' operation 9 bit ('add_ln1231', spikingformer_official.cpp:1231->spikingformer_official.cpp:2447) [66]  (0.776 ns)
	'select' operation 9 bit ('select_ln1231', spikingformer_official.cpp:1231->spikingformer_official.cpp:2447) [73]  (0.398 ns)
	'mul' operation 20 bit ('mul_ln1237', spikingformer_official.cpp:1237->spikingformer_official.cpp:2447) [82]  (2.188 ns)
	'add' operation 64 bit ('add_ln1237_2', spikingformer_official.cpp:1237->spikingformer_official.cpp:2447) [101]  (0.000 ns)
	'add' operation 64 bit ('add_ln1237_4', spikingformer_official.cpp:1237->spikingformer_official.cpp:2447) [104]  (0.819 ns)

 <State 3>: 0.819ns
The critical path consists of the following:
	'add' operation 64 bit ('add_ln1238', spikingformer_official.cpp:1238->spikingformer_official.cpp:2447) [111]  (0.000 ns)
	'add' operation 64 bit ('add_ln1238_1', spikingformer_official.cpp:1238->spikingformer_official.cpp:2447) [114]  (0.819 ns)

 <State 4>: 0.000ns
The critical path consists of the following:

 <State 5>: 0.000ns
The critical path consists of the following:

 <State 6>: 0.000ns
The critical path consists of the following:

 <State 7>: 0.000ns
The critical path consists of the following:

 <State 8>: 0.000ns
The critical path consists of the following:

 <State 9>: 0.000ns
The critical path consists of the following:

 <State 10>: 7.300ns
The critical path consists of the following:
	bus request operation ('g0_load_93_req', spikingformer_official.cpp:1237->spikingformer_official.cpp:2447) on port 'g0' (spikingformer_official.cpp:1237->spikingformer_official.cpp:2447) [108]  (7.300 ns)

 <State 11>: 7.300ns
The critical path consists of the following:
	bus read operation ('g0_addr_read', spikingformer_official.cpp:1237->spikingformer_official.cpp:2447) on port 'g0' (spikingformer_official.cpp:1237->spikingformer_official.cpp:2447) [109]  (7.300 ns)

 <State 12>: 7.300ns
The critical path consists of the following:
	bus read operation ('g0_addr_140_read', spikingformer_official.cpp:1238->spikingformer_official.cpp:2447) on port 'g0' (spikingformer_official.cpp:1238->spikingformer_official.cpp:2447) [119]  (7.300 ns)

 <State 13>: 2.782ns
The critical path consists of the following:
	'fcmp' operation 1 bit ('tmp_26', /data/YellowSmile/AMD/2025.2/Vitis/tps/lnx64/gcc-8.3.0/lib/gcc/x86_64-pc-linux-gnu/8.3.0/../../../../include/c++/8.3.0/bits/stl_algobase.h:224->spikingformer_official.cpp:1239->spikingformer_official.cpp:2447) [132]  (2.782 ns)

 <State 14>: 7.300ns
The critical path consists of the following:
	bus request operation ('g0_addr_232_req', spikingformer_official.cpp:1240->spikingformer_official.cpp:2447) on port 'g0' (spikingformer_official.cpp:1240->spikingformer_official.cpp:2447) [136]  (7.300 ns)

 <State 15>: 7.300ns
The critical path consists of the following:
	bus write operation ('write_ln1240', spikingformer_official.cpp:1240->spikingformer_official.cpp:2447) on port 'g0' (spikingformer_official.cpp:1240->spikingformer_official.cpp:2447) [137]  (7.300 ns)

 <State 16>: 0.000ns
The critical path consists of the following:

 <State 17>: 0.000ns
The critical path consists of the following:

 <State 18>: 0.427ns
The critical path consists of the following:

 <State 19>: 0.000ns
The critical path consists of the following:

 <State 20>: 7.300ns
The critical path consists of the following:
	bus response operation ('g0_addr_232_resp', spikingformer_official.cpp:1240->spikingformer_official.cpp:2447) on port 'g0' (spikingformer_official.cpp:1240->spikingformer_official.cpp:2447) [138]  (7.300 ns)


============================================================
+ Verbose Summary: Binding
============================================================
N/A
* FSMD analyzer results:
  - Output states:
 - Input state : 
  - Chain level:
	State 1
	State 2
	State 3
	State 4
	State 5
	State 6
	State 7
	State 8
	State 9
	State 10
	State 11
	State 12
	State 13
	State 14
	State 15
	State 16
	State 17
	State 18
	State 19
	State 20


============================================================
+ Verbose Summary: Datapath Resource usage 
============================================================
N/A
