

================================================================
== Vitis HLS Report for 'control_Pipeline_VITIS_LOOP_736_1_VITIS_LOOP_737_215'
================================================================
* Date:           Sun Jul 12 20:26:11 2026

* Version:        2025.2 (Build 6295257 on Nov 14 2025)
* Project:        spikingformer_proj
* Solution:       solution1 (Vivado IP Flow Target)
* Product family: zynquplus
* Target device:  xczu7ev-ffvc1156-2-e


================================================================
== Performance Estimates
================================================================
+ Timing: 
    * Summary: 
    +--------+----------+----------+------------+
    |  Clock |  Target  | Estimated| Uncertainty|
    +--------+----------+----------+------------+
    |ap_clk  |  10.00 ns|  7.300 ns|     2.70 ns|
    +--------+----------+----------+------------+

+ Latency: 
    * Summary: 
    +---------+---------+----------+----------+-----+-----+-------------------+
    |  Latency (cycles) |  Latency (absolute) |  Interval |      Pipeline     |
    |   min   |   max   |    min   |    max   | min | max |        Type       |
    +---------+---------+----------+----------+-----+-----+-------------------+
    |    24587|    24587|  0.246 ms|  0.246 ms|    0|    0|  loop pipeline stp|
    +---------+---------+----------+----------+-----+-----+-------------------+

    + Detail: 
        * Instance: 
        N/A

        * Loop: 
        +-------------------------------------+---------+---------+----------+-----------+-----------+-------+----------+
        |                                     |  Latency (cycles) | Iteration|  Initiation Interval  |  Trip |          |
        |              Loop Name              |   min   |   max   |  Latency |  achieved |   target  | Count | Pipelined|
        +-------------------------------------+---------+---------+----------+-----------+-----------+-------+----------+
        |- VITIS_LOOP_736_1_VITIS_LOOP_737_2  |    24585|    24585|        11|          1|          1|  24576|       yes|
        +-------------------------------------+---------+---------+----------+-----------+-----------+-------+----------+

============================================================
+ Verbose Summary: Synthesis Manager
============================================================
InlineROM: 1
ExposeGlobal: 0
============================================================
+ Verbose Summary: CDFG Model
============================================================
IsTopModel: 0
ResetActiveHigh: 1
IsCombinational: 0
IsDatapathOnly: 0
HasWiredReturn: 1
HasMFsm: 2
HasVarLatency: 1
IsPipeline: 0
IsRtlPipelined: 0
IsInstanceOverlapped: 0
IsDontTouch: 0
HasImplIP: 0
IsGatedGlobalClock: 0

+ Individual pipeline summary: 
  * Pipeline-0: initiation interval (II) = 1, depth = 11


============================================================
+ Verbose Summary: Schedule
============================================================
* Number of FSM states : 11
* Pipeline : 1
  Pipeline-0 : II = 1, D = 11, States = { 1 2 3 4 5 6 7 8 9 10 11 }
* Dataflow Pipeline: 0

* FSM state transitions: 
1 --> 2 
2 --> 3 
3 --> 4 
4 --> 5 
5 --> 6 
6 --> 7 
7 --> 8 
8 --> 9 
9 --> 10 
10 --> 11 
11 --> 

* FSM state operations: 

State 1 <SV = 0> <Delay = 3.25>
ST_1 : Operation 14 [1/1] (0.00ns)   --->   "%v302 = alloca i32 1" [spikingformer_official.cpp:737->spikingformer_official.cpp:2761]   --->   Operation 14 'alloca' 'v302' <Predicate = true> <Delay = 0.00>
ST_1 : Operation 15 [1/1] (0.00ns)   --->   "%v301 = alloca i32 1" [spikingformer_official.cpp:736->spikingformer_official.cpp:2761]   --->   Operation 15 'alloca' 'v301' <Predicate = true> <Delay = 0.00>
ST_1 : Operation 16 [1/1] (0.00ns)   --->   "%indvar_flatten14342 = alloca i32 1"   --->   Operation 16 'alloca' 'indvar_flatten14342' <Predicate = true> <Delay = 0.00>
ST_1 : Operation 17 [1/1] (0.00ns)   --->   "%v1013_read = read i64 @_ssdm_op_Read.ap_auto.i64, i64 %v1013"   --->   Operation 17 'read' 'v1013_read' <Predicate = true> <Delay = 0.00>
ST_1 : Operation 18 [1/1] (0.00ns)   --->   "%sext_ln736_read = read i62 @_ssdm_op_Read.ap_auto.i62, i62 %sext_ln736"   --->   Operation 18 'read' 'sext_ln736_read' <Predicate = true> <Delay = 0.00>
ST_1 : Operation 19 [1/1] (0.00ns)   --->   "%sext_ln8973 = read i62 @_ssdm_op_Read.ap_auto.i62, i62 %sext_ln897"   --->   Operation 19 'read' 'sext_ln8973' <Predicate = true> <Delay = 0.00>
ST_1 : Operation 20 [1/1] (0.00ns)   --->   "%sext_ln736_cast = sext i62 %sext_ln736_read"   --->   Operation 20 'sext' 'sext_ln736_cast' <Predicate = true> <Delay = 0.00>
ST_1 : Operation 21 [1/1] (0.00ns)   --->   "%specstablecontent_ln0 = specstablecontent void @_ssdm_op_SpecStableContent, i32 %g0, i1 1, void "   --->   Operation 21 'specstablecontent' 'specstablecontent_ln0' <Predicate = true> <Delay = 0.00>
ST_1 : Operation 22 [1/1] (0.00ns)   --->   "%specinterface_ln0 = specinterface void @_ssdm_op_SpecInterface, i32 %g0, void @empty_26, i32 0, i32 0, void @empty_35, i32 0, i32 0, void @empty_22, void @empty_25, void @empty_35, i32 16, i32 16, i32 16, i32 16, void @empty_35, void @empty_35, i32 4294967295, i32 0, i32 0, i32 4"   --->   Operation 22 'specinterface' 'specinterface_ln0' <Predicate = true> <Delay = 0.00>
ST_1 : Operation 23 [1/1] (0.42ns)   --->   "%store_ln0 = store i15 0, i15 %indvar_flatten14342"   --->   Operation 23 'store' 'store_ln0' <Predicate = true> <Delay = 0.42>
ST_1 : Operation 24 [1/1] (0.42ns)   --->   "%store_ln736 = store i7 0, i7 %v301" [spikingformer_official.cpp:736->spikingformer_official.cpp:2761]   --->   Operation 24 'store' 'store_ln736' <Predicate = true> <Delay = 0.42>
ST_1 : Operation 25 [1/1] (0.42ns)   --->   "%store_ln737 = store i9 0, i9 %v302" [spikingformer_official.cpp:737->spikingformer_official.cpp:2761]   --->   Operation 25 'store' 'store_ln737' <Predicate = true> <Delay = 0.42>
ST_1 : Operation 26 [1/1] (0.00ns)   --->   "%br_ln0 = br void %for.inc.i1285"   --->   Operation 26 'br' 'br_ln0' <Predicate = true> <Delay = 0.00>
ST_1 : Operation 27 [1/1] (0.00ns)   --->   "%indvar_flatten14342_load = load i15 %indvar_flatten14342" [spikingformer_official.cpp:736->spikingformer_official.cpp:2761]   --->   Operation 27 'load' 'indvar_flatten14342_load' <Predicate = true> <Delay = 0.00>
ST_1 : Operation 28 [1/1] (0.00ns)   --->   "%specbitsmap_ln0 = specbitsmap void @_ssdm_op_SpecBitsMap, i32 %g0"   --->   Operation 28 'specbitsmap' 'specbitsmap_ln0' <Predicate = true> <Delay = 0.00>
ST_1 : Operation 29 [1/1] (0.84ns)   --->   "%icmp_ln736 = icmp_eq  i15 %indvar_flatten14342_load, i15 24576" [spikingformer_official.cpp:736->spikingformer_official.cpp:2761]   --->   Operation 29 'icmp' 'icmp_ln736' <Predicate = true> <Delay = 0.84> <CoreInst = "Cmp">   --->   Core 9 'Cmp' <Latency = 0> <II = 1> <Delay = 0.84> <FuncUnit> <Opcode : 'seteq' 'setne' 'setle' 'setge' 'setlt' 'setgt'> <InPorts = 2> <OutPorts = 1>
ST_1 : Operation 30 [1/1] (0.84ns)   --->   "%add_ln736 = add i15 %indvar_flatten14342_load, i15 1" [spikingformer_official.cpp:736->spikingformer_official.cpp:2761]   --->   Operation 30 'add' 'add_ln736' <Predicate = true> <Delay = 0.84> <CoreInst = "Adder">   --->   Core 1 'Adder' <Latency = 0> <II = 1> <Delay = 0.84> <FuncUnit> <Opcode : 'add' 'sub'> <InPorts = 2> <OutPorts = 1>
ST_1 : Operation 31 [1/1] (0.00ns)   --->   "%br_ln736 = br i1 %icmp_ln736, void %for.inc15.i1288, void %_Z8kernel54PA64_A12_A32_fPA64_A384_f.exit1289.exitStub" [spikingformer_official.cpp:736->spikingformer_official.cpp:2761]   --->   Operation 31 'br' 'br_ln736' <Predicate = true> <Delay = 0.00>
ST_1 : Operation 32 [1/1] (0.00ns)   --->   "%v302_load = load i9 %v302" [spikingformer_official.cpp:737->spikingformer_official.cpp:2761]   --->   Operation 32 'load' 'v302_load' <Predicate = (!icmp_ln736)> <Delay = 0.00>
ST_1 : Operation 33 [1/1] (0.00ns)   --->   "%v301_load = load i7 %v301" [spikingformer_official.cpp:736->spikingformer_official.cpp:2761]   --->   Operation 33 'load' 'v301_load' <Predicate = (!icmp_ln736)> <Delay = 0.00>
ST_1 : Operation 34 [1/1] (0.77ns)   --->   "%add_ln736_1 = add i7 %v301_load, i7 1" [spikingformer_official.cpp:736->spikingformer_official.cpp:2761]   --->   Operation 34 'add' 'add_ln736_1' <Predicate = (!icmp_ln736)> <Delay = 0.77> <CoreInst = "Adder">   --->   Core 1 'Adder' <Latency = 0> <II = 1> <Delay = 0.77> <FuncUnit> <Opcode : 'add' 'sub'> <InPorts = 2> <OutPorts = 1>
ST_1 : Operation 35 [1/1] (0.77ns)   --->   "%icmp_ln737 = icmp_eq  i9 %v302_load, i9 384" [spikingformer_official.cpp:737->spikingformer_official.cpp:2761]   --->   Operation 35 'icmp' 'icmp_ln737' <Predicate = (!icmp_ln736)> <Delay = 0.77> <CoreInst = "Cmp">   --->   Core 9 'Cmp' <Latency = 0> <II = 1> <Delay = 0.77> <FuncUnit> <Opcode : 'seteq' 'setne' 'setle' 'setge' 'setlt' 'setgt'> <InPorts = 2> <OutPorts = 1>
ST_1 : Operation 36 [1/1] (0.39ns)   --->   "%select_ln736_2 = select i1 %icmp_ln737, i9 0, i9 %v302_load" [spikingformer_official.cpp:736->spikingformer_official.cpp:2761]   --->   Operation 36 'select' 'select_ln736_2' <Predicate = (!icmp_ln736)> <Delay = 0.39> <CoreInst = "Sel">   --->   Core 73 'Sel' <Latency = 0> <II = 1> <Delay = 0.39> <FuncUnit> <Opcode : 'select'> <InPorts = 3> <OutPorts = 1>
ST_1 : Operation 37 [1/1] (0.36ns)   --->   "%select_ln736 = select i1 %icmp_ln737, i7 %add_ln736_1, i7 %v301_load" [spikingformer_official.cpp:736->spikingformer_official.cpp:2761]   --->   Operation 37 'select' 'select_ln736' <Predicate = (!icmp_ln736)> <Delay = 0.36> <CoreInst = "Sel">   --->   Core 73 'Sel' <Latency = 0> <II = 1> <Delay = 0.36> <FuncUnit> <Opcode : 'select'> <InPorts = 3> <OutPorts = 1>
ST_1 : Operation 38 [1/1] (0.00ns)   --->   "%p_shl = bitconcatenate i18 @_ssdm_op_BitConcatenate.i18.i7.i11, i7 %select_ln736, i11 0" [spikingformer_official.cpp:741->spikingformer_official.cpp:2761]   --->   Operation 38 'bitconcatenate' 'p_shl' <Predicate = (!icmp_ln736)> <Delay = 0.00>
ST_1 : Operation 39 [1/1] (0.00ns)   --->   "%tmp = bitconcatenate i16 @_ssdm_op_BitConcatenate.i16.i7.i9, i7 %select_ln736, i9 0" [spikingformer_official.cpp:741->spikingformer_official.cpp:2761]   --->   Operation 39 'bitconcatenate' 'tmp' <Predicate = (!icmp_ln736)> <Delay = 0.00>
ST_1 : Operation 40 [1/1] (0.00ns)   --->   "%zext_ln741 = zext i16 %tmp" [spikingformer_official.cpp:741->spikingformer_official.cpp:2761]   --->   Operation 40 'zext' 'zext_ln741' <Predicate = (!icmp_ln736)> <Delay = 0.00>
ST_1 : Operation 41 [1/1] (0.87ns)   --->   "%sub_ln741 = sub i18 %p_shl, i18 %zext_ln741" [spikingformer_official.cpp:741->spikingformer_official.cpp:2761]   --->   Operation 41 'sub' 'sub_ln741' <Predicate = (!icmp_ln736)> <Delay = 0.87> <CoreInst = "Adder">   --->   Core 1 'Adder' <Latency = 0> <II = 1> <Delay = 0.87> <FuncUnit> <Opcode : 'add' 'sub'> <InPorts = 2> <OutPorts = 1>
ST_1 : Operation 42 [1/1] (0.00ns)   --->   "%zext_ln737 = zext i18 %sub_ln741" [spikingformer_official.cpp:737->spikingformer_official.cpp:2761]   --->   Operation 42 'zext' 'zext_ln737' <Predicate = (!icmp_ln736)> <Delay = 0.00>
ST_1 : Operation 43 [1/1] (0.00ns) (grouped into TernaryAdder)   --->   "%add_ln741_2 = add i64 %zext_ln737, i64 %v1013_read" [spikingformer_official.cpp:741->spikingformer_official.cpp:2761]   --->   Operation 43 'add' 'add_ln741_2' <Predicate = (!icmp_ln736)> <Delay = 0.00> <CoreInst = "TAddSub">   --->   Core 10 'TAddSub' <Latency = 0> <II = 1> <Delay = 0.40> <IPBlock> <Opcode : 'add' 'sub'> <InPorts = 3> <OutPorts = 1> <Sync> <CReg>
ST_1 : Operation 44 [1/1] (0.00ns)   --->   "%tmp4 = bitconcatenate i11 @_ssdm_op_BitConcatenate.i11.i9.i2, i9 %select_ln736_2, i2 0" [spikingformer_official.cpp:741->spikingformer_official.cpp:2761]   --->   Operation 44 'bitconcatenate' 'tmp4' <Predicate = (!icmp_ln736)> <Delay = 0.00>
ST_1 : Operation 45 [1/1] (0.00ns)   --->   "%zext_ln741_1 = zext i11 %tmp4" [spikingformer_official.cpp:741->spikingformer_official.cpp:2761]   --->   Operation 45 'zext' 'zext_ln741_1' <Predicate = (!icmp_ln736)> <Delay = 0.00>
ST_1 : Operation 46 [1/1] (0.81ns) (root node of TernaryAdder)   --->   "%add_ln741 = add i64 %zext_ln741_1, i64 %add_ln741_2" [spikingformer_official.cpp:741->spikingformer_official.cpp:2761]   --->   Operation 46 'add' 'add_ln741' <Predicate = (!icmp_ln736)> <Delay = 0.81> <CoreInst = "TAddSub">   --->   Core 10 'TAddSub' <Latency = 0> <II = 1> <Delay = 0.40> <IPBlock> <Opcode : 'add' 'sub'> <InPorts = 3> <OutPorts = 1> <Sync> <CReg>
ST_1 : Operation 47 [1/1] (0.00ns)   --->   "%trunc_ln741_5 = partselect i62 @_ssdm_op_PartSelect.i62.i64.i32.i32, i64 %add_ln741, i32 2, i32 63" [spikingformer_official.cpp:741->spikingformer_official.cpp:2761]   --->   Operation 47 'partselect' 'trunc_ln741_5' <Predicate = (!icmp_ln736)> <Delay = 0.00>
ST_1 : Operation 48 [1/1] (0.00ns)   --->   "%sext_ln741 = sext i62 %trunc_ln741_5" [spikingformer_official.cpp:741->spikingformer_official.cpp:2761]   --->   Operation 48 'sext' 'sext_ln741' <Predicate = (!icmp_ln736)> <Delay = 0.00>
ST_1 : Operation 49 [1/1] (0.00ns)   --->   "%g0_addr_65 = getelementptr i32 %g0, i64 %sext_ln741" [spikingformer_official.cpp:741->spikingformer_official.cpp:2761]   --->   Operation 49 'getelementptr' 'g0_addr_65' <Predicate = (!icmp_ln736)> <Delay = 0.00>
ST_1 : Operation 50 [1/1] (0.77ns)   --->   "%add_ln737 = add i9 %select_ln736_2, i9 1" [spikingformer_official.cpp:737->spikingformer_official.cpp:2761]   --->   Operation 50 'add' 'add_ln737' <Predicate = (!icmp_ln736)> <Delay = 0.77> <CoreInst = "Adder">   --->   Core 1 'Adder' <Latency = 0> <II = 1> <Delay = 0.77> <FuncUnit> <Opcode : 'add' 'sub'> <InPorts = 2> <OutPorts = 1>
ST_1 : Operation 51 [1/1] (0.42ns)   --->   "%store_ln736 = store i15 %add_ln736, i15 %indvar_flatten14342" [spikingformer_official.cpp:736->spikingformer_official.cpp:2761]   --->   Operation 51 'store' 'store_ln736' <Predicate = (!icmp_ln736)> <Delay = 0.42>
ST_1 : Operation 52 [1/1] (0.42ns)   --->   "%store_ln736 = store i7 %select_ln736, i7 %v301" [spikingformer_official.cpp:736->spikingformer_official.cpp:2761]   --->   Operation 52 'store' 'store_ln736' <Predicate = (!icmp_ln736)> <Delay = 0.42>
ST_1 : Operation 53 [1/1] (0.42ns)   --->   "%store_ln737 = store i9 %add_ln737, i9 %v302" [spikingformer_official.cpp:737->spikingformer_official.cpp:2761]   --->   Operation 53 'store' 'store_ln737' <Predicate = (!icmp_ln736)> <Delay = 0.42>

State 2 <SV = 1> <Delay = 0.00>
ST_2 : Operation 54 [8/8] (7.30ns)   --->   "%v303_1_req = readreq i1 @_ssdm_op_ReadReq.m_axi.i32P1A, i32 %g0_addr_65, i64 1" [spikingformer_official.cpp:741->spikingformer_official.cpp:2761]   --->   Operation 54 'readreq' 'v303_1_req' <Predicate = true> <Delay = 7.30> <CoreInst = "m_axi">   --->   Core 119 'm_axi' <Latency = 6> <II = 1> <Delay = 1.00> <Adapter> <Opcode : 'readrequnaligned' 'writerequnaligned' 'read' 'write' 'readreq' 'writereq' 'writeresp'>

State 3 <SV = 2> <Delay = 0.00>
ST_3 : Operation 55 [7/8] (7.30ns)   --->   "%v303_1_req = readreq i1 @_ssdm_op_ReadReq.m_axi.i32P1A, i32 %g0_addr_65, i64 1" [spikingformer_official.cpp:741->spikingformer_official.cpp:2761]   --->   Operation 55 'readreq' 'v303_1_req' <Predicate = true> <Delay = 7.30> <CoreInst = "m_axi">   --->   Core 119 'm_axi' <Latency = 6> <II = 1> <Delay = 1.00> <Adapter> <Opcode : 'readrequnaligned' 'writerequnaligned' 'read' 'write' 'readreq' 'writereq' 'writeresp'>

State 4 <SV = 3> <Delay = 0.00>
ST_4 : Operation 56 [6/8] (7.30ns)   --->   "%v303_1_req = readreq i1 @_ssdm_op_ReadReq.m_axi.i32P1A, i32 %g0_addr_65, i64 1" [spikingformer_official.cpp:741->spikingformer_official.cpp:2761]   --->   Operation 56 'readreq' 'v303_1_req' <Predicate = true> <Delay = 7.30> <CoreInst = "m_axi">   --->   Core 119 'm_axi' <Latency = 6> <II = 1> <Delay = 1.00> <Adapter> <Opcode : 'readrequnaligned' 'writerequnaligned' 'read' 'write' 'readreq' 'writereq' 'writeresp'>

State 5 <SV = 4> <Delay = 0.00>
ST_5 : Operation 57 [5/8] (7.30ns)   --->   "%v303_1_req = readreq i1 @_ssdm_op_ReadReq.m_axi.i32P1A, i32 %g0_addr_65, i64 1" [spikingformer_official.cpp:741->spikingformer_official.cpp:2761]   --->   Operation 57 'readreq' 'v303_1_req' <Predicate = true> <Delay = 7.30> <CoreInst = "m_axi">   --->   Core 119 'm_axi' <Latency = 6> <II = 1> <Delay = 1.00> <Adapter> <Opcode : 'readrequnaligned' 'writerequnaligned' 'read' 'write' 'readreq' 'writereq' 'writeresp'>

State 6 <SV = 5> <Delay = 0.00>
ST_6 : Operation 58 [4/8] (7.30ns)   --->   "%v303_1_req = readreq i1 @_ssdm_op_ReadReq.m_axi.i32P1A, i32 %g0_addr_65, i64 1" [spikingformer_official.cpp:741->spikingformer_official.cpp:2761]   --->   Operation 58 'readreq' 'v303_1_req' <Predicate = true> <Delay = 7.30> <CoreInst = "m_axi">   --->   Core 119 'm_axi' <Latency = 6> <II = 1> <Delay = 1.00> <Adapter> <Opcode : 'readrequnaligned' 'writerequnaligned' 'read' 'write' 'readreq' 'writereq' 'writeresp'>

State 7 <SV = 6> <Delay = 0.00>
ST_7 : Operation 59 [3/8] (7.30ns)   --->   "%v303_1_req = readreq i1 @_ssdm_op_ReadReq.m_axi.i32P1A, i32 %g0_addr_65, i64 1" [spikingformer_official.cpp:741->spikingformer_official.cpp:2761]   --->   Operation 59 'readreq' 'v303_1_req' <Predicate = true> <Delay = 7.30> <CoreInst = "m_axi">   --->   Core 119 'm_axi' <Latency = 6> <II = 1> <Delay = 1.00> <Adapter> <Opcode : 'readrequnaligned' 'writerequnaligned' 'read' 'write' 'readreq' 'writereq' 'writeresp'>

State 8 <SV = 7> <Delay = 0.00>
ST_8 : Operation 60 [2/8] (7.30ns)   --->   "%v303_1_req = readreq i1 @_ssdm_op_ReadReq.m_axi.i32P1A, i32 %g0_addr_65, i64 1" [spikingformer_official.cpp:741->spikingformer_official.cpp:2761]   --->   Operation 60 'readreq' 'v303_1_req' <Predicate = true> <Delay = 7.30> <CoreInst = "m_axi">   --->   Core 119 'm_axi' <Latency = 6> <II = 1> <Delay = 1.00> <Adapter> <Opcode : 'readrequnaligned' 'writerequnaligned' 'read' 'write' 'readreq' 'writereq' 'writeresp'>

State 9 <SV = 8> <Delay = 7.30>
ST_9 : Operation 61 [1/8] ( I:7.30ns O:7.30ns )   --->   "%v303_1_req = readreq i1 @_ssdm_op_ReadReq.m_axi.i32P1A, i32 %g0_addr_65, i64 1" [spikingformer_official.cpp:741->spikingformer_official.cpp:2761]   --->   Operation 61 'readreq' 'v303_1_req' <Predicate = true> <Delay = 7.30> <CoreInst = "m_axi">   --->   Core 119 'm_axi' <Latency = 6> <II = 1> <Delay = 1.00> <Adapter> <Opcode : 'readrequnaligned' 'writerequnaligned' 'read' 'write' 'readreq' 'writereq' 'writeresp'>

State 10 <SV = 9> <Delay = 7.30>
ST_10 : Operation 62 [1/1] ( I:7.30ns O:7.30ns )   --->   "%v303 = read i32 @_ssdm_op_Read.m_axi.i32P1A, i32 %g0_addr_65" [spikingformer_official.cpp:741->spikingformer_official.cpp:2761]   --->   Operation 62 'read' 'v303' <Predicate = true> <Delay = 7.30> <CoreInst = "m_axi">   --->   Core 119 'm_axi' <Latency = 3> <II = 1> <Delay = 1.00> <Adapter> <Opcode : 'readrequnaligned' 'writerequnaligned' 'read' 'write' 'readreq' 'writereq' 'writeresp'>
ST_10 : Operation 69 [1/1] (0.42ns)   --->   "%ret_ln0 = ret"   --->   Operation 69 'ret' 'ret_ln0' <Predicate = (icmp_ln736)> <Delay = 0.42>

State 11 <SV = 10> <Delay = 7.30>
ST_11 : Operation 63 [1/1] (0.00ns)   --->   "%g0_addr = getelementptr i32 %g0, i64 %sext_ln736_cast" [spikingformer_official.cpp:736->spikingformer_official.cpp:2578]   --->   Operation 63 'getelementptr' 'g0_addr' <Predicate = true> <Delay = 0.00>
ST_11 : Operation 64 [1/1] (0.00ns)   --->   "%specloopname_ln0 = specloopname void @_ssdm_op_SpecLoopName, void @VITIS_LOOP_736_1_VITIS_LOOP_737_2_str"   --->   Operation 64 'specloopname' 'specloopname_ln0' <Predicate = true> <Delay = 0.00>
ST_11 : Operation 65 [1/1] (0.00ns)   --->   "%speclooptripcount_ln0 = speclooptripcount void @_ssdm_op_SpecLoopTripCount, i64 24576, i64 24576, i64 24576"   --->   Operation 65 'speclooptripcount' 'speclooptripcount_ln0' <Predicate = true> <Delay = 0.00>
ST_11 : Operation 66 [1/1] (0.00ns)   --->   "%specpipeline_ln738 = specpipeline void @_ssdm_op_SpecPipeline, i32 1, i32 0, i32 0, i32 0, i32 4294967295, void @empty_35" [spikingformer_official.cpp:738->spikingformer_official.cpp:2761]   --->   Operation 66 'specpipeline' 'specpipeline_ln738' <Predicate = true> <Delay = 0.00>
ST_11 : Operation 67 [1/1] ( I:7.30ns O:7.30ns )   --->   "%write_ln742 = write void @_ssdm_op_Write.m_axi.p1i32.i32, i32 %g0_addr, i32 %v303, i4 15" [spikingformer_official.cpp:742->spikingformer_official.cpp:2761]   --->   Operation 67 'write' 'write_ln742' <Predicate = true> <Delay = 7.30> <CoreInst = "m_axi">   --->   Core 119 'm_axi' <Latency = 5> <II = 1> <Delay = 1.00> <Adapter> <Opcode : 'readrequnaligned' 'writerequnaligned' 'read' 'write' 'readreq' 'writereq' 'writeresp'>
ST_11 : Operation 68 [1/1] (0.00ns)   --->   "%br_ln737 = br void %for.inc.i1285" [spikingformer_official.cpp:737->spikingformer_official.cpp:2761]   --->   Operation 68 'br' 'br_ln737' <Predicate = true> <Delay = 0.00>


============================================================
+ Verbose Summary: Binding
============================================================
STG Binding: 
---------------- STG Properties BEGIN ----------------
- Is combinational: 0
- Is one-state seq: 0
- Is datapath-only: 0
- Is pipelined: 0
- Is top level: 0
Port [ Return ] is wired: 1; IO mode=ap_ctrl_hs:ce=0
Port [ g0]:  wired=1; compound=1; hidden=0; nouse=0; global=0; static=0; extern=0; dir=2; type=4; pingpong=0; private_global=0; IO mode=m_axi:ce=0
Port [ sext_ln897]:  wired=1; compound=0; hidden=0; nouse=0; global=0; static=0; extern=0; dir=0; type=0; pingpong=0; private_global=0; IO mode=ap_none:ce=0
Port [ sext_ln736]:  wired=1; compound=0; hidden=0; nouse=0; global=0; static=0; extern=0; dir=0; type=0; pingpong=0; private_global=0; IO mode=ap_none:ce=0
Port [ v1013]:  wired=1; compound=0; hidden=0; nouse=0; global=0; static=0; extern=0; dir=0; type=0; pingpong=0; private_global=0; IO mode=ap_none:ce=0
---------------- STG Properties END ------------------

---------------- Datapath Model BEGIN ----------------

<LifeTime>
<method=bitvector/>
v302                     (alloca           ) [ 010000000000]
v301                     (alloca           ) [ 010000000000]
indvar_flatten14342      (alloca           ) [ 010000000000]
v1013_read               (read             ) [ 000000000000]
sext_ln736_read          (read             ) [ 000000000000]
sext_ln8973              (read             ) [ 000000000000]
sext_ln736_cast          (sext             ) [ 011111111111]
specstablecontent_ln0    (specstablecontent) [ 000000000000]
specinterface_ln0        (specinterface    ) [ 000000000000]
store_ln0                (store            ) [ 000000000000]
store_ln736              (store            ) [ 000000000000]
store_ln737              (store            ) [ 000000000000]
br_ln0                   (br               ) [ 000000000000]
indvar_flatten14342_load (load             ) [ 000000000000]
specbitsmap_ln0          (specbitsmap      ) [ 000000000000]
icmp_ln736               (icmp             ) [ 011111111110]
add_ln736                (add              ) [ 000000000000]
br_ln736                 (br               ) [ 000000000000]
v302_load                (load             ) [ 000000000000]
v301_load                (load             ) [ 000000000000]
add_ln736_1              (add              ) [ 000000000000]
icmp_ln737               (icmp             ) [ 000000000000]
select_ln736_2           (select           ) [ 000000000000]
select_ln736             (select           ) [ 000000000000]
p_shl                    (bitconcatenate   ) [ 000000000000]
tmp                      (bitconcatenate   ) [ 000000000000]
zext_ln741               (zext             ) [ 000000000000]
sub_ln741                (sub              ) [ 000000000000]
zext_ln737               (zext             ) [ 000000000000]
add_ln741_2              (add              ) [ 000000000000]
tmp4                     (bitconcatenate   ) [ 000000000000]
zext_ln741_1             (zext             ) [ 000000000000]
add_ln741                (add              ) [ 000000000000]
trunc_ln741_5            (partselect       ) [ 000000000000]
sext_ln741               (sext             ) [ 000000000000]
g0_addr_65               (getelementptr    ) [ 011111111110]
add_ln737                (add              ) [ 000000000000]
store_ln736              (store            ) [ 000000000000]
store_ln736              (store            ) [ 000000000000]
store_ln737              (store            ) [ 000000000000]
v303_1_req               (readreq          ) [ 000000000000]
v303                     (read             ) [ 010000000001]
g0_addr                  (getelementptr    ) [ 000000000000]
specloopname_ln0         (specloopname     ) [ 000000000000]
speclooptripcount_ln0    (speclooptripcount) [ 000000000000]
specpipeline_ln738       (specpipeline     ) [ 000000000000]
write_ln742              (write            ) [ 000000000000]
br_ln737                 (br               ) [ 000000000000]
ret_ln0                  (ret              ) [ 000000000000]
</LifeTime>

<model>

<comp_list>
<comp id="0" class="1000" name="g0">
<pin_list>
<pin id="1" dir="1" index="0" bw="1" slack="0"/>
</pin_list>
<bind>
<StgValue><ssdm name="g0"/><MemPortTyVec>2 </MemPortTyVec>
</StgValue>
</bind>
</comp>

<comp id="2" class="1000" name="sext_ln897">
<pin_list>
<pin id="3" dir="1" index="0" bw="1" slack="0"/>
</pin_list>
<bind>
<StgValue><ssdm name="sext_ln897"/></StgValue>
</bind>
</comp>

<comp id="4" class="1000" name="sext_ln736">
<pin_list>
<pin id="5" dir="1" index="0" bw="1" slack="0"/>
</pin_list>
<bind>
<StgValue><ssdm name="sext_ln736"/></StgValue>
</bind>
</comp>

<comp id="6" class="1000" name="v1013">
<pin_list>
<pin id="7" dir="1" index="0" bw="1" slack="0"/>
</pin_list>
<bind>
<StgValue><ssdm name="v1013"/></StgValue>
</bind>
</comp>

<comp id="8" class="1001" name="const_8">
<pin_list>
<pin id="9" dir="1" index="0" bw="1" slack="0"/>
</pin_list>
<bind>
<StgValue><ssdm name=""/></StgValue>
</bind>
</comp>

<comp id="10" class="1001" name="const_10">
<pin_list>
<pin id="11" dir="1" index="0" bw="1" slack="0"/>
</pin_list>
<bind>
<StgValue><ssdm name="_ssdm_op_Read.ap_auto.i64"/></StgValue>
</bind>
</comp>

<comp id="12" class="1001" name="const_12">
<pin_list>
<pin id="13" dir="1" index="0" bw="1" slack="0"/>
</pin_list>
<bind>
<StgValue><ssdm name="_ssdm_op_Read.ap_auto.i62"/></StgValue>
</bind>
</comp>

<comp id="14" class="1001" name="const_14">
<pin_list>
<pin id="15" dir="1" index="0" bw="1" slack="2147483647"/>
</pin_list>
<bind>
<StgValue><ssdm name="_ssdm_op_SpecStableContent"/></StgValue>
</bind>
</comp>

<comp id="16" class="1001" name="const_16">
<pin_list>
<pin id="17" dir="1" index="0" bw="1" slack="2147483647"/>
</pin_list>
<bind>
<StgValue><ssdm name=""/></StgValue>
</bind>
</comp>

<comp id="18" class="1001" name="const_18">
<pin_list>
<pin id="19" dir="1" index="0" bw="1" slack="2147483647"/>
</pin_list>
<bind>
<StgValue><ssdm name=""/></StgValue>
</bind>
</comp>

<comp id="20" class="1001" name="const_20">
<pin_list>
<pin id="21" dir="1" index="0" bw="1" slack="2147483647"/>
</pin_list>
<bind>
<StgValue><ssdm name="_ssdm_op_SpecInterface"/></StgValue>
</bind>
</comp>

<comp id="22" class="1001" name="const_22">
<pin_list>
<pin id="23" dir="1" index="0" bw="1" slack="2147483647"/>
</pin_list>
<bind>
<StgValue><ssdm name="empty_26"/></StgValue>
</bind>
</comp>

<comp id="24" class="1001" name="const_24">
<pin_list>
<pin id="25" dir="1" index="0" bw="1" slack="2147483647"/>
</pin_list>
<bind>
<StgValue><ssdm name=""/></StgValue>
</bind>
</comp>

<comp id="26" class="1001" name="const_26">
<pin_list>
<pin id="27" dir="1" index="0" bw="1" slack="2147483647"/>
</pin_list>
<bind>
<StgValue><ssdm name="empty_35"/></StgValue>
</bind>
</comp>

<comp id="28" class="1001" name="const_28">
<pin_list>
<pin id="29" dir="1" index="0" bw="1" slack="2147483647"/>
</pin_list>
<bind>
<StgValue><ssdm name="empty_22"/></StgValue>
</bind>
</comp>

<comp id="30" class="1001" name="const_30">
<pin_list>
<pin id="31" dir="1" index="0" bw="1" slack="2147483647"/>
</pin_list>
<bind>
<StgValue><ssdm name="empty_25"/></StgValue>
</bind>
</comp>

<comp id="32" class="1001" name="const_32">
<pin_list>
<pin id="33" dir="1" index="0" bw="1" slack="2147483647"/>
</pin_list>
<bind>
<StgValue><ssdm name=""/></StgValue>
</bind>
</comp>

<comp id="34" class="1001" name="const_34">
<pin_list>
<pin id="35" dir="1" index="0" bw="1" slack="2147483647"/>
</pin_list>
<bind>
<StgValue><ssdm name=""/></StgValue>
</bind>
</comp>

<comp id="36" class="1001" name="const_36">
<pin_list>
<pin id="37" dir="1" index="0" bw="1" slack="2147483647"/>
</pin_list>
<bind>
<StgValue><ssdm name=""/></StgValue>
</bind>
</comp>

<comp id="38" class="1001" name="const_38">
<pin_list>
<pin id="39" dir="1" index="0" bw="1" slack="0"/>
</pin_list>
<bind>
<StgValue><ssdm name=""/></StgValue>
</bind>
</comp>

<comp id="40" class="1001" name="const_40">
<pin_list>
<pin id="41" dir="1" index="0" bw="1" slack="0"/>
</pin_list>
<bind>
<StgValue><ssdm name=""/></StgValue>
</bind>
</comp>

<comp id="42" class="1001" name="const_42">
<pin_list>
<pin id="43" dir="1" index="0" bw="1" slack="0"/>
</pin_list>
<bind>
<StgValue><ssdm name=""/></StgValue>
</bind>
</comp>

<comp id="44" class="1001" name="const_44">
<pin_list>
<pin id="45" dir="1" index="0" bw="1" slack="2147483647"/>
</pin_list>
<bind>
<StgValue><ssdm name="_ssdm_op_SpecBitsMap"/></StgValue>
</bind>
</comp>

<comp id="46" class="1001" name="const_46">
<pin_list>
<pin id="47" dir="1" index="0" bw="1" slack="0"/>
</pin_list>
<bind>
<StgValue><ssdm name=""/></StgValue>
</bind>
</comp>

<comp id="48" class="1001" name="const_48">
<pin_list>
<pin id="49" dir="1" index="0" bw="1" slack="0"/>
</pin_list>
<bind>
<StgValue><ssdm name=""/></StgValue>
</bind>
</comp>

<comp id="50" class="1001" name="const_50">
<pin_list>
<pin id="51" dir="1" index="0" bw="1" slack="0"/>
</pin_list>
<bind>
<StgValue><ssdm name=""/></StgValue>
</bind>
</comp>

<comp id="52" class="1001" name="const_52">
<pin_list>
<pin id="53" dir="1" index="0" bw="1" slack="0"/>
</pin_list>
<bind>
<StgValue><ssdm name=""/></StgValue>
</bind>
</comp>

<comp id="54" class="1001" name="const_54">
<pin_list>
<pin id="55" dir="1" index="0" bw="1" slack="0"/>
</pin_list>
<bind>
<StgValue><ssdm name="_ssdm_op_BitConcatenate.i18.i7.i11"/></StgValue>
</bind>
</comp>

<comp id="56" class="1001" name="const_56">
<pin_list>
<pin id="57" dir="1" index="0" bw="1" slack="0"/>
</pin_list>
<bind>
<StgValue><ssdm name=""/></StgValue>
</bind>
</comp>

<comp id="58" class="1001" name="const_58">
<pin_list>
<pin id="59" dir="1" index="0" bw="1" slack="0"/>
</pin_list>
<bind>
<StgValue><ssdm name="_ssdm_op_BitConcatenate.i16.i7.i9"/></StgValue>
</bind>
</comp>

<comp id="60" class="1001" name="const_60">
<pin_list>
<pin id="61" dir="1" index="0" bw="1" slack="0"/>
</pin_list>
<bind>
<StgValue><ssdm name="_ssdm_op_BitConcatenate.i11.i9.i2"/></StgValue>
</bind>
</comp>

<comp id="62" class="1001" name="const_62">
<pin_list>
<pin id="63" dir="1" index="0" bw="1" slack="0"/>
</pin_list>
<bind>
<StgValue><ssdm name=""/></StgValue>
</bind>
</comp>

<comp id="64" class="1001" name="const_64">
<pin_list>
<pin id="65" dir="1" index="0" bw="1" slack="0"/>
</pin_list>
<bind>
<StgValue><ssdm name="_ssdm_op_PartSelect.i62.i64.i32.i32"/></StgValue>
</bind>
</comp>

<comp id="66" class="1001" name="const_66">
<pin_list>
<pin id="67" dir="1" index="0" bw="1" slack="0"/>
</pin_list>
<bind>
<StgValue><ssdm name=""/></StgValue>
</bind>
</comp>

<comp id="68" class="1001" name="const_68">
<pin_list>
<pin id="69" dir="1" index="0" bw="1" slack="0"/>
</pin_list>
<bind>
<StgValue><ssdm name=""/></StgValue>
</bind>
</comp>

<comp id="70" class="1001" name="const_70">
<pin_list>
<pin id="71" dir="1" index="0" bw="1" slack="0"/>
</pin_list>
<bind>
<StgValue><ssdm name=""/></StgValue>
</bind>
</comp>

<comp id="72" class="1001" name="const_72">
<pin_list>
<pin id="73" dir="1" index="0" bw="1" slack="0"/>
</pin_list>
<bind>
<StgValue><ssdm name="_ssdm_op_ReadReq.m_axi.i32P1A"/></StgValue>
</bind>
</comp>

<comp id="74" class="1001" name="const_74">
<pin_list>
<pin id="75" dir="1" index="0" bw="1" slack="0"/>
</pin_list>
<bind>
<StgValue><ssdm name=""/></StgValue>
</bind>
</comp>

<comp id="76" class="1001" name="const_76">
<pin_list>
<pin id="77" dir="1" index="0" bw="1" slack="0"/>
</pin_list>
<bind>
<StgValue><ssdm name="_ssdm_op_Read.m_axi.i32P1A"/></StgValue>
</bind>
</comp>

<comp id="78" class="1001" name="const_78">
<pin_list>
<pin id="79" dir="1" index="0" bw="1" slack="2147483647"/>
</pin_list>
<bind>
<StgValue><ssdm name="_ssdm_op_SpecLoopName"/></StgValue>
</bind>
</comp>

<comp id="80" class="1001" name="const_80">
<pin_list>
<pin id="81" dir="1" index="0" bw="1" slack="2147483647"/>
</pin_list>
<bind>
<StgValue><ssdm name="VITIS_LOOP_736_1_VITIS_LOOP_737_2_str"/></StgValue>
</bind>
</comp>

<comp id="82" class="1001" name="const_82">
<pin_list>
<pin id="83" dir="1" index="0" bw="1" slack="2147483647"/>
</pin_list>
<bind>
<StgValue><ssdm name="_ssdm_op_SpecLoopTripCount"/></StgValue>
</bind>
</comp>

<comp id="84" class="1001" name="const_84">
<pin_list>
<pin id="85" dir="1" index="0" bw="1" slack="2147483647"/>
</pin_list>
<bind>
<StgValue><ssdm name=""/></StgValue>
</bind>
</comp>

<comp id="86" class="1001" name="const_86">
<pin_list>
<pin id="87" dir="1" index="0" bw="1" slack="2147483647"/>
</pin_list>
<bind>
<StgValue><ssdm name="_ssdm_op_SpecPipeline"/></StgValue>
</bind>
</comp>

<comp id="88" class="1001" name="const_88">
<pin_list>
<pin id="89" dir="1" index="0" bw="1" slack="0"/>
</pin_list>
<bind>
<StgValue><ssdm name="_ssdm_op_Write.m_axi.p1i32.i32"/></StgValue>
</bind>
</comp>

<comp id="90" class="1001" name="const_90">
<pin_list>
<pin id="91" dir="1" index="0" bw="1" slack="0"/>
</pin_list>
<bind>
<StgValue><ssdm name=""/></StgValue>
</bind>
</comp>

<comp id="92" class="1004" name="v302_fu_92">
<pin_list>
<pin id="93" dir="0" index="0" bw="1" slack="0"/>
<pin id="94" dir="1" index="1" bw="9" slack="0"/>
</pin_list>
<bind>
<opcode="alloca(26) " fcode="alloca"/>
<opset="v302/1 "/>
</bind>
</comp>

<comp id="96" class="1004" name="v301_fu_96">
<pin_list>
<pin id="97" dir="0" index="0" bw="1" slack="0"/>
<pin id="98" dir="1" index="1" bw="7" slack="0"/>
</pin_list>
<bind>
<opcode="alloca(26) " fcode="alloca"/>
<opset="v301/1 "/>
</bind>
</comp>

<comp id="100" class="1004" name="indvar_flatten14342_fu_100">
<pin_list>
<pin id="101" dir="0" index="0" bw="1" slack="0"/>
<pin id="102" dir="1" index="1" bw="15" slack="0"/>
</pin_list>
<bind>
<opcode="alloca(26) " fcode="alloca"/>
<opset="indvar_flatten14342/1 "/>
</bind>
</comp>

<comp id="104" class="1004" name="v1013_read_read_fu_104">
<pin_list>
<pin id="105" dir="0" index="0" bw="64" slack="0"/>
<pin id="106" dir="0" index="1" bw="64" slack="0"/>
<pin id="107" dir="1" index="2" bw="64" slack="0"/>
</pin_list>
<bind>
<opcode="read(1150) " fcode="read"/>
<opset="v1013_read/1 "/>
</bind>
</comp>

<comp id="110" class="1004" name="sext_ln736_read_read_fu_110">
<pin_list>
<pin id="111" dir="0" index="0" bw="62" slack="0"/>
<pin id="112" dir="0" index="1" bw="62" slack="0"/>
<pin id="113" dir="1" index="2" bw="62" slack="0"/>
</pin_list>
<bind>
<opcode="read(1150) " fcode="read"/>
<opset="sext_ln736_read/1 "/>
</bind>
</comp>

<comp id="116" class="1004" name="sext_ln8973_read_fu_116">
<pin_list>
<pin id="117" dir="0" index="0" bw="62" slack="0"/>
<pin id="118" dir="0" index="1" bw="62" slack="0"/>
<pin id="119" dir="1" index="2" bw="62" slack="2147483647"/>
</pin_list>
<bind>
<opcode="read(1150) " fcode="read"/>
<opset="sext_ln8973/1 "/>
</bind>
</comp>

<comp id="122" class="1004" name="grp_readreq_fu_122">
<pin_list>
<pin id="123" dir="0" index="0" bw="1" slack="0"/>
<pin id="124" dir="0" index="1" bw="32" slack="1"/>
<pin id="125" dir="0" index="2" bw="1" slack="0"/>
<pin id="126" dir="1" index="3" bw="1" slack="2147483647"/>
</pin_list>
<bind>
<opcode="readreq(1154) " fcode="readreq"/>
<opset="v303_1_req/2 "/>
</bind>
</comp>

<comp id="129" class="1004" name="v303_read_fu_129">
<pin_list>
<pin id="130" dir="0" index="0" bw="32" slack="0"/>
<pin id="131" dir="0" index="1" bw="32" slack="9"/>
<pin id="132" dir="1" index="2" bw="32" slack="1"/>
</pin_list>
<bind>
<opcode="read(1150) " fcode="read"/>
<opset="v303/10 "/>
</bind>
</comp>

<comp id="134" class="1004" name="write_ln742_write_fu_134">
<pin_list>
<pin id="135" dir="0" index="0" bw="0" slack="0"/>
<pin id="136" dir="0" index="1" bw="32" slack="0"/>
<pin id="137" dir="0" index="2" bw="32" slack="1"/>
<pin id="138" dir="0" index="3" bw="1" slack="0"/>
<pin id="139" dir="1" index="4" bw="0" slack="2147483647"/>
</pin_list>
<bind>
<opcode="write(1151) " fcode="write"/>
<opset="write_ln742/11 "/>
</bind>
</comp>

<comp id="142" class="1004" name="sext_ln736_cast_fu_142">
<pin_list>
<pin id="143" dir="0" index="0" bw="62" slack="0"/>
<pin id="144" dir="1" index="1" bw="64" slack="10"/>
</pin_list>
<bind>
<opcode="sext(35) " fcode="sext"/>
<opset="sext_ln736_cast/1 "/>
</bind>
</comp>

<comp id="146" class="1004" name="store_ln0_store_fu_146">
<pin_list>
<pin id="147" dir="0" index="0" bw="1" slack="0"/>
<pin id="148" dir="0" index="1" bw="15" slack="0"/>
<pin id="149" dir="1" index="2" bw="0" slack="2147483647"/>
</pin_list>
<bind>
<opcode="store(28) " fcode="store"/>
<opset="store_ln0/1 "/>
</bind>
</comp>

<comp id="151" class="1004" name="store_ln736_store_fu_151">
<pin_list>
<pin id="152" dir="0" index="0" bw="1" slack="0"/>
<pin id="153" dir="0" index="1" bw="7" slack="0"/>
<pin id="154" dir="1" index="2" bw="0" slack="2147483647"/>
</pin_list>
<bind>
<opcode="store(28) " fcode="store"/>
<opset="store_ln736/1 "/>
</bind>
</comp>

<comp id="156" class="1004" name="store_ln737_store_fu_156">
<pin_list>
<pin id="157" dir="0" index="0" bw="1" slack="0"/>
<pin id="158" dir="0" index="1" bw="9" slack="0"/>
<pin id="159" dir="1" index="2" bw="0" slack="2147483647"/>
</pin_list>
<bind>
<opcode="store(28) " fcode="store"/>
<opset="store_ln737/1 "/>
</bind>
</comp>

<comp id="161" class="1004" name="indvar_flatten14342_load_load_fu_161">
<pin_list>
<pin id="162" dir="0" index="0" bw="15" slack="0"/>
<pin id="163" dir="1" index="1" bw="15" slack="0"/>
</pin_list>
<bind>
<opcode="load(27) " fcode="load"/>
<opset="indvar_flatten14342_load/1 "/>
</bind>
</comp>

<comp id="164" class="1004" name="icmp_ln736_fu_164">
<pin_list>
<pin id="165" dir="0" index="0" bw="15" slack="0"/>
<pin id="166" dir="0" index="1" bw="14" slack="0"/>
<pin id="167" dir="1" index="2" bw="1" slack="9"/>
</pin_list>
<bind>
<opcode="icmp(45) " fcode="icmp"/>
<opset="icmp_ln736/1 "/>
</bind>
</comp>

<comp id="170" class="1004" name="add_ln736_fu_170">
<pin_list>
<pin id="171" dir="0" index="0" bw="15" slack="0"/>
<pin id="172" dir="0" index="1" bw="1" slack="0"/>
<pin id="173" dir="1" index="2" bw="15" slack="0"/>
</pin_list>
<bind>
<opcode="add(8) " fcode="add"/>
<opset="add_ln736/1 "/>
</bind>
</comp>

<comp id="176" class="1004" name="v302_load_load_fu_176">
<pin_list>
<pin id="177" dir="0" index="0" bw="9" slack="0"/>
<pin id="178" dir="1" index="1" bw="9" slack="0"/>
</pin_list>
<bind>
<opcode="load(27) " fcode="load"/>
<opset="v302_load/1 "/>
</bind>
</comp>

<comp id="179" class="1004" name="v301_load_load_fu_179">
<pin_list>
<pin id="180" dir="0" index="0" bw="7" slack="0"/>
<pin id="181" dir="1" index="1" bw="7" slack="0"/>
</pin_list>
<bind>
<opcode="load(27) " fcode="load"/>
<opset="v301_load/1 "/>
</bind>
</comp>

<comp id="182" class="1004" name="add_ln736_1_fu_182">
<pin_list>
<pin id="183" dir="0" index="0" bw="7" slack="0"/>
<pin id="184" dir="0" index="1" bw="1" slack="0"/>
<pin id="185" dir="1" index="2" bw="7" slack="0"/>
</pin_list>
<bind>
<opcode="add(8) " fcode="add"/>
<opset="add_ln736_1/1 "/>
</bind>
</comp>

<comp id="188" class="1004" name="icmp_ln737_fu_188">
<pin_list>
<pin id="189" dir="0" index="0" bw="9" slack="0"/>
<pin id="190" dir="0" index="1" bw="8" slack="0"/>
<pin id="191" dir="1" index="2" bw="1" slack="0"/>
</pin_list>
<bind>
<opcode="icmp(45) " fcode="icmp"/>
<opset="icmp_ln737/1 "/>
</bind>
</comp>

<comp id="194" class="1004" name="select_ln736_2_fu_194">
<pin_list>
<pin id="195" dir="0" index="0" bw="1" slack="0"/>
<pin id="196" dir="0" index="1" bw="1" slack="0"/>
<pin id="197" dir="0" index="2" bw="9" slack="0"/>
<pin id="198" dir="1" index="3" bw="9" slack="0"/>
</pin_list>
<bind>
<opcode="select(49) " fcode="select"/>
<opset="select_ln736_2/1 "/>
</bind>
</comp>

<comp id="202" class="1004" name="select_ln736_fu_202">
<pin_list>
<pin id="203" dir="0" index="0" bw="1" slack="0"/>
<pin id="204" dir="0" index="1" bw="7" slack="0"/>
<pin id="205" dir="0" index="2" bw="7" slack="0"/>
<pin id="206" dir="1" index="3" bw="7" slack="0"/>
</pin_list>
<bind>
<opcode="select(49) " fcode="select"/>
<opset="select_ln736/1 "/>
</bind>
</comp>

<comp id="210" class="1004" name="p_shl_fu_210">
<pin_list>
<pin id="211" dir="0" index="0" bw="18" slack="0"/>
<pin id="212" dir="0" index="1" bw="7" slack="0"/>
<pin id="213" dir="0" index="2" bw="1" slack="0"/>
<pin id="214" dir="1" index="3" bw="18" slack="0"/>
</pin_list>
<bind>
<opcode="bitconcatenate(1004) " fcode="bitconcatenate"/>
<opset="p_shl/1 "/>
</bind>
</comp>

<comp id="218" class="1004" name="tmp_fu_218">
<pin_list>
<pin id="219" dir="0" index="0" bw="16" slack="0"/>
<pin id="220" dir="0" index="1" bw="7" slack="0"/>
<pin id="221" dir="0" index="2" bw="1" slack="0"/>
<pin id="222" dir="1" index="3" bw="16" slack="0"/>
</pin_list>
<bind>
<opcode="bitconcatenate(1004) " fcode="bitconcatenate"/>
<opset="tmp/1 "/>
</bind>
</comp>

<comp id="226" class="1004" name="zext_ln741_fu_226">
<pin_list>
<pin id="227" dir="0" index="0" bw="16" slack="0"/>
<pin id="228" dir="1" index="1" bw="18" slack="0"/>
</pin_list>
<bind>
<opcode="zext(34) " fcode="zext"/>
<opset="zext_ln741/1 "/>
</bind>
</comp>

<comp id="230" class="1004" name="sub_ln741_fu_230">
<pin_list>
<pin id="231" dir="0" index="0" bw="18" slack="0"/>
<pin id="232" dir="0" index="1" bw="16" slack="0"/>
<pin id="233" dir="1" index="2" bw="18" slack="0"/>
</pin_list>
<bind>
<opcode="sub(10) " fcode="sub"/>
<opset="sub_ln741/1 "/>
</bind>
</comp>

<comp id="236" class="1004" name="zext_ln737_fu_236">
<pin_list>
<pin id="237" dir="0" index="0" bw="18" slack="0"/>
<pin id="238" dir="1" index="1" bw="64" slack="0"/>
</pin_list>
<bind>
<opcode="zext(34) " fcode="zext"/>
<opset="zext_ln737/1 "/>
</bind>
</comp>

<comp id="240" class="1004" name="add_ln741_2_fu_240">
<pin_list>
<pin id="241" dir="0" index="0" bw="18" slack="0"/>
<pin id="242" dir="0" index="1" bw="64" slack="0"/>
<pin id="243" dir="1" index="2" bw="64" slack="0"/>
</pin_list>
<bind>
<opcode="add(8) " fcode="add"/>
<opset="add_ln741_2/1 "/>
</bind>
</comp>

<comp id="246" class="1004" name="tmp4_fu_246">
<pin_list>
<pin id="247" dir="0" index="0" bw="11" slack="0"/>
<pin id="248" dir="0" index="1" bw="9" slack="0"/>
<pin id="249" dir="0" index="2" bw="1" slack="0"/>
<pin id="250" dir="1" index="3" bw="11" slack="0"/>
</pin_list>
<bind>
<opcode="bitconcatenate(1004) " fcode="bitconcatenate"/>
<opset="tmp4/1 "/>
</bind>
</comp>

<comp id="254" class="1004" name="zext_ln741_1_fu_254">
<pin_list>
<pin id="255" dir="0" index="0" bw="11" slack="0"/>
<pin id="256" dir="1" index="1" bw="64" slack="0"/>
</pin_list>
<bind>
<opcode="zext(34) " fcode="zext"/>
<opset="zext_ln741_1/1 "/>
</bind>
</comp>

<comp id="258" class="1004" name="add_ln741_fu_258">
<pin_list>
<pin id="259" dir="0" index="0" bw="11" slack="0"/>
<pin id="260" dir="0" index="1" bw="64" slack="0"/>
<pin id="261" dir="1" index="2" bw="64" slack="0"/>
</pin_list>
<bind>
<opcode="add(8) " fcode="add"/>
<opset="add_ln741/1 "/>
</bind>
</comp>

<comp id="264" class="1004" name="trunc_ln741_5_fu_264">
<pin_list>
<pin id="265" dir="0" index="0" bw="62" slack="0"/>
<pin id="266" dir="0" index="1" bw="64" slack="0"/>
<pin id="267" dir="0" index="2" bw="3" slack="0"/>
<pin id="268" dir="0" index="3" bw="7" slack="0"/>
<pin id="269" dir="1" index="4" bw="62" slack="0"/>
</pin_list>
<bind>
<opcode="partselect(1002) " fcode="partselect"/>
<opset="trunc_ln741_5/1 "/>
</bind>
</comp>

<comp id="274" class="1004" name="sext_ln741_fu_274">
<pin_list>
<pin id="275" dir="0" index="0" bw="62" slack="0"/>
<pin id="276" dir="1" index="1" bw="64" slack="0"/>
</pin_list>
<bind>
<opcode="sext(35) " fcode="sext"/>
<opset="sext_ln741/1 "/>
</bind>
</comp>

<comp id="278" class="1004" name="g0_addr_65_fu_278">
<pin_list>
<pin id="279" dir="0" index="0" bw="32" slack="0"/>
<pin id="280" dir="0" index="1" bw="62" slack="0"/>
<pin id="281" dir="1" index="2" bw="32" slack="1"/>
</pin_list>
<bind>
<opcode="getelementptr(29) " fcode="getelementptr"/>
<opset="g0_addr_65/1 "/>
</bind>
</comp>

<comp id="284" class="1004" name="add_ln737_fu_284">
<pin_list>
<pin id="285" dir="0" index="0" bw="9" slack="0"/>
<pin id="286" dir="0" index="1" bw="1" slack="0"/>
<pin id="287" dir="1" index="2" bw="9" slack="0"/>
</pin_list>
<bind>
<opcode="add(8) " fcode="add"/>
<opset="add_ln737/1 "/>
</bind>
</comp>

<comp id="290" class="1004" name="store_ln736_store_fu_290">
<pin_list>
<pin id="291" dir="0" index="0" bw="15" slack="0"/>
<pin id="292" dir="0" index="1" bw="15" slack="0"/>
<pin id="293" dir="1" index="2" bw="0" slack="2147483647"/>
</pin_list>
<bind>
<opcode="store(28) " fcode="store"/>
<opset="store_ln736/1 "/>
</bind>
</comp>

<comp id="295" class="1004" name="store_ln736_store_fu_295">
<pin_list>
<pin id="296" dir="0" index="0" bw="7" slack="0"/>
<pin id="297" dir="0" index="1" bw="7" slack="0"/>
<pin id="298" dir="1" index="2" bw="0" slack="2147483647"/>
</pin_list>
<bind>
<opcode="store(28) " fcode="store"/>
<opset="store_ln736/1 "/>
</bind>
</comp>

<comp id="300" class="1004" name="store_ln737_store_fu_300">
<pin_list>
<pin id="301" dir="0" index="0" bw="9" slack="0"/>
<pin id="302" dir="0" index="1" bw="9" slack="0"/>
<pin id="303" dir="1" index="2" bw="0" slack="2147483647"/>
</pin_list>
<bind>
<opcode="store(28) " fcode="store"/>
<opset="store_ln737/1 "/>
</bind>
</comp>

<comp id="305" class="1004" name="g0_addr_fu_305">
<pin_list>
<pin id="306" dir="0" index="0" bw="32" slack="0"/>
<pin id="307" dir="0" index="1" bw="62" slack="10"/>
<pin id="308" dir="1" index="2" bw="32" slack="0"/>
</pin_list>
<bind>
<opcode="getelementptr(29) " fcode="getelementptr"/>
<opset="g0_addr/11 "/>
</bind>
</comp>

<comp id="311" class="1005" name="v302_reg_311">
<pin_list>
<pin id="312" dir="0" index="0" bw="9" slack="0"/>
<pin id="313" dir="1" index="1" bw="9" slack="0"/>
</pin_list>
<bind>
<opset="v302 "/>
</bind>
</comp>

<comp id="318" class="1005" name="v301_reg_318">
<pin_list>
<pin id="319" dir="0" index="0" bw="7" slack="0"/>
<pin id="320" dir="1" index="1" bw="7" slack="0"/>
</pin_list>
<bind>
<opset="v301 "/>
</bind>
</comp>

<comp id="325" class="1005" name="indvar_flatten14342_reg_325">
<pin_list>
<pin id="326" dir="0" index="0" bw="15" slack="0"/>
<pin id="327" dir="1" index="1" bw="15" slack="0"/>
</pin_list>
<bind>
<opset="indvar_flatten14342 "/>
</bind>
</comp>

<comp id="332" class="1005" name="sext_ln736_cast_reg_332">
<pin_list>
<pin id="333" dir="0" index="0" bw="64" slack="10"/>
<pin id="334" dir="1" index="1" bw="64" slack="10"/>
</pin_list>
<bind>
<opset="sext_ln736_cast "/>
</bind>
</comp>

<comp id="337" class="1005" name="icmp_ln736_reg_337">
<pin_list>
<pin id="338" dir="0" index="0" bw="1" slack="9"/>
<pin id="339" dir="1" index="1" bw="1" slack="2147483647"/>
</pin_list>
<bind>
<opset="icmp_ln736 "/>
</bind>
</comp>

<comp id="341" class="1005" name="g0_addr_65_reg_341">
<pin_list>
<pin id="342" dir="0" index="0" bw="32" slack="1"/>
<pin id="343" dir="1" index="1" bw="32" slack="1"/>
</pin_list>
<bind>
<opset="g0_addr_65 "/>
</bind>
</comp>

<comp id="347" class="1005" name="v303_reg_347">
<pin_list>
<pin id="348" dir="0" index="0" bw="32" slack="1"/>
<pin id="349" dir="1" index="1" bw="32" slack="1"/>
</pin_list>
<bind>
<opset="v303 "/>
</bind>
</comp>

</comp_list>

<net_list>
<net id="95"><net_src comp="8" pin="0"/><net_sink comp="92" pin=0"/></net>

<net id="99"><net_src comp="8" pin="0"/><net_sink comp="96" pin=0"/></net>

<net id="103"><net_src comp="8" pin="0"/><net_sink comp="100" pin=0"/></net>

<net id="108"><net_src comp="10" pin="0"/><net_sink comp="104" pin=0"/></net>

<net id="109"><net_src comp="6" pin="0"/><net_sink comp="104" pin=1"/></net>

<net id="114"><net_src comp="12" pin="0"/><net_sink comp="110" pin=0"/></net>

<net id="115"><net_src comp="4" pin="0"/><net_sink comp="110" pin=1"/></net>

<net id="120"><net_src comp="12" pin="0"/><net_sink comp="116" pin=0"/></net>

<net id="121"><net_src comp="2" pin="0"/><net_sink comp="116" pin=1"/></net>

<net id="127"><net_src comp="72" pin="0"/><net_sink comp="122" pin=0"/></net>

<net id="128"><net_src comp="74" pin="0"/><net_sink comp="122" pin=2"/></net>

<net id="133"><net_src comp="76" pin="0"/><net_sink comp="129" pin=0"/></net>

<net id="140"><net_src comp="88" pin="0"/><net_sink comp="134" pin=0"/></net>

<net id="141"><net_src comp="90" pin="0"/><net_sink comp="134" pin=3"/></net>

<net id="145"><net_src comp="110" pin="2"/><net_sink comp="142" pin=0"/></net>

<net id="150"><net_src comp="38" pin="0"/><net_sink comp="146" pin=0"/></net>

<net id="155"><net_src comp="40" pin="0"/><net_sink comp="151" pin=0"/></net>

<net id="160"><net_src comp="42" pin="0"/><net_sink comp="156" pin=0"/></net>

<net id="168"><net_src comp="161" pin="1"/><net_sink comp="164" pin=0"/></net>

<net id="169"><net_src comp="46" pin="0"/><net_sink comp="164" pin=1"/></net>

<net id="174"><net_src comp="161" pin="1"/><net_sink comp="170" pin=0"/></net>

<net id="175"><net_src comp="48" pin="0"/><net_sink comp="170" pin=1"/></net>

<net id="186"><net_src comp="179" pin="1"/><net_sink comp="182" pin=0"/></net>

<net id="187"><net_src comp="50" pin="0"/><net_sink comp="182" pin=1"/></net>

<net id="192"><net_src comp="176" pin="1"/><net_sink comp="188" pin=0"/></net>

<net id="193"><net_src comp="52" pin="0"/><net_sink comp="188" pin=1"/></net>

<net id="199"><net_src comp="188" pin="2"/><net_sink comp="194" pin=0"/></net>

<net id="200"><net_src comp="42" pin="0"/><net_sink comp="194" pin=1"/></net>

<net id="201"><net_src comp="176" pin="1"/><net_sink comp="194" pin=2"/></net>

<net id="207"><net_src comp="188" pin="2"/><net_sink comp="202" pin=0"/></net>

<net id="208"><net_src comp="182" pin="2"/><net_sink comp="202" pin=1"/></net>

<net id="209"><net_src comp="179" pin="1"/><net_sink comp="202" pin=2"/></net>

<net id="215"><net_src comp="54" pin="0"/><net_sink comp="210" pin=0"/></net>

<net id="216"><net_src comp="202" pin="3"/><net_sink comp="210" pin=1"/></net>

<net id="217"><net_src comp="56" pin="0"/><net_sink comp="210" pin=2"/></net>

<net id="223"><net_src comp="58" pin="0"/><net_sink comp="218" pin=0"/></net>

<net id="224"><net_src comp="202" pin="3"/><net_sink comp="218" pin=1"/></net>

<net id="225"><net_src comp="42" pin="0"/><net_sink comp="218" pin=2"/></net>

<net id="229"><net_src comp="218" pin="3"/><net_sink comp="226" pin=0"/></net>

<net id="234"><net_src comp="210" pin="3"/><net_sink comp="230" pin=0"/></net>

<net id="235"><net_src comp="226" pin="1"/><net_sink comp="230" pin=1"/></net>

<net id="239"><net_src comp="230" pin="2"/><net_sink comp="236" pin=0"/></net>

<net id="244"><net_src comp="236" pin="1"/><net_sink comp="240" pin=0"/></net>

<net id="245"><net_src comp="104" pin="2"/><net_sink comp="240" pin=1"/></net>

<net id="251"><net_src comp="60" pin="0"/><net_sink comp="246" pin=0"/></net>

<net id="252"><net_src comp="194" pin="3"/><net_sink comp="246" pin=1"/></net>

<net id="253"><net_src comp="62" pin="0"/><net_sink comp="246" pin=2"/></net>

<net id="257"><net_src comp="246" pin="3"/><net_sink comp="254" pin=0"/></net>

<net id="262"><net_src comp="254" pin="1"/><net_sink comp="258" pin=0"/></net>

<net id="263"><net_src comp="240" pin="2"/><net_sink comp="258" pin=1"/></net>

<net id="270"><net_src comp="64" pin="0"/><net_sink comp="264" pin=0"/></net>

<net id="271"><net_src comp="258" pin="2"/><net_sink comp="264" pin=1"/></net>

<net id="272"><net_src comp="66" pin="0"/><net_sink comp="264" pin=2"/></net>

<net id="273"><net_src comp="68" pin="0"/><net_sink comp="264" pin=3"/></net>

<net id="277"><net_src comp="264" pin="4"/><net_sink comp="274" pin=0"/></net>

<net id="282"><net_src comp="0" pin="0"/><net_sink comp="278" pin=0"/></net>

<net id="283"><net_src comp="274" pin="1"/><net_sink comp="278" pin=1"/></net>

<net id="288"><net_src comp="194" pin="3"/><net_sink comp="284" pin=0"/></net>

<net id="289"><net_src comp="70" pin="0"/><net_sink comp="284" pin=1"/></net>

<net id="294"><net_src comp="170" pin="2"/><net_sink comp="290" pin=0"/></net>

<net id="299"><net_src comp="202" pin="3"/><net_sink comp="295" pin=0"/></net>

<net id="304"><net_src comp="284" pin="2"/><net_sink comp="300" pin=0"/></net>

<net id="309"><net_src comp="0" pin="0"/><net_sink comp="305" pin=0"/></net>

<net id="310"><net_src comp="305" pin="2"/><net_sink comp="134" pin=1"/></net>

<net id="314"><net_src comp="92" pin="1"/><net_sink comp="311" pin=0"/></net>

<net id="315"><net_src comp="311" pin="1"/><net_sink comp="156" pin=1"/></net>

<net id="316"><net_src comp="311" pin="1"/><net_sink comp="176" pin=0"/></net>

<net id="317"><net_src comp="311" pin="1"/><net_sink comp="300" pin=1"/></net>

<net id="321"><net_src comp="96" pin="1"/><net_sink comp="318" pin=0"/></net>

<net id="322"><net_src comp="318" pin="1"/><net_sink comp="151" pin=1"/></net>

<net id="323"><net_src comp="318" pin="1"/><net_sink comp="179" pin=0"/></net>

<net id="324"><net_src comp="318" pin="1"/><net_sink comp="295" pin=1"/></net>

<net id="328"><net_src comp="100" pin="1"/><net_sink comp="325" pin=0"/></net>

<net id="329"><net_src comp="325" pin="1"/><net_sink comp="146" pin=1"/></net>

<net id="330"><net_src comp="325" pin="1"/><net_sink comp="161" pin=0"/></net>

<net id="331"><net_src comp="325" pin="1"/><net_sink comp="290" pin=1"/></net>

<net id="335"><net_src comp="142" pin="1"/><net_sink comp="332" pin=0"/></net>

<net id="336"><net_src comp="332" pin="1"/><net_sink comp="305" pin=1"/></net>

<net id="340"><net_src comp="164" pin="2"/><net_sink comp="337" pin=0"/></net>

<net id="344"><net_src comp="278" pin="2"/><net_sink comp="341" pin=0"/></net>

<net id="345"><net_src comp="341" pin="1"/><net_sink comp="122" pin=1"/></net>

<net id="346"><net_src comp="341" pin="1"/><net_sink comp="129" pin=1"/></net>

<net id="350"><net_src comp="129" pin="2"/><net_sink comp="347" pin=0"/></net>

<net id="351"><net_src comp="347" pin="1"/><net_sink comp="134" pin=2"/></net>

</net_list>

</model> 
---------------- Datapath Model END ------------------

* FSMD analyzer results:
  - Output states:
	Port: g0 | {11 }
 - Input state : 
	Port: control_Pipeline_VITIS_LOOP_736_1_VITIS_LOOP_737_215 : g0 | {2 3 4 5 6 7 8 9 10 }
	Port: control_Pipeline_VITIS_LOOP_736_1_VITIS_LOOP_737_215 : sext_ln897 | {1 }
	Port: control_Pipeline_VITIS_LOOP_736_1_VITIS_LOOP_737_215 : sext_ln736 | {1 }
	Port: control_Pipeline_VITIS_LOOP_736_1_VITIS_LOOP_737_215 : v1013 | {1 }
  - Chain level:
	State 1
		store_ln0 : 1
		store_ln736 : 1
		store_ln737 : 1
		indvar_flatten14342_load : 1
		icmp_ln736 : 2
		add_ln736 : 2
		br_ln736 : 3
		v302_load : 1
		v301_load : 1
		add_ln736_1 : 2
		icmp_ln737 : 2
		select_ln736_2 : 3
		select_ln736 : 3
		p_shl : 4
		tmp : 4
		zext_ln741 : 5
		sub_ln741 : 6
		zext_ln737 : 7
		add_ln741_2 : 8
		tmp4 : 4
		zext_ln741_1 : 5
		add_ln741 : 9
		trunc_ln741_5 : 10
		sext_ln741 : 11
		g0_addr_65 : 12
		add_ln737 : 4
		store_ln736 : 3
		store_ln736 : 4
		store_ln737 : 5
	State 2
	State 3
	State 4
	State 5
	State 6
	State 7
	State 8
	State 9
	State 10
	State 11
		write_ln742 : 1


============================================================
+ Verbose Summary: Datapath Resource usage 
============================================================

* Functional unit list:
|----------|-----------------------------|---------|---------|
| Operation|       Functional Unit       |    FF   |   LUT   |
|----------|-----------------------------|---------|---------|
|          |       add_ln736_fu_170      |    0    |    22   |
|          |      add_ln736_1_fu_182     |    0    |    14   |
|    add   |      add_ln741_2_fu_240     |    0    |    64   |
|          |       add_ln741_fu_258      |    0    |    64   |
|          |       add_ln737_fu_284      |    0    |    16   |
|----------|-----------------------------|---------|---------|
|   icmp   |      icmp_ln736_fu_164      |    0    |    22   |
|          |      icmp_ln737_fu_188      |    0    |    16   |
|----------|-----------------------------|---------|---------|
|    sub   |       sub_ln741_fu_230      |    0    |    25   |
|----------|-----------------------------|---------|---------|
|  select  |    select_ln736_2_fu_194    |    0    |    9    |
|          |     select_ln736_fu_202     |    0    |    7    |
|----------|-----------------------------|---------|---------|
|          |    v1013_read_read_fu_104   |    0    |    0    |
|   read   | sext_ln736_read_read_fu_110 |    0    |    0    |
|          |   sext_ln8973_read_fu_116   |    0    |    0    |
|          |       v303_read_fu_129      |    0    |    0    |
|----------|-----------------------------|---------|---------|
|  readreq |      grp_readreq_fu_122     |    0    |    0    |
|----------|-----------------------------|---------|---------|
|   write  |   write_ln742_write_fu_134  |    0    |    0    |
|----------|-----------------------------|---------|---------|
|   sext   |    sext_ln736_cast_fu_142   |    0    |    0    |
|          |      sext_ln741_fu_274      |    0    |    0    |
|----------|-----------------------------|---------|---------|
|          |         p_shl_fu_210        |    0    |    0    |
|bitconcatenate|          tmp_fu_218         |    0    |    0    |
|          |         tmp4_fu_246         |    0    |    0    |
|----------|-----------------------------|---------|---------|
|          |      zext_ln741_fu_226      |    0    |    0    |
|   zext   |      zext_ln737_fu_236      |    0    |    0    |
|          |     zext_ln741_1_fu_254     |    0    |    0    |
|----------|-----------------------------|---------|---------|
|partselect|     trunc_ln741_5_fu_264    |    0    |    0    |
|----------|-----------------------------|---------|---------|
|   Total  |                             |    0    |   259   |
|----------|-----------------------------|---------|---------|

Memories:
N/A

* Register list:
+---------------------------+--------+
|                           |   FF   |
+---------------------------+--------+
|     g0_addr_65_reg_341    |   32   |
|     icmp_ln736_reg_337    |    1   |
|indvar_flatten14342_reg_325|   15   |
|  sext_ln736_cast_reg_332  |   64   |
|        v301_reg_318       |    7   |
|        v302_reg_311       |    9   |
|        v303_reg_347       |   32   |
+---------------------------+--------+
|           Total           |   160  |
+---------------------------+--------+

* Multiplexer (MUX) list: 
|--------|------|------|------|--------|
|  Comp  |  Pin | Size |  BW  | S x BW |
|--------|------|------|------|--------|
|  Total |      |      |      |    0   |
|--------|------|------|------|--------|



* Summary:
+-----------+--------+--------+
|           |   FF   |   LUT  |
+-----------+--------+--------+
|  Function |    0   |   259  |
|   Memory  |    -   |    -   |
|Multiplexer|    -   |    -   |
|  Register |   160  |    -   |
+-----------+--------+--------+
|   Total   |   160  |   259  |
+-----------+--------+--------+
