

================================================================
== Vitis HLS Report for 'control_Pipeline_VITIS_LOOP_269_1_VITIS_LOOP_270_2_VITIS_LOOP_271_340'
================================================================
* Date:           Sun Jul 12 20:26:12 2026

* Version:        2025.2 (Build 6295257 on Nov 14 2025)
* Project:        spikingformer_proj
* Solution:       solution1 (Vivado IP Flow Target)
* Product family: zynquplus
* Target device:  xczu7ev-ffvc1156-2-e


================================================================
== Performance Estimates
================================================================
+ Timing: 
    * Summary: 
    +--------+----------+----------+------------+
    |  Clock |  Target  | Estimated| Uncertainty|
    +--------+----------+----------+------------+
    |ap_clk  |  10.00 ns|  7.300 ns|     2.70 ns|
    +--------+----------+----------+------------+

+ Latency: 
    * Summary: 
    +---------+---------+----------+----------+-----+-----+-------------------+
    |  Latency (cycles) |  Latency (absolute) |  Interval |      Pipeline     |
    |   min   |   max   |    min   |    max   | min | max |        Type       |
    +---------+---------+----------+----------+-----+-----+-------------------+
    |    98322|    98322|  0.983 ms|  0.983 ms|    0|    0|  loop pipeline stp|
    +---------+---------+----------+----------+-----+-----+-------------------+

    + Detail: 
        * Instance: 
        N/A

        * Loop: 
        +------------------------------------------------------+---------+---------+----------+-----------+-----------+-------+----------+
        |                                                      |  Latency (cycles) | Iteration|  Initiation Interval  |  Trip |          |
        |                       Loop Name                      |   min   |   max   |  Latency |  achieved |   target  | Count | Pipelined|
        +------------------------------------------------------+---------+---------+----------+-----------+-----------+-------+----------+
        |- VITIS_LOOP_269_1_VITIS_LOOP_270_2_VITIS_LOOP_271_3  |    98320|    98320|        18|          1|          1|  98304|       yes|
        +------------------------------------------------------+---------+---------+----------+-----------+-----------+-------+----------+

============================================================
+ Verbose Summary: Synthesis Manager
============================================================
InlineROM: 1
ExposeGlobal: 0
============================================================
+ Verbose Summary: CDFG Model
============================================================
IsTopModel: 0
ResetActiveHigh: 1
IsCombinational: 0
IsDatapathOnly: 0
HasWiredReturn: 1
HasMFsm: 2
HasVarLatency: 1
IsPipeline: 0
IsRtlPipelined: 0
IsInstanceOverlapped: 0
IsDontTouch: 0
HasImplIP: 0
IsGatedGlobalClock: 0

+ Individual pipeline summary: 
  * Pipeline-0: initiation interval (II) = 1, depth = 19


============================================================
+ Verbose Summary: Schedule
============================================================
* Number of FSM states : 19
* Pipeline : 1
  Pipeline-0 : II = 1, D = 19, States = { 1 2 3 4 5 6 7 8 9 10 11 12 13 14 15 16 17 18 19 }
* Dataflow Pipeline: 0

* FSM state transitions: 
1 --> 2 
2 --> 3 
3 --> 4 
4 --> 5 
5 --> 6 
6 --> 7 
7 --> 8 
8 --> 9 
9 --> 10 
10 --> 11 
11 --> 12 
12 --> 13 
13 --> 14 
14 --> 15 
15 --> 16 
16 --> 17 
17 --> 18 
18 --> 19 
19 --> 

* FSM state operations: 

State 1 <SV = 0> <Delay = 0.42>
ST_1 : Operation 21 [1/1] (0.00ns)   --->   "%v106 = alloca i32 1" [spikingformer_official.cpp:271->spikingformer_official.cpp:2968]   --->   Operation 21 'alloca' 'v106' <Predicate = true> <Delay = 0.00>
ST_1 : Operation 22 [1/1] (0.00ns)   --->   "%v105 = alloca i32 1" [spikingformer_official.cpp:270->spikingformer_official.cpp:2968]   --->   Operation 22 'alloca' 'v105' <Predicate = true> <Delay = 0.00>
ST_1 : Operation 23 [1/1] (0.00ns)   --->   "%indvar_flatten14654 = alloca i32 1"   --->   Operation 23 'alloca' 'indvar_flatten14654' <Predicate = true> <Delay = 0.00>
ST_1 : Operation 24 [1/1] (0.00ns)   --->   "%v104 = alloca i32 1" [spikingformer_official.cpp:269->spikingformer_official.cpp:2968]   --->   Operation 24 'alloca' 'v104' <Predicate = true> <Delay = 0.00>
ST_1 : Operation 25 [1/1] (0.00ns)   --->   "%indvar_flatten14667 = alloca i32 1"   --->   Operation 25 'alloca' 'indvar_flatten14667' <Predicate = true> <Delay = 0.00>
ST_1 : Operation 26 [1/1] (0.00ns)   --->   "%v1046_read = read i64 @_ssdm_op_Read.ap_auto.i64, i64 %v1046"   --->   Operation 26 'read' 'v1046_read' <Predicate = true> <Delay = 0.00>
ST_1 : Operation 27 [1/1] (0.00ns)   --->   "%sext_ln703_16 = read i62 @_ssdm_op_Read.ap_auto.i62, i62 %sext_ln703_1"   --->   Operation 27 'read' 'sext_ln703_16' <Predicate = true> <Delay = 0.00>
ST_1 : Operation 28 [1/1] (0.00ns)   --->   "%specstablecontent_ln0 = specstablecontent void @_ssdm_op_SpecStableContent, i32 %g0, i1 1, void "   --->   Operation 28 'specstablecontent' 'specstablecontent_ln0' <Predicate = true> <Delay = 0.00>
ST_1 : Operation 29 [1/1] (0.00ns)   --->   "%specinterface_ln0 = specinterface void @_ssdm_op_SpecInterface, i32 %g0, void @empty_26, i32 0, i32 0, void @empty_35, i32 0, i32 0, void @empty_22, void @empty_25, void @empty_35, i32 16, i32 16, i32 16, i32 16, void @empty_35, void @empty_35, i32 4294967295, i32 0, i32 0, i32 4"   --->   Operation 29 'specinterface' 'specinterface_ln0' <Predicate = true> <Delay = 0.00>
ST_1 : Operation 30 [1/1] (0.42ns)   --->   "%store_ln0 = store i17 0, i17 %indvar_flatten14667"   --->   Operation 30 'store' 'store_ln0' <Predicate = true> <Delay = 0.42>
ST_1 : Operation 31 [1/1] (0.42ns)   --->   "%store_ln269 = store i11 0, i11 %v104" [spikingformer_official.cpp:269->spikingformer_official.cpp:2968]   --->   Operation 31 'store' 'store_ln269' <Predicate = true> <Delay = 0.42>
ST_1 : Operation 32 [1/1] (0.42ns)   --->   "%store_ln0 = store i8 0, i8 %indvar_flatten14654"   --->   Operation 32 'store' 'store_ln0' <Predicate = true> <Delay = 0.42>
ST_1 : Operation 33 [1/1] (0.42ns)   --->   "%store_ln270 = store i4 0, i4 %v105" [spikingformer_official.cpp:270->spikingformer_official.cpp:2968]   --->   Operation 33 'store' 'store_ln270' <Predicate = true> <Delay = 0.42>
ST_1 : Operation 34 [1/1] (0.42ns)   --->   "%store_ln271 = store i4 0, i4 %v106" [spikingformer_official.cpp:271->spikingformer_official.cpp:2968]   --->   Operation 34 'store' 'store_ln271' <Predicate = true> <Delay = 0.42>
ST_1 : Operation 35 [1/1] (0.00ns)   --->   "%br_ln0 = br void %for.body8.i1663"   --->   Operation 35 'br' 'br_ln0' <Predicate = true> <Delay = 0.00>

State 2 <SV = 1> <Delay = 3.16>
ST_2 : Operation 36 [1/1] (0.00ns)   --->   "%indvar_flatten14667_load = load i17 %indvar_flatten14667" [spikingformer_official.cpp:269->spikingformer_official.cpp:2968]   --->   Operation 36 'load' 'indvar_flatten14667_load' <Predicate = true> <Delay = 0.00>
ST_2 : Operation 37 [1/1] (0.00ns)   --->   "%specbitsmap_ln0 = specbitsmap void @_ssdm_op_SpecBitsMap, i32 %g0"   --->   Operation 37 'specbitsmap' 'specbitsmap_ln0' <Predicate = true> <Delay = 0.00>
ST_2 : Operation 38 [1/1] (0.86ns)   --->   "%icmp_ln269 = icmp_eq  i17 %indvar_flatten14667_load, i17 98304" [spikingformer_official.cpp:269->spikingformer_official.cpp:2968]   --->   Operation 38 'icmp' 'icmp_ln269' <Predicate = true> <Delay = 0.86> <CoreInst = "Cmp">   --->   Core 9 'Cmp' <Latency = 0> <II = 1> <Delay = 0.86> <FuncUnit> <Opcode : 'seteq' 'setne' 'setle' 'setge' 'setlt' 'setgt'> <InPorts = 2> <OutPorts = 1>
ST_2 : Operation 39 [1/1] (0.86ns)   --->   "%add_ln269 = add i17 %indvar_flatten14667_load, i17 1" [spikingformer_official.cpp:269->spikingformer_official.cpp:2968]   --->   Operation 39 'add' 'add_ln269' <Predicate = true> <Delay = 0.86> <CoreInst = "Adder">   --->   Core 1 'Adder' <Latency = 0> <II = 1> <Delay = 0.86> <FuncUnit> <Opcode : 'add' 'sub'> <InPorts = 2> <OutPorts = 1>
ST_2 : Operation 40 [1/1] (0.00ns)   --->   "%br_ln269 = br i1 %icmp_ln269, void %for.inc25.i1669, void %for.body8.i1682.preheader.exitStub" [spikingformer_official.cpp:269->spikingformer_official.cpp:2968]   --->   Operation 40 'br' 'br_ln269' <Predicate = true> <Delay = 0.00>
ST_2 : Operation 41 [1/1] (0.00ns)   --->   "%v106_load = load i4 %v106" [spikingformer_official.cpp:271->spikingformer_official.cpp:2968]   --->   Operation 41 'load' 'v106_load' <Predicate = (!icmp_ln269)> <Delay = 0.00>
ST_2 : Operation 42 [1/1] (0.00ns)   --->   "%v105_load = load i4 %v105" [spikingformer_official.cpp:269->spikingformer_official.cpp:2968]   --->   Operation 42 'load' 'v105_load' <Predicate = (!icmp_ln269)> <Delay = 0.00>
ST_2 : Operation 43 [1/1] (0.00ns)   --->   "%indvar_flatten14654_load = load i8 %indvar_flatten14654" [spikingformer_official.cpp:270->spikingformer_official.cpp:2968]   --->   Operation 43 'load' 'indvar_flatten14654_load' <Predicate = (!icmp_ln269)> <Delay = 0.00>
ST_2 : Operation 44 [1/1] (0.00ns)   --->   "%v104_load = load i11 %v104" [spikingformer_official.cpp:269->spikingformer_official.cpp:2968]   --->   Operation 44 'load' 'v104_load' <Predicate = (!icmp_ln269)> <Delay = 0.00>
ST_2 : Operation 45 [1/1] (0.79ns)   --->   "%add_ln269_2 = add i11 %v104_load, i11 1" [spikingformer_official.cpp:269->spikingformer_official.cpp:2968]   --->   Operation 45 'add' 'add_ln269_2' <Predicate = (!icmp_ln269)> <Delay = 0.79> <CoreInst = "Adder">   --->   Core 1 'Adder' <Latency = 0> <II = 1> <Delay = 0.79> <FuncUnit> <Opcode : 'add' 'sub'> <InPorts = 2> <OutPorts = 1>
ST_2 : Operation 46 [1/1] (0.76ns)   --->   "%icmp_ln270 = icmp_eq  i8 %indvar_flatten14654_load, i8 64" [spikingformer_official.cpp:270->spikingformer_official.cpp:2968]   --->   Operation 46 'icmp' 'icmp_ln270' <Predicate = (!icmp_ln269)> <Delay = 0.76> <CoreInst = "Cmp">   --->   Core 9 'Cmp' <Latency = 0> <II = 1> <Delay = 0.76> <FuncUnit> <Opcode : 'seteq' 'setne' 'setle' 'setge' 'setlt' 'setgt'> <InPorts = 2> <OutPorts = 1>
ST_2 : Operation 47 [1/1] (0.39ns)   --->   "%select_ln269 = select i1 %icmp_ln270, i4 0, i4 %v105_load" [spikingformer_official.cpp:269->spikingformer_official.cpp:2968]   --->   Operation 47 'select' 'select_ln269' <Predicate = (!icmp_ln269)> <Delay = 0.39> <CoreInst = "Sel">   --->   Core 73 'Sel' <Latency = 0> <II = 1> <Delay = 0.39> <FuncUnit> <Opcode : 'select'> <InPorts = 3> <OutPorts = 1>
ST_2 : Operation 48 [1/1] (0.00ns) (grouped into LUT with out node and_ln269)   --->   "%xor_ln269 = xor i1 %icmp_ln270, i1 1" [spikingformer_official.cpp:269->spikingformer_official.cpp:2968]   --->   Operation 48 'xor' 'xor_ln269' <Predicate = (!icmp_ln269)> <Delay = 0.00> <CoreInst = "LogicGate">   --->   Core 74 'LogicGate' <Latency = 0> <II = 1> <Delay = 0.28> <FuncUnit> <Opcode : 'and' 'or' 'xor'> <InPorts = 2> <OutPorts = 1>
ST_2 : Operation 49 [1/1] (0.79ns)   --->   "%icmp_ln271 = icmp_eq  i4 %v106_load, i4 8" [spikingformer_official.cpp:271->spikingformer_official.cpp:2968]   --->   Operation 49 'icmp' 'icmp_ln271' <Predicate = (!icmp_ln269)> <Delay = 0.79> <CoreInst = "Cmp">   --->   Core 9 'Cmp' <Latency = 0> <II = 1> <Delay = 0.79> <FuncUnit> <Opcode : 'seteq' 'setne' 'setle' 'setge' 'setlt' 'setgt'> <InPorts = 2> <OutPorts = 1>
ST_2 : Operation 50 [1/1] (0.28ns) (out node of the LUT)   --->   "%and_ln269 = and i1 %icmp_ln271, i1 %xor_ln269" [spikingformer_official.cpp:269->spikingformer_official.cpp:2968]   --->   Operation 50 'and' 'and_ln269' <Predicate = (!icmp_ln269)> <Delay = 0.28> <CoreInst = "LogicGate">   --->   Core 74 'LogicGate' <Latency = 0> <II = 1> <Delay = 0.28> <FuncUnit> <Opcode : 'and' 'or' 'xor'> <InPorts = 2> <OutPorts = 1>
ST_2 : Operation 51 [1/1] (0.38ns)   --->   "%select_ln269_2 = select i1 %icmp_ln270, i11 %add_ln269_2, i11 %v104_load" [spikingformer_official.cpp:269->spikingformer_official.cpp:2968]   --->   Operation 51 'select' 'select_ln269_2' <Predicate = (!icmp_ln269)> <Delay = 0.38> <CoreInst = "Sel">   --->   Core 73 'Sel' <Latency = 0> <II = 1> <Delay = 0.38> <FuncUnit> <Opcode : 'select'> <InPorts = 3> <OutPorts = 1>
ST_2 : Operation 52 [1/1] (0.79ns)   --->   "%add_ln270 = add i4 %select_ln269, i4 1" [spikingformer_official.cpp:270->spikingformer_official.cpp:2968]   --->   Operation 52 'add' 'add_ln270' <Predicate = (!icmp_ln269)> <Delay = 0.79> <CoreInst = "Adder">   --->   Core 1 'Adder' <Latency = 0> <II = 1> <Delay = 0.79> <FuncUnit> <Opcode : 'add' 'sub'> <InPorts = 2> <OutPorts = 1>
ST_2 : Operation 53 [1/1] (0.00ns) (grouped into LUT with out node v106_2_mid2)   --->   "%empty = or i1 %and_ln269, i1 %icmp_ln270" [spikingformer_official.cpp:269->spikingformer_official.cpp:2968]   --->   Operation 53 'or' 'empty' <Predicate = (!icmp_ln269)> <Delay = 0.00> <CoreInst = "LogicGate">   --->   Core 74 'LogicGate' <Latency = 0> <II = 1> <Delay = 0.28> <FuncUnit> <Opcode : 'and' 'or' 'xor'> <InPorts = 2> <OutPorts = 1>
ST_2 : Operation 54 [1/1] (0.39ns) (out node of the LUT)   --->   "%v106_2_mid2 = select i1 %empty, i4 0, i4 %v106_load" [spikingformer_official.cpp:269->spikingformer_official.cpp:2968]   --->   Operation 54 'select' 'v106_2_mid2' <Predicate = (!icmp_ln269)> <Delay = 0.39> <CoreInst = "Sel">   --->   Core 73 'Sel' <Latency = 0> <II = 1> <Delay = 0.39> <FuncUnit> <Opcode : 'select'> <InPorts = 3> <OutPorts = 1>
ST_2 : Operation 55 [1/1] (0.39ns)   --->   "%select_ln270 = select i1 %and_ln269, i4 %add_ln270, i4 %select_ln269" [spikingformer_official.cpp:270->spikingformer_official.cpp:2968]   --->   Operation 55 'select' 'select_ln270' <Predicate = (!icmp_ln269)> <Delay = 0.39> <CoreInst = "Sel">   --->   Core 73 'Sel' <Latency = 0> <II = 1> <Delay = 0.39> <FuncUnit> <Opcode : 'select'> <InPorts = 3> <OutPorts = 1>
ST_2 : Operation 56 [1/1] (0.00ns)   --->   "%shl_ln274_4 = bitconcatenate i19 @_ssdm_op_BitConcatenate.i19.i11.i8, i11 %select_ln269_2, i8 0" [spikingformer_official.cpp:274->spikingformer_official.cpp:2968]   --->   Operation 56 'bitconcatenate' 'shl_ln274_4' <Predicate = (!icmp_ln269)> <Delay = 0.00>
ST_2 : Operation 57 [1/1] (0.00ns)   --->   "%zext_ln270 = zext i19 %shl_ln274_4" [spikingformer_official.cpp:270->spikingformer_official.cpp:2968]   --->   Operation 57 'zext' 'zext_ln270' <Predicate = (!icmp_ln269)> <Delay = 0.00>
ST_2 : Operation 58 [1/1] (0.00ns)   --->   "%trunc_ln274 = trunc i4 %v106_2_mid2" [spikingformer_official.cpp:274->spikingformer_official.cpp:2968]   --->   Operation 58 'trunc' 'trunc_ln274' <Predicate = (!icmp_ln269)> <Delay = 0.00>
ST_2 : Operation 59 [1/1] (0.00ns) (grouped into TernaryAdder)   --->   "%add_ln274 = add i64 %zext_ln270, i64 %v1046_read" [spikingformer_official.cpp:274->spikingformer_official.cpp:2968]   --->   Operation 59 'add' 'add_ln274' <Predicate = (!icmp_ln269)> <Delay = 0.00> <CoreInst = "TAddSub">   --->   Core 10 'TAddSub' <Latency = 0> <II = 1> <Delay = 0.40> <IPBlock> <Opcode : 'add' 'sub'> <InPorts = 3> <OutPorts = 1> <Sync> <CReg>
ST_2 : Operation 60 [1/1] (0.00ns)   --->   "%trunc_ln274_3 = trunc i4 %select_ln270" [spikingformer_official.cpp:274->spikingformer_official.cpp:2968]   --->   Operation 60 'trunc' 'trunc_ln274_3' <Predicate = (!icmp_ln269)> <Delay = 0.00>
ST_2 : Operation 61 [1/1] (0.00ns)   --->   "%tmp = bitconcatenate i8 @_ssdm_op_BitConcatenate.i8.i3.i3.i2, i3 %trunc_ln274_3, i3 %trunc_ln274, i2 0" [spikingformer_official.cpp:274->spikingformer_official.cpp:2968]   --->   Operation 61 'bitconcatenate' 'tmp' <Predicate = (!icmp_ln269)> <Delay = 0.00>
ST_2 : Operation 62 [1/1] (0.00ns)   --->   "%zext_ln274 = zext i8 %tmp" [spikingformer_official.cpp:274->spikingformer_official.cpp:2968]   --->   Operation 62 'zext' 'zext_ln274' <Predicate = (!icmp_ln269)> <Delay = 0.00>
ST_2 : Operation 63 [1/1] (0.81ns) (root node of TernaryAdder)   --->   "%add_ln274_2 = add i64 %zext_ln274, i64 %add_ln274" [spikingformer_official.cpp:274->spikingformer_official.cpp:2968]   --->   Operation 63 'add' 'add_ln274_2' <Predicate = (!icmp_ln269)> <Delay = 0.81> <CoreInst = "TAddSub">   --->   Core 10 'TAddSub' <Latency = 0> <II = 1> <Delay = 0.40> <IPBlock> <Opcode : 'add' 'sub'> <InPorts = 3> <OutPorts = 1> <Sync> <CReg>
ST_2 : Operation 64 [1/1] (0.00ns)   --->   "%trunc_ln274_2 = partselect i62 @_ssdm_op_PartSelect.i62.i64.i32.i32, i64 %add_ln274_2, i32 2, i32 63" [spikingformer_official.cpp:274->spikingformer_official.cpp:2968]   --->   Operation 64 'partselect' 'trunc_ln274_2' <Predicate = (!icmp_ln269)> <Delay = 0.00>
ST_2 : Operation 65 [1/1] (0.00ns)   --->   "%sext_ln274 = sext i62 %trunc_ln274_2" [spikingformer_official.cpp:274->spikingformer_official.cpp:2968]   --->   Operation 65 'sext' 'sext_ln274' <Predicate = (!icmp_ln269)> <Delay = 0.00>
ST_2 : Operation 66 [1/1] (0.00ns)   --->   "%g0_addr = getelementptr i32 %g0, i64 %sext_ln274" [spikingformer_official.cpp:274->spikingformer_official.cpp:2968]   --->   Operation 66 'getelementptr' 'g0_addr' <Predicate = (!icmp_ln269)> <Delay = 0.00>
ST_2 : Operation 67 [1/1] (0.79ns)   --->   "%add_ln271 = add i4 %v106_2_mid2, i4 1" [spikingformer_official.cpp:271->spikingformer_official.cpp:2968]   --->   Operation 67 'add' 'add_ln271' <Predicate = (!icmp_ln269)> <Delay = 0.79> <CoreInst = "Adder">   --->   Core 1 'Adder' <Latency = 0> <II = 1> <Delay = 0.79> <FuncUnit> <Opcode : 'add' 'sub'> <InPorts = 2> <OutPorts = 1>
ST_2 : Operation 68 [1/1] (0.76ns)   --->   "%add_ln270_2 = add i8 %indvar_flatten14654_load, i8 1" [spikingformer_official.cpp:270->spikingformer_official.cpp:2968]   --->   Operation 68 'add' 'add_ln270_2' <Predicate = (!icmp_ln269)> <Delay = 0.76> <CoreInst = "Adder">   --->   Core 1 'Adder' <Latency = 0> <II = 1> <Delay = 0.76> <FuncUnit> <Opcode : 'add' 'sub'> <InPorts = 2> <OutPorts = 1>
ST_2 : Operation 69 [1/1] (0.39ns)   --->   "%select_ln270_2 = select i1 %icmp_ln270, i8 1, i8 %add_ln270_2" [spikingformer_official.cpp:270->spikingformer_official.cpp:2968]   --->   Operation 69 'select' 'select_ln270_2' <Predicate = (!icmp_ln269)> <Delay = 0.39> <CoreInst = "Sel">   --->   Core 73 'Sel' <Latency = 0> <II = 1> <Delay = 0.39> <FuncUnit> <Opcode : 'select'> <InPorts = 3> <OutPorts = 1>
ST_2 : Operation 70 [1/1] (0.42ns)   --->   "%store_ln269 = store i17 %add_ln269, i17 %indvar_flatten14667" [spikingformer_official.cpp:269->spikingformer_official.cpp:2968]   --->   Operation 70 'store' 'store_ln269' <Predicate = (!icmp_ln269)> <Delay = 0.42>
ST_2 : Operation 71 [1/1] (0.42ns)   --->   "%store_ln269 = store i11 %select_ln269_2, i11 %v104" [spikingformer_official.cpp:269->spikingformer_official.cpp:2968]   --->   Operation 71 'store' 'store_ln269' <Predicate = (!icmp_ln269)> <Delay = 0.42>
ST_2 : Operation 72 [1/1] (0.42ns)   --->   "%store_ln270 = store i8 %select_ln270_2, i8 %indvar_flatten14654" [spikingformer_official.cpp:270->spikingformer_official.cpp:2968]   --->   Operation 72 'store' 'store_ln270' <Predicate = (!icmp_ln269)> <Delay = 0.42>
ST_2 : Operation 73 [1/1] (0.42ns)   --->   "%store_ln270 = store i4 %select_ln270, i4 %v105" [spikingformer_official.cpp:270->spikingformer_official.cpp:2968]   --->   Operation 73 'store' 'store_ln270' <Predicate = (!icmp_ln269)> <Delay = 0.42>
ST_2 : Operation 74 [1/1] (0.42ns)   --->   "%store_ln271 = store i4 %add_ln271, i4 %v106" [spikingformer_official.cpp:271->spikingformer_official.cpp:2968]   --->   Operation 74 'store' 'store_ln271' <Predicate = (!icmp_ln269)> <Delay = 0.42>

State 3 <SV = 2> <Delay = 0.00>
ST_3 : Operation 75 [8/8] (7.30ns)   --->   "%g0_load_147_req = readreq i1 @_ssdm_op_ReadReq.m_axi.i32P1A, i32 %g0_addr, i64 1" [spikingformer_official.cpp:274->spikingformer_official.cpp:2968]   --->   Operation 75 'readreq' 'g0_load_147_req' <Predicate = true> <Delay = 7.30> <CoreInst = "m_axi">   --->   Core 119 'm_axi' <Latency = 6> <II = 1> <Delay = 1.00> <Adapter> <Opcode : 'readrequnaligned' 'writerequnaligned' 'read' 'write' 'readreq' 'writereq' 'writeresp'>

State 4 <SV = 3> <Delay = 0.00>
ST_4 : Operation 76 [7/8] (7.30ns)   --->   "%g0_load_147_req = readreq i1 @_ssdm_op_ReadReq.m_axi.i32P1A, i32 %g0_addr, i64 1" [spikingformer_official.cpp:274->spikingformer_official.cpp:2968]   --->   Operation 76 'readreq' 'g0_load_147_req' <Predicate = true> <Delay = 7.30> <CoreInst = "m_axi">   --->   Core 119 'm_axi' <Latency = 6> <II = 1> <Delay = 1.00> <Adapter> <Opcode : 'readrequnaligned' 'writerequnaligned' 'read' 'write' 'readreq' 'writereq' 'writeresp'>

State 5 <SV = 4> <Delay = 0.00>
ST_5 : Operation 77 [6/8] (7.30ns)   --->   "%g0_load_147_req = readreq i1 @_ssdm_op_ReadReq.m_axi.i32P1A, i32 %g0_addr, i64 1" [spikingformer_official.cpp:274->spikingformer_official.cpp:2968]   --->   Operation 77 'readreq' 'g0_load_147_req' <Predicate = true> <Delay = 7.30> <CoreInst = "m_axi">   --->   Core 119 'm_axi' <Latency = 6> <II = 1> <Delay = 1.00> <Adapter> <Opcode : 'readrequnaligned' 'writerequnaligned' 'read' 'write' 'readreq' 'writereq' 'writeresp'>

State 6 <SV = 5> <Delay = 0.00>
ST_6 : Operation 78 [5/8] (7.30ns)   --->   "%g0_load_147_req = readreq i1 @_ssdm_op_ReadReq.m_axi.i32P1A, i32 %g0_addr, i64 1" [spikingformer_official.cpp:274->spikingformer_official.cpp:2968]   --->   Operation 78 'readreq' 'g0_load_147_req' <Predicate = true> <Delay = 7.30> <CoreInst = "m_axi">   --->   Core 119 'm_axi' <Latency = 6> <II = 1> <Delay = 1.00> <Adapter> <Opcode : 'readrequnaligned' 'writerequnaligned' 'read' 'write' 'readreq' 'writereq' 'writeresp'>

State 7 <SV = 6> <Delay = 0.00>
ST_7 : Operation 79 [4/8] (7.30ns)   --->   "%g0_load_147_req = readreq i1 @_ssdm_op_ReadReq.m_axi.i32P1A, i32 %g0_addr, i64 1" [spikingformer_official.cpp:274->spikingformer_official.cpp:2968]   --->   Operation 79 'readreq' 'g0_load_147_req' <Predicate = true> <Delay = 7.30> <CoreInst = "m_axi">   --->   Core 119 'm_axi' <Latency = 6> <II = 1> <Delay = 1.00> <Adapter> <Opcode : 'readrequnaligned' 'writerequnaligned' 'read' 'write' 'readreq' 'writereq' 'writeresp'>

State 8 <SV = 7> <Delay = 0.00>
ST_8 : Operation 80 [3/8] (7.30ns)   --->   "%g0_load_147_req = readreq i1 @_ssdm_op_ReadReq.m_axi.i32P1A, i32 %g0_addr, i64 1" [spikingformer_official.cpp:274->spikingformer_official.cpp:2968]   --->   Operation 80 'readreq' 'g0_load_147_req' <Predicate = true> <Delay = 7.30> <CoreInst = "m_axi">   --->   Core 119 'm_axi' <Latency = 6> <II = 1> <Delay = 1.00> <Adapter> <Opcode : 'readrequnaligned' 'writerequnaligned' 'read' 'write' 'readreq' 'writereq' 'writeresp'>

State 9 <SV = 8> <Delay = 0.00>
ST_9 : Operation 81 [2/8] (7.30ns)   --->   "%g0_load_147_req = readreq i1 @_ssdm_op_ReadReq.m_axi.i32P1A, i32 %g0_addr, i64 1" [spikingformer_official.cpp:274->spikingformer_official.cpp:2968]   --->   Operation 81 'readreq' 'g0_load_147_req' <Predicate = true> <Delay = 7.30> <CoreInst = "m_axi">   --->   Core 119 'm_axi' <Latency = 6> <II = 1> <Delay = 1.00> <Adapter> <Opcode : 'readrequnaligned' 'writerequnaligned' 'read' 'write' 'readreq' 'writereq' 'writeresp'>

State 10 <SV = 9> <Delay = 7.30>
ST_10 : Operation 82 [1/8] ( I:7.30ns O:7.30ns )   --->   "%g0_load_147_req = readreq i1 @_ssdm_op_ReadReq.m_axi.i32P1A, i32 %g0_addr, i64 1" [spikingformer_official.cpp:274->spikingformer_official.cpp:2968]   --->   Operation 82 'readreq' 'g0_load_147_req' <Predicate = true> <Delay = 7.30> <CoreInst = "m_axi">   --->   Core 119 'm_axi' <Latency = 6> <II = 1> <Delay = 1.00> <Adapter> <Opcode : 'readrequnaligned' 'writerequnaligned' 'read' 'write' 'readreq' 'writereq' 'writeresp'>

State 11 <SV = 10> <Delay = 7.30>
ST_11 : Operation 83 [1/1] ( I:7.30ns O:7.30ns )   --->   "%g0_addr_read = read i32 @_ssdm_op_Read.m_axi.i32P1A, i32 %g0_addr" [spikingformer_official.cpp:274->spikingformer_official.cpp:2968]   --->   Operation 83 'read' 'g0_addr_read' <Predicate = true> <Delay = 7.30> <CoreInst = "m_axi">   --->   Core 119 'm_axi' <Latency = 3> <II = 1> <Delay = 1.00> <Adapter> <Opcode : 'readrequnaligned' 'writerequnaligned' 'read' 'write' 'readreq' 'writereq' 'writeresp'>
ST_11 : Operation 84 [1/1] (0.00ns)   --->   "%tmp_s = partselect i8 @_ssdm_op_PartSelect.i8.i32.i32.i32, i32 %g0_addr_read, i32 23, i32 30" [spikingformer_official.cpp:275->spikingformer_official.cpp:2968]   --->   Operation 84 'partselect' 'tmp_s' <Predicate = true> <Delay = 0.00>
ST_11 : Operation 85 [1/1] (0.00ns)   --->   "%trunc_ln275 = trunc i32 %g0_addr_read" [spikingformer_official.cpp:275->spikingformer_official.cpp:2968]   --->   Operation 85 'trunc' 'trunc_ln275' <Predicate = true> <Delay = 0.00>

State 12 <SV = 11> <Delay = 2.78>
ST_12 : Operation 86 [1/1] (0.00ns)   --->   "%v107 = bitcast i32 %g0_addr_read" [spikingformer_official.cpp:274->spikingformer_official.cpp:2968]   --->   Operation 86 'bitcast' 'v107' <Predicate = true> <Delay = 0.00>
ST_12 : Operation 87 [1/1] (0.76ns)   --->   "%icmp_ln275 = icmp_ne  i8 %tmp_s, i8 255" [spikingformer_official.cpp:275->spikingformer_official.cpp:2968]   --->   Operation 87 'icmp' 'icmp_ln275' <Predicate = true> <Delay = 0.76> <CoreInst = "Cmp">   --->   Core 9 'Cmp' <Latency = 0> <II = 1> <Delay = 0.76> <FuncUnit> <Opcode : 'seteq' 'setne' 'setle' 'setge' 'setlt' 'setgt'> <InPorts = 2> <OutPorts = 1>
ST_12 : Operation 88 [1/1] (0.92ns)   --->   "%icmp_ln275_2 = icmp_eq  i23 %trunc_ln275, i23 0" [spikingformer_official.cpp:275->spikingformer_official.cpp:2968]   --->   Operation 88 'icmp' 'icmp_ln275_2' <Predicate = true> <Delay = 0.92> <CoreInst = "Cmp">   --->   Core 9 'Cmp' <Latency = 0> <II = 1> <Delay = 0.92> <FuncUnit> <Opcode : 'seteq' 'setne' 'setle' 'setge' 'setlt' 'setgt'> <InPorts = 2> <OutPorts = 1>
ST_12 : Operation 89 [2/2] (2.78ns)   --->   "%tmp_10 = fcmp_oge  i32 %v107, i32 0" [spikingformer_official.cpp:275->spikingformer_official.cpp:2968]   --->   Operation 89 'fcmp' 'tmp_10' <Predicate = true> <Delay = 2.78> <CoreInst = "FCompare">   --->   Core 19 'FCompare' <Latency = 1> <II = 1> <Delay = 2.78> <FuncUnit> <Opcode : 'fcmp'> <InPorts = 2> <OutPorts = 1>

State 13 <SV = 12> <Delay = 7.30>
ST_13 : Operation 90 [1/1] (0.00ns) (grouped into LUT with out node select_ln277)   --->   "%or_ln275 = or i1 %icmp_ln275_2, i1 %icmp_ln275" [spikingformer_official.cpp:275->spikingformer_official.cpp:2968]   --->   Operation 90 'or' 'or_ln275' <Predicate = true> <Delay = 0.00> <CoreInst = "LogicGate">   --->   Core 74 'LogicGate' <Latency = 0> <II = 1> <Delay = 0.28> <FuncUnit> <Opcode : 'and' 'or' 'xor'> <InPorts = 2> <OutPorts = 1>
ST_13 : Operation 91 [1/2] (2.78ns)   --->   "%tmp_10 = fcmp_oge  i32 %v107, i32 0" [spikingformer_official.cpp:275->spikingformer_official.cpp:2968]   --->   Operation 91 'fcmp' 'tmp_10' <Predicate = true> <Delay = 2.78> <CoreInst = "FCompare">   --->   Core 19 'FCompare' <Latency = 1> <II = 1> <Delay = 2.78> <FuncUnit> <Opcode : 'fcmp'> <InPorts = 2> <OutPorts = 1>
ST_13 : Operation 92 [1/1] (0.00ns) (grouped into LUT with out node select_ln277)   --->   "%v108 = and i1 %or_ln275, i1 %tmp_10" [spikingformer_official.cpp:275->spikingformer_official.cpp:2968]   --->   Operation 92 'and' 'v108' <Predicate = true> <Delay = 0.00> <CoreInst = "LogicGate">   --->   Core 74 'LogicGate' <Latency = 0> <II = 1> <Delay = 0.28> <FuncUnit> <Opcode : 'and' 'or' 'xor'> <InPorts = 2> <OutPorts = 1>
ST_13 : Operation 93 [1/1] (0.41ns) (out node of the LUT)   --->   "%select_ln277 = select i1 %v108, i32 1065353216, i32 0" [spikingformer_official.cpp:277->spikingformer_official.cpp:2968]   --->   Operation 93 'select' 'select_ln277' <Predicate = true> <Delay = 0.41> <CoreInst = "Sel">   --->   Core 73 'Sel' <Latency = 0> <II = 1> <Delay = 0.41> <FuncUnit> <Opcode : 'select'> <InPorts = 3> <OutPorts = 1>
ST_13 : Operation 94 [1/1] ( I:7.30ns O:7.30ns )   --->   "%g0_addr_310_req = writereq i1 @_ssdm_op_WriteReq.m_axi.i32P1A, i32 %g0_addr, i64 1" [spikingformer_official.cpp:277->spikingformer_official.cpp:2968]   --->   Operation 94 'writereq' 'g0_addr_310_req' <Predicate = true> <Delay = 7.30> <CoreInst = "m_axi">   --->   Core 119 'm_axi' <Latency = 9> <II = 1> <Delay = 1.00> <Adapter> <Opcode : 'readrequnaligned' 'writerequnaligned' 'read' 'write' 'readreq' 'writereq' 'writeresp'>

State 14 <SV = 13> <Delay = 7.30>
ST_14 : Operation 95 [1/1] ( I:7.30ns O:7.30ns )   --->   "%write_ln277 = write void @_ssdm_op_Write.m_axi.i32P1A, i32 %g0_addr, i32 %select_ln277, i4 15" [spikingformer_official.cpp:277->spikingformer_official.cpp:2968]   --->   Operation 95 'write' 'write_ln277' <Predicate = true> <Delay = 7.30> <CoreInst = "m_axi">   --->   Core 119 'm_axi' <Latency = 5> <II = 1> <Delay = 1.00> <Adapter> <Opcode : 'readrequnaligned' 'writerequnaligned' 'read' 'write' 'readreq' 'writereq' 'writeresp'>

State 15 <SV = 14> <Delay = 0.00>
ST_15 : Operation 96 [5/5] (7.30ns)   --->   "%g0_addr_310_resp = writeresp i1 @_ssdm_op_WriteResp.m_axi.i32P1A, i32 %g0_addr" [spikingformer_official.cpp:277->spikingformer_official.cpp:2968]   --->   Operation 96 'writeresp' 'g0_addr_310_resp' <Predicate = true> <Delay = 7.30> <CoreInst = "m_axi">   --->   Core 119 'm_axi' <Latency = 3> <II = 1> <Delay = 1.00> <Adapter> <Opcode : 'readrequnaligned' 'writerequnaligned' 'read' 'write' 'readreq' 'writereq' 'writeresp'>

State 16 <SV = 15> <Delay = 0.00>
ST_16 : Operation 97 [4/5] (7.30ns)   --->   "%g0_addr_310_resp = writeresp i1 @_ssdm_op_WriteResp.m_axi.i32P1A, i32 %g0_addr" [spikingformer_official.cpp:277->spikingformer_official.cpp:2968]   --->   Operation 97 'writeresp' 'g0_addr_310_resp' <Predicate = true> <Delay = 7.30> <CoreInst = "m_axi">   --->   Core 119 'm_axi' <Latency = 3> <II = 1> <Delay = 1.00> <Adapter> <Opcode : 'readrequnaligned' 'writerequnaligned' 'read' 'write' 'readreq' 'writereq' 'writeresp'>

State 17 <SV = 16> <Delay = 0.00>
ST_17 : Operation 98 [3/5] (7.30ns)   --->   "%g0_addr_310_resp = writeresp i1 @_ssdm_op_WriteResp.m_axi.i32P1A, i32 %g0_addr" [spikingformer_official.cpp:277->spikingformer_official.cpp:2968]   --->   Operation 98 'writeresp' 'g0_addr_310_resp' <Predicate = true> <Delay = 7.30> <CoreInst = "m_axi">   --->   Core 119 'm_axi' <Latency = 3> <II = 1> <Delay = 1.00> <Adapter> <Opcode : 'readrequnaligned' 'writerequnaligned' 'read' 'write' 'readreq' 'writereq' 'writeresp'>

State 18 <SV = 17> <Delay = 0.42>
ST_18 : Operation 99 [2/5] (7.30ns)   --->   "%g0_addr_310_resp = writeresp i1 @_ssdm_op_WriteResp.m_axi.i32P1A, i32 %g0_addr" [spikingformer_official.cpp:277->spikingformer_official.cpp:2968]   --->   Operation 99 'writeresp' 'g0_addr_310_resp' <Predicate = true> <Delay = 7.30> <CoreInst = "m_axi">   --->   Core 119 'm_axi' <Latency = 3> <II = 1> <Delay = 1.00> <Adapter> <Opcode : 'readrequnaligned' 'writerequnaligned' 'read' 'write' 'readreq' 'writereq' 'writeresp'>
ST_18 : Operation 105 [1/1] (0.42ns)   --->   "%ret_ln0 = ret"   --->   Operation 105 'ret' 'ret_ln0' <Predicate = (icmp_ln269)> <Delay = 0.42>

State 19 <SV = 18> <Delay = 7.30>
ST_19 : Operation 100 [1/1] (0.00ns)   --->   "%specloopname_ln0 = specloopname void @_ssdm_op_SpecLoopName, void @VITIS_LOOP_269_1_VITIS_LOOP_270_2_VITIS_LOOP_271_3_str"   --->   Operation 100 'specloopname' 'specloopname_ln0' <Predicate = true> <Delay = 0.00>
ST_19 : Operation 101 [1/1] (0.00ns)   --->   "%speclooptripcount_ln0 = speclooptripcount void @_ssdm_op_SpecLoopTripCount, i64 98304, i64 98304, i64 98304"   --->   Operation 101 'speclooptripcount' 'speclooptripcount_ln0' <Predicate = true> <Delay = 0.00>
ST_19 : Operation 102 [1/1] (0.00ns)   --->   "%specpipeline_ln272 = specpipeline void @_ssdm_op_SpecPipeline, i32 1, i32 0, i32 0, i32 0, i32 4294967295, void @empty_35" [spikingformer_official.cpp:272->spikingformer_official.cpp:2968]   --->   Operation 102 'specpipeline' 'specpipeline_ln272' <Predicate = true> <Delay = 0.00>
ST_19 : Operation 103 [1/5] ( I:7.30ns O:7.30ns )   --->   "%g0_addr_310_resp = writeresp i1 @_ssdm_op_WriteResp.m_axi.i32P1A, i32 %g0_addr" [spikingformer_official.cpp:277->spikingformer_official.cpp:2968]   --->   Operation 103 'writeresp' 'g0_addr_310_resp' <Predicate = true> <Delay = 7.30> <CoreInst = "m_axi">   --->   Core 119 'm_axi' <Latency = 3> <II = 1> <Delay = 1.00> <Adapter> <Opcode : 'readrequnaligned' 'writerequnaligned' 'read' 'write' 'readreq' 'writereq' 'writeresp'>
ST_19 : Operation 104 [1/1] (0.00ns)   --->   "%br_ln271 = br void %for.body8.i1663" [spikingformer_official.cpp:271->spikingformer_official.cpp:2968]   --->   Operation 104 'br' 'br_ln271' <Predicate = true> <Delay = 0.00>


============================================================
+ Verbose Summary: Timing violations
============================================================
Target clock period: 10.000ns, clock uncertainty: 2.700ns.

 <State 1>: 0.427ns
The critical path consists of the following:
	'alloca' operation 17 bit ('indvar_flatten14667') [8]  (0.000 ns)
	'store' operation ('store_ln0') of constant 0 17 bit on local variable 'indvar_flatten14667' [13]  (0.427 ns)

 <State 2>: 3.163ns
The critical path consists of the following:
	'load' operation 8 bit ('indvar_flatten14654_load', spikingformer_official.cpp:270->spikingformer_official.cpp:2968) on local variable 'indvar_flatten14654' [28]  (0.000 ns)
	'icmp' operation 1 bit ('icmp_ln270', spikingformer_official.cpp:270->spikingformer_official.cpp:2968) [33]  (0.765 ns)
	'select' operation 4 bit ('select_ln269', spikingformer_official.cpp:269->spikingformer_official.cpp:2968) [34]  (0.391 ns)
	'add' operation 4 bit ('add_ln270', spikingformer_official.cpp:270->spikingformer_official.cpp:2968) [39]  (0.797 ns)
	'select' operation 4 bit ('select_ln270', spikingformer_official.cpp:270->spikingformer_official.cpp:2968) [42]  (0.391 ns)
	'add' operation 64 bit ('add_ln274_2', spikingformer_official.cpp:274->spikingformer_official.cpp:2968) [51]  (0.819 ns)

 <State 3>: 0.000ns
The critical path consists of the following:

 <State 4>: 0.000ns
The critical path consists of the following:

 <State 5>: 0.000ns
The critical path consists of the following:

 <State 6>: 0.000ns
The critical path consists of the following:

 <State 7>: 0.000ns
The critical path consists of the following:

 <State 8>: 0.000ns
The critical path consists of the following:

 <State 9>: 0.000ns
The critical path consists of the following:

 <State 10>: 7.300ns
The critical path consists of the following:
	bus request operation ('g0_load_147_req', spikingformer_official.cpp:274->spikingformer_official.cpp:2968) on port 'g0' (spikingformer_official.cpp:274->spikingformer_official.cpp:2968) [55]  (7.300 ns)

 <State 11>: 7.300ns
The critical path consists of the following:
	bus read operation ('g0_addr_read', spikingformer_official.cpp:274->spikingformer_official.cpp:2968) on port 'g0' (spikingformer_official.cpp:274->spikingformer_official.cpp:2968) [56]  (7.300 ns)

 <State 12>: 2.782ns
The critical path consists of the following:
	'fcmp' operation 1 bit ('tmp_10', spikingformer_official.cpp:275->spikingformer_official.cpp:2968) [63]  (2.782 ns)

 <State 13>: 7.300ns
The critical path consists of the following:
	bus request operation ('g0_addr_310_req', spikingformer_official.cpp:277->spikingformer_official.cpp:2968) on port 'g0' (spikingformer_official.cpp:277->spikingformer_official.cpp:2968) [66]  (7.300 ns)

 <State 14>: 7.300ns
The critical path consists of the following:
	bus write operation ('write_ln277', spikingformer_official.cpp:277->spikingformer_official.cpp:2968) on port 'g0' (spikingformer_official.cpp:277->spikingformer_official.cpp:2968) [67]  (7.300 ns)

 <State 15>: 0.000ns
The critical path consists of the following:

 <State 16>: 0.000ns
The critical path consists of the following:

 <State 17>: 0.000ns
The critical path consists of the following:

 <State 18>: 0.427ns
The critical path consists of the following:

 <State 19>: 7.300ns
The critical path consists of the following:
	bus response operation ('g0_addr_310_resp', spikingformer_official.cpp:277->spikingformer_official.cpp:2968) on port 'g0' (spikingformer_official.cpp:277->spikingformer_official.cpp:2968) [68]  (7.300 ns)


============================================================
+ Verbose Summary: Binding
============================================================
N/A
* FSMD analyzer results:
  - Output states:
 - Input state : 
  - Chain level:
	State 1
	State 2
	State 3
	State 4
	State 5
	State 6
	State 7
	State 8
	State 9
	State 10
	State 11
	State 12
	State 13
	State 14
	State 15
	State 16
	State 17
	State 18
	State 19


============================================================
+ Verbose Summary: Datapath Resource usage 
============================================================
N/A
