

================================================================
== Vitis HLS Report for 'control_Pipeline_VITIS_LOOP_2191_1_VITIS_LOOP_2192_2_VITIS_LOOP_2193_3'
================================================================
* Date:           Sun Jul 12 20:26:03 2026

* Version:        2025.2 (Build 6295257 on Nov 14 2025)
* Project:        spikingformer_proj
* Solution:       solution1 (Vivado IP Flow Target)
* Product family: zynquplus
* Target device:  xczu7ev-ffvc1156-2-e


================================================================
== Performance Estimates
================================================================
+ Timing: 
    * Summary: 
    +--------+----------+----------+------------+
    |  Clock |  Target  | Estimated| Uncertainty|
    +--------+----------+----------+------------+
    |ap_clk  |  10.00 ns|  7.300 ns|     2.70 ns|
    +--------+----------+----------+------------+

+ Latency: 
    * Summary: 
    +---------+---------+----------+----------+-----+-----+-------------------+
    |  Latency (cycles) |  Latency (absolute) |  Interval |      Pipeline     |
    |   min   |   max   |    min   |    max   | min | max |        Type       |
    +---------+---------+----------+----------+-----+-----+-------------------+
    |    98319|    98319|  0.983 ms|  0.983 ms|    0|    0|  loop pipeline stp|
    +---------+---------+----------+----------+-----+-----+-------------------+

    + Detail: 
        * Instance: 
        N/A

        * Loop: 
        +---------------------------------------------------------+---------+---------+----------+-----------+-----------+-------+----------+
        |                                                         |  Latency (cycles) | Iteration|  Initiation Interval  |  Trip |          |
        |                        Loop Name                        |   min   |   max   |  Latency |  achieved |   target  | Count | Pipelined|
        +---------------------------------------------------------+---------+---------+----------+-----------+-----------+-------+----------+
        |- VITIS_LOOP_2191_1_VITIS_LOOP_2192_2_VITIS_LOOP_2193_3  |    98317|    98317|        16|          2|          1|  49152|       yes|
        +---------------------------------------------------------+---------+---------+----------+-----------+-----------+-------+----------+

============================================================
+ Verbose Summary: Synthesis Manager
============================================================
InlineROM: 1
ExposeGlobal: 0
============================================================
+ Verbose Summary: CDFG Model
============================================================
IsTopModel: 0
ResetActiveHigh: 1
IsCombinational: 0
IsDatapathOnly: 0
HasWiredReturn: 1
HasMFsm: 2
HasVarLatency: 1
IsPipeline: 0
IsRtlPipelined: 0
IsInstanceOverlapped: 0
IsDontTouch: 0
HasImplIP: 0
IsGatedGlobalClock: 0

+ Individual pipeline summary: 
  * Pipeline-0: initiation interval (II) = 2, depth = 17


============================================================
+ Verbose Summary: Schedule
============================================================
* Number of FSM states : 17
* Pipeline : 1
  Pipeline-0 : II = 2, D = 17, States = { 1 2 3 4 5 6 7 8 9 10 11 12 13 14 15 16 17 }
* Dataflow Pipeline: 0

* FSM state transitions: 
1 --> 2 
2 --> 3 
3 --> 4 
4 --> 5 
5 --> 6 
6 --> 7 
7 --> 8 
8 --> 9 
9 --> 10 
10 --> 11 
11 --> 12 
12 --> 13 
13 --> 14 
14 --> 15 
15 --> 16 
16 --> 17 
17 --> 

* FSM state operations: 

State 1 <SV = 0> <Delay = 0.42>
ST_1 : Operation 19 [1/1] (0.00ns)   --->   "%v900 = alloca i32 1" [spikingformer_official.cpp:2193->spikingformer_official.cpp:2341]   --->   Operation 19 'alloca' 'v900' <Predicate = true> <Delay = 0.00>
ST_1 : Operation 20 [1/1] (0.00ns)   --->   "%v899 = alloca i32 1" [spikingformer_official.cpp:2192->spikingformer_official.cpp:2341]   --->   Operation 20 'alloca' 'v899' <Predicate = true> <Delay = 0.00>
ST_1 : Operation 21 [1/1] (0.00ns)   --->   "%indvar_flatten12782 = alloca i32 1"   --->   Operation 21 'alloca' 'indvar_flatten12782' <Predicate = true> <Delay = 0.00>
ST_1 : Operation 22 [1/1] (0.00ns)   --->   "%v898 = alloca i32 1" [spikingformer_official.cpp:2191->spikingformer_official.cpp:2341]   --->   Operation 22 'alloca' 'v898' <Predicate = true> <Delay = 0.00>
ST_1 : Operation 23 [1/1] (0.00ns)   --->   "%indvar_flatten12793 = alloca i32 1"   --->   Operation 23 'alloca' 'indvar_flatten12793' <Predicate = true> <Delay = 0.00>
ST_1 : Operation 24 [1/1] (0.00ns)   --->   "%sext_ln2299_1_read = read i62 @_ssdm_op_Read.ap_auto.i62, i62 %sext_ln2299_1"   --->   Operation 24 'read' 'sext_ln2299_1_read' <Predicate = true> <Delay = 0.00>
ST_1 : Operation 25 [1/1] (0.00ns)   --->   "%sext_ln2113_2_read = read i62 @_ssdm_op_Read.ap_auto.i62, i62 %sext_ln2113_2"   --->   Operation 25 'read' 'sext_ln2113_2_read' <Predicate = true> <Delay = 0.00>
ST_1 : Operation 26 [1/1] (0.00ns)   --->   "%sext_ln22999 = read i62 @_ssdm_op_Read.ap_auto.i62, i62 %sext_ln2299"   --->   Operation 26 'read' 'sext_ln22999' <Predicate = true> <Delay = 0.00>
ST_1 : Operation 27 [1/1] (0.00ns)   --->   "%sext_ln2265_read = read i62 @_ssdm_op_Read.ap_auto.i62, i62 %sext_ln2265"   --->   Operation 27 'read' 'sext_ln2265_read' <Predicate = true> <Delay = 0.00>
ST_1 : Operation 28 [1/1] (0.00ns)   --->   "%sext_ln21137 = read i62 @_ssdm_op_Read.ap_auto.i62, i62 %sext_ln2113"   --->   Operation 28 'read' 'sext_ln21137' <Predicate = true> <Delay = 0.00>
ST_1 : Operation 29 [1/1] (0.00ns)   --->   "%sext_ln2299_1_cast = sext i62 %sext_ln2299_1_read"   --->   Operation 29 'sext' 'sext_ln2299_1_cast' <Predicate = true> <Delay = 0.00>
ST_1 : Operation 30 [1/1] (0.00ns)   --->   "%sext_ln2113_2_cast = sext i62 %sext_ln2113_2_read"   --->   Operation 30 'sext' 'sext_ln2113_2_cast' <Predicate = true> <Delay = 0.00>
ST_1 : Operation 31 [1/1] (0.00ns)   --->   "%sext_ln2265_cast = sext i62 %sext_ln2265_read"   --->   Operation 31 'sext' 'sext_ln2265_cast' <Predicate = true> <Delay = 0.00>
ST_1 : Operation 32 [1/1] (0.00ns)   --->   "%specstablecontent_ln0 = specstablecontent void @_ssdm_op_SpecStableContent, i32 %g0, i1 1, void "   --->   Operation 32 'specstablecontent' 'specstablecontent_ln0' <Predicate = true> <Delay = 0.00>
ST_1 : Operation 33 [1/1] (0.00ns)   --->   "%specinterface_ln0 = specinterface void @_ssdm_op_SpecInterface, i32 %g0, void @empty_26, i32 0, i32 0, void @empty_35, i32 0, i32 0, void @empty_22, void @empty_25, void @empty_35, i32 16, i32 16, i32 16, i32 16, void @empty_35, void @empty_35, i32 4294967295, i32 0, i32 0, i32 4"   --->   Operation 33 'specinterface' 'specinterface_ln0' <Predicate = true> <Delay = 0.00>
ST_1 : Operation 34 [1/1] (0.42ns)   --->   "%store_ln0 = store i16 0, i16 %indvar_flatten12793"   --->   Operation 34 'store' 'store_ln0' <Predicate = true> <Delay = 0.42>
ST_1 : Operation 35 [1/1] (0.42ns)   --->   "%store_ln2191 = store i6 0, i6 %v898" [spikingformer_official.cpp:2191->spikingformer_official.cpp:2341]   --->   Operation 35 'store' 'store_ln2191' <Predicate = true> <Delay = 0.42>
ST_1 : Operation 36 [1/1] (0.42ns)   --->   "%store_ln0 = store i12 0, i12 %indvar_flatten12782"   --->   Operation 36 'store' 'store_ln0' <Predicate = true> <Delay = 0.42>
ST_1 : Operation 37 [1/1] (0.42ns)   --->   "%store_ln2192 = store i6 0, i6 %v899" [spikingformer_official.cpp:2192->spikingformer_official.cpp:2341]   --->   Operation 37 'store' 'store_ln2192' <Predicate = true> <Delay = 0.42>
ST_1 : Operation 38 [1/1] (0.42ns)   --->   "%store_ln2193 = store i6 0, i6 %v900" [spikingformer_official.cpp:2193->spikingformer_official.cpp:2341]   --->   Operation 38 'store' 'store_ln2193' <Predicate = true> <Delay = 0.42>
ST_1 : Operation 39 [1/1] (0.00ns)   --->   "%br_ln0 = br void %for.inc.i69"   --->   Operation 39 'br' 'br_ln0' <Predicate = true> <Delay = 0.00>

State 2 <SV = 1> <Delay = 4.29>
ST_2 : Operation 40 [1/1] (0.00ns)   --->   "%indvar_flatten12793_load = load i16 %indvar_flatten12793" [spikingformer_official.cpp:2191->spikingformer_official.cpp:2341]   --->   Operation 40 'load' 'indvar_flatten12793_load' <Predicate = true> <Delay = 0.00>
ST_2 : Operation 41 [1/1] (0.00ns)   --->   "%specbitsmap_ln0 = specbitsmap void @_ssdm_op_SpecBitsMap, i32 %g0"   --->   Operation 41 'specbitsmap' 'specbitsmap_ln0' <Predicate = true> <Delay = 0.00>
ST_2 : Operation 42 [1/1] (0.85ns)   --->   "%icmp_ln2191 = icmp_eq  i16 %indvar_flatten12793_load, i16 49152" [spikingformer_official.cpp:2191->spikingformer_official.cpp:2341]   --->   Operation 42 'icmp' 'icmp_ln2191' <Predicate = true> <Delay = 0.85> <CoreInst = "Cmp">   --->   Core 9 'Cmp' <Latency = 0> <II = 1> <Delay = 0.85> <FuncUnit> <Opcode : 'seteq' 'setne' 'setle' 'setge' 'setlt' 'setgt'> <InPorts = 2> <OutPorts = 1>
ST_2 : Operation 43 [1/1] (0.85ns)   --->   "%add_ln2191_1 = add i16 %indvar_flatten12793_load, i16 1" [spikingformer_official.cpp:2191->spikingformer_official.cpp:2341]   --->   Operation 43 'add' 'add_ln2191_1' <Predicate = true> <Delay = 0.85> <CoreInst = "Adder">   --->   Core 1 'Adder' <Latency = 0> <II = 1> <Delay = 0.85> <FuncUnit> <Opcode : 'add' 'sub'> <InPorts = 2> <OutPorts = 1>
ST_2 : Operation 44 [1/1] (0.00ns)   --->   "%br_ln2191 = br i1 %icmp_ln2191, void %for.inc32.i, void %_Z9kernel597PA48_A32_A32_fS2_S2_.exit.exitStub" [spikingformer_official.cpp:2191->spikingformer_official.cpp:2341]   --->   Operation 44 'br' 'br_ln2191' <Predicate = true> <Delay = 0.00>
ST_2 : Operation 45 [1/1] (0.00ns)   --->   "%v900_load = load i6 %v900" [spikingformer_official.cpp:2193->spikingformer_official.cpp:2341]   --->   Operation 45 'load' 'v900_load' <Predicate = (!icmp_ln2191)> <Delay = 0.00>
ST_2 : Operation 46 [1/1] (0.00ns)   --->   "%v899_load = load i6 %v899" [spikingformer_official.cpp:2191->spikingformer_official.cpp:2341]   --->   Operation 46 'load' 'v899_load' <Predicate = (!icmp_ln2191)> <Delay = 0.00>
ST_2 : Operation 47 [1/1] (0.00ns)   --->   "%indvar_flatten12782_load = load i12 %indvar_flatten12782" [spikingformer_official.cpp:2192->spikingformer_official.cpp:2341]   --->   Operation 47 'load' 'indvar_flatten12782_load' <Predicate = (!icmp_ln2191)> <Delay = 0.00>
ST_2 : Operation 48 [1/1] (0.00ns)   --->   "%v898_load = load i6 %v898" [spikingformer_official.cpp:2191->spikingformer_official.cpp:2341]   --->   Operation 48 'load' 'v898_load' <Predicate = (!icmp_ln2191)> <Delay = 0.00>
ST_2 : Operation 49 [1/1] (0.78ns)   --->   "%add_ln2191 = add i6 %v898_load, i6 1" [spikingformer_official.cpp:2191->spikingformer_official.cpp:2341]   --->   Operation 49 'add' 'add_ln2191' <Predicate = (!icmp_ln2191)> <Delay = 0.78> <CoreInst = "Adder">   --->   Core 1 'Adder' <Latency = 0> <II = 1> <Delay = 0.78> <FuncUnit> <Opcode : 'add' 'sub'> <InPorts = 2> <OutPorts = 1>
ST_2 : Operation 50 [1/1] (0.80ns)   --->   "%icmp_ln2192 = icmp_eq  i12 %indvar_flatten12782_load, i12 1024" [spikingformer_official.cpp:2192->spikingformer_official.cpp:2341]   --->   Operation 50 'icmp' 'icmp_ln2192' <Predicate = (!icmp_ln2191)> <Delay = 0.80> <CoreInst = "Cmp">   --->   Core 9 'Cmp' <Latency = 0> <II = 1> <Delay = 0.80> <FuncUnit> <Opcode : 'seteq' 'setne' 'setle' 'setge' 'setlt' 'setgt'> <InPorts = 2> <OutPorts = 1>
ST_2 : Operation 51 [1/1] (0.38ns)   --->   "%select_ln2191 = select i1 %icmp_ln2192, i6 0, i6 %v899_load" [spikingformer_official.cpp:2191->spikingformer_official.cpp:2341]   --->   Operation 51 'select' 'select_ln2191' <Predicate = (!icmp_ln2191)> <Delay = 0.38> <CoreInst = "Sel">   --->   Core 73 'Sel' <Latency = 0> <II = 1> <Delay = 0.38> <FuncUnit> <Opcode : 'select'> <InPorts = 3> <OutPorts = 1>
ST_2 : Operation 52 [1/1] (0.00ns) (grouped into LUT with out node and_ln2191)   --->   "%xor_ln2191 = xor i1 %icmp_ln2192, i1 1" [spikingformer_official.cpp:2191->spikingformer_official.cpp:2341]   --->   Operation 52 'xor' 'xor_ln2191' <Predicate = (!icmp_ln2191)> <Delay = 0.00> <CoreInst = "LogicGate">   --->   Core 74 'LogicGate' <Latency = 0> <II = 1> <Delay = 0.28> <FuncUnit> <Opcode : 'and' 'or' 'xor'> <InPorts = 2> <OutPorts = 1>
ST_2 : Operation 53 [1/1] (0.78ns)   --->   "%icmp_ln2193 = icmp_eq  i6 %v900_load, i6 32" [spikingformer_official.cpp:2193->spikingformer_official.cpp:2341]   --->   Operation 53 'icmp' 'icmp_ln2193' <Predicate = (!icmp_ln2191)> <Delay = 0.78> <CoreInst = "Cmp">   --->   Core 9 'Cmp' <Latency = 0> <II = 1> <Delay = 0.78> <FuncUnit> <Opcode : 'seteq' 'setne' 'setle' 'setge' 'setlt' 'setgt'> <InPorts = 2> <OutPorts = 1>
ST_2 : Operation 54 [1/1] (0.28ns) (out node of the LUT)   --->   "%and_ln2191 = and i1 %icmp_ln2193, i1 %xor_ln2191" [spikingformer_official.cpp:2191->spikingformer_official.cpp:2341]   --->   Operation 54 'and' 'and_ln2191' <Predicate = (!icmp_ln2191)> <Delay = 0.28> <CoreInst = "LogicGate">   --->   Core 74 'LogicGate' <Latency = 0> <II = 1> <Delay = 0.28> <FuncUnit> <Opcode : 'and' 'or' 'xor'> <InPorts = 2> <OutPorts = 1>
ST_2 : Operation 55 [1/1] (0.38ns)   --->   "%select_ln2191_1 = select i1 %icmp_ln2192, i6 %add_ln2191, i6 %v898_load" [spikingformer_official.cpp:2191->spikingformer_official.cpp:2341]   --->   Operation 55 'select' 'select_ln2191_1' <Predicate = (!icmp_ln2191)> <Delay = 0.38> <CoreInst = "Sel">   --->   Core 73 'Sel' <Latency = 0> <II = 1> <Delay = 0.38> <FuncUnit> <Opcode : 'select'> <InPorts = 3> <OutPorts = 1>
ST_2 : Operation 56 [1/1] (0.78ns)   --->   "%add_ln2192 = add i6 %select_ln2191, i6 1" [spikingformer_official.cpp:2192->spikingformer_official.cpp:2341]   --->   Operation 56 'add' 'add_ln2192' <Predicate = (!icmp_ln2191)> <Delay = 0.78> <CoreInst = "Adder">   --->   Core 1 'Adder' <Latency = 0> <II = 1> <Delay = 0.78> <FuncUnit> <Opcode : 'add' 'sub'> <InPorts = 2> <OutPorts = 1>
ST_2 : Operation 57 [1/1] (0.00ns) (grouped into LUT with out node select_ln2192)   --->   "%or_ln2192 = or i1 %and_ln2191, i1 %icmp_ln2192" [spikingformer_official.cpp:2192->spikingformer_official.cpp:2341]   --->   Operation 57 'or' 'or_ln2192' <Predicate = (!icmp_ln2191)> <Delay = 0.00> <CoreInst = "LogicGate">   --->   Core 74 'LogicGate' <Latency = 0> <II = 1> <Delay = 0.28> <FuncUnit> <Opcode : 'and' 'or' 'xor'> <InPorts = 2> <OutPorts = 1>
ST_2 : Operation 58 [1/1] (0.38ns) (out node of the LUT)   --->   "%select_ln2192 = select i1 %or_ln2192, i6 0, i6 %v900_load" [spikingformer_official.cpp:2192->spikingformer_official.cpp:2341]   --->   Operation 58 'select' 'select_ln2192' <Predicate = (!icmp_ln2191)> <Delay = 0.38> <CoreInst = "Sel">   --->   Core 73 'Sel' <Latency = 0> <II = 1> <Delay = 0.38> <FuncUnit> <Opcode : 'select'> <InPorts = 3> <OutPorts = 1>
ST_2 : Operation 59 [1/1] (0.38ns)   --->   "%select_ln2192_1 = select i1 %and_ln2191, i6 %add_ln2192, i6 %select_ln2191" [spikingformer_official.cpp:2192->spikingformer_official.cpp:2341]   --->   Operation 59 'select' 'select_ln2192_1' <Predicate = (!icmp_ln2191)> <Delay = 0.38> <CoreInst = "Sel">   --->   Core 73 'Sel' <Latency = 0> <II = 1> <Delay = 0.38> <FuncUnit> <Opcode : 'select'> <InPorts = 3> <OutPorts = 1>
ST_2 : Operation 60 [1/1] (0.00ns)   --->   "%trunc_ln2193 = trunc i6 %select_ln2192_1" [spikingformer_official.cpp:2193->spikingformer_official.cpp:2341]   --->   Operation 60 'trunc' 'trunc_ln2193' <Predicate = (!icmp_ln2191)> <Delay = 0.00>
ST_2 : Operation 61 [1/1] (0.00ns)   --->   "%shl_ln = bitconcatenate i10 @_ssdm_op_BitConcatenate.i10.i5.i5, i5 %trunc_ln2193, i5 0" [spikingformer_official.cpp:2193->spikingformer_official.cpp:2341]   --->   Operation 61 'bitconcatenate' 'shl_ln' <Predicate = (!icmp_ln2191)> <Delay = 0.00>
ST_2 : Operation 62 [1/1] (0.00ns)   --->   "%zext_ln2193 = zext i10 %shl_ln" [spikingformer_official.cpp:2193->spikingformer_official.cpp:2341]   --->   Operation 62 'zext' 'zext_ln2193' <Predicate = (!icmp_ln2191)> <Delay = 0.00>
ST_2 : Operation 63 [1/1] (0.00ns)   --->   "%tmp = bitconcatenate i16 @_ssdm_op_BitConcatenate.i16.i6.i4.i6, i6 %select_ln2191_1, i4 0, i6 %select_ln2192" [spikingformer_official.cpp:2195->spikingformer_official.cpp:2341]   --->   Operation 63 'bitconcatenate' 'tmp' <Predicate = (!icmp_ln2191)> <Delay = 0.00>
ST_2 : Operation 64 [1/1] (0.85ns)   --->   "%add_ln2195 = add i16 %tmp, i16 %zext_ln2193" [spikingformer_official.cpp:2195->spikingformer_official.cpp:2341]   --->   Operation 64 'add' 'add_ln2195' <Predicate = (!icmp_ln2191)> <Delay = 0.85> <CoreInst = "Adder">   --->   Core 1 'Adder' <Latency = 0> <II = 1> <Delay = 0.85> <FuncUnit> <Opcode : 'add' 'sub'> <InPorts = 2> <OutPorts = 1>
ST_2 : Operation 65 [1/1] (0.00ns)   --->   "%zext_ln2195 = zext i16 %add_ln2195" [spikingformer_official.cpp:2195->spikingformer_official.cpp:2341]   --->   Operation 65 'zext' 'zext_ln2195' <Predicate = (!icmp_ln2191)> <Delay = 0.00>
ST_2 : Operation 66 [1/1] (1.08ns)   --->   "%add_ln2198 = add i63 %zext_ln2195, i63 %sext_ln2113_2_cast" [spikingformer_official.cpp:2198->spikingformer_official.cpp:2341]   --->   Operation 66 'add' 'add_ln2198' <Predicate = (!icmp_ln2191)> <Delay = 1.08> <CoreInst = "Adder">   --->   Core 1 'Adder' <Latency = 0> <II = 1> <Delay = 1.08> <FuncUnit> <Opcode : 'add' 'sub'> <InPorts = 2> <OutPorts = 1>
ST_2 : Operation 67 [1/1] (0.00ns)   --->   "%sext_ln2198 = sext i63 %add_ln2198" [spikingformer_official.cpp:2198->spikingformer_official.cpp:2341]   --->   Operation 67 'sext' 'sext_ln2198' <Predicate = (!icmp_ln2191)> <Delay = 0.00>
ST_2 : Operation 68 [1/1] (0.00ns)   --->   "%g0_addr_95 = getelementptr i32 %g0, i64 %sext_ln2198" [spikingformer_official.cpp:2198->spikingformer_official.cpp:2341]   --->   Operation 68 'getelementptr' 'g0_addr_95' <Predicate = (!icmp_ln2191)> <Delay = 0.00>
ST_2 : Operation 69 [1/1] (1.08ns)   --->   "%add_ln2199 = add i63 %zext_ln2195, i63 %sext_ln2299_1_cast" [spikingformer_official.cpp:2199->spikingformer_official.cpp:2341]   --->   Operation 69 'add' 'add_ln2199' <Predicate = (!icmp_ln2191)> <Delay = 1.08> <CoreInst = "Adder">   --->   Core 1 'Adder' <Latency = 0> <II = 1> <Delay = 1.08> <FuncUnit> <Opcode : 'add' 'sub'> <InPorts = 2> <OutPorts = 1>
ST_2 : Operation 70 [1/1] (0.00ns)   --->   "%sext_ln2199 = sext i63 %add_ln2199" [spikingformer_official.cpp:2199->spikingformer_official.cpp:2341]   --->   Operation 70 'sext' 'sext_ln2199' <Predicate = (!icmp_ln2191)> <Delay = 0.00>
ST_2 : Operation 71 [1/1] (0.00ns)   --->   "%g0_addr_96 = getelementptr i32 %g0, i64 %sext_ln2199" [spikingformer_official.cpp:2199->spikingformer_official.cpp:2341]   --->   Operation 71 'getelementptr' 'g0_addr_96' <Predicate = (!icmp_ln2191)> <Delay = 0.00>
ST_2 : Operation 72 [1/1] (0.78ns)   --->   "%add_ln2193 = add i6 %select_ln2192, i6 1" [spikingformer_official.cpp:2193->spikingformer_official.cpp:2341]   --->   Operation 72 'add' 'add_ln2193' <Predicate = (!icmp_ln2191)> <Delay = 0.78> <CoreInst = "Adder">   --->   Core 1 'Adder' <Latency = 0> <II = 1> <Delay = 0.78> <FuncUnit> <Opcode : 'add' 'sub'> <InPorts = 2> <OutPorts = 1>
ST_2 : Operation 73 [1/1] (0.80ns)   --->   "%add_ln2192_1 = add i12 %indvar_flatten12782_load, i12 1" [spikingformer_official.cpp:2192->spikingformer_official.cpp:2341]   --->   Operation 73 'add' 'add_ln2192_1' <Predicate = (!icmp_ln2191)> <Delay = 0.80> <CoreInst = "Adder">   --->   Core 1 'Adder' <Latency = 0> <II = 1> <Delay = 0.80> <FuncUnit> <Opcode : 'add' 'sub'> <InPorts = 2> <OutPorts = 1>
ST_2 : Operation 74 [1/1] (0.37ns)   --->   "%select_ln2192_2 = select i1 %icmp_ln2192, i12 1, i12 %add_ln2192_1" [spikingformer_official.cpp:2192->spikingformer_official.cpp:2341]   --->   Operation 74 'select' 'select_ln2192_2' <Predicate = (!icmp_ln2191)> <Delay = 0.37> <CoreInst = "Sel">   --->   Core 73 'Sel' <Latency = 0> <II = 1> <Delay = 0.37> <FuncUnit> <Opcode : 'select'> <InPorts = 3> <OutPorts = 1>
ST_2 : Operation 75 [1/1] (0.42ns)   --->   "%store_ln2191 = store i16 %add_ln2191_1, i16 %indvar_flatten12793" [spikingformer_official.cpp:2191->spikingformer_official.cpp:2341]   --->   Operation 75 'store' 'store_ln2191' <Predicate = (!icmp_ln2191)> <Delay = 0.42>
ST_2 : Operation 76 [1/1] (0.42ns)   --->   "%store_ln2191 = store i6 %select_ln2191_1, i6 %v898" [spikingformer_official.cpp:2191->spikingformer_official.cpp:2341]   --->   Operation 76 'store' 'store_ln2191' <Predicate = (!icmp_ln2191)> <Delay = 0.42>
ST_2 : Operation 77 [1/1] (0.42ns)   --->   "%store_ln2192 = store i12 %select_ln2192_2, i12 %indvar_flatten12782" [spikingformer_official.cpp:2192->spikingformer_official.cpp:2341]   --->   Operation 77 'store' 'store_ln2192' <Predicate = (!icmp_ln2191)> <Delay = 0.42>
ST_2 : Operation 78 [1/1] (0.42ns)   --->   "%store_ln2192 = store i6 %select_ln2192_1, i6 %v899" [spikingformer_official.cpp:2192->spikingformer_official.cpp:2341]   --->   Operation 78 'store' 'store_ln2192' <Predicate = (!icmp_ln2191)> <Delay = 0.42>
ST_2 : Operation 79 [1/1] (0.42ns)   --->   "%store_ln2193 = store i6 %add_ln2193, i6 %v900" [spikingformer_official.cpp:2193->spikingformer_official.cpp:2341]   --->   Operation 79 'store' 'store_ln2193' <Predicate = (!icmp_ln2191)> <Delay = 0.42>

State 3 <SV = 2> <Delay = 0.00>
ST_3 : Operation 80 [8/8] (7.30ns)   --->   "%g0_load_30_req = readreq i1 @_ssdm_op_ReadReq.m_axi.i32P1A, i32 %g0_addr_95, i64 1" [spikingformer_official.cpp:2198->spikingformer_official.cpp:2341]   --->   Operation 80 'readreq' 'g0_load_30_req' <Predicate = (!icmp_ln2191)> <Delay = 7.30> <CoreInst = "m_axi">   --->   Core 119 'm_axi' <Latency = 6> <II = 1> <Delay = 1.00> <Adapter> <Opcode : 'readrequnaligned' 'writerequnaligned' 'read' 'write' 'readreq' 'writereq' 'writeresp'>

State 4 <SV = 3> <Delay = 0.00>
ST_4 : Operation 81 [7/8] (7.30ns)   --->   "%g0_load_30_req = readreq i1 @_ssdm_op_ReadReq.m_axi.i32P1A, i32 %g0_addr_95, i64 1" [spikingformer_official.cpp:2198->spikingformer_official.cpp:2341]   --->   Operation 81 'readreq' 'g0_load_30_req' <Predicate = true> <Delay = 7.30> <CoreInst = "m_axi">   --->   Core 119 'm_axi' <Latency = 6> <II = 1> <Delay = 1.00> <Adapter> <Opcode : 'readrequnaligned' 'writerequnaligned' 'read' 'write' 'readreq' 'writereq' 'writeresp'>
ST_4 : Operation 82 [8/8] (7.30ns)   --->   "%g0_load_31_req = readreq i1 @_ssdm_op_ReadReq.m_axi.i32P1A, i32 %g0_addr_96, i64 1" [spikingformer_official.cpp:2199->spikingformer_official.cpp:2341]   --->   Operation 82 'readreq' 'g0_load_31_req' <Predicate = true> <Delay = 7.30> <CoreInst = "m_axi">   --->   Core 119 'm_axi' <Latency = 6> <II = 1> <Delay = 1.00> <Adapter> <Opcode : 'readrequnaligned' 'writerequnaligned' 'read' 'write' 'readreq' 'writereq' 'writeresp'>

State 5 <SV = 4> <Delay = 0.00>
ST_5 : Operation 83 [6/8] (7.30ns)   --->   "%g0_load_30_req = readreq i1 @_ssdm_op_ReadReq.m_axi.i32P1A, i32 %g0_addr_95, i64 1" [spikingformer_official.cpp:2198->spikingformer_official.cpp:2341]   --->   Operation 83 'readreq' 'g0_load_30_req' <Predicate = true> <Delay = 7.30> <CoreInst = "m_axi">   --->   Core 119 'm_axi' <Latency = 6> <II = 1> <Delay = 1.00> <Adapter> <Opcode : 'readrequnaligned' 'writerequnaligned' 'read' 'write' 'readreq' 'writereq' 'writeresp'>
ST_5 : Operation 84 [7/8] (7.30ns)   --->   "%g0_load_31_req = readreq i1 @_ssdm_op_ReadReq.m_axi.i32P1A, i32 %g0_addr_96, i64 1" [spikingformer_official.cpp:2199->spikingformer_official.cpp:2341]   --->   Operation 84 'readreq' 'g0_load_31_req' <Predicate = true> <Delay = 7.30> <CoreInst = "m_axi">   --->   Core 119 'm_axi' <Latency = 6> <II = 1> <Delay = 1.00> <Adapter> <Opcode : 'readrequnaligned' 'writerequnaligned' 'read' 'write' 'readreq' 'writereq' 'writeresp'>

State 6 <SV = 5> <Delay = 0.00>
ST_6 : Operation 85 [5/8] (7.30ns)   --->   "%g0_load_30_req = readreq i1 @_ssdm_op_ReadReq.m_axi.i32P1A, i32 %g0_addr_95, i64 1" [spikingformer_official.cpp:2198->spikingformer_official.cpp:2341]   --->   Operation 85 'readreq' 'g0_load_30_req' <Predicate = true> <Delay = 7.30> <CoreInst = "m_axi">   --->   Core 119 'm_axi' <Latency = 6> <II = 1> <Delay = 1.00> <Adapter> <Opcode : 'readrequnaligned' 'writerequnaligned' 'read' 'write' 'readreq' 'writereq' 'writeresp'>
ST_6 : Operation 86 [6/8] (7.30ns)   --->   "%g0_load_31_req = readreq i1 @_ssdm_op_ReadReq.m_axi.i32P1A, i32 %g0_addr_96, i64 1" [spikingformer_official.cpp:2199->spikingformer_official.cpp:2341]   --->   Operation 86 'readreq' 'g0_load_31_req' <Predicate = true> <Delay = 7.30> <CoreInst = "m_axi">   --->   Core 119 'm_axi' <Latency = 6> <II = 1> <Delay = 1.00> <Adapter> <Opcode : 'readrequnaligned' 'writerequnaligned' 'read' 'write' 'readreq' 'writereq' 'writeresp'>

State 7 <SV = 6> <Delay = 0.00>
ST_7 : Operation 87 [4/8] (7.30ns)   --->   "%g0_load_30_req = readreq i1 @_ssdm_op_ReadReq.m_axi.i32P1A, i32 %g0_addr_95, i64 1" [spikingformer_official.cpp:2198->spikingformer_official.cpp:2341]   --->   Operation 87 'readreq' 'g0_load_30_req' <Predicate = true> <Delay = 7.30> <CoreInst = "m_axi">   --->   Core 119 'm_axi' <Latency = 6> <II = 1> <Delay = 1.00> <Adapter> <Opcode : 'readrequnaligned' 'writerequnaligned' 'read' 'write' 'readreq' 'writereq' 'writeresp'>
ST_7 : Operation 88 [5/8] (7.30ns)   --->   "%g0_load_31_req = readreq i1 @_ssdm_op_ReadReq.m_axi.i32P1A, i32 %g0_addr_96, i64 1" [spikingformer_official.cpp:2199->spikingformer_official.cpp:2341]   --->   Operation 88 'readreq' 'g0_load_31_req' <Predicate = true> <Delay = 7.30> <CoreInst = "m_axi">   --->   Core 119 'm_axi' <Latency = 6> <II = 1> <Delay = 1.00> <Adapter> <Opcode : 'readrequnaligned' 'writerequnaligned' 'read' 'write' 'readreq' 'writereq' 'writeresp'>

State 8 <SV = 7> <Delay = 0.00>
ST_8 : Operation 89 [3/8] (7.30ns)   --->   "%g0_load_30_req = readreq i1 @_ssdm_op_ReadReq.m_axi.i32P1A, i32 %g0_addr_95, i64 1" [spikingformer_official.cpp:2198->spikingformer_official.cpp:2341]   --->   Operation 89 'readreq' 'g0_load_30_req' <Predicate = true> <Delay = 7.30> <CoreInst = "m_axi">   --->   Core 119 'm_axi' <Latency = 6> <II = 1> <Delay = 1.00> <Adapter> <Opcode : 'readrequnaligned' 'writerequnaligned' 'read' 'write' 'readreq' 'writereq' 'writeresp'>
ST_8 : Operation 90 [4/8] (7.30ns)   --->   "%g0_load_31_req = readreq i1 @_ssdm_op_ReadReq.m_axi.i32P1A, i32 %g0_addr_96, i64 1" [spikingformer_official.cpp:2199->spikingformer_official.cpp:2341]   --->   Operation 90 'readreq' 'g0_load_31_req' <Predicate = true> <Delay = 7.30> <CoreInst = "m_axi">   --->   Core 119 'm_axi' <Latency = 6> <II = 1> <Delay = 1.00> <Adapter> <Opcode : 'readrequnaligned' 'writerequnaligned' 'read' 'write' 'readreq' 'writereq' 'writeresp'>

State 9 <SV = 8> <Delay = 0.00>
ST_9 : Operation 91 [2/8] (7.30ns)   --->   "%g0_load_30_req = readreq i1 @_ssdm_op_ReadReq.m_axi.i32P1A, i32 %g0_addr_95, i64 1" [spikingformer_official.cpp:2198->spikingformer_official.cpp:2341]   --->   Operation 91 'readreq' 'g0_load_30_req' <Predicate = true> <Delay = 7.30> <CoreInst = "m_axi">   --->   Core 119 'm_axi' <Latency = 6> <II = 1> <Delay = 1.00> <Adapter> <Opcode : 'readrequnaligned' 'writerequnaligned' 'read' 'write' 'readreq' 'writereq' 'writeresp'>
ST_9 : Operation 92 [3/8] (7.30ns)   --->   "%g0_load_31_req = readreq i1 @_ssdm_op_ReadReq.m_axi.i32P1A, i32 %g0_addr_96, i64 1" [spikingformer_official.cpp:2199->spikingformer_official.cpp:2341]   --->   Operation 92 'readreq' 'g0_load_31_req' <Predicate = true> <Delay = 7.30> <CoreInst = "m_axi">   --->   Core 119 'm_axi' <Latency = 6> <II = 1> <Delay = 1.00> <Adapter> <Opcode : 'readrequnaligned' 'writerequnaligned' 'read' 'write' 'readreq' 'writereq' 'writeresp'>

State 10 <SV = 9> <Delay = 7.30>
ST_10 : Operation 93 [1/8] ( I:7.30ns O:7.30ns )   --->   "%g0_load_30_req = readreq i1 @_ssdm_op_ReadReq.m_axi.i32P1A, i32 %g0_addr_95, i64 1" [spikingformer_official.cpp:2198->spikingformer_official.cpp:2341]   --->   Operation 93 'readreq' 'g0_load_30_req' <Predicate = true> <Delay = 7.30> <CoreInst = "m_axi">   --->   Core 119 'm_axi' <Latency = 6> <II = 1> <Delay = 1.00> <Adapter> <Opcode : 'readrequnaligned' 'writerequnaligned' 'read' 'write' 'readreq' 'writereq' 'writeresp'>
ST_10 : Operation 94 [2/8] (7.30ns)   --->   "%g0_load_31_req = readreq i1 @_ssdm_op_ReadReq.m_axi.i32P1A, i32 %g0_addr_96, i64 1" [spikingformer_official.cpp:2199->spikingformer_official.cpp:2341]   --->   Operation 94 'readreq' 'g0_load_31_req' <Predicate = true> <Delay = 7.30> <CoreInst = "m_axi">   --->   Core 119 'm_axi' <Latency = 6> <II = 1> <Delay = 1.00> <Adapter> <Opcode : 'readrequnaligned' 'writerequnaligned' 'read' 'write' 'readreq' 'writereq' 'writeresp'>

State 11 <SV = 10> <Delay = 7.30>
ST_11 : Operation 95 [1/1] ( I:7.30ns O:7.30ns )   --->   "%g0_addr_95_read = read i32 @_ssdm_op_Read.m_axi.i32P1A, i32 %g0_addr_95" [spikingformer_official.cpp:2198->spikingformer_official.cpp:2341]   --->   Operation 95 'read' 'g0_addr_95_read' <Predicate = true> <Delay = 7.30> <CoreInst = "m_axi">   --->   Core 119 'm_axi' <Latency = 3> <II = 1> <Delay = 1.00> <Adapter> <Opcode : 'readrequnaligned' 'writerequnaligned' 'read' 'write' 'readreq' 'writereq' 'writeresp'>
ST_11 : Operation 96 [1/8] ( I:7.30ns O:7.30ns )   --->   "%g0_load_31_req = readreq i1 @_ssdm_op_ReadReq.m_axi.i32P1A, i32 %g0_addr_96, i64 1" [spikingformer_official.cpp:2199->spikingformer_official.cpp:2341]   --->   Operation 96 'readreq' 'g0_load_31_req' <Predicate = true> <Delay = 7.30> <CoreInst = "m_axi">   --->   Core 119 'm_axi' <Latency = 6> <II = 1> <Delay = 1.00> <Adapter> <Opcode : 'readrequnaligned' 'writerequnaligned' 'read' 'write' 'readreq' 'writereq' 'writeresp'>

State 12 <SV = 11> <Delay = 7.30>
ST_12 : Operation 97 [1/1] ( I:7.30ns O:7.30ns )   --->   "%g0_addr_96_read = read i32 @_ssdm_op_Read.m_axi.i32P1A, i32 %g0_addr_96" [spikingformer_official.cpp:2199->spikingformer_official.cpp:2341]   --->   Operation 97 'read' 'g0_addr_96_read' <Predicate = true> <Delay = 7.30> <CoreInst = "m_axi">   --->   Core 119 'm_axi' <Latency = 3> <II = 1> <Delay = 1.00> <Adapter> <Opcode : 'readrequnaligned' 'writerequnaligned' 'read' 'write' 'readreq' 'writereq' 'writeresp'>

State 13 <SV = 12> <Delay = 6.43>
ST_13 : Operation 98 [1/1] (0.00ns)   --->   "%v901 = bitcast i32 %g0_addr_95_read" [spikingformer_official.cpp:2198->spikingformer_official.cpp:2341]   --->   Operation 98 'bitcast' 'v901' <Predicate = true> <Delay = 0.00>
ST_13 : Operation 99 [1/1] (0.00ns)   --->   "%v902 = bitcast i32 %g0_addr_96_read" [spikingformer_official.cpp:2199->spikingformer_official.cpp:2341]   --->   Operation 99 'bitcast' 'v902' <Predicate = true> <Delay = 0.00>
ST_13 : Operation 100 [4/4] (6.43ns)   --->   "%v903 = fadd i32 %v901, i32 %v902" [spikingformer_official.cpp:2200->spikingformer_official.cpp:2341]   --->   Operation 100 'fadd' 'v903' <Predicate = true> <Delay = 6.43> <CoreInst = "FAddSub_fulldsp">   --->   Core 18 'FAddSub_fulldsp' <Latency = 3> <II = 1> <Delay = 6.43> <FuncUnit> <Opcode : 'fadd' 'fsub'> <InPorts = 2> <OutPorts = 1>

State 14 <SV = 13> <Delay = 6.43>
ST_14 : Operation 101 [3/4] (6.43ns)   --->   "%v903 = fadd i32 %v901, i32 %v902" [spikingformer_official.cpp:2200->spikingformer_official.cpp:2341]   --->   Operation 101 'fadd' 'v903' <Predicate = true> <Delay = 6.43> <CoreInst = "FAddSub_fulldsp">   --->   Core 18 'FAddSub_fulldsp' <Latency = 3> <II = 1> <Delay = 6.43> <FuncUnit> <Opcode : 'fadd' 'fsub'> <InPorts = 2> <OutPorts = 1>

State 15 <SV = 14> <Delay = 6.43>
ST_15 : Operation 102 [2/4] (6.43ns)   --->   "%v903 = fadd i32 %v901, i32 %v902" [spikingformer_official.cpp:2200->spikingformer_official.cpp:2341]   --->   Operation 102 'fadd' 'v903' <Predicate = true> <Delay = 6.43> <CoreInst = "FAddSub_fulldsp">   --->   Core 18 'FAddSub_fulldsp' <Latency = 3> <II = 1> <Delay = 6.43> <FuncUnit> <Opcode : 'fadd' 'fsub'> <InPorts = 2> <OutPorts = 1>
ST_15 : Operation 111 [1/1] (0.42ns)   --->   "%ret_ln0 = ret"   --->   Operation 111 'ret' 'ret_ln0' <Predicate = (icmp_ln2191)> <Delay = 0.42>

State 16 <SV = 15> <Delay = 6.43>
ST_16 : Operation 103 [1/4] (6.43ns)   --->   "%v903 = fadd i32 %v901, i32 %v902" [spikingformer_official.cpp:2200->spikingformer_official.cpp:2341]   --->   Operation 103 'fadd' 'v903' <Predicate = true> <Delay = 6.43> <CoreInst = "FAddSub_fulldsp">   --->   Core 18 'FAddSub_fulldsp' <Latency = 3> <II = 1> <Delay = 6.43> <FuncUnit> <Opcode : 'fadd' 'fsub'> <InPorts = 2> <OutPorts = 1>

State 17 <SV = 16> <Delay = 7.30>
ST_17 : Operation 104 [1/1] (0.00ns)   --->   "%g0_addr = getelementptr i32 %g0, i64 %sext_ln2265_cast" [spikingformer_official.cpp:2265->spikingformer_official.cpp:2330]   --->   Operation 104 'getelementptr' 'g0_addr' <Predicate = true> <Delay = 0.00>
ST_17 : Operation 105 [1/1] (0.00ns)   --->   "%specloopname_ln0 = specloopname void @_ssdm_op_SpecLoopName, void @VITIS_LOOP_2191_1_VITIS_LOOP_2192_2_VITIS_LOOP_2193_3_str"   --->   Operation 105 'specloopname' 'specloopname_ln0' <Predicate = true> <Delay = 0.00>
ST_17 : Operation 106 [1/1] (0.00ns)   --->   "%speclooptripcount_ln0 = speclooptripcount void @_ssdm_op_SpecLoopTripCount, i64 49152, i64 49152, i64 49152"   --->   Operation 106 'speclooptripcount' 'speclooptripcount_ln0' <Predicate = true> <Delay = 0.00>
ST_17 : Operation 107 [1/1] (0.00ns)   --->   "%specpipeline_ln2194 = specpipeline void @_ssdm_op_SpecPipeline, i32 1, i32 0, i32 0, i32 0, i32 4294967295, void @empty_35" [spikingformer_official.cpp:2194->spikingformer_official.cpp:2341]   --->   Operation 107 'specpipeline' 'specpipeline_ln2194' <Predicate = true> <Delay = 0.00>
ST_17 : Operation 108 [1/1] (0.00ns)   --->   "%bitcast_ln2201 = bitcast i32 %v903" [spikingformer_official.cpp:2201->spikingformer_official.cpp:2341]   --->   Operation 108 'bitcast' 'bitcast_ln2201' <Predicate = true> <Delay = 0.00>
ST_17 : Operation 109 [1/1] ( I:7.30ns O:7.30ns )   --->   "%write_ln2201 = write void @_ssdm_op_Write.m_axi.p1i32.i32, i32 %g0_addr, i32 %bitcast_ln2201, i4 15" [spikingformer_official.cpp:2201->spikingformer_official.cpp:2341]   --->   Operation 109 'write' 'write_ln2201' <Predicate = true> <Delay = 7.30> <CoreInst = "m_axi">   --->   Core 119 'm_axi' <Latency = 5> <II = 1> <Delay = 1.00> <Adapter> <Opcode : 'readrequnaligned' 'writerequnaligned' 'read' 'write' 'readreq' 'writereq' 'writeresp'>
ST_17 : Operation 110 [1/1] (0.00ns)   --->   "%br_ln2193 = br void %for.inc.i69" [spikingformer_official.cpp:2193->spikingformer_official.cpp:2341]   --->   Operation 110 'br' 'br_ln2193' <Predicate = true> <Delay = 0.00>


============================================================
+ Verbose Summary: Timing violations
============================================================
Target clock period: 10.000ns, clock uncertainty: 2.700ns.

 <State 1>: 0.427ns
The critical path consists of the following:
	'alloca' operation 16 bit ('indvar_flatten12793') [11]  (0.000 ns)
	'store' operation ('store_ln0') of constant 0 16 bit on local variable 'indvar_flatten12793' [22]  (0.427 ns)

 <State 2>: 4.299ns
The critical path consists of the following:
	'load' operation 12 bit ('indvar_flatten12782_load', spikingformer_official.cpp:2192->spikingformer_official.cpp:2341) on local variable 'indvar_flatten12782' [37]  (0.000 ns)
	'icmp' operation 1 bit ('icmp_ln2192', spikingformer_official.cpp:2192->spikingformer_official.cpp:2341) [43]  (0.809 ns)
	'select' operation 6 bit ('select_ln2191', spikingformer_official.cpp:2191->spikingformer_official.cpp:2341) [44]  (0.384 ns)
	'add' operation 6 bit ('add_ln2192', spikingformer_official.cpp:2192->spikingformer_official.cpp:2341) [49]  (0.781 ns)
	'select' operation 6 bit ('select_ln2192_1', spikingformer_official.cpp:2192->spikingformer_official.cpp:2341) [52]  (0.384 ns)
	'add' operation 16 bit ('add_ln2195', spikingformer_official.cpp:2195->spikingformer_official.cpp:2341) [58]  (0.853 ns)
	'add' operation 63 bit ('add_ln2198', spikingformer_official.cpp:2198->spikingformer_official.cpp:2341) [60]  (1.088 ns)

 <State 3>: 0.000ns
The critical path consists of the following:

 <State 4>: 0.000ns
The critical path consists of the following:

 <State 5>: 0.000ns
The critical path consists of the following:

 <State 6>: 0.000ns
The critical path consists of the following:

 <State 7>: 0.000ns
The critical path consists of the following:

 <State 8>: 0.000ns
The critical path consists of the following:

 <State 9>: 0.000ns
The critical path consists of the following:

 <State 10>: 7.300ns
The critical path consists of the following:
	bus request operation ('g0_load_30_req', spikingformer_official.cpp:2198->spikingformer_official.cpp:2341) on port 'g0' (spikingformer_official.cpp:2198->spikingformer_official.cpp:2341) [63]  (7.300 ns)

 <State 11>: 7.300ns
The critical path consists of the following:
	bus read operation ('g0_addr_95_read', spikingformer_official.cpp:2198->spikingformer_official.cpp:2341) on port 'g0' (spikingformer_official.cpp:2198->spikingformer_official.cpp:2341) [64]  (7.300 ns)

 <State 12>: 7.300ns
The critical path consists of the following:
	bus read operation ('g0_addr_96_read', spikingformer_official.cpp:2199->spikingformer_official.cpp:2341) on port 'g0' (spikingformer_official.cpp:2199->spikingformer_official.cpp:2341) [70]  (7.300 ns)

 <State 13>: 6.437ns
The critical path consists of the following:
	'fadd' operation 32 bit ('v903', spikingformer_official.cpp:2200->spikingformer_official.cpp:2341) [72]  (6.437 ns)

 <State 14>: 6.437ns
The critical path consists of the following:
	'fadd' operation 32 bit ('v903', spikingformer_official.cpp:2200->spikingformer_official.cpp:2341) [72]  (6.437 ns)

 <State 15>: 6.437ns
The critical path consists of the following:
	'fadd' operation 32 bit ('v903', spikingformer_official.cpp:2200->spikingformer_official.cpp:2341) [72]  (6.437 ns)

 <State 16>: 6.437ns
The critical path consists of the following:
	'fadd' operation 32 bit ('v903', spikingformer_official.cpp:2200->spikingformer_official.cpp:2341) [72]  (6.437 ns)

 <State 17>: 7.300ns
The critical path consists of the following:
	'getelementptr' operation 32 bit ('g0_addr', spikingformer_official.cpp:2265->spikingformer_official.cpp:2330) [39]  (0.000 ns)
	bus write operation ('write_ln2201', spikingformer_official.cpp:2201->spikingformer_official.cpp:2341) on port 'g0' (spikingformer_official.cpp:2201->spikingformer_official.cpp:2341) [74]  (7.300 ns)


============================================================
+ Verbose Summary: Binding
============================================================
N/A
* FSMD analyzer results:
  - Output states:
 - Input state : 
  - Chain level:
	State 1
	State 2
	State 3
	State 4
	State 5
	State 6
	State 7
	State 8
	State 9
	State 10
	State 11
	State 12
	State 13
	State 14
	State 15
	State 16
	State 17


============================================================
+ Verbose Summary: Datapath Resource usage 
============================================================
N/A
