

================================================================
== Vitis HLS Report for 'control_Pipeline_VITIS_LOOP_2027_1_VITIS_LOOP_2028_2_VITIS_LOOP_2029_3'
================================================================
* Date:           Sun Jul 12 20:26:03 2026

* Version:        2025.2 (Build 6295257 on Nov 14 2025)
* Project:        spikingformer_proj
* Solution:       solution1 (Vivado IP Flow Target)
* Product family: zynquplus
* Target device:  xczu7ev-ffvc1156-2-e


================================================================
== Performance Estimates
================================================================
+ Timing: 
    * Summary: 
    +--------+----------+----------+------------+
    |  Clock |  Target  | Estimated| Uncertainty|
    +--------+----------+----------+------------+
    |ap_clk  |  10.00 ns|  7.300 ns|     2.70 ns|
    +--------+----------+----------+------------+

+ Latency: 
    * Summary: 
    +---------+---------+----------+----------+-----+-----+-------------------+
    |  Latency (cycles) |  Latency (absolute) |  Interval |      Pipeline     |
    |   min   |   max   |    min   |    max   | min | max |        Type       |
    +---------+---------+----------+----------+-----+-----+-------------------+
    |    98307|    98307|  0.983 ms|  0.983 ms|    0|    0|  loop pipeline stp|
    +---------+---------+----------+----------+-----+-----+-------------------+

    + Detail: 
        * Instance: 
        N/A

        * Loop: 
        +---------------------------------------------------------+---------+---------+----------+-----------+-----------+-------+----------+
        |                                                         |  Latency (cycles) | Iteration|  Initiation Interval  |  Trip |          |
        |                        Loop Name                        |   min   |   max   |  Latency |  achieved |   target  | Count | Pipelined|
        +---------------------------------------------------------+---------+---------+----------+-----------+-----------+-------+----------+
        |- VITIS_LOOP_2027_1_VITIS_LOOP_2028_2_VITIS_LOOP_2029_3  |    98305|    98305|         3|          1|          1|  98304|       yes|
        +---------------------------------------------------------+---------+---------+----------+-----------+-----------+-------+----------+

============================================================
+ Verbose Summary: Synthesis Manager
============================================================
InlineROM: 1
ExposeGlobal: 0
============================================================
+ Verbose Summary: CDFG Model
============================================================
IsTopModel: 0
ResetActiveHigh: 1
IsCombinational: 0
IsDatapathOnly: 0
HasWiredReturn: 1
HasMFsm: 2
HasVarLatency: 1
IsPipeline: 0
IsRtlPipelined: 0
IsInstanceOverlapped: 0
IsDontTouch: 0
HasImplIP: 0
IsGatedGlobalClock: 0

+ Individual pipeline summary: 
  * Pipeline-0: initiation interval (II) = 1, depth = 4


============================================================
+ Verbose Summary: Schedule
============================================================
* Number of FSM states : 4
* Pipeline : 1
  Pipeline-0 : II = 1, D = 4, States = { 1 2 3 4 }
* Dataflow Pipeline: 0

* FSM state transitions: 
1 --> 2 
2 --> 3 
3 --> 4 
4 --> 

* FSM state operations: 

State 1 <SV = 0> <Delay = 0.42>
ST_1 : Operation 6 [1/1] (0.00ns)   --->   "%v833 = alloca i32 1" [spikingformer_official.cpp:2029->spikingformer_official.cpp:2357]   --->   Operation 6 'alloca' 'v833' <Predicate = true> <Delay = 0.00>
ST_1 : Operation 7 [1/1] (0.00ns)   --->   "%indvar_flatten12937 = alloca i32 1"   --->   Operation 7 'alloca' 'indvar_flatten12937' <Predicate = true> <Delay = 0.00>
ST_1 : Operation 8 [1/1] (0.00ns)   --->   "%v831 = alloca i32 1" [spikingformer_official.cpp:2027->spikingformer_official.cpp:2357]   --->   Operation 8 'alloca' 'v831' <Predicate = true> <Delay = 0.00>
ST_1 : Operation 9 [1/1] (0.00ns)   --->   "%indvar_flatten12952 = alloca i32 1"   --->   Operation 9 'alloca' 'indvar_flatten12952' <Predicate = true> <Delay = 0.00>
ST_1 : Operation 10 [1/1] (0.00ns)   --->   "%v83412535 = alloca i32 1"   --->   Operation 10 'alloca' 'v83412535' <Predicate = true> <Delay = 0.00>
ST_1 : Operation 11 [1/1] (0.00ns)   --->   "%sext_ln2027_read = read i62 @_ssdm_op_Read.ap_auto.i62, i62 %sext_ln2027"   --->   Operation 11 'read' 'sext_ln2027_read' <Predicate = true> <Delay = 0.00>
ST_1 : Operation 12 [1/1] (0.00ns)   --->   "%sext_ln2027_cast = sext i62 %sext_ln2027_read"   --->   Operation 12 'sext' 'sext_ln2027_cast' <Predicate = true> <Delay = 0.00>
ST_1 : Operation 13 [1/1] (0.00ns)   --->   "%specstablecontent_ln0 = specstablecontent void @_ssdm_op_SpecStableContent, i32 %g0, i1 1, void "   --->   Operation 13 'specstablecontent' 'specstablecontent_ln0' <Predicate = true> <Delay = 0.00>
ST_1 : Operation 14 [1/1] (0.00ns)   --->   "%specinterface_ln0 = specinterface void @_ssdm_op_SpecInterface, i32 %g0, void @empty_26, i32 0, i32 0, void @empty_35, i32 0, i32 0, void @empty_22, void @empty_25, void @empty_35, i32 16, i32 16, i32 16, i32 16, void @empty_35, void @empty_35, i32 4294967295, i32 0, i32 0, i32 4"   --->   Operation 14 'specinterface' 'specinterface_ln0' <Predicate = true> <Delay = 0.00>
ST_1 : Operation 15 [1/1] (0.42ns)   --->   "%store_ln0 = store i17 0, i17 %indvar_flatten12952"   --->   Operation 15 'store' 'store_ln0' <Predicate = true> <Delay = 0.42>
ST_1 : Operation 16 [1/1] (0.42ns)   --->   "%store_ln2027 = store i7 0, i7 %v831" [spikingformer_official.cpp:2027->spikingformer_official.cpp:2357]   --->   Operation 16 'store' 'store_ln2027' <Predicate = true> <Delay = 0.42>
ST_1 : Operation 17 [1/1] (0.42ns)   --->   "%store_ln0 = store i12 0, i12 %indvar_flatten12937"   --->   Operation 17 'store' 'store_ln0' <Predicate = true> <Delay = 0.42>
ST_1 : Operation 18 [1/1] (0.42ns)   --->   "%store_ln2029 = store i6 0, i6 %v833" [spikingformer_official.cpp:2029->spikingformer_official.cpp:2357]   --->   Operation 18 'store' 'store_ln2029' <Predicate = true> <Delay = 0.42>
ST_1 : Operation 19 [1/1] (0.42ns)   --->   "%br_ln0 = br void %for.inc.i184"   --->   Operation 19 'br' 'br_ln0' <Predicate = true> <Delay = 0.42>

State 2 <SV = 1> <Delay = 2.40>
ST_2 : Operation 20 [1/1] (0.00ns)   --->   "%first_iter_27 = phi i1 1, void %newFuncRoot, i1 %or_ln2028_1, void %for.inc.i184.split" [spikingformer_official.cpp:2028->spikingformer_official.cpp:2357]   --->   Operation 20 'phi' 'first_iter_27' <Predicate = true> <Delay = 0.00>
ST_2 : Operation 21 [1/1] (0.00ns)   --->   "%first_iter_26 = phi i1 1, void %newFuncRoot, i1 0, void %for.inc.i184.split"   --->   Operation 21 'phi' 'first_iter_26' <Predicate = true> <Delay = 0.00>
ST_2 : Operation 22 [1/1] (0.00ns)   --->   "%v833_1 = load i6 %v833" [spikingformer_official.cpp:2029->spikingformer_official.cpp:2357]   --->   Operation 22 'load' 'v833_1' <Predicate = true> <Delay = 0.00>
ST_2 : Operation 23 [1/1] (0.00ns)   --->   "%indvar_flatten12937_load = load i12 %indvar_flatten12937" [spikingformer_official.cpp:2028->spikingformer_official.cpp:2357]   --->   Operation 23 'load' 'indvar_flatten12937_load' <Predicate = true> <Delay = 0.00>
ST_2 : Operation 24 [1/1] (0.00ns)   --->   "%indvar_flatten12952_load = load i17 %indvar_flatten12952" [spikingformer_official.cpp:2027->spikingformer_official.cpp:2357]   --->   Operation 24 'load' 'indvar_flatten12952_load' <Predicate = true> <Delay = 0.00>
ST_2 : Operation 25 [1/1] (0.00ns)   --->   "%specbitsmap_ln0 = specbitsmap void @_ssdm_op_SpecBitsMap, i32 %g0"   --->   Operation 25 'specbitsmap' 'specbitsmap_ln0' <Predicate = true> <Delay = 0.00>
ST_2 : Operation 26 [1/1] (0.86ns)   --->   "%icmp_ln2027 = icmp_eq  i17 %indvar_flatten12952_load, i17 98304" [spikingformer_official.cpp:2027->spikingformer_official.cpp:2357]   --->   Operation 26 'icmp' 'icmp_ln2027' <Predicate = true> <Delay = 0.86> <CoreInst = "Cmp">   --->   Core 9 'Cmp' <Latency = 0> <II = 1> <Delay = 0.86> <FuncUnit> <Opcode : 'seteq' 'setne' 'setle' 'setge' 'setlt' 'setgt'> <InPorts = 2> <OutPorts = 1>
ST_2 : Operation 27 [1/1] (0.86ns)   --->   "%add_ln2027_1 = add i17 %indvar_flatten12952_load, i17 1" [spikingformer_official.cpp:2027->spikingformer_official.cpp:2357]   --->   Operation 27 'add' 'add_ln2027_1' <Predicate = true> <Delay = 0.86> <CoreInst = "Adder">   --->   Core 1 'Adder' <Latency = 0> <II = 1> <Delay = 0.86> <FuncUnit> <Opcode : 'add' 'sub'> <InPorts = 2> <OutPorts = 1>
ST_2 : Operation 28 [1/1] (0.00ns)   --->   "%br_ln2027 = br i1 %icmp_ln2027, void %for.inc19.i190, void %_Z9kernel586PfPA96_A32_A32_f.exit.exitStub" [spikingformer_official.cpp:2027->spikingformer_official.cpp:2357]   --->   Operation 28 'br' 'br_ln2027' <Predicate = true> <Delay = 0.00>
ST_2 : Operation 29 [1/1] (0.00ns)   --->   "%v831_load = load i7 %v831" [spikingformer_official.cpp:2027->spikingformer_official.cpp:2357]   --->   Operation 29 'load' 'v831_load' <Predicate = (!icmp_ln2027)> <Delay = 0.00>
ST_2 : Operation 30 [1/1] (0.77ns)   --->   "%add_ln2027 = add i7 %v831_load, i7 1" [spikingformer_official.cpp:2027->spikingformer_official.cpp:2357]   --->   Operation 30 'add' 'add_ln2027' <Predicate = (!icmp_ln2027)> <Delay = 0.77> <CoreInst = "Adder">   --->   Core 1 'Adder' <Latency = 0> <II = 1> <Delay = 0.77> <FuncUnit> <Opcode : 'add' 'sub'> <InPorts = 2> <OutPorts = 1>
ST_2 : Operation 31 [1/1] (0.80ns)   --->   "%icmp_ln2028 = icmp_eq  i12 %indvar_flatten12937_load, i12 1024" [spikingformer_official.cpp:2028->spikingformer_official.cpp:2357]   --->   Operation 31 'icmp' 'icmp_ln2028' <Predicate = (!icmp_ln2027)> <Delay = 0.80> <CoreInst = "Cmp">   --->   Core 9 'Cmp' <Latency = 0> <II = 1> <Delay = 0.80> <FuncUnit> <Opcode : 'seteq' 'setne' 'setle' 'setge' 'setlt' 'setgt'> <InPorts = 2> <OutPorts = 1>
ST_2 : Operation 32 [1/1] (0.00ns) (grouped into LUT with out node and_ln2029)   --->   "%or_ln2027 = or i1 %icmp_ln2028, i1 %first_iter_26" [spikingformer_official.cpp:2027->spikingformer_official.cpp:2357]   --->   Operation 32 'or' 'or_ln2027' <Predicate = (!icmp_ln2027)> <Delay = 0.00> <CoreInst = "LogicGate">   --->   Core 74 'LogicGate' <Latency = 0> <II = 1> <Delay = 0.28> <FuncUnit> <Opcode : 'and' 'or' 'xor'> <InPorts = 2> <OutPorts = 1>
ST_2 : Operation 33 [1/1] (0.00ns) (grouped into LUT with out node and_ln2027)   --->   "%xor_ln2027 = xor i1 %icmp_ln2028, i1 1" [spikingformer_official.cpp:2027->spikingformer_official.cpp:2357]   --->   Operation 33 'xor' 'xor_ln2027' <Predicate = (!icmp_ln2027)> <Delay = 0.00> <CoreInst = "LogicGate">   --->   Core 74 'LogicGate' <Latency = 0> <II = 1> <Delay = 0.28> <FuncUnit> <Opcode : 'and' 'or' 'xor'> <InPorts = 2> <OutPorts = 1>
ST_2 : Operation 34 [1/1] (0.78ns)   --->   "%icmp_ln2029 = icmp_eq  i6 %v833_1, i6 32" [spikingformer_official.cpp:2029->spikingformer_official.cpp:2357]   --->   Operation 34 'icmp' 'icmp_ln2029' <Predicate = (!icmp_ln2027)> <Delay = 0.78> <CoreInst = "Cmp">   --->   Core 9 'Cmp' <Latency = 0> <II = 1> <Delay = 0.78> <FuncUnit> <Opcode : 'seteq' 'setne' 'setle' 'setge' 'setlt' 'setgt'> <InPorts = 2> <OutPorts = 1>
ST_2 : Operation 35 [1/1] (0.28ns) (out node of the LUT)   --->   "%and_ln2027 = and i1 %icmp_ln2029, i1 %xor_ln2027" [spikingformer_official.cpp:2027->spikingformer_official.cpp:2357]   --->   Operation 35 'and' 'and_ln2027' <Predicate = (!icmp_ln2027)> <Delay = 0.28> <CoreInst = "LogicGate">   --->   Core 74 'LogicGate' <Latency = 0> <II = 1> <Delay = 0.28> <FuncUnit> <Opcode : 'and' 'or' 'xor'> <InPorts = 2> <OutPorts = 1>
ST_2 : Operation 36 [1/1] (0.36ns)   --->   "%select_ln2027 = select i1 %icmp_ln2028, i7 %add_ln2027, i7 %v831_load" [spikingformer_official.cpp:2027->spikingformer_official.cpp:2357]   --->   Operation 36 'select' 'select_ln2027' <Predicate = (!icmp_ln2027)> <Delay = 0.36> <CoreInst = "Sel">   --->   Core 73 'Sel' <Latency = 0> <II = 1> <Delay = 0.36> <FuncUnit> <Opcode : 'select'> <InPorts = 3> <OutPorts = 1>
ST_2 : Operation 37 [1/1] (0.00ns) (grouped into LUT with out node and_ln2029)   --->   "%or_ln2028 = or i1 %and_ln2027, i1 %or_ln2027" [spikingformer_official.cpp:2028->spikingformer_official.cpp:2357]   --->   Operation 37 'or' 'or_ln2028' <Predicate = (!icmp_ln2027)> <Delay = 0.00> <CoreInst = "LogicGate">   --->   Core 74 'LogicGate' <Latency = 0> <II = 1> <Delay = 0.28> <FuncUnit> <Opcode : 'and' 'or' 'xor'> <InPorts = 2> <OutPorts = 1>
ST_2 : Operation 38 [1/1] (0.00ns) (grouped into LUT with out node or_ln2028_1)   --->   "%xor_ln2028 = xor i1 %icmp_ln2029, i1 1" [spikingformer_official.cpp:2028->spikingformer_official.cpp:2357]   --->   Operation 38 'xor' 'xor_ln2028' <Predicate = (!icmp_ln2027)> <Delay = 0.00> <CoreInst = "LogicGate">   --->   Core 74 'LogicGate' <Latency = 0> <II = 1> <Delay = 0.28> <FuncUnit> <Opcode : 'and' 'or' 'xor'> <InPorts = 2> <OutPorts = 1>
ST_2 : Operation 39 [1/1] (0.00ns) (grouped into LUT with out node or_ln2028_1)   --->   "%and_ln2028 = and i1 %first_iter_27, i1 %xor_ln2028" [spikingformer_official.cpp:2028->spikingformer_official.cpp:2357]   --->   Operation 39 'and' 'and_ln2028' <Predicate = (!icmp_ln2027)> <Delay = 0.00> <CoreInst = "LogicGate">   --->   Core 74 'LogicGate' <Latency = 0> <II = 1> <Delay = 0.28> <FuncUnit> <Opcode : 'and' 'or' 'xor'> <InPorts = 2> <OutPorts = 1>
ST_2 : Operation 40 [1/1] (0.28ns) (out node of the LUT)   --->   "%or_ln2028_1 = or i1 %icmp_ln2028, i1 %and_ln2028" [spikingformer_official.cpp:2028->spikingformer_official.cpp:2357]   --->   Operation 40 'or' 'or_ln2028_1' <Predicate = (!icmp_ln2027)> <Delay = 0.28> <CoreInst = "LogicGate">   --->   Core 74 'LogicGate' <Latency = 0> <II = 1> <Delay = 0.28> <FuncUnit> <Opcode : 'and' 'or' 'xor'> <InPorts = 2> <OutPorts = 1>
ST_2 : Operation 41 [1/1] (0.00ns)   --->   "%zext_ln2027 = zext i7 %select_ln2027" [spikingformer_official.cpp:2027->spikingformer_official.cpp:2357]   --->   Operation 41 'zext' 'zext_ln2027' <Predicate = (!icmp_ln2027)> <Delay = 0.00>
ST_2 : Operation 42 [1/1] (0.00ns)   --->   "%v830_addr = getelementptr i32 %v830, i64 0, i64 %zext_ln2027" [spikingformer_official.cpp:2033->spikingformer_official.cpp:2357]   --->   Operation 42 'getelementptr' 'v830_addr' <Predicate = (!icmp_ln2027)> <Delay = 0.00>
ST_2 : Operation 43 [1/1] (0.28ns) (out node of the LUT)   --->   "%and_ln2029 = and i1 %or_ln2028, i1 %or_ln2028_1" [spikingformer_official.cpp:2029->spikingformer_official.cpp:2357]   --->   Operation 43 'and' 'and_ln2029' <Predicate = (!icmp_ln2027)> <Delay = 0.28> <CoreInst = "LogicGate">   --->   Core 74 'LogicGate' <Latency = 0> <II = 1> <Delay = 0.28> <FuncUnit> <Opcode : 'and' 'or' 'xor'> <InPorts = 2> <OutPorts = 1>
ST_2 : Operation 44 [1/1] (0.00ns)   --->   "%br_ln2029 = br i1 %and_ln2029, void %for.inc.i184.split, void %for.first.iter.VITIS_LOOP_2029_3.i" [spikingformer_official.cpp:2029->spikingformer_official.cpp:2357]   --->   Operation 44 'br' 'br_ln2029' <Predicate = (!icmp_ln2027)> <Delay = 0.00>
ST_2 : Operation 45 [2/2] (1.23ns)   --->   "%v834 = load i7 %v830_addr" [spikingformer_official.cpp:2033->spikingformer_official.cpp:2357]   --->   Operation 45 'load' 'v834' <Predicate = (!icmp_ln2027 & and_ln2029)> <Delay = 1.23> <CoreInst = "RAM">   --->   Core 82 'RAM' <Latency = 1> <II = 1> <Delay = 1.23> <Storage> <Opcode : 'load' 'store'> <Ports = 2> <Width = 32> <Depth = 96> <RAM>
ST_2 : Operation 46 [1/1] (0.78ns)   --->   "%add_ln2029 = add i6 %v833_1, i6 1" [spikingformer_official.cpp:2029->spikingformer_official.cpp:2357]   --->   Operation 46 'add' 'add_ln2029' <Predicate = (!icmp_ln2027)> <Delay = 0.78> <CoreInst = "Adder">   --->   Core 1 'Adder' <Latency = 0> <II = 1> <Delay = 0.78> <FuncUnit> <Opcode : 'add' 'sub'> <InPorts = 2> <OutPorts = 1>
ST_2 : Operation 47 [1/1] (0.00ns) (grouped into LUT with out node select_ln2029)   --->   "%or_ln2029 = or i1 %and_ln2027, i1 %icmp_ln2028" [spikingformer_official.cpp:2029->spikingformer_official.cpp:2357]   --->   Operation 47 'or' 'or_ln2029' <Predicate = (!icmp_ln2027)> <Delay = 0.00> <CoreInst = "LogicGate">   --->   Core 74 'LogicGate' <Latency = 0> <II = 1> <Delay = 0.28> <FuncUnit> <Opcode : 'and' 'or' 'xor'> <InPorts = 2> <OutPorts = 1>
ST_2 : Operation 48 [1/1] (0.38ns) (out node of the LUT)   --->   "%select_ln2029 = select i1 %or_ln2029, i6 1, i6 %add_ln2029" [spikingformer_official.cpp:2029->spikingformer_official.cpp:2357]   --->   Operation 48 'select' 'select_ln2029' <Predicate = (!icmp_ln2027)> <Delay = 0.38> <CoreInst = "Sel">   --->   Core 73 'Sel' <Latency = 0> <II = 1> <Delay = 0.38> <FuncUnit> <Opcode : 'select'> <InPorts = 3> <OutPorts = 1>
ST_2 : Operation 49 [1/1] (0.80ns)   --->   "%add_ln2028 = add i12 %indvar_flatten12937_load, i12 1" [spikingformer_official.cpp:2028->spikingformer_official.cpp:2357]   --->   Operation 49 'add' 'add_ln2028' <Predicate = (!icmp_ln2027)> <Delay = 0.80> <CoreInst = "Adder">   --->   Core 1 'Adder' <Latency = 0> <II = 1> <Delay = 0.80> <FuncUnit> <Opcode : 'add' 'sub'> <InPorts = 2> <OutPorts = 1>
ST_2 : Operation 50 [1/1] (0.37ns)   --->   "%select_ln2028 = select i1 %icmp_ln2028, i12 1, i12 %add_ln2028" [spikingformer_official.cpp:2028->spikingformer_official.cpp:2357]   --->   Operation 50 'select' 'select_ln2028' <Predicate = (!icmp_ln2027)> <Delay = 0.37> <CoreInst = "Sel">   --->   Core 73 'Sel' <Latency = 0> <II = 1> <Delay = 0.37> <FuncUnit> <Opcode : 'select'> <InPorts = 3> <OutPorts = 1>
ST_2 : Operation 51 [1/1] (0.42ns)   --->   "%store_ln2027 = store i17 %add_ln2027_1, i17 %indvar_flatten12952" [spikingformer_official.cpp:2027->spikingformer_official.cpp:2357]   --->   Operation 51 'store' 'store_ln2027' <Predicate = (!icmp_ln2027)> <Delay = 0.42>
ST_2 : Operation 52 [1/1] (0.42ns)   --->   "%store_ln2027 = store i7 %select_ln2027, i7 %v831" [spikingformer_official.cpp:2027->spikingformer_official.cpp:2357]   --->   Operation 52 'store' 'store_ln2027' <Predicate = (!icmp_ln2027)> <Delay = 0.42>
ST_2 : Operation 53 [1/1] (0.42ns)   --->   "%store_ln2028 = store i12 %select_ln2028, i12 %indvar_flatten12937" [spikingformer_official.cpp:2028->spikingformer_official.cpp:2357]   --->   Operation 53 'store' 'store_ln2028' <Predicate = (!icmp_ln2027)> <Delay = 0.42>
ST_2 : Operation 54 [1/1] (0.42ns)   --->   "%store_ln2029 = store i6 %select_ln2029, i6 %v833" [spikingformer_official.cpp:2029->spikingformer_official.cpp:2357]   --->   Operation 54 'store' 'store_ln2029' <Predicate = (!icmp_ln2027)> <Delay = 0.42>
ST_2 : Operation 55 [1/1] (0.00ns)   --->   "%br_ln2029 = br void %for.inc.i184" [spikingformer_official.cpp:2029->spikingformer_official.cpp:2357]   --->   Operation 55 'br' 'br_ln2029' <Predicate = (!icmp_ln2027)> <Delay = 0.00>

State 3 <SV = 2> <Delay = 1.23>
ST_3 : Operation 56 [1/2] ( I:1.23ns O:1.23ns )   --->   "%v834 = load i7 %v830_addr" [spikingformer_official.cpp:2033->spikingformer_official.cpp:2357]   --->   Operation 56 'load' 'v834' <Predicate = (and_ln2029)> <Delay = 1.23> <CoreInst = "RAM">   --->   Core 82 'RAM' <Latency = 1> <II = 1> <Delay = 1.23> <Storage> <Opcode : 'load' 'store'> <Ports = 2> <Width = 32> <Depth = 96> <RAM>
ST_3 : Operation 57 [1/1] (0.00ns)   --->   "%store_ln2033 = store i32 %v834, i32 %v83412535" [spikingformer_official.cpp:2033->spikingformer_official.cpp:2357]   --->   Operation 57 'store' 'store_ln2033' <Predicate = (and_ln2029)> <Delay = 0.00>
ST_3 : Operation 58 [1/1] (0.00ns)   --->   "%br_ln2028 = br void %for.inc.i184.split" [spikingformer_official.cpp:2028->spikingformer_official.cpp:2357]   --->   Operation 58 'br' 'br_ln2028' <Predicate = (and_ln2029)> <Delay = 0.00>
ST_3 : Operation 66 [1/1] (0.42ns)   --->   "%ret_ln0 = ret"   --->   Operation 66 'ret' 'ret_ln0' <Predicate = (icmp_ln2027)> <Delay = 0.42>

State 4 <SV = 3> <Delay = 7.30>
ST_4 : Operation 59 [1/1] (0.00ns)   --->   "%g0_addr = getelementptr i32 %g0, i64 %sext_ln2027_cast" [spikingformer_official.cpp:2027->spikingformer_official.cpp:2357]   --->   Operation 59 'getelementptr' 'g0_addr' <Predicate = (!icmp_ln2027)> <Delay = 0.00>
ST_4 : Operation 60 [1/1] (0.00ns)   --->   "%specloopname_ln0 = specloopname void @_ssdm_op_SpecLoopName, void @VITIS_LOOP_2027_1_VITIS_LOOP_2028_2_VITIS_LOOP_2029_3_str"   --->   Operation 60 'specloopname' 'specloopname_ln0' <Predicate = (!icmp_ln2027)> <Delay = 0.00>
ST_4 : Operation 61 [1/1] (0.00ns)   --->   "%speclooptripcount_ln0 = speclooptripcount void @_ssdm_op_SpecLoopTripCount, i64 98304, i64 98304, i64 98304"   --->   Operation 61 'speclooptripcount' 'speclooptripcount_ln0' <Predicate = (!icmp_ln2027)> <Delay = 0.00>
ST_4 : Operation 62 [1/1] (0.00ns)   --->   "%v83412535_load = load i32 %v83412535"   --->   Operation 62 'load' 'v83412535_load' <Predicate = (!icmp_ln2027)> <Delay = 0.00>
ST_4 : Operation 63 [1/1] (0.00ns)   --->   "%bitcast_ln2034 = bitcast i32 %v83412535_load" [spikingformer_official.cpp:2034->spikingformer_official.cpp:2357]   --->   Operation 63 'bitcast' 'bitcast_ln2034' <Predicate = (!icmp_ln2027)> <Delay = 0.00>
ST_4 : Operation 64 [1/1] (0.00ns)   --->   "%specpipeline_ln2030 = specpipeline void @_ssdm_op_SpecPipeline, i32 1, i32 0, i32 0, i32 0, i32 4294967295, void @empty_35" [spikingformer_official.cpp:2030->spikingformer_official.cpp:2357]   --->   Operation 64 'specpipeline' 'specpipeline_ln2030' <Predicate = (!icmp_ln2027)> <Delay = 0.00>
ST_4 : Operation 65 [1/1] ( I:7.30ns O:7.30ns )   --->   "%write_ln2034 = write void @_ssdm_op_Write.m_axi.p1i32.i32, i32 %g0_addr, i32 %bitcast_ln2034, i4 15" [spikingformer_official.cpp:2034->spikingformer_official.cpp:2357]   --->   Operation 65 'write' 'write_ln2034' <Predicate = (!icmp_ln2027)> <Delay = 7.30> <CoreInst = "m_axi">   --->   Core 119 'm_axi' <Latency = 5> <II = 1> <Delay = 1.00> <Adapter> <Opcode : 'readrequnaligned' 'writerequnaligned' 'read' 'write' 'readreq' 'writereq' 'writeresp'>


============================================================
+ Verbose Summary: Binding
============================================================
STG Binding: 
---------------- STG Properties BEGIN ----------------
- Is combinational: 0
- Is one-state seq: 0
- Is datapath-only: 0
- Is pipelined: 0
- Is top level: 0
Port [ Return ] is wired: 1; IO mode=ap_ctrl_hs:ce=0
Port [ g0]:  wired=1; compound=1; hidden=0; nouse=0; global=0; static=0; extern=0; dir=1; type=4; pingpong=0; private_global=0; IO mode=m_axi:ce=0
Port [ sext_ln2027]:  wired=1; compound=0; hidden=0; nouse=0; global=0; static=0; extern=0; dir=0; type=0; pingpong=0; private_global=0; IO mode=ap_none:ce=0
Port [ v830]:  wired=1; compound=1; hidden=0; nouse=0; global=0; static=0; extern=0; dir=0; type=1; pingpong=0; private_global=0; MemPort=[13]; IO mode=ap_memory:ce=0
---------------- STG Properties END ------------------

---------------- Datapath Model BEGIN ----------------

<LifeTime>
<method=bitvector/>
v833                     (alloca           ) [ 01100]
indvar_flatten12937      (alloca           ) [ 01100]
v831                     (alloca           ) [ 01100]
indvar_flatten12952      (alloca           ) [ 01100]
v83412535                (alloca           ) [ 01111]
sext_ln2027_read         (read             ) [ 00000]
sext_ln2027_cast         (sext             ) [ 01111]
specstablecontent_ln0    (specstablecontent) [ 00000]
specinterface_ln0        (specinterface    ) [ 00000]
store_ln0                (store            ) [ 00000]
store_ln2027             (store            ) [ 00000]
store_ln0                (store            ) [ 00000]
store_ln2029             (store            ) [ 00000]
br_ln0                   (br               ) [ 01100]
first_iter_27            (phi              ) [ 01100]
first_iter_26            (phi              ) [ 01100]
v833_1                   (load             ) [ 00000]
indvar_flatten12937_load (load             ) [ 00000]
indvar_flatten12952_load (load             ) [ 00000]
specbitsmap_ln0          (specbitsmap      ) [ 00000]
icmp_ln2027              (icmp             ) [ 01111]
add_ln2027_1             (add              ) [ 00000]
br_ln2027                (br               ) [ 00000]
v831_load                (load             ) [ 00000]
add_ln2027               (add              ) [ 00000]
icmp_ln2028              (icmp             ) [ 00000]
or_ln2027                (or               ) [ 00000]
xor_ln2027               (xor              ) [ 00000]
icmp_ln2029              (icmp             ) [ 00000]
and_ln2027               (and              ) [ 00000]
select_ln2027            (select           ) [ 00000]
or_ln2028                (or               ) [ 00000]
xor_ln2028               (xor              ) [ 00000]
and_ln2028               (and              ) [ 00000]
or_ln2028_1              (or               ) [ 01100]
zext_ln2027              (zext             ) [ 00000]
v830_addr                (getelementptr    ) [ 01010]
and_ln2029               (and              ) [ 01110]
br_ln2029                (br               ) [ 00000]
add_ln2029               (add              ) [ 00000]
or_ln2029                (or               ) [ 00000]
select_ln2029            (select           ) [ 00000]
add_ln2028               (add              ) [ 00000]
select_ln2028            (select           ) [ 00000]
store_ln2027             (store            ) [ 00000]
store_ln2027             (store            ) [ 00000]
store_ln2028             (store            ) [ 00000]
store_ln2029             (store            ) [ 00000]
br_ln2029                (br               ) [ 01100]
v834                     (load             ) [ 00000]
store_ln2033             (store            ) [ 00000]
br_ln2028                (br               ) [ 00000]
g0_addr                  (getelementptr    ) [ 00000]
specloopname_ln0         (specloopname     ) [ 00000]
speclooptripcount_ln0    (speclooptripcount) [ 00000]
v83412535_load           (load             ) [ 00000]
bitcast_ln2034           (bitcast          ) [ 00000]
specpipeline_ln2030      (specpipeline     ) [ 00000]
write_ln2034             (write            ) [ 00000]
ret_ln0                  (ret              ) [ 00000]
</LifeTime>

<model>

<comp_list>
<comp id="0" class="1000" name="g0">
<pin_list>
<pin id="1" dir="1" index="0" bw="1" slack="0"/>
</pin_list>
<bind>
<StgValue><ssdm name="g0"/><MemPortTyVec>1 </MemPortTyVec>
</StgValue>
</bind>
</comp>

<comp id="2" class="1000" name="sext_ln2027">
<pin_list>
<pin id="3" dir="1" index="0" bw="1" slack="0"/>
</pin_list>
<bind>
<StgValue><ssdm name="sext_ln2027"/></StgValue>
</bind>
</comp>

<comp id="4" class="1000" name="v830">
<pin_list>
<pin id="5" dir="1" index="0" bw="1" slack="0"/>
</pin_list>
<bind>
<StgValue><ssdm name="v830"/><MemPortTyVec>1 3 </MemPortTyVec>
</StgValue>
</bind>
</comp>

<comp id="6" class="1001" name="const_6">
<pin_list>
<pin id="7" dir="1" index="0" bw="1" slack="0"/>
</pin_list>
<bind>
<StgValue><ssdm name=""/></StgValue>
</bind>
</comp>

<comp id="8" class="1001" name="const_8">
<pin_list>
<pin id="9" dir="1" index="0" bw="1" slack="0"/>
</pin_list>
<bind>
<StgValue><ssdm name="_ssdm_op_Read.ap_auto.i62"/></StgValue>
</bind>
</comp>

<comp id="10" class="1001" name="const_10">
<pin_list>
<pin id="11" dir="1" index="0" bw="1" slack="2147483647"/>
</pin_list>
<bind>
<StgValue><ssdm name="_ssdm_op_SpecStableContent"/></StgValue>
</bind>
</comp>

<comp id="12" class="1001" name="const_12">
<pin_list>
<pin id="13" dir="1" index="0" bw="1" slack="0"/>
</pin_list>
<bind>
<StgValue><ssdm name=""/></StgValue>
</bind>
</comp>

<comp id="14" class="1001" name="const_14">
<pin_list>
<pin id="15" dir="1" index="0" bw="1" slack="2147483647"/>
</pin_list>
<bind>
<StgValue><ssdm name=""/></StgValue>
</bind>
</comp>

<comp id="16" class="1001" name="const_16">
<pin_list>
<pin id="17" dir="1" index="0" bw="1" slack="2147483647"/>
</pin_list>
<bind>
<StgValue><ssdm name="_ssdm_op_SpecInterface"/></StgValue>
</bind>
</comp>

<comp id="18" class="1001" name="const_18">
<pin_list>
<pin id="19" dir="1" index="0" bw="1" slack="2147483647"/>
</pin_list>
<bind>
<StgValue><ssdm name="empty_26"/></StgValue>
</bind>
</comp>

<comp id="20" class="1001" name="const_20">
<pin_list>
<pin id="21" dir="1" index="0" bw="1" slack="2147483647"/>
</pin_list>
<bind>
<StgValue><ssdm name=""/></StgValue>
</bind>
</comp>

<comp id="22" class="1001" name="const_22">
<pin_list>
<pin id="23" dir="1" index="0" bw="1" slack="2147483647"/>
</pin_list>
<bind>
<StgValue><ssdm name="empty_35"/></StgValue>
</bind>
</comp>

<comp id="24" class="1001" name="const_24">
<pin_list>
<pin id="25" dir="1" index="0" bw="1" slack="2147483647"/>
</pin_list>
<bind>
<StgValue><ssdm name="empty_22"/></StgValue>
</bind>
</comp>

<comp id="26" class="1001" name="const_26">
<pin_list>
<pin id="27" dir="1" index="0" bw="1" slack="2147483647"/>
</pin_list>
<bind>
<StgValue><ssdm name="empty_25"/></StgValue>
</bind>
</comp>

<comp id="28" class="1001" name="const_28">
<pin_list>
<pin id="29" dir="1" index="0" bw="1" slack="2147483647"/>
</pin_list>
<bind>
<StgValue><ssdm name=""/></StgValue>
</bind>
</comp>

<comp id="30" class="1001" name="const_30">
<pin_list>
<pin id="31" dir="1" index="0" bw="1" slack="2147483647"/>
</pin_list>
<bind>
<StgValue><ssdm name=""/></StgValue>
</bind>
</comp>

<comp id="32" class="1001" name="const_32">
<pin_list>
<pin id="33" dir="1" index="0" bw="1" slack="2147483647"/>
</pin_list>
<bind>
<StgValue><ssdm name=""/></StgValue>
</bind>
</comp>

<comp id="34" class="1001" name="const_34">
<pin_list>
<pin id="35" dir="1" index="0" bw="1" slack="0"/>
</pin_list>
<bind>
<StgValue><ssdm name=""/></StgValue>
</bind>
</comp>

<comp id="36" class="1001" name="const_36">
<pin_list>
<pin id="37" dir="1" index="0" bw="1" slack="0"/>
</pin_list>
<bind>
<StgValue><ssdm name=""/></StgValue>
</bind>
</comp>

<comp id="38" class="1001" name="const_38">
<pin_list>
<pin id="39" dir="1" index="0" bw="1" slack="0"/>
</pin_list>
<bind>
<StgValue><ssdm name=""/></StgValue>
</bind>
</comp>

<comp id="40" class="1001" name="const_40">
<pin_list>
<pin id="41" dir="1" index="0" bw="1" slack="0"/>
</pin_list>
<bind>
<StgValue><ssdm name=""/></StgValue>
</bind>
</comp>

<comp id="42" class="1001" name="const_42">
<pin_list>
<pin id="43" dir="1" index="0" bw="1" slack="0"/>
</pin_list>
<bind>
<StgValue><ssdm name=""/></StgValue>
</bind>
</comp>

<comp id="44" class="1001" name="const_44">
<pin_list>
<pin id="45" dir="1" index="0" bw="1" slack="2147483647"/>
</pin_list>
<bind>
<StgValue><ssdm name="_ssdm_op_SpecBitsMap"/></StgValue>
</bind>
</comp>

<comp id="46" class="1001" name="const_46">
<pin_list>
<pin id="47" dir="1" index="0" bw="1" slack="0"/>
</pin_list>
<bind>
<StgValue><ssdm name=""/></StgValue>
</bind>
</comp>

<comp id="48" class="1001" name="const_48">
<pin_list>
<pin id="49" dir="1" index="0" bw="1" slack="0"/>
</pin_list>
<bind>
<StgValue><ssdm name=""/></StgValue>
</bind>
</comp>

<comp id="50" class="1001" name="const_50">
<pin_list>
<pin id="51" dir="1" index="0" bw="1" slack="0"/>
</pin_list>
<bind>
<StgValue><ssdm name=""/></StgValue>
</bind>
</comp>

<comp id="52" class="1001" name="const_52">
<pin_list>
<pin id="53" dir="1" index="0" bw="1" slack="0"/>
</pin_list>
<bind>
<StgValue><ssdm name=""/></StgValue>
</bind>
</comp>

<comp id="54" class="1001" name="const_54">
<pin_list>
<pin id="55" dir="1" index="0" bw="1" slack="0"/>
</pin_list>
<bind>
<StgValue><ssdm name=""/></StgValue>
</bind>
</comp>

<comp id="56" class="1001" name="const_56">
<pin_list>
<pin id="57" dir="1" index="0" bw="1" slack="0"/>
</pin_list>
<bind>
<StgValue><ssdm name=""/></StgValue>
</bind>
</comp>

<comp id="58" class="1001" name="const_58">
<pin_list>
<pin id="59" dir="1" index="0" bw="1" slack="0"/>
</pin_list>
<bind>
<StgValue><ssdm name=""/></StgValue>
</bind>
</comp>

<comp id="60" class="1001" name="const_60">
<pin_list>
<pin id="61" dir="1" index="0" bw="1" slack="0"/>
</pin_list>
<bind>
<StgValue><ssdm name=""/></StgValue>
</bind>
</comp>

<comp id="62" class="1001" name="const_62">
<pin_list>
<pin id="63" dir="1" index="0" bw="1" slack="2147483647"/>
</pin_list>
<bind>
<StgValue><ssdm name="_ssdm_op_SpecLoopName"/></StgValue>
</bind>
</comp>

<comp id="64" class="1001" name="const_64">
<pin_list>
<pin id="65" dir="1" index="0" bw="1" slack="2147483647"/>
</pin_list>
<bind>
<StgValue><ssdm name="VITIS_LOOP_2027_1_VITIS_LOOP_2028_2_VITIS_LOOP_2029_3_str"/></StgValue>
</bind>
</comp>

<comp id="66" class="1001" name="const_66">
<pin_list>
<pin id="67" dir="1" index="0" bw="1" slack="2147483647"/>
</pin_list>
<bind>
<StgValue><ssdm name="_ssdm_op_SpecLoopTripCount"/></StgValue>
</bind>
</comp>

<comp id="68" class="1001" name="const_68">
<pin_list>
<pin id="69" dir="1" index="0" bw="1" slack="2147483647"/>
</pin_list>
<bind>
<StgValue><ssdm name=""/></StgValue>
</bind>
</comp>

<comp id="70" class="1001" name="const_70">
<pin_list>
<pin id="71" dir="1" index="0" bw="1" slack="2147483647"/>
</pin_list>
<bind>
<StgValue><ssdm name="_ssdm_op_SpecPipeline"/></StgValue>
</bind>
</comp>

<comp id="72" class="1001" name="const_72">
<pin_list>
<pin id="73" dir="1" index="0" bw="1" slack="0"/>
</pin_list>
<bind>
<StgValue><ssdm name="_ssdm_op_Write.m_axi.p1i32.i32"/></StgValue>
</bind>
</comp>

<comp id="74" class="1001" name="const_74">
<pin_list>
<pin id="75" dir="1" index="0" bw="1" slack="0"/>
</pin_list>
<bind>
<StgValue><ssdm name=""/></StgValue>
</bind>
</comp>

<comp id="76" class="1004" name="v833_fu_76">
<pin_list>
<pin id="77" dir="0" index="0" bw="1" slack="0"/>
<pin id="78" dir="1" index="1" bw="6" slack="0"/>
</pin_list>
<bind>
<opcode="alloca(26) " fcode="alloca"/>
<opset="v833/1 "/>
</bind>
</comp>

<comp id="80" class="1004" name="indvar_flatten12937_fu_80">
<pin_list>
<pin id="81" dir="0" index="0" bw="1" slack="0"/>
<pin id="82" dir="1" index="1" bw="12" slack="0"/>
</pin_list>
<bind>
<opcode="alloca(26) " fcode="alloca"/>
<opset="indvar_flatten12937/1 "/>
</bind>
</comp>

<comp id="84" class="1004" name="v831_fu_84">
<pin_list>
<pin id="85" dir="0" index="0" bw="1" slack="0"/>
<pin id="86" dir="1" index="1" bw="7" slack="0"/>
</pin_list>
<bind>
<opcode="alloca(26) " fcode="alloca"/>
<opset="v831/1 "/>
</bind>
</comp>

<comp id="88" class="1004" name="indvar_flatten12952_fu_88">
<pin_list>
<pin id="89" dir="0" index="0" bw="1" slack="0"/>
<pin id="90" dir="1" index="1" bw="17" slack="0"/>
</pin_list>
<bind>
<opcode="alloca(26) " fcode="alloca"/>
<opset="indvar_flatten12952/1 "/>
</bind>
</comp>

<comp id="92" class="1004" name="v83412535_fu_92">
<pin_list>
<pin id="93" dir="0" index="0" bw="1" slack="0"/>
<pin id="94" dir="1" index="1" bw="32" slack="2"/>
</pin_list>
<bind>
<opcode="alloca(26) " fcode="alloca"/>
<opset="v83412535/1 "/>
</bind>
</comp>

<comp id="96" class="1004" name="sext_ln2027_read_read_fu_96">
<pin_list>
<pin id="97" dir="0" index="0" bw="62" slack="0"/>
<pin id="98" dir="0" index="1" bw="62" slack="0"/>
<pin id="99" dir="1" index="2" bw="62" slack="0"/>
</pin_list>
<bind>
<opcode="read(1150) " fcode="read"/>
<opset="sext_ln2027_read/1 "/>
</bind>
</comp>

<comp id="102" class="1004" name="v830_addr_gep_fu_102">
<pin_list>
<pin id="103" dir="0" index="0" bw="32" slack="0"/>
<pin id="104" dir="0" index="1" bw="1" slack="0"/>
<pin id="105" dir="0" index="2" bw="7" slack="0"/>
<pin id="106" dir="1" index="3" bw="7" slack="0"/>
</pin_list>
<bind>
<opcode="getelementptr(29) " fcode="getelementptr"/>
<opset="v830_addr/2 "/>
</bind>
</comp>

<comp id="109" class="1004" name="grp_access_fu_109">
<pin_list>
<pin id="110" dir="0" index="0" bw="7" slack="0"/>
<pin id="111" dir="0" index="1" bw="32" slack="2147483647"/>
<pin id="112" dir="0" index="2" bw="0" slack="2147483647"/>
<pin id="113" dir="1" index="3" bw="32" slack="0"/>
</pin_list>
<bind>
<opcode="load(27) " fcode="load"/>
<opset="v834/2 "/>
</bind>
</comp>

<comp id="115" class="1004" name="write_ln2034_write_fu_115">
<pin_list>
<pin id="116" dir="0" index="0" bw="0" slack="0"/>
<pin id="117" dir="0" index="1" bw="32" slack="0"/>
<pin id="118" dir="0" index="2" bw="32" slack="0"/>
<pin id="119" dir="0" index="3" bw="1" slack="0"/>
<pin id="120" dir="1" index="4" bw="0" slack="2147483647"/>
</pin_list>
<bind>
<opcode="write(1151) " fcode="write"/>
<opset="write_ln2034/4 "/>
</bind>
</comp>

<comp id="123" class="1005" name="first_iter_27_reg_123">
<pin_list>
<pin id="124" dir="0" index="0" bw="1" slack="1"/>
<pin id="125" dir="1" index="1" bw="1" slack="1"/>
</pin_list>
<bind>
<opset="first_iter_27 (phireg) "/>
</bind>
</comp>

<comp id="127" class="1004" name="first_iter_27_phi_fu_127">
<pin_list>
<pin id="128" dir="0" index="0" bw="1" slack="1"/>
<pin id="129" dir="0" index="1" bw="0" slack="2147483647"/>
<pin id="130" dir="0" index="2" bw="1" slack="0"/>
<pin id="131" dir="0" index="3" bw="0" slack="2147483647"/>
<pin id="132" dir="1" index="4" bw="1" slack="0"/>
</pin_list>
<bind>
<opcode="phi(47) " fcode="phi"/>
<opset="first_iter_27/2 "/>
</bind>
</comp>

<comp id="134" class="1005" name="first_iter_26_reg_134">
<pin_list>
<pin id="135" dir="0" index="0" bw="1" slack="1"/>
<pin id="136" dir="1" index="1" bw="1" slack="1"/>
</pin_list>
<bind>
<opset="first_iter_26 (phireg) "/>
</bind>
</comp>

<comp id="138" class="1004" name="first_iter_26_phi_fu_138">
<pin_list>
<pin id="139" dir="0" index="0" bw="1" slack="1"/>
<pin id="140" dir="0" index="1" bw="0" slack="2147483647"/>
<pin id="141" dir="0" index="2" bw="1" slack="0"/>
<pin id="142" dir="0" index="3" bw="0" slack="2147483647"/>
<pin id="143" dir="1" index="4" bw="1" slack="0"/>
</pin_list>
<bind>
<opcode="phi(47) " fcode="phi"/>
<opset="first_iter_26/2 "/>
</bind>
</comp>

<comp id="146" class="1004" name="sext_ln2027_cast_fu_146">
<pin_list>
<pin id="147" dir="0" index="0" bw="62" slack="0"/>
<pin id="148" dir="1" index="1" bw="64" slack="3"/>
</pin_list>
<bind>
<opcode="sext(35) " fcode="sext"/>
<opset="sext_ln2027_cast/1 "/>
</bind>
</comp>

<comp id="150" class="1004" name="store_ln0_store_fu_150">
<pin_list>
<pin id="151" dir="0" index="0" bw="1" slack="0"/>
<pin id="152" dir="0" index="1" bw="17" slack="0"/>
<pin id="153" dir="1" index="2" bw="0" slack="2147483647"/>
</pin_list>
<bind>
<opcode="store(28) " fcode="store"/>
<opset="store_ln0/1 "/>
</bind>
</comp>

<comp id="155" class="1004" name="store_ln2027_store_fu_155">
<pin_list>
<pin id="156" dir="0" index="0" bw="1" slack="0"/>
<pin id="157" dir="0" index="1" bw="7" slack="0"/>
<pin id="158" dir="1" index="2" bw="0" slack="2147483647"/>
</pin_list>
<bind>
<opcode="store(28) " fcode="store"/>
<opset="store_ln2027/1 "/>
</bind>
</comp>

<comp id="160" class="1004" name="store_ln0_store_fu_160">
<pin_list>
<pin id="161" dir="0" index="0" bw="1" slack="0"/>
<pin id="162" dir="0" index="1" bw="12" slack="0"/>
<pin id="163" dir="1" index="2" bw="0" slack="2147483647"/>
</pin_list>
<bind>
<opcode="store(28) " fcode="store"/>
<opset="store_ln0/1 "/>
</bind>
</comp>

<comp id="165" class="1004" name="store_ln2029_store_fu_165">
<pin_list>
<pin id="166" dir="0" index="0" bw="1" slack="0"/>
<pin id="167" dir="0" index="1" bw="6" slack="0"/>
<pin id="168" dir="1" index="2" bw="0" slack="2147483647"/>
</pin_list>
<bind>
<opcode="store(28) " fcode="store"/>
<opset="store_ln2029/1 "/>
</bind>
</comp>

<comp id="170" class="1004" name="v833_1_load_fu_170">
<pin_list>
<pin id="171" dir="0" index="0" bw="6" slack="1"/>
<pin id="172" dir="1" index="1" bw="6" slack="0"/>
</pin_list>
<bind>
<opcode="load(27) " fcode="load"/>
<opset="v833_1/2 "/>
</bind>
</comp>

<comp id="173" class="1004" name="indvar_flatten12937_load_load_fu_173">
<pin_list>
<pin id="174" dir="0" index="0" bw="12" slack="1"/>
<pin id="175" dir="1" index="1" bw="12" slack="0"/>
</pin_list>
<bind>
<opcode="load(27) " fcode="load"/>
<opset="indvar_flatten12937_load/2 "/>
</bind>
</comp>

<comp id="176" class="1004" name="indvar_flatten12952_load_load_fu_176">
<pin_list>
<pin id="177" dir="0" index="0" bw="17" slack="1"/>
<pin id="178" dir="1" index="1" bw="17" slack="0"/>
</pin_list>
<bind>
<opcode="load(27) " fcode="load"/>
<opset="indvar_flatten12952_load/2 "/>
</bind>
</comp>

<comp id="179" class="1004" name="icmp_ln2027_fu_179">
<pin_list>
<pin id="180" dir="0" index="0" bw="17" slack="0"/>
<pin id="181" dir="0" index="1" bw="16" slack="0"/>
<pin id="182" dir="1" index="2" bw="1" slack="1"/>
</pin_list>
<bind>
<opcode="icmp(45) " fcode="icmp"/>
<opset="icmp_ln2027/2 "/>
</bind>
</comp>

<comp id="185" class="1004" name="add_ln2027_1_fu_185">
<pin_list>
<pin id="186" dir="0" index="0" bw="17" slack="0"/>
<pin id="187" dir="0" index="1" bw="1" slack="0"/>
<pin id="188" dir="1" index="2" bw="17" slack="0"/>
</pin_list>
<bind>
<opcode="add(8) " fcode="add"/>
<opset="add_ln2027_1/2 "/>
</bind>
</comp>

<comp id="191" class="1004" name="v831_load_load_fu_191">
<pin_list>
<pin id="192" dir="0" index="0" bw="7" slack="1"/>
<pin id="193" dir="1" index="1" bw="7" slack="0"/>
</pin_list>
<bind>
<opcode="load(27) " fcode="load"/>
<opset="v831_load/2 "/>
</bind>
</comp>

<comp id="194" class="1004" name="add_ln2027_fu_194">
<pin_list>
<pin id="195" dir="0" index="0" bw="7" slack="0"/>
<pin id="196" dir="0" index="1" bw="1" slack="0"/>
<pin id="197" dir="1" index="2" bw="7" slack="0"/>
</pin_list>
<bind>
<opcode="add(8) " fcode="add"/>
<opset="add_ln2027/2 "/>
</bind>
</comp>

<comp id="200" class="1004" name="icmp_ln2028_fu_200">
<pin_list>
<pin id="201" dir="0" index="0" bw="12" slack="0"/>
<pin id="202" dir="0" index="1" bw="12" slack="0"/>
<pin id="203" dir="1" index="2" bw="1" slack="0"/>
</pin_list>
<bind>
<opcode="icmp(45) " fcode="icmp"/>
<opset="icmp_ln2028/2 "/>
</bind>
</comp>

<comp id="206" class="1004" name="or_ln2027_fu_206">
<pin_list>
<pin id="207" dir="0" index="0" bw="1" slack="0"/>
<pin id="208" dir="0" index="1" bw="1" slack="0"/>
<pin id="209" dir="1" index="2" bw="1" slack="0"/>
</pin_list>
<bind>
<opcode="or(24) " fcode="or"/>
<opset="or_ln2027/2 "/>
</bind>
</comp>

<comp id="212" class="1004" name="xor_ln2027_fu_212">
<pin_list>
<pin id="213" dir="0" index="0" bw="1" slack="0"/>
<pin id="214" dir="0" index="1" bw="1" slack="0"/>
<pin id="215" dir="1" index="2" bw="1" slack="0"/>
</pin_list>
<bind>
<opcode="xor(25) " fcode="xor"/>
<opset="xor_ln2027/2 "/>
</bind>
</comp>

<comp id="218" class="1004" name="icmp_ln2029_fu_218">
<pin_list>
<pin id="219" dir="0" index="0" bw="6" slack="0"/>
<pin id="220" dir="0" index="1" bw="6" slack="0"/>
<pin id="221" dir="1" index="2" bw="1" slack="0"/>
</pin_list>
<bind>
<opcode="icmp(45) " fcode="icmp"/>
<opset="icmp_ln2029/2 "/>
</bind>
</comp>

<comp id="224" class="1004" name="and_ln2027_fu_224">
<pin_list>
<pin id="225" dir="0" index="0" bw="1" slack="0"/>
<pin id="226" dir="0" index="1" bw="1" slack="0"/>
<pin id="227" dir="1" index="2" bw="1" slack="0"/>
</pin_list>
<bind>
<opcode="and(23) " fcode="and"/>
<opset="and_ln2027/2 "/>
</bind>
</comp>

<comp id="230" class="1004" name="select_ln2027_fu_230">
<pin_list>
<pin id="231" dir="0" index="0" bw="1" slack="0"/>
<pin id="232" dir="0" index="1" bw="7" slack="0"/>
<pin id="233" dir="0" index="2" bw="7" slack="0"/>
<pin id="234" dir="1" index="3" bw="7" slack="0"/>
</pin_list>
<bind>
<opcode="select(49) " fcode="select"/>
<opset="select_ln2027/2 "/>
</bind>
</comp>

<comp id="238" class="1004" name="or_ln2028_fu_238">
<pin_list>
<pin id="239" dir="0" index="0" bw="1" slack="0"/>
<pin id="240" dir="0" index="1" bw="1" slack="0"/>
<pin id="241" dir="1" index="2" bw="1" slack="0"/>
</pin_list>
<bind>
<opcode="or(24) " fcode="or"/>
<opset="or_ln2028/2 "/>
</bind>
</comp>

<comp id="244" class="1004" name="xor_ln2028_fu_244">
<pin_list>
<pin id="245" dir="0" index="0" bw="1" slack="0"/>
<pin id="246" dir="0" index="1" bw="1" slack="0"/>
<pin id="247" dir="1" index="2" bw="1" slack="0"/>
</pin_list>
<bind>
<opcode="xor(25) " fcode="xor"/>
<opset="xor_ln2028/2 "/>
</bind>
</comp>

<comp id="250" class="1004" name="and_ln2028_fu_250">
<pin_list>
<pin id="251" dir="0" index="0" bw="1" slack="0"/>
<pin id="252" dir="0" index="1" bw="1" slack="0"/>
<pin id="253" dir="1" index="2" bw="1" slack="0"/>
</pin_list>
<bind>
<opcode="and(23) " fcode="and"/>
<opset="and_ln2028/2 "/>
</bind>
</comp>

<comp id="256" class="1004" name="or_ln2028_1_fu_256">
<pin_list>
<pin id="257" dir="0" index="0" bw="1" slack="0"/>
<pin id="258" dir="0" index="1" bw="1" slack="0"/>
<pin id="259" dir="1" index="2" bw="1" slack="0"/>
</pin_list>
<bind>
<opcode="or(24) " fcode="or"/>
<opset="or_ln2028_1/2 "/>
</bind>
</comp>

<comp id="262" class="1004" name="zext_ln2027_fu_262">
<pin_list>
<pin id="263" dir="0" index="0" bw="7" slack="0"/>
<pin id="264" dir="1" index="1" bw="64" slack="0"/>
</pin_list>
<bind>
<opcode="zext(34) " fcode="zext"/>
<opset="zext_ln2027/2 "/>
</bind>
</comp>

<comp id="267" class="1004" name="and_ln2029_fu_267">
<pin_list>
<pin id="268" dir="0" index="0" bw="1" slack="0"/>
<pin id="269" dir="0" index="1" bw="1" slack="0"/>
<pin id="270" dir="1" index="2" bw="1" slack="1"/>
</pin_list>
<bind>
<opcode="and(23) " fcode="and"/>
<opset="and_ln2029/2 "/>
</bind>
</comp>

<comp id="273" class="1004" name="add_ln2029_fu_273">
<pin_list>
<pin id="274" dir="0" index="0" bw="6" slack="0"/>
<pin id="275" dir="0" index="1" bw="1" slack="0"/>
<pin id="276" dir="1" index="2" bw="6" slack="0"/>
</pin_list>
<bind>
<opcode="add(8) " fcode="add"/>
<opset="add_ln2029/2 "/>
</bind>
</comp>

<comp id="279" class="1004" name="or_ln2029_fu_279">
<pin_list>
<pin id="280" dir="0" index="0" bw="1" slack="0"/>
<pin id="281" dir="0" index="1" bw="1" slack="0"/>
<pin id="282" dir="1" index="2" bw="1" slack="0"/>
</pin_list>
<bind>
<opcode="or(24) " fcode="or"/>
<opset="or_ln2029/2 "/>
</bind>
</comp>

<comp id="285" class="1004" name="select_ln2029_fu_285">
<pin_list>
<pin id="286" dir="0" index="0" bw="1" slack="0"/>
<pin id="287" dir="0" index="1" bw="1" slack="0"/>
<pin id="288" dir="0" index="2" bw="6" slack="0"/>
<pin id="289" dir="1" index="3" bw="6" slack="0"/>
</pin_list>
<bind>
<opcode="select(49) " fcode="select"/>
<opset="select_ln2029/2 "/>
</bind>
</comp>

<comp id="293" class="1004" name="add_ln2028_fu_293">
<pin_list>
<pin id="294" dir="0" index="0" bw="12" slack="0"/>
<pin id="295" dir="0" index="1" bw="1" slack="0"/>
<pin id="296" dir="1" index="2" bw="12" slack="0"/>
</pin_list>
<bind>
<opcode="add(8) " fcode="add"/>
<opset="add_ln2028/2 "/>
</bind>
</comp>

<comp id="299" class="1004" name="select_ln2028_fu_299">
<pin_list>
<pin id="300" dir="0" index="0" bw="1" slack="0"/>
<pin id="301" dir="0" index="1" bw="1" slack="0"/>
<pin id="302" dir="0" index="2" bw="12" slack="0"/>
<pin id="303" dir="1" index="3" bw="12" slack="0"/>
</pin_list>
<bind>
<opcode="select(49) " fcode="select"/>
<opset="select_ln2028/2 "/>
</bind>
</comp>

<comp id="307" class="1004" name="store_ln2027_store_fu_307">
<pin_list>
<pin id="308" dir="0" index="0" bw="17" slack="0"/>
<pin id="309" dir="0" index="1" bw="17" slack="1"/>
<pin id="310" dir="1" index="2" bw="0" slack="2147483647"/>
</pin_list>
<bind>
<opcode="store(28) " fcode="store"/>
<opset="store_ln2027/2 "/>
</bind>
</comp>

<comp id="312" class="1004" name="store_ln2027_store_fu_312">
<pin_list>
<pin id="313" dir="0" index="0" bw="7" slack="0"/>
<pin id="314" dir="0" index="1" bw="7" slack="1"/>
<pin id="315" dir="1" index="2" bw="0" slack="2147483647"/>
</pin_list>
<bind>
<opcode="store(28) " fcode="store"/>
<opset="store_ln2027/2 "/>
</bind>
</comp>

<comp id="317" class="1004" name="store_ln2028_store_fu_317">
<pin_list>
<pin id="318" dir="0" index="0" bw="12" slack="0"/>
<pin id="319" dir="0" index="1" bw="12" slack="1"/>
<pin id="320" dir="1" index="2" bw="0" slack="2147483647"/>
</pin_list>
<bind>
<opcode="store(28) " fcode="store"/>
<opset="store_ln2028/2 "/>
</bind>
</comp>

<comp id="322" class="1004" name="store_ln2029_store_fu_322">
<pin_list>
<pin id="323" dir="0" index="0" bw="6" slack="0"/>
<pin id="324" dir="0" index="1" bw="6" slack="1"/>
<pin id="325" dir="1" index="2" bw="0" slack="2147483647"/>
</pin_list>
<bind>
<opcode="store(28) " fcode="store"/>
<opset="store_ln2029/2 "/>
</bind>
</comp>

<comp id="327" class="1004" name="store_ln2033_store_fu_327">
<pin_list>
<pin id="328" dir="0" index="0" bw="32" slack="0"/>
<pin id="329" dir="0" index="1" bw="32" slack="2"/>
<pin id="330" dir="1" index="2" bw="0" slack="2147483647"/>
</pin_list>
<bind>
<opcode="store(28) " fcode="store"/>
<opset="store_ln2033/3 "/>
</bind>
</comp>

<comp id="332" class="1004" name="g0_addr_fu_332">
<pin_list>
<pin id="333" dir="0" index="0" bw="32" slack="0"/>
<pin id="334" dir="0" index="1" bw="62" slack="3"/>
<pin id="335" dir="1" index="2" bw="32" slack="0"/>
</pin_list>
<bind>
<opcode="getelementptr(29) " fcode="getelementptr"/>
<opset="g0_addr/4 "/>
</bind>
</comp>

<comp id="338" class="1004" name="v83412535_load_load_fu_338">
<pin_list>
<pin id="339" dir="0" index="0" bw="32" slack="3"/>
<pin id="340" dir="1" index="1" bw="32" slack="0"/>
</pin_list>
<bind>
<opcode="load(27) " fcode="load"/>
<opset="v83412535_load/4 "/>
</bind>
</comp>

<comp id="341" class="1004" name="bitcast_ln2034_fu_341">
<pin_list>
<pin id="342" dir="0" index="0" bw="32" slack="0"/>
<pin id="343" dir="1" index="1" bw="32" slack="0"/>
</pin_list>
<bind>
<opcode="bitcast(44) " fcode="bitcast"/>
<opset="bitcast_ln2034/4 "/>
</bind>
</comp>

<comp id="346" class="1005" name="v833_reg_346">
<pin_list>
<pin id="347" dir="0" index="0" bw="6" slack="0"/>
<pin id="348" dir="1" index="1" bw="6" slack="0"/>
</pin_list>
<bind>
<opset="v833 "/>
</bind>
</comp>

<comp id="353" class="1005" name="indvar_flatten12937_reg_353">
<pin_list>
<pin id="354" dir="0" index="0" bw="12" slack="0"/>
<pin id="355" dir="1" index="1" bw="12" slack="0"/>
</pin_list>
<bind>
<opset="indvar_flatten12937 "/>
</bind>
</comp>

<comp id="360" class="1005" name="v831_reg_360">
<pin_list>
<pin id="361" dir="0" index="0" bw="7" slack="0"/>
<pin id="362" dir="1" index="1" bw="7" slack="0"/>
</pin_list>
<bind>
<opset="v831 "/>
</bind>
</comp>

<comp id="367" class="1005" name="indvar_flatten12952_reg_367">
<pin_list>
<pin id="368" dir="0" index="0" bw="17" slack="0"/>
<pin id="369" dir="1" index="1" bw="17" slack="0"/>
</pin_list>
<bind>
<opset="indvar_flatten12952 "/>
</bind>
</comp>

<comp id="374" class="1005" name="v83412535_reg_374">
<pin_list>
<pin id="375" dir="0" index="0" bw="32" slack="2"/>
<pin id="376" dir="1" index="1" bw="32" slack="2"/>
</pin_list>
<bind>
<opset="v83412535 "/>
</bind>
</comp>

<comp id="380" class="1005" name="sext_ln2027_cast_reg_380">
<pin_list>
<pin id="381" dir="0" index="0" bw="64" slack="3"/>
<pin id="382" dir="1" index="1" bw="64" slack="3"/>
</pin_list>
<bind>
<opset="sext_ln2027_cast "/>
</bind>
</comp>

<comp id="385" class="1005" name="icmp_ln2027_reg_385">
<pin_list>
<pin id="386" dir="0" index="0" bw="1" slack="1"/>
<pin id="387" dir="1" index="1" bw="1" slack="2147483647"/>
</pin_list>
<bind>
<opset="icmp_ln2027 "/>
</bind>
</comp>

<comp id="389" class="1005" name="or_ln2028_1_reg_389">
<pin_list>
<pin id="390" dir="0" index="0" bw="1" slack="0"/>
<pin id="391" dir="1" index="1" bw="1" slack="0"/>
</pin_list>
<bind>
<opset="or_ln2028_1 "/>
</bind>
</comp>

<comp id="394" class="1005" name="v830_addr_reg_394">
<pin_list>
<pin id="395" dir="0" index="0" bw="7" slack="1"/>
<pin id="396" dir="1" index="1" bw="7" slack="1"/>
</pin_list>
<bind>
<opset="v830_addr "/>
</bind>
</comp>

<comp id="399" class="1005" name="and_ln2029_reg_399">
<pin_list>
<pin id="400" dir="0" index="0" bw="1" slack="1"/>
<pin id="401" dir="1" index="1" bw="1" slack="2147483647"/>
</pin_list>
<bind>
<opset="and_ln2029 "/>
</bind>
</comp>

</comp_list>

<net_list>
<net id="79"><net_src comp="6" pin="0"/><net_sink comp="76" pin=0"/></net>

<net id="83"><net_src comp="6" pin="0"/><net_sink comp="80" pin=0"/></net>

<net id="87"><net_src comp="6" pin="0"/><net_sink comp="84" pin=0"/></net>

<net id="91"><net_src comp="6" pin="0"/><net_sink comp="88" pin=0"/></net>

<net id="95"><net_src comp="6" pin="0"/><net_sink comp="92" pin=0"/></net>

<net id="100"><net_src comp="8" pin="0"/><net_sink comp="96" pin=0"/></net>

<net id="101"><net_src comp="2" pin="0"/><net_sink comp="96" pin=1"/></net>

<net id="107"><net_src comp="4" pin="0"/><net_sink comp="102" pin=0"/></net>

<net id="108"><net_src comp="56" pin="0"/><net_sink comp="102" pin=1"/></net>

<net id="114"><net_src comp="102" pin="3"/><net_sink comp="109" pin=0"/></net>

<net id="121"><net_src comp="72" pin="0"/><net_sink comp="115" pin=0"/></net>

<net id="122"><net_src comp="74" pin="0"/><net_sink comp="115" pin=3"/></net>

<net id="126"><net_src comp="12" pin="0"/><net_sink comp="123" pin=0"/></net>

<net id="133"><net_src comp="123" pin="1"/><net_sink comp="127" pin=0"/></net>

<net id="137"><net_src comp="12" pin="0"/><net_sink comp="134" pin=0"/></net>

<net id="144"><net_src comp="134" pin="1"/><net_sink comp="138" pin=0"/></net>

<net id="145"><net_src comp="42" pin="0"/><net_sink comp="138" pin=2"/></net>

<net id="149"><net_src comp="96" pin="2"/><net_sink comp="146" pin=0"/></net>

<net id="154"><net_src comp="34" pin="0"/><net_sink comp="150" pin=0"/></net>

<net id="159"><net_src comp="36" pin="0"/><net_sink comp="155" pin=0"/></net>

<net id="164"><net_src comp="38" pin="0"/><net_sink comp="160" pin=0"/></net>

<net id="169"><net_src comp="40" pin="0"/><net_sink comp="165" pin=0"/></net>

<net id="183"><net_src comp="176" pin="1"/><net_sink comp="179" pin=0"/></net>

<net id="184"><net_src comp="46" pin="0"/><net_sink comp="179" pin=1"/></net>

<net id="189"><net_src comp="176" pin="1"/><net_sink comp="185" pin=0"/></net>

<net id="190"><net_src comp="48" pin="0"/><net_sink comp="185" pin=1"/></net>

<net id="198"><net_src comp="191" pin="1"/><net_sink comp="194" pin=0"/></net>

<net id="199"><net_src comp="50" pin="0"/><net_sink comp="194" pin=1"/></net>

<net id="204"><net_src comp="173" pin="1"/><net_sink comp="200" pin=0"/></net>

<net id="205"><net_src comp="52" pin="0"/><net_sink comp="200" pin=1"/></net>

<net id="210"><net_src comp="200" pin="2"/><net_sink comp="206" pin=0"/></net>

<net id="211"><net_src comp="138" pin="4"/><net_sink comp="206" pin=1"/></net>

<net id="216"><net_src comp="200" pin="2"/><net_sink comp="212" pin=0"/></net>

<net id="217"><net_src comp="12" pin="0"/><net_sink comp="212" pin=1"/></net>

<net id="222"><net_src comp="170" pin="1"/><net_sink comp="218" pin=0"/></net>

<net id="223"><net_src comp="54" pin="0"/><net_sink comp="218" pin=1"/></net>

<net id="228"><net_src comp="218" pin="2"/><net_sink comp="224" pin=0"/></net>

<net id="229"><net_src comp="212" pin="2"/><net_sink comp="224" pin=1"/></net>

<net id="235"><net_src comp="200" pin="2"/><net_sink comp="230" pin=0"/></net>

<net id="236"><net_src comp="194" pin="2"/><net_sink comp="230" pin=1"/></net>

<net id="237"><net_src comp="191" pin="1"/><net_sink comp="230" pin=2"/></net>

<net id="242"><net_src comp="224" pin="2"/><net_sink comp="238" pin=0"/></net>

<net id="243"><net_src comp="206" pin="2"/><net_sink comp="238" pin=1"/></net>

<net id="248"><net_src comp="218" pin="2"/><net_sink comp="244" pin=0"/></net>

<net id="249"><net_src comp="12" pin="0"/><net_sink comp="244" pin=1"/></net>

<net id="254"><net_src comp="127" pin="4"/><net_sink comp="250" pin=0"/></net>

<net id="255"><net_src comp="244" pin="2"/><net_sink comp="250" pin=1"/></net>

<net id="260"><net_src comp="200" pin="2"/><net_sink comp="256" pin=0"/></net>

<net id="261"><net_src comp="250" pin="2"/><net_sink comp="256" pin=1"/></net>

<net id="265"><net_src comp="230" pin="3"/><net_sink comp="262" pin=0"/></net>

<net id="266"><net_src comp="262" pin="1"/><net_sink comp="102" pin=2"/></net>

<net id="271"><net_src comp="238" pin="2"/><net_sink comp="267" pin=0"/></net>

<net id="272"><net_src comp="256" pin="2"/><net_sink comp="267" pin=1"/></net>

<net id="277"><net_src comp="170" pin="1"/><net_sink comp="273" pin=0"/></net>

<net id="278"><net_src comp="58" pin="0"/><net_sink comp="273" pin=1"/></net>

<net id="283"><net_src comp="224" pin="2"/><net_sink comp="279" pin=0"/></net>

<net id="284"><net_src comp="200" pin="2"/><net_sink comp="279" pin=1"/></net>

<net id="290"><net_src comp="279" pin="2"/><net_sink comp="285" pin=0"/></net>

<net id="291"><net_src comp="58" pin="0"/><net_sink comp="285" pin=1"/></net>

<net id="292"><net_src comp="273" pin="2"/><net_sink comp="285" pin=2"/></net>

<net id="297"><net_src comp="173" pin="1"/><net_sink comp="293" pin=0"/></net>

<net id="298"><net_src comp="60" pin="0"/><net_sink comp="293" pin=1"/></net>

<net id="304"><net_src comp="200" pin="2"/><net_sink comp="299" pin=0"/></net>

<net id="305"><net_src comp="60" pin="0"/><net_sink comp="299" pin=1"/></net>

<net id="306"><net_src comp="293" pin="2"/><net_sink comp="299" pin=2"/></net>

<net id="311"><net_src comp="185" pin="2"/><net_sink comp="307" pin=0"/></net>

<net id="316"><net_src comp="230" pin="3"/><net_sink comp="312" pin=0"/></net>

<net id="321"><net_src comp="299" pin="3"/><net_sink comp="317" pin=0"/></net>

<net id="326"><net_src comp="285" pin="3"/><net_sink comp="322" pin=0"/></net>

<net id="331"><net_src comp="109" pin="3"/><net_sink comp="327" pin=0"/></net>

<net id="336"><net_src comp="0" pin="0"/><net_sink comp="332" pin=0"/></net>

<net id="337"><net_src comp="332" pin="2"/><net_sink comp="115" pin=1"/></net>

<net id="344"><net_src comp="338" pin="1"/><net_sink comp="341" pin=0"/></net>

<net id="345"><net_src comp="341" pin="1"/><net_sink comp="115" pin=2"/></net>

<net id="349"><net_src comp="76" pin="1"/><net_sink comp="346" pin=0"/></net>

<net id="350"><net_src comp="346" pin="1"/><net_sink comp="165" pin=1"/></net>

<net id="351"><net_src comp="346" pin="1"/><net_sink comp="170" pin=0"/></net>

<net id="352"><net_src comp="346" pin="1"/><net_sink comp="322" pin=1"/></net>

<net id="356"><net_src comp="80" pin="1"/><net_sink comp="353" pin=0"/></net>

<net id="357"><net_src comp="353" pin="1"/><net_sink comp="160" pin=1"/></net>

<net id="358"><net_src comp="353" pin="1"/><net_sink comp="173" pin=0"/></net>

<net id="359"><net_src comp="353" pin="1"/><net_sink comp="317" pin=1"/></net>

<net id="363"><net_src comp="84" pin="1"/><net_sink comp="360" pin=0"/></net>

<net id="364"><net_src comp="360" pin="1"/><net_sink comp="155" pin=1"/></net>

<net id="365"><net_src comp="360" pin="1"/><net_sink comp="191" pin=0"/></net>

<net id="366"><net_src comp="360" pin="1"/><net_sink comp="312" pin=1"/></net>

<net id="370"><net_src comp="88" pin="1"/><net_sink comp="367" pin=0"/></net>

<net id="371"><net_src comp="367" pin="1"/><net_sink comp="150" pin=1"/></net>

<net id="372"><net_src comp="367" pin="1"/><net_sink comp="176" pin=0"/></net>

<net id="373"><net_src comp="367" pin="1"/><net_sink comp="307" pin=1"/></net>

<net id="377"><net_src comp="92" pin="1"/><net_sink comp="374" pin=0"/></net>

<net id="378"><net_src comp="374" pin="1"/><net_sink comp="327" pin=1"/></net>

<net id="379"><net_src comp="374" pin="1"/><net_sink comp="338" pin=0"/></net>

<net id="383"><net_src comp="146" pin="1"/><net_sink comp="380" pin=0"/></net>

<net id="384"><net_src comp="380" pin="1"/><net_sink comp="332" pin=1"/></net>

<net id="388"><net_src comp="179" pin="2"/><net_sink comp="385" pin=0"/></net>

<net id="392"><net_src comp="256" pin="2"/><net_sink comp="389" pin=0"/></net>

<net id="393"><net_src comp="389" pin="1"/><net_sink comp="127" pin=2"/></net>

<net id="397"><net_src comp="102" pin="3"/><net_sink comp="394" pin=0"/></net>

<net id="398"><net_src comp="394" pin="1"/><net_sink comp="109" pin=0"/></net>

<net id="402"><net_src comp="267" pin="2"/><net_sink comp="399" pin=0"/></net>

</net_list>

</model> 
---------------- Datapath Model END ------------------

* FSMD analyzer results:
  - Output states:
	Port: g0 | {4 }
 - Input state : 
	Port: control_Pipeline_VITIS_LOOP_2027_1_VITIS_LOOP_2028_2_VITIS_LOOP_2029_3 : sext_ln2027 | {1 }
	Port: control_Pipeline_VITIS_LOOP_2027_1_VITIS_LOOP_2028_2_VITIS_LOOP_2029_3 : v830 | {2 3 }
  - Chain level:
	State 1
		store_ln0 : 1
		store_ln2027 : 1
		store_ln0 : 1
		store_ln2029 : 1
	State 2
		icmp_ln2027 : 1
		add_ln2027_1 : 1
		br_ln2027 : 2
		add_ln2027 : 1
		icmp_ln2028 : 1
		or_ln2027 : 2
		xor_ln2027 : 2
		icmp_ln2029 : 1
		and_ln2027 : 2
		select_ln2027 : 2
		or_ln2028 : 2
		xor_ln2028 : 2
		and_ln2028 : 2
		or_ln2028_1 : 2
		zext_ln2027 : 3
		v830_addr : 4
		and_ln2029 : 2
		br_ln2029 : 2
		v834 : 5
		add_ln2029 : 1
		or_ln2029 : 2
		select_ln2029 : 2
		add_ln2028 : 1
		select_ln2028 : 2
		store_ln2027 : 2
		store_ln2027 : 3
		store_ln2028 : 3
		store_ln2029 : 3
	State 3
		store_ln2033 : 1
	State 4
		bitcast_ln2034 : 1
		write_ln2034 : 2


============================================================
+ Verbose Summary: Datapath Resource usage 
============================================================

* Functional unit list:
|----------|-----------------------------|---------|---------|
| Operation|       Functional Unit       |    FF   |   LUT   |
|----------|-----------------------------|---------|---------|
|          |     add_ln2027_1_fu_185     |    0    |    24   |
|    add   |      add_ln2027_fu_194      |    0    |    14   |
|          |      add_ln2029_fu_273      |    0    |    13   |
|          |      add_ln2028_fu_293      |    0    |    19   |
|----------|-----------------------------|---------|---------|
|          |      icmp_ln2027_fu_179     |    0    |    24   |
|   icmp   |      icmp_ln2028_fu_200     |    0    |    19   |
|          |      icmp_ln2029_fu_218     |    0    |    13   |
|----------|-----------------------------|---------|---------|
|          |     select_ln2027_fu_230    |    0    |    7    |
|  select  |     select_ln2029_fu_285    |    0    |    6    |
|          |     select_ln2028_fu_299    |    0    |    11   |
|----------|-----------------------------|---------|---------|
|          |       or_ln2027_fu_206      |    0    |    2    |
|    or    |       or_ln2028_fu_238      |    0    |    2    |
|          |      or_ln2028_1_fu_256     |    0    |    2    |
|          |       or_ln2029_fu_279      |    0    |    2    |
|----------|-----------------------------|---------|---------|
|          |      and_ln2027_fu_224      |    0    |    2    |
|    and   |      and_ln2028_fu_250      |    0    |    2    |
|          |      and_ln2029_fu_267      |    0    |    2    |
|----------|-----------------------------|---------|---------|
|    xor   |      xor_ln2027_fu_212      |    0    |    2    |
|          |      xor_ln2028_fu_244      |    0    |    2    |
|----------|-----------------------------|---------|---------|
|   read   | sext_ln2027_read_read_fu_96 |    0    |    0    |
|----------|-----------------------------|---------|---------|
|   write  |  write_ln2034_write_fu_115  |    0    |    0    |
|----------|-----------------------------|---------|---------|
|   sext   |   sext_ln2027_cast_fu_146   |    0    |    0    |
|----------|-----------------------------|---------|---------|
|   zext   |      zext_ln2027_fu_262     |    0    |    0    |
|----------|-----------------------------|---------|---------|
|   Total  |                             |    0    |   168   |
|----------|-----------------------------|---------|---------|

Memories:
N/A

* Register list:
+---------------------------+--------+
|                           |   FF   |
+---------------------------+--------+
|     and_ln2029_reg_399    |    1   |
|   first_iter_26_reg_134   |    1   |
|   first_iter_27_reg_123   |    1   |
|    icmp_ln2027_reg_385    |    1   |
|indvar_flatten12937_reg_353|   12   |
|indvar_flatten12952_reg_367|   17   |
|    or_ln2028_1_reg_389    |    1   |
|  sext_ln2027_cast_reg_380 |   64   |
|     v830_addr_reg_394     |    7   |
|        v831_reg_360       |    7   |
|        v833_reg_346       |    6   |
|     v83412535_reg_374     |   32   |
+---------------------------+--------+
|           Total           |   150  |
+---------------------------+--------+

* Multiplexer (MUX) list: 
|-------------------|------|------|------|--------||---------||---------||---------|
|        Comp       |  Pin | Size |  BW  | S x BW ||  Delay  ||    FF   ||   LUT   |
|-------------------|------|------|------|--------||---------||---------||---------|
| grp_access_fu_109 |  p0  |   2  |   7  |   14   ||    0    ||    9    |
|-------------------|------|------|------|--------||---------||---------||---------|
|       Total       |      |      |      |   14   ||  0.427  ||    0    ||    9    |
|-------------------|------|------|------|--------||---------||---------||---------|



* Summary:
+-----------+--------+--------+--------+
|           |  Delay |   FF   |   LUT  |
+-----------+--------+--------+--------+
|  Function |    -   |    0   |   168  |
|   Memory  |    -   |    -   |    -   |
|Multiplexer|    0   |    0   |    9   |
|  Register |    -   |   150  |    -   |
+-----------+--------+--------+--------+
|   Total   |    0   |   150  |   177  |
+-----------+--------+--------+--------+
