

================================================================
== Vitis HLS Report for 'control_Pipeline_VITIS_LOOP_1412_1_VITIS_LOOP_1413_2_VITIS_LOOP_1414_3'
================================================================
* Date:           Sun Jul 12 20:26:06 2026

* Version:        2025.2 (Build 6295257 on Nov 14 2025)
* Project:        spikingformer_proj
* Solution:       solution1 (Vivado IP Flow Target)
* Product family: zynquplus
* Target device:  xczu7ev-ffvc1156-2-e


================================================================
== Performance Estimates
================================================================
+ Timing: 
    * Summary: 
    +--------+----------+----------+------------+
    |  Clock |  Target  | Estimated| Uncertainty|
    +--------+----------+----------+------------+
    |ap_clk  |  10.00 ns|  7.300 ns|     2.70 ns|
    +--------+----------+----------+------------+

+ Latency: 
    * Summary: 
    +---------+---------+----------+----------+-----+-----+-------------------+
    |  Latency (cycles) |  Latency (absolute) |  Interval |      Pipeline     |
    |   min   |   max   |    min   |    max   | min | max |        Type       |
    +---------+---------+----------+----------+-----+-----+-------------------+
    |   196623|   196623|  1.966 ms|  1.966 ms|    0|    0|  loop pipeline stp|
    +---------+---------+----------+----------+-----+-----+-------------------+

    + Detail: 
        * Instance: 
        N/A

        * Loop: 
        +---------------------------------------------------------+---------+---------+----------+-----------+-----------+-------+----------+
        |                                                         |  Latency (cycles) | Iteration|  Initiation Interval  |  Trip |          |
        |                        Loop Name                        |   min   |   max   |  Latency |  achieved |   target  | Count | Pipelined|
        +---------------------------------------------------------+---------+---------+----------+-----------+-----------+-------+----------+
        |- VITIS_LOOP_1412_1_VITIS_LOOP_1413_2_VITIS_LOOP_1414_3  |   196621|   196621|        16|          2|          1|  98304|       yes|
        +---------------------------------------------------------+---------+---------+----------+-----------+-----------+-------+----------+

============================================================
+ Verbose Summary: Synthesis Manager
============================================================
InlineROM: 1
ExposeGlobal: 0
============================================================
+ Verbose Summary: CDFG Model
============================================================
IsTopModel: 0
ResetActiveHigh: 1
IsCombinational: 0
IsDatapathOnly: 0
HasWiredReturn: 1
HasMFsm: 2
HasVarLatency: 1
IsPipeline: 0
IsRtlPipelined: 0
IsInstanceOverlapped: 0
IsDontTouch: 0
HasImplIP: 0
IsGatedGlobalClock: 0

+ Individual pipeline summary: 
  * Pipeline-0: initiation interval (II) = 2, depth = 17


============================================================
+ Verbose Summary: Schedule
============================================================
* Number of FSM states : 17
* Pipeline : 1
  Pipeline-0 : II = 2, D = 17, States = { 1 2 3 4 5 6 7 8 9 10 11 12 13 14 15 16 17 }
* Dataflow Pipeline: 0

* FSM state transitions: 
1 --> 2 
2 --> 3 
3 --> 4 
4 --> 5 
5 --> 6 
6 --> 7 
7 --> 8 
8 --> 9 
9 --> 10 
10 --> 11 
11 --> 12 
12 --> 13 
13 --> 14 
14 --> 15 
15 --> 16 
16 --> 17 
17 --> 

* FSM state operations: 

State 1 <SV = 0> <Delay = 0.42>
ST_1 : Operation 19 [1/1] (0.00ns)   --->   "%v579 = alloca i32 1" [spikingformer_official.cpp:1414->spikingformer_official.cpp:2431]   --->   Operation 19 'alloca' 'v579' <Predicate = true> <Delay = 0.00>
ST_1 : Operation 20 [1/1] (0.00ns)   --->   "%v578 = alloca i32 1" [spikingformer_official.cpp:1413->spikingformer_official.cpp:2431]   --->   Operation 20 'alloca' 'v578' <Predicate = true> <Delay = 0.00>
ST_1 : Operation 21 [1/1] (0.00ns)   --->   "%indvar_flatten13649 = alloca i32 1"   --->   Operation 21 'alloca' 'indvar_flatten13649' <Predicate = true> <Delay = 0.00>
ST_1 : Operation 22 [1/1] (0.00ns)   --->   "%v577 = alloca i32 1" [spikingformer_official.cpp:1412->spikingformer_official.cpp:2431]   --->   Operation 22 'alloca' 'v577' <Predicate = true> <Delay = 0.00>
ST_1 : Operation 23 [1/1] (0.00ns)   --->   "%indvar_flatten13660 = alloca i32 1"   --->   Operation 23 'alloca' 'indvar_flatten13660' <Predicate = true> <Delay = 0.00>
ST_1 : Operation 24 [1/1] (0.00ns)   --->   "%sext_ln2061_1_read = read i62 @_ssdm_op_Read.ap_auto.i62, i62 %sext_ln2061_1"   --->   Operation 24 'read' 'sext_ln2061_1_read' <Predicate = true> <Delay = 0.00>
ST_1 : Operation 25 [1/1] (0.00ns)   --->   "%sext_ln2113_3_read = read i62 @_ssdm_op_Read.ap_auto.i62, i62 %sext_ln2113_3"   --->   Operation 25 'read' 'sext_ln2113_3_read' <Predicate = true> <Delay = 0.00>
ST_1 : Operation 26 [1/1] (0.00ns)   --->   "%sext_ln20619 = read i62 @_ssdm_op_Read.ap_auto.i62, i62 %sext_ln2061"   --->   Operation 26 'read' 'sext_ln20619' <Predicate = true> <Delay = 0.00>
ST_1 : Operation 27 [1/1] (0.00ns)   --->   "%sext_ln2027_read = read i62 @_ssdm_op_Read.ap_auto.i62, i62 %sext_ln2027"   --->   Operation 27 'read' 'sext_ln2027_read' <Predicate = true> <Delay = 0.00>
ST_1 : Operation 28 [1/1] (0.00ns)   --->   "%sext_ln2113_17 = read i62 @_ssdm_op_Read.ap_auto.i62, i62 %sext_ln2113_1"   --->   Operation 28 'read' 'sext_ln2113_17' <Predicate = true> <Delay = 0.00>
ST_1 : Operation 29 [1/1] (0.00ns)   --->   "%sext_ln2061_1_cast = sext i62 %sext_ln2061_1_read"   --->   Operation 29 'sext' 'sext_ln2061_1_cast' <Predicate = true> <Delay = 0.00>
ST_1 : Operation 30 [1/1] (0.00ns)   --->   "%sext_ln2113_3_cast = sext i62 %sext_ln2113_3_read"   --->   Operation 30 'sext' 'sext_ln2113_3_cast' <Predicate = true> <Delay = 0.00>
ST_1 : Operation 31 [1/1] (0.00ns)   --->   "%sext_ln2027_cast = sext i62 %sext_ln2027_read"   --->   Operation 31 'sext' 'sext_ln2027_cast' <Predicate = true> <Delay = 0.00>
ST_1 : Operation 32 [1/1] (0.00ns)   --->   "%specstablecontent_ln0 = specstablecontent void @_ssdm_op_SpecStableContent, i32 %g0, i1 1, void "   --->   Operation 32 'specstablecontent' 'specstablecontent_ln0' <Predicate = true> <Delay = 0.00>
ST_1 : Operation 33 [1/1] (0.00ns)   --->   "%specinterface_ln0 = specinterface void @_ssdm_op_SpecInterface, i32 %g0, void @empty_26, i32 0, i32 0, void @empty_35, i32 0, i32 0, void @empty_22, void @empty_25, void @empty_35, i32 16, i32 16, i32 16, i32 16, void @empty_35, void @empty_35, i32 4294967295, i32 0, i32 0, i32 4"   --->   Operation 33 'specinterface' 'specinterface_ln0' <Predicate = true> <Delay = 0.00>
ST_1 : Operation 34 [1/1] (0.42ns)   --->   "%store_ln0 = store i17 0, i17 %indvar_flatten13660"   --->   Operation 34 'store' 'store_ln0' <Predicate = true> <Delay = 0.42>
ST_1 : Operation 35 [1/1] (0.42ns)   --->   "%store_ln1412 = store i9 0, i9 %v577" [spikingformer_official.cpp:1412->spikingformer_official.cpp:2431]   --->   Operation 35 'store' 'store_ln1412' <Predicate = true> <Delay = 0.42>
ST_1 : Operation 36 [1/1] (0.42ns)   --->   "%store_ln0 = store i10 0, i10 %indvar_flatten13649"   --->   Operation 36 'store' 'store_ln0' <Predicate = true> <Delay = 0.42>
ST_1 : Operation 37 [1/1] (0.42ns)   --->   "%store_ln1413 = store i5 0, i5 %v578" [spikingformer_official.cpp:1413->spikingformer_official.cpp:2431]   --->   Operation 37 'store' 'store_ln1413' <Predicate = true> <Delay = 0.42>
ST_1 : Operation 38 [1/1] (0.42ns)   --->   "%store_ln1414 = store i5 0, i5 %v579" [spikingformer_official.cpp:1414->spikingformer_official.cpp:2431]   --->   Operation 38 'store' 'store_ln1414' <Predicate = true> <Delay = 0.42>
ST_1 : Operation 39 [1/1] (0.00ns)   --->   "%br_ln0 = br void %for.inc.i750"   --->   Operation 39 'br' 'br_ln0' <Predicate = true> <Delay = 0.00>

State 2 <SV = 1> <Delay = 4.35>
ST_2 : Operation 40 [1/1] (0.00ns)   --->   "%indvar_flatten13660_load = load i17 %indvar_flatten13660" [spikingformer_official.cpp:1412->spikingformer_official.cpp:2431]   --->   Operation 40 'load' 'indvar_flatten13660_load' <Predicate = true> <Delay = 0.00>
ST_2 : Operation 41 [1/1] (0.00ns)   --->   "%specbitsmap_ln0 = specbitsmap void @_ssdm_op_SpecBitsMap, i32 %g0"   --->   Operation 41 'specbitsmap' 'specbitsmap_ln0' <Predicate = true> <Delay = 0.00>
ST_2 : Operation 42 [1/1] (0.86ns)   --->   "%icmp_ln1412 = icmp_eq  i17 %indvar_flatten13660_load, i17 98304" [spikingformer_official.cpp:1412->spikingformer_official.cpp:2431]   --->   Operation 42 'icmp' 'icmp_ln1412' <Predicate = true> <Delay = 0.86> <CoreInst = "Cmp">   --->   Core 9 'Cmp' <Latency = 0> <II = 1> <Delay = 0.86> <FuncUnit> <Opcode : 'seteq' 'setne' 'setle' 'setge' 'setlt' 'setgt'> <InPorts = 2> <OutPorts = 1>
ST_2 : Operation 43 [1/1] (0.86ns)   --->   "%add_ln1412_1 = add i17 %indvar_flatten13660_load, i17 1" [spikingformer_official.cpp:1412->spikingformer_official.cpp:2431]   --->   Operation 43 'add' 'add_ln1412_1' <Predicate = true> <Delay = 0.86> <CoreInst = "Adder">   --->   Core 1 'Adder' <Latency = 0> <II = 1> <Delay = 0.86> <FuncUnit> <Opcode : 'add' 'sub'> <InPorts = 2> <OutPorts = 1>
ST_2 : Operation 44 [1/1] (0.00ns)   --->   "%br_ln1412 = br i1 %icmp_ln1412, void %for.inc32.i756, void %_Z9kernel539PA384_A16_A16_fS2_S2_.exit.exitStub" [spikingformer_official.cpp:1412->spikingformer_official.cpp:2431]   --->   Operation 44 'br' 'br_ln1412' <Predicate = true> <Delay = 0.00>
ST_2 : Operation 45 [1/1] (0.00ns)   --->   "%v579_load = load i5 %v579" [spikingformer_official.cpp:1414->spikingformer_official.cpp:2431]   --->   Operation 45 'load' 'v579_load' <Predicate = (!icmp_ln1412)> <Delay = 0.00>
ST_2 : Operation 46 [1/1] (0.00ns)   --->   "%v578_load = load i5 %v578" [spikingformer_official.cpp:1412->spikingformer_official.cpp:2431]   --->   Operation 46 'load' 'v578_load' <Predicate = (!icmp_ln1412)> <Delay = 0.00>
ST_2 : Operation 47 [1/1] (0.00ns)   --->   "%indvar_flatten13649_load = load i10 %indvar_flatten13649" [spikingformer_official.cpp:1413->spikingformer_official.cpp:2431]   --->   Operation 47 'load' 'indvar_flatten13649_load' <Predicate = (!icmp_ln1412)> <Delay = 0.00>
ST_2 : Operation 48 [1/1] (0.00ns)   --->   "%v577_load = load i9 %v577" [spikingformer_official.cpp:1412->spikingformer_official.cpp:2431]   --->   Operation 48 'load' 'v577_load' <Predicate = (!icmp_ln1412)> <Delay = 0.00>
ST_2 : Operation 49 [1/1] (0.77ns)   --->   "%add_ln1412 = add i9 %v577_load, i9 1" [spikingformer_official.cpp:1412->spikingformer_official.cpp:2431]   --->   Operation 49 'add' 'add_ln1412' <Predicate = (!icmp_ln1412)> <Delay = 0.77> <CoreInst = "Adder">   --->   Core 1 'Adder' <Latency = 0> <II = 1> <Delay = 0.77> <FuncUnit> <Opcode : 'add' 'sub'> <InPorts = 2> <OutPorts = 1>
ST_2 : Operation 50 [1/1] (0.78ns)   --->   "%icmp_ln1413 = icmp_eq  i10 %indvar_flatten13649_load, i10 256" [spikingformer_official.cpp:1413->spikingformer_official.cpp:2431]   --->   Operation 50 'icmp' 'icmp_ln1413' <Predicate = (!icmp_ln1412)> <Delay = 0.78> <CoreInst = "Cmp">   --->   Core 9 'Cmp' <Latency = 0> <II = 1> <Delay = 0.78> <FuncUnit> <Opcode : 'seteq' 'setne' 'setle' 'setge' 'setlt' 'setgt'> <InPorts = 2> <OutPorts = 1>
ST_2 : Operation 51 [1/1] (0.41ns)   --->   "%select_ln1412 = select i1 %icmp_ln1413, i5 0, i5 %v578_load" [spikingformer_official.cpp:1412->spikingformer_official.cpp:2431]   --->   Operation 51 'select' 'select_ln1412' <Predicate = (!icmp_ln1412)> <Delay = 0.41> <CoreInst = "Sel">   --->   Core 73 'Sel' <Latency = 0> <II = 1> <Delay = 0.41> <FuncUnit> <Opcode : 'select'> <InPorts = 3> <OutPorts = 1>
ST_2 : Operation 52 [1/1] (0.00ns) (grouped into LUT with out node and_ln1412)   --->   "%xor_ln1412 = xor i1 %icmp_ln1413, i1 1" [spikingformer_official.cpp:1412->spikingformer_official.cpp:2431]   --->   Operation 52 'xor' 'xor_ln1412' <Predicate = (!icmp_ln1412)> <Delay = 0.00> <CoreInst = "LogicGate">   --->   Core 74 'LogicGate' <Latency = 0> <II = 1> <Delay = 0.28> <FuncUnit> <Opcode : 'and' 'or' 'xor'> <InPorts = 2> <OutPorts = 1>
ST_2 : Operation 53 [1/1] (0.78ns)   --->   "%icmp_ln1414 = icmp_eq  i5 %v579_load, i5 16" [spikingformer_official.cpp:1414->spikingformer_official.cpp:2431]   --->   Operation 53 'icmp' 'icmp_ln1414' <Predicate = (!icmp_ln1412)> <Delay = 0.78> <CoreInst = "Cmp">   --->   Core 9 'Cmp' <Latency = 0> <II = 1> <Delay = 0.78> <FuncUnit> <Opcode : 'seteq' 'setne' 'setle' 'setge' 'setlt' 'setgt'> <InPorts = 2> <OutPorts = 1>
ST_2 : Operation 54 [1/1] (0.28ns) (out node of the LUT)   --->   "%and_ln1412 = and i1 %icmp_ln1414, i1 %xor_ln1412" [spikingformer_official.cpp:1412->spikingformer_official.cpp:2431]   --->   Operation 54 'and' 'and_ln1412' <Predicate = (!icmp_ln1412)> <Delay = 0.28> <CoreInst = "LogicGate">   --->   Core 74 'LogicGate' <Latency = 0> <II = 1> <Delay = 0.28> <FuncUnit> <Opcode : 'and' 'or' 'xor'> <InPorts = 2> <OutPorts = 1>
ST_2 : Operation 55 [1/1] (0.39ns)   --->   "%select_ln1412_1 = select i1 %icmp_ln1413, i9 %add_ln1412, i9 %v577_load" [spikingformer_official.cpp:1412->spikingformer_official.cpp:2431]   --->   Operation 55 'select' 'select_ln1412_1' <Predicate = (!icmp_ln1412)> <Delay = 0.39> <CoreInst = "Sel">   --->   Core 73 'Sel' <Latency = 0> <II = 1> <Delay = 0.39> <FuncUnit> <Opcode : 'select'> <InPorts = 3> <OutPorts = 1>
ST_2 : Operation 56 [1/1] (0.78ns)   --->   "%add_ln1413 = add i5 %select_ln1412, i5 1" [spikingformer_official.cpp:1413->spikingformer_official.cpp:2431]   --->   Operation 56 'add' 'add_ln1413' <Predicate = (!icmp_ln1412)> <Delay = 0.78> <CoreInst = "Adder">   --->   Core 1 'Adder' <Latency = 0> <II = 1> <Delay = 0.78> <FuncUnit> <Opcode : 'add' 'sub'> <InPorts = 2> <OutPorts = 1>
ST_2 : Operation 57 [1/1] (0.00ns) (grouped into LUT with out node select_ln1413)   --->   "%or_ln1413 = or i1 %and_ln1412, i1 %icmp_ln1413" [spikingformer_official.cpp:1413->spikingformer_official.cpp:2431]   --->   Operation 57 'or' 'or_ln1413' <Predicate = (!icmp_ln1412)> <Delay = 0.00> <CoreInst = "LogicGate">   --->   Core 74 'LogicGate' <Latency = 0> <II = 1> <Delay = 0.28> <FuncUnit> <Opcode : 'and' 'or' 'xor'> <InPorts = 2> <OutPorts = 1>
ST_2 : Operation 58 [1/1] (0.41ns) (out node of the LUT)   --->   "%select_ln1413 = select i1 %or_ln1413, i5 0, i5 %v579_load" [spikingformer_official.cpp:1413->spikingformer_official.cpp:2431]   --->   Operation 58 'select' 'select_ln1413' <Predicate = (!icmp_ln1412)> <Delay = 0.41> <CoreInst = "Sel">   --->   Core 73 'Sel' <Latency = 0> <II = 1> <Delay = 0.41> <FuncUnit> <Opcode : 'select'> <InPorts = 3> <OutPorts = 1>
ST_2 : Operation 59 [1/1] (0.41ns)   --->   "%select_ln1413_1 = select i1 %and_ln1412, i5 %add_ln1413, i5 %select_ln1412" [spikingformer_official.cpp:1413->spikingformer_official.cpp:2431]   --->   Operation 59 'select' 'select_ln1413_1' <Predicate = (!icmp_ln1412)> <Delay = 0.41> <CoreInst = "Sel">   --->   Core 73 'Sel' <Latency = 0> <II = 1> <Delay = 0.41> <FuncUnit> <Opcode : 'select'> <InPorts = 3> <OutPorts = 1>
ST_2 : Operation 60 [1/1] (0.00ns)   --->   "%trunc_ln1414 = trunc i5 %select_ln1413_1" [spikingformer_official.cpp:1414->spikingformer_official.cpp:2431]   --->   Operation 60 'trunc' 'trunc_ln1414' <Predicate = (!icmp_ln1412)> <Delay = 0.00>
ST_2 : Operation 61 [1/1] (0.00ns)   --->   "%shl_ln = bitconcatenate i8 @_ssdm_op_BitConcatenate.i8.i4.i4, i4 %trunc_ln1414, i4 0" [spikingformer_official.cpp:1414->spikingformer_official.cpp:2431]   --->   Operation 61 'bitconcatenate' 'shl_ln' <Predicate = (!icmp_ln1412)> <Delay = 0.00>
ST_2 : Operation 62 [1/1] (0.00ns)   --->   "%zext_ln1414 = zext i8 %shl_ln" [spikingformer_official.cpp:1414->spikingformer_official.cpp:2431]   --->   Operation 62 'zext' 'zext_ln1414' <Predicate = (!icmp_ln1412)> <Delay = 0.00>
ST_2 : Operation 63 [1/1] (0.00ns)   --->   "%tmp = bitconcatenate i17 @_ssdm_op_BitConcatenate.i17.i9.i3.i5, i9 %select_ln1412_1, i3 0, i5 %select_ln1413" [spikingformer_official.cpp:1416->spikingformer_official.cpp:2431]   --->   Operation 63 'bitconcatenate' 'tmp' <Predicate = (!icmp_ln1412)> <Delay = 0.00>
ST_2 : Operation 64 [1/1] (0.86ns)   --->   "%add_ln1416 = add i17 %tmp, i17 %zext_ln1414" [spikingformer_official.cpp:1416->spikingformer_official.cpp:2431]   --->   Operation 64 'add' 'add_ln1416' <Predicate = (!icmp_ln1412)> <Delay = 0.86> <CoreInst = "Adder">   --->   Core 1 'Adder' <Latency = 0> <II = 1> <Delay = 0.86> <FuncUnit> <Opcode : 'add' 'sub'> <InPorts = 2> <OutPorts = 1>
ST_2 : Operation 65 [1/1] (0.00ns)   --->   "%zext_ln1416 = zext i17 %add_ln1416" [spikingformer_official.cpp:1416->spikingformer_official.cpp:2431]   --->   Operation 65 'zext' 'zext_ln1416' <Predicate = (!icmp_ln1412)> <Delay = 0.00>
ST_2 : Operation 66 [1/1] (1.08ns)   --->   "%add_ln1419 = add i63 %zext_ln1416, i63 %sext_ln2113_3_cast" [spikingformer_official.cpp:1419->spikingformer_official.cpp:2431]   --->   Operation 66 'add' 'add_ln1419' <Predicate = (!icmp_ln1412)> <Delay = 1.08> <CoreInst = "Adder">   --->   Core 1 'Adder' <Latency = 0> <II = 1> <Delay = 1.08> <FuncUnit> <Opcode : 'add' 'sub'> <InPorts = 2> <OutPorts = 1>
ST_2 : Operation 67 [1/1] (0.00ns)   --->   "%sext_ln1419 = sext i63 %add_ln1419" [spikingformer_official.cpp:1419->spikingformer_official.cpp:2431]   --->   Operation 67 'sext' 'sext_ln1419' <Predicate = (!icmp_ln1412)> <Delay = 0.00>
ST_2 : Operation 68 [1/1] (0.00ns)   --->   "%g0_addr_131 = getelementptr i32 %g0, i64 %sext_ln1419" [spikingformer_official.cpp:1419->spikingformer_official.cpp:2431]   --->   Operation 68 'getelementptr' 'g0_addr_131' <Predicate = (!icmp_ln1412)> <Delay = 0.00>
ST_2 : Operation 69 [1/1] (1.08ns)   --->   "%add_ln1420 = add i63 %zext_ln1416, i63 %sext_ln2061_1_cast" [spikingformer_official.cpp:1420->spikingformer_official.cpp:2431]   --->   Operation 69 'add' 'add_ln1420' <Predicate = (!icmp_ln1412)> <Delay = 1.08> <CoreInst = "Adder">   --->   Core 1 'Adder' <Latency = 0> <II = 1> <Delay = 1.08> <FuncUnit> <Opcode : 'add' 'sub'> <InPorts = 2> <OutPorts = 1>
ST_2 : Operation 70 [1/1] (0.00ns)   --->   "%sext_ln1420 = sext i63 %add_ln1420" [spikingformer_official.cpp:1420->spikingformer_official.cpp:2431]   --->   Operation 70 'sext' 'sext_ln1420' <Predicate = (!icmp_ln1412)> <Delay = 0.00>
ST_2 : Operation 71 [1/1] (0.00ns)   --->   "%g0_addr_132 = getelementptr i32 %g0, i64 %sext_ln1420" [spikingformer_official.cpp:1420->spikingformer_official.cpp:2431]   --->   Operation 71 'getelementptr' 'g0_addr_132' <Predicate = (!icmp_ln1412)> <Delay = 0.00>
ST_2 : Operation 72 [1/1] (0.78ns)   --->   "%add_ln1414 = add i5 %select_ln1413, i5 1" [spikingformer_official.cpp:1414->spikingformer_official.cpp:2431]   --->   Operation 72 'add' 'add_ln1414' <Predicate = (!icmp_ln1412)> <Delay = 0.78> <CoreInst = "Adder">   --->   Core 1 'Adder' <Latency = 0> <II = 1> <Delay = 0.78> <FuncUnit> <Opcode : 'add' 'sub'> <InPorts = 2> <OutPorts = 1>
ST_2 : Operation 73 [1/1] (0.78ns)   --->   "%add_ln1413_1 = add i10 %indvar_flatten13649_load, i10 1" [spikingformer_official.cpp:1413->spikingformer_official.cpp:2431]   --->   Operation 73 'add' 'add_ln1413_1' <Predicate = (!icmp_ln1412)> <Delay = 0.78> <CoreInst = "Adder">   --->   Core 1 'Adder' <Latency = 0> <II = 1> <Delay = 0.78> <FuncUnit> <Opcode : 'add' 'sub'> <InPorts = 2> <OutPorts = 1>
ST_2 : Operation 74 [1/1] (0.40ns)   --->   "%select_ln1413_2 = select i1 %icmp_ln1413, i10 1, i10 %add_ln1413_1" [spikingformer_official.cpp:1413->spikingformer_official.cpp:2431]   --->   Operation 74 'select' 'select_ln1413_2' <Predicate = (!icmp_ln1412)> <Delay = 0.40> <CoreInst = "Sel">   --->   Core 73 'Sel' <Latency = 0> <II = 1> <Delay = 0.40> <FuncUnit> <Opcode : 'select'> <InPorts = 3> <OutPorts = 1>
ST_2 : Operation 75 [1/1] (0.42ns)   --->   "%store_ln1412 = store i17 %add_ln1412_1, i17 %indvar_flatten13660" [spikingformer_official.cpp:1412->spikingformer_official.cpp:2431]   --->   Operation 75 'store' 'store_ln1412' <Predicate = (!icmp_ln1412)> <Delay = 0.42>
ST_2 : Operation 76 [1/1] (0.42ns)   --->   "%store_ln1412 = store i9 %select_ln1412_1, i9 %v577" [spikingformer_official.cpp:1412->spikingformer_official.cpp:2431]   --->   Operation 76 'store' 'store_ln1412' <Predicate = (!icmp_ln1412)> <Delay = 0.42>
ST_2 : Operation 77 [1/1] (0.42ns)   --->   "%store_ln1413 = store i10 %select_ln1413_2, i10 %indvar_flatten13649" [spikingformer_official.cpp:1413->spikingformer_official.cpp:2431]   --->   Operation 77 'store' 'store_ln1413' <Predicate = (!icmp_ln1412)> <Delay = 0.42>
ST_2 : Operation 78 [1/1] (0.42ns)   --->   "%store_ln1413 = store i5 %select_ln1413_1, i5 %v578" [spikingformer_official.cpp:1413->spikingformer_official.cpp:2431]   --->   Operation 78 'store' 'store_ln1413' <Predicate = (!icmp_ln1412)> <Delay = 0.42>
ST_2 : Operation 79 [1/1] (0.42ns)   --->   "%store_ln1414 = store i5 %add_ln1414, i5 %v579" [spikingformer_official.cpp:1414->spikingformer_official.cpp:2431]   --->   Operation 79 'store' 'store_ln1414' <Predicate = (!icmp_ln1412)> <Delay = 0.42>

State 3 <SV = 2> <Delay = 0.00>
ST_3 : Operation 80 [8/8] (7.30ns)   --->   "%g0_load_83_req = readreq i1 @_ssdm_op_ReadReq.m_axi.i32P1A, i32 %g0_addr_131, i64 1" [spikingformer_official.cpp:1419->spikingformer_official.cpp:2431]   --->   Operation 80 'readreq' 'g0_load_83_req' <Predicate = (!icmp_ln1412)> <Delay = 7.30> <CoreInst = "m_axi">   --->   Core 119 'm_axi' <Latency = 6> <II = 1> <Delay = 1.00> <Adapter> <Opcode : 'readrequnaligned' 'writerequnaligned' 'read' 'write' 'readreq' 'writereq' 'writeresp'>

State 4 <SV = 3> <Delay = 0.00>
ST_4 : Operation 81 [7/8] (7.30ns)   --->   "%g0_load_83_req = readreq i1 @_ssdm_op_ReadReq.m_axi.i32P1A, i32 %g0_addr_131, i64 1" [spikingformer_official.cpp:1419->spikingformer_official.cpp:2431]   --->   Operation 81 'readreq' 'g0_load_83_req' <Predicate = true> <Delay = 7.30> <CoreInst = "m_axi">   --->   Core 119 'm_axi' <Latency = 6> <II = 1> <Delay = 1.00> <Adapter> <Opcode : 'readrequnaligned' 'writerequnaligned' 'read' 'write' 'readreq' 'writereq' 'writeresp'>
ST_4 : Operation 82 [8/8] (7.30ns)   --->   "%g0_load_84_req = readreq i1 @_ssdm_op_ReadReq.m_axi.i32P1A, i32 %g0_addr_132, i64 1" [spikingformer_official.cpp:1420->spikingformer_official.cpp:2431]   --->   Operation 82 'readreq' 'g0_load_84_req' <Predicate = true> <Delay = 7.30> <CoreInst = "m_axi">   --->   Core 119 'm_axi' <Latency = 6> <II = 1> <Delay = 1.00> <Adapter> <Opcode : 'readrequnaligned' 'writerequnaligned' 'read' 'write' 'readreq' 'writereq' 'writeresp'>

State 5 <SV = 4> <Delay = 0.00>
ST_5 : Operation 83 [6/8] (7.30ns)   --->   "%g0_load_83_req = readreq i1 @_ssdm_op_ReadReq.m_axi.i32P1A, i32 %g0_addr_131, i64 1" [spikingformer_official.cpp:1419->spikingformer_official.cpp:2431]   --->   Operation 83 'readreq' 'g0_load_83_req' <Predicate = true> <Delay = 7.30> <CoreInst = "m_axi">   --->   Core 119 'm_axi' <Latency = 6> <II = 1> <Delay = 1.00> <Adapter> <Opcode : 'readrequnaligned' 'writerequnaligned' 'read' 'write' 'readreq' 'writereq' 'writeresp'>
ST_5 : Operation 84 [7/8] (7.30ns)   --->   "%g0_load_84_req = readreq i1 @_ssdm_op_ReadReq.m_axi.i32P1A, i32 %g0_addr_132, i64 1" [spikingformer_official.cpp:1420->spikingformer_official.cpp:2431]   --->   Operation 84 'readreq' 'g0_load_84_req' <Predicate = true> <Delay = 7.30> <CoreInst = "m_axi">   --->   Core 119 'm_axi' <Latency = 6> <II = 1> <Delay = 1.00> <Adapter> <Opcode : 'readrequnaligned' 'writerequnaligned' 'read' 'write' 'readreq' 'writereq' 'writeresp'>

State 6 <SV = 5> <Delay = 0.00>
ST_6 : Operation 85 [5/8] (7.30ns)   --->   "%g0_load_83_req = readreq i1 @_ssdm_op_ReadReq.m_axi.i32P1A, i32 %g0_addr_131, i64 1" [spikingformer_official.cpp:1419->spikingformer_official.cpp:2431]   --->   Operation 85 'readreq' 'g0_load_83_req' <Predicate = true> <Delay = 7.30> <CoreInst = "m_axi">   --->   Core 119 'm_axi' <Latency = 6> <II = 1> <Delay = 1.00> <Adapter> <Opcode : 'readrequnaligned' 'writerequnaligned' 'read' 'write' 'readreq' 'writereq' 'writeresp'>
ST_6 : Operation 86 [6/8] (7.30ns)   --->   "%g0_load_84_req = readreq i1 @_ssdm_op_ReadReq.m_axi.i32P1A, i32 %g0_addr_132, i64 1" [spikingformer_official.cpp:1420->spikingformer_official.cpp:2431]   --->   Operation 86 'readreq' 'g0_load_84_req' <Predicate = true> <Delay = 7.30> <CoreInst = "m_axi">   --->   Core 119 'm_axi' <Latency = 6> <II = 1> <Delay = 1.00> <Adapter> <Opcode : 'readrequnaligned' 'writerequnaligned' 'read' 'write' 'readreq' 'writereq' 'writeresp'>

State 7 <SV = 6> <Delay = 0.00>
ST_7 : Operation 87 [4/8] (7.30ns)   --->   "%g0_load_83_req = readreq i1 @_ssdm_op_ReadReq.m_axi.i32P1A, i32 %g0_addr_131, i64 1" [spikingformer_official.cpp:1419->spikingformer_official.cpp:2431]   --->   Operation 87 'readreq' 'g0_load_83_req' <Predicate = true> <Delay = 7.30> <CoreInst = "m_axi">   --->   Core 119 'm_axi' <Latency = 6> <II = 1> <Delay = 1.00> <Adapter> <Opcode : 'readrequnaligned' 'writerequnaligned' 'read' 'write' 'readreq' 'writereq' 'writeresp'>
ST_7 : Operation 88 [5/8] (7.30ns)   --->   "%g0_load_84_req = readreq i1 @_ssdm_op_ReadReq.m_axi.i32P1A, i32 %g0_addr_132, i64 1" [spikingformer_official.cpp:1420->spikingformer_official.cpp:2431]   --->   Operation 88 'readreq' 'g0_load_84_req' <Predicate = true> <Delay = 7.30> <CoreInst = "m_axi">   --->   Core 119 'm_axi' <Latency = 6> <II = 1> <Delay = 1.00> <Adapter> <Opcode : 'readrequnaligned' 'writerequnaligned' 'read' 'write' 'readreq' 'writereq' 'writeresp'>

State 8 <SV = 7> <Delay = 0.00>
ST_8 : Operation 89 [3/8] (7.30ns)   --->   "%g0_load_83_req = readreq i1 @_ssdm_op_ReadReq.m_axi.i32P1A, i32 %g0_addr_131, i64 1" [spikingformer_official.cpp:1419->spikingformer_official.cpp:2431]   --->   Operation 89 'readreq' 'g0_load_83_req' <Predicate = true> <Delay = 7.30> <CoreInst = "m_axi">   --->   Core 119 'm_axi' <Latency = 6> <II = 1> <Delay = 1.00> <Adapter> <Opcode : 'readrequnaligned' 'writerequnaligned' 'read' 'write' 'readreq' 'writereq' 'writeresp'>
ST_8 : Operation 90 [4/8] (7.30ns)   --->   "%g0_load_84_req = readreq i1 @_ssdm_op_ReadReq.m_axi.i32P1A, i32 %g0_addr_132, i64 1" [spikingformer_official.cpp:1420->spikingformer_official.cpp:2431]   --->   Operation 90 'readreq' 'g0_load_84_req' <Predicate = true> <Delay = 7.30> <CoreInst = "m_axi">   --->   Core 119 'm_axi' <Latency = 6> <II = 1> <Delay = 1.00> <Adapter> <Opcode : 'readrequnaligned' 'writerequnaligned' 'read' 'write' 'readreq' 'writereq' 'writeresp'>

State 9 <SV = 8> <Delay = 0.00>
ST_9 : Operation 91 [2/8] (7.30ns)   --->   "%g0_load_83_req = readreq i1 @_ssdm_op_ReadReq.m_axi.i32P1A, i32 %g0_addr_131, i64 1" [spikingformer_official.cpp:1419->spikingformer_official.cpp:2431]   --->   Operation 91 'readreq' 'g0_load_83_req' <Predicate = true> <Delay = 7.30> <CoreInst = "m_axi">   --->   Core 119 'm_axi' <Latency = 6> <II = 1> <Delay = 1.00> <Adapter> <Opcode : 'readrequnaligned' 'writerequnaligned' 'read' 'write' 'readreq' 'writereq' 'writeresp'>
ST_9 : Operation 92 [3/8] (7.30ns)   --->   "%g0_load_84_req = readreq i1 @_ssdm_op_ReadReq.m_axi.i32P1A, i32 %g0_addr_132, i64 1" [spikingformer_official.cpp:1420->spikingformer_official.cpp:2431]   --->   Operation 92 'readreq' 'g0_load_84_req' <Predicate = true> <Delay = 7.30> <CoreInst = "m_axi">   --->   Core 119 'm_axi' <Latency = 6> <II = 1> <Delay = 1.00> <Adapter> <Opcode : 'readrequnaligned' 'writerequnaligned' 'read' 'write' 'readreq' 'writereq' 'writeresp'>

State 10 <SV = 9> <Delay = 7.30>
ST_10 : Operation 93 [1/8] ( I:7.30ns O:7.30ns )   --->   "%g0_load_83_req = readreq i1 @_ssdm_op_ReadReq.m_axi.i32P1A, i32 %g0_addr_131, i64 1" [spikingformer_official.cpp:1419->spikingformer_official.cpp:2431]   --->   Operation 93 'readreq' 'g0_load_83_req' <Predicate = true> <Delay = 7.30> <CoreInst = "m_axi">   --->   Core 119 'm_axi' <Latency = 6> <II = 1> <Delay = 1.00> <Adapter> <Opcode : 'readrequnaligned' 'writerequnaligned' 'read' 'write' 'readreq' 'writereq' 'writeresp'>
ST_10 : Operation 94 [2/8] (7.30ns)   --->   "%g0_load_84_req = readreq i1 @_ssdm_op_ReadReq.m_axi.i32P1A, i32 %g0_addr_132, i64 1" [spikingformer_official.cpp:1420->spikingformer_official.cpp:2431]   --->   Operation 94 'readreq' 'g0_load_84_req' <Predicate = true> <Delay = 7.30> <CoreInst = "m_axi">   --->   Core 119 'm_axi' <Latency = 6> <II = 1> <Delay = 1.00> <Adapter> <Opcode : 'readrequnaligned' 'writerequnaligned' 'read' 'write' 'readreq' 'writereq' 'writeresp'>

State 11 <SV = 10> <Delay = 7.30>
ST_11 : Operation 95 [1/1] ( I:7.30ns O:7.30ns )   --->   "%g0_addr_131_read = read i32 @_ssdm_op_Read.m_axi.i32P1A, i32 %g0_addr_131" [spikingformer_official.cpp:1419->spikingformer_official.cpp:2431]   --->   Operation 95 'read' 'g0_addr_131_read' <Predicate = true> <Delay = 7.30> <CoreInst = "m_axi">   --->   Core 119 'm_axi' <Latency = 3> <II = 1> <Delay = 1.00> <Adapter> <Opcode : 'readrequnaligned' 'writerequnaligned' 'read' 'write' 'readreq' 'writereq' 'writeresp'>
ST_11 : Operation 96 [1/8] ( I:7.30ns O:7.30ns )   --->   "%g0_load_84_req = readreq i1 @_ssdm_op_ReadReq.m_axi.i32P1A, i32 %g0_addr_132, i64 1" [spikingformer_official.cpp:1420->spikingformer_official.cpp:2431]   --->   Operation 96 'readreq' 'g0_load_84_req' <Predicate = true> <Delay = 7.30> <CoreInst = "m_axi">   --->   Core 119 'm_axi' <Latency = 6> <II = 1> <Delay = 1.00> <Adapter> <Opcode : 'readrequnaligned' 'writerequnaligned' 'read' 'write' 'readreq' 'writereq' 'writeresp'>

State 12 <SV = 11> <Delay = 7.30>
ST_12 : Operation 97 [1/1] ( I:7.30ns O:7.30ns )   --->   "%g0_addr_132_read = read i32 @_ssdm_op_Read.m_axi.i32P1A, i32 %g0_addr_132" [spikingformer_official.cpp:1420->spikingformer_official.cpp:2431]   --->   Operation 97 'read' 'g0_addr_132_read' <Predicate = true> <Delay = 7.30> <CoreInst = "m_axi">   --->   Core 119 'm_axi' <Latency = 3> <II = 1> <Delay = 1.00> <Adapter> <Opcode : 'readrequnaligned' 'writerequnaligned' 'read' 'write' 'readreq' 'writereq' 'writeresp'>

State 13 <SV = 12> <Delay = 6.43>
ST_13 : Operation 98 [1/1] (0.00ns)   --->   "%v580 = bitcast i32 %g0_addr_131_read" [spikingformer_official.cpp:1419->spikingformer_official.cpp:2431]   --->   Operation 98 'bitcast' 'v580' <Predicate = true> <Delay = 0.00>
ST_13 : Operation 99 [1/1] (0.00ns)   --->   "%v581 = bitcast i32 %g0_addr_132_read" [spikingformer_official.cpp:1420->spikingformer_official.cpp:2431]   --->   Operation 99 'bitcast' 'v581' <Predicate = true> <Delay = 0.00>
ST_13 : Operation 100 [4/4] (6.43ns)   --->   "%v582 = fadd i32 %v580, i32 %v581" [spikingformer_official.cpp:1421->spikingformer_official.cpp:2431]   --->   Operation 100 'fadd' 'v582' <Predicate = true> <Delay = 6.43> <CoreInst = "FAddSub_fulldsp">   --->   Core 18 'FAddSub_fulldsp' <Latency = 3> <II = 1> <Delay = 6.43> <FuncUnit> <Opcode : 'fadd' 'fsub'> <InPorts = 2> <OutPorts = 1>

State 14 <SV = 13> <Delay = 6.43>
ST_14 : Operation 101 [3/4] (6.43ns)   --->   "%v582 = fadd i32 %v580, i32 %v581" [spikingformer_official.cpp:1421->spikingformer_official.cpp:2431]   --->   Operation 101 'fadd' 'v582' <Predicate = true> <Delay = 6.43> <CoreInst = "FAddSub_fulldsp">   --->   Core 18 'FAddSub_fulldsp' <Latency = 3> <II = 1> <Delay = 6.43> <FuncUnit> <Opcode : 'fadd' 'fsub'> <InPorts = 2> <OutPorts = 1>

State 15 <SV = 14> <Delay = 6.43>
ST_15 : Operation 102 [2/4] (6.43ns)   --->   "%v582 = fadd i32 %v580, i32 %v581" [spikingformer_official.cpp:1421->spikingformer_official.cpp:2431]   --->   Operation 102 'fadd' 'v582' <Predicate = true> <Delay = 6.43> <CoreInst = "FAddSub_fulldsp">   --->   Core 18 'FAddSub_fulldsp' <Latency = 3> <II = 1> <Delay = 6.43> <FuncUnit> <Opcode : 'fadd' 'fsub'> <InPorts = 2> <OutPorts = 1>
ST_15 : Operation 111 [1/1] (0.42ns)   --->   "%ret_ln0 = ret"   --->   Operation 111 'ret' 'ret_ln0' <Predicate = (icmp_ln1412)> <Delay = 0.42>

State 16 <SV = 15> <Delay = 6.43>
ST_16 : Operation 103 [1/4] (6.43ns)   --->   "%v582 = fadd i32 %v580, i32 %v581" [spikingformer_official.cpp:1421->spikingformer_official.cpp:2431]   --->   Operation 103 'fadd' 'v582' <Predicate = true> <Delay = 6.43> <CoreInst = "FAddSub_fulldsp">   --->   Core 18 'FAddSub_fulldsp' <Latency = 3> <II = 1> <Delay = 6.43> <FuncUnit> <Opcode : 'fadd' 'fsub'> <InPorts = 2> <OutPorts = 1>

State 17 <SV = 16> <Delay = 7.30>
ST_17 : Operation 104 [1/1] (0.00ns)   --->   "%g0_addr = getelementptr i32 %g0, i64 %sext_ln2027_cast" [spikingformer_official.cpp:2027->spikingformer_official.cpp:2357]   --->   Operation 104 'getelementptr' 'g0_addr' <Predicate = true> <Delay = 0.00>
ST_17 : Operation 105 [1/1] (0.00ns)   --->   "%specloopname_ln0 = specloopname void @_ssdm_op_SpecLoopName, void @VITIS_LOOP_1412_1_VITIS_LOOP_1413_2_VITIS_LOOP_1414_3_str"   --->   Operation 105 'specloopname' 'specloopname_ln0' <Predicate = true> <Delay = 0.00>
ST_17 : Operation 106 [1/1] (0.00ns)   --->   "%speclooptripcount_ln0 = speclooptripcount void @_ssdm_op_SpecLoopTripCount, i64 98304, i64 98304, i64 98304"   --->   Operation 106 'speclooptripcount' 'speclooptripcount_ln0' <Predicate = true> <Delay = 0.00>
ST_17 : Operation 107 [1/1] (0.00ns)   --->   "%specpipeline_ln1415 = specpipeline void @_ssdm_op_SpecPipeline, i32 1, i32 0, i32 0, i32 0, i32 4294967295, void @empty_35" [spikingformer_official.cpp:1415->spikingformer_official.cpp:2431]   --->   Operation 107 'specpipeline' 'specpipeline_ln1415' <Predicate = true> <Delay = 0.00>
ST_17 : Operation 108 [1/1] (0.00ns)   --->   "%bitcast_ln1422 = bitcast i32 %v582" [spikingformer_official.cpp:1422->spikingformer_official.cpp:2431]   --->   Operation 108 'bitcast' 'bitcast_ln1422' <Predicate = true> <Delay = 0.00>
ST_17 : Operation 109 [1/1] ( I:7.30ns O:7.30ns )   --->   "%write_ln1422 = write void @_ssdm_op_Write.m_axi.p1i32.i32, i32 %g0_addr, i32 %bitcast_ln1422, i4 15" [spikingformer_official.cpp:1422->spikingformer_official.cpp:2431]   --->   Operation 109 'write' 'write_ln1422' <Predicate = true> <Delay = 7.30> <CoreInst = "m_axi">   --->   Core 119 'm_axi' <Latency = 5> <II = 1> <Delay = 1.00> <Adapter> <Opcode : 'readrequnaligned' 'writerequnaligned' 'read' 'write' 'readreq' 'writereq' 'writeresp'>
ST_17 : Operation 110 [1/1] (0.00ns)   --->   "%br_ln1414 = br void %for.inc.i750" [spikingformer_official.cpp:1414->spikingformer_official.cpp:2431]   --->   Operation 110 'br' 'br_ln1414' <Predicate = true> <Delay = 0.00>


============================================================
+ Verbose Summary: Timing violations
============================================================
Target clock period: 10.000ns, clock uncertainty: 2.700ns.

 <State 1>: 0.427ns
The critical path consists of the following:
	'alloca' operation 17 bit ('indvar_flatten13660') [11]  (0.000 ns)
	'store' operation ('store_ln0') of constant 0 17 bit on local variable 'indvar_flatten13660' [22]  (0.427 ns)

 <State 2>: 4.355ns
The critical path consists of the following:
	'load' operation 10 bit ('indvar_flatten13649_load', spikingformer_official.cpp:1413->spikingformer_official.cpp:2431) on local variable 'indvar_flatten13649' [37]  (0.000 ns)
	'icmp' operation 1 bit ('icmp_ln1413', spikingformer_official.cpp:1413->spikingformer_official.cpp:2431) [43]  (0.787 ns)
	'select' operation 5 bit ('select_ln1412', spikingformer_official.cpp:1412->spikingformer_official.cpp:2431) [44]  (0.414 ns)
	'add' operation 5 bit ('add_ln1413', spikingformer_official.cpp:1413->spikingformer_official.cpp:2431) [49]  (0.789 ns)
	'select' operation 5 bit ('select_ln1413_1', spikingformer_official.cpp:1413->spikingformer_official.cpp:2431) [52]  (0.414 ns)
	'add' operation 17 bit ('add_ln1416', spikingformer_official.cpp:1416->spikingformer_official.cpp:2431) [58]  (0.863 ns)
	'add' operation 63 bit ('add_ln1419', spikingformer_official.cpp:1419->spikingformer_official.cpp:2431) [60]  (1.088 ns)

 <State 3>: 0.000ns
The critical path consists of the following:

 <State 4>: 0.000ns
The critical path consists of the following:

 <State 5>: 0.000ns
The critical path consists of the following:

 <State 6>: 0.000ns
The critical path consists of the following:

 <State 7>: 0.000ns
The critical path consists of the following:

 <State 8>: 0.000ns
The critical path consists of the following:

 <State 9>: 0.000ns
The critical path consists of the following:

 <State 10>: 7.300ns
The critical path consists of the following:
	bus request operation ('g0_load_83_req', spikingformer_official.cpp:1419->spikingformer_official.cpp:2431) on port 'g0' (spikingformer_official.cpp:1419->spikingformer_official.cpp:2431) [63]  (7.300 ns)

 <State 11>: 7.300ns
The critical path consists of the following:
	bus read operation ('g0_addr_131_read', spikingformer_official.cpp:1419->spikingformer_official.cpp:2431) on port 'g0' (spikingformer_official.cpp:1419->spikingformer_official.cpp:2431) [64]  (7.300 ns)

 <State 12>: 7.300ns
The critical path consists of the following:
	bus read operation ('g0_addr_132_read', spikingformer_official.cpp:1420->spikingformer_official.cpp:2431) on port 'g0' (spikingformer_official.cpp:1420->spikingformer_official.cpp:2431) [70]  (7.300 ns)

 <State 13>: 6.437ns
The critical path consists of the following:
	'fadd' operation 32 bit ('v582', spikingformer_official.cpp:1421->spikingformer_official.cpp:2431) [72]  (6.437 ns)

 <State 14>: 6.437ns
The critical path consists of the following:
	'fadd' operation 32 bit ('v582', spikingformer_official.cpp:1421->spikingformer_official.cpp:2431) [72]  (6.437 ns)

 <State 15>: 6.437ns
The critical path consists of the following:
	'fadd' operation 32 bit ('v582', spikingformer_official.cpp:1421->spikingformer_official.cpp:2431) [72]  (6.437 ns)

 <State 16>: 6.437ns
The critical path consists of the following:
	'fadd' operation 32 bit ('v582', spikingformer_official.cpp:1421->spikingformer_official.cpp:2431) [72]  (6.437 ns)

 <State 17>: 7.300ns
The critical path consists of the following:
	'getelementptr' operation 32 bit ('g0_addr', spikingformer_official.cpp:2027->spikingformer_official.cpp:2357) [39]  (0.000 ns)
	bus write operation ('write_ln1422', spikingformer_official.cpp:1422->spikingformer_official.cpp:2431) on port 'g0' (spikingformer_official.cpp:1422->spikingformer_official.cpp:2431) [74]  (7.300 ns)


============================================================
+ Verbose Summary: Binding
============================================================
N/A
* FSMD analyzer results:
  - Output states:
 - Input state : 
  - Chain level:
	State 1
	State 2
	State 3
	State 4
	State 5
	State 6
	State 7
	State 8
	State 9
	State 10
	State 11
	State 12
	State 13
	State 14
	State 15
	State 16
	State 17


============================================================
+ Verbose Summary: Datapath Resource usage 
============================================================
N/A
