

================================================================
== Vitis HLS Report for 'control_Pipeline_VITIS_LOOP_751_1_VITIS_LOOP_752_2_VITIS_LOOP_753_314'
================================================================
* Date:           Sun Jul 12 20:26:49 2026

* Version:        2025.2 (Build 6295257 on Nov 14 2025)
* Project:        spikingformer_proj
* Solution:       solution1 (Vivado IP Flow Target)
* Product family: zynquplus
* Target device:  xczu7ev-ffvc1156-2-e


================================================================
== Performance Estimates
================================================================
+ Timing: 
    * Summary: 
    +--------+----------+----------+------------+
    |  Clock |  Target  | Estimated| Uncertainty|
    +--------+----------+----------+------------+
    |ap_clk  |  10.00 ns|  7.300 ns|     2.70 ns|
    +--------+----------+----------+------------+

+ Latency: 
    * Summary: 
    +---------+---------+----------+----------+-----+-----+-------------------+
    |  Latency (cycles) |  Latency (absolute) |  Interval |      Pipeline     |
    |   min   |   max   |    min   |    max   | min | max |        Type       |
    +---------+---------+----------+----------+-----+-----+-------------------+
    |    24587|    24587|  0.246 ms|  0.246 ms|    0|    0|  loop pipeline stp|
    +---------+---------+----------+----------+-----+-----+-------------------+

    + Detail: 
        * Instance: 
        N/A

        * Loop: 
        +------------------------------------------------------+---------+---------+----------+-----------+-----------+-------+----------+
        |                                                      |  Latency (cycles) | Iteration|  Initiation Interval  |  Trip |          |
        |                       Loop Name                      |   min   |   max   |  Latency |  achieved |   target  | Count | Pipelined|
        +------------------------------------------------------+---------+---------+----------+-----------+-----------+-------+----------+
        |- VITIS_LOOP_751_1_VITIS_LOOP_752_2_VITIS_LOOP_753_3  |    24585|    24585|        11|          1|          1|  24576|       yes|
        +------------------------------------------------------+---------+---------+----------+-----------+-----------+-------+----------+



================================================================
== Utilization Estimates
================================================================
* Summary: 
+-----------------+---------+------+--------+--------+-----+
|       Name      | BRAM_18K|  DSP |   FF   |   LUT  | URAM|
+-----------------+---------+------+--------+--------+-----+
|DSP              |        -|     -|       -|       -|    -|
|Expression       |        -|     -|       0|     290|    -|
|FIFO             |        -|     -|       -|       -|    -|
|Instance         |        -|     -|       -|       -|    -|
|Memory           |        -|     -|       -|       -|    -|
|Multiplexer      |        -|     -|       0|     108|    -|
|Register         |        -|     -|     229|      32|    -|
+-----------------+---------+------+--------+--------+-----+
|Total            |        0|     0|     229|     430|    0|
+-----------------+---------+------+--------+--------+-----+
|Available        |      624|  1728|  460800|  230400|   96|
+-----------------+---------+------+--------+--------+-----+
|Utilization (%)  |        0|     0|      ~0|      ~0|    0|
+-----------------+---------+------+--------+--------+-----+

+ Detail: 
    * Instance: 
    N/A

    * DSP: 
    N/A

    * Memory: 
    N/A

    * FIFO: 
    N/A

    * Expression: 
    +-----------------------------------------+----------+----+---+----+------------+------------+
    |              Variable Name              | Operation| DSP| FF| LUT| Bitwidth P0| Bitwidth P1|
    +-----------------------------------------+----------+----+---+----+------------+------------+
    |add_ln751_1_fu_234_p2                    |         +|   0|  0|  14|           7|           1|
    |add_ln751_fu_222_p2                      |         +|   0|  0|  22|          15|           1|
    |add_ln752_1_fu_286_p2                    |         +|   0|  0|  12|           4|           1|
    |add_ln752_fu_397_p2                      |         +|   0|  0|  17|          10|           1|
    |add_ln753_4_fu_352_p2                    |         +|   0|  0|  71|          64|          64|
    |add_ln753_5_fu_377_p2                    |         +|   0|  0|  13|           6|           1|
    |add_ln753_fu_322_p2                      |         +|   0|  0|  31|          24|          24|
    |and_ln751_fu_272_p2                      |       and|   0|  0|   2|           1|           1|
    |ap_block_pp0_stage0_01001_grp2           |       and|   0|  0|   2|           1|           1|
    |ap_block_pp0_stage0_11001_grp1           |       and|   0|  0|   2|           1|           1|
    |ap_block_state11_pp0_stage0_iter10_grp2  |       and|   0|  0|   2|           1|           1|
    |ap_block_state12_io_grp2                 |       and|   0|  0|   2|           1|           1|
    |ap_block_state3_io_grp1                  |       and|   0|  0|   2|           1|           1|
    |icmp_ln751_fu_216_p2                     |      icmp|   0|  0|  22|          15|          15|
    |icmp_ln752_fu_240_p2                     |      icmp|   0|  0|  17|          10|           9|
    |icmp_ln753_fu_266_p2                     |      icmp|   0|  0|  14|           6|           7|
    |ap_block_pp0_stage0_11001                |        or|   0|  0|   2|           1|           1|
    |ap_block_pp0_stage0_11001_grp2           |        or|   0|  0|   2|           1|           1|
    |first_iter_129_mid2_fu_292_p2            |        or|   0|  0|   2|           1|           1|
    |or_ln751_fu_254_p2                       |        or|   0|  0|   2|           1|           1|
    |or_ln753_fu_383_p2                       |        or|   0|  0|   2|           1|           1|
    |select_ln751_2_fu_246_p3                 |    select|   0|  0|   4|           1|           1|
    |select_ln751_fu_278_p3                   |    select|   0|  0|   7|           1|           7|
    |select_ln752_2_fu_298_p3                 |    select|   0|  0|   4|           1|           4|
    |select_ln752_fu_403_p3                   |    select|   0|  0|  10|           1|           1|
    |select_ln753_fu_389_p3                   |    select|   0|  0|   6|           1|           1|
    |ap_enable_pp0                            |       xor|   0|  0|   2|           1|           2|
    |xor_ln751_fu_260_p2                      |       xor|   0|  0|   2|           1|           2|
    +-----------------------------------------+----------+----+---+----+------------+------------+
    |Total                                    |          |   0|  0| 290|         179|         153|
    +-----------------------------------------+----------+----+---+----+------------+------------+

    * Multiplexer: 
    +-----------------------------------------+----+-----------+-----+-----------+
    |                   Name                  | LUT| Input Size| Bits| Total Bits|
    +-----------------------------------------+----+-----------+-----+-----------+
    |ap_done_int                              |   9|          2|    1|          2|
    |ap_enable_reg_pp0_iter1                  |   9|          2|    1|          2|
    |ap_enable_reg_pp0_iter2                  |   9|          2|    1|          2|
    |ap_phi_mux_first_iter_129_phi_fu_170_p4  |   9|          2|    1|          2|
    |g0_blk_n_AR                              |   9|          2|    1|          2|
    |g0_blk_n_R                               |   9|          2|    1|          2|
    |g0_blk_n_W                               |   9|          2|    1|          2|
    |indvar_flatten14321_fu_116               |   9|          2|   10|         20|
    |indvar_flatten14335_fu_124               |   9|          2|   15|         30|
    |v306_fu_120                              |   9|          2|    7|         14|
    |v307_fu_112                              |   9|          2|    4|          8|
    |v308_1_fu_108                            |   9|          2|    6|         12|
    +-----------------------------------------+----+-----------+-----+-----------+
    |Total                                    | 108|         24|   49|         98|
    +-----------------------------------------+----+-----------+-----+-----------+

    * Register: 
    +-------------------------------------------+----+----+-----+-----------+
    |                    Name                   | FF | LUT| Bits| Const Bits|
    +-------------------------------------------+----+----+-----+-----------+
    |ap_CS_fsm                                  |   1|   0|    1|          0|
    |ap_block_pp0_stage0_subdone_grp1_done_reg  |   1|   0|    1|          0|
    |ap_block_pp0_stage0_subdone_grp2_done_reg  |   1|   0|    1|          0|
    |ap_done_reg                                |   1|   0|    1|          0|
    |ap_enable_reg_pp0_iter1                    |   1|   0|    1|          0|
    |ap_enable_reg_pp0_iter10                   |   1|   0|    1|          0|
    |ap_enable_reg_pp0_iter11                   |   1|   0|    1|          0|
    |ap_enable_reg_pp0_iter2                    |   1|   0|    1|          0|
    |ap_enable_reg_pp0_iter3                    |   1|   0|    1|          0|
    |ap_enable_reg_pp0_iter4                    |   1|   0|    1|          0|
    |ap_enable_reg_pp0_iter5                    |   1|   0|    1|          0|
    |ap_enable_reg_pp0_iter6                    |   1|   0|    1|          0|
    |ap_enable_reg_pp0_iter7                    |   1|   0|    1|          0|
    |ap_enable_reg_pp0_iter8                    |   1|   0|    1|          0|
    |ap_enable_reg_pp0_iter9                    |   1|   0|    1|          0|
    |ap_loop_exit_ready_pp0_iter10_reg          |   1|   0|    1|          0|
    |ap_loop_exit_ready_pp0_iter2_reg           |   1|   0|    1|          0|
    |ap_loop_exit_ready_pp0_iter3_reg           |   1|   0|    1|          0|
    |ap_loop_exit_ready_pp0_iter4_reg           |   1|   0|    1|          0|
    |ap_loop_exit_ready_pp0_iter5_reg           |   1|   0|    1|          0|
    |ap_loop_exit_ready_pp0_iter6_reg           |   1|   0|    1|          0|
    |ap_loop_exit_ready_pp0_iter7_reg           |   1|   0|    1|          0|
    |ap_loop_exit_ready_pp0_iter8_reg           |   1|   0|    1|          0|
    |ap_loop_exit_ready_pp0_iter9_reg           |   1|   0|    1|          0|
    |first_iter_129_mid2_reg_491                |   1|   0|    1|          0|
    |first_iter_129_reg_166                     |   1|   0|    1|          0|
    |g0_addr_60_reg_495                         |  64|   0|   64|          0|
    |icmp_ln751_reg_487                         |   1|   0|    1|          0|
    |indvar_flatten14321_fu_116                 |  10|   0|   10|          0|
    |indvar_flatten14335_fu_124                 |  15|   0|   15|          0|
    |v306_fu_120                                |   7|   0|    7|          0|
    |v307_fu_112                                |   4|   0|    4|          0|
    |v308_1_fu_108                              |   6|   0|    6|          0|
    |v309_reg_501                               |  32|   0|   32|          0|
    |icmp_ln751_reg_487                         |  64|  32|    1|          0|
    +-------------------------------------------+----+----+-----+-----------+
    |Total                                      | 229|  32|  166|          0|
    +-------------------------------------------+----+----+-----+-----------+



================================================================
== Interface
================================================================
* Summary: 
+---------------------+-----+-----+------------+-----------------------------------------------------------------------+--------------+
|      RTL Ports      | Dir | Bits|  Protocol  |                             Source Object                             |    C Type    |
+---------------------+-----+-----+------------+-----------------------------------------------------------------------+--------------+
|ap_clk               |   in|    1|  ap_ctrl_hs|  control_Pipeline_VITIS_LOOP_751_1_VITIS_LOOP_752_2_VITIS_LOOP_753_314|  return value|
|ap_rst               |   in|    1|  ap_ctrl_hs|  control_Pipeline_VITIS_LOOP_751_1_VITIS_LOOP_752_2_VITIS_LOOP_753_314|  return value|
|ap_start             |   in|    1|  ap_ctrl_hs|  control_Pipeline_VITIS_LOOP_751_1_VITIS_LOOP_752_2_VITIS_LOOP_753_314|  return value|
|ap_done              |  out|    1|  ap_ctrl_hs|  control_Pipeline_VITIS_LOOP_751_1_VITIS_LOOP_752_2_VITIS_LOOP_753_314|  return value|
|ap_idle              |  out|    1|  ap_ctrl_hs|  control_Pipeline_VITIS_LOOP_751_1_VITIS_LOOP_752_2_VITIS_LOOP_753_314|  return value|
|ap_ready             |  out|    1|  ap_ctrl_hs|  control_Pipeline_VITIS_LOOP_751_1_VITIS_LOOP_752_2_VITIS_LOOP_753_314|  return value|
|m_axi_g0_0_AWVALID   |  out|    1|       m_axi|                                                                     g0|       pointer|
|m_axi_g0_0_AWREADY   |   in|    1|       m_axi|                                                                     g0|       pointer|
|m_axi_g0_0_AWADDR    |  out|   64|       m_axi|                                                                     g0|       pointer|
|m_axi_g0_0_AWID      |  out|    1|       m_axi|                                                                     g0|       pointer|
|m_axi_g0_0_AWLEN     |  out|   32|       m_axi|                                                                     g0|       pointer|
|m_axi_g0_0_AWSIZE    |  out|    3|       m_axi|                                                                     g0|       pointer|
|m_axi_g0_0_AWBURST   |  out|    2|       m_axi|                                                                     g0|       pointer|
|m_axi_g0_0_AWLOCK    |  out|    2|       m_axi|                                                                     g0|       pointer|
|m_axi_g0_0_AWCACHE   |  out|    4|       m_axi|                                                                     g0|       pointer|
|m_axi_g0_0_AWPROT    |  out|    3|       m_axi|                                                                     g0|       pointer|
|m_axi_g0_0_AWQOS     |  out|    4|       m_axi|                                                                     g0|       pointer|
|m_axi_g0_0_AWREGION  |  out|    4|       m_axi|                                                                     g0|       pointer|
|m_axi_g0_0_AWUSER    |  out|    1|       m_axi|                                                                     g0|       pointer|
|m_axi_g0_0_WVALID    |  out|    1|       m_axi|                                                                     g0|       pointer|
|m_axi_g0_0_WREADY    |   in|    1|       m_axi|                                                                     g0|       pointer|
|m_axi_g0_0_WDATA     |  out|   32|       m_axi|                                                                     g0|       pointer|
|m_axi_g0_0_WSTRB     |  out|    4|       m_axi|                                                                     g0|       pointer|
|m_axi_g0_0_WLAST     |  out|    1|       m_axi|                                                                     g0|       pointer|
|m_axi_g0_0_WID       |  out|    1|       m_axi|                                                                     g0|       pointer|
|m_axi_g0_0_WUSER     |  out|    1|       m_axi|                                                                     g0|       pointer|
|m_axi_g0_0_ARVALID   |  out|    1|       m_axi|                                                                     g0|       pointer|
|m_axi_g0_0_ARREADY   |   in|    1|       m_axi|                                                                     g0|       pointer|
|m_axi_g0_0_ARADDR    |  out|   64|       m_axi|                                                                     g0|       pointer|
|m_axi_g0_0_ARID      |  out|    1|       m_axi|                                                                     g0|       pointer|
|m_axi_g0_0_ARLEN     |  out|   32|       m_axi|                                                                     g0|       pointer|
|m_axi_g0_0_ARSIZE    |  out|    3|       m_axi|                                                                     g0|       pointer|
|m_axi_g0_0_ARBURST   |  out|    2|       m_axi|                                                                     g0|       pointer|
|m_axi_g0_0_ARLOCK    |  out|    2|       m_axi|                                                                     g0|       pointer|
|m_axi_g0_0_ARCACHE   |  out|    4|       m_axi|                                                                     g0|       pointer|
|m_axi_g0_0_ARPROT    |  out|    3|       m_axi|                                                                     g0|       pointer|
|m_axi_g0_0_ARQOS     |  out|    4|       m_axi|                                                                     g0|       pointer|
|m_axi_g0_0_ARREGION  |  out|    4|       m_axi|                                                                     g0|       pointer|
|m_axi_g0_0_ARUSER    |  out|    1|       m_axi|                                                                     g0|       pointer|
|m_axi_g0_0_RVALID    |   in|    1|       m_axi|                                                                     g0|       pointer|
|m_axi_g0_0_RREADY    |  out|    1|       m_axi|                                                                     g0|       pointer|
|m_axi_g0_0_RDATA     |   in|   32|       m_axi|                                                                     g0|       pointer|
|m_axi_g0_0_RLAST     |   in|    1|       m_axi|                                                                     g0|       pointer|
|m_axi_g0_0_RID       |   in|    1|       m_axi|                                                                     g0|       pointer|
|m_axi_g0_0_RFIFONUM  |   in|    9|       m_axi|                                                                     g0|       pointer|
|m_axi_g0_0_RUSER     |   in|    1|       m_axi|                                                                     g0|       pointer|
|m_axi_g0_0_RRESP     |   in|    2|       m_axi|                                                                     g0|       pointer|
|m_axi_g0_0_BVALID    |   in|    1|       m_axi|                                                                     g0|       pointer|
|m_axi_g0_0_BREADY    |  out|    1|       m_axi|                                                                     g0|       pointer|
|m_axi_g0_0_BRESP     |   in|    2|       m_axi|                                                                     g0|       pointer|
|m_axi_g0_0_BID       |   in|    1|       m_axi|                                                                     g0|       pointer|
|m_axi_g0_0_BUSER     |   in|    1|       m_axi|                                                                     g0|       pointer|
|sext_ln755           |   in|   62|     ap_none|                                                             sext_ln755|        scalar|
|sext_ln897           |   in|   62|     ap_none|                                                             sext_ln897|        scalar|
|v944                 |   in|   64|     ap_none|                                                                   v944|        scalar|
+---------------------+-----+-----+------------+-----------------------------------------------------------------------+--------------+

============================================================
+ Verbose Summary: Synthesis Manager
============================================================
InlineROM: 1
ExposeGlobal: 0
============================================================
+ Verbose Summary: CDFG Model
============================================================
IsTopModel: 0
ResetActiveHigh: 1
IsCombinational: 2
IsDatapathOnly: 2
HasWiredReturn: 1
HasMFsm: 2
HasVarLatency: 1
IsPipeline: 0
IsRtlPipelined: 0
IsInstanceOverlapped: 0
IsDontTouch: 0
HasImplIP: 0
IsGatedGlobalClock: 0

+ Individual pipeline summary: 
  * Pipeline-0: initiation interval (II) = 1, depth = 12


============================================================
+ Verbose Summary: Schedule
============================================================
* Number of FSM states : 12
* Pipeline : 1
  Pipeline-0 : II = 1, D = 12, States = { 1 2 3 4 5 6 7 8 9 10 11 12 }
* Dataflow Pipeline: 0

* FSM state transitions: 
1 --> 2 
2 --> 3 
3 --> 4 
4 --> 5 
5 --> 6 
6 --> 7 
7 --> 8 
8 --> 9 
9 --> 10 
10 --> 11 
11 --> 12 
12 --> 

* FSM state operations: 

State 1 <SV = 0> <Delay = 0.42>
ST_1 : Operation 14 [1/1] (0.00ns)   --->   "%v308_1 = alloca i32 1" [spikingformer_official.cpp:753->spikingformer_official.cpp:2755]   --->   Operation 14 'alloca' 'v308_1' <Predicate = true> <Delay = 0.00>
ST_1 : Operation 15 [1/1] (0.00ns)   --->   "%v307 = alloca i32 1" [spikingformer_official.cpp:752->spikingformer_official.cpp:2755]   --->   Operation 15 'alloca' 'v307' <Predicate = true> <Delay = 0.00>
ST_1 : Operation 16 [1/1] (0.00ns)   --->   "%indvar_flatten14321 = alloca i32 1"   --->   Operation 16 'alloca' 'indvar_flatten14321' <Predicate = true> <Delay = 0.00>
ST_1 : Operation 17 [1/1] (0.00ns)   --->   "%v306 = alloca i32 1" [spikingformer_official.cpp:751->spikingformer_official.cpp:2755]   --->   Operation 17 'alloca' 'v306' <Predicate = true> <Delay = 0.00>
ST_1 : Operation 18 [1/1] (0.00ns)   --->   "%indvar_flatten14335 = alloca i32 1"   --->   Operation 18 'alloca' 'indvar_flatten14335' <Predicate = true> <Delay = 0.00>
ST_1 : Operation 19 [1/1] (0.00ns)   --->   "%v944_read = read i64 @_ssdm_op_Read.ap_auto.i64, i64 %v944"   --->   Operation 19 'read' 'v944_read' <Predicate = true> <Delay = 0.00>
ST_1 : Operation 20 [1/1] (0.00ns)   --->   "%sext_ln897_read = read i62 @_ssdm_op_Read.ap_auto.i62, i62 %sext_ln897"   --->   Operation 20 'read' 'sext_ln897_read' <Predicate = true> <Delay = 0.00>
ST_1 : Operation 21 [1/1] (0.00ns)   --->   "%sext_ln7554 = read i62 @_ssdm_op_Read.ap_auto.i62, i62 %sext_ln755"   --->   Operation 21 'read' 'sext_ln7554' <Predicate = true> <Delay = 0.00>
ST_1 : Operation 22 [1/1] (0.00ns)   --->   "%sext_ln897_cast = sext i62 %sext_ln897_read"   --->   Operation 22 'sext' 'sext_ln897_cast' <Predicate = true> <Delay = 0.00>
ST_1 : Operation 23 [1/1] (0.00ns)   --->   "%specstablecontent_ln0 = specstablecontent void @_ssdm_op_SpecStableContent, i32 %g0, i1 1, void "   --->   Operation 23 'specstablecontent' 'specstablecontent_ln0' <Predicate = true> <Delay = 0.00>
ST_1 : Operation 24 [1/1] (0.00ns)   --->   "%specinterface_ln0 = specinterface void @_ssdm_op_SpecInterface, i32 %g0, void @empty_26, i32 0, i32 0, void @empty_35, i32 0, i32 0, void @empty_22, void @empty_25, void @empty_35, i32 16, i32 16, i32 16, i32 16, void @empty_35, void @empty_35, i32 4294967295, i32 0, i32 0, i32 4"   --->   Operation 24 'specinterface' 'specinterface_ln0' <Predicate = true> <Delay = 0.00>
ST_1 : Operation 25 [1/1] (0.42ns)   --->   "%store_ln0 = store i15 0, i15 %indvar_flatten14335"   --->   Operation 25 'store' 'store_ln0' <Predicate = true> <Delay = 0.42>
ST_1 : Operation 26 [1/1] (0.42ns)   --->   "%store_ln751 = store i7 0, i7 %v306" [spikingformer_official.cpp:751->spikingformer_official.cpp:2755]   --->   Operation 26 'store' 'store_ln751' <Predicate = true> <Delay = 0.42>
ST_1 : Operation 27 [1/1] (0.42ns)   --->   "%store_ln0 = store i10 0, i10 %indvar_flatten14321"   --->   Operation 27 'store' 'store_ln0' <Predicate = true> <Delay = 0.42>
ST_1 : Operation 28 [1/1] (0.42ns)   --->   "%store_ln752 = store i4 0, i4 %v307" [spikingformer_official.cpp:752->spikingformer_official.cpp:2755]   --->   Operation 28 'store' 'store_ln752' <Predicate = true> <Delay = 0.42>
ST_1 : Operation 29 [1/1] (0.42ns)   --->   "%store_ln753 = store i6 0, i6 %v308_1" [spikingformer_official.cpp:753->spikingformer_official.cpp:2755]   --->   Operation 29 'store' 'store_ln753' <Predicate = true> <Delay = 0.42>
ST_1 : Operation 30 [1/1] (0.42ns)   --->   "%br_ln0 = br void %for.inc.i1266"   --->   Operation 30 'br' 'br_ln0' <Predicate = true> <Delay = 0.42>

State 2 <SV = 1> <Delay = 4.38>
ST_2 : Operation 31 [1/1] (0.00ns)   --->   "%first_iter_129 = phi i1 1, void %newFuncRoot, i1 0, void %for.inc.i1266.split"   --->   Operation 31 'phi' 'first_iter_129' <Predicate = true> <Delay = 0.00>
ST_2 : Operation 32 [1/1] (0.00ns)   --->   "%v308 = load i6 %v308_1" [spikingformer_official.cpp:753->spikingformer_official.cpp:2755]   --->   Operation 32 'load' 'v308' <Predicate = true> <Delay = 0.00>
ST_2 : Operation 33 [1/1] (0.00ns)   --->   "%indvar_flatten14321_load = load i10 %indvar_flatten14321" [spikingformer_official.cpp:752->spikingformer_official.cpp:2755]   --->   Operation 33 'load' 'indvar_flatten14321_load' <Predicate = true> <Delay = 0.00>
ST_2 : Operation 34 [1/1] (0.00ns)   --->   "%indvar_flatten14335_load = load i15 %indvar_flatten14335" [spikingformer_official.cpp:751->spikingformer_official.cpp:2755]   --->   Operation 34 'load' 'indvar_flatten14335_load' <Predicate = true> <Delay = 0.00>
ST_2 : Operation 35 [1/1] (0.00ns)   --->   "%specbitsmap_ln0 = specbitsmap void @_ssdm_op_SpecBitsMap, i32 %g0"   --->   Operation 35 'specbitsmap' 'specbitsmap_ln0' <Predicate = true> <Delay = 0.00>
ST_2 : Operation 36 [1/1] (0.84ns)   --->   "%icmp_ln751 = icmp_eq  i15 %indvar_flatten14335_load, i15 24576" [spikingformer_official.cpp:751->spikingformer_official.cpp:2755]   --->   Operation 36 'icmp' 'icmp_ln751' <Predicate = true> <Delay = 0.84> <CoreInst = "Cmp">   --->   Core 9 'Cmp' <Latency = 0> <II = 1> <Delay = 0.84> <FuncUnit> <Opcode : 'seteq' 'setne' 'setle' 'setge' 'setlt' 'setgt'> <InPorts = 2> <OutPorts = 1>
ST_2 : Operation 37 [1/1] (0.84ns)   --->   "%add_ln751 = add i15 %indvar_flatten14335_load, i15 1" [spikingformer_official.cpp:751->spikingformer_official.cpp:2755]   --->   Operation 37 'add' 'add_ln751' <Predicate = true> <Delay = 0.84> <CoreInst = "Adder">   --->   Core 1 'Adder' <Latency = 0> <II = 1> <Delay = 0.84> <FuncUnit> <Opcode : 'add' 'sub'> <InPorts = 2> <OutPorts = 1>
ST_2 : Operation 38 [1/1] (0.00ns)   --->   "%br_ln751 = br i1 %icmp_ln751, void %for.inc24.i1272, void %_Z8kernel58PA12_A64_A32_fPA64_A12_S_.exit1273.exitStub" [spikingformer_official.cpp:751->spikingformer_official.cpp:2755]   --->   Operation 38 'br' 'br_ln751' <Predicate = true> <Delay = 0.00>
ST_2 : Operation 39 [1/1] (0.00ns)   --->   "%v307_load = load i4 %v307" [spikingformer_official.cpp:751->spikingformer_official.cpp:2755]   --->   Operation 39 'load' 'v307_load' <Predicate = (!icmp_ln751)> <Delay = 0.00>
ST_2 : Operation 40 [1/1] (0.00ns)   --->   "%v306_load = load i7 %v306" [spikingformer_official.cpp:751->spikingformer_official.cpp:2755]   --->   Operation 40 'load' 'v306_load' <Predicate = (!icmp_ln751)> <Delay = 0.00>
ST_2 : Operation 41 [1/1] (0.77ns)   --->   "%add_ln751_1 = add i7 %v306_load, i7 1" [spikingformer_official.cpp:751->spikingformer_official.cpp:2755]   --->   Operation 41 'add' 'add_ln751_1' <Predicate = (!icmp_ln751)> <Delay = 0.77> <CoreInst = "Adder">   --->   Core 1 'Adder' <Latency = 0> <II = 1> <Delay = 0.77> <FuncUnit> <Opcode : 'add' 'sub'> <InPorts = 2> <OutPorts = 1>
ST_2 : Operation 42 [1/1] (0.78ns)   --->   "%icmp_ln752 = icmp_eq  i10 %indvar_flatten14321_load, i10 384" [spikingformer_official.cpp:752->spikingformer_official.cpp:2755]   --->   Operation 42 'icmp' 'icmp_ln752' <Predicate = (!icmp_ln751)> <Delay = 0.78> <CoreInst = "Cmp">   --->   Core 9 'Cmp' <Latency = 0> <II = 1> <Delay = 0.78> <FuncUnit> <Opcode : 'seteq' 'setne' 'setle' 'setge' 'setlt' 'setgt'> <InPorts = 2> <OutPorts = 1>
ST_2 : Operation 43 [1/1] (0.39ns)   --->   "%select_ln751_2 = select i1 %icmp_ln752, i4 0, i4 %v307_load" [spikingformer_official.cpp:751->spikingformer_official.cpp:2755]   --->   Operation 43 'select' 'select_ln751_2' <Predicate = (!icmp_ln751)> <Delay = 0.39> <CoreInst = "Sel">   --->   Core 73 'Sel' <Latency = 0> <II = 1> <Delay = 0.39> <FuncUnit> <Opcode : 'select'> <InPorts = 3> <OutPorts = 1>
ST_2 : Operation 44 [1/1] (0.00ns) (grouped into LUT with out node first_iter_129_mid2)   --->   "%or_ln751 = or i1 %icmp_ln752, i1 %first_iter_129" [spikingformer_official.cpp:751->spikingformer_official.cpp:2755]   --->   Operation 44 'or' 'or_ln751' <Predicate = (!icmp_ln751)> <Delay = 0.00> <CoreInst = "LogicGate">   --->   Core 74 'LogicGate' <Latency = 0> <II = 1> <Delay = 0.28> <FuncUnit> <Opcode : 'and' 'or' 'xor'> <InPorts = 2> <OutPorts = 1>
ST_2 : Operation 45 [1/1] (0.00ns) (grouped into LUT with out node and_ln751)   --->   "%xor_ln751 = xor i1 %icmp_ln752, i1 1" [spikingformer_official.cpp:751->spikingformer_official.cpp:2755]   --->   Operation 45 'xor' 'xor_ln751' <Predicate = (!icmp_ln751)> <Delay = 0.00> <CoreInst = "LogicGate">   --->   Core 74 'LogicGate' <Latency = 0> <II = 1> <Delay = 0.28> <FuncUnit> <Opcode : 'and' 'or' 'xor'> <InPorts = 2> <OutPorts = 1>
ST_2 : Operation 46 [1/1] (0.78ns)   --->   "%icmp_ln753 = icmp_eq  i6 %v308, i6 32" [spikingformer_official.cpp:753->spikingformer_official.cpp:2755]   --->   Operation 46 'icmp' 'icmp_ln753' <Predicate = (!icmp_ln751)> <Delay = 0.78> <CoreInst = "Cmp">   --->   Core 9 'Cmp' <Latency = 0> <II = 1> <Delay = 0.77> <FuncUnit> <Opcode : 'seteq' 'setne' 'setle' 'setge' 'setlt' 'setgt'> <InPorts = 2> <OutPorts = 1>
ST_2 : Operation 47 [1/1] (0.28ns) (out node of the LUT)   --->   "%and_ln751 = and i1 %icmp_ln753, i1 %xor_ln751" [spikingformer_official.cpp:751->spikingformer_official.cpp:2755]   --->   Operation 47 'and' 'and_ln751' <Predicate = (!icmp_ln751)> <Delay = 0.28> <CoreInst = "LogicGate">   --->   Core 74 'LogicGate' <Latency = 0> <II = 1> <Delay = 0.28> <FuncUnit> <Opcode : 'and' 'or' 'xor'> <InPorts = 2> <OutPorts = 1>
ST_2 : Operation 48 [1/1] (0.36ns)   --->   "%select_ln751 = select i1 %icmp_ln752, i7 %add_ln751_1, i7 %v306_load" [spikingformer_official.cpp:751->spikingformer_official.cpp:2755]   --->   Operation 48 'select' 'select_ln751' <Predicate = (!icmp_ln751)> <Delay = 0.36> <CoreInst = "Sel">   --->   Core 73 'Sel' <Latency = 0> <II = 1> <Delay = 0.36> <FuncUnit> <Opcode : 'select'> <InPorts = 3> <OutPorts = 1>
ST_2 : Operation 49 [1/1] (0.79ns)   --->   "%add_ln752_1 = add i4 %select_ln751_2, i4 1" [spikingformer_official.cpp:752->spikingformer_official.cpp:2755]   --->   Operation 49 'add' 'add_ln752_1' <Predicate = (!icmp_ln751)> <Delay = 0.79> <CoreInst = "Adder">   --->   Core 1 'Adder' <Latency = 0> <II = 1> <Delay = 0.79> <FuncUnit> <Opcode : 'add' 'sub'> <InPorts = 2> <OutPorts = 1>
ST_2 : Operation 50 [1/1] (0.28ns) (out node of the LUT)   --->   "%first_iter_129_mid2 = or i1 %and_ln751, i1 %or_ln751" [spikingformer_official.cpp:751->spikingformer_official.cpp:2755]   --->   Operation 50 'or' 'first_iter_129_mid2' <Predicate = (!icmp_ln751)> <Delay = 0.28> <CoreInst = "LogicGate">   --->   Core 74 'LogicGate' <Latency = 0> <II = 1> <Delay = 0.28> <FuncUnit> <Opcode : 'and' 'or' 'xor'> <InPorts = 2> <OutPorts = 1>
ST_2 : Operation 51 [1/1] (0.39ns)   --->   "%select_ln752_2 = select i1 %and_ln751, i4 %add_ln752_1, i4 %select_ln751_2" [spikingformer_official.cpp:752->spikingformer_official.cpp:2755]   --->   Operation 51 'select' 'select_ln752_2' <Predicate = (!icmp_ln751)> <Delay = 0.39> <CoreInst = "Sel">   --->   Core 73 'Sel' <Latency = 0> <II = 1> <Delay = 0.39> <FuncUnit> <Opcode : 'select'> <InPorts = 3> <OutPorts = 1>
ST_2 : Operation 52 [1/1] (0.00ns)   --->   "%trunc_ln752 = trunc i7 %select_ln751" [spikingformer_official.cpp:752->spikingformer_official.cpp:2755]   --->   Operation 52 'trunc' 'trunc_ln752' <Predicate = (!icmp_ln751)> <Delay = 0.00>
ST_2 : Operation 53 [1/1] (0.00ns)   --->   "%shl_ln753_2 = bitconcatenate i15 @_ssdm_op_BitConcatenate.i15.i4.i11, i4 %select_ln752_2, i11 0" [spikingformer_official.cpp:753->spikingformer_official.cpp:2755]   --->   Operation 53 'bitconcatenate' 'shl_ln753_2' <Predicate = (!icmp_ln751)> <Delay = 0.00>
ST_2 : Operation 54 [1/1] (0.00ns)   --->   "%zext_ln753_2 = zext i15 %shl_ln753_2" [spikingformer_official.cpp:753->spikingformer_official.cpp:2755]   --->   Operation 54 'zext' 'zext_ln753_2' <Predicate = (!icmp_ln751)> <Delay = 0.00>
ST_2 : Operation 55 [1/1] (0.93ns)   --->   "%add_ln753 = add i24 %zext_ln753_2, i24 8460288" [spikingformer_official.cpp:753->spikingformer_official.cpp:2755]   --->   Operation 55 'add' 'add_ln753' <Predicate = (!icmp_ln751)> <Delay = 0.93> <CoreInst = "Adder">   --->   Core 1 'Adder' <Latency = 0> <II = 1> <Delay = 0.93> <FuncUnit> <Opcode : 'add' 'sub'> <InPorts = 2> <OutPorts = 1>
ST_2 : Operation 56 [1/1] (0.00ns)   --->   "%tmp_s = partselect i13 @_ssdm_op_PartSelect.i13.i24.i32.i32, i24 %add_ln753, i32 11, i32 23" [spikingformer_official.cpp:753->spikingformer_official.cpp:2755]   --->   Operation 56 'partselect' 'tmp_s' <Predicate = (!icmp_ln751)> <Delay = 0.00>
ST_2 : Operation 57 [1/1] (0.00ns)   --->   "%shl_ln753_3 = bitconcatenate i26 @_ssdm_op_BitConcatenate.i26.i13.i6.i7, i13 %tmp_s, i6 %trunc_ln752, i7 0" [spikingformer_official.cpp:753->spikingformer_official.cpp:2755]   --->   Operation 57 'bitconcatenate' 'shl_ln753_3' <Predicate = (!icmp_ln751)> <Delay = 0.00>
ST_2 : Operation 58 [1/1] (0.00ns)   --->   "%zext_ln753 = zext i26 %shl_ln753_3" [spikingformer_official.cpp:753->spikingformer_official.cpp:2755]   --->   Operation 58 'zext' 'zext_ln753' <Predicate = (!icmp_ln751)> <Delay = 0.00>
ST_2 : Operation 59 [1/1] (1.08ns)   --->   "%add_ln753_4 = add i64 %zext_ln753, i64 %v944_read" [spikingformer_official.cpp:753->spikingformer_official.cpp:2755]   --->   Operation 59 'add' 'add_ln753_4' <Predicate = (!icmp_ln751)> <Delay = 1.08> <CoreInst = "Adder">   --->   Core 1 'Adder' <Latency = 0> <II = 1> <Delay = 1.08> <FuncUnit> <Opcode : 'add' 'sub'> <InPorts = 2> <OutPorts = 1>
ST_2 : Operation 60 [1/1] (0.00ns)   --->   "%trunc_ln753_1 = partselect i62 @_ssdm_op_PartSelect.i62.i64.i32.i32, i64 %add_ln753_4, i32 2, i32 63" [spikingformer_official.cpp:753->spikingformer_official.cpp:2755]   --->   Operation 60 'partselect' 'trunc_ln753_1' <Predicate = (!icmp_ln751)> <Delay = 0.00>
ST_2 : Operation 61 [1/1] (0.00ns)   --->   "%sext_ln753 = sext i62 %trunc_ln753_1" [spikingformer_official.cpp:753->spikingformer_official.cpp:2755]   --->   Operation 61 'sext' 'sext_ln753' <Predicate = (!icmp_ln751)> <Delay = 0.00>
ST_2 : Operation 62 [1/1] (0.00ns)   --->   "%g0_addr_60 = getelementptr i32 %g0, i64 %sext_ln753" [spikingformer_official.cpp:753->spikingformer_official.cpp:2755]   --->   Operation 62 'getelementptr' 'g0_addr_60' <Predicate = (!icmp_ln751)> <Delay = 0.00>
ST_2 : Operation 63 [1/1] (0.00ns)   --->   "%br_ln753 = br i1 %first_iter_129_mid2, void %for.inc.i1266.split, void %new.body.VITIS_LOOP_753_3.i1260" [spikingformer_official.cpp:753->spikingformer_official.cpp:2755]   --->   Operation 63 'br' 'br_ln753' <Predicate = (!icmp_ln751)> <Delay = 0.00>
ST_2 : Operation 64 [1/1] (0.78ns)   --->   "%add_ln753_5 = add i6 %v308, i6 1" [spikingformer_official.cpp:753->spikingformer_official.cpp:2755]   --->   Operation 64 'add' 'add_ln753_5' <Predicate = (!icmp_ln751)> <Delay = 0.78> <CoreInst = "Adder">   --->   Core 1 'Adder' <Latency = 0> <II = 1> <Delay = 0.78> <FuncUnit> <Opcode : 'add' 'sub'> <InPorts = 2> <OutPorts = 1>
ST_2 : Operation 65 [1/1] (0.00ns) (grouped into LUT with out node select_ln753)   --->   "%or_ln753 = or i1 %and_ln751, i1 %icmp_ln752" [spikingformer_official.cpp:753->spikingformer_official.cpp:2755]   --->   Operation 65 'or' 'or_ln753' <Predicate = (!icmp_ln751)> <Delay = 0.00> <CoreInst = "LogicGate">   --->   Core 74 'LogicGate' <Latency = 0> <II = 1> <Delay = 0.28> <FuncUnit> <Opcode : 'and' 'or' 'xor'> <InPorts = 2> <OutPorts = 1>
ST_2 : Operation 66 [1/1] (0.38ns) (out node of the LUT)   --->   "%select_ln753 = select i1 %or_ln753, i6 1, i6 %add_ln753_5" [spikingformer_official.cpp:753->spikingformer_official.cpp:2755]   --->   Operation 66 'select' 'select_ln753' <Predicate = (!icmp_ln751)> <Delay = 0.38> <CoreInst = "Sel">   --->   Core 73 'Sel' <Latency = 0> <II = 1> <Delay = 0.38> <FuncUnit> <Opcode : 'select'> <InPorts = 3> <OutPorts = 1>
ST_2 : Operation 67 [1/1] (0.78ns)   --->   "%add_ln752 = add i10 %indvar_flatten14321_load, i10 1" [spikingformer_official.cpp:752->spikingformer_official.cpp:2755]   --->   Operation 67 'add' 'add_ln752' <Predicate = (!icmp_ln751)> <Delay = 0.78> <CoreInst = "Adder">   --->   Core 1 'Adder' <Latency = 0> <II = 1> <Delay = 0.78> <FuncUnit> <Opcode : 'add' 'sub'> <InPorts = 2> <OutPorts = 1>
ST_2 : Operation 68 [1/1] (0.40ns)   --->   "%select_ln752 = select i1 %icmp_ln752, i10 1, i10 %add_ln752" [spikingformer_official.cpp:752->spikingformer_official.cpp:2755]   --->   Operation 68 'select' 'select_ln752' <Predicate = (!icmp_ln751)> <Delay = 0.40> <CoreInst = "Sel">   --->   Core 73 'Sel' <Latency = 0> <II = 1> <Delay = 0.40> <FuncUnit> <Opcode : 'select'> <InPorts = 3> <OutPorts = 1>
ST_2 : Operation 69 [1/1] (0.42ns)   --->   "%store_ln751 = store i15 %add_ln751, i15 %indvar_flatten14335" [spikingformer_official.cpp:751->spikingformer_official.cpp:2755]   --->   Operation 69 'store' 'store_ln751' <Predicate = (!icmp_ln751)> <Delay = 0.42>
ST_2 : Operation 70 [1/1] (0.42ns)   --->   "%store_ln751 = store i7 %select_ln751, i7 %v306" [spikingformer_official.cpp:751->spikingformer_official.cpp:2755]   --->   Operation 70 'store' 'store_ln751' <Predicate = (!icmp_ln751)> <Delay = 0.42>
ST_2 : Operation 71 [1/1] (0.42ns)   --->   "%store_ln752 = store i10 %select_ln752, i10 %indvar_flatten14321" [spikingformer_official.cpp:752->spikingformer_official.cpp:2755]   --->   Operation 71 'store' 'store_ln752' <Predicate = (!icmp_ln751)> <Delay = 0.42>
ST_2 : Operation 72 [1/1] (0.42ns)   --->   "%store_ln752 = store i4 %select_ln752_2, i4 %v307" [spikingformer_official.cpp:752->spikingformer_official.cpp:2755]   --->   Operation 72 'store' 'store_ln752' <Predicate = (!icmp_ln751)> <Delay = 0.42>
ST_2 : Operation 73 [1/1] (0.42ns)   --->   "%store_ln753 = store i6 %select_ln753, i6 %v308_1" [spikingformer_official.cpp:753->spikingformer_official.cpp:2755]   --->   Operation 73 'store' 'store_ln753' <Predicate = (!icmp_ln751)> <Delay = 0.42>
ST_2 : Operation 74 [1/1] (0.00ns)   --->   "%br_ln753 = br void %for.inc.i1266" [spikingformer_official.cpp:753->spikingformer_official.cpp:2755]   --->   Operation 74 'br' 'br_ln753' <Predicate = (!icmp_ln751)> <Delay = 0.00>

State 3 <SV = 2> <Delay = 0.00>
ST_3 : Operation 75 [8/8] (7.30ns)   --->   "%empty = readreq i1 @_ssdm_op_ReadReq.m_axi.p1i32, i64 %g0_addr_60, i64 32" [spikingformer_official.cpp:753->spikingformer_official.cpp:2755]   --->   Operation 75 'readreq' 'empty' <Predicate = (first_iter_129_mid2)> <Delay = 7.30> <CoreInst = "m_axi">   --->   Core 119 'm_axi' <Latency = 6> <II = 1> <Delay = 1.00> <Adapter> <Opcode : 'readrequnaligned' 'writerequnaligned' 'read' 'write' 'readreq' 'writereq' 'writeresp'>

State 4 <SV = 3> <Delay = 0.00>
ST_4 : Operation 76 [7/8] (7.30ns)   --->   "%empty = readreq i1 @_ssdm_op_ReadReq.m_axi.p1i32, i64 %g0_addr_60, i64 32" [spikingformer_official.cpp:753->spikingformer_official.cpp:2755]   --->   Operation 76 'readreq' 'empty' <Predicate = (first_iter_129_mid2)> <Delay = 7.30> <CoreInst = "m_axi">   --->   Core 119 'm_axi' <Latency = 6> <II = 1> <Delay = 1.00> <Adapter> <Opcode : 'readrequnaligned' 'writerequnaligned' 'read' 'write' 'readreq' 'writereq' 'writeresp'>

State 5 <SV = 4> <Delay = 0.00>
ST_5 : Operation 77 [6/8] (7.30ns)   --->   "%empty = readreq i1 @_ssdm_op_ReadReq.m_axi.p1i32, i64 %g0_addr_60, i64 32" [spikingformer_official.cpp:753->spikingformer_official.cpp:2755]   --->   Operation 77 'readreq' 'empty' <Predicate = (first_iter_129_mid2)> <Delay = 7.30> <CoreInst = "m_axi">   --->   Core 119 'm_axi' <Latency = 6> <II = 1> <Delay = 1.00> <Adapter> <Opcode : 'readrequnaligned' 'writerequnaligned' 'read' 'write' 'readreq' 'writereq' 'writeresp'>

State 6 <SV = 5> <Delay = 0.00>
ST_6 : Operation 78 [5/8] (7.30ns)   --->   "%empty = readreq i1 @_ssdm_op_ReadReq.m_axi.p1i32, i64 %g0_addr_60, i64 32" [spikingformer_official.cpp:753->spikingformer_official.cpp:2755]   --->   Operation 78 'readreq' 'empty' <Predicate = (first_iter_129_mid2)> <Delay = 7.30> <CoreInst = "m_axi">   --->   Core 119 'm_axi' <Latency = 6> <II = 1> <Delay = 1.00> <Adapter> <Opcode : 'readrequnaligned' 'writerequnaligned' 'read' 'write' 'readreq' 'writereq' 'writeresp'>

State 7 <SV = 6> <Delay = 0.00>
ST_7 : Operation 79 [4/8] (7.30ns)   --->   "%empty = readreq i1 @_ssdm_op_ReadReq.m_axi.p1i32, i64 %g0_addr_60, i64 32" [spikingformer_official.cpp:753->spikingformer_official.cpp:2755]   --->   Operation 79 'readreq' 'empty' <Predicate = (first_iter_129_mid2)> <Delay = 7.30> <CoreInst = "m_axi">   --->   Core 119 'm_axi' <Latency = 6> <II = 1> <Delay = 1.00> <Adapter> <Opcode : 'readrequnaligned' 'writerequnaligned' 'read' 'write' 'readreq' 'writereq' 'writeresp'>

State 8 <SV = 7> <Delay = 0.00>
ST_8 : Operation 80 [3/8] (7.30ns)   --->   "%empty = readreq i1 @_ssdm_op_ReadReq.m_axi.p1i32, i64 %g0_addr_60, i64 32" [spikingformer_official.cpp:753->spikingformer_official.cpp:2755]   --->   Operation 80 'readreq' 'empty' <Predicate = (first_iter_129_mid2)> <Delay = 7.30> <CoreInst = "m_axi">   --->   Core 119 'm_axi' <Latency = 6> <II = 1> <Delay = 1.00> <Adapter> <Opcode : 'readrequnaligned' 'writerequnaligned' 'read' 'write' 'readreq' 'writereq' 'writeresp'>

State 9 <SV = 8> <Delay = 0.00>
ST_9 : Operation 81 [2/8] (7.30ns)   --->   "%empty = readreq i1 @_ssdm_op_ReadReq.m_axi.p1i32, i64 %g0_addr_60, i64 32" [spikingformer_official.cpp:753->spikingformer_official.cpp:2755]   --->   Operation 81 'readreq' 'empty' <Predicate = (first_iter_129_mid2)> <Delay = 7.30> <CoreInst = "m_axi">   --->   Core 119 'm_axi' <Latency = 6> <II = 1> <Delay = 1.00> <Adapter> <Opcode : 'readrequnaligned' 'writerequnaligned' 'read' 'write' 'readreq' 'writereq' 'writeresp'>

State 10 <SV = 9> <Delay = 7.30>
ST_10 : Operation 82 [1/8] ( I:7.30ns O:7.30ns )   --->   "%empty = readreq i1 @_ssdm_op_ReadReq.m_axi.p1i32, i64 %g0_addr_60, i64 32" [spikingformer_official.cpp:753->spikingformer_official.cpp:2755]   --->   Operation 82 'readreq' 'empty' <Predicate = (first_iter_129_mid2)> <Delay = 7.30> <CoreInst = "m_axi">   --->   Core 119 'm_axi' <Latency = 6> <II = 1> <Delay = 1.00> <Adapter> <Opcode : 'readrequnaligned' 'writerequnaligned' 'read' 'write' 'readreq' 'writereq' 'writeresp'>
ST_10 : Operation 83 [1/1] (0.00ns)   --->   "%br_ln753 = br void %for.inc.i1266.split" [spikingformer_official.cpp:753->spikingformer_official.cpp:2755]   --->   Operation 83 'br' 'br_ln753' <Predicate = (first_iter_129_mid2)> <Delay = 0.00>

State 11 <SV = 10> <Delay = 7.30>
ST_11 : Operation 84 [1/1] ( I:7.30ns O:7.30ns )   --->   "%v309 = read i32 @_ssdm_op_Read.m_axi.i32.p1i32, i64 %g0_addr_60" [spikingformer_official.cpp:757->spikingformer_official.cpp:2755]   --->   Operation 84 'read' 'v309' <Predicate = (!icmp_ln751)> <Delay = 7.30> <CoreInst = "m_axi">   --->   Core 119 'm_axi' <Latency = 3> <II = 1> <Delay = 1.00> <Adapter> <Opcode : 'readrequnaligned' 'writerequnaligned' 'read' 'write' 'readreq' 'writereq' 'writeresp'>
ST_11 : Operation 90 [1/1] (0.42ns)   --->   "%ret_ln0 = ret"   --->   Operation 90 'ret' 'ret_ln0' <Predicate = (icmp_ln751)> <Delay = 0.42>

State 12 <SV = 11> <Delay = 7.30>
ST_12 : Operation 85 [1/1] (0.00ns)   --->   "%g0_addr = getelementptr i32 %g0, i64 %sext_ln897_cast" [spikingformer_official.cpp:897->spikingformer_official.cpp:2551]   --->   Operation 85 'getelementptr' 'g0_addr' <Predicate = true> <Delay = 0.00>
ST_12 : Operation 86 [1/1] (0.00ns)   --->   "%specloopname_ln0 = specloopname void @_ssdm_op_SpecLoopName, void @VITIS_LOOP_751_1_VITIS_LOOP_752_2_VITIS_LOOP_753_3_str"   --->   Operation 86 'specloopname' 'specloopname_ln0' <Predicate = true> <Delay = 0.00>
ST_12 : Operation 87 [1/1] (0.00ns)   --->   "%speclooptripcount_ln0 = speclooptripcount void @_ssdm_op_SpecLoopTripCount, i64 24576, i64 24576, i64 24576"   --->   Operation 87 'speclooptripcount' 'speclooptripcount_ln0' <Predicate = true> <Delay = 0.00>
ST_12 : Operation 88 [1/1] (0.00ns)   --->   "%specpipeline_ln754 = specpipeline void @_ssdm_op_SpecPipeline, i32 1, i32 0, i32 0, i32 0, i32 4294967295, void @empty_35" [spikingformer_official.cpp:754->spikingformer_official.cpp:2755]   --->   Operation 88 'specpipeline' 'specpipeline_ln754' <Predicate = (!icmp_ln751)> <Delay = 0.00>
ST_12 : Operation 89 [1/1] ( I:7.30ns O:7.30ns )   --->   "%write_ln758 = write void @_ssdm_op_Write.m_axi.p1i32.i32, i64 %g0_addr, i32 %v309, i4 15" [spikingformer_official.cpp:758->spikingformer_official.cpp:2755]   --->   Operation 89 'write' 'write_ln758' <Predicate = (!icmp_ln751)> <Delay = 7.30> <CoreInst = "m_axi">   --->   Core 119 'm_axi' <Latency = 5> <II = 1> <Delay = 1.00> <Adapter> <Opcode : 'readrequnaligned' 'writerequnaligned' 'read' 'write' 'readreq' 'writereq' 'writeresp'>


============================================================
+ Verbose Summary: Binding
============================================================
STG Binding: 
---------------- STG Properties BEGIN ----------------
- Is combinational: 0
- Is one-state seq: 0
- Is datapath-only: 0
- Is pipelined: 0
- Is top level: 0
Port [ Return ] is wired: 1; IO mode=ap_ctrl_hs:ce=0
Port [ g0]:  wired=1; compound=1; hidden=0; nouse=0; global=0; static=0; extern=0; dir=2; type=4; pingpong=0; private_global=0; IO mode=m_axi:ce=0
Port [ sext_ln755]:  wired=1; compound=0; hidden=0; nouse=0; global=0; static=0; extern=0; dir=0; type=0; pingpong=0; private_global=0; IO mode=ap_none:ce=0
Port [ sext_ln897]:  wired=1; compound=0; hidden=0; nouse=0; global=0; static=0; extern=0; dir=0; type=0; pingpong=0; private_global=0; IO mode=ap_none:ce=0
Port [ v944]:  wired=1; compound=0; hidden=0; nouse=0; global=0; static=0; extern=0; dir=0; type=0; pingpong=0; private_global=0; IO mode=ap_none:ce=0
---------------- STG Properties END ------------------

---------------- Datapath Model BEGIN ----------------

<LifeTime>
<method=bitvector/>
v308_1                   (alloca           ) [ 0110000000000]
v307                     (alloca           ) [ 0110000000000]
indvar_flatten14321      (alloca           ) [ 0110000000000]
v306                     (alloca           ) [ 0110000000000]
indvar_flatten14335      (alloca           ) [ 0110000000000]
v944_read                (read             ) [ 0110000000000]
sext_ln897_read          (read             ) [ 0000000000000]
sext_ln7554              (read             ) [ 0000000000000]
sext_ln897_cast          (sext             ) [ 0111111111111]
specstablecontent_ln0    (specstablecontent) [ 0000000000000]
specinterface_ln0        (specinterface    ) [ 0000000000000]
store_ln0                (store            ) [ 0000000000000]
store_ln751              (store            ) [ 0000000000000]
store_ln0                (store            ) [ 0000000000000]
store_ln752              (store            ) [ 0000000000000]
store_ln753              (store            ) [ 0000000000000]
br_ln0                   (br               ) [ 0110000000000]
first_iter_129           (phi              ) [ 0110000000000]
v308                     (load             ) [ 0000000000000]
indvar_flatten14321_load (load             ) [ 0000000000000]
indvar_flatten14335_load (load             ) [ 0000000000000]
specbitsmap_ln0          (specbitsmap      ) [ 0000000000000]
icmp_ln751               (icmp             ) [ 0111111111111]
add_ln751                (add              ) [ 0000000000000]
br_ln751                 (br               ) [ 0000000000000]
v307_load                (load             ) [ 0000000000000]
v306_load                (load             ) [ 0000000000000]
add_ln751_1              (add              ) [ 0000000000000]
icmp_ln752               (icmp             ) [ 0000000000000]
select_ln751_2           (select           ) [ 0000000000000]
or_ln751                 (or               ) [ 0000000000000]
xor_ln751                (xor              ) [ 0000000000000]
icmp_ln753               (icmp             ) [ 0000000000000]
and_ln751                (and              ) [ 0000000000000]
select_ln751             (select           ) [ 0000000000000]
add_ln752_1              (add              ) [ 0000000000000]
first_iter_129_mid2      (or               ) [ 0101111111100]
select_ln752_2           (select           ) [ 0000000000000]
trunc_ln752              (trunc            ) [ 0000000000000]
shl_ln753_2              (bitconcatenate   ) [ 0000000000000]
zext_ln753_2             (zext             ) [ 0000000000000]
add_ln753                (add              ) [ 0000000000000]
tmp_s                    (partselect       ) [ 0000000000000]
shl_ln753_3              (bitconcatenate   ) [ 0000000000000]
zext_ln753               (zext             ) [ 0000000000000]
add_ln753_4              (add              ) [ 0000000000000]
trunc_ln753_1            (partselect       ) [ 0000000000000]
sext_ln753               (sext             ) [ 0000000000000]
g0_addr_60               (getelementptr    ) [ 0101111111110]
br_ln753                 (br               ) [ 0000000000000]
add_ln753_5              (add              ) [ 0000000000000]
or_ln753                 (or               ) [ 0000000000000]
select_ln753             (select           ) [ 0000000000000]
add_ln752                (add              ) [ 0000000000000]
select_ln752             (select           ) [ 0000000000000]
store_ln751              (store            ) [ 0000000000000]
store_ln751              (store            ) [ 0000000000000]
store_ln752              (store            ) [ 0000000000000]
store_ln752              (store            ) [ 0000000000000]
store_ln753              (store            ) [ 0000000000000]
br_ln753                 (br               ) [ 0110000000000]
empty                    (readreq          ) [ 0000000000000]
br_ln753                 (br               ) [ 0000000000000]
v309                     (read             ) [ 0100000000001]
g0_addr                  (getelementptr    ) [ 0000000000000]
specloopname_ln0         (specloopname     ) [ 0000000000000]
speclooptripcount_ln0    (speclooptripcount) [ 0000000000000]
specpipeline_ln754       (specpipeline     ) [ 0000000000000]
write_ln758              (write            ) [ 0000000000000]
ret_ln0                  (ret              ) [ 0000000000000]
</LifeTime>

<model>

<comp_list>
<comp id="0" class="1000" name="g0">
<pin_list>
<pin id="1" dir="1" index="0" bw="1" slack="0"/>
</pin_list>
<bind>
<StgValue><ssdm name="g0"/><MemPortTyVec>2 </MemPortTyVec>
</StgValue>
</bind>
</comp>

<comp id="2" class="1000" name="sext_ln755">
<pin_list>
<pin id="3" dir="1" index="0" bw="1" slack="0"/>
</pin_list>
<bind>
<StgValue><ssdm name="sext_ln755"/></StgValue>
</bind>
</comp>

<comp id="4" class="1000" name="sext_ln897">
<pin_list>
<pin id="5" dir="1" index="0" bw="1" slack="0"/>
</pin_list>
<bind>
<StgValue><ssdm name="sext_ln897"/></StgValue>
</bind>
</comp>

<comp id="6" class="1000" name="v944">
<pin_list>
<pin id="7" dir="1" index="0" bw="1" slack="0"/>
</pin_list>
<bind>
<StgValue><ssdm name="v944"/></StgValue>
</bind>
</comp>

<comp id="8" class="1001" name="const_8">
<pin_list>
<pin id="9" dir="1" index="0" bw="1" slack="0"/>
</pin_list>
<bind>
<StgValue><ssdm name=""/></StgValue>
</bind>
</comp>

<comp id="10" class="1001" name="const_10">
<pin_list>
<pin id="11" dir="1" index="0" bw="1" slack="0"/>
</pin_list>
<bind>
<StgValue><ssdm name="_ssdm_op_Read.ap_auto.i64"/></StgValue>
</bind>
</comp>

<comp id="12" class="1001" name="const_12">
<pin_list>
<pin id="13" dir="1" index="0" bw="1" slack="0"/>
</pin_list>
<bind>
<StgValue><ssdm name="_ssdm_op_Read.ap_auto.i62"/></StgValue>
</bind>
</comp>

<comp id="14" class="1001" name="const_14">
<pin_list>
<pin id="15" dir="1" index="0" bw="1" slack="2147483647"/>
</pin_list>
<bind>
<StgValue><ssdm name="_ssdm_op_SpecStableContent"/></StgValue>
</bind>
</comp>

<comp id="16" class="1001" name="const_16">
<pin_list>
<pin id="17" dir="1" index="0" bw="1" slack="0"/>
</pin_list>
<bind>
<StgValue><ssdm name=""/></StgValue>
</bind>
</comp>

<comp id="18" class="1001" name="const_18">
<pin_list>
<pin id="19" dir="1" index="0" bw="1" slack="2147483647"/>
</pin_list>
<bind>
<StgValue><ssdm name=""/></StgValue>
</bind>
</comp>

<comp id="20" class="1001" name="const_20">
<pin_list>
<pin id="21" dir="1" index="0" bw="1" slack="2147483647"/>
</pin_list>
<bind>
<StgValue><ssdm name="_ssdm_op_SpecInterface"/></StgValue>
</bind>
</comp>

<comp id="22" class="1001" name="const_22">
<pin_list>
<pin id="23" dir="1" index="0" bw="1" slack="2147483647"/>
</pin_list>
<bind>
<StgValue><ssdm name="empty_26"/></StgValue>
</bind>
</comp>

<comp id="24" class="1001" name="const_24">
<pin_list>
<pin id="25" dir="1" index="0" bw="1" slack="2147483647"/>
</pin_list>
<bind>
<StgValue><ssdm name=""/></StgValue>
</bind>
</comp>

<comp id="26" class="1001" name="const_26">
<pin_list>
<pin id="27" dir="1" index="0" bw="1" slack="2147483647"/>
</pin_list>
<bind>
<StgValue><ssdm name="empty_35"/></StgValue>
</bind>
</comp>

<comp id="28" class="1001" name="const_28">
<pin_list>
<pin id="29" dir="1" index="0" bw="1" slack="2147483647"/>
</pin_list>
<bind>
<StgValue><ssdm name="empty_22"/></StgValue>
</bind>
</comp>

<comp id="30" class="1001" name="const_30">
<pin_list>
<pin id="31" dir="1" index="0" bw="1" slack="2147483647"/>
</pin_list>
<bind>
<StgValue><ssdm name="empty_25"/></StgValue>
</bind>
</comp>

<comp id="32" class="1001" name="const_32">
<pin_list>
<pin id="33" dir="1" index="0" bw="1" slack="2147483647"/>
</pin_list>
<bind>
<StgValue><ssdm name=""/></StgValue>
</bind>
</comp>

<comp id="34" class="1001" name="const_34">
<pin_list>
<pin id="35" dir="1" index="0" bw="1" slack="2147483647"/>
</pin_list>
<bind>
<StgValue><ssdm name=""/></StgValue>
</bind>
</comp>

<comp id="36" class="1001" name="const_36">
<pin_list>
<pin id="37" dir="1" index="0" bw="1" slack="2147483647"/>
</pin_list>
<bind>
<StgValue><ssdm name=""/></StgValue>
</bind>
</comp>

<comp id="38" class="1001" name="const_38">
<pin_list>
<pin id="39" dir="1" index="0" bw="1" slack="0"/>
</pin_list>
<bind>
<StgValue><ssdm name=""/></StgValue>
</bind>
</comp>

<comp id="40" class="1001" name="const_40">
<pin_list>
<pin id="41" dir="1" index="0" bw="1" slack="0"/>
</pin_list>
<bind>
<StgValue><ssdm name=""/></StgValue>
</bind>
</comp>

<comp id="42" class="1001" name="const_42">
<pin_list>
<pin id="43" dir="1" index="0" bw="1" slack="0"/>
</pin_list>
<bind>
<StgValue><ssdm name=""/></StgValue>
</bind>
</comp>

<comp id="44" class="1001" name="const_44">
<pin_list>
<pin id="45" dir="1" index="0" bw="1" slack="0"/>
</pin_list>
<bind>
<StgValue><ssdm name=""/></StgValue>
</bind>
</comp>

<comp id="46" class="1001" name="const_46">
<pin_list>
<pin id="47" dir="1" index="0" bw="1" slack="0"/>
</pin_list>
<bind>
<StgValue><ssdm name=""/></StgValue>
</bind>
</comp>

<comp id="48" class="1001" name="const_48">
<pin_list>
<pin id="49" dir="1" index="0" bw="1" slack="0"/>
</pin_list>
<bind>
<StgValue><ssdm name=""/></StgValue>
</bind>
</comp>

<comp id="50" class="1001" name="const_50">
<pin_list>
<pin id="51" dir="1" index="0" bw="1" slack="2147483647"/>
</pin_list>
<bind>
<StgValue><ssdm name="_ssdm_op_SpecBitsMap"/></StgValue>
</bind>
</comp>

<comp id="52" class="1001" name="const_52">
<pin_list>
<pin id="53" dir="1" index="0" bw="1" slack="0"/>
</pin_list>
<bind>
<StgValue><ssdm name=""/></StgValue>
</bind>
</comp>

<comp id="54" class="1001" name="const_54">
<pin_list>
<pin id="55" dir="1" index="0" bw="1" slack="0"/>
</pin_list>
<bind>
<StgValue><ssdm name=""/></StgValue>
</bind>
</comp>

<comp id="56" class="1001" name="const_56">
<pin_list>
<pin id="57" dir="1" index="0" bw="1" slack="0"/>
</pin_list>
<bind>
<StgValue><ssdm name=""/></StgValue>
</bind>
</comp>

<comp id="58" class="1001" name="const_58">
<pin_list>
<pin id="59" dir="1" index="0" bw="1" slack="0"/>
</pin_list>
<bind>
<StgValue><ssdm name=""/></StgValue>
</bind>
</comp>

<comp id="60" class="1001" name="const_60">
<pin_list>
<pin id="61" dir="1" index="0" bw="1" slack="0"/>
</pin_list>
<bind>
<StgValue><ssdm name=""/></StgValue>
</bind>
</comp>

<comp id="62" class="1001" name="const_62">
<pin_list>
<pin id="63" dir="1" index="0" bw="1" slack="0"/>
</pin_list>
<bind>
<StgValue><ssdm name=""/></StgValue>
</bind>
</comp>

<comp id="64" class="1001" name="const_64">
<pin_list>
<pin id="65" dir="1" index="0" bw="1" slack="0"/>
</pin_list>
<bind>
<StgValue><ssdm name="_ssdm_op_BitConcatenate.i15.i4.i11"/></StgValue>
</bind>
</comp>

<comp id="66" class="1001" name="const_66">
<pin_list>
<pin id="67" dir="1" index="0" bw="1" slack="0"/>
</pin_list>
<bind>
<StgValue><ssdm name=""/></StgValue>
</bind>
</comp>

<comp id="68" class="1001" name="const_68">
<pin_list>
<pin id="69" dir="1" index="0" bw="1" slack="0"/>
</pin_list>
<bind>
<StgValue><ssdm name=""/></StgValue>
</bind>
</comp>

<comp id="70" class="1001" name="const_70">
<pin_list>
<pin id="71" dir="1" index="0" bw="1" slack="0"/>
</pin_list>
<bind>
<StgValue><ssdm name="_ssdm_op_PartSelect.i13.i24.i32.i32"/></StgValue>
</bind>
</comp>

<comp id="72" class="1001" name="const_72">
<pin_list>
<pin id="73" dir="1" index="0" bw="1" slack="0"/>
</pin_list>
<bind>
<StgValue><ssdm name=""/></StgValue>
</bind>
</comp>

<comp id="74" class="1001" name="const_74">
<pin_list>
<pin id="75" dir="1" index="0" bw="1" slack="0"/>
</pin_list>
<bind>
<StgValue><ssdm name=""/></StgValue>
</bind>
</comp>

<comp id="76" class="1001" name="const_76">
<pin_list>
<pin id="77" dir="1" index="0" bw="1" slack="0"/>
</pin_list>
<bind>
<StgValue><ssdm name="_ssdm_op_BitConcatenate.i26.i13.i6.i7"/></StgValue>
</bind>
</comp>

<comp id="78" class="1001" name="const_78">
<pin_list>
<pin id="79" dir="1" index="0" bw="1" slack="0"/>
</pin_list>
<bind>
<StgValue><ssdm name="_ssdm_op_PartSelect.i62.i64.i32.i32"/></StgValue>
</bind>
</comp>

<comp id="80" class="1001" name="const_80">
<pin_list>
<pin id="81" dir="1" index="0" bw="1" slack="0"/>
</pin_list>
<bind>
<StgValue><ssdm name=""/></StgValue>
</bind>
</comp>

<comp id="82" class="1001" name="const_82">
<pin_list>
<pin id="83" dir="1" index="0" bw="1" slack="0"/>
</pin_list>
<bind>
<StgValue><ssdm name=""/></StgValue>
</bind>
</comp>

<comp id="84" class="1001" name="const_84">
<pin_list>
<pin id="85" dir="1" index="0" bw="1" slack="0"/>
</pin_list>
<bind>
<StgValue><ssdm name=""/></StgValue>
</bind>
</comp>

<comp id="86" class="1001" name="const_86">
<pin_list>
<pin id="87" dir="1" index="0" bw="1" slack="0"/>
</pin_list>
<bind>
<StgValue><ssdm name=""/></StgValue>
</bind>
</comp>

<comp id="88" class="1001" name="const_88">
<pin_list>
<pin id="89" dir="1" index="0" bw="1" slack="0"/>
</pin_list>
<bind>
<StgValue><ssdm name="_ssdm_op_ReadReq.m_axi.p1i32"/></StgValue>
</bind>
</comp>

<comp id="90" class="1001" name="const_90">
<pin_list>
<pin id="91" dir="1" index="0" bw="1" slack="0"/>
</pin_list>
<bind>
<StgValue><ssdm name=""/></StgValue>
</bind>
</comp>

<comp id="92" class="1001" name="const_92">
<pin_list>
<pin id="93" dir="1" index="0" bw="1" slack="0"/>
</pin_list>
<bind>
<StgValue><ssdm name="_ssdm_op_Read.m_axi.i32.p1i32"/></StgValue>
</bind>
</comp>

<comp id="94" class="1001" name="const_94">
<pin_list>
<pin id="95" dir="1" index="0" bw="1" slack="2147483647"/>
</pin_list>
<bind>
<StgValue><ssdm name="_ssdm_op_SpecLoopName"/></StgValue>
</bind>
</comp>

<comp id="96" class="1001" name="const_96">
<pin_list>
<pin id="97" dir="1" index="0" bw="1" slack="2147483647"/>
</pin_list>
<bind>
<StgValue><ssdm name="VITIS_LOOP_751_1_VITIS_LOOP_752_2_VITIS_LOOP_753_3_str"/></StgValue>
</bind>
</comp>

<comp id="98" class="1001" name="const_98">
<pin_list>
<pin id="99" dir="1" index="0" bw="1" slack="2147483647"/>
</pin_list>
<bind>
<StgValue><ssdm name="_ssdm_op_SpecLoopTripCount"/></StgValue>
</bind>
</comp>

<comp id="100" class="1001" name="const_100">
<pin_list>
<pin id="101" dir="1" index="0" bw="1" slack="2147483647"/>
</pin_list>
<bind>
<StgValue><ssdm name=""/></StgValue>
</bind>
</comp>

<comp id="102" class="1001" name="const_102">
<pin_list>
<pin id="103" dir="1" index="0" bw="1" slack="2147483647"/>
</pin_list>
<bind>
<StgValue><ssdm name="_ssdm_op_SpecPipeline"/></StgValue>
</bind>
</comp>

<comp id="104" class="1001" name="const_104">
<pin_list>
<pin id="105" dir="1" index="0" bw="1" slack="0"/>
</pin_list>
<bind>
<StgValue><ssdm name="_ssdm_op_Write.m_axi.p1i32.i32"/></StgValue>
</bind>
</comp>

<comp id="106" class="1001" name="const_106">
<pin_list>
<pin id="107" dir="1" index="0" bw="1" slack="0"/>
</pin_list>
<bind>
<StgValue><ssdm name=""/></StgValue>
</bind>
</comp>

<comp id="108" class="1004" name="v308_1_fu_108">
<pin_list>
<pin id="109" dir="0" index="0" bw="1" slack="0"/>
<pin id="110" dir="1" index="1" bw="6" slack="0"/>
</pin_list>
<bind>
<opcode="alloca(26) " fcode="alloca"/>
<opset="v308_1/1 "/>
</bind>
</comp>

<comp id="112" class="1004" name="v307_fu_112">
<pin_list>
<pin id="113" dir="0" index="0" bw="1" slack="0"/>
<pin id="114" dir="1" index="1" bw="4" slack="0"/>
</pin_list>
<bind>
<opcode="alloca(26) " fcode="alloca"/>
<opset="v307/1 "/>
</bind>
</comp>

<comp id="116" class="1004" name="indvar_flatten14321_fu_116">
<pin_list>
<pin id="117" dir="0" index="0" bw="1" slack="0"/>
<pin id="118" dir="1" index="1" bw="10" slack="0"/>
</pin_list>
<bind>
<opcode="alloca(26) " fcode="alloca"/>
<opset="indvar_flatten14321/1 "/>
</bind>
</comp>

<comp id="120" class="1004" name="v306_fu_120">
<pin_list>
<pin id="121" dir="0" index="0" bw="1" slack="0"/>
<pin id="122" dir="1" index="1" bw="7" slack="0"/>
</pin_list>
<bind>
<opcode="alloca(26) " fcode="alloca"/>
<opset="v306/1 "/>
</bind>
</comp>

<comp id="124" class="1004" name="indvar_flatten14335_fu_124">
<pin_list>
<pin id="125" dir="0" index="0" bw="1" slack="0"/>
<pin id="126" dir="1" index="1" bw="15" slack="0"/>
</pin_list>
<bind>
<opcode="alloca(26) " fcode="alloca"/>
<opset="indvar_flatten14335/1 "/>
</bind>
</comp>

<comp id="128" class="1004" name="v944_read_read_fu_128">
<pin_list>
<pin id="129" dir="0" index="0" bw="64" slack="0"/>
<pin id="130" dir="0" index="1" bw="64" slack="0"/>
<pin id="131" dir="1" index="2" bw="64" slack="1"/>
</pin_list>
<bind>
<opcode="read(1150) " fcode="read"/>
<opset="v944_read/1 "/>
</bind>
</comp>

<comp id="134" class="1004" name="sext_ln897_read_read_fu_134">
<pin_list>
<pin id="135" dir="0" index="0" bw="62" slack="0"/>
<pin id="136" dir="0" index="1" bw="62" slack="0"/>
<pin id="137" dir="1" index="2" bw="62" slack="0"/>
</pin_list>
<bind>
<opcode="read(1150) " fcode="read"/>
<opset="sext_ln897_read/1 "/>
</bind>
</comp>

<comp id="140" class="1004" name="sext_ln7554_read_fu_140">
<pin_list>
<pin id="141" dir="0" index="0" bw="62" slack="0"/>
<pin id="142" dir="0" index="1" bw="62" slack="0"/>
<pin id="143" dir="1" index="2" bw="62" slack="2147483647"/>
</pin_list>
<bind>
<opcode="read(1150) " fcode="read"/>
<opset="sext_ln7554/1 "/>
</bind>
</comp>

<comp id="146" class="1004" name="grp_readreq_fu_146">
<pin_list>
<pin id="147" dir="0" index="0" bw="1" slack="0"/>
<pin id="148" dir="0" index="1" bw="32" slack="1"/>
<pin id="149" dir="0" index="2" bw="7" slack="0"/>
<pin id="150" dir="1" index="3" bw="1" slack="2147483647"/>
</pin_list>
<bind>
<opcode="readreq(1154) " fcode="readreq"/>
<opset="empty/3 "/>
</bind>
</comp>

<comp id="153" class="1004" name="v309_read_fu_153">
<pin_list>
<pin id="154" dir="0" index="0" bw="32" slack="0"/>
<pin id="155" dir="0" index="1" bw="32" slack="9"/>
<pin id="156" dir="1" index="2" bw="32" slack="1"/>
</pin_list>
<bind>
<opcode="read(1150) " fcode="read"/>
<opset="v309/11 "/>
</bind>
</comp>

<comp id="158" class="1004" name="write_ln758_write_fu_158">
<pin_list>
<pin id="159" dir="0" index="0" bw="0" slack="0"/>
<pin id="160" dir="0" index="1" bw="32" slack="0"/>
<pin id="161" dir="0" index="2" bw="32" slack="1"/>
<pin id="162" dir="0" index="3" bw="1" slack="0"/>
<pin id="163" dir="1" index="4" bw="0" slack="2147483647"/>
</pin_list>
<bind>
<opcode="write(1151) " fcode="write"/>
<opset="write_ln758/12 "/>
</bind>
</comp>

<comp id="166" class="1005" name="first_iter_129_reg_166">
<pin_list>
<pin id="167" dir="0" index="0" bw="1" slack="1"/>
<pin id="168" dir="1" index="1" bw="1" slack="1"/>
</pin_list>
<bind>
<opset="first_iter_129 (phireg) "/>
</bind>
</comp>

<comp id="170" class="1004" name="first_iter_129_phi_fu_170">
<pin_list>
<pin id="171" dir="0" index="0" bw="1" slack="1"/>
<pin id="172" dir="0" index="1" bw="0" slack="2147483647"/>
<pin id="173" dir="0" index="2" bw="1" slack="0"/>
<pin id="174" dir="0" index="3" bw="0" slack="2147483647"/>
<pin id="175" dir="1" index="4" bw="1" slack="0"/>
</pin_list>
<bind>
<opcode="phi(47) " fcode="phi"/>
<opset="first_iter_129/2 "/>
</bind>
</comp>

<comp id="178" class="1004" name="sext_ln897_cast_fu_178">
<pin_list>
<pin id="179" dir="0" index="0" bw="62" slack="0"/>
<pin id="180" dir="1" index="1" bw="64" slack="11"/>
</pin_list>
<bind>
<opcode="sext(35) " fcode="sext"/>
<opset="sext_ln897_cast/1 "/>
</bind>
</comp>

<comp id="182" class="1004" name="store_ln0_store_fu_182">
<pin_list>
<pin id="183" dir="0" index="0" bw="1" slack="0"/>
<pin id="184" dir="0" index="1" bw="15" slack="0"/>
<pin id="185" dir="1" index="2" bw="0" slack="2147483647"/>
</pin_list>
<bind>
<opcode="store(28) " fcode="store"/>
<opset="store_ln0/1 "/>
</bind>
</comp>

<comp id="187" class="1004" name="store_ln751_store_fu_187">
<pin_list>
<pin id="188" dir="0" index="0" bw="1" slack="0"/>
<pin id="189" dir="0" index="1" bw="7" slack="0"/>
<pin id="190" dir="1" index="2" bw="0" slack="2147483647"/>
</pin_list>
<bind>
<opcode="store(28) " fcode="store"/>
<opset="store_ln751/1 "/>
</bind>
</comp>

<comp id="192" class="1004" name="store_ln0_store_fu_192">
<pin_list>
<pin id="193" dir="0" index="0" bw="1" slack="0"/>
<pin id="194" dir="0" index="1" bw="10" slack="0"/>
<pin id="195" dir="1" index="2" bw="0" slack="2147483647"/>
</pin_list>
<bind>
<opcode="store(28) " fcode="store"/>
<opset="store_ln0/1 "/>
</bind>
</comp>

<comp id="197" class="1004" name="store_ln752_store_fu_197">
<pin_list>
<pin id="198" dir="0" index="0" bw="1" slack="0"/>
<pin id="199" dir="0" index="1" bw="4" slack="0"/>
<pin id="200" dir="1" index="2" bw="0" slack="2147483647"/>
</pin_list>
<bind>
<opcode="store(28) " fcode="store"/>
<opset="store_ln752/1 "/>
</bind>
</comp>

<comp id="202" class="1004" name="store_ln753_store_fu_202">
<pin_list>
<pin id="203" dir="0" index="0" bw="1" slack="0"/>
<pin id="204" dir="0" index="1" bw="6" slack="0"/>
<pin id="205" dir="1" index="2" bw="0" slack="2147483647"/>
</pin_list>
<bind>
<opcode="store(28) " fcode="store"/>
<opset="store_ln753/1 "/>
</bind>
</comp>

<comp id="207" class="1004" name="v308_load_fu_207">
<pin_list>
<pin id="208" dir="0" index="0" bw="6" slack="1"/>
<pin id="209" dir="1" index="1" bw="6" slack="0"/>
</pin_list>
<bind>
<opcode="load(27) " fcode="load"/>
<opset="v308/2 "/>
</bind>
</comp>

<comp id="210" class="1004" name="indvar_flatten14321_load_load_fu_210">
<pin_list>
<pin id="211" dir="0" index="0" bw="10" slack="1"/>
<pin id="212" dir="1" index="1" bw="10" slack="0"/>
</pin_list>
<bind>
<opcode="load(27) " fcode="load"/>
<opset="indvar_flatten14321_load/2 "/>
</bind>
</comp>

<comp id="213" class="1004" name="indvar_flatten14335_load_load_fu_213">
<pin_list>
<pin id="214" dir="0" index="0" bw="15" slack="1"/>
<pin id="215" dir="1" index="1" bw="15" slack="0"/>
</pin_list>
<bind>
<opcode="load(27) " fcode="load"/>
<opset="indvar_flatten14335_load/2 "/>
</bind>
</comp>

<comp id="216" class="1004" name="icmp_ln751_fu_216">
<pin_list>
<pin id="217" dir="0" index="0" bw="15" slack="0"/>
<pin id="218" dir="0" index="1" bw="15" slack="0"/>
<pin id="219" dir="1" index="2" bw="1" slack="1"/>
</pin_list>
<bind>
<opcode="icmp(45) " fcode="icmp"/>
<opset="icmp_ln751/2 "/>
</bind>
</comp>

<comp id="222" class="1004" name="add_ln751_fu_222">
<pin_list>
<pin id="223" dir="0" index="0" bw="15" slack="0"/>
<pin id="224" dir="0" index="1" bw="1" slack="0"/>
<pin id="225" dir="1" index="2" bw="15" slack="0"/>
</pin_list>
<bind>
<opcode="add(8) " fcode="add"/>
<opset="add_ln751/2 "/>
</bind>
</comp>

<comp id="228" class="1004" name="v307_load_load_fu_228">
<pin_list>
<pin id="229" dir="0" index="0" bw="4" slack="1"/>
<pin id="230" dir="1" index="1" bw="4" slack="0"/>
</pin_list>
<bind>
<opcode="load(27) " fcode="load"/>
<opset="v307_load/2 "/>
</bind>
</comp>

<comp id="231" class="1004" name="v306_load_load_fu_231">
<pin_list>
<pin id="232" dir="0" index="0" bw="7" slack="1"/>
<pin id="233" dir="1" index="1" bw="7" slack="0"/>
</pin_list>
<bind>
<opcode="load(27) " fcode="load"/>
<opset="v306_load/2 "/>
</bind>
</comp>

<comp id="234" class="1004" name="add_ln751_1_fu_234">
<pin_list>
<pin id="235" dir="0" index="0" bw="7" slack="0"/>
<pin id="236" dir="0" index="1" bw="1" slack="0"/>
<pin id="237" dir="1" index="2" bw="7" slack="0"/>
</pin_list>
<bind>
<opcode="add(8) " fcode="add"/>
<opset="add_ln751_1/2 "/>
</bind>
</comp>

<comp id="240" class="1004" name="icmp_ln752_fu_240">
<pin_list>
<pin id="241" dir="0" index="0" bw="10" slack="0"/>
<pin id="242" dir="0" index="1" bw="10" slack="0"/>
<pin id="243" dir="1" index="2" bw="1" slack="0"/>
</pin_list>
<bind>
<opcode="icmp(45) " fcode="icmp"/>
<opset="icmp_ln752/2 "/>
</bind>
</comp>

<comp id="246" class="1004" name="select_ln751_2_fu_246">
<pin_list>
<pin id="247" dir="0" index="0" bw="1" slack="0"/>
<pin id="248" dir="0" index="1" bw="4" slack="0"/>
<pin id="249" dir="0" index="2" bw="4" slack="0"/>
<pin id="250" dir="1" index="3" bw="4" slack="0"/>
</pin_list>
<bind>
<opcode="select(49) " fcode="select"/>
<opset="select_ln751_2/2 "/>
</bind>
</comp>

<comp id="254" class="1004" name="or_ln751_fu_254">
<pin_list>
<pin id="255" dir="0" index="0" bw="1" slack="0"/>
<pin id="256" dir="0" index="1" bw="1" slack="0"/>
<pin id="257" dir="1" index="2" bw="1" slack="0"/>
</pin_list>
<bind>
<opcode="or(24) " fcode="or"/>
<opset="or_ln751/2 "/>
</bind>
</comp>

<comp id="260" class="1004" name="xor_ln751_fu_260">
<pin_list>
<pin id="261" dir="0" index="0" bw="1" slack="0"/>
<pin id="262" dir="0" index="1" bw="1" slack="0"/>
<pin id="263" dir="1" index="2" bw="1" slack="0"/>
</pin_list>
<bind>
<opcode="xor(25) " fcode="xor"/>
<opset="xor_ln751/2 "/>
</bind>
</comp>

<comp id="266" class="1004" name="icmp_ln753_fu_266">
<pin_list>
<pin id="267" dir="0" index="0" bw="6" slack="0"/>
<pin id="268" dir="0" index="1" bw="6" slack="0"/>
<pin id="269" dir="1" index="2" bw="1" slack="0"/>
</pin_list>
<bind>
<opcode="icmp(45) " fcode="icmp"/>
<opset="icmp_ln753/2 "/>
</bind>
</comp>

<comp id="272" class="1004" name="and_ln751_fu_272">
<pin_list>
<pin id="273" dir="0" index="0" bw="1" slack="0"/>
<pin id="274" dir="0" index="1" bw="1" slack="0"/>
<pin id="275" dir="1" index="2" bw="1" slack="0"/>
</pin_list>
<bind>
<opcode="and(23) " fcode="and"/>
<opset="and_ln751/2 "/>
</bind>
</comp>

<comp id="278" class="1004" name="select_ln751_fu_278">
<pin_list>
<pin id="279" dir="0" index="0" bw="1" slack="0"/>
<pin id="280" dir="0" index="1" bw="7" slack="0"/>
<pin id="281" dir="0" index="2" bw="7" slack="0"/>
<pin id="282" dir="1" index="3" bw="7" slack="0"/>
</pin_list>
<bind>
<opcode="select(49) " fcode="select"/>
<opset="select_ln751/2 "/>
</bind>
</comp>

<comp id="286" class="1004" name="add_ln752_1_fu_286">
<pin_list>
<pin id="287" dir="0" index="0" bw="4" slack="0"/>
<pin id="288" dir="0" index="1" bw="1" slack="0"/>
<pin id="289" dir="1" index="2" bw="4" slack="0"/>
</pin_list>
<bind>
<opcode="add(8) " fcode="add"/>
<opset="add_ln752_1/2 "/>
</bind>
</comp>

<comp id="292" class="1004" name="first_iter_129_mid2_fu_292">
<pin_list>
<pin id="293" dir="0" index="0" bw="1" slack="0"/>
<pin id="294" dir="0" index="1" bw="1" slack="0"/>
<pin id="295" dir="1" index="2" bw="1" slack="1"/>
</pin_list>
<bind>
<opcode="or(24) " fcode="or"/>
<opset="first_iter_129_mid2/2 "/>
</bind>
</comp>

<comp id="298" class="1004" name="select_ln752_2_fu_298">
<pin_list>
<pin id="299" dir="0" index="0" bw="1" slack="0"/>
<pin id="300" dir="0" index="1" bw="4" slack="0"/>
<pin id="301" dir="0" index="2" bw="4" slack="0"/>
<pin id="302" dir="1" index="3" bw="4" slack="0"/>
</pin_list>
<bind>
<opcode="select(49) " fcode="select"/>
<opset="select_ln752_2/2 "/>
</bind>
</comp>

<comp id="306" class="1004" name="trunc_ln752_fu_306">
<pin_list>
<pin id="307" dir="0" index="0" bw="7" slack="0"/>
<pin id="308" dir="1" index="1" bw="6" slack="0"/>
</pin_list>
<bind>
<opcode="trunc(33) " fcode="trunc"/>
<opset="trunc_ln752/2 "/>
</bind>
</comp>

<comp id="310" class="1004" name="shl_ln753_2_fu_310">
<pin_list>
<pin id="311" dir="0" index="0" bw="15" slack="0"/>
<pin id="312" dir="0" index="1" bw="4" slack="0"/>
<pin id="313" dir="0" index="2" bw="1" slack="0"/>
<pin id="314" dir="1" index="3" bw="15" slack="0"/>
</pin_list>
<bind>
<opcode="bitconcatenate(1004) " fcode="bitconcatenate"/>
<opset="shl_ln753_2/2 "/>
</bind>
</comp>

<comp id="318" class="1004" name="zext_ln753_2_fu_318">
<pin_list>
<pin id="319" dir="0" index="0" bw="15" slack="0"/>
<pin id="320" dir="1" index="1" bw="24" slack="0"/>
</pin_list>
<bind>
<opcode="zext(34) " fcode="zext"/>
<opset="zext_ln753_2/2 "/>
</bind>
</comp>

<comp id="322" class="1004" name="add_ln753_fu_322">
<pin_list>
<pin id="323" dir="0" index="0" bw="15" slack="0"/>
<pin id="324" dir="0" index="1" bw="24" slack="0"/>
<pin id="325" dir="1" index="2" bw="24" slack="0"/>
</pin_list>
<bind>
<opcode="add(8) " fcode="add"/>
<opset="add_ln753/2 "/>
</bind>
</comp>

<comp id="328" class="1004" name="tmp_s_fu_328">
<pin_list>
<pin id="329" dir="0" index="0" bw="13" slack="0"/>
<pin id="330" dir="0" index="1" bw="24" slack="0"/>
<pin id="331" dir="0" index="2" bw="5" slack="0"/>
<pin id="332" dir="0" index="3" bw="6" slack="0"/>
<pin id="333" dir="1" index="4" bw="13" slack="0"/>
</pin_list>
<bind>
<opcode="partselect(1002) " fcode="partselect"/>
<opset="tmp_s/2 "/>
</bind>
</comp>

<comp id="338" class="1004" name="shl_ln753_3_fu_338">
<pin_list>
<pin id="339" dir="0" index="0" bw="26" slack="0"/>
<pin id="340" dir="0" index="1" bw="13" slack="0"/>
<pin id="341" dir="0" index="2" bw="6" slack="0"/>
<pin id="342" dir="0" index="3" bw="1" slack="0"/>
<pin id="343" dir="1" index="4" bw="26" slack="0"/>
</pin_list>
<bind>
<opcode="bitconcatenate(1004) " fcode="bitconcatenate"/>
<opset="shl_ln753_3/2 "/>
</bind>
</comp>

<comp id="348" class="1004" name="zext_ln753_fu_348">
<pin_list>
<pin id="349" dir="0" index="0" bw="26" slack="0"/>
<pin id="350" dir="1" index="1" bw="64" slack="0"/>
</pin_list>
<bind>
<opcode="zext(34) " fcode="zext"/>
<opset="zext_ln753/2 "/>
</bind>
</comp>

<comp id="352" class="1004" name="add_ln753_4_fu_352">
<pin_list>
<pin id="353" dir="0" index="0" bw="26" slack="0"/>
<pin id="354" dir="0" index="1" bw="64" slack="1"/>
<pin id="355" dir="1" index="2" bw="64" slack="0"/>
</pin_list>
<bind>
<opcode="add(8) " fcode="add"/>
<opset="add_ln753_4/2 "/>
</bind>
</comp>

<comp id="357" class="1004" name="trunc_ln753_1_fu_357">
<pin_list>
<pin id="358" dir="0" index="0" bw="62" slack="0"/>
<pin id="359" dir="0" index="1" bw="64" slack="0"/>
<pin id="360" dir="0" index="2" bw="3" slack="0"/>
<pin id="361" dir="0" index="3" bw="7" slack="0"/>
<pin id="362" dir="1" index="4" bw="62" slack="0"/>
</pin_list>
<bind>
<opcode="partselect(1002) " fcode="partselect"/>
<opset="trunc_ln753_1/2 "/>
</bind>
</comp>

<comp id="367" class="1004" name="sext_ln753_fu_367">
<pin_list>
<pin id="368" dir="0" index="0" bw="62" slack="0"/>
<pin id="369" dir="1" index="1" bw="64" slack="0"/>
</pin_list>
<bind>
<opcode="sext(35) " fcode="sext"/>
<opset="sext_ln753/2 "/>
</bind>
</comp>

<comp id="371" class="1004" name="g0_addr_60_fu_371">
<pin_list>
<pin id="372" dir="0" index="0" bw="64" slack="0"/>
<pin id="373" dir="0" index="1" bw="64" slack="0"/>
<pin id="374" dir="1" index="2" bw="64" slack="1"/>
</pin_list>
<bind>
<opcode="getelementptr(29) " fcode="getelementptr"/>
<opset="g0_addr_60/2 "/>
</bind>
</comp>

<comp id="377" class="1004" name="add_ln753_5_fu_377">
<pin_list>
<pin id="378" dir="0" index="0" bw="6" slack="0"/>
<pin id="379" dir="0" index="1" bw="1" slack="0"/>
<pin id="380" dir="1" index="2" bw="6" slack="0"/>
</pin_list>
<bind>
<opcode="add(8) " fcode="add"/>
<opset="add_ln753_5/2 "/>
</bind>
</comp>

<comp id="383" class="1004" name="or_ln753_fu_383">
<pin_list>
<pin id="384" dir="0" index="0" bw="1" slack="0"/>
<pin id="385" dir="0" index="1" bw="1" slack="0"/>
<pin id="386" dir="1" index="2" bw="1" slack="0"/>
</pin_list>
<bind>
<opcode="or(24) " fcode="or"/>
<opset="or_ln753/2 "/>
</bind>
</comp>

<comp id="389" class="1004" name="select_ln753_fu_389">
<pin_list>
<pin id="390" dir="0" index="0" bw="1" slack="0"/>
<pin id="391" dir="0" index="1" bw="6" slack="0"/>
<pin id="392" dir="0" index="2" bw="6" slack="0"/>
<pin id="393" dir="1" index="3" bw="6" slack="0"/>
</pin_list>
<bind>
<opcode="select(49) " fcode="select"/>
<opset="select_ln753/2 "/>
</bind>
</comp>

<comp id="397" class="1004" name="add_ln752_fu_397">
<pin_list>
<pin id="398" dir="0" index="0" bw="10" slack="0"/>
<pin id="399" dir="0" index="1" bw="1" slack="0"/>
<pin id="400" dir="1" index="2" bw="10" slack="0"/>
</pin_list>
<bind>
<opcode="add(8) " fcode="add"/>
<opset="add_ln752/2 "/>
</bind>
</comp>

<comp id="403" class="1004" name="select_ln752_fu_403">
<pin_list>
<pin id="404" dir="0" index="0" bw="1" slack="0"/>
<pin id="405" dir="0" index="1" bw="10" slack="0"/>
<pin id="406" dir="0" index="2" bw="10" slack="0"/>
<pin id="407" dir="1" index="3" bw="10" slack="0"/>
</pin_list>
<bind>
<opcode="select(49) " fcode="select"/>
<opset="select_ln752/2 "/>
</bind>
</comp>

<comp id="411" class="1004" name="store_ln751_store_fu_411">
<pin_list>
<pin id="412" dir="0" index="0" bw="15" slack="0"/>
<pin id="413" dir="0" index="1" bw="15" slack="1"/>
<pin id="414" dir="1" index="2" bw="0" slack="2147483647"/>
</pin_list>
<bind>
<opcode="store(28) " fcode="store"/>
<opset="store_ln751/2 "/>
</bind>
</comp>

<comp id="416" class="1004" name="store_ln751_store_fu_416">
<pin_list>
<pin id="417" dir="0" index="0" bw="7" slack="0"/>
<pin id="418" dir="0" index="1" bw="7" slack="1"/>
<pin id="419" dir="1" index="2" bw="0" slack="2147483647"/>
</pin_list>
<bind>
<opcode="store(28) " fcode="store"/>
<opset="store_ln751/2 "/>
</bind>
</comp>

<comp id="421" class="1004" name="store_ln752_store_fu_421">
<pin_list>
<pin id="422" dir="0" index="0" bw="10" slack="0"/>
<pin id="423" dir="0" index="1" bw="10" slack="1"/>
<pin id="424" dir="1" index="2" bw="0" slack="2147483647"/>
</pin_list>
<bind>
<opcode="store(28) " fcode="store"/>
<opset="store_ln752/2 "/>
</bind>
</comp>

<comp id="426" class="1004" name="store_ln752_store_fu_426">
<pin_list>
<pin id="427" dir="0" index="0" bw="4" slack="0"/>
<pin id="428" dir="0" index="1" bw="4" slack="1"/>
<pin id="429" dir="1" index="2" bw="0" slack="2147483647"/>
</pin_list>
<bind>
<opcode="store(28) " fcode="store"/>
<opset="store_ln752/2 "/>
</bind>
</comp>

<comp id="431" class="1004" name="store_ln753_store_fu_431">
<pin_list>
<pin id="432" dir="0" index="0" bw="6" slack="0"/>
<pin id="433" dir="0" index="1" bw="6" slack="1"/>
<pin id="434" dir="1" index="2" bw="0" slack="2147483647"/>
</pin_list>
<bind>
<opcode="store(28) " fcode="store"/>
<opset="store_ln753/2 "/>
</bind>
</comp>

<comp id="436" class="1004" name="g0_addr_fu_436">
<pin_list>
<pin id="437" dir="0" index="0" bw="64" slack="0"/>
<pin id="438" dir="0" index="1" bw="64" slack="11"/>
<pin id="439" dir="1" index="2" bw="64" slack="0"/>
</pin_list>
<bind>
<opcode="getelementptr(29) " fcode="getelementptr"/>
<opset="g0_addr/12 "/>
</bind>
</comp>

<comp id="442" class="1005" name="v308_1_reg_442">
<pin_list>
<pin id="443" dir="0" index="0" bw="6" slack="0"/>
<pin id="444" dir="1" index="1" bw="6" slack="0"/>
</pin_list>
<bind>
<opset="v308_1 "/>
</bind>
</comp>

<comp id="449" class="1005" name="v307_reg_449">
<pin_list>
<pin id="450" dir="0" index="0" bw="4" slack="0"/>
<pin id="451" dir="1" index="1" bw="4" slack="0"/>
</pin_list>
<bind>
<opset="v307 "/>
</bind>
</comp>

<comp id="456" class="1005" name="indvar_flatten14321_reg_456">
<pin_list>
<pin id="457" dir="0" index="0" bw="10" slack="0"/>
<pin id="458" dir="1" index="1" bw="10" slack="0"/>
</pin_list>
<bind>
<opset="indvar_flatten14321 "/>
</bind>
</comp>

<comp id="463" class="1005" name="v306_reg_463">
<pin_list>
<pin id="464" dir="0" index="0" bw="7" slack="0"/>
<pin id="465" dir="1" index="1" bw="7" slack="0"/>
</pin_list>
<bind>
<opset="v306 "/>
</bind>
</comp>

<comp id="470" class="1005" name="indvar_flatten14335_reg_470">
<pin_list>
<pin id="471" dir="0" index="0" bw="15" slack="0"/>
<pin id="472" dir="1" index="1" bw="15" slack="0"/>
</pin_list>
<bind>
<opset="indvar_flatten14335 "/>
</bind>
</comp>

<comp id="477" class="1005" name="v944_read_reg_477">
<pin_list>
<pin id="478" dir="0" index="0" bw="64" slack="1"/>
<pin id="479" dir="1" index="1" bw="64" slack="1"/>
</pin_list>
<bind>
<opset="v944_read "/>
</bind>
</comp>

<comp id="482" class="1005" name="sext_ln897_cast_reg_482">
<pin_list>
<pin id="483" dir="0" index="0" bw="64" slack="11"/>
<pin id="484" dir="1" index="1" bw="64" slack="11"/>
</pin_list>
<bind>
<opset="sext_ln897_cast "/>
</bind>
</comp>

<comp id="487" class="1005" name="icmp_ln751_reg_487">
<pin_list>
<pin id="488" dir="0" index="0" bw="1" slack="1"/>
<pin id="489" dir="1" index="1" bw="1" slack="2147483647"/>
</pin_list>
<bind>
<opset="icmp_ln751 "/>
</bind>
</comp>

<comp id="491" class="1005" name="first_iter_129_mid2_reg_491">
<pin_list>
<pin id="492" dir="0" index="0" bw="1" slack="1"/>
<pin id="493" dir="1" index="1" bw="1" slack="2147483647"/>
</pin_list>
<bind>
<opset="first_iter_129_mid2 "/>
</bind>
</comp>

<comp id="495" class="1005" name="g0_addr_60_reg_495">
<pin_list>
<pin id="496" dir="0" index="0" bw="32" slack="1"/>
<pin id="497" dir="1" index="1" bw="32" slack="1"/>
</pin_list>
<bind>
<opset="g0_addr_60 "/>
</bind>
</comp>

<comp id="501" class="1005" name="v309_reg_501">
<pin_list>
<pin id="502" dir="0" index="0" bw="32" slack="1"/>
<pin id="503" dir="1" index="1" bw="32" slack="1"/>
</pin_list>
<bind>
<opset="v309 "/>
</bind>
</comp>

</comp_list>

<net_list>
<net id="111"><net_src comp="8" pin="0"/><net_sink comp="108" pin=0"/></net>

<net id="115"><net_src comp="8" pin="0"/><net_sink comp="112" pin=0"/></net>

<net id="119"><net_src comp="8" pin="0"/><net_sink comp="116" pin=0"/></net>

<net id="123"><net_src comp="8" pin="0"/><net_sink comp="120" pin=0"/></net>

<net id="127"><net_src comp="8" pin="0"/><net_sink comp="124" pin=0"/></net>

<net id="132"><net_src comp="10" pin="0"/><net_sink comp="128" pin=0"/></net>

<net id="133"><net_src comp="6" pin="0"/><net_sink comp="128" pin=1"/></net>

<net id="138"><net_src comp="12" pin="0"/><net_sink comp="134" pin=0"/></net>

<net id="139"><net_src comp="4" pin="0"/><net_sink comp="134" pin=1"/></net>

<net id="144"><net_src comp="12" pin="0"/><net_sink comp="140" pin=0"/></net>

<net id="145"><net_src comp="2" pin="0"/><net_sink comp="140" pin=1"/></net>

<net id="151"><net_src comp="88" pin="0"/><net_sink comp="146" pin=0"/></net>

<net id="152"><net_src comp="90" pin="0"/><net_sink comp="146" pin=2"/></net>

<net id="157"><net_src comp="92" pin="0"/><net_sink comp="153" pin=0"/></net>

<net id="164"><net_src comp="104" pin="0"/><net_sink comp="158" pin=0"/></net>

<net id="165"><net_src comp="106" pin="0"/><net_sink comp="158" pin=3"/></net>

<net id="169"><net_src comp="16" pin="0"/><net_sink comp="166" pin=0"/></net>

<net id="176"><net_src comp="166" pin="1"/><net_sink comp="170" pin=0"/></net>

<net id="177"><net_src comp="48" pin="0"/><net_sink comp="170" pin=2"/></net>

<net id="181"><net_src comp="134" pin="2"/><net_sink comp="178" pin=0"/></net>

<net id="186"><net_src comp="38" pin="0"/><net_sink comp="182" pin=0"/></net>

<net id="191"><net_src comp="40" pin="0"/><net_sink comp="187" pin=0"/></net>

<net id="196"><net_src comp="42" pin="0"/><net_sink comp="192" pin=0"/></net>

<net id="201"><net_src comp="44" pin="0"/><net_sink comp="197" pin=0"/></net>

<net id="206"><net_src comp="46" pin="0"/><net_sink comp="202" pin=0"/></net>

<net id="220"><net_src comp="213" pin="1"/><net_sink comp="216" pin=0"/></net>

<net id="221"><net_src comp="52" pin="0"/><net_sink comp="216" pin=1"/></net>

<net id="226"><net_src comp="213" pin="1"/><net_sink comp="222" pin=0"/></net>

<net id="227"><net_src comp="54" pin="0"/><net_sink comp="222" pin=1"/></net>

<net id="238"><net_src comp="231" pin="1"/><net_sink comp="234" pin=0"/></net>

<net id="239"><net_src comp="56" pin="0"/><net_sink comp="234" pin=1"/></net>

<net id="244"><net_src comp="210" pin="1"/><net_sink comp="240" pin=0"/></net>

<net id="245"><net_src comp="58" pin="0"/><net_sink comp="240" pin=1"/></net>

<net id="251"><net_src comp="240" pin="2"/><net_sink comp="246" pin=0"/></net>

<net id="252"><net_src comp="44" pin="0"/><net_sink comp="246" pin=1"/></net>

<net id="253"><net_src comp="228" pin="1"/><net_sink comp="246" pin=2"/></net>

<net id="258"><net_src comp="240" pin="2"/><net_sink comp="254" pin=0"/></net>

<net id="259"><net_src comp="170" pin="4"/><net_sink comp="254" pin=1"/></net>

<net id="264"><net_src comp="240" pin="2"/><net_sink comp="260" pin=0"/></net>

<net id="265"><net_src comp="16" pin="0"/><net_sink comp="260" pin=1"/></net>

<net id="270"><net_src comp="207" pin="1"/><net_sink comp="266" pin=0"/></net>

<net id="271"><net_src comp="60" pin="0"/><net_sink comp="266" pin=1"/></net>

<net id="276"><net_src comp="266" pin="2"/><net_sink comp="272" pin=0"/></net>

<net id="277"><net_src comp="260" pin="2"/><net_sink comp="272" pin=1"/></net>

<net id="283"><net_src comp="240" pin="2"/><net_sink comp="278" pin=0"/></net>

<net id="284"><net_src comp="234" pin="2"/><net_sink comp="278" pin=1"/></net>

<net id="285"><net_src comp="231" pin="1"/><net_sink comp="278" pin=2"/></net>

<net id="290"><net_src comp="246" pin="3"/><net_sink comp="286" pin=0"/></net>

<net id="291"><net_src comp="62" pin="0"/><net_sink comp="286" pin=1"/></net>

<net id="296"><net_src comp="272" pin="2"/><net_sink comp="292" pin=0"/></net>

<net id="297"><net_src comp="254" pin="2"/><net_sink comp="292" pin=1"/></net>

<net id="303"><net_src comp="272" pin="2"/><net_sink comp="298" pin=0"/></net>

<net id="304"><net_src comp="286" pin="2"/><net_sink comp="298" pin=1"/></net>

<net id="305"><net_src comp="246" pin="3"/><net_sink comp="298" pin=2"/></net>

<net id="309"><net_src comp="278" pin="3"/><net_sink comp="306" pin=0"/></net>

<net id="315"><net_src comp="64" pin="0"/><net_sink comp="310" pin=0"/></net>

<net id="316"><net_src comp="298" pin="3"/><net_sink comp="310" pin=1"/></net>

<net id="317"><net_src comp="66" pin="0"/><net_sink comp="310" pin=2"/></net>

<net id="321"><net_src comp="310" pin="3"/><net_sink comp="318" pin=0"/></net>

<net id="326"><net_src comp="318" pin="1"/><net_sink comp="322" pin=0"/></net>

<net id="327"><net_src comp="68" pin="0"/><net_sink comp="322" pin=1"/></net>

<net id="334"><net_src comp="70" pin="0"/><net_sink comp="328" pin=0"/></net>

<net id="335"><net_src comp="322" pin="2"/><net_sink comp="328" pin=1"/></net>

<net id="336"><net_src comp="72" pin="0"/><net_sink comp="328" pin=2"/></net>

<net id="337"><net_src comp="74" pin="0"/><net_sink comp="328" pin=3"/></net>

<net id="344"><net_src comp="76" pin="0"/><net_sink comp="338" pin=0"/></net>

<net id="345"><net_src comp="328" pin="4"/><net_sink comp="338" pin=1"/></net>

<net id="346"><net_src comp="306" pin="1"/><net_sink comp="338" pin=2"/></net>

<net id="347"><net_src comp="40" pin="0"/><net_sink comp="338" pin=3"/></net>

<net id="351"><net_src comp="338" pin="4"/><net_sink comp="348" pin=0"/></net>

<net id="356"><net_src comp="348" pin="1"/><net_sink comp="352" pin=0"/></net>

<net id="363"><net_src comp="78" pin="0"/><net_sink comp="357" pin=0"/></net>

<net id="364"><net_src comp="352" pin="2"/><net_sink comp="357" pin=1"/></net>

<net id="365"><net_src comp="80" pin="0"/><net_sink comp="357" pin=2"/></net>

<net id="366"><net_src comp="82" pin="0"/><net_sink comp="357" pin=3"/></net>

<net id="370"><net_src comp="357" pin="4"/><net_sink comp="367" pin=0"/></net>

<net id="375"><net_src comp="0" pin="0"/><net_sink comp="371" pin=0"/></net>

<net id="376"><net_src comp="367" pin="1"/><net_sink comp="371" pin=1"/></net>

<net id="381"><net_src comp="207" pin="1"/><net_sink comp="377" pin=0"/></net>

<net id="382"><net_src comp="84" pin="0"/><net_sink comp="377" pin=1"/></net>

<net id="387"><net_src comp="272" pin="2"/><net_sink comp="383" pin=0"/></net>

<net id="388"><net_src comp="240" pin="2"/><net_sink comp="383" pin=1"/></net>

<net id="394"><net_src comp="383" pin="2"/><net_sink comp="389" pin=0"/></net>

<net id="395"><net_src comp="84" pin="0"/><net_sink comp="389" pin=1"/></net>

<net id="396"><net_src comp="377" pin="2"/><net_sink comp="389" pin=2"/></net>

<net id="401"><net_src comp="210" pin="1"/><net_sink comp="397" pin=0"/></net>

<net id="402"><net_src comp="86" pin="0"/><net_sink comp="397" pin=1"/></net>

<net id="408"><net_src comp="240" pin="2"/><net_sink comp="403" pin=0"/></net>

<net id="409"><net_src comp="86" pin="0"/><net_sink comp="403" pin=1"/></net>

<net id="410"><net_src comp="397" pin="2"/><net_sink comp="403" pin=2"/></net>

<net id="415"><net_src comp="222" pin="2"/><net_sink comp="411" pin=0"/></net>

<net id="420"><net_src comp="278" pin="3"/><net_sink comp="416" pin=0"/></net>

<net id="425"><net_src comp="403" pin="3"/><net_sink comp="421" pin=0"/></net>

<net id="430"><net_src comp="298" pin="3"/><net_sink comp="426" pin=0"/></net>

<net id="435"><net_src comp="389" pin="3"/><net_sink comp="431" pin=0"/></net>

<net id="440"><net_src comp="0" pin="0"/><net_sink comp="436" pin=0"/></net>

<net id="441"><net_src comp="436" pin="2"/><net_sink comp="158" pin=1"/></net>

<net id="445"><net_src comp="108" pin="1"/><net_sink comp="442" pin=0"/></net>

<net id="446"><net_src comp="442" pin="1"/><net_sink comp="202" pin=1"/></net>

<net id="447"><net_src comp="442" pin="1"/><net_sink comp="207" pin=0"/></net>

<net id="448"><net_src comp="442" pin="1"/><net_sink comp="431" pin=1"/></net>

<net id="452"><net_src comp="112" pin="1"/><net_sink comp="449" pin=0"/></net>

<net id="453"><net_src comp="449" pin="1"/><net_sink comp="197" pin=1"/></net>

<net id="454"><net_src comp="449" pin="1"/><net_sink comp="228" pin=0"/></net>

<net id="455"><net_src comp="449" pin="1"/><net_sink comp="426" pin=1"/></net>

<net id="459"><net_src comp="116" pin="1"/><net_sink comp="456" pin=0"/></net>

<net id="460"><net_src comp="456" pin="1"/><net_sink comp="192" pin=1"/></net>

<net id="461"><net_src comp="456" pin="1"/><net_sink comp="210" pin=0"/></net>

<net id="462"><net_src comp="456" pin="1"/><net_sink comp="421" pin=1"/></net>

<net id="466"><net_src comp="120" pin="1"/><net_sink comp="463" pin=0"/></net>

<net id="467"><net_src comp="463" pin="1"/><net_sink comp="187" pin=1"/></net>

<net id="468"><net_src comp="463" pin="1"/><net_sink comp="231" pin=0"/></net>

<net id="469"><net_src comp="463" pin="1"/><net_sink comp="416" pin=1"/></net>

<net id="473"><net_src comp="124" pin="1"/><net_sink comp="470" pin=0"/></net>

<net id="474"><net_src comp="470" pin="1"/><net_sink comp="182" pin=1"/></net>

<net id="475"><net_src comp="470" pin="1"/><net_sink comp="213" pin=0"/></net>

<net id="476"><net_src comp="470" pin="1"/><net_sink comp="411" pin=1"/></net>

<net id="480"><net_src comp="128" pin="2"/><net_sink comp="477" pin=0"/></net>

<net id="481"><net_src comp="477" pin="1"/><net_sink comp="352" pin=1"/></net>

<net id="485"><net_src comp="178" pin="1"/><net_sink comp="482" pin=0"/></net>

<net id="486"><net_src comp="482" pin="1"/><net_sink comp="436" pin=1"/></net>

<net id="490"><net_src comp="216" pin="2"/><net_sink comp="487" pin=0"/></net>

<net id="494"><net_src comp="292" pin="2"/><net_sink comp="491" pin=0"/></net>

<net id="498"><net_src comp="371" pin="2"/><net_sink comp="495" pin=0"/></net>

<net id="499"><net_src comp="495" pin="1"/><net_sink comp="146" pin=1"/></net>

<net id="500"><net_src comp="495" pin="1"/><net_sink comp="153" pin=1"/></net>

<net id="504"><net_src comp="153" pin="2"/><net_sink comp="501" pin=0"/></net>

<net id="505"><net_src comp="501" pin="1"/><net_sink comp="158" pin=2"/></net>

</net_list>

</model> 
---------------- Datapath Model END ------------------

* FSMD analyzer results:
  - Output states:
	Port: g0 | {12 }
 - Input state : 
	Port: control_Pipeline_VITIS_LOOP_751_1_VITIS_LOOP_752_2_VITIS_LOOP_753_314 : g0 | {3 4 5 6 7 8 9 10 11 }
	Port: control_Pipeline_VITIS_LOOP_751_1_VITIS_LOOP_752_2_VITIS_LOOP_753_314 : sext_ln755 | {1 }
	Port: control_Pipeline_VITIS_LOOP_751_1_VITIS_LOOP_752_2_VITIS_LOOP_753_314 : sext_ln897 | {1 }
	Port: control_Pipeline_VITIS_LOOP_751_1_VITIS_LOOP_752_2_VITIS_LOOP_753_314 : v944 | {1 }
  - Chain level:
	State 1
		store_ln0 : 1
		store_ln751 : 1
		store_ln0 : 1
		store_ln752 : 1
		store_ln753 : 1
	State 2
		icmp_ln751 : 1
		add_ln751 : 1
		br_ln751 : 2
		add_ln751_1 : 1
		icmp_ln752 : 1
		select_ln751_2 : 2
		or_ln751 : 2
		xor_ln751 : 2
		icmp_ln753 : 1
		and_ln751 : 2
		select_ln751 : 2
		add_ln752_1 : 3
		first_iter_129_mid2 : 2
		select_ln752_2 : 2
		trunc_ln752 : 3
		shl_ln753_2 : 3
		zext_ln753_2 : 4
		add_ln753 : 5
		tmp_s : 6
		shl_ln753_3 : 7
		zext_ln753 : 8
		add_ln753_4 : 9
		trunc_ln753_1 : 10
		sext_ln753 : 11
		g0_addr_60 : 12
		br_ln753 : 2
		add_ln753_5 : 1
		or_ln753 : 2
		select_ln753 : 2
		add_ln752 : 1
		select_ln752 : 2
		store_ln751 : 2
		store_ln751 : 3
		store_ln752 : 3
		store_ln752 : 3
		store_ln753 : 3
	State 3
	State 4
	State 5
	State 6
	State 7
	State 8
	State 9
	State 10
	State 11
	State 12
		write_ln758 : 1


============================================================
+ Verbose Summary: Datapath Resource usage 
============================================================

* Functional unit list:
|----------|-----------------------------|---------|---------|
| Operation|       Functional Unit       |    FF   |   LUT   |
|----------|-----------------------------|---------|---------|
|          |       add_ln751_fu_222      |    0    |    22   |
|          |      add_ln751_1_fu_234     |    0    |    14   |
|          |      add_ln752_1_fu_286     |    0    |    12   |
|    add   |       add_ln753_fu_322      |    0    |    31   |
|          |      add_ln753_4_fu_352     |    0    |    71   |
|          |      add_ln753_5_fu_377     |    0    |    13   |
|          |       add_ln752_fu_397      |    0    |    17   |
|----------|-----------------------------|---------|---------|
|          |      icmp_ln751_fu_216      |    0    |    22   |
|   icmp   |      icmp_ln752_fu_240      |    0    |    17   |
|          |      icmp_ln753_fu_266      |    0    |    13   |
|----------|-----------------------------|---------|---------|
|          |    select_ln751_2_fu_246    |    0    |    4    |
|          |     select_ln751_fu_278     |    0    |    7    |
|  select  |    select_ln752_2_fu_298    |    0    |    4    |
|          |     select_ln753_fu_389     |    0    |    6    |
|          |     select_ln752_fu_403     |    0    |    10   |
|----------|-----------------------------|---------|---------|
|          |       or_ln751_fu_254       |    0    |    2    |
|    or    |  first_iter_129_mid2_fu_292 |    0    |    2    |
|          |       or_ln753_fu_383       |    0    |    2    |
|----------|-----------------------------|---------|---------|
|    xor   |       xor_ln751_fu_260      |    0    |    2    |
|----------|-----------------------------|---------|---------|
|    and   |       and_ln751_fu_272      |    0    |    2    |
|----------|-----------------------------|---------|---------|
|          |    v944_read_read_fu_128    |    0    |    0    |
|   read   | sext_ln897_read_read_fu_134 |    0    |    0    |
|          |   sext_ln7554_read_fu_140   |    0    |    0    |
|          |       v309_read_fu_153      |    0    |    0    |
|----------|-----------------------------|---------|---------|
|  readreq |      grp_readreq_fu_146     |    0    |    0    |
|----------|-----------------------------|---------|---------|
|   write  |   write_ln758_write_fu_158  |    0    |    0    |
|----------|-----------------------------|---------|---------|
|   sext   |    sext_ln897_cast_fu_178   |    0    |    0    |
|          |      sext_ln753_fu_367      |    0    |    0    |
|----------|-----------------------------|---------|---------|
|   trunc  |      trunc_ln752_fu_306     |    0    |    0    |
|----------|-----------------------------|---------|---------|
|bitconcatenate|      shl_ln753_2_fu_310     |    0    |    0    |
|          |      shl_ln753_3_fu_338     |    0    |    0    |
|----------|-----------------------------|---------|---------|
|   zext   |     zext_ln753_2_fu_318     |    0    |    0    |
|          |      zext_ln753_fu_348      |    0    |    0    |
|----------|-----------------------------|---------|---------|
|partselect|         tmp_s_fu_328        |    0    |    0    |
|          |     trunc_ln753_1_fu_357    |    0    |    0    |
|----------|-----------------------------|---------|---------|
|   Total  |                             |    0    |   273   |
|----------|-----------------------------|---------|---------|

Memories:
N/A

* Register list:
+---------------------------+--------+
|                           |   FF   |
+---------------------------+--------+
|first_iter_129_mid2_reg_491|    1   |
|   first_iter_129_reg_166  |    1   |
|     g0_addr_60_reg_495    |   32   |
|     icmp_ln751_reg_487    |    1   |
|indvar_flatten14321_reg_456|   10   |
|indvar_flatten14335_reg_470|   15   |
|  sext_ln897_cast_reg_482  |   64   |
|        v306_reg_463       |    7   |
|        v307_reg_449       |    4   |
|       v308_1_reg_442      |    6   |
|        v309_reg_501       |   32   |
|     v944_read_reg_477     |   64   |
+---------------------------+--------+
|           Total           |   237  |
+---------------------------+--------+

* Multiplexer (MUX) list: 
|--------|------|------|------|--------|
|  Comp  |  Pin | Size |  BW  | S x BW |
|--------|------|------|------|--------|
|  Total |      |      |      |    0   |
|--------|------|------|------|--------|



* Summary:
+-----------+--------+--------+
|           |   FF   |   LUT  |
+-----------+--------+--------+
|  Function |    0   |   273  |
|   Memory  |    -   |    -   |
|Multiplexer|    -   |    -   |
|  Register |   237  |    -   |
+-----------+--------+--------+
|   Total   |   237  |   273  |
+-----------+--------+--------+
