

================================================================
== Vitis HLS Report for 'control_Pipeline_VITIS_LOOP_1955_1_VITIS_LOOP_1956_2_VITIS_LOOP_1957_3'
================================================================
* Date:           Sun Jul 12 20:26:04 2026

* Version:        2025.2 (Build 6295257 on Nov 14 2025)
* Project:        spikingformer_proj
* Solution:       solution1 (Vivado IP Flow Target)
* Product family: zynquplus
* Target device:  xczu7ev-ffvc1156-2-e


================================================================
== Performance Estimates
================================================================
+ Timing: 
    * Summary: 
    +--------+----------+----------+------------+
    |  Clock |  Target  | Estimated| Uncertainty|
    +--------+----------+----------+------------+
    |ap_clk  |  10.00 ns|  7.300 ns|     2.70 ns|
    +--------+----------+----------+------------+

+ Latency: 
    * Summary: 
    +---------+---------+----------+----------+-----+-----+-------------------+
    |  Latency (cycles) |  Latency (absolute) |  Interval |      Pipeline     |
    |   min   |   max   |    min   |    max   | min | max |        Type       |
    +---------+---------+----------+----------+-----+-----+-------------------+
    |   196628|   196628|  1.966 ms|  1.966 ms|    0|    0|  loop pipeline stp|
    +---------+---------+----------+----------+-----+-----+-------------------+

    + Detail: 
        * Instance: 
        N/A

        * Loop: 
        +---------------------------------------------------------+---------+---------+----------+-----------+-----------+-------+----------+
        |                                                         |  Latency (cycles) | Iteration|  Initiation Interval  |  Trip |          |
        |                        Loop Name                        |   min   |   max   |  Latency |  achieved |   target  | Count | Pipelined|
        +---------------------------------------------------------+---------+---------+----------+-----------+-----------+-------+----------+
        |- VITIS_LOOP_1955_1_VITIS_LOOP_1956_2_VITIS_LOOP_1957_3  |   196626|   196626|        21|          2|          1|  98304|       yes|
        +---------------------------------------------------------+---------+---------+----------+-----------+-----------+-------+----------+

============================================================
+ Verbose Summary: Synthesis Manager
============================================================
InlineROM: 1
ExposeGlobal: 0
============================================================
+ Verbose Summary: CDFG Model
============================================================
IsTopModel: 0
ResetActiveHigh: 1
IsCombinational: 0
IsDatapathOnly: 0
HasWiredReturn: 1
HasMFsm: 2
HasVarLatency: 1
IsPipeline: 0
IsRtlPipelined: 0
IsInstanceOverlapped: 0
IsDontTouch: 0
HasImplIP: 0
IsGatedGlobalClock: 0

+ Individual pipeline summary: 
  * Pipeline-0: initiation interval (II) = 2, depth = 22


============================================================
+ Verbose Summary: Schedule
============================================================
* Number of FSM states : 22
* Pipeline : 1
  Pipeline-0 : II = 2, D = 22, States = { 1 2 3 4 5 6 7 8 9 10 11 12 13 14 15 16 17 18 19 20 21 22 }
* Dataflow Pipeline: 0

* FSM state transitions: 
1 --> 2 
2 --> 3 
3 --> 4 
4 --> 5 
5 --> 6 
6 --> 7 
7 --> 8 
8 --> 9 
9 --> 10 
10 --> 11 
11 --> 12 
12 --> 13 
13 --> 14 
14 --> 15 
15 --> 16 
16 --> 17 
17 --> 18 
18 --> 19 
19 --> 20 
20 --> 21 
21 --> 22 
22 --> 

* FSM state operations: 

State 1 <SV = 0> <Delay = 0.42>
ST_1 : Operation 24 [1/1] (0.00ns)   --->   "%v802 = alloca i32 1" [spikingformer_official.cpp:1957->spikingformer_official.cpp:2369]   --->   Operation 24 'alloca' 'v802' <Predicate = true> <Delay = 0.00>
ST_1 : Operation 25 [1/1] (0.00ns)   --->   "%v801 = alloca i32 1" [spikingformer_official.cpp:1956->spikingformer_official.cpp:2369]   --->   Operation 25 'alloca' 'v801' <Predicate = true> <Delay = 0.00>
ST_1 : Operation 26 [1/1] (0.00ns)   --->   "%indvar_flatten13024 = alloca i32 1"   --->   Operation 26 'alloca' 'indvar_flatten13024' <Predicate = true> <Delay = 0.00>
ST_1 : Operation 27 [1/1] (0.00ns)   --->   "%v800 = alloca i32 1" [spikingformer_official.cpp:1955->spikingformer_official.cpp:2369]   --->   Operation 27 'alloca' 'v800' <Predicate = true> <Delay = 0.00>
ST_1 : Operation 28 [1/1] (0.00ns)   --->   "%indvar_flatten13037 = alloca i32 1"   --->   Operation 28 'alloca' 'indvar_flatten13037' <Predicate = true> <Delay = 0.00>
ST_1 : Operation 29 [1/1] (0.00ns)   --->   "%sext_ln229910 = read i62 @_ssdm_op_Read.ap_auto.i62, i62 %sext_ln2299"   --->   Operation 29 'read' 'sext_ln229910' <Predicate = true> <Delay = 0.00>
ST_1 : Operation 30 [1/1] (0.00ns)   --->   "%sext_ln22659 = read i62 @_ssdm_op_Read.ap_auto.i62, i62 %sext_ln2265"   --->   Operation 30 'read' 'sext_ln22659' <Predicate = true> <Delay = 0.00>
ST_1 : Operation 31 [1/1] (0.00ns)   --->   "%sext_ln18778 = read i62 @_ssdm_op_Read.ap_auto.i62, i62 %sext_ln1877"   --->   Operation 31 'read' 'sext_ln18778' <Predicate = true> <Delay = 0.00>
ST_1 : Operation 32 [1/1] (0.00ns)   --->   "%sext_ln2299_1_read = read i62 @_ssdm_op_Read.ap_auto.i62, i62 %sext_ln2299_1"   --->   Operation 32 'read' 'sext_ln2299_1_read' <Predicate = true> <Delay = 0.00>
ST_1 : Operation 33 [1/1] (0.00ns)   --->   "%v945_read = read i64 @_ssdm_op_Read.ap_auto.i64, i64 %v945"   --->   Operation 33 'read' 'v945_read' <Predicate = true> <Delay = 0.00>
ST_1 : Operation 34 [1/1] (0.00ns)   --->   "%sext_ln2299_1_cast = sext i62 %sext_ln2299_1_read"   --->   Operation 34 'sext' 'sext_ln2299_1_cast' <Predicate = true> <Delay = 0.00>
ST_1 : Operation 35 [1/1] (0.00ns)   --->   "%specstablecontent_ln0 = specstablecontent void @_ssdm_op_SpecStableContent, i32 %g0, i1 1, void "   --->   Operation 35 'specstablecontent' 'specstablecontent_ln0' <Predicate = true> <Delay = 0.00>
ST_1 : Operation 36 [1/1] (0.00ns)   --->   "%specinterface_ln0 = specinterface void @_ssdm_op_SpecInterface, i32 %g0, void @empty_26, i32 0, i32 0, void @empty_35, i32 0, i32 0, void @empty_22, void @empty_25, void @empty_35, i32 16, i32 16, i32 16, i32 16, void @empty_35, void @empty_35, i32 4294967295, i32 0, i32 0, i32 4"   --->   Operation 36 'specinterface' 'specinterface_ln0' <Predicate = true> <Delay = 0.00>
ST_1 : Operation 37 [1/1] (0.42ns)   --->   "%store_ln0 = store i17 0, i17 %indvar_flatten13037"   --->   Operation 37 'store' 'store_ln0' <Predicate = true> <Delay = 0.42>
ST_1 : Operation 38 [1/1] (0.42ns)   --->   "%store_ln1955 = store i7 0, i7 %v800" [spikingformer_official.cpp:1955->spikingformer_official.cpp:2369]   --->   Operation 38 'store' 'store_ln1955' <Predicate = true> <Delay = 0.42>
ST_1 : Operation 39 [1/1] (0.42ns)   --->   "%store_ln0 = store i12 0, i12 %indvar_flatten13024"   --->   Operation 39 'store' 'store_ln0' <Predicate = true> <Delay = 0.42>
ST_1 : Operation 40 [1/1] (0.42ns)   --->   "%store_ln1956 = store i6 0, i6 %v801" [spikingformer_official.cpp:1956->spikingformer_official.cpp:2369]   --->   Operation 40 'store' 'store_ln1956' <Predicate = true> <Delay = 0.42>
ST_1 : Operation 41 [1/1] (0.42ns)   --->   "%store_ln1957 = store i6 0, i6 %v802" [spikingformer_official.cpp:1957->spikingformer_official.cpp:2369]   --->   Operation 41 'store' 'store_ln1957' <Predicate = true> <Delay = 0.42>
ST_1 : Operation 42 [1/1] (0.00ns)   --->   "%br_ln0 = br void %for.inc.i276"   --->   Operation 42 'br' 'br_ln0' <Predicate = true> <Delay = 0.00>

State 2 <SV = 1> <Delay = 5.23>
ST_2 : Operation 43 [1/1] (0.00ns)   --->   "%indvar_flatten13024_load = load i12 %indvar_flatten13024" [spikingformer_official.cpp:1956->spikingformer_official.cpp:2369]   --->   Operation 43 'load' 'indvar_flatten13024_load' <Predicate = true> <Delay = 0.00>
ST_2 : Operation 44 [1/1] (0.00ns)   --->   "%indvar_flatten13037_load = load i17 %indvar_flatten13037" [spikingformer_official.cpp:1955->spikingformer_official.cpp:2369]   --->   Operation 44 'load' 'indvar_flatten13037_load' <Predicate = true> <Delay = 0.00>
ST_2 : Operation 45 [1/1] (0.00ns)   --->   "%specbitsmap_ln0 = specbitsmap void @_ssdm_op_SpecBitsMap, i32 %g0"   --->   Operation 45 'specbitsmap' 'specbitsmap_ln0' <Predicate = true> <Delay = 0.00>
ST_2 : Operation 46 [1/1] (0.86ns)   --->   "%icmp_ln1955 = icmp_eq  i17 %indvar_flatten13037_load, i17 98304" [spikingformer_official.cpp:1955->spikingformer_official.cpp:2369]   --->   Operation 46 'icmp' 'icmp_ln1955' <Predicate = true> <Delay = 0.86> <CoreInst = "Cmp">   --->   Core 9 'Cmp' <Latency = 0> <II = 1> <Delay = 0.86> <FuncUnit> <Opcode : 'seteq' 'setne' 'setle' 'setge' 'setlt' 'setgt'> <InPorts = 2> <OutPorts = 1>
ST_2 : Operation 47 [1/1] (0.86ns)   --->   "%add_ln1955_1 = add i17 %indvar_flatten13037_load, i17 1" [spikingformer_official.cpp:1955->spikingformer_official.cpp:2369]   --->   Operation 47 'add' 'add_ln1955_1' <Predicate = true> <Delay = 0.86> <CoreInst = "Adder">   --->   Core 1 'Adder' <Latency = 0> <II = 1> <Delay = 0.86> <FuncUnit> <Opcode : 'add' 'sub'> <InPorts = 2> <OutPorts = 1>
ST_2 : Operation 48 [1/1] (0.00ns)   --->   "%br_ln1955 = br i1 %icmp_ln1955, void %for.inc32.i282, void %_Z9kernel579PA96_A32_A32_fS2_S2_.exit.exitStub" [spikingformer_official.cpp:1955->spikingformer_official.cpp:2369]   --->   Operation 48 'br' 'br_ln1955' <Predicate = true> <Delay = 0.00>
ST_2 : Operation 49 [1/1] (0.00ns)   --->   "%v802_load = load i6 %v802" [spikingformer_official.cpp:1957->spikingformer_official.cpp:2369]   --->   Operation 49 'load' 'v802_load' <Predicate = (!icmp_ln1955)> <Delay = 0.00>
ST_2 : Operation 50 [1/1] (0.00ns)   --->   "%v801_load = load i6 %v801" [spikingformer_official.cpp:1955->spikingformer_official.cpp:2369]   --->   Operation 50 'load' 'v801_load' <Predicate = (!icmp_ln1955)> <Delay = 0.00>
ST_2 : Operation 51 [1/1] (0.00ns)   --->   "%v800_load = load i7 %v800" [spikingformer_official.cpp:1955->spikingformer_official.cpp:2369]   --->   Operation 51 'load' 'v800_load' <Predicate = (!icmp_ln1955)> <Delay = 0.00>
ST_2 : Operation 52 [1/1] (0.77ns)   --->   "%add_ln1955 = add i7 %v800_load, i7 1" [spikingformer_official.cpp:1955->spikingformer_official.cpp:2369]   --->   Operation 52 'add' 'add_ln1955' <Predicate = (!icmp_ln1955)> <Delay = 0.77> <CoreInst = "Adder">   --->   Core 1 'Adder' <Latency = 0> <II = 1> <Delay = 0.77> <FuncUnit> <Opcode : 'add' 'sub'> <InPorts = 2> <OutPorts = 1>
ST_2 : Operation 53 [1/1] (0.00ns)   --->   "%specloopname_ln0 = specloopname void @_ssdm_op_SpecLoopName, void @VITIS_LOOP_1955_1_VITIS_LOOP_1956_2_VITIS_LOOP_1957_3_str"   --->   Operation 53 'specloopname' 'specloopname_ln0' <Predicate = (!icmp_ln1955)> <Delay = 0.00>
ST_2 : Operation 54 [1/1] (0.00ns)   --->   "%speclooptripcount_ln0 = speclooptripcount void @_ssdm_op_SpecLoopTripCount, i64 98304, i64 98304, i64 98304"   --->   Operation 54 'speclooptripcount' 'speclooptripcount_ln0' <Predicate = (!icmp_ln1955)> <Delay = 0.00>
ST_2 : Operation 55 [1/1] (0.80ns)   --->   "%icmp_ln1956 = icmp_eq  i12 %indvar_flatten13024_load, i12 1024" [spikingformer_official.cpp:1956->spikingformer_official.cpp:2369]   --->   Operation 55 'icmp' 'icmp_ln1956' <Predicate = (!icmp_ln1955)> <Delay = 0.80> <CoreInst = "Cmp">   --->   Core 9 'Cmp' <Latency = 0> <II = 1> <Delay = 0.80> <FuncUnit> <Opcode : 'seteq' 'setne' 'setle' 'setge' 'setlt' 'setgt'> <InPorts = 2> <OutPorts = 1>
ST_2 : Operation 56 [1/1] (0.38ns)   --->   "%select_ln1955 = select i1 %icmp_ln1956, i6 0, i6 %v801_load" [spikingformer_official.cpp:1955->spikingformer_official.cpp:2369]   --->   Operation 56 'select' 'select_ln1955' <Predicate = (!icmp_ln1955)> <Delay = 0.38> <CoreInst = "Sel">   --->   Core 73 'Sel' <Latency = 0> <II = 1> <Delay = 0.38> <FuncUnit> <Opcode : 'select'> <InPorts = 3> <OutPorts = 1>
ST_2 : Operation 57 [1/1] (0.00ns) (grouped into LUT with out node and_ln1955)   --->   "%xor_ln1955 = xor i1 %icmp_ln1956, i1 1" [spikingformer_official.cpp:1955->spikingformer_official.cpp:2369]   --->   Operation 57 'xor' 'xor_ln1955' <Predicate = (!icmp_ln1955)> <Delay = 0.00> <CoreInst = "LogicGate">   --->   Core 74 'LogicGate' <Latency = 0> <II = 1> <Delay = 0.28> <FuncUnit> <Opcode : 'and' 'or' 'xor'> <InPorts = 2> <OutPorts = 1>
ST_2 : Operation 58 [1/1] (0.78ns)   --->   "%icmp_ln1957 = icmp_eq  i6 %v802_load, i6 32" [spikingformer_official.cpp:1957->spikingformer_official.cpp:2369]   --->   Operation 58 'icmp' 'icmp_ln1957' <Predicate = (!icmp_ln1955)> <Delay = 0.78> <CoreInst = "Cmp">   --->   Core 9 'Cmp' <Latency = 0> <II = 1> <Delay = 0.78> <FuncUnit> <Opcode : 'seteq' 'setne' 'setle' 'setge' 'setlt' 'setgt'> <InPorts = 2> <OutPorts = 1>
ST_2 : Operation 59 [1/1] (0.28ns) (out node of the LUT)   --->   "%and_ln1955 = and i1 %icmp_ln1957, i1 %xor_ln1955" [spikingformer_official.cpp:1955->spikingformer_official.cpp:2369]   --->   Operation 59 'and' 'and_ln1955' <Predicate = (!icmp_ln1955)> <Delay = 0.28> <CoreInst = "LogicGate">   --->   Core 74 'LogicGate' <Latency = 0> <II = 1> <Delay = 0.28> <FuncUnit> <Opcode : 'and' 'or' 'xor'> <InPorts = 2> <OutPorts = 1>
ST_2 : Operation 60 [1/1] (0.36ns)   --->   "%select_ln1955_1 = select i1 %icmp_ln1956, i7 %add_ln1955, i7 %v800_load" [spikingformer_official.cpp:1955->spikingformer_official.cpp:2369]   --->   Operation 60 'select' 'select_ln1955_1' <Predicate = (!icmp_ln1955)> <Delay = 0.36> <CoreInst = "Sel">   --->   Core 73 'Sel' <Latency = 0> <II = 1> <Delay = 0.36> <FuncUnit> <Opcode : 'select'> <InPorts = 3> <OutPorts = 1>
ST_2 : Operation 61 [1/1] (0.78ns)   --->   "%add_ln1956 = add i6 %select_ln1955, i6 1" [spikingformer_official.cpp:1956->spikingformer_official.cpp:2369]   --->   Operation 61 'add' 'add_ln1956' <Predicate = (!icmp_ln1955)> <Delay = 0.78> <CoreInst = "Adder">   --->   Core 1 'Adder' <Latency = 0> <II = 1> <Delay = 0.78> <FuncUnit> <Opcode : 'add' 'sub'> <InPorts = 2> <OutPorts = 1>
ST_2 : Operation 62 [1/1] (0.00ns) (grouped into LUT with out node v802_mid2)   --->   "%empty_101 = or i1 %and_ln1955, i1 %icmp_ln1956" [spikingformer_official.cpp:1955->spikingformer_official.cpp:2369]   --->   Operation 62 'or' 'empty_101' <Predicate = (!icmp_ln1955)> <Delay = 0.00> <CoreInst = "LogicGate">   --->   Core 74 'LogicGate' <Latency = 0> <II = 1> <Delay = 0.28> <FuncUnit> <Opcode : 'and' 'or' 'xor'> <InPorts = 2> <OutPorts = 1>
ST_2 : Operation 63 [1/1] (0.38ns) (out node of the LUT)   --->   "%v802_mid2 = select i1 %empty_101, i6 0, i6 %v802_load" [spikingformer_official.cpp:1955->spikingformer_official.cpp:2369]   --->   Operation 63 'select' 'v802_mid2' <Predicate = (!icmp_ln1955)> <Delay = 0.38> <CoreInst = "Sel">   --->   Core 73 'Sel' <Latency = 0> <II = 1> <Delay = 0.38> <FuncUnit> <Opcode : 'select'> <InPorts = 3> <OutPorts = 1>
ST_2 : Operation 64 [1/1] (0.38ns)   --->   "%select_ln1956 = select i1 %and_ln1955, i6 %add_ln1956, i6 %select_ln1955" [spikingformer_official.cpp:1956->spikingformer_official.cpp:2369]   --->   Operation 64 'select' 'select_ln1956' <Predicate = (!icmp_ln1955)> <Delay = 0.38> <CoreInst = "Sel">   --->   Core 73 'Sel' <Latency = 0> <II = 1> <Delay = 0.38> <FuncUnit> <Opcode : 'select'> <InPorts = 3> <OutPorts = 1>
ST_2 : Operation 65 [1/1] (0.78ns)   --->   "%first_iter_34 = icmp_eq  i6 %v802_mid2, i6 0" [spikingformer_official.cpp:1955->spikingformer_official.cpp:2369]   --->   Operation 65 'icmp' 'first_iter_34' <Predicate = (!icmp_ln1955)> <Delay = 0.78> <CoreInst = "Cmp">   --->   Core 9 'Cmp' <Latency = 0> <II = 1> <Delay = 0.78> <FuncUnit> <Opcode : 'seteq' 'setne' 'setle' 'setge' 'setlt' 'setgt'> <InPorts = 2> <OutPorts = 1>
ST_2 : Operation 66 [1/1] (0.00ns)   --->   "%shl_ln = bitconcatenate i17 @_ssdm_op_BitConcatenate.i17.i7.i10, i7 %select_ln1955_1, i10 0" [spikingformer_official.cpp:1956->spikingformer_official.cpp:2369]   --->   Operation 66 'bitconcatenate' 'shl_ln' <Predicate = (!icmp_ln1955)> <Delay = 0.00>
ST_2 : Operation 67 [1/1] (0.00ns)   --->   "%zext_ln1956 = zext i17 %shl_ln" [spikingformer_official.cpp:1956->spikingformer_official.cpp:2369]   --->   Operation 67 'zext' 'zext_ln1956' <Predicate = (!icmp_ln1955)> <Delay = 0.00>
ST_2 : Operation 68 [1/1] (0.00ns)   --->   "%trunc_ln1957 = trunc i6 %select_ln1956" [spikingformer_official.cpp:1957->spikingformer_official.cpp:2369]   --->   Operation 68 'trunc' 'trunc_ln1957' <Predicate = (!icmp_ln1955)> <Delay = 0.00>
ST_2 : Operation 69 [1/1] (0.00ns)   --->   "%shl_ln9 = bitconcatenate i10 @_ssdm_op_BitConcatenate.i10.i5.i5, i5 %trunc_ln1957, i5 0" [spikingformer_official.cpp:1957->spikingformer_official.cpp:2369]   --->   Operation 69 'bitconcatenate' 'shl_ln9' <Predicate = (!icmp_ln1955)> <Delay = 0.00>
ST_2 : Operation 70 [1/1] (0.00ns)   --->   "%zext_ln1957 = zext i10 %shl_ln9" [spikingformer_official.cpp:1957->spikingformer_official.cpp:2369]   --->   Operation 70 'zext' 'zext_ln1957' <Predicate = (!icmp_ln1955)> <Delay = 0.00>
ST_2 : Operation 71 [1/1] (0.00ns) (grouped into TernaryAdder)   --->   "%add_ln1957 = add i22 %zext_ln1957, i22 2712320" [spikingformer_official.cpp:1957->spikingformer_official.cpp:2369]   --->   Operation 71 'add' 'add_ln1957' <Predicate = (!icmp_ln1955)> <Delay = 0.00> <CoreInst = "TAddSub">   --->   Core 10 'TAddSub' <Latency = 0> <II = 1> <Delay = 0.40> <IPBlock> <Opcode : 'add' 'sub'> <InPorts = 3> <OutPorts = 1> <Sync> <CReg>
ST_2 : Operation 72 [1/1] (0.70ns) (root node of TernaryAdder)   --->   "%add_ln1957_2 = add i22 %add_ln1957, i22 %zext_ln1956" [spikingformer_official.cpp:1957->spikingformer_official.cpp:2369]   --->   Operation 72 'add' 'add_ln1957_2' <Predicate = (!icmp_ln1955)> <Delay = 0.70> <CoreInst = "TAddSub">   --->   Core 10 'TAddSub' <Latency = 0> <II = 1> <Delay = 0.40> <IPBlock> <Opcode : 'add' 'sub'> <InPorts = 3> <OutPorts = 1> <Sync> <CReg>
ST_2 : Operation 73 [1/1] (0.00ns)   --->   "%shl_ln1957_1 = bitconcatenate i24 @_ssdm_op_BitConcatenate.i24.i22.i2, i22 %add_ln1957_2, i2 0" [spikingformer_official.cpp:1957->spikingformer_official.cpp:2369]   --->   Operation 73 'bitconcatenate' 'shl_ln1957_1' <Predicate = (!icmp_ln1955)> <Delay = 0.00>
ST_2 : Operation 74 [1/1] (0.00ns)   --->   "%sext_ln1957 = sext i24 %shl_ln1957_1" [spikingformer_official.cpp:1957->spikingformer_official.cpp:2369]   --->   Operation 74 'sext' 'sext_ln1957' <Predicate = (!icmp_ln1955)> <Delay = 0.00>
ST_2 : Operation 75 [1/1] (0.00ns)   --->   "%zext_ln1957_1 = zext i25 %sext_ln1957" [spikingformer_official.cpp:1957->spikingformer_official.cpp:2369]   --->   Operation 75 'zext' 'zext_ln1957_1' <Predicate = (!icmp_ln1955)> <Delay = 0.00>
ST_2 : Operation 76 [1/1] (1.08ns)   --->   "%add_ln1957_1 = add i64 %zext_ln1957_1, i64 %v945_read" [spikingformer_official.cpp:1957->spikingformer_official.cpp:2369]   --->   Operation 76 'add' 'add_ln1957_1' <Predicate = (!icmp_ln1955)> <Delay = 1.08> <CoreInst = "Adder">   --->   Core 1 'Adder' <Latency = 0> <II = 1> <Delay = 1.08> <FuncUnit> <Opcode : 'add' 'sub'> <InPorts = 2> <OutPorts = 1>
ST_2 : Operation 77 [1/1] (0.00ns)   --->   "%trunc_ln1957_1 = partselect i62 @_ssdm_op_PartSelect.i62.i64.i32.i32, i64 %add_ln1957_1, i32 2, i32 63" [spikingformer_official.cpp:1957->spikingformer_official.cpp:2369]   --->   Operation 77 'partselect' 'trunc_ln1957_1' <Predicate = (!icmp_ln1955)> <Delay = 0.00>
ST_2 : Operation 78 [1/1] (0.00ns)   --->   "%sext_ln1957_1 = sext i62 %trunc_ln1957_1" [spikingformer_official.cpp:1957->spikingformer_official.cpp:2369]   --->   Operation 78 'sext' 'sext_ln1957_1' <Predicate = (!icmp_ln1955)> <Delay = 0.00>
ST_2 : Operation 79 [1/1] (0.00ns)   --->   "%g0_addr = getelementptr i32 %g0, i64 %sext_ln1957_1" [spikingformer_official.cpp:1957->spikingformer_official.cpp:2369]   --->   Operation 79 'getelementptr' 'g0_addr' <Predicate = (!icmp_ln1955)> <Delay = 0.00>
ST_2 : Operation 80 [1/1] (0.00ns)   --->   "%br_ln1957 = br i1 %first_iter_34, void %for.inc.i276.split, void %new.body.VITIS_LOOP_1957_3.i" [spikingformer_official.cpp:1957->spikingformer_official.cpp:2369]   --->   Operation 80 'br' 'br_ln1957' <Predicate = (!icmp_ln1955)> <Delay = 0.00>
ST_2 : Operation 81 [1/1] (0.00ns) (grouped into TernaryAdder)   --->   "%add_ln1957_4 = add i22 %zext_ln1957, i22 2934272" [spikingformer_official.cpp:1957->spikingformer_official.cpp:2369]   --->   Operation 81 'add' 'add_ln1957_4' <Predicate = (!icmp_ln1955)> <Delay = 0.00> <CoreInst = "TAddSub">   --->   Core 10 'TAddSub' <Latency = 0> <II = 1> <Delay = 0.40> <IPBlock> <Opcode : 'add' 'sub'> <InPorts = 3> <OutPorts = 1> <Sync> <CReg>
ST_2 : Operation 82 [1/1] (0.70ns) (root node of TernaryAdder)   --->   "%add_ln1957_6 = add i22 %add_ln1957_4, i22 %zext_ln1956" [spikingformer_official.cpp:1957->spikingformer_official.cpp:2369]   --->   Operation 82 'add' 'add_ln1957_6' <Predicate = (!icmp_ln1955)> <Delay = 0.70> <CoreInst = "TAddSub">   --->   Core 10 'TAddSub' <Latency = 0> <II = 1> <Delay = 0.40> <IPBlock> <Opcode : 'add' 'sub'> <InPorts = 3> <OutPorts = 1> <Sync> <CReg>
ST_2 : Operation 83 [1/1] (0.00ns)   --->   "%shl_ln1957_2 = bitconcatenate i24 @_ssdm_op_BitConcatenate.i24.i22.i2, i22 %add_ln1957_6, i2 0" [spikingformer_official.cpp:1957->spikingformer_official.cpp:2369]   --->   Operation 83 'bitconcatenate' 'shl_ln1957_2' <Predicate = (!icmp_ln1955)> <Delay = 0.00>
ST_2 : Operation 84 [1/1] (0.00ns)   --->   "%sext_ln1957_2 = sext i24 %shl_ln1957_2" [spikingformer_official.cpp:1957->spikingformer_official.cpp:2369]   --->   Operation 84 'sext' 'sext_ln1957_2' <Predicate = (!icmp_ln1955)> <Delay = 0.00>
ST_2 : Operation 85 [1/1] (0.00ns)   --->   "%zext_ln1957_2 = zext i25 %sext_ln1957_2" [spikingformer_official.cpp:1957->spikingformer_official.cpp:2369]   --->   Operation 85 'zext' 'zext_ln1957_2' <Predicate = (!icmp_ln1955)> <Delay = 0.00>
ST_2 : Operation 86 [1/1] (1.08ns)   --->   "%add_ln1957_3 = add i64 %zext_ln1957_2, i64 %v945_read" [spikingformer_official.cpp:1957->spikingformer_official.cpp:2369]   --->   Operation 86 'add' 'add_ln1957_3' <Predicate = (!icmp_ln1955)> <Delay = 1.08> <CoreInst = "Adder">   --->   Core 1 'Adder' <Latency = 0> <II = 1> <Delay = 1.08> <FuncUnit> <Opcode : 'add' 'sub'> <InPorts = 2> <OutPorts = 1>
ST_2 : Operation 87 [1/1] (0.00ns)   --->   "%trunc_ln = partselect i62 @_ssdm_op_PartSelect.i62.i64.i32.i32, i64 %add_ln1957_3, i32 2, i32 63" [spikingformer_official.cpp:1957->spikingformer_official.cpp:2369]   --->   Operation 87 'partselect' 'trunc_ln' <Predicate = (!icmp_ln1955)> <Delay = 0.00>
ST_2 : Operation 88 [1/1] (0.00ns)   --->   "%sext_ln1957_3 = sext i62 %trunc_ln" [spikingformer_official.cpp:1957->spikingformer_official.cpp:2369]   --->   Operation 88 'sext' 'sext_ln1957_3' <Predicate = (!icmp_ln1955)> <Delay = 0.00>
ST_2 : Operation 89 [1/1] (0.00ns)   --->   "%zext_ln1957_3 = zext i6 %v802_mid2" [spikingformer_official.cpp:1957->spikingformer_official.cpp:2369]   --->   Operation 89 'zext' 'zext_ln1957_3' <Predicate = (!icmp_ln1955)> <Delay = 0.00>
ST_2 : Operation 90 [1/1] (1.08ns)   --->   "%add_ln1962 = add i63 %zext_ln1957_3, i63 %sext_ln1957_3" [spikingformer_official.cpp:1962->spikingformer_official.cpp:2369]   --->   Operation 90 'add' 'add_ln1962' <Predicate = (!icmp_ln1955)> <Delay = 1.08> <CoreInst = "Adder">   --->   Core 1 'Adder' <Latency = 0> <II = 1> <Delay = 1.08> <FuncUnit> <Opcode : 'add' 'sub'> <InPorts = 2> <OutPorts = 1>
ST_2 : Operation 91 [1/1] (0.00ns)   --->   "%sext_ln1962 = sext i63 %add_ln1962" [spikingformer_official.cpp:1962->spikingformer_official.cpp:2369]   --->   Operation 91 'sext' 'sext_ln1962' <Predicate = (!icmp_ln1955)> <Delay = 0.00>
ST_2 : Operation 92 [1/1] (0.00ns)   --->   "%g0_addr_109 = getelementptr i32 %g0, i64 %sext_ln1962" [spikingformer_official.cpp:1962->spikingformer_official.cpp:2369]   --->   Operation 92 'getelementptr' 'g0_addr_109' <Predicate = (!icmp_ln1955)> <Delay = 0.00>
ST_2 : Operation 93 [1/1] (0.00ns)   --->   "%tmp = bitconcatenate i17 @_ssdm_op_BitConcatenate.i17.i7.i5.i5, i7 %select_ln1955_1, i5 %trunc_ln1957, i5 0" [spikingformer_official.cpp:1963->spikingformer_official.cpp:2369]   --->   Operation 93 'bitconcatenate' 'tmp' <Predicate = (!icmp_ln1955)> <Delay = 0.00>
ST_2 : Operation 94 [1/1] (0.00ns)   --->   "%zext_ln1963 = zext i17 %tmp" [spikingformer_official.cpp:1963->spikingformer_official.cpp:2369]   --->   Operation 94 'zext' 'zext_ln1963' <Predicate = (!icmp_ln1955)> <Delay = 0.00>
ST_2 : Operation 95 [1/1] (0.00ns) (grouped into TernaryAdder)   --->   "%add_ln1963_1 = add i63 %zext_ln1957_3, i63 %sext_ln2299_1_cast" [spikingformer_official.cpp:1963->spikingformer_official.cpp:2369]   --->   Operation 95 'add' 'add_ln1963_1' <Predicate = (!icmp_ln1955)> <Delay = 0.00> <CoreInst = "TAddSub">   --->   Core 10 'TAddSub' <Latency = 0> <II = 1> <Delay = 0.40> <IPBlock> <Opcode : 'add' 'sub'> <InPorts = 3> <OutPorts = 1> <Sync> <CReg>
ST_2 : Operation 96 [1/1] (0.81ns) (root node of TernaryAdder)   --->   "%add_ln1963 = add i63 %add_ln1963_1, i63 %zext_ln1963" [spikingformer_official.cpp:1963->spikingformer_official.cpp:2369]   --->   Operation 96 'add' 'add_ln1963' <Predicate = (!icmp_ln1955)> <Delay = 0.81> <CoreInst = "TAddSub">   --->   Core 10 'TAddSub' <Latency = 0> <II = 1> <Delay = 0.40> <IPBlock> <Opcode : 'add' 'sub'> <InPorts = 3> <OutPorts = 1> <Sync> <CReg>
ST_2 : Operation 97 [1/1] (0.00ns)   --->   "%sext_ln1963 = sext i63 %add_ln1963" [spikingformer_official.cpp:1963->spikingformer_official.cpp:2369]   --->   Operation 97 'sext' 'sext_ln1963' <Predicate = (!icmp_ln1955)> <Delay = 0.00>
ST_2 : Operation 98 [1/1] (0.00ns)   --->   "%g0_addr_110 = getelementptr i32 %g0, i64 %sext_ln1963" [spikingformer_official.cpp:1963->spikingformer_official.cpp:2369]   --->   Operation 98 'getelementptr' 'g0_addr_110' <Predicate = (!icmp_ln1955)> <Delay = 0.00>
ST_2 : Operation 99 [1/1] (0.78ns)   --->   "%add_ln1957_5 = add i6 %v802_mid2, i6 1" [spikingformer_official.cpp:1957->spikingformer_official.cpp:2369]   --->   Operation 99 'add' 'add_ln1957_5' <Predicate = (!icmp_ln1955)> <Delay = 0.78> <CoreInst = "Adder">   --->   Core 1 'Adder' <Latency = 0> <II = 1> <Delay = 0.78> <FuncUnit> <Opcode : 'add' 'sub'> <InPorts = 2> <OutPorts = 1>
ST_2 : Operation 100 [1/1] (0.78ns)   --->   "%icmp_ln1957_1 = icmp_eq  i6 %add_ln1957_5, i6 32" [spikingformer_official.cpp:1957->spikingformer_official.cpp:2369]   --->   Operation 100 'icmp' 'icmp_ln1957_1' <Predicate = (!icmp_ln1955)> <Delay = 0.78> <CoreInst = "Cmp">   --->   Core 9 'Cmp' <Latency = 0> <II = 1> <Delay = 0.78> <FuncUnit> <Opcode : 'seteq' 'setne' 'setle' 'setge' 'setlt' 'setgt'> <InPorts = 2> <OutPorts = 1>
ST_2 : Operation 101 [1/1] (0.00ns)   --->   "%br_ln1957 = br i1 %icmp_ln1957_1, void %new.latch.for.inc.i276.split, void %last.iter.for.inc.i276.split" [spikingformer_official.cpp:1957->spikingformer_official.cpp:2369]   --->   Operation 101 'br' 'br_ln1957' <Predicate = (!icmp_ln1955)> <Delay = 0.00>
ST_2 : Operation 102 [1/1] (0.80ns)   --->   "%add_ln1956_1 = add i12 %indvar_flatten13024_load, i12 1" [spikingformer_official.cpp:1956->spikingformer_official.cpp:2369]   --->   Operation 102 'add' 'add_ln1956_1' <Predicate = (!icmp_ln1955)> <Delay = 0.80> <CoreInst = "Adder">   --->   Core 1 'Adder' <Latency = 0> <II = 1> <Delay = 0.80> <FuncUnit> <Opcode : 'add' 'sub'> <InPorts = 2> <OutPorts = 1>
ST_2 : Operation 103 [1/1] (0.37ns)   --->   "%select_ln1956_1 = select i1 %icmp_ln1956, i12 1, i12 %add_ln1956_1" [spikingformer_official.cpp:1956->spikingformer_official.cpp:2369]   --->   Operation 103 'select' 'select_ln1956_1' <Predicate = (!icmp_ln1955)> <Delay = 0.37> <CoreInst = "Sel">   --->   Core 73 'Sel' <Latency = 0> <II = 1> <Delay = 0.37> <FuncUnit> <Opcode : 'select'> <InPorts = 3> <OutPorts = 1>
ST_2 : Operation 104 [1/1] (0.42ns)   --->   "%store_ln1955 = store i17 %add_ln1955_1, i17 %indvar_flatten13037" [spikingformer_official.cpp:1955->spikingformer_official.cpp:2369]   --->   Operation 104 'store' 'store_ln1955' <Predicate = (!icmp_ln1955)> <Delay = 0.42>
ST_2 : Operation 105 [1/1] (0.42ns)   --->   "%store_ln1955 = store i7 %select_ln1955_1, i7 %v800" [spikingformer_official.cpp:1955->spikingformer_official.cpp:2369]   --->   Operation 105 'store' 'store_ln1955' <Predicate = (!icmp_ln1955)> <Delay = 0.42>
ST_2 : Operation 106 [1/1] (0.42ns)   --->   "%store_ln1956 = store i12 %select_ln1956_1, i12 %indvar_flatten13024" [spikingformer_official.cpp:1956->spikingformer_official.cpp:2369]   --->   Operation 106 'store' 'store_ln1956' <Predicate = (!icmp_ln1955)> <Delay = 0.42>
ST_2 : Operation 107 [1/1] (0.42ns)   --->   "%store_ln1956 = store i6 %select_ln1956, i6 %v801" [spikingformer_official.cpp:1956->spikingformer_official.cpp:2369]   --->   Operation 107 'store' 'store_ln1956' <Predicate = (!icmp_ln1955)> <Delay = 0.42>
ST_2 : Operation 108 [1/1] (0.42ns)   --->   "%store_ln1957 = store i6 %add_ln1957_5, i6 %v802" [spikingformer_official.cpp:1957->spikingformer_official.cpp:2369]   --->   Operation 108 'store' 'store_ln1957' <Predicate = (!icmp_ln1955)> <Delay = 0.42>
ST_2 : Operation 109 [1/1] (0.00ns)   --->   "%br_ln1957 = br void %for.inc.i276" [spikingformer_official.cpp:1957->spikingformer_official.cpp:2369]   --->   Operation 109 'br' 'br_ln1957' <Predicate = (!icmp_ln1955)> <Delay = 0.00>

State 3 <SV = 2> <Delay = 7.30>
ST_3 : Operation 110 [1/1] ( I:7.30ns O:7.30ns )   --->   "%empty_100 = writereq i1 @_ssdm_op_WriteReq.m_axi.p1i32, i32 %g0_addr, i64 32" [spikingformer_official.cpp:1957->spikingformer_official.cpp:2369]   --->   Operation 110 'writereq' 'empty_100' <Predicate = (!icmp_ln1955 & first_iter_34)> <Delay = 7.30> <CoreInst = "m_axi">   --->   Core 119 'm_axi' <Latency = 9> <II = 1> <Delay = 1.00> <Adapter> <Opcode : 'readrequnaligned' 'writerequnaligned' 'read' 'write' 'readreq' 'writereq' 'writeresp'>
ST_3 : Operation 111 [1/1] (0.00ns)   --->   "%br_ln1957 = br void %for.inc.i276.split" [spikingformer_official.cpp:1957->spikingformer_official.cpp:2369]   --->   Operation 111 'br' 'br_ln1957' <Predicate = (!icmp_ln1955 & first_iter_34)> <Delay = 0.00>
ST_3 : Operation 112 [8/8] (7.30ns)   --->   "%g0_load_47_req = readreq i1 @_ssdm_op_ReadReq.m_axi.i32P1A, i32 %g0_addr_109, i64 1" [spikingformer_official.cpp:1962->spikingformer_official.cpp:2369]   --->   Operation 112 'readreq' 'g0_load_47_req' <Predicate = (!icmp_ln1955)> <Delay = 7.30> <CoreInst = "m_axi">   --->   Core 119 'm_axi' <Latency = 6> <II = 1> <Delay = 1.00> <Adapter> <Opcode : 'readrequnaligned' 'writerequnaligned' 'read' 'write' 'readreq' 'writereq' 'writeresp'>

State 4 <SV = 3> <Delay = 0.00>
ST_4 : Operation 113 [7/8] (7.30ns)   --->   "%g0_load_47_req = readreq i1 @_ssdm_op_ReadReq.m_axi.i32P1A, i32 %g0_addr_109, i64 1" [spikingformer_official.cpp:1962->spikingformer_official.cpp:2369]   --->   Operation 113 'readreq' 'g0_load_47_req' <Predicate = true> <Delay = 7.30> <CoreInst = "m_axi">   --->   Core 119 'm_axi' <Latency = 6> <II = 1> <Delay = 1.00> <Adapter> <Opcode : 'readrequnaligned' 'writerequnaligned' 'read' 'write' 'readreq' 'writereq' 'writeresp'>
ST_4 : Operation 114 [8/8] (7.30ns)   --->   "%g0_load_48_req = readreq i1 @_ssdm_op_ReadReq.m_axi.i32P1A, i32 %g0_addr_110, i64 1" [spikingformer_official.cpp:1963->spikingformer_official.cpp:2369]   --->   Operation 114 'readreq' 'g0_load_48_req' <Predicate = true> <Delay = 7.30> <CoreInst = "m_axi">   --->   Core 119 'm_axi' <Latency = 6> <II = 1> <Delay = 1.00> <Adapter> <Opcode : 'readrequnaligned' 'writerequnaligned' 'read' 'write' 'readreq' 'writereq' 'writeresp'>

State 5 <SV = 4> <Delay = 0.00>
ST_5 : Operation 115 [6/8] (7.30ns)   --->   "%g0_load_47_req = readreq i1 @_ssdm_op_ReadReq.m_axi.i32P1A, i32 %g0_addr_109, i64 1" [spikingformer_official.cpp:1962->spikingformer_official.cpp:2369]   --->   Operation 115 'readreq' 'g0_load_47_req' <Predicate = true> <Delay = 7.30> <CoreInst = "m_axi">   --->   Core 119 'm_axi' <Latency = 6> <II = 1> <Delay = 1.00> <Adapter> <Opcode : 'readrequnaligned' 'writerequnaligned' 'read' 'write' 'readreq' 'writereq' 'writeresp'>
ST_5 : Operation 116 [7/8] (7.30ns)   --->   "%g0_load_48_req = readreq i1 @_ssdm_op_ReadReq.m_axi.i32P1A, i32 %g0_addr_110, i64 1" [spikingformer_official.cpp:1963->spikingformer_official.cpp:2369]   --->   Operation 116 'readreq' 'g0_load_48_req' <Predicate = true> <Delay = 7.30> <CoreInst = "m_axi">   --->   Core 119 'm_axi' <Latency = 6> <II = 1> <Delay = 1.00> <Adapter> <Opcode : 'readrequnaligned' 'writerequnaligned' 'read' 'write' 'readreq' 'writereq' 'writeresp'>

State 6 <SV = 5> <Delay = 0.00>
ST_6 : Operation 117 [5/8] (7.30ns)   --->   "%g0_load_47_req = readreq i1 @_ssdm_op_ReadReq.m_axi.i32P1A, i32 %g0_addr_109, i64 1" [spikingformer_official.cpp:1962->spikingformer_official.cpp:2369]   --->   Operation 117 'readreq' 'g0_load_47_req' <Predicate = true> <Delay = 7.30> <CoreInst = "m_axi">   --->   Core 119 'm_axi' <Latency = 6> <II = 1> <Delay = 1.00> <Adapter> <Opcode : 'readrequnaligned' 'writerequnaligned' 'read' 'write' 'readreq' 'writereq' 'writeresp'>
ST_6 : Operation 118 [6/8] (7.30ns)   --->   "%g0_load_48_req = readreq i1 @_ssdm_op_ReadReq.m_axi.i32P1A, i32 %g0_addr_110, i64 1" [spikingformer_official.cpp:1963->spikingformer_official.cpp:2369]   --->   Operation 118 'readreq' 'g0_load_48_req' <Predicate = true> <Delay = 7.30> <CoreInst = "m_axi">   --->   Core 119 'm_axi' <Latency = 6> <II = 1> <Delay = 1.00> <Adapter> <Opcode : 'readrequnaligned' 'writerequnaligned' 'read' 'write' 'readreq' 'writereq' 'writeresp'>

State 7 <SV = 6> <Delay = 0.00>
ST_7 : Operation 119 [4/8] (7.30ns)   --->   "%g0_load_47_req = readreq i1 @_ssdm_op_ReadReq.m_axi.i32P1A, i32 %g0_addr_109, i64 1" [spikingformer_official.cpp:1962->spikingformer_official.cpp:2369]   --->   Operation 119 'readreq' 'g0_load_47_req' <Predicate = true> <Delay = 7.30> <CoreInst = "m_axi">   --->   Core 119 'm_axi' <Latency = 6> <II = 1> <Delay = 1.00> <Adapter> <Opcode : 'readrequnaligned' 'writerequnaligned' 'read' 'write' 'readreq' 'writereq' 'writeresp'>
ST_7 : Operation 120 [5/8] (7.30ns)   --->   "%g0_load_48_req = readreq i1 @_ssdm_op_ReadReq.m_axi.i32P1A, i32 %g0_addr_110, i64 1" [spikingformer_official.cpp:1963->spikingformer_official.cpp:2369]   --->   Operation 120 'readreq' 'g0_load_48_req' <Predicate = true> <Delay = 7.30> <CoreInst = "m_axi">   --->   Core 119 'm_axi' <Latency = 6> <II = 1> <Delay = 1.00> <Adapter> <Opcode : 'readrequnaligned' 'writerequnaligned' 'read' 'write' 'readreq' 'writereq' 'writeresp'>

State 8 <SV = 7> <Delay = 0.00>
ST_8 : Operation 121 [3/8] (7.30ns)   --->   "%g0_load_47_req = readreq i1 @_ssdm_op_ReadReq.m_axi.i32P1A, i32 %g0_addr_109, i64 1" [spikingformer_official.cpp:1962->spikingformer_official.cpp:2369]   --->   Operation 121 'readreq' 'g0_load_47_req' <Predicate = true> <Delay = 7.30> <CoreInst = "m_axi">   --->   Core 119 'm_axi' <Latency = 6> <II = 1> <Delay = 1.00> <Adapter> <Opcode : 'readrequnaligned' 'writerequnaligned' 'read' 'write' 'readreq' 'writereq' 'writeresp'>
ST_8 : Operation 122 [4/8] (7.30ns)   --->   "%g0_load_48_req = readreq i1 @_ssdm_op_ReadReq.m_axi.i32P1A, i32 %g0_addr_110, i64 1" [spikingformer_official.cpp:1963->spikingformer_official.cpp:2369]   --->   Operation 122 'readreq' 'g0_load_48_req' <Predicate = true> <Delay = 7.30> <CoreInst = "m_axi">   --->   Core 119 'm_axi' <Latency = 6> <II = 1> <Delay = 1.00> <Adapter> <Opcode : 'readrequnaligned' 'writerequnaligned' 'read' 'write' 'readreq' 'writereq' 'writeresp'>

State 9 <SV = 8> <Delay = 0.00>
ST_9 : Operation 123 [2/8] (7.30ns)   --->   "%g0_load_47_req = readreq i1 @_ssdm_op_ReadReq.m_axi.i32P1A, i32 %g0_addr_109, i64 1" [spikingformer_official.cpp:1962->spikingformer_official.cpp:2369]   --->   Operation 123 'readreq' 'g0_load_47_req' <Predicate = true> <Delay = 7.30> <CoreInst = "m_axi">   --->   Core 119 'm_axi' <Latency = 6> <II = 1> <Delay = 1.00> <Adapter> <Opcode : 'readrequnaligned' 'writerequnaligned' 'read' 'write' 'readreq' 'writereq' 'writeresp'>
ST_9 : Operation 124 [3/8] (7.30ns)   --->   "%g0_load_48_req = readreq i1 @_ssdm_op_ReadReq.m_axi.i32P1A, i32 %g0_addr_110, i64 1" [spikingformer_official.cpp:1963->spikingformer_official.cpp:2369]   --->   Operation 124 'readreq' 'g0_load_48_req' <Predicate = true> <Delay = 7.30> <CoreInst = "m_axi">   --->   Core 119 'm_axi' <Latency = 6> <II = 1> <Delay = 1.00> <Adapter> <Opcode : 'readrequnaligned' 'writerequnaligned' 'read' 'write' 'readreq' 'writereq' 'writeresp'>

State 10 <SV = 9> <Delay = 7.30>
ST_10 : Operation 125 [1/8] ( I:7.30ns O:7.30ns )   --->   "%g0_load_47_req = readreq i1 @_ssdm_op_ReadReq.m_axi.i32P1A, i32 %g0_addr_109, i64 1" [spikingformer_official.cpp:1962->spikingformer_official.cpp:2369]   --->   Operation 125 'readreq' 'g0_load_47_req' <Predicate = true> <Delay = 7.30> <CoreInst = "m_axi">   --->   Core 119 'm_axi' <Latency = 6> <II = 1> <Delay = 1.00> <Adapter> <Opcode : 'readrequnaligned' 'writerequnaligned' 'read' 'write' 'readreq' 'writereq' 'writeresp'>
ST_10 : Operation 126 [2/8] (7.30ns)   --->   "%g0_load_48_req = readreq i1 @_ssdm_op_ReadReq.m_axi.i32P1A, i32 %g0_addr_110, i64 1" [spikingformer_official.cpp:1963->spikingformer_official.cpp:2369]   --->   Operation 126 'readreq' 'g0_load_48_req' <Predicate = true> <Delay = 7.30> <CoreInst = "m_axi">   --->   Core 119 'm_axi' <Latency = 6> <II = 1> <Delay = 1.00> <Adapter> <Opcode : 'readrequnaligned' 'writerequnaligned' 'read' 'write' 'readreq' 'writereq' 'writeresp'>

State 11 <SV = 10> <Delay = 7.30>
ST_11 : Operation 127 [1/1] ( I:7.30ns O:7.30ns )   --->   "%g0_addr_109_read = read i32 @_ssdm_op_Read.m_axi.i32P1A, i32 %g0_addr_109" [spikingformer_official.cpp:1962->spikingformer_official.cpp:2369]   --->   Operation 127 'read' 'g0_addr_109_read' <Predicate = true> <Delay = 7.30> <CoreInst = "m_axi">   --->   Core 119 'm_axi' <Latency = 3> <II = 1> <Delay = 1.00> <Adapter> <Opcode : 'readrequnaligned' 'writerequnaligned' 'read' 'write' 'readreq' 'writereq' 'writeresp'>
ST_11 : Operation 128 [1/8] ( I:7.30ns O:7.30ns )   --->   "%g0_load_48_req = readreq i1 @_ssdm_op_ReadReq.m_axi.i32P1A, i32 %g0_addr_110, i64 1" [spikingformer_official.cpp:1963->spikingformer_official.cpp:2369]   --->   Operation 128 'readreq' 'g0_load_48_req' <Predicate = true> <Delay = 7.30> <CoreInst = "m_axi">   --->   Core 119 'm_axi' <Latency = 6> <II = 1> <Delay = 1.00> <Adapter> <Opcode : 'readrequnaligned' 'writerequnaligned' 'read' 'write' 'readreq' 'writereq' 'writeresp'>

State 12 <SV = 11> <Delay = 7.30>
ST_12 : Operation 129 [1/1] ( I:7.30ns O:7.30ns )   --->   "%g0_addr_110_read = read i32 @_ssdm_op_Read.m_axi.i32P1A, i32 %g0_addr_110" [spikingformer_official.cpp:1963->spikingformer_official.cpp:2369]   --->   Operation 129 'read' 'g0_addr_110_read' <Predicate = true> <Delay = 7.30> <CoreInst = "m_axi">   --->   Core 119 'm_axi' <Latency = 3> <II = 1> <Delay = 1.00> <Adapter> <Opcode : 'readrequnaligned' 'writerequnaligned' 'read' 'write' 'readreq' 'writereq' 'writeresp'>

State 13 <SV = 12> <Delay = 6.43>
ST_13 : Operation 130 [1/1] (0.00ns)   --->   "%v803 = bitcast i32 %g0_addr_109_read" [spikingformer_official.cpp:1962->spikingformer_official.cpp:2369]   --->   Operation 130 'bitcast' 'v803' <Predicate = true> <Delay = 0.00>
ST_13 : Operation 131 [1/1] (0.00ns)   --->   "%v804 = bitcast i32 %g0_addr_110_read" [spikingformer_official.cpp:1963->spikingformer_official.cpp:2369]   --->   Operation 131 'bitcast' 'v804' <Predicate = true> <Delay = 0.00>
ST_13 : Operation 132 [4/4] (6.43ns)   --->   "%v805 = fadd i32 %v803, i32 %v804" [spikingformer_official.cpp:1964->spikingformer_official.cpp:2369]   --->   Operation 132 'fadd' 'v805' <Predicate = true> <Delay = 6.43> <CoreInst = "FAddSub_fulldsp">   --->   Core 18 'FAddSub_fulldsp' <Latency = 3> <II = 1> <Delay = 6.43> <FuncUnit> <Opcode : 'fadd' 'fsub'> <InPorts = 2> <OutPorts = 1>

State 14 <SV = 13> <Delay = 6.43>
ST_14 : Operation 133 [3/4] (6.43ns)   --->   "%v805 = fadd i32 %v803, i32 %v804" [spikingformer_official.cpp:1964->spikingformer_official.cpp:2369]   --->   Operation 133 'fadd' 'v805' <Predicate = true> <Delay = 6.43> <CoreInst = "FAddSub_fulldsp">   --->   Core 18 'FAddSub_fulldsp' <Latency = 3> <II = 1> <Delay = 6.43> <FuncUnit> <Opcode : 'fadd' 'fsub'> <InPorts = 2> <OutPorts = 1>

State 15 <SV = 14> <Delay = 6.43>
ST_15 : Operation 134 [2/4] (6.43ns)   --->   "%v805 = fadd i32 %v803, i32 %v804" [spikingformer_official.cpp:1964->spikingformer_official.cpp:2369]   --->   Operation 134 'fadd' 'v805' <Predicate = true> <Delay = 6.43> <CoreInst = "FAddSub_fulldsp">   --->   Core 18 'FAddSub_fulldsp' <Latency = 3> <II = 1> <Delay = 6.43> <FuncUnit> <Opcode : 'fadd' 'fsub'> <InPorts = 2> <OutPorts = 1>

State 16 <SV = 15> <Delay = 6.43>
ST_16 : Operation 135 [1/4] (6.43ns)   --->   "%v805 = fadd i32 %v803, i32 %v804" [spikingformer_official.cpp:1964->spikingformer_official.cpp:2369]   --->   Operation 135 'fadd' 'v805' <Predicate = true> <Delay = 6.43> <CoreInst = "FAddSub_fulldsp">   --->   Core 18 'FAddSub_fulldsp' <Latency = 3> <II = 1> <Delay = 6.43> <FuncUnit> <Opcode : 'fadd' 'fsub'> <InPorts = 2> <OutPorts = 1>

State 17 <SV = 16> <Delay = 7.30>
ST_17 : Operation 136 [1/1] (0.00ns)   --->   "%specpipeline_ln1958 = specpipeline void @_ssdm_op_SpecPipeline, i32 1, i32 0, i32 0, i32 0, i32 4294967295, void @empty_35" [spikingformer_official.cpp:1958->spikingformer_official.cpp:2369]   --->   Operation 136 'specpipeline' 'specpipeline_ln1958' <Predicate = true> <Delay = 0.00>
ST_17 : Operation 137 [1/1] (0.00ns)   --->   "%bitcast_ln1965 = bitcast i32 %v805" [spikingformer_official.cpp:1965->spikingformer_official.cpp:2369]   --->   Operation 137 'bitcast' 'bitcast_ln1965' <Predicate = true> <Delay = 0.00>
ST_17 : Operation 138 [1/1] ( I:7.30ns O:7.30ns )   --->   "%write_ln1965 = write void @_ssdm_op_Write.m_axi.p1i32.i32, i32 %g0_addr, i32 %bitcast_ln1965, i4 15" [spikingformer_official.cpp:1965->spikingformer_official.cpp:2369]   --->   Operation 138 'write' 'write_ln1965' <Predicate = true> <Delay = 7.30> <CoreInst = "m_axi">   --->   Core 119 'm_axi' <Latency = 5> <II = 1> <Delay = 1.00> <Adapter> <Opcode : 'readrequnaligned' 'writerequnaligned' 'read' 'write' 'readreq' 'writereq' 'writeresp'>

State 18 <SV = 17> <Delay = 0.00>
ST_18 : Operation 139 [5/5] (7.30ns)   --->   "%empty = writeresp i1 @_ssdm_op_WriteResp.m_axi.p1i32, i32 %g0_addr" [spikingformer_official.cpp:1956->spikingformer_official.cpp:2369]   --->   Operation 139 'writeresp' 'empty' <Predicate = (icmp_ln1957_1)> <Delay = 7.30> <CoreInst = "m_axi">   --->   Core 119 'm_axi' <Latency = 3> <II = 1> <Delay = 1.00> <Adapter> <Opcode : 'readrequnaligned' 'writerequnaligned' 'read' 'write' 'readreq' 'writereq' 'writeresp'>

State 19 <SV = 18> <Delay = 0.00>
ST_19 : Operation 140 [4/5] (7.30ns)   --->   "%empty = writeresp i1 @_ssdm_op_WriteResp.m_axi.p1i32, i32 %g0_addr" [spikingformer_official.cpp:1956->spikingformer_official.cpp:2369]   --->   Operation 140 'writeresp' 'empty' <Predicate = (icmp_ln1957_1)> <Delay = 7.30> <CoreInst = "m_axi">   --->   Core 119 'm_axi' <Latency = 3> <II = 1> <Delay = 1.00> <Adapter> <Opcode : 'readrequnaligned' 'writerequnaligned' 'read' 'write' 'readreq' 'writereq' 'writeresp'>

State 20 <SV = 19> <Delay = 0.42>
ST_20 : Operation 141 [3/5] (7.30ns)   --->   "%empty = writeresp i1 @_ssdm_op_WriteResp.m_axi.p1i32, i32 %g0_addr" [spikingformer_official.cpp:1956->spikingformer_official.cpp:2369]   --->   Operation 141 'writeresp' 'empty' <Predicate = (icmp_ln1957_1)> <Delay = 7.30> <CoreInst = "m_axi">   --->   Core 119 'm_axi' <Latency = 3> <II = 1> <Delay = 1.00> <Adapter> <Opcode : 'readrequnaligned' 'writerequnaligned' 'read' 'write' 'readreq' 'writereq' 'writeresp'>
ST_20 : Operation 145 [1/1] (0.42ns)   --->   "%ret_ln0 = ret"   --->   Operation 145 'ret' 'ret_ln0' <Predicate = (icmp_ln1955)> <Delay = 0.42>

State 21 <SV = 20> <Delay = 0.00>
ST_21 : Operation 142 [2/5] (7.30ns)   --->   "%empty = writeresp i1 @_ssdm_op_WriteResp.m_axi.p1i32, i32 %g0_addr" [spikingformer_official.cpp:1956->spikingformer_official.cpp:2369]   --->   Operation 142 'writeresp' 'empty' <Predicate = (icmp_ln1957_1)> <Delay = 7.30> <CoreInst = "m_axi">   --->   Core 119 'm_axi' <Latency = 3> <II = 1> <Delay = 1.00> <Adapter> <Opcode : 'readrequnaligned' 'writerequnaligned' 'read' 'write' 'readreq' 'writereq' 'writeresp'>

State 22 <SV = 21> <Delay = 7.30>
ST_22 : Operation 143 [1/5] ( I:7.30ns O:7.30ns )   --->   "%empty = writeresp i1 @_ssdm_op_WriteResp.m_axi.p1i32, i32 %g0_addr" [spikingformer_official.cpp:1956->spikingformer_official.cpp:2369]   --->   Operation 143 'writeresp' 'empty' <Predicate = (icmp_ln1957_1)> <Delay = 7.30> <CoreInst = "m_axi">   --->   Core 119 'm_axi' <Latency = 3> <II = 1> <Delay = 1.00> <Adapter> <Opcode : 'readrequnaligned' 'writerequnaligned' 'read' 'write' 'readreq' 'writereq' 'writeresp'>
ST_22 : Operation 144 [1/1] (0.00ns)   --->   "%br_ln1957 = br void %new.latch.for.inc.i276.split" [spikingformer_official.cpp:1957->spikingformer_official.cpp:2369]   --->   Operation 144 'br' 'br_ln1957' <Predicate = (icmp_ln1957_1)> <Delay = 0.00>


============================================================
+ Verbose Summary: Timing violations
============================================================
Target clock period: 10.000ns, clock uncertainty: 2.700ns.

 <State 1>: 0.427ns
The critical path consists of the following:
	'alloca' operation 17 bit ('indvar_flatten13037') [11]  (0.000 ns)
	'store' operation ('store_ln0') of constant 0 17 bit on local variable 'indvar_flatten13037' [20]  (0.427 ns)

 <State 2>: 5.234ns
The critical path consists of the following:
	'load' operation 12 bit ('indvar_flatten13024_load', spikingformer_official.cpp:1956->spikingformer_official.cpp:2369) on local variable 'indvar_flatten13024' [27]  (0.000 ns)
	'icmp' operation 1 bit ('icmp_ln1956', spikingformer_official.cpp:1956->spikingformer_official.cpp:2369) [40]  (0.809 ns)
	'select' operation 6 bit ('select_ln1955', spikingformer_official.cpp:1955->spikingformer_official.cpp:2369) [41]  (0.384 ns)
	'add' operation 6 bit ('add_ln1956', spikingformer_official.cpp:1956->spikingformer_official.cpp:2369) [46]  (0.781 ns)
	'select' operation 6 bit ('select_ln1956', spikingformer_official.cpp:1956->spikingformer_official.cpp:2369) [49]  (0.384 ns)
	'add' operation 22 bit ('add_ln1957_4', spikingformer_official.cpp:1957->spikingformer_official.cpp:2369) [70]  (0.000 ns)
	'add' operation 22 bit ('add_ln1957_6', spikingformer_official.cpp:1957->spikingformer_official.cpp:2369) [71]  (0.704 ns)
	'add' operation 64 bit ('add_ln1957_3', spikingformer_official.cpp:1957->spikingformer_official.cpp:2369) [75]  (1.085 ns)
	'add' operation 63 bit ('add_ln1962', spikingformer_official.cpp:1962->spikingformer_official.cpp:2369) [80]  (1.088 ns)

 <State 3>: 7.300ns
The critical path consists of the following:
	bus request operation ('empty_100', spikingformer_official.cpp:1957->spikingformer_official.cpp:2369) on port 'g0' (spikingformer_official.cpp:1957->spikingformer_official.cpp:2369) [67]  (7.300 ns)

 <State 4>: 0.000ns
The critical path consists of the following:

 <State 5>: 0.000ns
The critical path consists of the following:

 <State 6>: 0.000ns
The critical path consists of the following:

 <State 7>: 0.000ns
The critical path consists of the following:

 <State 8>: 0.000ns
The critical path consists of the following:

 <State 9>: 0.000ns
The critical path consists of the following:

 <State 10>: 7.300ns
The critical path consists of the following:
	bus request operation ('g0_load_47_req', spikingformer_official.cpp:1962->spikingformer_official.cpp:2369) on port 'g0' (spikingformer_official.cpp:1962->spikingformer_official.cpp:2369) [83]  (7.300 ns)

 <State 11>: 7.300ns
The critical path consists of the following:
	bus read operation ('g0_addr_109_read', spikingformer_official.cpp:1962->spikingformer_official.cpp:2369) on port 'g0' (spikingformer_official.cpp:1962->spikingformer_official.cpp:2369) [84]  (7.300 ns)

 <State 12>: 7.300ns
The critical path consists of the following:
	bus read operation ('g0_addr_110_read', spikingformer_official.cpp:1963->spikingformer_official.cpp:2369) on port 'g0' (spikingformer_official.cpp:1963->spikingformer_official.cpp:2369) [93]  (7.300 ns)

 <State 13>: 6.437ns
The critical path consists of the following:
	'fadd' operation 32 bit ('v805', spikingformer_official.cpp:1964->spikingformer_official.cpp:2369) [95]  (6.437 ns)

 <State 14>: 6.437ns
The critical path consists of the following:
	'fadd' operation 32 bit ('v805', spikingformer_official.cpp:1964->spikingformer_official.cpp:2369) [95]  (6.437 ns)

 <State 15>: 6.437ns
The critical path consists of the following:
	'fadd' operation 32 bit ('v805', spikingformer_official.cpp:1964->spikingformer_official.cpp:2369) [95]  (6.437 ns)

 <State 16>: 6.437ns
The critical path consists of the following:
	'fadd' operation 32 bit ('v805', spikingformer_official.cpp:1964->spikingformer_official.cpp:2369) [95]  (6.437 ns)

 <State 17>: 7.300ns
The critical path consists of the following:
	bus write operation ('write_ln1965', spikingformer_official.cpp:1965->spikingformer_official.cpp:2369) on port 'g0' (spikingformer_official.cpp:1965->spikingformer_official.cpp:2369) [97]  (7.300 ns)

 <State 18>: 0.000ns
The critical path consists of the following:

 <State 19>: 0.000ns
The critical path consists of the following:

 <State 20>: 0.427ns
The critical path consists of the following:

 <State 21>: 0.000ns
The critical path consists of the following:

 <State 22>: 7.300ns
The critical path consists of the following:
	bus response operation ('empty', spikingformer_official.cpp:1956->spikingformer_official.cpp:2369) on port 'g0' (spikingformer_official.cpp:1956->spikingformer_official.cpp:2369) [102]  (7.300 ns)


============================================================
+ Verbose Summary: Binding
============================================================
N/A
* FSMD analyzer results:
  - Output states:
 - Input state : 
  - Chain level:
	State 1
	State 2
	State 3
	State 4
	State 5
	State 6
	State 7
	State 8
	State 9
	State 10
	State 11
	State 12
	State 13
	State 14
	State 15
	State 16
	State 17
	State 18
	State 19
	State 20
	State 21
	State 22


============================================================
+ Verbose Summary: Datapath Resource usage 
============================================================
N/A
