

================================================================
== Vitis HLS Report for 'control_Pipeline_VITIS_LOOP_1518_1_VITIS_LOOP_1519_2_VITIS_LOOP_1520_3'
================================================================
* Date:           Sun Jul 12 20:26:05 2026

* Version:        2025.2 (Build 6295257 on Nov 14 2025)
* Project:        spikingformer_proj
* Solution:       solution1 (Vivado IP Flow Target)
* Product family: zynquplus
* Target device:  xczu7ev-ffvc1156-2-e


================================================================
== Performance Estimates
================================================================
+ Timing: 
    * Summary: 
    +--------+----------+----------+------------+
    |  Clock |  Target  | Estimated| Uncertainty|
    +--------+----------+----------+------------+
    |ap_clk  |  10.00 ns|  7.300 ns|     2.70 ns|
    +--------+----------+----------+------------+

+ Latency: 
    * Summary: 
    +---------+---------+----------+----------+-----+-----+-------------------+
    |  Latency (cycles) |  Latency (absolute) |  Interval |      Pipeline     |
    |   min   |   max   |    min   |    max   | min | max |        Type       |
    +---------+---------+----------+----------+-----+-----+-------------------+
    |    62210|    62210|  0.622 ms|  0.622 ms|    0|    0|  loop pipeline stp|
    +---------+---------+----------+----------+-----+-----+-------------------+

    + Detail: 
        * Instance: 
        N/A

        * Loop: 
        +---------------------------------------------------------+---------+---------+----------+-----------+-----------+-------+----------+
        |                                                         |  Latency (cycles) | Iteration|  Initiation Interval  |  Trip |          |
        |                        Loop Name                        |   min   |   max   |  Latency |  achieved |   target  | Count | Pipelined|
        +---------------------------------------------------------+---------+---------+----------+-----------+-----------+-------+----------+
        |- VITIS_LOOP_1518_1_VITIS_LOOP_1519_2_VITIS_LOOP_1520_3  |    62208|    62208|         2|          1|          1|  62208|       yes|
        +---------------------------------------------------------+---------+---------+----------+-----------+-----------+-------+----------+

============================================================
+ Verbose Summary: Synthesis Manager
============================================================
InlineROM: 1
ExposeGlobal: 0
============================================================
+ Verbose Summary: CDFG Model
============================================================
IsTopModel: 0
ResetActiveHigh: 1
IsCombinational: 0
IsDatapathOnly: 0
HasWiredReturn: 1
HasMFsm: 2
HasVarLatency: 1
IsPipeline: 0
IsRtlPipelined: 0
IsInstanceOverlapped: 0
IsDontTouch: 0
HasImplIP: 0
IsGatedGlobalClock: 0

+ Individual pipeline summary: 
  * Pipeline-0: initiation interval (II) = 1, depth = 2


============================================================
+ Verbose Summary: Schedule
============================================================
* Number of FSM states : 2
* Pipeline : 1
  Pipeline-0 : II = 1, D = 2, States = { 1 2 }
* Dataflow Pipeline: 0

* FSM state transitions: 
1 --> 2 
2 --> 

* FSM state operations: 

State 1 <SV = 0> <Delay = 1.70>
ST_1 : Operation 5 [1/1] (0.00ns)   --->   "%indvar_flatten13534 = alloca i32 1"   --->   Operation 5 'alloca' 'indvar_flatten13534' <Predicate = true> <Delay = 0.00>
ST_1 : Operation 6 [1/1] (0.00ns)   --->   "%sext_ln2299_read = read i62 @_ssdm_op_Read.ap_auto.i62, i62 %sext_ln2299"   --->   Operation 6 'read' 'sext_ln2299_read' <Predicate = true> <Delay = 0.00>
ST_1 : Operation 7 [1/1] (0.00ns)   --->   "%sext_ln2299_cast = sext i62 %sext_ln2299_read"   --->   Operation 7 'sext' 'sext_ln2299_cast' <Predicate = true> <Delay = 0.00>
ST_1 : Operation 8 [1/1] (0.00ns)   --->   "%specstablecontent_ln0 = specstablecontent void @_ssdm_op_SpecStableContent, i32 %g0, i1 1, void "   --->   Operation 8 'specstablecontent' 'specstablecontent_ln0' <Predicate = true> <Delay = 0.00>
ST_1 : Operation 9 [1/1] (0.00ns)   --->   "%specinterface_ln0 = specinterface void @_ssdm_op_SpecInterface, i32 %g0, void @empty_26, i32 0, i32 0, void @empty_35, i32 0, i32 0, void @empty_22, void @empty_25, void @empty_35, i32 16, i32 16, i32 16, i32 16, void @empty_35, void @empty_35, i32 4294967295, i32 0, i32 0, i32 4"   --->   Operation 9 'specinterface' 'specinterface_ln0' <Predicate = true> <Delay = 0.00>
ST_1 : Operation 10 [1/1] (0.42ns)   --->   "%store_ln0 = store i16 0, i16 %indvar_flatten13534"   --->   Operation 10 'store' 'store_ln0' <Predicate = true> <Delay = 0.42>
ST_1 : Operation 11 [1/1] (0.00ns)   --->   "%br_ln0 = br void %for.inc.i627"   --->   Operation 11 'br' 'br_ln0' <Predicate = true> <Delay = 0.00>
ST_1 : Operation 12 [1/1] (0.00ns)   --->   "%indvar_flatten13534_load = load i16 %indvar_flatten13534" [spikingformer_official.cpp:1518->spikingformer_official.cpp:2415]   --->   Operation 12 'load' 'indvar_flatten13534_load' <Predicate = true> <Delay = 0.00>
ST_1 : Operation 13 [1/1] (0.00ns)   --->   "%specbitsmap_ln0 = specbitsmap void @_ssdm_op_SpecBitsMap, i32 %g0"   --->   Operation 13 'specbitsmap' 'specbitsmap_ln0' <Predicate = true> <Delay = 0.00>
ST_1 : Operation 14 [1/1] (0.85ns)   --->   "%icmp_ln1518 = icmp_eq  i16 %indvar_flatten13534_load, i16 62208" [spikingformer_official.cpp:1518->spikingformer_official.cpp:2415]   --->   Operation 14 'icmp' 'icmp_ln1518' <Predicate = true> <Delay = 0.85> <CoreInst = "Cmp">   --->   Core 9 'Cmp' <Latency = 0> <II = 1> <Delay = 0.85> <FuncUnit> <Opcode : 'seteq' 'setne' 'setle' 'setge' 'setlt' 'setgt'> <InPorts = 2> <OutPorts = 1>
ST_1 : Operation 15 [1/1] (0.85ns)   --->   "%add_ln1518 = add i16 %indvar_flatten13534_load, i16 1" [spikingformer_official.cpp:1518->spikingformer_official.cpp:2415]   --->   Operation 15 'add' 'add_ln1518' <Predicate = true> <Delay = 0.85> <CoreInst = "Adder">   --->   Core 1 'Adder' <Latency = 0> <II = 1> <Delay = 0.85> <FuncUnit> <Opcode : 'add' 'sub'> <InPorts = 2> <OutPorts = 1>
ST_1 : Operation 16 [1/1] (0.00ns)   --->   "%br_ln1518 = br i1 %icmp_ln1518, void %for.inc17.i633, void %_Z9kernel548PA192_A18_A18_ff.exit.exitStub" [spikingformer_official.cpp:1518->spikingformer_official.cpp:2415]   --->   Operation 16 'br' 'br_ln1518' <Predicate = true> <Delay = 0.00>
ST_1 : Operation 17 [1/1] (0.42ns)   --->   "%store_ln1518 = store i16 %add_ln1518, i16 %indvar_flatten13534" [spikingformer_official.cpp:1518->spikingformer_official.cpp:2415]   --->   Operation 17 'store' 'store_ln1518' <Predicate = (!icmp_ln1518)> <Delay = 0.42>
ST_1 : Operation 24 [1/1] (0.42ns)   --->   "%ret_ln0 = ret"   --->   Operation 24 'ret' 'ret_ln0' <Predicate = (icmp_ln1518)> <Delay = 0.42>

State 2 <SV = 1> <Delay = 7.30>
ST_2 : Operation 18 [1/1] (0.00ns)   --->   "%g0_addr = getelementptr i32 %g0, i64 %sext_ln2299_cast" [spikingformer_official.cpp:2299->spikingformer_official.cpp:2325]   --->   Operation 18 'getelementptr' 'g0_addr' <Predicate = true> <Delay = 0.00>
ST_2 : Operation 19 [1/1] (0.00ns)   --->   "%specloopname_ln0 = specloopname void @_ssdm_op_SpecLoopName, void @VITIS_LOOP_1518_1_VITIS_LOOP_1519_2_VITIS_LOOP_1520_3_str"   --->   Operation 19 'specloopname' 'specloopname_ln0' <Predicate = true> <Delay = 0.00>
ST_2 : Operation 20 [1/1] (0.00ns)   --->   "%speclooptripcount_ln0 = speclooptripcount void @_ssdm_op_SpecLoopTripCount, i64 62208, i64 62208, i64 62208"   --->   Operation 20 'speclooptripcount' 'speclooptripcount_ln0' <Predicate = true> <Delay = 0.00>
ST_2 : Operation 21 [1/1] (0.00ns)   --->   "%specpipeline_ln1521 = specpipeline void @_ssdm_op_SpecPipeline, i32 1, i32 0, i32 0, i32 0, i32 4294967295, void @empty_35" [spikingformer_official.cpp:1521->spikingformer_official.cpp:2415]   --->   Operation 21 'specpipeline' 'specpipeline_ln1521' <Predicate = true> <Delay = 0.00>
ST_2 : Operation 22 [1/1] ( I:7.30ns O:7.30ns )   --->   "%write_ln1523 = write void @_ssdm_op_Write.m_axi.p1i32.i32, i32 %g0_addr, i32 0, i4 15" [spikingformer_official.cpp:1523->spikingformer_official.cpp:2415]   --->   Operation 22 'write' 'write_ln1523' <Predicate = true> <Delay = 7.30> <CoreInst = "m_axi">   --->   Core 119 'm_axi' <Latency = 5> <II = 1> <Delay = 1.00> <Adapter> <Opcode : 'readrequnaligned' 'writerequnaligned' 'read' 'write' 'readreq' 'writereq' 'writeresp'>
ST_2 : Operation 23 [1/1] (0.00ns)   --->   "%br_ln1520 = br void %for.inc.i627" [spikingformer_official.cpp:1520->spikingformer_official.cpp:2415]   --->   Operation 23 'br' 'br_ln1520' <Predicate = true> <Delay = 0.00>


============================================================
+ Verbose Summary: Timing violations
============================================================
Target clock period: 10.000ns, clock uncertainty: 2.700ns.

 <State 1>: 1.707ns
The critical path consists of the following:
	'store' operation ('store_ln0') of constant 0 16 bit on local variable 'indvar_flatten13534' [8]  (0.427 ns)
	'load' operation 16 bit ('indvar_flatten13534_load', spikingformer_official.cpp:1518->spikingformer_official.cpp:2415) on local variable 'indvar_flatten13534' [11]  (0.000 ns)
	'add' operation 16 bit ('add_ln1518', spikingformer_official.cpp:1518->spikingformer_official.cpp:2415) [14]  (0.853 ns)
	'store' operation ('store_ln1518', spikingformer_official.cpp:1518->spikingformer_official.cpp:2415) of variable 'add_ln1518', spikingformer_official.cpp:1518->spikingformer_official.cpp:2415 16 bit on local variable 'indvar_flatten13534' [22]  (0.427 ns)

 <State 2>: 7.300ns
The critical path consists of the following:
	'getelementptr' operation 32 bit ('g0_addr', spikingformer_official.cpp:2299->spikingformer_official.cpp:2325) [17]  (0.000 ns)
	bus write operation ('write_ln1523', spikingformer_official.cpp:1523->spikingformer_official.cpp:2415) on port 'g0' (spikingformer_official.cpp:1523->spikingformer_official.cpp:2415) [21]  (7.300 ns)


============================================================
+ Verbose Summary: Binding
============================================================
N/A
* FSMD analyzer results:
  - Output states:
 - Input state : 
  - Chain level:
	State 1
	State 2


============================================================
+ Verbose Summary: Datapath Resource usage 
============================================================
N/A
