

================================================================
== Vitis HLS Report for 'control_Pipeline_VITIS_LOOP_687_1_VITIS_LOOP_688_2'
================================================================
* Date:           Sun Jul 12 20:26:46 2026

* Version:        2025.2 (Build 6295257 on Nov 14 2025)
* Project:        spikingformer_proj
* Solution:       solution1 (Vivado IP Flow Target)
* Product family: zynquplus
* Target device:  xczu7ev-ffvc1156-2-e


================================================================
== Performance Estimates
================================================================
+ Timing: 
    * Summary: 
    +--------+----------+----------+------------+
    |  Clock |  Target  | Estimated| Uncertainty|
    +--------+----------+----------+------------+
    |ap_clk  |  10.00 ns|  7.300 ns|     2.70 ns|
    +--------+----------+----------+------------+

+ Latency: 
    * Summary: 
    +---------+---------+----------+----------+-----+-----+-------------------+
    |  Latency (cycles) |  Latency (absolute) |  Interval |      Pipeline     |
    |   min   |   max   |    min   |    max   | min | max |        Type       |
    +---------+---------+----------+----------+-----+-----+-------------------+
    |    24596|    24596|  0.246 ms|  0.246 ms|    0|    0|  loop pipeline stp|
    +---------+---------+----------+----------+-----+-----+-------------------+

    + Detail: 
        * Instance: 
        N/A

        * Loop: 
        +-------------------------------------+---------+---------+----------+-----------+-----------+-------+----------+
        |                                     |  Latency (cycles) | Iteration|  Initiation Interval  |  Trip |          |
        |              Loop Name              |   min   |   max   |  Latency |  achieved |   target  | Count | Pipelined|
        +-------------------------------------+---------+---------+----------+-----------+-----------+-------+----------+
        |- VITIS_LOOP_687_1_VITIS_LOOP_688_2  |    24594|    24594|        20|          1|          1|  24576|       yes|
        +-------------------------------------+---------+---------+----------+-----------+-----------+-------+----------+



================================================================
== Utilization Estimates
================================================================
* Summary: 
+-----------------+---------+------+--------+--------+-----+
|       Name      | BRAM_18K|  DSP |   FF   |   LUT  | URAM|
+-----------------+---------+------+--------+--------+-----+
|DSP              |        -|     -|       -|       -|    -|
|Expression       |        -|     -|       0|     273|    -|
|FIFO             |        -|     -|       -|       -|    -|
|Instance         |        -|     -|       -|       -|    -|
|Memory           |        -|     -|       -|       -|    -|
|Multiplexer      |        -|     -|       0|     117|    -|
|Register         |        -|     -|     266|      32|    -|
+-----------------+---------+------+--------+--------+-----+
|Total            |        0|     0|     266|     422|    0|
+-----------------+---------+------+--------+--------+-----+
|Available        |      624|  1728|  460800|  230400|   96|
+-----------------+---------+------+--------+--------+-----+
|Utilization (%)  |        0|     0|      ~0|      ~0|    0|
+-----------------+---------+------+--------+--------+-----+

+ Detail: 
    * Instance: 
    N/A

    * DSP: 
    N/A

    * Memory: 
    N/A

    * FIFO: 
    N/A

    * Expression: 
    +--------------------------------+----------+----+---+----+------------+------------+
    |          Variable Name         | Operation| DSP| FF| LUT| Bitwidth P0| Bitwidth P1|
    +--------------------------------+----------+----+---+----+------------+------------+
    |add_ln687_3_fu_181_p2           |         +|   0|  0|  22|          15|           1|
    |add_ln687_fu_193_p2             |         +|   0|  0|  14|           7|           1|
    |add_ln688_fu_295_p2             |         +|   0|  0|  16|           9|           1|
    |add_ln691_1_fu_269_p2           |         +|   0|  0|  64|          64|          64|
    |add_ln691_fu_263_p2             |         +|   0|  0|  64|          64|          64|
    |sub_ln691_fu_241_p2             |         -|   0|  0|  25|          18|          18|
    |ap_block_pp0_stage0_00001_grp2  |       and|   0|  0|   2|           1|           1|
    |ap_block_pp0_stage0_11001_grp1  |       and|   0|  0|   2|           1|           1|
    |ap_block_pp0_stage0_11001_grp3  |       and|   0|  0|   2|           1|           1|
    |ap_block_pp0_stage0_11001_grp5  |       and|   0|  0|   2|           1|           1|
    |icmp_ln687_fu_175_p2            |      icmp|   0|  0|  22|          15|          15|
    |icmp_ln688_fu_199_p2            |      icmp|   0|  0|  16|           9|           9|
    |ap_block_pp0_stage0_11001       |        or|   0|  0|   2|           1|           1|
    |ap_block_pp0_stage0_11001_grp2  |        or|   0|  0|   2|           1|           1|
    |select_ln687_1_fu_213_p3        |    select|   0|  0|   7|           1|           7|
    |select_ln687_fu_205_p3          |    select|   0|  0|   9|           1|           1|
    |ap_enable_pp0                   |       xor|   0|  0|   2|           1|           2|
    +--------------------------------+----------+----+---+----+------------+------------+
    |Total                           |          |   0|  0| 273|         210|         189|
    +--------------------------------+----------+----+---+----+------------+------------+

    * Multiplexer: 
    +-------------------------------------------+----+-----------+-----+-----------+
    |                    Name                   | LUT| Input Size| Bits| Total Bits|
    +-------------------------------------------+----+-----------+-----+-----------+
    |ap_done_int                                |   9|          2|    1|          2|
    |ap_enable_reg_pp0_iter1                    |   9|          2|    1|          2|
    |ap_sig_allocacmp_indvar_flatten14110_load  |   9|          2|   15|         30|
    |ap_sig_allocacmp_v281_load                 |   9|          2|    7|         14|
    |ap_sig_allocacmp_v282_load                 |   9|          2|    9|         18|
    |g0_blk_n_AR                                |   9|          2|    1|          2|
    |g0_blk_n_AW                                |   9|          2|    1|          2|
    |g0_blk_n_B                                 |   9|          2|    1|          2|
    |g0_blk_n_R                                 |   9|          2|    1|          2|
    |g0_blk_n_W                                 |   9|          2|    1|          2|
    |indvar_flatten14110_fu_104                 |   9|          2|   15|         30|
    |v281_fu_100                                |   9|          2|    7|         14|
    |v282_fu_96                                 |   9|          2|    9|         18|
    +-------------------------------------------+----+-----------+-----+-----------+
    |Total                                      | 117|         26|   69|        138|
    +-------------------------------------------+----+-----------+-----+-----------+

    * Register: 
    +-------------------------------------------+----+----+-----+-----------+
    |                    Name                   | FF | LUT| Bits| Const Bits|
    +-------------------------------------------+----+----+-----+-----------+
    |ap_CS_fsm                                  |   1|   0|    1|          0|
    |ap_block_pp0_stage0_subdone_grp1_done_reg  |   1|   0|    1|          0|
    |ap_block_pp0_stage0_subdone_grp2_done_reg  |   1|   0|    1|          0|
    |ap_block_pp0_stage0_subdone_grp3_done_reg  |   1|   0|    1|          0|
    |ap_block_pp0_stage0_subdone_grp5_done_reg  |   1|   0|    1|          0|
    |ap_done_reg                                |   1|   0|    1|          0|
    |ap_enable_reg_pp0_iter1                    |   1|   0|    1|          0|
    |ap_enable_reg_pp0_iter10                   |   1|   0|    1|          0|
    |ap_enable_reg_pp0_iter11                   |   1|   0|    1|          0|
    |ap_enable_reg_pp0_iter12                   |   1|   0|    1|          0|
    |ap_enable_reg_pp0_iter13                   |   1|   0|    1|          0|
    |ap_enable_reg_pp0_iter14                   |   1|   0|    1|          0|
    |ap_enable_reg_pp0_iter15                   |   1|   0|    1|          0|
    |ap_enable_reg_pp0_iter16                   |   1|   0|    1|          0|
    |ap_enable_reg_pp0_iter17                   |   1|   0|    1|          0|
    |ap_enable_reg_pp0_iter18                   |   1|   0|    1|          0|
    |ap_enable_reg_pp0_iter19                   |   1|   0|    1|          0|
    |ap_enable_reg_pp0_iter2                    |   1|   0|    1|          0|
    |ap_enable_reg_pp0_iter3                    |   1|   0|    1|          0|
    |ap_enable_reg_pp0_iter4                    |   1|   0|    1|          0|
    |ap_enable_reg_pp0_iter5                    |   1|   0|    1|          0|
    |ap_enable_reg_pp0_iter6                    |   1|   0|    1|          0|
    |ap_enable_reg_pp0_iter7                    |   1|   0|    1|          0|
    |ap_enable_reg_pp0_iter8                    |   1|   0|    1|          0|
    |ap_enable_reg_pp0_iter9                    |   1|   0|    1|          0|
    |ap_loop_exit_ready_pp0_iter10_reg          |   1|   0|    1|          0|
    |ap_loop_exit_ready_pp0_iter11_reg          |   1|   0|    1|          0|
    |ap_loop_exit_ready_pp0_iter12_reg          |   1|   0|    1|          0|
    |ap_loop_exit_ready_pp0_iter13_reg          |   1|   0|    1|          0|
    |ap_loop_exit_ready_pp0_iter14_reg          |   1|   0|    1|          0|
    |ap_loop_exit_ready_pp0_iter15_reg          |   1|   0|    1|          0|
    |ap_loop_exit_ready_pp0_iter16_reg          |   1|   0|    1|          0|
    |ap_loop_exit_ready_pp0_iter17_reg          |   1|   0|    1|          0|
    |ap_loop_exit_ready_pp0_iter18_reg          |   1|   0|    1|          0|
    |ap_loop_exit_ready_pp0_iter1_reg           |   1|   0|    1|          0|
    |ap_loop_exit_ready_pp0_iter2_reg           |   1|   0|    1|          0|
    |ap_loop_exit_ready_pp0_iter3_reg           |   1|   0|    1|          0|
    |ap_loop_exit_ready_pp0_iter4_reg           |   1|   0|    1|          0|
    |ap_loop_exit_ready_pp0_iter5_reg           |   1|   0|    1|          0|
    |ap_loop_exit_ready_pp0_iter6_reg           |   1|   0|    1|          0|
    |ap_loop_exit_ready_pp0_iter7_reg           |   1|   0|    1|          0|
    |ap_loop_exit_ready_pp0_iter8_reg           |   1|   0|    1|          0|
    |ap_loop_exit_ready_pp0_iter9_reg           |   1|   0|    1|          0|
    |g0_addr_read_reg_358                       |  32|   0|   32|          0|
    |g0_addr_reg_349                            |  64|   0|   64|          0|
    |indvar_flatten14110_fu_104                 |  15|   0|   15|          0|
    |v281_fu_100                                |   7|   0|    7|          0|
    |v282_fu_96                                 |   9|   0|    9|          0|
    |v284_reg_368                               |  32|   0|   32|          0|
    |g0_addr_reg_349                            |  64|  32|   64|          0|
    +-------------------------------------------+----+----+-----+-----------+
    |Total                                      | 266|  32|  266|          0|
    +-------------------------------------------+----+----+-----+-----------+



================================================================
== Interface
================================================================
* Summary: 
+----------------------+-----+-----+------------+----------------------------------------------------+--------------+
|       RTL Ports      | Dir | Bits|  Protocol  |                    Source Object                   |    C Type    |
+----------------------+-----+-----+------------+----------------------------------------------------+--------------+
|ap_clk                |   in|    1|  ap_ctrl_hs|  control_Pipeline_VITIS_LOOP_687_1_VITIS_LOOP_688_2|  return value|
|ap_rst                |   in|    1|  ap_ctrl_hs|  control_Pipeline_VITIS_LOOP_687_1_VITIS_LOOP_688_2|  return value|
|ap_start              |   in|    1|  ap_ctrl_hs|  control_Pipeline_VITIS_LOOP_687_1_VITIS_LOOP_688_2|  return value|
|ap_done               |  out|    1|  ap_ctrl_hs|  control_Pipeline_VITIS_LOOP_687_1_VITIS_LOOP_688_2|  return value|
|ap_idle               |  out|    1|  ap_ctrl_hs|  control_Pipeline_VITIS_LOOP_687_1_VITIS_LOOP_688_2|  return value|
|ap_ready              |  out|    1|  ap_ctrl_hs|  control_Pipeline_VITIS_LOOP_687_1_VITIS_LOOP_688_2|  return value|
|grp_fu_7589_p_din0    |  out|   32|  ap_ctrl_hs|  control_Pipeline_VITIS_LOOP_687_1_VITIS_LOOP_688_2|  return value|
|grp_fu_7589_p_din1    |  out|   32|  ap_ctrl_hs|  control_Pipeline_VITIS_LOOP_687_1_VITIS_LOOP_688_2|  return value|
|grp_fu_7589_p_opcode  |  out|    1|  ap_ctrl_hs|  control_Pipeline_VITIS_LOOP_687_1_VITIS_LOOP_688_2|  return value|
|grp_fu_7589_p_dout0   |   in|   32|  ap_ctrl_hs|  control_Pipeline_VITIS_LOOP_687_1_VITIS_LOOP_688_2|  return value|
|grp_fu_7589_p_ce      |  out|    1|  ap_ctrl_hs|  control_Pipeline_VITIS_LOOP_687_1_VITIS_LOOP_688_2|  return value|
|m_axi_g0_0_AWVALID    |  out|    1|       m_axi|                                                  g0|       pointer|
|m_axi_g0_0_AWREADY    |   in|    1|       m_axi|                                                  g0|       pointer|
|m_axi_g0_0_AWADDR     |  out|   64|       m_axi|                                                  g0|       pointer|
|m_axi_g0_0_AWID       |  out|    1|       m_axi|                                                  g0|       pointer|
|m_axi_g0_0_AWLEN      |  out|   32|       m_axi|                                                  g0|       pointer|
|m_axi_g0_0_AWSIZE     |  out|    3|       m_axi|                                                  g0|       pointer|
|m_axi_g0_0_AWBURST    |  out|    2|       m_axi|                                                  g0|       pointer|
|m_axi_g0_0_AWLOCK     |  out|    2|       m_axi|                                                  g0|       pointer|
|m_axi_g0_0_AWCACHE    |  out|    4|       m_axi|                                                  g0|       pointer|
|m_axi_g0_0_AWPROT     |  out|    3|       m_axi|                                                  g0|       pointer|
|m_axi_g0_0_AWQOS      |  out|    4|       m_axi|                                                  g0|       pointer|
|m_axi_g0_0_AWREGION   |  out|    4|       m_axi|                                                  g0|       pointer|
|m_axi_g0_0_AWUSER     |  out|    1|       m_axi|                                                  g0|       pointer|
|m_axi_g0_0_WVALID     |  out|    1|       m_axi|                                                  g0|       pointer|
|m_axi_g0_0_WREADY     |   in|    1|       m_axi|                                                  g0|       pointer|
|m_axi_g0_0_WDATA      |  out|   32|       m_axi|                                                  g0|       pointer|
|m_axi_g0_0_WSTRB      |  out|    4|       m_axi|                                                  g0|       pointer|
|m_axi_g0_0_WLAST      |  out|    1|       m_axi|                                                  g0|       pointer|
|m_axi_g0_0_WID        |  out|    1|       m_axi|                                                  g0|       pointer|
|m_axi_g0_0_WUSER      |  out|    1|       m_axi|                                                  g0|       pointer|
|m_axi_g0_0_ARVALID    |  out|    1|       m_axi|                                                  g0|       pointer|
|m_axi_g0_0_ARREADY    |   in|    1|       m_axi|                                                  g0|       pointer|
|m_axi_g0_0_ARADDR     |  out|   64|       m_axi|                                                  g0|       pointer|
|m_axi_g0_0_ARID       |  out|    1|       m_axi|                                                  g0|       pointer|
|m_axi_g0_0_ARLEN      |  out|   32|       m_axi|                                                  g0|       pointer|
|m_axi_g0_0_ARSIZE     |  out|    3|       m_axi|                                                  g0|       pointer|
|m_axi_g0_0_ARBURST    |  out|    2|       m_axi|                                                  g0|       pointer|
|m_axi_g0_0_ARLOCK     |  out|    2|       m_axi|                                                  g0|       pointer|
|m_axi_g0_0_ARCACHE    |  out|    4|       m_axi|                                                  g0|       pointer|
|m_axi_g0_0_ARPROT     |  out|    3|       m_axi|                                                  g0|       pointer|
|m_axi_g0_0_ARQOS      |  out|    4|       m_axi|                                                  g0|       pointer|
|m_axi_g0_0_ARREGION   |  out|    4|       m_axi|                                                  g0|       pointer|
|m_axi_g0_0_ARUSER     |  out|    1|       m_axi|                                                  g0|       pointer|
|m_axi_g0_0_RVALID     |   in|    1|       m_axi|                                                  g0|       pointer|
|m_axi_g0_0_RREADY     |  out|    1|       m_axi|                                                  g0|       pointer|
|m_axi_g0_0_RDATA      |   in|   32|       m_axi|                                                  g0|       pointer|
|m_axi_g0_0_RLAST      |   in|    1|       m_axi|                                                  g0|       pointer|
|m_axi_g0_0_RID        |   in|    1|       m_axi|                                                  g0|       pointer|
|m_axi_g0_0_RFIFONUM   |   in|    9|       m_axi|                                                  g0|       pointer|
|m_axi_g0_0_RUSER      |   in|    1|       m_axi|                                                  g0|       pointer|
|m_axi_g0_0_RRESP      |   in|    2|       m_axi|                                                  g0|       pointer|
|m_axi_g0_0_BVALID     |   in|    1|       m_axi|                                                  g0|       pointer|
|m_axi_g0_0_BREADY     |  out|    1|       m_axi|                                                  g0|       pointer|
|m_axi_g0_0_BRESP      |   in|    2|       m_axi|                                                  g0|       pointer|
|m_axi_g0_0_BID        |   in|    1|       m_axi|                                                  g0|       pointer|
|m_axi_g0_0_BUSER      |   in|    1|       m_axi|                                                  g0|       pointer|
|sext_ln736            |   in|   62|     ap_none|                                          sext_ln736|        scalar|
|v1007                 |   in|   64|     ap_none|                                               v1007|        scalar|
+----------------------+-----+-----+------------+----------------------------------------------------+--------------+

============================================================
+ Verbose Summary: Synthesis Manager
============================================================
InlineROM: 1
ExposeGlobal: 0
============================================================
+ Verbose Summary: CDFG Model
============================================================
IsTopModel: 0
ResetActiveHigh: 1
IsCombinational: 2
IsDatapathOnly: 2
HasWiredReturn: 1
HasMFsm: 2
HasVarLatency: 1
IsPipeline: 0
IsRtlPipelined: 0
IsInstanceOverlapped: 0
IsDontTouch: 0
HasImplIP: 0
IsGatedGlobalClock: 0

+ Individual pipeline summary: 
  * Pipeline-0: initiation interval (II) = 1, depth = 20


============================================================
+ Verbose Summary: Schedule
============================================================
* Number of FSM states : 20
* Pipeline : 1
  Pipeline-0 : II = 1, D = 20, States = { 1 2 3 4 5 6 7 8 9 10 11 12 13 14 15 16 17 18 19 20 }
* Dataflow Pipeline: 0

* FSM state transitions: 
1 --> 2 
2 --> 3 
3 --> 4 
4 --> 5 
5 --> 6 
6 --> 7 
7 --> 8 
8 --> 9 
9 --> 10 
10 --> 11 
11 --> 12 
12 --> 13 
13 --> 14 
14 --> 15 
15 --> 16 
16 --> 17 
17 --> 18 
18 --> 19 
19 --> 20 
20 --> 

* FSM state operations: 

State 1 <SV = 0> <Delay = 3.25>
ST_1 : Operation 23 [1/1] (0.00ns)   --->   "%v282 = alloca i32 1" [spikingformer_official.cpp:688->spikingformer_official.cpp:2583]   --->   Operation 23 'alloca' 'v282' <Predicate = true> <Delay = 0.00>
ST_1 : Operation 24 [1/1] (0.00ns)   --->   "%v281 = alloca i32 1" [spikingformer_official.cpp:687->spikingformer_official.cpp:2583]   --->   Operation 24 'alloca' 'v281' <Predicate = true> <Delay = 0.00>
ST_1 : Operation 25 [1/1] (0.00ns)   --->   "%indvar_flatten14110 = alloca i32 1"   --->   Operation 25 'alloca' 'indvar_flatten14110' <Predicate = true> <Delay = 0.00>
ST_1 : Operation 26 [1/1] (0.00ns)   --->   "%v1007_read = read i64 @_ssdm_op_Read.ap_auto.i64, i64 %v1007"   --->   Operation 26 'read' 'v1007_read' <Predicate = true> <Delay = 0.00>
ST_1 : Operation 27 [1/1] (0.00ns)   --->   "%sext_ln7362 = read i62 @_ssdm_op_Read.ap_auto.i62, i62 %sext_ln736"   --->   Operation 27 'read' 'sext_ln7362' <Predicate = true> <Delay = 0.00>
ST_1 : Operation 28 [1/1] (0.00ns)   --->   "%specstablecontent_ln0 = specstablecontent void @_ssdm_op_SpecStableContent, i32 %g0, i1 1, void "   --->   Operation 28 'specstablecontent' 'specstablecontent_ln0' <Predicate = true> <Delay = 0.00>
ST_1 : Operation 29 [1/1] (0.00ns)   --->   "%specinterface_ln0 = specinterface void @_ssdm_op_SpecInterface, i32 %g0, void @empty_26, i32 0, i32 0, void @empty_35, i32 0, i32 0, void @empty_22, void @empty_25, void @empty_35, i32 16, i32 16, i32 16, i32 16, void @empty_35, void @empty_35, i32 4294967295, i32 0, i32 0, i32 4"   --->   Operation 29 'specinterface' 'specinterface_ln0' <Predicate = true> <Delay = 0.00>
ST_1 : Operation 30 [1/1] (0.42ns)   --->   "%store_ln0 = store i15 0, i15 %indvar_flatten14110"   --->   Operation 30 'store' 'store_ln0' <Predicate = true> <Delay = 0.42>
ST_1 : Operation 31 [1/1] (0.42ns)   --->   "%store_ln687 = store i7 0, i7 %v281" [spikingformer_official.cpp:687->spikingformer_official.cpp:2583]   --->   Operation 31 'store' 'store_ln687' <Predicate = true> <Delay = 0.42>
ST_1 : Operation 32 [1/1] (0.42ns)   --->   "%store_ln688 = store i9 0, i9 %v282" [spikingformer_official.cpp:688->spikingformer_official.cpp:2583]   --->   Operation 32 'store' 'store_ln688' <Predicate = true> <Delay = 0.42>
ST_1 : Operation 33 [1/1] (0.00ns)   --->   "%br_ln0 = br void %for.inc.i1067"   --->   Operation 33 'br' 'br_ln0' <Predicate = true> <Delay = 0.00>
ST_1 : Operation 34 [1/1] (0.00ns)   --->   "%indvar_flatten14110_load = load i15 %indvar_flatten14110" [spikingformer_official.cpp:687->spikingformer_official.cpp:2583]   --->   Operation 34 'load' 'indvar_flatten14110_load' <Predicate = true> <Delay = 0.00>
ST_1 : Operation 35 [1/1] (0.00ns)   --->   "%specbitsmap_ln0 = specbitsmap void @_ssdm_op_SpecBitsMap, i32 %g0"   --->   Operation 35 'specbitsmap' 'specbitsmap_ln0' <Predicate = true> <Delay = 0.00>
ST_1 : Operation 36 [1/1] (0.84ns)   --->   "%icmp_ln687 = icmp_eq  i15 %indvar_flatten14110_load, i15 24576" [spikingformer_official.cpp:687->spikingformer_official.cpp:2583]   --->   Operation 36 'icmp' 'icmp_ln687' <Predicate = true> <Delay = 0.84> <CoreInst = "Cmp">   --->   Core 9 'Cmp' <Latency = 0> <II = 1> <Delay = 0.84> <FuncUnit> <Opcode : 'seteq' 'setne' 'setle' 'setge' 'setlt' 'setgt'> <InPorts = 2> <OutPorts = 1>
ST_1 : Operation 37 [1/1] (0.84ns)   --->   "%add_ln687_3 = add i15 %indvar_flatten14110_load, i15 1" [spikingformer_official.cpp:687->spikingformer_official.cpp:2583]   --->   Operation 37 'add' 'add_ln687_3' <Predicate = true> <Delay = 0.84> <CoreInst = "Adder">   --->   Core 1 'Adder' <Latency = 0> <II = 1> <Delay = 0.84> <FuncUnit> <Opcode : 'add' 'sub'> <InPorts = 2> <OutPorts = 1>
ST_1 : Operation 38 [1/1] (0.00ns)   --->   "%br_ln687 = br i1 %icmp_ln687, void %for.inc13.i1070, void %_Z8kernel50PA64_A384_ff.exit.exitStub" [spikingformer_official.cpp:687->spikingformer_official.cpp:2583]   --->   Operation 38 'br' 'br_ln687' <Predicate = true> <Delay = 0.00>
ST_1 : Operation 39 [1/1] (0.00ns)   --->   "%v282_load = load i9 %v282" [spikingformer_official.cpp:688->spikingformer_official.cpp:2583]   --->   Operation 39 'load' 'v282_load' <Predicate = (!icmp_ln687)> <Delay = 0.00>
ST_1 : Operation 40 [1/1] (0.00ns)   --->   "%v281_load = load i7 %v281" [spikingformer_official.cpp:687->spikingformer_official.cpp:2583]   --->   Operation 40 'load' 'v281_load' <Predicate = (!icmp_ln687)> <Delay = 0.00>
ST_1 : Operation 41 [1/1] (0.77ns)   --->   "%add_ln687 = add i7 %v281_load, i7 1" [spikingformer_official.cpp:687->spikingformer_official.cpp:2583]   --->   Operation 41 'add' 'add_ln687' <Predicate = (!icmp_ln687)> <Delay = 0.77> <CoreInst = "Adder">   --->   Core 1 'Adder' <Latency = 0> <II = 1> <Delay = 0.77> <FuncUnit> <Opcode : 'add' 'sub'> <InPorts = 2> <OutPorts = 1>
ST_1 : Operation 42 [1/1] (0.77ns)   --->   "%icmp_ln688 = icmp_eq  i9 %v282_load, i9 384" [spikingformer_official.cpp:688->spikingformer_official.cpp:2583]   --->   Operation 42 'icmp' 'icmp_ln688' <Predicate = (!icmp_ln687)> <Delay = 0.77> <CoreInst = "Cmp">   --->   Core 9 'Cmp' <Latency = 0> <II = 1> <Delay = 0.77> <FuncUnit> <Opcode : 'seteq' 'setne' 'setle' 'setge' 'setlt' 'setgt'> <InPorts = 2> <OutPorts = 1>
ST_1 : Operation 43 [1/1] (0.39ns)   --->   "%select_ln687 = select i1 %icmp_ln688, i9 0, i9 %v282_load" [spikingformer_official.cpp:687->spikingformer_official.cpp:2583]   --->   Operation 43 'select' 'select_ln687' <Predicate = (!icmp_ln687)> <Delay = 0.39> <CoreInst = "Sel">   --->   Core 73 'Sel' <Latency = 0> <II = 1> <Delay = 0.39> <FuncUnit> <Opcode : 'select'> <InPorts = 3> <OutPorts = 1>
ST_1 : Operation 44 [1/1] (0.36ns)   --->   "%select_ln687_1 = select i1 %icmp_ln688, i7 %add_ln687, i7 %v281_load" [spikingformer_official.cpp:687->spikingformer_official.cpp:2583]   --->   Operation 44 'select' 'select_ln687_1' <Predicate = (!icmp_ln687)> <Delay = 0.36> <CoreInst = "Sel">   --->   Core 73 'Sel' <Latency = 0> <II = 1> <Delay = 0.36> <FuncUnit> <Opcode : 'select'> <InPorts = 3> <OutPorts = 1>
ST_1 : Operation 45 [1/1] (0.00ns)   --->   "%p_shl = bitconcatenate i18 @_ssdm_op_BitConcatenate.i18.i7.i11, i7 %select_ln687_1, i11 0" [spikingformer_official.cpp:691->spikingformer_official.cpp:2583]   --->   Operation 45 'bitconcatenate' 'p_shl' <Predicate = (!icmp_ln687)> <Delay = 0.00>
ST_1 : Operation 46 [1/1] (0.00ns)   --->   "%tmp = bitconcatenate i16 @_ssdm_op_BitConcatenate.i16.i7.i9, i7 %select_ln687_1, i9 0" [spikingformer_official.cpp:691->spikingformer_official.cpp:2583]   --->   Operation 46 'bitconcatenate' 'tmp' <Predicate = (!icmp_ln687)> <Delay = 0.00>
ST_1 : Operation 47 [1/1] (0.00ns)   --->   "%zext_ln691_3 = zext i16 %tmp" [spikingformer_official.cpp:691->spikingformer_official.cpp:2583]   --->   Operation 47 'zext' 'zext_ln691_3' <Predicate = (!icmp_ln687)> <Delay = 0.00>
ST_1 : Operation 48 [1/1] (0.87ns)   --->   "%sub_ln691 = sub i18 %p_shl, i18 %zext_ln691_3" [spikingformer_official.cpp:691->spikingformer_official.cpp:2583]   --->   Operation 48 'sub' 'sub_ln691' <Predicate = (!icmp_ln687)> <Delay = 0.87> <CoreInst = "Adder">   --->   Core 1 'Adder' <Latency = 0> <II = 1> <Delay = 0.87> <FuncUnit> <Opcode : 'add' 'sub'> <InPorts = 2> <OutPorts = 1>
ST_1 : Operation 49 [1/1] (0.00ns)   --->   "%zext_ln688 = zext i18 %sub_ln691" [spikingformer_official.cpp:688->spikingformer_official.cpp:2583]   --->   Operation 49 'zext' 'zext_ln688' <Predicate = (!icmp_ln687)> <Delay = 0.00>
ST_1 : Operation 50 [1/1] (0.00ns)   --->   "%shl_ln = bitconcatenate i11 @_ssdm_op_BitConcatenate.i11.i9.i2, i9 %select_ln687, i2 0" [spikingformer_official.cpp:691->spikingformer_official.cpp:2583]   --->   Operation 50 'bitconcatenate' 'shl_ln' <Predicate = (!icmp_ln687)> <Delay = 0.00>
ST_1 : Operation 51 [1/1] (0.00ns)   --->   "%zext_ln691 = zext i11 %shl_ln" [spikingformer_official.cpp:691->spikingformer_official.cpp:2583]   --->   Operation 51 'zext' 'zext_ln691' <Predicate = (!icmp_ln687)> <Delay = 0.00>
ST_1 : Operation 52 [1/1] (0.00ns) (grouped into TernaryAdder)   --->   "%add_ln691 = add i64 %v1007_read, i64 %zext_ln691" [spikingformer_official.cpp:691->spikingformer_official.cpp:2583]   --->   Operation 52 'add' 'add_ln691' <Predicate = (!icmp_ln687)> <Delay = 0.00> <CoreInst = "TAddSub">   --->   Core 10 'TAddSub' <Latency = 0> <II = 1> <Delay = 0.40> <IPBlock> <Opcode : 'add' 'sub'> <InPorts = 3> <OutPorts = 1> <Sync> <CReg>
ST_1 : Operation 53 [1/1] (0.81ns) (root node of TernaryAdder)   --->   "%add_ln691_1 = add i64 %add_ln691, i64 %zext_ln688" [spikingformer_official.cpp:691->spikingformer_official.cpp:2583]   --->   Operation 53 'add' 'add_ln691_1' <Predicate = (!icmp_ln687)> <Delay = 0.81> <CoreInst = "TAddSub">   --->   Core 10 'TAddSub' <Latency = 0> <II = 1> <Delay = 0.40> <IPBlock> <Opcode : 'add' 'sub'> <InPorts = 3> <OutPorts = 1> <Sync> <CReg>
ST_1 : Operation 54 [1/1] (0.00ns)   --->   "%trunc_ln = partselect i62 @_ssdm_op_PartSelect.i62.i64.i32.i32, i64 %add_ln691_1, i32 2, i32 63" [spikingformer_official.cpp:691->spikingformer_official.cpp:2583]   --->   Operation 54 'partselect' 'trunc_ln' <Predicate = (!icmp_ln687)> <Delay = 0.00>
ST_1 : Operation 55 [1/1] (0.00ns)   --->   "%sext_ln691 = sext i62 %trunc_ln" [spikingformer_official.cpp:691->spikingformer_official.cpp:2583]   --->   Operation 55 'sext' 'sext_ln691' <Predicate = (!icmp_ln687)> <Delay = 0.00>
ST_1 : Operation 56 [1/1] (0.00ns)   --->   "%g0_addr = getelementptr i32 %g0, i64 %sext_ln691" [spikingformer_official.cpp:691->spikingformer_official.cpp:2583]   --->   Operation 56 'getelementptr' 'g0_addr' <Predicate = (!icmp_ln687)> <Delay = 0.00>
ST_1 : Operation 57 [1/1] (0.77ns)   --->   "%add_ln688 = add i9 %select_ln687, i9 1" [spikingformer_official.cpp:688->spikingformer_official.cpp:2583]   --->   Operation 57 'add' 'add_ln688' <Predicate = (!icmp_ln687)> <Delay = 0.77> <CoreInst = "Adder">   --->   Core 1 'Adder' <Latency = 0> <II = 1> <Delay = 0.77> <FuncUnit> <Opcode : 'add' 'sub'> <InPorts = 2> <OutPorts = 1>
ST_1 : Operation 58 [1/1] (0.42ns)   --->   "%store_ln687 = store i15 %add_ln687_3, i15 %indvar_flatten14110" [spikingformer_official.cpp:687->spikingformer_official.cpp:2583]   --->   Operation 58 'store' 'store_ln687' <Predicate = (!icmp_ln687)> <Delay = 0.42>
ST_1 : Operation 59 [1/1] (0.42ns)   --->   "%store_ln687 = store i7 %select_ln687_1, i7 %v281" [spikingformer_official.cpp:687->spikingformer_official.cpp:2583]   --->   Operation 59 'store' 'store_ln687' <Predicate = (!icmp_ln687)> <Delay = 0.42>
ST_1 : Operation 60 [1/1] (0.42ns)   --->   "%store_ln688 = store i9 %add_ln688, i9 %v282" [spikingformer_official.cpp:688->spikingformer_official.cpp:2583]   --->   Operation 60 'store' 'store_ln688' <Predicate = (!icmp_ln687)> <Delay = 0.42>

State 2 <SV = 1> <Delay = 0.00>
ST_2 : Operation 61 [8/8] (7.30ns)   --->   "%g0_load_103_req = readreq i1 @_ssdm_op_ReadReq.m_axi.i32P1A, i64 %g0_addr, i64 1" [spikingformer_official.cpp:691->spikingformer_official.cpp:2583]   --->   Operation 61 'readreq' 'g0_load_103_req' <Predicate = true> <Delay = 7.30> <CoreInst = "m_axi">   --->   Core 119 'm_axi' <Latency = 6> <II = 1> <Delay = 1.00> <Adapter> <Opcode : 'readrequnaligned' 'writerequnaligned' 'read' 'write' 'readreq' 'writereq' 'writeresp'>

State 3 <SV = 2> <Delay = 0.00>
ST_3 : Operation 62 [7/8] (7.30ns)   --->   "%g0_load_103_req = readreq i1 @_ssdm_op_ReadReq.m_axi.i32P1A, i64 %g0_addr, i64 1" [spikingformer_official.cpp:691->spikingformer_official.cpp:2583]   --->   Operation 62 'readreq' 'g0_load_103_req' <Predicate = true> <Delay = 7.30> <CoreInst = "m_axi">   --->   Core 119 'm_axi' <Latency = 6> <II = 1> <Delay = 1.00> <Adapter> <Opcode : 'readrequnaligned' 'writerequnaligned' 'read' 'write' 'readreq' 'writereq' 'writeresp'>

State 4 <SV = 3> <Delay = 0.00>
ST_4 : Operation 63 [6/8] (7.30ns)   --->   "%g0_load_103_req = readreq i1 @_ssdm_op_ReadReq.m_axi.i32P1A, i64 %g0_addr, i64 1" [spikingformer_official.cpp:691->spikingformer_official.cpp:2583]   --->   Operation 63 'readreq' 'g0_load_103_req' <Predicate = true> <Delay = 7.30> <CoreInst = "m_axi">   --->   Core 119 'm_axi' <Latency = 6> <II = 1> <Delay = 1.00> <Adapter> <Opcode : 'readrequnaligned' 'writerequnaligned' 'read' 'write' 'readreq' 'writereq' 'writeresp'>

State 5 <SV = 4> <Delay = 0.00>
ST_5 : Operation 64 [5/8] (7.30ns)   --->   "%g0_load_103_req = readreq i1 @_ssdm_op_ReadReq.m_axi.i32P1A, i64 %g0_addr, i64 1" [spikingformer_official.cpp:691->spikingformer_official.cpp:2583]   --->   Operation 64 'readreq' 'g0_load_103_req' <Predicate = true> <Delay = 7.30> <CoreInst = "m_axi">   --->   Core 119 'm_axi' <Latency = 6> <II = 1> <Delay = 1.00> <Adapter> <Opcode : 'readrequnaligned' 'writerequnaligned' 'read' 'write' 'readreq' 'writereq' 'writeresp'>

State 6 <SV = 5> <Delay = 0.00>
ST_6 : Operation 65 [4/8] (7.30ns)   --->   "%g0_load_103_req = readreq i1 @_ssdm_op_ReadReq.m_axi.i32P1A, i64 %g0_addr, i64 1" [spikingformer_official.cpp:691->spikingformer_official.cpp:2583]   --->   Operation 65 'readreq' 'g0_load_103_req' <Predicate = true> <Delay = 7.30> <CoreInst = "m_axi">   --->   Core 119 'm_axi' <Latency = 6> <II = 1> <Delay = 1.00> <Adapter> <Opcode : 'readrequnaligned' 'writerequnaligned' 'read' 'write' 'readreq' 'writereq' 'writeresp'>

State 7 <SV = 6> <Delay = 0.00>
ST_7 : Operation 66 [3/8] (7.30ns)   --->   "%g0_load_103_req = readreq i1 @_ssdm_op_ReadReq.m_axi.i32P1A, i64 %g0_addr, i64 1" [spikingformer_official.cpp:691->spikingformer_official.cpp:2583]   --->   Operation 66 'readreq' 'g0_load_103_req' <Predicate = true> <Delay = 7.30> <CoreInst = "m_axi">   --->   Core 119 'm_axi' <Latency = 6> <II = 1> <Delay = 1.00> <Adapter> <Opcode : 'readrequnaligned' 'writerequnaligned' 'read' 'write' 'readreq' 'writereq' 'writeresp'>

State 8 <SV = 7> <Delay = 0.00>
ST_8 : Operation 67 [2/8] (7.30ns)   --->   "%g0_load_103_req = readreq i1 @_ssdm_op_ReadReq.m_axi.i32P1A, i64 %g0_addr, i64 1" [spikingformer_official.cpp:691->spikingformer_official.cpp:2583]   --->   Operation 67 'readreq' 'g0_load_103_req' <Predicate = true> <Delay = 7.30> <CoreInst = "m_axi">   --->   Core 119 'm_axi' <Latency = 6> <II = 1> <Delay = 1.00> <Adapter> <Opcode : 'readrequnaligned' 'writerequnaligned' 'read' 'write' 'readreq' 'writereq' 'writeresp'>

State 9 <SV = 8> <Delay = 7.30>
ST_9 : Operation 68 [1/8] ( I:7.30ns O:7.30ns )   --->   "%g0_load_103_req = readreq i1 @_ssdm_op_ReadReq.m_axi.i32P1A, i64 %g0_addr, i64 1" [spikingformer_official.cpp:691->spikingformer_official.cpp:2583]   --->   Operation 68 'readreq' 'g0_load_103_req' <Predicate = true> <Delay = 7.30> <CoreInst = "m_axi">   --->   Core 119 'm_axi' <Latency = 6> <II = 1> <Delay = 1.00> <Adapter> <Opcode : 'readrequnaligned' 'writerequnaligned' 'read' 'write' 'readreq' 'writereq' 'writeresp'>

State 10 <SV = 9> <Delay = 7.30>
ST_10 : Operation 69 [1/1] ( I:7.30ns O:7.30ns )   --->   "%g0_addr_read = read i32 @_ssdm_op_Read.m_axi.i32P1A, i64 %g0_addr" [spikingformer_official.cpp:691->spikingformer_official.cpp:2583]   --->   Operation 69 'read' 'g0_addr_read' <Predicate = true> <Delay = 7.30> <CoreInst = "m_axi">   --->   Core 119 'm_axi' <Latency = 3> <II = 1> <Delay = 1.00> <Adapter> <Opcode : 'readrequnaligned' 'writerequnaligned' 'read' 'write' 'readreq' 'writereq' 'writeresp'>

State 11 <SV = 10> <Delay = 6.43>
ST_11 : Operation 70 [1/1] (0.00ns)   --->   "%v283 = bitcast i32 %g0_addr_read" [spikingformer_official.cpp:691->spikingformer_official.cpp:2583]   --->   Operation 70 'bitcast' 'v283' <Predicate = true> <Delay = 0.00>
ST_11 : Operation 71 [4/4] (6.43ns)   --->   "%v284 = fadd i32 %v283, i32 -0.5" [spikingformer_official.cpp:692->spikingformer_official.cpp:2583]   --->   Operation 71 'fadd' 'v284' <Predicate = true> <Delay = 6.43> <CoreInst = "FAddSub_fulldsp">   --->   Core 18 'FAddSub_fulldsp' <Latency = 3> <II = 1> <Delay = 6.43> <FuncUnit> <Opcode : 'fadd' 'fsub'> <InPorts = 2> <OutPorts = 1>

State 12 <SV = 11> <Delay = 6.43>
ST_12 : Operation 72 [3/4] (6.43ns)   --->   "%v284 = fadd i32 %v283, i32 -0.5" [spikingformer_official.cpp:692->spikingformer_official.cpp:2583]   --->   Operation 72 'fadd' 'v284' <Predicate = true> <Delay = 6.43> <CoreInst = "FAddSub_fulldsp">   --->   Core 18 'FAddSub_fulldsp' <Latency = 3> <II = 1> <Delay = 6.43> <FuncUnit> <Opcode : 'fadd' 'fsub'> <InPorts = 2> <OutPorts = 1>

State 13 <SV = 12> <Delay = 6.43>
ST_13 : Operation 73 [2/4] (6.43ns)   --->   "%v284 = fadd i32 %v283, i32 -0.5" [spikingformer_official.cpp:692->spikingformer_official.cpp:2583]   --->   Operation 73 'fadd' 'v284' <Predicate = true> <Delay = 6.43> <CoreInst = "FAddSub_fulldsp">   --->   Core 18 'FAddSub_fulldsp' <Latency = 3> <II = 1> <Delay = 6.43> <FuncUnit> <Opcode : 'fadd' 'fsub'> <InPorts = 2> <OutPorts = 1>

State 14 <SV = 13> <Delay = 7.30>
ST_14 : Operation 74 [1/4] (6.43ns)   --->   "%v284 = fadd i32 %v283, i32 -0.5" [spikingformer_official.cpp:692->spikingformer_official.cpp:2583]   --->   Operation 74 'fadd' 'v284' <Predicate = true> <Delay = 6.43> <CoreInst = "FAddSub_fulldsp">   --->   Core 18 'FAddSub_fulldsp' <Latency = 3> <II = 1> <Delay = 6.43> <FuncUnit> <Opcode : 'fadd' 'fsub'> <InPorts = 2> <OutPorts = 1>
ST_14 : Operation 75 [1/1] ( I:7.30ns O:7.30ns )   --->   "%g0_addr_251_req = writereq i1 @_ssdm_op_WriteReq.m_axi.i32P1A, i64 %g0_addr, i64 1" [spikingformer_official.cpp:693->spikingformer_official.cpp:2583]   --->   Operation 75 'writereq' 'g0_addr_251_req' <Predicate = true> <Delay = 7.30> <CoreInst = "m_axi">   --->   Core 119 'm_axi' <Latency = 9> <II = 1> <Delay = 1.00> <Adapter> <Opcode : 'readrequnaligned' 'writerequnaligned' 'read' 'write' 'readreq' 'writereq' 'writeresp'>

State 15 <SV = 14> <Delay = 7.30>
ST_15 : Operation 76 [1/1] (0.00ns)   --->   "%bitcast_ln693 = bitcast i32 %v284" [spikingformer_official.cpp:693->spikingformer_official.cpp:2583]   --->   Operation 76 'bitcast' 'bitcast_ln693' <Predicate = true> <Delay = 0.00>
ST_15 : Operation 77 [1/1] ( I:7.30ns O:7.30ns )   --->   "%write_ln693 = write void @_ssdm_op_Write.m_axi.i32P1A, i64 %g0_addr, i32 %bitcast_ln693, i4 15" [spikingformer_official.cpp:693->spikingformer_official.cpp:2583]   --->   Operation 77 'write' 'write_ln693' <Predicate = true> <Delay = 7.30> <CoreInst = "m_axi">   --->   Core 119 'm_axi' <Latency = 5> <II = 1> <Delay = 1.00> <Adapter> <Opcode : 'readrequnaligned' 'writerequnaligned' 'read' 'write' 'readreq' 'writereq' 'writeresp'>

State 16 <SV = 15> <Delay = 0.00>
ST_16 : Operation 78 [5/5] (7.30ns)   --->   "%g0_addr_251_resp = writeresp i1 @_ssdm_op_WriteResp.m_axi.i32P1A, i64 %g0_addr" [spikingformer_official.cpp:693->spikingformer_official.cpp:2583]   --->   Operation 78 'writeresp' 'g0_addr_251_resp' <Predicate = true> <Delay = 7.30> <CoreInst = "m_axi">   --->   Core 119 'm_axi' <Latency = 3> <II = 1> <Delay = 1.00> <Adapter> <Opcode : 'readrequnaligned' 'writerequnaligned' 'read' 'write' 'readreq' 'writereq' 'writeresp'>

State 17 <SV = 16> <Delay = 0.00>
ST_17 : Operation 79 [4/5] (7.30ns)   --->   "%g0_addr_251_resp = writeresp i1 @_ssdm_op_WriteResp.m_axi.i32P1A, i64 %g0_addr" [spikingformer_official.cpp:693->spikingformer_official.cpp:2583]   --->   Operation 79 'writeresp' 'g0_addr_251_resp' <Predicate = true> <Delay = 7.30> <CoreInst = "m_axi">   --->   Core 119 'm_axi' <Latency = 3> <II = 1> <Delay = 1.00> <Adapter> <Opcode : 'readrequnaligned' 'writerequnaligned' 'read' 'write' 'readreq' 'writereq' 'writeresp'>

State 18 <SV = 17> <Delay = 0.00>
ST_18 : Operation 80 [3/5] (7.30ns)   --->   "%g0_addr_251_resp = writeresp i1 @_ssdm_op_WriteResp.m_axi.i32P1A, i64 %g0_addr" [spikingformer_official.cpp:693->spikingformer_official.cpp:2583]   --->   Operation 80 'writeresp' 'g0_addr_251_resp' <Predicate = true> <Delay = 7.30> <CoreInst = "m_axi">   --->   Core 119 'm_axi' <Latency = 3> <II = 1> <Delay = 1.00> <Adapter> <Opcode : 'readrequnaligned' 'writerequnaligned' 'read' 'write' 'readreq' 'writereq' 'writeresp'>

State 19 <SV = 18> <Delay = 0.42>
ST_19 : Operation 81 [2/5] (7.30ns)   --->   "%g0_addr_251_resp = writeresp i1 @_ssdm_op_WriteResp.m_axi.i32P1A, i64 %g0_addr" [spikingformer_official.cpp:693->spikingformer_official.cpp:2583]   --->   Operation 81 'writeresp' 'g0_addr_251_resp' <Predicate = true> <Delay = 7.30> <CoreInst = "m_axi">   --->   Core 119 'm_axi' <Latency = 3> <II = 1> <Delay = 1.00> <Adapter> <Opcode : 'readrequnaligned' 'writerequnaligned' 'read' 'write' 'readreq' 'writereq' 'writeresp'>
ST_19 : Operation 87 [1/1] (0.42ns)   --->   "%ret_ln0 = ret"   --->   Operation 87 'ret' 'ret_ln0' <Predicate = (icmp_ln687)> <Delay = 0.42>

State 20 <SV = 19> <Delay = 7.30>
ST_20 : Operation 82 [1/1] (0.00ns)   --->   "%specloopname_ln0 = specloopname void @_ssdm_op_SpecLoopName, void @VITIS_LOOP_687_1_VITIS_LOOP_688_2_str"   --->   Operation 82 'specloopname' 'specloopname_ln0' <Predicate = true> <Delay = 0.00>
ST_20 : Operation 83 [1/1] (0.00ns)   --->   "%speclooptripcount_ln0 = speclooptripcount void @_ssdm_op_SpecLoopTripCount, i64 24576, i64 24576, i64 24576"   --->   Operation 83 'speclooptripcount' 'speclooptripcount_ln0' <Predicate = true> <Delay = 0.00>
ST_20 : Operation 84 [1/1] (0.00ns)   --->   "%specpipeline_ln689 = specpipeline void @_ssdm_op_SpecPipeline, i32 1, i32 0, i32 0, i32 0, i32 4294967295, void @empty_35" [spikingformer_official.cpp:689->spikingformer_official.cpp:2583]   --->   Operation 84 'specpipeline' 'specpipeline_ln689' <Predicate = true> <Delay = 0.00>
ST_20 : Operation 85 [1/5] ( I:7.30ns O:7.30ns )   --->   "%g0_addr_251_resp = writeresp i1 @_ssdm_op_WriteResp.m_axi.i32P1A, i64 %g0_addr" [spikingformer_official.cpp:693->spikingformer_official.cpp:2583]   --->   Operation 85 'writeresp' 'g0_addr_251_resp' <Predicate = true> <Delay = 7.30> <CoreInst = "m_axi">   --->   Core 119 'm_axi' <Latency = 3> <II = 1> <Delay = 1.00> <Adapter> <Opcode : 'readrequnaligned' 'writerequnaligned' 'read' 'write' 'readreq' 'writereq' 'writeresp'>
ST_20 : Operation 86 [1/1] (0.00ns)   --->   "%br_ln688 = br void %for.inc.i1067" [spikingformer_official.cpp:688->spikingformer_official.cpp:2583]   --->   Operation 86 'br' 'br_ln688' <Predicate = true> <Delay = 0.00>


============================================================
+ Verbose Summary: Binding
============================================================
STG Binding: 
---------------- STG Properties BEGIN ----------------
- Is combinational: 0
- Is one-state seq: 0
- Is datapath-only: 0
- Is pipelined: 0
- Is top level: 0
Port [ Return ] is wired: 1; IO mode=ap_ctrl_hs:ce=0
Port [ g0]:  wired=1; compound=1; hidden=0; nouse=0; global=0; static=0; extern=0; dir=2; type=4; pingpong=0; private_global=0; IO mode=m_axi:ce=0
Port [ sext_ln736]:  wired=1; compound=0; hidden=0; nouse=0; global=0; static=0; extern=0; dir=0; type=0; pingpong=0; private_global=0; IO mode=ap_none:ce=0
Port [ v1007]:  wired=1; compound=0; hidden=0; nouse=0; global=0; static=0; extern=0; dir=0; type=0; pingpong=0; private_global=0; IO mode=ap_none:ce=0
---------------- STG Properties END ------------------

---------------- Datapath Model BEGIN ----------------

<LifeTime>
<method=bitvector/>
v282                     (alloca           ) [ 010000000000000000000]
v281                     (alloca           ) [ 010000000000000000000]
indvar_flatten14110      (alloca           ) [ 010000000000000000000]
v1007_read               (read             ) [ 000000000000000000000]
sext_ln7362              (read             ) [ 000000000000000000000]
specstablecontent_ln0    (specstablecontent) [ 000000000000000000000]
specinterface_ln0        (specinterface    ) [ 000000000000000000000]
store_ln0                (store            ) [ 000000000000000000000]
store_ln687              (store            ) [ 000000000000000000000]
store_ln688              (store            ) [ 000000000000000000000]
br_ln0                   (br               ) [ 000000000000000000000]
indvar_flatten14110_load (load             ) [ 000000000000000000000]
specbitsmap_ln0          (specbitsmap      ) [ 000000000000000000000]
icmp_ln687               (icmp             ) [ 011111111111111111110]
add_ln687_3              (add              ) [ 000000000000000000000]
br_ln687                 (br               ) [ 000000000000000000000]
v282_load                (load             ) [ 000000000000000000000]
v281_load                (load             ) [ 000000000000000000000]
add_ln687                (add              ) [ 000000000000000000000]
icmp_ln688               (icmp             ) [ 000000000000000000000]
select_ln687             (select           ) [ 000000000000000000000]
select_ln687_1           (select           ) [ 000000000000000000000]
p_shl                    (bitconcatenate   ) [ 000000000000000000000]
tmp                      (bitconcatenate   ) [ 000000000000000000000]
zext_ln691_3             (zext             ) [ 000000000000000000000]
sub_ln691                (sub              ) [ 000000000000000000000]
zext_ln688               (zext             ) [ 000000000000000000000]
shl_ln                   (bitconcatenate   ) [ 000000000000000000000]
zext_ln691               (zext             ) [ 000000000000000000000]
add_ln691                (add              ) [ 000000000000000000000]
add_ln691_1              (add              ) [ 000000000000000000000]
trunc_ln                 (partselect       ) [ 000000000000000000000]
sext_ln691               (sext             ) [ 000000000000000000000]
g0_addr                  (getelementptr    ) [ 011111111111111111111]
add_ln688                (add              ) [ 000000000000000000000]
store_ln687              (store            ) [ 000000000000000000000]
store_ln687              (store            ) [ 000000000000000000000]
store_ln688              (store            ) [ 000000000000000000000]
g0_load_103_req          (readreq          ) [ 000000000000000000000]
g0_addr_read             (read             ) [ 010000000001000000000]
v283                     (bitcast          ) [ 010000000000111000000]
v284                     (fadd             ) [ 010000000000000100000]
g0_addr_251_req          (writereq         ) [ 000000000000000000000]
bitcast_ln693            (bitcast          ) [ 000000000000000000000]
write_ln693              (write            ) [ 000000000000000000000]
specloopname_ln0         (specloopname     ) [ 000000000000000000000]
speclooptripcount_ln0    (speclooptripcount) [ 000000000000000000000]
specpipeline_ln689       (specpipeline     ) [ 000000000000000000000]
g0_addr_251_resp         (writeresp        ) [ 000000000000000000000]
br_ln688                 (br               ) [ 000000000000000000000]
ret_ln0                  (ret              ) [ 000000000000000000000]
</LifeTime>

<model>

<comp_list>
<comp id="0" class="1000" name="g0">
<pin_list>
<pin id="1" dir="1" index="0" bw="1" slack="0"/>
</pin_list>
<bind>
<StgValue><ssdm name="g0"/><MemPortTyVec>2 </MemPortTyVec>
</StgValue>
</bind>
</comp>

<comp id="2" class="1000" name="sext_ln736">
<pin_list>
<pin id="3" dir="1" index="0" bw="1" slack="0"/>
</pin_list>
<bind>
<StgValue><ssdm name="sext_ln736"/></StgValue>
</bind>
</comp>

<comp id="4" class="1000" name="v1007">
<pin_list>
<pin id="5" dir="1" index="0" bw="1" slack="0"/>
</pin_list>
<bind>
<StgValue><ssdm name="v1007"/></StgValue>
</bind>
</comp>

<comp id="6" class="1001" name="const_6">
<pin_list>
<pin id="7" dir="1" index="0" bw="1" slack="0"/>
</pin_list>
<bind>
<StgValue><ssdm name=""/></StgValue>
</bind>
</comp>

<comp id="8" class="1001" name="const_8">
<pin_list>
<pin id="9" dir="1" index="0" bw="1" slack="0"/>
</pin_list>
<bind>
<StgValue><ssdm name="_ssdm_op_Read.ap_auto.i64"/></StgValue>
</bind>
</comp>

<comp id="10" class="1001" name="const_10">
<pin_list>
<pin id="11" dir="1" index="0" bw="1" slack="0"/>
</pin_list>
<bind>
<StgValue><ssdm name="_ssdm_op_Read.ap_auto.i62"/></StgValue>
</bind>
</comp>

<comp id="12" class="1001" name="const_12">
<pin_list>
<pin id="13" dir="1" index="0" bw="1" slack="2147483647"/>
</pin_list>
<bind>
<StgValue><ssdm name="_ssdm_op_SpecStableContent"/></StgValue>
</bind>
</comp>

<comp id="14" class="1001" name="const_14">
<pin_list>
<pin id="15" dir="1" index="0" bw="1" slack="2147483647"/>
</pin_list>
<bind>
<StgValue><ssdm name=""/></StgValue>
</bind>
</comp>

<comp id="16" class="1001" name="const_16">
<pin_list>
<pin id="17" dir="1" index="0" bw="1" slack="2147483647"/>
</pin_list>
<bind>
<StgValue><ssdm name=""/></StgValue>
</bind>
</comp>

<comp id="18" class="1001" name="const_18">
<pin_list>
<pin id="19" dir="1" index="0" bw="1" slack="2147483647"/>
</pin_list>
<bind>
<StgValue><ssdm name="_ssdm_op_SpecInterface"/></StgValue>
</bind>
</comp>

<comp id="20" class="1001" name="const_20">
<pin_list>
<pin id="21" dir="1" index="0" bw="1" slack="2147483647"/>
</pin_list>
<bind>
<StgValue><ssdm name="empty_26"/></StgValue>
</bind>
</comp>

<comp id="22" class="1001" name="const_22">
<pin_list>
<pin id="23" dir="1" index="0" bw="1" slack="2147483647"/>
</pin_list>
<bind>
<StgValue><ssdm name=""/></StgValue>
</bind>
</comp>

<comp id="24" class="1001" name="const_24">
<pin_list>
<pin id="25" dir="1" index="0" bw="1" slack="2147483647"/>
</pin_list>
<bind>
<StgValue><ssdm name="empty_35"/></StgValue>
</bind>
</comp>

<comp id="26" class="1001" name="const_26">
<pin_list>
<pin id="27" dir="1" index="0" bw="1" slack="2147483647"/>
</pin_list>
<bind>
<StgValue><ssdm name="empty_22"/></StgValue>
</bind>
</comp>

<comp id="28" class="1001" name="const_28">
<pin_list>
<pin id="29" dir="1" index="0" bw="1" slack="2147483647"/>
</pin_list>
<bind>
<StgValue><ssdm name="empty_25"/></StgValue>
</bind>
</comp>

<comp id="30" class="1001" name="const_30">
<pin_list>
<pin id="31" dir="1" index="0" bw="1" slack="2147483647"/>
</pin_list>
<bind>
<StgValue><ssdm name=""/></StgValue>
</bind>
</comp>

<comp id="32" class="1001" name="const_32">
<pin_list>
<pin id="33" dir="1" index="0" bw="1" slack="2147483647"/>
</pin_list>
<bind>
<StgValue><ssdm name=""/></StgValue>
</bind>
</comp>

<comp id="34" class="1001" name="const_34">
<pin_list>
<pin id="35" dir="1" index="0" bw="1" slack="2147483647"/>
</pin_list>
<bind>
<StgValue><ssdm name=""/></StgValue>
</bind>
</comp>

<comp id="36" class="1001" name="const_36">
<pin_list>
<pin id="37" dir="1" index="0" bw="1" slack="0"/>
</pin_list>
<bind>
<StgValue><ssdm name=""/></StgValue>
</bind>
</comp>

<comp id="38" class="1001" name="const_38">
<pin_list>
<pin id="39" dir="1" index="0" bw="1" slack="0"/>
</pin_list>
<bind>
<StgValue><ssdm name=""/></StgValue>
</bind>
</comp>

<comp id="40" class="1001" name="const_40">
<pin_list>
<pin id="41" dir="1" index="0" bw="1" slack="0"/>
</pin_list>
<bind>
<StgValue><ssdm name=""/></StgValue>
</bind>
</comp>

<comp id="42" class="1001" name="const_42">
<pin_list>
<pin id="43" dir="1" index="0" bw="1" slack="2147483647"/>
</pin_list>
<bind>
<StgValue><ssdm name="_ssdm_op_SpecBitsMap"/></StgValue>
</bind>
</comp>

<comp id="44" class="1001" name="const_44">
<pin_list>
<pin id="45" dir="1" index="0" bw="1" slack="0"/>
</pin_list>
<bind>
<StgValue><ssdm name=""/></StgValue>
</bind>
</comp>

<comp id="46" class="1001" name="const_46">
<pin_list>
<pin id="47" dir="1" index="0" bw="1" slack="0"/>
</pin_list>
<bind>
<StgValue><ssdm name=""/></StgValue>
</bind>
</comp>

<comp id="48" class="1001" name="const_48">
<pin_list>
<pin id="49" dir="1" index="0" bw="1" slack="0"/>
</pin_list>
<bind>
<StgValue><ssdm name=""/></StgValue>
</bind>
</comp>

<comp id="50" class="1001" name="const_50">
<pin_list>
<pin id="51" dir="1" index="0" bw="1" slack="0"/>
</pin_list>
<bind>
<StgValue><ssdm name=""/></StgValue>
</bind>
</comp>

<comp id="52" class="1001" name="const_52">
<pin_list>
<pin id="53" dir="1" index="0" bw="1" slack="0"/>
</pin_list>
<bind>
<StgValue><ssdm name="_ssdm_op_BitConcatenate.i18.i7.i11"/></StgValue>
</bind>
</comp>

<comp id="54" class="1001" name="const_54">
<pin_list>
<pin id="55" dir="1" index="0" bw="1" slack="0"/>
</pin_list>
<bind>
<StgValue><ssdm name=""/></StgValue>
</bind>
</comp>

<comp id="56" class="1001" name="const_56">
<pin_list>
<pin id="57" dir="1" index="0" bw="1" slack="0"/>
</pin_list>
<bind>
<StgValue><ssdm name="_ssdm_op_BitConcatenate.i16.i7.i9"/></StgValue>
</bind>
</comp>

<comp id="58" class="1001" name="const_58">
<pin_list>
<pin id="59" dir="1" index="0" bw="1" slack="0"/>
</pin_list>
<bind>
<StgValue><ssdm name="_ssdm_op_BitConcatenate.i11.i9.i2"/></StgValue>
</bind>
</comp>

<comp id="60" class="1001" name="const_60">
<pin_list>
<pin id="61" dir="1" index="0" bw="1" slack="0"/>
</pin_list>
<bind>
<StgValue><ssdm name=""/></StgValue>
</bind>
</comp>

<comp id="62" class="1001" name="const_62">
<pin_list>
<pin id="63" dir="1" index="0" bw="1" slack="0"/>
</pin_list>
<bind>
<StgValue><ssdm name="_ssdm_op_PartSelect.i62.i64.i32.i32"/></StgValue>
</bind>
</comp>

<comp id="64" class="1001" name="const_64">
<pin_list>
<pin id="65" dir="1" index="0" bw="1" slack="0"/>
</pin_list>
<bind>
<StgValue><ssdm name=""/></StgValue>
</bind>
</comp>

<comp id="66" class="1001" name="const_66">
<pin_list>
<pin id="67" dir="1" index="0" bw="1" slack="0"/>
</pin_list>
<bind>
<StgValue><ssdm name=""/></StgValue>
</bind>
</comp>

<comp id="68" class="1001" name="const_68">
<pin_list>
<pin id="69" dir="1" index="0" bw="1" slack="0"/>
</pin_list>
<bind>
<StgValue><ssdm name=""/></StgValue>
</bind>
</comp>

<comp id="70" class="1001" name="const_70">
<pin_list>
<pin id="71" dir="1" index="0" bw="1" slack="0"/>
</pin_list>
<bind>
<StgValue><ssdm name="_ssdm_op_ReadReq.m_axi.i32P1A"/></StgValue>
</bind>
</comp>

<comp id="72" class="1001" name="const_72">
<pin_list>
<pin id="73" dir="1" index="0" bw="1" slack="0"/>
</pin_list>
<bind>
<StgValue><ssdm name=""/></StgValue>
</bind>
</comp>

<comp id="74" class="1001" name="const_74">
<pin_list>
<pin id="75" dir="1" index="0" bw="1" slack="0"/>
</pin_list>
<bind>
<StgValue><ssdm name="_ssdm_op_Read.m_axi.i32P1A"/></StgValue>
</bind>
</comp>

<comp id="76" class="1001" name="const_76">
<pin_list>
<pin id="77" dir="1" index="0" bw="1" slack="0"/>
</pin_list>
<bind>
<StgValue><ssdm name=""/></StgValue>
</bind>
</comp>

<comp id="78" class="1001" name="const_78">
<pin_list>
<pin id="79" dir="1" index="0" bw="1" slack="0"/>
</pin_list>
<bind>
<StgValue><ssdm name="_ssdm_op_WriteReq.m_axi.i32P1A"/></StgValue>
</bind>
</comp>

<comp id="80" class="1001" name="const_80">
<pin_list>
<pin id="81" dir="1" index="0" bw="1" slack="0"/>
</pin_list>
<bind>
<StgValue><ssdm name="_ssdm_op_Write.m_axi.i32P1A"/></StgValue>
</bind>
</comp>

<comp id="82" class="1001" name="const_82">
<pin_list>
<pin id="83" dir="1" index="0" bw="1" slack="0"/>
</pin_list>
<bind>
<StgValue><ssdm name=""/></StgValue>
</bind>
</comp>

<comp id="84" class="1001" name="const_84">
<pin_list>
<pin id="85" dir="1" index="0" bw="1" slack="0"/>
</pin_list>
<bind>
<StgValue><ssdm name="_ssdm_op_WriteResp.m_axi.i32P1A"/></StgValue>
</bind>
</comp>

<comp id="86" class="1001" name="const_86">
<pin_list>
<pin id="87" dir="1" index="0" bw="1" slack="2147483647"/>
</pin_list>
<bind>
<StgValue><ssdm name="_ssdm_op_SpecLoopName"/></StgValue>
</bind>
</comp>

<comp id="88" class="1001" name="const_88">
<pin_list>
<pin id="89" dir="1" index="0" bw="1" slack="2147483647"/>
</pin_list>
<bind>
<StgValue><ssdm name="VITIS_LOOP_687_1_VITIS_LOOP_688_2_str"/></StgValue>
</bind>
</comp>

<comp id="90" class="1001" name="const_90">
<pin_list>
<pin id="91" dir="1" index="0" bw="1" slack="2147483647"/>
</pin_list>
<bind>
<StgValue><ssdm name="_ssdm_op_SpecLoopTripCount"/></StgValue>
</bind>
</comp>

<comp id="92" class="1001" name="const_92">
<pin_list>
<pin id="93" dir="1" index="0" bw="1" slack="2147483647"/>
</pin_list>
<bind>
<StgValue><ssdm name=""/></StgValue>
</bind>
</comp>

<comp id="94" class="1001" name="const_94">
<pin_list>
<pin id="95" dir="1" index="0" bw="1" slack="2147483647"/>
</pin_list>
<bind>
<StgValue><ssdm name="_ssdm_op_SpecPipeline"/></StgValue>
</bind>
</comp>

<comp id="96" class="1004" name="v282_fu_96">
<pin_list>
<pin id="97" dir="0" index="0" bw="1" slack="0"/>
<pin id="98" dir="1" index="1" bw="9" slack="0"/>
</pin_list>
<bind>
<opcode="alloca(26) " fcode="alloca"/>
<opset="v282/1 "/>
</bind>
</comp>

<comp id="100" class="1004" name="v281_fu_100">
<pin_list>
<pin id="101" dir="0" index="0" bw="1" slack="0"/>
<pin id="102" dir="1" index="1" bw="7" slack="0"/>
</pin_list>
<bind>
<opcode="alloca(26) " fcode="alloca"/>
<opset="v281/1 "/>
</bind>
</comp>

<comp id="104" class="1004" name="indvar_flatten14110_fu_104">
<pin_list>
<pin id="105" dir="0" index="0" bw="1" slack="0"/>
<pin id="106" dir="1" index="1" bw="15" slack="0"/>
</pin_list>
<bind>
<opcode="alloca(26) " fcode="alloca"/>
<opset="indvar_flatten14110/1 "/>
</bind>
</comp>

<comp id="108" class="1004" name="v1007_read_read_fu_108">
<pin_list>
<pin id="109" dir="0" index="0" bw="64" slack="0"/>
<pin id="110" dir="0" index="1" bw="64" slack="0"/>
<pin id="111" dir="1" index="2" bw="64" slack="0"/>
</pin_list>
<bind>
<opcode="read(1150) " fcode="read"/>
<opset="v1007_read/1 "/>
</bind>
</comp>

<comp id="114" class="1004" name="sext_ln7362_read_fu_114">
<pin_list>
<pin id="115" dir="0" index="0" bw="62" slack="0"/>
<pin id="116" dir="0" index="1" bw="62" slack="0"/>
<pin id="117" dir="1" index="2" bw="62" slack="2147483647"/>
</pin_list>
<bind>
<opcode="read(1150) " fcode="read"/>
<opset="sext_ln7362/1 "/>
</bind>
</comp>

<comp id="120" class="1004" name="grp_readreq_fu_120">
<pin_list>
<pin id="121" dir="0" index="0" bw="1" slack="0"/>
<pin id="122" dir="0" index="1" bw="32" slack="1"/>
<pin id="123" dir="0" index="2" bw="1" slack="0"/>
<pin id="124" dir="1" index="3" bw="1" slack="2147483647"/>
</pin_list>
<bind>
<opcode="readreq(1154) " fcode="readreq"/>
<opset="g0_load_103_req/2 "/>
</bind>
</comp>

<comp id="127" class="1004" name="g0_addr_read_read_fu_127">
<pin_list>
<pin id="128" dir="0" index="0" bw="32" slack="0"/>
<pin id="129" dir="0" index="1" bw="32" slack="9"/>
<pin id="130" dir="1" index="2" bw="32" slack="1"/>
</pin_list>
<bind>
<opcode="read(1150) " fcode="read"/>
<opset="g0_addr_read/10 "/>
</bind>
</comp>

<comp id="132" class="1004" name="g0_addr_251_req_writereq_fu_132">
<pin_list>
<pin id="133" dir="0" index="0" bw="1" slack="0"/>
<pin id="134" dir="0" index="1" bw="32" slack="13"/>
<pin id="135" dir="0" index="2" bw="1" slack="0"/>
<pin id="136" dir="1" index="3" bw="1" slack="2147483647"/>
</pin_list>
<bind>
<opcode="writereq(1155) " fcode="writereq"/>
<opset="g0_addr_251_req/14 "/>
</bind>
</comp>

<comp id="139" class="1004" name="write_ln693_write_fu_139">
<pin_list>
<pin id="140" dir="0" index="0" bw="0" slack="0"/>
<pin id="141" dir="0" index="1" bw="32" slack="14"/>
<pin id="142" dir="0" index="2" bw="32" slack="0"/>
<pin id="143" dir="0" index="3" bw="1" slack="0"/>
<pin id="144" dir="1" index="4" bw="0" slack="2147483647"/>
</pin_list>
<bind>
<opcode="write(1151) " fcode="write"/>
<opset="write_ln693/15 "/>
</bind>
</comp>

<comp id="147" class="1004" name="grp_writeresp_fu_147">
<pin_list>
<pin id="148" dir="0" index="0" bw="1" slack="0"/>
<pin id="149" dir="0" index="1" bw="32" slack="15"/>
<pin id="150" dir="1" index="2" bw="1" slack="2147483647"/>
</pin_list>
<bind>
<opcode="writeresp(1158) " fcode="writeresp"/>
<opset="g0_addr_251_resp/16 "/>
</bind>
</comp>

<comp id="152" class="1004" name="grp_fu_152">
<pin_list>
<pin id="153" dir="0" index="0" bw="32" slack="0"/>
<pin id="154" dir="0" index="1" bw="32" slack="0"/>
<pin id="155" dir="1" index="2" bw="32" slack="1"/>
</pin_list>
<bind>
<opcode="fadd(9) " fcode="fadd"/>
<opset="v284/11 "/>
</bind>
</comp>

<comp id="157" class="1004" name="store_ln0_store_fu_157">
<pin_list>
<pin id="158" dir="0" index="0" bw="1" slack="0"/>
<pin id="159" dir="0" index="1" bw="15" slack="0"/>
<pin id="160" dir="1" index="2" bw="0" slack="2147483647"/>
</pin_list>
<bind>
<opcode="store(28) " fcode="store"/>
<opset="store_ln0/1 "/>
</bind>
</comp>

<comp id="162" class="1004" name="store_ln687_store_fu_162">
<pin_list>
<pin id="163" dir="0" index="0" bw="1" slack="0"/>
<pin id="164" dir="0" index="1" bw="7" slack="0"/>
<pin id="165" dir="1" index="2" bw="0" slack="2147483647"/>
</pin_list>
<bind>
<opcode="store(28) " fcode="store"/>
<opset="store_ln687/1 "/>
</bind>
</comp>

<comp id="167" class="1004" name="store_ln688_store_fu_167">
<pin_list>
<pin id="168" dir="0" index="0" bw="1" slack="0"/>
<pin id="169" dir="0" index="1" bw="9" slack="0"/>
<pin id="170" dir="1" index="2" bw="0" slack="2147483647"/>
</pin_list>
<bind>
<opcode="store(28) " fcode="store"/>
<opset="store_ln688/1 "/>
</bind>
</comp>

<comp id="172" class="1004" name="indvar_flatten14110_load_load_fu_172">
<pin_list>
<pin id="173" dir="0" index="0" bw="15" slack="0"/>
<pin id="174" dir="1" index="1" bw="15" slack="0"/>
</pin_list>
<bind>
<opcode="load(27) " fcode="load"/>
<opset="indvar_flatten14110_load/1 "/>
</bind>
</comp>

<comp id="175" class="1004" name="icmp_ln687_fu_175">
<pin_list>
<pin id="176" dir="0" index="0" bw="15" slack="0"/>
<pin id="177" dir="0" index="1" bw="15" slack="0"/>
<pin id="178" dir="1" index="2" bw="1" slack="18"/>
</pin_list>
<bind>
<opcode="icmp(45) " fcode="icmp"/>
<opset="icmp_ln687/1 "/>
</bind>
</comp>

<comp id="181" class="1004" name="add_ln687_3_fu_181">
<pin_list>
<pin id="182" dir="0" index="0" bw="15" slack="0"/>
<pin id="183" dir="0" index="1" bw="1" slack="0"/>
<pin id="184" dir="1" index="2" bw="15" slack="0"/>
</pin_list>
<bind>
<opcode="add(8) " fcode="add"/>
<opset="add_ln687_3/1 "/>
</bind>
</comp>

<comp id="187" class="1004" name="v282_load_load_fu_187">
<pin_list>
<pin id="188" dir="0" index="0" bw="9" slack="0"/>
<pin id="189" dir="1" index="1" bw="9" slack="0"/>
</pin_list>
<bind>
<opcode="load(27) " fcode="load"/>
<opset="v282_load/1 "/>
</bind>
</comp>

<comp id="190" class="1004" name="v281_load_load_fu_190">
<pin_list>
<pin id="191" dir="0" index="0" bw="7" slack="0"/>
<pin id="192" dir="1" index="1" bw="7" slack="0"/>
</pin_list>
<bind>
<opcode="load(27) " fcode="load"/>
<opset="v281_load/1 "/>
</bind>
</comp>

<comp id="193" class="1004" name="add_ln687_fu_193">
<pin_list>
<pin id="194" dir="0" index="0" bw="7" slack="0"/>
<pin id="195" dir="0" index="1" bw="1" slack="0"/>
<pin id="196" dir="1" index="2" bw="7" slack="0"/>
</pin_list>
<bind>
<opcode="add(8) " fcode="add"/>
<opset="add_ln687/1 "/>
</bind>
</comp>

<comp id="199" class="1004" name="icmp_ln688_fu_199">
<pin_list>
<pin id="200" dir="0" index="0" bw="9" slack="0"/>
<pin id="201" dir="0" index="1" bw="9" slack="0"/>
<pin id="202" dir="1" index="2" bw="1" slack="0"/>
</pin_list>
<bind>
<opcode="icmp(45) " fcode="icmp"/>
<opset="icmp_ln688/1 "/>
</bind>
</comp>

<comp id="205" class="1004" name="select_ln687_fu_205">
<pin_list>
<pin id="206" dir="0" index="0" bw="1" slack="0"/>
<pin id="207" dir="0" index="1" bw="9" slack="0"/>
<pin id="208" dir="0" index="2" bw="9" slack="0"/>
<pin id="209" dir="1" index="3" bw="9" slack="0"/>
</pin_list>
<bind>
<opcode="select(49) " fcode="select"/>
<opset="select_ln687/1 "/>
</bind>
</comp>

<comp id="213" class="1004" name="select_ln687_1_fu_213">
<pin_list>
<pin id="214" dir="0" index="0" bw="1" slack="0"/>
<pin id="215" dir="0" index="1" bw="7" slack="0"/>
<pin id="216" dir="0" index="2" bw="7" slack="0"/>
<pin id="217" dir="1" index="3" bw="7" slack="0"/>
</pin_list>
<bind>
<opcode="select(49) " fcode="select"/>
<opset="select_ln687_1/1 "/>
</bind>
</comp>

<comp id="221" class="1004" name="p_shl_fu_221">
<pin_list>
<pin id="222" dir="0" index="0" bw="18" slack="0"/>
<pin id="223" dir="0" index="1" bw="7" slack="0"/>
<pin id="224" dir="0" index="2" bw="1" slack="0"/>
<pin id="225" dir="1" index="3" bw="18" slack="0"/>
</pin_list>
<bind>
<opcode="bitconcatenate(1004) " fcode="bitconcatenate"/>
<opset="p_shl/1 "/>
</bind>
</comp>

<comp id="229" class="1004" name="tmp_fu_229">
<pin_list>
<pin id="230" dir="0" index="0" bw="16" slack="0"/>
<pin id="231" dir="0" index="1" bw="7" slack="0"/>
<pin id="232" dir="0" index="2" bw="1" slack="0"/>
<pin id="233" dir="1" index="3" bw="16" slack="0"/>
</pin_list>
<bind>
<opcode="bitconcatenate(1004) " fcode="bitconcatenate"/>
<opset="tmp/1 "/>
</bind>
</comp>

<comp id="237" class="1004" name="zext_ln691_3_fu_237">
<pin_list>
<pin id="238" dir="0" index="0" bw="16" slack="0"/>
<pin id="239" dir="1" index="1" bw="18" slack="0"/>
</pin_list>
<bind>
<opcode="zext(34) " fcode="zext"/>
<opset="zext_ln691_3/1 "/>
</bind>
</comp>

<comp id="241" class="1004" name="sub_ln691_fu_241">
<pin_list>
<pin id="242" dir="0" index="0" bw="18" slack="0"/>
<pin id="243" dir="0" index="1" bw="16" slack="0"/>
<pin id="244" dir="1" index="2" bw="18" slack="0"/>
</pin_list>
<bind>
<opcode="sub(10) " fcode="sub"/>
<opset="sub_ln691/1 "/>
</bind>
</comp>

<comp id="247" class="1004" name="zext_ln688_fu_247">
<pin_list>
<pin id="248" dir="0" index="0" bw="18" slack="0"/>
<pin id="249" dir="1" index="1" bw="64" slack="0"/>
</pin_list>
<bind>
<opcode="zext(34) " fcode="zext"/>
<opset="zext_ln688/1 "/>
</bind>
</comp>

<comp id="251" class="1004" name="shl_ln_fu_251">
<pin_list>
<pin id="252" dir="0" index="0" bw="11" slack="0"/>
<pin id="253" dir="0" index="1" bw="9" slack="0"/>
<pin id="254" dir="0" index="2" bw="1" slack="0"/>
<pin id="255" dir="1" index="3" bw="11" slack="0"/>
</pin_list>
<bind>
<opcode="bitconcatenate(1004) " fcode="bitconcatenate"/>
<opset="shl_ln/1 "/>
</bind>
</comp>

<comp id="259" class="1004" name="zext_ln691_fu_259">
<pin_list>
<pin id="260" dir="0" index="0" bw="11" slack="0"/>
<pin id="261" dir="1" index="1" bw="64" slack="0"/>
</pin_list>
<bind>
<opcode="zext(34) " fcode="zext"/>
<opset="zext_ln691/1 "/>
</bind>
</comp>

<comp id="263" class="1004" name="add_ln691_fu_263">
<pin_list>
<pin id="264" dir="0" index="0" bw="64" slack="0"/>
<pin id="265" dir="0" index="1" bw="11" slack="0"/>
<pin id="266" dir="1" index="2" bw="64" slack="0"/>
</pin_list>
<bind>
<opcode="add(8) " fcode="add"/>
<opset="add_ln691/1 "/>
</bind>
</comp>

<comp id="269" class="1004" name="add_ln691_1_fu_269">
<pin_list>
<pin id="270" dir="0" index="0" bw="64" slack="0"/>
<pin id="271" dir="0" index="1" bw="18" slack="0"/>
<pin id="272" dir="1" index="2" bw="64" slack="0"/>
</pin_list>
<bind>
<opcode="add(8) " fcode="add"/>
<opset="add_ln691_1/1 "/>
</bind>
</comp>

<comp id="275" class="1004" name="trunc_ln_fu_275">
<pin_list>
<pin id="276" dir="0" index="0" bw="62" slack="0"/>
<pin id="277" dir="0" index="1" bw="64" slack="0"/>
<pin id="278" dir="0" index="2" bw="3" slack="0"/>
<pin id="279" dir="0" index="3" bw="7" slack="0"/>
<pin id="280" dir="1" index="4" bw="62" slack="0"/>
</pin_list>
<bind>
<opcode="partselect(1002) " fcode="partselect"/>
<opset="trunc_ln/1 "/>
</bind>
</comp>

<comp id="285" class="1004" name="sext_ln691_fu_285">
<pin_list>
<pin id="286" dir="0" index="0" bw="62" slack="0"/>
<pin id="287" dir="1" index="1" bw="64" slack="0"/>
</pin_list>
<bind>
<opcode="sext(35) " fcode="sext"/>
<opset="sext_ln691/1 "/>
</bind>
</comp>

<comp id="289" class="1004" name="g0_addr_fu_289">
<pin_list>
<pin id="290" dir="0" index="0" bw="64" slack="0"/>
<pin id="291" dir="0" index="1" bw="64" slack="0"/>
<pin id="292" dir="1" index="2" bw="64" slack="1"/>
</pin_list>
<bind>
<opcode="getelementptr(29) " fcode="getelementptr"/>
<opset="g0_addr/1 "/>
</bind>
</comp>

<comp id="295" class="1004" name="add_ln688_fu_295">
<pin_list>
<pin id="296" dir="0" index="0" bw="9" slack="0"/>
<pin id="297" dir="0" index="1" bw="1" slack="0"/>
<pin id="298" dir="1" index="2" bw="9" slack="0"/>
</pin_list>
<bind>
<opcode="add(8) " fcode="add"/>
<opset="add_ln688/1 "/>
</bind>
</comp>

<comp id="301" class="1004" name="store_ln687_store_fu_301">
<pin_list>
<pin id="302" dir="0" index="0" bw="15" slack="0"/>
<pin id="303" dir="0" index="1" bw="15" slack="0"/>
<pin id="304" dir="1" index="2" bw="0" slack="2147483647"/>
</pin_list>
<bind>
<opcode="store(28) " fcode="store"/>
<opset="store_ln687/1 "/>
</bind>
</comp>

<comp id="306" class="1004" name="store_ln687_store_fu_306">
<pin_list>
<pin id="307" dir="0" index="0" bw="7" slack="0"/>
<pin id="308" dir="0" index="1" bw="7" slack="0"/>
<pin id="309" dir="1" index="2" bw="0" slack="2147483647"/>
</pin_list>
<bind>
<opcode="store(28) " fcode="store"/>
<opset="store_ln687/1 "/>
</bind>
</comp>

<comp id="311" class="1004" name="store_ln688_store_fu_311">
<pin_list>
<pin id="312" dir="0" index="0" bw="9" slack="0"/>
<pin id="313" dir="0" index="1" bw="9" slack="0"/>
<pin id="314" dir="1" index="2" bw="0" slack="2147483647"/>
</pin_list>
<bind>
<opcode="store(28) " fcode="store"/>
<opset="store_ln688/1 "/>
</bind>
</comp>

<comp id="316" class="1004" name="v283_fu_316">
<pin_list>
<pin id="317" dir="0" index="0" bw="32" slack="1"/>
<pin id="318" dir="1" index="1" bw="32" slack="0"/>
</pin_list>
<bind>
<opcode="bitcast(44) " fcode="bitcast"/>
<opset="v283/11 "/>
</bind>
</comp>

<comp id="320" class="1004" name="bitcast_ln693_fu_320">
<pin_list>
<pin id="321" dir="0" index="0" bw="32" slack="1"/>
<pin id="322" dir="1" index="1" bw="32" slack="0"/>
</pin_list>
<bind>
<opcode="bitcast(44) " fcode="bitcast"/>
<opset="bitcast_ln693/15 "/>
</bind>
</comp>

<comp id="324" class="1005" name="v282_reg_324">
<pin_list>
<pin id="325" dir="0" index="0" bw="9" slack="0"/>
<pin id="326" dir="1" index="1" bw="9" slack="0"/>
</pin_list>
<bind>
<opset="v282 "/>
</bind>
</comp>

<comp id="331" class="1005" name="v281_reg_331">
<pin_list>
<pin id="332" dir="0" index="0" bw="7" slack="0"/>
<pin id="333" dir="1" index="1" bw="7" slack="0"/>
</pin_list>
<bind>
<opset="v281 "/>
</bind>
</comp>

<comp id="338" class="1005" name="indvar_flatten14110_reg_338">
<pin_list>
<pin id="339" dir="0" index="0" bw="15" slack="0"/>
<pin id="340" dir="1" index="1" bw="15" slack="0"/>
</pin_list>
<bind>
<opset="indvar_flatten14110 "/>
</bind>
</comp>

<comp id="345" class="1005" name="icmp_ln687_reg_345">
<pin_list>
<pin id="346" dir="0" index="0" bw="1" slack="18"/>
<pin id="347" dir="1" index="1" bw="1" slack="2147483647"/>
</pin_list>
<bind>
<opset="icmp_ln687 "/>
</bind>
</comp>

<comp id="349" class="1005" name="g0_addr_reg_349">
<pin_list>
<pin id="350" dir="0" index="0" bw="32" slack="1"/>
<pin id="351" dir="1" index="1" bw="32" slack="1"/>
</pin_list>
<bind>
<opset="g0_addr "/>
</bind>
</comp>

<comp id="358" class="1005" name="g0_addr_read_reg_358">
<pin_list>
<pin id="359" dir="0" index="0" bw="32" slack="1"/>
<pin id="360" dir="1" index="1" bw="32" slack="1"/>
</pin_list>
<bind>
<opset="g0_addr_read "/>
</bind>
</comp>

<comp id="363" class="1005" name="v283_reg_363">
<pin_list>
<pin id="364" dir="0" index="0" bw="32" slack="1"/>
<pin id="365" dir="1" index="1" bw="32" slack="1"/>
</pin_list>
<bind>
<opset="v283 "/>
</bind>
</comp>

<comp id="368" class="1005" name="v284_reg_368">
<pin_list>
<pin id="369" dir="0" index="0" bw="32" slack="1"/>
<pin id="370" dir="1" index="1" bw="32" slack="1"/>
</pin_list>
<bind>
<opset="v284 "/>
</bind>
</comp>

</comp_list>

<net_list>
<net id="99"><net_src comp="6" pin="0"/><net_sink comp="96" pin=0"/></net>

<net id="103"><net_src comp="6" pin="0"/><net_sink comp="100" pin=0"/></net>

<net id="107"><net_src comp="6" pin="0"/><net_sink comp="104" pin=0"/></net>

<net id="112"><net_src comp="8" pin="0"/><net_sink comp="108" pin=0"/></net>

<net id="113"><net_src comp="4" pin="0"/><net_sink comp="108" pin=1"/></net>

<net id="118"><net_src comp="10" pin="0"/><net_sink comp="114" pin=0"/></net>

<net id="119"><net_src comp="2" pin="0"/><net_sink comp="114" pin=1"/></net>

<net id="125"><net_src comp="70" pin="0"/><net_sink comp="120" pin=0"/></net>

<net id="126"><net_src comp="72" pin="0"/><net_sink comp="120" pin=2"/></net>

<net id="131"><net_src comp="74" pin="0"/><net_sink comp="127" pin=0"/></net>

<net id="137"><net_src comp="78" pin="0"/><net_sink comp="132" pin=0"/></net>

<net id="138"><net_src comp="72" pin="0"/><net_sink comp="132" pin=2"/></net>

<net id="145"><net_src comp="80" pin="0"/><net_sink comp="139" pin=0"/></net>

<net id="146"><net_src comp="82" pin="0"/><net_sink comp="139" pin=3"/></net>

<net id="151"><net_src comp="84" pin="0"/><net_sink comp="147" pin=0"/></net>

<net id="156"><net_src comp="76" pin="0"/><net_sink comp="152" pin=1"/></net>

<net id="161"><net_src comp="36" pin="0"/><net_sink comp="157" pin=0"/></net>

<net id="166"><net_src comp="38" pin="0"/><net_sink comp="162" pin=0"/></net>

<net id="171"><net_src comp="40" pin="0"/><net_sink comp="167" pin=0"/></net>

<net id="179"><net_src comp="172" pin="1"/><net_sink comp="175" pin=0"/></net>

<net id="180"><net_src comp="44" pin="0"/><net_sink comp="175" pin=1"/></net>

<net id="185"><net_src comp="172" pin="1"/><net_sink comp="181" pin=0"/></net>

<net id="186"><net_src comp="46" pin="0"/><net_sink comp="181" pin=1"/></net>

<net id="197"><net_src comp="190" pin="1"/><net_sink comp="193" pin=0"/></net>

<net id="198"><net_src comp="48" pin="0"/><net_sink comp="193" pin=1"/></net>

<net id="203"><net_src comp="187" pin="1"/><net_sink comp="199" pin=0"/></net>

<net id="204"><net_src comp="50" pin="0"/><net_sink comp="199" pin=1"/></net>

<net id="210"><net_src comp="199" pin="2"/><net_sink comp="205" pin=0"/></net>

<net id="211"><net_src comp="40" pin="0"/><net_sink comp="205" pin=1"/></net>

<net id="212"><net_src comp="187" pin="1"/><net_sink comp="205" pin=2"/></net>

<net id="218"><net_src comp="199" pin="2"/><net_sink comp="213" pin=0"/></net>

<net id="219"><net_src comp="193" pin="2"/><net_sink comp="213" pin=1"/></net>

<net id="220"><net_src comp="190" pin="1"/><net_sink comp="213" pin=2"/></net>

<net id="226"><net_src comp="52" pin="0"/><net_sink comp="221" pin=0"/></net>

<net id="227"><net_src comp="213" pin="3"/><net_sink comp="221" pin=1"/></net>

<net id="228"><net_src comp="54" pin="0"/><net_sink comp="221" pin=2"/></net>

<net id="234"><net_src comp="56" pin="0"/><net_sink comp="229" pin=0"/></net>

<net id="235"><net_src comp="213" pin="3"/><net_sink comp="229" pin=1"/></net>

<net id="236"><net_src comp="40" pin="0"/><net_sink comp="229" pin=2"/></net>

<net id="240"><net_src comp="229" pin="3"/><net_sink comp="237" pin=0"/></net>

<net id="245"><net_src comp="221" pin="3"/><net_sink comp="241" pin=0"/></net>

<net id="246"><net_src comp="237" pin="1"/><net_sink comp="241" pin=1"/></net>

<net id="250"><net_src comp="241" pin="2"/><net_sink comp="247" pin=0"/></net>

<net id="256"><net_src comp="58" pin="0"/><net_sink comp="251" pin=0"/></net>

<net id="257"><net_src comp="205" pin="3"/><net_sink comp="251" pin=1"/></net>

<net id="258"><net_src comp="60" pin="0"/><net_sink comp="251" pin=2"/></net>

<net id="262"><net_src comp="251" pin="3"/><net_sink comp="259" pin=0"/></net>

<net id="267"><net_src comp="108" pin="2"/><net_sink comp="263" pin=0"/></net>

<net id="268"><net_src comp="259" pin="1"/><net_sink comp="263" pin=1"/></net>

<net id="273"><net_src comp="263" pin="2"/><net_sink comp="269" pin=0"/></net>

<net id="274"><net_src comp="247" pin="1"/><net_sink comp="269" pin=1"/></net>

<net id="281"><net_src comp="62" pin="0"/><net_sink comp="275" pin=0"/></net>

<net id="282"><net_src comp="269" pin="2"/><net_sink comp="275" pin=1"/></net>

<net id="283"><net_src comp="64" pin="0"/><net_sink comp="275" pin=2"/></net>

<net id="284"><net_src comp="66" pin="0"/><net_sink comp="275" pin=3"/></net>

<net id="288"><net_src comp="275" pin="4"/><net_sink comp="285" pin=0"/></net>

<net id="293"><net_src comp="0" pin="0"/><net_sink comp="289" pin=0"/></net>

<net id="294"><net_src comp="285" pin="1"/><net_sink comp="289" pin=1"/></net>

<net id="299"><net_src comp="205" pin="3"/><net_sink comp="295" pin=0"/></net>

<net id="300"><net_src comp="68" pin="0"/><net_sink comp="295" pin=1"/></net>

<net id="305"><net_src comp="181" pin="2"/><net_sink comp="301" pin=0"/></net>

<net id="310"><net_src comp="213" pin="3"/><net_sink comp="306" pin=0"/></net>

<net id="315"><net_src comp="295" pin="2"/><net_sink comp="311" pin=0"/></net>

<net id="319"><net_src comp="316" pin="1"/><net_sink comp="152" pin=0"/></net>

<net id="323"><net_src comp="320" pin="1"/><net_sink comp="139" pin=2"/></net>

<net id="327"><net_src comp="96" pin="1"/><net_sink comp="324" pin=0"/></net>

<net id="328"><net_src comp="324" pin="1"/><net_sink comp="167" pin=1"/></net>

<net id="329"><net_src comp="324" pin="1"/><net_sink comp="187" pin=0"/></net>

<net id="330"><net_src comp="324" pin="1"/><net_sink comp="311" pin=1"/></net>

<net id="334"><net_src comp="100" pin="1"/><net_sink comp="331" pin=0"/></net>

<net id="335"><net_src comp="331" pin="1"/><net_sink comp="162" pin=1"/></net>

<net id="336"><net_src comp="331" pin="1"/><net_sink comp="190" pin=0"/></net>

<net id="337"><net_src comp="331" pin="1"/><net_sink comp="306" pin=1"/></net>

<net id="341"><net_src comp="104" pin="1"/><net_sink comp="338" pin=0"/></net>

<net id="342"><net_src comp="338" pin="1"/><net_sink comp="157" pin=1"/></net>

<net id="343"><net_src comp="338" pin="1"/><net_sink comp="172" pin=0"/></net>

<net id="344"><net_src comp="338" pin="1"/><net_sink comp="301" pin=1"/></net>

<net id="348"><net_src comp="175" pin="2"/><net_sink comp="345" pin=0"/></net>

<net id="352"><net_src comp="289" pin="2"/><net_sink comp="349" pin=0"/></net>

<net id="353"><net_src comp="349" pin="1"/><net_sink comp="120" pin=1"/></net>

<net id="354"><net_src comp="349" pin="1"/><net_sink comp="127" pin=1"/></net>

<net id="355"><net_src comp="349" pin="1"/><net_sink comp="132" pin=1"/></net>

<net id="356"><net_src comp="349" pin="1"/><net_sink comp="139" pin=1"/></net>

<net id="357"><net_src comp="349" pin="1"/><net_sink comp="147" pin=1"/></net>

<net id="361"><net_src comp="127" pin="2"/><net_sink comp="358" pin=0"/></net>

<net id="362"><net_src comp="358" pin="1"/><net_sink comp="316" pin=0"/></net>

<net id="366"><net_src comp="316" pin="1"/><net_sink comp="363" pin=0"/></net>

<net id="367"><net_src comp="363" pin="1"/><net_sink comp="152" pin=0"/></net>

<net id="371"><net_src comp="152" pin="2"/><net_sink comp="368" pin=0"/></net>

<net id="372"><net_src comp="368" pin="1"/><net_sink comp="320" pin=0"/></net>

</net_list>

</model> 
---------------- Datapath Model END ------------------

* FSMD analyzer results:
  - Output states:
	Port: g0 | {14 15 16 17 18 19 20 }
 - Input state : 
	Port: control_Pipeline_VITIS_LOOP_687_1_VITIS_LOOP_688_2 : g0 | {2 3 4 5 6 7 8 9 10 }
	Port: control_Pipeline_VITIS_LOOP_687_1_VITIS_LOOP_688_2 : sext_ln736 | {1 }
	Port: control_Pipeline_VITIS_LOOP_687_1_VITIS_LOOP_688_2 : v1007 | {1 }
  - Chain level:
	State 1
		store_ln0 : 1
		store_ln687 : 1
		store_ln688 : 1
		indvar_flatten14110_load : 1
		icmp_ln687 : 2
		add_ln687_3 : 2
		br_ln687 : 3
		v282_load : 1
		v281_load : 1
		add_ln687 : 2
		icmp_ln688 : 2
		select_ln687 : 3
		select_ln687_1 : 3
		p_shl : 4
		tmp : 4
		zext_ln691_3 : 5
		sub_ln691 : 6
		zext_ln688 : 7
		shl_ln : 4
		zext_ln691 : 5
		add_ln691 : 6
		add_ln691_1 : 8
		trunc_ln : 9
		sext_ln691 : 10
		g0_addr : 11
		add_ln688 : 4
		store_ln687 : 3
		store_ln687 : 4
		store_ln688 : 5
	State 2
	State 3
	State 4
	State 5
	State 6
	State 7
	State 8
	State 9
	State 10
	State 11
		v284 : 1
	State 12
	State 13
	State 14
	State 15
		write_ln693 : 1
	State 16
	State 17
	State 18
	State 19
	State 20


============================================================
+ Verbose Summary: Datapath Resource usage 
============================================================

* Functional unit list:
|----------|---------------------------------|---------|---------|---------|
| Operation|         Functional Unit         |   DSP   |    FF   |   LUT   |
|----------|---------------------------------|---------|---------|---------|
|   fadd   |            grp_fu_152           |    2    |   227   |   214   |
|----------|---------------------------------|---------|---------|---------|
|          |        add_ln687_3_fu_181       |    0    |    0    |    22   |
|          |         add_ln687_fu_193        |    0    |    0    |    14   |
|    add   |         add_ln691_fu_263        |    0    |    0    |    64   |
|          |        add_ln691_1_fu_269       |    0    |    0    |    64   |
|          |         add_ln688_fu_295        |    0    |    0    |    16   |
|----------|---------------------------------|---------|---------|---------|
|   icmp   |        icmp_ln687_fu_175        |    0    |    0    |    22   |
|          |        icmp_ln688_fu_199        |    0    |    0    |    16   |
|----------|---------------------------------|---------|---------|---------|
|    sub   |         sub_ln691_fu_241        |    0    |    0    |    25   |
|----------|---------------------------------|---------|---------|---------|
|  select  |       select_ln687_fu_205       |    0    |    0    |    9    |
|          |      select_ln687_1_fu_213      |    0    |    0    |    7    |
|----------|---------------------------------|---------|---------|---------|
|          |      v1007_read_read_fu_108     |    0    |    0    |    0    |
|   read   |     sext_ln7362_read_fu_114     |    0    |    0    |    0    |
|          |     g0_addr_read_read_fu_127    |    0    |    0    |    0    |
|----------|---------------------------------|---------|---------|---------|
|  readreq |        grp_readreq_fu_120       |    0    |    0    |    0    |
|----------|---------------------------------|---------|---------|---------|
| writereq | g0_addr_251_req_writereq_fu_132 |    0    |    0    |    0    |
|----------|---------------------------------|---------|---------|---------|
|   write  |     write_ln693_write_fu_139    |    0    |    0    |    0    |
|----------|---------------------------------|---------|---------|---------|
| writeresp|       grp_writeresp_fu_147      |    0    |    0    |    0    |
|----------|---------------------------------|---------|---------|---------|
|          |           p_shl_fu_221          |    0    |    0    |    0    |
|bitconcatenate|            tmp_fu_229           |    0    |    0    |    0    |
|          |          shl_ln_fu_251          |    0    |    0    |    0    |
|----------|---------------------------------|---------|---------|---------|
|          |       zext_ln691_3_fu_237       |    0    |    0    |    0    |
|   zext   |        zext_ln688_fu_247        |    0    |    0    |    0    |
|          |        zext_ln691_fu_259        |    0    |    0    |    0    |
|----------|---------------------------------|---------|---------|---------|
|partselect|         trunc_ln_fu_275         |    0    |    0    |    0    |
|----------|---------------------------------|---------|---------|---------|
|   sext   |        sext_ln691_fu_285        |    0    |    0    |    0    |
|----------|---------------------------------|---------|---------|---------|
|   Total  |                                 |    2    |   227   |   473   |
|----------|---------------------------------|---------|---------|---------|

Memories:
N/A

* Register list:
+---------------------------+--------+
|                           |   FF   |
+---------------------------+--------+
|    g0_addr_read_reg_358   |   32   |
|      g0_addr_reg_349      |   32   |
|     icmp_ln687_reg_345    |    1   |
|indvar_flatten14110_reg_338|   15   |
|        v281_reg_331       |    7   |
|        v282_reg_324       |    9   |
|        v283_reg_363       |   32   |
|        v284_reg_368       |   32   |
+---------------------------+--------+
|           Total           |   160  |
+---------------------------+--------+

* Multiplexer (MUX) list: 
|------------|------|------|------|--------||---------||---------||---------|
|    Comp    |  Pin | Size |  BW  | S x BW ||  Delay  ||    FF   ||   LUT   |
|------------|------|------|------|--------||---------||---------||---------|
| grp_fu_152 |  p0  |   2  |  32  |   64   ||    0    ||    9    |
|------------|------|------|------|--------||---------||---------||---------|
|    Total   |      |      |      |   64   ||  0.427  ||    0    ||    9    |
|------------|------|------|------|--------||---------||---------||---------|



* Summary:
+-----------+--------+--------+--------+--------+
|           |   DSP  |  Delay |   FF   |   LUT  |
+-----------+--------+--------+--------+--------+
|  Function |    2   |    -   |   227  |   473  |
|   Memory  |    -   |    -   |    -   |    -   |
|Multiplexer|    -   |    0   |    0   |    9   |
|  Register |    -   |    -   |   160  |    -   |
+-----------+--------+--------+--------+--------+
|   Total   |    2   |    0   |   387  |   482  |
+-----------+--------+--------+--------+--------+
