

================================================================
== Vitis HLS Report for 'control_Pipeline_VITIS_LOOP_1118_1_VITIS_LOOP_1119_2_VITIS_LOOP_1120_3'
================================================================
* Date:           Sun Jul 12 20:26:08 2026

* Version:        2025.2 (Build 6295257 on Nov 14 2025)
* Project:        spikingformer_proj
* Solution:       solution1 (Vivado IP Flow Target)
* Product family: zynquplus
* Target device:  xczu7ev-ffvc1156-2-e


================================================================
== Performance Estimates
================================================================
+ Timing: 
    * Summary: 
    +--------+----------+----------+------------+
    |  Clock |  Target  | Estimated| Uncertainty|
    +--------+----------+----------+------------+
    |ap_clk  |  10.00 ns|  7.300 ns|     2.70 ns|
    +--------+----------+----------+------------+

+ Latency: 
    * Summary: 
    +---------+---------+----------+----------+-----+-----+-------------------+
    |  Latency (cycles) |  Latency (absolute) |  Interval |      Pipeline     |
    |   min   |   max   |    min   |    max   | min | max |        Type       |
    +---------+---------+----------+----------+-----+-----+-------------------+
    |    49155|    49155|  0.492 ms|  0.492 ms|    0|    0|  loop pipeline stp|
    +---------+---------+----------+----------+-----+-----+-------------------+

    + Detail: 
        * Instance: 
        N/A

        * Loop: 
        +---------------------------------------------------------+---------+---------+----------+-----------+-----------+-------+----------+
        |                                                         |  Latency (cycles) | Iteration|  Initiation Interval  |  Trip |          |
        |                        Loop Name                        |   min   |   max   |  Latency |  achieved |   target  | Count | Pipelined|
        +---------------------------------------------------------+---------+---------+----------+-----------+-----------+-------+----------+
        |- VITIS_LOOP_1118_1_VITIS_LOOP_1119_2_VITIS_LOOP_1120_3  |    49153|    49153|         3|          1|          1|  49152|       yes|
        +---------------------------------------------------------+---------+---------+----------+-----------+-----------+-------+----------+

============================================================
+ Verbose Summary: Synthesis Manager
============================================================
InlineROM: 1
ExposeGlobal: 0
============================================================
+ Verbose Summary: CDFG Model
============================================================
IsTopModel: 0
ResetActiveHigh: 1
IsCombinational: 0
IsDatapathOnly: 0
HasWiredReturn: 1
HasMFsm: 2
HasVarLatency: 1
IsPipeline: 0
IsRtlPipelined: 0
IsInstanceOverlapped: 0
IsDontTouch: 0
HasImplIP: 0
IsGatedGlobalClock: 0

+ Individual pipeline summary: 
  * Pipeline-0: initiation interval (II) = 1, depth = 3


============================================================
+ Verbose Summary: Schedule
============================================================
* Number of FSM states : 3
* Pipeline : 1
  Pipeline-0 : II = 1, D = 3, States = { 1 2 3 }
* Dataflow Pipeline: 0

* FSM state transitions: 
1 --> 2 
2 --> 3 
3 --> 

* FSM state operations: 

State 1 <SV = 0> <Delay = 1.70>
ST_1 : Operation 6 [1/1] (0.00ns)   --->   "%indvar_flatten14011 = alloca i32 1"   --->   Operation 6 'alloca' 'indvar_flatten14011' <Predicate = true> <Delay = 0.00>
ST_1 : Operation 7 [1/1] (0.00ns)   --->   "%sext_ln897_read = read i62 @_ssdm_op_Read.ap_auto.i62, i62 %sext_ln897"   --->   Operation 7 'read' 'sext_ln897_read' <Predicate = true> <Delay = 0.00>
ST_1 : Operation 8 [1/1] (0.00ns)   --->   "%sext_ln1150_read = read i62 @_ssdm_op_Read.ap_auto.i62, i62 %sext_ln1150"   --->   Operation 8 'read' 'sext_ln1150_read' <Predicate = true> <Delay = 0.00>
ST_1 : Operation 9 [1/1] (0.00ns)   --->   "%sext_ln897_cast = sext i62 %sext_ln897_read"   --->   Operation 9 'sext' 'sext_ln897_cast' <Predicate = true> <Delay = 0.00>
ST_1 : Operation 10 [1/1] (0.00ns)   --->   "%sext_ln1150_cast = sext i62 %sext_ln1150_read"   --->   Operation 10 'sext' 'sext_ln1150_cast' <Predicate = true> <Delay = 0.00>
ST_1 : Operation 11 [1/1] (0.00ns)   --->   "%specstablecontent_ln0 = specstablecontent void @_ssdm_op_SpecStableContent, i32 %g0, i1 1, void "   --->   Operation 11 'specstablecontent' 'specstablecontent_ln0' <Predicate = true> <Delay = 0.00>
ST_1 : Operation 12 [1/1] (0.00ns)   --->   "%specinterface_ln0 = specinterface void @_ssdm_op_SpecInterface, i32 %g0, void @empty_26, i32 0, i32 0, void @empty_35, i32 0, i32 0, void @empty_22, void @empty_25, void @empty_35, i32 16, i32 16, i32 16, i32 16, void @empty_35, void @empty_35, i32 4294967295, i32 0, i32 0, i32 4"   --->   Operation 12 'specinterface' 'specinterface_ln0' <Predicate = true> <Delay = 0.00>
ST_1 : Operation 13 [1/1] (0.42ns)   --->   "%store_ln0 = store i16 0, i16 %indvar_flatten14011"   --->   Operation 13 'store' 'store_ln0' <Predicate = true> <Delay = 0.42>
ST_1 : Operation 14 [1/1] (0.00ns)   --->   "%br_ln0 = br void %for.inc.i989"   --->   Operation 14 'br' 'br_ln0' <Predicate = true> <Delay = 0.00>
ST_1 : Operation 15 [1/1] (0.00ns)   --->   "%indvar_flatten14011_load = load i16 %indvar_flatten14011" [spikingformer_official.cpp:1118->spikingformer_official.cpp:2559]   --->   Operation 15 'load' 'indvar_flatten14011_load' <Predicate = true> <Delay = 0.00>
ST_1 : Operation 16 [1/1] (0.00ns)   --->   "%specbitsmap_ln0 = specbitsmap void @_ssdm_op_SpecBitsMap, i32 %g0"   --->   Operation 16 'specbitsmap' 'specbitsmap_ln0' <Predicate = true> <Delay = 0.00>
ST_1 : Operation 17 [1/1] (0.85ns)   --->   "%icmp_ln1118 = icmp_eq  i16 %indvar_flatten14011_load, i16 49152" [spikingformer_official.cpp:1118->spikingformer_official.cpp:2559]   --->   Operation 17 'icmp' 'icmp_ln1118' <Predicate = true> <Delay = 0.85> <CoreInst = "Cmp">   --->   Core 9 'Cmp' <Latency = 0> <II = 1> <Delay = 0.85> <FuncUnit> <Opcode : 'seteq' 'setne' 'setle' 'setge' 'setlt' 'setgt'> <InPorts = 2> <OutPorts = 1>
ST_1 : Operation 18 [1/1] (0.85ns)   --->   "%add_ln1118 = add i16 %indvar_flatten14011_load, i16 1" [spikingformer_official.cpp:1118->spikingformer_official.cpp:2559]   --->   Operation 18 'add' 'add_ln1118' <Predicate = true> <Delay = 0.85> <CoreInst = "Adder">   --->   Core 1 'Adder' <Latency = 0> <II = 1> <Delay = 0.85> <FuncUnit> <Opcode : 'add' 'sub'> <InPorts = 2> <OutPorts = 1>
ST_1 : Operation 19 [1/1] (0.00ns)   --->   "%br_ln1118 = br i1 %icmp_ln1118, void %for.inc22.i992, void %_Z9kernel192PA64_A64_fS1_.exit.exitStub" [spikingformer_official.cpp:1118->spikingformer_official.cpp:2559]   --->   Operation 19 'br' 'br_ln1118' <Predicate = true> <Delay = 0.00>
ST_1 : Operation 20 [1/1] (0.42ns)   --->   "%store_ln1118 = store i16 %add_ln1118, i16 %indvar_flatten14011" [spikingformer_official.cpp:1118->spikingformer_official.cpp:2559]   --->   Operation 20 'store' 'store_ln1118' <Predicate = (!icmp_ln1118)> <Delay = 0.42>

State 2 <SV = 1> <Delay = 7.30>
ST_2 : Operation 21 [1/1] (0.00ns)   --->   "%g0_addr = getelementptr i32 %g0, i64 %sext_ln1150_cast" [spikingformer_official.cpp:1150->spikingformer_official.cpp:2557]   --->   Operation 21 'getelementptr' 'g0_addr' <Predicate = true> <Delay = 0.00>
ST_2 : Operation 22 [1/1] ( I:7.30ns O:7.30ns )   --->   "%v461 = read i32 @_ssdm_op_Read.m_axi.i32.p1i32, i32 %g0_addr" [spikingformer_official.cpp:1124->spikingformer_official.cpp:2559]   --->   Operation 22 'read' 'v461' <Predicate = true> <Delay = 7.30> <CoreInst = "m_axi">   --->   Core 119 'm_axi' <Latency = 3> <II = 1> <Delay = 1.00> <Adapter> <Opcode : 'readrequnaligned' 'writerequnaligned' 'read' 'write' 'readreq' 'writereq' 'writeresp'>
ST_2 : Operation 29 [1/1] (0.42ns)   --->   "%ret_ln0 = ret"   --->   Operation 29 'ret' 'ret_ln0' <Predicate = (icmp_ln1118)> <Delay = 0.42>

State 3 <SV = 2> <Delay = 7.30>
ST_3 : Operation 23 [1/1] (0.00ns)   --->   "%g0_addr_145 = getelementptr i32 %g0, i64 %sext_ln897_cast" [spikingformer_official.cpp:897->spikingformer_official.cpp:2551]   --->   Operation 23 'getelementptr' 'g0_addr_145' <Predicate = true> <Delay = 0.00>
ST_3 : Operation 24 [1/1] (0.00ns)   --->   "%specloopname_ln0 = specloopname void @_ssdm_op_SpecLoopName, void @VITIS_LOOP_1118_1_VITIS_LOOP_1119_2_VITIS_LOOP_1120_3_str"   --->   Operation 24 'specloopname' 'specloopname_ln0' <Predicate = true> <Delay = 0.00>
ST_3 : Operation 25 [1/1] (0.00ns)   --->   "%speclooptripcount_ln0 = speclooptripcount void @_ssdm_op_SpecLoopTripCount, i64 49152, i64 49152, i64 49152"   --->   Operation 25 'speclooptripcount' 'speclooptripcount_ln0' <Predicate = true> <Delay = 0.00>
ST_3 : Operation 26 [1/1] (0.00ns)   --->   "%specpipeline_ln1121 = specpipeline void @_ssdm_op_SpecPipeline, i32 1, i32 0, i32 0, i32 0, i32 4294967295, void @empty_35" [spikingformer_official.cpp:1121->spikingformer_official.cpp:2559]   --->   Operation 26 'specpipeline' 'specpipeline_ln1121' <Predicate = true> <Delay = 0.00>
ST_3 : Operation 27 [1/1] ( I:7.30ns O:7.30ns )   --->   "%write_ln1125 = write void @_ssdm_op_Write.m_axi.p1i32.i32, i32 %g0_addr_145, i32 %v461, i4 15" [spikingformer_official.cpp:1125->spikingformer_official.cpp:2559]   --->   Operation 27 'write' 'write_ln1125' <Predicate = true> <Delay = 7.30> <CoreInst = "m_axi">   --->   Core 119 'm_axi' <Latency = 5> <II = 1> <Delay = 1.00> <Adapter> <Opcode : 'readrequnaligned' 'writerequnaligned' 'read' 'write' 'readreq' 'writereq' 'writeresp'>
ST_3 : Operation 28 [1/1] (0.00ns)   --->   "%br_ln1120 = br void %for.inc.i989" [spikingformer_official.cpp:1120->spikingformer_official.cpp:2559]   --->   Operation 28 'br' 'br_ln1120' <Predicate = true> <Delay = 0.00>


============================================================
+ Verbose Summary: Timing violations
============================================================
Target clock period: 10.000ns, clock uncertainty: 2.700ns.

 <State 1>: 1.707ns
The critical path consists of the following:
	'store' operation ('store_ln0') of constant 0 16 bit on local variable 'indvar_flatten14011' [11]  (0.427 ns)
	'load' operation 16 bit ('indvar_flatten14011_load', spikingformer_official.cpp:1118->spikingformer_official.cpp:2559) on local variable 'indvar_flatten14011' [14]  (0.000 ns)
	'icmp' operation 1 bit ('icmp_ln1118', spikingformer_official.cpp:1118->spikingformer_official.cpp:2559) [16]  (0.853 ns)
	'store' operation ('store_ln1118', spikingformer_official.cpp:1118->spikingformer_official.cpp:2559) of variable 'add_ln1118', spikingformer_official.cpp:1118->spikingformer_official.cpp:2559 16 bit on local variable 'indvar_flatten14011' [27]  (0.427 ns)

 <State 2>: 7.300ns
The critical path consists of the following:
	'getelementptr' operation 32 bit ('g0_addr', spikingformer_official.cpp:1150->spikingformer_official.cpp:2557) [20]  (0.000 ns)
	bus read operation ('v461', spikingformer_official.cpp:1124->spikingformer_official.cpp:2559) on port 'g0' (spikingformer_official.cpp:1124->spikingformer_official.cpp:2559) [25]  (7.300 ns)

 <State 3>: 7.300ns
The critical path consists of the following:
	'getelementptr' operation 32 bit ('g0_addr_145', spikingformer_official.cpp:897->spikingformer_official.cpp:2551) [21]  (0.000 ns)
	bus write operation ('write_ln1125', spikingformer_official.cpp:1125->spikingformer_official.cpp:2559) on port 'g0' (spikingformer_official.cpp:1125->spikingformer_official.cpp:2559) [26]  (7.300 ns)


============================================================
+ Verbose Summary: Binding
============================================================
N/A
* FSMD analyzer results:
  - Output states:
 - Input state : 
  - Chain level:
	State 1
	State 2
	State 3


============================================================
+ Verbose Summary: Datapath Resource usage 
============================================================
N/A
