

================================================================
== Vitis HLS Report for 'control_Pipeline_VITIS_LOOP_85_1'
================================================================
* Date:           Sun Jul 12 20:26:13 2026

* Version:        2025.2 (Build 6295257 on Nov 14 2025)
* Project:        spikingformer_proj
* Solution:       solution1 (Vivado IP Flow Target)
* Product family: zynquplus
* Target device:  xczu7ev-ffvc1156-2-e


================================================================
== Performance Estimates
================================================================
+ Timing: 
    * Summary: 
    +--------+----------+----------+------------+
    |  Clock |  Target  | Estimated| Uncertainty|
    +--------+----------+----------+------------+
    |ap_clk  |  10.00 ns|  7.300 ns|     2.70 ns|
    +--------+----------+----------+------------+

+ Latency: 
    * Summary: 
    +---------+---------+----------+----------+-----+-----+-------------------+
    |  Latency (cycles) |  Latency (absolute) |  Interval |      Pipeline     |
    |   min   |   max   |    min   |    max   | min | max |        Type       |
    +---------+---------+----------+----------+-----+-----+-------------------+
    |      403|      403|  4.030 us|  4.030 us|    0|    0|  loop pipeline stp|
    +---------+---------+----------+----------+-----+-----+-------------------+

    + Detail: 
        * Instance: 
        N/A

        * Loop: 
        +-------------------+---------+---------+----------+-----------+-----------+------+----------+
        |                   |  Latency (cycles) | Iteration|  Initiation Interval  | Trip |          |
        |     Loop Name     |   min   |   max   |  Latency |  achieved |   target  | Count| Pipelined|
        +-------------------+---------+---------+----------+-----------+-----------+------+----------+
        |- VITIS_LOOP_85_1  |      401|      401|        19|          1|          1|   384|       yes|
        +-------------------+---------+---------+----------+-----------+-----------+------+----------+

============================================================
+ Verbose Summary: Synthesis Manager
============================================================
InlineROM: 1
ExposeGlobal: 0
============================================================
+ Verbose Summary: CDFG Model
============================================================
IsTopModel: 0
ResetActiveHigh: 1
IsCombinational: 0
IsDatapathOnly: 0
HasWiredReturn: 1
HasMFsm: 2
HasVarLatency: 1
IsPipeline: 0
IsRtlPipelined: 0
IsInstanceOverlapped: 0
IsDontTouch: 0
HasImplIP: 0
IsGatedGlobalClock: 0

+ Individual pipeline summary: 
  * Pipeline-0: initiation interval (II) = 1, depth = 19


============================================================
+ Verbose Summary: Schedule
============================================================
* Number of FSM states : 19
* Pipeline : 1
  Pipeline-0 : II = 1, D = 19, States = { 1 2 3 4 5 6 7 8 9 10 11 12 13 14 15 16 17 18 19 }
* Dataflow Pipeline: 0

* FSM state transitions: 
1 --> 2 
2 --> 3 
3 --> 4 
4 --> 5 
5 --> 6 
6 --> 7 
7 --> 8 
8 --> 9 
9 --> 10 
10 --> 11 
11 --> 12 
12 --> 13 
13 --> 14 
14 --> 15 
15 --> 16 
16 --> 17 
17 --> 18 
18 --> 19 
19 --> 

* FSM state operations: 

State 1 <SV = 0> <Delay = 1.63>
ST_1 : Operation 22 [1/1] (0.00ns)   --->   "%v27 = alloca i32 1" [spikingformer_official.cpp:85->spikingformer_official.cpp:3139]   --->   Operation 22 'alloca' 'v27' <Predicate = true> <Delay = 0.00>
ST_1 : Operation 23 [1/1] (0.00ns)   --->   "%v1159_read = read i64 @_ssdm_op_Read.ap_auto.i64, i64 %v1159"   --->   Operation 23 'read' 'v1159_read' <Predicate = true> <Delay = 0.00>
ST_1 : Operation 24 [1/1] (0.00ns)   --->   "%sext_ln22992 = read i62 @_ssdm_op_Read.ap_auto.i62, i62 %sext_ln2299"   --->   Operation 24 'read' 'sext_ln22992' <Predicate = true> <Delay = 0.00>
ST_1 : Operation 25 [1/1] (0.00ns)   --->   "%specstablecontent_ln0 = specstablecontent void @_ssdm_op_SpecStableContent, i32 %g0, i1 1, void "   --->   Operation 25 'specstablecontent' 'specstablecontent_ln0' <Predicate = true> <Delay = 0.00>
ST_1 : Operation 26 [1/1] (0.00ns)   --->   "%specinterface_ln0 = specinterface void @_ssdm_op_SpecInterface, i32 %g0, void @empty_26, i32 0, i32 0, void @empty_35, i32 0, i32 0, void @empty_22, void @empty_25, void @empty_35, i32 16, i32 16, i32 16, i32 16, void @empty_35, void @empty_35, i32 4294967295, i32 0, i32 0, i32 4"   --->   Operation 26 'specinterface' 'specinterface_ln0' <Predicate = true> <Delay = 0.00>
ST_1 : Operation 27 [1/1] (0.42ns)   --->   "%store_ln85 = store i9 0, i9 %v27" [spikingformer_official.cpp:85->spikingformer_official.cpp:3139]   --->   Operation 27 'store' 'store_ln85' <Predicate = true> <Delay = 0.42>
ST_1 : Operation 28 [1/1] (0.00ns)   --->   "%br_ln0 = br void %for.inc.i1964"   --->   Operation 28 'br' 'br_ln0' <Predicate = true> <Delay = 0.00>
ST_1 : Operation 29 [1/1] (0.00ns)   --->   "%v27_1 = load i9 %v27" [spikingformer_official.cpp:85->spikingformer_official.cpp:3139]   --->   Operation 29 'load' 'v27_1' <Predicate = true> <Delay = 0.00>
ST_1 : Operation 30 [1/1] (0.00ns)   --->   "%specbitsmap_ln0 = specbitsmap void @_ssdm_op_SpecBitsMap, i32 %g0"   --->   Operation 30 'specbitsmap' 'specbitsmap_ln0' <Predicate = true> <Delay = 0.00>
ST_1 : Operation 31 [1/1] (0.77ns)   --->   "%icmp_ln85 = icmp_eq  i9 %v27_1, i9 384" [spikingformer_official.cpp:85->spikingformer_official.cpp:3139]   --->   Operation 31 'icmp' 'icmp_ln85' <Predicate = true> <Delay = 0.77> <CoreInst = "Cmp">   --->   Core 9 'Cmp' <Latency = 0> <II = 1> <Delay = 0.77> <FuncUnit> <Opcode : 'seteq' 'setne' 'setle' 'setge' 'setlt' 'setgt'> <InPorts = 2> <OutPorts = 1>
ST_1 : Operation 32 [1/1] (0.77ns)   --->   "%add_ln85 = add i9 %v27_1, i9 1" [spikingformer_official.cpp:85->spikingformer_official.cpp:3139]   --->   Operation 32 'add' 'add_ln85' <Predicate = true> <Delay = 0.77> <CoreInst = "Adder">   --->   Core 1 'Adder' <Latency = 0> <II = 1> <Delay = 0.77> <FuncUnit> <Opcode : 'add' 'sub'> <InPorts = 2> <OutPorts = 1>
ST_1 : Operation 33 [1/1] (0.00ns)   --->   "%br_ln85 = br i1 %icmp_ln85, void %for.inc.i1964.split, void %_Z7kernel4PA384_ff.exit.exitStub" [spikingformer_official.cpp:85->spikingformer_official.cpp:3139]   --->   Operation 33 'br' 'br_ln85' <Predicate = true> <Delay = 0.00>
ST_1 : Operation 34 [1/1] (0.00ns)   --->   "%shl_ln = bitconcatenate i11 @_ssdm_op_BitConcatenate.i11.i9.i2, i9 %v27_1, i2 0" [spikingformer_official.cpp:88->spikingformer_official.cpp:3139]   --->   Operation 34 'bitconcatenate' 'shl_ln' <Predicate = (!icmp_ln85)> <Delay = 0.00>
ST_1 : Operation 35 [1/1] (0.00ns)   --->   "%zext_ln88 = zext i11 %shl_ln" [spikingformer_official.cpp:88->spikingformer_official.cpp:3139]   --->   Operation 35 'zext' 'zext_ln88' <Predicate = (!icmp_ln85)> <Delay = 0.00>
ST_1 : Operation 36 [1/1] (1.08ns)   --->   "%add_ln88 = add i64 %zext_ln88, i64 %v1159_read" [spikingformer_official.cpp:88->spikingformer_official.cpp:3139]   --->   Operation 36 'add' 'add_ln88' <Predicate = (!icmp_ln85)> <Delay = 1.08> <CoreInst = "Adder">   --->   Core 1 'Adder' <Latency = 0> <II = 1> <Delay = 1.08> <FuncUnit> <Opcode : 'add' 'sub'> <InPorts = 2> <OutPorts = 1>
ST_1 : Operation 37 [1/1] (0.00ns)   --->   "%trunc_ln = partselect i62 @_ssdm_op_PartSelect.i62.i64.i32.i32, i64 %add_ln88, i32 2, i32 63" [spikingformer_official.cpp:88->spikingformer_official.cpp:3139]   --->   Operation 37 'partselect' 'trunc_ln' <Predicate = (!icmp_ln85)> <Delay = 0.00>
ST_1 : Operation 38 [1/1] (0.00ns)   --->   "%sext_ln88 = sext i62 %trunc_ln" [spikingformer_official.cpp:88->spikingformer_official.cpp:3139]   --->   Operation 38 'sext' 'sext_ln88' <Predicate = (!icmp_ln85)> <Delay = 0.00>
ST_1 : Operation 39 [1/1] (0.00ns)   --->   "%g0_addr = getelementptr i32 %g0, i64 %sext_ln88" [spikingformer_official.cpp:88->spikingformer_official.cpp:3139]   --->   Operation 39 'getelementptr' 'g0_addr' <Predicate = (!icmp_ln85)> <Delay = 0.00>
ST_1 : Operation 40 [1/1] (0.42ns)   --->   "%store_ln85 = store i9 %add_ln85, i9 %v27" [spikingformer_official.cpp:85->spikingformer_official.cpp:3139]   --->   Operation 40 'store' 'store_ln85' <Predicate = (!icmp_ln85)> <Delay = 0.42>

State 2 <SV = 1> <Delay = 0.00>
ST_2 : Operation 41 [8/8] (7.30ns)   --->   "%g0_load_170_req = readreq i1 @_ssdm_op_ReadReq.m_axi.i32P1A, i32 %g0_addr, i64 1" [spikingformer_official.cpp:88->spikingformer_official.cpp:3139]   --->   Operation 41 'readreq' 'g0_load_170_req' <Predicate = true> <Delay = 7.30> <CoreInst = "m_axi">   --->   Core 119 'm_axi' <Latency = 6> <II = 1> <Delay = 1.00> <Adapter> <Opcode : 'readrequnaligned' 'writerequnaligned' 'read' 'write' 'readreq' 'writereq' 'writeresp'>

State 3 <SV = 2> <Delay = 0.00>
ST_3 : Operation 42 [7/8] (7.30ns)   --->   "%g0_load_170_req = readreq i1 @_ssdm_op_ReadReq.m_axi.i32P1A, i32 %g0_addr, i64 1" [spikingformer_official.cpp:88->spikingformer_official.cpp:3139]   --->   Operation 42 'readreq' 'g0_load_170_req' <Predicate = true> <Delay = 7.30> <CoreInst = "m_axi">   --->   Core 119 'm_axi' <Latency = 6> <II = 1> <Delay = 1.00> <Adapter> <Opcode : 'readrequnaligned' 'writerequnaligned' 'read' 'write' 'readreq' 'writereq' 'writeresp'>

State 4 <SV = 3> <Delay = 0.00>
ST_4 : Operation 43 [6/8] (7.30ns)   --->   "%g0_load_170_req = readreq i1 @_ssdm_op_ReadReq.m_axi.i32P1A, i32 %g0_addr, i64 1" [spikingformer_official.cpp:88->spikingformer_official.cpp:3139]   --->   Operation 43 'readreq' 'g0_load_170_req' <Predicate = true> <Delay = 7.30> <CoreInst = "m_axi">   --->   Core 119 'm_axi' <Latency = 6> <II = 1> <Delay = 1.00> <Adapter> <Opcode : 'readrequnaligned' 'writerequnaligned' 'read' 'write' 'readreq' 'writereq' 'writeresp'>

State 5 <SV = 4> <Delay = 0.00>
ST_5 : Operation 44 [5/8] (7.30ns)   --->   "%g0_load_170_req = readreq i1 @_ssdm_op_ReadReq.m_axi.i32P1A, i32 %g0_addr, i64 1" [spikingformer_official.cpp:88->spikingformer_official.cpp:3139]   --->   Operation 44 'readreq' 'g0_load_170_req' <Predicate = true> <Delay = 7.30> <CoreInst = "m_axi">   --->   Core 119 'm_axi' <Latency = 6> <II = 1> <Delay = 1.00> <Adapter> <Opcode : 'readrequnaligned' 'writerequnaligned' 'read' 'write' 'readreq' 'writereq' 'writeresp'>

State 6 <SV = 5> <Delay = 0.00>
ST_6 : Operation 45 [4/8] (7.30ns)   --->   "%g0_load_170_req = readreq i1 @_ssdm_op_ReadReq.m_axi.i32P1A, i32 %g0_addr, i64 1" [spikingformer_official.cpp:88->spikingformer_official.cpp:3139]   --->   Operation 45 'readreq' 'g0_load_170_req' <Predicate = true> <Delay = 7.30> <CoreInst = "m_axi">   --->   Core 119 'm_axi' <Latency = 6> <II = 1> <Delay = 1.00> <Adapter> <Opcode : 'readrequnaligned' 'writerequnaligned' 'read' 'write' 'readreq' 'writereq' 'writeresp'>

State 7 <SV = 6> <Delay = 0.00>
ST_7 : Operation 46 [3/8] (7.30ns)   --->   "%g0_load_170_req = readreq i1 @_ssdm_op_ReadReq.m_axi.i32P1A, i32 %g0_addr, i64 1" [spikingformer_official.cpp:88->spikingformer_official.cpp:3139]   --->   Operation 46 'readreq' 'g0_load_170_req' <Predicate = true> <Delay = 7.30> <CoreInst = "m_axi">   --->   Core 119 'm_axi' <Latency = 6> <II = 1> <Delay = 1.00> <Adapter> <Opcode : 'readrequnaligned' 'writerequnaligned' 'read' 'write' 'readreq' 'writereq' 'writeresp'>

State 8 <SV = 7> <Delay = 0.00>
ST_8 : Operation 47 [2/8] (7.30ns)   --->   "%g0_load_170_req = readreq i1 @_ssdm_op_ReadReq.m_axi.i32P1A, i32 %g0_addr, i64 1" [spikingformer_official.cpp:88->spikingformer_official.cpp:3139]   --->   Operation 47 'readreq' 'g0_load_170_req' <Predicate = true> <Delay = 7.30> <CoreInst = "m_axi">   --->   Core 119 'm_axi' <Latency = 6> <II = 1> <Delay = 1.00> <Adapter> <Opcode : 'readrequnaligned' 'writerequnaligned' 'read' 'write' 'readreq' 'writereq' 'writeresp'>

State 9 <SV = 8> <Delay = 7.30>
ST_9 : Operation 48 [1/8] ( I:7.30ns O:7.30ns )   --->   "%g0_load_170_req = readreq i1 @_ssdm_op_ReadReq.m_axi.i32P1A, i32 %g0_addr, i64 1" [spikingformer_official.cpp:88->spikingformer_official.cpp:3139]   --->   Operation 48 'readreq' 'g0_load_170_req' <Predicate = true> <Delay = 7.30> <CoreInst = "m_axi">   --->   Core 119 'm_axi' <Latency = 6> <II = 1> <Delay = 1.00> <Adapter> <Opcode : 'readrequnaligned' 'writerequnaligned' 'read' 'write' 'readreq' 'writereq' 'writeresp'>

State 10 <SV = 9> <Delay = 7.30>
ST_10 : Operation 49 [1/1] ( I:7.30ns O:7.30ns )   --->   "%g0_addr_read = read i32 @_ssdm_op_Read.m_axi.i32P1A, i32 %g0_addr" [spikingformer_official.cpp:88->spikingformer_official.cpp:3139]   --->   Operation 49 'read' 'g0_addr_read' <Predicate = true> <Delay = 7.30> <CoreInst = "m_axi">   --->   Core 119 'm_axi' <Latency = 3> <II = 1> <Delay = 1.00> <Adapter> <Opcode : 'readrequnaligned' 'writerequnaligned' 'read' 'write' 'readreq' 'writereq' 'writeresp'>

State 11 <SV = 10> <Delay = 7.01>
ST_11 : Operation 50 [1/1] (0.00ns)   --->   "%v28 = bitcast i32 %g0_addr_read" [spikingformer_official.cpp:88->spikingformer_official.cpp:3139]   --->   Operation 50 'bitcast' 'v28' <Predicate = true> <Delay = 0.00>
ST_11 : Operation 51 [3/3] (7.01ns)   --->   "%v29 = fmul i32 %v28, i32 0.015625" [spikingformer_official.cpp:89->spikingformer_official.cpp:3139]   --->   Operation 51 'fmul' 'v29' <Predicate = true> <Delay = 7.01> <CoreInst = "FMul_maxdsp">   --->   Core 30 'FMul_maxdsp' <Latency = 2> <II = 1> <Delay = 7.01> <FuncUnit> <Opcode : 'fmul'> <InPorts = 2> <OutPorts = 1>

State 12 <SV = 11> <Delay = 7.01>
ST_12 : Operation 52 [2/3] (7.01ns)   --->   "%v29 = fmul i32 %v28, i32 0.015625" [spikingformer_official.cpp:89->spikingformer_official.cpp:3139]   --->   Operation 52 'fmul' 'v29' <Predicate = true> <Delay = 7.01> <CoreInst = "FMul_maxdsp">   --->   Core 30 'FMul_maxdsp' <Latency = 2> <II = 1> <Delay = 7.01> <FuncUnit> <Opcode : 'fmul'> <InPorts = 2> <OutPorts = 1>

State 13 <SV = 12> <Delay = 7.30>
ST_13 : Operation 53 [1/3] (7.01ns)   --->   "%v29 = fmul i32 %v28, i32 0.015625" [spikingformer_official.cpp:89->spikingformer_official.cpp:3139]   --->   Operation 53 'fmul' 'v29' <Predicate = true> <Delay = 7.01> <CoreInst = "FMul_maxdsp">   --->   Core 30 'FMul_maxdsp' <Latency = 2> <II = 1> <Delay = 7.01> <FuncUnit> <Opcode : 'fmul'> <InPorts = 2> <OutPorts = 1>
ST_13 : Operation 54 [1/1] ( I:7.30ns O:7.30ns )   --->   "%g0_addr_337_req = writereq i1 @_ssdm_op_WriteReq.m_axi.i32P1A, i32 %g0_addr, i64 1" [spikingformer_official.cpp:90->spikingformer_official.cpp:3139]   --->   Operation 54 'writereq' 'g0_addr_337_req' <Predicate = true> <Delay = 7.30> <CoreInst = "m_axi">   --->   Core 119 'm_axi' <Latency = 9> <II = 1> <Delay = 1.00> <Adapter> <Opcode : 'readrequnaligned' 'writerequnaligned' 'read' 'write' 'readreq' 'writereq' 'writeresp'>

State 14 <SV = 13> <Delay = 7.30>
ST_14 : Operation 55 [1/1] (0.00ns)   --->   "%bitcast_ln90 = bitcast i32 %v29" [spikingformer_official.cpp:90->spikingformer_official.cpp:3139]   --->   Operation 55 'bitcast' 'bitcast_ln90' <Predicate = true> <Delay = 0.00>
ST_14 : Operation 56 [1/1] ( I:7.30ns O:7.30ns )   --->   "%write_ln90 = write void @_ssdm_op_Write.m_axi.i32P1A, i32 %g0_addr, i32 %bitcast_ln90, i4 15" [spikingformer_official.cpp:90->spikingformer_official.cpp:3139]   --->   Operation 56 'write' 'write_ln90' <Predicate = true> <Delay = 7.30> <CoreInst = "m_axi">   --->   Core 119 'm_axi' <Latency = 5> <II = 1> <Delay = 1.00> <Adapter> <Opcode : 'readrequnaligned' 'writerequnaligned' 'read' 'write' 'readreq' 'writereq' 'writeresp'>

State 15 <SV = 14> <Delay = 0.00>
ST_15 : Operation 57 [5/5] (7.30ns)   --->   "%g0_addr_337_resp = writeresp i1 @_ssdm_op_WriteResp.m_axi.i32P1A, i32 %g0_addr" [spikingformer_official.cpp:90->spikingformer_official.cpp:3139]   --->   Operation 57 'writeresp' 'g0_addr_337_resp' <Predicate = true> <Delay = 7.30> <CoreInst = "m_axi">   --->   Core 119 'm_axi' <Latency = 3> <II = 1> <Delay = 1.00> <Adapter> <Opcode : 'readrequnaligned' 'writerequnaligned' 'read' 'write' 'readreq' 'writereq' 'writeresp'>

State 16 <SV = 15> <Delay = 0.00>
ST_16 : Operation 58 [4/5] (7.30ns)   --->   "%g0_addr_337_resp = writeresp i1 @_ssdm_op_WriteResp.m_axi.i32P1A, i32 %g0_addr" [spikingformer_official.cpp:90->spikingformer_official.cpp:3139]   --->   Operation 58 'writeresp' 'g0_addr_337_resp' <Predicate = true> <Delay = 7.30> <CoreInst = "m_axi">   --->   Core 119 'm_axi' <Latency = 3> <II = 1> <Delay = 1.00> <Adapter> <Opcode : 'readrequnaligned' 'writerequnaligned' 'read' 'write' 'readreq' 'writereq' 'writeresp'>

State 17 <SV = 16> <Delay = 0.00>
ST_17 : Operation 59 [3/5] (7.30ns)   --->   "%g0_addr_337_resp = writeresp i1 @_ssdm_op_WriteResp.m_axi.i32P1A, i32 %g0_addr" [spikingformer_official.cpp:90->spikingformer_official.cpp:3139]   --->   Operation 59 'writeresp' 'g0_addr_337_resp' <Predicate = true> <Delay = 7.30> <CoreInst = "m_axi">   --->   Core 119 'm_axi' <Latency = 3> <II = 1> <Delay = 1.00> <Adapter> <Opcode : 'readrequnaligned' 'writerequnaligned' 'read' 'write' 'readreq' 'writereq' 'writeresp'>

State 18 <SV = 17> <Delay = 0.42>
ST_18 : Operation 60 [2/5] (7.30ns)   --->   "%g0_addr_337_resp = writeresp i1 @_ssdm_op_WriteResp.m_axi.i32P1A, i32 %g0_addr" [spikingformer_official.cpp:90->spikingformer_official.cpp:3139]   --->   Operation 60 'writeresp' 'g0_addr_337_resp' <Predicate = true> <Delay = 7.30> <CoreInst = "m_axi">   --->   Core 119 'm_axi' <Latency = 3> <II = 1> <Delay = 1.00> <Adapter> <Opcode : 'readrequnaligned' 'writerequnaligned' 'read' 'write' 'readreq' 'writereq' 'writeresp'>
ST_18 : Operation 66 [1/1] (0.42ns)   --->   "%ret_ln0 = ret"   --->   Operation 66 'ret' 'ret_ln0' <Predicate = (icmp_ln85)> <Delay = 0.42>

State 19 <SV = 18> <Delay = 7.30>
ST_19 : Operation 61 [1/1] (0.00ns)   --->   "%specpipeline_ln86 = specpipeline void @_ssdm_op_SpecPipeline, i32 1, i32 0, i32 0, i32 0, i32 4294967295, void @empty_35" [spikingformer_official.cpp:86->spikingformer_official.cpp:3139]   --->   Operation 61 'specpipeline' 'specpipeline_ln86' <Predicate = true> <Delay = 0.00>
ST_19 : Operation 62 [1/1] (0.00ns)   --->   "%speclooptripcount_ln85 = speclooptripcount void @_ssdm_op_SpecLoopTripCount, i64 384, i64 384, i64 384" [spikingformer_official.cpp:85->spikingformer_official.cpp:3139]   --->   Operation 62 'speclooptripcount' 'speclooptripcount_ln85' <Predicate = true> <Delay = 0.00>
ST_19 : Operation 63 [1/1] (0.00ns)   --->   "%specloopname_ln85 = specloopname void @_ssdm_op_SpecLoopName, void @empty_33" [spikingformer_official.cpp:85->spikingformer_official.cpp:3139]   --->   Operation 63 'specloopname' 'specloopname_ln85' <Predicate = true> <Delay = 0.00>
ST_19 : Operation 64 [1/5] ( I:7.30ns O:7.30ns )   --->   "%g0_addr_337_resp = writeresp i1 @_ssdm_op_WriteResp.m_axi.i32P1A, i32 %g0_addr" [spikingformer_official.cpp:90->spikingformer_official.cpp:3139]   --->   Operation 64 'writeresp' 'g0_addr_337_resp' <Predicate = true> <Delay = 7.30> <CoreInst = "m_axi">   --->   Core 119 'm_axi' <Latency = 3> <II = 1> <Delay = 1.00> <Adapter> <Opcode : 'readrequnaligned' 'writerequnaligned' 'read' 'write' 'readreq' 'writereq' 'writeresp'>
ST_19 : Operation 65 [1/1] (0.00ns)   --->   "%br_ln85 = br void %for.inc.i1964" [spikingformer_official.cpp:85->spikingformer_official.cpp:3139]   --->   Operation 65 'br' 'br_ln85' <Predicate = true> <Delay = 0.00>


============================================================
+ Verbose Summary: Timing violations
============================================================
Target clock period: 10.000ns, clock uncertainty: 2.700ns.

 <State 1>: 1.630ns
The critical path consists of the following:
	'store' operation ('store_ln85', spikingformer_official.cpp:85->spikingformer_official.cpp:3139) of constant 0 9 bit on local variable 'v27', spikingformer_official.cpp:85->spikingformer_official.cpp:3139 [9]  (0.427 ns)
	'load' operation 9 bit ('v27', spikingformer_official.cpp:85->spikingformer_official.cpp:3139) on local variable 'v27', spikingformer_official.cpp:85->spikingformer_official.cpp:3139 [12]  (0.000 ns)
	'icmp' operation 1 bit ('icmp_ln85', spikingformer_official.cpp:85->spikingformer_official.cpp:3139) [14]  (0.776 ns)
	'store' operation ('store_ln85', spikingformer_official.cpp:85->spikingformer_official.cpp:3139) of variable 'add_ln85', spikingformer_official.cpp:85->spikingformer_official.cpp:3139 9 bit on local variable 'v27', spikingformer_official.cpp:85->spikingformer_official.cpp:3139 [35]  (0.427 ns)

 <State 2>: 0.000ns
The critical path consists of the following:

 <State 3>: 0.000ns
The critical path consists of the following:

 <State 4>: 0.000ns
The critical path consists of the following:

 <State 5>: 0.000ns
The critical path consists of the following:

 <State 6>: 0.000ns
The critical path consists of the following:

 <State 7>: 0.000ns
The critical path consists of the following:

 <State 8>: 0.000ns
The critical path consists of the following:

 <State 9>: 7.300ns
The critical path consists of the following:
	bus request operation ('g0_load_170_req', spikingformer_official.cpp:88->spikingformer_official.cpp:3139) on port 'g0' (spikingformer_official.cpp:88->spikingformer_official.cpp:3139) [27]  (7.300 ns)

 <State 10>: 7.300ns
The critical path consists of the following:
	bus read operation ('g0_addr_read', spikingformer_official.cpp:88->spikingformer_official.cpp:3139) on port 'g0' (spikingformer_official.cpp:88->spikingformer_official.cpp:3139) [28]  (7.300 ns)

 <State 11>: 7.016ns
The critical path consists of the following:
	'fmul' operation 32 bit ('v29', spikingformer_official.cpp:89->spikingformer_official.cpp:3139) [30]  (7.016 ns)

 <State 12>: 7.016ns
The critical path consists of the following:
	'fmul' operation 32 bit ('v29', spikingformer_official.cpp:89->spikingformer_official.cpp:3139) [30]  (7.016 ns)

 <State 13>: 7.300ns
The critical path consists of the following:
	bus request operation ('g0_addr_337_req', spikingformer_official.cpp:90->spikingformer_official.cpp:3139) on port 'g0' (spikingformer_official.cpp:90->spikingformer_official.cpp:3139) [32]  (7.300 ns)

 <State 14>: 7.300ns
The critical path consists of the following:
	bus write operation ('write_ln90', spikingformer_official.cpp:90->spikingformer_official.cpp:3139) on port 'g0' (spikingformer_official.cpp:90->spikingformer_official.cpp:3139) [33]  (7.300 ns)

 <State 15>: 0.000ns
The critical path consists of the following:

 <State 16>: 0.000ns
The critical path consists of the following:

 <State 17>: 0.000ns
The critical path consists of the following:

 <State 18>: 0.427ns
The critical path consists of the following:

 <State 19>: 7.300ns
The critical path consists of the following:
	bus response operation ('g0_addr_337_resp', spikingformer_official.cpp:90->spikingformer_official.cpp:3139) on port 'g0' (spikingformer_official.cpp:90->spikingformer_official.cpp:3139) [34]  (7.300 ns)


============================================================
+ Verbose Summary: Binding
============================================================
N/A
* FSMD analyzer results:
  - Output states:
 - Input state : 
  - Chain level:
	State 1
	State 2
	State 3
	State 4
	State 5
	State 6
	State 7
	State 8
	State 9
	State 10
	State 11
	State 12
	State 13
	State 14
	State 15
	State 16
	State 17
	State 18
	State 19


============================================================
+ Verbose Summary: Datapath Resource usage 
============================================================
N/A
