

================================================================
== Vitis HLS Report for 'control_Pipeline_VITIS_LOOP_1589_1_VITIS_LOOP_1590_2_VITIS_LOOP_1591_3'
================================================================
* Date:           Sun Jul 12 20:26:05 2026

* Version:        2025.2 (Build 6295257 on Nov 14 2025)
* Project:        spikingformer_proj
* Solution:       solution1 (Vivado IP Flow Target)
* Product family: zynquplus
* Target device:  xczu7ev-ffvc1156-2-e


================================================================
== Performance Estimates
================================================================
+ Timing: 
    * Summary: 
    +--------+----------+----------+------------+
    |  Clock |  Target  | Estimated| Uncertainty|
    +--------+----------+----------+------------+
    |ap_clk  |  10.00 ns|  7.300 ns|     2.70 ns|
    +--------+----------+----------+------------+

+ Latency: 
    * Summary: 
    +---------+---------+----------+----------+-----+-----+-------------------+
    |  Latency (cycles) |  Latency (absolute) |  Interval |      Pipeline     |
    |   min   |   max   |    min   |    max   | min | max |        Type       |
    +---------+---------+----------+----------+-----+-----+-------------------+
    |   221954|   221954|  2.220 ms|  2.220 ms|    0|    0|  loop pipeline stp|
    +---------+---------+----------+----------+-----+-----+-------------------+

    + Detail: 
        * Instance: 
        N/A

        * Loop: 
        +---------------------------------------------------------+---------+---------+----------+-----------+-----------+--------+----------+
        |                                                         |  Latency (cycles) | Iteration|  Initiation Interval  |  Trip  |          |
        |                        Loop Name                        |   min   |   max   |  Latency |  achieved |   target  |  Count | Pipelined|
        +---------------------------------------------------------+---------+---------+----------+-----------+-----------+--------+----------+
        |- VITIS_LOOP_1589_1_VITIS_LOOP_1590_2_VITIS_LOOP_1591_3  |   221952|   221952|         2|          1|          1|  221952|       yes|
        +---------------------------------------------------------+---------+---------+----------+-----------+-----------+--------+----------+

============================================================
+ Verbose Summary: Synthesis Manager
============================================================
InlineROM: 1
ExposeGlobal: 0
============================================================
+ Verbose Summary: CDFG Model
============================================================
IsTopModel: 0
ResetActiveHigh: 1
IsCombinational: 0
IsDatapathOnly: 0
HasWiredReturn: 1
HasMFsm: 2
HasVarLatency: 1
IsPipeline: 0
IsRtlPipelined: 0
IsInstanceOverlapped: 0
IsDontTouch: 0
HasImplIP: 0
IsGatedGlobalClock: 0

+ Individual pipeline summary: 
  * Pipeline-0: initiation interval (II) = 1, depth = 2


============================================================
+ Verbose Summary: Schedule
============================================================
* Number of FSM states : 2
* Pipeline : 1
  Pipeline-0 : II = 1, D = 2, States = { 1 2 }
* Dataflow Pipeline: 0

* FSM state transitions: 
1 --> 2 
2 --> 

* FSM state operations: 

State 1 <SV = 0> <Delay = 1.72>
ST_1 : Operation 5 [1/1] (0.00ns)   --->   "%indvar_flatten13401 = alloca i32 1"   --->   Operation 5 'alloca' 'indvar_flatten13401' <Predicate = true> <Delay = 0.00>
ST_1 : Operation 6 [1/1] (0.00ns)   --->   "%sext_ln2299_read = read i62 @_ssdm_op_Read.ap_auto.i62, i62 %sext_ln2299"   --->   Operation 6 'read' 'sext_ln2299_read' <Predicate = true> <Delay = 0.00>
ST_1 : Operation 7 [1/1] (0.00ns)   --->   "%sext_ln2299_cast = sext i62 %sext_ln2299_read"   --->   Operation 7 'sext' 'sext_ln2299_cast' <Predicate = true> <Delay = 0.00>
ST_1 : Operation 8 [1/1] (0.00ns)   --->   "%specstablecontent_ln0 = specstablecontent void @_ssdm_op_SpecStableContent, i32 %g0, i1 1, void "   --->   Operation 8 'specstablecontent' 'specstablecontent_ln0' <Predicate = true> <Delay = 0.00>
ST_1 : Operation 9 [1/1] (0.00ns)   --->   "%specinterface_ln0 = specinterface void @_ssdm_op_SpecInterface, i32 %g0, void @empty_26, i32 0, i32 0, void @empty_35, i32 0, i32 0, void @empty_22, void @empty_25, void @empty_35, i32 16, i32 16, i32 16, i32 16, void @empty_35, void @empty_35, i32 4294967295, i32 0, i32 0, i32 4"   --->   Operation 9 'specinterface' 'specinterface_ln0' <Predicate = true> <Delay = 0.00>
ST_1 : Operation 10 [1/1] (0.42ns)   --->   "%store_ln0 = store i18 0, i18 %indvar_flatten13401"   --->   Operation 10 'store' 'store_ln0' <Predicate = true> <Delay = 0.42>
ST_1 : Operation 11 [1/1] (0.00ns)   --->   "%br_ln0 = br void %for.inc.i583"   --->   Operation 11 'br' 'br_ln0' <Predicate = true> <Delay = 0.00>
ST_1 : Operation 12 [1/1] (0.00ns)   --->   "%indvar_flatten13401_load = load i18 %indvar_flatten13401" [spikingformer_official.cpp:1589->spikingformer_official.cpp:2408]   --->   Operation 12 'load' 'indvar_flatten13401_load' <Predicate = true> <Delay = 0.00>
ST_1 : Operation 13 [1/1] (0.00ns)   --->   "%specbitsmap_ln0 = specbitsmap void @_ssdm_op_SpecBitsMap, i32 %g0"   --->   Operation 13 'specbitsmap' 'specbitsmap_ln0' <Predicate = true> <Delay = 0.00>
ST_1 : Operation 14 [1/1] (0.87ns)   --->   "%icmp_ln1589 = icmp_eq  i18 %indvar_flatten13401_load, i18 221952" [spikingformer_official.cpp:1589->spikingformer_official.cpp:2408]   --->   Operation 14 'icmp' 'icmp_ln1589' <Predicate = true> <Delay = 0.87> <CoreInst = "Cmp">   --->   Core 9 'Cmp' <Latency = 0> <II = 1> <Delay = 0.87> <FuncUnit> <Opcode : 'seteq' 'setne' 'setle' 'setge' 'setlt' 'setgt'> <InPorts = 2> <OutPorts = 1>
ST_1 : Operation 15 [1/1] (0.87ns)   --->   "%add_ln1589 = add i18 %indvar_flatten13401_load, i18 1" [spikingformer_official.cpp:1589->spikingformer_official.cpp:2408]   --->   Operation 15 'add' 'add_ln1589' <Predicate = true> <Delay = 0.87> <CoreInst = "Adder">   --->   Core 1 'Adder' <Latency = 0> <II = 1> <Delay = 0.87> <FuncUnit> <Opcode : 'add' 'sub'> <InPorts = 2> <OutPorts = 1>
ST_1 : Operation 16 [1/1] (0.00ns)   --->   "%br_ln1589 = br i1 %icmp_ln1589, void %for.inc17.i589, void %_Z9kernel552PA192_A34_A34_ff.exit.exitStub" [spikingformer_official.cpp:1589->spikingformer_official.cpp:2408]   --->   Operation 16 'br' 'br_ln1589' <Predicate = true> <Delay = 0.00>
ST_1 : Operation 17 [1/1] (0.42ns)   --->   "%store_ln1589 = store i18 %add_ln1589, i18 %indvar_flatten13401" [spikingformer_official.cpp:1589->spikingformer_official.cpp:2408]   --->   Operation 17 'store' 'store_ln1589' <Predicate = (!icmp_ln1589)> <Delay = 0.42>
ST_1 : Operation 24 [1/1] (0.42ns)   --->   "%ret_ln0 = ret"   --->   Operation 24 'ret' 'ret_ln0' <Predicate = (icmp_ln1589)> <Delay = 0.42>

State 2 <SV = 1> <Delay = 7.30>
ST_2 : Operation 18 [1/1] (0.00ns)   --->   "%g0_addr = getelementptr i32 %g0, i64 %sext_ln2299_cast" [spikingformer_official.cpp:2299->spikingformer_official.cpp:2325]   --->   Operation 18 'getelementptr' 'g0_addr' <Predicate = true> <Delay = 0.00>
ST_2 : Operation 19 [1/1] (0.00ns)   --->   "%specloopname_ln0 = specloopname void @_ssdm_op_SpecLoopName, void @VITIS_LOOP_1589_1_VITIS_LOOP_1590_2_VITIS_LOOP_1591_3_str"   --->   Operation 19 'specloopname' 'specloopname_ln0' <Predicate = true> <Delay = 0.00>
ST_2 : Operation 20 [1/1] (0.00ns)   --->   "%speclooptripcount_ln0 = speclooptripcount void @_ssdm_op_SpecLoopTripCount, i64 221952, i64 221952, i64 221952"   --->   Operation 20 'speclooptripcount' 'speclooptripcount_ln0' <Predicate = true> <Delay = 0.00>
ST_2 : Operation 21 [1/1] (0.00ns)   --->   "%specpipeline_ln1592 = specpipeline void @_ssdm_op_SpecPipeline, i32 1, i32 0, i32 0, i32 0, i32 4294967295, void @empty_35" [spikingformer_official.cpp:1592->spikingformer_official.cpp:2408]   --->   Operation 21 'specpipeline' 'specpipeline_ln1592' <Predicate = true> <Delay = 0.00>
ST_2 : Operation 22 [1/1] ( I:7.30ns O:7.30ns )   --->   "%write_ln1594 = write void @_ssdm_op_Write.m_axi.p1i32.i32, i32 %g0_addr, i32 4286578688, i4 15" [spikingformer_official.cpp:1594->spikingformer_official.cpp:2408]   --->   Operation 22 'write' 'write_ln1594' <Predicate = true> <Delay = 7.30> <CoreInst = "m_axi">   --->   Core 119 'm_axi' <Latency = 5> <II = 1> <Delay = 1.00> <Adapter> <Opcode : 'readrequnaligned' 'writerequnaligned' 'read' 'write' 'readreq' 'writereq' 'writeresp'>
ST_2 : Operation 23 [1/1] (0.00ns)   --->   "%br_ln1591 = br void %for.inc.i583" [spikingformer_official.cpp:1591->spikingformer_official.cpp:2408]   --->   Operation 23 'br' 'br_ln1591' <Predicate = true> <Delay = 0.00>


============================================================
+ Verbose Summary: Binding
============================================================
STG Binding: 
---------------- STG Properties BEGIN ----------------
- Is combinational: 0
- Is one-state seq: 0
- Is datapath-only: 0
- Is pipelined: 0
- Is top level: 0
Port [ Return ] is wired: 1; IO mode=ap_ctrl_hs:ce=0
Port [ g0]:  wired=1; compound=1; hidden=0; nouse=0; global=0; static=0; extern=0; dir=1; type=4; pingpong=0; private_global=0; IO mode=m_axi:ce=0
Port [ sext_ln2299]:  wired=1; compound=0; hidden=0; nouse=0; global=0; static=0; extern=0; dir=0; type=0; pingpong=0; private_global=0; IO mode=ap_none:ce=0
---------------- STG Properties END ------------------

---------------- Datapath Model BEGIN ----------------

<LifeTime>
<method=bitvector/>
indvar_flatten13401      (alloca           ) [ 010]
sext_ln2299_read         (read             ) [ 000]
sext_ln2299_cast         (sext             ) [ 011]
specstablecontent_ln0    (specstablecontent) [ 000]
specinterface_ln0        (specinterface    ) [ 000]
store_ln0                (store            ) [ 000]
br_ln0                   (br               ) [ 000]
indvar_flatten13401_load (load             ) [ 000]
specbitsmap_ln0          (specbitsmap      ) [ 000]
icmp_ln1589              (icmp             ) [ 010]
add_ln1589               (add              ) [ 000]
br_ln1589                (br               ) [ 000]
store_ln1589             (store            ) [ 000]
g0_addr                  (getelementptr    ) [ 000]
specloopname_ln0         (specloopname     ) [ 000]
speclooptripcount_ln0    (speclooptripcount) [ 000]
specpipeline_ln1592      (specpipeline     ) [ 000]
write_ln1594             (write            ) [ 000]
br_ln1591                (br               ) [ 000]
ret_ln0                  (ret              ) [ 000]
</LifeTime>

<model>

<comp_list>
<comp id="0" class="1000" name="g0">
<pin_list>
<pin id="1" dir="1" index="0" bw="1" slack="0"/>
</pin_list>
<bind>
<StgValue><ssdm name="g0"/><MemPortTyVec>1 </MemPortTyVec>
</StgValue>
</bind>
</comp>

<comp id="2" class="1000" name="sext_ln2299">
<pin_list>
<pin id="3" dir="1" index="0" bw="1" slack="0"/>
</pin_list>
<bind>
<StgValue><ssdm name="sext_ln2299"/></StgValue>
</bind>
</comp>

<comp id="4" class="1001" name="const_4">
<pin_list>
<pin id="5" dir="1" index="0" bw="1" slack="0"/>
</pin_list>
<bind>
<StgValue><ssdm name=""/></StgValue>
</bind>
</comp>

<comp id="6" class="1001" name="const_6">
<pin_list>
<pin id="7" dir="1" index="0" bw="1" slack="0"/>
</pin_list>
<bind>
<StgValue><ssdm name="_ssdm_op_Read.ap_auto.i62"/></StgValue>
</bind>
</comp>

<comp id="8" class="1001" name="const_8">
<pin_list>
<pin id="9" dir="1" index="0" bw="1" slack="2147483647"/>
</pin_list>
<bind>
<StgValue><ssdm name="_ssdm_op_SpecStableContent"/></StgValue>
</bind>
</comp>

<comp id="10" class="1001" name="const_10">
<pin_list>
<pin id="11" dir="1" index="0" bw="1" slack="2147483647"/>
</pin_list>
<bind>
<StgValue><ssdm name=""/></StgValue>
</bind>
</comp>

<comp id="12" class="1001" name="const_12">
<pin_list>
<pin id="13" dir="1" index="0" bw="1" slack="2147483647"/>
</pin_list>
<bind>
<StgValue><ssdm name=""/></StgValue>
</bind>
</comp>

<comp id="14" class="1001" name="const_14">
<pin_list>
<pin id="15" dir="1" index="0" bw="1" slack="2147483647"/>
</pin_list>
<bind>
<StgValue><ssdm name="_ssdm_op_SpecInterface"/></StgValue>
</bind>
</comp>

<comp id="16" class="1001" name="const_16">
<pin_list>
<pin id="17" dir="1" index="0" bw="1" slack="2147483647"/>
</pin_list>
<bind>
<StgValue><ssdm name="empty_26"/></StgValue>
</bind>
</comp>

<comp id="18" class="1001" name="const_18">
<pin_list>
<pin id="19" dir="1" index="0" bw="1" slack="2147483647"/>
</pin_list>
<bind>
<StgValue><ssdm name=""/></StgValue>
</bind>
</comp>

<comp id="20" class="1001" name="const_20">
<pin_list>
<pin id="21" dir="1" index="0" bw="1" slack="2147483647"/>
</pin_list>
<bind>
<StgValue><ssdm name="empty_35"/></StgValue>
</bind>
</comp>

<comp id="22" class="1001" name="const_22">
<pin_list>
<pin id="23" dir="1" index="0" bw="1" slack="2147483647"/>
</pin_list>
<bind>
<StgValue><ssdm name="empty_22"/></StgValue>
</bind>
</comp>

<comp id="24" class="1001" name="const_24">
<pin_list>
<pin id="25" dir="1" index="0" bw="1" slack="2147483647"/>
</pin_list>
<bind>
<StgValue><ssdm name="empty_25"/></StgValue>
</bind>
</comp>

<comp id="26" class="1001" name="const_26">
<pin_list>
<pin id="27" dir="1" index="0" bw="1" slack="2147483647"/>
</pin_list>
<bind>
<StgValue><ssdm name=""/></StgValue>
</bind>
</comp>

<comp id="28" class="1001" name="const_28">
<pin_list>
<pin id="29" dir="1" index="0" bw="1" slack="2147483647"/>
</pin_list>
<bind>
<StgValue><ssdm name=""/></StgValue>
</bind>
</comp>

<comp id="30" class="1001" name="const_30">
<pin_list>
<pin id="31" dir="1" index="0" bw="1" slack="2147483647"/>
</pin_list>
<bind>
<StgValue><ssdm name=""/></StgValue>
</bind>
</comp>

<comp id="32" class="1001" name="const_32">
<pin_list>
<pin id="33" dir="1" index="0" bw="1" slack="0"/>
</pin_list>
<bind>
<StgValue><ssdm name=""/></StgValue>
</bind>
</comp>

<comp id="34" class="1001" name="const_34">
<pin_list>
<pin id="35" dir="1" index="0" bw="1" slack="2147483647"/>
</pin_list>
<bind>
<StgValue><ssdm name="_ssdm_op_SpecBitsMap"/></StgValue>
</bind>
</comp>

<comp id="36" class="1001" name="const_36">
<pin_list>
<pin id="37" dir="1" index="0" bw="1" slack="0"/>
</pin_list>
<bind>
<StgValue><ssdm name=""/></StgValue>
</bind>
</comp>

<comp id="38" class="1001" name="const_38">
<pin_list>
<pin id="39" dir="1" index="0" bw="1" slack="0"/>
</pin_list>
<bind>
<StgValue><ssdm name=""/></StgValue>
</bind>
</comp>

<comp id="40" class="1001" name="const_40">
<pin_list>
<pin id="41" dir="1" index="0" bw="1" slack="2147483647"/>
</pin_list>
<bind>
<StgValue><ssdm name="_ssdm_op_SpecLoopName"/></StgValue>
</bind>
</comp>

<comp id="42" class="1001" name="const_42">
<pin_list>
<pin id="43" dir="1" index="0" bw="1" slack="2147483647"/>
</pin_list>
<bind>
<StgValue><ssdm name="VITIS_LOOP_1589_1_VITIS_LOOP_1590_2_VITIS_LOOP_1591_3_str"/></StgValue>
</bind>
</comp>

<comp id="44" class="1001" name="const_44">
<pin_list>
<pin id="45" dir="1" index="0" bw="1" slack="2147483647"/>
</pin_list>
<bind>
<StgValue><ssdm name="_ssdm_op_SpecLoopTripCount"/></StgValue>
</bind>
</comp>

<comp id="46" class="1001" name="const_46">
<pin_list>
<pin id="47" dir="1" index="0" bw="1" slack="2147483647"/>
</pin_list>
<bind>
<StgValue><ssdm name=""/></StgValue>
</bind>
</comp>

<comp id="48" class="1001" name="const_48">
<pin_list>
<pin id="49" dir="1" index="0" bw="1" slack="2147483647"/>
</pin_list>
<bind>
<StgValue><ssdm name="_ssdm_op_SpecPipeline"/></StgValue>
</bind>
</comp>

<comp id="50" class="1001" name="const_50">
<pin_list>
<pin id="51" dir="1" index="0" bw="1" slack="0"/>
</pin_list>
<bind>
<StgValue><ssdm name="_ssdm_op_Write.m_axi.p1i32.i32"/></StgValue>
</bind>
</comp>

<comp id="52" class="1001" name="const_52">
<pin_list>
<pin id="53" dir="1" index="0" bw="1" slack="0"/>
</pin_list>
<bind>
<StgValue><ssdm name=""/></StgValue>
</bind>
</comp>

<comp id="54" class="1001" name="const_54">
<pin_list>
<pin id="55" dir="1" index="0" bw="1" slack="0"/>
</pin_list>
<bind>
<StgValue><ssdm name=""/></StgValue>
</bind>
</comp>

<comp id="56" class="1004" name="indvar_flatten13401_fu_56">
<pin_list>
<pin id="57" dir="0" index="0" bw="1" slack="0"/>
<pin id="58" dir="1" index="1" bw="18" slack="0"/>
</pin_list>
<bind>
<opcode="alloca(26) " fcode="alloca"/>
<opset="indvar_flatten13401/1 "/>
</bind>
</comp>

<comp id="60" class="1004" name="sext_ln2299_read_read_fu_60">
<pin_list>
<pin id="61" dir="0" index="0" bw="62" slack="0"/>
<pin id="62" dir="0" index="1" bw="62" slack="0"/>
<pin id="63" dir="1" index="2" bw="62" slack="0"/>
</pin_list>
<bind>
<opcode="read(1150) " fcode="read"/>
<opset="sext_ln2299_read/1 "/>
</bind>
</comp>

<comp id="66" class="1004" name="write_ln1594_write_fu_66">
<pin_list>
<pin id="67" dir="0" index="0" bw="0" slack="0"/>
<pin id="68" dir="0" index="1" bw="32" slack="0"/>
<pin id="69" dir="0" index="2" bw="24" slack="0"/>
<pin id="70" dir="0" index="3" bw="1" slack="0"/>
<pin id="71" dir="1" index="4" bw="0" slack="2147483647"/>
</pin_list>
<bind>
<opcode="write(1151) " fcode="write"/>
<opset="write_ln1594/2 "/>
</bind>
</comp>

<comp id="75" class="1004" name="sext_ln2299_cast_fu_75">
<pin_list>
<pin id="76" dir="0" index="0" bw="62" slack="0"/>
<pin id="77" dir="1" index="1" bw="64" slack="1"/>
</pin_list>
<bind>
<opcode="sext(35) " fcode="sext"/>
<opset="sext_ln2299_cast/1 "/>
</bind>
</comp>

<comp id="79" class="1004" name="store_ln0_store_fu_79">
<pin_list>
<pin id="80" dir="0" index="0" bw="1" slack="0"/>
<pin id="81" dir="0" index="1" bw="18" slack="0"/>
<pin id="82" dir="1" index="2" bw="0" slack="2147483647"/>
</pin_list>
<bind>
<opcode="store(28) " fcode="store"/>
<opset="store_ln0/1 "/>
</bind>
</comp>

<comp id="84" class="1004" name="indvar_flatten13401_load_load_fu_84">
<pin_list>
<pin id="85" dir="0" index="0" bw="18" slack="0"/>
<pin id="86" dir="1" index="1" bw="18" slack="0"/>
</pin_list>
<bind>
<opcode="load(27) " fcode="load"/>
<opset="indvar_flatten13401_load/1 "/>
</bind>
</comp>

<comp id="87" class="1004" name="icmp_ln1589_fu_87">
<pin_list>
<pin id="88" dir="0" index="0" bw="18" slack="0"/>
<pin id="89" dir="0" index="1" bw="17" slack="0"/>
<pin id="90" dir="1" index="2" bw="1" slack="2147483647"/>
</pin_list>
<bind>
<opcode="icmp(45) " fcode="icmp"/>
<opset="icmp_ln1589/1 "/>
</bind>
</comp>

<comp id="93" class="1004" name="add_ln1589_fu_93">
<pin_list>
<pin id="94" dir="0" index="0" bw="18" slack="0"/>
<pin id="95" dir="0" index="1" bw="1" slack="0"/>
<pin id="96" dir="1" index="2" bw="18" slack="0"/>
</pin_list>
<bind>
<opcode="add(8) " fcode="add"/>
<opset="add_ln1589/1 "/>
</bind>
</comp>

<comp id="99" class="1004" name="store_ln1589_store_fu_99">
<pin_list>
<pin id="100" dir="0" index="0" bw="18" slack="0"/>
<pin id="101" dir="0" index="1" bw="18" slack="0"/>
<pin id="102" dir="1" index="2" bw="0" slack="2147483647"/>
</pin_list>
<bind>
<opcode="store(28) " fcode="store"/>
<opset="store_ln1589/1 "/>
</bind>
</comp>

<comp id="104" class="1004" name="g0_addr_fu_104">
<pin_list>
<pin id="105" dir="0" index="0" bw="32" slack="0"/>
<pin id="106" dir="0" index="1" bw="62" slack="1"/>
<pin id="107" dir="1" index="2" bw="32" slack="0"/>
</pin_list>
<bind>
<opcode="getelementptr(29) " fcode="getelementptr"/>
<opset="g0_addr/2 "/>
</bind>
</comp>

<comp id="110" class="1005" name="indvar_flatten13401_reg_110">
<pin_list>
<pin id="111" dir="0" index="0" bw="18" slack="0"/>
<pin id="112" dir="1" index="1" bw="18" slack="0"/>
</pin_list>
<bind>
<opset="indvar_flatten13401 "/>
</bind>
</comp>

<comp id="117" class="1005" name="sext_ln2299_cast_reg_117">
<pin_list>
<pin id="118" dir="0" index="0" bw="64" slack="1"/>
<pin id="119" dir="1" index="1" bw="64" slack="1"/>
</pin_list>
<bind>
<opset="sext_ln2299_cast "/>
</bind>
</comp>

</comp_list>

<net_list>
<net id="59"><net_src comp="4" pin="0"/><net_sink comp="56" pin=0"/></net>

<net id="64"><net_src comp="6" pin="0"/><net_sink comp="60" pin=0"/></net>

<net id="65"><net_src comp="2" pin="0"/><net_sink comp="60" pin=1"/></net>

<net id="72"><net_src comp="50" pin="0"/><net_sink comp="66" pin=0"/></net>

<net id="73"><net_src comp="52" pin="0"/><net_sink comp="66" pin=2"/></net>

<net id="74"><net_src comp="54" pin="0"/><net_sink comp="66" pin=3"/></net>

<net id="78"><net_src comp="60" pin="2"/><net_sink comp="75" pin=0"/></net>

<net id="83"><net_src comp="32" pin="0"/><net_sink comp="79" pin=0"/></net>

<net id="91"><net_src comp="84" pin="1"/><net_sink comp="87" pin=0"/></net>

<net id="92"><net_src comp="36" pin="0"/><net_sink comp="87" pin=1"/></net>

<net id="97"><net_src comp="84" pin="1"/><net_sink comp="93" pin=0"/></net>

<net id="98"><net_src comp="38" pin="0"/><net_sink comp="93" pin=1"/></net>

<net id="103"><net_src comp="93" pin="2"/><net_sink comp="99" pin=0"/></net>

<net id="108"><net_src comp="0" pin="0"/><net_sink comp="104" pin=0"/></net>

<net id="109"><net_src comp="104" pin="2"/><net_sink comp="66" pin=1"/></net>

<net id="113"><net_src comp="56" pin="1"/><net_sink comp="110" pin=0"/></net>

<net id="114"><net_src comp="110" pin="1"/><net_sink comp="79" pin=1"/></net>

<net id="115"><net_src comp="110" pin="1"/><net_sink comp="84" pin=0"/></net>

<net id="116"><net_src comp="110" pin="1"/><net_sink comp="99" pin=1"/></net>

<net id="120"><net_src comp="75" pin="1"/><net_sink comp="117" pin=0"/></net>

<net id="121"><net_src comp="117" pin="1"/><net_sink comp="104" pin=1"/></net>

</net_list>

</model> 
---------------- Datapath Model END ------------------

* FSMD analyzer results:
  - Output states:
	Port: g0 | {2 }
 - Input state : 
	Port: control_Pipeline_VITIS_LOOP_1589_1_VITIS_LOOP_1590_2_VITIS_LOOP_1591_3 : sext_ln2299 | {1 }
  - Chain level:
	State 1
		store_ln0 : 1
		indvar_flatten13401_load : 1
		icmp_ln1589 : 2
		add_ln1589 : 2
		br_ln1589 : 3
		store_ln1589 : 3
	State 2
		write_ln1594 : 1


============================================================
+ Verbose Summary: Datapath Resource usage 
============================================================

* Functional unit list:
|----------|-----------------------------|---------|---------|
| Operation|       Functional Unit       |    FF   |   LUT   |
|----------|-----------------------------|---------|---------|
|   icmp   |      icmp_ln1589_fu_87      |    0    |    25   |
|----------|-----------------------------|---------|---------|
|    add   |       add_ln1589_fu_93      |    0    |    25   |
|----------|-----------------------------|---------|---------|
|   read   | sext_ln2299_read_read_fu_60 |    0    |    0    |
|----------|-----------------------------|---------|---------|
|   write  |   write_ln1594_write_fu_66  |    0    |    0    |
|----------|-----------------------------|---------|---------|
|   sext   |    sext_ln2299_cast_fu_75   |    0    |    0    |
|----------|-----------------------------|---------|---------|
|   Total  |                             |    0    |    50   |
|----------|-----------------------------|---------|---------|

Memories:
N/A

* Register list:
+---------------------------+--------+
|                           |   FF   |
+---------------------------+--------+
|indvar_flatten13401_reg_110|   18   |
|  sext_ln2299_cast_reg_117 |   64   |
+---------------------------+--------+
|           Total           |   82   |
+---------------------------+--------+

* Multiplexer (MUX) list: 
|--------|------|------|------|--------|
|  Comp  |  Pin | Size |  BW  | S x BW |
|--------|------|------|------|--------|
|  Total |      |      |      |    0   |
|--------|------|------|------|--------|



* Summary:
+-----------+--------+--------+
|           |   FF   |   LUT  |
+-----------+--------+--------+
|  Function |    0   |   50   |
|   Memory  |    -   |    -   |
|Multiplexer|    -   |    -   |
|  Register |   82   |    -   |
+-----------+--------+--------+
|   Total   |   82   |   50   |
+-----------+--------+--------+
