

================================================================
== Vitis HLS Report for 'control_Pipeline_VITIS_LOOP_588_1_VITIS_LOOP_589_253'
================================================================
* Date:           Sun Jul 12 20:26:53 2026

* Version:        2025.2 (Build 6295257 on Nov 14 2025)
* Project:        spikingformer_proj
* Solution:       solution1 (Vivado IP Flow Target)
* Product family: zynquplus
* Target device:  xczu7ev-ffvc1156-2-e


================================================================
== Performance Estimates
================================================================
+ Timing: 
    * Summary: 
    +--------+----------+----------+------------+
    |  Clock |  Target  | Estimated| Uncertainty|
    +--------+----------+----------+------------+
    |ap_clk  |  10.00 ns|  7.300 ns|     2.70 ns|
    +--------+----------+----------+------------+

+ Latency: 
    * Summary: 
    +---------+---------+----------+----------+-----+-----+-------------------+
    |  Latency (cycles) |  Latency (absolute) |  Interval |      Pipeline     |
    |   min   |   max   |    min   |    max   | min | max |        Type       |
    +---------+---------+----------+----------+-----+-----+-------------------+
    |    24587|    24587|  0.246 ms|  0.246 ms|    0|    0|  loop pipeline stp|
    +---------+---------+----------+----------+-----+-----+-------------------+

    + Detail: 
        * Instance: 
        N/A

        * Loop: 
        +-------------------------------------+---------+---------+----------+-----------+-----------+-------+----------+
        |                                     |  Latency (cycles) | Iteration|  Initiation Interval  |  Trip |          |
        |              Loop Name              |   min   |   max   |  Latency |  achieved |   target  | Count | Pipelined|
        +-------------------------------------+---------+---------+----------+-----------+-----------+-------+----------+
        |- VITIS_LOOP_588_1_VITIS_LOOP_589_2  |    24585|    24585|        11|          1|          1|  24576|       yes|
        +-------------------------------------+---------+---------+----------+-----------+-----------+-------+----------+



================================================================
== Utilization Estimates
================================================================
* Summary: 
+-----------------+---------+------+--------+--------+-----+
|       Name      | BRAM_18K|  DSP |   FF   |   LUT  | URAM|
+-----------------+---------+------+--------+--------+-----+
|DSP              |        -|     -|       -|       -|    -|
|Expression       |        -|     -|       0|     268|    -|
|FIFO             |        -|     -|       -|       -|    -|
|Instance         |        -|     -|       -|       -|    -|
|Memory           |        -|     -|       -|       -|    -|
|Multiplexer      |        -|     -|       0|      99|    -|
|Register         |        -|     -|     150|       -|    -|
+-----------------+---------+------+--------+--------+-----+
|Total            |        0|     0|     150|     367|    0|
+-----------------+---------+------+--------+--------+-----+
|Available        |      624|  1728|  460800|  230400|   96|
+-----------------+---------+------+--------+--------+-----+
|Utilization (%)  |        0|     0|      ~0|      ~0|    0|
+-----------------+---------+------+--------+--------+-----+

+ Detail: 
    * Instance: 
    N/A

    * DSP: 
    N/A

    * Memory: 
    N/A

    * FIFO: 
    N/A

    * Expression: 
    +--------------------------------+----------+----+---+----+------------+------------+
    |          Variable Name         | Operation| DSP| FF| LUT| Bitwidth P0| Bitwidth P1|
    +--------------------------------+----------+----+---+----+------------+------------+
    |add_ln588_1_fu_174_p2           |         +|   0|  0|  16|           9|           1|
    |add_ln588_fu_162_p2             |         +|   0|  0|  22|          15|           1|
    |add_ln589_fu_276_p2             |         +|   0|  0|  14|           7|           1|
    |add_ln590_1_fu_250_p2           |         +|   0|  0|  64|          64|          64|
    |add_ln590_fu_244_p2             |         +|   0|  0|  64|          64|          64|
    |sub_ln590_fu_234_p2             |         -|   0|  0|  25|          18|          18|
    |ap_block_pp0_stage0_01001_grp2  |       and|   0|  0|   2|           1|           1|
    |ap_block_pp0_stage0_11001_grp1  |       and|   0|  0|   2|           1|           1|
    |icmp_ln588_fu_156_p2            |      icmp|   0|  0|  22|          15|          15|
    |icmp_ln589_fu_180_p2            |      icmp|   0|  0|  15|           7|           8|
    |ap_block_pp0_stage0_11001       |        or|   0|  0|   2|           1|           1|
    |ap_block_pp0_stage0_11001_grp2  |        or|   0|  0|   2|           1|           1|
    |select_ln588_1_fu_194_p3        |    select|   0|  0|   9|           1|           9|
    |select_ln588_fu_186_p3          |    select|   0|  0|   7|           1|           1|
    |ap_enable_pp0                   |       xor|   0|  0|   2|           1|           2|
    +--------------------------------+----------+----+---+----+------------+------------+
    |Total                           |          |   0|  0| 268|         206|         188|
    +--------------------------------+----------+----+---+----+------------+------------+

    * Multiplexer: 
    +-------------------------------------------+----+-----------+-----+-----------+
    |                    Name                   | LUT| Input Size| Bits| Total Bits|
    +-------------------------------------------+----+-----------+-----+-----------+
    |ap_done_int                                |   9|          2|    1|          2|
    |ap_enable_reg_pp0_iter1                    |   9|          2|    1|          2|
    |ap_sig_allocacmp_indvar_flatten14831_load  |   9|          2|   15|         30|
    |ap_sig_allocacmp_v239_load                 |   9|          2|    9|         18|
    |ap_sig_allocacmp_v240_load                 |   9|          2|    7|         14|
    |g0_blk_n_AR                                |   9|          2|    1|          2|
    |g0_blk_n_R                                 |   9|          2|    1|          2|
    |g0_blk_n_W                                 |   9|          2|    1|          2|
    |indvar_flatten14831_fu_98                  |   9|          2|   15|         30|
    |v239_fu_94                                 |   9|          2|    9|         18|
    |v240_fu_90                                 |   9|          2|    7|         14|
    +-------------------------------------------+----+-----------+-----+-----------+
    |Total                                      |  99|         22|   67|        134|
    +-------------------------------------------+----+-----------+-----+-----------+

    * Register: 
    +-------------------------------------------+----+----+-----+-----------+
    |                    Name                   | FF | LUT| Bits| Const Bits|
    +-------------------------------------------+----+----+-----+-----------+
    |ap_CS_fsm                                  |   1|   0|    1|          0|
    |ap_block_pp0_stage0_subdone_grp1_done_reg  |   1|   0|    1|          0|
    |ap_block_pp0_stage0_subdone_grp2_done_reg  |   1|   0|    1|          0|
    |ap_done_reg                                |   1|   0|    1|          0|
    |ap_enable_reg_pp0_iter1                    |   1|   0|    1|          0|
    |ap_enable_reg_pp0_iter10                   |   1|   0|    1|          0|
    |ap_enable_reg_pp0_iter2                    |   1|   0|    1|          0|
    |ap_enable_reg_pp0_iter3                    |   1|   0|    1|          0|
    |ap_enable_reg_pp0_iter4                    |   1|   0|    1|          0|
    |ap_enable_reg_pp0_iter5                    |   1|   0|    1|          0|
    |ap_enable_reg_pp0_iter6                    |   1|   0|    1|          0|
    |ap_enable_reg_pp0_iter7                    |   1|   0|    1|          0|
    |ap_enable_reg_pp0_iter8                    |   1|   0|    1|          0|
    |ap_enable_reg_pp0_iter9                    |   1|   0|    1|          0|
    |ap_loop_exit_ready_pp0_iter1_reg           |   1|   0|    1|          0|
    |ap_loop_exit_ready_pp0_iter2_reg           |   1|   0|    1|          0|
    |ap_loop_exit_ready_pp0_iter3_reg           |   1|   0|    1|          0|
    |ap_loop_exit_ready_pp0_iter4_reg           |   1|   0|    1|          0|
    |ap_loop_exit_ready_pp0_iter5_reg           |   1|   0|    1|          0|
    |ap_loop_exit_ready_pp0_iter6_reg           |   1|   0|    1|          0|
    |ap_loop_exit_ready_pp0_iter7_reg           |   1|   0|    1|          0|
    |ap_loop_exit_ready_pp0_iter8_reg           |   1|   0|    1|          0|
    |ap_loop_exit_ready_pp0_iter9_reg           |   1|   0|    1|          0|
    |g0_addr_83_reg_333                         |  64|   0|   64|          0|
    |indvar_flatten14831_fu_98                  |  15|   0|   15|          0|
    |v239_fu_94                                 |   9|   0|    9|          0|
    |v240_fu_90                                 |   7|   0|    7|          0|
    |v241_reg_339                               |  32|   0|   32|          0|
    +-------------------------------------------+----+----+-----+-----------+
    |Total                                      | 150|   0|  150|          0|
    +-------------------------------------------+----+----+-----+-----------+



================================================================
== Interface
================================================================
* Summary: 
+---------------------+-----+-----+------------+------------------------------------------------------+--------------+
|      RTL Ports      | Dir | Bits|  Protocol  |                     Source Object                    |    C Type    |
+---------------------+-----+-----+------------+------------------------------------------------------+--------------+
|ap_clk               |   in|    1|  ap_ctrl_hs|  control_Pipeline_VITIS_LOOP_588_1_VITIS_LOOP_589_253|  return value|
|ap_rst               |   in|    1|  ap_ctrl_hs|  control_Pipeline_VITIS_LOOP_588_1_VITIS_LOOP_589_253|  return value|
|ap_start             |   in|    1|  ap_ctrl_hs|  control_Pipeline_VITIS_LOOP_588_1_VITIS_LOOP_589_253|  return value|
|ap_done              |  out|    1|  ap_ctrl_hs|  control_Pipeline_VITIS_LOOP_588_1_VITIS_LOOP_589_253|  return value|
|ap_idle              |  out|    1|  ap_ctrl_hs|  control_Pipeline_VITIS_LOOP_588_1_VITIS_LOOP_589_253|  return value|
|ap_ready             |  out|    1|  ap_ctrl_hs|  control_Pipeline_VITIS_LOOP_588_1_VITIS_LOOP_589_253|  return value|
|m_axi_g0_0_AWVALID   |  out|    1|       m_axi|                                                    g0|       pointer|
|m_axi_g0_0_AWREADY   |   in|    1|       m_axi|                                                    g0|       pointer|
|m_axi_g0_0_AWADDR    |  out|   64|       m_axi|                                                    g0|       pointer|
|m_axi_g0_0_AWID      |  out|    1|       m_axi|                                                    g0|       pointer|
|m_axi_g0_0_AWLEN     |  out|   32|       m_axi|                                                    g0|       pointer|
|m_axi_g0_0_AWSIZE    |  out|    3|       m_axi|                                                    g0|       pointer|
|m_axi_g0_0_AWBURST   |  out|    2|       m_axi|                                                    g0|       pointer|
|m_axi_g0_0_AWLOCK    |  out|    2|       m_axi|                                                    g0|       pointer|
|m_axi_g0_0_AWCACHE   |  out|    4|       m_axi|                                                    g0|       pointer|
|m_axi_g0_0_AWPROT    |  out|    3|       m_axi|                                                    g0|       pointer|
|m_axi_g0_0_AWQOS     |  out|    4|       m_axi|                                                    g0|       pointer|
|m_axi_g0_0_AWREGION  |  out|    4|       m_axi|                                                    g0|       pointer|
|m_axi_g0_0_AWUSER    |  out|    1|       m_axi|                                                    g0|       pointer|
|m_axi_g0_0_WVALID    |  out|    1|       m_axi|                                                    g0|       pointer|
|m_axi_g0_0_WREADY    |   in|    1|       m_axi|                                                    g0|       pointer|
|m_axi_g0_0_WDATA     |  out|   32|       m_axi|                                                    g0|       pointer|
|m_axi_g0_0_WSTRB     |  out|    4|       m_axi|                                                    g0|       pointer|
|m_axi_g0_0_WLAST     |  out|    1|       m_axi|                                                    g0|       pointer|
|m_axi_g0_0_WID       |  out|    1|       m_axi|                                                    g0|       pointer|
|m_axi_g0_0_WUSER     |  out|    1|       m_axi|                                                    g0|       pointer|
|m_axi_g0_0_ARVALID   |  out|    1|       m_axi|                                                    g0|       pointer|
|m_axi_g0_0_ARREADY   |   in|    1|       m_axi|                                                    g0|       pointer|
|m_axi_g0_0_ARADDR    |  out|   64|       m_axi|                                                    g0|       pointer|
|m_axi_g0_0_ARID      |  out|    1|       m_axi|                                                    g0|       pointer|
|m_axi_g0_0_ARLEN     |  out|   32|       m_axi|                                                    g0|       pointer|
|m_axi_g0_0_ARSIZE    |  out|    3|       m_axi|                                                    g0|       pointer|
|m_axi_g0_0_ARBURST   |  out|    2|       m_axi|                                                    g0|       pointer|
|m_axi_g0_0_ARLOCK    |  out|    2|       m_axi|                                                    g0|       pointer|
|m_axi_g0_0_ARCACHE   |  out|    4|       m_axi|                                                    g0|       pointer|
|m_axi_g0_0_ARPROT    |  out|    3|       m_axi|                                                    g0|       pointer|
|m_axi_g0_0_ARQOS     |  out|    4|       m_axi|                                                    g0|       pointer|
|m_axi_g0_0_ARREGION  |  out|    4|       m_axi|                                                    g0|       pointer|
|m_axi_g0_0_ARUSER    |  out|    1|       m_axi|                                                    g0|       pointer|
|m_axi_g0_0_RVALID    |   in|    1|       m_axi|                                                    g0|       pointer|
|m_axi_g0_0_RREADY    |  out|    1|       m_axi|                                                    g0|       pointer|
|m_axi_g0_0_RDATA     |   in|   32|       m_axi|                                                    g0|       pointer|
|m_axi_g0_0_RLAST     |   in|    1|       m_axi|                                                    g0|       pointer|
|m_axi_g0_0_RID       |   in|    1|       m_axi|                                                    g0|       pointer|
|m_axi_g0_0_RFIFONUM  |   in|    9|       m_axi|                                                    g0|       pointer|
|m_axi_g0_0_RUSER     |   in|    1|       m_axi|                                                    g0|       pointer|
|m_axi_g0_0_RRESP     |   in|    2|       m_axi|                                                    g0|       pointer|
|m_axi_g0_0_BVALID    |   in|    1|       m_axi|                                                    g0|       pointer|
|m_axi_g0_0_BREADY    |  out|    1|       m_axi|                                                    g0|       pointer|
|m_axi_g0_0_BRESP     |   in|    2|       m_axi|                                                    g0|       pointer|
|m_axi_g0_0_BID       |   in|    1|       m_axi|                                                    g0|       pointer|
|m_axi_g0_0_BUSER     |   in|    1|       m_axi|                                                    g0|       pointer|
|sext_ln1882          |   in|   62|     ap_none|                                           sext_ln1882|        scalar|
|v1159                |   in|   64|     ap_none|                                                 v1159|        scalar|
+---------------------+-----+-----+------------+------------------------------------------------------+--------------+

============================================================
+ Verbose Summary: Synthesis Manager
============================================================
InlineROM: 1
ExposeGlobal: 0
============================================================
+ Verbose Summary: CDFG Model
============================================================
IsTopModel: 0
ResetActiveHigh: 1
IsCombinational: 2
IsDatapathOnly: 2
HasWiredReturn: 1
HasMFsm: 2
HasVarLatency: 1
IsPipeline: 0
IsRtlPipelined: 0
IsInstanceOverlapped: 0
IsDontTouch: 0
HasImplIP: 0
IsGatedGlobalClock: 0

+ Individual pipeline summary: 
  * Pipeline-0: initiation interval (II) = 1, depth = 11


============================================================
+ Verbose Summary: Schedule
============================================================
* Number of FSM states : 11
* Pipeline : 1
  Pipeline-0 : II = 1, D = 11, States = { 1 2 3 4 5 6 7 8 9 10 11 }
* Dataflow Pipeline: 0

* FSM state transitions: 
1 --> 2 
2 --> 3 
3 --> 4 
4 --> 5 
5 --> 6 
6 --> 7 
7 --> 8 
8 --> 9 
9 --> 10 
10 --> 11 
11 --> 

* FSM state operations: 

State 1 <SV = 0> <Delay = 3.25>
ST_1 : Operation 14 [1/1] (0.00ns)   --->   "%v240 = alloca i32 1" [spikingformer_official.cpp:589->spikingformer_official.cpp:3084]   --->   Operation 14 'alloca' 'v240' <Predicate = true> <Delay = 0.00>
ST_1 : Operation 15 [1/1] (0.00ns)   --->   "%v239 = alloca i32 1" [spikingformer_official.cpp:588->spikingformer_official.cpp:3084]   --->   Operation 15 'alloca' 'v239' <Predicate = true> <Delay = 0.00>
ST_1 : Operation 16 [1/1] (0.00ns)   --->   "%indvar_flatten14831 = alloca i32 1"   --->   Operation 16 'alloca' 'indvar_flatten14831' <Predicate = true> <Delay = 0.00>
ST_1 : Operation 17 [1/1] (0.00ns)   --->   "%v1159_read = read i64 @_ssdm_op_Read.ap_auto.i64, i64 %v1159"   --->   Operation 17 'read' 'v1159_read' <Predicate = true> <Delay = 0.00>
ST_1 : Operation 18 [1/1] (0.00ns)   --->   "%sext_ln1882_read = read i62 @_ssdm_op_Read.ap_auto.i62, i62 %sext_ln1882"   --->   Operation 18 'read' 'sext_ln1882_read' <Predicate = true> <Delay = 0.00>
ST_1 : Operation 19 [1/1] (0.00ns)   --->   "%sext_ln1882_cast = sext i62 %sext_ln1882_read"   --->   Operation 19 'sext' 'sext_ln1882_cast' <Predicate = true> <Delay = 0.00>
ST_1 : Operation 20 [1/1] (0.00ns)   --->   "%specstablecontent_ln0 = specstablecontent void @_ssdm_op_SpecStableContent, i32 %g0, i1 1, void "   --->   Operation 20 'specstablecontent' 'specstablecontent_ln0' <Predicate = true> <Delay = 0.00>
ST_1 : Operation 21 [1/1] (0.00ns)   --->   "%specinterface_ln0 = specinterface void @_ssdm_op_SpecInterface, i32 %g0, void @empty_26, i32 0, i32 0, void @empty_35, i32 0, i32 0, void @empty_22, void @empty_25, void @empty_35, i32 16, i32 16, i32 16, i32 16, void @empty_35, void @empty_35, i32 4294967295, i32 0, i32 0, i32 4"   --->   Operation 21 'specinterface' 'specinterface_ln0' <Predicate = true> <Delay = 0.00>
ST_1 : Operation 22 [1/1] (0.42ns)   --->   "%store_ln0 = store i15 0, i15 %indvar_flatten14831"   --->   Operation 22 'store' 'store_ln0' <Predicate = true> <Delay = 0.42>
ST_1 : Operation 23 [1/1] (0.42ns)   --->   "%store_ln588 = store i9 0, i9 %v239" [spikingformer_official.cpp:588->spikingformer_official.cpp:3084]   --->   Operation 23 'store' 'store_ln588' <Predicate = true> <Delay = 0.42>
ST_1 : Operation 24 [1/1] (0.42ns)   --->   "%store_ln589 = store i7 0, i7 %v240" [spikingformer_official.cpp:589->spikingformer_official.cpp:3084]   --->   Operation 24 'store' 'store_ln589' <Predicate = true> <Delay = 0.42>
ST_1 : Operation 25 [1/1] (0.00ns)   --->   "%br_ln0 = br void %for.inc.i1865"   --->   Operation 25 'br' 'br_ln0' <Predicate = true> <Delay = 0.00>
ST_1 : Operation 26 [1/1] (0.00ns)   --->   "%indvar_flatten14831_load = load i15 %indvar_flatten14831" [spikingformer_official.cpp:588->spikingformer_official.cpp:3084]   --->   Operation 26 'load' 'indvar_flatten14831_load' <Predicate = true> <Delay = 0.00>
ST_1 : Operation 27 [1/1] (0.00ns)   --->   "%specbitsmap_ln0 = specbitsmap void @_ssdm_op_SpecBitsMap, i32 %g0"   --->   Operation 27 'specbitsmap' 'specbitsmap_ln0' <Predicate = true> <Delay = 0.00>
ST_1 : Operation 28 [1/1] (0.84ns)   --->   "%icmp_ln588 = icmp_eq  i15 %indvar_flatten14831_load, i15 24576" [spikingformer_official.cpp:588->spikingformer_official.cpp:3084]   --->   Operation 28 'icmp' 'icmp_ln588' <Predicate = true> <Delay = 0.84> <CoreInst = "Cmp">   --->   Core 9 'Cmp' <Latency = 0> <II = 1> <Delay = 0.84> <FuncUnit> <Opcode : 'seteq' 'setne' 'setle' 'setge' 'setlt' 'setgt'> <InPorts = 2> <OutPorts = 1>
ST_1 : Operation 29 [1/1] (0.84ns)   --->   "%add_ln588 = add i15 %indvar_flatten14831_load, i15 1" [spikingformer_official.cpp:588->spikingformer_official.cpp:3084]   --->   Operation 29 'add' 'add_ln588' <Predicate = true> <Delay = 0.84> <CoreInst = "Adder">   --->   Core 1 'Adder' <Latency = 0> <II = 1> <Delay = 0.84> <FuncUnit> <Opcode : 'add' 'sub'> <InPorts = 2> <OutPorts = 1>
ST_1 : Operation 30 [1/1] (0.00ns)   --->   "%br_ln588 = br i1 %icmp_ln588, void %for.inc13.i1868, void %_Z8kernel43PA64_A384_fPA384_A64_f.exit1869.exitStub" [spikingformer_official.cpp:588->spikingformer_official.cpp:3084]   --->   Operation 30 'br' 'br_ln588' <Predicate = true> <Delay = 0.00>
ST_1 : Operation 31 [1/1] (0.00ns)   --->   "%v240_load = load i7 %v240" [spikingformer_official.cpp:589->spikingformer_official.cpp:3084]   --->   Operation 31 'load' 'v240_load' <Predicate = (!icmp_ln588)> <Delay = 0.00>
ST_1 : Operation 32 [1/1] (0.00ns)   --->   "%v239_load = load i9 %v239" [spikingformer_official.cpp:588->spikingformer_official.cpp:3084]   --->   Operation 32 'load' 'v239_load' <Predicate = (!icmp_ln588)> <Delay = 0.00>
ST_1 : Operation 33 [1/1] (0.77ns)   --->   "%add_ln588_1 = add i9 %v239_load, i9 1" [spikingformer_official.cpp:588->spikingformer_official.cpp:3084]   --->   Operation 33 'add' 'add_ln588_1' <Predicate = (!icmp_ln588)> <Delay = 0.77> <CoreInst = "Adder">   --->   Core 1 'Adder' <Latency = 0> <II = 1> <Delay = 0.77> <FuncUnit> <Opcode : 'add' 'sub'> <InPorts = 2> <OutPorts = 1>
ST_1 : Operation 34 [1/1] (0.77ns)   --->   "%icmp_ln589 = icmp_eq  i7 %v240_load, i7 64" [spikingformer_official.cpp:589->spikingformer_official.cpp:3084]   --->   Operation 34 'icmp' 'icmp_ln589' <Predicate = (!icmp_ln588)> <Delay = 0.77> <CoreInst = "Cmp">   --->   Core 9 'Cmp' <Latency = 0> <II = 1> <Delay = 0.76> <FuncUnit> <Opcode : 'seteq' 'setne' 'setle' 'setge' 'setlt' 'setgt'> <InPorts = 2> <OutPorts = 1>
ST_1 : Operation 35 [1/1] (0.36ns)   --->   "%select_ln588 = select i1 %icmp_ln589, i7 0, i7 %v240_load" [spikingformer_official.cpp:588->spikingformer_official.cpp:3084]   --->   Operation 35 'select' 'select_ln588' <Predicate = (!icmp_ln588)> <Delay = 0.36> <CoreInst = "Sel">   --->   Core 73 'Sel' <Latency = 0> <II = 1> <Delay = 0.36> <FuncUnit> <Opcode : 'select'> <InPorts = 3> <OutPorts = 1>
ST_1 : Operation 36 [1/1] (0.39ns)   --->   "%select_ln588_1 = select i1 %icmp_ln589, i9 %add_ln588_1, i9 %v239_load" [spikingformer_official.cpp:588->spikingformer_official.cpp:3084]   --->   Operation 36 'select' 'select_ln588_1' <Predicate = (!icmp_ln588)> <Delay = 0.39> <CoreInst = "Sel">   --->   Core 73 'Sel' <Latency = 0> <II = 1> <Delay = 0.39> <FuncUnit> <Opcode : 'select'> <InPorts = 3> <OutPorts = 1>
ST_1 : Operation 37 [1/1] (0.00ns)   --->   "%shl_ln590_3 = bitconcatenate i11 @_ssdm_op_BitConcatenate.i11.i9.i2, i9 %select_ln588_1, i2 0" [spikingformer_official.cpp:590->spikingformer_official.cpp:3084]   --->   Operation 37 'bitconcatenate' 'shl_ln590_3' <Predicate = (!icmp_ln588)> <Delay = 0.00>
ST_1 : Operation 38 [1/1] (0.00ns)   --->   "%zext_ln589 = zext i11 %shl_ln590_3" [spikingformer_official.cpp:589->spikingformer_official.cpp:3084]   --->   Operation 38 'zext' 'zext_ln589' <Predicate = (!icmp_ln588)> <Delay = 0.00>
ST_1 : Operation 39 [1/1] (0.00ns)   --->   "%p_shl = bitconcatenate i18 @_ssdm_op_BitConcatenate.i18.i7.i11, i7 %select_ln588, i11 0" [spikingformer_official.cpp:590->spikingformer_official.cpp:3084]   --->   Operation 39 'bitconcatenate' 'p_shl' <Predicate = (!icmp_ln588)> <Delay = 0.00>
ST_1 : Operation 40 [1/1] (0.00ns)   --->   "%tmp = bitconcatenate i16 @_ssdm_op_BitConcatenate.i16.i7.i9, i7 %select_ln588, i9 0" [spikingformer_official.cpp:590->spikingformer_official.cpp:3084]   --->   Operation 40 'bitconcatenate' 'tmp' <Predicate = (!icmp_ln588)> <Delay = 0.00>
ST_1 : Operation 41 [1/1] (0.00ns)   --->   "%zext_ln590 = zext i16 %tmp" [spikingformer_official.cpp:590->spikingformer_official.cpp:3084]   --->   Operation 41 'zext' 'zext_ln590' <Predicate = (!icmp_ln588)> <Delay = 0.00>
ST_1 : Operation 42 [1/1] (0.87ns)   --->   "%sub_ln590 = sub i18 %p_shl, i18 %zext_ln590" [spikingformer_official.cpp:590->spikingformer_official.cpp:3084]   --->   Operation 42 'sub' 'sub_ln590' <Predicate = (!icmp_ln588)> <Delay = 0.87> <CoreInst = "Adder">   --->   Core 1 'Adder' <Latency = 0> <II = 1> <Delay = 0.87> <FuncUnit> <Opcode : 'add' 'sub'> <InPorts = 2> <OutPorts = 1>
ST_1 : Operation 43 [1/1] (0.00ns)   --->   "%zext_ln590_1 = zext i18 %sub_ln590" [spikingformer_official.cpp:590->spikingformer_official.cpp:3084]   --->   Operation 43 'zext' 'zext_ln590_1' <Predicate = (!icmp_ln588)> <Delay = 0.00>
ST_1 : Operation 44 [1/1] (0.00ns) (grouped into TernaryAdder)   --->   "%add_ln590 = add i64 %v1159_read, i64 %zext_ln590_1" [spikingformer_official.cpp:590->spikingformer_official.cpp:3084]   --->   Operation 44 'add' 'add_ln590' <Predicate = (!icmp_ln588)> <Delay = 0.00> <CoreInst = "TAddSub">   --->   Core 10 'TAddSub' <Latency = 0> <II = 1> <Delay = 0.40> <IPBlock> <Opcode : 'add' 'sub'> <InPorts = 3> <OutPorts = 1> <Sync> <CReg>
ST_1 : Operation 45 [1/1] (0.81ns) (root node of TernaryAdder)   --->   "%add_ln590_1 = add i64 %add_ln590, i64 %zext_ln589" [spikingformer_official.cpp:590->spikingformer_official.cpp:3084]   --->   Operation 45 'add' 'add_ln590_1' <Predicate = (!icmp_ln588)> <Delay = 0.81> <CoreInst = "TAddSub">   --->   Core 10 'TAddSub' <Latency = 0> <II = 1> <Delay = 0.40> <IPBlock> <Opcode : 'add' 'sub'> <InPorts = 3> <OutPorts = 1> <Sync> <CReg>
ST_1 : Operation 46 [1/1] (0.00ns)   --->   "%trunc_ln590_3 = partselect i62 @_ssdm_op_PartSelect.i62.i64.i32.i32, i64 %add_ln590_1, i32 2, i32 63" [spikingformer_official.cpp:590->spikingformer_official.cpp:3084]   --->   Operation 46 'partselect' 'trunc_ln590_3' <Predicate = (!icmp_ln588)> <Delay = 0.00>
ST_1 : Operation 47 [1/1] (0.00ns)   --->   "%sext_ln590 = sext i62 %trunc_ln590_3" [spikingformer_official.cpp:590->spikingformer_official.cpp:3084]   --->   Operation 47 'sext' 'sext_ln590' <Predicate = (!icmp_ln588)> <Delay = 0.00>
ST_1 : Operation 48 [1/1] (0.00ns)   --->   "%g0_addr_83 = getelementptr i32 %g0, i64 %sext_ln590" [spikingformer_official.cpp:590->spikingformer_official.cpp:3084]   --->   Operation 48 'getelementptr' 'g0_addr_83' <Predicate = (!icmp_ln588)> <Delay = 0.00>
ST_1 : Operation 49 [1/1] (0.77ns)   --->   "%add_ln589 = add i7 %select_ln588, i7 1" [spikingformer_official.cpp:589->spikingformer_official.cpp:3084]   --->   Operation 49 'add' 'add_ln589' <Predicate = (!icmp_ln588)> <Delay = 0.77> <CoreInst = "Adder">   --->   Core 1 'Adder' <Latency = 0> <II = 1> <Delay = 0.77> <FuncUnit> <Opcode : 'add' 'sub'> <InPorts = 2> <OutPorts = 1>
ST_1 : Operation 50 [1/1] (0.42ns)   --->   "%store_ln588 = store i15 %add_ln588, i15 %indvar_flatten14831" [spikingformer_official.cpp:588->spikingformer_official.cpp:3084]   --->   Operation 50 'store' 'store_ln588' <Predicate = (!icmp_ln588)> <Delay = 0.42>
ST_1 : Operation 51 [1/1] (0.42ns)   --->   "%store_ln588 = store i9 %select_ln588_1, i9 %v239" [spikingformer_official.cpp:588->spikingformer_official.cpp:3084]   --->   Operation 51 'store' 'store_ln588' <Predicate = (!icmp_ln588)> <Delay = 0.42>
ST_1 : Operation 52 [1/1] (0.42ns)   --->   "%store_ln589 = store i7 %add_ln589, i7 %v240" [spikingformer_official.cpp:589->spikingformer_official.cpp:3084]   --->   Operation 52 'store' 'store_ln589' <Predicate = (!icmp_ln588)> <Delay = 0.42>

State 2 <SV = 1> <Delay = 0.00>
ST_2 : Operation 53 [8/8] (7.30ns)   --->   "%v241_3_req = readreq i1 @_ssdm_op_ReadReq.m_axi.i32P1A, i64 %g0_addr_83, i64 1" [spikingformer_official.cpp:590->spikingformer_official.cpp:3084]   --->   Operation 53 'readreq' 'v241_3_req' <Predicate = true> <Delay = 7.30> <CoreInst = "m_axi">   --->   Core 119 'm_axi' <Latency = 6> <II = 1> <Delay = 1.00> <Adapter> <Opcode : 'readrequnaligned' 'writerequnaligned' 'read' 'write' 'readreq' 'writereq' 'writeresp'>

State 3 <SV = 2> <Delay = 0.00>
ST_3 : Operation 54 [7/8] (7.30ns)   --->   "%v241_3_req = readreq i1 @_ssdm_op_ReadReq.m_axi.i32P1A, i64 %g0_addr_83, i64 1" [spikingformer_official.cpp:590->spikingformer_official.cpp:3084]   --->   Operation 54 'readreq' 'v241_3_req' <Predicate = true> <Delay = 7.30> <CoreInst = "m_axi">   --->   Core 119 'm_axi' <Latency = 6> <II = 1> <Delay = 1.00> <Adapter> <Opcode : 'readrequnaligned' 'writerequnaligned' 'read' 'write' 'readreq' 'writereq' 'writeresp'>

State 4 <SV = 3> <Delay = 0.00>
ST_4 : Operation 55 [6/8] (7.30ns)   --->   "%v241_3_req = readreq i1 @_ssdm_op_ReadReq.m_axi.i32P1A, i64 %g0_addr_83, i64 1" [spikingformer_official.cpp:590->spikingformer_official.cpp:3084]   --->   Operation 55 'readreq' 'v241_3_req' <Predicate = true> <Delay = 7.30> <CoreInst = "m_axi">   --->   Core 119 'm_axi' <Latency = 6> <II = 1> <Delay = 1.00> <Adapter> <Opcode : 'readrequnaligned' 'writerequnaligned' 'read' 'write' 'readreq' 'writereq' 'writeresp'>

State 5 <SV = 4> <Delay = 0.00>
ST_5 : Operation 56 [5/8] (7.30ns)   --->   "%v241_3_req = readreq i1 @_ssdm_op_ReadReq.m_axi.i32P1A, i64 %g0_addr_83, i64 1" [spikingformer_official.cpp:590->spikingformer_official.cpp:3084]   --->   Operation 56 'readreq' 'v241_3_req' <Predicate = true> <Delay = 7.30> <CoreInst = "m_axi">   --->   Core 119 'm_axi' <Latency = 6> <II = 1> <Delay = 1.00> <Adapter> <Opcode : 'readrequnaligned' 'writerequnaligned' 'read' 'write' 'readreq' 'writereq' 'writeresp'>

State 6 <SV = 5> <Delay = 0.00>
ST_6 : Operation 57 [4/8] (7.30ns)   --->   "%v241_3_req = readreq i1 @_ssdm_op_ReadReq.m_axi.i32P1A, i64 %g0_addr_83, i64 1" [spikingformer_official.cpp:590->spikingformer_official.cpp:3084]   --->   Operation 57 'readreq' 'v241_3_req' <Predicate = true> <Delay = 7.30> <CoreInst = "m_axi">   --->   Core 119 'm_axi' <Latency = 6> <II = 1> <Delay = 1.00> <Adapter> <Opcode : 'readrequnaligned' 'writerequnaligned' 'read' 'write' 'readreq' 'writereq' 'writeresp'>

State 7 <SV = 6> <Delay = 0.00>
ST_7 : Operation 58 [3/8] (7.30ns)   --->   "%v241_3_req = readreq i1 @_ssdm_op_ReadReq.m_axi.i32P1A, i64 %g0_addr_83, i64 1" [spikingformer_official.cpp:590->spikingformer_official.cpp:3084]   --->   Operation 58 'readreq' 'v241_3_req' <Predicate = true> <Delay = 7.30> <CoreInst = "m_axi">   --->   Core 119 'm_axi' <Latency = 6> <II = 1> <Delay = 1.00> <Adapter> <Opcode : 'readrequnaligned' 'writerequnaligned' 'read' 'write' 'readreq' 'writereq' 'writeresp'>

State 8 <SV = 7> <Delay = 0.00>
ST_8 : Operation 59 [2/8] (7.30ns)   --->   "%v241_3_req = readreq i1 @_ssdm_op_ReadReq.m_axi.i32P1A, i64 %g0_addr_83, i64 1" [spikingformer_official.cpp:590->spikingformer_official.cpp:3084]   --->   Operation 59 'readreq' 'v241_3_req' <Predicate = true> <Delay = 7.30> <CoreInst = "m_axi">   --->   Core 119 'm_axi' <Latency = 6> <II = 1> <Delay = 1.00> <Adapter> <Opcode : 'readrequnaligned' 'writerequnaligned' 'read' 'write' 'readreq' 'writereq' 'writeresp'>

State 9 <SV = 8> <Delay = 7.30>
ST_9 : Operation 60 [1/8] ( I:7.30ns O:7.30ns )   --->   "%v241_3_req = readreq i1 @_ssdm_op_ReadReq.m_axi.i32P1A, i64 %g0_addr_83, i64 1" [spikingformer_official.cpp:590->spikingformer_official.cpp:3084]   --->   Operation 60 'readreq' 'v241_3_req' <Predicate = true> <Delay = 7.30> <CoreInst = "m_axi">   --->   Core 119 'm_axi' <Latency = 6> <II = 1> <Delay = 1.00> <Adapter> <Opcode : 'readrequnaligned' 'writerequnaligned' 'read' 'write' 'readreq' 'writereq' 'writeresp'>

State 10 <SV = 9> <Delay = 7.30>
ST_10 : Operation 61 [1/1] ( I:7.30ns O:7.30ns )   --->   "%v241 = read i32 @_ssdm_op_Read.m_axi.i32P1A, i64 %g0_addr_83" [spikingformer_official.cpp:590->spikingformer_official.cpp:3084]   --->   Operation 61 'read' 'v241' <Predicate = true> <Delay = 7.30> <CoreInst = "m_axi">   --->   Core 119 'm_axi' <Latency = 3> <II = 1> <Delay = 1.00> <Adapter> <Opcode : 'readrequnaligned' 'writerequnaligned' 'read' 'write' 'readreq' 'writereq' 'writeresp'>
ST_10 : Operation 68 [1/1] (0.42ns)   --->   "%ret_ln0 = ret"   --->   Operation 68 'ret' 'ret_ln0' <Predicate = (icmp_ln588)> <Delay = 0.42>

State 11 <SV = 10> <Delay = 7.30>
ST_11 : Operation 62 [1/1] (0.00ns)   --->   "%g0_addr = getelementptr i32 %g0, i64 %sext_ln1882_cast" [spikingformer_official.cpp:1882->spikingformer_official.cpp:2377]   --->   Operation 62 'getelementptr' 'g0_addr' <Predicate = true> <Delay = 0.00>
ST_11 : Operation 63 [1/1] (0.00ns)   --->   "%specloopname_ln0 = specloopname void @_ssdm_op_SpecLoopName, void @VITIS_LOOP_588_1_VITIS_LOOP_589_2_str"   --->   Operation 63 'specloopname' 'specloopname_ln0' <Predicate = true> <Delay = 0.00>
ST_11 : Operation 64 [1/1] (0.00ns)   --->   "%speclooptripcount_ln0 = speclooptripcount void @_ssdm_op_SpecLoopTripCount, i64 24576, i64 24576, i64 24576"   --->   Operation 64 'speclooptripcount' 'speclooptripcount_ln0' <Predicate = true> <Delay = 0.00>
ST_11 : Operation 65 [1/1] (0.00ns)   --->   "%specpipeline_ln589 = specpipeline void @_ssdm_op_SpecPipeline, i32 4294967295, i32 0, i32 0, i32 0, i32 4294967295, void @empty_35" [spikingformer_official.cpp:589->spikingformer_official.cpp:3084]   --->   Operation 65 'specpipeline' 'specpipeline_ln589' <Predicate = true> <Delay = 0.00>
ST_11 : Operation 66 [1/1] ( I:7.30ns O:7.30ns )   --->   "%write_ln591 = write void @_ssdm_op_Write.m_axi.p1i32.i32, i64 %g0_addr, i32 %v241, i4 15" [spikingformer_official.cpp:591->spikingformer_official.cpp:3084]   --->   Operation 66 'write' 'write_ln591' <Predicate = true> <Delay = 7.30> <CoreInst = "m_axi">   --->   Core 119 'm_axi' <Latency = 5> <II = 1> <Delay = 1.00> <Adapter> <Opcode : 'readrequnaligned' 'writerequnaligned' 'read' 'write' 'readreq' 'writereq' 'writeresp'>
ST_11 : Operation 67 [1/1] (0.00ns)   --->   "%br_ln589 = br void %for.inc.i1865" [spikingformer_official.cpp:589->spikingformer_official.cpp:3084]   --->   Operation 67 'br' 'br_ln589' <Predicate = true> <Delay = 0.00>


============================================================
+ Verbose Summary: Binding
============================================================
STG Binding: 
---------------- STG Properties BEGIN ----------------
- Is combinational: 0
- Is one-state seq: 0
- Is datapath-only: 0
- Is pipelined: 0
- Is top level: 0
Port [ Return ] is wired: 1; IO mode=ap_ctrl_hs:ce=0
Port [ g0]:  wired=1; compound=1; hidden=0; nouse=0; global=0; static=0; extern=0; dir=2; type=4; pingpong=0; private_global=0; IO mode=m_axi:ce=0
Port [ sext_ln1882]:  wired=1; compound=0; hidden=0; nouse=0; global=0; static=0; extern=0; dir=0; type=0; pingpong=0; private_global=0; IO mode=ap_none:ce=0
Port [ v1159]:  wired=1; compound=0; hidden=0; nouse=0; global=0; static=0; extern=0; dir=0; type=0; pingpong=0; private_global=0; IO mode=ap_none:ce=0
---------------- STG Properties END ------------------

---------------- Datapath Model BEGIN ----------------

<LifeTime>
<method=bitvector/>
v240                     (alloca           ) [ 010000000000]
v239                     (alloca           ) [ 010000000000]
indvar_flatten14831      (alloca           ) [ 010000000000]
v1159_read               (read             ) [ 000000000000]
sext_ln1882_read         (read             ) [ 000000000000]
sext_ln1882_cast         (sext             ) [ 011111111111]
specstablecontent_ln0    (specstablecontent) [ 000000000000]
specinterface_ln0        (specinterface    ) [ 000000000000]
store_ln0                (store            ) [ 000000000000]
store_ln588              (store            ) [ 000000000000]
store_ln589              (store            ) [ 000000000000]
br_ln0                   (br               ) [ 000000000000]
indvar_flatten14831_load (load             ) [ 000000000000]
specbitsmap_ln0          (specbitsmap      ) [ 000000000000]
icmp_ln588               (icmp             ) [ 011111111110]
add_ln588                (add              ) [ 000000000000]
br_ln588                 (br               ) [ 000000000000]
v240_load                (load             ) [ 000000000000]
v239_load                (load             ) [ 000000000000]
add_ln588_1              (add              ) [ 000000000000]
icmp_ln589               (icmp             ) [ 000000000000]
select_ln588             (select           ) [ 000000000000]
select_ln588_1           (select           ) [ 000000000000]
shl_ln590_3              (bitconcatenate   ) [ 000000000000]
zext_ln589               (zext             ) [ 000000000000]
p_shl                    (bitconcatenate   ) [ 000000000000]
tmp                      (bitconcatenate   ) [ 000000000000]
zext_ln590               (zext             ) [ 000000000000]
sub_ln590                (sub              ) [ 000000000000]
zext_ln590_1             (zext             ) [ 000000000000]
add_ln590                (add              ) [ 000000000000]
add_ln590_1              (add              ) [ 000000000000]
trunc_ln590_3            (partselect       ) [ 000000000000]
sext_ln590               (sext             ) [ 000000000000]
g0_addr_83               (getelementptr    ) [ 011111111110]
add_ln589                (add              ) [ 000000000000]
store_ln588              (store            ) [ 000000000000]
store_ln588              (store            ) [ 000000000000]
store_ln589              (store            ) [ 000000000000]
v241_3_req               (readreq          ) [ 000000000000]
v241                     (read             ) [ 010000000001]
g0_addr                  (getelementptr    ) [ 000000000000]
specloopname_ln0         (specloopname     ) [ 000000000000]
speclooptripcount_ln0    (speclooptripcount) [ 000000000000]
specpipeline_ln589       (specpipeline     ) [ 000000000000]
write_ln591              (write            ) [ 000000000000]
br_ln589                 (br               ) [ 000000000000]
ret_ln0                  (ret              ) [ 000000000000]
</LifeTime>

<model>

<comp_list>
<comp id="0" class="1000" name="g0">
<pin_list>
<pin id="1" dir="1" index="0" bw="1" slack="0"/>
</pin_list>
<bind>
<StgValue><ssdm name="g0"/><MemPortTyVec>2 </MemPortTyVec>
</StgValue>
</bind>
</comp>

<comp id="2" class="1000" name="sext_ln1882">
<pin_list>
<pin id="3" dir="1" index="0" bw="1" slack="0"/>
</pin_list>
<bind>
<StgValue><ssdm name="sext_ln1882"/></StgValue>
</bind>
</comp>

<comp id="4" class="1000" name="v1159">
<pin_list>
<pin id="5" dir="1" index="0" bw="1" slack="0"/>
</pin_list>
<bind>
<StgValue><ssdm name="v1159"/></StgValue>
</bind>
</comp>

<comp id="6" class="1001" name="const_6">
<pin_list>
<pin id="7" dir="1" index="0" bw="1" slack="0"/>
</pin_list>
<bind>
<StgValue><ssdm name=""/></StgValue>
</bind>
</comp>

<comp id="8" class="1001" name="const_8">
<pin_list>
<pin id="9" dir="1" index="0" bw="1" slack="0"/>
</pin_list>
<bind>
<StgValue><ssdm name="_ssdm_op_Read.ap_auto.i64"/></StgValue>
</bind>
</comp>

<comp id="10" class="1001" name="const_10">
<pin_list>
<pin id="11" dir="1" index="0" bw="1" slack="0"/>
</pin_list>
<bind>
<StgValue><ssdm name="_ssdm_op_Read.ap_auto.i62"/></StgValue>
</bind>
</comp>

<comp id="12" class="1001" name="const_12">
<pin_list>
<pin id="13" dir="1" index="0" bw="1" slack="2147483647"/>
</pin_list>
<bind>
<StgValue><ssdm name="_ssdm_op_SpecStableContent"/></StgValue>
</bind>
</comp>

<comp id="14" class="1001" name="const_14">
<pin_list>
<pin id="15" dir="1" index="0" bw="1" slack="2147483647"/>
</pin_list>
<bind>
<StgValue><ssdm name=""/></StgValue>
</bind>
</comp>

<comp id="16" class="1001" name="const_16">
<pin_list>
<pin id="17" dir="1" index="0" bw="1" slack="2147483647"/>
</pin_list>
<bind>
<StgValue><ssdm name=""/></StgValue>
</bind>
</comp>

<comp id="18" class="1001" name="const_18">
<pin_list>
<pin id="19" dir="1" index="0" bw="1" slack="2147483647"/>
</pin_list>
<bind>
<StgValue><ssdm name="_ssdm_op_SpecInterface"/></StgValue>
</bind>
</comp>

<comp id="20" class="1001" name="const_20">
<pin_list>
<pin id="21" dir="1" index="0" bw="1" slack="2147483647"/>
</pin_list>
<bind>
<StgValue><ssdm name="empty_26"/></StgValue>
</bind>
</comp>

<comp id="22" class="1001" name="const_22">
<pin_list>
<pin id="23" dir="1" index="0" bw="1" slack="2147483647"/>
</pin_list>
<bind>
<StgValue><ssdm name=""/></StgValue>
</bind>
</comp>

<comp id="24" class="1001" name="const_24">
<pin_list>
<pin id="25" dir="1" index="0" bw="1" slack="2147483647"/>
</pin_list>
<bind>
<StgValue><ssdm name="empty_35"/></StgValue>
</bind>
</comp>

<comp id="26" class="1001" name="const_26">
<pin_list>
<pin id="27" dir="1" index="0" bw="1" slack="2147483647"/>
</pin_list>
<bind>
<StgValue><ssdm name="empty_22"/></StgValue>
</bind>
</comp>

<comp id="28" class="1001" name="const_28">
<pin_list>
<pin id="29" dir="1" index="0" bw="1" slack="2147483647"/>
</pin_list>
<bind>
<StgValue><ssdm name="empty_25"/></StgValue>
</bind>
</comp>

<comp id="30" class="1001" name="const_30">
<pin_list>
<pin id="31" dir="1" index="0" bw="1" slack="2147483647"/>
</pin_list>
<bind>
<StgValue><ssdm name=""/></StgValue>
</bind>
</comp>

<comp id="32" class="1001" name="const_32">
<pin_list>
<pin id="33" dir="1" index="0" bw="1" slack="2147483647"/>
</pin_list>
<bind>
<StgValue><ssdm name=""/></StgValue>
</bind>
</comp>

<comp id="34" class="1001" name="const_34">
<pin_list>
<pin id="35" dir="1" index="0" bw="1" slack="2147483647"/>
</pin_list>
<bind>
<StgValue><ssdm name=""/></StgValue>
</bind>
</comp>

<comp id="36" class="1001" name="const_36">
<pin_list>
<pin id="37" dir="1" index="0" bw="1" slack="0"/>
</pin_list>
<bind>
<StgValue><ssdm name=""/></StgValue>
</bind>
</comp>

<comp id="38" class="1001" name="const_38">
<pin_list>
<pin id="39" dir="1" index="0" bw="1" slack="0"/>
</pin_list>
<bind>
<StgValue><ssdm name=""/></StgValue>
</bind>
</comp>

<comp id="40" class="1001" name="const_40">
<pin_list>
<pin id="41" dir="1" index="0" bw="1" slack="0"/>
</pin_list>
<bind>
<StgValue><ssdm name=""/></StgValue>
</bind>
</comp>

<comp id="42" class="1001" name="const_42">
<pin_list>
<pin id="43" dir="1" index="0" bw="1" slack="2147483647"/>
</pin_list>
<bind>
<StgValue><ssdm name="_ssdm_op_SpecBitsMap"/></StgValue>
</bind>
</comp>

<comp id="44" class="1001" name="const_44">
<pin_list>
<pin id="45" dir="1" index="0" bw="1" slack="0"/>
</pin_list>
<bind>
<StgValue><ssdm name=""/></StgValue>
</bind>
</comp>

<comp id="46" class="1001" name="const_46">
<pin_list>
<pin id="47" dir="1" index="0" bw="1" slack="0"/>
</pin_list>
<bind>
<StgValue><ssdm name=""/></StgValue>
</bind>
</comp>

<comp id="48" class="1001" name="const_48">
<pin_list>
<pin id="49" dir="1" index="0" bw="1" slack="0"/>
</pin_list>
<bind>
<StgValue><ssdm name=""/></StgValue>
</bind>
</comp>

<comp id="50" class="1001" name="const_50">
<pin_list>
<pin id="51" dir="1" index="0" bw="1" slack="0"/>
</pin_list>
<bind>
<StgValue><ssdm name=""/></StgValue>
</bind>
</comp>

<comp id="52" class="1001" name="const_52">
<pin_list>
<pin id="53" dir="1" index="0" bw="1" slack="0"/>
</pin_list>
<bind>
<StgValue><ssdm name="_ssdm_op_BitConcatenate.i11.i9.i2"/></StgValue>
</bind>
</comp>

<comp id="54" class="1001" name="const_54">
<pin_list>
<pin id="55" dir="1" index="0" bw="1" slack="0"/>
</pin_list>
<bind>
<StgValue><ssdm name=""/></StgValue>
</bind>
</comp>

<comp id="56" class="1001" name="const_56">
<pin_list>
<pin id="57" dir="1" index="0" bw="1" slack="0"/>
</pin_list>
<bind>
<StgValue><ssdm name="_ssdm_op_BitConcatenate.i18.i7.i11"/></StgValue>
</bind>
</comp>

<comp id="58" class="1001" name="const_58">
<pin_list>
<pin id="59" dir="1" index="0" bw="1" slack="0"/>
</pin_list>
<bind>
<StgValue><ssdm name=""/></StgValue>
</bind>
</comp>

<comp id="60" class="1001" name="const_60">
<pin_list>
<pin id="61" dir="1" index="0" bw="1" slack="0"/>
</pin_list>
<bind>
<StgValue><ssdm name="_ssdm_op_BitConcatenate.i16.i7.i9"/></StgValue>
</bind>
</comp>

<comp id="62" class="1001" name="const_62">
<pin_list>
<pin id="63" dir="1" index="0" bw="1" slack="0"/>
</pin_list>
<bind>
<StgValue><ssdm name="_ssdm_op_PartSelect.i62.i64.i32.i32"/></StgValue>
</bind>
</comp>

<comp id="64" class="1001" name="const_64">
<pin_list>
<pin id="65" dir="1" index="0" bw="1" slack="0"/>
</pin_list>
<bind>
<StgValue><ssdm name=""/></StgValue>
</bind>
</comp>

<comp id="66" class="1001" name="const_66">
<pin_list>
<pin id="67" dir="1" index="0" bw="1" slack="0"/>
</pin_list>
<bind>
<StgValue><ssdm name=""/></StgValue>
</bind>
</comp>

<comp id="68" class="1001" name="const_68">
<pin_list>
<pin id="69" dir="1" index="0" bw="1" slack="0"/>
</pin_list>
<bind>
<StgValue><ssdm name=""/></StgValue>
</bind>
</comp>

<comp id="70" class="1001" name="const_70">
<pin_list>
<pin id="71" dir="1" index="0" bw="1" slack="0"/>
</pin_list>
<bind>
<StgValue><ssdm name="_ssdm_op_ReadReq.m_axi.i32P1A"/></StgValue>
</bind>
</comp>

<comp id="72" class="1001" name="const_72">
<pin_list>
<pin id="73" dir="1" index="0" bw="1" slack="0"/>
</pin_list>
<bind>
<StgValue><ssdm name=""/></StgValue>
</bind>
</comp>

<comp id="74" class="1001" name="const_74">
<pin_list>
<pin id="75" dir="1" index="0" bw="1" slack="0"/>
</pin_list>
<bind>
<StgValue><ssdm name="_ssdm_op_Read.m_axi.i32P1A"/></StgValue>
</bind>
</comp>

<comp id="76" class="1001" name="const_76">
<pin_list>
<pin id="77" dir="1" index="0" bw="1" slack="2147483647"/>
</pin_list>
<bind>
<StgValue><ssdm name="_ssdm_op_SpecLoopName"/></StgValue>
</bind>
</comp>

<comp id="78" class="1001" name="const_78">
<pin_list>
<pin id="79" dir="1" index="0" bw="1" slack="2147483647"/>
</pin_list>
<bind>
<StgValue><ssdm name="VITIS_LOOP_588_1_VITIS_LOOP_589_2_str"/></StgValue>
</bind>
</comp>

<comp id="80" class="1001" name="const_80">
<pin_list>
<pin id="81" dir="1" index="0" bw="1" slack="2147483647"/>
</pin_list>
<bind>
<StgValue><ssdm name="_ssdm_op_SpecLoopTripCount"/></StgValue>
</bind>
</comp>

<comp id="82" class="1001" name="const_82">
<pin_list>
<pin id="83" dir="1" index="0" bw="1" slack="2147483647"/>
</pin_list>
<bind>
<StgValue><ssdm name=""/></StgValue>
</bind>
</comp>

<comp id="84" class="1001" name="const_84">
<pin_list>
<pin id="85" dir="1" index="0" bw="1" slack="2147483647"/>
</pin_list>
<bind>
<StgValue><ssdm name="_ssdm_op_SpecPipeline"/></StgValue>
</bind>
</comp>

<comp id="86" class="1001" name="const_86">
<pin_list>
<pin id="87" dir="1" index="0" bw="1" slack="0"/>
</pin_list>
<bind>
<StgValue><ssdm name="_ssdm_op_Write.m_axi.p1i32.i32"/></StgValue>
</bind>
</comp>

<comp id="88" class="1001" name="const_88">
<pin_list>
<pin id="89" dir="1" index="0" bw="1" slack="0"/>
</pin_list>
<bind>
<StgValue><ssdm name=""/></StgValue>
</bind>
</comp>

<comp id="90" class="1004" name="v240_fu_90">
<pin_list>
<pin id="91" dir="0" index="0" bw="1" slack="0"/>
<pin id="92" dir="1" index="1" bw="7" slack="0"/>
</pin_list>
<bind>
<opcode="alloca(26) " fcode="alloca"/>
<opset="v240/1 "/>
</bind>
</comp>

<comp id="94" class="1004" name="v239_fu_94">
<pin_list>
<pin id="95" dir="0" index="0" bw="1" slack="0"/>
<pin id="96" dir="1" index="1" bw="9" slack="0"/>
</pin_list>
<bind>
<opcode="alloca(26) " fcode="alloca"/>
<opset="v239/1 "/>
</bind>
</comp>

<comp id="98" class="1004" name="indvar_flatten14831_fu_98">
<pin_list>
<pin id="99" dir="0" index="0" bw="1" slack="0"/>
<pin id="100" dir="1" index="1" bw="15" slack="0"/>
</pin_list>
<bind>
<opcode="alloca(26) " fcode="alloca"/>
<opset="indvar_flatten14831/1 "/>
</bind>
</comp>

<comp id="102" class="1004" name="v1159_read_read_fu_102">
<pin_list>
<pin id="103" dir="0" index="0" bw="64" slack="0"/>
<pin id="104" dir="0" index="1" bw="64" slack="0"/>
<pin id="105" dir="1" index="2" bw="64" slack="0"/>
</pin_list>
<bind>
<opcode="read(1150) " fcode="read"/>
<opset="v1159_read/1 "/>
</bind>
</comp>

<comp id="108" class="1004" name="sext_ln1882_read_read_fu_108">
<pin_list>
<pin id="109" dir="0" index="0" bw="62" slack="0"/>
<pin id="110" dir="0" index="1" bw="62" slack="0"/>
<pin id="111" dir="1" index="2" bw="62" slack="0"/>
</pin_list>
<bind>
<opcode="read(1150) " fcode="read"/>
<opset="sext_ln1882_read/1 "/>
</bind>
</comp>

<comp id="114" class="1004" name="grp_readreq_fu_114">
<pin_list>
<pin id="115" dir="0" index="0" bw="1" slack="0"/>
<pin id="116" dir="0" index="1" bw="32" slack="1"/>
<pin id="117" dir="0" index="2" bw="1" slack="0"/>
<pin id="118" dir="1" index="3" bw="1" slack="2147483647"/>
</pin_list>
<bind>
<opcode="readreq(1154) " fcode="readreq"/>
<opset="v241_3_req/2 "/>
</bind>
</comp>

<comp id="121" class="1004" name="v241_read_fu_121">
<pin_list>
<pin id="122" dir="0" index="0" bw="32" slack="0"/>
<pin id="123" dir="0" index="1" bw="32" slack="9"/>
<pin id="124" dir="1" index="2" bw="32" slack="1"/>
</pin_list>
<bind>
<opcode="read(1150) " fcode="read"/>
<opset="v241/10 "/>
</bind>
</comp>

<comp id="126" class="1004" name="write_ln591_write_fu_126">
<pin_list>
<pin id="127" dir="0" index="0" bw="0" slack="0"/>
<pin id="128" dir="0" index="1" bw="32" slack="0"/>
<pin id="129" dir="0" index="2" bw="32" slack="1"/>
<pin id="130" dir="0" index="3" bw="1" slack="0"/>
<pin id="131" dir="1" index="4" bw="0" slack="2147483647"/>
</pin_list>
<bind>
<opcode="write(1151) " fcode="write"/>
<opset="write_ln591/11 "/>
</bind>
</comp>

<comp id="134" class="1004" name="sext_ln1882_cast_fu_134">
<pin_list>
<pin id="135" dir="0" index="0" bw="62" slack="0"/>
<pin id="136" dir="1" index="1" bw="64" slack="10"/>
</pin_list>
<bind>
<opcode="sext(35) " fcode="sext"/>
<opset="sext_ln1882_cast/1 "/>
</bind>
</comp>

<comp id="138" class="1004" name="store_ln0_store_fu_138">
<pin_list>
<pin id="139" dir="0" index="0" bw="1" slack="0"/>
<pin id="140" dir="0" index="1" bw="15" slack="0"/>
<pin id="141" dir="1" index="2" bw="0" slack="2147483647"/>
</pin_list>
<bind>
<opcode="store(28) " fcode="store"/>
<opset="store_ln0/1 "/>
</bind>
</comp>

<comp id="143" class="1004" name="store_ln588_store_fu_143">
<pin_list>
<pin id="144" dir="0" index="0" bw="1" slack="0"/>
<pin id="145" dir="0" index="1" bw="9" slack="0"/>
<pin id="146" dir="1" index="2" bw="0" slack="2147483647"/>
</pin_list>
<bind>
<opcode="store(28) " fcode="store"/>
<opset="store_ln588/1 "/>
</bind>
</comp>

<comp id="148" class="1004" name="store_ln589_store_fu_148">
<pin_list>
<pin id="149" dir="0" index="0" bw="1" slack="0"/>
<pin id="150" dir="0" index="1" bw="7" slack="0"/>
<pin id="151" dir="1" index="2" bw="0" slack="2147483647"/>
</pin_list>
<bind>
<opcode="store(28) " fcode="store"/>
<opset="store_ln589/1 "/>
</bind>
</comp>

<comp id="153" class="1004" name="indvar_flatten14831_load_load_fu_153">
<pin_list>
<pin id="154" dir="0" index="0" bw="15" slack="0"/>
<pin id="155" dir="1" index="1" bw="15" slack="0"/>
</pin_list>
<bind>
<opcode="load(27) " fcode="load"/>
<opset="indvar_flatten14831_load/1 "/>
</bind>
</comp>

<comp id="156" class="1004" name="icmp_ln588_fu_156">
<pin_list>
<pin id="157" dir="0" index="0" bw="15" slack="0"/>
<pin id="158" dir="0" index="1" bw="15" slack="0"/>
<pin id="159" dir="1" index="2" bw="1" slack="9"/>
</pin_list>
<bind>
<opcode="icmp(45) " fcode="icmp"/>
<opset="icmp_ln588/1 "/>
</bind>
</comp>

<comp id="162" class="1004" name="add_ln588_fu_162">
<pin_list>
<pin id="163" dir="0" index="0" bw="15" slack="0"/>
<pin id="164" dir="0" index="1" bw="1" slack="0"/>
<pin id="165" dir="1" index="2" bw="15" slack="0"/>
</pin_list>
<bind>
<opcode="add(8) " fcode="add"/>
<opset="add_ln588/1 "/>
</bind>
</comp>

<comp id="168" class="1004" name="v240_load_load_fu_168">
<pin_list>
<pin id="169" dir="0" index="0" bw="7" slack="0"/>
<pin id="170" dir="1" index="1" bw="7" slack="0"/>
</pin_list>
<bind>
<opcode="load(27) " fcode="load"/>
<opset="v240_load/1 "/>
</bind>
</comp>

<comp id="171" class="1004" name="v239_load_load_fu_171">
<pin_list>
<pin id="172" dir="0" index="0" bw="9" slack="0"/>
<pin id="173" dir="1" index="1" bw="9" slack="0"/>
</pin_list>
<bind>
<opcode="load(27) " fcode="load"/>
<opset="v239_load/1 "/>
</bind>
</comp>

<comp id="174" class="1004" name="add_ln588_1_fu_174">
<pin_list>
<pin id="175" dir="0" index="0" bw="9" slack="0"/>
<pin id="176" dir="0" index="1" bw="1" slack="0"/>
<pin id="177" dir="1" index="2" bw="9" slack="0"/>
</pin_list>
<bind>
<opcode="add(8) " fcode="add"/>
<opset="add_ln588_1/1 "/>
</bind>
</comp>

<comp id="180" class="1004" name="icmp_ln589_fu_180">
<pin_list>
<pin id="181" dir="0" index="0" bw="7" slack="0"/>
<pin id="182" dir="0" index="1" bw="7" slack="0"/>
<pin id="183" dir="1" index="2" bw="1" slack="0"/>
</pin_list>
<bind>
<opcode="icmp(45) " fcode="icmp"/>
<opset="icmp_ln589/1 "/>
</bind>
</comp>

<comp id="186" class="1004" name="select_ln588_fu_186">
<pin_list>
<pin id="187" dir="0" index="0" bw="1" slack="0"/>
<pin id="188" dir="0" index="1" bw="7" slack="0"/>
<pin id="189" dir="0" index="2" bw="7" slack="0"/>
<pin id="190" dir="1" index="3" bw="7" slack="0"/>
</pin_list>
<bind>
<opcode="select(49) " fcode="select"/>
<opset="select_ln588/1 "/>
</bind>
</comp>

<comp id="194" class="1004" name="select_ln588_1_fu_194">
<pin_list>
<pin id="195" dir="0" index="0" bw="1" slack="0"/>
<pin id="196" dir="0" index="1" bw="9" slack="0"/>
<pin id="197" dir="0" index="2" bw="9" slack="0"/>
<pin id="198" dir="1" index="3" bw="9" slack="0"/>
</pin_list>
<bind>
<opcode="select(49) " fcode="select"/>
<opset="select_ln588_1/1 "/>
</bind>
</comp>

<comp id="202" class="1004" name="shl_ln590_3_fu_202">
<pin_list>
<pin id="203" dir="0" index="0" bw="11" slack="0"/>
<pin id="204" dir="0" index="1" bw="9" slack="0"/>
<pin id="205" dir="0" index="2" bw="1" slack="0"/>
<pin id="206" dir="1" index="3" bw="11" slack="0"/>
</pin_list>
<bind>
<opcode="bitconcatenate(1004) " fcode="bitconcatenate"/>
<opset="shl_ln590_3/1 "/>
</bind>
</comp>

<comp id="210" class="1004" name="zext_ln589_fu_210">
<pin_list>
<pin id="211" dir="0" index="0" bw="11" slack="0"/>
<pin id="212" dir="1" index="1" bw="64" slack="0"/>
</pin_list>
<bind>
<opcode="zext(34) " fcode="zext"/>
<opset="zext_ln589/1 "/>
</bind>
</comp>

<comp id="214" class="1004" name="p_shl_fu_214">
<pin_list>
<pin id="215" dir="0" index="0" bw="18" slack="0"/>
<pin id="216" dir="0" index="1" bw="7" slack="0"/>
<pin id="217" dir="0" index="2" bw="1" slack="0"/>
<pin id="218" dir="1" index="3" bw="18" slack="0"/>
</pin_list>
<bind>
<opcode="bitconcatenate(1004) " fcode="bitconcatenate"/>
<opset="p_shl/1 "/>
</bind>
</comp>

<comp id="222" class="1004" name="tmp_fu_222">
<pin_list>
<pin id="223" dir="0" index="0" bw="16" slack="0"/>
<pin id="224" dir="0" index="1" bw="7" slack="0"/>
<pin id="225" dir="0" index="2" bw="1" slack="0"/>
<pin id="226" dir="1" index="3" bw="16" slack="0"/>
</pin_list>
<bind>
<opcode="bitconcatenate(1004) " fcode="bitconcatenate"/>
<opset="tmp/1 "/>
</bind>
</comp>

<comp id="230" class="1004" name="zext_ln590_fu_230">
<pin_list>
<pin id="231" dir="0" index="0" bw="16" slack="0"/>
<pin id="232" dir="1" index="1" bw="18" slack="0"/>
</pin_list>
<bind>
<opcode="zext(34) " fcode="zext"/>
<opset="zext_ln590/1 "/>
</bind>
</comp>

<comp id="234" class="1004" name="sub_ln590_fu_234">
<pin_list>
<pin id="235" dir="0" index="0" bw="18" slack="0"/>
<pin id="236" dir="0" index="1" bw="16" slack="0"/>
<pin id="237" dir="1" index="2" bw="18" slack="0"/>
</pin_list>
<bind>
<opcode="sub(10) " fcode="sub"/>
<opset="sub_ln590/1 "/>
</bind>
</comp>

<comp id="240" class="1004" name="zext_ln590_1_fu_240">
<pin_list>
<pin id="241" dir="0" index="0" bw="18" slack="0"/>
<pin id="242" dir="1" index="1" bw="64" slack="0"/>
</pin_list>
<bind>
<opcode="zext(34) " fcode="zext"/>
<opset="zext_ln590_1/1 "/>
</bind>
</comp>

<comp id="244" class="1004" name="add_ln590_fu_244">
<pin_list>
<pin id="245" dir="0" index="0" bw="64" slack="0"/>
<pin id="246" dir="0" index="1" bw="18" slack="0"/>
<pin id="247" dir="1" index="2" bw="64" slack="0"/>
</pin_list>
<bind>
<opcode="add(8) " fcode="add"/>
<opset="add_ln590/1 "/>
</bind>
</comp>

<comp id="250" class="1004" name="add_ln590_1_fu_250">
<pin_list>
<pin id="251" dir="0" index="0" bw="64" slack="0"/>
<pin id="252" dir="0" index="1" bw="11" slack="0"/>
<pin id="253" dir="1" index="2" bw="64" slack="0"/>
</pin_list>
<bind>
<opcode="add(8) " fcode="add"/>
<opset="add_ln590_1/1 "/>
</bind>
</comp>

<comp id="256" class="1004" name="trunc_ln590_3_fu_256">
<pin_list>
<pin id="257" dir="0" index="0" bw="62" slack="0"/>
<pin id="258" dir="0" index="1" bw="64" slack="0"/>
<pin id="259" dir="0" index="2" bw="3" slack="0"/>
<pin id="260" dir="0" index="3" bw="7" slack="0"/>
<pin id="261" dir="1" index="4" bw="62" slack="0"/>
</pin_list>
<bind>
<opcode="partselect(1002) " fcode="partselect"/>
<opset="trunc_ln590_3/1 "/>
</bind>
</comp>

<comp id="266" class="1004" name="sext_ln590_fu_266">
<pin_list>
<pin id="267" dir="0" index="0" bw="62" slack="0"/>
<pin id="268" dir="1" index="1" bw="64" slack="0"/>
</pin_list>
<bind>
<opcode="sext(35) " fcode="sext"/>
<opset="sext_ln590/1 "/>
</bind>
</comp>

<comp id="270" class="1004" name="g0_addr_83_fu_270">
<pin_list>
<pin id="271" dir="0" index="0" bw="64" slack="0"/>
<pin id="272" dir="0" index="1" bw="64" slack="0"/>
<pin id="273" dir="1" index="2" bw="64" slack="1"/>
</pin_list>
<bind>
<opcode="getelementptr(29) " fcode="getelementptr"/>
<opset="g0_addr_83/1 "/>
</bind>
</comp>

<comp id="276" class="1004" name="add_ln589_fu_276">
<pin_list>
<pin id="277" dir="0" index="0" bw="7" slack="0"/>
<pin id="278" dir="0" index="1" bw="1" slack="0"/>
<pin id="279" dir="1" index="2" bw="7" slack="0"/>
</pin_list>
<bind>
<opcode="add(8) " fcode="add"/>
<opset="add_ln589/1 "/>
</bind>
</comp>

<comp id="282" class="1004" name="store_ln588_store_fu_282">
<pin_list>
<pin id="283" dir="0" index="0" bw="15" slack="0"/>
<pin id="284" dir="0" index="1" bw="15" slack="0"/>
<pin id="285" dir="1" index="2" bw="0" slack="2147483647"/>
</pin_list>
<bind>
<opcode="store(28) " fcode="store"/>
<opset="store_ln588/1 "/>
</bind>
</comp>

<comp id="287" class="1004" name="store_ln588_store_fu_287">
<pin_list>
<pin id="288" dir="0" index="0" bw="9" slack="0"/>
<pin id="289" dir="0" index="1" bw="9" slack="0"/>
<pin id="290" dir="1" index="2" bw="0" slack="2147483647"/>
</pin_list>
<bind>
<opcode="store(28) " fcode="store"/>
<opset="store_ln588/1 "/>
</bind>
</comp>

<comp id="292" class="1004" name="store_ln589_store_fu_292">
<pin_list>
<pin id="293" dir="0" index="0" bw="7" slack="0"/>
<pin id="294" dir="0" index="1" bw="7" slack="0"/>
<pin id="295" dir="1" index="2" bw="0" slack="2147483647"/>
</pin_list>
<bind>
<opcode="store(28) " fcode="store"/>
<opset="store_ln589/1 "/>
</bind>
</comp>

<comp id="297" class="1004" name="g0_addr_fu_297">
<pin_list>
<pin id="298" dir="0" index="0" bw="64" slack="0"/>
<pin id="299" dir="0" index="1" bw="64" slack="10"/>
<pin id="300" dir="1" index="2" bw="64" slack="0"/>
</pin_list>
<bind>
<opcode="getelementptr(29) " fcode="getelementptr"/>
<opset="g0_addr/11 "/>
</bind>
</comp>

<comp id="303" class="1005" name="v240_reg_303">
<pin_list>
<pin id="304" dir="0" index="0" bw="7" slack="0"/>
<pin id="305" dir="1" index="1" bw="7" slack="0"/>
</pin_list>
<bind>
<opset="v240 "/>
</bind>
</comp>

<comp id="310" class="1005" name="v239_reg_310">
<pin_list>
<pin id="311" dir="0" index="0" bw="9" slack="0"/>
<pin id="312" dir="1" index="1" bw="9" slack="0"/>
</pin_list>
<bind>
<opset="v239 "/>
</bind>
</comp>

<comp id="317" class="1005" name="indvar_flatten14831_reg_317">
<pin_list>
<pin id="318" dir="0" index="0" bw="15" slack="0"/>
<pin id="319" dir="1" index="1" bw="15" slack="0"/>
</pin_list>
<bind>
<opset="indvar_flatten14831 "/>
</bind>
</comp>

<comp id="324" class="1005" name="sext_ln1882_cast_reg_324">
<pin_list>
<pin id="325" dir="0" index="0" bw="64" slack="10"/>
<pin id="326" dir="1" index="1" bw="64" slack="10"/>
</pin_list>
<bind>
<opset="sext_ln1882_cast "/>
</bind>
</comp>

<comp id="329" class="1005" name="icmp_ln588_reg_329">
<pin_list>
<pin id="330" dir="0" index="0" bw="1" slack="9"/>
<pin id="331" dir="1" index="1" bw="1" slack="2147483647"/>
</pin_list>
<bind>
<opset="icmp_ln588 "/>
</bind>
</comp>

<comp id="333" class="1005" name="g0_addr_83_reg_333">
<pin_list>
<pin id="334" dir="0" index="0" bw="32" slack="1"/>
<pin id="335" dir="1" index="1" bw="32" slack="1"/>
</pin_list>
<bind>
<opset="g0_addr_83 "/>
</bind>
</comp>

<comp id="339" class="1005" name="v241_reg_339">
<pin_list>
<pin id="340" dir="0" index="0" bw="32" slack="1"/>
<pin id="341" dir="1" index="1" bw="32" slack="1"/>
</pin_list>
<bind>
<opset="v241 "/>
</bind>
</comp>

</comp_list>

<net_list>
<net id="93"><net_src comp="6" pin="0"/><net_sink comp="90" pin=0"/></net>

<net id="97"><net_src comp="6" pin="0"/><net_sink comp="94" pin=0"/></net>

<net id="101"><net_src comp="6" pin="0"/><net_sink comp="98" pin=0"/></net>

<net id="106"><net_src comp="8" pin="0"/><net_sink comp="102" pin=0"/></net>

<net id="107"><net_src comp="4" pin="0"/><net_sink comp="102" pin=1"/></net>

<net id="112"><net_src comp="10" pin="0"/><net_sink comp="108" pin=0"/></net>

<net id="113"><net_src comp="2" pin="0"/><net_sink comp="108" pin=1"/></net>

<net id="119"><net_src comp="70" pin="0"/><net_sink comp="114" pin=0"/></net>

<net id="120"><net_src comp="72" pin="0"/><net_sink comp="114" pin=2"/></net>

<net id="125"><net_src comp="74" pin="0"/><net_sink comp="121" pin=0"/></net>

<net id="132"><net_src comp="86" pin="0"/><net_sink comp="126" pin=0"/></net>

<net id="133"><net_src comp="88" pin="0"/><net_sink comp="126" pin=3"/></net>

<net id="137"><net_src comp="108" pin="2"/><net_sink comp="134" pin=0"/></net>

<net id="142"><net_src comp="36" pin="0"/><net_sink comp="138" pin=0"/></net>

<net id="147"><net_src comp="38" pin="0"/><net_sink comp="143" pin=0"/></net>

<net id="152"><net_src comp="40" pin="0"/><net_sink comp="148" pin=0"/></net>

<net id="160"><net_src comp="153" pin="1"/><net_sink comp="156" pin=0"/></net>

<net id="161"><net_src comp="44" pin="0"/><net_sink comp="156" pin=1"/></net>

<net id="166"><net_src comp="153" pin="1"/><net_sink comp="162" pin=0"/></net>

<net id="167"><net_src comp="46" pin="0"/><net_sink comp="162" pin=1"/></net>

<net id="178"><net_src comp="171" pin="1"/><net_sink comp="174" pin=0"/></net>

<net id="179"><net_src comp="48" pin="0"/><net_sink comp="174" pin=1"/></net>

<net id="184"><net_src comp="168" pin="1"/><net_sink comp="180" pin=0"/></net>

<net id="185"><net_src comp="50" pin="0"/><net_sink comp="180" pin=1"/></net>

<net id="191"><net_src comp="180" pin="2"/><net_sink comp="186" pin=0"/></net>

<net id="192"><net_src comp="40" pin="0"/><net_sink comp="186" pin=1"/></net>

<net id="193"><net_src comp="168" pin="1"/><net_sink comp="186" pin=2"/></net>

<net id="199"><net_src comp="180" pin="2"/><net_sink comp="194" pin=0"/></net>

<net id="200"><net_src comp="174" pin="2"/><net_sink comp="194" pin=1"/></net>

<net id="201"><net_src comp="171" pin="1"/><net_sink comp="194" pin=2"/></net>

<net id="207"><net_src comp="52" pin="0"/><net_sink comp="202" pin=0"/></net>

<net id="208"><net_src comp="194" pin="3"/><net_sink comp="202" pin=1"/></net>

<net id="209"><net_src comp="54" pin="0"/><net_sink comp="202" pin=2"/></net>

<net id="213"><net_src comp="202" pin="3"/><net_sink comp="210" pin=0"/></net>

<net id="219"><net_src comp="56" pin="0"/><net_sink comp="214" pin=0"/></net>

<net id="220"><net_src comp="186" pin="3"/><net_sink comp="214" pin=1"/></net>

<net id="221"><net_src comp="58" pin="0"/><net_sink comp="214" pin=2"/></net>

<net id="227"><net_src comp="60" pin="0"/><net_sink comp="222" pin=0"/></net>

<net id="228"><net_src comp="186" pin="3"/><net_sink comp="222" pin=1"/></net>

<net id="229"><net_src comp="38" pin="0"/><net_sink comp="222" pin=2"/></net>

<net id="233"><net_src comp="222" pin="3"/><net_sink comp="230" pin=0"/></net>

<net id="238"><net_src comp="214" pin="3"/><net_sink comp="234" pin=0"/></net>

<net id="239"><net_src comp="230" pin="1"/><net_sink comp="234" pin=1"/></net>

<net id="243"><net_src comp="234" pin="2"/><net_sink comp="240" pin=0"/></net>

<net id="248"><net_src comp="102" pin="2"/><net_sink comp="244" pin=0"/></net>

<net id="249"><net_src comp="240" pin="1"/><net_sink comp="244" pin=1"/></net>

<net id="254"><net_src comp="244" pin="2"/><net_sink comp="250" pin=0"/></net>

<net id="255"><net_src comp="210" pin="1"/><net_sink comp="250" pin=1"/></net>

<net id="262"><net_src comp="62" pin="0"/><net_sink comp="256" pin=0"/></net>

<net id="263"><net_src comp="250" pin="2"/><net_sink comp="256" pin=1"/></net>

<net id="264"><net_src comp="64" pin="0"/><net_sink comp="256" pin=2"/></net>

<net id="265"><net_src comp="66" pin="0"/><net_sink comp="256" pin=3"/></net>

<net id="269"><net_src comp="256" pin="4"/><net_sink comp="266" pin=0"/></net>

<net id="274"><net_src comp="0" pin="0"/><net_sink comp="270" pin=0"/></net>

<net id="275"><net_src comp="266" pin="1"/><net_sink comp="270" pin=1"/></net>

<net id="280"><net_src comp="186" pin="3"/><net_sink comp="276" pin=0"/></net>

<net id="281"><net_src comp="68" pin="0"/><net_sink comp="276" pin=1"/></net>

<net id="286"><net_src comp="162" pin="2"/><net_sink comp="282" pin=0"/></net>

<net id="291"><net_src comp="194" pin="3"/><net_sink comp="287" pin=0"/></net>

<net id="296"><net_src comp="276" pin="2"/><net_sink comp="292" pin=0"/></net>

<net id="301"><net_src comp="0" pin="0"/><net_sink comp="297" pin=0"/></net>

<net id="302"><net_src comp="297" pin="2"/><net_sink comp="126" pin=1"/></net>

<net id="306"><net_src comp="90" pin="1"/><net_sink comp="303" pin=0"/></net>

<net id="307"><net_src comp="303" pin="1"/><net_sink comp="148" pin=1"/></net>

<net id="308"><net_src comp="303" pin="1"/><net_sink comp="168" pin=0"/></net>

<net id="309"><net_src comp="303" pin="1"/><net_sink comp="292" pin=1"/></net>

<net id="313"><net_src comp="94" pin="1"/><net_sink comp="310" pin=0"/></net>

<net id="314"><net_src comp="310" pin="1"/><net_sink comp="143" pin=1"/></net>

<net id="315"><net_src comp="310" pin="1"/><net_sink comp="171" pin=0"/></net>

<net id="316"><net_src comp="310" pin="1"/><net_sink comp="287" pin=1"/></net>

<net id="320"><net_src comp="98" pin="1"/><net_sink comp="317" pin=0"/></net>

<net id="321"><net_src comp="317" pin="1"/><net_sink comp="138" pin=1"/></net>

<net id="322"><net_src comp="317" pin="1"/><net_sink comp="153" pin=0"/></net>

<net id="323"><net_src comp="317" pin="1"/><net_sink comp="282" pin=1"/></net>

<net id="327"><net_src comp="134" pin="1"/><net_sink comp="324" pin=0"/></net>

<net id="328"><net_src comp="324" pin="1"/><net_sink comp="297" pin=1"/></net>

<net id="332"><net_src comp="156" pin="2"/><net_sink comp="329" pin=0"/></net>

<net id="336"><net_src comp="270" pin="2"/><net_sink comp="333" pin=0"/></net>

<net id="337"><net_src comp="333" pin="1"/><net_sink comp="114" pin=1"/></net>

<net id="338"><net_src comp="333" pin="1"/><net_sink comp="121" pin=1"/></net>

<net id="342"><net_src comp="121" pin="2"/><net_sink comp="339" pin=0"/></net>

<net id="343"><net_src comp="339" pin="1"/><net_sink comp="126" pin=2"/></net>

</net_list>

</model> 
---------------- Datapath Model END ------------------

* FSMD analyzer results:
  - Output states:
	Port: g0 | {11 }
 - Input state : 
	Port: control_Pipeline_VITIS_LOOP_588_1_VITIS_LOOP_589_253 : g0 | {2 3 4 5 6 7 8 9 10 }
	Port: control_Pipeline_VITIS_LOOP_588_1_VITIS_LOOP_589_253 : sext_ln1882 | {1 }
	Port: control_Pipeline_VITIS_LOOP_588_1_VITIS_LOOP_589_253 : v1159 | {1 }
  - Chain level:
	State 1
		store_ln0 : 1
		store_ln588 : 1
		store_ln589 : 1
		indvar_flatten14831_load : 1
		icmp_ln588 : 2
		add_ln588 : 2
		br_ln588 : 3
		v240_load : 1
		v239_load : 1
		add_ln588_1 : 2
		icmp_ln589 : 2
		select_ln588 : 3
		select_ln588_1 : 3
		shl_ln590_3 : 4
		zext_ln589 : 5
		p_shl : 4
		tmp : 4
		zext_ln590 : 5
		sub_ln590 : 6
		zext_ln590_1 : 7
		add_ln590 : 8
		add_ln590_1 : 9
		trunc_ln590_3 : 10
		sext_ln590 : 11
		g0_addr_83 : 12
		add_ln589 : 4
		store_ln588 : 3
		store_ln588 : 4
		store_ln589 : 5
	State 2
	State 3
	State 4
	State 5
	State 6
	State 7
	State 8
	State 9
	State 10
	State 11
		write_ln591 : 1


============================================================
+ Verbose Summary: Datapath Resource usage 
============================================================

* Functional unit list:
|----------|------------------------------|---------|---------|
| Operation|        Functional Unit       |    FF   |   LUT   |
|----------|------------------------------|---------|---------|
|          |       add_ln588_fu_162       |    0    |    22   |
|          |      add_ln588_1_fu_174      |    0    |    16   |
|    add   |       add_ln590_fu_244       |    0    |    64   |
|          |      add_ln590_1_fu_250      |    0    |    64   |
|          |       add_ln589_fu_276       |    0    |    14   |
|----------|------------------------------|---------|---------|
|   icmp   |       icmp_ln588_fu_156      |    0    |    22   |
|          |       icmp_ln589_fu_180      |    0    |    14   |
|----------|------------------------------|---------|---------|
|    sub   |       sub_ln590_fu_234       |    0    |    25   |
|----------|------------------------------|---------|---------|
|  select  |      select_ln588_fu_186     |    0    |    7    |
|          |     select_ln588_1_fu_194    |    0    |    9    |
|----------|------------------------------|---------|---------|
|          |    v1159_read_read_fu_102    |    0    |    0    |
|   read   | sext_ln1882_read_read_fu_108 |    0    |    0    |
|          |       v241_read_fu_121       |    0    |    0    |
|----------|------------------------------|---------|---------|
|  readreq |      grp_readreq_fu_114      |    0    |    0    |
|----------|------------------------------|---------|---------|
|   write  |   write_ln591_write_fu_126   |    0    |    0    |
|----------|------------------------------|---------|---------|
|   sext   |    sext_ln1882_cast_fu_134   |    0    |    0    |
|          |       sext_ln590_fu_266      |    0    |    0    |
|----------|------------------------------|---------|---------|
|          |      shl_ln590_3_fu_202      |    0    |    0    |
|bitconcatenate|         p_shl_fu_214         |    0    |    0    |
|          |          tmp_fu_222          |    0    |    0    |
|----------|------------------------------|---------|---------|
|          |       zext_ln589_fu_210      |    0    |    0    |
|   zext   |       zext_ln590_fu_230      |    0    |    0    |
|          |      zext_ln590_1_fu_240     |    0    |    0    |
|----------|------------------------------|---------|---------|
|partselect|     trunc_ln590_3_fu_256     |    0    |    0    |
|----------|------------------------------|---------|---------|
|   Total  |                              |    0    |   257   |
|----------|------------------------------|---------|---------|

Memories:
N/A

* Register list:
+---------------------------+--------+
|                           |   FF   |
+---------------------------+--------+
|     g0_addr_83_reg_333    |   32   |
|     icmp_ln588_reg_329    |    1   |
|indvar_flatten14831_reg_317|   15   |
|  sext_ln1882_cast_reg_324 |   64   |
|        v239_reg_310       |    9   |
|        v240_reg_303       |    7   |
|        v241_reg_339       |   32   |
+---------------------------+--------+
|           Total           |   160  |
+---------------------------+--------+

* Multiplexer (MUX) list: 
|--------|------|------|------|--------|
|  Comp  |  Pin | Size |  BW  | S x BW |
|--------|------|------|------|--------|
|  Total |      |      |      |    0   |
|--------|------|------|------|--------|



* Summary:
+-----------+--------+--------+
|           |   FF   |   LUT  |
+-----------+--------+--------+
|  Function |    0   |   257  |
|   Memory  |    -   |    -   |
|Multiplexer|    -   |    -   |
|  Register |   160  |    -   |
+-----------+--------+--------+
|   Total   |   160  |   257  |
+-----------+--------+--------+
