

================================================================
== Vitis HLS Report for 'control_Pipeline_VITIS_LOOP_615_1_VITIS_LOOP_616_252'
================================================================
* Date:           Sun Jul 12 20:26:13 2026

* Version:        2025.2 (Build 6295257 on Nov 14 2025)
* Project:        spikingformer_proj
* Solution:       solution1 (Vivado IP Flow Target)
* Product family: zynquplus
* Target device:  xczu7ev-ffvc1156-2-e


================================================================
== Performance Estimates
================================================================
+ Timing: 
    * Summary: 
    +--------+----------+----------+------------+
    |  Clock |  Target  | Estimated| Uncertainty|
    +--------+----------+----------+------------+
    |ap_clk  |  10.00 ns|  7.300 ns|     2.70 ns|
    +--------+----------+----------+------------+

+ Latency: 
    * Summary: 
    +---------+---------+----------+----------+-----+-----+-------------------+
    |  Latency (cycles) |  Latency (absolute) |  Interval |      Pipeline     |
    |   min   |   max   |    min   |    max   | min | max |        Type       |
    +---------+---------+----------+----------+-----+-----+-------------------+
    |    49172|    49172|  0.492 ms|  0.492 ms|    0|    0|  loop pipeline stp|
    +---------+---------+----------+----------+-----+-----+-------------------+

    + Detail: 
        * Instance: 
        N/A

        * Loop: 
        +-------------------------------------+---------+---------+----------+-----------+-----------+-------+----------+
        |                                     |  Latency (cycles) | Iteration|  Initiation Interval  |  Trip |          |
        |              Loop Name              |   min   |   max   |  Latency |  achieved |   target  | Count | Pipelined|
        +-------------------------------------+---------+---------+----------+-----------+-----------+-------+----------+
        |- VITIS_LOOP_615_1_VITIS_LOOP_616_2  |    49170|    49170|        21|          2|          1|  24576|       yes|
        +-------------------------------------+---------+---------+----------+-----------+-----------+-------+----------+

============================================================
+ Verbose Summary: Synthesis Manager
============================================================
InlineROM: 1
ExposeGlobal: 0
============================================================
+ Verbose Summary: CDFG Model
============================================================
IsTopModel: 0
ResetActiveHigh: 1
IsCombinational: 0
IsDatapathOnly: 0
HasWiredReturn: 1
HasMFsm: 2
HasVarLatency: 1
IsPipeline: 0
IsRtlPipelined: 0
IsInstanceOverlapped: 0
IsDontTouch: 0
HasImplIP: 0
IsGatedGlobalClock: 0

+ Individual pipeline summary: 
  * Pipeline-0: initiation interval (II) = 2, depth = 21


============================================================
+ Verbose Summary: Schedule
============================================================
* Number of FSM states : 21
* Pipeline : 1
  Pipeline-0 : II = 2, D = 21, States = { 1 2 3 4 5 6 7 8 9 10 11 12 13 14 15 16 17 18 19 20 21 }
* Dataflow Pipeline: 0

* FSM state transitions: 
1 --> 2 
2 --> 3 
3 --> 4 
4 --> 5 
5 --> 6 
6 --> 7 
7 --> 8 
8 --> 9 
9 --> 10 
10 --> 11 
11 --> 12 
12 --> 13 
13 --> 14 
14 --> 15 
15 --> 16 
16 --> 17 
17 --> 18 
18 --> 19 
19 --> 20 
20 --> 21 
21 --> 

* FSM state operations: 

State 1 <SV = 0> <Delay = 3.25>
ST_1 : Operation 24 [1/1] (0.00ns)   --->   "%v250 = alloca i32 1" [spikingformer_official.cpp:616->spikingformer_official.cpp:3082]   --->   Operation 24 'alloca' 'v250' <Predicate = true> <Delay = 0.00>
ST_1 : Operation 25 [1/1] (0.00ns)   --->   "%v249 = alloca i32 1" [spikingformer_official.cpp:615->spikingformer_official.cpp:3082]   --->   Operation 25 'alloca' 'v249' <Predicate = true> <Delay = 0.00>
ST_1 : Operation 26 [1/1] (0.00ns)   --->   "%indvar_flatten14824 = alloca i32 1"   --->   Operation 26 'alloca' 'indvar_flatten14824' <Predicate = true> <Delay = 0.00>
ST_1 : Operation 27 [1/1] (0.00ns)   --->   "%v1007_read = read i64 @_ssdm_op_Read.ap_auto.i64, i64 %v1007"   --->   Operation 27 'read' 'v1007_read' <Predicate = true> <Delay = 0.00>
ST_1 : Operation 28 [1/1] (0.00ns)   --->   "%sext_ln615_5_read = read i62 @_ssdm_op_Read.ap_auto.i62, i62 %sext_ln615_5"   --->   Operation 28 'read' 'sext_ln615_5_read' <Predicate = true> <Delay = 0.00>
ST_1 : Operation 29 [1/1] (0.00ns)   --->   "%sext_ln7365 = read i62 @_ssdm_op_Read.ap_auto.i62, i62 %sext_ln736"   --->   Operation 29 'read' 'sext_ln7365' <Predicate = true> <Delay = 0.00>
ST_1 : Operation 30 [1/1] (0.00ns)   --->   "%sext_ln615_24 = read i62 @_ssdm_op_Read.ap_auto.i62, i62 %sext_ln615_2"   --->   Operation 30 'read' 'sext_ln615_24' <Predicate = true> <Delay = 0.00>
ST_1 : Operation 31 [1/1] (0.00ns)   --->   "%sext_ln615_5_cast = sext i62 %sext_ln615_5_read"   --->   Operation 31 'sext' 'sext_ln615_5_cast' <Predicate = true> <Delay = 0.00>
ST_1 : Operation 32 [1/1] (0.00ns)   --->   "%specstablecontent_ln0 = specstablecontent void @_ssdm_op_SpecStableContent, i32 %g0, i1 1, void "   --->   Operation 32 'specstablecontent' 'specstablecontent_ln0' <Predicate = true> <Delay = 0.00>
ST_1 : Operation 33 [1/1] (0.00ns)   --->   "%specinterface_ln0 = specinterface void @_ssdm_op_SpecInterface, i32 %g0, void @empty_26, i32 0, i32 0, void @empty_35, i32 0, i32 0, void @empty_22, void @empty_25, void @empty_35, i32 16, i32 16, i32 16, i32 16, void @empty_35, void @empty_35, i32 4294967295, i32 0, i32 0, i32 4"   --->   Operation 33 'specinterface' 'specinterface_ln0' <Predicate = true> <Delay = 0.00>
ST_1 : Operation 34 [1/1] (0.42ns)   --->   "%store_ln0 = store i15 0, i15 %indvar_flatten14824"   --->   Operation 34 'store' 'store_ln0' <Predicate = true> <Delay = 0.42>
ST_1 : Operation 35 [1/1] (0.42ns)   --->   "%store_ln615 = store i7 0, i7 %v249" [spikingformer_official.cpp:615->spikingformer_official.cpp:3082]   --->   Operation 35 'store' 'store_ln615' <Predicate = true> <Delay = 0.42>
ST_1 : Operation 36 [1/1] (0.42ns)   --->   "%store_ln616 = store i9 0, i9 %v250" [spikingformer_official.cpp:616->spikingformer_official.cpp:3082]   --->   Operation 36 'store' 'store_ln616' <Predicate = true> <Delay = 0.42>
ST_1 : Operation 37 [1/1] (0.00ns)   --->   "%br_ln0 = br void %for.inc.i1853"   --->   Operation 37 'br' 'br_ln0' <Predicate = true> <Delay = 0.00>
ST_1 : Operation 38 [1/1] (0.00ns)   --->   "%indvar_flatten14824_load = load i15 %indvar_flatten14824" [spikingformer_official.cpp:615->spikingformer_official.cpp:3082]   --->   Operation 38 'load' 'indvar_flatten14824_load' <Predicate = true> <Delay = 0.00>
ST_1 : Operation 39 [1/1] (0.00ns)   --->   "%specbitsmap_ln0 = specbitsmap void @_ssdm_op_SpecBitsMap, i32 %g0"   --->   Operation 39 'specbitsmap' 'specbitsmap_ln0' <Predicate = true> <Delay = 0.00>
ST_1 : Operation 40 [1/1] (0.84ns)   --->   "%icmp_ln615 = icmp_eq  i15 %indvar_flatten14824_load, i15 24576" [spikingformer_official.cpp:615->spikingformer_official.cpp:3082]   --->   Operation 40 'icmp' 'icmp_ln615' <Predicate = true> <Delay = 0.84> <CoreInst = "Cmp">   --->   Core 9 'Cmp' <Latency = 0> <II = 1> <Delay = 0.84> <FuncUnit> <Opcode : 'seteq' 'setne' 'setle' 'setge' 'setlt' 'setgt'> <InPorts = 2> <OutPorts = 1>
ST_1 : Operation 41 [1/1] (0.84ns)   --->   "%add_ln615 = add i15 %indvar_flatten14824_load, i15 1" [spikingformer_official.cpp:615->spikingformer_official.cpp:3082]   --->   Operation 41 'add' 'add_ln615' <Predicate = true> <Delay = 0.84> <CoreInst = "Adder">   --->   Core 1 'Adder' <Latency = 0> <II = 1> <Delay = 0.84> <FuncUnit> <Opcode : 'add' 'sub'> <InPorts = 2> <OutPorts = 1>
ST_1 : Operation 42 [1/1] (0.00ns)   --->   "%br_ln615 = br i1 %icmp_ln615, void %for.inc19.i1856, void %_Z8kernel45PA64_A384_fS1_.exit1857.exitStub" [spikingformer_official.cpp:615->spikingformer_official.cpp:3082]   --->   Operation 42 'br' 'br_ln615' <Predicate = true> <Delay = 0.00>
ST_1 : Operation 43 [1/1] (0.00ns)   --->   "%v250_load = load i9 %v250" [spikingformer_official.cpp:616->spikingformer_official.cpp:3082]   --->   Operation 43 'load' 'v250_load' <Predicate = (!icmp_ln615)> <Delay = 0.00>
ST_1 : Operation 44 [1/1] (0.00ns)   --->   "%v249_load = load i7 %v249" [spikingformer_official.cpp:615->spikingformer_official.cpp:3082]   --->   Operation 44 'load' 'v249_load' <Predicate = (!icmp_ln615)> <Delay = 0.00>
ST_1 : Operation 45 [1/1] (0.77ns)   --->   "%add_ln615_1 = add i7 %v249_load, i7 1" [spikingformer_official.cpp:615->spikingformer_official.cpp:3082]   --->   Operation 45 'add' 'add_ln615_1' <Predicate = (!icmp_ln615)> <Delay = 0.77> <CoreInst = "Adder">   --->   Core 1 'Adder' <Latency = 0> <II = 1> <Delay = 0.77> <FuncUnit> <Opcode : 'add' 'sub'> <InPorts = 2> <OutPorts = 1>
ST_1 : Operation 46 [1/1] (0.77ns)   --->   "%icmp_ln616 = icmp_eq  i9 %v250_load, i9 384" [spikingformer_official.cpp:616->spikingformer_official.cpp:3082]   --->   Operation 46 'icmp' 'icmp_ln616' <Predicate = (!icmp_ln615)> <Delay = 0.77> <CoreInst = "Cmp">   --->   Core 9 'Cmp' <Latency = 0> <II = 1> <Delay = 0.77> <FuncUnit> <Opcode : 'seteq' 'setne' 'setle' 'setge' 'setlt' 'setgt'> <InPorts = 2> <OutPorts = 1>
ST_1 : Operation 47 [1/1] (0.39ns)   --->   "%select_ln615 = select i1 %icmp_ln616, i9 0, i9 %v250_load" [spikingformer_official.cpp:615->spikingformer_official.cpp:3082]   --->   Operation 47 'select' 'select_ln615' <Predicate = (!icmp_ln615)> <Delay = 0.39> <CoreInst = "Sel">   --->   Core 73 'Sel' <Latency = 0> <II = 1> <Delay = 0.39> <FuncUnit> <Opcode : 'select'> <InPorts = 3> <OutPorts = 1>
ST_1 : Operation 48 [1/1] (0.36ns)   --->   "%select_ln615_1 = select i1 %icmp_ln616, i7 %add_ln615_1, i7 %v249_load" [spikingformer_official.cpp:615->spikingformer_official.cpp:3082]   --->   Operation 48 'select' 'select_ln615_1' <Predicate = (!icmp_ln615)> <Delay = 0.36> <CoreInst = "Sel">   --->   Core 73 'Sel' <Latency = 0> <II = 1> <Delay = 0.36> <FuncUnit> <Opcode : 'select'> <InPorts = 3> <OutPorts = 1>
ST_1 : Operation 49 [1/1] (0.00ns)   --->   "%p_shl9 = bitconcatenate i16 @_ssdm_op_BitConcatenate.i16.i7.i9, i7 %select_ln615_1, i9 0" [spikingformer_official.cpp:616->spikingformer_official.cpp:3082]   --->   Operation 49 'bitconcatenate' 'p_shl9' <Predicate = (!icmp_ln615)> <Delay = 0.00>
ST_1 : Operation 50 [1/1] (0.00ns)   --->   "%tmp = bitconcatenate i14 @_ssdm_op_BitConcatenate.i14.i7.i7, i7 %select_ln615_1, i7 0" [spikingformer_official.cpp:616->spikingformer_official.cpp:3082]   --->   Operation 50 'bitconcatenate' 'tmp' <Predicate = (!icmp_ln615)> <Delay = 0.00>
ST_1 : Operation 51 [1/1] (0.00ns)   --->   "%zext_ln616 = zext i14 %tmp" [spikingformer_official.cpp:616->spikingformer_official.cpp:3082]   --->   Operation 51 'zext' 'zext_ln616' <Predicate = (!icmp_ln615)> <Delay = 0.00>
ST_1 : Operation 52 [1/1] (0.85ns)   --->   "%sub_ln616 = sub i16 %p_shl9, i16 %zext_ln616" [spikingformer_official.cpp:616->spikingformer_official.cpp:3082]   --->   Operation 52 'sub' 'sub_ln616' <Predicate = (!icmp_ln615)> <Delay = 0.85> <CoreInst = "Adder">   --->   Core 1 'Adder' <Latency = 0> <II = 1> <Delay = 0.85> <FuncUnit> <Opcode : 'add' 'sub'> <InPorts = 2> <OutPorts = 1>
ST_1 : Operation 53 [1/1] (0.00ns)   --->   "%zext_ln621 = zext i16 %sub_ln616" [spikingformer_official.cpp:621->spikingformer_official.cpp:3082]   --->   Operation 53 'zext' 'zext_ln621' <Predicate = (!icmp_ln615)> <Delay = 0.00>
ST_1 : Operation 54 [1/1] (0.00ns)   --->   "%p_shl = bitconcatenate i18 @_ssdm_op_BitConcatenate.i18.i7.i11, i7 %select_ln615_1, i11 0" [spikingformer_official.cpp:621->spikingformer_official.cpp:3082]   --->   Operation 54 'bitconcatenate' 'p_shl' <Predicate = (!icmp_ln615)> <Delay = 0.00>
ST_1 : Operation 55 [1/1] (0.00ns)   --->   "%zext_ln621_1 = zext i16 %p_shl9" [spikingformer_official.cpp:621->spikingformer_official.cpp:3082]   --->   Operation 55 'zext' 'zext_ln621_1' <Predicate = (!icmp_ln615)> <Delay = 0.00>
ST_1 : Operation 56 [1/1] (0.87ns)   --->   "%sub_ln621 = sub i18 %p_shl, i18 %zext_ln621_1" [spikingformer_official.cpp:621->spikingformer_official.cpp:3082]   --->   Operation 56 'sub' 'sub_ln621' <Predicate = (!icmp_ln615)> <Delay = 0.87> <CoreInst = "Adder">   --->   Core 1 'Adder' <Latency = 0> <II = 1> <Delay = 0.87> <FuncUnit> <Opcode : 'add' 'sub'> <InPorts = 2> <OutPorts = 1>
ST_1 : Operation 57 [1/1] (0.00ns)   --->   "%zext_ln616_1 = zext i18 %sub_ln621" [spikingformer_official.cpp:616->spikingformer_official.cpp:3082]   --->   Operation 57 'zext' 'zext_ln616_1' <Predicate = (!icmp_ln615)> <Delay = 0.00>
ST_1 : Operation 58 [1/1] (0.00ns)   --->   "%zext_ln616_2 = zext i9 %select_ln615" [spikingformer_official.cpp:616->spikingformer_official.cpp:3082]   --->   Operation 58 'zext' 'zext_ln616_2' <Predicate = (!icmp_ln615)> <Delay = 0.00>
ST_1 : Operation 59 [1/1] (0.00ns) (grouped into TernaryAdder)   --->   "%add_ln620 = add i63 %zext_ln616_2, i63 %sext_ln615_5_cast" [spikingformer_official.cpp:620->spikingformer_official.cpp:3082]   --->   Operation 59 'add' 'add_ln620' <Predicate = (!icmp_ln615)> <Delay = 0.00> <CoreInst = "TAddSub">   --->   Core 10 'TAddSub' <Latency = 0> <II = 1> <Delay = 0.40> <IPBlock> <Opcode : 'add' 'sub'> <InPorts = 3> <OutPorts = 1> <Sync> <CReg>
ST_1 : Operation 60 [1/1] (0.81ns) (root node of TernaryAdder)   --->   "%add_ln620_1 = add i63 %add_ln620, i63 %zext_ln621" [spikingformer_official.cpp:620->spikingformer_official.cpp:3082]   --->   Operation 60 'add' 'add_ln620_1' <Predicate = (!icmp_ln615)> <Delay = 0.81> <CoreInst = "TAddSub">   --->   Core 10 'TAddSub' <Latency = 0> <II = 1> <Delay = 0.40> <IPBlock> <Opcode : 'add' 'sub'> <InPorts = 3> <OutPorts = 1> <Sync> <CReg>
ST_1 : Operation 61 [1/1] (0.00ns)   --->   "%sext_ln620 = sext i63 %add_ln620_1" [spikingformer_official.cpp:620->spikingformer_official.cpp:3082]   --->   Operation 61 'sext' 'sext_ln620' <Predicate = (!icmp_ln615)> <Delay = 0.00>
ST_1 : Operation 62 [1/1] (0.00ns)   --->   "%g0_addr = getelementptr i32 %g0, i64 %sext_ln620" [spikingformer_official.cpp:620->spikingformer_official.cpp:3082]   --->   Operation 62 'getelementptr' 'g0_addr' <Predicate = (!icmp_ln615)> <Delay = 0.00>
ST_1 : Operation 63 [1/1] (0.00ns)   --->   "%shl_ln621_3 = bitconcatenate i11 @_ssdm_op_BitConcatenate.i11.i9.i2, i9 %select_ln615, i2 0" [spikingformer_official.cpp:621->spikingformer_official.cpp:3082]   --->   Operation 63 'bitconcatenate' 'shl_ln621_3' <Predicate = (!icmp_ln615)> <Delay = 0.00>
ST_1 : Operation 64 [1/1] (0.00ns)   --->   "%zext_ln621_2 = zext i11 %shl_ln621_3" [spikingformer_official.cpp:621->spikingformer_official.cpp:3082]   --->   Operation 64 'zext' 'zext_ln621_2' <Predicate = (!icmp_ln615)> <Delay = 0.00>
ST_1 : Operation 65 [1/1] (0.00ns) (grouped into TernaryAdder)   --->   "%add_ln621 = add i64 %v1007_read, i64 %zext_ln621_2" [spikingformer_official.cpp:621->spikingformer_official.cpp:3082]   --->   Operation 65 'add' 'add_ln621' <Predicate = (!icmp_ln615)> <Delay = 0.00> <CoreInst = "TAddSub">   --->   Core 10 'TAddSub' <Latency = 0> <II = 1> <Delay = 0.40> <IPBlock> <Opcode : 'add' 'sub'> <InPorts = 3> <OutPorts = 1> <Sync> <CReg>
ST_1 : Operation 66 [1/1] (0.81ns) (root node of TernaryAdder)   --->   "%add_ln621_1 = add i64 %add_ln621, i64 %zext_ln616_1" [spikingformer_official.cpp:621->spikingformer_official.cpp:3082]   --->   Operation 66 'add' 'add_ln621_1' <Predicate = (!icmp_ln615)> <Delay = 0.81> <CoreInst = "TAddSub">   --->   Core 10 'TAddSub' <Latency = 0> <II = 1> <Delay = 0.40> <IPBlock> <Opcode : 'add' 'sub'> <InPorts = 3> <OutPorts = 1> <Sync> <CReg>
ST_1 : Operation 67 [1/1] (0.00ns)   --->   "%trunc_ln621_3 = partselect i62 @_ssdm_op_PartSelect.i62.i64.i32.i32, i64 %add_ln621_1, i32 2, i32 63" [spikingformer_official.cpp:621->spikingformer_official.cpp:3082]   --->   Operation 67 'partselect' 'trunc_ln621_3' <Predicate = (!icmp_ln615)> <Delay = 0.00>
ST_1 : Operation 68 [1/1] (0.00ns)   --->   "%sext_ln621 = sext i62 %trunc_ln621_3" [spikingformer_official.cpp:621->spikingformer_official.cpp:3082]   --->   Operation 68 'sext' 'sext_ln621' <Predicate = (!icmp_ln615)> <Delay = 0.00>
ST_1 : Operation 69 [1/1] (0.00ns)   --->   "%g0_addr_79 = getelementptr i32 %g0, i64 %sext_ln621" [spikingformer_official.cpp:621->spikingformer_official.cpp:3082]   --->   Operation 69 'getelementptr' 'g0_addr_79' <Predicate = (!icmp_ln615)> <Delay = 0.00>
ST_1 : Operation 70 [1/1] (0.77ns)   --->   "%add_ln616 = add i9 %select_ln615, i9 1" [spikingformer_official.cpp:616->spikingformer_official.cpp:3082]   --->   Operation 70 'add' 'add_ln616' <Predicate = (!icmp_ln615)> <Delay = 0.77> <CoreInst = "Adder">   --->   Core 1 'Adder' <Latency = 0> <II = 1> <Delay = 0.77> <FuncUnit> <Opcode : 'add' 'sub'> <InPorts = 2> <OutPorts = 1>
ST_1 : Operation 71 [1/1] (0.42ns)   --->   "%store_ln615 = store i15 %add_ln615, i15 %indvar_flatten14824" [spikingformer_official.cpp:615->spikingformer_official.cpp:3082]   --->   Operation 71 'store' 'store_ln615' <Predicate = (!icmp_ln615)> <Delay = 0.42>
ST_1 : Operation 72 [1/1] (0.42ns)   --->   "%store_ln615 = store i7 %select_ln615_1, i7 %v249" [spikingformer_official.cpp:615->spikingformer_official.cpp:3082]   --->   Operation 72 'store' 'store_ln615' <Predicate = (!icmp_ln615)> <Delay = 0.42>
ST_1 : Operation 73 [1/1] (0.42ns)   --->   "%store_ln616 = store i9 %add_ln616, i9 %v250" [spikingformer_official.cpp:616->spikingformer_official.cpp:3082]   --->   Operation 73 'store' 'store_ln616' <Predicate = (!icmp_ln615)> <Delay = 0.42>

State 2 <SV = 1> <Delay = 0.00>
ST_2 : Operation 74 [8/8] (7.30ns)   --->   "%g0_load_161_req = readreq i1 @_ssdm_op_ReadReq.m_axi.i32P1A, i32 %g0_addr, i64 1" [spikingformer_official.cpp:620->spikingformer_official.cpp:3082]   --->   Operation 74 'readreq' 'g0_load_161_req' <Predicate = (!icmp_ln615)> <Delay = 7.30> <CoreInst = "m_axi">   --->   Core 119 'm_axi' <Latency = 6> <II = 1> <Delay = 1.00> <Adapter> <Opcode : 'readrequnaligned' 'writerequnaligned' 'read' 'write' 'readreq' 'writereq' 'writeresp'>

State 3 <SV = 2> <Delay = 0.00>
ST_3 : Operation 75 [7/8] (7.30ns)   --->   "%g0_load_161_req = readreq i1 @_ssdm_op_ReadReq.m_axi.i32P1A, i32 %g0_addr, i64 1" [spikingformer_official.cpp:620->spikingformer_official.cpp:3082]   --->   Operation 75 'readreq' 'g0_load_161_req' <Predicate = true> <Delay = 7.30> <CoreInst = "m_axi">   --->   Core 119 'm_axi' <Latency = 6> <II = 1> <Delay = 1.00> <Adapter> <Opcode : 'readrequnaligned' 'writerequnaligned' 'read' 'write' 'readreq' 'writereq' 'writeresp'>
ST_3 : Operation 76 [8/8] (7.30ns)   --->   "%g0_load_162_req = readreq i1 @_ssdm_op_ReadReq.m_axi.i32P1A, i32 %g0_addr_79, i64 1" [spikingformer_official.cpp:621->spikingformer_official.cpp:3082]   --->   Operation 76 'readreq' 'g0_load_162_req' <Predicate = true> <Delay = 7.30> <CoreInst = "m_axi">   --->   Core 119 'm_axi' <Latency = 6> <II = 1> <Delay = 1.00> <Adapter> <Opcode : 'readrequnaligned' 'writerequnaligned' 'read' 'write' 'readreq' 'writereq' 'writeresp'>

State 4 <SV = 3> <Delay = 0.00>
ST_4 : Operation 77 [6/8] (7.30ns)   --->   "%g0_load_161_req = readreq i1 @_ssdm_op_ReadReq.m_axi.i32P1A, i32 %g0_addr, i64 1" [spikingformer_official.cpp:620->spikingformer_official.cpp:3082]   --->   Operation 77 'readreq' 'g0_load_161_req' <Predicate = true> <Delay = 7.30> <CoreInst = "m_axi">   --->   Core 119 'm_axi' <Latency = 6> <II = 1> <Delay = 1.00> <Adapter> <Opcode : 'readrequnaligned' 'writerequnaligned' 'read' 'write' 'readreq' 'writereq' 'writeresp'>
ST_4 : Operation 78 [7/8] (7.30ns)   --->   "%g0_load_162_req = readreq i1 @_ssdm_op_ReadReq.m_axi.i32P1A, i32 %g0_addr_79, i64 1" [spikingformer_official.cpp:621->spikingformer_official.cpp:3082]   --->   Operation 78 'readreq' 'g0_load_162_req' <Predicate = true> <Delay = 7.30> <CoreInst = "m_axi">   --->   Core 119 'm_axi' <Latency = 6> <II = 1> <Delay = 1.00> <Adapter> <Opcode : 'readrequnaligned' 'writerequnaligned' 'read' 'write' 'readreq' 'writereq' 'writeresp'>

State 5 <SV = 4> <Delay = 0.00>
ST_5 : Operation 79 [5/8] (7.30ns)   --->   "%g0_load_161_req = readreq i1 @_ssdm_op_ReadReq.m_axi.i32P1A, i32 %g0_addr, i64 1" [spikingformer_official.cpp:620->spikingformer_official.cpp:3082]   --->   Operation 79 'readreq' 'g0_load_161_req' <Predicate = true> <Delay = 7.30> <CoreInst = "m_axi">   --->   Core 119 'm_axi' <Latency = 6> <II = 1> <Delay = 1.00> <Adapter> <Opcode : 'readrequnaligned' 'writerequnaligned' 'read' 'write' 'readreq' 'writereq' 'writeresp'>
ST_5 : Operation 80 [6/8] (7.30ns)   --->   "%g0_load_162_req = readreq i1 @_ssdm_op_ReadReq.m_axi.i32P1A, i32 %g0_addr_79, i64 1" [spikingformer_official.cpp:621->spikingformer_official.cpp:3082]   --->   Operation 80 'readreq' 'g0_load_162_req' <Predicate = true> <Delay = 7.30> <CoreInst = "m_axi">   --->   Core 119 'm_axi' <Latency = 6> <II = 1> <Delay = 1.00> <Adapter> <Opcode : 'readrequnaligned' 'writerequnaligned' 'read' 'write' 'readreq' 'writereq' 'writeresp'>

State 6 <SV = 5> <Delay = 0.00>
ST_6 : Operation 81 [4/8] (7.30ns)   --->   "%g0_load_161_req = readreq i1 @_ssdm_op_ReadReq.m_axi.i32P1A, i32 %g0_addr, i64 1" [spikingformer_official.cpp:620->spikingformer_official.cpp:3082]   --->   Operation 81 'readreq' 'g0_load_161_req' <Predicate = true> <Delay = 7.30> <CoreInst = "m_axi">   --->   Core 119 'm_axi' <Latency = 6> <II = 1> <Delay = 1.00> <Adapter> <Opcode : 'readrequnaligned' 'writerequnaligned' 'read' 'write' 'readreq' 'writereq' 'writeresp'>
ST_6 : Operation 82 [5/8] (7.30ns)   --->   "%g0_load_162_req = readreq i1 @_ssdm_op_ReadReq.m_axi.i32P1A, i32 %g0_addr_79, i64 1" [spikingformer_official.cpp:621->spikingformer_official.cpp:3082]   --->   Operation 82 'readreq' 'g0_load_162_req' <Predicate = true> <Delay = 7.30> <CoreInst = "m_axi">   --->   Core 119 'm_axi' <Latency = 6> <II = 1> <Delay = 1.00> <Adapter> <Opcode : 'readrequnaligned' 'writerequnaligned' 'read' 'write' 'readreq' 'writereq' 'writeresp'>

State 7 <SV = 6> <Delay = 0.00>
ST_7 : Operation 83 [3/8] (7.30ns)   --->   "%g0_load_161_req = readreq i1 @_ssdm_op_ReadReq.m_axi.i32P1A, i32 %g0_addr, i64 1" [spikingformer_official.cpp:620->spikingformer_official.cpp:3082]   --->   Operation 83 'readreq' 'g0_load_161_req' <Predicate = true> <Delay = 7.30> <CoreInst = "m_axi">   --->   Core 119 'm_axi' <Latency = 6> <II = 1> <Delay = 1.00> <Adapter> <Opcode : 'readrequnaligned' 'writerequnaligned' 'read' 'write' 'readreq' 'writereq' 'writeresp'>
ST_7 : Operation 84 [4/8] (7.30ns)   --->   "%g0_load_162_req = readreq i1 @_ssdm_op_ReadReq.m_axi.i32P1A, i32 %g0_addr_79, i64 1" [spikingformer_official.cpp:621->spikingformer_official.cpp:3082]   --->   Operation 84 'readreq' 'g0_load_162_req' <Predicate = true> <Delay = 7.30> <CoreInst = "m_axi">   --->   Core 119 'm_axi' <Latency = 6> <II = 1> <Delay = 1.00> <Adapter> <Opcode : 'readrequnaligned' 'writerequnaligned' 'read' 'write' 'readreq' 'writereq' 'writeresp'>

State 8 <SV = 7> <Delay = 0.00>
ST_8 : Operation 85 [2/8] (7.30ns)   --->   "%g0_load_161_req = readreq i1 @_ssdm_op_ReadReq.m_axi.i32P1A, i32 %g0_addr, i64 1" [spikingformer_official.cpp:620->spikingformer_official.cpp:3082]   --->   Operation 85 'readreq' 'g0_load_161_req' <Predicate = true> <Delay = 7.30> <CoreInst = "m_axi">   --->   Core 119 'm_axi' <Latency = 6> <II = 1> <Delay = 1.00> <Adapter> <Opcode : 'readrequnaligned' 'writerequnaligned' 'read' 'write' 'readreq' 'writereq' 'writeresp'>
ST_8 : Operation 86 [3/8] (7.30ns)   --->   "%g0_load_162_req = readreq i1 @_ssdm_op_ReadReq.m_axi.i32P1A, i32 %g0_addr_79, i64 1" [spikingformer_official.cpp:621->spikingformer_official.cpp:3082]   --->   Operation 86 'readreq' 'g0_load_162_req' <Predicate = true> <Delay = 7.30> <CoreInst = "m_axi">   --->   Core 119 'm_axi' <Latency = 6> <II = 1> <Delay = 1.00> <Adapter> <Opcode : 'readrequnaligned' 'writerequnaligned' 'read' 'write' 'readreq' 'writereq' 'writeresp'>

State 9 <SV = 8> <Delay = 7.30>
ST_9 : Operation 87 [1/8] ( I:7.30ns O:7.30ns )   --->   "%g0_load_161_req = readreq i1 @_ssdm_op_ReadReq.m_axi.i32P1A, i32 %g0_addr, i64 1" [spikingformer_official.cpp:620->spikingformer_official.cpp:3082]   --->   Operation 87 'readreq' 'g0_load_161_req' <Predicate = true> <Delay = 7.30> <CoreInst = "m_axi">   --->   Core 119 'm_axi' <Latency = 6> <II = 1> <Delay = 1.00> <Adapter> <Opcode : 'readrequnaligned' 'writerequnaligned' 'read' 'write' 'readreq' 'writereq' 'writeresp'>
ST_9 : Operation 88 [2/8] (7.30ns)   --->   "%g0_load_162_req = readreq i1 @_ssdm_op_ReadReq.m_axi.i32P1A, i32 %g0_addr_79, i64 1" [spikingformer_official.cpp:621->spikingformer_official.cpp:3082]   --->   Operation 88 'readreq' 'g0_load_162_req' <Predicate = true> <Delay = 7.30> <CoreInst = "m_axi">   --->   Core 119 'm_axi' <Latency = 6> <II = 1> <Delay = 1.00> <Adapter> <Opcode : 'readrequnaligned' 'writerequnaligned' 'read' 'write' 'readreq' 'writereq' 'writeresp'>

State 10 <SV = 9> <Delay = 7.30>
ST_10 : Operation 89 [1/1] ( I:7.30ns O:7.30ns )   --->   "%g0_addr_read = read i32 @_ssdm_op_Read.m_axi.i32P1A, i32 %g0_addr" [spikingformer_official.cpp:620->spikingformer_official.cpp:3082]   --->   Operation 89 'read' 'g0_addr_read' <Predicate = true> <Delay = 7.30> <CoreInst = "m_axi">   --->   Core 119 'm_axi' <Latency = 3> <II = 1> <Delay = 1.00> <Adapter> <Opcode : 'readrequnaligned' 'writerequnaligned' 'read' 'write' 'readreq' 'writereq' 'writeresp'>
ST_10 : Operation 90 [1/8] ( I:7.30ns O:7.30ns )   --->   "%g0_load_162_req = readreq i1 @_ssdm_op_ReadReq.m_axi.i32P1A, i32 %g0_addr_79, i64 1" [spikingformer_official.cpp:621->spikingformer_official.cpp:3082]   --->   Operation 90 'readreq' 'g0_load_162_req' <Predicate = true> <Delay = 7.30> <CoreInst = "m_axi">   --->   Core 119 'm_axi' <Latency = 6> <II = 1> <Delay = 1.00> <Adapter> <Opcode : 'readrequnaligned' 'writerequnaligned' 'read' 'write' 'readreq' 'writereq' 'writeresp'>

State 11 <SV = 10> <Delay = 7.30>
ST_11 : Operation 91 [1/1] ( I:7.30ns O:7.30ns )   --->   "%g0_addr_79_read = read i32 @_ssdm_op_Read.m_axi.i32P1A, i32 %g0_addr_79" [spikingformer_official.cpp:621->spikingformer_official.cpp:3082]   --->   Operation 91 'read' 'g0_addr_79_read' <Predicate = true> <Delay = 7.30> <CoreInst = "m_axi">   --->   Core 119 'm_axi' <Latency = 3> <II = 1> <Delay = 1.00> <Adapter> <Opcode : 'readrequnaligned' 'writerequnaligned' 'read' 'write' 'readreq' 'writereq' 'writeresp'>

State 12 <SV = 11> <Delay = 6.43>
ST_12 : Operation 92 [1/1] (0.00ns)   --->   "%v251 = bitcast i32 %g0_addr_read" [spikingformer_official.cpp:620->spikingformer_official.cpp:3082]   --->   Operation 92 'bitcast' 'v251' <Predicate = true> <Delay = 0.00>
ST_12 : Operation 93 [1/1] (0.00ns)   --->   "%v252 = bitcast i32 %g0_addr_79_read" [spikingformer_official.cpp:621->spikingformer_official.cpp:3082]   --->   Operation 93 'bitcast' 'v252' <Predicate = true> <Delay = 0.00>
ST_12 : Operation 94 [4/4] (6.43ns)   --->   "%v253 = fadd i32 %v251, i32 %v252" [spikingformer_official.cpp:622->spikingformer_official.cpp:3082]   --->   Operation 94 'fadd' 'v253' <Predicate = true> <Delay = 6.43> <CoreInst = "FAddSub_fulldsp">   --->   Core 18 'FAddSub_fulldsp' <Latency = 3> <II = 1> <Delay = 6.43> <FuncUnit> <Opcode : 'fadd' 'fsub'> <InPorts = 2> <OutPorts = 1>

State 13 <SV = 12> <Delay = 6.43>
ST_13 : Operation 95 [3/4] (6.43ns)   --->   "%v253 = fadd i32 %v251, i32 %v252" [spikingformer_official.cpp:622->spikingformer_official.cpp:3082]   --->   Operation 95 'fadd' 'v253' <Predicate = true> <Delay = 6.43> <CoreInst = "FAddSub_fulldsp">   --->   Core 18 'FAddSub_fulldsp' <Latency = 3> <II = 1> <Delay = 6.43> <FuncUnit> <Opcode : 'fadd' 'fsub'> <InPorts = 2> <OutPorts = 1>

State 14 <SV = 13> <Delay = 6.43>
ST_14 : Operation 96 [2/4] (6.43ns)   --->   "%v253 = fadd i32 %v251, i32 %v252" [spikingformer_official.cpp:622->spikingformer_official.cpp:3082]   --->   Operation 96 'fadd' 'v253' <Predicate = true> <Delay = 6.43> <CoreInst = "FAddSub_fulldsp">   --->   Core 18 'FAddSub_fulldsp' <Latency = 3> <II = 1> <Delay = 6.43> <FuncUnit> <Opcode : 'fadd' 'fsub'> <InPorts = 2> <OutPorts = 1>

State 15 <SV = 14> <Delay = 7.30>
ST_15 : Operation 97 [1/4] (6.43ns)   --->   "%v253 = fadd i32 %v251, i32 %v252" [spikingformer_official.cpp:622->spikingformer_official.cpp:3082]   --->   Operation 97 'fadd' 'v253' <Predicate = true> <Delay = 6.43> <CoreInst = "FAddSub_fulldsp">   --->   Core 18 'FAddSub_fulldsp' <Latency = 3> <II = 1> <Delay = 6.43> <FuncUnit> <Opcode : 'fadd' 'fsub'> <InPorts = 2> <OutPorts = 1>
ST_15 : Operation 98 [1/1] ( I:7.30ns O:7.30ns )   --->   "%g0_addr_328_req = writereq i1 @_ssdm_op_WriteReq.m_axi.i32P1A, i32 %g0_addr_79, i64 1" [spikingformer_official.cpp:623->spikingformer_official.cpp:3082]   --->   Operation 98 'writereq' 'g0_addr_328_req' <Predicate = true> <Delay = 7.30> <CoreInst = "m_axi">   --->   Core 119 'm_axi' <Latency = 9> <II = 1> <Delay = 1.00> <Adapter> <Opcode : 'readrequnaligned' 'writerequnaligned' 'read' 'write' 'readreq' 'writereq' 'writeresp'>

State 16 <SV = 15> <Delay = 7.30>
ST_16 : Operation 99 [1/1] (0.00ns)   --->   "%bitcast_ln623 = bitcast i32 %v253" [spikingformer_official.cpp:623->spikingformer_official.cpp:3082]   --->   Operation 99 'bitcast' 'bitcast_ln623' <Predicate = true> <Delay = 0.00>
ST_16 : Operation 100 [1/1] ( I:7.30ns O:7.30ns )   --->   "%write_ln623 = write void @_ssdm_op_Write.m_axi.i32P1A, i32 %g0_addr_79, i32 %bitcast_ln623, i4 15" [spikingformer_official.cpp:623->spikingformer_official.cpp:3082]   --->   Operation 100 'write' 'write_ln623' <Predicate = true> <Delay = 7.30> <CoreInst = "m_axi">   --->   Core 119 'm_axi' <Latency = 5> <II = 1> <Delay = 1.00> <Adapter> <Opcode : 'readrequnaligned' 'writerequnaligned' 'read' 'write' 'readreq' 'writereq' 'writeresp'>

State 17 <SV = 16> <Delay = 0.00>
ST_17 : Operation 101 [5/5] (7.30ns)   --->   "%g0_addr_328_resp = writeresp i1 @_ssdm_op_WriteResp.m_axi.i32P1A, i32 %g0_addr_79" [spikingformer_official.cpp:623->spikingformer_official.cpp:3082]   --->   Operation 101 'writeresp' 'g0_addr_328_resp' <Predicate = true> <Delay = 7.30> <CoreInst = "m_axi">   --->   Core 119 'm_axi' <Latency = 3> <II = 1> <Delay = 1.00> <Adapter> <Opcode : 'readrequnaligned' 'writerequnaligned' 'read' 'write' 'readreq' 'writereq' 'writeresp'>

State 18 <SV = 17> <Delay = 0.00>
ST_18 : Operation 102 [4/5] (7.30ns)   --->   "%g0_addr_328_resp = writeresp i1 @_ssdm_op_WriteResp.m_axi.i32P1A, i32 %g0_addr_79" [spikingformer_official.cpp:623->spikingformer_official.cpp:3082]   --->   Operation 102 'writeresp' 'g0_addr_328_resp' <Predicate = true> <Delay = 7.30> <CoreInst = "m_axi">   --->   Core 119 'm_axi' <Latency = 3> <II = 1> <Delay = 1.00> <Adapter> <Opcode : 'readrequnaligned' 'writerequnaligned' 'read' 'write' 'readreq' 'writereq' 'writeresp'>

State 19 <SV = 18> <Delay = 0.42>
ST_19 : Operation 103 [3/5] (7.30ns)   --->   "%g0_addr_328_resp = writeresp i1 @_ssdm_op_WriteResp.m_axi.i32P1A, i32 %g0_addr_79" [spikingformer_official.cpp:623->spikingformer_official.cpp:3082]   --->   Operation 103 'writeresp' 'g0_addr_328_resp' <Predicate = true> <Delay = 7.30> <CoreInst = "m_axi">   --->   Core 119 'm_axi' <Latency = 3> <II = 1> <Delay = 1.00> <Adapter> <Opcode : 'readrequnaligned' 'writerequnaligned' 'read' 'write' 'readreq' 'writereq' 'writeresp'>
ST_19 : Operation 110 [1/1] (0.42ns)   --->   "%ret_ln0 = ret"   --->   Operation 110 'ret' 'ret_ln0' <Predicate = (icmp_ln615)> <Delay = 0.42>

State 20 <SV = 19> <Delay = 0.00>
ST_20 : Operation 104 [2/5] (7.30ns)   --->   "%g0_addr_328_resp = writeresp i1 @_ssdm_op_WriteResp.m_axi.i32P1A, i32 %g0_addr_79" [spikingformer_official.cpp:623->spikingformer_official.cpp:3082]   --->   Operation 104 'writeresp' 'g0_addr_328_resp' <Predicate = true> <Delay = 7.30> <CoreInst = "m_axi">   --->   Core 119 'm_axi' <Latency = 3> <II = 1> <Delay = 1.00> <Adapter> <Opcode : 'readrequnaligned' 'writerequnaligned' 'read' 'write' 'readreq' 'writereq' 'writeresp'>

State 21 <SV = 20> <Delay = 7.30>
ST_21 : Operation 105 [1/1] (0.00ns)   --->   "%specloopname_ln0 = specloopname void @_ssdm_op_SpecLoopName, void @VITIS_LOOP_615_1_VITIS_LOOP_616_2_str"   --->   Operation 105 'specloopname' 'specloopname_ln0' <Predicate = true> <Delay = 0.00>
ST_21 : Operation 106 [1/1] (0.00ns)   --->   "%speclooptripcount_ln0 = speclooptripcount void @_ssdm_op_SpecLoopTripCount, i64 24576, i64 24576, i64 24576"   --->   Operation 106 'speclooptripcount' 'speclooptripcount_ln0' <Predicate = true> <Delay = 0.00>
ST_21 : Operation 107 [1/1] (0.00ns)   --->   "%specpipeline_ln617 = specpipeline void @_ssdm_op_SpecPipeline, i32 1, i32 0, i32 0, i32 0, i32 4294967295, void @empty_35" [spikingformer_official.cpp:617->spikingformer_official.cpp:3082]   --->   Operation 107 'specpipeline' 'specpipeline_ln617' <Predicate = true> <Delay = 0.00>
ST_21 : Operation 108 [1/5] ( I:7.30ns O:7.30ns )   --->   "%g0_addr_328_resp = writeresp i1 @_ssdm_op_WriteResp.m_axi.i32P1A, i32 %g0_addr_79" [spikingformer_official.cpp:623->spikingformer_official.cpp:3082]   --->   Operation 108 'writeresp' 'g0_addr_328_resp' <Predicate = true> <Delay = 7.30> <CoreInst = "m_axi">   --->   Core 119 'm_axi' <Latency = 3> <II = 1> <Delay = 1.00> <Adapter> <Opcode : 'readrequnaligned' 'writerequnaligned' 'read' 'write' 'readreq' 'writereq' 'writeresp'>
ST_21 : Operation 109 [1/1] (0.00ns)   --->   "%br_ln616 = br void %for.inc.i1853" [spikingformer_official.cpp:616->spikingformer_official.cpp:3082]   --->   Operation 109 'br' 'br_ln616' <Predicate = true> <Delay = 0.00>


============================================================
+ Verbose Summary: Timing violations
============================================================
Target clock period: 10.000ns, clock uncertainty: 2.700ns.

 <State 1>: 3.255ns
The critical path consists of the following:
	'store' operation ('store_ln616', spikingformer_official.cpp:616->spikingformer_official.cpp:3082) of constant 0 9 bit on local variable 'v250', spikingformer_official.cpp:616->spikingformer_official.cpp:3082 [18]  (0.427 ns)
	'load' operation 9 bit ('v250_load', spikingformer_official.cpp:616->spikingformer_official.cpp:3082) on local variable 'v250', spikingformer_official.cpp:616->spikingformer_official.cpp:3082 [27]  (0.000 ns)
	'icmp' operation 1 bit ('icmp_ln616', spikingformer_official.cpp:616->spikingformer_official.cpp:3082) [32]  (0.776 ns)
	'select' operation 7 bit ('select_ln615_1', spikingformer_official.cpp:615->spikingformer_official.cpp:3082) [34]  (0.360 ns)
	'sub' operation 18 bit ('sub_ln621', spikingformer_official.cpp:621->spikingformer_official.cpp:3082) [42]  (0.873 ns)
	'add' operation 64 bit ('add_ln621_1', spikingformer_official.cpp:621->spikingformer_official.cpp:3082) [56]  (0.819 ns)

 <State 2>: 0.000ns
The critical path consists of the following:

 <State 3>: 0.000ns
The critical path consists of the following:

 <State 4>: 0.000ns
The critical path consists of the following:

 <State 5>: 0.000ns
The critical path consists of the following:

 <State 6>: 0.000ns
The critical path consists of the following:

 <State 7>: 0.000ns
The critical path consists of the following:

 <State 8>: 0.000ns
The critical path consists of the following:

 <State 9>: 7.300ns
The critical path consists of the following:
	bus request operation ('g0_load_161_req', spikingformer_official.cpp:620->spikingformer_official.cpp:3082) on port 'g0' (spikingformer_official.cpp:620->spikingformer_official.cpp:3082) [50]  (7.300 ns)

 <State 10>: 7.300ns
The critical path consists of the following:
	bus read operation ('g0_addr_read', spikingformer_official.cpp:620->spikingformer_official.cpp:3082) on port 'g0' (spikingformer_official.cpp:620->spikingformer_official.cpp:3082) [51]  (7.300 ns)

 <State 11>: 7.300ns
The critical path consists of the following:
	bus read operation ('g0_addr_79_read', spikingformer_official.cpp:621->spikingformer_official.cpp:3082) on port 'g0' (spikingformer_official.cpp:621->spikingformer_official.cpp:3082) [61]  (7.300 ns)

 <State 12>: 6.437ns
The critical path consists of the following:
	'fadd' operation 32 bit ('v253', spikingformer_official.cpp:622->spikingformer_official.cpp:3082) [63]  (6.437 ns)

 <State 13>: 6.437ns
The critical path consists of the following:
	'fadd' operation 32 bit ('v253', spikingformer_official.cpp:622->spikingformer_official.cpp:3082) [63]  (6.437 ns)

 <State 14>: 6.437ns
The critical path consists of the following:
	'fadd' operation 32 bit ('v253', spikingformer_official.cpp:622->spikingformer_official.cpp:3082) [63]  (6.437 ns)

 <State 15>: 7.300ns
The critical path consists of the following:
	bus request operation ('g0_addr_328_req', spikingformer_official.cpp:623->spikingformer_official.cpp:3082) on port 'g0' (spikingformer_official.cpp:623->spikingformer_official.cpp:3082) [65]  (7.300 ns)

 <State 16>: 7.300ns
The critical path consists of the following:
	bus write operation ('write_ln623', spikingformer_official.cpp:623->spikingformer_official.cpp:3082) on port 'g0' (spikingformer_official.cpp:623->spikingformer_official.cpp:3082) [66]  (7.300 ns)

 <State 17>: 0.000ns
The critical path consists of the following:

 <State 18>: 0.000ns
The critical path consists of the following:

 <State 19>: 0.427ns
The critical path consists of the following:

 <State 20>: 0.000ns
The critical path consists of the following:

 <State 21>: 7.300ns
The critical path consists of the following:
	bus response operation ('g0_addr_328_resp', spikingformer_official.cpp:623->spikingformer_official.cpp:3082) on port 'g0' (spikingformer_official.cpp:623->spikingformer_official.cpp:3082) [67]  (7.300 ns)


============================================================
+ Verbose Summary: Binding
============================================================
N/A
* FSMD analyzer results:
  - Output states:
 - Input state : 
  - Chain level:
	State 1
	State 2
	State 3
	State 4
	State 5
	State 6
	State 7
	State 8
	State 9
	State 10
	State 11
	State 12
	State 13
	State 14
	State 15
	State 16
	State 17
	State 18
	State 19
	State 20
	State 21


============================================================
+ Verbose Summary: Datapath Resource usage 
============================================================
N/A
