

================================================================
== Vitis HLS Report for 'control_Pipeline_VITIS_LOOP_703_1_VITIS_LOOP_704_2'
================================================================
* Date:           Sun Jul 12 20:26:09 2026

* Version:        2025.2 (Build 6295257 on Nov 14 2025)
* Project:        spikingformer_proj
* Solution:       solution1 (Vivado IP Flow Target)
* Product family: zynquplus
* Target device:  xczu7ev-ffvc1156-2-e


================================================================
== Performance Estimates
================================================================
+ Timing: 
    * Summary: 
    +--------+----------+----------+------------+
    |  Clock |  Target  | Estimated| Uncertainty|
    +--------+----------+----------+------------+
    |ap_clk  |  10.00 ns|  7.300 ns|     2.70 ns|
    +--------+----------+----------+------------+

+ Latency: 
    * Summary: 
    +---------+---------+----------+----------+-----+-----+-------------------+
    |  Latency (cycles) |  Latency (absolute) |  Interval |      Pipeline     |
    |   min   |   max   |    min   |    max   | min | max |        Type       |
    +---------+---------+----------+----------+-----+-----+-------------------+
    |    49167|    49167|  0.492 ms|  0.492 ms|    0|    0|  loop pipeline stp|
    +---------+---------+----------+----------+-----+-----+-------------------+

    + Detail: 
        * Instance: 
        N/A

        * Loop: 
        +-------------------------------------+---------+---------+----------+-----------+-----------+-------+----------+
        |                                     |  Latency (cycles) | Iteration|  Initiation Interval  |  Trip |          |
        |              Loop Name              |   min   |   max   |  Latency |  achieved |   target  | Count | Pipelined|
        +-------------------------------------+---------+---------+----------+-----------+-----------+-------+----------+
        |- VITIS_LOOP_703_1_VITIS_LOOP_704_2  |    49165|    49165|        16|          2|          1|  24576|       yes|
        +-------------------------------------+---------+---------+----------+-----------+-----------+-------+----------+

============================================================
+ Verbose Summary: Synthesis Manager
============================================================
InlineROM: 1
ExposeGlobal: 0
============================================================
+ Verbose Summary: CDFG Model
============================================================
IsTopModel: 0
ResetActiveHigh: 1
IsCombinational: 0
IsDatapathOnly: 0
HasWiredReturn: 1
HasMFsm: 2
HasVarLatency: 1
IsPipeline: 0
IsRtlPipelined: 0
IsInstanceOverlapped: 0
IsDontTouch: 0
HasImplIP: 0
IsGatedGlobalClock: 0

+ Individual pipeline summary: 
  * Pipeline-0: initiation interval (II) = 2, depth = 16


============================================================
+ Verbose Summary: Schedule
============================================================
* Number of FSM states : 16
* Pipeline : 1
  Pipeline-0 : II = 2, D = 16, States = { 1 2 3 4 5 6 7 8 9 10 11 12 13 14 15 16 }
* Dataflow Pipeline: 0

* FSM state transitions: 
1 --> 2 
2 --> 3 
3 --> 4 
4 --> 5 
5 --> 6 
6 --> 7 
7 --> 8 
8 --> 9 
9 --> 10 
10 --> 11 
11 --> 12 
12 --> 13 
13 --> 14 
14 --> 15 
15 --> 16 
16 --> 

* FSM state operations: 

State 1 <SV = 0> <Delay = 3.42>
ST_1 : Operation 19 [1/1] (0.00ns)   --->   "%v289 = alloca i32 1" [spikingformer_official.cpp:704->spikingformer_official.cpp:2581]   --->   Operation 19 'alloca' 'v289' <Predicate = true> <Delay = 0.00>
ST_1 : Operation 20 [1/1] (0.00ns)   --->   "%v288 = alloca i32 1" [spikingformer_official.cpp:703->spikingformer_official.cpp:2581]   --->   Operation 20 'alloca' 'v288' <Predicate = true> <Delay = 0.00>
ST_1 : Operation 21 [1/1] (0.00ns)   --->   "%indvar_flatten14103 = alloca i32 1"   --->   Operation 21 'alloca' 'indvar_flatten14103' <Predicate = true> <Delay = 0.00>
ST_1 : Operation 22 [1/1] (0.00ns)   --->   "%sext_ln736_1_read = read i62 @_ssdm_op_Read.ap_auto.i62, i62 %sext_ln736_1"   --->   Operation 22 'read' 'sext_ln736_1_read' <Predicate = true> <Delay = 0.00>
ST_1 : Operation 23 [1/1] (0.00ns)   --->   "%sext_ln703_5_read = read i62 @_ssdm_op_Read.ap_auto.i62, i62 %sext_ln703_5"   --->   Operation 23 'read' 'sext_ln703_5_read' <Predicate = true> <Delay = 0.00>
ST_1 : Operation 24 [1/1] (0.00ns)   --->   "%sext_ln7368 = read i62 @_ssdm_op_Read.ap_auto.i62, i62 %sext_ln736"   --->   Operation 24 'read' 'sext_ln7368' <Predicate = true> <Delay = 0.00>
ST_1 : Operation 25 [1/1] (0.00ns)   --->   "%sext_ln703_1_read = read i62 @_ssdm_op_Read.ap_auto.i62, i62 %sext_ln703_1"   --->   Operation 25 'read' 'sext_ln703_1_read' <Predicate = true> <Delay = 0.00>
ST_1 : Operation 26 [1/1] (0.00ns)   --->   "%sext_ln7036 = read i62 @_ssdm_op_Read.ap_auto.i62, i62 %sext_ln703"   --->   Operation 26 'read' 'sext_ln7036' <Predicate = true> <Delay = 0.00>
ST_1 : Operation 27 [1/1] (0.00ns)   --->   "%sext_ln736_1_cast = sext i62 %sext_ln736_1_read"   --->   Operation 27 'sext' 'sext_ln736_1_cast' <Predicate = true> <Delay = 0.00>
ST_1 : Operation 28 [1/1] (0.00ns)   --->   "%sext_ln703_5_cast = sext i62 %sext_ln703_5_read"   --->   Operation 28 'sext' 'sext_ln703_5_cast' <Predicate = true> <Delay = 0.00>
ST_1 : Operation 29 [1/1] (0.00ns)   --->   "%sext_ln703_1_cast = sext i62 %sext_ln703_1_read"   --->   Operation 29 'sext' 'sext_ln703_1_cast' <Predicate = true> <Delay = 0.00>
ST_1 : Operation 30 [1/1] (0.00ns)   --->   "%specstablecontent_ln0 = specstablecontent void @_ssdm_op_SpecStableContent, i32 %g0, i1 1, void "   --->   Operation 30 'specstablecontent' 'specstablecontent_ln0' <Predicate = true> <Delay = 0.00>
ST_1 : Operation 31 [1/1] (0.00ns)   --->   "%specinterface_ln0 = specinterface void @_ssdm_op_SpecInterface, i32 %g0, void @empty_26, i32 0, i32 0, void @empty_35, i32 0, i32 0, void @empty_22, void @empty_25, void @empty_35, i32 16, i32 16, i32 16, i32 16, void @empty_35, void @empty_35, i32 4294967295, i32 0, i32 0, i32 4"   --->   Operation 31 'specinterface' 'specinterface_ln0' <Predicate = true> <Delay = 0.00>
ST_1 : Operation 32 [1/1] (0.42ns)   --->   "%store_ln0 = store i15 0, i15 %indvar_flatten14103"   --->   Operation 32 'store' 'store_ln0' <Predicate = true> <Delay = 0.42>
ST_1 : Operation 33 [1/1] (0.42ns)   --->   "%store_ln703 = store i7 0, i7 %v288" [spikingformer_official.cpp:703->spikingformer_official.cpp:2581]   --->   Operation 33 'store' 'store_ln703' <Predicate = true> <Delay = 0.42>
ST_1 : Operation 34 [1/1] (0.42ns)   --->   "%store_ln704 = store i9 0, i9 %v289" [spikingformer_official.cpp:704->spikingformer_official.cpp:2581]   --->   Operation 34 'store' 'store_ln704' <Predicate = true> <Delay = 0.42>
ST_1 : Operation 35 [1/1] (0.00ns)   --->   "%br_ln0 = br void %for.inc.i1057"   --->   Operation 35 'br' 'br_ln0' <Predicate = true> <Delay = 0.00>
ST_1 : Operation 36 [1/1] (0.00ns)   --->   "%indvar_flatten14103_load = load i15 %indvar_flatten14103" [spikingformer_official.cpp:703->spikingformer_official.cpp:2581]   --->   Operation 36 'load' 'indvar_flatten14103_load' <Predicate = true> <Delay = 0.00>
ST_1 : Operation 37 [1/1] (0.00ns)   --->   "%specbitsmap_ln0 = specbitsmap void @_ssdm_op_SpecBitsMap, i32 %g0"   --->   Operation 37 'specbitsmap' 'specbitsmap_ln0' <Predicate = true> <Delay = 0.00>
ST_1 : Operation 38 [1/1] (0.84ns)   --->   "%icmp_ln703 = icmp_eq  i15 %indvar_flatten14103_load, i15 24576" [spikingformer_official.cpp:703->spikingformer_official.cpp:2581]   --->   Operation 38 'icmp' 'icmp_ln703' <Predicate = true> <Delay = 0.84> <CoreInst = "Cmp">   --->   Core 9 'Cmp' <Latency = 0> <II = 1> <Delay = 0.84> <FuncUnit> <Opcode : 'seteq' 'setne' 'setle' 'setge' 'setlt' 'setgt'> <InPorts = 2> <OutPorts = 1>
ST_1 : Operation 39 [1/1] (0.84ns)   --->   "%add_ln703_3 = add i15 %indvar_flatten14103_load, i15 1" [spikingformer_official.cpp:703->spikingformer_official.cpp:2581]   --->   Operation 39 'add' 'add_ln703_3' <Predicate = true> <Delay = 0.84> <CoreInst = "Adder">   --->   Core 1 'Adder' <Latency = 0> <II = 1> <Delay = 0.84> <FuncUnit> <Opcode : 'add' 'sub'> <InPorts = 2> <OutPorts = 1>
ST_1 : Operation 40 [1/1] (0.00ns)   --->   "%br_ln703 = br i1 %icmp_ln703, void %for.inc19.i1060, void %_Z8kernel52PA64_A384_fS1_S1_.exit.exitStub" [spikingformer_official.cpp:703->spikingformer_official.cpp:2581]   --->   Operation 40 'br' 'br_ln703' <Predicate = true> <Delay = 0.00>
ST_1 : Operation 41 [1/1] (0.00ns)   --->   "%v289_load = load i9 %v289" [spikingformer_official.cpp:704->spikingformer_official.cpp:2581]   --->   Operation 41 'load' 'v289_load' <Predicate = (!icmp_ln703)> <Delay = 0.00>
ST_1 : Operation 42 [1/1] (0.00ns)   --->   "%v288_load = load i7 %v288" [spikingformer_official.cpp:703->spikingformer_official.cpp:2581]   --->   Operation 42 'load' 'v288_load' <Predicate = (!icmp_ln703)> <Delay = 0.00>
ST_1 : Operation 43 [1/1] (0.77ns)   --->   "%add_ln703 = add i7 %v288_load, i7 1" [spikingformer_official.cpp:703->spikingformer_official.cpp:2581]   --->   Operation 43 'add' 'add_ln703' <Predicate = (!icmp_ln703)> <Delay = 0.77> <CoreInst = "Adder">   --->   Core 1 'Adder' <Latency = 0> <II = 1> <Delay = 0.77> <FuncUnit> <Opcode : 'add' 'sub'> <InPorts = 2> <OutPorts = 1>
ST_1 : Operation 44 [1/1] (0.77ns)   --->   "%icmp_ln704 = icmp_eq  i9 %v289_load, i9 384" [spikingformer_official.cpp:704->spikingformer_official.cpp:2581]   --->   Operation 44 'icmp' 'icmp_ln704' <Predicate = (!icmp_ln703)> <Delay = 0.77> <CoreInst = "Cmp">   --->   Core 9 'Cmp' <Latency = 0> <II = 1> <Delay = 0.77> <FuncUnit> <Opcode : 'seteq' 'setne' 'setle' 'setge' 'setlt' 'setgt'> <InPorts = 2> <OutPorts = 1>
ST_1 : Operation 45 [1/1] (0.39ns)   --->   "%select_ln703 = select i1 %icmp_ln704, i9 0, i9 %v289_load" [spikingformer_official.cpp:703->spikingformer_official.cpp:2581]   --->   Operation 45 'select' 'select_ln703' <Predicate = (!icmp_ln703)> <Delay = 0.39> <CoreInst = "Sel">   --->   Core 73 'Sel' <Latency = 0> <II = 1> <Delay = 0.39> <FuncUnit> <Opcode : 'select'> <InPorts = 3> <OutPorts = 1>
ST_1 : Operation 46 [1/1] (0.36ns)   --->   "%select_ln703_1 = select i1 %icmp_ln704, i7 %add_ln703, i7 %v288_load" [spikingformer_official.cpp:703->spikingformer_official.cpp:2581]   --->   Operation 46 'select' 'select_ln703_1' <Predicate = (!icmp_ln703)> <Delay = 0.36> <CoreInst = "Sel">   --->   Core 73 'Sel' <Latency = 0> <II = 1> <Delay = 0.36> <FuncUnit> <Opcode : 'select'> <InPorts = 3> <OutPorts = 1>
ST_1 : Operation 47 [1/1] (0.00ns)   --->   "%trunc_ln704 = trunc i7 %select_ln703_1" [spikingformer_official.cpp:704->spikingformer_official.cpp:2581]   --->   Operation 47 'trunc' 'trunc_ln704' <Predicate = (!icmp_ln703)> <Delay = 0.00>
ST_1 : Operation 48 [1/1] (0.00ns)   --->   "%p_shl = bitconcatenate i15 @_ssdm_op_BitConcatenate.i15.i6.i9, i6 %trunc_ln704, i9 0" [spikingformer_official.cpp:704->spikingformer_official.cpp:2581]   --->   Operation 48 'bitconcatenate' 'p_shl' <Predicate = (!icmp_ln703)> <Delay = 0.00>
ST_1 : Operation 49 [1/1] (0.00ns)   --->   "%tmp = bitconcatenate i14 @_ssdm_op_BitConcatenate.i14.i7.i7, i7 %select_ln703_1, i7 0" [spikingformer_official.cpp:704->spikingformer_official.cpp:2581]   --->   Operation 49 'bitconcatenate' 'tmp' <Predicate = (!icmp_ln703)> <Delay = 0.00>
ST_1 : Operation 50 [1/1] (0.00ns)   --->   "%zext_ln704 = zext i14 %tmp" [spikingformer_official.cpp:704->spikingformer_official.cpp:2581]   --->   Operation 50 'zext' 'zext_ln704' <Predicate = (!icmp_ln703)> <Delay = 0.00>
ST_1 : Operation 51 [1/1] (0.00ns) (grouped into TernaryAdder)   --->   "%sub_ln704 = sub i15 %p_shl, i15 %zext_ln704" [spikingformer_official.cpp:704->spikingformer_official.cpp:2581]   --->   Operation 51 'sub' 'sub_ln704' <Predicate = (!icmp_ln703)> <Delay = 0.00> <CoreInst = "TAddSub">   --->   Core 10 'TAddSub' <Latency = 0> <II = 1> <Delay = 0.36> <IPBlock> <Opcode : 'add' 'sub'> <InPorts = 3> <OutPorts = 1> <Sync> <CReg>
ST_1 : Operation 52 [1/1] (0.00ns)   --->   "%zext_ln704_1 = zext i9 %select_ln703" [spikingformer_official.cpp:704->spikingformer_official.cpp:2581]   --->   Operation 52 'zext' 'zext_ln704_1' <Predicate = (!icmp_ln703)> <Delay = 0.00>
ST_1 : Operation 53 [1/1] (0.73ns) (root node of TernaryAdder)   --->   "%add_ln706 = add i15 %zext_ln704_1, i15 %sub_ln704" [spikingformer_official.cpp:706->spikingformer_official.cpp:2581]   --->   Operation 53 'add' 'add_ln706' <Predicate = (!icmp_ln703)> <Delay = 0.73> <CoreInst = "TAddSub">   --->   Core 10 'TAddSub' <Latency = 0> <II = 1> <Delay = 0.36> <IPBlock> <Opcode : 'add' 'sub'> <InPorts = 3> <OutPorts = 1> <Sync> <CReg>
ST_1 : Operation 54 [1/1] (0.00ns)   --->   "%zext_ln706 = zext i15 %add_ln706" [spikingformer_official.cpp:706->spikingformer_official.cpp:2581]   --->   Operation 54 'zext' 'zext_ln706' <Predicate = (!icmp_ln703)> <Delay = 0.00>
ST_1 : Operation 55 [1/1] (1.08ns)   --->   "%add_ln709 = add i63 %zext_ln706, i63 %sext_ln703_5_cast" [spikingformer_official.cpp:709->spikingformer_official.cpp:2581]   --->   Operation 55 'add' 'add_ln709' <Predicate = (!icmp_ln703)> <Delay = 1.08> <CoreInst = "Adder">   --->   Core 1 'Adder' <Latency = 0> <II = 1> <Delay = 1.08> <FuncUnit> <Opcode : 'add' 'sub'> <InPorts = 2> <OutPorts = 1>
ST_1 : Operation 56 [1/1] (0.00ns)   --->   "%sext_ln709 = sext i63 %add_ln709" [spikingformer_official.cpp:709->spikingformer_official.cpp:2581]   --->   Operation 56 'sext' 'sext_ln709' <Predicate = (!icmp_ln703)> <Delay = 0.00>
ST_1 : Operation 57 [1/1] (0.00ns)   --->   "%g0_addr_73 = getelementptr i32 %g0, i64 %sext_ln709" [spikingformer_official.cpp:709->spikingformer_official.cpp:2581]   --->   Operation 57 'getelementptr' 'g0_addr_73' <Predicate = (!icmp_ln703)> <Delay = 0.00>
ST_1 : Operation 58 [1/1] (1.08ns)   --->   "%add_ln710 = add i63 %zext_ln706, i63 %sext_ln736_1_cast" [spikingformer_official.cpp:710->spikingformer_official.cpp:2581]   --->   Operation 58 'add' 'add_ln710' <Predicate = (!icmp_ln703)> <Delay = 1.08> <CoreInst = "Adder">   --->   Core 1 'Adder' <Latency = 0> <II = 1> <Delay = 1.08> <FuncUnit> <Opcode : 'add' 'sub'> <InPorts = 2> <OutPorts = 1>
ST_1 : Operation 59 [1/1] (0.00ns)   --->   "%sext_ln710 = sext i63 %add_ln710" [spikingformer_official.cpp:710->spikingformer_official.cpp:2581]   --->   Operation 59 'sext' 'sext_ln710' <Predicate = (!icmp_ln703)> <Delay = 0.00>
ST_1 : Operation 60 [1/1] (0.00ns)   --->   "%g0_addr_74 = getelementptr i32 %g0, i64 %sext_ln710" [spikingformer_official.cpp:710->spikingformer_official.cpp:2581]   --->   Operation 60 'getelementptr' 'g0_addr_74' <Predicate = (!icmp_ln703)> <Delay = 0.00>
ST_1 : Operation 61 [1/1] (0.77ns)   --->   "%add_ln704 = add i9 %select_ln703, i9 1" [spikingformer_official.cpp:704->spikingformer_official.cpp:2581]   --->   Operation 61 'add' 'add_ln704' <Predicate = (!icmp_ln703)> <Delay = 0.77> <CoreInst = "Adder">   --->   Core 1 'Adder' <Latency = 0> <II = 1> <Delay = 0.77> <FuncUnit> <Opcode : 'add' 'sub'> <InPorts = 2> <OutPorts = 1>
ST_1 : Operation 62 [1/1] (0.42ns)   --->   "%store_ln703 = store i15 %add_ln703_3, i15 %indvar_flatten14103" [spikingformer_official.cpp:703->spikingformer_official.cpp:2581]   --->   Operation 62 'store' 'store_ln703' <Predicate = (!icmp_ln703)> <Delay = 0.42>
ST_1 : Operation 63 [1/1] (0.42ns)   --->   "%store_ln703 = store i7 %select_ln703_1, i7 %v288" [spikingformer_official.cpp:703->spikingformer_official.cpp:2581]   --->   Operation 63 'store' 'store_ln703' <Predicate = (!icmp_ln703)> <Delay = 0.42>
ST_1 : Operation 64 [1/1] (0.42ns)   --->   "%store_ln704 = store i9 %add_ln704, i9 %v289" [spikingformer_official.cpp:704->spikingformer_official.cpp:2581]   --->   Operation 64 'store' 'store_ln704' <Predicate = (!icmp_ln703)> <Delay = 0.42>

State 2 <SV = 1> <Delay = 0.00>
ST_2 : Operation 65 [8/8] (7.30ns)   --->   "%g0_load_101_req = readreq i1 @_ssdm_op_ReadReq.m_axi.i32P1A, i32 %g0_addr_73, i64 1" [spikingformer_official.cpp:709->spikingformer_official.cpp:2581]   --->   Operation 65 'readreq' 'g0_load_101_req' <Predicate = (!icmp_ln703)> <Delay = 7.30> <CoreInst = "m_axi">   --->   Core 119 'm_axi' <Latency = 6> <II = 1> <Delay = 1.00> <Adapter> <Opcode : 'readrequnaligned' 'writerequnaligned' 'read' 'write' 'readreq' 'writereq' 'writeresp'>

State 3 <SV = 2> <Delay = 0.00>
ST_3 : Operation 66 [7/8] (7.30ns)   --->   "%g0_load_101_req = readreq i1 @_ssdm_op_ReadReq.m_axi.i32P1A, i32 %g0_addr_73, i64 1" [spikingformer_official.cpp:709->spikingformer_official.cpp:2581]   --->   Operation 66 'readreq' 'g0_load_101_req' <Predicate = true> <Delay = 7.30> <CoreInst = "m_axi">   --->   Core 119 'm_axi' <Latency = 6> <II = 1> <Delay = 1.00> <Adapter> <Opcode : 'readrequnaligned' 'writerequnaligned' 'read' 'write' 'readreq' 'writereq' 'writeresp'>
ST_3 : Operation 67 [8/8] (7.30ns)   --->   "%g0_load_102_req = readreq i1 @_ssdm_op_ReadReq.m_axi.i32P1A, i32 %g0_addr_74, i64 1" [spikingformer_official.cpp:710->spikingformer_official.cpp:2581]   --->   Operation 67 'readreq' 'g0_load_102_req' <Predicate = true> <Delay = 7.30> <CoreInst = "m_axi">   --->   Core 119 'm_axi' <Latency = 6> <II = 1> <Delay = 1.00> <Adapter> <Opcode : 'readrequnaligned' 'writerequnaligned' 'read' 'write' 'readreq' 'writereq' 'writeresp'>

State 4 <SV = 3> <Delay = 0.00>
ST_4 : Operation 68 [6/8] (7.30ns)   --->   "%g0_load_101_req = readreq i1 @_ssdm_op_ReadReq.m_axi.i32P1A, i32 %g0_addr_73, i64 1" [spikingformer_official.cpp:709->spikingformer_official.cpp:2581]   --->   Operation 68 'readreq' 'g0_load_101_req' <Predicate = true> <Delay = 7.30> <CoreInst = "m_axi">   --->   Core 119 'm_axi' <Latency = 6> <II = 1> <Delay = 1.00> <Adapter> <Opcode : 'readrequnaligned' 'writerequnaligned' 'read' 'write' 'readreq' 'writereq' 'writeresp'>
ST_4 : Operation 69 [7/8] (7.30ns)   --->   "%g0_load_102_req = readreq i1 @_ssdm_op_ReadReq.m_axi.i32P1A, i32 %g0_addr_74, i64 1" [spikingformer_official.cpp:710->spikingformer_official.cpp:2581]   --->   Operation 69 'readreq' 'g0_load_102_req' <Predicate = true> <Delay = 7.30> <CoreInst = "m_axi">   --->   Core 119 'm_axi' <Latency = 6> <II = 1> <Delay = 1.00> <Adapter> <Opcode : 'readrequnaligned' 'writerequnaligned' 'read' 'write' 'readreq' 'writereq' 'writeresp'>

State 5 <SV = 4> <Delay = 0.00>
ST_5 : Operation 70 [5/8] (7.30ns)   --->   "%g0_load_101_req = readreq i1 @_ssdm_op_ReadReq.m_axi.i32P1A, i32 %g0_addr_73, i64 1" [spikingformer_official.cpp:709->spikingformer_official.cpp:2581]   --->   Operation 70 'readreq' 'g0_load_101_req' <Predicate = true> <Delay = 7.30> <CoreInst = "m_axi">   --->   Core 119 'm_axi' <Latency = 6> <II = 1> <Delay = 1.00> <Adapter> <Opcode : 'readrequnaligned' 'writerequnaligned' 'read' 'write' 'readreq' 'writereq' 'writeresp'>
ST_5 : Operation 71 [6/8] (7.30ns)   --->   "%g0_load_102_req = readreq i1 @_ssdm_op_ReadReq.m_axi.i32P1A, i32 %g0_addr_74, i64 1" [spikingformer_official.cpp:710->spikingformer_official.cpp:2581]   --->   Operation 71 'readreq' 'g0_load_102_req' <Predicate = true> <Delay = 7.30> <CoreInst = "m_axi">   --->   Core 119 'm_axi' <Latency = 6> <II = 1> <Delay = 1.00> <Adapter> <Opcode : 'readrequnaligned' 'writerequnaligned' 'read' 'write' 'readreq' 'writereq' 'writeresp'>

State 6 <SV = 5> <Delay = 0.00>
ST_6 : Operation 72 [4/8] (7.30ns)   --->   "%g0_load_101_req = readreq i1 @_ssdm_op_ReadReq.m_axi.i32P1A, i32 %g0_addr_73, i64 1" [spikingformer_official.cpp:709->spikingformer_official.cpp:2581]   --->   Operation 72 'readreq' 'g0_load_101_req' <Predicate = true> <Delay = 7.30> <CoreInst = "m_axi">   --->   Core 119 'm_axi' <Latency = 6> <II = 1> <Delay = 1.00> <Adapter> <Opcode : 'readrequnaligned' 'writerequnaligned' 'read' 'write' 'readreq' 'writereq' 'writeresp'>
ST_6 : Operation 73 [5/8] (7.30ns)   --->   "%g0_load_102_req = readreq i1 @_ssdm_op_ReadReq.m_axi.i32P1A, i32 %g0_addr_74, i64 1" [spikingformer_official.cpp:710->spikingformer_official.cpp:2581]   --->   Operation 73 'readreq' 'g0_load_102_req' <Predicate = true> <Delay = 7.30> <CoreInst = "m_axi">   --->   Core 119 'm_axi' <Latency = 6> <II = 1> <Delay = 1.00> <Adapter> <Opcode : 'readrequnaligned' 'writerequnaligned' 'read' 'write' 'readreq' 'writereq' 'writeresp'>

State 7 <SV = 6> <Delay = 0.00>
ST_7 : Operation 74 [3/8] (7.30ns)   --->   "%g0_load_101_req = readreq i1 @_ssdm_op_ReadReq.m_axi.i32P1A, i32 %g0_addr_73, i64 1" [spikingformer_official.cpp:709->spikingformer_official.cpp:2581]   --->   Operation 74 'readreq' 'g0_load_101_req' <Predicate = true> <Delay = 7.30> <CoreInst = "m_axi">   --->   Core 119 'm_axi' <Latency = 6> <II = 1> <Delay = 1.00> <Adapter> <Opcode : 'readrequnaligned' 'writerequnaligned' 'read' 'write' 'readreq' 'writereq' 'writeresp'>
ST_7 : Operation 75 [4/8] (7.30ns)   --->   "%g0_load_102_req = readreq i1 @_ssdm_op_ReadReq.m_axi.i32P1A, i32 %g0_addr_74, i64 1" [spikingformer_official.cpp:710->spikingformer_official.cpp:2581]   --->   Operation 75 'readreq' 'g0_load_102_req' <Predicate = true> <Delay = 7.30> <CoreInst = "m_axi">   --->   Core 119 'm_axi' <Latency = 6> <II = 1> <Delay = 1.00> <Adapter> <Opcode : 'readrequnaligned' 'writerequnaligned' 'read' 'write' 'readreq' 'writereq' 'writeresp'>

State 8 <SV = 7> <Delay = 0.00>
ST_8 : Operation 76 [2/8] (7.30ns)   --->   "%g0_load_101_req = readreq i1 @_ssdm_op_ReadReq.m_axi.i32P1A, i32 %g0_addr_73, i64 1" [spikingformer_official.cpp:709->spikingformer_official.cpp:2581]   --->   Operation 76 'readreq' 'g0_load_101_req' <Predicate = true> <Delay = 7.30> <CoreInst = "m_axi">   --->   Core 119 'm_axi' <Latency = 6> <II = 1> <Delay = 1.00> <Adapter> <Opcode : 'readrequnaligned' 'writerequnaligned' 'read' 'write' 'readreq' 'writereq' 'writeresp'>
ST_8 : Operation 77 [3/8] (7.30ns)   --->   "%g0_load_102_req = readreq i1 @_ssdm_op_ReadReq.m_axi.i32P1A, i32 %g0_addr_74, i64 1" [spikingformer_official.cpp:710->spikingformer_official.cpp:2581]   --->   Operation 77 'readreq' 'g0_load_102_req' <Predicate = true> <Delay = 7.30> <CoreInst = "m_axi">   --->   Core 119 'm_axi' <Latency = 6> <II = 1> <Delay = 1.00> <Adapter> <Opcode : 'readrequnaligned' 'writerequnaligned' 'read' 'write' 'readreq' 'writereq' 'writeresp'>

State 9 <SV = 8> <Delay = 7.30>
ST_9 : Operation 78 [1/8] ( I:7.30ns O:7.30ns )   --->   "%g0_load_101_req = readreq i1 @_ssdm_op_ReadReq.m_axi.i32P1A, i32 %g0_addr_73, i64 1" [spikingformer_official.cpp:709->spikingformer_official.cpp:2581]   --->   Operation 78 'readreq' 'g0_load_101_req' <Predicate = true> <Delay = 7.30> <CoreInst = "m_axi">   --->   Core 119 'm_axi' <Latency = 6> <II = 1> <Delay = 1.00> <Adapter> <Opcode : 'readrequnaligned' 'writerequnaligned' 'read' 'write' 'readreq' 'writereq' 'writeresp'>
ST_9 : Operation 79 [2/8] (7.30ns)   --->   "%g0_load_102_req = readreq i1 @_ssdm_op_ReadReq.m_axi.i32P1A, i32 %g0_addr_74, i64 1" [spikingformer_official.cpp:710->spikingformer_official.cpp:2581]   --->   Operation 79 'readreq' 'g0_load_102_req' <Predicate = true> <Delay = 7.30> <CoreInst = "m_axi">   --->   Core 119 'm_axi' <Latency = 6> <II = 1> <Delay = 1.00> <Adapter> <Opcode : 'readrequnaligned' 'writerequnaligned' 'read' 'write' 'readreq' 'writereq' 'writeresp'>

State 10 <SV = 9> <Delay = 7.30>
ST_10 : Operation 80 [1/1] ( I:7.30ns O:7.30ns )   --->   "%g0_addr_73_read = read i32 @_ssdm_op_Read.m_axi.i32P1A, i32 %g0_addr_73" [spikingformer_official.cpp:709->spikingformer_official.cpp:2581]   --->   Operation 80 'read' 'g0_addr_73_read' <Predicate = true> <Delay = 7.30> <CoreInst = "m_axi">   --->   Core 119 'm_axi' <Latency = 3> <II = 1> <Delay = 1.00> <Adapter> <Opcode : 'readrequnaligned' 'writerequnaligned' 'read' 'write' 'readreq' 'writereq' 'writeresp'>
ST_10 : Operation 81 [1/8] ( I:7.30ns O:7.30ns )   --->   "%g0_load_102_req = readreq i1 @_ssdm_op_ReadReq.m_axi.i32P1A, i32 %g0_addr_74, i64 1" [spikingformer_official.cpp:710->spikingformer_official.cpp:2581]   --->   Operation 81 'readreq' 'g0_load_102_req' <Predicate = true> <Delay = 7.30> <CoreInst = "m_axi">   --->   Core 119 'm_axi' <Latency = 6> <II = 1> <Delay = 1.00> <Adapter> <Opcode : 'readrequnaligned' 'writerequnaligned' 'read' 'write' 'readreq' 'writereq' 'writeresp'>

State 11 <SV = 10> <Delay = 7.30>
ST_11 : Operation 82 [1/1] ( I:7.30ns O:7.30ns )   --->   "%g0_addr_74_read = read i32 @_ssdm_op_Read.m_axi.i32P1A, i32 %g0_addr_74" [spikingformer_official.cpp:710->spikingformer_official.cpp:2581]   --->   Operation 82 'read' 'g0_addr_74_read' <Predicate = true> <Delay = 7.30> <CoreInst = "m_axi">   --->   Core 119 'm_axi' <Latency = 3> <II = 1> <Delay = 1.00> <Adapter> <Opcode : 'readrequnaligned' 'writerequnaligned' 'read' 'write' 'readreq' 'writereq' 'writeresp'>

State 12 <SV = 11> <Delay = 6.43>
ST_12 : Operation 83 [1/1] (0.00ns)   --->   "%v290 = bitcast i32 %g0_addr_73_read" [spikingformer_official.cpp:709->spikingformer_official.cpp:2581]   --->   Operation 83 'bitcast' 'v290' <Predicate = true> <Delay = 0.00>
ST_12 : Operation 84 [1/1] (0.00ns)   --->   "%v291 = bitcast i32 %g0_addr_74_read" [spikingformer_official.cpp:710->spikingformer_official.cpp:2581]   --->   Operation 84 'bitcast' 'v291' <Predicate = true> <Delay = 0.00>
ST_12 : Operation 85 [4/4] (6.43ns)   --->   "%v292 = fadd i32 %v290, i32 %v291" [spikingformer_official.cpp:711->spikingformer_official.cpp:2581]   --->   Operation 85 'fadd' 'v292' <Predicate = true> <Delay = 6.43> <CoreInst = "FAddSub_fulldsp">   --->   Core 18 'FAddSub_fulldsp' <Latency = 3> <II = 1> <Delay = 6.43> <FuncUnit> <Opcode : 'fadd' 'fsub'> <InPorts = 2> <OutPorts = 1>

State 13 <SV = 12> <Delay = 6.43>
ST_13 : Operation 86 [3/4] (6.43ns)   --->   "%v292 = fadd i32 %v290, i32 %v291" [spikingformer_official.cpp:711->spikingformer_official.cpp:2581]   --->   Operation 86 'fadd' 'v292' <Predicate = true> <Delay = 6.43> <CoreInst = "FAddSub_fulldsp">   --->   Core 18 'FAddSub_fulldsp' <Latency = 3> <II = 1> <Delay = 6.43> <FuncUnit> <Opcode : 'fadd' 'fsub'> <InPorts = 2> <OutPorts = 1>

State 14 <SV = 13> <Delay = 6.43>
ST_14 : Operation 87 [2/4] (6.43ns)   --->   "%v292 = fadd i32 %v290, i32 %v291" [spikingformer_official.cpp:711->spikingformer_official.cpp:2581]   --->   Operation 87 'fadd' 'v292' <Predicate = true> <Delay = 6.43> <CoreInst = "FAddSub_fulldsp">   --->   Core 18 'FAddSub_fulldsp' <Latency = 3> <II = 1> <Delay = 6.43> <FuncUnit> <Opcode : 'fadd' 'fsub'> <InPorts = 2> <OutPorts = 1>
ST_14 : Operation 96 [1/1] (0.42ns)   --->   "%ret_ln0 = ret"   --->   Operation 96 'ret' 'ret_ln0' <Predicate = (icmp_ln703)> <Delay = 0.42>

State 15 <SV = 14> <Delay = 6.43>
ST_15 : Operation 88 [1/4] (6.43ns)   --->   "%v292 = fadd i32 %v290, i32 %v291" [spikingformer_official.cpp:711->spikingformer_official.cpp:2581]   --->   Operation 88 'fadd' 'v292' <Predicate = true> <Delay = 6.43> <CoreInst = "FAddSub_fulldsp">   --->   Core 18 'FAddSub_fulldsp' <Latency = 3> <II = 1> <Delay = 6.43> <FuncUnit> <Opcode : 'fadd' 'fsub'> <InPorts = 2> <OutPorts = 1>

State 16 <SV = 15> <Delay = 7.30>
ST_16 : Operation 89 [1/1] (0.00ns)   --->   "%g0_addr = getelementptr i32 %g0, i64 %sext_ln703_1_cast" [spikingformer_official.cpp:703->spikingformer_official.cpp:2581]   --->   Operation 89 'getelementptr' 'g0_addr' <Predicate = true> <Delay = 0.00>
ST_16 : Operation 90 [1/1] (0.00ns)   --->   "%specloopname_ln0 = specloopname void @_ssdm_op_SpecLoopName, void @VITIS_LOOP_703_1_VITIS_LOOP_704_2_str"   --->   Operation 90 'specloopname' 'specloopname_ln0' <Predicate = true> <Delay = 0.00>
ST_16 : Operation 91 [1/1] (0.00ns)   --->   "%speclooptripcount_ln0 = speclooptripcount void @_ssdm_op_SpecLoopTripCount, i64 24576, i64 24576, i64 24576"   --->   Operation 91 'speclooptripcount' 'speclooptripcount_ln0' <Predicate = true> <Delay = 0.00>
ST_16 : Operation 92 [1/1] (0.00ns)   --->   "%specpipeline_ln705 = specpipeline void @_ssdm_op_SpecPipeline, i32 1, i32 0, i32 0, i32 0, i32 4294967295, void @empty_35" [spikingformer_official.cpp:705->spikingformer_official.cpp:2581]   --->   Operation 92 'specpipeline' 'specpipeline_ln705' <Predicate = true> <Delay = 0.00>
ST_16 : Operation 93 [1/1] (0.00ns)   --->   "%bitcast_ln712 = bitcast i32 %v292" [spikingformer_official.cpp:712->spikingformer_official.cpp:2581]   --->   Operation 93 'bitcast' 'bitcast_ln712' <Predicate = true> <Delay = 0.00>
ST_16 : Operation 94 [1/1] ( I:7.30ns O:7.30ns )   --->   "%write_ln712 = write void @_ssdm_op_Write.m_axi.p1i32.i32, i32 %g0_addr, i32 %bitcast_ln712, i4 15" [spikingformer_official.cpp:712->spikingformer_official.cpp:2581]   --->   Operation 94 'write' 'write_ln712' <Predicate = true> <Delay = 7.30> <CoreInst = "m_axi">   --->   Core 119 'm_axi' <Latency = 5> <II = 1> <Delay = 1.00> <Adapter> <Opcode : 'readrequnaligned' 'writerequnaligned' 'read' 'write' 'readreq' 'writereq' 'writeresp'>
ST_16 : Operation 95 [1/1] (0.00ns)   --->   "%br_ln704 = br void %for.inc.i1057" [spikingformer_official.cpp:704->spikingformer_official.cpp:2581]   --->   Operation 95 'br' 'br_ln704' <Predicate = true> <Delay = 0.00>


============================================================
+ Verbose Summary: Timing violations
============================================================
Target clock period: 10.000ns, clock uncertainty: 2.700ns.

 <State 1>: 3.421ns
The critical path consists of the following:
	'store' operation ('store_ln704', spikingformer_official.cpp:704->spikingformer_official.cpp:2581) of constant 0 9 bit on local variable 'v289', spikingformer_official.cpp:704->spikingformer_official.cpp:2581 [22]  (0.427 ns)
	'load' operation 9 bit ('v289_load', spikingformer_official.cpp:704->spikingformer_official.cpp:2581) on local variable 'v289', spikingformer_official.cpp:704->spikingformer_official.cpp:2581 [31]  (0.000 ns)
	'icmp' operation 1 bit ('icmp_ln704', spikingformer_official.cpp:704->spikingformer_official.cpp:2581) [37]  (0.776 ns)
	'select' operation 9 bit ('select_ln703', spikingformer_official.cpp:703->spikingformer_official.cpp:2581) [38]  (0.398 ns)
	'add' operation 15 bit ('add_ln706', spikingformer_official.cpp:706->spikingformer_official.cpp:2581) [47]  (0.733 ns)
	'add' operation 63 bit ('add_ln709', spikingformer_official.cpp:709->spikingformer_official.cpp:2581) [49]  (1.088 ns)

 <State 2>: 0.000ns
The critical path consists of the following:

 <State 3>: 0.000ns
The critical path consists of the following:

 <State 4>: 0.000ns
The critical path consists of the following:

 <State 5>: 0.000ns
The critical path consists of the following:

 <State 6>: 0.000ns
The critical path consists of the following:

 <State 7>: 0.000ns
The critical path consists of the following:

 <State 8>: 0.000ns
The critical path consists of the following:

 <State 9>: 7.300ns
The critical path consists of the following:
	bus request operation ('g0_load_101_req', spikingformer_official.cpp:709->spikingformer_official.cpp:2581) on port 'g0' (spikingformer_official.cpp:709->spikingformer_official.cpp:2581) [52]  (7.300 ns)

 <State 10>: 7.300ns
The critical path consists of the following:
	bus read operation ('g0_addr_73_read', spikingformer_official.cpp:709->spikingformer_official.cpp:2581) on port 'g0' (spikingformer_official.cpp:709->spikingformer_official.cpp:2581) [53]  (7.300 ns)

 <State 11>: 7.300ns
The critical path consists of the following:
	bus read operation ('g0_addr_74_read', spikingformer_official.cpp:710->spikingformer_official.cpp:2581) on port 'g0' (spikingformer_official.cpp:710->spikingformer_official.cpp:2581) [59]  (7.300 ns)

 <State 12>: 6.437ns
The critical path consists of the following:
	'fadd' operation 32 bit ('v292', spikingformer_official.cpp:711->spikingformer_official.cpp:2581) [61]  (6.437 ns)

 <State 13>: 6.437ns
The critical path consists of the following:
	'fadd' operation 32 bit ('v292', spikingformer_official.cpp:711->spikingformer_official.cpp:2581) [61]  (6.437 ns)

 <State 14>: 6.437ns
The critical path consists of the following:
	'fadd' operation 32 bit ('v292', spikingformer_official.cpp:711->spikingformer_official.cpp:2581) [61]  (6.437 ns)

 <State 15>: 6.437ns
The critical path consists of the following:
	'fadd' operation 32 bit ('v292', spikingformer_official.cpp:711->spikingformer_official.cpp:2581) [61]  (6.437 ns)

 <State 16>: 7.300ns
The critical path consists of the following:
	'getelementptr' operation 32 bit ('g0_addr', spikingformer_official.cpp:703->spikingformer_official.cpp:2581) [33]  (0.000 ns)
	bus write operation ('write_ln712', spikingformer_official.cpp:712->spikingformer_official.cpp:2581) on port 'g0' (spikingformer_official.cpp:712->spikingformer_official.cpp:2581) [63]  (7.300 ns)


============================================================
+ Verbose Summary: Binding
============================================================
N/A
* FSMD analyzer results:
  - Output states:
 - Input state : 
  - Chain level:
	State 1
	State 2
	State 3
	State 4
	State 5
	State 6
	State 7
	State 8
	State 9
	State 10
	State 11
	State 12
	State 13
	State 14
	State 15
	State 16


============================================================
+ Verbose Summary: Datapath Resource usage 
============================================================
N/A
