

================================================================
== Vitis HLS Report for 'control_Pipeline_VITIS_LOOP_2191_1_VITIS_LOOP_2192_2_VITIS_LOOP_2193_3'
================================================================
* Date:           Sun Jul 12 20:26:03 2026

* Version:        2025.2 (Build 6295257 on Nov 14 2025)
* Project:        spikingformer_proj
* Solution:       solution1 (Vivado IP Flow Target)
* Product family: zynquplus
* Target device:  xczu7ev-ffvc1156-2-e


================================================================
== Performance Estimates
================================================================
+ Timing: 
    * Summary: 
    +--------+----------+----------+------------+
    |  Clock |  Target  | Estimated| Uncertainty|
    +--------+----------+----------+------------+
    |ap_clk  |  10.00 ns|  7.300 ns|     2.70 ns|
    +--------+----------+----------+------------+

+ Latency: 
    * Summary: 
    +---------+---------+----------+----------+-----+-----+-------------------+
    |  Latency (cycles) |  Latency (absolute) |  Interval |      Pipeline     |
    |   min   |   max   |    min   |    max   | min | max |        Type       |
    +---------+---------+----------+----------+-----+-----+-------------------+
    |    98319|    98319|  0.983 ms|  0.983 ms|    0|    0|  loop pipeline stp|
    +---------+---------+----------+----------+-----+-----+-------------------+

    + Detail: 
        * Instance: 
        N/A

        * Loop: 
        +---------------------------------------------------------+---------+---------+----------+-----------+-----------+-------+----------+
        |                                                         |  Latency (cycles) | Iteration|  Initiation Interval  |  Trip |          |
        |                        Loop Name                        |   min   |   max   |  Latency |  achieved |   target  | Count | Pipelined|
        +---------------------------------------------------------+---------+---------+----------+-----------+-----------+-------+----------+
        |- VITIS_LOOP_2191_1_VITIS_LOOP_2192_2_VITIS_LOOP_2193_3  |    98317|    98317|        16|          2|          1|  49152|       yes|
        +---------------------------------------------------------+---------+---------+----------+-----------+-----------+-------+----------+

============================================================
+ Verbose Summary: Synthesis Manager
============================================================
InlineROM: 1
ExposeGlobal: 0
============================================================
+ Verbose Summary: CDFG Model
============================================================
IsTopModel: 0
ResetActiveHigh: 1
IsCombinational: 0
IsDatapathOnly: 0
HasWiredReturn: 1
HasMFsm: 2
HasVarLatency: 1
IsPipeline: 0
IsRtlPipelined: 0
IsInstanceOverlapped: 0
IsDontTouch: 0
HasImplIP: 0
IsGatedGlobalClock: 0

+ Individual pipeline summary: 
  * Pipeline-0: initiation interval (II) = 2, depth = 17


============================================================
+ Verbose Summary: Schedule
============================================================
* Number of FSM states : 17
* Pipeline : 1
  Pipeline-0 : II = 2, D = 17, States = { 1 2 3 4 5 6 7 8 9 10 11 12 13 14 15 16 17 }
* Dataflow Pipeline: 0

* FSM state transitions: 
1 --> 2 
2 --> 3 
3 --> 4 
4 --> 5 
5 --> 6 
6 --> 7 
7 --> 8 
8 --> 9 
9 --> 10 
10 --> 11 
11 --> 12 
12 --> 13 
13 --> 14 
14 --> 15 
15 --> 16 
16 --> 17 
17 --> 

* FSM state operations: 

State 1 <SV = 0> <Delay = 0.42>
ST_1 : Operation 19 [1/1] (0.00ns)   --->   "%v900 = alloca i32 1" [spikingformer_official.cpp:2193->spikingformer_official.cpp:2341]   --->   Operation 19 'alloca' 'v900' <Predicate = true> <Delay = 0.00>
ST_1 : Operation 20 [1/1] (0.00ns)   --->   "%v899 = alloca i32 1" [spikingformer_official.cpp:2192->spikingformer_official.cpp:2341]   --->   Operation 20 'alloca' 'v899' <Predicate = true> <Delay = 0.00>
ST_1 : Operation 21 [1/1] (0.00ns)   --->   "%indvar_flatten12782 = alloca i32 1"   --->   Operation 21 'alloca' 'indvar_flatten12782' <Predicate = true> <Delay = 0.00>
ST_1 : Operation 22 [1/1] (0.00ns)   --->   "%v898 = alloca i32 1" [spikingformer_official.cpp:2191->spikingformer_official.cpp:2341]   --->   Operation 22 'alloca' 'v898' <Predicate = true> <Delay = 0.00>
ST_1 : Operation 23 [1/1] (0.00ns)   --->   "%indvar_flatten12793 = alloca i32 1"   --->   Operation 23 'alloca' 'indvar_flatten12793' <Predicate = true> <Delay = 0.00>
ST_1 : Operation 24 [1/1] (0.00ns)   --->   "%sext_ln2299_1_read = read i62 @_ssdm_op_Read.ap_auto.i62, i62 %sext_ln2299_1"   --->   Operation 24 'read' 'sext_ln2299_1_read' <Predicate = true> <Delay = 0.00>
ST_1 : Operation 25 [1/1] (0.00ns)   --->   "%sext_ln2113_2_read = read i62 @_ssdm_op_Read.ap_auto.i62, i62 %sext_ln2113_2"   --->   Operation 25 'read' 'sext_ln2113_2_read' <Predicate = true> <Delay = 0.00>
ST_1 : Operation 26 [1/1] (0.00ns)   --->   "%sext_ln22999 = read i62 @_ssdm_op_Read.ap_auto.i62, i62 %sext_ln2299"   --->   Operation 26 'read' 'sext_ln22999' <Predicate = true> <Delay = 0.00>
ST_1 : Operation 27 [1/1] (0.00ns)   --->   "%sext_ln2265_read = read i62 @_ssdm_op_Read.ap_auto.i62, i62 %sext_ln2265"   --->   Operation 27 'read' 'sext_ln2265_read' <Predicate = true> <Delay = 0.00>
ST_1 : Operation 28 [1/1] (0.00ns)   --->   "%sext_ln21137 = read i62 @_ssdm_op_Read.ap_auto.i62, i62 %sext_ln2113"   --->   Operation 28 'read' 'sext_ln21137' <Predicate = true> <Delay = 0.00>
ST_1 : Operation 29 [1/1] (0.00ns)   --->   "%sext_ln2299_1_cast = sext i62 %sext_ln2299_1_read"   --->   Operation 29 'sext' 'sext_ln2299_1_cast' <Predicate = true> <Delay = 0.00>
ST_1 : Operation 30 [1/1] (0.00ns)   --->   "%sext_ln2113_2_cast = sext i62 %sext_ln2113_2_read"   --->   Operation 30 'sext' 'sext_ln2113_2_cast' <Predicate = true> <Delay = 0.00>
ST_1 : Operation 31 [1/1] (0.00ns)   --->   "%sext_ln2265_cast = sext i62 %sext_ln2265_read"   --->   Operation 31 'sext' 'sext_ln2265_cast' <Predicate = true> <Delay = 0.00>
ST_1 : Operation 32 [1/1] (0.00ns)   --->   "%specstablecontent_ln0 = specstablecontent void @_ssdm_op_SpecStableContent, i32 %g0, i1 1, void "   --->   Operation 32 'specstablecontent' 'specstablecontent_ln0' <Predicate = true> <Delay = 0.00>
ST_1 : Operation 33 [1/1] (0.00ns)   --->   "%specinterface_ln0 = specinterface void @_ssdm_op_SpecInterface, i32 %g0, void @empty_26, i32 0, i32 0, void @empty_35, i32 0, i32 0, void @empty_22, void @empty_25, void @empty_35, i32 16, i32 16, i32 16, i32 16, void @empty_35, void @empty_35, i32 4294967295, i32 0, i32 0, i32 4"   --->   Operation 33 'specinterface' 'specinterface_ln0' <Predicate = true> <Delay = 0.00>
ST_1 : Operation 34 [1/1] (0.42ns)   --->   "%store_ln0 = store i16 0, i16 %indvar_flatten12793"   --->   Operation 34 'store' 'store_ln0' <Predicate = true> <Delay = 0.42>
ST_1 : Operation 35 [1/1] (0.42ns)   --->   "%store_ln2191 = store i6 0, i6 %v898" [spikingformer_official.cpp:2191->spikingformer_official.cpp:2341]   --->   Operation 35 'store' 'store_ln2191' <Predicate = true> <Delay = 0.42>
ST_1 : Operation 36 [1/1] (0.42ns)   --->   "%store_ln0 = store i12 0, i12 %indvar_flatten12782"   --->   Operation 36 'store' 'store_ln0' <Predicate = true> <Delay = 0.42>
ST_1 : Operation 37 [1/1] (0.42ns)   --->   "%store_ln2192 = store i6 0, i6 %v899" [spikingformer_official.cpp:2192->spikingformer_official.cpp:2341]   --->   Operation 37 'store' 'store_ln2192' <Predicate = true> <Delay = 0.42>
ST_1 : Operation 38 [1/1] (0.42ns)   --->   "%store_ln2193 = store i6 0, i6 %v900" [spikingformer_official.cpp:2193->spikingformer_official.cpp:2341]   --->   Operation 38 'store' 'store_ln2193' <Predicate = true> <Delay = 0.42>
ST_1 : Operation 39 [1/1] (0.00ns)   --->   "%br_ln0 = br void %for.inc.i69"   --->   Operation 39 'br' 'br_ln0' <Predicate = true> <Delay = 0.00>

State 2 <SV = 1> <Delay = 4.29>
ST_2 : Operation 40 [1/1] (0.00ns)   --->   "%indvar_flatten12793_load = load i16 %indvar_flatten12793" [spikingformer_official.cpp:2191->spikingformer_official.cpp:2341]   --->   Operation 40 'load' 'indvar_flatten12793_load' <Predicate = true> <Delay = 0.00>
ST_2 : Operation 41 [1/1] (0.00ns)   --->   "%specbitsmap_ln0 = specbitsmap void @_ssdm_op_SpecBitsMap, i32 %g0"   --->   Operation 41 'specbitsmap' 'specbitsmap_ln0' <Predicate = true> <Delay = 0.00>
ST_2 : Operation 42 [1/1] (0.85ns)   --->   "%icmp_ln2191 = icmp_eq  i16 %indvar_flatten12793_load, i16 49152" [spikingformer_official.cpp:2191->spikingformer_official.cpp:2341]   --->   Operation 42 'icmp' 'icmp_ln2191' <Predicate = true> <Delay = 0.85> <CoreInst = "Cmp">   --->   Core 9 'Cmp' <Latency = 0> <II = 1> <Delay = 0.85> <FuncUnit> <Opcode : 'seteq' 'setne' 'setle' 'setge' 'setlt' 'setgt'> <InPorts = 2> <OutPorts = 1>
ST_2 : Operation 43 [1/1] (0.85ns)   --->   "%add_ln2191_1 = add i16 %indvar_flatten12793_load, i16 1" [spikingformer_official.cpp:2191->spikingformer_official.cpp:2341]   --->   Operation 43 'add' 'add_ln2191_1' <Predicate = true> <Delay = 0.85> <CoreInst = "Adder">   --->   Core 1 'Adder' <Latency = 0> <II = 1> <Delay = 0.85> <FuncUnit> <Opcode : 'add' 'sub'> <InPorts = 2> <OutPorts = 1>
ST_2 : Operation 44 [1/1] (0.00ns)   --->   "%br_ln2191 = br i1 %icmp_ln2191, void %for.inc32.i, void %_Z9kernel597PA48_A32_A32_fS2_S2_.exit.exitStub" [spikingformer_official.cpp:2191->spikingformer_official.cpp:2341]   --->   Operation 44 'br' 'br_ln2191' <Predicate = true> <Delay = 0.00>
ST_2 : Operation 45 [1/1] (0.00ns)   --->   "%v900_load = load i6 %v900" [spikingformer_official.cpp:2193->spikingformer_official.cpp:2341]   --->   Operation 45 'load' 'v900_load' <Predicate = (!icmp_ln2191)> <Delay = 0.00>
ST_2 : Operation 46 [1/1] (0.00ns)   --->   "%v899_load = load i6 %v899" [spikingformer_official.cpp:2191->spikingformer_official.cpp:2341]   --->   Operation 46 'load' 'v899_load' <Predicate = (!icmp_ln2191)> <Delay = 0.00>
ST_2 : Operation 47 [1/1] (0.00ns)   --->   "%indvar_flatten12782_load = load i12 %indvar_flatten12782" [spikingformer_official.cpp:2192->spikingformer_official.cpp:2341]   --->   Operation 47 'load' 'indvar_flatten12782_load' <Predicate = (!icmp_ln2191)> <Delay = 0.00>
ST_2 : Operation 48 [1/1] (0.00ns)   --->   "%v898_load = load i6 %v898" [spikingformer_official.cpp:2191->spikingformer_official.cpp:2341]   --->   Operation 48 'load' 'v898_load' <Predicate = (!icmp_ln2191)> <Delay = 0.00>
ST_2 : Operation 49 [1/1] (0.78ns)   --->   "%add_ln2191 = add i6 %v898_load, i6 1" [spikingformer_official.cpp:2191->spikingformer_official.cpp:2341]   --->   Operation 49 'add' 'add_ln2191' <Predicate = (!icmp_ln2191)> <Delay = 0.78> <CoreInst = "Adder">   --->   Core 1 'Adder' <Latency = 0> <II = 1> <Delay = 0.78> <FuncUnit> <Opcode : 'add' 'sub'> <InPorts = 2> <OutPorts = 1>
ST_2 : Operation 50 [1/1] (0.80ns)   --->   "%icmp_ln2192 = icmp_eq  i12 %indvar_flatten12782_load, i12 1024" [spikingformer_official.cpp:2192->spikingformer_official.cpp:2341]   --->   Operation 50 'icmp' 'icmp_ln2192' <Predicate = (!icmp_ln2191)> <Delay = 0.80> <CoreInst = "Cmp">   --->   Core 9 'Cmp' <Latency = 0> <II = 1> <Delay = 0.80> <FuncUnit> <Opcode : 'seteq' 'setne' 'setle' 'setge' 'setlt' 'setgt'> <InPorts = 2> <OutPorts = 1>
ST_2 : Operation 51 [1/1] (0.38ns)   --->   "%select_ln2191 = select i1 %icmp_ln2192, i6 0, i6 %v899_load" [spikingformer_official.cpp:2191->spikingformer_official.cpp:2341]   --->   Operation 51 'select' 'select_ln2191' <Predicate = (!icmp_ln2191)> <Delay = 0.38> <CoreInst = "Sel">   --->   Core 73 'Sel' <Latency = 0> <II = 1> <Delay = 0.38> <FuncUnit> <Opcode : 'select'> <InPorts = 3> <OutPorts = 1>
ST_2 : Operation 52 [1/1] (0.00ns) (grouped into LUT with out node and_ln2191)   --->   "%xor_ln2191 = xor i1 %icmp_ln2192, i1 1" [spikingformer_official.cpp:2191->spikingformer_official.cpp:2341]   --->   Operation 52 'xor' 'xor_ln2191' <Predicate = (!icmp_ln2191)> <Delay = 0.00> <CoreInst = "LogicGate">   --->   Core 74 'LogicGate' <Latency = 0> <II = 1> <Delay = 0.28> <FuncUnit> <Opcode : 'and' 'or' 'xor'> <InPorts = 2> <OutPorts = 1>
ST_2 : Operation 53 [1/1] (0.78ns)   --->   "%icmp_ln2193 = icmp_eq  i6 %v900_load, i6 32" [spikingformer_official.cpp:2193->spikingformer_official.cpp:2341]   --->   Operation 53 'icmp' 'icmp_ln2193' <Predicate = (!icmp_ln2191)> <Delay = 0.78> <CoreInst = "Cmp">   --->   Core 9 'Cmp' <Latency = 0> <II = 1> <Delay = 0.78> <FuncUnit> <Opcode : 'seteq' 'setne' 'setle' 'setge' 'setlt' 'setgt'> <InPorts = 2> <OutPorts = 1>
ST_2 : Operation 54 [1/1] (0.28ns) (out node of the LUT)   --->   "%and_ln2191 = and i1 %icmp_ln2193, i1 %xor_ln2191" [spikingformer_official.cpp:2191->spikingformer_official.cpp:2341]   --->   Operation 54 'and' 'and_ln2191' <Predicate = (!icmp_ln2191)> <Delay = 0.28> <CoreInst = "LogicGate">   --->   Core 74 'LogicGate' <Latency = 0> <II = 1> <Delay = 0.28> <FuncUnit> <Opcode : 'and' 'or' 'xor'> <InPorts = 2> <OutPorts = 1>
ST_2 : Operation 55 [1/1] (0.38ns)   --->   "%select_ln2191_1 = select i1 %icmp_ln2192, i6 %add_ln2191, i6 %v898_load" [spikingformer_official.cpp:2191->spikingformer_official.cpp:2341]   --->   Operation 55 'select' 'select_ln2191_1' <Predicate = (!icmp_ln2191)> <Delay = 0.38> <CoreInst = "Sel">   --->   Core 73 'Sel' <Latency = 0> <II = 1> <Delay = 0.38> <FuncUnit> <Opcode : 'select'> <InPorts = 3> <OutPorts = 1>
ST_2 : Operation 56 [1/1] (0.78ns)   --->   "%add_ln2192 = add i6 %select_ln2191, i6 1" [spikingformer_official.cpp:2192->spikingformer_official.cpp:2341]   --->   Operation 56 'add' 'add_ln2192' <Predicate = (!icmp_ln2191)> <Delay = 0.78> <CoreInst = "Adder">   --->   Core 1 'Adder' <Latency = 0> <II = 1> <Delay = 0.78> <FuncUnit> <Opcode : 'add' 'sub'> <InPorts = 2> <OutPorts = 1>
ST_2 : Operation 57 [1/1] (0.00ns) (grouped into LUT with out node select_ln2192)   --->   "%or_ln2192 = or i1 %and_ln2191, i1 %icmp_ln2192" [spikingformer_official.cpp:2192->spikingformer_official.cpp:2341]   --->   Operation 57 'or' 'or_ln2192' <Predicate = (!icmp_ln2191)> <Delay = 0.00> <CoreInst = "LogicGate">   --->   Core 74 'LogicGate' <Latency = 0> <II = 1> <Delay = 0.28> <FuncUnit> <Opcode : 'and' 'or' 'xor'> <InPorts = 2> <OutPorts = 1>
ST_2 : Operation 58 [1/1] (0.38ns) (out node of the LUT)   --->   "%select_ln2192 = select i1 %or_ln2192, i6 0, i6 %v900_load" [spikingformer_official.cpp:2192->spikingformer_official.cpp:2341]   --->   Operation 58 'select' 'select_ln2192' <Predicate = (!icmp_ln2191)> <Delay = 0.38> <CoreInst = "Sel">   --->   Core 73 'Sel' <Latency = 0> <II = 1> <Delay = 0.38> <FuncUnit> <Opcode : 'select'> <InPorts = 3> <OutPorts = 1>
ST_2 : Operation 59 [1/1] (0.38ns)   --->   "%select_ln2192_1 = select i1 %and_ln2191, i6 %add_ln2192, i6 %select_ln2191" [spikingformer_official.cpp:2192->spikingformer_official.cpp:2341]   --->   Operation 59 'select' 'select_ln2192_1' <Predicate = (!icmp_ln2191)> <Delay = 0.38> <CoreInst = "Sel">   --->   Core 73 'Sel' <Latency = 0> <II = 1> <Delay = 0.38> <FuncUnit> <Opcode : 'select'> <InPorts = 3> <OutPorts = 1>
ST_2 : Operation 60 [1/1] (0.00ns)   --->   "%trunc_ln2193 = trunc i6 %select_ln2192_1" [spikingformer_official.cpp:2193->spikingformer_official.cpp:2341]   --->   Operation 60 'trunc' 'trunc_ln2193' <Predicate = (!icmp_ln2191)> <Delay = 0.00>
ST_2 : Operation 61 [1/1] (0.00ns)   --->   "%shl_ln = bitconcatenate i10 @_ssdm_op_BitConcatenate.i10.i5.i5, i5 %trunc_ln2193, i5 0" [spikingformer_official.cpp:2193->spikingformer_official.cpp:2341]   --->   Operation 61 'bitconcatenate' 'shl_ln' <Predicate = (!icmp_ln2191)> <Delay = 0.00>
ST_2 : Operation 62 [1/1] (0.00ns)   --->   "%zext_ln2193 = zext i10 %shl_ln" [spikingformer_official.cpp:2193->spikingformer_official.cpp:2341]   --->   Operation 62 'zext' 'zext_ln2193' <Predicate = (!icmp_ln2191)> <Delay = 0.00>
ST_2 : Operation 63 [1/1] (0.00ns)   --->   "%tmp = bitconcatenate i16 @_ssdm_op_BitConcatenate.i16.i6.i4.i6, i6 %select_ln2191_1, i4 0, i6 %select_ln2192" [spikingformer_official.cpp:2195->spikingformer_official.cpp:2341]   --->   Operation 63 'bitconcatenate' 'tmp' <Predicate = (!icmp_ln2191)> <Delay = 0.00>
ST_2 : Operation 64 [1/1] (0.85ns)   --->   "%add_ln2195 = add i16 %tmp, i16 %zext_ln2193" [spikingformer_official.cpp:2195->spikingformer_official.cpp:2341]   --->   Operation 64 'add' 'add_ln2195' <Predicate = (!icmp_ln2191)> <Delay = 0.85> <CoreInst = "Adder">   --->   Core 1 'Adder' <Latency = 0> <II = 1> <Delay = 0.85> <FuncUnit> <Opcode : 'add' 'sub'> <InPorts = 2> <OutPorts = 1>
ST_2 : Operation 65 [1/1] (0.00ns)   --->   "%zext_ln2195 = zext i16 %add_ln2195" [spikingformer_official.cpp:2195->spikingformer_official.cpp:2341]   --->   Operation 65 'zext' 'zext_ln2195' <Predicate = (!icmp_ln2191)> <Delay = 0.00>
ST_2 : Operation 66 [1/1] (1.08ns)   --->   "%add_ln2198 = add i63 %zext_ln2195, i63 %sext_ln2113_2_cast" [spikingformer_official.cpp:2198->spikingformer_official.cpp:2341]   --->   Operation 66 'add' 'add_ln2198' <Predicate = (!icmp_ln2191)> <Delay = 1.08> <CoreInst = "Adder">   --->   Core 1 'Adder' <Latency = 0> <II = 1> <Delay = 1.08> <FuncUnit> <Opcode : 'add' 'sub'> <InPorts = 2> <OutPorts = 1>
ST_2 : Operation 67 [1/1] (0.00ns)   --->   "%sext_ln2198 = sext i63 %add_ln2198" [spikingformer_official.cpp:2198->spikingformer_official.cpp:2341]   --->   Operation 67 'sext' 'sext_ln2198' <Predicate = (!icmp_ln2191)> <Delay = 0.00>
ST_2 : Operation 68 [1/1] (0.00ns)   --->   "%g0_addr_95 = getelementptr i32 %g0, i64 %sext_ln2198" [spikingformer_official.cpp:2198->spikingformer_official.cpp:2341]   --->   Operation 68 'getelementptr' 'g0_addr_95' <Predicate = (!icmp_ln2191)> <Delay = 0.00>
ST_2 : Operation 69 [1/1] (1.08ns)   --->   "%add_ln2199 = add i63 %zext_ln2195, i63 %sext_ln2299_1_cast" [spikingformer_official.cpp:2199->spikingformer_official.cpp:2341]   --->   Operation 69 'add' 'add_ln2199' <Predicate = (!icmp_ln2191)> <Delay = 1.08> <CoreInst = "Adder">   --->   Core 1 'Adder' <Latency = 0> <II = 1> <Delay = 1.08> <FuncUnit> <Opcode : 'add' 'sub'> <InPorts = 2> <OutPorts = 1>
ST_2 : Operation 70 [1/1] (0.00ns)   --->   "%sext_ln2199 = sext i63 %add_ln2199" [spikingformer_official.cpp:2199->spikingformer_official.cpp:2341]   --->   Operation 70 'sext' 'sext_ln2199' <Predicate = (!icmp_ln2191)> <Delay = 0.00>
ST_2 : Operation 71 [1/1] (0.00ns)   --->   "%g0_addr_96 = getelementptr i32 %g0, i64 %sext_ln2199" [spikingformer_official.cpp:2199->spikingformer_official.cpp:2341]   --->   Operation 71 'getelementptr' 'g0_addr_96' <Predicate = (!icmp_ln2191)> <Delay = 0.00>
ST_2 : Operation 72 [1/1] (0.78ns)   --->   "%add_ln2193 = add i6 %select_ln2192, i6 1" [spikingformer_official.cpp:2193->spikingformer_official.cpp:2341]   --->   Operation 72 'add' 'add_ln2193' <Predicate = (!icmp_ln2191)> <Delay = 0.78> <CoreInst = "Adder">   --->   Core 1 'Adder' <Latency = 0> <II = 1> <Delay = 0.78> <FuncUnit> <Opcode : 'add' 'sub'> <InPorts = 2> <OutPorts = 1>
ST_2 : Operation 73 [1/1] (0.80ns)   --->   "%add_ln2192_1 = add i12 %indvar_flatten12782_load, i12 1" [spikingformer_official.cpp:2192->spikingformer_official.cpp:2341]   --->   Operation 73 'add' 'add_ln2192_1' <Predicate = (!icmp_ln2191)> <Delay = 0.80> <CoreInst = "Adder">   --->   Core 1 'Adder' <Latency = 0> <II = 1> <Delay = 0.80> <FuncUnit> <Opcode : 'add' 'sub'> <InPorts = 2> <OutPorts = 1>
ST_2 : Operation 74 [1/1] (0.37ns)   --->   "%select_ln2192_2 = select i1 %icmp_ln2192, i12 1, i12 %add_ln2192_1" [spikingformer_official.cpp:2192->spikingformer_official.cpp:2341]   --->   Operation 74 'select' 'select_ln2192_2' <Predicate = (!icmp_ln2191)> <Delay = 0.37> <CoreInst = "Sel">   --->   Core 73 'Sel' <Latency = 0> <II = 1> <Delay = 0.37> <FuncUnit> <Opcode : 'select'> <InPorts = 3> <OutPorts = 1>
ST_2 : Operation 75 [1/1] (0.42ns)   --->   "%store_ln2191 = store i16 %add_ln2191_1, i16 %indvar_flatten12793" [spikingformer_official.cpp:2191->spikingformer_official.cpp:2341]   --->   Operation 75 'store' 'store_ln2191' <Predicate = (!icmp_ln2191)> <Delay = 0.42>
ST_2 : Operation 76 [1/1] (0.42ns)   --->   "%store_ln2191 = store i6 %select_ln2191_1, i6 %v898" [spikingformer_official.cpp:2191->spikingformer_official.cpp:2341]   --->   Operation 76 'store' 'store_ln2191' <Predicate = (!icmp_ln2191)> <Delay = 0.42>
ST_2 : Operation 77 [1/1] (0.42ns)   --->   "%store_ln2192 = store i12 %select_ln2192_2, i12 %indvar_flatten12782" [spikingformer_official.cpp:2192->spikingformer_official.cpp:2341]   --->   Operation 77 'store' 'store_ln2192' <Predicate = (!icmp_ln2191)> <Delay = 0.42>
ST_2 : Operation 78 [1/1] (0.42ns)   --->   "%store_ln2192 = store i6 %select_ln2192_1, i6 %v899" [spikingformer_official.cpp:2192->spikingformer_official.cpp:2341]   --->   Operation 78 'store' 'store_ln2192' <Predicate = (!icmp_ln2191)> <Delay = 0.42>
ST_2 : Operation 79 [1/1] (0.42ns)   --->   "%store_ln2193 = store i6 %add_ln2193, i6 %v900" [spikingformer_official.cpp:2193->spikingformer_official.cpp:2341]   --->   Operation 79 'store' 'store_ln2193' <Predicate = (!icmp_ln2191)> <Delay = 0.42>

State 3 <SV = 2> <Delay = 0.00>
ST_3 : Operation 80 [8/8] (7.30ns)   --->   "%g0_load_30_req = readreq i1 @_ssdm_op_ReadReq.m_axi.i32P1A, i32 %g0_addr_95, i64 1" [spikingformer_official.cpp:2198->spikingformer_official.cpp:2341]   --->   Operation 80 'readreq' 'g0_load_30_req' <Predicate = (!icmp_ln2191)> <Delay = 7.30> <CoreInst = "m_axi">   --->   Core 119 'm_axi' <Latency = 6> <II = 1> <Delay = 1.00> <Adapter> <Opcode : 'readrequnaligned' 'writerequnaligned' 'read' 'write' 'readreq' 'writereq' 'writeresp'>

State 4 <SV = 3> <Delay = 0.00>
ST_4 : Operation 81 [7/8] (7.30ns)   --->   "%g0_load_30_req = readreq i1 @_ssdm_op_ReadReq.m_axi.i32P1A, i32 %g0_addr_95, i64 1" [spikingformer_official.cpp:2198->spikingformer_official.cpp:2341]   --->   Operation 81 'readreq' 'g0_load_30_req' <Predicate = true> <Delay = 7.30> <CoreInst = "m_axi">   --->   Core 119 'm_axi' <Latency = 6> <II = 1> <Delay = 1.00> <Adapter> <Opcode : 'readrequnaligned' 'writerequnaligned' 'read' 'write' 'readreq' 'writereq' 'writeresp'>
ST_4 : Operation 82 [8/8] (7.30ns)   --->   "%g0_load_31_req = readreq i1 @_ssdm_op_ReadReq.m_axi.i32P1A, i32 %g0_addr_96, i64 1" [spikingformer_official.cpp:2199->spikingformer_official.cpp:2341]   --->   Operation 82 'readreq' 'g0_load_31_req' <Predicate = true> <Delay = 7.30> <CoreInst = "m_axi">   --->   Core 119 'm_axi' <Latency = 6> <II = 1> <Delay = 1.00> <Adapter> <Opcode : 'readrequnaligned' 'writerequnaligned' 'read' 'write' 'readreq' 'writereq' 'writeresp'>

State 5 <SV = 4> <Delay = 0.00>
ST_5 : Operation 83 [6/8] (7.30ns)   --->   "%g0_load_30_req = readreq i1 @_ssdm_op_ReadReq.m_axi.i32P1A, i32 %g0_addr_95, i64 1" [spikingformer_official.cpp:2198->spikingformer_official.cpp:2341]   --->   Operation 83 'readreq' 'g0_load_30_req' <Predicate = true> <Delay = 7.30> <CoreInst = "m_axi">   --->   Core 119 'm_axi' <Latency = 6> <II = 1> <Delay = 1.00> <Adapter> <Opcode : 'readrequnaligned' 'writerequnaligned' 'read' 'write' 'readreq' 'writereq' 'writeresp'>
ST_5 : Operation 84 [7/8] (7.30ns)   --->   "%g0_load_31_req = readreq i1 @_ssdm_op_ReadReq.m_axi.i32P1A, i32 %g0_addr_96, i64 1" [spikingformer_official.cpp:2199->spikingformer_official.cpp:2341]   --->   Operation 84 'readreq' 'g0_load_31_req' <Predicate = true> <Delay = 7.30> <CoreInst = "m_axi">   --->   Core 119 'm_axi' <Latency = 6> <II = 1> <Delay = 1.00> <Adapter> <Opcode : 'readrequnaligned' 'writerequnaligned' 'read' 'write' 'readreq' 'writereq' 'writeresp'>

State 6 <SV = 5> <Delay = 0.00>
ST_6 : Operation 85 [5/8] (7.30ns)   --->   "%g0_load_30_req = readreq i1 @_ssdm_op_ReadReq.m_axi.i32P1A, i32 %g0_addr_95, i64 1" [spikingformer_official.cpp:2198->spikingformer_official.cpp:2341]   --->   Operation 85 'readreq' 'g0_load_30_req' <Predicate = true> <Delay = 7.30> <CoreInst = "m_axi">   --->   Core 119 'm_axi' <Latency = 6> <II = 1> <Delay = 1.00> <Adapter> <Opcode : 'readrequnaligned' 'writerequnaligned' 'read' 'write' 'readreq' 'writereq' 'writeresp'>
ST_6 : Operation 86 [6/8] (7.30ns)   --->   "%g0_load_31_req = readreq i1 @_ssdm_op_ReadReq.m_axi.i32P1A, i32 %g0_addr_96, i64 1" [spikingformer_official.cpp:2199->spikingformer_official.cpp:2341]   --->   Operation 86 'readreq' 'g0_load_31_req' <Predicate = true> <Delay = 7.30> <CoreInst = "m_axi">   --->   Core 119 'm_axi' <Latency = 6> <II = 1> <Delay = 1.00> <Adapter> <Opcode : 'readrequnaligned' 'writerequnaligned' 'read' 'write' 'readreq' 'writereq' 'writeresp'>

State 7 <SV = 6> <Delay = 0.00>
ST_7 : Operation 87 [4/8] (7.30ns)   --->   "%g0_load_30_req = readreq i1 @_ssdm_op_ReadReq.m_axi.i32P1A, i32 %g0_addr_95, i64 1" [spikingformer_official.cpp:2198->spikingformer_official.cpp:2341]   --->   Operation 87 'readreq' 'g0_load_30_req' <Predicate = true> <Delay = 7.30> <CoreInst = "m_axi">   --->   Core 119 'm_axi' <Latency = 6> <II = 1> <Delay = 1.00> <Adapter> <Opcode : 'readrequnaligned' 'writerequnaligned' 'read' 'write' 'readreq' 'writereq' 'writeresp'>
ST_7 : Operation 88 [5/8] (7.30ns)   --->   "%g0_load_31_req = readreq i1 @_ssdm_op_ReadReq.m_axi.i32P1A, i32 %g0_addr_96, i64 1" [spikingformer_official.cpp:2199->spikingformer_official.cpp:2341]   --->   Operation 88 'readreq' 'g0_load_31_req' <Predicate = true> <Delay = 7.30> <CoreInst = "m_axi">   --->   Core 119 'm_axi' <Latency = 6> <II = 1> <Delay = 1.00> <Adapter> <Opcode : 'readrequnaligned' 'writerequnaligned' 'read' 'write' 'readreq' 'writereq' 'writeresp'>

State 8 <SV = 7> <Delay = 0.00>
ST_8 : Operation 89 [3/8] (7.30ns)   --->   "%g0_load_30_req = readreq i1 @_ssdm_op_ReadReq.m_axi.i32P1A, i32 %g0_addr_95, i64 1" [spikingformer_official.cpp:2198->spikingformer_official.cpp:2341]   --->   Operation 89 'readreq' 'g0_load_30_req' <Predicate = true> <Delay = 7.30> <CoreInst = "m_axi">   --->   Core 119 'm_axi' <Latency = 6> <II = 1> <Delay = 1.00> <Adapter> <Opcode : 'readrequnaligned' 'writerequnaligned' 'read' 'write' 'readreq' 'writereq' 'writeresp'>
ST_8 : Operation 90 [4/8] (7.30ns)   --->   "%g0_load_31_req = readreq i1 @_ssdm_op_ReadReq.m_axi.i32P1A, i32 %g0_addr_96, i64 1" [spikingformer_official.cpp:2199->spikingformer_official.cpp:2341]   --->   Operation 90 'readreq' 'g0_load_31_req' <Predicate = true> <Delay = 7.30> <CoreInst = "m_axi">   --->   Core 119 'm_axi' <Latency = 6> <II = 1> <Delay = 1.00> <Adapter> <Opcode : 'readrequnaligned' 'writerequnaligned' 'read' 'write' 'readreq' 'writereq' 'writeresp'>

State 9 <SV = 8> <Delay = 0.00>
ST_9 : Operation 91 [2/8] (7.30ns)   --->   "%g0_load_30_req = readreq i1 @_ssdm_op_ReadReq.m_axi.i32P1A, i32 %g0_addr_95, i64 1" [spikingformer_official.cpp:2198->spikingformer_official.cpp:2341]   --->   Operation 91 'readreq' 'g0_load_30_req' <Predicate = true> <Delay = 7.30> <CoreInst = "m_axi">   --->   Core 119 'm_axi' <Latency = 6> <II = 1> <Delay = 1.00> <Adapter> <Opcode : 'readrequnaligned' 'writerequnaligned' 'read' 'write' 'readreq' 'writereq' 'writeresp'>
ST_9 : Operation 92 [3/8] (7.30ns)   --->   "%g0_load_31_req = readreq i1 @_ssdm_op_ReadReq.m_axi.i32P1A, i32 %g0_addr_96, i64 1" [spikingformer_official.cpp:2199->spikingformer_official.cpp:2341]   --->   Operation 92 'readreq' 'g0_load_31_req' <Predicate = true> <Delay = 7.30> <CoreInst = "m_axi">   --->   Core 119 'm_axi' <Latency = 6> <II = 1> <Delay = 1.00> <Adapter> <Opcode : 'readrequnaligned' 'writerequnaligned' 'read' 'write' 'readreq' 'writereq' 'writeresp'>

State 10 <SV = 9> <Delay = 7.30>
ST_10 : Operation 93 [1/8] ( I:7.30ns O:7.30ns )   --->   "%g0_load_30_req = readreq i1 @_ssdm_op_ReadReq.m_axi.i32P1A, i32 %g0_addr_95, i64 1" [spikingformer_official.cpp:2198->spikingformer_official.cpp:2341]   --->   Operation 93 'readreq' 'g0_load_30_req' <Predicate = true> <Delay = 7.30> <CoreInst = "m_axi">   --->   Core 119 'm_axi' <Latency = 6> <II = 1> <Delay = 1.00> <Adapter> <Opcode : 'readrequnaligned' 'writerequnaligned' 'read' 'write' 'readreq' 'writereq' 'writeresp'>
ST_10 : Operation 94 [2/8] (7.30ns)   --->   "%g0_load_31_req = readreq i1 @_ssdm_op_ReadReq.m_axi.i32P1A, i32 %g0_addr_96, i64 1" [spikingformer_official.cpp:2199->spikingformer_official.cpp:2341]   --->   Operation 94 'readreq' 'g0_load_31_req' <Predicate = true> <Delay = 7.30> <CoreInst = "m_axi">   --->   Core 119 'm_axi' <Latency = 6> <II = 1> <Delay = 1.00> <Adapter> <Opcode : 'readrequnaligned' 'writerequnaligned' 'read' 'write' 'readreq' 'writereq' 'writeresp'>

State 11 <SV = 10> <Delay = 7.30>
ST_11 : Operation 95 [1/1] ( I:7.30ns O:7.30ns )   --->   "%g0_addr_95_read = read i32 @_ssdm_op_Read.m_axi.i32P1A, i32 %g0_addr_95" [spikingformer_official.cpp:2198->spikingformer_official.cpp:2341]   --->   Operation 95 'read' 'g0_addr_95_read' <Predicate = true> <Delay = 7.30> <CoreInst = "m_axi">   --->   Core 119 'm_axi' <Latency = 3> <II = 1> <Delay = 1.00> <Adapter> <Opcode : 'readrequnaligned' 'writerequnaligned' 'read' 'write' 'readreq' 'writereq' 'writeresp'>
ST_11 : Operation 96 [1/8] ( I:7.30ns O:7.30ns )   --->   "%g0_load_31_req = readreq i1 @_ssdm_op_ReadReq.m_axi.i32P1A, i32 %g0_addr_96, i64 1" [spikingformer_official.cpp:2199->spikingformer_official.cpp:2341]   --->   Operation 96 'readreq' 'g0_load_31_req' <Predicate = true> <Delay = 7.30> <CoreInst = "m_axi">   --->   Core 119 'm_axi' <Latency = 6> <II = 1> <Delay = 1.00> <Adapter> <Opcode : 'readrequnaligned' 'writerequnaligned' 'read' 'write' 'readreq' 'writereq' 'writeresp'>

State 12 <SV = 11> <Delay = 7.30>
ST_12 : Operation 97 [1/1] ( I:7.30ns O:7.30ns )   --->   "%g0_addr_96_read = read i32 @_ssdm_op_Read.m_axi.i32P1A, i32 %g0_addr_96" [spikingformer_official.cpp:2199->spikingformer_official.cpp:2341]   --->   Operation 97 'read' 'g0_addr_96_read' <Predicate = true> <Delay = 7.30> <CoreInst = "m_axi">   --->   Core 119 'm_axi' <Latency = 3> <II = 1> <Delay = 1.00> <Adapter> <Opcode : 'readrequnaligned' 'writerequnaligned' 'read' 'write' 'readreq' 'writereq' 'writeresp'>

State 13 <SV = 12> <Delay = 6.43>
ST_13 : Operation 98 [1/1] (0.00ns)   --->   "%v901 = bitcast i32 %g0_addr_95_read" [spikingformer_official.cpp:2198->spikingformer_official.cpp:2341]   --->   Operation 98 'bitcast' 'v901' <Predicate = true> <Delay = 0.00>
ST_13 : Operation 99 [1/1] (0.00ns)   --->   "%v902 = bitcast i32 %g0_addr_96_read" [spikingformer_official.cpp:2199->spikingformer_official.cpp:2341]   --->   Operation 99 'bitcast' 'v902' <Predicate = true> <Delay = 0.00>
ST_13 : Operation 100 [4/4] (6.43ns)   --->   "%v903 = fadd i32 %v901, i32 %v902" [spikingformer_official.cpp:2200->spikingformer_official.cpp:2341]   --->   Operation 100 'fadd' 'v903' <Predicate = true> <Delay = 6.43> <CoreInst = "FAddSub_fulldsp">   --->   Core 18 'FAddSub_fulldsp' <Latency = 3> <II = 1> <Delay = 6.43> <FuncUnit> <Opcode : 'fadd' 'fsub'> <InPorts = 2> <OutPorts = 1>

State 14 <SV = 13> <Delay = 6.43>
ST_14 : Operation 101 [3/4] (6.43ns)   --->   "%v903 = fadd i32 %v901, i32 %v902" [spikingformer_official.cpp:2200->spikingformer_official.cpp:2341]   --->   Operation 101 'fadd' 'v903' <Predicate = true> <Delay = 6.43> <CoreInst = "FAddSub_fulldsp">   --->   Core 18 'FAddSub_fulldsp' <Latency = 3> <II = 1> <Delay = 6.43> <FuncUnit> <Opcode : 'fadd' 'fsub'> <InPorts = 2> <OutPorts = 1>

State 15 <SV = 14> <Delay = 6.43>
ST_15 : Operation 102 [2/4] (6.43ns)   --->   "%v903 = fadd i32 %v901, i32 %v902" [spikingformer_official.cpp:2200->spikingformer_official.cpp:2341]   --->   Operation 102 'fadd' 'v903' <Predicate = true> <Delay = 6.43> <CoreInst = "FAddSub_fulldsp">   --->   Core 18 'FAddSub_fulldsp' <Latency = 3> <II = 1> <Delay = 6.43> <FuncUnit> <Opcode : 'fadd' 'fsub'> <InPorts = 2> <OutPorts = 1>
ST_15 : Operation 111 [1/1] (0.42ns)   --->   "%ret_ln0 = ret"   --->   Operation 111 'ret' 'ret_ln0' <Predicate = (icmp_ln2191)> <Delay = 0.42>

State 16 <SV = 15> <Delay = 6.43>
ST_16 : Operation 103 [1/4] (6.43ns)   --->   "%v903 = fadd i32 %v901, i32 %v902" [spikingformer_official.cpp:2200->spikingformer_official.cpp:2341]   --->   Operation 103 'fadd' 'v903' <Predicate = true> <Delay = 6.43> <CoreInst = "FAddSub_fulldsp">   --->   Core 18 'FAddSub_fulldsp' <Latency = 3> <II = 1> <Delay = 6.43> <FuncUnit> <Opcode : 'fadd' 'fsub'> <InPorts = 2> <OutPorts = 1>

State 17 <SV = 16> <Delay = 7.30>
ST_17 : Operation 104 [1/1] (0.00ns)   --->   "%g0_addr = getelementptr i32 %g0, i64 %sext_ln2265_cast" [spikingformer_official.cpp:2265->spikingformer_official.cpp:2330]   --->   Operation 104 'getelementptr' 'g0_addr' <Predicate = true> <Delay = 0.00>
ST_17 : Operation 105 [1/1] (0.00ns)   --->   "%specloopname_ln0 = specloopname void @_ssdm_op_SpecLoopName, void @VITIS_LOOP_2191_1_VITIS_LOOP_2192_2_VITIS_LOOP_2193_3_str"   --->   Operation 105 'specloopname' 'specloopname_ln0' <Predicate = true> <Delay = 0.00>
ST_17 : Operation 106 [1/1] (0.00ns)   --->   "%speclooptripcount_ln0 = speclooptripcount void @_ssdm_op_SpecLoopTripCount, i64 49152, i64 49152, i64 49152"   --->   Operation 106 'speclooptripcount' 'speclooptripcount_ln0' <Predicate = true> <Delay = 0.00>
ST_17 : Operation 107 [1/1] (0.00ns)   --->   "%specpipeline_ln2194 = specpipeline void @_ssdm_op_SpecPipeline, i32 1, i32 0, i32 0, i32 0, i32 4294967295, void @empty_35" [spikingformer_official.cpp:2194->spikingformer_official.cpp:2341]   --->   Operation 107 'specpipeline' 'specpipeline_ln2194' <Predicate = true> <Delay = 0.00>
ST_17 : Operation 108 [1/1] (0.00ns)   --->   "%bitcast_ln2201 = bitcast i32 %v903" [spikingformer_official.cpp:2201->spikingformer_official.cpp:2341]   --->   Operation 108 'bitcast' 'bitcast_ln2201' <Predicate = true> <Delay = 0.00>
ST_17 : Operation 109 [1/1] ( I:7.30ns O:7.30ns )   --->   "%write_ln2201 = write void @_ssdm_op_Write.m_axi.p1i32.i32, i32 %g0_addr, i32 %bitcast_ln2201, i4 15" [spikingformer_official.cpp:2201->spikingformer_official.cpp:2341]   --->   Operation 109 'write' 'write_ln2201' <Predicate = true> <Delay = 7.30> <CoreInst = "m_axi">   --->   Core 119 'm_axi' <Latency = 5> <II = 1> <Delay = 1.00> <Adapter> <Opcode : 'readrequnaligned' 'writerequnaligned' 'read' 'write' 'readreq' 'writereq' 'writeresp'>
ST_17 : Operation 110 [1/1] (0.00ns)   --->   "%br_ln2193 = br void %for.inc.i69" [spikingformer_official.cpp:2193->spikingformer_official.cpp:2341]   --->   Operation 110 'br' 'br_ln2193' <Predicate = true> <Delay = 0.00>


============================================================
+ Verbose Summary: Binding
============================================================
STG Binding: 
---------------- STG Properties BEGIN ----------------
- Is combinational: 0
- Is one-state seq: 0
- Is datapath-only: 0
- Is pipelined: 0
- Is top level: 0
Port [ Return ] is wired: 1; IO mode=ap_ctrl_hs:ce=0
Port [ g0]:  wired=1; compound=1; hidden=0; nouse=0; global=0; static=0; extern=0; dir=2; type=4; pingpong=0; private_global=0; IO mode=m_axi:ce=0
Port [ sext_ln2113]:  wired=1; compound=0; hidden=0; nouse=0; global=0; static=0; extern=0; dir=0; type=0; pingpong=0; private_global=0; IO mode=ap_none:ce=0
Port [ sext_ln2265]:  wired=1; compound=0; hidden=0; nouse=0; global=0; static=0; extern=0; dir=0; type=0; pingpong=0; private_global=0; IO mode=ap_none:ce=0
Port [ sext_ln2299]:  wired=1; compound=0; hidden=0; nouse=0; global=0; static=0; extern=0; dir=0; type=0; pingpong=0; private_global=0; IO mode=ap_none:ce=0
Port [ sext_ln2113_2]:  wired=1; compound=0; hidden=0; nouse=0; global=0; static=0; extern=0; dir=0; type=0; pingpong=0; private_global=0; IO mode=ap_none:ce=0
Port [ sext_ln2299_1]:  wired=1; compound=0; hidden=0; nouse=0; global=0; static=0; extern=0; dir=0; type=0; pingpong=0; private_global=0; IO mode=ap_none:ce=0
---------------- STG Properties END ------------------

---------------- Datapath Model BEGIN ----------------

<LifeTime>
<method=bitvector/>
v900                     (alloca           ) [ 011000000000000000]
v899                     (alloca           ) [ 011000000000000000]
indvar_flatten12782      (alloca           ) [ 011000000000000000]
v898                     (alloca           ) [ 011000000000000000]
indvar_flatten12793      (alloca           ) [ 011000000000000000]
sext_ln2299_1_read       (read             ) [ 000000000000000000]
sext_ln2113_2_read       (read             ) [ 000000000000000000]
sext_ln22999             (read             ) [ 000000000000000000]
sext_ln2265_read         (read             ) [ 000000000000000000]
sext_ln21137             (read             ) [ 000000000000000000]
sext_ln2299_1_cast       (sext             ) [ 001000000000000000]
sext_ln2113_2_cast       (sext             ) [ 001000000000000000]
sext_ln2265_cast         (sext             ) [ 011111111111111111]
specstablecontent_ln0    (specstablecontent) [ 000000000000000000]
specinterface_ln0        (specinterface    ) [ 000000000000000000]
store_ln0                (store            ) [ 000000000000000000]
store_ln2191             (store            ) [ 000000000000000000]
store_ln0                (store            ) [ 000000000000000000]
store_ln2192             (store            ) [ 000000000000000000]
store_ln2193             (store            ) [ 000000000000000000]
br_ln0                   (br               ) [ 000000000000000000]
indvar_flatten12793_load (load             ) [ 000000000000000000]
specbitsmap_ln0          (specbitsmap      ) [ 000000000000000000]
icmp_ln2191              (icmp             ) [ 011111111111111100]
add_ln2191_1             (add              ) [ 000000000000000000]
br_ln2191                (br               ) [ 000000000000000000]
v900_load                (load             ) [ 000000000000000000]
v899_load                (load             ) [ 000000000000000000]
indvar_flatten12782_load (load             ) [ 000000000000000000]
v898_load                (load             ) [ 000000000000000000]
add_ln2191               (add              ) [ 000000000000000000]
icmp_ln2192              (icmp             ) [ 000000000000000000]
select_ln2191            (select           ) [ 000000000000000000]
xor_ln2191               (xor              ) [ 000000000000000000]
icmp_ln2193              (icmp             ) [ 000000000000000000]
and_ln2191               (and              ) [ 000000000000000000]
select_ln2191_1          (select           ) [ 000000000000000000]
add_ln2192               (add              ) [ 000000000000000000]
or_ln2192                (or               ) [ 000000000000000000]
select_ln2192            (select           ) [ 000000000000000000]
select_ln2192_1          (select           ) [ 000000000000000000]
trunc_ln2193             (trunc            ) [ 000000000000000000]
shl_ln                   (bitconcatenate   ) [ 000000000000000000]
zext_ln2193              (zext             ) [ 000000000000000000]
tmp                      (bitconcatenate   ) [ 000000000000000000]
add_ln2195               (add              ) [ 000000000000000000]
zext_ln2195              (zext             ) [ 000000000000000000]
add_ln2198               (add              ) [ 000000000000000000]
sext_ln2198              (sext             ) [ 000000000000000000]
g0_addr_95               (getelementptr    ) [ 011111111111000000]
add_ln2199               (add              ) [ 000000000000000000]
sext_ln2199              (sext             ) [ 000000000000000000]
g0_addr_96               (getelementptr    ) [ 011111111111100000]
add_ln2193               (add              ) [ 000000000000000000]
add_ln2192_1             (add              ) [ 000000000000000000]
select_ln2192_2          (select           ) [ 000000000000000000]
store_ln2191             (store            ) [ 000000000000000000]
store_ln2191             (store            ) [ 000000000000000000]
store_ln2192             (store            ) [ 000000000000000000]
store_ln2192             (store            ) [ 000000000000000000]
store_ln2193             (store            ) [ 000000000000000000]
g0_load_30_req           (readreq          ) [ 000000000000000000]
g0_addr_95_read          (read             ) [ 011000000000110000]
g0_load_31_req           (readreq          ) [ 000000000000000000]
g0_addr_96_read          (read             ) [ 010000000000010000]
v901                     (bitcast          ) [ 011000000000001110]
v902                     (bitcast          ) [ 011000000000001110]
v903                     (fadd             ) [ 010000000000000001]
g0_addr                  (getelementptr    ) [ 000000000000000000]
specloopname_ln0         (specloopname     ) [ 000000000000000000]
speclooptripcount_ln0    (speclooptripcount) [ 000000000000000000]
specpipeline_ln2194      (specpipeline     ) [ 000000000000000000]
bitcast_ln2201           (bitcast          ) [ 000000000000000000]
write_ln2201             (write            ) [ 000000000000000000]
br_ln2193                (br               ) [ 000000000000000000]
ret_ln0                  (ret              ) [ 000000000000000000]
</LifeTime>

<model>

<comp_list>
<comp id="0" class="1000" name="g0">
<pin_list>
<pin id="1" dir="1" index="0" bw="1" slack="0"/>
</pin_list>
<bind>
<StgValue><ssdm name="g0"/><MemPortTyVec>2 </MemPortTyVec>
</StgValue>
</bind>
</comp>

<comp id="2" class="1000" name="sext_ln2113">
<pin_list>
<pin id="3" dir="1" index="0" bw="1" slack="0"/>
</pin_list>
<bind>
<StgValue><ssdm name="sext_ln2113"/></StgValue>
</bind>
</comp>

<comp id="4" class="1000" name="sext_ln2265">
<pin_list>
<pin id="5" dir="1" index="0" bw="1" slack="0"/>
</pin_list>
<bind>
<StgValue><ssdm name="sext_ln2265"/></StgValue>
</bind>
</comp>

<comp id="6" class="1000" name="sext_ln2299">
<pin_list>
<pin id="7" dir="1" index="0" bw="1" slack="0"/>
</pin_list>
<bind>
<StgValue><ssdm name="sext_ln2299"/></StgValue>
</bind>
</comp>

<comp id="8" class="1000" name="sext_ln2113_2">
<pin_list>
<pin id="9" dir="1" index="0" bw="1" slack="0"/>
</pin_list>
<bind>
<StgValue><ssdm name="sext_ln2113_2"/></StgValue>
</bind>
</comp>

<comp id="10" class="1000" name="sext_ln2299_1">
<pin_list>
<pin id="11" dir="1" index="0" bw="1" slack="0"/>
</pin_list>
<bind>
<StgValue><ssdm name="sext_ln2299_1"/></StgValue>
</bind>
</comp>

<comp id="12" class="1001" name="const_12">
<pin_list>
<pin id="13" dir="1" index="0" bw="1" slack="0"/>
</pin_list>
<bind>
<StgValue><ssdm name=""/></StgValue>
</bind>
</comp>

<comp id="14" class="1001" name="const_14">
<pin_list>
<pin id="15" dir="1" index="0" bw="1" slack="0"/>
</pin_list>
<bind>
<StgValue><ssdm name="_ssdm_op_Read.ap_auto.i62"/></StgValue>
</bind>
</comp>

<comp id="16" class="1001" name="const_16">
<pin_list>
<pin id="17" dir="1" index="0" bw="1" slack="2147483647"/>
</pin_list>
<bind>
<StgValue><ssdm name="_ssdm_op_SpecStableContent"/></StgValue>
</bind>
</comp>

<comp id="18" class="1001" name="const_18">
<pin_list>
<pin id="19" dir="1" index="0" bw="1" slack="0"/>
</pin_list>
<bind>
<StgValue><ssdm name=""/></StgValue>
</bind>
</comp>

<comp id="20" class="1001" name="const_20">
<pin_list>
<pin id="21" dir="1" index="0" bw="1" slack="2147483647"/>
</pin_list>
<bind>
<StgValue><ssdm name=""/></StgValue>
</bind>
</comp>

<comp id="22" class="1001" name="const_22">
<pin_list>
<pin id="23" dir="1" index="0" bw="1" slack="2147483647"/>
</pin_list>
<bind>
<StgValue><ssdm name="_ssdm_op_SpecInterface"/></StgValue>
</bind>
</comp>

<comp id="24" class="1001" name="const_24">
<pin_list>
<pin id="25" dir="1" index="0" bw="1" slack="2147483647"/>
</pin_list>
<bind>
<StgValue><ssdm name="empty_26"/></StgValue>
</bind>
</comp>

<comp id="26" class="1001" name="const_26">
<pin_list>
<pin id="27" dir="1" index="0" bw="1" slack="2147483647"/>
</pin_list>
<bind>
<StgValue><ssdm name=""/></StgValue>
</bind>
</comp>

<comp id="28" class="1001" name="const_28">
<pin_list>
<pin id="29" dir="1" index="0" bw="1" slack="2147483647"/>
</pin_list>
<bind>
<StgValue><ssdm name="empty_35"/></StgValue>
</bind>
</comp>

<comp id="30" class="1001" name="const_30">
<pin_list>
<pin id="31" dir="1" index="0" bw="1" slack="2147483647"/>
</pin_list>
<bind>
<StgValue><ssdm name="empty_22"/></StgValue>
</bind>
</comp>

<comp id="32" class="1001" name="const_32">
<pin_list>
<pin id="33" dir="1" index="0" bw="1" slack="2147483647"/>
</pin_list>
<bind>
<StgValue><ssdm name="empty_25"/></StgValue>
</bind>
</comp>

<comp id="34" class="1001" name="const_34">
<pin_list>
<pin id="35" dir="1" index="0" bw="1" slack="2147483647"/>
</pin_list>
<bind>
<StgValue><ssdm name=""/></StgValue>
</bind>
</comp>

<comp id="36" class="1001" name="const_36">
<pin_list>
<pin id="37" dir="1" index="0" bw="1" slack="2147483647"/>
</pin_list>
<bind>
<StgValue><ssdm name=""/></StgValue>
</bind>
</comp>

<comp id="38" class="1001" name="const_38">
<pin_list>
<pin id="39" dir="1" index="0" bw="1" slack="2147483647"/>
</pin_list>
<bind>
<StgValue><ssdm name=""/></StgValue>
</bind>
</comp>

<comp id="40" class="1001" name="const_40">
<pin_list>
<pin id="41" dir="1" index="0" bw="1" slack="0"/>
</pin_list>
<bind>
<StgValue><ssdm name=""/></StgValue>
</bind>
</comp>

<comp id="42" class="1001" name="const_42">
<pin_list>
<pin id="43" dir="1" index="0" bw="1" slack="0"/>
</pin_list>
<bind>
<StgValue><ssdm name=""/></StgValue>
</bind>
</comp>

<comp id="44" class="1001" name="const_44">
<pin_list>
<pin id="45" dir="1" index="0" bw="1" slack="0"/>
</pin_list>
<bind>
<StgValue><ssdm name=""/></StgValue>
</bind>
</comp>

<comp id="46" class="1001" name="const_46">
<pin_list>
<pin id="47" dir="1" index="0" bw="1" slack="2147483647"/>
</pin_list>
<bind>
<StgValue><ssdm name="_ssdm_op_SpecBitsMap"/></StgValue>
</bind>
</comp>

<comp id="48" class="1001" name="const_48">
<pin_list>
<pin id="49" dir="1" index="0" bw="1" slack="0"/>
</pin_list>
<bind>
<StgValue><ssdm name=""/></StgValue>
</bind>
</comp>

<comp id="50" class="1001" name="const_50">
<pin_list>
<pin id="51" dir="1" index="0" bw="1" slack="0"/>
</pin_list>
<bind>
<StgValue><ssdm name=""/></StgValue>
</bind>
</comp>

<comp id="52" class="1001" name="const_52">
<pin_list>
<pin id="53" dir="1" index="0" bw="1" slack="0"/>
</pin_list>
<bind>
<StgValue><ssdm name=""/></StgValue>
</bind>
</comp>

<comp id="54" class="1001" name="const_54">
<pin_list>
<pin id="55" dir="1" index="0" bw="1" slack="0"/>
</pin_list>
<bind>
<StgValue><ssdm name=""/></StgValue>
</bind>
</comp>

<comp id="56" class="1001" name="const_56">
<pin_list>
<pin id="57" dir="1" index="0" bw="1" slack="0"/>
</pin_list>
<bind>
<StgValue><ssdm name=""/></StgValue>
</bind>
</comp>

<comp id="58" class="1001" name="const_58">
<pin_list>
<pin id="59" dir="1" index="0" bw="1" slack="0"/>
</pin_list>
<bind>
<StgValue><ssdm name="_ssdm_op_BitConcatenate.i10.i5.i5"/></StgValue>
</bind>
</comp>

<comp id="60" class="1001" name="const_60">
<pin_list>
<pin id="61" dir="1" index="0" bw="1" slack="0"/>
</pin_list>
<bind>
<StgValue><ssdm name=""/></StgValue>
</bind>
</comp>

<comp id="62" class="1001" name="const_62">
<pin_list>
<pin id="63" dir="1" index="0" bw="1" slack="0"/>
</pin_list>
<bind>
<StgValue><ssdm name="_ssdm_op_BitConcatenate.i16.i6.i4.i6"/></StgValue>
</bind>
</comp>

<comp id="64" class="1001" name="const_64">
<pin_list>
<pin id="65" dir="1" index="0" bw="1" slack="0"/>
</pin_list>
<bind>
<StgValue><ssdm name=""/></StgValue>
</bind>
</comp>

<comp id="66" class="1001" name="const_66">
<pin_list>
<pin id="67" dir="1" index="0" bw="1" slack="0"/>
</pin_list>
<bind>
<StgValue><ssdm name=""/></StgValue>
</bind>
</comp>

<comp id="68" class="1001" name="const_68">
<pin_list>
<pin id="69" dir="1" index="0" bw="1" slack="0"/>
</pin_list>
<bind>
<StgValue><ssdm name="_ssdm_op_ReadReq.m_axi.i32P1A"/></StgValue>
</bind>
</comp>

<comp id="70" class="1001" name="const_70">
<pin_list>
<pin id="71" dir="1" index="0" bw="1" slack="0"/>
</pin_list>
<bind>
<StgValue><ssdm name=""/></StgValue>
</bind>
</comp>

<comp id="72" class="1001" name="const_72">
<pin_list>
<pin id="73" dir="1" index="0" bw="1" slack="0"/>
</pin_list>
<bind>
<StgValue><ssdm name="_ssdm_op_Read.m_axi.i32P1A"/></StgValue>
</bind>
</comp>

<comp id="74" class="1001" name="const_74">
<pin_list>
<pin id="75" dir="1" index="0" bw="1" slack="2147483647"/>
</pin_list>
<bind>
<StgValue><ssdm name="_ssdm_op_SpecLoopName"/></StgValue>
</bind>
</comp>

<comp id="76" class="1001" name="const_76">
<pin_list>
<pin id="77" dir="1" index="0" bw="1" slack="2147483647"/>
</pin_list>
<bind>
<StgValue><ssdm name="VITIS_LOOP_2191_1_VITIS_LOOP_2192_2_VITIS_LOOP_2193_3_str"/></StgValue>
</bind>
</comp>

<comp id="78" class="1001" name="const_78">
<pin_list>
<pin id="79" dir="1" index="0" bw="1" slack="2147483647"/>
</pin_list>
<bind>
<StgValue><ssdm name="_ssdm_op_SpecLoopTripCount"/></StgValue>
</bind>
</comp>

<comp id="80" class="1001" name="const_80">
<pin_list>
<pin id="81" dir="1" index="0" bw="1" slack="2147483647"/>
</pin_list>
<bind>
<StgValue><ssdm name=""/></StgValue>
</bind>
</comp>

<comp id="82" class="1001" name="const_82">
<pin_list>
<pin id="83" dir="1" index="0" bw="1" slack="2147483647"/>
</pin_list>
<bind>
<StgValue><ssdm name="_ssdm_op_SpecPipeline"/></StgValue>
</bind>
</comp>

<comp id="84" class="1001" name="const_84">
<pin_list>
<pin id="85" dir="1" index="0" bw="1" slack="0"/>
</pin_list>
<bind>
<StgValue><ssdm name="_ssdm_op_Write.m_axi.p1i32.i32"/></StgValue>
</bind>
</comp>

<comp id="86" class="1001" name="const_86">
<pin_list>
<pin id="87" dir="1" index="0" bw="1" slack="0"/>
</pin_list>
<bind>
<StgValue><ssdm name=""/></StgValue>
</bind>
</comp>

<comp id="88" class="1004" name="v900_fu_88">
<pin_list>
<pin id="89" dir="0" index="0" bw="1" slack="0"/>
<pin id="90" dir="1" index="1" bw="6" slack="0"/>
</pin_list>
<bind>
<opcode="alloca(26) " fcode="alloca"/>
<opset="v900/1 "/>
</bind>
</comp>

<comp id="92" class="1004" name="v899_fu_92">
<pin_list>
<pin id="93" dir="0" index="0" bw="1" slack="0"/>
<pin id="94" dir="1" index="1" bw="6" slack="0"/>
</pin_list>
<bind>
<opcode="alloca(26) " fcode="alloca"/>
<opset="v899/1 "/>
</bind>
</comp>

<comp id="96" class="1004" name="indvar_flatten12782_fu_96">
<pin_list>
<pin id="97" dir="0" index="0" bw="1" slack="0"/>
<pin id="98" dir="1" index="1" bw="12" slack="0"/>
</pin_list>
<bind>
<opcode="alloca(26) " fcode="alloca"/>
<opset="indvar_flatten12782/1 "/>
</bind>
</comp>

<comp id="100" class="1004" name="v898_fu_100">
<pin_list>
<pin id="101" dir="0" index="0" bw="1" slack="0"/>
<pin id="102" dir="1" index="1" bw="6" slack="0"/>
</pin_list>
<bind>
<opcode="alloca(26) " fcode="alloca"/>
<opset="v898/1 "/>
</bind>
</comp>

<comp id="104" class="1004" name="indvar_flatten12793_fu_104">
<pin_list>
<pin id="105" dir="0" index="0" bw="1" slack="0"/>
<pin id="106" dir="1" index="1" bw="16" slack="0"/>
</pin_list>
<bind>
<opcode="alloca(26) " fcode="alloca"/>
<opset="indvar_flatten12793/1 "/>
</bind>
</comp>

<comp id="108" class="1004" name="sext_ln2299_1_read_read_fu_108">
<pin_list>
<pin id="109" dir="0" index="0" bw="62" slack="0"/>
<pin id="110" dir="0" index="1" bw="62" slack="0"/>
<pin id="111" dir="1" index="2" bw="62" slack="0"/>
</pin_list>
<bind>
<opcode="read(1150) " fcode="read"/>
<opset="sext_ln2299_1_read/1 "/>
</bind>
</comp>

<comp id="114" class="1004" name="sext_ln2113_2_read_read_fu_114">
<pin_list>
<pin id="115" dir="0" index="0" bw="62" slack="0"/>
<pin id="116" dir="0" index="1" bw="62" slack="0"/>
<pin id="117" dir="1" index="2" bw="62" slack="0"/>
</pin_list>
<bind>
<opcode="read(1150) " fcode="read"/>
<opset="sext_ln2113_2_read/1 "/>
</bind>
</comp>

<comp id="120" class="1004" name="sext_ln22999_read_fu_120">
<pin_list>
<pin id="121" dir="0" index="0" bw="62" slack="0"/>
<pin id="122" dir="0" index="1" bw="62" slack="0"/>
<pin id="123" dir="1" index="2" bw="62" slack="2147483647"/>
</pin_list>
<bind>
<opcode="read(1150) " fcode="read"/>
<opset="sext_ln22999/1 "/>
</bind>
</comp>

<comp id="126" class="1004" name="sext_ln2265_read_read_fu_126">
<pin_list>
<pin id="127" dir="0" index="0" bw="62" slack="0"/>
<pin id="128" dir="0" index="1" bw="62" slack="0"/>
<pin id="129" dir="1" index="2" bw="62" slack="0"/>
</pin_list>
<bind>
<opcode="read(1150) " fcode="read"/>
<opset="sext_ln2265_read/1 "/>
</bind>
</comp>

<comp id="132" class="1004" name="sext_ln21137_read_fu_132">
<pin_list>
<pin id="133" dir="0" index="0" bw="62" slack="0"/>
<pin id="134" dir="0" index="1" bw="62" slack="0"/>
<pin id="135" dir="1" index="2" bw="62" slack="2147483647"/>
</pin_list>
<bind>
<opcode="read(1150) " fcode="read"/>
<opset="sext_ln21137/1 "/>
</bind>
</comp>

<comp id="138" class="1004" name="grp_readreq_fu_138">
<pin_list>
<pin id="139" dir="0" index="0" bw="1" slack="0"/>
<pin id="140" dir="0" index="1" bw="32" slack="1"/>
<pin id="141" dir="0" index="2" bw="1" slack="0"/>
<pin id="142" dir="1" index="3" bw="1" slack="2147483647"/>
</pin_list>
<bind>
<opcode="readreq(1154) " fcode="readreq"/>
<opset="g0_load_30_req/3 g0_load_31_req/4 "/>
</bind>
</comp>

<comp id="145" class="1004" name="grp_read_fu_145">
<pin_list>
<pin id="146" dir="0" index="0" bw="32" slack="0"/>
<pin id="147" dir="0" index="1" bw="32" slack="9"/>
<pin id="148" dir="1" index="2" bw="32" slack="1"/>
</pin_list>
<bind>
<opcode="read(1150) " fcode="read"/>
<opset="g0_addr_95_read/11 g0_addr_96_read/12 "/>
</bind>
</comp>

<comp id="150" class="1004" name="write_ln2201_write_fu_150">
<pin_list>
<pin id="151" dir="0" index="0" bw="0" slack="0"/>
<pin id="152" dir="0" index="1" bw="32" slack="0"/>
<pin id="153" dir="0" index="2" bw="32" slack="0"/>
<pin id="154" dir="0" index="3" bw="1" slack="0"/>
<pin id="155" dir="1" index="4" bw="0" slack="2147483647"/>
</pin_list>
<bind>
<opcode="write(1151) " fcode="write"/>
<opset="write_ln2201/17 "/>
</bind>
</comp>

<comp id="158" class="1004" name="grp_fu_158">
<pin_list>
<pin id="159" dir="0" index="0" bw="32" slack="0"/>
<pin id="160" dir="0" index="1" bw="32" slack="0"/>
<pin id="161" dir="1" index="2" bw="32" slack="1"/>
</pin_list>
<bind>
<opcode="fadd(9) " fcode="fadd"/>
<opset="v903/13 "/>
</bind>
</comp>

<comp id="162" class="1004" name="sext_ln2299_1_cast_fu_162">
<pin_list>
<pin id="163" dir="0" index="0" bw="62" slack="0"/>
<pin id="164" dir="1" index="1" bw="63" slack="1"/>
</pin_list>
<bind>
<opcode="sext(35) " fcode="sext"/>
<opset="sext_ln2299_1_cast/1 "/>
</bind>
</comp>

<comp id="166" class="1004" name="sext_ln2113_2_cast_fu_166">
<pin_list>
<pin id="167" dir="0" index="0" bw="62" slack="0"/>
<pin id="168" dir="1" index="1" bw="63" slack="1"/>
</pin_list>
<bind>
<opcode="sext(35) " fcode="sext"/>
<opset="sext_ln2113_2_cast/1 "/>
</bind>
</comp>

<comp id="170" class="1004" name="sext_ln2265_cast_fu_170">
<pin_list>
<pin id="171" dir="0" index="0" bw="62" slack="0"/>
<pin id="172" dir="1" index="1" bw="64" slack="16"/>
</pin_list>
<bind>
<opcode="sext(35) " fcode="sext"/>
<opset="sext_ln2265_cast/1 "/>
</bind>
</comp>

<comp id="174" class="1004" name="store_ln0_store_fu_174">
<pin_list>
<pin id="175" dir="0" index="0" bw="1" slack="0"/>
<pin id="176" dir="0" index="1" bw="16" slack="0"/>
<pin id="177" dir="1" index="2" bw="0" slack="2147483647"/>
</pin_list>
<bind>
<opcode="store(28) " fcode="store"/>
<opset="store_ln0/1 "/>
</bind>
</comp>

<comp id="179" class="1004" name="store_ln2191_store_fu_179">
<pin_list>
<pin id="180" dir="0" index="0" bw="1" slack="0"/>
<pin id="181" dir="0" index="1" bw="6" slack="0"/>
<pin id="182" dir="1" index="2" bw="0" slack="2147483647"/>
</pin_list>
<bind>
<opcode="store(28) " fcode="store"/>
<opset="store_ln2191/1 "/>
</bind>
</comp>

<comp id="184" class="1004" name="store_ln0_store_fu_184">
<pin_list>
<pin id="185" dir="0" index="0" bw="1" slack="0"/>
<pin id="186" dir="0" index="1" bw="12" slack="0"/>
<pin id="187" dir="1" index="2" bw="0" slack="2147483647"/>
</pin_list>
<bind>
<opcode="store(28) " fcode="store"/>
<opset="store_ln0/1 "/>
</bind>
</comp>

<comp id="189" class="1004" name="store_ln2192_store_fu_189">
<pin_list>
<pin id="190" dir="0" index="0" bw="1" slack="0"/>
<pin id="191" dir="0" index="1" bw="6" slack="0"/>
<pin id="192" dir="1" index="2" bw="0" slack="2147483647"/>
</pin_list>
<bind>
<opcode="store(28) " fcode="store"/>
<opset="store_ln2192/1 "/>
</bind>
</comp>

<comp id="194" class="1004" name="store_ln2193_store_fu_194">
<pin_list>
<pin id="195" dir="0" index="0" bw="1" slack="0"/>
<pin id="196" dir="0" index="1" bw="6" slack="0"/>
<pin id="197" dir="1" index="2" bw="0" slack="2147483647"/>
</pin_list>
<bind>
<opcode="store(28) " fcode="store"/>
<opset="store_ln2193/1 "/>
</bind>
</comp>

<comp id="199" class="1004" name="indvar_flatten12793_load_load_fu_199">
<pin_list>
<pin id="200" dir="0" index="0" bw="16" slack="1"/>
<pin id="201" dir="1" index="1" bw="16" slack="0"/>
</pin_list>
<bind>
<opcode="load(27) " fcode="load"/>
<opset="indvar_flatten12793_load/2 "/>
</bind>
</comp>

<comp id="202" class="1004" name="icmp_ln2191_fu_202">
<pin_list>
<pin id="203" dir="0" index="0" bw="16" slack="0"/>
<pin id="204" dir="0" index="1" bw="15" slack="0"/>
<pin id="205" dir="1" index="2" bw="1" slack="1"/>
</pin_list>
<bind>
<opcode="icmp(45) " fcode="icmp"/>
<opset="icmp_ln2191/2 "/>
</bind>
</comp>

<comp id="208" class="1004" name="add_ln2191_1_fu_208">
<pin_list>
<pin id="209" dir="0" index="0" bw="16" slack="0"/>
<pin id="210" dir="0" index="1" bw="1" slack="0"/>
<pin id="211" dir="1" index="2" bw="16" slack="0"/>
</pin_list>
<bind>
<opcode="add(8) " fcode="add"/>
<opset="add_ln2191_1/2 "/>
</bind>
</comp>

<comp id="214" class="1004" name="v900_load_load_fu_214">
<pin_list>
<pin id="215" dir="0" index="0" bw="6" slack="1"/>
<pin id="216" dir="1" index="1" bw="6" slack="0"/>
</pin_list>
<bind>
<opcode="load(27) " fcode="load"/>
<opset="v900_load/2 "/>
</bind>
</comp>

<comp id="217" class="1004" name="v899_load_load_fu_217">
<pin_list>
<pin id="218" dir="0" index="0" bw="6" slack="1"/>
<pin id="219" dir="1" index="1" bw="6" slack="0"/>
</pin_list>
<bind>
<opcode="load(27) " fcode="load"/>
<opset="v899_load/2 "/>
</bind>
</comp>

<comp id="220" class="1004" name="indvar_flatten12782_load_load_fu_220">
<pin_list>
<pin id="221" dir="0" index="0" bw="12" slack="1"/>
<pin id="222" dir="1" index="1" bw="12" slack="0"/>
</pin_list>
<bind>
<opcode="load(27) " fcode="load"/>
<opset="indvar_flatten12782_load/2 "/>
</bind>
</comp>

<comp id="223" class="1004" name="v898_load_load_fu_223">
<pin_list>
<pin id="224" dir="0" index="0" bw="6" slack="1"/>
<pin id="225" dir="1" index="1" bw="6" slack="0"/>
</pin_list>
<bind>
<opcode="load(27) " fcode="load"/>
<opset="v898_load/2 "/>
</bind>
</comp>

<comp id="226" class="1004" name="add_ln2191_fu_226">
<pin_list>
<pin id="227" dir="0" index="0" bw="6" slack="0"/>
<pin id="228" dir="0" index="1" bw="1" slack="0"/>
<pin id="229" dir="1" index="2" bw="6" slack="0"/>
</pin_list>
<bind>
<opcode="add(8) " fcode="add"/>
<opset="add_ln2191/2 "/>
</bind>
</comp>

<comp id="232" class="1004" name="icmp_ln2192_fu_232">
<pin_list>
<pin id="233" dir="0" index="0" bw="12" slack="0"/>
<pin id="234" dir="0" index="1" bw="12" slack="0"/>
<pin id="235" dir="1" index="2" bw="1" slack="0"/>
</pin_list>
<bind>
<opcode="icmp(45) " fcode="icmp"/>
<opset="icmp_ln2192/2 "/>
</bind>
</comp>

<comp id="238" class="1004" name="select_ln2191_fu_238">
<pin_list>
<pin id="239" dir="0" index="0" bw="1" slack="0"/>
<pin id="240" dir="0" index="1" bw="1" slack="0"/>
<pin id="241" dir="0" index="2" bw="6" slack="0"/>
<pin id="242" dir="1" index="3" bw="6" slack="0"/>
</pin_list>
<bind>
<opcode="select(49) " fcode="select"/>
<opset="select_ln2191/2 "/>
</bind>
</comp>

<comp id="246" class="1004" name="xor_ln2191_fu_246">
<pin_list>
<pin id="247" dir="0" index="0" bw="1" slack="0"/>
<pin id="248" dir="0" index="1" bw="1" slack="0"/>
<pin id="249" dir="1" index="2" bw="1" slack="0"/>
</pin_list>
<bind>
<opcode="xor(25) " fcode="xor"/>
<opset="xor_ln2191/2 "/>
</bind>
</comp>

<comp id="252" class="1004" name="icmp_ln2193_fu_252">
<pin_list>
<pin id="253" dir="0" index="0" bw="6" slack="0"/>
<pin id="254" dir="0" index="1" bw="6" slack="0"/>
<pin id="255" dir="1" index="2" bw="1" slack="0"/>
</pin_list>
<bind>
<opcode="icmp(45) " fcode="icmp"/>
<opset="icmp_ln2193/2 "/>
</bind>
</comp>

<comp id="258" class="1004" name="and_ln2191_fu_258">
<pin_list>
<pin id="259" dir="0" index="0" bw="1" slack="0"/>
<pin id="260" dir="0" index="1" bw="1" slack="0"/>
<pin id="261" dir="1" index="2" bw="1" slack="0"/>
</pin_list>
<bind>
<opcode="and(23) " fcode="and"/>
<opset="and_ln2191/2 "/>
</bind>
</comp>

<comp id="264" class="1004" name="select_ln2191_1_fu_264">
<pin_list>
<pin id="265" dir="0" index="0" bw="1" slack="0"/>
<pin id="266" dir="0" index="1" bw="6" slack="0"/>
<pin id="267" dir="0" index="2" bw="6" slack="0"/>
<pin id="268" dir="1" index="3" bw="6" slack="0"/>
</pin_list>
<bind>
<opcode="select(49) " fcode="select"/>
<opset="select_ln2191_1/2 "/>
</bind>
</comp>

<comp id="272" class="1004" name="add_ln2192_fu_272">
<pin_list>
<pin id="273" dir="0" index="0" bw="6" slack="0"/>
<pin id="274" dir="0" index="1" bw="1" slack="0"/>
<pin id="275" dir="1" index="2" bw="6" slack="0"/>
</pin_list>
<bind>
<opcode="add(8) " fcode="add"/>
<opset="add_ln2192/2 "/>
</bind>
</comp>

<comp id="278" class="1004" name="or_ln2192_fu_278">
<pin_list>
<pin id="279" dir="0" index="0" bw="1" slack="0"/>
<pin id="280" dir="0" index="1" bw="1" slack="0"/>
<pin id="281" dir="1" index="2" bw="1" slack="0"/>
</pin_list>
<bind>
<opcode="or(24) " fcode="or"/>
<opset="or_ln2192/2 "/>
</bind>
</comp>

<comp id="284" class="1004" name="select_ln2192_fu_284">
<pin_list>
<pin id="285" dir="0" index="0" bw="1" slack="0"/>
<pin id="286" dir="0" index="1" bw="1" slack="0"/>
<pin id="287" dir="0" index="2" bw="6" slack="0"/>
<pin id="288" dir="1" index="3" bw="6" slack="0"/>
</pin_list>
<bind>
<opcode="select(49) " fcode="select"/>
<opset="select_ln2192/2 "/>
</bind>
</comp>

<comp id="292" class="1004" name="select_ln2192_1_fu_292">
<pin_list>
<pin id="293" dir="0" index="0" bw="1" slack="0"/>
<pin id="294" dir="0" index="1" bw="6" slack="0"/>
<pin id="295" dir="0" index="2" bw="6" slack="0"/>
<pin id="296" dir="1" index="3" bw="6" slack="0"/>
</pin_list>
<bind>
<opcode="select(49) " fcode="select"/>
<opset="select_ln2192_1/2 "/>
</bind>
</comp>

<comp id="300" class="1004" name="trunc_ln2193_fu_300">
<pin_list>
<pin id="301" dir="0" index="0" bw="6" slack="0"/>
<pin id="302" dir="1" index="1" bw="5" slack="0"/>
</pin_list>
<bind>
<opcode="trunc(33) " fcode="trunc"/>
<opset="trunc_ln2193/2 "/>
</bind>
</comp>

<comp id="304" class="1004" name="shl_ln_fu_304">
<pin_list>
<pin id="305" dir="0" index="0" bw="10" slack="0"/>
<pin id="306" dir="0" index="1" bw="5" slack="0"/>
<pin id="307" dir="0" index="2" bw="1" slack="0"/>
<pin id="308" dir="1" index="3" bw="10" slack="0"/>
</pin_list>
<bind>
<opcode="bitconcatenate(1004) " fcode="bitconcatenate"/>
<opset="shl_ln/2 "/>
</bind>
</comp>

<comp id="312" class="1004" name="zext_ln2193_fu_312">
<pin_list>
<pin id="313" dir="0" index="0" bw="10" slack="0"/>
<pin id="314" dir="1" index="1" bw="16" slack="0"/>
</pin_list>
<bind>
<opcode="zext(34) " fcode="zext"/>
<opset="zext_ln2193/2 "/>
</bind>
</comp>

<comp id="316" class="1004" name="tmp_fu_316">
<pin_list>
<pin id="317" dir="0" index="0" bw="16" slack="0"/>
<pin id="318" dir="0" index="1" bw="6" slack="0"/>
<pin id="319" dir="0" index="2" bw="1" slack="0"/>
<pin id="320" dir="0" index="3" bw="6" slack="0"/>
<pin id="321" dir="1" index="4" bw="16" slack="0"/>
</pin_list>
<bind>
<opcode="bitconcatenate(1004) " fcode="bitconcatenate"/>
<opset="tmp/2 "/>
</bind>
</comp>

<comp id="326" class="1004" name="add_ln2195_fu_326">
<pin_list>
<pin id="327" dir="0" index="0" bw="16" slack="0"/>
<pin id="328" dir="0" index="1" bw="10" slack="0"/>
<pin id="329" dir="1" index="2" bw="16" slack="0"/>
</pin_list>
<bind>
<opcode="add(8) " fcode="add"/>
<opset="add_ln2195/2 "/>
</bind>
</comp>

<comp id="332" class="1004" name="zext_ln2195_fu_332">
<pin_list>
<pin id="333" dir="0" index="0" bw="16" slack="0"/>
<pin id="334" dir="1" index="1" bw="63" slack="0"/>
</pin_list>
<bind>
<opcode="zext(34) " fcode="zext"/>
<opset="zext_ln2195/2 "/>
</bind>
</comp>

<comp id="336" class="1004" name="add_ln2198_fu_336">
<pin_list>
<pin id="337" dir="0" index="0" bw="16" slack="0"/>
<pin id="338" dir="0" index="1" bw="62" slack="1"/>
<pin id="339" dir="1" index="2" bw="63" slack="0"/>
</pin_list>
<bind>
<opcode="add(8) " fcode="add"/>
<opset="add_ln2198/2 "/>
</bind>
</comp>

<comp id="341" class="1004" name="sext_ln2198_fu_341">
<pin_list>
<pin id="342" dir="0" index="0" bw="63" slack="0"/>
<pin id="343" dir="1" index="1" bw="64" slack="0"/>
</pin_list>
<bind>
<opcode="sext(35) " fcode="sext"/>
<opset="sext_ln2198/2 "/>
</bind>
</comp>

<comp id="345" class="1004" name="g0_addr_95_fu_345">
<pin_list>
<pin id="346" dir="0" index="0" bw="32" slack="0"/>
<pin id="347" dir="0" index="1" bw="63" slack="0"/>
<pin id="348" dir="1" index="2" bw="32" slack="1"/>
</pin_list>
<bind>
<opcode="getelementptr(29) " fcode="getelementptr"/>
<opset="g0_addr_95/2 "/>
</bind>
</comp>

<comp id="351" class="1004" name="add_ln2199_fu_351">
<pin_list>
<pin id="352" dir="0" index="0" bw="16" slack="0"/>
<pin id="353" dir="0" index="1" bw="62" slack="1"/>
<pin id="354" dir="1" index="2" bw="63" slack="0"/>
</pin_list>
<bind>
<opcode="add(8) " fcode="add"/>
<opset="add_ln2199/2 "/>
</bind>
</comp>

<comp id="356" class="1004" name="sext_ln2199_fu_356">
<pin_list>
<pin id="357" dir="0" index="0" bw="63" slack="0"/>
<pin id="358" dir="1" index="1" bw="64" slack="0"/>
</pin_list>
<bind>
<opcode="sext(35) " fcode="sext"/>
<opset="sext_ln2199/2 "/>
</bind>
</comp>

<comp id="360" class="1004" name="g0_addr_96_fu_360">
<pin_list>
<pin id="361" dir="0" index="0" bw="32" slack="0"/>
<pin id="362" dir="0" index="1" bw="63" slack="0"/>
<pin id="363" dir="1" index="2" bw="32" slack="2"/>
</pin_list>
<bind>
<opcode="getelementptr(29) " fcode="getelementptr"/>
<opset="g0_addr_96/2 "/>
</bind>
</comp>

<comp id="366" class="1004" name="add_ln2193_fu_366">
<pin_list>
<pin id="367" dir="0" index="0" bw="6" slack="0"/>
<pin id="368" dir="0" index="1" bw="1" slack="0"/>
<pin id="369" dir="1" index="2" bw="6" slack="0"/>
</pin_list>
<bind>
<opcode="add(8) " fcode="add"/>
<opset="add_ln2193/2 "/>
</bind>
</comp>

<comp id="372" class="1004" name="add_ln2192_1_fu_372">
<pin_list>
<pin id="373" dir="0" index="0" bw="12" slack="0"/>
<pin id="374" dir="0" index="1" bw="1" slack="0"/>
<pin id="375" dir="1" index="2" bw="12" slack="0"/>
</pin_list>
<bind>
<opcode="add(8) " fcode="add"/>
<opset="add_ln2192_1/2 "/>
</bind>
</comp>

<comp id="378" class="1004" name="select_ln2192_2_fu_378">
<pin_list>
<pin id="379" dir="0" index="0" bw="1" slack="0"/>
<pin id="380" dir="0" index="1" bw="1" slack="0"/>
<pin id="381" dir="0" index="2" bw="12" slack="0"/>
<pin id="382" dir="1" index="3" bw="12" slack="0"/>
</pin_list>
<bind>
<opcode="select(49) " fcode="select"/>
<opset="select_ln2192_2/2 "/>
</bind>
</comp>

<comp id="386" class="1004" name="store_ln2191_store_fu_386">
<pin_list>
<pin id="387" dir="0" index="0" bw="16" slack="0"/>
<pin id="388" dir="0" index="1" bw="16" slack="1"/>
<pin id="389" dir="1" index="2" bw="0" slack="2147483647"/>
</pin_list>
<bind>
<opcode="store(28) " fcode="store"/>
<opset="store_ln2191/2 "/>
</bind>
</comp>

<comp id="391" class="1004" name="store_ln2191_store_fu_391">
<pin_list>
<pin id="392" dir="0" index="0" bw="6" slack="0"/>
<pin id="393" dir="0" index="1" bw="6" slack="1"/>
<pin id="394" dir="1" index="2" bw="0" slack="2147483647"/>
</pin_list>
<bind>
<opcode="store(28) " fcode="store"/>
<opset="store_ln2191/2 "/>
</bind>
</comp>

<comp id="396" class="1004" name="store_ln2192_store_fu_396">
<pin_list>
<pin id="397" dir="0" index="0" bw="12" slack="0"/>
<pin id="398" dir="0" index="1" bw="12" slack="1"/>
<pin id="399" dir="1" index="2" bw="0" slack="2147483647"/>
</pin_list>
<bind>
<opcode="store(28) " fcode="store"/>
<opset="store_ln2192/2 "/>
</bind>
</comp>

<comp id="401" class="1004" name="store_ln2192_store_fu_401">
<pin_list>
<pin id="402" dir="0" index="0" bw="6" slack="0"/>
<pin id="403" dir="0" index="1" bw="6" slack="1"/>
<pin id="404" dir="1" index="2" bw="0" slack="2147483647"/>
</pin_list>
<bind>
<opcode="store(28) " fcode="store"/>
<opset="store_ln2192/2 "/>
</bind>
</comp>

<comp id="406" class="1004" name="store_ln2193_store_fu_406">
<pin_list>
<pin id="407" dir="0" index="0" bw="6" slack="0"/>
<pin id="408" dir="0" index="1" bw="6" slack="1"/>
<pin id="409" dir="1" index="2" bw="0" slack="2147483647"/>
</pin_list>
<bind>
<opcode="store(28) " fcode="store"/>
<opset="store_ln2193/2 "/>
</bind>
</comp>

<comp id="411" class="1004" name="v901_fu_411">
<pin_list>
<pin id="412" dir="0" index="0" bw="32" slack="2"/>
<pin id="413" dir="1" index="1" bw="32" slack="0"/>
</pin_list>
<bind>
<opcode="bitcast(44) " fcode="bitcast"/>
<opset="v901/13 "/>
</bind>
</comp>

<comp id="415" class="1004" name="v902_fu_415">
<pin_list>
<pin id="416" dir="0" index="0" bw="32" slack="1"/>
<pin id="417" dir="1" index="1" bw="32" slack="0"/>
</pin_list>
<bind>
<opcode="bitcast(44) " fcode="bitcast"/>
<opset="v902/13 "/>
</bind>
</comp>

<comp id="419" class="1004" name="g0_addr_fu_419">
<pin_list>
<pin id="420" dir="0" index="0" bw="32" slack="0"/>
<pin id="421" dir="0" index="1" bw="62" slack="16"/>
<pin id="422" dir="1" index="2" bw="32" slack="0"/>
</pin_list>
<bind>
<opcode="getelementptr(29) " fcode="getelementptr"/>
<opset="g0_addr/17 "/>
</bind>
</comp>

<comp id="425" class="1004" name="bitcast_ln2201_fu_425">
<pin_list>
<pin id="426" dir="0" index="0" bw="32" slack="1"/>
<pin id="427" dir="1" index="1" bw="32" slack="0"/>
</pin_list>
<bind>
<opcode="bitcast(44) " fcode="bitcast"/>
<opset="bitcast_ln2201/17 "/>
</bind>
</comp>

<comp id="429" class="1005" name="v900_reg_429">
<pin_list>
<pin id="430" dir="0" index="0" bw="6" slack="0"/>
<pin id="431" dir="1" index="1" bw="6" slack="0"/>
</pin_list>
<bind>
<opset="v900 "/>
</bind>
</comp>

<comp id="436" class="1005" name="v899_reg_436">
<pin_list>
<pin id="437" dir="0" index="0" bw="6" slack="0"/>
<pin id="438" dir="1" index="1" bw="6" slack="0"/>
</pin_list>
<bind>
<opset="v899 "/>
</bind>
</comp>

<comp id="443" class="1005" name="indvar_flatten12782_reg_443">
<pin_list>
<pin id="444" dir="0" index="0" bw="12" slack="0"/>
<pin id="445" dir="1" index="1" bw="12" slack="0"/>
</pin_list>
<bind>
<opset="indvar_flatten12782 "/>
</bind>
</comp>

<comp id="450" class="1005" name="v898_reg_450">
<pin_list>
<pin id="451" dir="0" index="0" bw="6" slack="0"/>
<pin id="452" dir="1" index="1" bw="6" slack="0"/>
</pin_list>
<bind>
<opset="v898 "/>
</bind>
</comp>

<comp id="457" class="1005" name="indvar_flatten12793_reg_457">
<pin_list>
<pin id="458" dir="0" index="0" bw="16" slack="0"/>
<pin id="459" dir="1" index="1" bw="16" slack="0"/>
</pin_list>
<bind>
<opset="indvar_flatten12793 "/>
</bind>
</comp>

<comp id="464" class="1005" name="sext_ln2299_1_cast_reg_464">
<pin_list>
<pin id="465" dir="0" index="0" bw="63" slack="1"/>
<pin id="466" dir="1" index="1" bw="63" slack="1"/>
</pin_list>
<bind>
<opset="sext_ln2299_1_cast "/>
</bind>
</comp>

<comp id="469" class="1005" name="sext_ln2113_2_cast_reg_469">
<pin_list>
<pin id="470" dir="0" index="0" bw="63" slack="1"/>
<pin id="471" dir="1" index="1" bw="63" slack="1"/>
</pin_list>
<bind>
<opset="sext_ln2113_2_cast "/>
</bind>
</comp>

<comp id="474" class="1005" name="sext_ln2265_cast_reg_474">
<pin_list>
<pin id="475" dir="0" index="0" bw="64" slack="16"/>
<pin id="476" dir="1" index="1" bw="64" slack="16"/>
</pin_list>
<bind>
<opset="sext_ln2265_cast "/>
</bind>
</comp>

<comp id="479" class="1005" name="icmp_ln2191_reg_479">
<pin_list>
<pin id="480" dir="0" index="0" bw="1" slack="1"/>
<pin id="481" dir="1" index="1" bw="1" slack="2147483647"/>
</pin_list>
<bind>
<opset="icmp_ln2191 "/>
</bind>
</comp>

<comp id="483" class="1005" name="g0_addr_95_reg_483">
<pin_list>
<pin id="484" dir="0" index="0" bw="32" slack="1"/>
<pin id="485" dir="1" index="1" bw="32" slack="1"/>
</pin_list>
<bind>
<opset="g0_addr_95 "/>
</bind>
</comp>

<comp id="489" class="1005" name="g0_addr_96_reg_489">
<pin_list>
<pin id="490" dir="0" index="0" bw="32" slack="2"/>
<pin id="491" dir="1" index="1" bw="32" slack="2"/>
</pin_list>
<bind>
<opset="g0_addr_96 "/>
</bind>
</comp>

<comp id="495" class="1005" name="g0_addr_95_read_reg_495">
<pin_list>
<pin id="496" dir="0" index="0" bw="32" slack="2"/>
<pin id="497" dir="1" index="1" bw="32" slack="2"/>
</pin_list>
<bind>
<opset="g0_addr_95_read "/>
</bind>
</comp>

<comp id="500" class="1005" name="g0_addr_96_read_reg_500">
<pin_list>
<pin id="501" dir="0" index="0" bw="32" slack="1"/>
<pin id="502" dir="1" index="1" bw="32" slack="1"/>
</pin_list>
<bind>
<opset="g0_addr_96_read "/>
</bind>
</comp>

<comp id="505" class="1005" name="v901_reg_505">
<pin_list>
<pin id="506" dir="0" index="0" bw="32" slack="1"/>
<pin id="507" dir="1" index="1" bw="32" slack="1"/>
</pin_list>
<bind>
<opset="v901 "/>
</bind>
</comp>

<comp id="510" class="1005" name="v902_reg_510">
<pin_list>
<pin id="511" dir="0" index="0" bw="32" slack="1"/>
<pin id="512" dir="1" index="1" bw="32" slack="1"/>
</pin_list>
<bind>
<opset="v902 "/>
</bind>
</comp>

<comp id="515" class="1005" name="v903_reg_515">
<pin_list>
<pin id="516" dir="0" index="0" bw="32" slack="1"/>
<pin id="517" dir="1" index="1" bw="32" slack="1"/>
</pin_list>
<bind>
<opset="v903 "/>
</bind>
</comp>

</comp_list>

<net_list>
<net id="91"><net_src comp="12" pin="0"/><net_sink comp="88" pin=0"/></net>

<net id="95"><net_src comp="12" pin="0"/><net_sink comp="92" pin=0"/></net>

<net id="99"><net_src comp="12" pin="0"/><net_sink comp="96" pin=0"/></net>

<net id="103"><net_src comp="12" pin="0"/><net_sink comp="100" pin=0"/></net>

<net id="107"><net_src comp="12" pin="0"/><net_sink comp="104" pin=0"/></net>

<net id="112"><net_src comp="14" pin="0"/><net_sink comp="108" pin=0"/></net>

<net id="113"><net_src comp="10" pin="0"/><net_sink comp="108" pin=1"/></net>

<net id="118"><net_src comp="14" pin="0"/><net_sink comp="114" pin=0"/></net>

<net id="119"><net_src comp="8" pin="0"/><net_sink comp="114" pin=1"/></net>

<net id="124"><net_src comp="14" pin="0"/><net_sink comp="120" pin=0"/></net>

<net id="125"><net_src comp="6" pin="0"/><net_sink comp="120" pin=1"/></net>

<net id="130"><net_src comp="14" pin="0"/><net_sink comp="126" pin=0"/></net>

<net id="131"><net_src comp="4" pin="0"/><net_sink comp="126" pin=1"/></net>

<net id="136"><net_src comp="14" pin="0"/><net_sink comp="132" pin=0"/></net>

<net id="137"><net_src comp="2" pin="0"/><net_sink comp="132" pin=1"/></net>

<net id="143"><net_src comp="68" pin="0"/><net_sink comp="138" pin=0"/></net>

<net id="144"><net_src comp="70" pin="0"/><net_sink comp="138" pin=2"/></net>

<net id="149"><net_src comp="72" pin="0"/><net_sink comp="145" pin=0"/></net>

<net id="156"><net_src comp="84" pin="0"/><net_sink comp="150" pin=0"/></net>

<net id="157"><net_src comp="86" pin="0"/><net_sink comp="150" pin=3"/></net>

<net id="165"><net_src comp="108" pin="2"/><net_sink comp="162" pin=0"/></net>

<net id="169"><net_src comp="114" pin="2"/><net_sink comp="166" pin=0"/></net>

<net id="173"><net_src comp="126" pin="2"/><net_sink comp="170" pin=0"/></net>

<net id="178"><net_src comp="40" pin="0"/><net_sink comp="174" pin=0"/></net>

<net id="183"><net_src comp="42" pin="0"/><net_sink comp="179" pin=0"/></net>

<net id="188"><net_src comp="44" pin="0"/><net_sink comp="184" pin=0"/></net>

<net id="193"><net_src comp="42" pin="0"/><net_sink comp="189" pin=0"/></net>

<net id="198"><net_src comp="42" pin="0"/><net_sink comp="194" pin=0"/></net>

<net id="206"><net_src comp="199" pin="1"/><net_sink comp="202" pin=0"/></net>

<net id="207"><net_src comp="48" pin="0"/><net_sink comp="202" pin=1"/></net>

<net id="212"><net_src comp="199" pin="1"/><net_sink comp="208" pin=0"/></net>

<net id="213"><net_src comp="50" pin="0"/><net_sink comp="208" pin=1"/></net>

<net id="230"><net_src comp="223" pin="1"/><net_sink comp="226" pin=0"/></net>

<net id="231"><net_src comp="52" pin="0"/><net_sink comp="226" pin=1"/></net>

<net id="236"><net_src comp="220" pin="1"/><net_sink comp="232" pin=0"/></net>

<net id="237"><net_src comp="54" pin="0"/><net_sink comp="232" pin=1"/></net>

<net id="243"><net_src comp="232" pin="2"/><net_sink comp="238" pin=0"/></net>

<net id="244"><net_src comp="42" pin="0"/><net_sink comp="238" pin=1"/></net>

<net id="245"><net_src comp="217" pin="1"/><net_sink comp="238" pin=2"/></net>

<net id="250"><net_src comp="232" pin="2"/><net_sink comp="246" pin=0"/></net>

<net id="251"><net_src comp="18" pin="0"/><net_sink comp="246" pin=1"/></net>

<net id="256"><net_src comp="214" pin="1"/><net_sink comp="252" pin=0"/></net>

<net id="257"><net_src comp="56" pin="0"/><net_sink comp="252" pin=1"/></net>

<net id="262"><net_src comp="252" pin="2"/><net_sink comp="258" pin=0"/></net>

<net id="263"><net_src comp="246" pin="2"/><net_sink comp="258" pin=1"/></net>

<net id="269"><net_src comp="232" pin="2"/><net_sink comp="264" pin=0"/></net>

<net id="270"><net_src comp="226" pin="2"/><net_sink comp="264" pin=1"/></net>

<net id="271"><net_src comp="223" pin="1"/><net_sink comp="264" pin=2"/></net>

<net id="276"><net_src comp="238" pin="3"/><net_sink comp="272" pin=0"/></net>

<net id="277"><net_src comp="52" pin="0"/><net_sink comp="272" pin=1"/></net>

<net id="282"><net_src comp="258" pin="2"/><net_sink comp="278" pin=0"/></net>

<net id="283"><net_src comp="232" pin="2"/><net_sink comp="278" pin=1"/></net>

<net id="289"><net_src comp="278" pin="2"/><net_sink comp="284" pin=0"/></net>

<net id="290"><net_src comp="42" pin="0"/><net_sink comp="284" pin=1"/></net>

<net id="291"><net_src comp="214" pin="1"/><net_sink comp="284" pin=2"/></net>

<net id="297"><net_src comp="258" pin="2"/><net_sink comp="292" pin=0"/></net>

<net id="298"><net_src comp="272" pin="2"/><net_sink comp="292" pin=1"/></net>

<net id="299"><net_src comp="238" pin="3"/><net_sink comp="292" pin=2"/></net>

<net id="303"><net_src comp="292" pin="3"/><net_sink comp="300" pin=0"/></net>

<net id="309"><net_src comp="58" pin="0"/><net_sink comp="304" pin=0"/></net>

<net id="310"><net_src comp="300" pin="1"/><net_sink comp="304" pin=1"/></net>

<net id="311"><net_src comp="60" pin="0"/><net_sink comp="304" pin=2"/></net>

<net id="315"><net_src comp="304" pin="3"/><net_sink comp="312" pin=0"/></net>

<net id="322"><net_src comp="62" pin="0"/><net_sink comp="316" pin=0"/></net>

<net id="323"><net_src comp="264" pin="3"/><net_sink comp="316" pin=1"/></net>

<net id="324"><net_src comp="64" pin="0"/><net_sink comp="316" pin=2"/></net>

<net id="325"><net_src comp="284" pin="3"/><net_sink comp="316" pin=3"/></net>

<net id="330"><net_src comp="316" pin="4"/><net_sink comp="326" pin=0"/></net>

<net id="331"><net_src comp="312" pin="1"/><net_sink comp="326" pin=1"/></net>

<net id="335"><net_src comp="326" pin="2"/><net_sink comp="332" pin=0"/></net>

<net id="340"><net_src comp="332" pin="1"/><net_sink comp="336" pin=0"/></net>

<net id="344"><net_src comp="336" pin="2"/><net_sink comp="341" pin=0"/></net>

<net id="349"><net_src comp="0" pin="0"/><net_sink comp="345" pin=0"/></net>

<net id="350"><net_src comp="341" pin="1"/><net_sink comp="345" pin=1"/></net>

<net id="355"><net_src comp="332" pin="1"/><net_sink comp="351" pin=0"/></net>

<net id="359"><net_src comp="351" pin="2"/><net_sink comp="356" pin=0"/></net>

<net id="364"><net_src comp="0" pin="0"/><net_sink comp="360" pin=0"/></net>

<net id="365"><net_src comp="356" pin="1"/><net_sink comp="360" pin=1"/></net>

<net id="370"><net_src comp="284" pin="3"/><net_sink comp="366" pin=0"/></net>

<net id="371"><net_src comp="52" pin="0"/><net_sink comp="366" pin=1"/></net>

<net id="376"><net_src comp="220" pin="1"/><net_sink comp="372" pin=0"/></net>

<net id="377"><net_src comp="66" pin="0"/><net_sink comp="372" pin=1"/></net>

<net id="383"><net_src comp="232" pin="2"/><net_sink comp="378" pin=0"/></net>

<net id="384"><net_src comp="66" pin="0"/><net_sink comp="378" pin=1"/></net>

<net id="385"><net_src comp="372" pin="2"/><net_sink comp="378" pin=2"/></net>

<net id="390"><net_src comp="208" pin="2"/><net_sink comp="386" pin=0"/></net>

<net id="395"><net_src comp="264" pin="3"/><net_sink comp="391" pin=0"/></net>

<net id="400"><net_src comp="378" pin="3"/><net_sink comp="396" pin=0"/></net>

<net id="405"><net_src comp="292" pin="3"/><net_sink comp="401" pin=0"/></net>

<net id="410"><net_src comp="366" pin="2"/><net_sink comp="406" pin=0"/></net>

<net id="414"><net_src comp="411" pin="1"/><net_sink comp="158" pin=0"/></net>

<net id="418"><net_src comp="415" pin="1"/><net_sink comp="158" pin=1"/></net>

<net id="423"><net_src comp="0" pin="0"/><net_sink comp="419" pin=0"/></net>

<net id="424"><net_src comp="419" pin="2"/><net_sink comp="150" pin=1"/></net>

<net id="428"><net_src comp="425" pin="1"/><net_sink comp="150" pin=2"/></net>

<net id="432"><net_src comp="88" pin="1"/><net_sink comp="429" pin=0"/></net>

<net id="433"><net_src comp="429" pin="1"/><net_sink comp="194" pin=1"/></net>

<net id="434"><net_src comp="429" pin="1"/><net_sink comp="214" pin=0"/></net>

<net id="435"><net_src comp="429" pin="1"/><net_sink comp="406" pin=1"/></net>

<net id="439"><net_src comp="92" pin="1"/><net_sink comp="436" pin=0"/></net>

<net id="440"><net_src comp="436" pin="1"/><net_sink comp="189" pin=1"/></net>

<net id="441"><net_src comp="436" pin="1"/><net_sink comp="217" pin=0"/></net>

<net id="442"><net_src comp="436" pin="1"/><net_sink comp="401" pin=1"/></net>

<net id="446"><net_src comp="96" pin="1"/><net_sink comp="443" pin=0"/></net>

<net id="447"><net_src comp="443" pin="1"/><net_sink comp="184" pin=1"/></net>

<net id="448"><net_src comp="443" pin="1"/><net_sink comp="220" pin=0"/></net>

<net id="449"><net_src comp="443" pin="1"/><net_sink comp="396" pin=1"/></net>

<net id="453"><net_src comp="100" pin="1"/><net_sink comp="450" pin=0"/></net>

<net id="454"><net_src comp="450" pin="1"/><net_sink comp="179" pin=1"/></net>

<net id="455"><net_src comp="450" pin="1"/><net_sink comp="223" pin=0"/></net>

<net id="456"><net_src comp="450" pin="1"/><net_sink comp="391" pin=1"/></net>

<net id="460"><net_src comp="104" pin="1"/><net_sink comp="457" pin=0"/></net>

<net id="461"><net_src comp="457" pin="1"/><net_sink comp="174" pin=1"/></net>

<net id="462"><net_src comp="457" pin="1"/><net_sink comp="199" pin=0"/></net>

<net id="463"><net_src comp="457" pin="1"/><net_sink comp="386" pin=1"/></net>

<net id="467"><net_src comp="162" pin="1"/><net_sink comp="464" pin=0"/></net>

<net id="468"><net_src comp="464" pin="1"/><net_sink comp="351" pin=1"/></net>

<net id="472"><net_src comp="166" pin="1"/><net_sink comp="469" pin=0"/></net>

<net id="473"><net_src comp="469" pin="1"/><net_sink comp="336" pin=1"/></net>

<net id="477"><net_src comp="170" pin="1"/><net_sink comp="474" pin=0"/></net>

<net id="478"><net_src comp="474" pin="1"/><net_sink comp="419" pin=1"/></net>

<net id="482"><net_src comp="202" pin="2"/><net_sink comp="479" pin=0"/></net>

<net id="486"><net_src comp="345" pin="2"/><net_sink comp="483" pin=0"/></net>

<net id="487"><net_src comp="483" pin="1"/><net_sink comp="138" pin=1"/></net>

<net id="488"><net_src comp="483" pin="1"/><net_sink comp="145" pin=1"/></net>

<net id="492"><net_src comp="360" pin="2"/><net_sink comp="489" pin=0"/></net>

<net id="493"><net_src comp="489" pin="1"/><net_sink comp="138" pin=1"/></net>

<net id="494"><net_src comp="489" pin="1"/><net_sink comp="145" pin=1"/></net>

<net id="498"><net_src comp="145" pin="2"/><net_sink comp="495" pin=0"/></net>

<net id="499"><net_src comp="495" pin="1"/><net_sink comp="411" pin=0"/></net>

<net id="503"><net_src comp="145" pin="2"/><net_sink comp="500" pin=0"/></net>

<net id="504"><net_src comp="500" pin="1"/><net_sink comp="415" pin=0"/></net>

<net id="508"><net_src comp="411" pin="1"/><net_sink comp="505" pin=0"/></net>

<net id="509"><net_src comp="505" pin="1"/><net_sink comp="158" pin=0"/></net>

<net id="513"><net_src comp="415" pin="1"/><net_sink comp="510" pin=0"/></net>

<net id="514"><net_src comp="510" pin="1"/><net_sink comp="158" pin=1"/></net>

<net id="518"><net_src comp="158" pin="2"/><net_sink comp="515" pin=0"/></net>

<net id="519"><net_src comp="515" pin="1"/><net_sink comp="425" pin=0"/></net>

</net_list>

</model> 
---------------- Datapath Model END ------------------

* FSMD analyzer results:
  - Output states:
	Port: g0 | {17 }
 - Input state : 
	Port: control_Pipeline_VITIS_LOOP_2191_1_VITIS_LOOP_2192_2_VITIS_LOOP_2193_3 : g0 | {3 4 5 6 7 8 9 10 11 12 }
	Port: control_Pipeline_VITIS_LOOP_2191_1_VITIS_LOOP_2192_2_VITIS_LOOP_2193_3 : sext_ln2113 | {1 }
	Port: control_Pipeline_VITIS_LOOP_2191_1_VITIS_LOOP_2192_2_VITIS_LOOP_2193_3 : sext_ln2265 | {1 }
	Port: control_Pipeline_VITIS_LOOP_2191_1_VITIS_LOOP_2192_2_VITIS_LOOP_2193_3 : sext_ln2299 | {1 }
	Port: control_Pipeline_VITIS_LOOP_2191_1_VITIS_LOOP_2192_2_VITIS_LOOP_2193_3 : sext_ln2113_2 | {1 }
	Port: control_Pipeline_VITIS_LOOP_2191_1_VITIS_LOOP_2192_2_VITIS_LOOP_2193_3 : sext_ln2299_1 | {1 }
  - Chain level:
	State 1
		store_ln0 : 1
		store_ln2191 : 1
		store_ln0 : 1
		store_ln2192 : 1
		store_ln2193 : 1
	State 2
		icmp_ln2191 : 1
		add_ln2191_1 : 1
		br_ln2191 : 2
		add_ln2191 : 1
		icmp_ln2192 : 1
		select_ln2191 : 2
		xor_ln2191 : 2
		icmp_ln2193 : 1
		and_ln2191 : 2
		select_ln2191_1 : 2
		add_ln2192 : 3
		or_ln2192 : 2
		select_ln2192 : 2
		select_ln2192_1 : 2
		trunc_ln2193 : 3
		shl_ln : 4
		zext_ln2193 : 5
		tmp : 3
		add_ln2195 : 6
		zext_ln2195 : 7
		add_ln2198 : 8
		sext_ln2198 : 9
		g0_addr_95 : 10
		add_ln2199 : 8
		sext_ln2199 : 9
		g0_addr_96 : 10
		add_ln2193 : 3
		add_ln2192_1 : 1
		select_ln2192_2 : 2
		store_ln2191 : 2
		store_ln2191 : 3
		store_ln2192 : 3
		store_ln2192 : 3
		store_ln2193 : 4
	State 3
	State 4
	State 5
	State 6
	State 7
	State 8
	State 9
	State 10
	State 11
	State 12
	State 13
		v903 : 1
	State 14
	State 15
	State 16
	State 17
		write_ln2201 : 1


============================================================
+ Verbose Summary: Datapath Resource usage 
============================================================

* Functional unit list:
|----------|--------------------------------|---------|---------|---------|
| Operation|         Functional Unit        |   DSP   |    FF   |   LUT   |
|----------|--------------------------------|---------|---------|---------|
|   fadd   |           grp_fu_158           |    2    |   227   |   214   |
|----------|--------------------------------|---------|---------|---------|
|          |       add_ln2191_1_fu_208      |    0    |    0    |    23   |
|          |        add_ln2191_fu_226       |    0    |    0    |    13   |
|          |        add_ln2192_fu_272       |    0    |    0    |    13   |
|    add   |        add_ln2195_fu_326       |    0    |    0    |    23   |
|          |        add_ln2198_fu_336       |    0    |    0    |    69   |
|          |        add_ln2199_fu_351       |    0    |    0    |    69   |
|          |        add_ln2193_fu_366       |    0    |    0    |    13   |
|          |       add_ln2192_1_fu_372      |    0    |    0    |    19   |
|----------|--------------------------------|---------|---------|---------|
|          |       icmp_ln2191_fu_202       |    0    |    0    |    23   |
|   icmp   |       icmp_ln2192_fu_232       |    0    |    0    |    19   |
|          |       icmp_ln2193_fu_252       |    0    |    0    |    13   |
|----------|--------------------------------|---------|---------|---------|
|          |      select_ln2191_fu_238      |    0    |    0    |    6    |
|          |     select_ln2191_1_fu_264     |    0    |    0    |    6    |
|  select  |      select_ln2192_fu_284      |    0    |    0    |    6    |
|          |     select_ln2192_1_fu_292     |    0    |    0    |    6    |
|          |     select_ln2192_2_fu_378     |    0    |    0    |    11   |
|----------|--------------------------------|---------|---------|---------|
|    xor   |        xor_ln2191_fu_246       |    0    |    0    |    2    |
|----------|--------------------------------|---------|---------|---------|
|    and   |        and_ln2191_fu_258       |    0    |    0    |    2    |
|----------|--------------------------------|---------|---------|---------|
|    or    |        or_ln2192_fu_278        |    0    |    0    |    2    |
|----------|--------------------------------|---------|---------|---------|
|          | sext_ln2299_1_read_read_fu_108 |    0    |    0    |    0    |
|          | sext_ln2113_2_read_read_fu_114 |    0    |    0    |    0    |
|   read   |    sext_ln22999_read_fu_120    |    0    |    0    |    0    |
|          |  sext_ln2265_read_read_fu_126  |    0    |    0    |    0    |
|          |    sext_ln21137_read_fu_132    |    0    |    0    |    0    |
|          |         grp_read_fu_145        |    0    |    0    |    0    |
|----------|--------------------------------|---------|---------|---------|
|  readreq |       grp_readreq_fu_138       |    0    |    0    |    0    |
|----------|--------------------------------|---------|---------|---------|
|   write  |    write_ln2201_write_fu_150   |    0    |    0    |    0    |
|----------|--------------------------------|---------|---------|---------|
|          |    sext_ln2299_1_cast_fu_162   |    0    |    0    |    0    |
|          |    sext_ln2113_2_cast_fu_166   |    0    |    0    |    0    |
|   sext   |     sext_ln2265_cast_fu_170    |    0    |    0    |    0    |
|          |       sext_ln2198_fu_341       |    0    |    0    |    0    |
|          |       sext_ln2199_fu_356       |    0    |    0    |    0    |
|----------|--------------------------------|---------|---------|---------|
|   trunc  |       trunc_ln2193_fu_300      |    0    |    0    |    0    |
|----------|--------------------------------|---------|---------|---------|
|bitconcatenate|          shl_ln_fu_304         |    0    |    0    |    0    |
|          |           tmp_fu_316           |    0    |    0    |    0    |
|----------|--------------------------------|---------|---------|---------|
|   zext   |       zext_ln2193_fu_312       |    0    |    0    |    0    |
|          |       zext_ln2195_fu_332       |    0    |    0    |    0    |
|----------|--------------------------------|---------|---------|---------|
|   Total  |                                |    2    |   227   |   552   |
|----------|--------------------------------|---------|---------|---------|

Memories:
N/A

* Register list:
+---------------------------+--------+
|                           |   FF   |
+---------------------------+--------+
|  g0_addr_95_read_reg_495  |   32   |
|     g0_addr_95_reg_483    |   32   |
|  g0_addr_96_read_reg_500  |   32   |
|     g0_addr_96_reg_489    |   32   |
|    icmp_ln2191_reg_479    |    1   |
|indvar_flatten12782_reg_443|   12   |
|indvar_flatten12793_reg_457|   16   |
| sext_ln2113_2_cast_reg_469|   63   |
|  sext_ln2265_cast_reg_474 |   64   |
| sext_ln2299_1_cast_reg_464|   63   |
|        v898_reg_450       |    6   |
|        v899_reg_436       |    6   |
|        v900_reg_429       |    6   |
|        v901_reg_505       |   32   |
|        v902_reg_510       |   32   |
|        v903_reg_515       |   32   |
+---------------------------+--------+
|           Total           |   461  |
+---------------------------+--------+

* Multiplexer (MUX) list: 
|--------------------|------|------|------|--------||---------||---------||---------|
|        Comp        |  Pin | Size |  BW  | S x BW ||  Delay  ||    FF   ||   LUT   |
|--------------------|------|------|------|--------||---------||---------||---------|
| grp_readreq_fu_138 |  p1  |   2  |  32  |   64   ||    0    ||    9    |
|   grp_read_fu_145  |  p1  |   2  |  32  |   64   ||    0    ||    9    |
|     grp_fu_158     |  p0  |   2  |  32  |   64   ||    0    ||    9    |
|     grp_fu_158     |  p1  |   2  |  32  |   64   ||    0    ||    9    |
|--------------------|------|------|------|--------||---------||---------||---------|
|        Total       |      |      |      |   256  ||  1.708  ||    0    ||    36   |
|--------------------|------|------|------|--------||---------||---------||---------|



* Summary:
+-----------+--------+--------+--------+--------+
|           |   DSP  |  Delay |   FF   |   LUT  |
+-----------+--------+--------+--------+--------+
|  Function |    2   |    -   |   227  |   552  |
|   Memory  |    -   |    -   |    -   |    -   |
|Multiplexer|    -   |    1   |    0   |   36   |
|  Register |    -   |    -   |   461  |    -   |
+-----------+--------+--------+--------+--------+
|   Total   |    2   |    1   |   688  |   588  |
+-----------+--------+--------+--------+--------+
