

================================================================
== Vitis HLS Report for 'control_Pipeline_VITIS_LOOP_736_1_VITIS_LOOP_737_215'
================================================================
* Date:           Sun Jul 12 20:26:11 2026

* Version:        2025.2 (Build 6295257 on Nov 14 2025)
* Project:        spikingformer_proj
* Solution:       solution1 (Vivado IP Flow Target)
* Product family: zynquplus
* Target device:  xczu7ev-ffvc1156-2-e


================================================================
== Performance Estimates
================================================================
+ Timing: 
    * Summary: 
    +--------+----------+----------+------------+
    |  Clock |  Target  | Estimated| Uncertainty|
    +--------+----------+----------+------------+
    |ap_clk  |  10.00 ns|  7.300 ns|     2.70 ns|
    +--------+----------+----------+------------+

+ Latency: 
    * Summary: 
    +---------+---------+----------+----------+-----+-----+-------------------+
    |  Latency (cycles) |  Latency (absolute) |  Interval |      Pipeline     |
    |   min   |   max   |    min   |    max   | min | max |        Type       |
    +---------+---------+----------+----------+-----+-----+-------------------+
    |    24587|    24587|  0.246 ms|  0.246 ms|    0|    0|  loop pipeline stp|
    +---------+---------+----------+----------+-----+-----+-------------------+

    + Detail: 
        * Instance: 
        N/A

        * Loop: 
        +-------------------------------------+---------+---------+----------+-----------+-----------+-------+----------+
        |                                     |  Latency (cycles) | Iteration|  Initiation Interval  |  Trip |          |
        |              Loop Name              |   min   |   max   |  Latency |  achieved |   target  | Count | Pipelined|
        +-------------------------------------+---------+---------+----------+-----------+-----------+-------+----------+
        |- VITIS_LOOP_736_1_VITIS_LOOP_737_2  |    24585|    24585|        11|          1|          1|  24576|       yes|
        +-------------------------------------+---------+---------+----------+-----------+-----------+-------+----------+

============================================================
+ Verbose Summary: Synthesis Manager
============================================================
InlineROM: 1
ExposeGlobal: 0
============================================================
+ Verbose Summary: CDFG Model
============================================================
IsTopModel: 0
ResetActiveHigh: 1
IsCombinational: 0
IsDatapathOnly: 0
HasWiredReturn: 1
HasMFsm: 2
HasVarLatency: 1
IsPipeline: 0
IsRtlPipelined: 0
IsInstanceOverlapped: 0
IsDontTouch: 0
HasImplIP: 0
IsGatedGlobalClock: 0

+ Individual pipeline summary: 
  * Pipeline-0: initiation interval (II) = 1, depth = 11


============================================================
+ Verbose Summary: Schedule
============================================================
* Number of FSM states : 11
* Pipeline : 1
  Pipeline-0 : II = 1, D = 11, States = { 1 2 3 4 5 6 7 8 9 10 11 }
* Dataflow Pipeline: 0

* FSM state transitions: 
1 --> 2 
2 --> 3 
3 --> 4 
4 --> 5 
5 --> 6 
6 --> 7 
7 --> 8 
8 --> 9 
9 --> 10 
10 --> 11 
11 --> 

* FSM state operations: 

State 1 <SV = 0> <Delay = 3.25>
ST_1 : Operation 14 [1/1] (0.00ns)   --->   "%v302 = alloca i32 1" [spikingformer_official.cpp:737->spikingformer_official.cpp:2761]   --->   Operation 14 'alloca' 'v302' <Predicate = true> <Delay = 0.00>
ST_1 : Operation 15 [1/1] (0.00ns)   --->   "%v301 = alloca i32 1" [spikingformer_official.cpp:736->spikingformer_official.cpp:2761]   --->   Operation 15 'alloca' 'v301' <Predicate = true> <Delay = 0.00>
ST_1 : Operation 16 [1/1] (0.00ns)   --->   "%indvar_flatten14342 = alloca i32 1"   --->   Operation 16 'alloca' 'indvar_flatten14342' <Predicate = true> <Delay = 0.00>
ST_1 : Operation 17 [1/1] (0.00ns)   --->   "%v1013_read = read i64 @_ssdm_op_Read.ap_auto.i64, i64 %v1013"   --->   Operation 17 'read' 'v1013_read' <Predicate = true> <Delay = 0.00>
ST_1 : Operation 18 [1/1] (0.00ns)   --->   "%sext_ln736_read = read i62 @_ssdm_op_Read.ap_auto.i62, i62 %sext_ln736"   --->   Operation 18 'read' 'sext_ln736_read' <Predicate = true> <Delay = 0.00>
ST_1 : Operation 19 [1/1] (0.00ns)   --->   "%sext_ln8973 = read i62 @_ssdm_op_Read.ap_auto.i62, i62 %sext_ln897"   --->   Operation 19 'read' 'sext_ln8973' <Predicate = true> <Delay = 0.00>
ST_1 : Operation 20 [1/1] (0.00ns)   --->   "%sext_ln736_cast = sext i62 %sext_ln736_read"   --->   Operation 20 'sext' 'sext_ln736_cast' <Predicate = true> <Delay = 0.00>
ST_1 : Operation 21 [1/1] (0.00ns)   --->   "%specstablecontent_ln0 = specstablecontent void @_ssdm_op_SpecStableContent, i32 %g0, i1 1, void "   --->   Operation 21 'specstablecontent' 'specstablecontent_ln0' <Predicate = true> <Delay = 0.00>
ST_1 : Operation 22 [1/1] (0.00ns)   --->   "%specinterface_ln0 = specinterface void @_ssdm_op_SpecInterface, i32 %g0, void @empty_26, i32 0, i32 0, void @empty_35, i32 0, i32 0, void @empty_22, void @empty_25, void @empty_35, i32 16, i32 16, i32 16, i32 16, void @empty_35, void @empty_35, i32 4294967295, i32 0, i32 0, i32 4"   --->   Operation 22 'specinterface' 'specinterface_ln0' <Predicate = true> <Delay = 0.00>
ST_1 : Operation 23 [1/1] (0.42ns)   --->   "%store_ln0 = store i15 0, i15 %indvar_flatten14342"   --->   Operation 23 'store' 'store_ln0' <Predicate = true> <Delay = 0.42>
ST_1 : Operation 24 [1/1] (0.42ns)   --->   "%store_ln736 = store i7 0, i7 %v301" [spikingformer_official.cpp:736->spikingformer_official.cpp:2761]   --->   Operation 24 'store' 'store_ln736' <Predicate = true> <Delay = 0.42>
ST_1 : Operation 25 [1/1] (0.42ns)   --->   "%store_ln737 = store i9 0, i9 %v302" [spikingformer_official.cpp:737->spikingformer_official.cpp:2761]   --->   Operation 25 'store' 'store_ln737' <Predicate = true> <Delay = 0.42>
ST_1 : Operation 26 [1/1] (0.00ns)   --->   "%br_ln0 = br void %for.inc.i1285"   --->   Operation 26 'br' 'br_ln0' <Predicate = true> <Delay = 0.00>
ST_1 : Operation 27 [1/1] (0.00ns)   --->   "%indvar_flatten14342_load = load i15 %indvar_flatten14342" [spikingformer_official.cpp:736->spikingformer_official.cpp:2761]   --->   Operation 27 'load' 'indvar_flatten14342_load' <Predicate = true> <Delay = 0.00>
ST_1 : Operation 28 [1/1] (0.00ns)   --->   "%specbitsmap_ln0 = specbitsmap void @_ssdm_op_SpecBitsMap, i32 %g0"   --->   Operation 28 'specbitsmap' 'specbitsmap_ln0' <Predicate = true> <Delay = 0.00>
ST_1 : Operation 29 [1/1] (0.84ns)   --->   "%icmp_ln736 = icmp_eq  i15 %indvar_flatten14342_load, i15 24576" [spikingformer_official.cpp:736->spikingformer_official.cpp:2761]   --->   Operation 29 'icmp' 'icmp_ln736' <Predicate = true> <Delay = 0.84> <CoreInst = "Cmp">   --->   Core 9 'Cmp' <Latency = 0> <II = 1> <Delay = 0.84> <FuncUnit> <Opcode : 'seteq' 'setne' 'setle' 'setge' 'setlt' 'setgt'> <InPorts = 2> <OutPorts = 1>
ST_1 : Operation 30 [1/1] (0.84ns)   --->   "%add_ln736 = add i15 %indvar_flatten14342_load, i15 1" [spikingformer_official.cpp:736->spikingformer_official.cpp:2761]   --->   Operation 30 'add' 'add_ln736' <Predicate = true> <Delay = 0.84> <CoreInst = "Adder">   --->   Core 1 'Adder' <Latency = 0> <II = 1> <Delay = 0.84> <FuncUnit> <Opcode : 'add' 'sub'> <InPorts = 2> <OutPorts = 1>
ST_1 : Operation 31 [1/1] (0.00ns)   --->   "%br_ln736 = br i1 %icmp_ln736, void %for.inc15.i1288, void %_Z8kernel54PA64_A12_A32_fPA64_A384_f.exit1289.exitStub" [spikingformer_official.cpp:736->spikingformer_official.cpp:2761]   --->   Operation 31 'br' 'br_ln736' <Predicate = true> <Delay = 0.00>
ST_1 : Operation 32 [1/1] (0.00ns)   --->   "%v302_load = load i9 %v302" [spikingformer_official.cpp:737->spikingformer_official.cpp:2761]   --->   Operation 32 'load' 'v302_load' <Predicate = (!icmp_ln736)> <Delay = 0.00>
ST_1 : Operation 33 [1/1] (0.00ns)   --->   "%v301_load = load i7 %v301" [spikingformer_official.cpp:736->spikingformer_official.cpp:2761]   --->   Operation 33 'load' 'v301_load' <Predicate = (!icmp_ln736)> <Delay = 0.00>
ST_1 : Operation 34 [1/1] (0.77ns)   --->   "%add_ln736_1 = add i7 %v301_load, i7 1" [spikingformer_official.cpp:736->spikingformer_official.cpp:2761]   --->   Operation 34 'add' 'add_ln736_1' <Predicate = (!icmp_ln736)> <Delay = 0.77> <CoreInst = "Adder">   --->   Core 1 'Adder' <Latency = 0> <II = 1> <Delay = 0.77> <FuncUnit> <Opcode : 'add' 'sub'> <InPorts = 2> <OutPorts = 1>
ST_1 : Operation 35 [1/1] (0.77ns)   --->   "%icmp_ln737 = icmp_eq  i9 %v302_load, i9 384" [spikingformer_official.cpp:737->spikingformer_official.cpp:2761]   --->   Operation 35 'icmp' 'icmp_ln737' <Predicate = (!icmp_ln736)> <Delay = 0.77> <CoreInst = "Cmp">   --->   Core 9 'Cmp' <Latency = 0> <II = 1> <Delay = 0.77> <FuncUnit> <Opcode : 'seteq' 'setne' 'setle' 'setge' 'setlt' 'setgt'> <InPorts = 2> <OutPorts = 1>
ST_1 : Operation 36 [1/1] (0.39ns)   --->   "%select_ln736_2 = select i1 %icmp_ln737, i9 0, i9 %v302_load" [spikingformer_official.cpp:736->spikingformer_official.cpp:2761]   --->   Operation 36 'select' 'select_ln736_2' <Predicate = (!icmp_ln736)> <Delay = 0.39> <CoreInst = "Sel">   --->   Core 73 'Sel' <Latency = 0> <II = 1> <Delay = 0.39> <FuncUnit> <Opcode : 'select'> <InPorts = 3> <OutPorts = 1>
ST_1 : Operation 37 [1/1] (0.36ns)   --->   "%select_ln736 = select i1 %icmp_ln737, i7 %add_ln736_1, i7 %v301_load" [spikingformer_official.cpp:736->spikingformer_official.cpp:2761]   --->   Operation 37 'select' 'select_ln736' <Predicate = (!icmp_ln736)> <Delay = 0.36> <CoreInst = "Sel">   --->   Core 73 'Sel' <Latency = 0> <II = 1> <Delay = 0.36> <FuncUnit> <Opcode : 'select'> <InPorts = 3> <OutPorts = 1>
ST_1 : Operation 38 [1/1] (0.00ns)   --->   "%p_shl = bitconcatenate i18 @_ssdm_op_BitConcatenate.i18.i7.i11, i7 %select_ln736, i11 0" [spikingformer_official.cpp:741->spikingformer_official.cpp:2761]   --->   Operation 38 'bitconcatenate' 'p_shl' <Predicate = (!icmp_ln736)> <Delay = 0.00>
ST_1 : Operation 39 [1/1] (0.00ns)   --->   "%tmp = bitconcatenate i16 @_ssdm_op_BitConcatenate.i16.i7.i9, i7 %select_ln736, i9 0" [spikingformer_official.cpp:741->spikingformer_official.cpp:2761]   --->   Operation 39 'bitconcatenate' 'tmp' <Predicate = (!icmp_ln736)> <Delay = 0.00>
ST_1 : Operation 40 [1/1] (0.00ns)   --->   "%zext_ln741 = zext i16 %tmp" [spikingformer_official.cpp:741->spikingformer_official.cpp:2761]   --->   Operation 40 'zext' 'zext_ln741' <Predicate = (!icmp_ln736)> <Delay = 0.00>
ST_1 : Operation 41 [1/1] (0.87ns)   --->   "%sub_ln741 = sub i18 %p_shl, i18 %zext_ln741" [spikingformer_official.cpp:741->spikingformer_official.cpp:2761]   --->   Operation 41 'sub' 'sub_ln741' <Predicate = (!icmp_ln736)> <Delay = 0.87> <CoreInst = "Adder">   --->   Core 1 'Adder' <Latency = 0> <II = 1> <Delay = 0.87> <FuncUnit> <Opcode : 'add' 'sub'> <InPorts = 2> <OutPorts = 1>
ST_1 : Operation 42 [1/1] (0.00ns)   --->   "%zext_ln737 = zext i18 %sub_ln741" [spikingformer_official.cpp:737->spikingformer_official.cpp:2761]   --->   Operation 42 'zext' 'zext_ln737' <Predicate = (!icmp_ln736)> <Delay = 0.00>
ST_1 : Operation 43 [1/1] (0.00ns) (grouped into TernaryAdder)   --->   "%add_ln741_2 = add i64 %zext_ln737, i64 %v1013_read" [spikingformer_official.cpp:741->spikingformer_official.cpp:2761]   --->   Operation 43 'add' 'add_ln741_2' <Predicate = (!icmp_ln736)> <Delay = 0.00> <CoreInst = "TAddSub">   --->   Core 10 'TAddSub' <Latency = 0> <II = 1> <Delay = 0.40> <IPBlock> <Opcode : 'add' 'sub'> <InPorts = 3> <OutPorts = 1> <Sync> <CReg>
ST_1 : Operation 44 [1/1] (0.00ns)   --->   "%tmp4 = bitconcatenate i11 @_ssdm_op_BitConcatenate.i11.i9.i2, i9 %select_ln736_2, i2 0" [spikingformer_official.cpp:741->spikingformer_official.cpp:2761]   --->   Operation 44 'bitconcatenate' 'tmp4' <Predicate = (!icmp_ln736)> <Delay = 0.00>
ST_1 : Operation 45 [1/1] (0.00ns)   --->   "%zext_ln741_1 = zext i11 %tmp4" [spikingformer_official.cpp:741->spikingformer_official.cpp:2761]   --->   Operation 45 'zext' 'zext_ln741_1' <Predicate = (!icmp_ln736)> <Delay = 0.00>
ST_1 : Operation 46 [1/1] (0.81ns) (root node of TernaryAdder)   --->   "%add_ln741 = add i64 %zext_ln741_1, i64 %add_ln741_2" [spikingformer_official.cpp:741->spikingformer_official.cpp:2761]   --->   Operation 46 'add' 'add_ln741' <Predicate = (!icmp_ln736)> <Delay = 0.81> <CoreInst = "TAddSub">   --->   Core 10 'TAddSub' <Latency = 0> <II = 1> <Delay = 0.40> <IPBlock> <Opcode : 'add' 'sub'> <InPorts = 3> <OutPorts = 1> <Sync> <CReg>
ST_1 : Operation 47 [1/1] (0.00ns)   --->   "%trunc_ln741_5 = partselect i62 @_ssdm_op_PartSelect.i62.i64.i32.i32, i64 %add_ln741, i32 2, i32 63" [spikingformer_official.cpp:741->spikingformer_official.cpp:2761]   --->   Operation 47 'partselect' 'trunc_ln741_5' <Predicate = (!icmp_ln736)> <Delay = 0.00>
ST_1 : Operation 48 [1/1] (0.00ns)   --->   "%sext_ln741 = sext i62 %trunc_ln741_5" [spikingformer_official.cpp:741->spikingformer_official.cpp:2761]   --->   Operation 48 'sext' 'sext_ln741' <Predicate = (!icmp_ln736)> <Delay = 0.00>
ST_1 : Operation 49 [1/1] (0.00ns)   --->   "%g0_addr_65 = getelementptr i32 %g0, i64 %sext_ln741" [spikingformer_official.cpp:741->spikingformer_official.cpp:2761]   --->   Operation 49 'getelementptr' 'g0_addr_65' <Predicate = (!icmp_ln736)> <Delay = 0.00>
ST_1 : Operation 50 [1/1] (0.77ns)   --->   "%add_ln737 = add i9 %select_ln736_2, i9 1" [spikingformer_official.cpp:737->spikingformer_official.cpp:2761]   --->   Operation 50 'add' 'add_ln737' <Predicate = (!icmp_ln736)> <Delay = 0.77> <CoreInst = "Adder">   --->   Core 1 'Adder' <Latency = 0> <II = 1> <Delay = 0.77> <FuncUnit> <Opcode : 'add' 'sub'> <InPorts = 2> <OutPorts = 1>
ST_1 : Operation 51 [1/1] (0.42ns)   --->   "%store_ln736 = store i15 %add_ln736, i15 %indvar_flatten14342" [spikingformer_official.cpp:736->spikingformer_official.cpp:2761]   --->   Operation 51 'store' 'store_ln736' <Predicate = (!icmp_ln736)> <Delay = 0.42>
ST_1 : Operation 52 [1/1] (0.42ns)   --->   "%store_ln736 = store i7 %select_ln736, i7 %v301" [spikingformer_official.cpp:736->spikingformer_official.cpp:2761]   --->   Operation 52 'store' 'store_ln736' <Predicate = (!icmp_ln736)> <Delay = 0.42>
ST_1 : Operation 53 [1/1] (0.42ns)   --->   "%store_ln737 = store i9 %add_ln737, i9 %v302" [spikingformer_official.cpp:737->spikingformer_official.cpp:2761]   --->   Operation 53 'store' 'store_ln737' <Predicate = (!icmp_ln736)> <Delay = 0.42>

State 2 <SV = 1> <Delay = 0.00>
ST_2 : Operation 54 [8/8] (7.30ns)   --->   "%v303_1_req = readreq i1 @_ssdm_op_ReadReq.m_axi.i32P1A, i32 %g0_addr_65, i64 1" [spikingformer_official.cpp:741->spikingformer_official.cpp:2761]   --->   Operation 54 'readreq' 'v303_1_req' <Predicate = true> <Delay = 7.30> <CoreInst = "m_axi">   --->   Core 119 'm_axi' <Latency = 6> <II = 1> <Delay = 1.00> <Adapter> <Opcode : 'readrequnaligned' 'writerequnaligned' 'read' 'write' 'readreq' 'writereq' 'writeresp'>

State 3 <SV = 2> <Delay = 0.00>
ST_3 : Operation 55 [7/8] (7.30ns)   --->   "%v303_1_req = readreq i1 @_ssdm_op_ReadReq.m_axi.i32P1A, i32 %g0_addr_65, i64 1" [spikingformer_official.cpp:741->spikingformer_official.cpp:2761]   --->   Operation 55 'readreq' 'v303_1_req' <Predicate = true> <Delay = 7.30> <CoreInst = "m_axi">   --->   Core 119 'm_axi' <Latency = 6> <II = 1> <Delay = 1.00> <Adapter> <Opcode : 'readrequnaligned' 'writerequnaligned' 'read' 'write' 'readreq' 'writereq' 'writeresp'>

State 4 <SV = 3> <Delay = 0.00>
ST_4 : Operation 56 [6/8] (7.30ns)   --->   "%v303_1_req = readreq i1 @_ssdm_op_ReadReq.m_axi.i32P1A, i32 %g0_addr_65, i64 1" [spikingformer_official.cpp:741->spikingformer_official.cpp:2761]   --->   Operation 56 'readreq' 'v303_1_req' <Predicate = true> <Delay = 7.30> <CoreInst = "m_axi">   --->   Core 119 'm_axi' <Latency = 6> <II = 1> <Delay = 1.00> <Adapter> <Opcode : 'readrequnaligned' 'writerequnaligned' 'read' 'write' 'readreq' 'writereq' 'writeresp'>

State 5 <SV = 4> <Delay = 0.00>
ST_5 : Operation 57 [5/8] (7.30ns)   --->   "%v303_1_req = readreq i1 @_ssdm_op_ReadReq.m_axi.i32P1A, i32 %g0_addr_65, i64 1" [spikingformer_official.cpp:741->spikingformer_official.cpp:2761]   --->   Operation 57 'readreq' 'v303_1_req' <Predicate = true> <Delay = 7.30> <CoreInst = "m_axi">   --->   Core 119 'm_axi' <Latency = 6> <II = 1> <Delay = 1.00> <Adapter> <Opcode : 'readrequnaligned' 'writerequnaligned' 'read' 'write' 'readreq' 'writereq' 'writeresp'>

State 6 <SV = 5> <Delay = 0.00>
ST_6 : Operation 58 [4/8] (7.30ns)   --->   "%v303_1_req = readreq i1 @_ssdm_op_ReadReq.m_axi.i32P1A, i32 %g0_addr_65, i64 1" [spikingformer_official.cpp:741->spikingformer_official.cpp:2761]   --->   Operation 58 'readreq' 'v303_1_req' <Predicate = true> <Delay = 7.30> <CoreInst = "m_axi">   --->   Core 119 'm_axi' <Latency = 6> <II = 1> <Delay = 1.00> <Adapter> <Opcode : 'readrequnaligned' 'writerequnaligned' 'read' 'write' 'readreq' 'writereq' 'writeresp'>

State 7 <SV = 6> <Delay = 0.00>
ST_7 : Operation 59 [3/8] (7.30ns)   --->   "%v303_1_req = readreq i1 @_ssdm_op_ReadReq.m_axi.i32P1A, i32 %g0_addr_65, i64 1" [spikingformer_official.cpp:741->spikingformer_official.cpp:2761]   --->   Operation 59 'readreq' 'v303_1_req' <Predicate = true> <Delay = 7.30> <CoreInst = "m_axi">   --->   Core 119 'm_axi' <Latency = 6> <II = 1> <Delay = 1.00> <Adapter> <Opcode : 'readrequnaligned' 'writerequnaligned' 'read' 'write' 'readreq' 'writereq' 'writeresp'>

State 8 <SV = 7> <Delay = 0.00>
ST_8 : Operation 60 [2/8] (7.30ns)   --->   "%v303_1_req = readreq i1 @_ssdm_op_ReadReq.m_axi.i32P1A, i32 %g0_addr_65, i64 1" [spikingformer_official.cpp:741->spikingformer_official.cpp:2761]   --->   Operation 60 'readreq' 'v303_1_req' <Predicate = true> <Delay = 7.30> <CoreInst = "m_axi">   --->   Core 119 'm_axi' <Latency = 6> <II = 1> <Delay = 1.00> <Adapter> <Opcode : 'readrequnaligned' 'writerequnaligned' 'read' 'write' 'readreq' 'writereq' 'writeresp'>

State 9 <SV = 8> <Delay = 7.30>
ST_9 : Operation 61 [1/8] ( I:7.30ns O:7.30ns )   --->   "%v303_1_req = readreq i1 @_ssdm_op_ReadReq.m_axi.i32P1A, i32 %g0_addr_65, i64 1" [spikingformer_official.cpp:741->spikingformer_official.cpp:2761]   --->   Operation 61 'readreq' 'v303_1_req' <Predicate = true> <Delay = 7.30> <CoreInst = "m_axi">   --->   Core 119 'm_axi' <Latency = 6> <II = 1> <Delay = 1.00> <Adapter> <Opcode : 'readrequnaligned' 'writerequnaligned' 'read' 'write' 'readreq' 'writereq' 'writeresp'>

State 10 <SV = 9> <Delay = 7.30>
ST_10 : Operation 62 [1/1] ( I:7.30ns O:7.30ns )   --->   "%v303 = read i32 @_ssdm_op_Read.m_axi.i32P1A, i32 %g0_addr_65" [spikingformer_official.cpp:741->spikingformer_official.cpp:2761]   --->   Operation 62 'read' 'v303' <Predicate = true> <Delay = 7.30> <CoreInst = "m_axi">   --->   Core 119 'm_axi' <Latency = 3> <II = 1> <Delay = 1.00> <Adapter> <Opcode : 'readrequnaligned' 'writerequnaligned' 'read' 'write' 'readreq' 'writereq' 'writeresp'>
ST_10 : Operation 69 [1/1] (0.42ns)   --->   "%ret_ln0 = ret"   --->   Operation 69 'ret' 'ret_ln0' <Predicate = (icmp_ln736)> <Delay = 0.42>

State 11 <SV = 10> <Delay = 7.30>
ST_11 : Operation 63 [1/1] (0.00ns)   --->   "%g0_addr = getelementptr i32 %g0, i64 %sext_ln736_cast" [spikingformer_official.cpp:736->spikingformer_official.cpp:2578]   --->   Operation 63 'getelementptr' 'g0_addr' <Predicate = true> <Delay = 0.00>
ST_11 : Operation 64 [1/1] (0.00ns)   --->   "%specloopname_ln0 = specloopname void @_ssdm_op_SpecLoopName, void @VITIS_LOOP_736_1_VITIS_LOOP_737_2_str"   --->   Operation 64 'specloopname' 'specloopname_ln0' <Predicate = true> <Delay = 0.00>
ST_11 : Operation 65 [1/1] (0.00ns)   --->   "%speclooptripcount_ln0 = speclooptripcount void @_ssdm_op_SpecLoopTripCount, i64 24576, i64 24576, i64 24576"   --->   Operation 65 'speclooptripcount' 'speclooptripcount_ln0' <Predicate = true> <Delay = 0.00>
ST_11 : Operation 66 [1/1] (0.00ns)   --->   "%specpipeline_ln738 = specpipeline void @_ssdm_op_SpecPipeline, i32 1, i32 0, i32 0, i32 0, i32 4294967295, void @empty_35" [spikingformer_official.cpp:738->spikingformer_official.cpp:2761]   --->   Operation 66 'specpipeline' 'specpipeline_ln738' <Predicate = true> <Delay = 0.00>
ST_11 : Operation 67 [1/1] ( I:7.30ns O:7.30ns )   --->   "%write_ln742 = write void @_ssdm_op_Write.m_axi.p1i32.i32, i32 %g0_addr, i32 %v303, i4 15" [spikingformer_official.cpp:742->spikingformer_official.cpp:2761]   --->   Operation 67 'write' 'write_ln742' <Predicate = true> <Delay = 7.30> <CoreInst = "m_axi">   --->   Core 119 'm_axi' <Latency = 5> <II = 1> <Delay = 1.00> <Adapter> <Opcode : 'readrequnaligned' 'writerequnaligned' 'read' 'write' 'readreq' 'writereq' 'writeresp'>
ST_11 : Operation 68 [1/1] (0.00ns)   --->   "%br_ln737 = br void %for.inc.i1285" [spikingformer_official.cpp:737->spikingformer_official.cpp:2761]   --->   Operation 68 'br' 'br_ln737' <Predicate = true> <Delay = 0.00>


============================================================
+ Verbose Summary: Timing violations
============================================================
Target clock period: 10.000ns, clock uncertainty: 2.700ns.

 <State 1>: 3.255ns
The critical path consists of the following:
	'store' operation ('store_ln737', spikingformer_official.cpp:737->spikingformer_official.cpp:2761) of constant 0 9 bit on local variable 'v302', spikingformer_official.cpp:737->spikingformer_official.cpp:2761 [16]  (0.427 ns)
	'load' operation 9 bit ('v302_load', spikingformer_official.cpp:737->spikingformer_official.cpp:2761) on local variable 'v302', spikingformer_official.cpp:737->spikingformer_official.cpp:2761 [25]  (0.000 ns)
	'icmp' operation 1 bit ('icmp_ln737', spikingformer_official.cpp:737->spikingformer_official.cpp:2761) [31]  (0.776 ns)
	'select' operation 7 bit ('select_ln736', spikingformer_official.cpp:736->spikingformer_official.cpp:2761) [33]  (0.360 ns)
	'sub' operation 18 bit ('sub_ln741', spikingformer_official.cpp:741->spikingformer_official.cpp:2761) [37]  (0.873 ns)
	'add' operation 64 bit ('add_ln741_2', spikingformer_official.cpp:741->spikingformer_official.cpp:2761) [40]  (0.000 ns)
	'add' operation 64 bit ('add_ln741', spikingformer_official.cpp:741->spikingformer_official.cpp:2761) [43]  (0.819 ns)

 <State 2>: 0.000ns
The critical path consists of the following:

 <State 3>: 0.000ns
The critical path consists of the following:

 <State 4>: 0.000ns
The critical path consists of the following:

 <State 5>: 0.000ns
The critical path consists of the following:

 <State 6>: 0.000ns
The critical path consists of the following:

 <State 7>: 0.000ns
The critical path consists of the following:

 <State 8>: 0.000ns
The critical path consists of the following:

 <State 9>: 7.300ns
The critical path consists of the following:
	bus request operation ('v303_1_req', spikingformer_official.cpp:741->spikingformer_official.cpp:2761) on port 'g0' (spikingformer_official.cpp:741->spikingformer_official.cpp:2761) [47]  (7.300 ns)

 <State 10>: 7.300ns
The critical path consists of the following:
	bus read operation ('v303', spikingformer_official.cpp:741->spikingformer_official.cpp:2761) on port 'g0' (spikingformer_official.cpp:741->spikingformer_official.cpp:2761) [48]  (7.300 ns)

 <State 11>: 7.300ns
The critical path consists of the following:
	'getelementptr' operation 32 bit ('g0_addr', spikingformer_official.cpp:736->spikingformer_official.cpp:2578) [27]  (0.000 ns)
	bus write operation ('write_ln742', spikingformer_official.cpp:742->spikingformer_official.cpp:2761) on port 'g0' (spikingformer_official.cpp:742->spikingformer_official.cpp:2761) [49]  (7.300 ns)


============================================================
+ Verbose Summary: Binding
============================================================
N/A
* FSMD analyzer results:
  - Output states:
 - Input state : 
  - Chain level:
	State 1
	State 2
	State 3
	State 4
	State 5
	State 6
	State 7
	State 8
	State 9
	State 10
	State 11


============================================================
+ Verbose Summary: Datapath Resource usage 
============================================================
N/A
