

================================================================
== Vitis HLS Report for 'control_Pipeline_VITIS_LOOP_1267_1_VITIS_LOOP_1268_2_VITIS_LOOP_1269_3'
================================================================
* Date:           Sun Jul 12 20:26:06 2026

* Version:        2025.2 (Build 6295257 on Nov 14 2025)
* Project:        spikingformer_proj
* Solution:       solution1 (Vivado IP Flow Target)
* Product family: zynquplus
* Target device:  xczu7ev-ffvc1156-2-e


================================================================
== Performance Estimates
================================================================
+ Timing: 
    * Summary: 
    +--------+----------+----------+------------+
    |  Clock |  Target  | Estimated| Uncertainty|
    +--------+----------+----------+------------+
    |ap_clk  |  10.00 ns|  7.300 ns|     2.70 ns|
    +--------+----------+----------+------------+

+ Latency: 
    * Summary: 
    +---------+---------+----------+----------+-----+-----+-------------------+
    |  Latency (cycles) |  Latency (absolute) |  Interval |      Pipeline     |
    |   min   |   max   |    min   |    max   | min | max |        Type       |
    +---------+---------+----------+----------+-----+-----+-------------------+
    |    98315|    98315|  0.983 ms|  0.983 ms|    0|    0|  loop pipeline stp|
    +---------+---------+----------+----------+-----+-----+-------------------+

    + Detail: 
        * Instance: 
        N/A

        * Loop: 
        +---------------------------------------------------------+---------+---------+----------+-----------+-----------+-------+----------+
        |                                                         |  Latency (cycles) | Iteration|  Initiation Interval  |  Trip |          |
        |                        Loop Name                        |   min   |   max   |  Latency |  achieved |   target  | Count | Pipelined|
        +---------------------------------------------------------+---------+---------+----------+-----------+-----------+-------+----------+
        |- VITIS_LOOP_1267_1_VITIS_LOOP_1268_2_VITIS_LOOP_1269_3  |    98313|    98313|        11|          1|          1|  98304|       yes|
        +---------------------------------------------------------+---------+---------+----------+-----------+-----------+-------+----------+

============================================================
+ Verbose Summary: Synthesis Manager
============================================================
InlineROM: 1
ExposeGlobal: 0
============================================================
+ Verbose Summary: CDFG Model
============================================================
IsTopModel: 0
ResetActiveHigh: 1
IsCombinational: 0
IsDatapathOnly: 0
HasWiredReturn: 1
HasMFsm: 2
HasVarLatency: 1
IsPipeline: 0
IsRtlPipelined: 0
IsInstanceOverlapped: 0
IsDontTouch: 0
HasImplIP: 0
IsGatedGlobalClock: 0

+ Individual pipeline summary: 
  * Pipeline-0: initiation interval (II) = 1, depth = 12


============================================================
+ Verbose Summary: Schedule
============================================================
* Number of FSM states : 12
* Pipeline : 1
  Pipeline-0 : II = 1, D = 12, States = { 1 2 3 4 5 6 7 8 9 10 11 12 }
* Dataflow Pipeline: 0

* FSM state transitions: 
1 --> 2 
2 --> 3 
3 --> 4 
4 --> 5 
5 --> 6 
6 --> 7 
7 --> 8 
8 --> 9 
9 --> 10 
10 --> 11 
11 --> 12 
12 --> 

* FSM state operations: 

State 1 <SV = 0> <Delay = 0.42>
ST_1 : Operation 14 [1/1] (0.00ns)   --->   "%v518 = alloca i32 1" [spikingformer_official.cpp:1269->spikingformer_official.cpp:2444]   --->   Operation 14 'alloca' 'v518' <Predicate = true> <Delay = 0.00>
ST_1 : Operation 15 [1/1] (0.00ns)   --->   "%v517 = alloca i32 1" [spikingformer_official.cpp:1268->spikingformer_official.cpp:2444]   --->   Operation 15 'alloca' 'v517' <Predicate = true> <Delay = 0.00>
ST_1 : Operation 16 [1/1] (0.00ns)   --->   "%indvar_flatten13785 = alloca i32 1"   --->   Operation 16 'alloca' 'indvar_flatten13785' <Predicate = true> <Delay = 0.00>
ST_1 : Operation 17 [1/1] (0.00ns)   --->   "%v516 = alloca i32 1" [spikingformer_official.cpp:1267->spikingformer_official.cpp:2444]   --->   Operation 17 'alloca' 'v516' <Predicate = true> <Delay = 0.00>
ST_1 : Operation 18 [1/1] (0.00ns)   --->   "%indvar_flatten13799 = alloca i32 1"   --->   Operation 18 'alloca' 'indvar_flatten13799' <Predicate = true> <Delay = 0.00>
ST_1 : Operation 19 [1/1] (0.00ns)   --->   "%v944_read = read i64 @_ssdm_op_Read.ap_auto.i64, i64 %v944"   --->   Operation 19 'read' 'v944_read' <Predicate = true> <Delay = 0.00>
ST_1 : Operation 20 [1/1] (0.00ns)   --->   "%sext_ln1882_read = read i62 @_ssdm_op_Read.ap_auto.i62, i62 %sext_ln1882"   --->   Operation 20 'read' 'sext_ln1882_read' <Predicate = true> <Delay = 0.00>
ST_1 : Operation 21 [1/1] (0.00ns)   --->   "%sext_ln1882_cast = sext i62 %sext_ln1882_read"   --->   Operation 21 'sext' 'sext_ln1882_cast' <Predicate = true> <Delay = 0.00>
ST_1 : Operation 22 [1/1] (0.00ns)   --->   "%specstablecontent_ln0 = specstablecontent void @_ssdm_op_SpecStableContent, i32 %g0, i1 1, void "   --->   Operation 22 'specstablecontent' 'specstablecontent_ln0' <Predicate = true> <Delay = 0.00>
ST_1 : Operation 23 [1/1] (0.00ns)   --->   "%specinterface_ln0 = specinterface void @_ssdm_op_SpecInterface, i32 %g0, void @empty_26, i32 0, i32 0, void @empty_35, i32 0, i32 0, void @empty_22, void @empty_25, void @empty_35, i32 16, i32 16, i32 16, i32 16, void @empty_35, void @empty_35, i32 4294967295, i32 0, i32 0, i32 4"   --->   Operation 23 'specinterface' 'specinterface_ln0' <Predicate = true> <Delay = 0.00>
ST_1 : Operation 24 [1/1] (0.42ns)   --->   "%store_ln0 = store i17 0, i17 %indvar_flatten13799"   --->   Operation 24 'store' 'store_ln0' <Predicate = true> <Delay = 0.42>
ST_1 : Operation 25 [1/1] (0.42ns)   --->   "%store_ln1267 = store i9 0, i9 %v516" [spikingformer_official.cpp:1267->spikingformer_official.cpp:2444]   --->   Operation 25 'store' 'store_ln1267' <Predicate = true> <Delay = 0.42>
ST_1 : Operation 26 [1/1] (0.42ns)   --->   "%store_ln0 = store i10 0, i10 %indvar_flatten13785"   --->   Operation 26 'store' 'store_ln0' <Predicate = true> <Delay = 0.42>
ST_1 : Operation 27 [1/1] (0.42ns)   --->   "%store_ln1268 = store i5 0, i5 %v517" [spikingformer_official.cpp:1268->spikingformer_official.cpp:2444]   --->   Operation 27 'store' 'store_ln1268' <Predicate = true> <Delay = 0.42>
ST_1 : Operation 28 [1/1] (0.42ns)   --->   "%store_ln1269 = store i5 0, i5 %v518" [spikingformer_official.cpp:1269->spikingformer_official.cpp:2444]   --->   Operation 28 'store' 'store_ln1269' <Predicate = true> <Delay = 0.42>
ST_1 : Operation 29 [1/1] (0.42ns)   --->   "%br_ln0 = br void %for.inc.i857"   --->   Operation 29 'br' 'br_ln0' <Predicate = true> <Delay = 0.42>

State 2 <SV = 1> <Delay = 2.27>
ST_2 : Operation 30 [1/1] (0.00ns)   --->   "%first_iter_95 = phi i1 1, void %newFuncRoot, i1 0, void %new.latch.for.inc.i857.split"   --->   Operation 30 'phi' 'first_iter_95' <Predicate = true> <Delay = 0.00>
ST_2 : Operation 31 [1/1] (0.00ns)   --->   "%v518_1 = load i5 %v518" [spikingformer_official.cpp:1272->spikingformer_official.cpp:2444]   --->   Operation 31 'load' 'v518_1' <Predicate = true> <Delay = 0.00>
ST_2 : Operation 32 [1/1] (0.00ns)   --->   "%indvar_flatten13785_load = load i10 %indvar_flatten13785" [spikingformer_official.cpp:1268->spikingformer_official.cpp:2444]   --->   Operation 32 'load' 'indvar_flatten13785_load' <Predicate = true> <Delay = 0.00>
ST_2 : Operation 33 [1/1] (0.00ns)   --->   "%indvar_flatten13799_load = load i17 %indvar_flatten13799" [spikingformer_official.cpp:1267->spikingformer_official.cpp:2444]   --->   Operation 33 'load' 'indvar_flatten13799_load' <Predicate = true> <Delay = 0.00>
ST_2 : Operation 34 [1/1] (0.00ns)   --->   "%specbitsmap_ln0 = specbitsmap void @_ssdm_op_SpecBitsMap, i32 %g0"   --->   Operation 34 'specbitsmap' 'specbitsmap_ln0' <Predicate = true> <Delay = 0.00>
ST_2 : Operation 35 [1/1] (0.86ns)   --->   "%icmp_ln1267 = icmp_eq  i17 %indvar_flatten13799_load, i17 98304" [spikingformer_official.cpp:1267->spikingformer_official.cpp:2444]   --->   Operation 35 'icmp' 'icmp_ln1267' <Predicate = true> <Delay = 0.86> <CoreInst = "Cmp">   --->   Core 9 'Cmp' <Latency = 0> <II = 1> <Delay = 0.86> <FuncUnit> <Opcode : 'seteq' 'setne' 'setle' 'setge' 'setlt' 'setgt'> <InPorts = 2> <OutPorts = 1>
ST_2 : Operation 36 [1/1] (0.86ns)   --->   "%add_ln1267_1 = add i17 %indvar_flatten13799_load, i17 1" [spikingformer_official.cpp:1267->spikingformer_official.cpp:2444]   --->   Operation 36 'add' 'add_ln1267_1' <Predicate = true> <Delay = 0.86> <CoreInst = "Adder">   --->   Core 1 'Adder' <Latency = 0> <II = 1> <Delay = 0.86> <FuncUnit> <Opcode : 'add' 'sub'> <InPorts = 2> <OutPorts = 1>
ST_2 : Operation 37 [1/1] (0.00ns)   --->   "%br_ln1267 = br i1 %icmp_ln1267, void %for.inc26.i862, void %_Z9kernel529PA384_A16_A16_fPA384_A18_A18_f.exit.exitStub" [spikingformer_official.cpp:1267->spikingformer_official.cpp:2444]   --->   Operation 37 'br' 'br_ln1267' <Predicate = true> <Delay = 0.00>
ST_2 : Operation 38 [1/1] (0.00ns)   --->   "%v516_load = load i9 %v516" [spikingformer_official.cpp:1267->spikingformer_official.cpp:2444]   --->   Operation 38 'load' 'v516_load' <Predicate = (!icmp_ln1267)> <Delay = 0.00>
ST_2 : Operation 39 [1/1] (0.77ns)   --->   "%add_ln1267 = add i9 %v516_load, i9 1" [spikingformer_official.cpp:1267->spikingformer_official.cpp:2444]   --->   Operation 39 'add' 'add_ln1267' <Predicate = (!icmp_ln1267)> <Delay = 0.77> <CoreInst = "Adder">   --->   Core 1 'Adder' <Latency = 0> <II = 1> <Delay = 0.77> <FuncUnit> <Opcode : 'add' 'sub'> <InPorts = 2> <OutPorts = 1>
ST_2 : Operation 40 [1/1] (0.78ns)   --->   "%icmp_ln1268 = icmp_eq  i10 %indvar_flatten13785_load, i10 256" [spikingformer_official.cpp:1268->spikingformer_official.cpp:2444]   --->   Operation 40 'icmp' 'icmp_ln1268' <Predicate = (!icmp_ln1267)> <Delay = 0.78> <CoreInst = "Cmp">   --->   Core 9 'Cmp' <Latency = 0> <II = 1> <Delay = 0.78> <FuncUnit> <Opcode : 'seteq' 'setne' 'setle' 'setge' 'setlt' 'setgt'> <InPorts = 2> <OutPorts = 1>
ST_2 : Operation 41 [1/1] (0.00ns) (grouped into LUT with out node first_iter_95_mid2)   --->   "%or_ln1267 = or i1 %icmp_ln1268, i1 %first_iter_95" [spikingformer_official.cpp:1267->spikingformer_official.cpp:2444]   --->   Operation 41 'or' 'or_ln1267' <Predicate = (!icmp_ln1267)> <Delay = 0.00> <CoreInst = "LogicGate">   --->   Core 74 'LogicGate' <Latency = 0> <II = 1> <Delay = 0.28> <FuncUnit> <Opcode : 'and' 'or' 'xor'> <InPorts = 2> <OutPorts = 1>
ST_2 : Operation 42 [1/1] (0.00ns) (grouped into LUT with out node and_ln1267)   --->   "%xor_ln1267 = xor i1 %icmp_ln1268, i1 1" [spikingformer_official.cpp:1267->spikingformer_official.cpp:2444]   --->   Operation 42 'xor' 'xor_ln1267' <Predicate = (!icmp_ln1267)> <Delay = 0.00> <CoreInst = "LogicGate">   --->   Core 74 'LogicGate' <Latency = 0> <II = 1> <Delay = 0.28> <FuncUnit> <Opcode : 'and' 'or' 'xor'> <InPorts = 2> <OutPorts = 1>
ST_2 : Operation 43 [1/1] (0.78ns)   --->   "%icmp_ln1269 = icmp_eq  i5 %v518_1, i5 16" [spikingformer_official.cpp:1269->spikingformer_official.cpp:2444]   --->   Operation 43 'icmp' 'icmp_ln1269' <Predicate = (!icmp_ln1267)> <Delay = 0.78> <CoreInst = "Cmp">   --->   Core 9 'Cmp' <Latency = 0> <II = 1> <Delay = 0.78> <FuncUnit> <Opcode : 'seteq' 'setne' 'setle' 'setge' 'setlt' 'setgt'> <InPorts = 2> <OutPorts = 1>
ST_2 : Operation 44 [1/1] (0.28ns) (out node of the LUT)   --->   "%and_ln1267 = and i1 %icmp_ln1269, i1 %xor_ln1267" [spikingformer_official.cpp:1267->spikingformer_official.cpp:2444]   --->   Operation 44 'and' 'and_ln1267' <Predicate = (!icmp_ln1267)> <Delay = 0.28> <CoreInst = "LogicGate">   --->   Core 74 'LogicGate' <Latency = 0> <II = 1> <Delay = 0.28> <FuncUnit> <Opcode : 'and' 'or' 'xor'> <InPorts = 2> <OutPorts = 1>
ST_2 : Operation 45 [1/1] (0.39ns)   --->   "%select_ln1267_1 = select i1 %icmp_ln1268, i9 %add_ln1267, i9 %v516_load" [spikingformer_official.cpp:1267->spikingformer_official.cpp:2444]   --->   Operation 45 'select' 'select_ln1267_1' <Predicate = (!icmp_ln1267)> <Delay = 0.39> <CoreInst = "Sel">   --->   Core 73 'Sel' <Latency = 0> <II = 1> <Delay = 0.39> <FuncUnit> <Opcode : 'select'> <InPorts = 3> <OutPorts = 1>
ST_2 : Operation 46 [1/1] (0.28ns) (out node of the LUT)   --->   "%first_iter_95_mid2 = or i1 %and_ln1267, i1 %or_ln1267" [spikingformer_official.cpp:1267->spikingformer_official.cpp:2444]   --->   Operation 46 'or' 'first_iter_95_mid2' <Predicate = (!icmp_ln1267)> <Delay = 0.28> <CoreInst = "LogicGate">   --->   Core 74 'LogicGate' <Latency = 0> <II = 1> <Delay = 0.28> <FuncUnit> <Opcode : 'and' 'or' 'xor'> <InPorts = 2> <OutPorts = 1>
ST_2 : Operation 47 [1/1] (0.00ns)   --->   "%zext_ln1267 = zext i9 %select_ln1267_1" [spikingformer_official.cpp:1267->spikingformer_official.cpp:2444]   --->   Operation 47 'zext' 'zext_ln1267' <Predicate = (!icmp_ln1267)> <Delay = 0.00>
ST_2 : Operation 48 [3/3] (0.99ns) (grouped into DSP with root node add_ln1272_4)   --->   "%mul_ln1268 = mul i18 %zext_ln1267, i18 324" [spikingformer_official.cpp:1268->spikingformer_official.cpp:2444]   --->   Operation 48 'mul' 'mul_ln1268' <Predicate = (!icmp_ln1267)> <Delay = 0.99> <CoreInst = "DSP48">   --->   Core 124 'DSP48' <Latency = 3> <II = 1> <Delay = 0.53> <IPBlock> <Opcode : 'add' 'sub' 'mul' 'select'> <InPorts = 0> <OutPorts = 1> <Sync> <CReg>
ST_2 : Operation 49 [1/1] (0.00ns)   --->   "%br_ln1269 = br i1 %first_iter_95_mid2, void %for.inc.i857.split, void %new.body.VITIS_LOOP_1269_3.i" [spikingformer_official.cpp:1269->spikingformer_official.cpp:2444]   --->   Operation 49 'br' 'br_ln1269' <Predicate = (!icmp_ln1267)> <Delay = 0.00>
ST_2 : Operation 50 [1/1] (0.78ns)   --->   "%add_ln1272_5 = add i5 %v518_1, i5 1" [spikingformer_official.cpp:1272->spikingformer_official.cpp:2444]   --->   Operation 50 'add' 'add_ln1272_5' <Predicate = (!icmp_ln1267)> <Delay = 0.78> <CoreInst = "Adder">   --->   Core 1 'Adder' <Latency = 0> <II = 1> <Delay = 0.78> <FuncUnit> <Opcode : 'add' 'sub'> <InPorts = 2> <OutPorts = 1>
ST_2 : Operation 51 [1/1] (0.00ns) (grouped into LUT with out node select_ln1272)   --->   "%or_ln1272 = or i1 %and_ln1267, i1 %icmp_ln1268" [spikingformer_official.cpp:1272->spikingformer_official.cpp:2444]   --->   Operation 51 'or' 'or_ln1272' <Predicate = (!icmp_ln1267)> <Delay = 0.00> <CoreInst = "LogicGate">   --->   Core 74 'LogicGate' <Latency = 0> <II = 1> <Delay = 0.28> <FuncUnit> <Opcode : 'and' 'or' 'xor'> <InPorts = 2> <OutPorts = 1>
ST_2 : Operation 52 [1/1] (0.41ns) (out node of the LUT)   --->   "%select_ln1272 = select i1 %or_ln1272, i5 1, i5 %add_ln1272_5" [spikingformer_official.cpp:1272->spikingformer_official.cpp:2444]   --->   Operation 52 'select' 'select_ln1272' <Predicate = (!icmp_ln1267)> <Delay = 0.41> <CoreInst = "Sel">   --->   Core 73 'Sel' <Latency = 0> <II = 1> <Delay = 0.41> <FuncUnit> <Opcode : 'select'> <InPorts = 3> <OutPorts = 1>
ST_2 : Operation 53 [1/1] (0.78ns)   --->   "%icmp_ln1269_1 = icmp_eq  i5 %select_ln1272, i5 16" [spikingformer_official.cpp:1269->spikingformer_official.cpp:2444]   --->   Operation 53 'icmp' 'icmp_ln1269_1' <Predicate = (!icmp_ln1267)> <Delay = 0.78> <CoreInst = "Cmp">   --->   Core 9 'Cmp' <Latency = 0> <II = 1> <Delay = 0.78> <FuncUnit> <Opcode : 'seteq' 'setne' 'setle' 'setge' 'setlt' 'setgt'> <InPorts = 2> <OutPorts = 1>
ST_2 : Operation 54 [1/1] (0.00ns)   --->   "%br_ln1269 = br i1 %icmp_ln1269_1, void %new.latch.for.inc.i857.split, void %last.iter.for.inc.i857.split" [spikingformer_official.cpp:1269->spikingformer_official.cpp:2444]   --->   Operation 54 'br' 'br_ln1269' <Predicate = (!icmp_ln1267)> <Delay = 0.00>
ST_2 : Operation 55 [1/1] (0.78ns)   --->   "%add_ln1268 = add i10 %indvar_flatten13785_load, i10 1" [spikingformer_official.cpp:1268->spikingformer_official.cpp:2444]   --->   Operation 55 'add' 'add_ln1268' <Predicate = (!icmp_ln1267)> <Delay = 0.78> <CoreInst = "Adder">   --->   Core 1 'Adder' <Latency = 0> <II = 1> <Delay = 0.78> <FuncUnit> <Opcode : 'add' 'sub'> <InPorts = 2> <OutPorts = 1>
ST_2 : Operation 56 [1/1] (0.40ns)   --->   "%select_ln1268_1 = select i1 %icmp_ln1268, i10 1, i10 %add_ln1268" [spikingformer_official.cpp:1268->spikingformer_official.cpp:2444]   --->   Operation 56 'select' 'select_ln1268_1' <Predicate = (!icmp_ln1267)> <Delay = 0.40> <CoreInst = "Sel">   --->   Core 73 'Sel' <Latency = 0> <II = 1> <Delay = 0.40> <FuncUnit> <Opcode : 'select'> <InPorts = 3> <OutPorts = 1>
ST_2 : Operation 57 [1/1] (0.42ns)   --->   "%store_ln1267 = store i17 %add_ln1267_1, i17 %indvar_flatten13799" [spikingformer_official.cpp:1267->spikingformer_official.cpp:2444]   --->   Operation 57 'store' 'store_ln1267' <Predicate = (!icmp_ln1267)> <Delay = 0.42>
ST_2 : Operation 58 [1/1] (0.42ns)   --->   "%store_ln1267 = store i9 %select_ln1267_1, i9 %v516" [spikingformer_official.cpp:1267->spikingformer_official.cpp:2444]   --->   Operation 58 'store' 'store_ln1267' <Predicate = (!icmp_ln1267)> <Delay = 0.42>
ST_2 : Operation 59 [1/1] (0.42ns)   --->   "%store_ln1268 = store i10 %select_ln1268_1, i10 %indvar_flatten13785" [spikingformer_official.cpp:1268->spikingformer_official.cpp:2444]   --->   Operation 59 'store' 'store_ln1268' <Predicate = (!icmp_ln1267)> <Delay = 0.42>
ST_2 : Operation 60 [1/1] (0.42ns)   --->   "%store_ln1269 = store i5 %select_ln1272, i5 %v518" [spikingformer_official.cpp:1269->spikingformer_official.cpp:2444]   --->   Operation 60 'store' 'store_ln1269' <Predicate = (!icmp_ln1267)> <Delay = 0.42>
ST_2 : Operation 61 [1/1] (0.00ns)   --->   "%br_ln1269 = br void %for.inc.i857" [spikingformer_official.cpp:1269->spikingformer_official.cpp:2444]   --->   Operation 61 'br' 'br_ln1269' <Predicate = (!icmp_ln1267)> <Delay = 0.00>

State 3 <SV = 2> <Delay = 0.99>
ST_3 : Operation 62 [2/3] (0.99ns) (grouped into DSP with root node add_ln1272_4)   --->   "%mul_ln1268 = mul i18 %zext_ln1267, i18 324" [spikingformer_official.cpp:1268->spikingformer_official.cpp:2444]   --->   Operation 62 'mul' 'mul_ln1268' <Predicate = true> <Delay = 0.99> <CoreInst = "DSP48">   --->   Core 124 'DSP48' <Latency = 3> <II = 1> <Delay = 0.53> <IPBlock> <Opcode : 'add' 'sub' 'mul' 'select'> <InPorts = 0> <OutPorts = 1> <Sync> <CReg>

State 4 <SV = 3> <Delay = 3.95>
ST_4 : Operation 63 [1/1] (0.00ns)   --->   "%v517_load = load i5 %v517" [spikingformer_official.cpp:1267->spikingformer_official.cpp:2444]   --->   Operation 63 'load' 'v517_load' <Predicate = (!icmp_ln1268)> <Delay = 0.00>
ST_4 : Operation 64 [1/1] (0.41ns)   --->   "%select_ln1267 = select i1 %icmp_ln1268, i5 0, i5 %v517_load" [spikingformer_official.cpp:1267->spikingformer_official.cpp:2444]   --->   Operation 64 'select' 'select_ln1267' <Predicate = true> <Delay = 0.41> <CoreInst = "Sel">   --->   Core 73 'Sel' <Latency = 0> <II = 1> <Delay = 0.41> <FuncUnit> <Opcode : 'select'> <InPorts = 3> <OutPorts = 1>
ST_4 : Operation 65 [1/1] (0.78ns)   --->   "%add_ln1272_2 = add i5 %select_ln1267, i5 1" [spikingformer_official.cpp:1272->spikingformer_official.cpp:2444]   --->   Operation 65 'add' 'add_ln1272_2' <Predicate = (and_ln1267)> <Delay = 0.78> <CoreInst = "Adder">   --->   Core 1 'Adder' <Latency = 0> <II = 1> <Delay = 0.78> <FuncUnit> <Opcode : 'add' 'sub'> <InPorts = 2> <OutPorts = 1>
ST_4 : Operation 66 [1/1] (0.41ns)   --->   "%select_ln1268 = select i1 %and_ln1267, i5 %add_ln1272_2, i5 %select_ln1267" [spikingformer_official.cpp:1268->spikingformer_official.cpp:2444]   --->   Operation 66 'select' 'select_ln1268' <Predicate = true> <Delay = 0.41> <CoreInst = "Sel">   --->   Core 73 'Sel' <Latency = 0> <II = 1> <Delay = 0.41> <FuncUnit> <Opcode : 'select'> <InPorts = 3> <OutPorts = 1>
ST_4 : Operation 67 [1/3] (0.00ns) (grouped into DSP with root node add_ln1272_4)   --->   "%mul_ln1268 = mul i18 %zext_ln1267, i18 324" [spikingformer_official.cpp:1268->spikingformer_official.cpp:2444]   --->   Operation 67 'mul' 'mul_ln1268' <Predicate = true> <Delay = 0.00> <CoreInst = "DSP48">   --->   Core 124 'DSP48' <Latency = 3> <II = 1> <Delay = 0.53> <IPBlock> <Opcode : 'add' 'sub' 'mul' 'select'> <InPorts = 0> <OutPorts = 1> <Sync> <CReg>
ST_4 : Operation 68 [1/1] (0.00ns) (grouped into DSP with root node add_ln1272_4)   --->   "%zext_ln1268 = zext i18 %mul_ln1268" [spikingformer_official.cpp:1268->spikingformer_official.cpp:2444]   --->   Operation 68 'zext' 'zext_ln1268' <Predicate = true> <Delay = 0.00>
ST_4 : Operation 69 [1/1] (0.00ns)   --->   "%tmp = bitconcatenate i9 @_ssdm_op_BitConcatenate.i9.i5.i4, i5 %select_ln1268, i4 0" [spikingformer_official.cpp:1272->spikingformer_official.cpp:2444]   --->   Operation 69 'bitconcatenate' 'tmp' <Predicate = true> <Delay = 0.00>
ST_4 : Operation 70 [1/1] (0.00ns)   --->   "%zext_ln1272_1 = zext i9 %tmp" [spikingformer_official.cpp:1272->spikingformer_official.cpp:2444]   --->   Operation 70 'zext' 'zext_ln1272_1' <Predicate = true> <Delay = 0.00>
ST_4 : Operation 71 [1/1] (0.00ns)   --->   "%tmp_42 = bitconcatenate i6 @_ssdm_op_BitConcatenate.i6.i5.i1, i5 %select_ln1268, i1 0" [spikingformer_official.cpp:1272->spikingformer_official.cpp:2444]   --->   Operation 71 'bitconcatenate' 'tmp_42' <Predicate = true> <Delay = 0.00>
ST_4 : Operation 72 [1/1] (0.00ns)   --->   "%zext_ln1272_2 = zext i6 %tmp_42" [spikingformer_official.cpp:1272->spikingformer_official.cpp:2444]   --->   Operation 72 'zext' 'zext_ln1272_2' <Predicate = true> <Delay = 0.00>
ST_4 : Operation 73 [1/1] (0.77ns)   --->   "%add_ln1272_3 = add i10 %zext_ln1272_1, i10 %zext_ln1272_2" [spikingformer_official.cpp:1272->spikingformer_official.cpp:2444]   --->   Operation 73 'add' 'add_ln1272_3' <Predicate = true> <Delay = 0.77> <CoreInst = "Adder">   --->   Core 1 'Adder' <Latency = 0> <II = 1> <Delay = 0.77> <FuncUnit> <Opcode : 'add' 'sub'> <InPorts = 2> <OutPorts = 1>
ST_4 : Operation 74 [1/1] (0.00ns)   --->   "%zext_ln1272 = zext i10 %add_ln1272_3" [spikingformer_official.cpp:1272->spikingformer_official.cpp:2444]   --->   Operation 74 'zext' 'zext_ln1272' <Predicate = true> <Delay = 0.00>
ST_4 : Operation 75 [1/1] (0.91ns)   --->   "%add_ln1272 = add i22 %zext_ln1272, i22 2490387" [spikingformer_official.cpp:1272->spikingformer_official.cpp:2444]   --->   Operation 75 'add' 'add_ln1272' <Predicate = true> <Delay = 0.91> <CoreInst = "Adder">   --->   Core 1 'Adder' <Latency = 0> <II = 1> <Delay = 0.91> <FuncUnit> <Opcode : 'add' 'sub'> <InPorts = 2> <OutPorts = 1>
ST_4 : Operation 76 [2/2] (0.64ns) (root node of the DSP)   --->   "%add_ln1272_4 = add i22 %add_ln1272, i22 %zext_ln1268" [spikingformer_official.cpp:1272->spikingformer_official.cpp:2444]   --->   Operation 76 'add' 'add_ln1272_4' <Predicate = true> <Delay = 0.64> <CoreInst = "DSP48">   --->   Core 124 'DSP48' <Latency = 3> <II = 1> <Delay = 0.53> <IPBlock> <Opcode : 'add' 'sub' 'mul' 'select'> <InPorts = 0> <OutPorts = 1> <Sync> <CReg>
ST_4 : Operation 77 [1/1] (0.42ns)   --->   "%store_ln1268 = store i5 %select_ln1268, i5 %v517" [spikingformer_official.cpp:1268->spikingformer_official.cpp:2444]   --->   Operation 77 'store' 'store_ln1268' <Predicate = (!icmp_ln1267)> <Delay = 0.42>

State 5 <SV = 4> <Delay = 1.73>
ST_5 : Operation 78 [1/2] (0.64ns) (root node of the DSP)   --->   "%add_ln1272_4 = add i22 %add_ln1272, i22 %zext_ln1268" [spikingformer_official.cpp:1272->spikingformer_official.cpp:2444]   --->   Operation 78 'add' 'add_ln1272_4' <Predicate = true> <Delay = 0.64> <CoreInst = "DSP48">   --->   Core 124 'DSP48' <Latency = 3> <II = 1> <Delay = 0.53> <IPBlock> <Opcode : 'add' 'sub' 'mul' 'select'> <InPorts = 0> <OutPorts = 1> <Sync> <CReg>
ST_5 : Operation 79 [1/1] (0.00ns)   --->   "%shl_ln = bitconcatenate i24 @_ssdm_op_BitConcatenate.i24.i22.i2, i22 %add_ln1272_4, i2 0" [spikingformer_official.cpp:1272->spikingformer_official.cpp:2444]   --->   Operation 79 'bitconcatenate' 'shl_ln' <Predicate = true> <Delay = 0.00>
ST_5 : Operation 80 [1/1] (0.00ns)   --->   "%sext_ln1272 = sext i24 %shl_ln" [spikingformer_official.cpp:1272->spikingformer_official.cpp:2444]   --->   Operation 80 'sext' 'sext_ln1272' <Predicate = true> <Delay = 0.00>
ST_5 : Operation 81 [1/1] (0.00ns)   --->   "%zext_ln1272_3 = zext i25 %sext_ln1272" [spikingformer_official.cpp:1272->spikingformer_official.cpp:2444]   --->   Operation 81 'zext' 'zext_ln1272_3' <Predicate = true> <Delay = 0.00>
ST_5 : Operation 82 [1/1] (1.08ns)   --->   "%add_ln1272_1 = add i64 %zext_ln1272_3, i64 %v944_read" [spikingformer_official.cpp:1272->spikingformer_official.cpp:2444]   --->   Operation 82 'add' 'add_ln1272_1' <Predicate = true> <Delay = 1.08> <CoreInst = "Adder">   --->   Core 1 'Adder' <Latency = 0> <II = 1> <Delay = 1.08> <FuncUnit> <Opcode : 'add' 'sub'> <InPorts = 2> <OutPorts = 1>
ST_5 : Operation 83 [1/1] (0.00ns)   --->   "%trunc_ln = partselect i62 @_ssdm_op_PartSelect.i62.i64.i32.i32, i64 %add_ln1272_1, i32 2, i32 63" [spikingformer_official.cpp:1269->spikingformer_official.cpp:2444]   --->   Operation 83 'partselect' 'trunc_ln' <Predicate = true> <Delay = 0.00>
ST_5 : Operation 84 [1/1] (0.00ns)   --->   "%sext_ln1269 = sext i62 %trunc_ln" [spikingformer_official.cpp:1269->spikingformer_official.cpp:2444]   --->   Operation 84 'sext' 'sext_ln1269' <Predicate = true> <Delay = 0.00>
ST_5 : Operation 85 [1/1] (0.00ns)   --->   "%g0_addr_139 = getelementptr i32 %g0, i64 %sext_ln1269" [spikingformer_official.cpp:1269->spikingformer_official.cpp:2444]   --->   Operation 85 'getelementptr' 'g0_addr_139' <Predicate = true> <Delay = 0.00>

State 6 <SV = 5> <Delay = 7.30>
ST_6 : Operation 86 [1/1] (0.00ns)   --->   "%g0_addr = getelementptr i32 %g0, i64 %sext_ln1882_cast" [spikingformer_official.cpp:1882->spikingformer_official.cpp:2377]   --->   Operation 86 'getelementptr' 'g0_addr' <Predicate = true> <Delay = 0.00>
ST_6 : Operation 87 [1/1] (0.00ns)   --->   "%specloopname_ln0 = specloopname void @_ssdm_op_SpecLoopName, void @VITIS_LOOP_1267_1_VITIS_LOOP_1268_2_VITIS_LOOP_1269_3_str"   --->   Operation 87 'specloopname' 'specloopname_ln0' <Predicate = true> <Delay = 0.00>
ST_6 : Operation 88 [1/1] (0.00ns)   --->   "%speclooptripcount_ln0 = speclooptripcount void @_ssdm_op_SpecLoopTripCount, i64 98304, i64 98304, i64 98304"   --->   Operation 88 'speclooptripcount' 'speclooptripcount_ln0' <Predicate = true> <Delay = 0.00>
ST_6 : Operation 89 [1/1] ( I:7.30ns O:7.30ns )   --->   "%empty_116 = writereq i1 @_ssdm_op_WriteReq.m_axi.p1i32, i32 %g0_addr_139, i64 16" [spikingformer_official.cpp:1269->spikingformer_official.cpp:2444]   --->   Operation 89 'writereq' 'empty_116' <Predicate = (first_iter_95_mid2)> <Delay = 7.30> <CoreInst = "m_axi">   --->   Core 119 'm_axi' <Latency = 9> <II = 1> <Delay = 1.00> <Adapter> <Opcode : 'readrequnaligned' 'writerequnaligned' 'read' 'write' 'readreq' 'writereq' 'writeresp'>
ST_6 : Operation 90 [1/1] (0.00ns)   --->   "%br_ln1269 = br void %for.inc.i857.split" [spikingformer_official.cpp:1269->spikingformer_official.cpp:2444]   --->   Operation 90 'br' 'br_ln1269' <Predicate = (first_iter_95_mid2)> <Delay = 0.00>
ST_6 : Operation 91 [1/1] ( I:7.30ns O:7.30ns )   --->   "%v519 = read i32 @_ssdm_op_Read.m_axi.i32.p1i32, i32 %g0_addr" [spikingformer_official.cpp:1271->spikingformer_official.cpp:2444]   --->   Operation 91 'read' 'v519' <Predicate = true> <Delay = 7.30> <CoreInst = "m_axi">   --->   Core 119 'm_axi' <Latency = 3> <II = 1> <Delay = 1.00> <Adapter> <Opcode : 'readrequnaligned' 'writerequnaligned' 'read' 'write' 'readreq' 'writereq' 'writeresp'>

State 7 <SV = 6> <Delay = 7.30>
ST_7 : Operation 92 [1/1] (0.00ns)   --->   "%specpipeline_ln1270 = specpipeline void @_ssdm_op_SpecPipeline, i32 1, i32 0, i32 0, i32 0, i32 4294967295, void @empty_35" [spikingformer_official.cpp:1270->spikingformer_official.cpp:2444]   --->   Operation 92 'specpipeline' 'specpipeline_ln1270' <Predicate = true> <Delay = 0.00>
ST_7 : Operation 93 [1/1] ( I:7.30ns O:7.30ns )   --->   "%write_ln1272 = write void @_ssdm_op_Write.m_axi.p1i32.i32, i32 %g0_addr_139, i32 %v519, i4 15" [spikingformer_official.cpp:1272->spikingformer_official.cpp:2444]   --->   Operation 93 'write' 'write_ln1272' <Predicate = true> <Delay = 7.30> <CoreInst = "m_axi">   --->   Core 119 'm_axi' <Latency = 5> <II = 1> <Delay = 1.00> <Adapter> <Opcode : 'readrequnaligned' 'writerequnaligned' 'read' 'write' 'readreq' 'writereq' 'writeresp'>

State 8 <SV = 7> <Delay = 0.00>
ST_8 : Operation 94 [5/5] (7.30ns)   --->   "%empty = writeresp i1 @_ssdm_op_WriteResp.m_axi.p1i32, i32 %g0_addr_139" [spikingformer_official.cpp:1268->spikingformer_official.cpp:2444]   --->   Operation 94 'writeresp' 'empty' <Predicate = (icmp_ln1269_1)> <Delay = 7.30> <CoreInst = "m_axi">   --->   Core 119 'm_axi' <Latency = 3> <II = 1> <Delay = 1.00> <Adapter> <Opcode : 'readrequnaligned' 'writerequnaligned' 'read' 'write' 'readreq' 'writereq' 'writeresp'>

State 9 <SV = 8> <Delay = 0.00>
ST_9 : Operation 95 [4/5] (7.30ns)   --->   "%empty = writeresp i1 @_ssdm_op_WriteResp.m_axi.p1i32, i32 %g0_addr_139" [spikingformer_official.cpp:1268->spikingformer_official.cpp:2444]   --->   Operation 95 'writeresp' 'empty' <Predicate = (icmp_ln1269_1)> <Delay = 7.30> <CoreInst = "m_axi">   --->   Core 119 'm_axi' <Latency = 3> <II = 1> <Delay = 1.00> <Adapter> <Opcode : 'readrequnaligned' 'writerequnaligned' 'read' 'write' 'readreq' 'writereq' 'writeresp'>

State 10 <SV = 9> <Delay = 0.00>
ST_10 : Operation 96 [3/5] (7.30ns)   --->   "%empty = writeresp i1 @_ssdm_op_WriteResp.m_axi.p1i32, i32 %g0_addr_139" [spikingformer_official.cpp:1268->spikingformer_official.cpp:2444]   --->   Operation 96 'writeresp' 'empty' <Predicate = (icmp_ln1269_1)> <Delay = 7.30> <CoreInst = "m_axi">   --->   Core 119 'm_axi' <Latency = 3> <II = 1> <Delay = 1.00> <Adapter> <Opcode : 'readrequnaligned' 'writerequnaligned' 'read' 'write' 'readreq' 'writereq' 'writeresp'>

State 11 <SV = 10> <Delay = 0.42>
ST_11 : Operation 97 [2/5] (7.30ns)   --->   "%empty = writeresp i1 @_ssdm_op_WriteResp.m_axi.p1i32, i32 %g0_addr_139" [spikingformer_official.cpp:1268->spikingformer_official.cpp:2444]   --->   Operation 97 'writeresp' 'empty' <Predicate = (icmp_ln1269_1)> <Delay = 7.30> <CoreInst = "m_axi">   --->   Core 119 'm_axi' <Latency = 3> <II = 1> <Delay = 1.00> <Adapter> <Opcode : 'readrequnaligned' 'writerequnaligned' 'read' 'write' 'readreq' 'writereq' 'writeresp'>
ST_11 : Operation 100 [1/1] (0.42ns)   --->   "%ret_ln0 = ret"   --->   Operation 100 'ret' 'ret_ln0' <Predicate = (icmp_ln1267)> <Delay = 0.42>

State 12 <SV = 11> <Delay = 7.30>
ST_12 : Operation 98 [1/5] ( I:7.30ns O:7.30ns )   --->   "%empty = writeresp i1 @_ssdm_op_WriteResp.m_axi.p1i32, i32 %g0_addr_139" [spikingformer_official.cpp:1268->spikingformer_official.cpp:2444]   --->   Operation 98 'writeresp' 'empty' <Predicate = (icmp_ln1269_1)> <Delay = 7.30> <CoreInst = "m_axi">   --->   Core 119 'm_axi' <Latency = 3> <II = 1> <Delay = 1.00> <Adapter> <Opcode : 'readrequnaligned' 'writerequnaligned' 'read' 'write' 'readreq' 'writereq' 'writeresp'>
ST_12 : Operation 99 [1/1] (0.00ns)   --->   "%br_ln1269 = br void %new.latch.for.inc.i857.split" [spikingformer_official.cpp:1269->spikingformer_official.cpp:2444]   --->   Operation 99 'br' 'br_ln1269' <Predicate = (icmp_ln1269_1)> <Delay = 0.00>


============================================================
+ Verbose Summary: Timing violations
============================================================
Target clock period: 10.000ns, clock uncertainty: 2.700ns.

 <State 1>: 0.427ns
The critical path consists of the following:
	'alloca' operation 17 bit ('indvar_flatten13799') [8]  (0.000 ns)
	'store' operation ('store_ln0') of constant 0 17 bit on local variable 'indvar_flatten13799' [14]  (0.427 ns)

 <State 2>: 2.279ns
The critical path consists of the following:
	'load' operation 5 bit ('v518', spikingformer_official.cpp:1272->spikingformer_official.cpp:2444) on local variable 'v518', spikingformer_official.cpp:1269->spikingformer_official.cpp:2444 [22]  (0.000 ns)
	'icmp' operation 1 bit ('icmp_ln1269', spikingformer_official.cpp:1269->spikingformer_official.cpp:2444) [40]  (0.789 ns)
	'and' operation 1 bit ('and_ln1267', spikingformer_official.cpp:1267->spikingformer_official.cpp:2444) [41]  (0.287 ns)
	'or' operation 1 bit ('or_ln1272', spikingformer_official.cpp:1272->spikingformer_official.cpp:2444) [72]  (0.000 ns)
	'select' operation 5 bit ('select_ln1272', spikingformer_official.cpp:1272->spikingformer_official.cpp:2444) [73]  (0.414 ns)
	'icmp' operation 1 bit ('icmp_ln1269_1', spikingformer_official.cpp:1269->spikingformer_official.cpp:2444) [75]  (0.789 ns)

 <State 3>: 0.996ns
The critical path consists of the following:
	'mul' operation 18 bit of DSP[56] ('mul_ln1268', spikingformer_official.cpp:1268->spikingformer_official.cpp:2444) [47]  (0.996 ns)

 <State 4>: 3.952ns
The critical path consists of the following:
	'load' operation 5 bit ('v517_load', spikingformer_official.cpp:1267->spikingformer_official.cpp:2444) on local variable 'v517', spikingformer_official.cpp:1268->spikingformer_official.cpp:2444 [30]  (0.000 ns)
	'select' operation 5 bit ('select_ln1267', spikingformer_official.cpp:1267->spikingformer_official.cpp:2444) [37]  (0.414 ns)
	'add' operation 5 bit ('add_ln1272_2', spikingformer_official.cpp:1272->spikingformer_official.cpp:2444) [43]  (0.789 ns)
	'select' operation 5 bit ('select_ln1268', spikingformer_official.cpp:1268->spikingformer_official.cpp:2444) [45]  (0.414 ns)
	'add' operation 10 bit ('add_ln1272_3', spikingformer_official.cpp:1272->spikingformer_official.cpp:2444) [53]  (0.776 ns)
	'add' operation 22 bit ('add_ln1272', spikingformer_official.cpp:1272->spikingformer_official.cpp:2444) [55]  (0.914 ns)
	'add' operation 22 bit of DSP[56] ('add_ln1272_4', spikingformer_official.cpp:1272->spikingformer_official.cpp:2444) [56]  (0.645 ns)

 <State 5>: 1.730ns
The critical path consists of the following:
	'add' operation 22 bit of DSP[56] ('add_ln1272_4', spikingformer_official.cpp:1272->spikingformer_official.cpp:2444) [56]  (0.645 ns)
	'add' operation 64 bit ('add_ln1272_1', spikingformer_official.cpp:1272->spikingformer_official.cpp:2444) [60]  (1.085 ns)

 <State 6>: 7.300ns
The critical path consists of the following:
	bus request operation ('empty_116', spikingformer_official.cpp:1269->spikingformer_official.cpp:2444) on port 'g0' (spikingformer_official.cpp:1269->spikingformer_official.cpp:2444) [66]  (7.300 ns)

 <State 7>: 7.300ns
The critical path consists of the following:
	bus write operation ('write_ln1272', spikingformer_official.cpp:1272->spikingformer_official.cpp:2444) on port 'g0' (spikingformer_official.cpp:1272->spikingformer_official.cpp:2444) [74]  (7.300 ns)

 <State 8>: 0.000ns
The critical path consists of the following:

 <State 9>: 0.000ns
The critical path consists of the following:

 <State 10>: 0.000ns
The critical path consists of the following:

 <State 11>: 0.427ns
The critical path consists of the following:

 <State 12>: 7.300ns
The critical path consists of the following:
	bus response operation ('empty', spikingformer_official.cpp:1268->spikingformer_official.cpp:2444) on port 'g0' (spikingformer_official.cpp:1268->spikingformer_official.cpp:2444) [78]  (7.300 ns)


============================================================
+ Verbose Summary: Binding
============================================================
N/A
* FSMD analyzer results:
  - Output states:
 - Input state : 
  - Chain level:
	State 1
	State 2
	State 3
	State 4
	State 5
	State 6
	State 7
	State 8
	State 9
	State 10
	State 11
	State 12


============================================================
+ Verbose Summary: Datapath Resource usage 
============================================================
N/A
