

================================================================
== Vitis HLS Report for 'control_Pipeline_VITIS_LOOP_2265_1_VITIS_LOOP_2266_2_VITIS_LOOP_2267_3'
================================================================
* Date:           Sun Jul 12 20:26:02 2026

* Version:        2025.2 (Build 6295257 on Nov 14 2025)
* Project:        spikingformer_proj
* Solution:       solution1 (Vivado IP Flow Target)
* Product family: zynquplus
* Target device:  xczu7ev-ffvc1156-2-e


================================================================
== Performance Estimates
================================================================
+ Timing: 
    * Summary: 
    +--------+----------+----------+------------+
    |  Clock |  Target  | Estimated| Uncertainty|
    +--------+----------+----------+------------+
    |ap_clk  |  10.00 ns|  7.300 ns|     2.70 ns|
    +--------+----------+----------+------------+

+ Latency: 
    * Summary: 
    +---------+---------+----------+----------+-----+-----+-------------------+
    |  Latency (cycles) |  Latency (absolute) |  Interval |      Pipeline     |
    |   min   |   max   |    min   |    max   | min | max |        Type       |
    +---------+---------+----------+----------+-----+-----+-------------------+
    |    49155|    49155|  0.492 ms|  0.492 ms|    0|    0|  loop pipeline stp|
    +---------+---------+----------+----------+-----+-----+-------------------+

    + Detail: 
        * Instance: 
        N/A

        * Loop: 
        +---------------------------------------------------------+---------+---------+----------+-----------+-----------+-------+----------+
        |                                                         |  Latency (cycles) | Iteration|  Initiation Interval  |  Trip |          |
        |                        Loop Name                        |   min   |   max   |  Latency |  achieved |   target  | Count | Pipelined|
        +---------------------------------------------------------+---------+---------+----------+-----------+-----------+-------+----------+
        |- VITIS_LOOP_2265_1_VITIS_LOOP_2266_2_VITIS_LOOP_2267_3  |    49153|    49153|         3|          1|          1|  49152|       yes|
        +---------------------------------------------------------+---------+---------+----------+-----------+-----------+-------+----------+

============================================================
+ Verbose Summary: Synthesis Manager
============================================================
InlineROM: 1
ExposeGlobal: 0
============================================================
+ Verbose Summary: CDFG Model
============================================================
IsTopModel: 0
ResetActiveHigh: 1
IsCombinational: 0
IsDatapathOnly: 0
HasWiredReturn: 1
HasMFsm: 2
HasVarLatency: 1
IsPipeline: 0
IsRtlPipelined: 0
IsInstanceOverlapped: 0
IsDontTouch: 0
HasImplIP: 0
IsGatedGlobalClock: 0

+ Individual pipeline summary: 
  * Pipeline-0: initiation interval (II) = 1, depth = 4


============================================================
+ Verbose Summary: Schedule
============================================================
* Number of FSM states : 4
* Pipeline : 1
  Pipeline-0 : II = 1, D = 4, States = { 1 2 3 4 }
* Dataflow Pipeline: 0

* FSM state transitions: 
1 --> 2 
2 --> 3 
3 --> 4 
4 --> 

* FSM state operations: 

State 1 <SV = 0> <Delay = 0.42>
ST_1 : Operation 6 [1/1] (0.00ns)   --->   "%v931 = alloca i32 1" [spikingformer_official.cpp:2267->spikingformer_official.cpp:2330]   --->   Operation 6 'alloca' 'v931' <Predicate = true> <Delay = 0.00>
ST_1 : Operation 7 [1/1] (0.00ns)   --->   "%indvar_flatten12583 = alloca i32 1"   --->   Operation 7 'alloca' 'indvar_flatten12583' <Predicate = true> <Delay = 0.00>
ST_1 : Operation 8 [1/1] (0.00ns)   --->   "%v929 = alloca i32 1" [spikingformer_official.cpp:2265->spikingformer_official.cpp:2330]   --->   Operation 8 'alloca' 'v929' <Predicate = true> <Delay = 0.00>
ST_1 : Operation 9 [1/1] (0.00ns)   --->   "%indvar_flatten12598 = alloca i32 1"   --->   Operation 9 'alloca' 'indvar_flatten12598' <Predicate = true> <Delay = 0.00>
ST_1 : Operation 10 [1/1] (0.00ns)   --->   "%v93212531 = alloca i32 1"   --->   Operation 10 'alloca' 'v93212531' <Predicate = true> <Delay = 0.00>
ST_1 : Operation 11 [1/1] (0.00ns)   --->   "%sext_ln2265_read = read i62 @_ssdm_op_Read.ap_auto.i62, i62 %sext_ln2265"   --->   Operation 11 'read' 'sext_ln2265_read' <Predicate = true> <Delay = 0.00>
ST_1 : Operation 12 [1/1] (0.00ns)   --->   "%sext_ln2265_cast = sext i62 %sext_ln2265_read"   --->   Operation 12 'sext' 'sext_ln2265_cast' <Predicate = true> <Delay = 0.00>
ST_1 : Operation 13 [1/1] (0.00ns)   --->   "%specstablecontent_ln0 = specstablecontent void @_ssdm_op_SpecStableContent, i32 %g0, i1 1, void "   --->   Operation 13 'specstablecontent' 'specstablecontent_ln0' <Predicate = true> <Delay = 0.00>
ST_1 : Operation 14 [1/1] (0.00ns)   --->   "%specinterface_ln0 = specinterface void @_ssdm_op_SpecInterface, i32 %g0, void @empty_26, i32 0, i32 0, void @empty_35, i32 0, i32 0, void @empty_22, void @empty_25, void @empty_35, i32 16, i32 16, i32 16, i32 16, void @empty_35, void @empty_35, i32 4294967295, i32 0, i32 0, i32 4"   --->   Operation 14 'specinterface' 'specinterface_ln0' <Predicate = true> <Delay = 0.00>
ST_1 : Operation 15 [1/1] (0.42ns)   --->   "%store_ln0 = store i16 0, i16 %indvar_flatten12598"   --->   Operation 15 'store' 'store_ln0' <Predicate = true> <Delay = 0.42>
ST_1 : Operation 16 [1/1] (0.42ns)   --->   "%store_ln2265 = store i6 0, i6 %v929" [spikingformer_official.cpp:2265->spikingformer_official.cpp:2330]   --->   Operation 16 'store' 'store_ln2265' <Predicate = true> <Delay = 0.42>
ST_1 : Operation 17 [1/1] (0.42ns)   --->   "%store_ln0 = store i12 0, i12 %indvar_flatten12583"   --->   Operation 17 'store' 'store_ln0' <Predicate = true> <Delay = 0.42>
ST_1 : Operation 18 [1/1] (0.42ns)   --->   "%store_ln2267 = store i6 0, i6 %v931" [spikingformer_official.cpp:2267->spikingformer_official.cpp:2330]   --->   Operation 18 'store' 'store_ln2267' <Predicate = true> <Delay = 0.42>
ST_1 : Operation 19 [1/1] (0.42ns)   --->   "%br_ln0 = br void %for.inc.i14"   --->   Operation 19 'br' 'br_ln0' <Predicate = true> <Delay = 0.42>

State 2 <SV = 1> <Delay = 2.43>
ST_2 : Operation 20 [1/1] (0.00ns)   --->   "%first_iter_3 = phi i1 1, void %newFuncRoot, i1 %or_ln2266_1, void %for.inc.i14.split" [spikingformer_official.cpp:2266->spikingformer_official.cpp:2330]   --->   Operation 20 'phi' 'first_iter_3' <Predicate = true> <Delay = 0.00>
ST_2 : Operation 21 [1/1] (0.00ns)   --->   "%first_iter_2 = phi i1 1, void %newFuncRoot, i1 0, void %for.inc.i14.split"   --->   Operation 21 'phi' 'first_iter_2' <Predicate = true> <Delay = 0.00>
ST_2 : Operation 22 [1/1] (0.00ns)   --->   "%v931_1 = load i6 %v931" [spikingformer_official.cpp:2267->spikingformer_official.cpp:2330]   --->   Operation 22 'load' 'v931_1' <Predicate = true> <Delay = 0.00>
ST_2 : Operation 23 [1/1] (0.00ns)   --->   "%indvar_flatten12583_load = load i12 %indvar_flatten12583" [spikingformer_official.cpp:2266->spikingformer_official.cpp:2330]   --->   Operation 23 'load' 'indvar_flatten12583_load' <Predicate = true> <Delay = 0.00>
ST_2 : Operation 24 [1/1] (0.00ns)   --->   "%indvar_flatten12598_load = load i16 %indvar_flatten12598" [spikingformer_official.cpp:2265->spikingformer_official.cpp:2330]   --->   Operation 24 'load' 'indvar_flatten12598_load' <Predicate = true> <Delay = 0.00>
ST_2 : Operation 25 [1/1] (0.00ns)   --->   "%specbitsmap_ln0 = specbitsmap void @_ssdm_op_SpecBitsMap, i32 %g0"   --->   Operation 25 'specbitsmap' 'specbitsmap_ln0' <Predicate = true> <Delay = 0.00>
ST_2 : Operation 26 [1/1] (0.85ns)   --->   "%icmp_ln2265 = icmp_eq  i16 %indvar_flatten12598_load, i16 49152" [spikingformer_official.cpp:2265->spikingformer_official.cpp:2330]   --->   Operation 26 'icmp' 'icmp_ln2265' <Predicate = true> <Delay = 0.85> <CoreInst = "Cmp">   --->   Core 9 'Cmp' <Latency = 0> <II = 1> <Delay = 0.85> <FuncUnit> <Opcode : 'seteq' 'setne' 'setle' 'setge' 'setlt' 'setgt'> <InPorts = 2> <OutPorts = 1>
ST_2 : Operation 27 [1/1] (0.85ns)   --->   "%add_ln2265_1 = add i16 %indvar_flatten12598_load, i16 1" [spikingformer_official.cpp:2265->spikingformer_official.cpp:2330]   --->   Operation 27 'add' 'add_ln2265_1' <Predicate = true> <Delay = 0.85> <CoreInst = "Adder">   --->   Core 1 'Adder' <Latency = 0> <II = 1> <Delay = 0.85> <FuncUnit> <Opcode : 'add' 'sub'> <InPorts = 2> <OutPorts = 1>
ST_2 : Operation 28 [1/1] (0.00ns)   --->   "%br_ln2265 = br i1 %icmp_ln2265, void %for.inc19.i, void %_Z9kernel604PfPA48_A32_A32_f.exit.exitStub" [spikingformer_official.cpp:2265->spikingformer_official.cpp:2330]   --->   Operation 28 'br' 'br_ln2265' <Predicate = true> <Delay = 0.00>
ST_2 : Operation 29 [1/1] (0.00ns)   --->   "%v929_load = load i6 %v929" [spikingformer_official.cpp:2265->spikingformer_official.cpp:2330]   --->   Operation 29 'load' 'v929_load' <Predicate = (!icmp_ln2265)> <Delay = 0.00>
ST_2 : Operation 30 [1/1] (0.78ns)   --->   "%add_ln2265 = add i6 %v929_load, i6 1" [spikingformer_official.cpp:2265->spikingformer_official.cpp:2330]   --->   Operation 30 'add' 'add_ln2265' <Predicate = (!icmp_ln2265)> <Delay = 0.78> <CoreInst = "Adder">   --->   Core 1 'Adder' <Latency = 0> <II = 1> <Delay = 0.78> <FuncUnit> <Opcode : 'add' 'sub'> <InPorts = 2> <OutPorts = 1>
ST_2 : Operation 31 [1/1] (0.80ns)   --->   "%icmp_ln2266 = icmp_eq  i12 %indvar_flatten12583_load, i12 1024" [spikingformer_official.cpp:2266->spikingformer_official.cpp:2330]   --->   Operation 31 'icmp' 'icmp_ln2266' <Predicate = (!icmp_ln2265)> <Delay = 0.80> <CoreInst = "Cmp">   --->   Core 9 'Cmp' <Latency = 0> <II = 1> <Delay = 0.80> <FuncUnit> <Opcode : 'seteq' 'setne' 'setle' 'setge' 'setlt' 'setgt'> <InPorts = 2> <OutPorts = 1>
ST_2 : Operation 32 [1/1] (0.00ns) (grouped into LUT with out node and_ln2267)   --->   "%or_ln2265 = or i1 %icmp_ln2266, i1 %first_iter_2" [spikingformer_official.cpp:2265->spikingformer_official.cpp:2330]   --->   Operation 32 'or' 'or_ln2265' <Predicate = (!icmp_ln2265)> <Delay = 0.00> <CoreInst = "LogicGate">   --->   Core 74 'LogicGate' <Latency = 0> <II = 1> <Delay = 0.28> <FuncUnit> <Opcode : 'and' 'or' 'xor'> <InPorts = 2> <OutPorts = 1>
ST_2 : Operation 33 [1/1] (0.00ns) (grouped into LUT with out node and_ln2265)   --->   "%xor_ln2265 = xor i1 %icmp_ln2266, i1 1" [spikingformer_official.cpp:2265->spikingformer_official.cpp:2330]   --->   Operation 33 'xor' 'xor_ln2265' <Predicate = (!icmp_ln2265)> <Delay = 0.00> <CoreInst = "LogicGate">   --->   Core 74 'LogicGate' <Latency = 0> <II = 1> <Delay = 0.28> <FuncUnit> <Opcode : 'and' 'or' 'xor'> <InPorts = 2> <OutPorts = 1>
ST_2 : Operation 34 [1/1] (0.78ns)   --->   "%icmp_ln2267 = icmp_eq  i6 %v931_1, i6 32" [spikingformer_official.cpp:2267->spikingformer_official.cpp:2330]   --->   Operation 34 'icmp' 'icmp_ln2267' <Predicate = (!icmp_ln2265)> <Delay = 0.78> <CoreInst = "Cmp">   --->   Core 9 'Cmp' <Latency = 0> <II = 1> <Delay = 0.78> <FuncUnit> <Opcode : 'seteq' 'setne' 'setle' 'setge' 'setlt' 'setgt'> <InPorts = 2> <OutPorts = 1>
ST_2 : Operation 35 [1/1] (0.28ns) (out node of the LUT)   --->   "%and_ln2265 = and i1 %icmp_ln2267, i1 %xor_ln2265" [spikingformer_official.cpp:2265->spikingformer_official.cpp:2330]   --->   Operation 35 'and' 'and_ln2265' <Predicate = (!icmp_ln2265)> <Delay = 0.28> <CoreInst = "LogicGate">   --->   Core 74 'LogicGate' <Latency = 0> <II = 1> <Delay = 0.28> <FuncUnit> <Opcode : 'and' 'or' 'xor'> <InPorts = 2> <OutPorts = 1>
ST_2 : Operation 36 [1/1] (0.38ns)   --->   "%select_ln2265 = select i1 %icmp_ln2266, i6 %add_ln2265, i6 %v929_load" [spikingformer_official.cpp:2265->spikingformer_official.cpp:2330]   --->   Operation 36 'select' 'select_ln2265' <Predicate = (!icmp_ln2265)> <Delay = 0.38> <CoreInst = "Sel">   --->   Core 73 'Sel' <Latency = 0> <II = 1> <Delay = 0.38> <FuncUnit> <Opcode : 'select'> <InPorts = 3> <OutPorts = 1>
ST_2 : Operation 37 [1/1] (0.00ns) (grouped into LUT with out node and_ln2267)   --->   "%or_ln2266 = or i1 %and_ln2265, i1 %or_ln2265" [spikingformer_official.cpp:2266->spikingformer_official.cpp:2330]   --->   Operation 37 'or' 'or_ln2266' <Predicate = (!icmp_ln2265)> <Delay = 0.00> <CoreInst = "LogicGate">   --->   Core 74 'LogicGate' <Latency = 0> <II = 1> <Delay = 0.28> <FuncUnit> <Opcode : 'and' 'or' 'xor'> <InPorts = 2> <OutPorts = 1>
ST_2 : Operation 38 [1/1] (0.00ns) (grouped into LUT with out node or_ln2266_1)   --->   "%xor_ln2266 = xor i1 %icmp_ln2267, i1 1" [spikingformer_official.cpp:2266->spikingformer_official.cpp:2330]   --->   Operation 38 'xor' 'xor_ln2266' <Predicate = (!icmp_ln2265)> <Delay = 0.00> <CoreInst = "LogicGate">   --->   Core 74 'LogicGate' <Latency = 0> <II = 1> <Delay = 0.28> <FuncUnit> <Opcode : 'and' 'or' 'xor'> <InPorts = 2> <OutPorts = 1>
ST_2 : Operation 39 [1/1] (0.00ns) (grouped into LUT with out node or_ln2266_1)   --->   "%and_ln2266 = and i1 %first_iter_3, i1 %xor_ln2266" [spikingformer_official.cpp:2266->spikingformer_official.cpp:2330]   --->   Operation 39 'and' 'and_ln2266' <Predicate = (!icmp_ln2265)> <Delay = 0.00> <CoreInst = "LogicGate">   --->   Core 74 'LogicGate' <Latency = 0> <II = 1> <Delay = 0.28> <FuncUnit> <Opcode : 'and' 'or' 'xor'> <InPorts = 2> <OutPorts = 1>
ST_2 : Operation 40 [1/1] (0.28ns) (out node of the LUT)   --->   "%or_ln2266_1 = or i1 %icmp_ln2266, i1 %and_ln2266" [spikingformer_official.cpp:2266->spikingformer_official.cpp:2330]   --->   Operation 40 'or' 'or_ln2266_1' <Predicate = (!icmp_ln2265)> <Delay = 0.28> <CoreInst = "LogicGate">   --->   Core 74 'LogicGate' <Latency = 0> <II = 1> <Delay = 0.28> <FuncUnit> <Opcode : 'and' 'or' 'xor'> <InPorts = 2> <OutPorts = 1>
ST_2 : Operation 41 [1/1] (0.00ns)   --->   "%zext_ln2265 = zext i6 %select_ln2265" [spikingformer_official.cpp:2265->spikingformer_official.cpp:2330]   --->   Operation 41 'zext' 'zext_ln2265' <Predicate = (!icmp_ln2265)> <Delay = 0.00>
ST_2 : Operation 42 [1/1] (0.00ns)   --->   "%v928_addr = getelementptr i32 %v928, i64 0, i64 %zext_ln2265" [spikingformer_official.cpp:2271->spikingformer_official.cpp:2330]   --->   Operation 42 'getelementptr' 'v928_addr' <Predicate = (!icmp_ln2265)> <Delay = 0.00>
ST_2 : Operation 43 [1/1] (0.28ns) (out node of the LUT)   --->   "%and_ln2267 = and i1 %or_ln2266, i1 %or_ln2266_1" [spikingformer_official.cpp:2267->spikingformer_official.cpp:2330]   --->   Operation 43 'and' 'and_ln2267' <Predicate = (!icmp_ln2265)> <Delay = 0.28> <CoreInst = "LogicGate">   --->   Core 74 'LogicGate' <Latency = 0> <II = 1> <Delay = 0.28> <FuncUnit> <Opcode : 'and' 'or' 'xor'> <InPorts = 2> <OutPorts = 1>
ST_2 : Operation 44 [1/1] (0.00ns)   --->   "%br_ln2267 = br i1 %and_ln2267, void %for.inc.i14.split, void %for.first.iter.VITIS_LOOP_2267_3.i" [spikingformer_official.cpp:2267->spikingformer_official.cpp:2330]   --->   Operation 44 'br' 'br_ln2267' <Predicate = (!icmp_ln2265)> <Delay = 0.00>
ST_2 : Operation 45 [2/2] (1.23ns)   --->   "%v932 = load i6 %v928_addr" [spikingformer_official.cpp:2271->spikingformer_official.cpp:2330]   --->   Operation 45 'load' 'v932' <Predicate = (!icmp_ln2265 & and_ln2267)> <Delay = 1.23> <CoreInst = "RAM">   --->   Core 82 'RAM' <Latency = 1> <II = 1> <Delay = 1.23> <Storage> <Opcode : 'load' 'store'> <Ports = 2> <Width = 32> <Depth = 48> <RAM>
ST_2 : Operation 46 [1/1] (0.78ns)   --->   "%add_ln2267 = add i6 %v931_1, i6 1" [spikingformer_official.cpp:2267->spikingformer_official.cpp:2330]   --->   Operation 46 'add' 'add_ln2267' <Predicate = (!icmp_ln2265)> <Delay = 0.78> <CoreInst = "Adder">   --->   Core 1 'Adder' <Latency = 0> <II = 1> <Delay = 0.78> <FuncUnit> <Opcode : 'add' 'sub'> <InPorts = 2> <OutPorts = 1>
ST_2 : Operation 47 [1/1] (0.00ns) (grouped into LUT with out node select_ln2267)   --->   "%or_ln2267 = or i1 %and_ln2265, i1 %icmp_ln2266" [spikingformer_official.cpp:2267->spikingformer_official.cpp:2330]   --->   Operation 47 'or' 'or_ln2267' <Predicate = (!icmp_ln2265)> <Delay = 0.00> <CoreInst = "LogicGate">   --->   Core 74 'LogicGate' <Latency = 0> <II = 1> <Delay = 0.28> <FuncUnit> <Opcode : 'and' 'or' 'xor'> <InPorts = 2> <OutPorts = 1>
ST_2 : Operation 48 [1/1] (0.38ns) (out node of the LUT)   --->   "%select_ln2267 = select i1 %or_ln2267, i6 1, i6 %add_ln2267" [spikingformer_official.cpp:2267->spikingformer_official.cpp:2330]   --->   Operation 48 'select' 'select_ln2267' <Predicate = (!icmp_ln2265)> <Delay = 0.38> <CoreInst = "Sel">   --->   Core 73 'Sel' <Latency = 0> <II = 1> <Delay = 0.38> <FuncUnit> <Opcode : 'select'> <InPorts = 3> <OutPorts = 1>
ST_2 : Operation 49 [1/1] (0.80ns)   --->   "%add_ln2266 = add i12 %indvar_flatten12583_load, i12 1" [spikingformer_official.cpp:2266->spikingformer_official.cpp:2330]   --->   Operation 49 'add' 'add_ln2266' <Predicate = (!icmp_ln2265)> <Delay = 0.80> <CoreInst = "Adder">   --->   Core 1 'Adder' <Latency = 0> <II = 1> <Delay = 0.80> <FuncUnit> <Opcode : 'add' 'sub'> <InPorts = 2> <OutPorts = 1>
ST_2 : Operation 50 [1/1] (0.37ns)   --->   "%select_ln2266 = select i1 %icmp_ln2266, i12 1, i12 %add_ln2266" [spikingformer_official.cpp:2266->spikingformer_official.cpp:2330]   --->   Operation 50 'select' 'select_ln2266' <Predicate = (!icmp_ln2265)> <Delay = 0.37> <CoreInst = "Sel">   --->   Core 73 'Sel' <Latency = 0> <II = 1> <Delay = 0.37> <FuncUnit> <Opcode : 'select'> <InPorts = 3> <OutPorts = 1>
ST_2 : Operation 51 [1/1] (0.42ns)   --->   "%store_ln2265 = store i16 %add_ln2265_1, i16 %indvar_flatten12598" [spikingformer_official.cpp:2265->spikingformer_official.cpp:2330]   --->   Operation 51 'store' 'store_ln2265' <Predicate = (!icmp_ln2265)> <Delay = 0.42>
ST_2 : Operation 52 [1/1] (0.42ns)   --->   "%store_ln2265 = store i6 %select_ln2265, i6 %v929" [spikingformer_official.cpp:2265->spikingformer_official.cpp:2330]   --->   Operation 52 'store' 'store_ln2265' <Predicate = (!icmp_ln2265)> <Delay = 0.42>
ST_2 : Operation 53 [1/1] (0.42ns)   --->   "%store_ln2266 = store i12 %select_ln2266, i12 %indvar_flatten12583" [spikingformer_official.cpp:2266->spikingformer_official.cpp:2330]   --->   Operation 53 'store' 'store_ln2266' <Predicate = (!icmp_ln2265)> <Delay = 0.42>
ST_2 : Operation 54 [1/1] (0.42ns)   --->   "%store_ln2267 = store i6 %select_ln2267, i6 %v931" [spikingformer_official.cpp:2267->spikingformer_official.cpp:2330]   --->   Operation 54 'store' 'store_ln2267' <Predicate = (!icmp_ln2265)> <Delay = 0.42>
ST_2 : Operation 55 [1/1] (0.00ns)   --->   "%br_ln2267 = br void %for.inc.i14" [spikingformer_official.cpp:2267->spikingformer_official.cpp:2330]   --->   Operation 55 'br' 'br_ln2267' <Predicate = (!icmp_ln2265)> <Delay = 0.00>

State 3 <SV = 2> <Delay = 1.23>
ST_3 : Operation 56 [1/2] ( I:1.23ns O:1.23ns )   --->   "%v932 = load i6 %v928_addr" [spikingformer_official.cpp:2271->spikingformer_official.cpp:2330]   --->   Operation 56 'load' 'v932' <Predicate = (and_ln2267)> <Delay = 1.23> <CoreInst = "RAM">   --->   Core 82 'RAM' <Latency = 1> <II = 1> <Delay = 1.23> <Storage> <Opcode : 'load' 'store'> <Ports = 2> <Width = 32> <Depth = 48> <RAM>
ST_3 : Operation 57 [1/1] (0.00ns)   --->   "%store_ln2271 = store i32 %v932, i32 %v93212531" [spikingformer_official.cpp:2271->spikingformer_official.cpp:2330]   --->   Operation 57 'store' 'store_ln2271' <Predicate = (and_ln2267)> <Delay = 0.00>
ST_3 : Operation 58 [1/1] (0.00ns)   --->   "%br_ln2266 = br void %for.inc.i14.split" [spikingformer_official.cpp:2266->spikingformer_official.cpp:2330]   --->   Operation 58 'br' 'br_ln2266' <Predicate = (and_ln2267)> <Delay = 0.00>
ST_3 : Operation 66 [1/1] (0.42ns)   --->   "%ret_ln0 = ret"   --->   Operation 66 'ret' 'ret_ln0' <Predicate = (icmp_ln2265)> <Delay = 0.42>

State 4 <SV = 3> <Delay = 7.30>
ST_4 : Operation 59 [1/1] (0.00ns)   --->   "%g0_addr = getelementptr i32 %g0, i64 %sext_ln2265_cast" [spikingformer_official.cpp:2265->spikingformer_official.cpp:2330]   --->   Operation 59 'getelementptr' 'g0_addr' <Predicate = (!icmp_ln2265)> <Delay = 0.00>
ST_4 : Operation 60 [1/1] (0.00ns)   --->   "%specloopname_ln0 = specloopname void @_ssdm_op_SpecLoopName, void @VITIS_LOOP_2265_1_VITIS_LOOP_2266_2_VITIS_LOOP_2267_3_str"   --->   Operation 60 'specloopname' 'specloopname_ln0' <Predicate = (!icmp_ln2265)> <Delay = 0.00>
ST_4 : Operation 61 [1/1] (0.00ns)   --->   "%speclooptripcount_ln0 = speclooptripcount void @_ssdm_op_SpecLoopTripCount, i64 49152, i64 49152, i64 49152"   --->   Operation 61 'speclooptripcount' 'speclooptripcount_ln0' <Predicate = (!icmp_ln2265)> <Delay = 0.00>
ST_4 : Operation 62 [1/1] (0.00ns)   --->   "%v93212531_load = load i32 %v93212531"   --->   Operation 62 'load' 'v93212531_load' <Predicate = (!icmp_ln2265)> <Delay = 0.00>
ST_4 : Operation 63 [1/1] (0.00ns)   --->   "%bitcast_ln2272 = bitcast i32 %v93212531_load" [spikingformer_official.cpp:2272->spikingformer_official.cpp:2330]   --->   Operation 63 'bitcast' 'bitcast_ln2272' <Predicate = (!icmp_ln2265)> <Delay = 0.00>
ST_4 : Operation 64 [1/1] (0.00ns)   --->   "%specpipeline_ln2268 = specpipeline void @_ssdm_op_SpecPipeline, i32 1, i32 0, i32 0, i32 0, i32 4294967295, void @empty_35" [spikingformer_official.cpp:2268->spikingformer_official.cpp:2330]   --->   Operation 64 'specpipeline' 'specpipeline_ln2268' <Predicate = (!icmp_ln2265)> <Delay = 0.00>
ST_4 : Operation 65 [1/1] ( I:7.30ns O:7.30ns )   --->   "%write_ln2272 = write void @_ssdm_op_Write.m_axi.p1i32.i32, i32 %g0_addr, i32 %bitcast_ln2272, i4 15" [spikingformer_official.cpp:2272->spikingformer_official.cpp:2330]   --->   Operation 65 'write' 'write_ln2272' <Predicate = (!icmp_ln2265)> <Delay = 7.30> <CoreInst = "m_axi">   --->   Core 119 'm_axi' <Latency = 5> <II = 1> <Delay = 1.00> <Adapter> <Opcode : 'readrequnaligned' 'writerequnaligned' 'read' 'write' 'readreq' 'writereq' 'writeresp'>


============================================================
+ Verbose Summary: Timing violations
============================================================
Target clock period: 10.000ns, clock uncertainty: 2.700ns.

 <State 1>: 0.427ns
The critical path consists of the following:
	'alloca' operation 16 bit ('indvar_flatten12598') [7]  (0.000 ns)
	'store' operation ('store_ln0') of constant 0 16 bit on local variable 'indvar_flatten12598' [13]  (0.427 ns)

 <State 2>: 2.430ns
The critical path consists of the following:
	'load' operation 12 bit ('indvar_flatten12583_load', spikingformer_official.cpp:2266->spikingformer_official.cpp:2330) on local variable 'indvar_flatten12583' [22]  (0.000 ns)
	'icmp' operation 1 bit ('icmp_ln2266', spikingformer_official.cpp:2266->spikingformer_official.cpp:2330) [34]  (0.809 ns)
	'select' operation 6 bit ('select_ln2265', spikingformer_official.cpp:2265->spikingformer_official.cpp:2330) [39]  (0.384 ns)
	'getelementptr' operation 6 bit ('v928_addr', spikingformer_official.cpp:2271->spikingformer_official.cpp:2330) [45]  (0.000 ns)
	'load' operation 32 bit ('v932', spikingformer_official.cpp:2271->spikingformer_official.cpp:2330) on array 'v928' [49]  (1.237 ns)

 <State 3>: 1.237ns
The critical path consists of the following:
	'load' operation 32 bit ('v932', spikingformer_official.cpp:2271->spikingformer_official.cpp:2330) on array 'v928' [49]  (1.237 ns)

 <State 4>: 7.300ns
The critical path consists of the following:
	'getelementptr' operation 32 bit ('g0_addr', spikingformer_official.cpp:2265->spikingformer_official.cpp:2330) [30]  (0.000 ns)
	bus write operation ('write_ln2272', spikingformer_official.cpp:2272->spikingformer_official.cpp:2330) on port 'g0' (spikingformer_official.cpp:2272->spikingformer_official.cpp:2330) [56]  (7.300 ns)


============================================================
+ Verbose Summary: Binding
============================================================
N/A
* FSMD analyzer results:
  - Output states:
 - Input state : 
  - Chain level:
	State 1
	State 2
	State 3
	State 4


============================================================
+ Verbose Summary: Datapath Resource usage 
============================================================
N/A
