

================================================================
== Vitis HLS Report for 'control_Pipeline_VITIS_LOOP_836_1_VITIS_LOOP_837_2_VITIS_LOOP_838_329'
================================================================
* Date:           Sun Jul 12 20:26:12 2026

* Version:        2025.2 (Build 6295257 on Nov 14 2025)
* Project:        spikingformer_proj
* Solution:       solution1 (Vivado IP Flow Target)
* Product family: zynquplus
* Target device:  xczu7ev-ffvc1156-2-e


================================================================
== Performance Estimates
================================================================
+ Timing: 
    * Summary: 
    +--------+----------+----------+------------+
    |  Clock |  Target  | Estimated| Uncertainty|
    +--------+----------+----------+------------+
    |ap_clk  |  10.00 ns|  7.300 ns|     2.70 ns|
    +--------+----------+----------+------------+

+ Latency: 
    * Summary: 
    +---------+---------+----------+----------+-----+-----+-------------------+
    |  Latency (cycles) |  Latency (absolute) |  Interval |      Pipeline     |
    |   min   |   max   |    min   |    max   | min | max |        Type       |
    +---------+---------+----------+----------+-----+-----+-------------------+
    |    49168|    49168|  0.492 ms|  0.492 ms|    0|    0|  loop pipeline stp|
    +---------+---------+----------+----------+-----+-----+-------------------+

    + Detail: 
        * Instance: 
        N/A

        * Loop: 
        +------------------------------------------------------+---------+---------+----------+-----------+-----------+-------+----------+
        |                                                      |  Latency (cycles) | Iteration|  Initiation Interval  |  Trip |          |
        |                       Loop Name                      |   min   |   max   |  Latency |  achieved |   target  | Count | Pipelined|
        +------------------------------------------------------+---------+---------+----------+-----------+-----------+-------+----------+
        |- VITIS_LOOP_836_1_VITIS_LOOP_837_2_VITIS_LOOP_838_3  |    49166|    49166|        16|          1|          1|  49152|       yes|
        +------------------------------------------------------+---------+---------+----------+-----------+-----------+-------+----------+

============================================================
+ Verbose Summary: Synthesis Manager
============================================================
InlineROM: 1
ExposeGlobal: 0
============================================================
+ Verbose Summary: CDFG Model
============================================================
IsTopModel: 0
ResetActiveHigh: 1
IsCombinational: 0
IsDatapathOnly: 0
HasWiredReturn: 1
HasMFsm: 2
HasVarLatency: 1
IsPipeline: 0
IsRtlPipelined: 0
IsInstanceOverlapped: 0
IsDontTouch: 0
HasImplIP: 0
IsGatedGlobalClock: 0

+ Individual pipeline summary: 
  * Pipeline-0: initiation interval (II) = 1, depth = 17


============================================================
+ Verbose Summary: Schedule
============================================================
* Number of FSM states : 17
* Pipeline : 1
  Pipeline-0 : II = 1, D = 17, States = { 1 2 3 4 5 6 7 8 9 10 11 12 13 14 15 16 17 }
* Dataflow Pipeline: 0

* FSM state transitions: 
1 --> 2 
2 --> 3 
3 --> 4 
4 --> 5 
5 --> 6 
6 --> 7 
7 --> 8 
8 --> 9 
9 --> 10 
10 --> 11 
11 --> 12 
12 --> 13 
13 --> 14 
14 --> 15 
15 --> 16 
16 --> 17 
17 --> 

* FSM state operations: 

State 1 <SV = 0> <Delay = 0.42>
ST_1 : Operation 19 [1/1] (0.00ns)   --->   "%v343 = alloca i32 1" [spikingformer_official.cpp:838->spikingformer_official.cpp:2908]   --->   Operation 19 'alloca' 'v343' <Predicate = true> <Delay = 0.00>
ST_1 : Operation 20 [1/1] (0.00ns)   --->   "%v342 = alloca i32 1" [spikingformer_official.cpp:837->spikingformer_official.cpp:2908]   --->   Operation 20 'alloca' 'v342' <Predicate = true> <Delay = 0.00>
ST_1 : Operation 21 [1/1] (0.00ns)   --->   "%indvar_flatten14525 = alloca i32 1"   --->   Operation 21 'alloca' 'indvar_flatten14525' <Predicate = true> <Delay = 0.00>
ST_1 : Operation 22 [1/1] (0.00ns)   --->   "%v341 = alloca i32 1" [spikingformer_official.cpp:836->spikingformer_official.cpp:2908]   --->   Operation 22 'alloca' 'v341' <Predicate = true> <Delay = 0.00>
ST_1 : Operation 23 [1/1] (0.00ns)   --->   "%indvar_flatten14539 = alloca i32 1"   --->   Operation 23 'alloca' 'indvar_flatten14539' <Predicate = true> <Delay = 0.00>
ST_1 : Operation 24 [1/1] (0.00ns)   --->   "%v945_read = read i64 @_ssdm_op_Read.ap_auto.i64, i64 %v945"   --->   Operation 24 'read' 'v945_read' <Predicate = true> <Delay = 0.00>
ST_1 : Operation 25 [1/1] (0.00ns)   --->   "%sext_ln8415 = read i62 @_ssdm_op_Read.ap_auto.i62, i62 %sext_ln841"   --->   Operation 25 'read' 'sext_ln8415' <Predicate = true> <Delay = 0.00>
ST_1 : Operation 26 [1/1] (0.00ns)   --->   "%sext_ln2734 = read i62 @_ssdm_op_Read.ap_auto.i62, i62 %sext_ln273"   --->   Operation 26 'read' 'sext_ln2734' <Predicate = true> <Delay = 0.00>
ST_1 : Operation 27 [1/1] (0.00ns)   --->   "%specstablecontent_ln0 = specstablecontent void @_ssdm_op_SpecStableContent, i32 %g0, i1 1, void "   --->   Operation 27 'specstablecontent' 'specstablecontent_ln0' <Predicate = true> <Delay = 0.00>
ST_1 : Operation 28 [1/1] (0.00ns)   --->   "%specinterface_ln0 = specinterface void @_ssdm_op_SpecInterface, i32 %g0, void @empty_26, i32 0, i32 0, void @empty_35, i32 0, i32 0, void @empty_22, void @empty_25, void @empty_35, i32 16, i32 16, i32 16, i32 16, void @empty_35, void @empty_35, i32 4294967295, i32 0, i32 0, i32 4"   --->   Operation 28 'specinterface' 'specinterface_ln0' <Predicate = true> <Delay = 0.00>
ST_1 : Operation 29 [1/1] (0.42ns)   --->   "%store_ln0 = store i16 0, i16 %indvar_flatten14539"   --->   Operation 29 'store' 'store_ln0' <Predicate = true> <Delay = 0.42>
ST_1 : Operation 30 [1/1] (0.42ns)   --->   "%store_ln836 = store i4 0, i4 %v341" [spikingformer_official.cpp:836->spikingformer_official.cpp:2908]   --->   Operation 30 'store' 'store_ln836' <Predicate = true> <Delay = 0.42>
ST_1 : Operation 31 [1/1] (0.42ns)   --->   "%store_ln0 = store i14 0, i14 %indvar_flatten14525"   --->   Operation 31 'store' 'store_ln0' <Predicate = true> <Delay = 0.42>
ST_1 : Operation 32 [1/1] (0.42ns)   --->   "%store_ln837 = store i7 0, i7 %v342" [spikingformer_official.cpp:837->spikingformer_official.cpp:2908]   --->   Operation 32 'store' 'store_ln837' <Predicate = true> <Delay = 0.42>
ST_1 : Operation 33 [1/1] (0.42ns)   --->   "%store_ln838 = store i7 0, i7 %v343" [spikingformer_official.cpp:838->spikingformer_official.cpp:2908]   --->   Operation 33 'store' 'store_ln838' <Predicate = true> <Delay = 0.42>
ST_1 : Operation 34 [1/1] (0.42ns)   --->   "%br_ln0 = br void %for.inc.i1500"   --->   Operation 34 'br' 'br_ln0' <Predicate = true> <Delay = 0.42>

State 2 <SV = 1> <Delay = 4.11>
ST_2 : Operation 35 [1/1] (0.00ns)   --->   "%first_iter_147 = phi i1 1, void %newFuncRoot, i1 0, void %new.latch.for.inc.i1500.split"   --->   Operation 35 'phi' 'first_iter_147' <Predicate = true> <Delay = 0.00>
ST_2 : Operation 36 [1/1] (0.00ns)   --->   "%v343_1 = load i7 %v343" [spikingformer_official.cpp:838->spikingformer_official.cpp:2908]   --->   Operation 36 'load' 'v343_1' <Predicate = true> <Delay = 0.00>
ST_2 : Operation 37 [1/1] (0.00ns)   --->   "%indvar_flatten14525_load = load i14 %indvar_flatten14525" [spikingformer_official.cpp:837->spikingformer_official.cpp:2908]   --->   Operation 37 'load' 'indvar_flatten14525_load' <Predicate = true> <Delay = 0.00>
ST_2 : Operation 38 [1/1] (0.00ns)   --->   "%indvar_flatten14539_load = load i16 %indvar_flatten14539" [spikingformer_official.cpp:836->spikingformer_official.cpp:2908]   --->   Operation 38 'load' 'indvar_flatten14539_load' <Predicate = true> <Delay = 0.00>
ST_2 : Operation 39 [1/1] (0.00ns)   --->   "%specbitsmap_ln0 = specbitsmap void @_ssdm_op_SpecBitsMap, i32 %g0"   --->   Operation 39 'specbitsmap' 'specbitsmap_ln0' <Predicate = true> <Delay = 0.00>
ST_2 : Operation 40 [1/1] (0.85ns)   --->   "%icmp_ln836 = icmp_eq  i16 %indvar_flatten14539_load, i16 49152" [spikingformer_official.cpp:836->spikingformer_official.cpp:2908]   --->   Operation 40 'icmp' 'icmp_ln836' <Predicate = true> <Delay = 0.85> <CoreInst = "Cmp">   --->   Core 9 'Cmp' <Latency = 0> <II = 1> <Delay = 0.85> <FuncUnit> <Opcode : 'seteq' 'setne' 'setle' 'setge' 'setlt' 'setgt'> <InPorts = 2> <OutPorts = 1>
ST_2 : Operation 41 [1/1] (0.85ns)   --->   "%add_ln836 = add i16 %indvar_flatten14539_load, i16 1" [spikingformer_official.cpp:836->spikingformer_official.cpp:2908]   --->   Operation 41 'add' 'add_ln836' <Predicate = true> <Delay = 0.85> <CoreInst = "Adder">   --->   Core 1 'Adder' <Latency = 0> <II = 1> <Delay = 0.85> <FuncUnit> <Opcode : 'add' 'sub'> <InPorts = 2> <OutPorts = 1>
ST_2 : Operation 42 [1/1] (0.00ns)   --->   "%br_ln836 = br i1 %icmp_ln836, void %for.inc23.i1506, void %_Z8kernel62PA64_A64_fPA12_S0_.exit1507.exitStub" [spikingformer_official.cpp:836->spikingformer_official.cpp:2908]   --->   Operation 42 'br' 'br_ln836' <Predicate = true> <Delay = 0.00>
ST_2 : Operation 43 [1/1] (0.00ns)   --->   "%v342_load = load i7 %v342" [spikingformer_official.cpp:836->spikingformer_official.cpp:2908]   --->   Operation 43 'load' 'v342_load' <Predicate = (!icmp_ln836)> <Delay = 0.00>
ST_2 : Operation 44 [1/1] (0.00ns)   --->   "%v341_load = load i4 %v341" [spikingformer_official.cpp:836->spikingformer_official.cpp:2908]   --->   Operation 44 'load' 'v341_load' <Predicate = (!icmp_ln836)> <Delay = 0.00>
ST_2 : Operation 45 [1/1] (0.79ns)   --->   "%add_ln836_1 = add i4 %v341_load, i4 1" [spikingformer_official.cpp:836->spikingformer_official.cpp:2908]   --->   Operation 45 'add' 'add_ln836_1' <Predicate = (!icmp_ln836)> <Delay = 0.79> <CoreInst = "Adder">   --->   Core 1 'Adder' <Latency = 0> <II = 1> <Delay = 0.79> <FuncUnit> <Opcode : 'add' 'sub'> <InPorts = 2> <OutPorts = 1>
ST_2 : Operation 46 [1/1] (0.00ns)   --->   "%specloopname_ln0 = specloopname void @_ssdm_op_SpecLoopName, void @VITIS_LOOP_836_1_VITIS_LOOP_837_2_VITIS_LOOP_838_3_str"   --->   Operation 46 'specloopname' 'specloopname_ln0' <Predicate = (!icmp_ln836)> <Delay = 0.00>
ST_2 : Operation 47 [1/1] (0.00ns)   --->   "%speclooptripcount_ln0 = speclooptripcount void @_ssdm_op_SpecLoopTripCount, i64 49152, i64 49152, i64 49152"   --->   Operation 47 'speclooptripcount' 'speclooptripcount_ln0' <Predicate = (!icmp_ln836)> <Delay = 0.00>
ST_2 : Operation 48 [1/1] (0.83ns)   --->   "%icmp_ln837 = icmp_eq  i14 %indvar_flatten14525_load, i14 4096" [spikingformer_official.cpp:837->spikingformer_official.cpp:2908]   --->   Operation 48 'icmp' 'icmp_ln837' <Predicate = (!icmp_ln836)> <Delay = 0.83> <CoreInst = "Cmp">   --->   Core 9 'Cmp' <Latency = 0> <II = 1> <Delay = 0.83> <FuncUnit> <Opcode : 'seteq' 'setne' 'setle' 'setge' 'setlt' 'setgt'> <InPorts = 2> <OutPorts = 1>
ST_2 : Operation 49 [1/1] (0.36ns)   --->   "%select_ln836 = select i1 %icmp_ln837, i7 0, i7 %v342_load" [spikingformer_official.cpp:836->spikingformer_official.cpp:2908]   --->   Operation 49 'select' 'select_ln836' <Predicate = (!icmp_ln836)> <Delay = 0.36> <CoreInst = "Sel">   --->   Core 73 'Sel' <Latency = 0> <II = 1> <Delay = 0.36> <FuncUnit> <Opcode : 'select'> <InPorts = 3> <OutPorts = 1>
ST_2 : Operation 50 [1/1] (0.00ns) (grouped into LUT with out node first_iter_147_mid2)   --->   "%or_ln836 = or i1 %icmp_ln837, i1 %first_iter_147" [spikingformer_official.cpp:836->spikingformer_official.cpp:2908]   --->   Operation 50 'or' 'or_ln836' <Predicate = (!icmp_ln836)> <Delay = 0.00> <CoreInst = "LogicGate">   --->   Core 74 'LogicGate' <Latency = 0> <II = 1> <Delay = 0.28> <FuncUnit> <Opcode : 'and' 'or' 'xor'> <InPorts = 2> <OutPorts = 1>
ST_2 : Operation 51 [1/1] (0.00ns) (grouped into LUT with out node and_ln836)   --->   "%xor_ln836 = xor i1 %icmp_ln837, i1 1" [spikingformer_official.cpp:836->spikingformer_official.cpp:2908]   --->   Operation 51 'xor' 'xor_ln836' <Predicate = (!icmp_ln836)> <Delay = 0.00> <CoreInst = "LogicGate">   --->   Core 74 'LogicGate' <Latency = 0> <II = 1> <Delay = 0.28> <FuncUnit> <Opcode : 'and' 'or' 'xor'> <InPorts = 2> <OutPorts = 1>
ST_2 : Operation 52 [1/1] (0.77ns)   --->   "%icmp_ln838 = icmp_eq  i7 %v343_1, i7 64" [spikingformer_official.cpp:838->spikingformer_official.cpp:2908]   --->   Operation 52 'icmp' 'icmp_ln838' <Predicate = (!icmp_ln836)> <Delay = 0.77> <CoreInst = "Cmp">   --->   Core 9 'Cmp' <Latency = 0> <II = 1> <Delay = 0.77> <FuncUnit> <Opcode : 'seteq' 'setne' 'setle' 'setge' 'setlt' 'setgt'> <InPorts = 2> <OutPorts = 1>
ST_2 : Operation 53 [1/1] (0.28ns) (out node of the LUT)   --->   "%and_ln836 = and i1 %icmp_ln838, i1 %xor_ln836" [spikingformer_official.cpp:836->spikingformer_official.cpp:2908]   --->   Operation 53 'and' 'and_ln836' <Predicate = (!icmp_ln836)> <Delay = 0.28> <CoreInst = "LogicGate">   --->   Core 74 'LogicGate' <Latency = 0> <II = 1> <Delay = 0.28> <FuncUnit> <Opcode : 'and' 'or' 'xor'> <InPorts = 2> <OutPorts = 1>
ST_2 : Operation 54 [1/1] (0.39ns)   --->   "%select_ln836_1 = select i1 %icmp_ln837, i4 %add_ln836_1, i4 %v341_load" [spikingformer_official.cpp:836->spikingformer_official.cpp:2908]   --->   Operation 54 'select' 'select_ln836_1' <Predicate = (!icmp_ln836)> <Delay = 0.39> <CoreInst = "Sel">   --->   Core 73 'Sel' <Latency = 0> <II = 1> <Delay = 0.39> <FuncUnit> <Opcode : 'select'> <InPorts = 3> <OutPorts = 1>
ST_2 : Operation 55 [1/1] (0.77ns)   --->   "%add_ln837 = add i7 %select_ln836, i7 1" [spikingformer_official.cpp:837->spikingformer_official.cpp:2908]   --->   Operation 55 'add' 'add_ln837' <Predicate = (!icmp_ln836)> <Delay = 0.77> <CoreInst = "Adder">   --->   Core 1 'Adder' <Latency = 0> <II = 1> <Delay = 0.77> <FuncUnit> <Opcode : 'add' 'sub'> <InPorts = 2> <OutPorts = 1>
ST_2 : Operation 56 [1/1] (0.28ns) (out node of the LUT)   --->   "%first_iter_147_mid2 = or i1 %and_ln836, i1 %or_ln836" [spikingformer_official.cpp:836->spikingformer_official.cpp:2908]   --->   Operation 56 'or' 'first_iter_147_mid2' <Predicate = (!icmp_ln836)> <Delay = 0.28> <CoreInst = "LogicGate">   --->   Core 74 'LogicGate' <Latency = 0> <II = 1> <Delay = 0.28> <FuncUnit> <Opcode : 'and' 'or' 'xor'> <InPorts = 2> <OutPorts = 1>
ST_2 : Operation 57 [1/1] (0.36ns)   --->   "%select_ln837 = select i1 %and_ln836, i7 %add_ln837, i7 %select_ln836" [spikingformer_official.cpp:837->spikingformer_official.cpp:2908]   --->   Operation 57 'select' 'select_ln837' <Predicate = (!icmp_ln836)> <Delay = 0.36> <CoreInst = "Sel">   --->   Core 73 'Sel' <Latency = 0> <II = 1> <Delay = 0.36> <FuncUnit> <Opcode : 'select'> <InPorts = 3> <OutPorts = 1>
ST_2 : Operation 58 [1/1] (0.00ns)   --->   "%shl_ln837_1 = bitconcatenate i16 @_ssdm_op_BitConcatenate.i16.i4.i12, i4 %select_ln836_1, i12 0" [spikingformer_official.cpp:837->spikingformer_official.cpp:2908]   --->   Operation 58 'bitconcatenate' 'shl_ln837_1' <Predicate = (!icmp_ln836)> <Delay = 0.00>
ST_2 : Operation 59 [1/1] (0.00ns)   --->   "%zext_ln837 = zext i16 %shl_ln837_1" [spikingformer_official.cpp:837->spikingformer_official.cpp:2908]   --->   Operation 59 'zext' 'zext_ln837' <Predicate = (!icmp_ln836)> <Delay = 0.00>
ST_2 : Operation 60 [1/1] (0.00ns)   --->   "%trunc_ln838 = trunc i7 %select_ln837" [spikingformer_official.cpp:838->spikingformer_official.cpp:2908]   --->   Operation 60 'trunc' 'trunc_ln838' <Predicate = (!icmp_ln836)> <Delay = 0.00>
ST_2 : Operation 61 [1/1] (0.00ns)   --->   "%shl_ln838_3 = bitconcatenate i12 @_ssdm_op_BitConcatenate.i12.i6.i6, i6 %trunc_ln838, i6 0" [spikingformer_official.cpp:838->spikingformer_official.cpp:2908]   --->   Operation 61 'bitconcatenate' 'shl_ln838_3' <Predicate = (!icmp_ln836)> <Delay = 0.00>
ST_2 : Operation 62 [1/1] (0.00ns)   --->   "%zext_ln838 = zext i12 %shl_ln838_3" [spikingformer_official.cpp:838->spikingformer_official.cpp:2908]   --->   Operation 62 'zext' 'zext_ln838' <Predicate = (!icmp_ln836)> <Delay = 0.00>
ST_2 : Operation 63 [1/1] (0.00ns) (grouped into TernaryAdder)   --->   "%add_ln838 = add i24 %zext_ln838, i24 8682240" [spikingformer_official.cpp:838->spikingformer_official.cpp:2908]   --->   Operation 63 'add' 'add_ln838' <Predicate = (!icmp_ln836)> <Delay = 0.00> <CoreInst = "TAddSub">   --->   Core 10 'TAddSub' <Latency = 0> <II = 1> <Delay = 0.35> <IPBlock> <Opcode : 'add' 'sub'> <InPorts = 3> <OutPorts = 1> <Sync> <CReg>
ST_2 : Operation 64 [1/1] (0.70ns) (root node of TernaryAdder)   --->   "%add_ln838_1 = add i24 %add_ln838, i24 %zext_ln837" [spikingformer_official.cpp:838->spikingformer_official.cpp:2908]   --->   Operation 64 'add' 'add_ln838_1' <Predicate = (!icmp_ln836)> <Delay = 0.70> <CoreInst = "TAddSub">   --->   Core 10 'TAddSub' <Latency = 0> <II = 1> <Delay = 0.35> <IPBlock> <Opcode : 'add' 'sub'> <InPorts = 3> <OutPorts = 1> <Sync> <CReg>
ST_2 : Operation 65 [1/1] (0.00ns)   --->   "%shl_ln838_4 = bitconcatenate i26 @_ssdm_op_BitConcatenate.i26.i24.i2, i24 %add_ln838_1, i2 0" [spikingformer_official.cpp:838->spikingformer_official.cpp:2908]   --->   Operation 65 'bitconcatenate' 'shl_ln838_4' <Predicate = (!icmp_ln836)> <Delay = 0.00>
ST_2 : Operation 66 [1/1] (0.00ns)   --->   "%zext_ln838_1 = zext i26 %shl_ln838_4" [spikingformer_official.cpp:838->spikingformer_official.cpp:2908]   --->   Operation 66 'zext' 'zext_ln838_1' <Predicate = (!icmp_ln836)> <Delay = 0.00>
ST_2 : Operation 67 [1/1] (1.08ns)   --->   "%add_ln838_2 = add i64 %zext_ln838_1, i64 %v945_read" [spikingformer_official.cpp:838->spikingformer_official.cpp:2908]   --->   Operation 67 'add' 'add_ln838_2' <Predicate = (!icmp_ln836)> <Delay = 1.08> <CoreInst = "Adder">   --->   Core 1 'Adder' <Latency = 0> <II = 1> <Delay = 1.08> <FuncUnit> <Opcode : 'add' 'sub'> <InPorts = 2> <OutPorts = 1>
ST_2 : Operation 68 [1/1] (0.00ns) (grouped into TernaryAdder)   --->   "%add_ln838_3 = add i24 %zext_ln838, i24 9348096" [spikingformer_official.cpp:838->spikingformer_official.cpp:2908]   --->   Operation 68 'add' 'add_ln838_3' <Predicate = (!icmp_ln836)> <Delay = 0.00> <CoreInst = "TAddSub">   --->   Core 10 'TAddSub' <Latency = 0> <II = 1> <Delay = 0.35> <IPBlock> <Opcode : 'add' 'sub'> <InPorts = 3> <OutPorts = 1> <Sync> <CReg>
ST_2 : Operation 69 [1/1] (0.70ns) (root node of TernaryAdder)   --->   "%add_ln838_4 = add i24 %add_ln838_3, i24 %zext_ln837" [spikingformer_official.cpp:838->spikingformer_official.cpp:2908]   --->   Operation 69 'add' 'add_ln838_4' <Predicate = (!icmp_ln836)> <Delay = 0.70> <CoreInst = "TAddSub">   --->   Core 10 'TAddSub' <Latency = 0> <II = 1> <Delay = 0.35> <IPBlock> <Opcode : 'add' 'sub'> <InPorts = 3> <OutPorts = 1> <Sync> <CReg>
ST_2 : Operation 70 [1/1] (0.00ns)   --->   "%shl_ln838_5 = bitconcatenate i26 @_ssdm_op_BitConcatenate.i26.i24.i2, i24 %add_ln838_4, i2 0" [spikingformer_official.cpp:838->spikingformer_official.cpp:2908]   --->   Operation 70 'bitconcatenate' 'shl_ln838_5' <Predicate = (!icmp_ln836)> <Delay = 0.00>
ST_2 : Operation 71 [1/1] (0.00ns)   --->   "%zext_ln838_2 = zext i26 %shl_ln838_5" [spikingformer_official.cpp:838->spikingformer_official.cpp:2908]   --->   Operation 71 'zext' 'zext_ln838_2' <Predicate = (!icmp_ln836)> <Delay = 0.00>
ST_2 : Operation 72 [1/1] (1.08ns)   --->   "%add_ln838_5 = add i64 %zext_ln838_2, i64 %v945_read" [spikingformer_official.cpp:838->spikingformer_official.cpp:2908]   --->   Operation 72 'add' 'add_ln838_5' <Predicate = (!icmp_ln836)> <Delay = 1.08> <CoreInst = "Adder">   --->   Core 1 'Adder' <Latency = 0> <II = 1> <Delay = 1.08> <FuncUnit> <Opcode : 'add' 'sub'> <InPorts = 2> <OutPorts = 1>
ST_2 : Operation 73 [1/1] (0.00ns)   --->   "%trunc_ln838_4 = partselect i62 @_ssdm_op_PartSelect.i62.i64.i32.i32, i64 %add_ln838_5, i32 2, i32 63" [spikingformer_official.cpp:838->spikingformer_official.cpp:2908]   --->   Operation 73 'partselect' 'trunc_ln838_4' <Predicate = (!icmp_ln836)> <Delay = 0.00>
ST_2 : Operation 74 [1/1] (0.00ns)   --->   "%sext_ln838 = sext i62 %trunc_ln838_4" [spikingformer_official.cpp:838->spikingformer_official.cpp:2908]   --->   Operation 74 'sext' 'sext_ln838' <Predicate = (!icmp_ln836)> <Delay = 0.00>
ST_2 : Operation 75 [1/1] (0.00ns)   --->   "%g0_addr = getelementptr i32 %g0, i64 %sext_ln838" [spikingformer_official.cpp:838->spikingformer_official.cpp:2908]   --->   Operation 75 'getelementptr' 'g0_addr' <Predicate = (!icmp_ln836)> <Delay = 0.00>
ST_2 : Operation 76 [1/1] (0.00ns)   --->   "%trunc_ln838_5 = partselect i62 @_ssdm_op_PartSelect.i62.i64.i32.i32, i64 %add_ln838_2, i32 2, i32 63" [spikingformer_official.cpp:838->spikingformer_official.cpp:2908]   --->   Operation 76 'partselect' 'trunc_ln838_5' <Predicate = (!icmp_ln836)> <Delay = 0.00>
ST_2 : Operation 77 [1/1] (0.00ns)   --->   "%sext_ln838_1 = sext i62 %trunc_ln838_5" [spikingformer_official.cpp:838->spikingformer_official.cpp:2908]   --->   Operation 77 'sext' 'sext_ln838_1' <Predicate = (!icmp_ln836)> <Delay = 0.00>
ST_2 : Operation 78 [1/1] (0.00ns)   --->   "%g0_addr_55 = getelementptr i32 %g0, i64 %sext_ln838_1" [spikingformer_official.cpp:838->spikingformer_official.cpp:2908]   --->   Operation 78 'getelementptr' 'g0_addr_55' <Predicate = (!icmp_ln836)> <Delay = 0.00>
ST_2 : Operation 79 [1/1] (0.00ns)   --->   "%br_ln838 = br i1 %first_iter_147_mid2, void %for.inc.i1500.split, void %new.body.VITIS_LOOP_838_3.i1494" [spikingformer_official.cpp:838->spikingformer_official.cpp:2908]   --->   Operation 79 'br' 'br_ln838' <Predicate = (!icmp_ln836)> <Delay = 0.00>
ST_2 : Operation 80 [1/1] (0.77ns)   --->   "%add_ln838_6 = add i7 %v343_1, i7 1" [spikingformer_official.cpp:838->spikingformer_official.cpp:2908]   --->   Operation 80 'add' 'add_ln838_6' <Predicate = (!icmp_ln836)> <Delay = 0.77> <CoreInst = "Adder">   --->   Core 1 'Adder' <Latency = 0> <II = 1> <Delay = 0.77> <FuncUnit> <Opcode : 'add' 'sub'> <InPorts = 2> <OutPorts = 1>
ST_2 : Operation 81 [1/1] (0.00ns) (grouped into LUT with out node select_ln838)   --->   "%or_ln838 = or i1 %and_ln836, i1 %icmp_ln837" [spikingformer_official.cpp:838->spikingformer_official.cpp:2908]   --->   Operation 81 'or' 'or_ln838' <Predicate = (!icmp_ln836)> <Delay = 0.00> <CoreInst = "LogicGate">   --->   Core 74 'LogicGate' <Latency = 0> <II = 1> <Delay = 0.28> <FuncUnit> <Opcode : 'and' 'or' 'xor'> <InPorts = 2> <OutPorts = 1>
ST_2 : Operation 82 [1/1] (0.36ns) (out node of the LUT)   --->   "%select_ln838 = select i1 %or_ln838, i7 1, i7 %add_ln838_6" [spikingformer_official.cpp:838->spikingformer_official.cpp:2908]   --->   Operation 82 'select' 'select_ln838' <Predicate = (!icmp_ln836)> <Delay = 0.36> <CoreInst = "Sel">   --->   Core 73 'Sel' <Latency = 0> <II = 1> <Delay = 0.36> <FuncUnit> <Opcode : 'select'> <InPorts = 3> <OutPorts = 1>
ST_2 : Operation 83 [1/1] (0.77ns)   --->   "%icmp_ln838_1 = icmp_eq  i7 %select_ln838, i7 64" [spikingformer_official.cpp:838->spikingformer_official.cpp:2908]   --->   Operation 83 'icmp' 'icmp_ln838_1' <Predicate = (!icmp_ln836)> <Delay = 0.77> <CoreInst = "Cmp">   --->   Core 9 'Cmp' <Latency = 0> <II = 1> <Delay = 0.77> <FuncUnit> <Opcode : 'seteq' 'setne' 'setle' 'setge' 'setlt' 'setgt'> <InPorts = 2> <OutPorts = 1>
ST_2 : Operation 84 [1/1] (0.00ns)   --->   "%br_ln838 = br i1 %icmp_ln838_1, void %new.latch.for.inc.i1500.split, void %last.iter.for.inc.i1500.split" [spikingformer_official.cpp:838->spikingformer_official.cpp:2908]   --->   Operation 84 'br' 'br_ln838' <Predicate = (!icmp_ln836)> <Delay = 0.00>
ST_2 : Operation 85 [1/1] (0.83ns)   --->   "%add_ln837_1 = add i14 %indvar_flatten14525_load, i14 1" [spikingformer_official.cpp:837->spikingformer_official.cpp:2908]   --->   Operation 85 'add' 'add_ln837_1' <Predicate = (!icmp_ln836)> <Delay = 0.83> <CoreInst = "Adder">   --->   Core 1 'Adder' <Latency = 0> <II = 1> <Delay = 0.83> <FuncUnit> <Opcode : 'add' 'sub'> <InPorts = 2> <OutPorts = 1>
ST_2 : Operation 86 [1/1] (0.23ns)   --->   "%select_ln837_1 = select i1 %icmp_ln837, i14 1, i14 %add_ln837_1" [spikingformer_official.cpp:837->spikingformer_official.cpp:2908]   --->   Operation 86 'select' 'select_ln837_1' <Predicate = (!icmp_ln836)> <Delay = 0.23> <CoreInst = "Sel">   --->   Core 73 'Sel' <Latency = 0> <II = 1> <Delay = 0.23> <FuncUnit> <Opcode : 'select'> <InPorts = 3> <OutPorts = 1>
ST_2 : Operation 87 [1/1] (0.42ns)   --->   "%store_ln836 = store i16 %add_ln836, i16 %indvar_flatten14539" [spikingformer_official.cpp:836->spikingformer_official.cpp:2908]   --->   Operation 87 'store' 'store_ln836' <Predicate = (!icmp_ln836)> <Delay = 0.42>
ST_2 : Operation 88 [1/1] (0.42ns)   --->   "%store_ln836 = store i4 %select_ln836_1, i4 %v341" [spikingformer_official.cpp:836->spikingformer_official.cpp:2908]   --->   Operation 88 'store' 'store_ln836' <Predicate = (!icmp_ln836)> <Delay = 0.42>
ST_2 : Operation 89 [1/1] (0.42ns)   --->   "%store_ln837 = store i14 %select_ln837_1, i14 %indvar_flatten14525" [spikingformer_official.cpp:837->spikingformer_official.cpp:2908]   --->   Operation 89 'store' 'store_ln837' <Predicate = (!icmp_ln836)> <Delay = 0.42>
ST_2 : Operation 90 [1/1] (0.42ns)   --->   "%store_ln837 = store i7 %select_ln837, i7 %v342" [spikingformer_official.cpp:837->spikingformer_official.cpp:2908]   --->   Operation 90 'store' 'store_ln837' <Predicate = (!icmp_ln836)> <Delay = 0.42>
ST_2 : Operation 91 [1/1] (0.42ns)   --->   "%store_ln838 = store i7 %select_ln838, i7 %v343" [spikingformer_official.cpp:838->spikingformer_official.cpp:2908]   --->   Operation 91 'store' 'store_ln838' <Predicate = (!icmp_ln836)> <Delay = 0.42>
ST_2 : Operation 92 [1/1] (0.00ns)   --->   "%br_ln838 = br void %for.inc.i1500" [spikingformer_official.cpp:838->spikingformer_official.cpp:2908]   --->   Operation 92 'br' 'br_ln838' <Predicate = (!icmp_ln836)> <Delay = 0.00>

State 3 <SV = 2> <Delay = 7.30>
ST_3 : Operation 93 [8/8] (7.30ns)   --->   "%empty_85 = readreq i1 @_ssdm_op_ReadReq.m_axi.p1i32, i32 %g0_addr, i64 64" [spikingformer_official.cpp:838->spikingformer_official.cpp:2908]   --->   Operation 93 'readreq' 'empty_85' <Predicate = (first_iter_147_mid2)> <Delay = 7.30> <CoreInst = "m_axi">   --->   Core 119 'm_axi' <Latency = 6> <II = 1> <Delay = 1.00> <Adapter> <Opcode : 'readrequnaligned' 'writerequnaligned' 'read' 'write' 'readreq' 'writereq' 'writeresp'>
ST_3 : Operation 94 [1/1] ( I:7.30ns O:7.30ns )   --->   "%empty_86 = writereq i1 @_ssdm_op_WriteReq.m_axi.p1i32, i32 %g0_addr_55, i64 64" [spikingformer_official.cpp:838->spikingformer_official.cpp:2908]   --->   Operation 94 'writereq' 'empty_86' <Predicate = (first_iter_147_mid2)> <Delay = 7.30> <CoreInst = "m_axi">   --->   Core 119 'm_axi' <Latency = 9> <II = 1> <Delay = 1.00> <Adapter> <Opcode : 'readrequnaligned' 'writerequnaligned' 'read' 'write' 'readreq' 'writereq' 'writeresp'>

State 4 <SV = 3> <Delay = 0.00>
ST_4 : Operation 95 [7/8] (7.30ns)   --->   "%empty_85 = readreq i1 @_ssdm_op_ReadReq.m_axi.p1i32, i32 %g0_addr, i64 64" [spikingformer_official.cpp:838->spikingformer_official.cpp:2908]   --->   Operation 95 'readreq' 'empty_85' <Predicate = (first_iter_147_mid2)> <Delay = 7.30> <CoreInst = "m_axi">   --->   Core 119 'm_axi' <Latency = 6> <II = 1> <Delay = 1.00> <Adapter> <Opcode : 'readrequnaligned' 'writerequnaligned' 'read' 'write' 'readreq' 'writereq' 'writeresp'>

State 5 <SV = 4> <Delay = 0.00>
ST_5 : Operation 96 [6/8] (7.30ns)   --->   "%empty_85 = readreq i1 @_ssdm_op_ReadReq.m_axi.p1i32, i32 %g0_addr, i64 64" [spikingformer_official.cpp:838->spikingformer_official.cpp:2908]   --->   Operation 96 'readreq' 'empty_85' <Predicate = (first_iter_147_mid2)> <Delay = 7.30> <CoreInst = "m_axi">   --->   Core 119 'm_axi' <Latency = 6> <II = 1> <Delay = 1.00> <Adapter> <Opcode : 'readrequnaligned' 'writerequnaligned' 'read' 'write' 'readreq' 'writereq' 'writeresp'>

State 6 <SV = 5> <Delay = 0.00>
ST_6 : Operation 97 [5/8] (7.30ns)   --->   "%empty_85 = readreq i1 @_ssdm_op_ReadReq.m_axi.p1i32, i32 %g0_addr, i64 64" [spikingformer_official.cpp:838->spikingformer_official.cpp:2908]   --->   Operation 97 'readreq' 'empty_85' <Predicate = (first_iter_147_mid2)> <Delay = 7.30> <CoreInst = "m_axi">   --->   Core 119 'm_axi' <Latency = 6> <II = 1> <Delay = 1.00> <Adapter> <Opcode : 'readrequnaligned' 'writerequnaligned' 'read' 'write' 'readreq' 'writereq' 'writeresp'>

State 7 <SV = 6> <Delay = 0.00>
ST_7 : Operation 98 [4/8] (7.30ns)   --->   "%empty_85 = readreq i1 @_ssdm_op_ReadReq.m_axi.p1i32, i32 %g0_addr, i64 64" [spikingformer_official.cpp:838->spikingformer_official.cpp:2908]   --->   Operation 98 'readreq' 'empty_85' <Predicate = (first_iter_147_mid2)> <Delay = 7.30> <CoreInst = "m_axi">   --->   Core 119 'm_axi' <Latency = 6> <II = 1> <Delay = 1.00> <Adapter> <Opcode : 'readrequnaligned' 'writerequnaligned' 'read' 'write' 'readreq' 'writereq' 'writeresp'>

State 8 <SV = 7> <Delay = 0.00>
ST_8 : Operation 99 [3/8] (7.30ns)   --->   "%empty_85 = readreq i1 @_ssdm_op_ReadReq.m_axi.p1i32, i32 %g0_addr, i64 64" [spikingformer_official.cpp:838->spikingformer_official.cpp:2908]   --->   Operation 99 'readreq' 'empty_85' <Predicate = (first_iter_147_mid2)> <Delay = 7.30> <CoreInst = "m_axi">   --->   Core 119 'm_axi' <Latency = 6> <II = 1> <Delay = 1.00> <Adapter> <Opcode : 'readrequnaligned' 'writerequnaligned' 'read' 'write' 'readreq' 'writereq' 'writeresp'>

State 9 <SV = 8> <Delay = 0.00>
ST_9 : Operation 100 [2/8] (7.30ns)   --->   "%empty_85 = readreq i1 @_ssdm_op_ReadReq.m_axi.p1i32, i32 %g0_addr, i64 64" [spikingformer_official.cpp:838->spikingformer_official.cpp:2908]   --->   Operation 100 'readreq' 'empty_85' <Predicate = (first_iter_147_mid2)> <Delay = 7.30> <CoreInst = "m_axi">   --->   Core 119 'm_axi' <Latency = 6> <II = 1> <Delay = 1.00> <Adapter> <Opcode : 'readrequnaligned' 'writerequnaligned' 'read' 'write' 'readreq' 'writereq' 'writeresp'>

State 10 <SV = 9> <Delay = 7.30>
ST_10 : Operation 101 [1/8] ( I:7.30ns O:7.30ns )   --->   "%empty_85 = readreq i1 @_ssdm_op_ReadReq.m_axi.p1i32, i32 %g0_addr, i64 64" [spikingformer_official.cpp:838->spikingformer_official.cpp:2908]   --->   Operation 101 'readreq' 'empty_85' <Predicate = (first_iter_147_mid2)> <Delay = 7.30> <CoreInst = "m_axi">   --->   Core 119 'm_axi' <Latency = 6> <II = 1> <Delay = 1.00> <Adapter> <Opcode : 'readrequnaligned' 'writerequnaligned' 'read' 'write' 'readreq' 'writereq' 'writeresp'>
ST_10 : Operation 102 [1/1] (0.00ns)   --->   "%br_ln838 = br void %for.inc.i1500.split" [spikingformer_official.cpp:838->spikingformer_official.cpp:2908]   --->   Operation 102 'br' 'br_ln838' <Predicate = (first_iter_147_mid2)> <Delay = 0.00>

State 11 <SV = 10> <Delay = 7.30>
ST_11 : Operation 103 [1/1] ( I:7.30ns O:7.30ns )   --->   "%v344 = read i32 @_ssdm_op_Read.m_axi.i32.p1i32, i32 %g0_addr" [spikingformer_official.cpp:842->spikingformer_official.cpp:2908]   --->   Operation 103 'read' 'v344' <Predicate = true> <Delay = 7.30> <CoreInst = "m_axi">   --->   Core 119 'm_axi' <Latency = 3> <II = 1> <Delay = 1.00> <Adapter> <Opcode : 'readrequnaligned' 'writerequnaligned' 'read' 'write' 'readreq' 'writereq' 'writeresp'>

State 12 <SV = 11> <Delay = 7.30>
ST_12 : Operation 104 [1/1] (0.00ns)   --->   "%specpipeline_ln839 = specpipeline void @_ssdm_op_SpecPipeline, i32 1, i32 0, i32 0, i32 0, i32 4294967295, void @empty_35" [spikingformer_official.cpp:839->spikingformer_official.cpp:2908]   --->   Operation 104 'specpipeline' 'specpipeline_ln839' <Predicate = true> <Delay = 0.00>
ST_12 : Operation 105 [1/1] ( I:7.30ns O:7.30ns )   --->   "%write_ln843 = write void @_ssdm_op_Write.m_axi.p1i32.i32, i32 %g0_addr_55, i32 %v344, i4 15" [spikingformer_official.cpp:843->spikingformer_official.cpp:2908]   --->   Operation 105 'write' 'write_ln843' <Predicate = true> <Delay = 7.30> <CoreInst = "m_axi">   --->   Core 119 'm_axi' <Latency = 5> <II = 1> <Delay = 1.00> <Adapter> <Opcode : 'readrequnaligned' 'writerequnaligned' 'read' 'write' 'readreq' 'writereq' 'writeresp'>

State 13 <SV = 12> <Delay = 0.00>
ST_13 : Operation 106 [5/5] (7.30ns)   --->   "%empty = writeresp i1 @_ssdm_op_WriteResp.m_axi.p1i32, i32 %g0_addr_55" [spikingformer_official.cpp:837->spikingformer_official.cpp:2908]   --->   Operation 106 'writeresp' 'empty' <Predicate = (icmp_ln838_1)> <Delay = 7.30> <CoreInst = "m_axi">   --->   Core 119 'm_axi' <Latency = 3> <II = 1> <Delay = 1.00> <Adapter> <Opcode : 'readrequnaligned' 'writerequnaligned' 'read' 'write' 'readreq' 'writereq' 'writeresp'>

State 14 <SV = 13> <Delay = 0.00>
ST_14 : Operation 107 [4/5] (7.30ns)   --->   "%empty = writeresp i1 @_ssdm_op_WriteResp.m_axi.p1i32, i32 %g0_addr_55" [spikingformer_official.cpp:837->spikingformer_official.cpp:2908]   --->   Operation 107 'writeresp' 'empty' <Predicate = (icmp_ln838_1)> <Delay = 7.30> <CoreInst = "m_axi">   --->   Core 119 'm_axi' <Latency = 3> <II = 1> <Delay = 1.00> <Adapter> <Opcode : 'readrequnaligned' 'writerequnaligned' 'read' 'write' 'readreq' 'writereq' 'writeresp'>

State 15 <SV = 14> <Delay = 0.00>
ST_15 : Operation 108 [3/5] (7.30ns)   --->   "%empty = writeresp i1 @_ssdm_op_WriteResp.m_axi.p1i32, i32 %g0_addr_55" [spikingformer_official.cpp:837->spikingformer_official.cpp:2908]   --->   Operation 108 'writeresp' 'empty' <Predicate = (icmp_ln838_1)> <Delay = 7.30> <CoreInst = "m_axi">   --->   Core 119 'm_axi' <Latency = 3> <II = 1> <Delay = 1.00> <Adapter> <Opcode : 'readrequnaligned' 'writerequnaligned' 'read' 'write' 'readreq' 'writereq' 'writeresp'>

State 16 <SV = 15> <Delay = 0.42>
ST_16 : Operation 109 [2/5] (7.30ns)   --->   "%empty = writeresp i1 @_ssdm_op_WriteResp.m_axi.p1i32, i32 %g0_addr_55" [spikingformer_official.cpp:837->spikingformer_official.cpp:2908]   --->   Operation 109 'writeresp' 'empty' <Predicate = (icmp_ln838_1)> <Delay = 7.30> <CoreInst = "m_axi">   --->   Core 119 'm_axi' <Latency = 3> <II = 1> <Delay = 1.00> <Adapter> <Opcode : 'readrequnaligned' 'writerequnaligned' 'read' 'write' 'readreq' 'writereq' 'writeresp'>
ST_16 : Operation 112 [1/1] (0.42ns)   --->   "%ret_ln0 = ret"   --->   Operation 112 'ret' 'ret_ln0' <Predicate = (icmp_ln836)> <Delay = 0.42>

State 17 <SV = 16> <Delay = 7.30>
ST_17 : Operation 110 [1/5] ( I:7.30ns O:7.30ns )   --->   "%empty = writeresp i1 @_ssdm_op_WriteResp.m_axi.p1i32, i32 %g0_addr_55" [spikingformer_official.cpp:837->spikingformer_official.cpp:2908]   --->   Operation 110 'writeresp' 'empty' <Predicate = (icmp_ln838_1)> <Delay = 7.30> <CoreInst = "m_axi">   --->   Core 119 'm_axi' <Latency = 3> <II = 1> <Delay = 1.00> <Adapter> <Opcode : 'readrequnaligned' 'writerequnaligned' 'read' 'write' 'readreq' 'writereq' 'writeresp'>
ST_17 : Operation 111 [1/1] (0.00ns)   --->   "%br_ln838 = br void %new.latch.for.inc.i1500.split" [spikingformer_official.cpp:838->spikingformer_official.cpp:2908]   --->   Operation 111 'br' 'br_ln838' <Predicate = (icmp_ln838_1)> <Delay = 0.00>


============================================================
+ Verbose Summary: Timing violations
============================================================
Target clock period: 10.000ns, clock uncertainty: 2.700ns.

 <State 1>: 0.427ns
The critical path consists of the following:
	'alloca' operation 16 bit ('indvar_flatten14539') [9]  (0.000 ns)
	'store' operation ('store_ln0') of constant 0 16 bit on local variable 'indvar_flatten14539' [15]  (0.427 ns)

 <State 2>: 4.118ns
The critical path consists of the following:
	'load' operation 14 bit ('indvar_flatten14525_load', spikingformer_official.cpp:837->spikingformer_official.cpp:2908) on local variable 'indvar_flatten14525' [24]  (0.000 ns)
	'icmp' operation 1 bit ('icmp_ln837', spikingformer_official.cpp:837->spikingformer_official.cpp:2908) [36]  (0.831 ns)
	'select' operation 7 bit ('select_ln836', spikingformer_official.cpp:836->spikingformer_official.cpp:2908) [37]  (0.360 ns)
	'add' operation 7 bit ('add_ln837', spikingformer_official.cpp:837->spikingformer_official.cpp:2908) [43]  (0.773 ns)
	'select' operation 7 bit ('select_ln837', spikingformer_official.cpp:837->spikingformer_official.cpp:2908) [45]  (0.360 ns)
	'add' operation 24 bit ('add_ln838', spikingformer_official.cpp:838->spikingformer_official.cpp:2908) [51]  (0.000 ns)
	'add' operation 24 bit ('add_ln838_1', spikingformer_official.cpp:838->spikingformer_official.cpp:2908) [52]  (0.709 ns)
	'add' operation 64 bit ('add_ln838_2', spikingformer_official.cpp:838->spikingformer_official.cpp:2908) [55]  (1.085 ns)

 <State 3>: 7.300ns
The critical path consists of the following:
	bus request operation ('empty_86', spikingformer_official.cpp:838->spikingformer_official.cpp:2908) on port 'g0' (spikingformer_official.cpp:838->spikingformer_official.cpp:2908) [70]  (7.300 ns)

 <State 4>: 0.000ns
The critical path consists of the following:

 <State 5>: 0.000ns
The critical path consists of the following:

 <State 6>: 0.000ns
The critical path consists of the following:

 <State 7>: 0.000ns
The critical path consists of the following:

 <State 8>: 0.000ns
The critical path consists of the following:

 <State 9>: 0.000ns
The critical path consists of the following:

 <State 10>: 7.300ns
The critical path consists of the following:
	bus request operation ('empty_85', spikingformer_official.cpp:838->spikingformer_official.cpp:2908) on port 'g0' (spikingformer_official.cpp:838->spikingformer_official.cpp:2908) [69]  (7.300 ns)

 <State 11>: 7.300ns
The critical path consists of the following:
	bus read operation ('v344', spikingformer_official.cpp:842->spikingformer_official.cpp:2908) on port 'g0' (spikingformer_official.cpp:842->spikingformer_official.cpp:2908) [74]  (7.300 ns)

 <State 12>: 7.300ns
The critical path consists of the following:
	bus write operation ('write_ln843', spikingformer_official.cpp:843->spikingformer_official.cpp:2908) on port 'g0' (spikingformer_official.cpp:843->spikingformer_official.cpp:2908) [75]  (7.300 ns)

 <State 13>: 0.000ns
The critical path consists of the following:

 <State 14>: 0.000ns
The critical path consists of the following:

 <State 15>: 0.000ns
The critical path consists of the following:

 <State 16>: 0.427ns
The critical path consists of the following:

 <State 17>: 7.300ns
The critical path consists of the following:
	bus response operation ('empty', spikingformer_official.cpp:837->spikingformer_official.cpp:2908) on port 'g0' (spikingformer_official.cpp:837->spikingformer_official.cpp:2908) [82]  (7.300 ns)


============================================================
+ Verbose Summary: Binding
============================================================
N/A
* FSMD analyzer results:
  - Output states:
 - Input state : 
  - Chain level:
	State 1
	State 2
	State 3
	State 4
	State 5
	State 6
	State 7
	State 8
	State 9
	State 10
	State 11
	State 12
	State 13
	State 14
	State 15
	State 16
	State 17


============================================================
+ Verbose Summary: Datapath Resource usage 
============================================================
N/A
