

================================================================
== Vitis HLS Report for 'control_Pipeline_VITIS_LOOP_2173_1_VITIS_LOOP_2174_2_VITIS_LOOP_2175_3'
================================================================
* Date:           Sun Jul 12 20:26:03 2026

* Version:        2025.2 (Build 6295257 on Nov 14 2025)
* Project:        spikingformer_proj
* Solution:       solution1 (Vivado IP Flow Target)
* Product family: zynquplus
* Target device:  xczu7ev-ffvc1156-2-e


================================================================
== Performance Estimates
================================================================
+ Timing: 
    * Summary: 
    +--------+----------+----------+------------+
    |  Clock |  Target  | Estimated| Uncertainty|
    +--------+----------+----------+------------+
    |ap_clk  |  10.00 ns|  7.300 ns|     2.70 ns|
    +--------+----------+----------+------------+

+ Latency: 
    * Summary: 
    +---------+---------+----------+----------+-----+-----+-------------------+
    |  Latency (cycles) |  Latency (absolute) |  Interval |      Pipeline     |
    |   min   |   max   |    min   |    max   | min | max |        Type       |
    +---------+---------+----------+----------+-----+-----+-------------------+
    |    49172|    49172|  0.492 ms|  0.492 ms|    0|    0|  loop pipeline stp|
    +---------+---------+----------+----------+-----+-----+-------------------+

    + Detail: 
        * Instance: 
        N/A

        * Loop: 
        +---------------------------------------------------------+---------+---------+----------+-----------+-----------+-------+----------+
        |                                                         |  Latency (cycles) | Iteration|  Initiation Interval  |  Trip |          |
        |                        Loop Name                        |   min   |   max   |  Latency |  achieved |   target  | Count | Pipelined|
        +---------------------------------------------------------+---------+---------+----------+-----------+-----------+-------+----------+
        |- VITIS_LOOP_2173_1_VITIS_LOOP_2174_2_VITIS_LOOP_2175_3  |    49170|    49170|        20|          1|          1|  49152|       yes|
        +---------------------------------------------------------+---------+---------+----------+-----------+-----------+-------+----------+

============================================================
+ Verbose Summary: Synthesis Manager
============================================================
InlineROM: 1
ExposeGlobal: 0
============================================================
+ Verbose Summary: CDFG Model
============================================================
IsTopModel: 0
ResetActiveHigh: 1
IsCombinational: 0
IsDatapathOnly: 0
HasWiredReturn: 1
HasMFsm: 2
HasVarLatency: 1
IsPipeline: 0
IsRtlPipelined: 0
IsInstanceOverlapped: 0
IsDontTouch: 0
HasImplIP: 0
IsGatedGlobalClock: 0

+ Individual pipeline summary: 
  * Pipeline-0: initiation interval (II) = 1, depth = 21


============================================================
+ Verbose Summary: Schedule
============================================================
* Number of FSM states : 21
* Pipeline : 1
  Pipeline-0 : II = 1, D = 21, States = { 1 2 3 4 5 6 7 8 9 10 11 12 13 14 15 16 17 18 19 20 21 }
* Dataflow Pipeline: 0

* FSM state transitions: 
1 --> 2 
2 --> 3 
3 --> 4 
4 --> 5 
5 --> 6 
6 --> 7 
7 --> 8 
8 --> 9 
9 --> 10 
10 --> 11 
11 --> 12 
12 --> 13 
13 --> 14 
14 --> 15 
15 --> 16 
16 --> 17 
17 --> 18 
18 --> 19 
19 --> 20 
20 --> 21 
21 --> 

* FSM state operations: 

State 1 <SV = 0> <Delay = 0.42>
ST_1 : Operation 23 [1/1] (0.00ns)   --->   "%v892 = alloca i32 1" [spikingformer_official.cpp:2175->spikingformer_official.cpp:2343]   --->   Operation 23 'alloca' 'v892' <Predicate = true> <Delay = 0.00>
ST_1 : Operation 24 [1/1] (0.00ns)   --->   "%v891 = alloca i32 1" [spikingformer_official.cpp:2174->spikingformer_official.cpp:2343]   --->   Operation 24 'alloca' 'v891' <Predicate = true> <Delay = 0.00>
ST_1 : Operation 25 [1/1] (0.00ns)   --->   "%indvar_flatten12800 = alloca i32 1"   --->   Operation 25 'alloca' 'indvar_flatten12800' <Predicate = true> <Delay = 0.00>
ST_1 : Operation 26 [1/1] (0.00ns)   --->   "%v890 = alloca i32 1" [spikingformer_official.cpp:2173->spikingformer_official.cpp:2343]   --->   Operation 26 'alloca' 'v890' <Predicate = true> <Delay = 0.00>
ST_1 : Operation 27 [1/1] (0.00ns)   --->   "%indvar_flatten12813 = alloca i32 1"   --->   Operation 27 'alloca' 'indvar_flatten12813' <Predicate = true> <Delay = 0.00>
ST_1 : Operation 28 [1/1] (0.00ns)   --->   "%v1159_read = read i64 @_ssdm_op_Read.ap_auto.i64, i64 %v1159"   --->   Operation 28 'read' 'v1159_read' <Predicate = true> <Delay = 0.00>
ST_1 : Operation 29 [1/1] (0.00ns)   --->   "%sext_ln22994 = read i62 @_ssdm_op_Read.ap_auto.i62, i62 %sext_ln2299"   --->   Operation 29 'read' 'sext_ln22994' <Predicate = true> <Delay = 0.00>
ST_1 : Operation 30 [1/1] (0.00ns)   --->   "%specstablecontent_ln0 = specstablecontent void @_ssdm_op_SpecStableContent, i32 %g0, i1 1, void "   --->   Operation 30 'specstablecontent' 'specstablecontent_ln0' <Predicate = true> <Delay = 0.00>
ST_1 : Operation 31 [1/1] (0.00ns)   --->   "%specinterface_ln0 = specinterface void @_ssdm_op_SpecInterface, i32 %g0, void @empty_26, i32 0, i32 0, void @empty_35, i32 0, i32 0, void @empty_22, void @empty_25, void @empty_35, i32 16, i32 16, i32 16, i32 16, void @empty_35, void @empty_35, i32 4294967295, i32 0, i32 0, i32 4"   --->   Operation 31 'specinterface' 'specinterface_ln0' <Predicate = true> <Delay = 0.00>
ST_1 : Operation 32 [1/1] (0.42ns)   --->   "%store_ln0 = store i16 0, i16 %indvar_flatten12813"   --->   Operation 32 'store' 'store_ln0' <Predicate = true> <Delay = 0.42>
ST_1 : Operation 33 [1/1] (0.42ns)   --->   "%store_ln2173 = store i6 0, i6 %v890" [spikingformer_official.cpp:2173->spikingformer_official.cpp:2343]   --->   Operation 33 'store' 'store_ln2173' <Predicate = true> <Delay = 0.42>
ST_1 : Operation 34 [1/1] (0.42ns)   --->   "%store_ln0 = store i12 0, i12 %indvar_flatten12800"   --->   Operation 34 'store' 'store_ln0' <Predicate = true> <Delay = 0.42>
ST_1 : Operation 35 [1/1] (0.42ns)   --->   "%store_ln2174 = store i6 0, i6 %v891" [spikingformer_official.cpp:2174->spikingformer_official.cpp:2343]   --->   Operation 35 'store' 'store_ln2174' <Predicate = true> <Delay = 0.42>
ST_1 : Operation 36 [1/1] (0.42ns)   --->   "%store_ln2175 = store i6 0, i6 %v892" [spikingformer_official.cpp:2175->spikingformer_official.cpp:2343]   --->   Operation 36 'store' 'store_ln2175' <Predicate = true> <Delay = 0.42>
ST_1 : Operation 37 [1/1] (0.00ns)   --->   "%br_ln0 = br void %for.inc.i81"   --->   Operation 37 'br' 'br_ln0' <Predicate = true> <Delay = 0.00>

State 2 <SV = 1> <Delay = 3.17>
ST_2 : Operation 38 [1/1] (0.00ns)   --->   "%indvar_flatten12813_load = load i16 %indvar_flatten12813" [spikingformer_official.cpp:2173->spikingformer_official.cpp:2343]   --->   Operation 38 'load' 'indvar_flatten12813_load' <Predicate = true> <Delay = 0.00>
ST_2 : Operation 39 [1/1] (0.00ns)   --->   "%specbitsmap_ln0 = specbitsmap void @_ssdm_op_SpecBitsMap, i32 %g0"   --->   Operation 39 'specbitsmap' 'specbitsmap_ln0' <Predicate = true> <Delay = 0.00>
ST_2 : Operation 40 [1/1] (0.85ns)   --->   "%icmp_ln2173 = icmp_eq  i16 %indvar_flatten12813_load, i16 49152" [spikingformer_official.cpp:2173->spikingformer_official.cpp:2343]   --->   Operation 40 'icmp' 'icmp_ln2173' <Predicate = true> <Delay = 0.85> <CoreInst = "Cmp">   --->   Core 9 'Cmp' <Latency = 0> <II = 1> <Delay = 0.85> <FuncUnit> <Opcode : 'seteq' 'setne' 'setle' 'setge' 'setlt' 'setgt'> <InPorts = 2> <OutPorts = 1>
ST_2 : Operation 41 [1/1] (0.85ns)   --->   "%add_ln2173_1 = add i16 %indvar_flatten12813_load, i16 1" [spikingformer_official.cpp:2173->spikingformer_official.cpp:2343]   --->   Operation 41 'add' 'add_ln2173_1' <Predicate = true> <Delay = 0.85> <CoreInst = "Adder">   --->   Core 1 'Adder' <Latency = 0> <II = 1> <Delay = 0.85> <FuncUnit> <Opcode : 'add' 'sub'> <InPorts = 2> <OutPorts = 1>
ST_2 : Operation 42 [1/1] (0.00ns)   --->   "%br_ln2173 = br i1 %icmp_ln2173, void %for.inc24.i87, void %_Z9kernel595PA48_A32_A32_ff.exit.exitStub" [spikingformer_official.cpp:2173->spikingformer_official.cpp:2343]   --->   Operation 42 'br' 'br_ln2173' <Predicate = true> <Delay = 0.00>
ST_2 : Operation 43 [1/1] (0.00ns)   --->   "%v892_load = load i6 %v892" [spikingformer_official.cpp:2175->spikingformer_official.cpp:2343]   --->   Operation 43 'load' 'v892_load' <Predicate = (!icmp_ln2173)> <Delay = 0.00>
ST_2 : Operation 44 [1/1] (0.00ns)   --->   "%v891_load = load i6 %v891" [spikingformer_official.cpp:2173->spikingformer_official.cpp:2343]   --->   Operation 44 'load' 'v891_load' <Predicate = (!icmp_ln2173)> <Delay = 0.00>
ST_2 : Operation 45 [1/1] (0.00ns)   --->   "%indvar_flatten12800_load = load i12 %indvar_flatten12800" [spikingformer_official.cpp:2174->spikingformer_official.cpp:2343]   --->   Operation 45 'load' 'indvar_flatten12800_load' <Predicate = (!icmp_ln2173)> <Delay = 0.00>
ST_2 : Operation 46 [1/1] (0.00ns)   --->   "%v890_load = load i6 %v890" [spikingformer_official.cpp:2173->spikingformer_official.cpp:2343]   --->   Operation 46 'load' 'v890_load' <Predicate = (!icmp_ln2173)> <Delay = 0.00>
ST_2 : Operation 47 [1/1] (0.78ns)   --->   "%add_ln2173 = add i6 %v890_load, i6 1" [spikingformer_official.cpp:2173->spikingformer_official.cpp:2343]   --->   Operation 47 'add' 'add_ln2173' <Predicate = (!icmp_ln2173)> <Delay = 0.78> <CoreInst = "Adder">   --->   Core 1 'Adder' <Latency = 0> <II = 1> <Delay = 0.78> <FuncUnit> <Opcode : 'add' 'sub'> <InPorts = 2> <OutPorts = 1>
ST_2 : Operation 48 [1/1] (0.80ns)   --->   "%icmp_ln2174 = icmp_eq  i12 %indvar_flatten12800_load, i12 1024" [spikingformer_official.cpp:2174->spikingformer_official.cpp:2343]   --->   Operation 48 'icmp' 'icmp_ln2174' <Predicate = (!icmp_ln2173)> <Delay = 0.80> <CoreInst = "Cmp">   --->   Core 9 'Cmp' <Latency = 0> <II = 1> <Delay = 0.80> <FuncUnit> <Opcode : 'seteq' 'setne' 'setle' 'setge' 'setlt' 'setgt'> <InPorts = 2> <OutPorts = 1>
ST_2 : Operation 49 [1/1] (0.38ns)   --->   "%select_ln2173 = select i1 %icmp_ln2174, i6 0, i6 %v891_load" [spikingformer_official.cpp:2173->spikingformer_official.cpp:2343]   --->   Operation 49 'select' 'select_ln2173' <Predicate = (!icmp_ln2173)> <Delay = 0.38> <CoreInst = "Sel">   --->   Core 73 'Sel' <Latency = 0> <II = 1> <Delay = 0.38> <FuncUnit> <Opcode : 'select'> <InPorts = 3> <OutPorts = 1>
ST_2 : Operation 50 [1/1] (0.00ns) (grouped into LUT with out node and_ln2173)   --->   "%xor_ln2173 = xor i1 %icmp_ln2174, i1 1" [spikingformer_official.cpp:2173->spikingformer_official.cpp:2343]   --->   Operation 50 'xor' 'xor_ln2173' <Predicate = (!icmp_ln2173)> <Delay = 0.00> <CoreInst = "LogicGate">   --->   Core 74 'LogicGate' <Latency = 0> <II = 1> <Delay = 0.28> <FuncUnit> <Opcode : 'and' 'or' 'xor'> <InPorts = 2> <OutPorts = 1>
ST_2 : Operation 51 [1/1] (0.78ns)   --->   "%icmp_ln2175 = icmp_eq  i6 %v892_load, i6 32" [spikingformer_official.cpp:2175->spikingformer_official.cpp:2343]   --->   Operation 51 'icmp' 'icmp_ln2175' <Predicate = (!icmp_ln2173)> <Delay = 0.78> <CoreInst = "Cmp">   --->   Core 9 'Cmp' <Latency = 0> <II = 1> <Delay = 0.78> <FuncUnit> <Opcode : 'seteq' 'setne' 'setle' 'setge' 'setlt' 'setgt'> <InPorts = 2> <OutPorts = 1>
ST_2 : Operation 52 [1/1] (0.28ns) (out node of the LUT)   --->   "%and_ln2173 = and i1 %icmp_ln2175, i1 %xor_ln2173" [spikingformer_official.cpp:2173->spikingformer_official.cpp:2343]   --->   Operation 52 'and' 'and_ln2173' <Predicate = (!icmp_ln2173)> <Delay = 0.28> <CoreInst = "LogicGate">   --->   Core 74 'LogicGate' <Latency = 0> <II = 1> <Delay = 0.28> <FuncUnit> <Opcode : 'and' 'or' 'xor'> <InPorts = 2> <OutPorts = 1>
ST_2 : Operation 53 [1/1] (0.38ns)   --->   "%select_ln2173_1 = select i1 %icmp_ln2174, i6 %add_ln2173, i6 %v890_load" [spikingformer_official.cpp:2173->spikingformer_official.cpp:2343]   --->   Operation 53 'select' 'select_ln2173_1' <Predicate = (!icmp_ln2173)> <Delay = 0.38> <CoreInst = "Sel">   --->   Core 73 'Sel' <Latency = 0> <II = 1> <Delay = 0.38> <FuncUnit> <Opcode : 'select'> <InPorts = 3> <OutPorts = 1>
ST_2 : Operation 54 [1/1] (0.78ns)   --->   "%add_ln2174 = add i6 %select_ln2173, i6 1" [spikingformer_official.cpp:2174->spikingformer_official.cpp:2343]   --->   Operation 54 'add' 'add_ln2174' <Predicate = (!icmp_ln2173)> <Delay = 0.78> <CoreInst = "Adder">   --->   Core 1 'Adder' <Latency = 0> <II = 1> <Delay = 0.78> <FuncUnit> <Opcode : 'add' 'sub'> <InPorts = 2> <OutPorts = 1>
ST_2 : Operation 55 [1/1] (0.00ns) (grouped into LUT with out node v892_mid2)   --->   "%empty = or i1 %and_ln2173, i1 %icmp_ln2174" [spikingformer_official.cpp:2173->spikingformer_official.cpp:2343]   --->   Operation 55 'or' 'empty' <Predicate = (!icmp_ln2173)> <Delay = 0.00> <CoreInst = "LogicGate">   --->   Core 74 'LogicGate' <Latency = 0> <II = 1> <Delay = 0.28> <FuncUnit> <Opcode : 'and' 'or' 'xor'> <InPorts = 2> <OutPorts = 1>
ST_2 : Operation 56 [1/1] (0.38ns) (out node of the LUT)   --->   "%v892_mid2 = select i1 %empty, i6 0, i6 %v892_load" [spikingformer_official.cpp:2173->spikingformer_official.cpp:2343]   --->   Operation 56 'select' 'v892_mid2' <Predicate = (!icmp_ln2173)> <Delay = 0.38> <CoreInst = "Sel">   --->   Core 73 'Sel' <Latency = 0> <II = 1> <Delay = 0.38> <FuncUnit> <Opcode : 'select'> <InPorts = 3> <OutPorts = 1>
ST_2 : Operation 57 [1/1] (0.38ns)   --->   "%select_ln2174 = select i1 %and_ln2173, i6 %add_ln2174, i6 %select_ln2173" [spikingformer_official.cpp:2174->spikingformer_official.cpp:2343]   --->   Operation 57 'select' 'select_ln2174' <Predicate = (!icmp_ln2173)> <Delay = 0.38> <CoreInst = "Sel">   --->   Core 73 'Sel' <Latency = 0> <II = 1> <Delay = 0.38> <FuncUnit> <Opcode : 'select'> <InPorts = 3> <OutPorts = 1>
ST_2 : Operation 58 [1/1] (0.00ns)   --->   "%shl_ln = bitconcatenate i18 @_ssdm_op_BitConcatenate.i18.i6.i12, i6 %select_ln2173_1, i12 0" [spikingformer_official.cpp:2178->spikingformer_official.cpp:2343]   --->   Operation 58 'bitconcatenate' 'shl_ln' <Predicate = (!icmp_ln2173)> <Delay = 0.00>
ST_2 : Operation 59 [1/1] (0.00ns)   --->   "%zext_ln2174 = zext i18 %shl_ln" [spikingformer_official.cpp:2174->spikingformer_official.cpp:2343]   --->   Operation 59 'zext' 'zext_ln2174' <Predicate = (!icmp_ln2173)> <Delay = 0.00>
ST_2 : Operation 60 [1/1] (0.00ns)   --->   "%trunc_ln2178 = trunc i6 %v892_mid2" [spikingformer_official.cpp:2178->spikingformer_official.cpp:2343]   --->   Operation 60 'trunc' 'trunc_ln2178' <Predicate = (!icmp_ln2173)> <Delay = 0.00>
ST_2 : Operation 61 [1/1] (0.00ns) (grouped into TernaryAdder)   --->   "%add_ln2178 = add i64 %zext_ln2174, i64 %v1159_read" [spikingformer_official.cpp:2178->spikingformer_official.cpp:2343]   --->   Operation 61 'add' 'add_ln2178' <Predicate = (!icmp_ln2173)> <Delay = 0.00> <CoreInst = "TAddSub">   --->   Core 10 'TAddSub' <Latency = 0> <II = 1> <Delay = 0.40> <IPBlock> <Opcode : 'add' 'sub'> <InPorts = 3> <OutPorts = 1> <Sync> <CReg>
ST_2 : Operation 62 [1/1] (0.00ns)   --->   "%trunc_ln2178_1 = trunc i6 %select_ln2174" [spikingformer_official.cpp:2178->spikingformer_official.cpp:2343]   --->   Operation 62 'trunc' 'trunc_ln2178_1' <Predicate = (!icmp_ln2173)> <Delay = 0.00>
ST_2 : Operation 63 [1/1] (0.00ns)   --->   "%tmp = bitconcatenate i12 @_ssdm_op_BitConcatenate.i12.i5.i5.i2, i5 %trunc_ln2178_1, i5 %trunc_ln2178, i2 0" [spikingformer_official.cpp:2178->spikingformer_official.cpp:2343]   --->   Operation 63 'bitconcatenate' 'tmp' <Predicate = (!icmp_ln2173)> <Delay = 0.00>
ST_2 : Operation 64 [1/1] (0.00ns)   --->   "%zext_ln2178 = zext i12 %tmp" [spikingformer_official.cpp:2178->spikingformer_official.cpp:2343]   --->   Operation 64 'zext' 'zext_ln2178' <Predicate = (!icmp_ln2173)> <Delay = 0.00>
ST_2 : Operation 65 [1/1] (0.81ns) (root node of TernaryAdder)   --->   "%add_ln2178_1 = add i64 %zext_ln2178, i64 %add_ln2178" [spikingformer_official.cpp:2178->spikingformer_official.cpp:2343]   --->   Operation 65 'add' 'add_ln2178_1' <Predicate = (!icmp_ln2173)> <Delay = 0.81> <CoreInst = "TAddSub">   --->   Core 10 'TAddSub' <Latency = 0> <II = 1> <Delay = 0.40> <IPBlock> <Opcode : 'add' 'sub'> <InPorts = 3> <OutPorts = 1> <Sync> <CReg>
ST_2 : Operation 66 [1/1] (0.00ns)   --->   "%trunc_ln = partselect i62 @_ssdm_op_PartSelect.i62.i64.i32.i32, i64 %add_ln2178_1, i32 2, i32 63" [spikingformer_official.cpp:2178->spikingformer_official.cpp:2343]   --->   Operation 66 'partselect' 'trunc_ln' <Predicate = (!icmp_ln2173)> <Delay = 0.00>
ST_2 : Operation 67 [1/1] (0.00ns)   --->   "%sext_ln2178 = sext i62 %trunc_ln" [spikingformer_official.cpp:2178->spikingformer_official.cpp:2343]   --->   Operation 67 'sext' 'sext_ln2178' <Predicate = (!icmp_ln2173)> <Delay = 0.00>
ST_2 : Operation 68 [1/1] (0.00ns)   --->   "%g0_addr = getelementptr i32 %g0, i64 %sext_ln2178" [spikingformer_official.cpp:2178->spikingformer_official.cpp:2343]   --->   Operation 68 'getelementptr' 'g0_addr' <Predicate = (!icmp_ln2173)> <Delay = 0.00>
ST_2 : Operation 69 [1/1] (0.78ns)   --->   "%add_ln2175 = add i6 %v892_mid2, i6 1" [spikingformer_official.cpp:2175->spikingformer_official.cpp:2343]   --->   Operation 69 'add' 'add_ln2175' <Predicate = (!icmp_ln2173)> <Delay = 0.78> <CoreInst = "Adder">   --->   Core 1 'Adder' <Latency = 0> <II = 1> <Delay = 0.78> <FuncUnit> <Opcode : 'add' 'sub'> <InPorts = 2> <OutPorts = 1>
ST_2 : Operation 70 [1/1] (0.80ns)   --->   "%add_ln2174_1 = add i12 %indvar_flatten12800_load, i12 1" [spikingformer_official.cpp:2174->spikingformer_official.cpp:2343]   --->   Operation 70 'add' 'add_ln2174_1' <Predicate = (!icmp_ln2173)> <Delay = 0.80> <CoreInst = "Adder">   --->   Core 1 'Adder' <Latency = 0> <II = 1> <Delay = 0.80> <FuncUnit> <Opcode : 'add' 'sub'> <InPorts = 2> <OutPorts = 1>
ST_2 : Operation 71 [1/1] (0.37ns)   --->   "%select_ln2174_1 = select i1 %icmp_ln2174, i12 1, i12 %add_ln2174_1" [spikingformer_official.cpp:2174->spikingformer_official.cpp:2343]   --->   Operation 71 'select' 'select_ln2174_1' <Predicate = (!icmp_ln2173)> <Delay = 0.37> <CoreInst = "Sel">   --->   Core 73 'Sel' <Latency = 0> <II = 1> <Delay = 0.37> <FuncUnit> <Opcode : 'select'> <InPorts = 3> <OutPorts = 1>
ST_2 : Operation 72 [1/1] (0.42ns)   --->   "%store_ln2173 = store i16 %add_ln2173_1, i16 %indvar_flatten12813" [spikingformer_official.cpp:2173->spikingformer_official.cpp:2343]   --->   Operation 72 'store' 'store_ln2173' <Predicate = (!icmp_ln2173)> <Delay = 0.42>
ST_2 : Operation 73 [1/1] (0.42ns)   --->   "%store_ln2173 = store i6 %select_ln2173_1, i6 %v890" [spikingformer_official.cpp:2173->spikingformer_official.cpp:2343]   --->   Operation 73 'store' 'store_ln2173' <Predicate = (!icmp_ln2173)> <Delay = 0.42>
ST_2 : Operation 74 [1/1] (0.42ns)   --->   "%store_ln2174 = store i12 %select_ln2174_1, i12 %indvar_flatten12800" [spikingformer_official.cpp:2174->spikingformer_official.cpp:2343]   --->   Operation 74 'store' 'store_ln2174' <Predicate = (!icmp_ln2173)> <Delay = 0.42>
ST_2 : Operation 75 [1/1] (0.42ns)   --->   "%store_ln2174 = store i6 %select_ln2174, i6 %v891" [spikingformer_official.cpp:2174->spikingformer_official.cpp:2343]   --->   Operation 75 'store' 'store_ln2174' <Predicate = (!icmp_ln2173)> <Delay = 0.42>
ST_2 : Operation 76 [1/1] (0.42ns)   --->   "%store_ln2175 = store i6 %add_ln2175, i6 %v892" [spikingformer_official.cpp:2175->spikingformer_official.cpp:2343]   --->   Operation 76 'store' 'store_ln2175' <Predicate = (!icmp_ln2173)> <Delay = 0.42>

State 3 <SV = 2> <Delay = 0.00>
ST_3 : Operation 77 [8/8] (7.30ns)   --->   "%g0_load_32_req = readreq i1 @_ssdm_op_ReadReq.m_axi.i32P1A, i32 %g0_addr, i64 1" [spikingformer_official.cpp:2178->spikingformer_official.cpp:2343]   --->   Operation 77 'readreq' 'g0_load_32_req' <Predicate = true> <Delay = 7.30> <CoreInst = "m_axi">   --->   Core 119 'm_axi' <Latency = 6> <II = 1> <Delay = 1.00> <Adapter> <Opcode : 'readrequnaligned' 'writerequnaligned' 'read' 'write' 'readreq' 'writereq' 'writeresp'>

State 4 <SV = 3> <Delay = 0.00>
ST_4 : Operation 78 [7/8] (7.30ns)   --->   "%g0_load_32_req = readreq i1 @_ssdm_op_ReadReq.m_axi.i32P1A, i32 %g0_addr, i64 1" [spikingformer_official.cpp:2178->spikingformer_official.cpp:2343]   --->   Operation 78 'readreq' 'g0_load_32_req' <Predicate = true> <Delay = 7.30> <CoreInst = "m_axi">   --->   Core 119 'm_axi' <Latency = 6> <II = 1> <Delay = 1.00> <Adapter> <Opcode : 'readrequnaligned' 'writerequnaligned' 'read' 'write' 'readreq' 'writereq' 'writeresp'>

State 5 <SV = 4> <Delay = 0.00>
ST_5 : Operation 79 [6/8] (7.30ns)   --->   "%g0_load_32_req = readreq i1 @_ssdm_op_ReadReq.m_axi.i32P1A, i32 %g0_addr, i64 1" [spikingformer_official.cpp:2178->spikingformer_official.cpp:2343]   --->   Operation 79 'readreq' 'g0_load_32_req' <Predicate = true> <Delay = 7.30> <CoreInst = "m_axi">   --->   Core 119 'm_axi' <Latency = 6> <II = 1> <Delay = 1.00> <Adapter> <Opcode : 'readrequnaligned' 'writerequnaligned' 'read' 'write' 'readreq' 'writereq' 'writeresp'>

State 6 <SV = 5> <Delay = 0.00>
ST_6 : Operation 80 [5/8] (7.30ns)   --->   "%g0_load_32_req = readreq i1 @_ssdm_op_ReadReq.m_axi.i32P1A, i32 %g0_addr, i64 1" [spikingformer_official.cpp:2178->spikingformer_official.cpp:2343]   --->   Operation 80 'readreq' 'g0_load_32_req' <Predicate = true> <Delay = 7.30> <CoreInst = "m_axi">   --->   Core 119 'm_axi' <Latency = 6> <II = 1> <Delay = 1.00> <Adapter> <Opcode : 'readrequnaligned' 'writerequnaligned' 'read' 'write' 'readreq' 'writereq' 'writeresp'>

State 7 <SV = 6> <Delay = 0.00>
ST_7 : Operation 81 [4/8] (7.30ns)   --->   "%g0_load_32_req = readreq i1 @_ssdm_op_ReadReq.m_axi.i32P1A, i32 %g0_addr, i64 1" [spikingformer_official.cpp:2178->spikingformer_official.cpp:2343]   --->   Operation 81 'readreq' 'g0_load_32_req' <Predicate = true> <Delay = 7.30> <CoreInst = "m_axi">   --->   Core 119 'm_axi' <Latency = 6> <II = 1> <Delay = 1.00> <Adapter> <Opcode : 'readrequnaligned' 'writerequnaligned' 'read' 'write' 'readreq' 'writereq' 'writeresp'>

State 8 <SV = 7> <Delay = 0.00>
ST_8 : Operation 82 [3/8] (7.30ns)   --->   "%g0_load_32_req = readreq i1 @_ssdm_op_ReadReq.m_axi.i32P1A, i32 %g0_addr, i64 1" [spikingformer_official.cpp:2178->spikingformer_official.cpp:2343]   --->   Operation 82 'readreq' 'g0_load_32_req' <Predicate = true> <Delay = 7.30> <CoreInst = "m_axi">   --->   Core 119 'm_axi' <Latency = 6> <II = 1> <Delay = 1.00> <Adapter> <Opcode : 'readrequnaligned' 'writerequnaligned' 'read' 'write' 'readreq' 'writereq' 'writeresp'>

State 9 <SV = 8> <Delay = 0.00>
ST_9 : Operation 83 [2/8] (7.30ns)   --->   "%g0_load_32_req = readreq i1 @_ssdm_op_ReadReq.m_axi.i32P1A, i32 %g0_addr, i64 1" [spikingformer_official.cpp:2178->spikingformer_official.cpp:2343]   --->   Operation 83 'readreq' 'g0_load_32_req' <Predicate = true> <Delay = 7.30> <CoreInst = "m_axi">   --->   Core 119 'm_axi' <Latency = 6> <II = 1> <Delay = 1.00> <Adapter> <Opcode : 'readrequnaligned' 'writerequnaligned' 'read' 'write' 'readreq' 'writereq' 'writeresp'>

State 10 <SV = 9> <Delay = 7.30>
ST_10 : Operation 84 [1/8] ( I:7.30ns O:7.30ns )   --->   "%g0_load_32_req = readreq i1 @_ssdm_op_ReadReq.m_axi.i32P1A, i32 %g0_addr, i64 1" [spikingformer_official.cpp:2178->spikingformer_official.cpp:2343]   --->   Operation 84 'readreq' 'g0_load_32_req' <Predicate = true> <Delay = 7.30> <CoreInst = "m_axi">   --->   Core 119 'm_axi' <Latency = 6> <II = 1> <Delay = 1.00> <Adapter> <Opcode : 'readrequnaligned' 'writerequnaligned' 'read' 'write' 'readreq' 'writereq' 'writeresp'>

State 11 <SV = 10> <Delay = 7.30>
ST_11 : Operation 85 [1/1] ( I:7.30ns O:7.30ns )   --->   "%g0_addr_read = read i32 @_ssdm_op_Read.m_axi.i32P1A, i32 %g0_addr" [spikingformer_official.cpp:2178->spikingformer_official.cpp:2343]   --->   Operation 85 'read' 'g0_addr_read' <Predicate = true> <Delay = 7.30> <CoreInst = "m_axi">   --->   Core 119 'm_axi' <Latency = 3> <II = 1> <Delay = 1.00> <Adapter> <Opcode : 'readrequnaligned' 'writerequnaligned' 'read' 'write' 'readreq' 'writereq' 'writeresp'>

State 12 <SV = 11> <Delay = 6.43>
ST_12 : Operation 86 [1/1] (0.00ns)   --->   "%v893 = bitcast i32 %g0_addr_read" [spikingformer_official.cpp:2178->spikingformer_official.cpp:2343]   --->   Operation 86 'bitcast' 'v893' <Predicate = true> <Delay = 0.00>
ST_12 : Operation 87 [4/4] (6.43ns)   --->   "%v894 = fadd i32 %v893, i32 -1" [spikingformer_official.cpp:2179->spikingformer_official.cpp:2343]   --->   Operation 87 'fadd' 'v894' <Predicate = true> <Delay = 6.43> <CoreInst = "FAddSub_fulldsp">   --->   Core 18 'FAddSub_fulldsp' <Latency = 3> <II = 1> <Delay = 6.43> <FuncUnit> <Opcode : 'fadd' 'fsub'> <InPorts = 2> <OutPorts = 1>

State 13 <SV = 12> <Delay = 6.43>
ST_13 : Operation 88 [3/4] (6.43ns)   --->   "%v894 = fadd i32 %v893, i32 -1" [spikingformer_official.cpp:2179->spikingformer_official.cpp:2343]   --->   Operation 88 'fadd' 'v894' <Predicate = true> <Delay = 6.43> <CoreInst = "FAddSub_fulldsp">   --->   Core 18 'FAddSub_fulldsp' <Latency = 3> <II = 1> <Delay = 6.43> <FuncUnit> <Opcode : 'fadd' 'fsub'> <InPorts = 2> <OutPorts = 1>

State 14 <SV = 13> <Delay = 6.43>
ST_14 : Operation 89 [2/4] (6.43ns)   --->   "%v894 = fadd i32 %v893, i32 -1" [spikingformer_official.cpp:2179->spikingformer_official.cpp:2343]   --->   Operation 89 'fadd' 'v894' <Predicate = true> <Delay = 6.43> <CoreInst = "FAddSub_fulldsp">   --->   Core 18 'FAddSub_fulldsp' <Latency = 3> <II = 1> <Delay = 6.43> <FuncUnit> <Opcode : 'fadd' 'fsub'> <InPorts = 2> <OutPorts = 1>

State 15 <SV = 14> <Delay = 7.30>
ST_15 : Operation 90 [1/4] (6.43ns)   --->   "%v894 = fadd i32 %v893, i32 -1" [spikingformer_official.cpp:2179->spikingformer_official.cpp:2343]   --->   Operation 90 'fadd' 'v894' <Predicate = true> <Delay = 6.43> <CoreInst = "FAddSub_fulldsp">   --->   Core 18 'FAddSub_fulldsp' <Latency = 3> <II = 1> <Delay = 6.43> <FuncUnit> <Opcode : 'fadd' 'fsub'> <InPorts = 2> <OutPorts = 1>
ST_15 : Operation 91 [1/1] ( I:7.30ns O:7.30ns )   --->   "%g0_addr_141_req = writereq i1 @_ssdm_op_WriteReq.m_axi.i32P1A, i32 %g0_addr, i64 1" [spikingformer_official.cpp:2180->spikingformer_official.cpp:2343]   --->   Operation 91 'writereq' 'g0_addr_141_req' <Predicate = true> <Delay = 7.30> <CoreInst = "m_axi">   --->   Core 119 'm_axi' <Latency = 9> <II = 1> <Delay = 1.00> <Adapter> <Opcode : 'readrequnaligned' 'writerequnaligned' 'read' 'write' 'readreq' 'writereq' 'writeresp'>

State 16 <SV = 15> <Delay = 7.30>
ST_16 : Operation 92 [1/1] (0.00ns)   --->   "%bitcast_ln2180 = bitcast i32 %v894" [spikingformer_official.cpp:2180->spikingformer_official.cpp:2343]   --->   Operation 92 'bitcast' 'bitcast_ln2180' <Predicate = true> <Delay = 0.00>
ST_16 : Operation 93 [1/1] ( I:7.30ns O:7.30ns )   --->   "%write_ln2180 = write void @_ssdm_op_Write.m_axi.i32P1A, i32 %g0_addr, i32 %bitcast_ln2180, i4 15" [spikingformer_official.cpp:2180->spikingformer_official.cpp:2343]   --->   Operation 93 'write' 'write_ln2180' <Predicate = true> <Delay = 7.30> <CoreInst = "m_axi">   --->   Core 119 'm_axi' <Latency = 5> <II = 1> <Delay = 1.00> <Adapter> <Opcode : 'readrequnaligned' 'writerequnaligned' 'read' 'write' 'readreq' 'writereq' 'writeresp'>

State 17 <SV = 16> <Delay = 0.00>
ST_17 : Operation 94 [5/5] (7.30ns)   --->   "%g0_addr_141_resp = writeresp i1 @_ssdm_op_WriteResp.m_axi.i32P1A, i32 %g0_addr" [spikingformer_official.cpp:2180->spikingformer_official.cpp:2343]   --->   Operation 94 'writeresp' 'g0_addr_141_resp' <Predicate = true> <Delay = 7.30> <CoreInst = "m_axi">   --->   Core 119 'm_axi' <Latency = 3> <II = 1> <Delay = 1.00> <Adapter> <Opcode : 'readrequnaligned' 'writerequnaligned' 'read' 'write' 'readreq' 'writereq' 'writeresp'>

State 18 <SV = 17> <Delay = 0.00>
ST_18 : Operation 95 [4/5] (7.30ns)   --->   "%g0_addr_141_resp = writeresp i1 @_ssdm_op_WriteResp.m_axi.i32P1A, i32 %g0_addr" [spikingformer_official.cpp:2180->spikingformer_official.cpp:2343]   --->   Operation 95 'writeresp' 'g0_addr_141_resp' <Predicate = true> <Delay = 7.30> <CoreInst = "m_axi">   --->   Core 119 'm_axi' <Latency = 3> <II = 1> <Delay = 1.00> <Adapter> <Opcode : 'readrequnaligned' 'writerequnaligned' 'read' 'write' 'readreq' 'writereq' 'writeresp'>

State 19 <SV = 18> <Delay = 0.00>
ST_19 : Operation 96 [3/5] (7.30ns)   --->   "%g0_addr_141_resp = writeresp i1 @_ssdm_op_WriteResp.m_axi.i32P1A, i32 %g0_addr" [spikingformer_official.cpp:2180->spikingformer_official.cpp:2343]   --->   Operation 96 'writeresp' 'g0_addr_141_resp' <Predicate = true> <Delay = 7.30> <CoreInst = "m_axi">   --->   Core 119 'm_axi' <Latency = 3> <II = 1> <Delay = 1.00> <Adapter> <Opcode : 'readrequnaligned' 'writerequnaligned' 'read' 'write' 'readreq' 'writereq' 'writeresp'>

State 20 <SV = 19> <Delay = 0.42>
ST_20 : Operation 97 [2/5] (7.30ns)   --->   "%g0_addr_141_resp = writeresp i1 @_ssdm_op_WriteResp.m_axi.i32P1A, i32 %g0_addr" [spikingformer_official.cpp:2180->spikingformer_official.cpp:2343]   --->   Operation 97 'writeresp' 'g0_addr_141_resp' <Predicate = true> <Delay = 7.30> <CoreInst = "m_axi">   --->   Core 119 'm_axi' <Latency = 3> <II = 1> <Delay = 1.00> <Adapter> <Opcode : 'readrequnaligned' 'writerequnaligned' 'read' 'write' 'readreq' 'writereq' 'writeresp'>
ST_20 : Operation 103 [1/1] (0.42ns)   --->   "%ret_ln0 = ret"   --->   Operation 103 'ret' 'ret_ln0' <Predicate = (icmp_ln2173)> <Delay = 0.42>

State 21 <SV = 20> <Delay = 7.30>
ST_21 : Operation 98 [1/1] (0.00ns)   --->   "%specloopname_ln0 = specloopname void @_ssdm_op_SpecLoopName, void @VITIS_LOOP_2173_1_VITIS_LOOP_2174_2_VITIS_LOOP_2175_3_str"   --->   Operation 98 'specloopname' 'specloopname_ln0' <Predicate = true> <Delay = 0.00>
ST_21 : Operation 99 [1/1] (0.00ns)   --->   "%speclooptripcount_ln0 = speclooptripcount void @_ssdm_op_SpecLoopTripCount, i64 49152, i64 49152, i64 49152"   --->   Operation 99 'speclooptripcount' 'speclooptripcount_ln0' <Predicate = true> <Delay = 0.00>
ST_21 : Operation 100 [1/1] (0.00ns)   --->   "%specpipeline_ln2176 = specpipeline void @_ssdm_op_SpecPipeline, i32 1, i32 0, i32 0, i32 0, i32 4294967295, void @empty_35" [spikingformer_official.cpp:2176->spikingformer_official.cpp:2343]   --->   Operation 100 'specpipeline' 'specpipeline_ln2176' <Predicate = true> <Delay = 0.00>
ST_21 : Operation 101 [1/5] ( I:7.30ns O:7.30ns )   --->   "%g0_addr_141_resp = writeresp i1 @_ssdm_op_WriteResp.m_axi.i32P1A, i32 %g0_addr" [spikingformer_official.cpp:2180->spikingformer_official.cpp:2343]   --->   Operation 101 'writeresp' 'g0_addr_141_resp' <Predicate = true> <Delay = 7.30> <CoreInst = "m_axi">   --->   Core 119 'm_axi' <Latency = 3> <II = 1> <Delay = 1.00> <Adapter> <Opcode : 'readrequnaligned' 'writerequnaligned' 'read' 'write' 'readreq' 'writereq' 'writeresp'>
ST_21 : Operation 102 [1/1] (0.00ns)   --->   "%br_ln2175 = br void %for.inc.i81" [spikingformer_official.cpp:2175->spikingformer_official.cpp:2343]   --->   Operation 102 'br' 'br_ln2175' <Predicate = true> <Delay = 0.00>


============================================================
+ Verbose Summary: Binding
============================================================
STG Binding: 
---------------- STG Properties BEGIN ----------------
- Is combinational: 0
- Is one-state seq: 0
- Is datapath-only: 0
- Is pipelined: 0
- Is top level: 0
Port [ Return ] is wired: 1; IO mode=ap_ctrl_hs:ce=0
Port [ g0]:  wired=1; compound=1; hidden=0; nouse=0; global=0; static=0; extern=0; dir=2; type=4; pingpong=0; private_global=0; IO mode=m_axi:ce=0
Port [ sext_ln2299]:  wired=1; compound=0; hidden=0; nouse=0; global=0; static=0; extern=0; dir=0; type=0; pingpong=0; private_global=0; IO mode=ap_none:ce=0
Port [ v1159]:  wired=1; compound=0; hidden=0; nouse=0; global=0; static=0; extern=0; dir=0; type=0; pingpong=0; private_global=0; IO mode=ap_none:ce=0
---------------- STG Properties END ------------------

---------------- Datapath Model BEGIN ----------------

<LifeTime>
<method=bitvector/>
v892                     (alloca           ) [ 0110000000000000000000]
v891                     (alloca           ) [ 0110000000000000000000]
indvar_flatten12800      (alloca           ) [ 0110000000000000000000]
v890                     (alloca           ) [ 0110000000000000000000]
indvar_flatten12813      (alloca           ) [ 0110000000000000000000]
v1159_read               (read             ) [ 0110000000000000000000]
sext_ln22994             (read             ) [ 0000000000000000000000]
specstablecontent_ln0    (specstablecontent) [ 0000000000000000000000]
specinterface_ln0        (specinterface    ) [ 0000000000000000000000]
store_ln0                (store            ) [ 0000000000000000000000]
store_ln2173             (store            ) [ 0000000000000000000000]
store_ln0                (store            ) [ 0000000000000000000000]
store_ln2174             (store            ) [ 0000000000000000000000]
store_ln2175             (store            ) [ 0000000000000000000000]
br_ln0                   (br               ) [ 0000000000000000000000]
indvar_flatten12813_load (load             ) [ 0000000000000000000000]
specbitsmap_ln0          (specbitsmap      ) [ 0000000000000000000000]
icmp_ln2173              (icmp             ) [ 0111111111111111111110]
add_ln2173_1             (add              ) [ 0000000000000000000000]
br_ln2173                (br               ) [ 0000000000000000000000]
v892_load                (load             ) [ 0000000000000000000000]
v891_load                (load             ) [ 0000000000000000000000]
indvar_flatten12800_load (load             ) [ 0000000000000000000000]
v890_load                (load             ) [ 0000000000000000000000]
add_ln2173               (add              ) [ 0000000000000000000000]
icmp_ln2174              (icmp             ) [ 0000000000000000000000]
select_ln2173            (select           ) [ 0000000000000000000000]
xor_ln2173               (xor              ) [ 0000000000000000000000]
icmp_ln2175              (icmp             ) [ 0000000000000000000000]
and_ln2173               (and              ) [ 0000000000000000000000]
select_ln2173_1          (select           ) [ 0000000000000000000000]
add_ln2174               (add              ) [ 0000000000000000000000]
empty                    (or               ) [ 0000000000000000000000]
v892_mid2                (select           ) [ 0000000000000000000000]
select_ln2174            (select           ) [ 0000000000000000000000]
shl_ln                   (bitconcatenate   ) [ 0000000000000000000000]
zext_ln2174              (zext             ) [ 0000000000000000000000]
trunc_ln2178             (trunc            ) [ 0000000000000000000000]
add_ln2178               (add              ) [ 0000000000000000000000]
trunc_ln2178_1           (trunc            ) [ 0000000000000000000000]
tmp                      (bitconcatenate   ) [ 0000000000000000000000]
zext_ln2178              (zext             ) [ 0000000000000000000000]
add_ln2178_1             (add              ) [ 0000000000000000000000]
trunc_ln                 (partselect       ) [ 0000000000000000000000]
sext_ln2178              (sext             ) [ 0000000000000000000000]
g0_addr                  (getelementptr    ) [ 0101111111111111111111]
add_ln2175               (add              ) [ 0000000000000000000000]
add_ln2174_1             (add              ) [ 0000000000000000000000]
select_ln2174_1          (select           ) [ 0000000000000000000000]
store_ln2173             (store            ) [ 0000000000000000000000]
store_ln2173             (store            ) [ 0000000000000000000000]
store_ln2174             (store            ) [ 0000000000000000000000]
store_ln2174             (store            ) [ 0000000000000000000000]
store_ln2175             (store            ) [ 0000000000000000000000]
g0_load_32_req           (readreq          ) [ 0000000000000000000000]
g0_addr_read             (read             ) [ 0100000000001000000000]
v893                     (bitcast          ) [ 0100000000000111000000]
v894                     (fadd             ) [ 0100000000000000100000]
g0_addr_141_req          (writereq         ) [ 0000000000000000000000]
bitcast_ln2180           (bitcast          ) [ 0000000000000000000000]
write_ln2180             (write            ) [ 0000000000000000000000]
specloopname_ln0         (specloopname     ) [ 0000000000000000000000]
speclooptripcount_ln0    (speclooptripcount) [ 0000000000000000000000]
specpipeline_ln2176      (specpipeline     ) [ 0000000000000000000000]
g0_addr_141_resp         (writeresp        ) [ 0000000000000000000000]
br_ln2175                (br               ) [ 0000000000000000000000]
ret_ln0                  (ret              ) [ 0000000000000000000000]
</LifeTime>

<model>

<comp_list>
<comp id="0" class="1000" name="g0">
<pin_list>
<pin id="1" dir="1" index="0" bw="1" slack="0"/>
</pin_list>
<bind>
<StgValue><ssdm name="g0"/><MemPortTyVec>2 </MemPortTyVec>
</StgValue>
</bind>
</comp>

<comp id="2" class="1000" name="sext_ln2299">
<pin_list>
<pin id="3" dir="1" index="0" bw="1" slack="0"/>
</pin_list>
<bind>
<StgValue><ssdm name="sext_ln2299"/></StgValue>
</bind>
</comp>

<comp id="4" class="1000" name="v1159">
<pin_list>
<pin id="5" dir="1" index="0" bw="1" slack="0"/>
</pin_list>
<bind>
<StgValue><ssdm name="v1159"/></StgValue>
</bind>
</comp>

<comp id="6" class="1001" name="const_6">
<pin_list>
<pin id="7" dir="1" index="0" bw="1" slack="0"/>
</pin_list>
<bind>
<StgValue><ssdm name=""/></StgValue>
</bind>
</comp>

<comp id="8" class="1001" name="const_8">
<pin_list>
<pin id="9" dir="1" index="0" bw="1" slack="0"/>
</pin_list>
<bind>
<StgValue><ssdm name="_ssdm_op_Read.ap_auto.i64"/></StgValue>
</bind>
</comp>

<comp id="10" class="1001" name="const_10">
<pin_list>
<pin id="11" dir="1" index="0" bw="1" slack="0"/>
</pin_list>
<bind>
<StgValue><ssdm name="_ssdm_op_Read.ap_auto.i62"/></StgValue>
</bind>
</comp>

<comp id="12" class="1001" name="const_12">
<pin_list>
<pin id="13" dir="1" index="0" bw="1" slack="2147483647"/>
</pin_list>
<bind>
<StgValue><ssdm name="_ssdm_op_SpecStableContent"/></StgValue>
</bind>
</comp>

<comp id="14" class="1001" name="const_14">
<pin_list>
<pin id="15" dir="1" index="0" bw="1" slack="0"/>
</pin_list>
<bind>
<StgValue><ssdm name=""/></StgValue>
</bind>
</comp>

<comp id="16" class="1001" name="const_16">
<pin_list>
<pin id="17" dir="1" index="0" bw="1" slack="2147483647"/>
</pin_list>
<bind>
<StgValue><ssdm name=""/></StgValue>
</bind>
</comp>

<comp id="18" class="1001" name="const_18">
<pin_list>
<pin id="19" dir="1" index="0" bw="1" slack="2147483647"/>
</pin_list>
<bind>
<StgValue><ssdm name="_ssdm_op_SpecInterface"/></StgValue>
</bind>
</comp>

<comp id="20" class="1001" name="const_20">
<pin_list>
<pin id="21" dir="1" index="0" bw="1" slack="2147483647"/>
</pin_list>
<bind>
<StgValue><ssdm name="empty_26"/></StgValue>
</bind>
</comp>

<comp id="22" class="1001" name="const_22">
<pin_list>
<pin id="23" dir="1" index="0" bw="1" slack="2147483647"/>
</pin_list>
<bind>
<StgValue><ssdm name=""/></StgValue>
</bind>
</comp>

<comp id="24" class="1001" name="const_24">
<pin_list>
<pin id="25" dir="1" index="0" bw="1" slack="2147483647"/>
</pin_list>
<bind>
<StgValue><ssdm name="empty_35"/></StgValue>
</bind>
</comp>

<comp id="26" class="1001" name="const_26">
<pin_list>
<pin id="27" dir="1" index="0" bw="1" slack="2147483647"/>
</pin_list>
<bind>
<StgValue><ssdm name="empty_22"/></StgValue>
</bind>
</comp>

<comp id="28" class="1001" name="const_28">
<pin_list>
<pin id="29" dir="1" index="0" bw="1" slack="2147483647"/>
</pin_list>
<bind>
<StgValue><ssdm name="empty_25"/></StgValue>
</bind>
</comp>

<comp id="30" class="1001" name="const_30">
<pin_list>
<pin id="31" dir="1" index="0" bw="1" slack="2147483647"/>
</pin_list>
<bind>
<StgValue><ssdm name=""/></StgValue>
</bind>
</comp>

<comp id="32" class="1001" name="const_32">
<pin_list>
<pin id="33" dir="1" index="0" bw="1" slack="2147483647"/>
</pin_list>
<bind>
<StgValue><ssdm name=""/></StgValue>
</bind>
</comp>

<comp id="34" class="1001" name="const_34">
<pin_list>
<pin id="35" dir="1" index="0" bw="1" slack="2147483647"/>
</pin_list>
<bind>
<StgValue><ssdm name=""/></StgValue>
</bind>
</comp>

<comp id="36" class="1001" name="const_36">
<pin_list>
<pin id="37" dir="1" index="0" bw="1" slack="0"/>
</pin_list>
<bind>
<StgValue><ssdm name=""/></StgValue>
</bind>
</comp>

<comp id="38" class="1001" name="const_38">
<pin_list>
<pin id="39" dir="1" index="0" bw="1" slack="0"/>
</pin_list>
<bind>
<StgValue><ssdm name=""/></StgValue>
</bind>
</comp>

<comp id="40" class="1001" name="const_40">
<pin_list>
<pin id="41" dir="1" index="0" bw="1" slack="0"/>
</pin_list>
<bind>
<StgValue><ssdm name=""/></StgValue>
</bind>
</comp>

<comp id="42" class="1001" name="const_42">
<pin_list>
<pin id="43" dir="1" index="0" bw="1" slack="2147483647"/>
</pin_list>
<bind>
<StgValue><ssdm name="_ssdm_op_SpecBitsMap"/></StgValue>
</bind>
</comp>

<comp id="44" class="1001" name="const_44">
<pin_list>
<pin id="45" dir="1" index="0" bw="1" slack="0"/>
</pin_list>
<bind>
<StgValue><ssdm name=""/></StgValue>
</bind>
</comp>

<comp id="46" class="1001" name="const_46">
<pin_list>
<pin id="47" dir="1" index="0" bw="1" slack="0"/>
</pin_list>
<bind>
<StgValue><ssdm name=""/></StgValue>
</bind>
</comp>

<comp id="48" class="1001" name="const_48">
<pin_list>
<pin id="49" dir="1" index="0" bw="1" slack="0"/>
</pin_list>
<bind>
<StgValue><ssdm name=""/></StgValue>
</bind>
</comp>

<comp id="50" class="1001" name="const_50">
<pin_list>
<pin id="51" dir="1" index="0" bw="1" slack="0"/>
</pin_list>
<bind>
<StgValue><ssdm name=""/></StgValue>
</bind>
</comp>

<comp id="52" class="1001" name="const_52">
<pin_list>
<pin id="53" dir="1" index="0" bw="1" slack="0"/>
</pin_list>
<bind>
<StgValue><ssdm name=""/></StgValue>
</bind>
</comp>

<comp id="54" class="1001" name="const_54">
<pin_list>
<pin id="55" dir="1" index="0" bw="1" slack="0"/>
</pin_list>
<bind>
<StgValue><ssdm name="_ssdm_op_BitConcatenate.i18.i6.i12"/></StgValue>
</bind>
</comp>

<comp id="56" class="1001" name="const_56">
<pin_list>
<pin id="57" dir="1" index="0" bw="1" slack="0"/>
</pin_list>
<bind>
<StgValue><ssdm name="_ssdm_op_BitConcatenate.i12.i5.i5.i2"/></StgValue>
</bind>
</comp>

<comp id="58" class="1001" name="const_58">
<pin_list>
<pin id="59" dir="1" index="0" bw="1" slack="0"/>
</pin_list>
<bind>
<StgValue><ssdm name=""/></StgValue>
</bind>
</comp>

<comp id="60" class="1001" name="const_60">
<pin_list>
<pin id="61" dir="1" index="0" bw="1" slack="0"/>
</pin_list>
<bind>
<StgValue><ssdm name="_ssdm_op_PartSelect.i62.i64.i32.i32"/></StgValue>
</bind>
</comp>

<comp id="62" class="1001" name="const_62">
<pin_list>
<pin id="63" dir="1" index="0" bw="1" slack="0"/>
</pin_list>
<bind>
<StgValue><ssdm name=""/></StgValue>
</bind>
</comp>

<comp id="64" class="1001" name="const_64">
<pin_list>
<pin id="65" dir="1" index="0" bw="1" slack="0"/>
</pin_list>
<bind>
<StgValue><ssdm name=""/></StgValue>
</bind>
</comp>

<comp id="66" class="1001" name="const_66">
<pin_list>
<pin id="67" dir="1" index="0" bw="1" slack="0"/>
</pin_list>
<bind>
<StgValue><ssdm name=""/></StgValue>
</bind>
</comp>

<comp id="68" class="1001" name="const_68">
<pin_list>
<pin id="69" dir="1" index="0" bw="1" slack="0"/>
</pin_list>
<bind>
<StgValue><ssdm name="_ssdm_op_ReadReq.m_axi.i32P1A"/></StgValue>
</bind>
</comp>

<comp id="70" class="1001" name="const_70">
<pin_list>
<pin id="71" dir="1" index="0" bw="1" slack="0"/>
</pin_list>
<bind>
<StgValue><ssdm name=""/></StgValue>
</bind>
</comp>

<comp id="72" class="1001" name="const_72">
<pin_list>
<pin id="73" dir="1" index="0" bw="1" slack="0"/>
</pin_list>
<bind>
<StgValue><ssdm name="_ssdm_op_Read.m_axi.i32P1A"/></StgValue>
</bind>
</comp>

<comp id="74" class="1001" name="const_74">
<pin_list>
<pin id="75" dir="1" index="0" bw="1" slack="0"/>
</pin_list>
<bind>
<StgValue><ssdm name=""/></StgValue>
</bind>
</comp>

<comp id="76" class="1001" name="const_76">
<pin_list>
<pin id="77" dir="1" index="0" bw="1" slack="0"/>
</pin_list>
<bind>
<StgValue><ssdm name="_ssdm_op_WriteReq.m_axi.i32P1A"/></StgValue>
</bind>
</comp>

<comp id="78" class="1001" name="const_78">
<pin_list>
<pin id="79" dir="1" index="0" bw="1" slack="0"/>
</pin_list>
<bind>
<StgValue><ssdm name="_ssdm_op_Write.m_axi.i32P1A"/></StgValue>
</bind>
</comp>

<comp id="80" class="1001" name="const_80">
<pin_list>
<pin id="81" dir="1" index="0" bw="1" slack="0"/>
</pin_list>
<bind>
<StgValue><ssdm name=""/></StgValue>
</bind>
</comp>

<comp id="82" class="1001" name="const_82">
<pin_list>
<pin id="83" dir="1" index="0" bw="1" slack="0"/>
</pin_list>
<bind>
<StgValue><ssdm name="_ssdm_op_WriteResp.m_axi.i32P1A"/></StgValue>
</bind>
</comp>

<comp id="84" class="1001" name="const_84">
<pin_list>
<pin id="85" dir="1" index="0" bw="1" slack="2147483647"/>
</pin_list>
<bind>
<StgValue><ssdm name="_ssdm_op_SpecLoopName"/></StgValue>
</bind>
</comp>

<comp id="86" class="1001" name="const_86">
<pin_list>
<pin id="87" dir="1" index="0" bw="1" slack="2147483647"/>
</pin_list>
<bind>
<StgValue><ssdm name="VITIS_LOOP_2173_1_VITIS_LOOP_2174_2_VITIS_LOOP_2175_3_str"/></StgValue>
</bind>
</comp>

<comp id="88" class="1001" name="const_88">
<pin_list>
<pin id="89" dir="1" index="0" bw="1" slack="2147483647"/>
</pin_list>
<bind>
<StgValue><ssdm name="_ssdm_op_SpecLoopTripCount"/></StgValue>
</bind>
</comp>

<comp id="90" class="1001" name="const_90">
<pin_list>
<pin id="91" dir="1" index="0" bw="1" slack="2147483647"/>
</pin_list>
<bind>
<StgValue><ssdm name=""/></StgValue>
</bind>
</comp>

<comp id="92" class="1001" name="const_92">
<pin_list>
<pin id="93" dir="1" index="0" bw="1" slack="2147483647"/>
</pin_list>
<bind>
<StgValue><ssdm name="_ssdm_op_SpecPipeline"/></StgValue>
</bind>
</comp>

<comp id="94" class="1004" name="v892_fu_94">
<pin_list>
<pin id="95" dir="0" index="0" bw="1" slack="0"/>
<pin id="96" dir="1" index="1" bw="6" slack="0"/>
</pin_list>
<bind>
<opcode="alloca(26) " fcode="alloca"/>
<opset="v892/1 "/>
</bind>
</comp>

<comp id="98" class="1004" name="v891_fu_98">
<pin_list>
<pin id="99" dir="0" index="0" bw="1" slack="0"/>
<pin id="100" dir="1" index="1" bw="6" slack="0"/>
</pin_list>
<bind>
<opcode="alloca(26) " fcode="alloca"/>
<opset="v891/1 "/>
</bind>
</comp>

<comp id="102" class="1004" name="indvar_flatten12800_fu_102">
<pin_list>
<pin id="103" dir="0" index="0" bw="1" slack="0"/>
<pin id="104" dir="1" index="1" bw="12" slack="0"/>
</pin_list>
<bind>
<opcode="alloca(26) " fcode="alloca"/>
<opset="indvar_flatten12800/1 "/>
</bind>
</comp>

<comp id="106" class="1004" name="v890_fu_106">
<pin_list>
<pin id="107" dir="0" index="0" bw="1" slack="0"/>
<pin id="108" dir="1" index="1" bw="6" slack="0"/>
</pin_list>
<bind>
<opcode="alloca(26) " fcode="alloca"/>
<opset="v890/1 "/>
</bind>
</comp>

<comp id="110" class="1004" name="indvar_flatten12813_fu_110">
<pin_list>
<pin id="111" dir="0" index="0" bw="1" slack="0"/>
<pin id="112" dir="1" index="1" bw="16" slack="0"/>
</pin_list>
<bind>
<opcode="alloca(26) " fcode="alloca"/>
<opset="indvar_flatten12813/1 "/>
</bind>
</comp>

<comp id="114" class="1004" name="v1159_read_read_fu_114">
<pin_list>
<pin id="115" dir="0" index="0" bw="64" slack="0"/>
<pin id="116" dir="0" index="1" bw="64" slack="0"/>
<pin id="117" dir="1" index="2" bw="64" slack="1"/>
</pin_list>
<bind>
<opcode="read(1150) " fcode="read"/>
<opset="v1159_read/1 "/>
</bind>
</comp>

<comp id="120" class="1004" name="sext_ln22994_read_fu_120">
<pin_list>
<pin id="121" dir="0" index="0" bw="62" slack="0"/>
<pin id="122" dir="0" index="1" bw="62" slack="0"/>
<pin id="123" dir="1" index="2" bw="62" slack="2147483647"/>
</pin_list>
<bind>
<opcode="read(1150) " fcode="read"/>
<opset="sext_ln22994/1 "/>
</bind>
</comp>

<comp id="126" class="1004" name="grp_readreq_fu_126">
<pin_list>
<pin id="127" dir="0" index="0" bw="1" slack="0"/>
<pin id="128" dir="0" index="1" bw="32" slack="1"/>
<pin id="129" dir="0" index="2" bw="1" slack="0"/>
<pin id="130" dir="1" index="3" bw="1" slack="2147483647"/>
</pin_list>
<bind>
<opcode="readreq(1154) " fcode="readreq"/>
<opset="g0_load_32_req/3 "/>
</bind>
</comp>

<comp id="133" class="1004" name="g0_addr_read_read_fu_133">
<pin_list>
<pin id="134" dir="0" index="0" bw="32" slack="0"/>
<pin id="135" dir="0" index="1" bw="32" slack="9"/>
<pin id="136" dir="1" index="2" bw="32" slack="1"/>
</pin_list>
<bind>
<opcode="read(1150) " fcode="read"/>
<opset="g0_addr_read/11 "/>
</bind>
</comp>

<comp id="138" class="1004" name="g0_addr_141_req_writereq_fu_138">
<pin_list>
<pin id="139" dir="0" index="0" bw="1" slack="0"/>
<pin id="140" dir="0" index="1" bw="32" slack="13"/>
<pin id="141" dir="0" index="2" bw="1" slack="0"/>
<pin id="142" dir="1" index="3" bw="1" slack="2147483647"/>
</pin_list>
<bind>
<opcode="writereq(1155) " fcode="writereq"/>
<opset="g0_addr_141_req/15 "/>
</bind>
</comp>

<comp id="145" class="1004" name="write_ln2180_write_fu_145">
<pin_list>
<pin id="146" dir="0" index="0" bw="0" slack="0"/>
<pin id="147" dir="0" index="1" bw="32" slack="14"/>
<pin id="148" dir="0" index="2" bw="32" slack="0"/>
<pin id="149" dir="0" index="3" bw="1" slack="0"/>
<pin id="150" dir="1" index="4" bw="0" slack="2147483647"/>
</pin_list>
<bind>
<opcode="write(1151) " fcode="write"/>
<opset="write_ln2180/16 "/>
</bind>
</comp>

<comp id="153" class="1004" name="grp_writeresp_fu_153">
<pin_list>
<pin id="154" dir="0" index="0" bw="1" slack="0"/>
<pin id="155" dir="0" index="1" bw="32" slack="15"/>
<pin id="156" dir="1" index="2" bw="1" slack="2147483647"/>
</pin_list>
<bind>
<opcode="writeresp(1158) " fcode="writeresp"/>
<opset="g0_addr_141_resp/17 "/>
</bind>
</comp>

<comp id="158" class="1004" name="grp_fu_158">
<pin_list>
<pin id="159" dir="0" index="0" bw="32" slack="0"/>
<pin id="160" dir="0" index="1" bw="32" slack="0"/>
<pin id="161" dir="1" index="2" bw="32" slack="1"/>
</pin_list>
<bind>
<opcode="fadd(9) " fcode="fadd"/>
<opset="v894/12 "/>
</bind>
</comp>

<comp id="163" class="1004" name="store_ln0_store_fu_163">
<pin_list>
<pin id="164" dir="0" index="0" bw="1" slack="0"/>
<pin id="165" dir="0" index="1" bw="16" slack="0"/>
<pin id="166" dir="1" index="2" bw="0" slack="2147483647"/>
</pin_list>
<bind>
<opcode="store(28) " fcode="store"/>
<opset="store_ln0/1 "/>
</bind>
</comp>

<comp id="168" class="1004" name="store_ln2173_store_fu_168">
<pin_list>
<pin id="169" dir="0" index="0" bw="1" slack="0"/>
<pin id="170" dir="0" index="1" bw="6" slack="0"/>
<pin id="171" dir="1" index="2" bw="0" slack="2147483647"/>
</pin_list>
<bind>
<opcode="store(28) " fcode="store"/>
<opset="store_ln2173/1 "/>
</bind>
</comp>

<comp id="173" class="1004" name="store_ln0_store_fu_173">
<pin_list>
<pin id="174" dir="0" index="0" bw="1" slack="0"/>
<pin id="175" dir="0" index="1" bw="12" slack="0"/>
<pin id="176" dir="1" index="2" bw="0" slack="2147483647"/>
</pin_list>
<bind>
<opcode="store(28) " fcode="store"/>
<opset="store_ln0/1 "/>
</bind>
</comp>

<comp id="178" class="1004" name="store_ln2174_store_fu_178">
<pin_list>
<pin id="179" dir="0" index="0" bw="1" slack="0"/>
<pin id="180" dir="0" index="1" bw="6" slack="0"/>
<pin id="181" dir="1" index="2" bw="0" slack="2147483647"/>
</pin_list>
<bind>
<opcode="store(28) " fcode="store"/>
<opset="store_ln2174/1 "/>
</bind>
</comp>

<comp id="183" class="1004" name="store_ln2175_store_fu_183">
<pin_list>
<pin id="184" dir="0" index="0" bw="1" slack="0"/>
<pin id="185" dir="0" index="1" bw="6" slack="0"/>
<pin id="186" dir="1" index="2" bw="0" slack="2147483647"/>
</pin_list>
<bind>
<opcode="store(28) " fcode="store"/>
<opset="store_ln2175/1 "/>
</bind>
</comp>

<comp id="188" class="1004" name="indvar_flatten12813_load_load_fu_188">
<pin_list>
<pin id="189" dir="0" index="0" bw="16" slack="1"/>
<pin id="190" dir="1" index="1" bw="16" slack="0"/>
</pin_list>
<bind>
<opcode="load(27) " fcode="load"/>
<opset="indvar_flatten12813_load/2 "/>
</bind>
</comp>

<comp id="191" class="1004" name="icmp_ln2173_fu_191">
<pin_list>
<pin id="192" dir="0" index="0" bw="16" slack="0"/>
<pin id="193" dir="0" index="1" bw="15" slack="0"/>
<pin id="194" dir="1" index="2" bw="1" slack="18"/>
</pin_list>
<bind>
<opcode="icmp(45) " fcode="icmp"/>
<opset="icmp_ln2173/2 "/>
</bind>
</comp>

<comp id="197" class="1004" name="add_ln2173_1_fu_197">
<pin_list>
<pin id="198" dir="0" index="0" bw="16" slack="0"/>
<pin id="199" dir="0" index="1" bw="1" slack="0"/>
<pin id="200" dir="1" index="2" bw="16" slack="0"/>
</pin_list>
<bind>
<opcode="add(8) " fcode="add"/>
<opset="add_ln2173_1/2 "/>
</bind>
</comp>

<comp id="203" class="1004" name="v892_load_load_fu_203">
<pin_list>
<pin id="204" dir="0" index="0" bw="6" slack="1"/>
<pin id="205" dir="1" index="1" bw="6" slack="0"/>
</pin_list>
<bind>
<opcode="load(27) " fcode="load"/>
<opset="v892_load/2 "/>
</bind>
</comp>

<comp id="206" class="1004" name="v891_load_load_fu_206">
<pin_list>
<pin id="207" dir="0" index="0" bw="6" slack="1"/>
<pin id="208" dir="1" index="1" bw="6" slack="0"/>
</pin_list>
<bind>
<opcode="load(27) " fcode="load"/>
<opset="v891_load/2 "/>
</bind>
</comp>

<comp id="209" class="1004" name="indvar_flatten12800_load_load_fu_209">
<pin_list>
<pin id="210" dir="0" index="0" bw="12" slack="1"/>
<pin id="211" dir="1" index="1" bw="12" slack="0"/>
</pin_list>
<bind>
<opcode="load(27) " fcode="load"/>
<opset="indvar_flatten12800_load/2 "/>
</bind>
</comp>

<comp id="212" class="1004" name="v890_load_load_fu_212">
<pin_list>
<pin id="213" dir="0" index="0" bw="6" slack="1"/>
<pin id="214" dir="1" index="1" bw="6" slack="0"/>
</pin_list>
<bind>
<opcode="load(27) " fcode="load"/>
<opset="v890_load/2 "/>
</bind>
</comp>

<comp id="215" class="1004" name="add_ln2173_fu_215">
<pin_list>
<pin id="216" dir="0" index="0" bw="6" slack="0"/>
<pin id="217" dir="0" index="1" bw="1" slack="0"/>
<pin id="218" dir="1" index="2" bw="6" slack="0"/>
</pin_list>
<bind>
<opcode="add(8) " fcode="add"/>
<opset="add_ln2173/2 "/>
</bind>
</comp>

<comp id="221" class="1004" name="icmp_ln2174_fu_221">
<pin_list>
<pin id="222" dir="0" index="0" bw="12" slack="0"/>
<pin id="223" dir="0" index="1" bw="12" slack="0"/>
<pin id="224" dir="1" index="2" bw="1" slack="0"/>
</pin_list>
<bind>
<opcode="icmp(45) " fcode="icmp"/>
<opset="icmp_ln2174/2 "/>
</bind>
</comp>

<comp id="227" class="1004" name="select_ln2173_fu_227">
<pin_list>
<pin id="228" dir="0" index="0" bw="1" slack="0"/>
<pin id="229" dir="0" index="1" bw="1" slack="0"/>
<pin id="230" dir="0" index="2" bw="6" slack="0"/>
<pin id="231" dir="1" index="3" bw="6" slack="0"/>
</pin_list>
<bind>
<opcode="select(49) " fcode="select"/>
<opset="select_ln2173/2 "/>
</bind>
</comp>

<comp id="235" class="1004" name="xor_ln2173_fu_235">
<pin_list>
<pin id="236" dir="0" index="0" bw="1" slack="0"/>
<pin id="237" dir="0" index="1" bw="1" slack="0"/>
<pin id="238" dir="1" index="2" bw="1" slack="0"/>
</pin_list>
<bind>
<opcode="xor(25) " fcode="xor"/>
<opset="xor_ln2173/2 "/>
</bind>
</comp>

<comp id="241" class="1004" name="icmp_ln2175_fu_241">
<pin_list>
<pin id="242" dir="0" index="0" bw="6" slack="0"/>
<pin id="243" dir="0" index="1" bw="6" slack="0"/>
<pin id="244" dir="1" index="2" bw="1" slack="0"/>
</pin_list>
<bind>
<opcode="icmp(45) " fcode="icmp"/>
<opset="icmp_ln2175/2 "/>
</bind>
</comp>

<comp id="247" class="1004" name="and_ln2173_fu_247">
<pin_list>
<pin id="248" dir="0" index="0" bw="1" slack="0"/>
<pin id="249" dir="0" index="1" bw="1" slack="0"/>
<pin id="250" dir="1" index="2" bw="1" slack="0"/>
</pin_list>
<bind>
<opcode="and(23) " fcode="and"/>
<opset="and_ln2173/2 "/>
</bind>
</comp>

<comp id="253" class="1004" name="select_ln2173_1_fu_253">
<pin_list>
<pin id="254" dir="0" index="0" bw="1" slack="0"/>
<pin id="255" dir="0" index="1" bw="6" slack="0"/>
<pin id="256" dir="0" index="2" bw="6" slack="0"/>
<pin id="257" dir="1" index="3" bw="6" slack="0"/>
</pin_list>
<bind>
<opcode="select(49) " fcode="select"/>
<opset="select_ln2173_1/2 "/>
</bind>
</comp>

<comp id="261" class="1004" name="add_ln2174_fu_261">
<pin_list>
<pin id="262" dir="0" index="0" bw="6" slack="0"/>
<pin id="263" dir="0" index="1" bw="1" slack="0"/>
<pin id="264" dir="1" index="2" bw="6" slack="0"/>
</pin_list>
<bind>
<opcode="add(8) " fcode="add"/>
<opset="add_ln2174/2 "/>
</bind>
</comp>

<comp id="267" class="1004" name="empty_fu_267">
<pin_list>
<pin id="268" dir="0" index="0" bw="1" slack="0"/>
<pin id="269" dir="0" index="1" bw="1" slack="0"/>
<pin id="270" dir="1" index="2" bw="1" slack="0"/>
</pin_list>
<bind>
<opcode="or(24) " fcode="or"/>
<opset="empty/2 "/>
</bind>
</comp>

<comp id="273" class="1004" name="v892_mid2_fu_273">
<pin_list>
<pin id="274" dir="0" index="0" bw="1" slack="0"/>
<pin id="275" dir="0" index="1" bw="1" slack="0"/>
<pin id="276" dir="0" index="2" bw="6" slack="0"/>
<pin id="277" dir="1" index="3" bw="6" slack="0"/>
</pin_list>
<bind>
<opcode="select(49) " fcode="select"/>
<opset="v892_mid2/2 "/>
</bind>
</comp>

<comp id="281" class="1004" name="select_ln2174_fu_281">
<pin_list>
<pin id="282" dir="0" index="0" bw="1" slack="0"/>
<pin id="283" dir="0" index="1" bw="6" slack="0"/>
<pin id="284" dir="0" index="2" bw="6" slack="0"/>
<pin id="285" dir="1" index="3" bw="6" slack="0"/>
</pin_list>
<bind>
<opcode="select(49) " fcode="select"/>
<opset="select_ln2174/2 "/>
</bind>
</comp>

<comp id="289" class="1004" name="shl_ln_fu_289">
<pin_list>
<pin id="290" dir="0" index="0" bw="18" slack="0"/>
<pin id="291" dir="0" index="1" bw="6" slack="0"/>
<pin id="292" dir="0" index="2" bw="1" slack="0"/>
<pin id="293" dir="1" index="3" bw="18" slack="0"/>
</pin_list>
<bind>
<opcode="bitconcatenate(1004) " fcode="bitconcatenate"/>
<opset="shl_ln/2 "/>
</bind>
</comp>

<comp id="297" class="1004" name="zext_ln2174_fu_297">
<pin_list>
<pin id="298" dir="0" index="0" bw="18" slack="0"/>
<pin id="299" dir="1" index="1" bw="64" slack="0"/>
</pin_list>
<bind>
<opcode="zext(34) " fcode="zext"/>
<opset="zext_ln2174/2 "/>
</bind>
</comp>

<comp id="301" class="1004" name="trunc_ln2178_fu_301">
<pin_list>
<pin id="302" dir="0" index="0" bw="6" slack="0"/>
<pin id="303" dir="1" index="1" bw="5" slack="0"/>
</pin_list>
<bind>
<opcode="trunc(33) " fcode="trunc"/>
<opset="trunc_ln2178/2 "/>
</bind>
</comp>

<comp id="305" class="1004" name="add_ln2178_fu_305">
<pin_list>
<pin id="306" dir="0" index="0" bw="18" slack="0"/>
<pin id="307" dir="0" index="1" bw="64" slack="1"/>
<pin id="308" dir="1" index="2" bw="64" slack="0"/>
</pin_list>
<bind>
<opcode="add(8) " fcode="add"/>
<opset="add_ln2178/2 "/>
</bind>
</comp>

<comp id="310" class="1004" name="trunc_ln2178_1_fu_310">
<pin_list>
<pin id="311" dir="0" index="0" bw="6" slack="0"/>
<pin id="312" dir="1" index="1" bw="5" slack="0"/>
</pin_list>
<bind>
<opcode="trunc(33) " fcode="trunc"/>
<opset="trunc_ln2178_1/2 "/>
</bind>
</comp>

<comp id="314" class="1004" name="tmp_fu_314">
<pin_list>
<pin id="315" dir="0" index="0" bw="12" slack="0"/>
<pin id="316" dir="0" index="1" bw="5" slack="0"/>
<pin id="317" dir="0" index="2" bw="5" slack="0"/>
<pin id="318" dir="0" index="3" bw="1" slack="0"/>
<pin id="319" dir="1" index="4" bw="12" slack="0"/>
</pin_list>
<bind>
<opcode="bitconcatenate(1004) " fcode="bitconcatenate"/>
<opset="tmp/2 "/>
</bind>
</comp>

<comp id="324" class="1004" name="zext_ln2178_fu_324">
<pin_list>
<pin id="325" dir="0" index="0" bw="12" slack="0"/>
<pin id="326" dir="1" index="1" bw="64" slack="0"/>
</pin_list>
<bind>
<opcode="zext(34) " fcode="zext"/>
<opset="zext_ln2178/2 "/>
</bind>
</comp>

<comp id="328" class="1004" name="add_ln2178_1_fu_328">
<pin_list>
<pin id="329" dir="0" index="0" bw="12" slack="0"/>
<pin id="330" dir="0" index="1" bw="64" slack="0"/>
<pin id="331" dir="1" index="2" bw="64" slack="0"/>
</pin_list>
<bind>
<opcode="add(8) " fcode="add"/>
<opset="add_ln2178_1/2 "/>
</bind>
</comp>

<comp id="334" class="1004" name="trunc_ln_fu_334">
<pin_list>
<pin id="335" dir="0" index="0" bw="62" slack="0"/>
<pin id="336" dir="0" index="1" bw="64" slack="0"/>
<pin id="337" dir="0" index="2" bw="3" slack="0"/>
<pin id="338" dir="0" index="3" bw="7" slack="0"/>
<pin id="339" dir="1" index="4" bw="62" slack="0"/>
</pin_list>
<bind>
<opcode="partselect(1002) " fcode="partselect"/>
<opset="trunc_ln/2 "/>
</bind>
</comp>

<comp id="344" class="1004" name="sext_ln2178_fu_344">
<pin_list>
<pin id="345" dir="0" index="0" bw="62" slack="0"/>
<pin id="346" dir="1" index="1" bw="64" slack="0"/>
</pin_list>
<bind>
<opcode="sext(35) " fcode="sext"/>
<opset="sext_ln2178/2 "/>
</bind>
</comp>

<comp id="348" class="1004" name="g0_addr_fu_348">
<pin_list>
<pin id="349" dir="0" index="0" bw="32" slack="0"/>
<pin id="350" dir="0" index="1" bw="62" slack="0"/>
<pin id="351" dir="1" index="2" bw="32" slack="1"/>
</pin_list>
<bind>
<opcode="getelementptr(29) " fcode="getelementptr"/>
<opset="g0_addr/2 "/>
</bind>
</comp>

<comp id="354" class="1004" name="add_ln2175_fu_354">
<pin_list>
<pin id="355" dir="0" index="0" bw="6" slack="0"/>
<pin id="356" dir="0" index="1" bw="1" slack="0"/>
<pin id="357" dir="1" index="2" bw="6" slack="0"/>
</pin_list>
<bind>
<opcode="add(8) " fcode="add"/>
<opset="add_ln2175/2 "/>
</bind>
</comp>

<comp id="360" class="1004" name="add_ln2174_1_fu_360">
<pin_list>
<pin id="361" dir="0" index="0" bw="12" slack="0"/>
<pin id="362" dir="0" index="1" bw="1" slack="0"/>
<pin id="363" dir="1" index="2" bw="12" slack="0"/>
</pin_list>
<bind>
<opcode="add(8) " fcode="add"/>
<opset="add_ln2174_1/2 "/>
</bind>
</comp>

<comp id="366" class="1004" name="select_ln2174_1_fu_366">
<pin_list>
<pin id="367" dir="0" index="0" bw="1" slack="0"/>
<pin id="368" dir="0" index="1" bw="1" slack="0"/>
<pin id="369" dir="0" index="2" bw="12" slack="0"/>
<pin id="370" dir="1" index="3" bw="12" slack="0"/>
</pin_list>
<bind>
<opcode="select(49) " fcode="select"/>
<opset="select_ln2174_1/2 "/>
</bind>
</comp>

<comp id="374" class="1004" name="store_ln2173_store_fu_374">
<pin_list>
<pin id="375" dir="0" index="0" bw="16" slack="0"/>
<pin id="376" dir="0" index="1" bw="16" slack="1"/>
<pin id="377" dir="1" index="2" bw="0" slack="2147483647"/>
</pin_list>
<bind>
<opcode="store(28) " fcode="store"/>
<opset="store_ln2173/2 "/>
</bind>
</comp>

<comp id="379" class="1004" name="store_ln2173_store_fu_379">
<pin_list>
<pin id="380" dir="0" index="0" bw="6" slack="0"/>
<pin id="381" dir="0" index="1" bw="6" slack="1"/>
<pin id="382" dir="1" index="2" bw="0" slack="2147483647"/>
</pin_list>
<bind>
<opcode="store(28) " fcode="store"/>
<opset="store_ln2173/2 "/>
</bind>
</comp>

<comp id="384" class="1004" name="store_ln2174_store_fu_384">
<pin_list>
<pin id="385" dir="0" index="0" bw="12" slack="0"/>
<pin id="386" dir="0" index="1" bw="12" slack="1"/>
<pin id="387" dir="1" index="2" bw="0" slack="2147483647"/>
</pin_list>
<bind>
<opcode="store(28) " fcode="store"/>
<opset="store_ln2174/2 "/>
</bind>
</comp>

<comp id="389" class="1004" name="store_ln2174_store_fu_389">
<pin_list>
<pin id="390" dir="0" index="0" bw="6" slack="0"/>
<pin id="391" dir="0" index="1" bw="6" slack="1"/>
<pin id="392" dir="1" index="2" bw="0" slack="2147483647"/>
</pin_list>
<bind>
<opcode="store(28) " fcode="store"/>
<opset="store_ln2174/2 "/>
</bind>
</comp>

<comp id="394" class="1004" name="store_ln2175_store_fu_394">
<pin_list>
<pin id="395" dir="0" index="0" bw="6" slack="0"/>
<pin id="396" dir="0" index="1" bw="6" slack="1"/>
<pin id="397" dir="1" index="2" bw="0" slack="2147483647"/>
</pin_list>
<bind>
<opcode="store(28) " fcode="store"/>
<opset="store_ln2175/2 "/>
</bind>
</comp>

<comp id="399" class="1004" name="v893_fu_399">
<pin_list>
<pin id="400" dir="0" index="0" bw="32" slack="1"/>
<pin id="401" dir="1" index="1" bw="32" slack="0"/>
</pin_list>
<bind>
<opcode="bitcast(44) " fcode="bitcast"/>
<opset="v893/12 "/>
</bind>
</comp>

<comp id="403" class="1004" name="bitcast_ln2180_fu_403">
<pin_list>
<pin id="404" dir="0" index="0" bw="32" slack="1"/>
<pin id="405" dir="1" index="1" bw="32" slack="0"/>
</pin_list>
<bind>
<opcode="bitcast(44) " fcode="bitcast"/>
<opset="bitcast_ln2180/16 "/>
</bind>
</comp>

<comp id="407" class="1005" name="v892_reg_407">
<pin_list>
<pin id="408" dir="0" index="0" bw="6" slack="0"/>
<pin id="409" dir="1" index="1" bw="6" slack="0"/>
</pin_list>
<bind>
<opset="v892 "/>
</bind>
</comp>

<comp id="414" class="1005" name="v891_reg_414">
<pin_list>
<pin id="415" dir="0" index="0" bw="6" slack="0"/>
<pin id="416" dir="1" index="1" bw="6" slack="0"/>
</pin_list>
<bind>
<opset="v891 "/>
</bind>
</comp>

<comp id="421" class="1005" name="indvar_flatten12800_reg_421">
<pin_list>
<pin id="422" dir="0" index="0" bw="12" slack="0"/>
<pin id="423" dir="1" index="1" bw="12" slack="0"/>
</pin_list>
<bind>
<opset="indvar_flatten12800 "/>
</bind>
</comp>

<comp id="428" class="1005" name="v890_reg_428">
<pin_list>
<pin id="429" dir="0" index="0" bw="6" slack="0"/>
<pin id="430" dir="1" index="1" bw="6" slack="0"/>
</pin_list>
<bind>
<opset="v890 "/>
</bind>
</comp>

<comp id="435" class="1005" name="indvar_flatten12813_reg_435">
<pin_list>
<pin id="436" dir="0" index="0" bw="16" slack="0"/>
<pin id="437" dir="1" index="1" bw="16" slack="0"/>
</pin_list>
<bind>
<opset="indvar_flatten12813 "/>
</bind>
</comp>

<comp id="442" class="1005" name="v1159_read_reg_442">
<pin_list>
<pin id="443" dir="0" index="0" bw="64" slack="1"/>
<pin id="444" dir="1" index="1" bw="64" slack="1"/>
</pin_list>
<bind>
<opset="v1159_read "/>
</bind>
</comp>

<comp id="447" class="1005" name="icmp_ln2173_reg_447">
<pin_list>
<pin id="448" dir="0" index="0" bw="1" slack="18"/>
<pin id="449" dir="1" index="1" bw="1" slack="2147483647"/>
</pin_list>
<bind>
<opset="icmp_ln2173 "/>
</bind>
</comp>

<comp id="451" class="1005" name="g0_addr_reg_451">
<pin_list>
<pin id="452" dir="0" index="0" bw="32" slack="1"/>
<pin id="453" dir="1" index="1" bw="32" slack="1"/>
</pin_list>
<bind>
<opset="g0_addr "/>
</bind>
</comp>

<comp id="460" class="1005" name="g0_addr_read_reg_460">
<pin_list>
<pin id="461" dir="0" index="0" bw="32" slack="1"/>
<pin id="462" dir="1" index="1" bw="32" slack="1"/>
</pin_list>
<bind>
<opset="g0_addr_read "/>
</bind>
</comp>

<comp id="465" class="1005" name="v893_reg_465">
<pin_list>
<pin id="466" dir="0" index="0" bw="32" slack="1"/>
<pin id="467" dir="1" index="1" bw="32" slack="1"/>
</pin_list>
<bind>
<opset="v893 "/>
</bind>
</comp>

<comp id="470" class="1005" name="v894_reg_470">
<pin_list>
<pin id="471" dir="0" index="0" bw="32" slack="1"/>
<pin id="472" dir="1" index="1" bw="32" slack="1"/>
</pin_list>
<bind>
<opset="v894 "/>
</bind>
</comp>

</comp_list>

<net_list>
<net id="97"><net_src comp="6" pin="0"/><net_sink comp="94" pin=0"/></net>

<net id="101"><net_src comp="6" pin="0"/><net_sink comp="98" pin=0"/></net>

<net id="105"><net_src comp="6" pin="0"/><net_sink comp="102" pin=0"/></net>

<net id="109"><net_src comp="6" pin="0"/><net_sink comp="106" pin=0"/></net>

<net id="113"><net_src comp="6" pin="0"/><net_sink comp="110" pin=0"/></net>

<net id="118"><net_src comp="8" pin="0"/><net_sink comp="114" pin=0"/></net>

<net id="119"><net_src comp="4" pin="0"/><net_sink comp="114" pin=1"/></net>

<net id="124"><net_src comp="10" pin="0"/><net_sink comp="120" pin=0"/></net>

<net id="125"><net_src comp="2" pin="0"/><net_sink comp="120" pin=1"/></net>

<net id="131"><net_src comp="68" pin="0"/><net_sink comp="126" pin=0"/></net>

<net id="132"><net_src comp="70" pin="0"/><net_sink comp="126" pin=2"/></net>

<net id="137"><net_src comp="72" pin="0"/><net_sink comp="133" pin=0"/></net>

<net id="143"><net_src comp="76" pin="0"/><net_sink comp="138" pin=0"/></net>

<net id="144"><net_src comp="70" pin="0"/><net_sink comp="138" pin=2"/></net>

<net id="151"><net_src comp="78" pin="0"/><net_sink comp="145" pin=0"/></net>

<net id="152"><net_src comp="80" pin="0"/><net_sink comp="145" pin=3"/></net>

<net id="157"><net_src comp="82" pin="0"/><net_sink comp="153" pin=0"/></net>

<net id="162"><net_src comp="74" pin="0"/><net_sink comp="158" pin=1"/></net>

<net id="167"><net_src comp="36" pin="0"/><net_sink comp="163" pin=0"/></net>

<net id="172"><net_src comp="38" pin="0"/><net_sink comp="168" pin=0"/></net>

<net id="177"><net_src comp="40" pin="0"/><net_sink comp="173" pin=0"/></net>

<net id="182"><net_src comp="38" pin="0"/><net_sink comp="178" pin=0"/></net>

<net id="187"><net_src comp="38" pin="0"/><net_sink comp="183" pin=0"/></net>

<net id="195"><net_src comp="188" pin="1"/><net_sink comp="191" pin=0"/></net>

<net id="196"><net_src comp="44" pin="0"/><net_sink comp="191" pin=1"/></net>

<net id="201"><net_src comp="188" pin="1"/><net_sink comp="197" pin=0"/></net>

<net id="202"><net_src comp="46" pin="0"/><net_sink comp="197" pin=1"/></net>

<net id="219"><net_src comp="212" pin="1"/><net_sink comp="215" pin=0"/></net>

<net id="220"><net_src comp="48" pin="0"/><net_sink comp="215" pin=1"/></net>

<net id="225"><net_src comp="209" pin="1"/><net_sink comp="221" pin=0"/></net>

<net id="226"><net_src comp="50" pin="0"/><net_sink comp="221" pin=1"/></net>

<net id="232"><net_src comp="221" pin="2"/><net_sink comp="227" pin=0"/></net>

<net id="233"><net_src comp="38" pin="0"/><net_sink comp="227" pin=1"/></net>

<net id="234"><net_src comp="206" pin="1"/><net_sink comp="227" pin=2"/></net>

<net id="239"><net_src comp="221" pin="2"/><net_sink comp="235" pin=0"/></net>

<net id="240"><net_src comp="14" pin="0"/><net_sink comp="235" pin=1"/></net>

<net id="245"><net_src comp="203" pin="1"/><net_sink comp="241" pin=0"/></net>

<net id="246"><net_src comp="52" pin="0"/><net_sink comp="241" pin=1"/></net>

<net id="251"><net_src comp="241" pin="2"/><net_sink comp="247" pin=0"/></net>

<net id="252"><net_src comp="235" pin="2"/><net_sink comp="247" pin=1"/></net>

<net id="258"><net_src comp="221" pin="2"/><net_sink comp="253" pin=0"/></net>

<net id="259"><net_src comp="215" pin="2"/><net_sink comp="253" pin=1"/></net>

<net id="260"><net_src comp="212" pin="1"/><net_sink comp="253" pin=2"/></net>

<net id="265"><net_src comp="227" pin="3"/><net_sink comp="261" pin=0"/></net>

<net id="266"><net_src comp="48" pin="0"/><net_sink comp="261" pin=1"/></net>

<net id="271"><net_src comp="247" pin="2"/><net_sink comp="267" pin=0"/></net>

<net id="272"><net_src comp="221" pin="2"/><net_sink comp="267" pin=1"/></net>

<net id="278"><net_src comp="267" pin="2"/><net_sink comp="273" pin=0"/></net>

<net id="279"><net_src comp="38" pin="0"/><net_sink comp="273" pin=1"/></net>

<net id="280"><net_src comp="203" pin="1"/><net_sink comp="273" pin=2"/></net>

<net id="286"><net_src comp="247" pin="2"/><net_sink comp="281" pin=0"/></net>

<net id="287"><net_src comp="261" pin="2"/><net_sink comp="281" pin=1"/></net>

<net id="288"><net_src comp="227" pin="3"/><net_sink comp="281" pin=2"/></net>

<net id="294"><net_src comp="54" pin="0"/><net_sink comp="289" pin=0"/></net>

<net id="295"><net_src comp="253" pin="3"/><net_sink comp="289" pin=1"/></net>

<net id="296"><net_src comp="40" pin="0"/><net_sink comp="289" pin=2"/></net>

<net id="300"><net_src comp="289" pin="3"/><net_sink comp="297" pin=0"/></net>

<net id="304"><net_src comp="273" pin="3"/><net_sink comp="301" pin=0"/></net>

<net id="309"><net_src comp="297" pin="1"/><net_sink comp="305" pin=0"/></net>

<net id="313"><net_src comp="281" pin="3"/><net_sink comp="310" pin=0"/></net>

<net id="320"><net_src comp="56" pin="0"/><net_sink comp="314" pin=0"/></net>

<net id="321"><net_src comp="310" pin="1"/><net_sink comp="314" pin=1"/></net>

<net id="322"><net_src comp="301" pin="1"/><net_sink comp="314" pin=2"/></net>

<net id="323"><net_src comp="58" pin="0"/><net_sink comp="314" pin=3"/></net>

<net id="327"><net_src comp="314" pin="4"/><net_sink comp="324" pin=0"/></net>

<net id="332"><net_src comp="324" pin="1"/><net_sink comp="328" pin=0"/></net>

<net id="333"><net_src comp="305" pin="2"/><net_sink comp="328" pin=1"/></net>

<net id="340"><net_src comp="60" pin="0"/><net_sink comp="334" pin=0"/></net>

<net id="341"><net_src comp="328" pin="2"/><net_sink comp="334" pin=1"/></net>

<net id="342"><net_src comp="62" pin="0"/><net_sink comp="334" pin=2"/></net>

<net id="343"><net_src comp="64" pin="0"/><net_sink comp="334" pin=3"/></net>

<net id="347"><net_src comp="334" pin="4"/><net_sink comp="344" pin=0"/></net>

<net id="352"><net_src comp="0" pin="0"/><net_sink comp="348" pin=0"/></net>

<net id="353"><net_src comp="344" pin="1"/><net_sink comp="348" pin=1"/></net>

<net id="358"><net_src comp="273" pin="3"/><net_sink comp="354" pin=0"/></net>

<net id="359"><net_src comp="48" pin="0"/><net_sink comp="354" pin=1"/></net>

<net id="364"><net_src comp="209" pin="1"/><net_sink comp="360" pin=0"/></net>

<net id="365"><net_src comp="66" pin="0"/><net_sink comp="360" pin=1"/></net>

<net id="371"><net_src comp="221" pin="2"/><net_sink comp="366" pin=0"/></net>

<net id="372"><net_src comp="66" pin="0"/><net_sink comp="366" pin=1"/></net>

<net id="373"><net_src comp="360" pin="2"/><net_sink comp="366" pin=2"/></net>

<net id="378"><net_src comp="197" pin="2"/><net_sink comp="374" pin=0"/></net>

<net id="383"><net_src comp="253" pin="3"/><net_sink comp="379" pin=0"/></net>

<net id="388"><net_src comp="366" pin="3"/><net_sink comp="384" pin=0"/></net>

<net id="393"><net_src comp="281" pin="3"/><net_sink comp="389" pin=0"/></net>

<net id="398"><net_src comp="354" pin="2"/><net_sink comp="394" pin=0"/></net>

<net id="402"><net_src comp="399" pin="1"/><net_sink comp="158" pin=0"/></net>

<net id="406"><net_src comp="403" pin="1"/><net_sink comp="145" pin=2"/></net>

<net id="410"><net_src comp="94" pin="1"/><net_sink comp="407" pin=0"/></net>

<net id="411"><net_src comp="407" pin="1"/><net_sink comp="183" pin=1"/></net>

<net id="412"><net_src comp="407" pin="1"/><net_sink comp="203" pin=0"/></net>

<net id="413"><net_src comp="407" pin="1"/><net_sink comp="394" pin=1"/></net>

<net id="417"><net_src comp="98" pin="1"/><net_sink comp="414" pin=0"/></net>

<net id="418"><net_src comp="414" pin="1"/><net_sink comp="178" pin=1"/></net>

<net id="419"><net_src comp="414" pin="1"/><net_sink comp="206" pin=0"/></net>

<net id="420"><net_src comp="414" pin="1"/><net_sink comp="389" pin=1"/></net>

<net id="424"><net_src comp="102" pin="1"/><net_sink comp="421" pin=0"/></net>

<net id="425"><net_src comp="421" pin="1"/><net_sink comp="173" pin=1"/></net>

<net id="426"><net_src comp="421" pin="1"/><net_sink comp="209" pin=0"/></net>

<net id="427"><net_src comp="421" pin="1"/><net_sink comp="384" pin=1"/></net>

<net id="431"><net_src comp="106" pin="1"/><net_sink comp="428" pin=0"/></net>

<net id="432"><net_src comp="428" pin="1"/><net_sink comp="168" pin=1"/></net>

<net id="433"><net_src comp="428" pin="1"/><net_sink comp="212" pin=0"/></net>

<net id="434"><net_src comp="428" pin="1"/><net_sink comp="379" pin=1"/></net>

<net id="438"><net_src comp="110" pin="1"/><net_sink comp="435" pin=0"/></net>

<net id="439"><net_src comp="435" pin="1"/><net_sink comp="163" pin=1"/></net>

<net id="440"><net_src comp="435" pin="1"/><net_sink comp="188" pin=0"/></net>

<net id="441"><net_src comp="435" pin="1"/><net_sink comp="374" pin=1"/></net>

<net id="445"><net_src comp="114" pin="2"/><net_sink comp="442" pin=0"/></net>

<net id="446"><net_src comp="442" pin="1"/><net_sink comp="305" pin=1"/></net>

<net id="450"><net_src comp="191" pin="2"/><net_sink comp="447" pin=0"/></net>

<net id="454"><net_src comp="348" pin="2"/><net_sink comp="451" pin=0"/></net>

<net id="455"><net_src comp="451" pin="1"/><net_sink comp="126" pin=1"/></net>

<net id="456"><net_src comp="451" pin="1"/><net_sink comp="133" pin=1"/></net>

<net id="457"><net_src comp="451" pin="1"/><net_sink comp="138" pin=1"/></net>

<net id="458"><net_src comp="451" pin="1"/><net_sink comp="145" pin=1"/></net>

<net id="459"><net_src comp="451" pin="1"/><net_sink comp="153" pin=1"/></net>

<net id="463"><net_src comp="133" pin="2"/><net_sink comp="460" pin=0"/></net>

<net id="464"><net_src comp="460" pin="1"/><net_sink comp="399" pin=0"/></net>

<net id="468"><net_src comp="399" pin="1"/><net_sink comp="465" pin=0"/></net>

<net id="469"><net_src comp="465" pin="1"/><net_sink comp="158" pin=0"/></net>

<net id="473"><net_src comp="158" pin="2"/><net_sink comp="470" pin=0"/></net>

<net id="474"><net_src comp="470" pin="1"/><net_sink comp="403" pin=0"/></net>

</net_list>

</model> 
---------------- Datapath Model END ------------------

* FSMD analyzer results:
  - Output states:
	Port: g0 | {15 16 17 18 19 20 21 }
 - Input state : 
	Port: control_Pipeline_VITIS_LOOP_2173_1_VITIS_LOOP_2174_2_VITIS_LOOP_2175_3 : g0 | {3 4 5 6 7 8 9 10 11 }
	Port: control_Pipeline_VITIS_LOOP_2173_1_VITIS_LOOP_2174_2_VITIS_LOOP_2175_3 : sext_ln2299 | {1 }
	Port: control_Pipeline_VITIS_LOOP_2173_1_VITIS_LOOP_2174_2_VITIS_LOOP_2175_3 : v1159 | {1 }
  - Chain level:
	State 1
		store_ln0 : 1
		store_ln2173 : 1
		store_ln0 : 1
		store_ln2174 : 1
		store_ln2175 : 1
	State 2
		icmp_ln2173 : 1
		add_ln2173_1 : 1
		br_ln2173 : 2
		add_ln2173 : 1
		icmp_ln2174 : 1
		select_ln2173 : 2
		xor_ln2173 : 2
		icmp_ln2175 : 1
		and_ln2173 : 2
		select_ln2173_1 : 2
		add_ln2174 : 3
		empty : 2
		v892_mid2 : 2
		select_ln2174 : 2
		shl_ln : 3
		zext_ln2174 : 4
		trunc_ln2178 : 3
		add_ln2178 : 5
		trunc_ln2178_1 : 3
		tmp : 4
		zext_ln2178 : 5
		add_ln2178_1 : 6
		trunc_ln : 7
		sext_ln2178 : 8
		g0_addr : 9
		add_ln2175 : 3
		add_ln2174_1 : 1
		select_ln2174_1 : 2
		store_ln2173 : 2
		store_ln2173 : 3
		store_ln2174 : 3
		store_ln2174 : 3
		store_ln2175 : 4
	State 3
	State 4
	State 5
	State 6
	State 7
	State 8
	State 9
	State 10
	State 11
	State 12
		v894 : 1
	State 13
	State 14
	State 15
	State 16
		write_ln2180 : 1
	State 17
	State 18
	State 19
	State 20
	State 21


============================================================
+ Verbose Summary: Datapath Resource usage 
============================================================

* Functional unit list:
|----------|---------------------------------|---------|---------|---------|
| Operation|         Functional Unit         |   DSP   |    FF   |   LUT   |
|----------|---------------------------------|---------|---------|---------|
|   fadd   |            grp_fu_158           |    2    |   227   |   214   |
|----------|---------------------------------|---------|---------|---------|
|          |       add_ln2173_1_fu_197       |    0    |    0    |    23   |
|          |        add_ln2173_fu_215        |    0    |    0    |    13   |
|          |        add_ln2174_fu_261        |    0    |    0    |    13   |
|    add   |        add_ln2178_fu_305        |    0    |    0    |    64   |
|          |       add_ln2178_1_fu_328       |    0    |    0    |    64   |
|          |        add_ln2175_fu_354        |    0    |    0    |    13   |
|          |       add_ln2174_1_fu_360       |    0    |    0    |    19   |
|----------|---------------------------------|---------|---------|---------|
|          |        icmp_ln2173_fu_191       |    0    |    0    |    23   |
|   icmp   |        icmp_ln2174_fu_221       |    0    |    0    |    19   |
|          |        icmp_ln2175_fu_241       |    0    |    0    |    13   |
|----------|---------------------------------|---------|---------|---------|
|          |       select_ln2173_fu_227      |    0    |    0    |    6    |
|          |      select_ln2173_1_fu_253     |    0    |    0    |    6    |
|  select  |         v892_mid2_fu_273        |    0    |    0    |    6    |
|          |       select_ln2174_fu_281      |    0    |    0    |    6    |
|          |      select_ln2174_1_fu_366     |    0    |    0    |    11   |
|----------|---------------------------------|---------|---------|---------|
|    xor   |        xor_ln2173_fu_235        |    0    |    0    |    2    |
|----------|---------------------------------|---------|---------|---------|
|    and   |        and_ln2173_fu_247        |    0    |    0    |    2    |
|----------|---------------------------------|---------|---------|---------|
|    or    |           empty_fu_267          |    0    |    0    |    2    |
|----------|---------------------------------|---------|---------|---------|
|          |      v1159_read_read_fu_114     |    0    |    0    |    0    |
|   read   |     sext_ln22994_read_fu_120    |    0    |    0    |    0    |
|          |     g0_addr_read_read_fu_133    |    0    |    0    |    0    |
|----------|---------------------------------|---------|---------|---------|
|  readreq |        grp_readreq_fu_126       |    0    |    0    |    0    |
|----------|---------------------------------|---------|---------|---------|
| writereq | g0_addr_141_req_writereq_fu_138 |    0    |    0    |    0    |
|----------|---------------------------------|---------|---------|---------|
|   write  |    write_ln2180_write_fu_145    |    0    |    0    |    0    |
|----------|---------------------------------|---------|---------|---------|
| writeresp|       grp_writeresp_fu_153      |    0    |    0    |    0    |
|----------|---------------------------------|---------|---------|---------|
|bitconcatenate|          shl_ln_fu_289          |    0    |    0    |    0    |
|          |            tmp_fu_314           |    0    |    0    |    0    |
|----------|---------------------------------|---------|---------|---------|
|   zext   |        zext_ln2174_fu_297       |    0    |    0    |    0    |
|          |        zext_ln2178_fu_324       |    0    |    0    |    0    |
|----------|---------------------------------|---------|---------|---------|
|   trunc  |       trunc_ln2178_fu_301       |    0    |    0    |    0    |
|          |      trunc_ln2178_1_fu_310      |    0    |    0    |    0    |
|----------|---------------------------------|---------|---------|---------|
|partselect|         trunc_ln_fu_334         |    0    |    0    |    0    |
|----------|---------------------------------|---------|---------|---------|
|   sext   |        sext_ln2178_fu_344       |    0    |    0    |    0    |
|----------|---------------------------------|---------|---------|---------|
|   Total  |                                 |    2    |   227   |   519   |
|----------|---------------------------------|---------|---------|---------|

Memories:
N/A

* Register list:
+---------------------------+--------+
|                           |   FF   |
+---------------------------+--------+
|    g0_addr_read_reg_460   |   32   |
|      g0_addr_reg_451      |   32   |
|    icmp_ln2173_reg_447    |    1   |
|indvar_flatten12800_reg_421|   12   |
|indvar_flatten12813_reg_435|   16   |
|     v1159_read_reg_442    |   64   |
|        v890_reg_428       |    6   |
|        v891_reg_414       |    6   |
|        v892_reg_407       |    6   |
|        v893_reg_465       |   32   |
|        v894_reg_470       |   32   |
+---------------------------+--------+
|           Total           |   239  |
+---------------------------+--------+

* Multiplexer (MUX) list: 
|------------|------|------|------|--------||---------||---------||---------|
|    Comp    |  Pin | Size |  BW  | S x BW ||  Delay  ||    FF   ||   LUT   |
|------------|------|------|------|--------||---------||---------||---------|
| grp_fu_158 |  p0  |   2  |  32  |   64   ||    0    ||    9    |
|------------|------|------|------|--------||---------||---------||---------|
|    Total   |      |      |      |   64   ||  0.427  ||    0    ||    9    |
|------------|------|------|------|--------||---------||---------||---------|



* Summary:
+-----------+--------+--------+--------+--------+
|           |   DSP  |  Delay |   FF   |   LUT  |
+-----------+--------+--------+--------+--------+
|  Function |    2   |    -   |   227  |   519  |
|   Memory  |    -   |    -   |    -   |    -   |
|Multiplexer|    -   |    0   |    0   |    9   |
|  Register |    -   |    -   |   239  |    -   |
+-----------+--------+--------+--------+--------+
|   Total   |    2   |    0   |   466  |   528  |
+-----------+--------+--------+--------+--------+
