

================================================================
== Vitis HLS Report for 'control_Pipeline_VITIS_LOOP_1456_5_VITIS_LOOP_1457_6'
================================================================
* Date:           Sun Jul 12 20:26:06 2026

* Version:        2025.2 (Build 6295257 on Nov 14 2025)
* Project:        spikingformer_proj
* Solution:       solution1 (Vivado IP Flow Target)
* Product family: zynquplus
* Target device:  xczu7ev-ffvc1156-2-e


================================================================
== Performance Estimates
================================================================
+ Timing: 
    * Summary: 
    +--------+----------+----------+------------+
    |  Clock |  Target  | Estimated| Uncertainty|
    +--------+----------+----------+------------+
    |ap_clk  |  10.00 ns|  7.300 ns|     2.70 ns|
    +--------+----------+----------+------------+

+ Latency: 
    * Summary: 
    +---------+---------+----------+----------+-----+-----+-------------------+
    |  Latency (cycles) |  Latency (absolute) |  Interval |      Pipeline     |
    |   min   |   max   |    min   |    max   | min | max |        Type       |
    +---------+---------+----------+----------+-----+-----+-------------------+
    |      534|      534|  5.340 us|  5.340 us|    0|    0|  loop pipeline stp|
    +---------+---------+----------+----------+-----+-----+-------------------+

    + Detail: 
        * Instance: 
        N/A

        * Loop: 
        +---------------------------------------+---------+---------+----------+-----------+-----------+------+----------+
        |                                       |  Latency (cycles) | Iteration|  Initiation Interval  | Trip |          |
        |               Loop Name               |   min   |   max   |  Latency |  achieved |   target  | Count| Pipelined|
        +---------------------------------------+---------+---------+----------+-----------+-----------+------+----------+
        |- VITIS_LOOP_1456_5_VITIS_LOOP_1457_6  |      532|      532|        23|          2|          1|   256|       yes|
        +---------------------------------------+---------+---------+----------+-----------+-----------+------+----------+

============================================================
+ Verbose Summary: Synthesis Manager
============================================================
InlineROM: 1
ExposeGlobal: 0
============================================================
+ Verbose Summary: CDFG Model
============================================================
IsTopModel: 0
ResetActiveHigh: 1
IsCombinational: 0
IsDatapathOnly: 0
HasWiredReturn: 1
HasMFsm: 2
HasVarLatency: 1
IsPipeline: 0
IsRtlPipelined: 0
IsInstanceOverlapped: 0
IsDontTouch: 0
HasImplIP: 0
IsGatedGlobalClock: 0

+ Individual pipeline summary: 
  * Pipeline-0: initiation interval (II) = 2, depth = 23


============================================================
+ Verbose Summary: Schedule
============================================================
* Number of FSM states : 23
* Pipeline : 1
  Pipeline-0 : II = 2, D = 23, States = { 1 2 3 4 5 6 7 8 9 10 11 12 13 14 15 16 17 18 19 20 21 22 23 }
* Dataflow Pipeline: 0

* FSM state transitions: 
1 --> 2 
2 --> 3 
3 --> 4 
4 --> 5 
5 --> 6 
6 --> 7 
7 --> 8 
8 --> 9 
9 --> 10 
10 --> 11 
11 --> 12 
12 --> 13 
13 --> 14 
14 --> 15 
15 --> 16 
16 --> 17 
17 --> 18 
18 --> 19 
19 --> 20 
20 --> 21 
21 --> 22 
22 --> 23 
23 --> 

* FSM state operations: 

State 1 <SV = 0> <Delay = 6.28>
ST_1 : Operation 26 [1/1] (0.00ns)   --->   "%v599 = alloca i32 1" [spikingformer_official.cpp:1457->spikingformer_official.cpp:2421]   --->   Operation 26 'alloca' 'v599' <Predicate = true> <Delay = 0.00>
ST_1 : Operation 27 [1/1] (0.00ns)   --->   "%v598 = alloca i32 1" [spikingformer_official.cpp:1456->spikingformer_official.cpp:2421]   --->   Operation 27 'alloca' 'v598' <Predicate = true> <Delay = 0.00>
ST_1 : Operation 28 [1/1] (0.00ns)   --->   "%indvar_flatten13584 = alloca i32 1"   --->   Operation 28 'alloca' 'indvar_flatten13584' <Predicate = true> <Delay = 0.00>
ST_1 : Operation 29 [1/1] (0.00ns)   --->   "%v601_read = read i32 @_ssdm_op_Read.ap_auto.float, i32 %v601"   --->   Operation 29 'read' 'v601_read' <Predicate = true> <Delay = 0.00>
ST_1 : Operation 30 [1/1] (0.00ns)   --->   "%v949_read = read i64 @_ssdm_op_Read.ap_auto.i64, i64 %v949"   --->   Operation 30 'read' 'v949_read' <Predicate = true> <Delay = 0.00>
ST_1 : Operation 31 [1/1] (0.00ns)   --->   "%zext_ln1456_read = read i19 @_ssdm_op_Read.ap_auto.i19, i19 %zext_ln1456"   --->   Operation 31 'read' 'zext_ln1456_read' <Predicate = true> <Delay = 0.00>
ST_1 : Operation 32 [1/1] (0.00ns)   --->   "%v944_read = read i64 @_ssdm_op_Read.ap_auto.i64, i64 %v944"   --->   Operation 32 'read' 'v944_read' <Predicate = true> <Delay = 0.00>
ST_1 : Operation 33 [1/1] (0.00ns)   --->   "%v596_read = read i2 @_ssdm_op_Read.ap_auto.i2, i2 %v596"   --->   Operation 33 'read' 'v596_read' <Predicate = true> <Delay = 0.00>
ST_1 : Operation 34 [1/1] (0.00ns)   --->   "%phi_mul15231_read = read i16 @_ssdm_op_Read.ap_auto.i16, i16 %phi_mul15231"   --->   Operation 34 'read' 'phi_mul15231_read' <Predicate = true> <Delay = 0.00>
ST_1 : Operation 35 [1/1] (0.00ns)   --->   "%zext_ln1453_1_read = read i2 @_ssdm_op_Read.ap_auto.i2, i2 %zext_ln1453_1"   --->   Operation 35 'read' 'zext_ln1453_1_read' <Predicate = true> <Delay = 0.00>
ST_1 : Operation 36 [1/1] (0.00ns)   --->   "%sext_ln146114 = read i62 @_ssdm_op_Read.ap_auto.i62, i62 %sext_ln1461"   --->   Operation 36 'read' 'sext_ln146114' <Predicate = true> <Delay = 0.00>
ST_1 : Operation 37 [1/1] (0.00ns)   --->   "%sext_ln226513 = read i62 @_ssdm_op_Read.ap_auto.i62, i62 %sext_ln2265"   --->   Operation 37 'read' 'sext_ln226513' <Predicate = true> <Delay = 0.00>
ST_1 : Operation 38 [1/1] (0.00ns)   --->   "%sext_ln229912 = read i62 @_ssdm_op_Read.ap_auto.i62, i62 %sext_ln2299"   --->   Operation 38 'read' 'sext_ln229912' <Predicate = true> <Delay = 0.00>
ST_1 : Operation 39 [1/1] (0.00ns)   --->   "%zext_ln1456_cast = zext i19 %zext_ln1456_read"   --->   Operation 39 'zext' 'zext_ln1456_cast' <Predicate = true> <Delay = 0.00>
ST_1 : Operation 40 [1/1] (0.00ns)   --->   "%zext_ln1453_1_cast = zext i2 %zext_ln1453_1_read"   --->   Operation 40 'zext' 'zext_ln1453_1_cast' <Predicate = true> <Delay = 0.00>
ST_1 : Operation 41 [1/1] (0.00ns)   --->   "%specstablecontent_ln0 = specstablecontent void @_ssdm_op_SpecStableContent, i32 %g0, i1 1, void "   --->   Operation 41 'specstablecontent' 'specstablecontent_ln0' <Predicate = true> <Delay = 0.00>
ST_1 : Operation 42 [1/1] (0.00ns)   --->   "%specinterface_ln0 = specinterface void @_ssdm_op_SpecInterface, i32 %g0, void @empty_26, i32 0, i32 0, void @empty_35, i32 0, i32 0, void @empty_22, void @empty_25, void @empty_35, i32 16, i32 16, i32 16, i32 16, void @empty_35, void @empty_35, i32 4294967295, i32 0, i32 0, i32 4"   --->   Operation 42 'specinterface' 'specinterface_ln0' <Predicate = true> <Delay = 0.00>
ST_1 : Operation 43 [1/1] (0.42ns)   --->   "%store_ln0 = store i9 0, i9 %indvar_flatten13584"   --->   Operation 43 'store' 'store_ln0' <Predicate = true> <Delay = 0.42>
ST_1 : Operation 44 [1/1] (0.42ns)   --->   "%store_ln1456 = store i5 0, i5 %v598" [spikingformer_official.cpp:1456->spikingformer_official.cpp:2421]   --->   Operation 44 'store' 'store_ln1456' <Predicate = true> <Delay = 0.42>
ST_1 : Operation 45 [1/1] (0.42ns)   --->   "%store_ln1457 = store i5 0, i5 %v599" [spikingformer_official.cpp:1457->spikingformer_official.cpp:2421]   --->   Operation 45 'store' 'store_ln1457' <Predicate = true> <Delay = 0.42>
ST_1 : Operation 46 [1/1] (0.00ns)   --->   "%br_ln0 = br void %for.inc.i678"   --->   Operation 46 'br' 'br_ln0' <Predicate = true> <Delay = 0.00>
ST_1 : Operation 47 [1/1] (0.00ns)   --->   "%indvar_flatten13584_load = load i9 %indvar_flatten13584" [spikingformer_official.cpp:1456->spikingformer_official.cpp:2421]   --->   Operation 47 'load' 'indvar_flatten13584_load' <Predicate = true> <Delay = 0.00>
ST_1 : Operation 48 [1/1] (0.00ns)   --->   "%specbitsmap_ln0 = specbitsmap void @_ssdm_op_SpecBitsMap, i32 %g0"   --->   Operation 48 'specbitsmap' 'specbitsmap_ln0' <Predicate = true> <Delay = 0.00>
ST_1 : Operation 49 [1/1] (0.77ns)   --->   "%icmp_ln1456 = icmp_eq  i9 %indvar_flatten13584_load, i9 256" [spikingformer_official.cpp:1456->spikingformer_official.cpp:2421]   --->   Operation 49 'icmp' 'icmp_ln1456' <Predicate = true> <Delay = 0.77> <CoreInst = "Cmp">   --->   Core 9 'Cmp' <Latency = 0> <II = 1> <Delay = 0.77> <FuncUnit> <Opcode : 'seteq' 'setne' 'setle' 'setge' 'setlt' 'setgt'> <InPorts = 2> <OutPorts = 1>
ST_1 : Operation 50 [1/1] (0.77ns)   --->   "%add_ln1456_1 = add i9 %indvar_flatten13584_load, i9 1" [spikingformer_official.cpp:1456->spikingformer_official.cpp:2421]   --->   Operation 50 'add' 'add_ln1456_1' <Predicate = true> <Delay = 0.77> <CoreInst = "Adder">   --->   Core 1 'Adder' <Latency = 0> <II = 1> <Delay = 0.77> <FuncUnit> <Opcode : 'add' 'sub'> <InPorts = 2> <OutPorts = 1>
ST_1 : Operation 51 [1/1] (0.00ns)   --->   "%br_ln1456 = br i1 %icmp_ln1456, void %for.inc51.i681, void %for.inc54.i684.exitStub" [spikingformer_official.cpp:1456->spikingformer_official.cpp:2421]   --->   Operation 51 'br' 'br_ln1456' <Predicate = true> <Delay = 0.00>
ST_1 : Operation 52 [1/1] (0.00ns)   --->   "%v599_load = load i5 %v599" [spikingformer_official.cpp:1457->spikingformer_official.cpp:2421]   --->   Operation 52 'load' 'v599_load' <Predicate = (!icmp_ln1456)> <Delay = 0.00>
ST_1 : Operation 53 [1/1] (0.00ns)   --->   "%v598_load = load i5 %v598" [spikingformer_official.cpp:1456->spikingformer_official.cpp:2421]   --->   Operation 53 'load' 'v598_load' <Predicate = (!icmp_ln1456)> <Delay = 0.00>
ST_1 : Operation 54 [1/1] (0.78ns)   --->   "%add_ln1456 = add i5 %v598_load, i5 1" [spikingformer_official.cpp:1456->spikingformer_official.cpp:2421]   --->   Operation 54 'add' 'add_ln1456' <Predicate = (!icmp_ln1456)> <Delay = 0.78> <CoreInst = "Adder">   --->   Core 1 'Adder' <Latency = 0> <II = 1> <Delay = 0.78> <FuncUnit> <Opcode : 'add' 'sub'> <InPorts = 2> <OutPorts = 1>
ST_1 : Operation 55 [1/1] (0.78ns)   --->   "%icmp_ln1457 = icmp_eq  i5 %v599_load, i5 16" [spikingformer_official.cpp:1457->spikingformer_official.cpp:2421]   --->   Operation 55 'icmp' 'icmp_ln1457' <Predicate = (!icmp_ln1456)> <Delay = 0.78> <CoreInst = "Cmp">   --->   Core 9 'Cmp' <Latency = 0> <II = 1> <Delay = 0.78> <FuncUnit> <Opcode : 'seteq' 'setne' 'setle' 'setge' 'setlt' 'setgt'> <InPorts = 2> <OutPorts = 1>
ST_1 : Operation 56 [1/1] (0.41ns)   --->   "%select_ln1456 = select i1 %icmp_ln1457, i5 0, i5 %v599_load" [spikingformer_official.cpp:1456->spikingformer_official.cpp:2421]   --->   Operation 56 'select' 'select_ln1456' <Predicate = (!icmp_ln1456)> <Delay = 0.41> <CoreInst = "Sel">   --->   Core 73 'Sel' <Latency = 0> <II = 1> <Delay = 0.41> <FuncUnit> <Opcode : 'select'> <InPorts = 3> <OutPorts = 1>
ST_1 : Operation 57 [1/1] (0.41ns)   --->   "%select_ln1456_1 = select i1 %icmp_ln1457, i5 %add_ln1456, i5 %v598_load" [spikingformer_official.cpp:1456->spikingformer_official.cpp:2421]   --->   Operation 57 'select' 'select_ln1456_1' <Predicate = (!icmp_ln1456)> <Delay = 0.41> <CoreInst = "Sel">   --->   Core 73 'Sel' <Latency = 0> <II = 1> <Delay = 0.41> <FuncUnit> <Opcode : 'select'> <InPorts = 3> <OutPorts = 1>
ST_1 : Operation 58 [1/1] (0.78ns)   --->   "%tmp6 = add i5 %select_ln1456_1, i5 %zext_ln1453_1_cast" [spikingformer_official.cpp:1456->spikingformer_official.cpp:2421]   --->   Operation 58 'add' 'tmp6' <Predicate = (!icmp_ln1456)> <Delay = 0.78> <CoreInst = "Adder">   --->   Core 1 'Adder' <Latency = 0> <II = 1> <Delay = 0.78> <FuncUnit> <Opcode : 'add' 'sub'> <InPorts = 2> <OutPorts = 1>
ST_1 : Operation 59 [1/1] (0.00ns)   --->   "%tmp = bitconcatenate i9 @_ssdm_op_BitConcatenate.i9.i5.i4, i5 %tmp6, i4 0" [spikingformer_official.cpp:1456->spikingformer_official.cpp:2421]   --->   Operation 59 'bitconcatenate' 'tmp' <Predicate = (!icmp_ln1456)> <Delay = 0.00>
ST_1 : Operation 60 [1/1] (0.00ns)   --->   "%p_shl = zext i9 %tmp" [spikingformer_official.cpp:1456->spikingformer_official.cpp:2421]   --->   Operation 60 'zext' 'p_shl' <Predicate = (!icmp_ln1456)> <Delay = 0.00>
ST_1 : Operation 61 [1/1] (0.00ns)   --->   "%tmp_37 = bitconcatenate i6 @_ssdm_op_BitConcatenate.i6.i5.i1, i5 %tmp6, i1 0" [spikingformer_official.cpp:1456->spikingformer_official.cpp:2421]   --->   Operation 61 'bitconcatenate' 'tmp_37' <Predicate = (!icmp_ln1456)> <Delay = 0.00>
ST_1 : Operation 62 [1/1] (0.00ns)   --->   "%p_shl22 = zext i6 %tmp_37" [spikingformer_official.cpp:1456->spikingformer_official.cpp:2421]   --->   Operation 62 'zext' 'p_shl22' <Predicate = (!icmp_ln1456)> <Delay = 0.00>
ST_1 : Operation 63 [1/1] (0.77ns)   --->   "%tmp7 = add i10 %p_shl, i10 %p_shl22" [spikingformer_official.cpp:1456->spikingformer_official.cpp:2421]   --->   Operation 63 'add' 'tmp7' <Predicate = (!icmp_ln1456)> <Delay = 0.77> <CoreInst = "Adder">   --->   Core 1 'Adder' <Latency = 0> <II = 1> <Delay = 0.77> <FuncUnit> <Opcode : 'add' 'sub'> <InPorts = 2> <OutPorts = 1>
ST_1 : Operation 64 [1/1] (0.00ns)   --->   "%tmp_s = partselect i14 @_ssdm_op_PartSelect.i14.i16.i32.i32, i16 %phi_mul15231_read, i32 2, i32 15" [spikingformer_official.cpp:1462->spikingformer_official.cpp:2421]   --->   Operation 64 'partselect' 'tmp_s' <Predicate = (!icmp_ln1456)> <Delay = 0.00>
ST_1 : Operation 65 [1/1] (0.00ns)   --->   "%tmp38 = bitconcatenate i16 @_ssdm_op_BitConcatenate.i16.i14.i2, i14 %tmp_s, i2 %v596_read" [spikingformer_official.cpp:1462->spikingformer_official.cpp:2421]   --->   Operation 65 'bitconcatenate' 'tmp38' <Predicate = (!icmp_ln1456)> <Delay = 0.00>
ST_1 : Operation 66 [1/1] (0.00ns)   --->   "%zext_ln1462 = zext i16 %tmp38" [spikingformer_official.cpp:1462->spikingformer_official.cpp:2421]   --->   Operation 66 'zext' 'zext_ln1462' <Predicate = (!icmp_ln1456)> <Delay = 0.00>
ST_1 : Operation 67 [1/1] (0.00ns)   --->   "%zext_ln1462_1 = zext i10 %tmp7" [spikingformer_official.cpp:1462->spikingformer_official.cpp:2421]   --->   Operation 67 'zext' 'zext_ln1462_1' <Predicate = (!icmp_ln1456)> <Delay = 0.00>
ST_1 : Operation 68 [1/1] (0.00ns)   --->   "%or_ln4 = bitconcatenate i22 @_ssdm_op_BitConcatenate.i22.i5.i17, i5 19, i17 %zext_ln1462_1" [spikingformer_official.cpp:1462->spikingformer_official.cpp:2421]   --->   Operation 68 'bitconcatenate' 'or_ln4' <Predicate = (!icmp_ln1456)> <Delay = 0.00>
ST_1 : Operation 69 [1/1] (0.91ns)   --->   "%add_ln1462 = add i22 %or_ln4, i22 %zext_ln1462" [spikingformer_official.cpp:1462->spikingformer_official.cpp:2421]   --->   Operation 69 'add' 'add_ln1462' <Predicate = (!icmp_ln1456)> <Delay = 0.91> <CoreInst = "Adder">   --->   Core 1 'Adder' <Latency = 0> <II = 1> <Delay = 0.91> <FuncUnit> <Opcode : 'add' 'sub'> <InPorts = 2> <OutPorts = 1>
ST_1 : Operation 70 [1/1] (0.00ns)   --->   "%shl_ln = bitconcatenate i24 @_ssdm_op_BitConcatenate.i24.i22.i2, i22 %add_ln1462, i2 0" [spikingformer_official.cpp:1462->spikingformer_official.cpp:2421]   --->   Operation 70 'bitconcatenate' 'shl_ln' <Predicate = (!icmp_ln1456)> <Delay = 0.00>
ST_1 : Operation 71 [1/1] (0.00ns)   --->   "%sext_ln1462 = sext i24 %shl_ln" [spikingformer_official.cpp:1462->spikingformer_official.cpp:2421]   --->   Operation 71 'sext' 'sext_ln1462' <Predicate = (!icmp_ln1456)> <Delay = 0.00>
ST_1 : Operation 72 [1/1] (0.00ns)   --->   "%zext_ln1462_2 = zext i25 %sext_ln1462" [spikingformer_official.cpp:1462->spikingformer_official.cpp:2421]   --->   Operation 72 'zext' 'zext_ln1462_2' <Predicate = (!icmp_ln1456)> <Delay = 0.00>
ST_1 : Operation 73 [1/1] (1.08ns)   --->   "%add_ln1462_1 = add i64 %zext_ln1462_2, i64 %v944_read" [spikingformer_official.cpp:1462->spikingformer_official.cpp:2421]   --->   Operation 73 'add' 'add_ln1462_1' <Predicate = (!icmp_ln1456)> <Delay = 1.08> <CoreInst = "Adder">   --->   Core 1 'Adder' <Latency = 0> <II = 1> <Delay = 1.08> <FuncUnit> <Opcode : 'add' 'sub'> <InPorts = 2> <OutPorts = 1>
ST_1 : Operation 74 [1/1] (0.00ns)   --->   "%trunc_ln = partselect i62 @_ssdm_op_PartSelect.i62.i64.i32.i32, i64 %add_ln1462_1, i32 2, i32 63" [spikingformer_official.cpp:1457->spikingformer_official.cpp:2421]   --->   Operation 74 'partselect' 'trunc_ln' <Predicate = (!icmp_ln1456)> <Delay = 0.00>
ST_1 : Operation 75 [1/1] (0.00ns)   --->   "%sext_ln1464_1 = sext i62 %trunc_ln" [spikingformer_official.cpp:1464->spikingformer_official.cpp:2421]   --->   Operation 75 'sext' 'sext_ln1464_1' <Predicate = (!icmp_ln1456)> <Delay = 0.00>
ST_1 : Operation 76 [1/1] (0.00ns)   --->   "%zext_ln1457 = zext i5 %select_ln1456" [spikingformer_official.cpp:1457->spikingformer_official.cpp:2421]   --->   Operation 76 'zext' 'zext_ln1457' <Predicate = (!icmp_ln1456)> <Delay = 0.00>
ST_1 : Operation 77 [1/1] (1.08ns)   --->   "%add_ln1462_2 = add i63 %zext_ln1457, i63 %sext_ln1464_1" [spikingformer_official.cpp:1462->spikingformer_official.cpp:2421]   --->   Operation 77 'add' 'add_ln1462_2' <Predicate = (!icmp_ln1456)> <Delay = 1.08> <CoreInst = "Adder">   --->   Core 1 'Adder' <Latency = 0> <II = 1> <Delay = 1.08> <FuncUnit> <Opcode : 'add' 'sub'> <InPorts = 2> <OutPorts = 1>
ST_1 : Operation 78 [1/1] (0.00ns)   --->   "%sext_ln1462_1 = sext i63 %add_ln1462_2" [spikingformer_official.cpp:1462->spikingformer_official.cpp:2421]   --->   Operation 78 'sext' 'sext_ln1462_1' <Predicate = (!icmp_ln1456)> <Delay = 0.00>
ST_1 : Operation 79 [1/1] (0.00ns)   --->   "%g0_addr = getelementptr i32 %g0, i64 %sext_ln1462_1" [spikingformer_official.cpp:1462->spikingformer_official.cpp:2421]   --->   Operation 79 'getelementptr' 'g0_addr' <Predicate = (!icmp_ln1456)> <Delay = 0.00>
ST_1 : Operation 80 [1/1] (0.00ns)   --->   "%trunc_ln1464 = trunc i5 %select_ln1456" [spikingformer_official.cpp:1464->spikingformer_official.cpp:2421]   --->   Operation 80 'trunc' 'trunc_ln1464' <Predicate = (!icmp_ln1456)> <Delay = 0.00>
ST_1 : Operation 81 [1/1] (0.00ns)   --->   "%trunc_ln1464_1 = trunc i5 %select_ln1456_1" [spikingformer_official.cpp:1464->spikingformer_official.cpp:2421]   --->   Operation 81 'trunc' 'trunc_ln1464_1' <Predicate = (!icmp_ln1456)> <Delay = 0.00>
ST_1 : Operation 82 [1/1] (0.78ns)   --->   "%add_ln1457 = add i5 %select_ln1456, i5 1" [spikingformer_official.cpp:1457->spikingformer_official.cpp:2421]   --->   Operation 82 'add' 'add_ln1457' <Predicate = (!icmp_ln1456)> <Delay = 0.78> <CoreInst = "Adder">   --->   Core 1 'Adder' <Latency = 0> <II = 1> <Delay = 0.78> <FuncUnit> <Opcode : 'add' 'sub'> <InPorts = 2> <OutPorts = 1>
ST_1 : Operation 83 [1/1] (0.42ns)   --->   "%store_ln1456 = store i9 %add_ln1456_1, i9 %indvar_flatten13584" [spikingformer_official.cpp:1456->spikingformer_official.cpp:2421]   --->   Operation 83 'store' 'store_ln1456' <Predicate = (!icmp_ln1456)> <Delay = 0.42>
ST_1 : Operation 84 [1/1] (0.42ns)   --->   "%store_ln1456 = store i5 %select_ln1456_1, i5 %v598" [spikingformer_official.cpp:1456->spikingformer_official.cpp:2421]   --->   Operation 84 'store' 'store_ln1456' <Predicate = (!icmp_ln1456)> <Delay = 0.42>
ST_1 : Operation 85 [1/1] (0.42ns)   --->   "%store_ln1457 = store i5 %add_ln1457, i5 %v599" [spikingformer_official.cpp:1457->spikingformer_official.cpp:2421]   --->   Operation 85 'store' 'store_ln1457' <Predicate = (!icmp_ln1456)> <Delay = 0.42>

State 2 <SV = 1> <Delay = 0.81>
ST_2 : Operation 86 [8/8] (7.30ns)   --->   "%g0_load_81_req = readreq i1 @_ssdm_op_ReadReq.m_axi.i32P1A, i32 %g0_addr, i64 1" [spikingformer_official.cpp:1462->spikingformer_official.cpp:2421]   --->   Operation 86 'readreq' 'g0_load_81_req' <Predicate = (!icmp_ln1456)> <Delay = 7.30> <CoreInst = "m_axi">   --->   Core 119 'm_axi' <Latency = 6> <II = 1> <Delay = 1.00> <Adapter> <Opcode : 'readrequnaligned' 'writerequnaligned' 'read' 'write' 'readreq' 'writereq' 'writeresp'>
ST_2 : Operation 87 [1/1] (0.00ns) (grouped into TernaryAdder)   --->   "%add_ln1464 = add i64 %zext_ln1456_cast, i64 %v949_read" [spikingformer_official.cpp:1464->spikingformer_official.cpp:2421]   --->   Operation 87 'add' 'add_ln1464' <Predicate = (!icmp_ln1456)> <Delay = 0.00> <CoreInst = "TAddSub">   --->   Core 10 'TAddSub' <Latency = 0> <II = 1> <Delay = 0.40> <IPBlock> <Opcode : 'add' 'sub'> <InPorts = 3> <OutPorts = 1> <Sync> <CReg>
ST_2 : Operation 88 [1/1] (0.00ns)   --->   "%tmp39 = bitconcatenate i10 @_ssdm_op_BitConcatenate.i10.i4.i4.i2, i4 %trunc_ln1464_1, i4 %trunc_ln1464, i2 0" [spikingformer_official.cpp:1464->spikingformer_official.cpp:2421]   --->   Operation 88 'bitconcatenate' 'tmp39' <Predicate = (!icmp_ln1456)> <Delay = 0.00>
ST_2 : Operation 89 [1/1] (0.00ns)   --->   "%zext_ln1464 = zext i10 %tmp39" [spikingformer_official.cpp:1464->spikingformer_official.cpp:2421]   --->   Operation 89 'zext' 'zext_ln1464' <Predicate = (!icmp_ln1456)> <Delay = 0.00>
ST_2 : Operation 90 [1/1] (0.81ns) (root node of TernaryAdder)   --->   "%add_ln1464_1 = add i64 %zext_ln1464, i64 %add_ln1464" [spikingformer_official.cpp:1464->spikingformer_official.cpp:2421]   --->   Operation 90 'add' 'add_ln1464_1' <Predicate = (!icmp_ln1456)> <Delay = 0.81> <CoreInst = "TAddSub">   --->   Core 10 'TAddSub' <Latency = 0> <II = 1> <Delay = 0.40> <IPBlock> <Opcode : 'add' 'sub'> <InPorts = 3> <OutPorts = 1> <Sync> <CReg>
ST_2 : Operation 91 [1/1] (0.00ns)   --->   "%trunc_ln49 = partselect i62 @_ssdm_op_PartSelect.i62.i64.i32.i32, i64 %add_ln1464_1, i32 2, i32 63" [spikingformer_official.cpp:1464->spikingformer_official.cpp:2421]   --->   Operation 91 'partselect' 'trunc_ln49' <Predicate = (!icmp_ln1456)> <Delay = 0.00>
ST_2 : Operation 92 [1/1] (0.00ns)   --->   "%sext_ln1464 = sext i62 %trunc_ln49" [spikingformer_official.cpp:1464->spikingformer_official.cpp:2421]   --->   Operation 92 'sext' 'sext_ln1464' <Predicate = (!icmp_ln1456)> <Delay = 0.00>
ST_2 : Operation 93 [1/1] (0.00ns)   --->   "%g0_addr_130 = getelementptr i32 %g0, i64 %sext_ln1464" [spikingformer_official.cpp:1464->spikingformer_official.cpp:2421]   --->   Operation 93 'getelementptr' 'g0_addr_130' <Predicate = (!icmp_ln1456)> <Delay = 0.00>

State 3 <SV = 2> <Delay = 0.00>
ST_3 : Operation 94 [7/8] (7.30ns)   --->   "%g0_load_81_req = readreq i1 @_ssdm_op_ReadReq.m_axi.i32P1A, i32 %g0_addr, i64 1" [spikingformer_official.cpp:1462->spikingformer_official.cpp:2421]   --->   Operation 94 'readreq' 'g0_load_81_req' <Predicate = true> <Delay = 7.30> <CoreInst = "m_axi">   --->   Core 119 'm_axi' <Latency = 6> <II = 1> <Delay = 1.00> <Adapter> <Opcode : 'readrequnaligned' 'writerequnaligned' 'read' 'write' 'readreq' 'writereq' 'writeresp'>
ST_3 : Operation 95 [8/8] (7.30ns)   --->   "%g0_load_82_req = readreq i1 @_ssdm_op_ReadReq.m_axi.i32P1A, i32 %g0_addr_130, i64 1" [spikingformer_official.cpp:1464->spikingformer_official.cpp:2421]   --->   Operation 95 'readreq' 'g0_load_82_req' <Predicate = true> <Delay = 7.30> <CoreInst = "m_axi">   --->   Core 119 'm_axi' <Latency = 6> <II = 1> <Delay = 1.00> <Adapter> <Opcode : 'readrequnaligned' 'writerequnaligned' 'read' 'write' 'readreq' 'writereq' 'writeresp'>

State 4 <SV = 3> <Delay = 0.00>
ST_4 : Operation 96 [6/8] (7.30ns)   --->   "%g0_load_81_req = readreq i1 @_ssdm_op_ReadReq.m_axi.i32P1A, i32 %g0_addr, i64 1" [spikingformer_official.cpp:1462->spikingformer_official.cpp:2421]   --->   Operation 96 'readreq' 'g0_load_81_req' <Predicate = true> <Delay = 7.30> <CoreInst = "m_axi">   --->   Core 119 'm_axi' <Latency = 6> <II = 1> <Delay = 1.00> <Adapter> <Opcode : 'readrequnaligned' 'writerequnaligned' 'read' 'write' 'readreq' 'writereq' 'writeresp'>
ST_4 : Operation 97 [7/8] (7.30ns)   --->   "%g0_load_82_req = readreq i1 @_ssdm_op_ReadReq.m_axi.i32P1A, i32 %g0_addr_130, i64 1" [spikingformer_official.cpp:1464->spikingformer_official.cpp:2421]   --->   Operation 97 'readreq' 'g0_load_82_req' <Predicate = true> <Delay = 7.30> <CoreInst = "m_axi">   --->   Core 119 'm_axi' <Latency = 6> <II = 1> <Delay = 1.00> <Adapter> <Opcode : 'readrequnaligned' 'writerequnaligned' 'read' 'write' 'readreq' 'writereq' 'writeresp'>

State 5 <SV = 4> <Delay = 0.00>
ST_5 : Operation 98 [5/8] (7.30ns)   --->   "%g0_load_81_req = readreq i1 @_ssdm_op_ReadReq.m_axi.i32P1A, i32 %g0_addr, i64 1" [spikingformer_official.cpp:1462->spikingformer_official.cpp:2421]   --->   Operation 98 'readreq' 'g0_load_81_req' <Predicate = true> <Delay = 7.30> <CoreInst = "m_axi">   --->   Core 119 'm_axi' <Latency = 6> <II = 1> <Delay = 1.00> <Adapter> <Opcode : 'readrequnaligned' 'writerequnaligned' 'read' 'write' 'readreq' 'writereq' 'writeresp'>
ST_5 : Operation 99 [6/8] (7.30ns)   --->   "%g0_load_82_req = readreq i1 @_ssdm_op_ReadReq.m_axi.i32P1A, i32 %g0_addr_130, i64 1" [spikingformer_official.cpp:1464->spikingformer_official.cpp:2421]   --->   Operation 99 'readreq' 'g0_load_82_req' <Predicate = true> <Delay = 7.30> <CoreInst = "m_axi">   --->   Core 119 'm_axi' <Latency = 6> <II = 1> <Delay = 1.00> <Adapter> <Opcode : 'readrequnaligned' 'writerequnaligned' 'read' 'write' 'readreq' 'writereq' 'writeresp'>

State 6 <SV = 5> <Delay = 0.00>
ST_6 : Operation 100 [4/8] (7.30ns)   --->   "%g0_load_81_req = readreq i1 @_ssdm_op_ReadReq.m_axi.i32P1A, i32 %g0_addr, i64 1" [spikingformer_official.cpp:1462->spikingformer_official.cpp:2421]   --->   Operation 100 'readreq' 'g0_load_81_req' <Predicate = true> <Delay = 7.30> <CoreInst = "m_axi">   --->   Core 119 'm_axi' <Latency = 6> <II = 1> <Delay = 1.00> <Adapter> <Opcode : 'readrequnaligned' 'writerequnaligned' 'read' 'write' 'readreq' 'writereq' 'writeresp'>
ST_6 : Operation 101 [5/8] (7.30ns)   --->   "%g0_load_82_req = readreq i1 @_ssdm_op_ReadReq.m_axi.i32P1A, i32 %g0_addr_130, i64 1" [spikingformer_official.cpp:1464->spikingformer_official.cpp:2421]   --->   Operation 101 'readreq' 'g0_load_82_req' <Predicate = true> <Delay = 7.30> <CoreInst = "m_axi">   --->   Core 119 'm_axi' <Latency = 6> <II = 1> <Delay = 1.00> <Adapter> <Opcode : 'readrequnaligned' 'writerequnaligned' 'read' 'write' 'readreq' 'writereq' 'writeresp'>

State 7 <SV = 6> <Delay = 0.00>
ST_7 : Operation 102 [3/8] (7.30ns)   --->   "%g0_load_81_req = readreq i1 @_ssdm_op_ReadReq.m_axi.i32P1A, i32 %g0_addr, i64 1" [spikingformer_official.cpp:1462->spikingformer_official.cpp:2421]   --->   Operation 102 'readreq' 'g0_load_81_req' <Predicate = true> <Delay = 7.30> <CoreInst = "m_axi">   --->   Core 119 'm_axi' <Latency = 6> <II = 1> <Delay = 1.00> <Adapter> <Opcode : 'readrequnaligned' 'writerequnaligned' 'read' 'write' 'readreq' 'writereq' 'writeresp'>
ST_7 : Operation 103 [4/8] (7.30ns)   --->   "%g0_load_82_req = readreq i1 @_ssdm_op_ReadReq.m_axi.i32P1A, i32 %g0_addr_130, i64 1" [spikingformer_official.cpp:1464->spikingformer_official.cpp:2421]   --->   Operation 103 'readreq' 'g0_load_82_req' <Predicate = true> <Delay = 7.30> <CoreInst = "m_axi">   --->   Core 119 'm_axi' <Latency = 6> <II = 1> <Delay = 1.00> <Adapter> <Opcode : 'readrequnaligned' 'writerequnaligned' 'read' 'write' 'readreq' 'writereq' 'writeresp'>

State 8 <SV = 7> <Delay = 0.00>
ST_8 : Operation 104 [2/8] (7.30ns)   --->   "%g0_load_81_req = readreq i1 @_ssdm_op_ReadReq.m_axi.i32P1A, i32 %g0_addr, i64 1" [spikingformer_official.cpp:1462->spikingformer_official.cpp:2421]   --->   Operation 104 'readreq' 'g0_load_81_req' <Predicate = true> <Delay = 7.30> <CoreInst = "m_axi">   --->   Core 119 'm_axi' <Latency = 6> <II = 1> <Delay = 1.00> <Adapter> <Opcode : 'readrequnaligned' 'writerequnaligned' 'read' 'write' 'readreq' 'writereq' 'writeresp'>
ST_8 : Operation 105 [3/8] (7.30ns)   --->   "%g0_load_82_req = readreq i1 @_ssdm_op_ReadReq.m_axi.i32P1A, i32 %g0_addr_130, i64 1" [spikingformer_official.cpp:1464->spikingformer_official.cpp:2421]   --->   Operation 105 'readreq' 'g0_load_82_req' <Predicate = true> <Delay = 7.30> <CoreInst = "m_axi">   --->   Core 119 'm_axi' <Latency = 6> <II = 1> <Delay = 1.00> <Adapter> <Opcode : 'readrequnaligned' 'writerequnaligned' 'read' 'write' 'readreq' 'writereq' 'writeresp'>

State 9 <SV = 8> <Delay = 7.30>
ST_9 : Operation 106 [1/8] ( I:7.30ns O:7.30ns )   --->   "%g0_load_81_req = readreq i1 @_ssdm_op_ReadReq.m_axi.i32P1A, i32 %g0_addr, i64 1" [spikingformer_official.cpp:1462->spikingformer_official.cpp:2421]   --->   Operation 106 'readreq' 'g0_load_81_req' <Predicate = true> <Delay = 7.30> <CoreInst = "m_axi">   --->   Core 119 'm_axi' <Latency = 6> <II = 1> <Delay = 1.00> <Adapter> <Opcode : 'readrequnaligned' 'writerequnaligned' 'read' 'write' 'readreq' 'writereq' 'writeresp'>
ST_9 : Operation 107 [2/8] (7.30ns)   --->   "%g0_load_82_req = readreq i1 @_ssdm_op_ReadReq.m_axi.i32P1A, i32 %g0_addr_130, i64 1" [spikingformer_official.cpp:1464->spikingformer_official.cpp:2421]   --->   Operation 107 'readreq' 'g0_load_82_req' <Predicate = true> <Delay = 7.30> <CoreInst = "m_axi">   --->   Core 119 'm_axi' <Latency = 6> <II = 1> <Delay = 1.00> <Adapter> <Opcode : 'readrequnaligned' 'writerequnaligned' 'read' 'write' 'readreq' 'writereq' 'writeresp'>

State 10 <SV = 9> <Delay = 7.30>
ST_10 : Operation 108 [1/1] ( I:7.30ns O:7.30ns )   --->   "%g0_addr_read = read i32 @_ssdm_op_Read.m_axi.i32P1A, i32 %g0_addr" [spikingformer_official.cpp:1462->spikingformer_official.cpp:2421]   --->   Operation 108 'read' 'g0_addr_read' <Predicate = true> <Delay = 7.30> <CoreInst = "m_axi">   --->   Core 119 'm_axi' <Latency = 3> <II = 1> <Delay = 1.00> <Adapter> <Opcode : 'readrequnaligned' 'writerequnaligned' 'read' 'write' 'readreq' 'writereq' 'writeresp'>
ST_10 : Operation 109 [1/8] ( I:7.30ns O:7.30ns )   --->   "%g0_load_82_req = readreq i1 @_ssdm_op_ReadReq.m_axi.i32P1A, i32 %g0_addr_130, i64 1" [spikingformer_official.cpp:1464->spikingformer_official.cpp:2421]   --->   Operation 109 'readreq' 'g0_load_82_req' <Predicate = true> <Delay = 7.30> <CoreInst = "m_axi">   --->   Core 119 'm_axi' <Latency = 6> <II = 1> <Delay = 1.00> <Adapter> <Opcode : 'readrequnaligned' 'writerequnaligned' 'read' 'write' 'readreq' 'writereq' 'writeresp'>

State 11 <SV = 10> <Delay = 7.30>
ST_11 : Operation 110 [1/1] (0.00ns)   --->   "%v600 = bitcast i32 %g0_addr_read" [spikingformer_official.cpp:1462->spikingformer_official.cpp:2421]   --->   Operation 110 'bitcast' 'v600' <Predicate = true> <Delay = 0.00>
ST_11 : Operation 111 [1/1] ( I:7.30ns O:7.30ns )   --->   "%g0_addr_130_read = read i32 @_ssdm_op_Read.m_axi.i32P1A, i32 %g0_addr_130" [spikingformer_official.cpp:1464->spikingformer_official.cpp:2421]   --->   Operation 111 'read' 'g0_addr_130_read' <Predicate = true> <Delay = 7.30> <CoreInst = "m_axi">   --->   Core 119 'm_axi' <Latency = 3> <II = 1> <Delay = 1.00> <Adapter> <Opcode : 'readrequnaligned' 'writerequnaligned' 'read' 'write' 'readreq' 'writereq' 'writeresp'>
ST_11 : Operation 112 [3/3] (7.01ns)   --->   "%v603 = fmul i32 %v600, i32 %v601_read" [spikingformer_official.cpp:1465->spikingformer_official.cpp:2421]   --->   Operation 112 'fmul' 'v603' <Predicate = true> <Delay = 7.01> <CoreInst = "FMul_maxdsp">   --->   Core 30 'FMul_maxdsp' <Latency = 2> <II = 1> <Delay = 7.01> <FuncUnit> <Opcode : 'fmul'> <InPorts = 2> <OutPorts = 1>

State 12 <SV = 11> <Delay = 7.01>
ST_12 : Operation 113 [2/3] (7.01ns)   --->   "%v603 = fmul i32 %v600, i32 %v601_read" [spikingformer_official.cpp:1465->spikingformer_official.cpp:2421]   --->   Operation 113 'fmul' 'v603' <Predicate = true> <Delay = 7.01> <CoreInst = "FMul_maxdsp">   --->   Core 30 'FMul_maxdsp' <Latency = 2> <II = 1> <Delay = 7.01> <FuncUnit> <Opcode : 'fmul'> <InPorts = 2> <OutPorts = 1>

State 13 <SV = 12> <Delay = 7.01>
ST_13 : Operation 114 [1/3] (7.01ns)   --->   "%v603 = fmul i32 %v600, i32 %v601_read" [spikingformer_official.cpp:1465->spikingformer_official.cpp:2421]   --->   Operation 114 'fmul' 'v603' <Predicate = true> <Delay = 7.01> <CoreInst = "FMul_maxdsp">   --->   Core 30 'FMul_maxdsp' <Latency = 2> <II = 1> <Delay = 7.01> <FuncUnit> <Opcode : 'fmul'> <InPorts = 2> <OutPorts = 1>

State 14 <SV = 13> <Delay = 6.43>
ST_14 : Operation 115 [1/1] (0.00ns)   --->   "%v602 = bitcast i32 %g0_addr_130_read" [spikingformer_official.cpp:1464->spikingformer_official.cpp:2421]   --->   Operation 115 'bitcast' 'v602' <Predicate = true> <Delay = 0.00>
ST_14 : Operation 116 [4/4] (6.43ns)   --->   "%v604 = fadd i32 %v602, i32 %v603" [spikingformer_official.cpp:1466->spikingformer_official.cpp:2421]   --->   Operation 116 'fadd' 'v604' <Predicate = true> <Delay = 6.43> <CoreInst = "FAddSub_fulldsp">   --->   Core 18 'FAddSub_fulldsp' <Latency = 3> <II = 1> <Delay = 6.43> <FuncUnit> <Opcode : 'fadd' 'fsub'> <InPorts = 2> <OutPorts = 1>

State 15 <SV = 14> <Delay = 6.43>
ST_15 : Operation 117 [3/4] (6.43ns)   --->   "%v604 = fadd i32 %v602, i32 %v603" [spikingformer_official.cpp:1466->spikingformer_official.cpp:2421]   --->   Operation 117 'fadd' 'v604' <Predicate = true> <Delay = 6.43> <CoreInst = "FAddSub_fulldsp">   --->   Core 18 'FAddSub_fulldsp' <Latency = 3> <II = 1> <Delay = 6.43> <FuncUnit> <Opcode : 'fadd' 'fsub'> <InPorts = 2> <OutPorts = 1>

State 16 <SV = 15> <Delay = 6.43>
ST_16 : Operation 118 [2/4] (6.43ns)   --->   "%v604 = fadd i32 %v602, i32 %v603" [spikingformer_official.cpp:1466->spikingformer_official.cpp:2421]   --->   Operation 118 'fadd' 'v604' <Predicate = true> <Delay = 6.43> <CoreInst = "FAddSub_fulldsp">   --->   Core 18 'FAddSub_fulldsp' <Latency = 3> <II = 1> <Delay = 6.43> <FuncUnit> <Opcode : 'fadd' 'fsub'> <InPorts = 2> <OutPorts = 1>

State 17 <SV = 16> <Delay = 7.30>
ST_17 : Operation 119 [1/4] (6.43ns)   --->   "%v604 = fadd i32 %v602, i32 %v603" [spikingformer_official.cpp:1466->spikingformer_official.cpp:2421]   --->   Operation 119 'fadd' 'v604' <Predicate = true> <Delay = 6.43> <CoreInst = "FAddSub_fulldsp">   --->   Core 18 'FAddSub_fulldsp' <Latency = 3> <II = 1> <Delay = 6.43> <FuncUnit> <Opcode : 'fadd' 'fsub'> <InPorts = 2> <OutPorts = 1>
ST_17 : Operation 120 [1/1] ( I:7.30ns O:7.30ns )   --->   "%g0_addr_212_req = writereq i1 @_ssdm_op_WriteReq.m_axi.i32P1A, i32 %g0_addr_130, i64 1" [spikingformer_official.cpp:1467->spikingformer_official.cpp:2421]   --->   Operation 120 'writereq' 'g0_addr_212_req' <Predicate = true> <Delay = 7.30> <CoreInst = "m_axi">   --->   Core 119 'm_axi' <Latency = 9> <II = 1> <Delay = 1.00> <Adapter> <Opcode : 'readrequnaligned' 'writerequnaligned' 'read' 'write' 'readreq' 'writereq' 'writeresp'>

State 18 <SV = 17> <Delay = 7.30>
ST_18 : Operation 121 [1/1] (0.00ns)   --->   "%bitcast_ln1467 = bitcast i32 %v604" [spikingformer_official.cpp:1467->spikingformer_official.cpp:2421]   --->   Operation 121 'bitcast' 'bitcast_ln1467' <Predicate = true> <Delay = 0.00>
ST_18 : Operation 122 [1/1] ( I:7.30ns O:7.30ns )   --->   "%write_ln1467 = write void @_ssdm_op_Write.m_axi.i32P1A, i32 %g0_addr_130, i32 %bitcast_ln1467, i4 15" [spikingformer_official.cpp:1467->spikingformer_official.cpp:2421]   --->   Operation 122 'write' 'write_ln1467' <Predicate = true> <Delay = 7.30> <CoreInst = "m_axi">   --->   Core 119 'm_axi' <Latency = 5> <II = 1> <Delay = 1.00> <Adapter> <Opcode : 'readrequnaligned' 'writerequnaligned' 'read' 'write' 'readreq' 'writereq' 'writeresp'>

State 19 <SV = 18> <Delay = 0.00>
ST_19 : Operation 123 [5/5] (7.30ns)   --->   "%g0_addr_212_resp = writeresp i1 @_ssdm_op_WriteResp.m_axi.i32P1A, i32 %g0_addr_130" [spikingformer_official.cpp:1467->spikingformer_official.cpp:2421]   --->   Operation 123 'writeresp' 'g0_addr_212_resp' <Predicate = true> <Delay = 7.30> <CoreInst = "m_axi">   --->   Core 119 'm_axi' <Latency = 3> <II = 1> <Delay = 1.00> <Adapter> <Opcode : 'readrequnaligned' 'writerequnaligned' 'read' 'write' 'readreq' 'writereq' 'writeresp'>

State 20 <SV = 19> <Delay = 0.00>
ST_20 : Operation 124 [4/5] (7.30ns)   --->   "%g0_addr_212_resp = writeresp i1 @_ssdm_op_WriteResp.m_axi.i32P1A, i32 %g0_addr_130" [spikingformer_official.cpp:1467->spikingformer_official.cpp:2421]   --->   Operation 124 'writeresp' 'g0_addr_212_resp' <Predicate = true> <Delay = 7.30> <CoreInst = "m_axi">   --->   Core 119 'm_axi' <Latency = 3> <II = 1> <Delay = 1.00> <Adapter> <Opcode : 'readrequnaligned' 'writerequnaligned' 'read' 'write' 'readreq' 'writereq' 'writeresp'>

State 21 <SV = 20> <Delay = 0.42>
ST_21 : Operation 125 [3/5] (7.30ns)   --->   "%g0_addr_212_resp = writeresp i1 @_ssdm_op_WriteResp.m_axi.i32P1A, i32 %g0_addr_130" [spikingformer_official.cpp:1467->spikingformer_official.cpp:2421]   --->   Operation 125 'writeresp' 'g0_addr_212_resp' <Predicate = true> <Delay = 7.30> <CoreInst = "m_axi">   --->   Core 119 'm_axi' <Latency = 3> <II = 1> <Delay = 1.00> <Adapter> <Opcode : 'readrequnaligned' 'writerequnaligned' 'read' 'write' 'readreq' 'writereq' 'writeresp'>
ST_21 : Operation 132 [1/1] (0.42ns)   --->   "%ret_ln0 = ret"   --->   Operation 132 'ret' 'ret_ln0' <Predicate = (icmp_ln1456)> <Delay = 0.42>

State 22 <SV = 21> <Delay = 0.00>
ST_22 : Operation 126 [2/5] (7.30ns)   --->   "%g0_addr_212_resp = writeresp i1 @_ssdm_op_WriteResp.m_axi.i32P1A, i32 %g0_addr_130" [spikingformer_official.cpp:1467->spikingformer_official.cpp:2421]   --->   Operation 126 'writeresp' 'g0_addr_212_resp' <Predicate = true> <Delay = 7.30> <CoreInst = "m_axi">   --->   Core 119 'm_axi' <Latency = 3> <II = 1> <Delay = 1.00> <Adapter> <Opcode : 'readrequnaligned' 'writerequnaligned' 'read' 'write' 'readreq' 'writereq' 'writeresp'>

State 23 <SV = 22> <Delay = 7.30>
ST_23 : Operation 127 [1/1] (0.00ns)   --->   "%specloopname_ln0 = specloopname void @_ssdm_op_SpecLoopName, void @VITIS_LOOP_1456_5_VITIS_LOOP_1457_6_str"   --->   Operation 127 'specloopname' 'specloopname_ln0' <Predicate = true> <Delay = 0.00>
ST_23 : Operation 128 [1/1] (0.00ns)   --->   "%speclooptripcount_ln0 = speclooptripcount void @_ssdm_op_SpecLoopTripCount, i64 256, i64 256, i64 256"   --->   Operation 128 'speclooptripcount' 'speclooptripcount_ln0' <Predicate = true> <Delay = 0.00>
ST_23 : Operation 129 [1/1] (0.00ns)   --->   "%specpipeline_ln1458 = specpipeline void @_ssdm_op_SpecPipeline, i32 1, i32 0, i32 0, i32 0, i32 4294967295, void @empty_35" [spikingformer_official.cpp:1458->spikingformer_official.cpp:2421]   --->   Operation 129 'specpipeline' 'specpipeline_ln1458' <Predicate = true> <Delay = 0.00>
ST_23 : Operation 130 [1/5] ( I:7.30ns O:7.30ns )   --->   "%g0_addr_212_resp = writeresp i1 @_ssdm_op_WriteResp.m_axi.i32P1A, i32 %g0_addr_130" [spikingformer_official.cpp:1467->spikingformer_official.cpp:2421]   --->   Operation 130 'writeresp' 'g0_addr_212_resp' <Predicate = true> <Delay = 7.30> <CoreInst = "m_axi">   --->   Core 119 'm_axi' <Latency = 3> <II = 1> <Delay = 1.00> <Adapter> <Opcode : 'readrequnaligned' 'writerequnaligned' 'read' 'write' 'readreq' 'writereq' 'writeresp'>
ST_23 : Operation 131 [1/1] (0.00ns)   --->   "%br_ln1457 = br void %for.inc.i678" [spikingformer_official.cpp:1457->spikingformer_official.cpp:2421]   --->   Operation 131 'br' 'br_ln1457' <Predicate = true> <Delay = 0.00>


============================================================
+ Verbose Summary: Timing violations
============================================================
Target clock period: 10.000ns, clock uncertainty: 2.700ns.

 <State 1>: 6.282ns
The critical path consists of the following:
	'store' operation ('store_ln1456', spikingformer_official.cpp:1456->spikingformer_official.cpp:2421) of constant 0 5 bit on local variable 'v598', spikingformer_official.cpp:1456->spikingformer_official.cpp:2421 [30]  (0.427 ns)
	'load' operation 5 bit ('v598_load', spikingformer_official.cpp:1456->spikingformer_official.cpp:2421) on local variable 'v598', spikingformer_official.cpp:1456->spikingformer_official.cpp:2421 [41]  (0.000 ns)
	'add' operation 5 bit ('add_ln1456', spikingformer_official.cpp:1456->spikingformer_official.cpp:2421) [42]  (0.789 ns)
	'select' operation 5 bit ('select_ln1456_1', spikingformer_official.cpp:1456->spikingformer_official.cpp:2421) [47]  (0.414 ns)
	'add' operation 5 bit ('tmp6', spikingformer_official.cpp:1456->spikingformer_official.cpp:2421) [48]  (0.789 ns)
	'add' operation 10 bit ('tmp7', spikingformer_official.cpp:1456->spikingformer_official.cpp:2421) [53]  (0.776 ns)
	'add' operation 22 bit ('add_ln1462', spikingformer_official.cpp:1462->spikingformer_official.cpp:2421) [59]  (0.914 ns)
	'add' operation 64 bit ('add_ln1462_1', spikingformer_official.cpp:1462->spikingformer_official.cpp:2421) [63]  (1.085 ns)
	'add' operation 63 bit ('add_ln1462_2', spikingformer_official.cpp:1462->spikingformer_official.cpp:2421) [68]  (1.088 ns)

 <State 2>: 0.819ns
The critical path consists of the following:
	'add' operation 64 bit ('add_ln1464', spikingformer_official.cpp:1464->spikingformer_official.cpp:2421) [75]  (0.000 ns)
	'add' operation 64 bit ('add_ln1464_1', spikingformer_official.cpp:1464->spikingformer_official.cpp:2421) [79]  (0.819 ns)

 <State 3>: 0.000ns
The critical path consists of the following:

 <State 4>: 0.000ns
The critical path consists of the following:

 <State 5>: 0.000ns
The critical path consists of the following:

 <State 6>: 0.000ns
The critical path consists of the following:

 <State 7>: 0.000ns
The critical path consists of the following:

 <State 8>: 0.000ns
The critical path consists of the following:

 <State 9>: 7.300ns
The critical path consists of the following:
	bus request operation ('g0_load_81_req', spikingformer_official.cpp:1462->spikingformer_official.cpp:2421) on port 'g0' (spikingformer_official.cpp:1462->spikingformer_official.cpp:2421) [71]  (7.300 ns)

 <State 10>: 7.300ns
The critical path consists of the following:
	bus read operation ('g0_addr_read', spikingformer_official.cpp:1462->spikingformer_official.cpp:2421) on port 'g0' (spikingformer_official.cpp:1462->spikingformer_official.cpp:2421) [72]  (7.300 ns)

 <State 11>: 7.300ns
The critical path consists of the following:
	bus read operation ('g0_addr_130_read', spikingformer_official.cpp:1464->spikingformer_official.cpp:2421) on port 'g0' (spikingformer_official.cpp:1464->spikingformer_official.cpp:2421) [84]  (7.300 ns)

 <State 12>: 7.016ns
The critical path consists of the following:
	'fmul' operation 32 bit ('v603', spikingformer_official.cpp:1465->spikingformer_official.cpp:2421) [86]  (7.016 ns)

 <State 13>: 7.016ns
The critical path consists of the following:
	'fmul' operation 32 bit ('v603', spikingformer_official.cpp:1465->spikingformer_official.cpp:2421) [86]  (7.016 ns)

 <State 14>: 6.437ns
The critical path consists of the following:
	'fadd' operation 32 bit ('v604', spikingformer_official.cpp:1466->spikingformer_official.cpp:2421) [87]  (6.437 ns)

 <State 15>: 6.437ns
The critical path consists of the following:
	'fadd' operation 32 bit ('v604', spikingformer_official.cpp:1466->spikingformer_official.cpp:2421) [87]  (6.437 ns)

 <State 16>: 6.437ns
The critical path consists of the following:
	'fadd' operation 32 bit ('v604', spikingformer_official.cpp:1466->spikingformer_official.cpp:2421) [87]  (6.437 ns)

 <State 17>: 7.300ns
The critical path consists of the following:
	bus request operation ('g0_addr_212_req', spikingformer_official.cpp:1467->spikingformer_official.cpp:2421) on port 'g0' (spikingformer_official.cpp:1467->spikingformer_official.cpp:2421) [89]  (7.300 ns)

 <State 18>: 7.300ns
The critical path consists of the following:
	bus write operation ('write_ln1467', spikingformer_official.cpp:1467->spikingformer_official.cpp:2421) on port 'g0' (spikingformer_official.cpp:1467->spikingformer_official.cpp:2421) [90]  (7.300 ns)

 <State 19>: 0.000ns
The critical path consists of the following:

 <State 20>: 0.000ns
The critical path consists of the following:

 <State 21>: 0.427ns
The critical path consists of the following:

 <State 22>: 0.000ns
The critical path consists of the following:

 <State 23>: 7.300ns
The critical path consists of the following:
	bus response operation ('g0_addr_212_resp', spikingformer_official.cpp:1467->spikingformer_official.cpp:2421) on port 'g0' (spikingformer_official.cpp:1467->spikingformer_official.cpp:2421) [91]  (7.300 ns)


============================================================
+ Verbose Summary: Binding
============================================================
N/A
* FSMD analyzer results:
  - Output states:
 - Input state : 
  - Chain level:
	State 1
	State 2
	State 3
	State 4
	State 5
	State 6
	State 7
	State 8
	State 9
	State 10
	State 11
	State 12
	State 13
	State 14
	State 15
	State 16
	State 17
	State 18
	State 19
	State 20
	State 21
	State 22
	State 23


============================================================
+ Verbose Summary: Datapath Resource usage 
============================================================
N/A
