

================================================================
== Vitis HLS Report for 'control_Pipeline_VITIS_LOOP_2265_1_VITIS_LOOP_2266_2_VITIS_LOOP_2267_3'
================================================================
* Date:           Sun Jul 12 20:26:02 2026

* Version:        2025.2 (Build 6295257 on Nov 14 2025)
* Project:        spikingformer_proj
* Solution:       solution1 (Vivado IP Flow Target)
* Product family: zynquplus
* Target device:  xczu7ev-ffvc1156-2-e


================================================================
== Performance Estimates
================================================================
+ Timing: 
    * Summary: 
    +--------+----------+----------+------------+
    |  Clock |  Target  | Estimated| Uncertainty|
    +--------+----------+----------+------------+
    |ap_clk  |  10.00 ns|  7.300 ns|     2.70 ns|
    +--------+----------+----------+------------+

+ Latency: 
    * Summary: 
    +---------+---------+----------+----------+-----+-----+-------------------+
    |  Latency (cycles) |  Latency (absolute) |  Interval |      Pipeline     |
    |   min   |   max   |    min   |    max   | min | max |        Type       |
    +---------+---------+----------+----------+-----+-----+-------------------+
    |    49155|    49155|  0.492 ms|  0.492 ms|    0|    0|  loop pipeline stp|
    +---------+---------+----------+----------+-----+-----+-------------------+

    + Detail: 
        * Instance: 
        N/A

        * Loop: 
        +---------------------------------------------------------+---------+---------+----------+-----------+-----------+-------+----------+
        |                                                         |  Latency (cycles) | Iteration|  Initiation Interval  |  Trip |          |
        |                        Loop Name                        |   min   |   max   |  Latency |  achieved |   target  | Count | Pipelined|
        +---------------------------------------------------------+---------+---------+----------+-----------+-----------+-------+----------+
        |- VITIS_LOOP_2265_1_VITIS_LOOP_2266_2_VITIS_LOOP_2267_3  |    49153|    49153|         3|          1|          1|  49152|       yes|
        +---------------------------------------------------------+---------+---------+----------+-----------+-----------+-------+----------+

============================================================
+ Verbose Summary: Synthesis Manager
============================================================
InlineROM: 1
ExposeGlobal: 0
============================================================
+ Verbose Summary: CDFG Model
============================================================
IsTopModel: 0
ResetActiveHigh: 1
IsCombinational: 0
IsDatapathOnly: 0
HasWiredReturn: 1
HasMFsm: 2
HasVarLatency: 1
IsPipeline: 0
IsRtlPipelined: 0
IsInstanceOverlapped: 0
IsDontTouch: 0
HasImplIP: 0
IsGatedGlobalClock: 0

+ Individual pipeline summary: 
  * Pipeline-0: initiation interval (II) = 1, depth = 4


============================================================
+ Verbose Summary: Schedule
============================================================
* Number of FSM states : 4
* Pipeline : 1
  Pipeline-0 : II = 1, D = 4, States = { 1 2 3 4 }
* Dataflow Pipeline: 0

* FSM state transitions: 
1 --> 2 
2 --> 3 
3 --> 4 
4 --> 

* FSM state operations: 

State 1 <SV = 0> <Delay = 0.42>
ST_1 : Operation 6 [1/1] (0.00ns)   --->   "%v931 = alloca i32 1" [spikingformer_official.cpp:2267->spikingformer_official.cpp:2330]   --->   Operation 6 'alloca' 'v931' <Predicate = true> <Delay = 0.00>
ST_1 : Operation 7 [1/1] (0.00ns)   --->   "%indvar_flatten12583 = alloca i32 1"   --->   Operation 7 'alloca' 'indvar_flatten12583' <Predicate = true> <Delay = 0.00>
ST_1 : Operation 8 [1/1] (0.00ns)   --->   "%v929 = alloca i32 1" [spikingformer_official.cpp:2265->spikingformer_official.cpp:2330]   --->   Operation 8 'alloca' 'v929' <Predicate = true> <Delay = 0.00>
ST_1 : Operation 9 [1/1] (0.00ns)   --->   "%indvar_flatten12598 = alloca i32 1"   --->   Operation 9 'alloca' 'indvar_flatten12598' <Predicate = true> <Delay = 0.00>
ST_1 : Operation 10 [1/1] (0.00ns)   --->   "%v93212531 = alloca i32 1"   --->   Operation 10 'alloca' 'v93212531' <Predicate = true> <Delay = 0.00>
ST_1 : Operation 11 [1/1] (0.00ns)   --->   "%sext_ln2265_read = read i62 @_ssdm_op_Read.ap_auto.i62, i62 %sext_ln2265"   --->   Operation 11 'read' 'sext_ln2265_read' <Predicate = true> <Delay = 0.00>
ST_1 : Operation 12 [1/1] (0.00ns)   --->   "%sext_ln2265_cast = sext i62 %sext_ln2265_read"   --->   Operation 12 'sext' 'sext_ln2265_cast' <Predicate = true> <Delay = 0.00>
ST_1 : Operation 13 [1/1] (0.00ns)   --->   "%specstablecontent_ln0 = specstablecontent void @_ssdm_op_SpecStableContent, i32 %g0, i1 1, void "   --->   Operation 13 'specstablecontent' 'specstablecontent_ln0' <Predicate = true> <Delay = 0.00>
ST_1 : Operation 14 [1/1] (0.00ns)   --->   "%specinterface_ln0 = specinterface void @_ssdm_op_SpecInterface, i32 %g0, void @empty_26, i32 0, i32 0, void @empty_35, i32 0, i32 0, void @empty_22, void @empty_25, void @empty_35, i32 16, i32 16, i32 16, i32 16, void @empty_35, void @empty_35, i32 4294967295, i32 0, i32 0, i32 4"   --->   Operation 14 'specinterface' 'specinterface_ln0' <Predicate = true> <Delay = 0.00>
ST_1 : Operation 15 [1/1] (0.42ns)   --->   "%store_ln0 = store i16 0, i16 %indvar_flatten12598"   --->   Operation 15 'store' 'store_ln0' <Predicate = true> <Delay = 0.42>
ST_1 : Operation 16 [1/1] (0.42ns)   --->   "%store_ln2265 = store i6 0, i6 %v929" [spikingformer_official.cpp:2265->spikingformer_official.cpp:2330]   --->   Operation 16 'store' 'store_ln2265' <Predicate = true> <Delay = 0.42>
ST_1 : Operation 17 [1/1] (0.42ns)   --->   "%store_ln0 = store i12 0, i12 %indvar_flatten12583"   --->   Operation 17 'store' 'store_ln0' <Predicate = true> <Delay = 0.42>
ST_1 : Operation 18 [1/1] (0.42ns)   --->   "%store_ln2267 = store i6 0, i6 %v931" [spikingformer_official.cpp:2267->spikingformer_official.cpp:2330]   --->   Operation 18 'store' 'store_ln2267' <Predicate = true> <Delay = 0.42>
ST_1 : Operation 19 [1/1] (0.42ns)   --->   "%br_ln0 = br void %for.inc.i14"   --->   Operation 19 'br' 'br_ln0' <Predicate = true> <Delay = 0.42>

State 2 <SV = 1> <Delay = 2.43>
ST_2 : Operation 20 [1/1] (0.00ns)   --->   "%first_iter_3 = phi i1 1, void %newFuncRoot, i1 %or_ln2266_1, void %for.inc.i14.split" [spikingformer_official.cpp:2266->spikingformer_official.cpp:2330]   --->   Operation 20 'phi' 'first_iter_3' <Predicate = true> <Delay = 0.00>
ST_2 : Operation 21 [1/1] (0.00ns)   --->   "%first_iter_2 = phi i1 1, void %newFuncRoot, i1 0, void %for.inc.i14.split"   --->   Operation 21 'phi' 'first_iter_2' <Predicate = true> <Delay = 0.00>
ST_2 : Operation 22 [1/1] (0.00ns)   --->   "%v931_1 = load i6 %v931" [spikingformer_official.cpp:2267->spikingformer_official.cpp:2330]   --->   Operation 22 'load' 'v931_1' <Predicate = true> <Delay = 0.00>
ST_2 : Operation 23 [1/1] (0.00ns)   --->   "%indvar_flatten12583_load = load i12 %indvar_flatten12583" [spikingformer_official.cpp:2266->spikingformer_official.cpp:2330]   --->   Operation 23 'load' 'indvar_flatten12583_load' <Predicate = true> <Delay = 0.00>
ST_2 : Operation 24 [1/1] (0.00ns)   --->   "%indvar_flatten12598_load = load i16 %indvar_flatten12598" [spikingformer_official.cpp:2265->spikingformer_official.cpp:2330]   --->   Operation 24 'load' 'indvar_flatten12598_load' <Predicate = true> <Delay = 0.00>
ST_2 : Operation 25 [1/1] (0.00ns)   --->   "%specbitsmap_ln0 = specbitsmap void @_ssdm_op_SpecBitsMap, i32 %g0"   --->   Operation 25 'specbitsmap' 'specbitsmap_ln0' <Predicate = true> <Delay = 0.00>
ST_2 : Operation 26 [1/1] (0.85ns)   --->   "%icmp_ln2265 = icmp_eq  i16 %indvar_flatten12598_load, i16 49152" [spikingformer_official.cpp:2265->spikingformer_official.cpp:2330]   --->   Operation 26 'icmp' 'icmp_ln2265' <Predicate = true> <Delay = 0.85> <CoreInst = "Cmp">   --->   Core 9 'Cmp' <Latency = 0> <II = 1> <Delay = 0.85> <FuncUnit> <Opcode : 'seteq' 'setne' 'setle' 'setge' 'setlt' 'setgt'> <InPorts = 2> <OutPorts = 1>
ST_2 : Operation 27 [1/1] (0.85ns)   --->   "%add_ln2265_1 = add i16 %indvar_flatten12598_load, i16 1" [spikingformer_official.cpp:2265->spikingformer_official.cpp:2330]   --->   Operation 27 'add' 'add_ln2265_1' <Predicate = true> <Delay = 0.85> <CoreInst = "Adder">   --->   Core 1 'Adder' <Latency = 0> <II = 1> <Delay = 0.85> <FuncUnit> <Opcode : 'add' 'sub'> <InPorts = 2> <OutPorts = 1>
ST_2 : Operation 28 [1/1] (0.00ns)   --->   "%br_ln2265 = br i1 %icmp_ln2265, void %for.inc19.i, void %_Z9kernel604PfPA48_A32_A32_f.exit.exitStub" [spikingformer_official.cpp:2265->spikingformer_official.cpp:2330]   --->   Operation 28 'br' 'br_ln2265' <Predicate = true> <Delay = 0.00>
ST_2 : Operation 29 [1/1] (0.00ns)   --->   "%v929_load = load i6 %v929" [spikingformer_official.cpp:2265->spikingformer_official.cpp:2330]   --->   Operation 29 'load' 'v929_load' <Predicate = (!icmp_ln2265)> <Delay = 0.00>
ST_2 : Operation 30 [1/1] (0.78ns)   --->   "%add_ln2265 = add i6 %v929_load, i6 1" [spikingformer_official.cpp:2265->spikingformer_official.cpp:2330]   --->   Operation 30 'add' 'add_ln2265' <Predicate = (!icmp_ln2265)> <Delay = 0.78> <CoreInst = "Adder">   --->   Core 1 'Adder' <Latency = 0> <II = 1> <Delay = 0.78> <FuncUnit> <Opcode : 'add' 'sub'> <InPorts = 2> <OutPorts = 1>
ST_2 : Operation 31 [1/1] (0.80ns)   --->   "%icmp_ln2266 = icmp_eq  i12 %indvar_flatten12583_load, i12 1024" [spikingformer_official.cpp:2266->spikingformer_official.cpp:2330]   --->   Operation 31 'icmp' 'icmp_ln2266' <Predicate = (!icmp_ln2265)> <Delay = 0.80> <CoreInst = "Cmp">   --->   Core 9 'Cmp' <Latency = 0> <II = 1> <Delay = 0.80> <FuncUnit> <Opcode : 'seteq' 'setne' 'setle' 'setge' 'setlt' 'setgt'> <InPorts = 2> <OutPorts = 1>
ST_2 : Operation 32 [1/1] (0.00ns) (grouped into LUT with out node and_ln2267)   --->   "%or_ln2265 = or i1 %icmp_ln2266, i1 %first_iter_2" [spikingformer_official.cpp:2265->spikingformer_official.cpp:2330]   --->   Operation 32 'or' 'or_ln2265' <Predicate = (!icmp_ln2265)> <Delay = 0.00> <CoreInst = "LogicGate">   --->   Core 74 'LogicGate' <Latency = 0> <II = 1> <Delay = 0.28> <FuncUnit> <Opcode : 'and' 'or' 'xor'> <InPorts = 2> <OutPorts = 1>
ST_2 : Operation 33 [1/1] (0.00ns) (grouped into LUT with out node and_ln2265)   --->   "%xor_ln2265 = xor i1 %icmp_ln2266, i1 1" [spikingformer_official.cpp:2265->spikingformer_official.cpp:2330]   --->   Operation 33 'xor' 'xor_ln2265' <Predicate = (!icmp_ln2265)> <Delay = 0.00> <CoreInst = "LogicGate">   --->   Core 74 'LogicGate' <Latency = 0> <II = 1> <Delay = 0.28> <FuncUnit> <Opcode : 'and' 'or' 'xor'> <InPorts = 2> <OutPorts = 1>
ST_2 : Operation 34 [1/1] (0.78ns)   --->   "%icmp_ln2267 = icmp_eq  i6 %v931_1, i6 32" [spikingformer_official.cpp:2267->spikingformer_official.cpp:2330]   --->   Operation 34 'icmp' 'icmp_ln2267' <Predicate = (!icmp_ln2265)> <Delay = 0.78> <CoreInst = "Cmp">   --->   Core 9 'Cmp' <Latency = 0> <II = 1> <Delay = 0.78> <FuncUnit> <Opcode : 'seteq' 'setne' 'setle' 'setge' 'setlt' 'setgt'> <InPorts = 2> <OutPorts = 1>
ST_2 : Operation 35 [1/1] (0.28ns) (out node of the LUT)   --->   "%and_ln2265 = and i1 %icmp_ln2267, i1 %xor_ln2265" [spikingformer_official.cpp:2265->spikingformer_official.cpp:2330]   --->   Operation 35 'and' 'and_ln2265' <Predicate = (!icmp_ln2265)> <Delay = 0.28> <CoreInst = "LogicGate">   --->   Core 74 'LogicGate' <Latency = 0> <II = 1> <Delay = 0.28> <FuncUnit> <Opcode : 'and' 'or' 'xor'> <InPorts = 2> <OutPorts = 1>
ST_2 : Operation 36 [1/1] (0.38ns)   --->   "%select_ln2265 = select i1 %icmp_ln2266, i6 %add_ln2265, i6 %v929_load" [spikingformer_official.cpp:2265->spikingformer_official.cpp:2330]   --->   Operation 36 'select' 'select_ln2265' <Predicate = (!icmp_ln2265)> <Delay = 0.38> <CoreInst = "Sel">   --->   Core 73 'Sel' <Latency = 0> <II = 1> <Delay = 0.38> <FuncUnit> <Opcode : 'select'> <InPorts = 3> <OutPorts = 1>
ST_2 : Operation 37 [1/1] (0.00ns) (grouped into LUT with out node and_ln2267)   --->   "%or_ln2266 = or i1 %and_ln2265, i1 %or_ln2265" [spikingformer_official.cpp:2266->spikingformer_official.cpp:2330]   --->   Operation 37 'or' 'or_ln2266' <Predicate = (!icmp_ln2265)> <Delay = 0.00> <CoreInst = "LogicGate">   --->   Core 74 'LogicGate' <Latency = 0> <II = 1> <Delay = 0.28> <FuncUnit> <Opcode : 'and' 'or' 'xor'> <InPorts = 2> <OutPorts = 1>
ST_2 : Operation 38 [1/1] (0.00ns) (grouped into LUT with out node or_ln2266_1)   --->   "%xor_ln2266 = xor i1 %icmp_ln2267, i1 1" [spikingformer_official.cpp:2266->spikingformer_official.cpp:2330]   --->   Operation 38 'xor' 'xor_ln2266' <Predicate = (!icmp_ln2265)> <Delay = 0.00> <CoreInst = "LogicGate">   --->   Core 74 'LogicGate' <Latency = 0> <II = 1> <Delay = 0.28> <FuncUnit> <Opcode : 'and' 'or' 'xor'> <InPorts = 2> <OutPorts = 1>
ST_2 : Operation 39 [1/1] (0.00ns) (grouped into LUT with out node or_ln2266_1)   --->   "%and_ln2266 = and i1 %first_iter_3, i1 %xor_ln2266" [spikingformer_official.cpp:2266->spikingformer_official.cpp:2330]   --->   Operation 39 'and' 'and_ln2266' <Predicate = (!icmp_ln2265)> <Delay = 0.00> <CoreInst = "LogicGate">   --->   Core 74 'LogicGate' <Latency = 0> <II = 1> <Delay = 0.28> <FuncUnit> <Opcode : 'and' 'or' 'xor'> <InPorts = 2> <OutPorts = 1>
ST_2 : Operation 40 [1/1] (0.28ns) (out node of the LUT)   --->   "%or_ln2266_1 = or i1 %icmp_ln2266, i1 %and_ln2266" [spikingformer_official.cpp:2266->spikingformer_official.cpp:2330]   --->   Operation 40 'or' 'or_ln2266_1' <Predicate = (!icmp_ln2265)> <Delay = 0.28> <CoreInst = "LogicGate">   --->   Core 74 'LogicGate' <Latency = 0> <II = 1> <Delay = 0.28> <FuncUnit> <Opcode : 'and' 'or' 'xor'> <InPorts = 2> <OutPorts = 1>
ST_2 : Operation 41 [1/1] (0.00ns)   --->   "%zext_ln2265 = zext i6 %select_ln2265" [spikingformer_official.cpp:2265->spikingformer_official.cpp:2330]   --->   Operation 41 'zext' 'zext_ln2265' <Predicate = (!icmp_ln2265)> <Delay = 0.00>
ST_2 : Operation 42 [1/1] (0.00ns)   --->   "%v928_addr = getelementptr i32 %v928, i64 0, i64 %zext_ln2265" [spikingformer_official.cpp:2271->spikingformer_official.cpp:2330]   --->   Operation 42 'getelementptr' 'v928_addr' <Predicate = (!icmp_ln2265)> <Delay = 0.00>
ST_2 : Operation 43 [1/1] (0.28ns) (out node of the LUT)   --->   "%and_ln2267 = and i1 %or_ln2266, i1 %or_ln2266_1" [spikingformer_official.cpp:2267->spikingformer_official.cpp:2330]   --->   Operation 43 'and' 'and_ln2267' <Predicate = (!icmp_ln2265)> <Delay = 0.28> <CoreInst = "LogicGate">   --->   Core 74 'LogicGate' <Latency = 0> <II = 1> <Delay = 0.28> <FuncUnit> <Opcode : 'and' 'or' 'xor'> <InPorts = 2> <OutPorts = 1>
ST_2 : Operation 44 [1/1] (0.00ns)   --->   "%br_ln2267 = br i1 %and_ln2267, void %for.inc.i14.split, void %for.first.iter.VITIS_LOOP_2267_3.i" [spikingformer_official.cpp:2267->spikingformer_official.cpp:2330]   --->   Operation 44 'br' 'br_ln2267' <Predicate = (!icmp_ln2265)> <Delay = 0.00>
ST_2 : Operation 45 [2/2] (1.23ns)   --->   "%v932 = load i6 %v928_addr" [spikingformer_official.cpp:2271->spikingformer_official.cpp:2330]   --->   Operation 45 'load' 'v932' <Predicate = (!icmp_ln2265 & and_ln2267)> <Delay = 1.23> <CoreInst = "RAM">   --->   Core 82 'RAM' <Latency = 1> <II = 1> <Delay = 1.23> <Storage> <Opcode : 'load' 'store'> <Ports = 2> <Width = 32> <Depth = 48> <RAM>
ST_2 : Operation 46 [1/1] (0.78ns)   --->   "%add_ln2267 = add i6 %v931_1, i6 1" [spikingformer_official.cpp:2267->spikingformer_official.cpp:2330]   --->   Operation 46 'add' 'add_ln2267' <Predicate = (!icmp_ln2265)> <Delay = 0.78> <CoreInst = "Adder">   --->   Core 1 'Adder' <Latency = 0> <II = 1> <Delay = 0.78> <FuncUnit> <Opcode : 'add' 'sub'> <InPorts = 2> <OutPorts = 1>
ST_2 : Operation 47 [1/1] (0.00ns) (grouped into LUT with out node select_ln2267)   --->   "%or_ln2267 = or i1 %and_ln2265, i1 %icmp_ln2266" [spikingformer_official.cpp:2267->spikingformer_official.cpp:2330]   --->   Operation 47 'or' 'or_ln2267' <Predicate = (!icmp_ln2265)> <Delay = 0.00> <CoreInst = "LogicGate">   --->   Core 74 'LogicGate' <Latency = 0> <II = 1> <Delay = 0.28> <FuncUnit> <Opcode : 'and' 'or' 'xor'> <InPorts = 2> <OutPorts = 1>
ST_2 : Operation 48 [1/1] (0.38ns) (out node of the LUT)   --->   "%select_ln2267 = select i1 %or_ln2267, i6 1, i6 %add_ln2267" [spikingformer_official.cpp:2267->spikingformer_official.cpp:2330]   --->   Operation 48 'select' 'select_ln2267' <Predicate = (!icmp_ln2265)> <Delay = 0.38> <CoreInst = "Sel">   --->   Core 73 'Sel' <Latency = 0> <II = 1> <Delay = 0.38> <FuncUnit> <Opcode : 'select'> <InPorts = 3> <OutPorts = 1>
ST_2 : Operation 49 [1/1] (0.80ns)   --->   "%add_ln2266 = add i12 %indvar_flatten12583_load, i12 1" [spikingformer_official.cpp:2266->spikingformer_official.cpp:2330]   --->   Operation 49 'add' 'add_ln2266' <Predicate = (!icmp_ln2265)> <Delay = 0.80> <CoreInst = "Adder">   --->   Core 1 'Adder' <Latency = 0> <II = 1> <Delay = 0.80> <FuncUnit> <Opcode : 'add' 'sub'> <InPorts = 2> <OutPorts = 1>
ST_2 : Operation 50 [1/1] (0.37ns)   --->   "%select_ln2266 = select i1 %icmp_ln2266, i12 1, i12 %add_ln2266" [spikingformer_official.cpp:2266->spikingformer_official.cpp:2330]   --->   Operation 50 'select' 'select_ln2266' <Predicate = (!icmp_ln2265)> <Delay = 0.37> <CoreInst = "Sel">   --->   Core 73 'Sel' <Latency = 0> <II = 1> <Delay = 0.37> <FuncUnit> <Opcode : 'select'> <InPorts = 3> <OutPorts = 1>
ST_2 : Operation 51 [1/1] (0.42ns)   --->   "%store_ln2265 = store i16 %add_ln2265_1, i16 %indvar_flatten12598" [spikingformer_official.cpp:2265->spikingformer_official.cpp:2330]   --->   Operation 51 'store' 'store_ln2265' <Predicate = (!icmp_ln2265)> <Delay = 0.42>
ST_2 : Operation 52 [1/1] (0.42ns)   --->   "%store_ln2265 = store i6 %select_ln2265, i6 %v929" [spikingformer_official.cpp:2265->spikingformer_official.cpp:2330]   --->   Operation 52 'store' 'store_ln2265' <Predicate = (!icmp_ln2265)> <Delay = 0.42>
ST_2 : Operation 53 [1/1] (0.42ns)   --->   "%store_ln2266 = store i12 %select_ln2266, i12 %indvar_flatten12583" [spikingformer_official.cpp:2266->spikingformer_official.cpp:2330]   --->   Operation 53 'store' 'store_ln2266' <Predicate = (!icmp_ln2265)> <Delay = 0.42>
ST_2 : Operation 54 [1/1] (0.42ns)   --->   "%store_ln2267 = store i6 %select_ln2267, i6 %v931" [spikingformer_official.cpp:2267->spikingformer_official.cpp:2330]   --->   Operation 54 'store' 'store_ln2267' <Predicate = (!icmp_ln2265)> <Delay = 0.42>
ST_2 : Operation 55 [1/1] (0.00ns)   --->   "%br_ln2267 = br void %for.inc.i14" [spikingformer_official.cpp:2267->spikingformer_official.cpp:2330]   --->   Operation 55 'br' 'br_ln2267' <Predicate = (!icmp_ln2265)> <Delay = 0.00>

State 3 <SV = 2> <Delay = 1.23>
ST_3 : Operation 56 [1/2] ( I:1.23ns O:1.23ns )   --->   "%v932 = load i6 %v928_addr" [spikingformer_official.cpp:2271->spikingformer_official.cpp:2330]   --->   Operation 56 'load' 'v932' <Predicate = (and_ln2267)> <Delay = 1.23> <CoreInst = "RAM">   --->   Core 82 'RAM' <Latency = 1> <II = 1> <Delay = 1.23> <Storage> <Opcode : 'load' 'store'> <Ports = 2> <Width = 32> <Depth = 48> <RAM>
ST_3 : Operation 57 [1/1] (0.00ns)   --->   "%store_ln2271 = store i32 %v932, i32 %v93212531" [spikingformer_official.cpp:2271->spikingformer_official.cpp:2330]   --->   Operation 57 'store' 'store_ln2271' <Predicate = (and_ln2267)> <Delay = 0.00>
ST_3 : Operation 58 [1/1] (0.00ns)   --->   "%br_ln2266 = br void %for.inc.i14.split" [spikingformer_official.cpp:2266->spikingformer_official.cpp:2330]   --->   Operation 58 'br' 'br_ln2266' <Predicate = (and_ln2267)> <Delay = 0.00>
ST_3 : Operation 66 [1/1] (0.42ns)   --->   "%ret_ln0 = ret"   --->   Operation 66 'ret' 'ret_ln0' <Predicate = (icmp_ln2265)> <Delay = 0.42>

State 4 <SV = 3> <Delay = 7.30>
ST_4 : Operation 59 [1/1] (0.00ns)   --->   "%g0_addr = getelementptr i32 %g0, i64 %sext_ln2265_cast" [spikingformer_official.cpp:2265->spikingformer_official.cpp:2330]   --->   Operation 59 'getelementptr' 'g0_addr' <Predicate = (!icmp_ln2265)> <Delay = 0.00>
ST_4 : Operation 60 [1/1] (0.00ns)   --->   "%specloopname_ln0 = specloopname void @_ssdm_op_SpecLoopName, void @VITIS_LOOP_2265_1_VITIS_LOOP_2266_2_VITIS_LOOP_2267_3_str"   --->   Operation 60 'specloopname' 'specloopname_ln0' <Predicate = (!icmp_ln2265)> <Delay = 0.00>
ST_4 : Operation 61 [1/1] (0.00ns)   --->   "%speclooptripcount_ln0 = speclooptripcount void @_ssdm_op_SpecLoopTripCount, i64 49152, i64 49152, i64 49152"   --->   Operation 61 'speclooptripcount' 'speclooptripcount_ln0' <Predicate = (!icmp_ln2265)> <Delay = 0.00>
ST_4 : Operation 62 [1/1] (0.00ns)   --->   "%v93212531_load = load i32 %v93212531"   --->   Operation 62 'load' 'v93212531_load' <Predicate = (!icmp_ln2265)> <Delay = 0.00>
ST_4 : Operation 63 [1/1] (0.00ns)   --->   "%bitcast_ln2272 = bitcast i32 %v93212531_load" [spikingformer_official.cpp:2272->spikingformer_official.cpp:2330]   --->   Operation 63 'bitcast' 'bitcast_ln2272' <Predicate = (!icmp_ln2265)> <Delay = 0.00>
ST_4 : Operation 64 [1/1] (0.00ns)   --->   "%specpipeline_ln2268 = specpipeline void @_ssdm_op_SpecPipeline, i32 1, i32 0, i32 0, i32 0, i32 4294967295, void @empty_35" [spikingformer_official.cpp:2268->spikingformer_official.cpp:2330]   --->   Operation 64 'specpipeline' 'specpipeline_ln2268' <Predicate = (!icmp_ln2265)> <Delay = 0.00>
ST_4 : Operation 65 [1/1] ( I:7.30ns O:7.30ns )   --->   "%write_ln2272 = write void @_ssdm_op_Write.m_axi.p1i32.i32, i32 %g0_addr, i32 %bitcast_ln2272, i4 15" [spikingformer_official.cpp:2272->spikingformer_official.cpp:2330]   --->   Operation 65 'write' 'write_ln2272' <Predicate = (!icmp_ln2265)> <Delay = 7.30> <CoreInst = "m_axi">   --->   Core 119 'm_axi' <Latency = 5> <II = 1> <Delay = 1.00> <Adapter> <Opcode : 'readrequnaligned' 'writerequnaligned' 'read' 'write' 'readreq' 'writereq' 'writeresp'>


============================================================
+ Verbose Summary: Binding
============================================================
STG Binding: 
---------------- STG Properties BEGIN ----------------
- Is combinational: 0
- Is one-state seq: 0
- Is datapath-only: 0
- Is pipelined: 0
- Is top level: 0
Port [ Return ] is wired: 1; IO mode=ap_ctrl_hs:ce=0
Port [ g0]:  wired=1; compound=1; hidden=0; nouse=0; global=0; static=0; extern=0; dir=1; type=4; pingpong=0; private_global=0; IO mode=m_axi:ce=0
Port [ sext_ln2265]:  wired=1; compound=0; hidden=0; nouse=0; global=0; static=0; extern=0; dir=0; type=0; pingpong=0; private_global=0; IO mode=ap_none:ce=0
Port [ v928]:  wired=1; compound=1; hidden=0; nouse=0; global=0; static=0; extern=0; dir=0; type=1; pingpong=0; private_global=0; MemPort=[13]; IO mode=ap_memory:ce=0
---------------- STG Properties END ------------------

---------------- Datapath Model BEGIN ----------------

<LifeTime>
<method=bitvector/>
v931                     (alloca           ) [ 01100]
indvar_flatten12583      (alloca           ) [ 01100]
v929                     (alloca           ) [ 01100]
indvar_flatten12598      (alloca           ) [ 01100]
v93212531                (alloca           ) [ 01111]
sext_ln2265_read         (read             ) [ 00000]
sext_ln2265_cast         (sext             ) [ 01111]
specstablecontent_ln0    (specstablecontent) [ 00000]
specinterface_ln0        (specinterface    ) [ 00000]
store_ln0                (store            ) [ 00000]
store_ln2265             (store            ) [ 00000]
store_ln0                (store            ) [ 00000]
store_ln2267             (store            ) [ 00000]
br_ln0                   (br               ) [ 01100]
first_iter_3             (phi              ) [ 01100]
first_iter_2             (phi              ) [ 01100]
v931_1                   (load             ) [ 00000]
indvar_flatten12583_load (load             ) [ 00000]
indvar_flatten12598_load (load             ) [ 00000]
specbitsmap_ln0          (specbitsmap      ) [ 00000]
icmp_ln2265              (icmp             ) [ 01111]
add_ln2265_1             (add              ) [ 00000]
br_ln2265                (br               ) [ 00000]
v929_load                (load             ) [ 00000]
add_ln2265               (add              ) [ 00000]
icmp_ln2266              (icmp             ) [ 00000]
or_ln2265                (or               ) [ 00000]
xor_ln2265               (xor              ) [ 00000]
icmp_ln2267              (icmp             ) [ 00000]
and_ln2265               (and              ) [ 00000]
select_ln2265            (select           ) [ 00000]
or_ln2266                (or               ) [ 00000]
xor_ln2266               (xor              ) [ 00000]
and_ln2266               (and              ) [ 00000]
or_ln2266_1              (or               ) [ 01100]
zext_ln2265              (zext             ) [ 00000]
v928_addr                (getelementptr    ) [ 01010]
and_ln2267               (and              ) [ 01110]
br_ln2267                (br               ) [ 00000]
add_ln2267               (add              ) [ 00000]
or_ln2267                (or               ) [ 00000]
select_ln2267            (select           ) [ 00000]
add_ln2266               (add              ) [ 00000]
select_ln2266            (select           ) [ 00000]
store_ln2265             (store            ) [ 00000]
store_ln2265             (store            ) [ 00000]
store_ln2266             (store            ) [ 00000]
store_ln2267             (store            ) [ 00000]
br_ln2267                (br               ) [ 01100]
v932                     (load             ) [ 00000]
store_ln2271             (store            ) [ 00000]
br_ln2266                (br               ) [ 00000]
g0_addr                  (getelementptr    ) [ 00000]
specloopname_ln0         (specloopname     ) [ 00000]
speclooptripcount_ln0    (speclooptripcount) [ 00000]
v93212531_load           (load             ) [ 00000]
bitcast_ln2272           (bitcast          ) [ 00000]
specpipeline_ln2268      (specpipeline     ) [ 00000]
write_ln2272             (write            ) [ 00000]
ret_ln0                  (ret              ) [ 00000]
</LifeTime>

<model>

<comp_list>
<comp id="0" class="1000" name="g0">
<pin_list>
<pin id="1" dir="1" index="0" bw="1" slack="0"/>
</pin_list>
<bind>
<StgValue><ssdm name="g0"/><MemPortTyVec>1 </MemPortTyVec>
</StgValue>
</bind>
</comp>

<comp id="2" class="1000" name="sext_ln2265">
<pin_list>
<pin id="3" dir="1" index="0" bw="1" slack="0"/>
</pin_list>
<bind>
<StgValue><ssdm name="sext_ln2265"/></StgValue>
</bind>
</comp>

<comp id="4" class="1000" name="v928">
<pin_list>
<pin id="5" dir="1" index="0" bw="1" slack="0"/>
</pin_list>
<bind>
<StgValue><ssdm name="v928"/><MemPortTyVec>1 3 </MemPortTyVec>
</StgValue>
</bind>
</comp>

<comp id="6" class="1001" name="const_6">
<pin_list>
<pin id="7" dir="1" index="0" bw="1" slack="0"/>
</pin_list>
<bind>
<StgValue><ssdm name=""/></StgValue>
</bind>
</comp>

<comp id="8" class="1001" name="const_8">
<pin_list>
<pin id="9" dir="1" index="0" bw="1" slack="0"/>
</pin_list>
<bind>
<StgValue><ssdm name="_ssdm_op_Read.ap_auto.i62"/></StgValue>
</bind>
</comp>

<comp id="10" class="1001" name="const_10">
<pin_list>
<pin id="11" dir="1" index="0" bw="1" slack="2147483647"/>
</pin_list>
<bind>
<StgValue><ssdm name="_ssdm_op_SpecStableContent"/></StgValue>
</bind>
</comp>

<comp id="12" class="1001" name="const_12">
<pin_list>
<pin id="13" dir="1" index="0" bw="1" slack="0"/>
</pin_list>
<bind>
<StgValue><ssdm name=""/></StgValue>
</bind>
</comp>

<comp id="14" class="1001" name="const_14">
<pin_list>
<pin id="15" dir="1" index="0" bw="1" slack="2147483647"/>
</pin_list>
<bind>
<StgValue><ssdm name=""/></StgValue>
</bind>
</comp>

<comp id="16" class="1001" name="const_16">
<pin_list>
<pin id="17" dir="1" index="0" bw="1" slack="2147483647"/>
</pin_list>
<bind>
<StgValue><ssdm name="_ssdm_op_SpecInterface"/></StgValue>
</bind>
</comp>

<comp id="18" class="1001" name="const_18">
<pin_list>
<pin id="19" dir="1" index="0" bw="1" slack="2147483647"/>
</pin_list>
<bind>
<StgValue><ssdm name="empty_26"/></StgValue>
</bind>
</comp>

<comp id="20" class="1001" name="const_20">
<pin_list>
<pin id="21" dir="1" index="0" bw="1" slack="2147483647"/>
</pin_list>
<bind>
<StgValue><ssdm name=""/></StgValue>
</bind>
</comp>

<comp id="22" class="1001" name="const_22">
<pin_list>
<pin id="23" dir="1" index="0" bw="1" slack="2147483647"/>
</pin_list>
<bind>
<StgValue><ssdm name="empty_35"/></StgValue>
</bind>
</comp>

<comp id="24" class="1001" name="const_24">
<pin_list>
<pin id="25" dir="1" index="0" bw="1" slack="2147483647"/>
</pin_list>
<bind>
<StgValue><ssdm name="empty_22"/></StgValue>
</bind>
</comp>

<comp id="26" class="1001" name="const_26">
<pin_list>
<pin id="27" dir="1" index="0" bw="1" slack="2147483647"/>
</pin_list>
<bind>
<StgValue><ssdm name="empty_25"/></StgValue>
</bind>
</comp>

<comp id="28" class="1001" name="const_28">
<pin_list>
<pin id="29" dir="1" index="0" bw="1" slack="2147483647"/>
</pin_list>
<bind>
<StgValue><ssdm name=""/></StgValue>
</bind>
</comp>

<comp id="30" class="1001" name="const_30">
<pin_list>
<pin id="31" dir="1" index="0" bw="1" slack="2147483647"/>
</pin_list>
<bind>
<StgValue><ssdm name=""/></StgValue>
</bind>
</comp>

<comp id="32" class="1001" name="const_32">
<pin_list>
<pin id="33" dir="1" index="0" bw="1" slack="2147483647"/>
</pin_list>
<bind>
<StgValue><ssdm name=""/></StgValue>
</bind>
</comp>

<comp id="34" class="1001" name="const_34">
<pin_list>
<pin id="35" dir="1" index="0" bw="1" slack="0"/>
</pin_list>
<bind>
<StgValue><ssdm name=""/></StgValue>
</bind>
</comp>

<comp id="36" class="1001" name="const_36">
<pin_list>
<pin id="37" dir="1" index="0" bw="1" slack="0"/>
</pin_list>
<bind>
<StgValue><ssdm name=""/></StgValue>
</bind>
</comp>

<comp id="38" class="1001" name="const_38">
<pin_list>
<pin id="39" dir="1" index="0" bw="1" slack="0"/>
</pin_list>
<bind>
<StgValue><ssdm name=""/></StgValue>
</bind>
</comp>

<comp id="40" class="1001" name="const_40">
<pin_list>
<pin id="41" dir="1" index="0" bw="1" slack="0"/>
</pin_list>
<bind>
<StgValue><ssdm name=""/></StgValue>
</bind>
</comp>

<comp id="42" class="1001" name="const_42">
<pin_list>
<pin id="43" dir="1" index="0" bw="1" slack="2147483647"/>
</pin_list>
<bind>
<StgValue><ssdm name="_ssdm_op_SpecBitsMap"/></StgValue>
</bind>
</comp>

<comp id="44" class="1001" name="const_44">
<pin_list>
<pin id="45" dir="1" index="0" bw="1" slack="0"/>
</pin_list>
<bind>
<StgValue><ssdm name=""/></StgValue>
</bind>
</comp>

<comp id="46" class="1001" name="const_46">
<pin_list>
<pin id="47" dir="1" index="0" bw="1" slack="0"/>
</pin_list>
<bind>
<StgValue><ssdm name=""/></StgValue>
</bind>
</comp>

<comp id="48" class="1001" name="const_48">
<pin_list>
<pin id="49" dir="1" index="0" bw="1" slack="0"/>
</pin_list>
<bind>
<StgValue><ssdm name=""/></StgValue>
</bind>
</comp>

<comp id="50" class="1001" name="const_50">
<pin_list>
<pin id="51" dir="1" index="0" bw="1" slack="0"/>
</pin_list>
<bind>
<StgValue><ssdm name=""/></StgValue>
</bind>
</comp>

<comp id="52" class="1001" name="const_52">
<pin_list>
<pin id="53" dir="1" index="0" bw="1" slack="0"/>
</pin_list>
<bind>
<StgValue><ssdm name=""/></StgValue>
</bind>
</comp>

<comp id="54" class="1001" name="const_54">
<pin_list>
<pin id="55" dir="1" index="0" bw="1" slack="0"/>
</pin_list>
<bind>
<StgValue><ssdm name=""/></StgValue>
</bind>
</comp>

<comp id="56" class="1001" name="const_56">
<pin_list>
<pin id="57" dir="1" index="0" bw="1" slack="0"/>
</pin_list>
<bind>
<StgValue><ssdm name=""/></StgValue>
</bind>
</comp>

<comp id="58" class="1001" name="const_58">
<pin_list>
<pin id="59" dir="1" index="0" bw="1" slack="2147483647"/>
</pin_list>
<bind>
<StgValue><ssdm name="_ssdm_op_SpecLoopName"/></StgValue>
</bind>
</comp>

<comp id="60" class="1001" name="const_60">
<pin_list>
<pin id="61" dir="1" index="0" bw="1" slack="2147483647"/>
</pin_list>
<bind>
<StgValue><ssdm name="VITIS_LOOP_2265_1_VITIS_LOOP_2266_2_VITIS_LOOP_2267_3_str"/></StgValue>
</bind>
</comp>

<comp id="62" class="1001" name="const_62">
<pin_list>
<pin id="63" dir="1" index="0" bw="1" slack="2147483647"/>
</pin_list>
<bind>
<StgValue><ssdm name="_ssdm_op_SpecLoopTripCount"/></StgValue>
</bind>
</comp>

<comp id="64" class="1001" name="const_64">
<pin_list>
<pin id="65" dir="1" index="0" bw="1" slack="2147483647"/>
</pin_list>
<bind>
<StgValue><ssdm name=""/></StgValue>
</bind>
</comp>

<comp id="66" class="1001" name="const_66">
<pin_list>
<pin id="67" dir="1" index="0" bw="1" slack="2147483647"/>
</pin_list>
<bind>
<StgValue><ssdm name="_ssdm_op_SpecPipeline"/></StgValue>
</bind>
</comp>

<comp id="68" class="1001" name="const_68">
<pin_list>
<pin id="69" dir="1" index="0" bw="1" slack="0"/>
</pin_list>
<bind>
<StgValue><ssdm name="_ssdm_op_Write.m_axi.p1i32.i32"/></StgValue>
</bind>
</comp>

<comp id="70" class="1001" name="const_70">
<pin_list>
<pin id="71" dir="1" index="0" bw="1" slack="0"/>
</pin_list>
<bind>
<StgValue><ssdm name=""/></StgValue>
</bind>
</comp>

<comp id="72" class="1004" name="v931_fu_72">
<pin_list>
<pin id="73" dir="0" index="0" bw="1" slack="0"/>
<pin id="74" dir="1" index="1" bw="6" slack="0"/>
</pin_list>
<bind>
<opcode="alloca(26) " fcode="alloca"/>
<opset="v931/1 "/>
</bind>
</comp>

<comp id="76" class="1004" name="indvar_flatten12583_fu_76">
<pin_list>
<pin id="77" dir="0" index="0" bw="1" slack="0"/>
<pin id="78" dir="1" index="1" bw="12" slack="0"/>
</pin_list>
<bind>
<opcode="alloca(26) " fcode="alloca"/>
<opset="indvar_flatten12583/1 "/>
</bind>
</comp>

<comp id="80" class="1004" name="v929_fu_80">
<pin_list>
<pin id="81" dir="0" index="0" bw="1" slack="0"/>
<pin id="82" dir="1" index="1" bw="6" slack="0"/>
</pin_list>
<bind>
<opcode="alloca(26) " fcode="alloca"/>
<opset="v929/1 "/>
</bind>
</comp>

<comp id="84" class="1004" name="indvar_flatten12598_fu_84">
<pin_list>
<pin id="85" dir="0" index="0" bw="1" slack="0"/>
<pin id="86" dir="1" index="1" bw="16" slack="0"/>
</pin_list>
<bind>
<opcode="alloca(26) " fcode="alloca"/>
<opset="indvar_flatten12598/1 "/>
</bind>
</comp>

<comp id="88" class="1004" name="v93212531_fu_88">
<pin_list>
<pin id="89" dir="0" index="0" bw="1" slack="0"/>
<pin id="90" dir="1" index="1" bw="32" slack="2"/>
</pin_list>
<bind>
<opcode="alloca(26) " fcode="alloca"/>
<opset="v93212531/1 "/>
</bind>
</comp>

<comp id="92" class="1004" name="sext_ln2265_read_read_fu_92">
<pin_list>
<pin id="93" dir="0" index="0" bw="62" slack="0"/>
<pin id="94" dir="0" index="1" bw="62" slack="0"/>
<pin id="95" dir="1" index="2" bw="62" slack="0"/>
</pin_list>
<bind>
<opcode="read(1150) " fcode="read"/>
<opset="sext_ln2265_read/1 "/>
</bind>
</comp>

<comp id="98" class="1004" name="v928_addr_gep_fu_98">
<pin_list>
<pin id="99" dir="0" index="0" bw="32" slack="0"/>
<pin id="100" dir="0" index="1" bw="1" slack="0"/>
<pin id="101" dir="0" index="2" bw="6" slack="0"/>
<pin id="102" dir="1" index="3" bw="6" slack="0"/>
</pin_list>
<bind>
<opcode="getelementptr(29) " fcode="getelementptr"/>
<opset="v928_addr/2 "/>
</bind>
</comp>

<comp id="105" class="1004" name="grp_access_fu_105">
<pin_list>
<pin id="106" dir="0" index="0" bw="6" slack="0"/>
<pin id="107" dir="0" index="1" bw="32" slack="2147483647"/>
<pin id="108" dir="0" index="2" bw="0" slack="2147483647"/>
<pin id="109" dir="1" index="3" bw="32" slack="0"/>
</pin_list>
<bind>
<opcode="load(27) " fcode="load"/>
<opset="v932/2 "/>
</bind>
</comp>

<comp id="111" class="1004" name="write_ln2272_write_fu_111">
<pin_list>
<pin id="112" dir="0" index="0" bw="0" slack="0"/>
<pin id="113" dir="0" index="1" bw="32" slack="0"/>
<pin id="114" dir="0" index="2" bw="32" slack="0"/>
<pin id="115" dir="0" index="3" bw="1" slack="0"/>
<pin id="116" dir="1" index="4" bw="0" slack="2147483647"/>
</pin_list>
<bind>
<opcode="write(1151) " fcode="write"/>
<opset="write_ln2272/4 "/>
</bind>
</comp>

<comp id="119" class="1005" name="first_iter_3_reg_119">
<pin_list>
<pin id="120" dir="0" index="0" bw="1" slack="1"/>
<pin id="121" dir="1" index="1" bw="1" slack="1"/>
</pin_list>
<bind>
<opset="first_iter_3 (phireg) "/>
</bind>
</comp>

<comp id="123" class="1004" name="first_iter_3_phi_fu_123">
<pin_list>
<pin id="124" dir="0" index="0" bw="1" slack="1"/>
<pin id="125" dir="0" index="1" bw="0" slack="2147483647"/>
<pin id="126" dir="0" index="2" bw="1" slack="0"/>
<pin id="127" dir="0" index="3" bw="0" slack="2147483647"/>
<pin id="128" dir="1" index="4" bw="1" slack="0"/>
</pin_list>
<bind>
<opcode="phi(47) " fcode="phi"/>
<opset="first_iter_3/2 "/>
</bind>
</comp>

<comp id="130" class="1005" name="first_iter_2_reg_130">
<pin_list>
<pin id="131" dir="0" index="0" bw="1" slack="1"/>
<pin id="132" dir="1" index="1" bw="1" slack="1"/>
</pin_list>
<bind>
<opset="first_iter_2 (phireg) "/>
</bind>
</comp>

<comp id="134" class="1004" name="first_iter_2_phi_fu_134">
<pin_list>
<pin id="135" dir="0" index="0" bw="1" slack="1"/>
<pin id="136" dir="0" index="1" bw="0" slack="2147483647"/>
<pin id="137" dir="0" index="2" bw="1" slack="0"/>
<pin id="138" dir="0" index="3" bw="0" slack="2147483647"/>
<pin id="139" dir="1" index="4" bw="1" slack="0"/>
</pin_list>
<bind>
<opcode="phi(47) " fcode="phi"/>
<opset="first_iter_2/2 "/>
</bind>
</comp>

<comp id="142" class="1004" name="sext_ln2265_cast_fu_142">
<pin_list>
<pin id="143" dir="0" index="0" bw="62" slack="0"/>
<pin id="144" dir="1" index="1" bw="64" slack="3"/>
</pin_list>
<bind>
<opcode="sext(35) " fcode="sext"/>
<opset="sext_ln2265_cast/1 "/>
</bind>
</comp>

<comp id="146" class="1004" name="store_ln0_store_fu_146">
<pin_list>
<pin id="147" dir="0" index="0" bw="1" slack="0"/>
<pin id="148" dir="0" index="1" bw="16" slack="0"/>
<pin id="149" dir="1" index="2" bw="0" slack="2147483647"/>
</pin_list>
<bind>
<opcode="store(28) " fcode="store"/>
<opset="store_ln0/1 "/>
</bind>
</comp>

<comp id="151" class="1004" name="store_ln2265_store_fu_151">
<pin_list>
<pin id="152" dir="0" index="0" bw="1" slack="0"/>
<pin id="153" dir="0" index="1" bw="6" slack="0"/>
<pin id="154" dir="1" index="2" bw="0" slack="2147483647"/>
</pin_list>
<bind>
<opcode="store(28) " fcode="store"/>
<opset="store_ln2265/1 "/>
</bind>
</comp>

<comp id="156" class="1004" name="store_ln0_store_fu_156">
<pin_list>
<pin id="157" dir="0" index="0" bw="1" slack="0"/>
<pin id="158" dir="0" index="1" bw="12" slack="0"/>
<pin id="159" dir="1" index="2" bw="0" slack="2147483647"/>
</pin_list>
<bind>
<opcode="store(28) " fcode="store"/>
<opset="store_ln0/1 "/>
</bind>
</comp>

<comp id="161" class="1004" name="store_ln2267_store_fu_161">
<pin_list>
<pin id="162" dir="0" index="0" bw="1" slack="0"/>
<pin id="163" dir="0" index="1" bw="6" slack="0"/>
<pin id="164" dir="1" index="2" bw="0" slack="2147483647"/>
</pin_list>
<bind>
<opcode="store(28) " fcode="store"/>
<opset="store_ln2267/1 "/>
</bind>
</comp>

<comp id="166" class="1004" name="v931_1_load_fu_166">
<pin_list>
<pin id="167" dir="0" index="0" bw="6" slack="1"/>
<pin id="168" dir="1" index="1" bw="6" slack="0"/>
</pin_list>
<bind>
<opcode="load(27) " fcode="load"/>
<opset="v931_1/2 "/>
</bind>
</comp>

<comp id="169" class="1004" name="indvar_flatten12583_load_load_fu_169">
<pin_list>
<pin id="170" dir="0" index="0" bw="12" slack="1"/>
<pin id="171" dir="1" index="1" bw="12" slack="0"/>
</pin_list>
<bind>
<opcode="load(27) " fcode="load"/>
<opset="indvar_flatten12583_load/2 "/>
</bind>
</comp>

<comp id="172" class="1004" name="indvar_flatten12598_load_load_fu_172">
<pin_list>
<pin id="173" dir="0" index="0" bw="16" slack="1"/>
<pin id="174" dir="1" index="1" bw="16" slack="0"/>
</pin_list>
<bind>
<opcode="load(27) " fcode="load"/>
<opset="indvar_flatten12598_load/2 "/>
</bind>
</comp>

<comp id="175" class="1004" name="icmp_ln2265_fu_175">
<pin_list>
<pin id="176" dir="0" index="0" bw="16" slack="0"/>
<pin id="177" dir="0" index="1" bw="15" slack="0"/>
<pin id="178" dir="1" index="2" bw="1" slack="1"/>
</pin_list>
<bind>
<opcode="icmp(45) " fcode="icmp"/>
<opset="icmp_ln2265/2 "/>
</bind>
</comp>

<comp id="181" class="1004" name="add_ln2265_1_fu_181">
<pin_list>
<pin id="182" dir="0" index="0" bw="16" slack="0"/>
<pin id="183" dir="0" index="1" bw="1" slack="0"/>
<pin id="184" dir="1" index="2" bw="16" slack="0"/>
</pin_list>
<bind>
<opcode="add(8) " fcode="add"/>
<opset="add_ln2265_1/2 "/>
</bind>
</comp>

<comp id="187" class="1004" name="v929_load_load_fu_187">
<pin_list>
<pin id="188" dir="0" index="0" bw="6" slack="1"/>
<pin id="189" dir="1" index="1" bw="6" slack="0"/>
</pin_list>
<bind>
<opcode="load(27) " fcode="load"/>
<opset="v929_load/2 "/>
</bind>
</comp>

<comp id="190" class="1004" name="add_ln2265_fu_190">
<pin_list>
<pin id="191" dir="0" index="0" bw="6" slack="0"/>
<pin id="192" dir="0" index="1" bw="1" slack="0"/>
<pin id="193" dir="1" index="2" bw="6" slack="0"/>
</pin_list>
<bind>
<opcode="add(8) " fcode="add"/>
<opset="add_ln2265/2 "/>
</bind>
</comp>

<comp id="196" class="1004" name="icmp_ln2266_fu_196">
<pin_list>
<pin id="197" dir="0" index="0" bw="12" slack="0"/>
<pin id="198" dir="0" index="1" bw="12" slack="0"/>
<pin id="199" dir="1" index="2" bw="1" slack="0"/>
</pin_list>
<bind>
<opcode="icmp(45) " fcode="icmp"/>
<opset="icmp_ln2266/2 "/>
</bind>
</comp>

<comp id="202" class="1004" name="or_ln2265_fu_202">
<pin_list>
<pin id="203" dir="0" index="0" bw="1" slack="0"/>
<pin id="204" dir="0" index="1" bw="1" slack="0"/>
<pin id="205" dir="1" index="2" bw="1" slack="0"/>
</pin_list>
<bind>
<opcode="or(24) " fcode="or"/>
<opset="or_ln2265/2 "/>
</bind>
</comp>

<comp id="208" class="1004" name="xor_ln2265_fu_208">
<pin_list>
<pin id="209" dir="0" index="0" bw="1" slack="0"/>
<pin id="210" dir="0" index="1" bw="1" slack="0"/>
<pin id="211" dir="1" index="2" bw="1" slack="0"/>
</pin_list>
<bind>
<opcode="xor(25) " fcode="xor"/>
<opset="xor_ln2265/2 "/>
</bind>
</comp>

<comp id="214" class="1004" name="icmp_ln2267_fu_214">
<pin_list>
<pin id="215" dir="0" index="0" bw="6" slack="0"/>
<pin id="216" dir="0" index="1" bw="6" slack="0"/>
<pin id="217" dir="1" index="2" bw="1" slack="0"/>
</pin_list>
<bind>
<opcode="icmp(45) " fcode="icmp"/>
<opset="icmp_ln2267/2 "/>
</bind>
</comp>

<comp id="220" class="1004" name="and_ln2265_fu_220">
<pin_list>
<pin id="221" dir="0" index="0" bw="1" slack="0"/>
<pin id="222" dir="0" index="1" bw="1" slack="0"/>
<pin id="223" dir="1" index="2" bw="1" slack="0"/>
</pin_list>
<bind>
<opcode="and(23) " fcode="and"/>
<opset="and_ln2265/2 "/>
</bind>
</comp>

<comp id="226" class="1004" name="select_ln2265_fu_226">
<pin_list>
<pin id="227" dir="0" index="0" bw="1" slack="0"/>
<pin id="228" dir="0" index="1" bw="6" slack="0"/>
<pin id="229" dir="0" index="2" bw="6" slack="0"/>
<pin id="230" dir="1" index="3" bw="6" slack="0"/>
</pin_list>
<bind>
<opcode="select(49) " fcode="select"/>
<opset="select_ln2265/2 "/>
</bind>
</comp>

<comp id="234" class="1004" name="or_ln2266_fu_234">
<pin_list>
<pin id="235" dir="0" index="0" bw="1" slack="0"/>
<pin id="236" dir="0" index="1" bw="1" slack="0"/>
<pin id="237" dir="1" index="2" bw="1" slack="0"/>
</pin_list>
<bind>
<opcode="or(24) " fcode="or"/>
<opset="or_ln2266/2 "/>
</bind>
</comp>

<comp id="240" class="1004" name="xor_ln2266_fu_240">
<pin_list>
<pin id="241" dir="0" index="0" bw="1" slack="0"/>
<pin id="242" dir="0" index="1" bw="1" slack="0"/>
<pin id="243" dir="1" index="2" bw="1" slack="0"/>
</pin_list>
<bind>
<opcode="xor(25) " fcode="xor"/>
<opset="xor_ln2266/2 "/>
</bind>
</comp>

<comp id="246" class="1004" name="and_ln2266_fu_246">
<pin_list>
<pin id="247" dir="0" index="0" bw="1" slack="0"/>
<pin id="248" dir="0" index="1" bw="1" slack="0"/>
<pin id="249" dir="1" index="2" bw="1" slack="0"/>
</pin_list>
<bind>
<opcode="and(23) " fcode="and"/>
<opset="and_ln2266/2 "/>
</bind>
</comp>

<comp id="252" class="1004" name="or_ln2266_1_fu_252">
<pin_list>
<pin id="253" dir="0" index="0" bw="1" slack="0"/>
<pin id="254" dir="0" index="1" bw="1" slack="0"/>
<pin id="255" dir="1" index="2" bw="1" slack="0"/>
</pin_list>
<bind>
<opcode="or(24) " fcode="or"/>
<opset="or_ln2266_1/2 "/>
</bind>
</comp>

<comp id="258" class="1004" name="zext_ln2265_fu_258">
<pin_list>
<pin id="259" dir="0" index="0" bw="6" slack="0"/>
<pin id="260" dir="1" index="1" bw="64" slack="0"/>
</pin_list>
<bind>
<opcode="zext(34) " fcode="zext"/>
<opset="zext_ln2265/2 "/>
</bind>
</comp>

<comp id="263" class="1004" name="and_ln2267_fu_263">
<pin_list>
<pin id="264" dir="0" index="0" bw="1" slack="0"/>
<pin id="265" dir="0" index="1" bw="1" slack="0"/>
<pin id="266" dir="1" index="2" bw="1" slack="1"/>
</pin_list>
<bind>
<opcode="and(23) " fcode="and"/>
<opset="and_ln2267/2 "/>
</bind>
</comp>

<comp id="269" class="1004" name="add_ln2267_fu_269">
<pin_list>
<pin id="270" dir="0" index="0" bw="6" slack="0"/>
<pin id="271" dir="0" index="1" bw="1" slack="0"/>
<pin id="272" dir="1" index="2" bw="6" slack="0"/>
</pin_list>
<bind>
<opcode="add(8) " fcode="add"/>
<opset="add_ln2267/2 "/>
</bind>
</comp>

<comp id="275" class="1004" name="or_ln2267_fu_275">
<pin_list>
<pin id="276" dir="0" index="0" bw="1" slack="0"/>
<pin id="277" dir="0" index="1" bw="1" slack="0"/>
<pin id="278" dir="1" index="2" bw="1" slack="0"/>
</pin_list>
<bind>
<opcode="or(24) " fcode="or"/>
<opset="or_ln2267/2 "/>
</bind>
</comp>

<comp id="281" class="1004" name="select_ln2267_fu_281">
<pin_list>
<pin id="282" dir="0" index="0" bw="1" slack="0"/>
<pin id="283" dir="0" index="1" bw="1" slack="0"/>
<pin id="284" dir="0" index="2" bw="6" slack="0"/>
<pin id="285" dir="1" index="3" bw="6" slack="0"/>
</pin_list>
<bind>
<opcode="select(49) " fcode="select"/>
<opset="select_ln2267/2 "/>
</bind>
</comp>

<comp id="289" class="1004" name="add_ln2266_fu_289">
<pin_list>
<pin id="290" dir="0" index="0" bw="12" slack="0"/>
<pin id="291" dir="0" index="1" bw="1" slack="0"/>
<pin id="292" dir="1" index="2" bw="12" slack="0"/>
</pin_list>
<bind>
<opcode="add(8) " fcode="add"/>
<opset="add_ln2266/2 "/>
</bind>
</comp>

<comp id="295" class="1004" name="select_ln2266_fu_295">
<pin_list>
<pin id="296" dir="0" index="0" bw="1" slack="0"/>
<pin id="297" dir="0" index="1" bw="1" slack="0"/>
<pin id="298" dir="0" index="2" bw="12" slack="0"/>
<pin id="299" dir="1" index="3" bw="12" slack="0"/>
</pin_list>
<bind>
<opcode="select(49) " fcode="select"/>
<opset="select_ln2266/2 "/>
</bind>
</comp>

<comp id="303" class="1004" name="store_ln2265_store_fu_303">
<pin_list>
<pin id="304" dir="0" index="0" bw="16" slack="0"/>
<pin id="305" dir="0" index="1" bw="16" slack="1"/>
<pin id="306" dir="1" index="2" bw="0" slack="2147483647"/>
</pin_list>
<bind>
<opcode="store(28) " fcode="store"/>
<opset="store_ln2265/2 "/>
</bind>
</comp>

<comp id="308" class="1004" name="store_ln2265_store_fu_308">
<pin_list>
<pin id="309" dir="0" index="0" bw="6" slack="0"/>
<pin id="310" dir="0" index="1" bw="6" slack="1"/>
<pin id="311" dir="1" index="2" bw="0" slack="2147483647"/>
</pin_list>
<bind>
<opcode="store(28) " fcode="store"/>
<opset="store_ln2265/2 "/>
</bind>
</comp>

<comp id="313" class="1004" name="store_ln2266_store_fu_313">
<pin_list>
<pin id="314" dir="0" index="0" bw="12" slack="0"/>
<pin id="315" dir="0" index="1" bw="12" slack="1"/>
<pin id="316" dir="1" index="2" bw="0" slack="2147483647"/>
</pin_list>
<bind>
<opcode="store(28) " fcode="store"/>
<opset="store_ln2266/2 "/>
</bind>
</comp>

<comp id="318" class="1004" name="store_ln2267_store_fu_318">
<pin_list>
<pin id="319" dir="0" index="0" bw="6" slack="0"/>
<pin id="320" dir="0" index="1" bw="6" slack="1"/>
<pin id="321" dir="1" index="2" bw="0" slack="2147483647"/>
</pin_list>
<bind>
<opcode="store(28) " fcode="store"/>
<opset="store_ln2267/2 "/>
</bind>
</comp>

<comp id="323" class="1004" name="store_ln2271_store_fu_323">
<pin_list>
<pin id="324" dir="0" index="0" bw="32" slack="0"/>
<pin id="325" dir="0" index="1" bw="32" slack="2"/>
<pin id="326" dir="1" index="2" bw="0" slack="2147483647"/>
</pin_list>
<bind>
<opcode="store(28) " fcode="store"/>
<opset="store_ln2271/3 "/>
</bind>
</comp>

<comp id="328" class="1004" name="g0_addr_fu_328">
<pin_list>
<pin id="329" dir="0" index="0" bw="32" slack="0"/>
<pin id="330" dir="0" index="1" bw="62" slack="3"/>
<pin id="331" dir="1" index="2" bw="32" slack="0"/>
</pin_list>
<bind>
<opcode="getelementptr(29) " fcode="getelementptr"/>
<opset="g0_addr/4 "/>
</bind>
</comp>

<comp id="334" class="1004" name="v93212531_load_load_fu_334">
<pin_list>
<pin id="335" dir="0" index="0" bw="32" slack="3"/>
<pin id="336" dir="1" index="1" bw="32" slack="0"/>
</pin_list>
<bind>
<opcode="load(27) " fcode="load"/>
<opset="v93212531_load/4 "/>
</bind>
</comp>

<comp id="337" class="1004" name="bitcast_ln2272_fu_337">
<pin_list>
<pin id="338" dir="0" index="0" bw="32" slack="0"/>
<pin id="339" dir="1" index="1" bw="32" slack="0"/>
</pin_list>
<bind>
<opcode="bitcast(44) " fcode="bitcast"/>
<opset="bitcast_ln2272/4 "/>
</bind>
</comp>

<comp id="342" class="1005" name="v931_reg_342">
<pin_list>
<pin id="343" dir="0" index="0" bw="6" slack="0"/>
<pin id="344" dir="1" index="1" bw="6" slack="0"/>
</pin_list>
<bind>
<opset="v931 "/>
</bind>
</comp>

<comp id="349" class="1005" name="indvar_flatten12583_reg_349">
<pin_list>
<pin id="350" dir="0" index="0" bw="12" slack="0"/>
<pin id="351" dir="1" index="1" bw="12" slack="0"/>
</pin_list>
<bind>
<opset="indvar_flatten12583 "/>
</bind>
</comp>

<comp id="356" class="1005" name="v929_reg_356">
<pin_list>
<pin id="357" dir="0" index="0" bw="6" slack="0"/>
<pin id="358" dir="1" index="1" bw="6" slack="0"/>
</pin_list>
<bind>
<opset="v929 "/>
</bind>
</comp>

<comp id="363" class="1005" name="indvar_flatten12598_reg_363">
<pin_list>
<pin id="364" dir="0" index="0" bw="16" slack="0"/>
<pin id="365" dir="1" index="1" bw="16" slack="0"/>
</pin_list>
<bind>
<opset="indvar_flatten12598 "/>
</bind>
</comp>

<comp id="370" class="1005" name="v93212531_reg_370">
<pin_list>
<pin id="371" dir="0" index="0" bw="32" slack="2"/>
<pin id="372" dir="1" index="1" bw="32" slack="2"/>
</pin_list>
<bind>
<opset="v93212531 "/>
</bind>
</comp>

<comp id="376" class="1005" name="sext_ln2265_cast_reg_376">
<pin_list>
<pin id="377" dir="0" index="0" bw="64" slack="3"/>
<pin id="378" dir="1" index="1" bw="64" slack="3"/>
</pin_list>
<bind>
<opset="sext_ln2265_cast "/>
</bind>
</comp>

<comp id="381" class="1005" name="icmp_ln2265_reg_381">
<pin_list>
<pin id="382" dir="0" index="0" bw="1" slack="1"/>
<pin id="383" dir="1" index="1" bw="1" slack="2147483647"/>
</pin_list>
<bind>
<opset="icmp_ln2265 "/>
</bind>
</comp>

<comp id="385" class="1005" name="or_ln2266_1_reg_385">
<pin_list>
<pin id="386" dir="0" index="0" bw="1" slack="0"/>
<pin id="387" dir="1" index="1" bw="1" slack="0"/>
</pin_list>
<bind>
<opset="or_ln2266_1 "/>
</bind>
</comp>

<comp id="390" class="1005" name="v928_addr_reg_390">
<pin_list>
<pin id="391" dir="0" index="0" bw="6" slack="1"/>
<pin id="392" dir="1" index="1" bw="6" slack="1"/>
</pin_list>
<bind>
<opset="v928_addr "/>
</bind>
</comp>

<comp id="395" class="1005" name="and_ln2267_reg_395">
<pin_list>
<pin id="396" dir="0" index="0" bw="1" slack="1"/>
<pin id="397" dir="1" index="1" bw="1" slack="2147483647"/>
</pin_list>
<bind>
<opset="and_ln2267 "/>
</bind>
</comp>

</comp_list>

<net_list>
<net id="75"><net_src comp="6" pin="0"/><net_sink comp="72" pin=0"/></net>

<net id="79"><net_src comp="6" pin="0"/><net_sink comp="76" pin=0"/></net>

<net id="83"><net_src comp="6" pin="0"/><net_sink comp="80" pin=0"/></net>

<net id="87"><net_src comp="6" pin="0"/><net_sink comp="84" pin=0"/></net>

<net id="91"><net_src comp="6" pin="0"/><net_sink comp="88" pin=0"/></net>

<net id="96"><net_src comp="8" pin="0"/><net_sink comp="92" pin=0"/></net>

<net id="97"><net_src comp="2" pin="0"/><net_sink comp="92" pin=1"/></net>

<net id="103"><net_src comp="4" pin="0"/><net_sink comp="98" pin=0"/></net>

<net id="104"><net_src comp="54" pin="0"/><net_sink comp="98" pin=1"/></net>

<net id="110"><net_src comp="98" pin="3"/><net_sink comp="105" pin=0"/></net>

<net id="117"><net_src comp="68" pin="0"/><net_sink comp="111" pin=0"/></net>

<net id="118"><net_src comp="70" pin="0"/><net_sink comp="111" pin=3"/></net>

<net id="122"><net_src comp="12" pin="0"/><net_sink comp="119" pin=0"/></net>

<net id="129"><net_src comp="119" pin="1"/><net_sink comp="123" pin=0"/></net>

<net id="133"><net_src comp="12" pin="0"/><net_sink comp="130" pin=0"/></net>

<net id="140"><net_src comp="130" pin="1"/><net_sink comp="134" pin=0"/></net>

<net id="141"><net_src comp="40" pin="0"/><net_sink comp="134" pin=2"/></net>

<net id="145"><net_src comp="92" pin="2"/><net_sink comp="142" pin=0"/></net>

<net id="150"><net_src comp="34" pin="0"/><net_sink comp="146" pin=0"/></net>

<net id="155"><net_src comp="36" pin="0"/><net_sink comp="151" pin=0"/></net>

<net id="160"><net_src comp="38" pin="0"/><net_sink comp="156" pin=0"/></net>

<net id="165"><net_src comp="36" pin="0"/><net_sink comp="161" pin=0"/></net>

<net id="179"><net_src comp="172" pin="1"/><net_sink comp="175" pin=0"/></net>

<net id="180"><net_src comp="44" pin="0"/><net_sink comp="175" pin=1"/></net>

<net id="185"><net_src comp="172" pin="1"/><net_sink comp="181" pin=0"/></net>

<net id="186"><net_src comp="46" pin="0"/><net_sink comp="181" pin=1"/></net>

<net id="194"><net_src comp="187" pin="1"/><net_sink comp="190" pin=0"/></net>

<net id="195"><net_src comp="48" pin="0"/><net_sink comp="190" pin=1"/></net>

<net id="200"><net_src comp="169" pin="1"/><net_sink comp="196" pin=0"/></net>

<net id="201"><net_src comp="50" pin="0"/><net_sink comp="196" pin=1"/></net>

<net id="206"><net_src comp="196" pin="2"/><net_sink comp="202" pin=0"/></net>

<net id="207"><net_src comp="134" pin="4"/><net_sink comp="202" pin=1"/></net>

<net id="212"><net_src comp="196" pin="2"/><net_sink comp="208" pin=0"/></net>

<net id="213"><net_src comp="12" pin="0"/><net_sink comp="208" pin=1"/></net>

<net id="218"><net_src comp="166" pin="1"/><net_sink comp="214" pin=0"/></net>

<net id="219"><net_src comp="52" pin="0"/><net_sink comp="214" pin=1"/></net>

<net id="224"><net_src comp="214" pin="2"/><net_sink comp="220" pin=0"/></net>

<net id="225"><net_src comp="208" pin="2"/><net_sink comp="220" pin=1"/></net>

<net id="231"><net_src comp="196" pin="2"/><net_sink comp="226" pin=0"/></net>

<net id="232"><net_src comp="190" pin="2"/><net_sink comp="226" pin=1"/></net>

<net id="233"><net_src comp="187" pin="1"/><net_sink comp="226" pin=2"/></net>

<net id="238"><net_src comp="220" pin="2"/><net_sink comp="234" pin=0"/></net>

<net id="239"><net_src comp="202" pin="2"/><net_sink comp="234" pin=1"/></net>

<net id="244"><net_src comp="214" pin="2"/><net_sink comp="240" pin=0"/></net>

<net id="245"><net_src comp="12" pin="0"/><net_sink comp="240" pin=1"/></net>

<net id="250"><net_src comp="123" pin="4"/><net_sink comp="246" pin=0"/></net>

<net id="251"><net_src comp="240" pin="2"/><net_sink comp="246" pin=1"/></net>

<net id="256"><net_src comp="196" pin="2"/><net_sink comp="252" pin=0"/></net>

<net id="257"><net_src comp="246" pin="2"/><net_sink comp="252" pin=1"/></net>

<net id="261"><net_src comp="226" pin="3"/><net_sink comp="258" pin=0"/></net>

<net id="262"><net_src comp="258" pin="1"/><net_sink comp="98" pin=2"/></net>

<net id="267"><net_src comp="234" pin="2"/><net_sink comp="263" pin=0"/></net>

<net id="268"><net_src comp="252" pin="2"/><net_sink comp="263" pin=1"/></net>

<net id="273"><net_src comp="166" pin="1"/><net_sink comp="269" pin=0"/></net>

<net id="274"><net_src comp="48" pin="0"/><net_sink comp="269" pin=1"/></net>

<net id="279"><net_src comp="220" pin="2"/><net_sink comp="275" pin=0"/></net>

<net id="280"><net_src comp="196" pin="2"/><net_sink comp="275" pin=1"/></net>

<net id="286"><net_src comp="275" pin="2"/><net_sink comp="281" pin=0"/></net>

<net id="287"><net_src comp="48" pin="0"/><net_sink comp="281" pin=1"/></net>

<net id="288"><net_src comp="269" pin="2"/><net_sink comp="281" pin=2"/></net>

<net id="293"><net_src comp="169" pin="1"/><net_sink comp="289" pin=0"/></net>

<net id="294"><net_src comp="56" pin="0"/><net_sink comp="289" pin=1"/></net>

<net id="300"><net_src comp="196" pin="2"/><net_sink comp="295" pin=0"/></net>

<net id="301"><net_src comp="56" pin="0"/><net_sink comp="295" pin=1"/></net>

<net id="302"><net_src comp="289" pin="2"/><net_sink comp="295" pin=2"/></net>

<net id="307"><net_src comp="181" pin="2"/><net_sink comp="303" pin=0"/></net>

<net id="312"><net_src comp="226" pin="3"/><net_sink comp="308" pin=0"/></net>

<net id="317"><net_src comp="295" pin="3"/><net_sink comp="313" pin=0"/></net>

<net id="322"><net_src comp="281" pin="3"/><net_sink comp="318" pin=0"/></net>

<net id="327"><net_src comp="105" pin="3"/><net_sink comp="323" pin=0"/></net>

<net id="332"><net_src comp="0" pin="0"/><net_sink comp="328" pin=0"/></net>

<net id="333"><net_src comp="328" pin="2"/><net_sink comp="111" pin=1"/></net>

<net id="340"><net_src comp="334" pin="1"/><net_sink comp="337" pin=0"/></net>

<net id="341"><net_src comp="337" pin="1"/><net_sink comp="111" pin=2"/></net>

<net id="345"><net_src comp="72" pin="1"/><net_sink comp="342" pin=0"/></net>

<net id="346"><net_src comp="342" pin="1"/><net_sink comp="161" pin=1"/></net>

<net id="347"><net_src comp="342" pin="1"/><net_sink comp="166" pin=0"/></net>

<net id="348"><net_src comp="342" pin="1"/><net_sink comp="318" pin=1"/></net>

<net id="352"><net_src comp="76" pin="1"/><net_sink comp="349" pin=0"/></net>

<net id="353"><net_src comp="349" pin="1"/><net_sink comp="156" pin=1"/></net>

<net id="354"><net_src comp="349" pin="1"/><net_sink comp="169" pin=0"/></net>

<net id="355"><net_src comp="349" pin="1"/><net_sink comp="313" pin=1"/></net>

<net id="359"><net_src comp="80" pin="1"/><net_sink comp="356" pin=0"/></net>

<net id="360"><net_src comp="356" pin="1"/><net_sink comp="151" pin=1"/></net>

<net id="361"><net_src comp="356" pin="1"/><net_sink comp="187" pin=0"/></net>

<net id="362"><net_src comp="356" pin="1"/><net_sink comp="308" pin=1"/></net>

<net id="366"><net_src comp="84" pin="1"/><net_sink comp="363" pin=0"/></net>

<net id="367"><net_src comp="363" pin="1"/><net_sink comp="146" pin=1"/></net>

<net id="368"><net_src comp="363" pin="1"/><net_sink comp="172" pin=0"/></net>

<net id="369"><net_src comp="363" pin="1"/><net_sink comp="303" pin=1"/></net>

<net id="373"><net_src comp="88" pin="1"/><net_sink comp="370" pin=0"/></net>

<net id="374"><net_src comp="370" pin="1"/><net_sink comp="323" pin=1"/></net>

<net id="375"><net_src comp="370" pin="1"/><net_sink comp="334" pin=0"/></net>

<net id="379"><net_src comp="142" pin="1"/><net_sink comp="376" pin=0"/></net>

<net id="380"><net_src comp="376" pin="1"/><net_sink comp="328" pin=1"/></net>

<net id="384"><net_src comp="175" pin="2"/><net_sink comp="381" pin=0"/></net>

<net id="388"><net_src comp="252" pin="2"/><net_sink comp="385" pin=0"/></net>

<net id="389"><net_src comp="385" pin="1"/><net_sink comp="123" pin=2"/></net>

<net id="393"><net_src comp="98" pin="3"/><net_sink comp="390" pin=0"/></net>

<net id="394"><net_src comp="390" pin="1"/><net_sink comp="105" pin=0"/></net>

<net id="398"><net_src comp="263" pin="2"/><net_sink comp="395" pin=0"/></net>

</net_list>

</model> 
---------------- Datapath Model END ------------------

* FSMD analyzer results:
  - Output states:
	Port: g0 | {4 }
 - Input state : 
	Port: control_Pipeline_VITIS_LOOP_2265_1_VITIS_LOOP_2266_2_VITIS_LOOP_2267_3 : sext_ln2265 | {1 }
	Port: control_Pipeline_VITIS_LOOP_2265_1_VITIS_LOOP_2266_2_VITIS_LOOP_2267_3 : v928 | {2 3 }
  - Chain level:
	State 1
		store_ln0 : 1
		store_ln2265 : 1
		store_ln0 : 1
		store_ln2267 : 1
	State 2
		icmp_ln2265 : 1
		add_ln2265_1 : 1
		br_ln2265 : 2
		add_ln2265 : 1
		icmp_ln2266 : 1
		or_ln2265 : 2
		xor_ln2265 : 2
		icmp_ln2267 : 1
		and_ln2265 : 2
		select_ln2265 : 2
		or_ln2266 : 2
		xor_ln2266 : 2
		and_ln2266 : 2
		or_ln2266_1 : 2
		zext_ln2265 : 3
		v928_addr : 4
		and_ln2267 : 2
		br_ln2267 : 2
		v932 : 5
		add_ln2267 : 1
		or_ln2267 : 2
		select_ln2267 : 2
		add_ln2266 : 1
		select_ln2266 : 2
		store_ln2265 : 2
		store_ln2265 : 3
		store_ln2266 : 3
		store_ln2267 : 3
	State 3
		store_ln2271 : 1
	State 4
		bitcast_ln2272 : 1
		write_ln2272 : 2


============================================================
+ Verbose Summary: Datapath Resource usage 
============================================================

* Functional unit list:
|----------|-----------------------------|---------|---------|
| Operation|       Functional Unit       |    FF   |   LUT   |
|----------|-----------------------------|---------|---------|
|          |     add_ln2265_1_fu_181     |    0    |    23   |
|    add   |      add_ln2265_fu_190      |    0    |    13   |
|          |      add_ln2267_fu_269      |    0    |    13   |
|          |      add_ln2266_fu_289      |    0    |    19   |
|----------|-----------------------------|---------|---------|
|          |      icmp_ln2265_fu_175     |    0    |    23   |
|   icmp   |      icmp_ln2266_fu_196     |    0    |    19   |
|          |      icmp_ln2267_fu_214     |    0    |    13   |
|----------|-----------------------------|---------|---------|
|          |     select_ln2265_fu_226    |    0    |    6    |
|  select  |     select_ln2267_fu_281    |    0    |    6    |
|          |     select_ln2266_fu_295    |    0    |    11   |
|----------|-----------------------------|---------|---------|
|          |       or_ln2265_fu_202      |    0    |    2    |
|    or    |       or_ln2266_fu_234      |    0    |    2    |
|          |      or_ln2266_1_fu_252     |    0    |    2    |
|          |       or_ln2267_fu_275      |    0    |    2    |
|----------|-----------------------------|---------|---------|
|          |      and_ln2265_fu_220      |    0    |    2    |
|    and   |      and_ln2266_fu_246      |    0    |    2    |
|          |      and_ln2267_fu_263      |    0    |    2    |
|----------|-----------------------------|---------|---------|
|    xor   |      xor_ln2265_fu_208      |    0    |    2    |
|          |      xor_ln2266_fu_240      |    0    |    2    |
|----------|-----------------------------|---------|---------|
|   read   | sext_ln2265_read_read_fu_92 |    0    |    0    |
|----------|-----------------------------|---------|---------|
|   write  |  write_ln2272_write_fu_111  |    0    |    0    |
|----------|-----------------------------|---------|---------|
|   sext   |   sext_ln2265_cast_fu_142   |    0    |    0    |
|----------|-----------------------------|---------|---------|
|   zext   |      zext_ln2265_fu_258     |    0    |    0    |
|----------|-----------------------------|---------|---------|
|   Total  |                             |    0    |   164   |
|----------|-----------------------------|---------|---------|

Memories:
N/A

* Register list:
+---------------------------+--------+
|                           |   FF   |
+---------------------------+--------+
|     and_ln2267_reg_395    |    1   |
|    first_iter_2_reg_130   |    1   |
|    first_iter_3_reg_119   |    1   |
|    icmp_ln2265_reg_381    |    1   |
|indvar_flatten12583_reg_349|   12   |
|indvar_flatten12598_reg_363|   16   |
|    or_ln2266_1_reg_385    |    1   |
|  sext_ln2265_cast_reg_376 |   64   |
|     v928_addr_reg_390     |    6   |
|        v929_reg_356       |    6   |
|        v931_reg_342       |    6   |
|     v93212531_reg_370     |   32   |
+---------------------------+--------+
|           Total           |   147  |
+---------------------------+--------+

* Multiplexer (MUX) list: 
|-------------------|------|------|------|--------||---------||---------||---------|
|        Comp       |  Pin | Size |  BW  | S x BW ||  Delay  ||    FF   ||   LUT   |
|-------------------|------|------|------|--------||---------||---------||---------|
| grp_access_fu_105 |  p0  |   2  |   6  |   12   ||    0    ||    9    |
|-------------------|------|------|------|--------||---------||---------||---------|
|       Total       |      |      |      |   12   ||  0.427  ||    0    ||    9    |
|-------------------|------|------|------|--------||---------||---------||---------|



* Summary:
+-----------+--------+--------+--------+
|           |  Delay |   FF   |   LUT  |
+-----------+--------+--------+--------+
|  Function |    -   |    0   |   164  |
|   Memory  |    -   |    -   |    -   |
|Multiplexer|    0   |    0   |    9   |
|  Register |    -   |   147  |    -   |
+-----------+--------+--------+--------+
|   Total   |    0   |   147  |   173  |
+-----------+--------+--------+--------+
