

================================================================
== Vitis HLS Report for 'control_Pipeline_VITIS_LOOP_1572_1_VITIS_LOOP_1573_2_VITIS_LOOP_1574_3'
================================================================
* Date:           Sun Jul 12 20:26:05 2026

* Version:        2025.2 (Build 6295257 on Nov 14 2025)
* Project:        spikingformer_proj
* Solution:       solution1 (Vivado IP Flow Target)
* Product family: zynquplus
* Target device:  xczu7ev-ffvc1156-2-e


================================================================
== Performance Estimates
================================================================
+ Timing: 
    * Summary: 
    +--------+----------+----------+------------+
    |  Clock |  Target  | Estimated| Uncertainty|
    +--------+----------+----------+------------+
    |ap_clk  |  10.00 ns|  7.300 ns|     2.70 ns|
    +--------+----------+----------+------------+

+ Latency: 
    * Summary: 
    +---------+---------+----------+----------+-----+-----+-------------------+
    |  Latency (cycles) |  Latency (absolute) |  Interval |      Pipeline     |
    |   min   |   max   |    min   |    max   | min | max |        Type       |
    +---------+---------+----------+----------+-----+-----+-------------------+
    |   196624|   196624|  1.966 ms|  1.966 ms|    0|    0|  loop pipeline stp|
    +---------+---------+----------+----------+-----+-----+-------------------+

    + Detail: 
        * Instance: 
        N/A

        * Loop: 
        +---------------------------------------------------------+---------+---------+----------+-----------+-----------+--------+----------+
        |                                                         |  Latency (cycles) | Iteration|  Initiation Interval  |  Trip  |          |
        |                        Loop Name                        |   min   |   max   |  Latency |  achieved |   target  |  Count | Pipelined|
        +---------------------------------------------------------+---------+---------+----------+-----------+-----------+--------+----------+
        |- VITIS_LOOP_1572_1_VITIS_LOOP_1573_2_VITIS_LOOP_1574_3  |   196622|   196622|        16|          1|          1|  196608|       yes|
        +---------------------------------------------------------+---------+---------+----------+-----------+-----------+--------+----------+

============================================================
+ Verbose Summary: Synthesis Manager
============================================================
InlineROM: 1
ExposeGlobal: 0
============================================================
+ Verbose Summary: CDFG Model
============================================================
IsTopModel: 0
ResetActiveHigh: 1
IsCombinational: 0
IsDatapathOnly: 0
HasWiredReturn: 1
HasMFsm: 2
HasVarLatency: 1
IsPipeline: 0
IsRtlPipelined: 0
IsInstanceOverlapped: 0
IsDontTouch: 0
HasImplIP: 0
IsGatedGlobalClock: 0

+ Individual pipeline summary: 
  * Pipeline-0: initiation interval (II) = 1, depth = 17


============================================================
+ Verbose Summary: Schedule
============================================================
* Number of FSM states : 17
* Pipeline : 1
  Pipeline-0 : II = 1, D = 17, States = { 1 2 3 4 5 6 7 8 9 10 11 12 13 14 15 16 17 }
* Dataflow Pipeline: 0

* FSM state transitions: 
1 --> 2 
2 --> 3 
3 --> 4 
4 --> 5 
5 --> 6 
6 --> 7 
7 --> 8 
8 --> 9 
9 --> 10 
10 --> 11 
11 --> 12 
12 --> 13 
13 --> 14 
14 --> 15 
15 --> 16 
16 --> 17 
17 --> 

* FSM state operations: 

State 1 <SV = 0> <Delay = 0.42>
ST_1 : Operation 19 [1/1] (0.00ns)   --->   "%v643 = alloca i32 1" [spikingformer_official.cpp:1574->spikingformer_official.cpp:2409]   --->   Operation 19 'alloca' 'v643' <Predicate = true> <Delay = 0.00>
ST_1 : Operation 20 [1/1] (0.00ns)   --->   "%v642 = alloca i32 1" [spikingformer_official.cpp:1573->spikingformer_official.cpp:2409]   --->   Operation 20 'alloca' 'v642' <Predicate = true> <Delay = 0.00>
ST_1 : Operation 21 [1/1] (0.00ns)   --->   "%indvar_flatten13408 = alloca i32 1"   --->   Operation 21 'alloca' 'indvar_flatten13408' <Predicate = true> <Delay = 0.00>
ST_1 : Operation 22 [1/1] (0.00ns)   --->   "%v641 = alloca i32 1" [spikingformer_official.cpp:1572->spikingformer_official.cpp:2409]   --->   Operation 22 'alloca' 'v641' <Predicate = true> <Delay = 0.00>
ST_1 : Operation 23 [1/1] (0.00ns)   --->   "%indvar_flatten13422 = alloca i32 1"   --->   Operation 23 'alloca' 'indvar_flatten13422' <Predicate = true> <Delay = 0.00>
ST_1 : Operation 24 [1/1] (0.00ns)   --->   "%v944_read = read i64 @_ssdm_op_Read.ap_auto.i64, i64 %v944"   --->   Operation 24 'read' 'v944_read' <Predicate = true> <Delay = 0.00>
ST_1 : Operation 25 [1/1] (0.00ns)   --->   "%sext_ln22997 = read i62 @_ssdm_op_Read.ap_auto.i62, i62 %sext_ln2299"   --->   Operation 25 'read' 'sext_ln22997' <Predicate = true> <Delay = 0.00>
ST_1 : Operation 26 [1/1] (0.00ns)   --->   "%sext_ln21596 = read i62 @_ssdm_op_Read.ap_auto.i62, i62 %sext_ln2159"   --->   Operation 26 'read' 'sext_ln21596' <Predicate = true> <Delay = 0.00>
ST_1 : Operation 27 [1/1] (0.00ns)   --->   "%specstablecontent_ln0 = specstablecontent void @_ssdm_op_SpecStableContent, i32 %g0, i1 1, void "   --->   Operation 27 'specstablecontent' 'specstablecontent_ln0' <Predicate = true> <Delay = 0.00>
ST_1 : Operation 28 [1/1] (0.00ns)   --->   "%specinterface_ln0 = specinterface void @_ssdm_op_SpecInterface, i32 %g0, void @empty_26, i32 0, i32 0, void @empty_35, i32 0, i32 0, void @empty_22, void @empty_25, void @empty_35, i32 16, i32 16, i32 16, i32 16, void @empty_35, void @empty_35, i32 4294967295, i32 0, i32 0, i32 4"   --->   Operation 28 'specinterface' 'specinterface_ln0' <Predicate = true> <Delay = 0.00>
ST_1 : Operation 29 [1/1] (0.42ns)   --->   "%store_ln0 = store i18 0, i18 %indvar_flatten13422"   --->   Operation 29 'store' 'store_ln0' <Predicate = true> <Delay = 0.42>
ST_1 : Operation 30 [1/1] (0.42ns)   --->   "%store_ln1572 = store i8 0, i8 %v641" [spikingformer_official.cpp:1572->spikingformer_official.cpp:2409]   --->   Operation 30 'store' 'store_ln1572' <Predicate = true> <Delay = 0.42>
ST_1 : Operation 31 [1/1] (0.42ns)   --->   "%store_ln0 = store i12 0, i12 %indvar_flatten13408"   --->   Operation 31 'store' 'store_ln0' <Predicate = true> <Delay = 0.42>
ST_1 : Operation 32 [1/1] (0.42ns)   --->   "%store_ln1573 = store i6 0, i6 %v642" [spikingformer_official.cpp:1573->spikingformer_official.cpp:2409]   --->   Operation 32 'store' 'store_ln1573' <Predicate = true> <Delay = 0.42>
ST_1 : Operation 33 [1/1] (0.42ns)   --->   "%store_ln1574 = store i6 0, i6 %v643" [spikingformer_official.cpp:1574->spikingformer_official.cpp:2409]   --->   Operation 33 'store' 'store_ln1574' <Predicate = true> <Delay = 0.42>
ST_1 : Operation 34 [1/1] (0.42ns)   --->   "%br_ln0 = br void %for.inc.i598"   --->   Operation 34 'br' 'br_ln0' <Predicate = true> <Delay = 0.42>

State 2 <SV = 1> <Delay = 4.14>
ST_2 : Operation 35 [1/1] (0.00ns)   --->   "%first_iter_68 = phi i1 1, void %newFuncRoot, i1 0, void %new.latch.for.inc.i598.split"   --->   Operation 35 'phi' 'first_iter_68' <Predicate = true> <Delay = 0.00>
ST_2 : Operation 36 [1/1] (0.00ns)   --->   "%v643_1 = load i6 %v643" [spikingformer_official.cpp:1579->spikingformer_official.cpp:2409]   --->   Operation 36 'load' 'v643_1' <Predicate = true> <Delay = 0.00>
ST_2 : Operation 37 [1/1] (0.00ns)   --->   "%indvar_flatten13408_load = load i12 %indvar_flatten13408" [spikingformer_official.cpp:1573->spikingformer_official.cpp:2409]   --->   Operation 37 'load' 'indvar_flatten13408_load' <Predicate = true> <Delay = 0.00>
ST_2 : Operation 38 [1/1] (0.00ns)   --->   "%indvar_flatten13422_load = load i18 %indvar_flatten13422" [spikingformer_official.cpp:1572->spikingformer_official.cpp:2409]   --->   Operation 38 'load' 'indvar_flatten13422_load' <Predicate = true> <Delay = 0.00>
ST_2 : Operation 39 [1/1] (0.00ns)   --->   "%specbitsmap_ln0 = specbitsmap void @_ssdm_op_SpecBitsMap, i32 %g0"   --->   Operation 39 'specbitsmap' 'specbitsmap_ln0' <Predicate = true> <Delay = 0.00>
ST_2 : Operation 40 [1/1] (0.87ns)   --->   "%icmp_ln1572 = icmp_eq  i18 %indvar_flatten13422_load, i18 196608" [spikingformer_official.cpp:1572->spikingformer_official.cpp:2409]   --->   Operation 40 'icmp' 'icmp_ln1572' <Predicate = true> <Delay = 0.87> <CoreInst = "Cmp">   --->   Core 9 'Cmp' <Latency = 0> <II = 1> <Delay = 0.87> <FuncUnit> <Opcode : 'seteq' 'setne' 'setle' 'setge' 'setlt' 'setgt'> <InPorts = 2> <OutPorts = 1>
ST_2 : Operation 41 [1/1] (0.87ns)   --->   "%add_ln1572_1 = add i18 %indvar_flatten13422_load, i18 1" [spikingformer_official.cpp:1572->spikingformer_official.cpp:2409]   --->   Operation 41 'add' 'add_ln1572_1' <Predicate = true> <Delay = 0.87> <CoreInst = "Adder">   --->   Core 1 'Adder' <Latency = 0> <II = 1> <Delay = 0.87> <FuncUnit> <Opcode : 'add' 'sub'> <InPorts = 2> <OutPorts = 1>
ST_2 : Operation 42 [1/1] (0.00ns)   --->   "%br_ln1572 = br i1 %icmp_ln1572, void %for.inc26.i603, void %_Z9kernel551PA192_A32_A32_fPA192_A34_A34_f.exit.exitStub" [spikingformer_official.cpp:1572->spikingformer_official.cpp:2409]   --->   Operation 42 'br' 'br_ln1572' <Predicate = true> <Delay = 0.00>
ST_2 : Operation 43 [1/1] (0.00ns)   --->   "%v642_load = load i6 %v642" [spikingformer_official.cpp:1572->spikingformer_official.cpp:2409]   --->   Operation 43 'load' 'v642_load' <Predicate = (!icmp_ln1572)> <Delay = 0.00>
ST_2 : Operation 44 [1/1] (0.00ns)   --->   "%v641_load = load i8 %v641" [spikingformer_official.cpp:1572->spikingformer_official.cpp:2409]   --->   Operation 44 'load' 'v641_load' <Predicate = (!icmp_ln1572)> <Delay = 0.00>
ST_2 : Operation 45 [1/1] (0.76ns)   --->   "%add_ln1572 = add i8 %v641_load, i8 1" [spikingformer_official.cpp:1572->spikingformer_official.cpp:2409]   --->   Operation 45 'add' 'add_ln1572' <Predicate = (!icmp_ln1572)> <Delay = 0.76> <CoreInst = "Adder">   --->   Core 1 'Adder' <Latency = 0> <II = 1> <Delay = 0.76> <FuncUnit> <Opcode : 'add' 'sub'> <InPorts = 2> <OutPorts = 1>
ST_2 : Operation 46 [1/1] (0.80ns)   --->   "%icmp_ln1573 = icmp_eq  i12 %indvar_flatten13408_load, i12 1024" [spikingformer_official.cpp:1573->spikingformer_official.cpp:2409]   --->   Operation 46 'icmp' 'icmp_ln1573' <Predicate = (!icmp_ln1572)> <Delay = 0.80> <CoreInst = "Cmp">   --->   Core 9 'Cmp' <Latency = 0> <II = 1> <Delay = 0.80> <FuncUnit> <Opcode : 'seteq' 'setne' 'setle' 'setge' 'setlt' 'setgt'> <InPorts = 2> <OutPorts = 1>
ST_2 : Operation 47 [1/1] (0.38ns)   --->   "%select_ln1572 = select i1 %icmp_ln1573, i6 0, i6 %v642_load" [spikingformer_official.cpp:1572->spikingformer_official.cpp:2409]   --->   Operation 47 'select' 'select_ln1572' <Predicate = (!icmp_ln1572)> <Delay = 0.38> <CoreInst = "Sel">   --->   Core 73 'Sel' <Latency = 0> <II = 1> <Delay = 0.38> <FuncUnit> <Opcode : 'select'> <InPorts = 3> <OutPorts = 1>
ST_2 : Operation 48 [1/1] (0.00ns) (grouped into LUT with out node first_iter_68_mid2)   --->   "%or_ln1572 = or i1 %icmp_ln1573, i1 %first_iter_68" [spikingformer_official.cpp:1572->spikingformer_official.cpp:2409]   --->   Operation 48 'or' 'or_ln1572' <Predicate = (!icmp_ln1572)> <Delay = 0.00> <CoreInst = "LogicGate">   --->   Core 74 'LogicGate' <Latency = 0> <II = 1> <Delay = 0.28> <FuncUnit> <Opcode : 'and' 'or' 'xor'> <InPorts = 2> <OutPorts = 1>
ST_2 : Operation 49 [1/1] (0.00ns) (grouped into LUT with out node and_ln1572)   --->   "%xor_ln1572 = xor i1 %icmp_ln1573, i1 1" [spikingformer_official.cpp:1572->spikingformer_official.cpp:2409]   --->   Operation 49 'xor' 'xor_ln1572' <Predicate = (!icmp_ln1572)> <Delay = 0.00> <CoreInst = "LogicGate">   --->   Core 74 'LogicGate' <Latency = 0> <II = 1> <Delay = 0.28> <FuncUnit> <Opcode : 'and' 'or' 'xor'> <InPorts = 2> <OutPorts = 1>
ST_2 : Operation 50 [1/1] (0.78ns)   --->   "%icmp_ln1574 = icmp_eq  i6 %v643_1, i6 32" [spikingformer_official.cpp:1574->spikingformer_official.cpp:2409]   --->   Operation 50 'icmp' 'icmp_ln1574' <Predicate = (!icmp_ln1572)> <Delay = 0.78> <CoreInst = "Cmp">   --->   Core 9 'Cmp' <Latency = 0> <II = 1> <Delay = 0.78> <FuncUnit> <Opcode : 'seteq' 'setne' 'setle' 'setge' 'setlt' 'setgt'> <InPorts = 2> <OutPorts = 1>
ST_2 : Operation 51 [1/1] (0.28ns) (out node of the LUT)   --->   "%and_ln1572 = and i1 %icmp_ln1574, i1 %xor_ln1572" [spikingformer_official.cpp:1572->spikingformer_official.cpp:2409]   --->   Operation 51 'and' 'and_ln1572' <Predicate = (!icmp_ln1572)> <Delay = 0.28> <CoreInst = "LogicGate">   --->   Core 74 'LogicGate' <Latency = 0> <II = 1> <Delay = 0.28> <FuncUnit> <Opcode : 'and' 'or' 'xor'> <InPorts = 2> <OutPorts = 1>
ST_2 : Operation 52 [1/1] (0.39ns)   --->   "%select_ln1572_1 = select i1 %icmp_ln1573, i8 %add_ln1572, i8 %v641_load" [spikingformer_official.cpp:1572->spikingformer_official.cpp:2409]   --->   Operation 52 'select' 'select_ln1572_1' <Predicate = (!icmp_ln1572)> <Delay = 0.39> <CoreInst = "Sel">   --->   Core 73 'Sel' <Latency = 0> <II = 1> <Delay = 0.39> <FuncUnit> <Opcode : 'select'> <InPorts = 3> <OutPorts = 1>
ST_2 : Operation 53 [1/1] (0.78ns)   --->   "%add_ln1579_4 = add i6 %select_ln1572, i6 1" [spikingformer_official.cpp:1579->spikingformer_official.cpp:2409]   --->   Operation 53 'add' 'add_ln1579_4' <Predicate = (!icmp_ln1572)> <Delay = 0.78> <CoreInst = "Adder">   --->   Core 1 'Adder' <Latency = 0> <II = 1> <Delay = 0.78> <FuncUnit> <Opcode : 'add' 'sub'> <InPorts = 2> <OutPorts = 1>
ST_2 : Operation 54 [1/1] (0.28ns) (out node of the LUT)   --->   "%first_iter_68_mid2 = or i1 %and_ln1572, i1 %or_ln1572" [spikingformer_official.cpp:1572->spikingformer_official.cpp:2409]   --->   Operation 54 'or' 'first_iter_68_mid2' <Predicate = (!icmp_ln1572)> <Delay = 0.28> <CoreInst = "LogicGate">   --->   Core 74 'LogicGate' <Latency = 0> <II = 1> <Delay = 0.28> <FuncUnit> <Opcode : 'and' 'or' 'xor'> <InPorts = 2> <OutPorts = 1>
ST_2 : Operation 55 [1/1] (0.38ns)   --->   "%select_ln1573 = select i1 %and_ln1572, i6 %add_ln1579_4, i6 %select_ln1572" [spikingformer_official.cpp:1573->spikingformer_official.cpp:2409]   --->   Operation 55 'select' 'select_ln1573' <Predicate = (!icmp_ln1572)> <Delay = 0.38> <CoreInst = "Sel">   --->   Core 73 'Sel' <Latency = 0> <II = 1> <Delay = 0.38> <FuncUnit> <Opcode : 'select'> <InPorts = 3> <OutPorts = 1>
ST_2 : Operation 56 [1/1] (0.00ns)   --->   "%zext_ln1572 = zext i8 %select_ln1572_1" [spikingformer_official.cpp:1572->spikingformer_official.cpp:2409]   --->   Operation 56 'zext' 'zext_ln1572' <Predicate = (!icmp_ln1572)> <Delay = 0.00>
ST_2 : Operation 57 [3/3] (0.99ns) (grouped into DSP with root node add_ln1579_2)   --->   "%mul_ln1573 = mul i19 %zext_ln1572, i19 1156" [spikingformer_official.cpp:1573->spikingformer_official.cpp:2409]   --->   Operation 57 'mul' 'mul_ln1573' <Predicate = (!icmp_ln1572)> <Delay = 0.99> <CoreInst = "DSP48">   --->   Core 124 'DSP48' <Latency = 3> <II = 1> <Delay = 0.53> <IPBlock> <Opcode : 'add' 'sub' 'mul' 'select'> <InPorts = 0> <OutPorts = 1> <Sync> <CReg>
ST_2 : Operation 58 [1/1] (0.00ns)   --->   "%shl_ln = bitconcatenate i18 @_ssdm_op_BitConcatenate.i18.i8.i10, i8 %select_ln1572_1, i10 0" [spikingformer_official.cpp:1573->spikingformer_official.cpp:2409]   --->   Operation 58 'bitconcatenate' 'shl_ln' <Predicate = (!icmp_ln1572)> <Delay = 0.00>
ST_2 : Operation 59 [1/1] (0.00ns)   --->   "%zext_ln1573_1 = zext i18 %shl_ln" [spikingformer_official.cpp:1573->spikingformer_official.cpp:2409]   --->   Operation 59 'zext' 'zext_ln1573_1' <Predicate = (!icmp_ln1572)> <Delay = 0.00>
ST_2 : Operation 60 [1/1] (0.00ns)   --->   "%trunc_ln1579 = trunc i6 %select_ln1573" [spikingformer_official.cpp:1579->spikingformer_official.cpp:2409]   --->   Operation 60 'trunc' 'trunc_ln1579' <Predicate = (!icmp_ln1572)> <Delay = 0.00>
ST_2 : Operation 61 [1/1] (0.00ns)   --->   "%shl_ln1579_1 = bitconcatenate i10 @_ssdm_op_BitConcatenate.i10.i5.i5, i5 %trunc_ln1579, i5 0" [spikingformer_official.cpp:1579->spikingformer_official.cpp:2409]   --->   Operation 61 'bitconcatenate' 'shl_ln1579_1' <Predicate = (!icmp_ln1572)> <Delay = 0.00>
ST_2 : Operation 62 [1/1] (0.00ns)   --->   "%zext_ln1579_2 = zext i10 %shl_ln1579_1" [spikingformer_official.cpp:1579->spikingformer_official.cpp:2409]   --->   Operation 62 'zext' 'zext_ln1579_2' <Predicate = (!icmp_ln1572)> <Delay = 0.00>
ST_2 : Operation 63 [1/1] (0.00ns) (grouped into TernaryAdder)   --->   "%add_ln1579_6 = add i22 %zext_ln1579_2, i22 2934272" [spikingformer_official.cpp:1579->spikingformer_official.cpp:2409]   --->   Operation 63 'add' 'add_ln1579_6' <Predicate = (!icmp_ln1572)> <Delay = 0.00> <CoreInst = "TAddSub">   --->   Core 10 'TAddSub' <Latency = 0> <II = 1> <Delay = 0.35> <IPBlock> <Opcode : 'add' 'sub'> <InPorts = 3> <OutPorts = 1> <Sync> <CReg>
ST_2 : Operation 64 [1/1] (0.70ns) (root node of TernaryAdder)   --->   "%add_ln1579_7 = add i22 %add_ln1579_6, i22 %zext_ln1573_1" [spikingformer_official.cpp:1579->spikingformer_official.cpp:2409]   --->   Operation 64 'add' 'add_ln1579_7' <Predicate = (!icmp_ln1572)> <Delay = 0.70> <CoreInst = "TAddSub">   --->   Core 10 'TAddSub' <Latency = 0> <II = 1> <Delay = 0.35> <IPBlock> <Opcode : 'add' 'sub'> <InPorts = 3> <OutPorts = 1> <Sync> <CReg>
ST_2 : Operation 65 [1/1] (0.00ns)   --->   "%shl_ln1579_2 = bitconcatenate i24 @_ssdm_op_BitConcatenate.i24.i22.i2, i22 %add_ln1579_7, i2 0" [spikingformer_official.cpp:1579->spikingformer_official.cpp:2409]   --->   Operation 65 'bitconcatenate' 'shl_ln1579_2' <Predicate = (!icmp_ln1572)> <Delay = 0.00>
ST_2 : Operation 66 [1/1] (0.00ns)   --->   "%sext_ln1579_1 = sext i24 %shl_ln1579_2" [spikingformer_official.cpp:1579->spikingformer_official.cpp:2409]   --->   Operation 66 'sext' 'sext_ln1579_1' <Predicate = (!icmp_ln1572)> <Delay = 0.00>
ST_2 : Operation 67 [1/1] (0.00ns)   --->   "%zext_ln1579_5 = zext i25 %sext_ln1579_1" [spikingformer_official.cpp:1579->spikingformer_official.cpp:2409]   --->   Operation 67 'zext' 'zext_ln1579_5' <Predicate = (!icmp_ln1572)> <Delay = 0.00>
ST_2 : Operation 68 [1/1] (1.08ns)   --->   "%add_ln1579_3 = add i64 %zext_ln1579_5, i64 %v944_read" [spikingformer_official.cpp:1579->spikingformer_official.cpp:2409]   --->   Operation 68 'add' 'add_ln1579_3' <Predicate = (!icmp_ln1572)> <Delay = 1.08> <CoreInst = "Adder">   --->   Core 1 'Adder' <Latency = 0> <II = 1> <Delay = 1.08> <FuncUnit> <Opcode : 'add' 'sub'> <InPorts = 2> <OutPorts = 1>
ST_2 : Operation 69 [1/1] (0.00ns)   --->   "%trunc_ln = partselect i62 @_ssdm_op_PartSelect.i62.i64.i32.i32, i64 %add_ln1579_3, i32 2, i32 63" [spikingformer_official.cpp:1574->spikingformer_official.cpp:2409]   --->   Operation 69 'partselect' 'trunc_ln' <Predicate = (!icmp_ln1572)> <Delay = 0.00>
ST_2 : Operation 70 [1/1] (0.00ns)   --->   "%sext_ln1574 = sext i62 %trunc_ln" [spikingformer_official.cpp:1574->spikingformer_official.cpp:2409]   --->   Operation 70 'sext' 'sext_ln1574' <Predicate = (!icmp_ln1572)> <Delay = 0.00>
ST_2 : Operation 71 [1/1] (0.00ns)   --->   "%g0_addr = getelementptr i32 %g0, i64 %sext_ln1574" [spikingformer_official.cpp:1574->spikingformer_official.cpp:2409]   --->   Operation 71 'getelementptr' 'g0_addr' <Predicate = (!icmp_ln1572)> <Delay = 0.00>
ST_2 : Operation 72 [1/1] (0.00ns)   --->   "%br_ln1574 = br i1 %first_iter_68_mid2, void %for.inc.i598.split, void %new.body.VITIS_LOOP_1574_3.i" [spikingformer_official.cpp:1574->spikingformer_official.cpp:2409]   --->   Operation 72 'br' 'br_ln1574' <Predicate = (!icmp_ln1572)> <Delay = 0.00>
ST_2 : Operation 73 [1/1] (0.78ns)   --->   "%add_ln1579_8 = add i6 %v643_1, i6 1" [spikingformer_official.cpp:1579->spikingformer_official.cpp:2409]   --->   Operation 73 'add' 'add_ln1579_8' <Predicate = (!icmp_ln1572)> <Delay = 0.78> <CoreInst = "Adder">   --->   Core 1 'Adder' <Latency = 0> <II = 1> <Delay = 0.78> <FuncUnit> <Opcode : 'add' 'sub'> <InPorts = 2> <OutPorts = 1>
ST_2 : Operation 74 [1/1] (0.00ns) (grouped into LUT with out node select_ln1579)   --->   "%or_ln1579 = or i1 %and_ln1572, i1 %icmp_ln1573" [spikingformer_official.cpp:1579->spikingformer_official.cpp:2409]   --->   Operation 74 'or' 'or_ln1579' <Predicate = (!icmp_ln1572)> <Delay = 0.00> <CoreInst = "LogicGate">   --->   Core 74 'LogicGate' <Latency = 0> <II = 1> <Delay = 0.28> <FuncUnit> <Opcode : 'and' 'or' 'xor'> <InPorts = 2> <OutPorts = 1>
ST_2 : Operation 75 [1/1] (0.38ns) (out node of the LUT)   --->   "%select_ln1579 = select i1 %or_ln1579, i6 1, i6 %add_ln1579_8" [spikingformer_official.cpp:1579->spikingformer_official.cpp:2409]   --->   Operation 75 'select' 'select_ln1579' <Predicate = (!icmp_ln1572)> <Delay = 0.38> <CoreInst = "Sel">   --->   Core 73 'Sel' <Latency = 0> <II = 1> <Delay = 0.38> <FuncUnit> <Opcode : 'select'> <InPorts = 3> <OutPorts = 1>
ST_2 : Operation 76 [1/1] (0.78ns)   --->   "%icmp_ln1574_1 = icmp_eq  i6 %select_ln1579, i6 32" [spikingformer_official.cpp:1574->spikingformer_official.cpp:2409]   --->   Operation 76 'icmp' 'icmp_ln1574_1' <Predicate = (!icmp_ln1572)> <Delay = 0.78> <CoreInst = "Cmp">   --->   Core 9 'Cmp' <Latency = 0> <II = 1> <Delay = 0.78> <FuncUnit> <Opcode : 'seteq' 'setne' 'setle' 'setge' 'setlt' 'setgt'> <InPorts = 2> <OutPorts = 1>
ST_2 : Operation 77 [1/1] (0.00ns)   --->   "%br_ln1574 = br i1 %icmp_ln1574_1, void %new.latch.for.inc.i598.split, void %last.iter.for.inc.i598.split" [spikingformer_official.cpp:1574->spikingformer_official.cpp:2409]   --->   Operation 77 'br' 'br_ln1574' <Predicate = (!icmp_ln1572)> <Delay = 0.00>
ST_2 : Operation 78 [1/1] (0.80ns)   --->   "%add_ln1573 = add i12 %indvar_flatten13408_load, i12 1" [spikingformer_official.cpp:1573->spikingformer_official.cpp:2409]   --->   Operation 78 'add' 'add_ln1573' <Predicate = (!icmp_ln1572)> <Delay = 0.80> <CoreInst = "Adder">   --->   Core 1 'Adder' <Latency = 0> <II = 1> <Delay = 0.80> <FuncUnit> <Opcode : 'add' 'sub'> <InPorts = 2> <OutPorts = 1>
ST_2 : Operation 79 [1/1] (0.37ns)   --->   "%select_ln1573_1 = select i1 %icmp_ln1573, i12 1, i12 %add_ln1573" [spikingformer_official.cpp:1573->spikingformer_official.cpp:2409]   --->   Operation 79 'select' 'select_ln1573_1' <Predicate = (!icmp_ln1572)> <Delay = 0.37> <CoreInst = "Sel">   --->   Core 73 'Sel' <Latency = 0> <II = 1> <Delay = 0.37> <FuncUnit> <Opcode : 'select'> <InPorts = 3> <OutPorts = 1>
ST_2 : Operation 80 [1/1] (0.42ns)   --->   "%store_ln1572 = store i18 %add_ln1572_1, i18 %indvar_flatten13422" [spikingformer_official.cpp:1572->spikingformer_official.cpp:2409]   --->   Operation 80 'store' 'store_ln1572' <Predicate = (!icmp_ln1572)> <Delay = 0.42>
ST_2 : Operation 81 [1/1] (0.42ns)   --->   "%store_ln1572 = store i8 %select_ln1572_1, i8 %v641" [spikingformer_official.cpp:1572->spikingformer_official.cpp:2409]   --->   Operation 81 'store' 'store_ln1572' <Predicate = (!icmp_ln1572)> <Delay = 0.42>
ST_2 : Operation 82 [1/1] (0.42ns)   --->   "%store_ln1573 = store i12 %select_ln1573_1, i12 %indvar_flatten13408" [spikingformer_official.cpp:1573->spikingformer_official.cpp:2409]   --->   Operation 82 'store' 'store_ln1573' <Predicate = (!icmp_ln1572)> <Delay = 0.42>
ST_2 : Operation 83 [1/1] (0.42ns)   --->   "%store_ln1573 = store i6 %select_ln1573, i6 %v642" [spikingformer_official.cpp:1573->spikingformer_official.cpp:2409]   --->   Operation 83 'store' 'store_ln1573' <Predicate = (!icmp_ln1572)> <Delay = 0.42>
ST_2 : Operation 84 [1/1] (0.42ns)   --->   "%store_ln1574 = store i6 %select_ln1579, i6 %v643" [spikingformer_official.cpp:1574->spikingformer_official.cpp:2409]   --->   Operation 84 'store' 'store_ln1574' <Predicate = (!icmp_ln1572)> <Delay = 0.42>
ST_2 : Operation 85 [1/1] (0.00ns)   --->   "%br_ln1574 = br void %for.inc.i598" [spikingformer_official.cpp:1574->spikingformer_official.cpp:2409]   --->   Operation 85 'br' 'br_ln1574' <Predicate = (!icmp_ln1572)> <Delay = 0.00>

State 3 <SV = 2> <Delay = 0.99>
ST_3 : Operation 86 [2/3] (0.99ns) (grouped into DSP with root node add_ln1579_2)   --->   "%mul_ln1573 = mul i19 %zext_ln1572, i19 1156" [spikingformer_official.cpp:1573->spikingformer_official.cpp:2409]   --->   Operation 86 'mul' 'mul_ln1573' <Predicate = true> <Delay = 0.99> <CoreInst = "DSP48">   --->   Core 124 'DSP48' <Latency = 3> <II = 1> <Delay = 0.53> <IPBlock> <Opcode : 'add' 'sub' 'mul' 'select'> <InPorts = 0> <OutPorts = 1> <Sync> <CReg>
ST_3 : Operation 87 [8/8] (7.30ns)   --->   "%empty_107 = readreq i1 @_ssdm_op_ReadReq.m_axi.p1i32, i32 %g0_addr, i64 32" [spikingformer_official.cpp:1574->spikingformer_official.cpp:2409]   --->   Operation 87 'readreq' 'empty_107' <Predicate = (first_iter_68_mid2)> <Delay = 7.30> <CoreInst = "m_axi">   --->   Core 119 'm_axi' <Latency = 6> <II = 1> <Delay = 1.00> <Adapter> <Opcode : 'readrequnaligned' 'writerequnaligned' 'read' 'write' 'readreq' 'writereq' 'writeresp'>

State 4 <SV = 3> <Delay = 2.35>
ST_4 : Operation 88 [1/3] (0.00ns) (grouped into DSP with root node add_ln1579_2)   --->   "%mul_ln1573 = mul i19 %zext_ln1572, i19 1156" [spikingformer_official.cpp:1573->spikingformer_official.cpp:2409]   --->   Operation 88 'mul' 'mul_ln1573' <Predicate = true> <Delay = 0.00> <CoreInst = "DSP48">   --->   Core 124 'DSP48' <Latency = 3> <II = 1> <Delay = 0.53> <IPBlock> <Opcode : 'add' 'sub' 'mul' 'select'> <InPorts = 0> <OutPorts = 1> <Sync> <CReg>
ST_4 : Operation 89 [1/1] (0.00ns) (grouped into DSP with root node add_ln1579_2)   --->   "%zext_ln1573 = zext i19 %mul_ln1573" [spikingformer_official.cpp:1573->spikingformer_official.cpp:2409]   --->   Operation 89 'zext' 'zext_ln1573' <Predicate = true> <Delay = 0.00>
ST_4 : Operation 90 [1/1] (0.00ns)   --->   "%tmp = bitconcatenate i11 @_ssdm_op_BitConcatenate.i11.i6.i5, i6 %select_ln1573, i5 0" [spikingformer_official.cpp:1579->spikingformer_official.cpp:2409]   --->   Operation 90 'bitconcatenate' 'tmp' <Predicate = true> <Delay = 0.00>
ST_4 : Operation 91 [1/1] (0.00ns)   --->   "%zext_ln1579_1 = zext i11 %tmp" [spikingformer_official.cpp:1579->spikingformer_official.cpp:2409]   --->   Operation 91 'zext' 'zext_ln1579_1' <Predicate = true> <Delay = 0.00>
ST_4 : Operation 92 [1/1] (0.00ns)   --->   "%tmp_34 = bitconcatenate i7 @_ssdm_op_BitConcatenate.i7.i6.i1, i6 %select_ln1573, i1 0" [spikingformer_official.cpp:1579->spikingformer_official.cpp:2409]   --->   Operation 92 'bitconcatenate' 'tmp_34' <Predicate = true> <Delay = 0.00>
ST_4 : Operation 93 [1/1] (0.00ns)   --->   "%zext_ln1579_3 = zext i7 %tmp_34" [spikingformer_official.cpp:1579->spikingformer_official.cpp:2409]   --->   Operation 93 'zext' 'zext_ln1579_3' <Predicate = true> <Delay = 0.00>
ST_4 : Operation 94 [1/1] (0.79ns)   --->   "%add_ln1579_5 = add i12 %zext_ln1579_1, i12 %zext_ln1579_3" [spikingformer_official.cpp:1579->spikingformer_official.cpp:2409]   --->   Operation 94 'add' 'add_ln1579_5' <Predicate = true> <Delay = 0.79> <CoreInst = "Adder">   --->   Core 1 'Adder' <Latency = 0> <II = 1> <Delay = 0.79> <FuncUnit> <Opcode : 'add' 'sub'> <InPorts = 2> <OutPorts = 1>
ST_4 : Operation 95 [1/1] (0.00ns)   --->   "%zext_ln1579 = zext i12 %add_ln1579_5" [spikingformer_official.cpp:1579->spikingformer_official.cpp:2409]   --->   Operation 95 'zext' 'zext_ln1579' <Predicate = true> <Delay = 0.00>
ST_4 : Operation 96 [1/1] (0.91ns)   --->   "%add_ln1579 = add i22 %zext_ln1579, i22 2490403" [spikingformer_official.cpp:1579->spikingformer_official.cpp:2409]   --->   Operation 96 'add' 'add_ln1579' <Predicate = true> <Delay = 0.91> <CoreInst = "Adder">   --->   Core 1 'Adder' <Latency = 0> <II = 1> <Delay = 0.91> <FuncUnit> <Opcode : 'add' 'sub'> <InPorts = 2> <OutPorts = 1>
ST_4 : Operation 97 [2/2] (0.64ns) (root node of the DSP)   --->   "%add_ln1579_2 = add i22 %add_ln1579, i22 %zext_ln1573" [spikingformer_official.cpp:1579->spikingformer_official.cpp:2409]   --->   Operation 97 'add' 'add_ln1579_2' <Predicate = true> <Delay = 0.64> <CoreInst = "DSP48">   --->   Core 124 'DSP48' <Latency = 3> <II = 1> <Delay = 0.53> <IPBlock> <Opcode : 'add' 'sub' 'mul' 'select'> <InPorts = 0> <OutPorts = 1> <Sync> <CReg>
ST_4 : Operation 98 [7/8] (7.30ns)   --->   "%empty_107 = readreq i1 @_ssdm_op_ReadReq.m_axi.p1i32, i32 %g0_addr, i64 32" [spikingformer_official.cpp:1574->spikingformer_official.cpp:2409]   --->   Operation 98 'readreq' 'empty_107' <Predicate = (first_iter_68_mid2)> <Delay = 7.30> <CoreInst = "m_axi">   --->   Core 119 'm_axi' <Latency = 6> <II = 1> <Delay = 1.00> <Adapter> <Opcode : 'readrequnaligned' 'writerequnaligned' 'read' 'write' 'readreq' 'writereq' 'writeresp'>

State 5 <SV = 4> <Delay = 1.73>
ST_5 : Operation 99 [1/1] (0.00ns)   --->   "%specloopname_ln0 = specloopname void @_ssdm_op_SpecLoopName, void @VITIS_LOOP_1572_1_VITIS_LOOP_1573_2_VITIS_LOOP_1574_3_str"   --->   Operation 99 'specloopname' 'specloopname_ln0' <Predicate = true> <Delay = 0.00>
ST_5 : Operation 100 [1/1] (0.00ns)   --->   "%speclooptripcount_ln0 = speclooptripcount void @_ssdm_op_SpecLoopTripCount, i64 196608, i64 196608, i64 196608"   --->   Operation 100 'speclooptripcount' 'speclooptripcount_ln0' <Predicate = true> <Delay = 0.00>
ST_5 : Operation 101 [1/2] (0.64ns) (root node of the DSP)   --->   "%add_ln1579_2 = add i22 %add_ln1579, i22 %zext_ln1573" [spikingformer_official.cpp:1579->spikingformer_official.cpp:2409]   --->   Operation 101 'add' 'add_ln1579_2' <Predicate = true> <Delay = 0.64> <CoreInst = "DSP48">   --->   Core 124 'DSP48' <Latency = 3> <II = 1> <Delay = 0.53> <IPBlock> <Opcode : 'add' 'sub' 'mul' 'select'> <InPorts = 0> <OutPorts = 1> <Sync> <CReg>
ST_5 : Operation 102 [1/1] (0.00ns)   --->   "%shl_ln11 = bitconcatenate i24 @_ssdm_op_BitConcatenate.i24.i22.i2, i22 %add_ln1579_2, i2 0" [spikingformer_official.cpp:1579->spikingformer_official.cpp:2409]   --->   Operation 102 'bitconcatenate' 'shl_ln11' <Predicate = true> <Delay = 0.00>
ST_5 : Operation 103 [1/1] (0.00ns)   --->   "%sext_ln1579 = sext i24 %shl_ln11" [spikingformer_official.cpp:1579->spikingformer_official.cpp:2409]   --->   Operation 103 'sext' 'sext_ln1579' <Predicate = true> <Delay = 0.00>
ST_5 : Operation 104 [1/1] (0.00ns)   --->   "%zext_ln1579_4 = zext i25 %sext_ln1579" [spikingformer_official.cpp:1579->spikingformer_official.cpp:2409]   --->   Operation 104 'zext' 'zext_ln1579_4' <Predicate = true> <Delay = 0.00>
ST_5 : Operation 105 [1/1] (1.08ns)   --->   "%add_ln1579_1 = add i64 %zext_ln1579_4, i64 %v944_read" [spikingformer_official.cpp:1579->spikingformer_official.cpp:2409]   --->   Operation 105 'add' 'add_ln1579_1' <Predicate = true> <Delay = 1.08> <CoreInst = "Adder">   --->   Core 1 'Adder' <Latency = 0> <II = 1> <Delay = 1.08> <FuncUnit> <Opcode : 'add' 'sub'> <InPorts = 2> <OutPorts = 1>
ST_5 : Operation 106 [1/1] (0.00ns)   --->   "%trunc_ln1574_1 = partselect i62 @_ssdm_op_PartSelect.i62.i64.i32.i32, i64 %add_ln1579_1, i32 2, i32 63" [spikingformer_official.cpp:1574->spikingformer_official.cpp:2409]   --->   Operation 106 'partselect' 'trunc_ln1574_1' <Predicate = true> <Delay = 0.00>
ST_5 : Operation 107 [1/1] (0.00ns)   --->   "%sext_ln1574_1 = sext i62 %trunc_ln1574_1" [spikingformer_official.cpp:1574->spikingformer_official.cpp:2409]   --->   Operation 107 'sext' 'sext_ln1574_1' <Predicate = true> <Delay = 0.00>
ST_5 : Operation 108 [1/1] (0.00ns)   --->   "%g0_addr_127 = getelementptr i32 %g0, i64 %sext_ln1574_1" [spikingformer_official.cpp:1574->spikingformer_official.cpp:2409]   --->   Operation 108 'getelementptr' 'g0_addr_127' <Predicate = true> <Delay = 0.00>
ST_5 : Operation 109 [6/8] (7.30ns)   --->   "%empty_107 = readreq i1 @_ssdm_op_ReadReq.m_axi.p1i32, i32 %g0_addr, i64 32" [spikingformer_official.cpp:1574->spikingformer_official.cpp:2409]   --->   Operation 109 'readreq' 'empty_107' <Predicate = (first_iter_68_mid2)> <Delay = 7.30> <CoreInst = "m_axi">   --->   Core 119 'm_axi' <Latency = 6> <II = 1> <Delay = 1.00> <Adapter> <Opcode : 'readrequnaligned' 'writerequnaligned' 'read' 'write' 'readreq' 'writereq' 'writeresp'>

State 6 <SV = 5> <Delay = 7.30>
ST_6 : Operation 110 [5/8] (7.30ns)   --->   "%empty_107 = readreq i1 @_ssdm_op_ReadReq.m_axi.p1i32, i32 %g0_addr, i64 32" [spikingformer_official.cpp:1574->spikingformer_official.cpp:2409]   --->   Operation 110 'readreq' 'empty_107' <Predicate = (first_iter_68_mid2)> <Delay = 7.30> <CoreInst = "m_axi">   --->   Core 119 'm_axi' <Latency = 6> <II = 1> <Delay = 1.00> <Adapter> <Opcode : 'readrequnaligned' 'writerequnaligned' 'read' 'write' 'readreq' 'writereq' 'writeresp'>
ST_6 : Operation 111 [1/1] ( I:7.30ns O:7.30ns )   --->   "%empty_108 = writereq i1 @_ssdm_op_WriteReq.m_axi.p1i32, i32 %g0_addr_127, i64 32" [spikingformer_official.cpp:1574->spikingformer_official.cpp:2409]   --->   Operation 111 'writereq' 'empty_108' <Predicate = (first_iter_68_mid2)> <Delay = 7.30> <CoreInst = "m_axi">   --->   Core 119 'm_axi' <Latency = 9> <II = 1> <Delay = 1.00> <Adapter> <Opcode : 'readrequnaligned' 'writerequnaligned' 'read' 'write' 'readreq' 'writereq' 'writeresp'>

State 7 <SV = 6> <Delay = 0.00>
ST_7 : Operation 112 [4/8] (7.30ns)   --->   "%empty_107 = readreq i1 @_ssdm_op_ReadReq.m_axi.p1i32, i32 %g0_addr, i64 32" [spikingformer_official.cpp:1574->spikingformer_official.cpp:2409]   --->   Operation 112 'readreq' 'empty_107' <Predicate = (first_iter_68_mid2)> <Delay = 7.30> <CoreInst = "m_axi">   --->   Core 119 'm_axi' <Latency = 6> <II = 1> <Delay = 1.00> <Adapter> <Opcode : 'readrequnaligned' 'writerequnaligned' 'read' 'write' 'readreq' 'writereq' 'writeresp'>

State 8 <SV = 7> <Delay = 0.00>
ST_8 : Operation 113 [3/8] (7.30ns)   --->   "%empty_107 = readreq i1 @_ssdm_op_ReadReq.m_axi.p1i32, i32 %g0_addr, i64 32" [spikingformer_official.cpp:1574->spikingformer_official.cpp:2409]   --->   Operation 113 'readreq' 'empty_107' <Predicate = (first_iter_68_mid2)> <Delay = 7.30> <CoreInst = "m_axi">   --->   Core 119 'm_axi' <Latency = 6> <II = 1> <Delay = 1.00> <Adapter> <Opcode : 'readrequnaligned' 'writerequnaligned' 'read' 'write' 'readreq' 'writereq' 'writeresp'>

State 9 <SV = 8> <Delay = 0.00>
ST_9 : Operation 114 [2/8] (7.30ns)   --->   "%empty_107 = readreq i1 @_ssdm_op_ReadReq.m_axi.p1i32, i32 %g0_addr, i64 32" [spikingformer_official.cpp:1574->spikingformer_official.cpp:2409]   --->   Operation 114 'readreq' 'empty_107' <Predicate = (first_iter_68_mid2)> <Delay = 7.30> <CoreInst = "m_axi">   --->   Core 119 'm_axi' <Latency = 6> <II = 1> <Delay = 1.00> <Adapter> <Opcode : 'readrequnaligned' 'writerequnaligned' 'read' 'write' 'readreq' 'writereq' 'writeresp'>

State 10 <SV = 9> <Delay = 7.30>
ST_10 : Operation 115 [1/8] ( I:7.30ns O:7.30ns )   --->   "%empty_107 = readreq i1 @_ssdm_op_ReadReq.m_axi.p1i32, i32 %g0_addr, i64 32" [spikingformer_official.cpp:1574->spikingformer_official.cpp:2409]   --->   Operation 115 'readreq' 'empty_107' <Predicate = (first_iter_68_mid2)> <Delay = 7.30> <CoreInst = "m_axi">   --->   Core 119 'm_axi' <Latency = 6> <II = 1> <Delay = 1.00> <Adapter> <Opcode : 'readrequnaligned' 'writerequnaligned' 'read' 'write' 'readreq' 'writereq' 'writeresp'>
ST_10 : Operation 116 [1/1] (0.00ns)   --->   "%br_ln1574 = br void %for.inc.i598.split" [spikingformer_official.cpp:1574->spikingformer_official.cpp:2409]   --->   Operation 116 'br' 'br_ln1574' <Predicate = (first_iter_68_mid2)> <Delay = 0.00>

State 11 <SV = 10> <Delay = 7.30>
ST_11 : Operation 117 [1/1] ( I:7.30ns O:7.30ns )   --->   "%v644 = read i32 @_ssdm_op_Read.m_axi.i32.p1i32, i32 %g0_addr" [spikingformer_official.cpp:1578->spikingformer_official.cpp:2409]   --->   Operation 117 'read' 'v644' <Predicate = true> <Delay = 7.30> <CoreInst = "m_axi">   --->   Core 119 'm_axi' <Latency = 3> <II = 1> <Delay = 1.00> <Adapter> <Opcode : 'readrequnaligned' 'writerequnaligned' 'read' 'write' 'readreq' 'writereq' 'writeresp'>

State 12 <SV = 11> <Delay = 7.30>
ST_12 : Operation 118 [1/1] (0.00ns)   --->   "%specpipeline_ln1575 = specpipeline void @_ssdm_op_SpecPipeline, i32 1, i32 0, i32 0, i32 0, i32 4294967295, void @empty_35" [spikingformer_official.cpp:1575->spikingformer_official.cpp:2409]   --->   Operation 118 'specpipeline' 'specpipeline_ln1575' <Predicate = true> <Delay = 0.00>
ST_12 : Operation 119 [1/1] ( I:7.30ns O:7.30ns )   --->   "%write_ln1579 = write void @_ssdm_op_Write.m_axi.p1i32.i32, i32 %g0_addr_127, i32 %v644, i4 15" [spikingformer_official.cpp:1579->spikingformer_official.cpp:2409]   --->   Operation 119 'write' 'write_ln1579' <Predicate = true> <Delay = 7.30> <CoreInst = "m_axi">   --->   Core 119 'm_axi' <Latency = 5> <II = 1> <Delay = 1.00> <Adapter> <Opcode : 'readrequnaligned' 'writerequnaligned' 'read' 'write' 'readreq' 'writereq' 'writeresp'>

State 13 <SV = 12> <Delay = 0.00>
ST_13 : Operation 120 [5/5] (7.30ns)   --->   "%empty = writeresp i1 @_ssdm_op_WriteResp.m_axi.p1i32, i32 %g0_addr_127" [spikingformer_official.cpp:1573->spikingformer_official.cpp:2409]   --->   Operation 120 'writeresp' 'empty' <Predicate = (icmp_ln1574_1)> <Delay = 7.30> <CoreInst = "m_axi">   --->   Core 119 'm_axi' <Latency = 3> <II = 1> <Delay = 1.00> <Adapter> <Opcode : 'readrequnaligned' 'writerequnaligned' 'read' 'write' 'readreq' 'writereq' 'writeresp'>

State 14 <SV = 13> <Delay = 0.00>
ST_14 : Operation 121 [4/5] (7.30ns)   --->   "%empty = writeresp i1 @_ssdm_op_WriteResp.m_axi.p1i32, i32 %g0_addr_127" [spikingformer_official.cpp:1573->spikingformer_official.cpp:2409]   --->   Operation 121 'writeresp' 'empty' <Predicate = (icmp_ln1574_1)> <Delay = 7.30> <CoreInst = "m_axi">   --->   Core 119 'm_axi' <Latency = 3> <II = 1> <Delay = 1.00> <Adapter> <Opcode : 'readrequnaligned' 'writerequnaligned' 'read' 'write' 'readreq' 'writereq' 'writeresp'>

State 15 <SV = 14> <Delay = 0.00>
ST_15 : Operation 122 [3/5] (7.30ns)   --->   "%empty = writeresp i1 @_ssdm_op_WriteResp.m_axi.p1i32, i32 %g0_addr_127" [spikingformer_official.cpp:1573->spikingformer_official.cpp:2409]   --->   Operation 122 'writeresp' 'empty' <Predicate = (icmp_ln1574_1)> <Delay = 7.30> <CoreInst = "m_axi">   --->   Core 119 'm_axi' <Latency = 3> <II = 1> <Delay = 1.00> <Adapter> <Opcode : 'readrequnaligned' 'writerequnaligned' 'read' 'write' 'readreq' 'writereq' 'writeresp'>

State 16 <SV = 15> <Delay = 0.42>
ST_16 : Operation 123 [2/5] (7.30ns)   --->   "%empty = writeresp i1 @_ssdm_op_WriteResp.m_axi.p1i32, i32 %g0_addr_127" [spikingformer_official.cpp:1573->spikingformer_official.cpp:2409]   --->   Operation 123 'writeresp' 'empty' <Predicate = (icmp_ln1574_1)> <Delay = 7.30> <CoreInst = "m_axi">   --->   Core 119 'm_axi' <Latency = 3> <II = 1> <Delay = 1.00> <Adapter> <Opcode : 'readrequnaligned' 'writerequnaligned' 'read' 'write' 'readreq' 'writereq' 'writeresp'>
ST_16 : Operation 126 [1/1] (0.42ns)   --->   "%ret_ln0 = ret"   --->   Operation 126 'ret' 'ret_ln0' <Predicate = (icmp_ln1572)> <Delay = 0.42>

State 17 <SV = 16> <Delay = 7.30>
ST_17 : Operation 124 [1/5] ( I:7.30ns O:7.30ns )   --->   "%empty = writeresp i1 @_ssdm_op_WriteResp.m_axi.p1i32, i32 %g0_addr_127" [spikingformer_official.cpp:1573->spikingformer_official.cpp:2409]   --->   Operation 124 'writeresp' 'empty' <Predicate = (icmp_ln1574_1)> <Delay = 7.30> <CoreInst = "m_axi">   --->   Core 119 'm_axi' <Latency = 3> <II = 1> <Delay = 1.00> <Adapter> <Opcode : 'readrequnaligned' 'writerequnaligned' 'read' 'write' 'readreq' 'writereq' 'writeresp'>
ST_17 : Operation 125 [1/1] (0.00ns)   --->   "%br_ln1574 = br void %new.latch.for.inc.i598.split" [spikingformer_official.cpp:1574->spikingformer_official.cpp:2409]   --->   Operation 125 'br' 'br_ln1574' <Predicate = (icmp_ln1574_1)> <Delay = 0.00>


============================================================
+ Verbose Summary: Timing violations
============================================================
Target clock period: 10.000ns, clock uncertainty: 2.700ns.

 <State 1>: 0.427ns
The critical path consists of the following:
	'alloca' operation 18 bit ('indvar_flatten13422') [9]  (0.000 ns)
	'store' operation ('store_ln0') of constant 0 18 bit on local variable 'indvar_flatten13422' [15]  (0.427 ns)

 <State 2>: 4.146ns
The critical path consists of the following:
	'load' operation 12 bit ('indvar_flatten13408_load', spikingformer_official.cpp:1573->spikingformer_official.cpp:2409) on local variable 'indvar_flatten13408' [24]  (0.000 ns)
	'icmp' operation 1 bit ('icmp_ln1573', spikingformer_official.cpp:1573->spikingformer_official.cpp:2409) [36]  (0.809 ns)
	'select' operation 6 bit ('select_ln1572', spikingformer_official.cpp:1572->spikingformer_official.cpp:2409) [37]  (0.384 ns)
	'add' operation 6 bit ('add_ln1579_4', spikingformer_official.cpp:1579->spikingformer_official.cpp:2409) [43]  (0.781 ns)
	'select' operation 6 bit ('select_ln1573', spikingformer_official.cpp:1573->spikingformer_official.cpp:2409) [45]  (0.384 ns)
	'add' operation 22 bit ('add_ln1579_6', spikingformer_official.cpp:1579->spikingformer_official.cpp:2409) [66]  (0.000 ns)
	'add' operation 22 bit ('add_ln1579_7', spikingformer_official.cpp:1579->spikingformer_official.cpp:2409) [67]  (0.704 ns)
	'add' operation 64 bit ('add_ln1579_3', spikingformer_official.cpp:1579->spikingformer_official.cpp:2409) [71]  (1.085 ns)

 <State 3>: 0.996ns
The critical path consists of the following:
	'mul' operation 19 bit of DSP[58] ('mul_ln1573', spikingformer_official.cpp:1573->spikingformer_official.cpp:2409) [47]  (0.996 ns)

 <State 4>: 2.357ns
The critical path consists of the following:
	'add' operation 12 bit ('add_ln1579_5', spikingformer_official.cpp:1579->spikingformer_official.cpp:2409) [55]  (0.798 ns)
	'add' operation 22 bit ('add_ln1579', spikingformer_official.cpp:1579->spikingformer_official.cpp:2409) [57]  (0.914 ns)
	'add' operation 22 bit of DSP[58] ('add_ln1579_2', spikingformer_official.cpp:1579->spikingformer_official.cpp:2409) [58]  (0.645 ns)

 <State 5>: 1.730ns
The critical path consists of the following:
	'add' operation 22 bit of DSP[58] ('add_ln1579_2', spikingformer_official.cpp:1579->spikingformer_official.cpp:2409) [58]  (0.645 ns)
	'add' operation 64 bit ('add_ln1579_1', spikingformer_official.cpp:1579->spikingformer_official.cpp:2409) [62]  (1.085 ns)

 <State 6>: 7.300ns
The critical path consists of the following:
	bus request operation ('empty_108', spikingformer_official.cpp:1574->spikingformer_official.cpp:2409) on port 'g0' (spikingformer_official.cpp:1574->spikingformer_official.cpp:2409) [81]  (7.300 ns)

 <State 7>: 0.000ns
The critical path consists of the following:

 <State 8>: 0.000ns
The critical path consists of the following:

 <State 9>: 0.000ns
The critical path consists of the following:

 <State 10>: 7.300ns
The critical path consists of the following:
	bus request operation ('empty_107', spikingformer_official.cpp:1574->spikingformer_official.cpp:2409) on port 'g0' (spikingformer_official.cpp:1574->spikingformer_official.cpp:2409) [80]  (7.300 ns)

 <State 11>: 7.300ns
The critical path consists of the following:
	bus read operation ('v644', spikingformer_official.cpp:1578->spikingformer_official.cpp:2409) on port 'g0' (spikingformer_official.cpp:1578->spikingformer_official.cpp:2409) [85]  (7.300 ns)

 <State 12>: 7.300ns
The critical path consists of the following:
	bus write operation ('write_ln1579', spikingformer_official.cpp:1579->spikingformer_official.cpp:2409) on port 'g0' (spikingformer_official.cpp:1579->spikingformer_official.cpp:2409) [89]  (7.300 ns)

 <State 13>: 0.000ns
The critical path consists of the following:

 <State 14>: 0.000ns
The critical path consists of the following:

 <State 15>: 0.000ns
The critical path consists of the following:

 <State 16>: 0.427ns
The critical path consists of the following:

 <State 17>: 7.300ns
The critical path consists of the following:
	bus response operation ('empty', spikingformer_official.cpp:1573->spikingformer_official.cpp:2409) on port 'g0' (spikingformer_official.cpp:1573->spikingformer_official.cpp:2409) [93]  (7.300 ns)


============================================================
+ Verbose Summary: Binding
============================================================
N/A
* FSMD analyzer results:
  - Output states:
 - Input state : 
  - Chain level:
	State 1
	State 2
	State 3
	State 4
	State 5
	State 6
	State 7
	State 8
	State 9
	State 10
	State 11
	State 12
	State 13
	State 14
	State 15
	State 16
	State 17


============================================================
+ Verbose Summary: Datapath Resource usage 
============================================================
N/A
