

================================================================
== Vitis HLS Report for 'control_Pipeline_VITIS_LOOP_73_1_VITIS_LOOP_74_2'
================================================================
* Date:           Sun Jul 12 20:26:13 2026

* Version:        2025.2 (Build 6295257 on Nov 14 2025)
* Project:        spikingformer_proj
* Solution:       solution1 (Vivado IP Flow Target)
* Product family: zynquplus
* Target device:  xczu7ev-ffvc1156-2-e


================================================================
== Performance Estimates
================================================================
+ Timing: 
    * Summary: 
    +--------+----------+----------+------------+
    |  Clock |  Target  | Estimated| Uncertainty|
    +--------+----------+----------+------------+
    |ap_clk  |  10.00 ns|  7.300 ns|     2.70 ns|
    +--------+----------+----------+------------+

+ Latency: 
    * Summary: 
    +---------+---------+-----------+-----------+-----+-----+-------------------+
    |  Latency (cycles) |   Latency (absolute)  |  Interval |      Pipeline     |
    |   min   |   max   |    min    |    max    | min | max |        Type       |
    +---------+---------+-----------+-----------+-----+-----+-------------------+
    |     3851|     3851|  38.510 us|  38.510 us|    0|    0|  loop pipeline stp|
    +---------+---------+-----------+-----------+-----+-----+-------------------+

    + Detail: 
        * Instance: 
        N/A

        * Loop: 
        +-----------------------------------+---------+---------+----------+-----------+-----------+------+----------+
        |                                   |  Latency (cycles) | Iteration|  Initiation Interval  | Trip |          |
        |             Loop Name             |   min   |   max   |  Latency |  achieved |   target  | Count| Pipelined|
        +-----------------------------------+---------+---------+----------+-----------+-----------+------+----------+
        |- VITIS_LOOP_73_1_VITIS_LOOP_74_2  |     3849|     3849|        11|          1|          1|  3840|       yes|
        +-----------------------------------+---------+---------+----------+-----------+-----------+------+----------+

============================================================
+ Verbose Summary: Synthesis Manager
============================================================
InlineROM: 1
ExposeGlobal: 0
============================================================
+ Verbose Summary: CDFG Model
============================================================
IsTopModel: 0
ResetActiveHigh: 1
IsCombinational: 0
IsDatapathOnly: 0
HasWiredReturn: 1
HasMFsm: 2
HasVarLatency: 1
IsPipeline: 0
IsRtlPipelined: 0
IsInstanceOverlapped: 0
IsDontTouch: 0
HasImplIP: 0
IsGatedGlobalClock: 0

+ Individual pipeline summary: 
  * Pipeline-0: initiation interval (II) = 1, depth = 11


============================================================
+ Verbose Summary: Schedule
============================================================
* Number of FSM states : 11
* Pipeline : 1
  Pipeline-0 : II = 1, D = 11, States = { 1 2 3 4 5 6 7 8 9 10 11 }
* Dataflow Pipeline: 0

* FSM state transitions: 
1 --> 2 
2 --> 3 
3 --> 4 
4 --> 5 
5 --> 6 
6 --> 7 
7 --> 8 
8 --> 9 
9 --> 10 
10 --> 11 
11 --> 

* FSM state operations: 

State 1 <SV = 0> <Delay = 3.26>
ST_1 : Operation 14 [1/1] (0.00ns)   --->   "%v23 = alloca i32 1" [spikingformer_official.cpp:74->spikingformer_official.cpp:3142]   --->   Operation 14 'alloca' 'v23' <Predicate = true> <Delay = 0.00>
ST_1 : Operation 15 [1/1] (0.00ns)   --->   "%v22 = alloca i32 1" [spikingformer_official.cpp:73->spikingformer_official.cpp:3142]   --->   Operation 15 'alloca' 'v22' <Predicate = true> <Delay = 0.00>
ST_1 : Operation 16 [1/1] (0.00ns)   --->   "%indvar_flatten14918 = alloca i32 1"   --->   Operation 16 'alloca' 'indvar_flatten14918' <Predicate = true> <Delay = 0.00>
ST_1 : Operation 17 [1/1] (0.00ns)   --->   "%v946_read = read i64 @_ssdm_op_Read.ap_auto.i64, i64 %v946"   --->   Operation 17 'read' 'v946_read' <Predicate = true> <Delay = 0.00>
ST_1 : Operation 18 [1/1] (0.00ns)   --->   "%sext_ln2027_read = read i62 @_ssdm_op_Read.ap_auto.i62, i62 %sext_ln2027"   --->   Operation 18 'read' 'sext_ln2027_read' <Predicate = true> <Delay = 0.00>
ST_1 : Operation 19 [1/1] (0.00ns)   --->   "%sext_ln2027_cast = sext i62 %sext_ln2027_read"   --->   Operation 19 'sext' 'sext_ln2027_cast' <Predicate = true> <Delay = 0.00>
ST_1 : Operation 20 [1/1] (0.00ns)   --->   "%specstablecontent_ln0 = specstablecontent void @_ssdm_op_SpecStableContent, i32 %g0, i1 1, void "   --->   Operation 20 'specstablecontent' 'specstablecontent_ln0' <Predicate = true> <Delay = 0.00>
ST_1 : Operation 21 [1/1] (0.00ns)   --->   "%specinterface_ln0 = specinterface void @_ssdm_op_SpecInterface, i32 %g0, void @empty_26, i32 0, i32 0, void @empty_35, i32 0, i32 0, void @empty_22, void @empty_25, void @empty_35, i32 16, i32 16, i32 16, i32 16, void @empty_35, void @empty_35, i32 4294967295, i32 0, i32 0, i32 4"   --->   Operation 21 'specinterface' 'specinterface_ln0' <Predicate = true> <Delay = 0.00>
ST_1 : Operation 22 [1/1] (0.42ns)   --->   "%store_ln0 = store i12 0, i12 %indvar_flatten14918"   --->   Operation 22 'store' 'store_ln0' <Predicate = true> <Delay = 0.42>
ST_1 : Operation 23 [1/1] (0.42ns)   --->   "%store_ln73 = store i9 0, i9 %v22" [spikingformer_official.cpp:73->spikingformer_official.cpp:3142]   --->   Operation 23 'store' 'store_ln73' <Predicate = true> <Delay = 0.42>
ST_1 : Operation 24 [1/1] (0.42ns)   --->   "%store_ln74 = store i4 0, i4 %v23" [spikingformer_official.cpp:74->spikingformer_official.cpp:3142]   --->   Operation 24 'store' 'store_ln74' <Predicate = true> <Delay = 0.42>
ST_1 : Operation 25 [1/1] (0.00ns)   --->   "%br_ln0 = br void %for.inc.i1968"   --->   Operation 25 'br' 'br_ln0' <Predicate = true> <Delay = 0.00>
ST_1 : Operation 26 [1/1] (0.00ns)   --->   "%indvar_flatten14918_load = load i12 %indvar_flatten14918" [spikingformer_official.cpp:73->spikingformer_official.cpp:3142]   --->   Operation 26 'load' 'indvar_flatten14918_load' <Predicate = true> <Delay = 0.00>
ST_1 : Operation 27 [1/1] (0.00ns)   --->   "%specbitsmap_ln0 = specbitsmap void @_ssdm_op_SpecBitsMap, i32 %g0"   --->   Operation 27 'specbitsmap' 'specbitsmap_ln0' <Predicate = true> <Delay = 0.00>
ST_1 : Operation 28 [1/1] (0.80ns)   --->   "%icmp_ln73 = icmp_eq  i12 %indvar_flatten14918_load, i12 3840" [spikingformer_official.cpp:73->spikingformer_official.cpp:3142]   --->   Operation 28 'icmp' 'icmp_ln73' <Predicate = true> <Delay = 0.80> <CoreInst = "Cmp">   --->   Core 9 'Cmp' <Latency = 0> <II = 1> <Delay = 0.80> <FuncUnit> <Opcode : 'seteq' 'setne' 'setle' 'setge' 'setlt' 'setgt'> <InPorts = 2> <OutPorts = 1>
ST_1 : Operation 29 [1/1] (0.80ns)   --->   "%add_ln73_1 = add i12 %indvar_flatten14918_load, i12 1" [spikingformer_official.cpp:73->spikingformer_official.cpp:3142]   --->   Operation 29 'add' 'add_ln73_1' <Predicate = true> <Delay = 0.80> <CoreInst = "Adder">   --->   Core 1 'Adder' <Latency = 0> <II = 1> <Delay = 0.80> <FuncUnit> <Opcode : 'add' 'sub'> <InPorts = 2> <OutPorts = 1>
ST_1 : Operation 30 [1/1] (0.00ns)   --->   "%br_ln73 = br i1 %icmp_ln73, void %for.inc11.i, void %_Z7kernel3PA384_fPA10_f.exit.exitStub" [spikingformer_official.cpp:73->spikingformer_official.cpp:3142]   --->   Operation 30 'br' 'br_ln73' <Predicate = true> <Delay = 0.00>
ST_1 : Operation 31 [1/1] (0.00ns)   --->   "%v23_load = load i4 %v23" [spikingformer_official.cpp:74->spikingformer_official.cpp:3142]   --->   Operation 31 'load' 'v23_load' <Predicate = (!icmp_ln73)> <Delay = 0.00>
ST_1 : Operation 32 [1/1] (0.00ns)   --->   "%v22_load = load i9 %v22" [spikingformer_official.cpp:73->spikingformer_official.cpp:3142]   --->   Operation 32 'load' 'v22_load' <Predicate = (!icmp_ln73)> <Delay = 0.00>
ST_1 : Operation 33 [1/1] (0.77ns)   --->   "%add_ln73 = add i9 %v22_load, i9 1" [spikingformer_official.cpp:73->spikingformer_official.cpp:3142]   --->   Operation 33 'add' 'add_ln73' <Predicate = (!icmp_ln73)> <Delay = 0.77> <CoreInst = "Adder">   --->   Core 1 'Adder' <Latency = 0> <II = 1> <Delay = 0.77> <FuncUnit> <Opcode : 'add' 'sub'> <InPorts = 2> <OutPorts = 1>
ST_1 : Operation 34 [1/1] (0.79ns)   --->   "%icmp_ln74 = icmp_eq  i4 %v23_load, i4 10" [spikingformer_official.cpp:74->spikingformer_official.cpp:3142]   --->   Operation 34 'icmp' 'icmp_ln74' <Predicate = (!icmp_ln73)> <Delay = 0.79> <CoreInst = "Cmp">   --->   Core 9 'Cmp' <Latency = 0> <II = 1> <Delay = 0.79> <FuncUnit> <Opcode : 'seteq' 'setne' 'setle' 'setge' 'setlt' 'setgt'> <InPorts = 2> <OutPorts = 1>
ST_1 : Operation 35 [1/1] (0.39ns)   --->   "%select_ln73 = select i1 %icmp_ln74, i4 0, i4 %v23_load" [spikingformer_official.cpp:73->spikingformer_official.cpp:3142]   --->   Operation 35 'select' 'select_ln73' <Predicate = (!icmp_ln73)> <Delay = 0.39> <CoreInst = "Sel">   --->   Core 73 'Sel' <Latency = 0> <II = 1> <Delay = 0.39> <FuncUnit> <Opcode : 'select'> <InPorts = 3> <OutPorts = 1>
ST_1 : Operation 36 [1/1] (0.39ns)   --->   "%select_ln73_1 = select i1 %icmp_ln74, i9 %add_ln73, i9 %v22_load" [spikingformer_official.cpp:73->spikingformer_official.cpp:3142]   --->   Operation 36 'select' 'select_ln73_1' <Predicate = (!icmp_ln73)> <Delay = 0.39> <CoreInst = "Sel">   --->   Core 73 'Sel' <Latency = 0> <II = 1> <Delay = 0.39> <FuncUnit> <Opcode : 'select'> <InPorts = 3> <OutPorts = 1>
ST_1 : Operation 37 [1/1] (0.00ns)   --->   "%shl_ln = bitconcatenate i11 @_ssdm_op_BitConcatenate.i11.i9.i2, i9 %select_ln73_1, i2 0" [spikingformer_official.cpp:75->spikingformer_official.cpp:3142]   --->   Operation 37 'bitconcatenate' 'shl_ln' <Predicate = (!icmp_ln73)> <Delay = 0.00>
ST_1 : Operation 38 [1/1] (0.00ns)   --->   "%zext_ln74 = zext i11 %shl_ln" [spikingformer_official.cpp:74->spikingformer_official.cpp:3142]   --->   Operation 38 'zext' 'zext_ln74' <Predicate = (!icmp_ln73)> <Delay = 0.00>
ST_1 : Operation 39 [1/1] (0.00ns)   --->   "%trunc_ln75_1 = trunc i4 %select_ln73" [spikingformer_official.cpp:75->spikingformer_official.cpp:3142]   --->   Operation 39 'trunc' 'trunc_ln75_1' <Predicate = (!icmp_ln73)> <Delay = 0.00>
ST_1 : Operation 40 [1/1] (0.00ns)   --->   "%p_shl = bitconcatenate i14 @_ssdm_op_BitConcatenate.i14.i3.i11, i3 %trunc_ln75_1, i11 0" [spikingformer_official.cpp:75->spikingformer_official.cpp:3142]   --->   Operation 40 'bitconcatenate' 'p_shl' <Predicate = (!icmp_ln73)> <Delay = 0.00>
ST_1 : Operation 41 [1/1] (0.00ns)   --->   "%tmp = bitconcatenate i13 @_ssdm_op_BitConcatenate.i13.i4.i9, i4 %select_ln73, i9 0" [spikingformer_official.cpp:75->spikingformer_official.cpp:3142]   --->   Operation 41 'bitconcatenate' 'tmp' <Predicate = (!icmp_ln73)> <Delay = 0.00>
ST_1 : Operation 42 [1/1] (0.00ns)   --->   "%zext_ln75 = zext i13 %tmp" [spikingformer_official.cpp:75->spikingformer_official.cpp:3142]   --->   Operation 42 'zext' 'zext_ln75' <Predicate = (!icmp_ln73)> <Delay = 0.00>
ST_1 : Operation 43 [1/1] (0.83ns)   --->   "%sub_ln75 = sub i14 %p_shl, i14 %zext_ln75" [spikingformer_official.cpp:75->spikingformer_official.cpp:3142]   --->   Operation 43 'sub' 'sub_ln75' <Predicate = (!icmp_ln73)> <Delay = 0.83> <CoreInst = "Adder">   --->   Core 1 'Adder' <Latency = 0> <II = 1> <Delay = 0.83> <FuncUnit> <Opcode : 'add' 'sub'> <InPorts = 2> <OutPorts = 1>
ST_1 : Operation 44 [1/1] (0.00ns) (grouped into TernaryAdder)   --->   "%add_ln75 = add i64 %zext_ln74, i64 %v946_read" [spikingformer_official.cpp:75->spikingformer_official.cpp:3142]   --->   Operation 44 'add' 'add_ln75' <Predicate = (!icmp_ln73)> <Delay = 0.00> <CoreInst = "TAddSub">   --->   Core 10 'TAddSub' <Latency = 0> <II = 1> <Delay = 0.40> <IPBlock> <Opcode : 'add' 'sub'> <InPorts = 3> <OutPorts = 1> <Sync> <CReg>
ST_1 : Operation 45 [1/1] (0.00ns)   --->   "%zext_ln75_cast = bitconcatenate i26 @_ssdm_op_BitConcatenate.i26.i12.i14, i12 2823, i14 %sub_ln75" [spikingformer_official.cpp:75->spikingformer_official.cpp:3142]   --->   Operation 45 'bitconcatenate' 'zext_ln75_cast' <Predicate = (!icmp_ln73)> <Delay = 0.00>
ST_1 : Operation 46 [1/1] (0.00ns)   --->   "%zext_ln75_1 = zext i26 %zext_ln75_cast" [spikingformer_official.cpp:75->spikingformer_official.cpp:3142]   --->   Operation 46 'zext' 'zext_ln75_1' <Predicate = (!icmp_ln73)> <Delay = 0.00>
ST_1 : Operation 47 [1/1] (0.81ns) (root node of TernaryAdder)   --->   "%add_ln75_1 = add i64 %zext_ln75_1, i64 %add_ln75" [spikingformer_official.cpp:75->spikingformer_official.cpp:3142]   --->   Operation 47 'add' 'add_ln75_1' <Predicate = (!icmp_ln73)> <Delay = 0.81> <CoreInst = "TAddSub">   --->   Core 10 'TAddSub' <Latency = 0> <II = 1> <Delay = 0.40> <IPBlock> <Opcode : 'add' 'sub'> <InPorts = 3> <OutPorts = 1> <Sync> <CReg>
ST_1 : Operation 48 [1/1] (0.00ns)   --->   "%trunc_ln = partselect i62 @_ssdm_op_PartSelect.i62.i64.i32.i32, i64 %add_ln75_1, i32 2, i32 63" [spikingformer_official.cpp:75->spikingformer_official.cpp:3142]   --->   Operation 48 'partselect' 'trunc_ln' <Predicate = (!icmp_ln73)> <Delay = 0.00>
ST_1 : Operation 49 [1/1] (0.00ns)   --->   "%sext_ln75 = sext i62 %trunc_ln" [spikingformer_official.cpp:75->spikingformer_official.cpp:3142]   --->   Operation 49 'sext' 'sext_ln75' <Predicate = (!icmp_ln73)> <Delay = 0.00>
ST_1 : Operation 50 [1/1] (0.00ns)   --->   "%g0_addr_62 = getelementptr i32 %g0, i64 %sext_ln75" [spikingformer_official.cpp:75->spikingformer_official.cpp:3142]   --->   Operation 50 'getelementptr' 'g0_addr_62' <Predicate = (!icmp_ln73)> <Delay = 0.00>
ST_1 : Operation 51 [1/1] (0.79ns)   --->   "%add_ln74 = add i4 %select_ln73, i4 1" [spikingformer_official.cpp:74->spikingformer_official.cpp:3142]   --->   Operation 51 'add' 'add_ln74' <Predicate = (!icmp_ln73)> <Delay = 0.79> <CoreInst = "Adder">   --->   Core 1 'Adder' <Latency = 0> <II = 1> <Delay = 0.79> <FuncUnit> <Opcode : 'add' 'sub'> <InPorts = 2> <OutPorts = 1>
ST_1 : Operation 52 [1/1] (0.42ns)   --->   "%store_ln73 = store i12 %add_ln73_1, i12 %indvar_flatten14918" [spikingformer_official.cpp:73->spikingformer_official.cpp:3142]   --->   Operation 52 'store' 'store_ln73' <Predicate = (!icmp_ln73)> <Delay = 0.42>
ST_1 : Operation 53 [1/1] (0.42ns)   --->   "%store_ln73 = store i9 %select_ln73_1, i9 %v22" [spikingformer_official.cpp:73->spikingformer_official.cpp:3142]   --->   Operation 53 'store' 'store_ln73' <Predicate = (!icmp_ln73)> <Delay = 0.42>
ST_1 : Operation 54 [1/1] (0.42ns)   --->   "%store_ln74 = store i4 %add_ln74, i4 %v23" [spikingformer_official.cpp:74->spikingformer_official.cpp:3142]   --->   Operation 54 'store' 'store_ln74' <Predicate = (!icmp_ln73)> <Delay = 0.42>

State 2 <SV = 1> <Delay = 0.00>
ST_2 : Operation 55 [8/8] (7.30ns)   --->   "%v24_req = readreq i1 @_ssdm_op_ReadReq.m_axi.i32P1A, i32 %g0_addr_62, i64 1" [spikingformer_official.cpp:75->spikingformer_official.cpp:3142]   --->   Operation 55 'readreq' 'v24_req' <Predicate = true> <Delay = 7.30> <CoreInst = "m_axi">   --->   Core 119 'm_axi' <Latency = 6> <II = 1> <Delay = 1.00> <Adapter> <Opcode : 'readrequnaligned' 'writerequnaligned' 'read' 'write' 'readreq' 'writereq' 'writeresp'>

State 3 <SV = 2> <Delay = 0.00>
ST_3 : Operation 56 [7/8] (7.30ns)   --->   "%v24_req = readreq i1 @_ssdm_op_ReadReq.m_axi.i32P1A, i32 %g0_addr_62, i64 1" [spikingformer_official.cpp:75->spikingformer_official.cpp:3142]   --->   Operation 56 'readreq' 'v24_req' <Predicate = true> <Delay = 7.30> <CoreInst = "m_axi">   --->   Core 119 'm_axi' <Latency = 6> <II = 1> <Delay = 1.00> <Adapter> <Opcode : 'readrequnaligned' 'writerequnaligned' 'read' 'write' 'readreq' 'writereq' 'writeresp'>

State 4 <SV = 3> <Delay = 0.00>
ST_4 : Operation 57 [6/8] (7.30ns)   --->   "%v24_req = readreq i1 @_ssdm_op_ReadReq.m_axi.i32P1A, i32 %g0_addr_62, i64 1" [spikingformer_official.cpp:75->spikingformer_official.cpp:3142]   --->   Operation 57 'readreq' 'v24_req' <Predicate = true> <Delay = 7.30> <CoreInst = "m_axi">   --->   Core 119 'm_axi' <Latency = 6> <II = 1> <Delay = 1.00> <Adapter> <Opcode : 'readrequnaligned' 'writerequnaligned' 'read' 'write' 'readreq' 'writereq' 'writeresp'>

State 5 <SV = 4> <Delay = 0.00>
ST_5 : Operation 58 [5/8] (7.30ns)   --->   "%v24_req = readreq i1 @_ssdm_op_ReadReq.m_axi.i32P1A, i32 %g0_addr_62, i64 1" [spikingformer_official.cpp:75->spikingformer_official.cpp:3142]   --->   Operation 58 'readreq' 'v24_req' <Predicate = true> <Delay = 7.30> <CoreInst = "m_axi">   --->   Core 119 'm_axi' <Latency = 6> <II = 1> <Delay = 1.00> <Adapter> <Opcode : 'readrequnaligned' 'writerequnaligned' 'read' 'write' 'readreq' 'writereq' 'writeresp'>

State 6 <SV = 5> <Delay = 0.00>
ST_6 : Operation 59 [4/8] (7.30ns)   --->   "%v24_req = readreq i1 @_ssdm_op_ReadReq.m_axi.i32P1A, i32 %g0_addr_62, i64 1" [spikingformer_official.cpp:75->spikingformer_official.cpp:3142]   --->   Operation 59 'readreq' 'v24_req' <Predicate = true> <Delay = 7.30> <CoreInst = "m_axi">   --->   Core 119 'm_axi' <Latency = 6> <II = 1> <Delay = 1.00> <Adapter> <Opcode : 'readrequnaligned' 'writerequnaligned' 'read' 'write' 'readreq' 'writereq' 'writeresp'>

State 7 <SV = 6> <Delay = 0.00>
ST_7 : Operation 60 [3/8] (7.30ns)   --->   "%v24_req = readreq i1 @_ssdm_op_ReadReq.m_axi.i32P1A, i32 %g0_addr_62, i64 1" [spikingformer_official.cpp:75->spikingformer_official.cpp:3142]   --->   Operation 60 'readreq' 'v24_req' <Predicate = true> <Delay = 7.30> <CoreInst = "m_axi">   --->   Core 119 'm_axi' <Latency = 6> <II = 1> <Delay = 1.00> <Adapter> <Opcode : 'readrequnaligned' 'writerequnaligned' 'read' 'write' 'readreq' 'writereq' 'writeresp'>

State 8 <SV = 7> <Delay = 0.00>
ST_8 : Operation 61 [2/8] (7.30ns)   --->   "%v24_req = readreq i1 @_ssdm_op_ReadReq.m_axi.i32P1A, i32 %g0_addr_62, i64 1" [spikingformer_official.cpp:75->spikingformer_official.cpp:3142]   --->   Operation 61 'readreq' 'v24_req' <Predicate = true> <Delay = 7.30> <CoreInst = "m_axi">   --->   Core 119 'm_axi' <Latency = 6> <II = 1> <Delay = 1.00> <Adapter> <Opcode : 'readrequnaligned' 'writerequnaligned' 'read' 'write' 'readreq' 'writereq' 'writeresp'>

State 9 <SV = 8> <Delay = 7.30>
ST_9 : Operation 62 [1/8] ( I:7.30ns O:7.30ns )   --->   "%v24_req = readreq i1 @_ssdm_op_ReadReq.m_axi.i32P1A, i32 %g0_addr_62, i64 1" [spikingformer_official.cpp:75->spikingformer_official.cpp:3142]   --->   Operation 62 'readreq' 'v24_req' <Predicate = true> <Delay = 7.30> <CoreInst = "m_axi">   --->   Core 119 'm_axi' <Latency = 6> <II = 1> <Delay = 1.00> <Adapter> <Opcode : 'readrequnaligned' 'writerequnaligned' 'read' 'write' 'readreq' 'writereq' 'writeresp'>

State 10 <SV = 9> <Delay = 7.30>
ST_10 : Operation 63 [1/1] ( I:7.30ns O:7.30ns )   --->   "%v24 = read i32 @_ssdm_op_Read.m_axi.i32P1A, i32 %g0_addr_62" [spikingformer_official.cpp:75->spikingformer_official.cpp:3142]   --->   Operation 63 'read' 'v24' <Predicate = true> <Delay = 7.30> <CoreInst = "m_axi">   --->   Core 119 'm_axi' <Latency = 3> <II = 1> <Delay = 1.00> <Adapter> <Opcode : 'readrequnaligned' 'writerequnaligned' 'read' 'write' 'readreq' 'writereq' 'writeresp'>
ST_10 : Operation 70 [1/1] (0.42ns)   --->   "%ret_ln0 = ret"   --->   Operation 70 'ret' 'ret_ln0' <Predicate = (icmp_ln73)> <Delay = 0.42>

State 11 <SV = 10> <Delay = 7.30>
ST_11 : Operation 64 [1/1] (0.00ns)   --->   "%g0_addr = getelementptr i32 %g0, i64 %sext_ln2027_cast" [spikingformer_official.cpp:2027->spikingformer_official.cpp:2357]   --->   Operation 64 'getelementptr' 'g0_addr' <Predicate = true> <Delay = 0.00>
ST_11 : Operation 65 [1/1] (0.00ns)   --->   "%specloopname_ln0 = specloopname void @_ssdm_op_SpecLoopName, void @VITIS_LOOP_73_1_VITIS_LOOP_74_2_str"   --->   Operation 65 'specloopname' 'specloopname_ln0' <Predicate = true> <Delay = 0.00>
ST_11 : Operation 66 [1/1] (0.00ns)   --->   "%speclooptripcount_ln0 = speclooptripcount void @_ssdm_op_SpecLoopTripCount, i64 3840, i64 3840, i64 3840"   --->   Operation 66 'speclooptripcount' 'speclooptripcount_ln0' <Predicate = true> <Delay = 0.00>
ST_11 : Operation 67 [1/1] (0.00ns)   --->   "%specpipeline_ln74 = specpipeline void @_ssdm_op_SpecPipeline, i32 4294967295, i32 0, i32 0, i32 0, i32 4294967295, void @empty_35" [spikingformer_official.cpp:74->spikingformer_official.cpp:3142]   --->   Operation 67 'specpipeline' 'specpipeline_ln74' <Predicate = true> <Delay = 0.00>
ST_11 : Operation 68 [1/1] ( I:7.30ns O:7.30ns )   --->   "%write_ln76 = write void @_ssdm_op_Write.m_axi.p1i32.i32, i32 %g0_addr, i32 %v24, i4 15" [spikingformer_official.cpp:76->spikingformer_official.cpp:3142]   --->   Operation 68 'write' 'write_ln76' <Predicate = true> <Delay = 7.30> <CoreInst = "m_axi">   --->   Core 119 'm_axi' <Latency = 5> <II = 1> <Delay = 1.00> <Adapter> <Opcode : 'readrequnaligned' 'writerequnaligned' 'read' 'write' 'readreq' 'writereq' 'writeresp'>
ST_11 : Operation 69 [1/1] (0.00ns)   --->   "%br_ln74 = br void %for.inc.i1968" [spikingformer_official.cpp:74->spikingformer_official.cpp:3142]   --->   Operation 69 'br' 'br_ln74' <Predicate = true> <Delay = 0.00>


============================================================
+ Verbose Summary: Binding
============================================================
STG Binding: 
---------------- STG Properties BEGIN ----------------
- Is combinational: 0
- Is one-state seq: 0
- Is datapath-only: 0
- Is pipelined: 0
- Is top level: 0
Port [ Return ] is wired: 1; IO mode=ap_ctrl_hs:ce=0
Port [ g0]:  wired=1; compound=1; hidden=0; nouse=0; global=0; static=0; extern=0; dir=2; type=4; pingpong=0; private_global=0; IO mode=m_axi:ce=0
Port [ sext_ln2027]:  wired=1; compound=0; hidden=0; nouse=0; global=0; static=0; extern=0; dir=0; type=0; pingpong=0; private_global=0; IO mode=ap_none:ce=0
Port [ v946]:  wired=1; compound=0; hidden=0; nouse=0; global=0; static=0; extern=0; dir=0; type=0; pingpong=0; private_global=0; IO mode=ap_none:ce=0
---------------- STG Properties END ------------------

---------------- Datapath Model BEGIN ----------------

<LifeTime>
<method=bitvector/>
v23                      (alloca           ) [ 010000000000]
v22                      (alloca           ) [ 010000000000]
indvar_flatten14918      (alloca           ) [ 010000000000]
v946_read                (read             ) [ 000000000000]
sext_ln2027_read         (read             ) [ 000000000000]
sext_ln2027_cast         (sext             ) [ 011111111111]
specstablecontent_ln0    (specstablecontent) [ 000000000000]
specinterface_ln0        (specinterface    ) [ 000000000000]
store_ln0                (store            ) [ 000000000000]
store_ln73               (store            ) [ 000000000000]
store_ln74               (store            ) [ 000000000000]
br_ln0                   (br               ) [ 000000000000]
indvar_flatten14918_load (load             ) [ 000000000000]
specbitsmap_ln0          (specbitsmap      ) [ 000000000000]
icmp_ln73                (icmp             ) [ 011111111110]
add_ln73_1               (add              ) [ 000000000000]
br_ln73                  (br               ) [ 000000000000]
v23_load                 (load             ) [ 000000000000]
v22_load                 (load             ) [ 000000000000]
add_ln73                 (add              ) [ 000000000000]
icmp_ln74                (icmp             ) [ 000000000000]
select_ln73              (select           ) [ 000000000000]
select_ln73_1            (select           ) [ 000000000000]
shl_ln                   (bitconcatenate   ) [ 000000000000]
zext_ln74                (zext             ) [ 000000000000]
trunc_ln75_1             (trunc            ) [ 000000000000]
p_shl                    (bitconcatenate   ) [ 000000000000]
tmp                      (bitconcatenate   ) [ 000000000000]
zext_ln75                (zext             ) [ 000000000000]
sub_ln75                 (sub              ) [ 000000000000]
add_ln75                 (add              ) [ 000000000000]
zext_ln75_cast           (bitconcatenate   ) [ 000000000000]
zext_ln75_1              (zext             ) [ 000000000000]
add_ln75_1               (add              ) [ 000000000000]
trunc_ln                 (partselect       ) [ 000000000000]
sext_ln75                (sext             ) [ 000000000000]
g0_addr_62               (getelementptr    ) [ 011111111110]
add_ln74                 (add              ) [ 000000000000]
store_ln73               (store            ) [ 000000000000]
store_ln73               (store            ) [ 000000000000]
store_ln74               (store            ) [ 000000000000]
v24_req                  (readreq          ) [ 000000000000]
v24                      (read             ) [ 010000000001]
g0_addr                  (getelementptr    ) [ 000000000000]
specloopname_ln0         (specloopname     ) [ 000000000000]
speclooptripcount_ln0    (speclooptripcount) [ 000000000000]
specpipeline_ln74        (specpipeline     ) [ 000000000000]
write_ln76               (write            ) [ 000000000000]
br_ln74                  (br               ) [ 000000000000]
ret_ln0                  (ret              ) [ 000000000000]
</LifeTime>

<model>

<comp_list>
<comp id="0" class="1000" name="g0">
<pin_list>
<pin id="1" dir="1" index="0" bw="1" slack="0"/>
</pin_list>
<bind>
<StgValue><ssdm name="g0"/><MemPortTyVec>2 </MemPortTyVec>
</StgValue>
</bind>
</comp>

<comp id="2" class="1000" name="sext_ln2027">
<pin_list>
<pin id="3" dir="1" index="0" bw="1" slack="0"/>
</pin_list>
<bind>
<StgValue><ssdm name="sext_ln2027"/></StgValue>
</bind>
</comp>

<comp id="4" class="1000" name="v946">
<pin_list>
<pin id="5" dir="1" index="0" bw="1" slack="0"/>
</pin_list>
<bind>
<StgValue><ssdm name="v946"/></StgValue>
</bind>
</comp>

<comp id="6" class="1001" name="const_6">
<pin_list>
<pin id="7" dir="1" index="0" bw="1" slack="0"/>
</pin_list>
<bind>
<StgValue><ssdm name=""/></StgValue>
</bind>
</comp>

<comp id="8" class="1001" name="const_8">
<pin_list>
<pin id="9" dir="1" index="0" bw="1" slack="0"/>
</pin_list>
<bind>
<StgValue><ssdm name="_ssdm_op_Read.ap_auto.i64"/></StgValue>
</bind>
</comp>

<comp id="10" class="1001" name="const_10">
<pin_list>
<pin id="11" dir="1" index="0" bw="1" slack="0"/>
</pin_list>
<bind>
<StgValue><ssdm name="_ssdm_op_Read.ap_auto.i62"/></StgValue>
</bind>
</comp>

<comp id="12" class="1001" name="const_12">
<pin_list>
<pin id="13" dir="1" index="0" bw="1" slack="2147483647"/>
</pin_list>
<bind>
<StgValue><ssdm name="_ssdm_op_SpecStableContent"/></StgValue>
</bind>
</comp>

<comp id="14" class="1001" name="const_14">
<pin_list>
<pin id="15" dir="1" index="0" bw="1" slack="2147483647"/>
</pin_list>
<bind>
<StgValue><ssdm name=""/></StgValue>
</bind>
</comp>

<comp id="16" class="1001" name="const_16">
<pin_list>
<pin id="17" dir="1" index="0" bw="1" slack="2147483647"/>
</pin_list>
<bind>
<StgValue><ssdm name=""/></StgValue>
</bind>
</comp>

<comp id="18" class="1001" name="const_18">
<pin_list>
<pin id="19" dir="1" index="0" bw="1" slack="2147483647"/>
</pin_list>
<bind>
<StgValue><ssdm name="_ssdm_op_SpecInterface"/></StgValue>
</bind>
</comp>

<comp id="20" class="1001" name="const_20">
<pin_list>
<pin id="21" dir="1" index="0" bw="1" slack="2147483647"/>
</pin_list>
<bind>
<StgValue><ssdm name="empty_26"/></StgValue>
</bind>
</comp>

<comp id="22" class="1001" name="const_22">
<pin_list>
<pin id="23" dir="1" index="0" bw="1" slack="2147483647"/>
</pin_list>
<bind>
<StgValue><ssdm name=""/></StgValue>
</bind>
</comp>

<comp id="24" class="1001" name="const_24">
<pin_list>
<pin id="25" dir="1" index="0" bw="1" slack="2147483647"/>
</pin_list>
<bind>
<StgValue><ssdm name="empty_35"/></StgValue>
</bind>
</comp>

<comp id="26" class="1001" name="const_26">
<pin_list>
<pin id="27" dir="1" index="0" bw="1" slack="2147483647"/>
</pin_list>
<bind>
<StgValue><ssdm name="empty_22"/></StgValue>
</bind>
</comp>

<comp id="28" class="1001" name="const_28">
<pin_list>
<pin id="29" dir="1" index="0" bw="1" slack="2147483647"/>
</pin_list>
<bind>
<StgValue><ssdm name="empty_25"/></StgValue>
</bind>
</comp>

<comp id="30" class="1001" name="const_30">
<pin_list>
<pin id="31" dir="1" index="0" bw="1" slack="2147483647"/>
</pin_list>
<bind>
<StgValue><ssdm name=""/></StgValue>
</bind>
</comp>

<comp id="32" class="1001" name="const_32">
<pin_list>
<pin id="33" dir="1" index="0" bw="1" slack="2147483647"/>
</pin_list>
<bind>
<StgValue><ssdm name=""/></StgValue>
</bind>
</comp>

<comp id="34" class="1001" name="const_34">
<pin_list>
<pin id="35" dir="1" index="0" bw="1" slack="2147483647"/>
</pin_list>
<bind>
<StgValue><ssdm name=""/></StgValue>
</bind>
</comp>

<comp id="36" class="1001" name="const_36">
<pin_list>
<pin id="37" dir="1" index="0" bw="1" slack="0"/>
</pin_list>
<bind>
<StgValue><ssdm name=""/></StgValue>
</bind>
</comp>

<comp id="38" class="1001" name="const_38">
<pin_list>
<pin id="39" dir="1" index="0" bw="1" slack="0"/>
</pin_list>
<bind>
<StgValue><ssdm name=""/></StgValue>
</bind>
</comp>

<comp id="40" class="1001" name="const_40">
<pin_list>
<pin id="41" dir="1" index="0" bw="1" slack="0"/>
</pin_list>
<bind>
<StgValue><ssdm name=""/></StgValue>
</bind>
</comp>

<comp id="42" class="1001" name="const_42">
<pin_list>
<pin id="43" dir="1" index="0" bw="1" slack="2147483647"/>
</pin_list>
<bind>
<StgValue><ssdm name="_ssdm_op_SpecBitsMap"/></StgValue>
</bind>
</comp>

<comp id="44" class="1001" name="const_44">
<pin_list>
<pin id="45" dir="1" index="0" bw="1" slack="0"/>
</pin_list>
<bind>
<StgValue><ssdm name=""/></StgValue>
</bind>
</comp>

<comp id="46" class="1001" name="const_46">
<pin_list>
<pin id="47" dir="1" index="0" bw="1" slack="0"/>
</pin_list>
<bind>
<StgValue><ssdm name=""/></StgValue>
</bind>
</comp>

<comp id="48" class="1001" name="const_48">
<pin_list>
<pin id="49" dir="1" index="0" bw="1" slack="0"/>
</pin_list>
<bind>
<StgValue><ssdm name=""/></StgValue>
</bind>
</comp>

<comp id="50" class="1001" name="const_50">
<pin_list>
<pin id="51" dir="1" index="0" bw="1" slack="0"/>
</pin_list>
<bind>
<StgValue><ssdm name=""/></StgValue>
</bind>
</comp>

<comp id="52" class="1001" name="const_52">
<pin_list>
<pin id="53" dir="1" index="0" bw="1" slack="0"/>
</pin_list>
<bind>
<StgValue><ssdm name="_ssdm_op_BitConcatenate.i11.i9.i2"/></StgValue>
</bind>
</comp>

<comp id="54" class="1001" name="const_54">
<pin_list>
<pin id="55" dir="1" index="0" bw="1" slack="0"/>
</pin_list>
<bind>
<StgValue><ssdm name=""/></StgValue>
</bind>
</comp>

<comp id="56" class="1001" name="const_56">
<pin_list>
<pin id="57" dir="1" index="0" bw="1" slack="0"/>
</pin_list>
<bind>
<StgValue><ssdm name="_ssdm_op_BitConcatenate.i14.i3.i11"/></StgValue>
</bind>
</comp>

<comp id="58" class="1001" name="const_58">
<pin_list>
<pin id="59" dir="1" index="0" bw="1" slack="0"/>
</pin_list>
<bind>
<StgValue><ssdm name=""/></StgValue>
</bind>
</comp>

<comp id="60" class="1001" name="const_60">
<pin_list>
<pin id="61" dir="1" index="0" bw="1" slack="0"/>
</pin_list>
<bind>
<StgValue><ssdm name="_ssdm_op_BitConcatenate.i13.i4.i9"/></StgValue>
</bind>
</comp>

<comp id="62" class="1001" name="const_62">
<pin_list>
<pin id="63" dir="1" index="0" bw="1" slack="0"/>
</pin_list>
<bind>
<StgValue><ssdm name="_ssdm_op_BitConcatenate.i26.i12.i14"/></StgValue>
</bind>
</comp>

<comp id="64" class="1001" name="const_64">
<pin_list>
<pin id="65" dir="1" index="0" bw="1" slack="0"/>
</pin_list>
<bind>
<StgValue><ssdm name=""/></StgValue>
</bind>
</comp>

<comp id="66" class="1001" name="const_66">
<pin_list>
<pin id="67" dir="1" index="0" bw="1" slack="0"/>
</pin_list>
<bind>
<StgValue><ssdm name="_ssdm_op_PartSelect.i62.i64.i32.i32"/></StgValue>
</bind>
</comp>

<comp id="68" class="1001" name="const_68">
<pin_list>
<pin id="69" dir="1" index="0" bw="1" slack="0"/>
</pin_list>
<bind>
<StgValue><ssdm name=""/></StgValue>
</bind>
</comp>

<comp id="70" class="1001" name="const_70">
<pin_list>
<pin id="71" dir="1" index="0" bw="1" slack="0"/>
</pin_list>
<bind>
<StgValue><ssdm name=""/></StgValue>
</bind>
</comp>

<comp id="72" class="1001" name="const_72">
<pin_list>
<pin id="73" dir="1" index="0" bw="1" slack="0"/>
</pin_list>
<bind>
<StgValue><ssdm name=""/></StgValue>
</bind>
</comp>

<comp id="74" class="1001" name="const_74">
<pin_list>
<pin id="75" dir="1" index="0" bw="1" slack="0"/>
</pin_list>
<bind>
<StgValue><ssdm name="_ssdm_op_ReadReq.m_axi.i32P1A"/></StgValue>
</bind>
</comp>

<comp id="76" class="1001" name="const_76">
<pin_list>
<pin id="77" dir="1" index="0" bw="1" slack="0"/>
</pin_list>
<bind>
<StgValue><ssdm name=""/></StgValue>
</bind>
</comp>

<comp id="78" class="1001" name="const_78">
<pin_list>
<pin id="79" dir="1" index="0" bw="1" slack="0"/>
</pin_list>
<bind>
<StgValue><ssdm name="_ssdm_op_Read.m_axi.i32P1A"/></StgValue>
</bind>
</comp>

<comp id="80" class="1001" name="const_80">
<pin_list>
<pin id="81" dir="1" index="0" bw="1" slack="2147483647"/>
</pin_list>
<bind>
<StgValue><ssdm name="_ssdm_op_SpecLoopName"/></StgValue>
</bind>
</comp>

<comp id="82" class="1001" name="const_82">
<pin_list>
<pin id="83" dir="1" index="0" bw="1" slack="2147483647"/>
</pin_list>
<bind>
<StgValue><ssdm name="VITIS_LOOP_73_1_VITIS_LOOP_74_2_str"/></StgValue>
</bind>
</comp>

<comp id="84" class="1001" name="const_84">
<pin_list>
<pin id="85" dir="1" index="0" bw="1" slack="2147483647"/>
</pin_list>
<bind>
<StgValue><ssdm name="_ssdm_op_SpecLoopTripCount"/></StgValue>
</bind>
</comp>

<comp id="86" class="1001" name="const_86">
<pin_list>
<pin id="87" dir="1" index="0" bw="1" slack="2147483647"/>
</pin_list>
<bind>
<StgValue><ssdm name=""/></StgValue>
</bind>
</comp>

<comp id="88" class="1001" name="const_88">
<pin_list>
<pin id="89" dir="1" index="0" bw="1" slack="2147483647"/>
</pin_list>
<bind>
<StgValue><ssdm name="_ssdm_op_SpecPipeline"/></StgValue>
</bind>
</comp>

<comp id="90" class="1001" name="const_90">
<pin_list>
<pin id="91" dir="1" index="0" bw="1" slack="0"/>
</pin_list>
<bind>
<StgValue><ssdm name="_ssdm_op_Write.m_axi.p1i32.i32"/></StgValue>
</bind>
</comp>

<comp id="92" class="1001" name="const_92">
<pin_list>
<pin id="93" dir="1" index="0" bw="1" slack="0"/>
</pin_list>
<bind>
<StgValue><ssdm name=""/></StgValue>
</bind>
</comp>

<comp id="94" class="1004" name="v23_fu_94">
<pin_list>
<pin id="95" dir="0" index="0" bw="1" slack="0"/>
<pin id="96" dir="1" index="1" bw="4" slack="0"/>
</pin_list>
<bind>
<opcode="alloca(26) " fcode="alloca"/>
<opset="v23/1 "/>
</bind>
</comp>

<comp id="98" class="1004" name="v22_fu_98">
<pin_list>
<pin id="99" dir="0" index="0" bw="1" slack="0"/>
<pin id="100" dir="1" index="1" bw="9" slack="0"/>
</pin_list>
<bind>
<opcode="alloca(26) " fcode="alloca"/>
<opset="v22/1 "/>
</bind>
</comp>

<comp id="102" class="1004" name="indvar_flatten14918_fu_102">
<pin_list>
<pin id="103" dir="0" index="0" bw="1" slack="0"/>
<pin id="104" dir="1" index="1" bw="12" slack="0"/>
</pin_list>
<bind>
<opcode="alloca(26) " fcode="alloca"/>
<opset="indvar_flatten14918/1 "/>
</bind>
</comp>

<comp id="106" class="1004" name="v946_read_read_fu_106">
<pin_list>
<pin id="107" dir="0" index="0" bw="64" slack="0"/>
<pin id="108" dir="0" index="1" bw="64" slack="0"/>
<pin id="109" dir="1" index="2" bw="64" slack="0"/>
</pin_list>
<bind>
<opcode="read(1150) " fcode="read"/>
<opset="v946_read/1 "/>
</bind>
</comp>

<comp id="112" class="1004" name="sext_ln2027_read_read_fu_112">
<pin_list>
<pin id="113" dir="0" index="0" bw="62" slack="0"/>
<pin id="114" dir="0" index="1" bw="62" slack="0"/>
<pin id="115" dir="1" index="2" bw="62" slack="0"/>
</pin_list>
<bind>
<opcode="read(1150) " fcode="read"/>
<opset="sext_ln2027_read/1 "/>
</bind>
</comp>

<comp id="118" class="1004" name="grp_readreq_fu_118">
<pin_list>
<pin id="119" dir="0" index="0" bw="1" slack="0"/>
<pin id="120" dir="0" index="1" bw="32" slack="1"/>
<pin id="121" dir="0" index="2" bw="1" slack="0"/>
<pin id="122" dir="1" index="3" bw="1" slack="2147483647"/>
</pin_list>
<bind>
<opcode="readreq(1154) " fcode="readreq"/>
<opset="v24_req/2 "/>
</bind>
</comp>

<comp id="125" class="1004" name="v24_read_fu_125">
<pin_list>
<pin id="126" dir="0" index="0" bw="32" slack="0"/>
<pin id="127" dir="0" index="1" bw="32" slack="9"/>
<pin id="128" dir="1" index="2" bw="32" slack="1"/>
</pin_list>
<bind>
<opcode="read(1150) " fcode="read"/>
<opset="v24/10 "/>
</bind>
</comp>

<comp id="130" class="1004" name="write_ln76_write_fu_130">
<pin_list>
<pin id="131" dir="0" index="0" bw="0" slack="0"/>
<pin id="132" dir="0" index="1" bw="32" slack="0"/>
<pin id="133" dir="0" index="2" bw="32" slack="1"/>
<pin id="134" dir="0" index="3" bw="1" slack="0"/>
<pin id="135" dir="1" index="4" bw="0" slack="2147483647"/>
</pin_list>
<bind>
<opcode="write(1151) " fcode="write"/>
<opset="write_ln76/11 "/>
</bind>
</comp>

<comp id="138" class="1004" name="sext_ln2027_cast_fu_138">
<pin_list>
<pin id="139" dir="0" index="0" bw="62" slack="0"/>
<pin id="140" dir="1" index="1" bw="64" slack="10"/>
</pin_list>
<bind>
<opcode="sext(35) " fcode="sext"/>
<opset="sext_ln2027_cast/1 "/>
</bind>
</comp>

<comp id="142" class="1004" name="store_ln0_store_fu_142">
<pin_list>
<pin id="143" dir="0" index="0" bw="1" slack="0"/>
<pin id="144" dir="0" index="1" bw="12" slack="0"/>
<pin id="145" dir="1" index="2" bw="0" slack="2147483647"/>
</pin_list>
<bind>
<opcode="store(28) " fcode="store"/>
<opset="store_ln0/1 "/>
</bind>
</comp>

<comp id="147" class="1004" name="store_ln73_store_fu_147">
<pin_list>
<pin id="148" dir="0" index="0" bw="1" slack="0"/>
<pin id="149" dir="0" index="1" bw="9" slack="0"/>
<pin id="150" dir="1" index="2" bw="0" slack="2147483647"/>
</pin_list>
<bind>
<opcode="store(28) " fcode="store"/>
<opset="store_ln73/1 "/>
</bind>
</comp>

<comp id="152" class="1004" name="store_ln74_store_fu_152">
<pin_list>
<pin id="153" dir="0" index="0" bw="1" slack="0"/>
<pin id="154" dir="0" index="1" bw="4" slack="0"/>
<pin id="155" dir="1" index="2" bw="0" slack="2147483647"/>
</pin_list>
<bind>
<opcode="store(28) " fcode="store"/>
<opset="store_ln74/1 "/>
</bind>
</comp>

<comp id="157" class="1004" name="indvar_flatten14918_load_load_fu_157">
<pin_list>
<pin id="158" dir="0" index="0" bw="12" slack="0"/>
<pin id="159" dir="1" index="1" bw="12" slack="0"/>
</pin_list>
<bind>
<opcode="load(27) " fcode="load"/>
<opset="indvar_flatten14918_load/1 "/>
</bind>
</comp>

<comp id="160" class="1004" name="icmp_ln73_fu_160">
<pin_list>
<pin id="161" dir="0" index="0" bw="12" slack="0"/>
<pin id="162" dir="0" index="1" bw="9" slack="0"/>
<pin id="163" dir="1" index="2" bw="1" slack="9"/>
</pin_list>
<bind>
<opcode="icmp(45) " fcode="icmp"/>
<opset="icmp_ln73/1 "/>
</bind>
</comp>

<comp id="166" class="1004" name="add_ln73_1_fu_166">
<pin_list>
<pin id="167" dir="0" index="0" bw="12" slack="0"/>
<pin id="168" dir="0" index="1" bw="1" slack="0"/>
<pin id="169" dir="1" index="2" bw="12" slack="0"/>
</pin_list>
<bind>
<opcode="add(8) " fcode="add"/>
<opset="add_ln73_1/1 "/>
</bind>
</comp>

<comp id="172" class="1004" name="v23_load_load_fu_172">
<pin_list>
<pin id="173" dir="0" index="0" bw="4" slack="0"/>
<pin id="174" dir="1" index="1" bw="4" slack="0"/>
</pin_list>
<bind>
<opcode="load(27) " fcode="load"/>
<opset="v23_load/1 "/>
</bind>
</comp>

<comp id="175" class="1004" name="v22_load_load_fu_175">
<pin_list>
<pin id="176" dir="0" index="0" bw="9" slack="0"/>
<pin id="177" dir="1" index="1" bw="9" slack="0"/>
</pin_list>
<bind>
<opcode="load(27) " fcode="load"/>
<opset="v22_load/1 "/>
</bind>
</comp>

<comp id="178" class="1004" name="add_ln73_fu_178">
<pin_list>
<pin id="179" dir="0" index="0" bw="9" slack="0"/>
<pin id="180" dir="0" index="1" bw="1" slack="0"/>
<pin id="181" dir="1" index="2" bw="9" slack="0"/>
</pin_list>
<bind>
<opcode="add(8) " fcode="add"/>
<opset="add_ln73/1 "/>
</bind>
</comp>

<comp id="184" class="1004" name="icmp_ln74_fu_184">
<pin_list>
<pin id="185" dir="0" index="0" bw="4" slack="0"/>
<pin id="186" dir="0" index="1" bw="4" slack="0"/>
<pin id="187" dir="1" index="2" bw="1" slack="0"/>
</pin_list>
<bind>
<opcode="icmp(45) " fcode="icmp"/>
<opset="icmp_ln74/1 "/>
</bind>
</comp>

<comp id="190" class="1004" name="select_ln73_fu_190">
<pin_list>
<pin id="191" dir="0" index="0" bw="1" slack="0"/>
<pin id="192" dir="0" index="1" bw="1" slack="0"/>
<pin id="193" dir="0" index="2" bw="4" slack="0"/>
<pin id="194" dir="1" index="3" bw="4" slack="0"/>
</pin_list>
<bind>
<opcode="select(49) " fcode="select"/>
<opset="select_ln73/1 "/>
</bind>
</comp>

<comp id="198" class="1004" name="select_ln73_1_fu_198">
<pin_list>
<pin id="199" dir="0" index="0" bw="1" slack="0"/>
<pin id="200" dir="0" index="1" bw="9" slack="0"/>
<pin id="201" dir="0" index="2" bw="9" slack="0"/>
<pin id="202" dir="1" index="3" bw="9" slack="0"/>
</pin_list>
<bind>
<opcode="select(49) " fcode="select"/>
<opset="select_ln73_1/1 "/>
</bind>
</comp>

<comp id="206" class="1004" name="shl_ln_fu_206">
<pin_list>
<pin id="207" dir="0" index="0" bw="11" slack="0"/>
<pin id="208" dir="0" index="1" bw="9" slack="0"/>
<pin id="209" dir="0" index="2" bw="1" slack="0"/>
<pin id="210" dir="1" index="3" bw="11" slack="0"/>
</pin_list>
<bind>
<opcode="bitconcatenate(1004) " fcode="bitconcatenate"/>
<opset="shl_ln/1 "/>
</bind>
</comp>

<comp id="214" class="1004" name="zext_ln74_fu_214">
<pin_list>
<pin id="215" dir="0" index="0" bw="11" slack="0"/>
<pin id="216" dir="1" index="1" bw="64" slack="0"/>
</pin_list>
<bind>
<opcode="zext(34) " fcode="zext"/>
<opset="zext_ln74/1 "/>
</bind>
</comp>

<comp id="218" class="1004" name="trunc_ln75_1_fu_218">
<pin_list>
<pin id="219" dir="0" index="0" bw="4" slack="0"/>
<pin id="220" dir="1" index="1" bw="3" slack="0"/>
</pin_list>
<bind>
<opcode="trunc(33) " fcode="trunc"/>
<opset="trunc_ln75_1/1 "/>
</bind>
</comp>

<comp id="222" class="1004" name="p_shl_fu_222">
<pin_list>
<pin id="223" dir="0" index="0" bw="14" slack="0"/>
<pin id="224" dir="0" index="1" bw="3" slack="0"/>
<pin id="225" dir="0" index="2" bw="1" slack="0"/>
<pin id="226" dir="1" index="3" bw="14" slack="0"/>
</pin_list>
<bind>
<opcode="bitconcatenate(1004) " fcode="bitconcatenate"/>
<opset="p_shl/1 "/>
</bind>
</comp>

<comp id="230" class="1004" name="tmp_fu_230">
<pin_list>
<pin id="231" dir="0" index="0" bw="13" slack="0"/>
<pin id="232" dir="0" index="1" bw="4" slack="0"/>
<pin id="233" dir="0" index="2" bw="1" slack="0"/>
<pin id="234" dir="1" index="3" bw="13" slack="0"/>
</pin_list>
<bind>
<opcode="bitconcatenate(1004) " fcode="bitconcatenate"/>
<opset="tmp/1 "/>
</bind>
</comp>

<comp id="238" class="1004" name="zext_ln75_fu_238">
<pin_list>
<pin id="239" dir="0" index="0" bw="13" slack="0"/>
<pin id="240" dir="1" index="1" bw="14" slack="0"/>
</pin_list>
<bind>
<opcode="zext(34) " fcode="zext"/>
<opset="zext_ln75/1 "/>
</bind>
</comp>

<comp id="242" class="1004" name="sub_ln75_fu_242">
<pin_list>
<pin id="243" dir="0" index="0" bw="14" slack="0"/>
<pin id="244" dir="0" index="1" bw="13" slack="0"/>
<pin id="245" dir="1" index="2" bw="14" slack="0"/>
</pin_list>
<bind>
<opcode="sub(10) " fcode="sub"/>
<opset="sub_ln75/1 "/>
</bind>
</comp>

<comp id="248" class="1004" name="add_ln75_fu_248">
<pin_list>
<pin id="249" dir="0" index="0" bw="11" slack="0"/>
<pin id="250" dir="0" index="1" bw="64" slack="0"/>
<pin id="251" dir="1" index="2" bw="64" slack="0"/>
</pin_list>
<bind>
<opcode="add(8) " fcode="add"/>
<opset="add_ln75/1 "/>
</bind>
</comp>

<comp id="254" class="1004" name="zext_ln75_cast_fu_254">
<pin_list>
<pin id="255" dir="0" index="0" bw="26" slack="0"/>
<pin id="256" dir="0" index="1" bw="12" slack="0"/>
<pin id="257" dir="0" index="2" bw="14" slack="0"/>
<pin id="258" dir="1" index="3" bw="26" slack="0"/>
</pin_list>
<bind>
<opcode="bitconcatenate(1004) " fcode="bitconcatenate"/>
<opset="zext_ln75_cast/1 "/>
</bind>
</comp>

<comp id="262" class="1004" name="zext_ln75_1_fu_262">
<pin_list>
<pin id="263" dir="0" index="0" bw="26" slack="0"/>
<pin id="264" dir="1" index="1" bw="64" slack="0"/>
</pin_list>
<bind>
<opcode="zext(34) " fcode="zext"/>
<opset="zext_ln75_1/1 "/>
</bind>
</comp>

<comp id="266" class="1004" name="add_ln75_1_fu_266">
<pin_list>
<pin id="267" dir="0" index="0" bw="26" slack="0"/>
<pin id="268" dir="0" index="1" bw="64" slack="0"/>
<pin id="269" dir="1" index="2" bw="64" slack="0"/>
</pin_list>
<bind>
<opcode="add(8) " fcode="add"/>
<opset="add_ln75_1/1 "/>
</bind>
</comp>

<comp id="272" class="1004" name="trunc_ln_fu_272">
<pin_list>
<pin id="273" dir="0" index="0" bw="62" slack="0"/>
<pin id="274" dir="0" index="1" bw="64" slack="0"/>
<pin id="275" dir="0" index="2" bw="3" slack="0"/>
<pin id="276" dir="0" index="3" bw="7" slack="0"/>
<pin id="277" dir="1" index="4" bw="62" slack="0"/>
</pin_list>
<bind>
<opcode="partselect(1002) " fcode="partselect"/>
<opset="trunc_ln/1 "/>
</bind>
</comp>

<comp id="282" class="1004" name="sext_ln75_fu_282">
<pin_list>
<pin id="283" dir="0" index="0" bw="62" slack="0"/>
<pin id="284" dir="1" index="1" bw="64" slack="0"/>
</pin_list>
<bind>
<opcode="sext(35) " fcode="sext"/>
<opset="sext_ln75/1 "/>
</bind>
</comp>

<comp id="286" class="1004" name="g0_addr_62_fu_286">
<pin_list>
<pin id="287" dir="0" index="0" bw="32" slack="0"/>
<pin id="288" dir="0" index="1" bw="62" slack="0"/>
<pin id="289" dir="1" index="2" bw="32" slack="1"/>
</pin_list>
<bind>
<opcode="getelementptr(29) " fcode="getelementptr"/>
<opset="g0_addr_62/1 "/>
</bind>
</comp>

<comp id="292" class="1004" name="add_ln74_fu_292">
<pin_list>
<pin id="293" dir="0" index="0" bw="4" slack="0"/>
<pin id="294" dir="0" index="1" bw="1" slack="0"/>
<pin id="295" dir="1" index="2" bw="4" slack="0"/>
</pin_list>
<bind>
<opcode="add(8) " fcode="add"/>
<opset="add_ln74/1 "/>
</bind>
</comp>

<comp id="298" class="1004" name="store_ln73_store_fu_298">
<pin_list>
<pin id="299" dir="0" index="0" bw="12" slack="0"/>
<pin id="300" dir="0" index="1" bw="12" slack="0"/>
<pin id="301" dir="1" index="2" bw="0" slack="2147483647"/>
</pin_list>
<bind>
<opcode="store(28) " fcode="store"/>
<opset="store_ln73/1 "/>
</bind>
</comp>

<comp id="303" class="1004" name="store_ln73_store_fu_303">
<pin_list>
<pin id="304" dir="0" index="0" bw="9" slack="0"/>
<pin id="305" dir="0" index="1" bw="9" slack="0"/>
<pin id="306" dir="1" index="2" bw="0" slack="2147483647"/>
</pin_list>
<bind>
<opcode="store(28) " fcode="store"/>
<opset="store_ln73/1 "/>
</bind>
</comp>

<comp id="308" class="1004" name="store_ln74_store_fu_308">
<pin_list>
<pin id="309" dir="0" index="0" bw="4" slack="0"/>
<pin id="310" dir="0" index="1" bw="4" slack="0"/>
<pin id="311" dir="1" index="2" bw="0" slack="2147483647"/>
</pin_list>
<bind>
<opcode="store(28) " fcode="store"/>
<opset="store_ln74/1 "/>
</bind>
</comp>

<comp id="313" class="1004" name="g0_addr_fu_313">
<pin_list>
<pin id="314" dir="0" index="0" bw="32" slack="0"/>
<pin id="315" dir="0" index="1" bw="62" slack="10"/>
<pin id="316" dir="1" index="2" bw="32" slack="0"/>
</pin_list>
<bind>
<opcode="getelementptr(29) " fcode="getelementptr"/>
<opset="g0_addr/11 "/>
</bind>
</comp>

<comp id="319" class="1005" name="v23_reg_319">
<pin_list>
<pin id="320" dir="0" index="0" bw="4" slack="0"/>
<pin id="321" dir="1" index="1" bw="4" slack="0"/>
</pin_list>
<bind>
<opset="v23 "/>
</bind>
</comp>

<comp id="326" class="1005" name="v22_reg_326">
<pin_list>
<pin id="327" dir="0" index="0" bw="9" slack="0"/>
<pin id="328" dir="1" index="1" bw="9" slack="0"/>
</pin_list>
<bind>
<opset="v22 "/>
</bind>
</comp>

<comp id="333" class="1005" name="indvar_flatten14918_reg_333">
<pin_list>
<pin id="334" dir="0" index="0" bw="12" slack="0"/>
<pin id="335" dir="1" index="1" bw="12" slack="0"/>
</pin_list>
<bind>
<opset="indvar_flatten14918 "/>
</bind>
</comp>

<comp id="340" class="1005" name="sext_ln2027_cast_reg_340">
<pin_list>
<pin id="341" dir="0" index="0" bw="64" slack="10"/>
<pin id="342" dir="1" index="1" bw="64" slack="10"/>
</pin_list>
<bind>
<opset="sext_ln2027_cast "/>
</bind>
</comp>

<comp id="345" class="1005" name="icmp_ln73_reg_345">
<pin_list>
<pin id="346" dir="0" index="0" bw="1" slack="9"/>
<pin id="347" dir="1" index="1" bw="1" slack="2147483647"/>
</pin_list>
<bind>
<opset="icmp_ln73 "/>
</bind>
</comp>

<comp id="349" class="1005" name="g0_addr_62_reg_349">
<pin_list>
<pin id="350" dir="0" index="0" bw="32" slack="1"/>
<pin id="351" dir="1" index="1" bw="32" slack="1"/>
</pin_list>
<bind>
<opset="g0_addr_62 "/>
</bind>
</comp>

<comp id="355" class="1005" name="v24_reg_355">
<pin_list>
<pin id="356" dir="0" index="0" bw="32" slack="1"/>
<pin id="357" dir="1" index="1" bw="32" slack="1"/>
</pin_list>
<bind>
<opset="v24 "/>
</bind>
</comp>

</comp_list>

<net_list>
<net id="97"><net_src comp="6" pin="0"/><net_sink comp="94" pin=0"/></net>

<net id="101"><net_src comp="6" pin="0"/><net_sink comp="98" pin=0"/></net>

<net id="105"><net_src comp="6" pin="0"/><net_sink comp="102" pin=0"/></net>

<net id="110"><net_src comp="8" pin="0"/><net_sink comp="106" pin=0"/></net>

<net id="111"><net_src comp="4" pin="0"/><net_sink comp="106" pin=1"/></net>

<net id="116"><net_src comp="10" pin="0"/><net_sink comp="112" pin=0"/></net>

<net id="117"><net_src comp="2" pin="0"/><net_sink comp="112" pin=1"/></net>

<net id="123"><net_src comp="74" pin="0"/><net_sink comp="118" pin=0"/></net>

<net id="124"><net_src comp="76" pin="0"/><net_sink comp="118" pin=2"/></net>

<net id="129"><net_src comp="78" pin="0"/><net_sink comp="125" pin=0"/></net>

<net id="136"><net_src comp="90" pin="0"/><net_sink comp="130" pin=0"/></net>

<net id="137"><net_src comp="92" pin="0"/><net_sink comp="130" pin=3"/></net>

<net id="141"><net_src comp="112" pin="2"/><net_sink comp="138" pin=0"/></net>

<net id="146"><net_src comp="36" pin="0"/><net_sink comp="142" pin=0"/></net>

<net id="151"><net_src comp="38" pin="0"/><net_sink comp="147" pin=0"/></net>

<net id="156"><net_src comp="40" pin="0"/><net_sink comp="152" pin=0"/></net>

<net id="164"><net_src comp="157" pin="1"/><net_sink comp="160" pin=0"/></net>

<net id="165"><net_src comp="44" pin="0"/><net_sink comp="160" pin=1"/></net>

<net id="170"><net_src comp="157" pin="1"/><net_sink comp="166" pin=0"/></net>

<net id="171"><net_src comp="46" pin="0"/><net_sink comp="166" pin=1"/></net>

<net id="182"><net_src comp="175" pin="1"/><net_sink comp="178" pin=0"/></net>

<net id="183"><net_src comp="48" pin="0"/><net_sink comp="178" pin=1"/></net>

<net id="188"><net_src comp="172" pin="1"/><net_sink comp="184" pin=0"/></net>

<net id="189"><net_src comp="50" pin="0"/><net_sink comp="184" pin=1"/></net>

<net id="195"><net_src comp="184" pin="2"/><net_sink comp="190" pin=0"/></net>

<net id="196"><net_src comp="40" pin="0"/><net_sink comp="190" pin=1"/></net>

<net id="197"><net_src comp="172" pin="1"/><net_sink comp="190" pin=2"/></net>

<net id="203"><net_src comp="184" pin="2"/><net_sink comp="198" pin=0"/></net>

<net id="204"><net_src comp="178" pin="2"/><net_sink comp="198" pin=1"/></net>

<net id="205"><net_src comp="175" pin="1"/><net_sink comp="198" pin=2"/></net>

<net id="211"><net_src comp="52" pin="0"/><net_sink comp="206" pin=0"/></net>

<net id="212"><net_src comp="198" pin="3"/><net_sink comp="206" pin=1"/></net>

<net id="213"><net_src comp="54" pin="0"/><net_sink comp="206" pin=2"/></net>

<net id="217"><net_src comp="206" pin="3"/><net_sink comp="214" pin=0"/></net>

<net id="221"><net_src comp="190" pin="3"/><net_sink comp="218" pin=0"/></net>

<net id="227"><net_src comp="56" pin="0"/><net_sink comp="222" pin=0"/></net>

<net id="228"><net_src comp="218" pin="1"/><net_sink comp="222" pin=1"/></net>

<net id="229"><net_src comp="58" pin="0"/><net_sink comp="222" pin=2"/></net>

<net id="235"><net_src comp="60" pin="0"/><net_sink comp="230" pin=0"/></net>

<net id="236"><net_src comp="190" pin="3"/><net_sink comp="230" pin=1"/></net>

<net id="237"><net_src comp="38" pin="0"/><net_sink comp="230" pin=2"/></net>

<net id="241"><net_src comp="230" pin="3"/><net_sink comp="238" pin=0"/></net>

<net id="246"><net_src comp="222" pin="3"/><net_sink comp="242" pin=0"/></net>

<net id="247"><net_src comp="238" pin="1"/><net_sink comp="242" pin=1"/></net>

<net id="252"><net_src comp="214" pin="1"/><net_sink comp="248" pin=0"/></net>

<net id="253"><net_src comp="106" pin="2"/><net_sink comp="248" pin=1"/></net>

<net id="259"><net_src comp="62" pin="0"/><net_sink comp="254" pin=0"/></net>

<net id="260"><net_src comp="64" pin="0"/><net_sink comp="254" pin=1"/></net>

<net id="261"><net_src comp="242" pin="2"/><net_sink comp="254" pin=2"/></net>

<net id="265"><net_src comp="254" pin="3"/><net_sink comp="262" pin=0"/></net>

<net id="270"><net_src comp="262" pin="1"/><net_sink comp="266" pin=0"/></net>

<net id="271"><net_src comp="248" pin="2"/><net_sink comp="266" pin=1"/></net>

<net id="278"><net_src comp="66" pin="0"/><net_sink comp="272" pin=0"/></net>

<net id="279"><net_src comp="266" pin="2"/><net_sink comp="272" pin=1"/></net>

<net id="280"><net_src comp="68" pin="0"/><net_sink comp="272" pin=2"/></net>

<net id="281"><net_src comp="70" pin="0"/><net_sink comp="272" pin=3"/></net>

<net id="285"><net_src comp="272" pin="4"/><net_sink comp="282" pin=0"/></net>

<net id="290"><net_src comp="0" pin="0"/><net_sink comp="286" pin=0"/></net>

<net id="291"><net_src comp="282" pin="1"/><net_sink comp="286" pin=1"/></net>

<net id="296"><net_src comp="190" pin="3"/><net_sink comp="292" pin=0"/></net>

<net id="297"><net_src comp="72" pin="0"/><net_sink comp="292" pin=1"/></net>

<net id="302"><net_src comp="166" pin="2"/><net_sink comp="298" pin=0"/></net>

<net id="307"><net_src comp="198" pin="3"/><net_sink comp="303" pin=0"/></net>

<net id="312"><net_src comp="292" pin="2"/><net_sink comp="308" pin=0"/></net>

<net id="317"><net_src comp="0" pin="0"/><net_sink comp="313" pin=0"/></net>

<net id="318"><net_src comp="313" pin="2"/><net_sink comp="130" pin=1"/></net>

<net id="322"><net_src comp="94" pin="1"/><net_sink comp="319" pin=0"/></net>

<net id="323"><net_src comp="319" pin="1"/><net_sink comp="152" pin=1"/></net>

<net id="324"><net_src comp="319" pin="1"/><net_sink comp="172" pin=0"/></net>

<net id="325"><net_src comp="319" pin="1"/><net_sink comp="308" pin=1"/></net>

<net id="329"><net_src comp="98" pin="1"/><net_sink comp="326" pin=0"/></net>

<net id="330"><net_src comp="326" pin="1"/><net_sink comp="147" pin=1"/></net>

<net id="331"><net_src comp="326" pin="1"/><net_sink comp="175" pin=0"/></net>

<net id="332"><net_src comp="326" pin="1"/><net_sink comp="303" pin=1"/></net>

<net id="336"><net_src comp="102" pin="1"/><net_sink comp="333" pin=0"/></net>

<net id="337"><net_src comp="333" pin="1"/><net_sink comp="142" pin=1"/></net>

<net id="338"><net_src comp="333" pin="1"/><net_sink comp="157" pin=0"/></net>

<net id="339"><net_src comp="333" pin="1"/><net_sink comp="298" pin=1"/></net>

<net id="343"><net_src comp="138" pin="1"/><net_sink comp="340" pin=0"/></net>

<net id="344"><net_src comp="340" pin="1"/><net_sink comp="313" pin=1"/></net>

<net id="348"><net_src comp="160" pin="2"/><net_sink comp="345" pin=0"/></net>

<net id="352"><net_src comp="286" pin="2"/><net_sink comp="349" pin=0"/></net>

<net id="353"><net_src comp="349" pin="1"/><net_sink comp="118" pin=1"/></net>

<net id="354"><net_src comp="349" pin="1"/><net_sink comp="125" pin=1"/></net>

<net id="358"><net_src comp="125" pin="2"/><net_sink comp="355" pin=0"/></net>

<net id="359"><net_src comp="355" pin="1"/><net_sink comp="130" pin=2"/></net>

</net_list>

</model> 
---------------- Datapath Model END ------------------

* FSMD analyzer results:
  - Output states:
	Port: g0 | {11 }
 - Input state : 
	Port: control_Pipeline_VITIS_LOOP_73_1_VITIS_LOOP_74_2 : g0 | {2 3 4 5 6 7 8 9 10 }
	Port: control_Pipeline_VITIS_LOOP_73_1_VITIS_LOOP_74_2 : sext_ln2027 | {1 }
	Port: control_Pipeline_VITIS_LOOP_73_1_VITIS_LOOP_74_2 : v946 | {1 }
  - Chain level:
	State 1
		store_ln0 : 1
		store_ln73 : 1
		store_ln74 : 1
		indvar_flatten14918_load : 1
		icmp_ln73 : 2
		add_ln73_1 : 2
		br_ln73 : 3
		v23_load : 1
		v22_load : 1
		add_ln73 : 2
		icmp_ln74 : 2
		select_ln73 : 3
		select_ln73_1 : 3
		shl_ln : 4
		zext_ln74 : 5
		trunc_ln75_1 : 4
		p_shl : 5
		tmp : 4
		zext_ln75 : 5
		sub_ln75 : 6
		add_ln75 : 6
		zext_ln75_cast : 7
		zext_ln75_1 : 8
		add_ln75_1 : 9
		trunc_ln : 10
		sext_ln75 : 11
		g0_addr_62 : 12
		add_ln74 : 4
		store_ln73 : 3
		store_ln73 : 4
		store_ln74 : 5
	State 2
	State 3
	State 4
	State 5
	State 6
	State 7
	State 8
	State 9
	State 10
	State 11
		write_ln76 : 1


============================================================
+ Verbose Summary: Datapath Resource usage 
============================================================

* Functional unit list:
|----------|------------------------------|---------|---------|
| Operation|        Functional Unit       |    FF   |   LUT   |
|----------|------------------------------|---------|---------|
|          |       add_ln73_1_fu_166      |    0    |    19   |
|          |        add_ln73_fu_178       |    0    |    16   |
|    add   |        add_ln75_fu_248       |    0    |    64   |
|          |       add_ln75_1_fu_266      |    0    |    64   |
|          |        add_ln74_fu_292       |    0    |    12   |
|----------|------------------------------|---------|---------|
|   icmp   |       icmp_ln73_fu_160       |    0    |    19   |
|          |       icmp_ln74_fu_184       |    0    |    12   |
|----------|------------------------------|---------|---------|
|    sub   |        sub_ln75_fu_242       |    0    |    21   |
|----------|------------------------------|---------|---------|
|  select  |      select_ln73_fu_190      |    0    |    4    |
|          |     select_ln73_1_fu_198     |    0    |    9    |
|----------|------------------------------|---------|---------|
|          |     v946_read_read_fu_106    |    0    |    0    |
|   read   | sext_ln2027_read_read_fu_112 |    0    |    0    |
|          |        v24_read_fu_125       |    0    |    0    |
|----------|------------------------------|---------|---------|
|  readreq |      grp_readreq_fu_118      |    0    |    0    |
|----------|------------------------------|---------|---------|
|   write  |    write_ln76_write_fu_130   |    0    |    0    |
|----------|------------------------------|---------|---------|
|   sext   |    sext_ln2027_cast_fu_138   |    0    |    0    |
|          |       sext_ln75_fu_282       |    0    |    0    |
|----------|------------------------------|---------|---------|
|          |         shl_ln_fu_206        |    0    |    0    |
|bitconcatenate|         p_shl_fu_222         |    0    |    0    |
|          |          tmp_fu_230          |    0    |    0    |
|          |     zext_ln75_cast_fu_254    |    0    |    0    |
|----------|------------------------------|---------|---------|
|          |       zext_ln74_fu_214       |    0    |    0    |
|   zext   |       zext_ln75_fu_238       |    0    |    0    |
|          |      zext_ln75_1_fu_262      |    0    |    0    |
|----------|------------------------------|---------|---------|
|   trunc  |      trunc_ln75_1_fu_218     |    0    |    0    |
|----------|------------------------------|---------|---------|
|partselect|        trunc_ln_fu_272       |    0    |    0    |
|----------|------------------------------|---------|---------|
|   Total  |                              |    0    |   240   |
|----------|------------------------------|---------|---------|

Memories:
N/A

* Register list:
+---------------------------+--------+
|                           |   FF   |
+---------------------------+--------+
|     g0_addr_62_reg_349    |   32   |
|     icmp_ln73_reg_345     |    1   |
|indvar_flatten14918_reg_333|   12   |
|  sext_ln2027_cast_reg_340 |   64   |
|        v22_reg_326        |    9   |
|        v23_reg_319        |    4   |
|        v24_reg_355        |   32   |
+---------------------------+--------+
|           Total           |   154  |
+---------------------------+--------+

* Multiplexer (MUX) list: 
|--------|------|------|------|--------|
|  Comp  |  Pin | Size |  BW  | S x BW |
|--------|------|------|------|--------|
|  Total |      |      |      |    0   |
|--------|------|------|------|--------|



* Summary:
+-----------+--------+--------+
|           |   FF   |   LUT  |
+-----------+--------+--------+
|  Function |    0   |   240  |
|   Memory  |    -   |    -   |
|Multiplexer|    -   |    -   |
|  Register |   154  |    -   |
+-----------+--------+--------+
|   Total   |   154  |   240  |
+-----------+--------+--------+
