

================================================================
== Vitis HLS Report for 'control_Pipeline_VITIS_LOOP_1719_1_VITIS_LOOP_1720_2_VITIS_LOOP_1721_3'
================================================================
* Date:           Sun Jul 12 20:26:05 2026

* Version:        2025.2 (Build 6295257 on Nov 14 2025)
* Project:        spikingformer_proj
* Solution:       solution1 (Vivado IP Flow Target)
* Product family: zynquplus
* Target device:  xczu7ev-ffvc1156-2-e


================================================================
== Performance Estimates
================================================================
+ Timing: 
    * Summary: 
    +--------+----------+----------+------------+
    |  Clock |  Target  | Estimated| Uncertainty|
    +--------+----------+----------+------------+
    |ap_clk  |  10.00 ns|  7.300 ns|     2.70 ns|
    +--------+----------+----------+------------+

+ Latency: 
    * Summary: 
    +---------+---------+----------+----------+-----+-----+-------------------+
    |  Latency (cycles) |  Latency (absolute) |  Interval |      Pipeline     |
    |   min   |   max   |    min   |    max   | min | max |        Type       |
    +---------+---------+----------+----------+-----+-----+-------------------+
    |   393231|   393231|  3.932 ms|  3.932 ms|    0|    0|  loop pipeline stp|
    +---------+---------+----------+----------+-----+-----+-------------------+

    + Detail: 
        * Instance: 
        N/A

        * Loop: 
        +---------------------------------------------------------+---------+---------+----------+-----------+-----------+--------+----------+
        |                                                         |  Latency (cycles) | Iteration|  Initiation Interval  |  Trip  |          |
        |                        Loop Name                        |   min   |   max   |  Latency |  achieved |   target  |  Count | Pipelined|
        +---------------------------------------------------------+---------+---------+----------+-----------+-----------+--------+----------+
        |- VITIS_LOOP_1719_1_VITIS_LOOP_1720_2_VITIS_LOOP_1721_3  |   393229|   393229|        16|          2|          1|  196608|       yes|
        +---------------------------------------------------------+---------+---------+----------+-----------+-----------+--------+----------+

============================================================
+ Verbose Summary: Synthesis Manager
============================================================
InlineROM: 1
ExposeGlobal: 0
============================================================
+ Verbose Summary: CDFG Model
============================================================
IsTopModel: 0
ResetActiveHigh: 1
IsCombinational: 0
IsDatapathOnly: 0
HasWiredReturn: 1
HasMFsm: 2
HasVarLatency: 1
IsPipeline: 0
IsRtlPipelined: 0
IsInstanceOverlapped: 0
IsDontTouch: 0
HasImplIP: 0
IsGatedGlobalClock: 0

+ Individual pipeline summary: 
  * Pipeline-0: initiation interval (II) = 2, depth = 17


============================================================
+ Verbose Summary: Schedule
============================================================
* Number of FSM states : 17
* Pipeline : 1
  Pipeline-0 : II = 2, D = 17, States = { 1 2 3 4 5 6 7 8 9 10 11 12 13 14 15 16 17 }
* Dataflow Pipeline: 0

* FSM state transitions: 
1 --> 2 
2 --> 3 
3 --> 4 
4 --> 5 
5 --> 6 
6 --> 7 
7 --> 8 
8 --> 9 
9 --> 10 
10 --> 11 
11 --> 12 
12 --> 13 
13 --> 14 
14 --> 15 
15 --> 16 
16 --> 17 
17 --> 

* FSM state operations: 

State 1 <SV = 0> <Delay = 0.42>
ST_1 : Operation 19 [1/1] (0.00ns)   --->   "%v704 = alloca i32 1" [spikingformer_official.cpp:1721->spikingformer_official.cpp:2396]   --->   Operation 19 'alloca' 'v704' <Predicate = true> <Delay = 0.00>
ST_1 : Operation 20 [1/1] (0.00ns)   --->   "%v703 = alloca i32 1" [spikingformer_official.cpp:1720->spikingformer_official.cpp:2396]   --->   Operation 20 'alloca' 'v703' <Predicate = true> <Delay = 0.00>
ST_1 : Operation 21 [1/1] (0.00ns)   --->   "%indvar_flatten13272 = alloca i32 1"   --->   Operation 21 'alloca' 'indvar_flatten13272' <Predicate = true> <Delay = 0.00>
ST_1 : Operation 22 [1/1] (0.00ns)   --->   "%v702 = alloca i32 1" [spikingformer_official.cpp:1719->spikingformer_official.cpp:2396]   --->   Operation 22 'alloca' 'v702' <Predicate = true> <Delay = 0.00>
ST_1 : Operation 23 [1/1] (0.00ns)   --->   "%indvar_flatten13283 = alloca i32 1"   --->   Operation 23 'alloca' 'indvar_flatten13283' <Predicate = true> <Delay = 0.00>
ST_1 : Operation 24 [1/1] (0.00ns)   --->   "%sext_ln2299_1_read = read i62 @_ssdm_op_Read.ap_auto.i62, i62 %sext_ln2299_1"   --->   Operation 24 'read' 'sext_ln2299_1_read' <Predicate = true> <Delay = 0.00>
ST_1 : Operation 25 [1/1] (0.00ns)   --->   "%sext_ln2113_2_read = read i62 @_ssdm_op_Read.ap_auto.i62, i62 %sext_ln2113_2"   --->   Operation 25 'read' 'sext_ln2113_2_read' <Predicate = true> <Delay = 0.00>
ST_1 : Operation 26 [1/1] (0.00ns)   --->   "%sext_ln22999 = read i62 @_ssdm_op_Read.ap_auto.i62, i62 %sext_ln2299"   --->   Operation 26 'read' 'sext_ln22999' <Predicate = true> <Delay = 0.00>
ST_1 : Operation 27 [1/1] (0.00ns)   --->   "%sext_ln2265_read = read i62 @_ssdm_op_Read.ap_auto.i62, i62 %sext_ln2265"   --->   Operation 27 'read' 'sext_ln2265_read' <Predicate = true> <Delay = 0.00>
ST_1 : Operation 28 [1/1] (0.00ns)   --->   "%sext_ln21137 = read i62 @_ssdm_op_Read.ap_auto.i62, i62 %sext_ln2113"   --->   Operation 28 'read' 'sext_ln21137' <Predicate = true> <Delay = 0.00>
ST_1 : Operation 29 [1/1] (0.00ns)   --->   "%sext_ln2299_1_cast = sext i62 %sext_ln2299_1_read"   --->   Operation 29 'sext' 'sext_ln2299_1_cast' <Predicate = true> <Delay = 0.00>
ST_1 : Operation 30 [1/1] (0.00ns)   --->   "%sext_ln2113_2_cast = sext i62 %sext_ln2113_2_read"   --->   Operation 30 'sext' 'sext_ln2113_2_cast' <Predicate = true> <Delay = 0.00>
ST_1 : Operation 31 [1/1] (0.00ns)   --->   "%sext_ln2265_cast = sext i62 %sext_ln2265_read"   --->   Operation 31 'sext' 'sext_ln2265_cast' <Predicate = true> <Delay = 0.00>
ST_1 : Operation 32 [1/1] (0.00ns)   --->   "%specstablecontent_ln0 = specstablecontent void @_ssdm_op_SpecStableContent, i32 %g0, i1 1, void "   --->   Operation 32 'specstablecontent' 'specstablecontent_ln0' <Predicate = true> <Delay = 0.00>
ST_1 : Operation 33 [1/1] (0.00ns)   --->   "%specinterface_ln0 = specinterface void @_ssdm_op_SpecInterface, i32 %g0, void @empty_26, i32 0, i32 0, void @empty_35, i32 0, i32 0, void @empty_22, void @empty_25, void @empty_35, i32 16, i32 16, i32 16, i32 16, void @empty_35, void @empty_35, i32 4294967295, i32 0, i32 0, i32 4"   --->   Operation 33 'specinterface' 'specinterface_ln0' <Predicate = true> <Delay = 0.00>
ST_1 : Operation 34 [1/1] (0.42ns)   --->   "%store_ln0 = store i18 0, i18 %indvar_flatten13283"   --->   Operation 34 'store' 'store_ln0' <Predicate = true> <Delay = 0.42>
ST_1 : Operation 35 [1/1] (0.42ns)   --->   "%store_ln1719 = store i8 0, i8 %v702" [spikingformer_official.cpp:1719->spikingformer_official.cpp:2396]   --->   Operation 35 'store' 'store_ln1719' <Predicate = true> <Delay = 0.42>
ST_1 : Operation 36 [1/1] (0.42ns)   --->   "%store_ln0 = store i12 0, i12 %indvar_flatten13272"   --->   Operation 36 'store' 'store_ln0' <Predicate = true> <Delay = 0.42>
ST_1 : Operation 37 [1/1] (0.42ns)   --->   "%store_ln1720 = store i6 0, i6 %v703" [spikingformer_official.cpp:1720->spikingformer_official.cpp:2396]   --->   Operation 37 'store' 'store_ln1720' <Predicate = true> <Delay = 0.42>
ST_1 : Operation 38 [1/1] (0.42ns)   --->   "%store_ln1721 = store i6 0, i6 %v704" [spikingformer_official.cpp:1721->spikingformer_official.cpp:2396]   --->   Operation 38 'store' 'store_ln1721' <Predicate = true> <Delay = 0.42>
ST_1 : Operation 39 [1/1] (0.00ns)   --->   "%br_ln0 = br void %for.inc.i491"   --->   Operation 39 'br' 'br_ln0' <Predicate = true> <Delay = 0.00>

State 2 <SV = 1> <Delay = 4.31>
ST_2 : Operation 40 [1/1] (0.00ns)   --->   "%indvar_flatten13283_load = load i18 %indvar_flatten13283" [spikingformer_official.cpp:1719->spikingformer_official.cpp:2396]   --->   Operation 40 'load' 'indvar_flatten13283_load' <Predicate = true> <Delay = 0.00>
ST_2 : Operation 41 [1/1] (0.00ns)   --->   "%specbitsmap_ln0 = specbitsmap void @_ssdm_op_SpecBitsMap, i32 %g0"   --->   Operation 41 'specbitsmap' 'specbitsmap_ln0' <Predicate = true> <Delay = 0.00>
ST_2 : Operation 42 [1/1] (0.87ns)   --->   "%icmp_ln1719 = icmp_eq  i18 %indvar_flatten13283_load, i18 196608" [spikingformer_official.cpp:1719->spikingformer_official.cpp:2396]   --->   Operation 42 'icmp' 'icmp_ln1719' <Predicate = true> <Delay = 0.87> <CoreInst = "Cmp">   --->   Core 9 'Cmp' <Latency = 0> <II = 1> <Delay = 0.87> <FuncUnit> <Opcode : 'seteq' 'setne' 'setle' 'setge' 'setlt' 'setgt'> <InPorts = 2> <OutPorts = 1>
ST_2 : Operation 43 [1/1] (0.87ns)   --->   "%add_ln1719_1 = add i18 %indvar_flatten13283_load, i18 1" [spikingformer_official.cpp:1719->spikingformer_official.cpp:2396]   --->   Operation 43 'add' 'add_ln1719_1' <Predicate = true> <Delay = 0.87> <CoreInst = "Adder">   --->   Core 1 'Adder' <Latency = 0> <II = 1> <Delay = 0.87> <FuncUnit> <Opcode : 'add' 'sub'> <InPorts = 2> <OutPorts = 1>
ST_2 : Operation 44 [1/1] (0.00ns)   --->   "%br_ln1719 = br i1 %icmp_ln1719, void %for.inc32.i497, void %_Z9kernel561PA192_A32_A32_fS2_S2_.exit.exitStub" [spikingformer_official.cpp:1719->spikingformer_official.cpp:2396]   --->   Operation 44 'br' 'br_ln1719' <Predicate = true> <Delay = 0.00>
ST_2 : Operation 45 [1/1] (0.00ns)   --->   "%v704_load = load i6 %v704" [spikingformer_official.cpp:1721->spikingformer_official.cpp:2396]   --->   Operation 45 'load' 'v704_load' <Predicate = (!icmp_ln1719)> <Delay = 0.00>
ST_2 : Operation 46 [1/1] (0.00ns)   --->   "%v703_load = load i6 %v703" [spikingformer_official.cpp:1719->spikingformer_official.cpp:2396]   --->   Operation 46 'load' 'v703_load' <Predicate = (!icmp_ln1719)> <Delay = 0.00>
ST_2 : Operation 47 [1/1] (0.00ns)   --->   "%indvar_flatten13272_load = load i12 %indvar_flatten13272" [spikingformer_official.cpp:1720->spikingformer_official.cpp:2396]   --->   Operation 47 'load' 'indvar_flatten13272_load' <Predicate = (!icmp_ln1719)> <Delay = 0.00>
ST_2 : Operation 48 [1/1] (0.00ns)   --->   "%v702_load = load i8 %v702" [spikingformer_official.cpp:1719->spikingformer_official.cpp:2396]   --->   Operation 48 'load' 'v702_load' <Predicate = (!icmp_ln1719)> <Delay = 0.00>
ST_2 : Operation 49 [1/1] (0.76ns)   --->   "%add_ln1719 = add i8 %v702_load, i8 1" [spikingformer_official.cpp:1719->spikingformer_official.cpp:2396]   --->   Operation 49 'add' 'add_ln1719' <Predicate = (!icmp_ln1719)> <Delay = 0.76> <CoreInst = "Adder">   --->   Core 1 'Adder' <Latency = 0> <II = 1> <Delay = 0.76> <FuncUnit> <Opcode : 'add' 'sub'> <InPorts = 2> <OutPorts = 1>
ST_2 : Operation 50 [1/1] (0.80ns)   --->   "%icmp_ln1720 = icmp_eq  i12 %indvar_flatten13272_load, i12 1024" [spikingformer_official.cpp:1720->spikingformer_official.cpp:2396]   --->   Operation 50 'icmp' 'icmp_ln1720' <Predicate = (!icmp_ln1719)> <Delay = 0.80> <CoreInst = "Cmp">   --->   Core 9 'Cmp' <Latency = 0> <II = 1> <Delay = 0.80> <FuncUnit> <Opcode : 'seteq' 'setne' 'setle' 'setge' 'setlt' 'setgt'> <InPorts = 2> <OutPorts = 1>
ST_2 : Operation 51 [1/1] (0.38ns)   --->   "%select_ln1719 = select i1 %icmp_ln1720, i6 0, i6 %v703_load" [spikingformer_official.cpp:1719->spikingformer_official.cpp:2396]   --->   Operation 51 'select' 'select_ln1719' <Predicate = (!icmp_ln1719)> <Delay = 0.38> <CoreInst = "Sel">   --->   Core 73 'Sel' <Latency = 0> <II = 1> <Delay = 0.38> <FuncUnit> <Opcode : 'select'> <InPorts = 3> <OutPorts = 1>
ST_2 : Operation 52 [1/1] (0.00ns) (grouped into LUT with out node and_ln1719)   --->   "%xor_ln1719 = xor i1 %icmp_ln1720, i1 1" [spikingformer_official.cpp:1719->spikingformer_official.cpp:2396]   --->   Operation 52 'xor' 'xor_ln1719' <Predicate = (!icmp_ln1719)> <Delay = 0.00> <CoreInst = "LogicGate">   --->   Core 74 'LogicGate' <Latency = 0> <II = 1> <Delay = 0.28> <FuncUnit> <Opcode : 'and' 'or' 'xor'> <InPorts = 2> <OutPorts = 1>
ST_2 : Operation 53 [1/1] (0.78ns)   --->   "%icmp_ln1721 = icmp_eq  i6 %v704_load, i6 32" [spikingformer_official.cpp:1721->spikingformer_official.cpp:2396]   --->   Operation 53 'icmp' 'icmp_ln1721' <Predicate = (!icmp_ln1719)> <Delay = 0.78> <CoreInst = "Cmp">   --->   Core 9 'Cmp' <Latency = 0> <II = 1> <Delay = 0.78> <FuncUnit> <Opcode : 'seteq' 'setne' 'setle' 'setge' 'setlt' 'setgt'> <InPorts = 2> <OutPorts = 1>
ST_2 : Operation 54 [1/1] (0.28ns) (out node of the LUT)   --->   "%and_ln1719 = and i1 %icmp_ln1721, i1 %xor_ln1719" [spikingformer_official.cpp:1719->spikingformer_official.cpp:2396]   --->   Operation 54 'and' 'and_ln1719' <Predicate = (!icmp_ln1719)> <Delay = 0.28> <CoreInst = "LogicGate">   --->   Core 74 'LogicGate' <Latency = 0> <II = 1> <Delay = 0.28> <FuncUnit> <Opcode : 'and' 'or' 'xor'> <InPorts = 2> <OutPorts = 1>
ST_2 : Operation 55 [1/1] (0.39ns)   --->   "%select_ln1719_1 = select i1 %icmp_ln1720, i8 %add_ln1719, i8 %v702_load" [spikingformer_official.cpp:1719->spikingformer_official.cpp:2396]   --->   Operation 55 'select' 'select_ln1719_1' <Predicate = (!icmp_ln1719)> <Delay = 0.39> <CoreInst = "Sel">   --->   Core 73 'Sel' <Latency = 0> <II = 1> <Delay = 0.39> <FuncUnit> <Opcode : 'select'> <InPorts = 3> <OutPorts = 1>
ST_2 : Operation 56 [1/1] (0.78ns)   --->   "%add_ln1720 = add i6 %select_ln1719, i6 1" [spikingformer_official.cpp:1720->spikingformer_official.cpp:2396]   --->   Operation 56 'add' 'add_ln1720' <Predicate = (!icmp_ln1719)> <Delay = 0.78> <CoreInst = "Adder">   --->   Core 1 'Adder' <Latency = 0> <II = 1> <Delay = 0.78> <FuncUnit> <Opcode : 'add' 'sub'> <InPorts = 2> <OutPorts = 1>
ST_2 : Operation 57 [1/1] (0.00ns) (grouped into LUT with out node select_ln1720)   --->   "%or_ln1720 = or i1 %and_ln1719, i1 %icmp_ln1720" [spikingformer_official.cpp:1720->spikingformer_official.cpp:2396]   --->   Operation 57 'or' 'or_ln1720' <Predicate = (!icmp_ln1719)> <Delay = 0.00> <CoreInst = "LogicGate">   --->   Core 74 'LogicGate' <Latency = 0> <II = 1> <Delay = 0.28> <FuncUnit> <Opcode : 'and' 'or' 'xor'> <InPorts = 2> <OutPorts = 1>
ST_2 : Operation 58 [1/1] (0.38ns) (out node of the LUT)   --->   "%select_ln1720 = select i1 %or_ln1720, i6 0, i6 %v704_load" [spikingformer_official.cpp:1720->spikingformer_official.cpp:2396]   --->   Operation 58 'select' 'select_ln1720' <Predicate = (!icmp_ln1719)> <Delay = 0.38> <CoreInst = "Sel">   --->   Core 73 'Sel' <Latency = 0> <II = 1> <Delay = 0.38> <FuncUnit> <Opcode : 'select'> <InPorts = 3> <OutPorts = 1>
ST_2 : Operation 59 [1/1] (0.38ns)   --->   "%select_ln1720_1 = select i1 %and_ln1719, i6 %add_ln1720, i6 %select_ln1719" [spikingformer_official.cpp:1720->spikingformer_official.cpp:2396]   --->   Operation 59 'select' 'select_ln1720_1' <Predicate = (!icmp_ln1719)> <Delay = 0.38> <CoreInst = "Sel">   --->   Core 73 'Sel' <Latency = 0> <II = 1> <Delay = 0.38> <FuncUnit> <Opcode : 'select'> <InPorts = 3> <OutPorts = 1>
ST_2 : Operation 60 [1/1] (0.00ns)   --->   "%trunc_ln1721 = trunc i6 %select_ln1720_1" [spikingformer_official.cpp:1721->spikingformer_official.cpp:2396]   --->   Operation 60 'trunc' 'trunc_ln1721' <Predicate = (!icmp_ln1719)> <Delay = 0.00>
ST_2 : Operation 61 [1/1] (0.00ns)   --->   "%shl_ln = bitconcatenate i10 @_ssdm_op_BitConcatenate.i10.i5.i5, i5 %trunc_ln1721, i5 0" [spikingformer_official.cpp:1721->spikingformer_official.cpp:2396]   --->   Operation 61 'bitconcatenate' 'shl_ln' <Predicate = (!icmp_ln1719)> <Delay = 0.00>
ST_2 : Operation 62 [1/1] (0.00ns)   --->   "%zext_ln1721 = zext i10 %shl_ln" [spikingformer_official.cpp:1721->spikingformer_official.cpp:2396]   --->   Operation 62 'zext' 'zext_ln1721' <Predicate = (!icmp_ln1719)> <Delay = 0.00>
ST_2 : Operation 63 [1/1] (0.00ns)   --->   "%tmp = bitconcatenate i18 @_ssdm_op_BitConcatenate.i18.i8.i4.i6, i8 %select_ln1719_1, i4 0, i6 %select_ln1720" [spikingformer_official.cpp:1723->spikingformer_official.cpp:2396]   --->   Operation 63 'bitconcatenate' 'tmp' <Predicate = (!icmp_ln1719)> <Delay = 0.00>
ST_2 : Operation 64 [1/1] (0.87ns)   --->   "%add_ln1723 = add i18 %tmp, i18 %zext_ln1721" [spikingformer_official.cpp:1723->spikingformer_official.cpp:2396]   --->   Operation 64 'add' 'add_ln1723' <Predicate = (!icmp_ln1719)> <Delay = 0.87> <CoreInst = "Adder">   --->   Core 1 'Adder' <Latency = 0> <II = 1> <Delay = 0.87> <FuncUnit> <Opcode : 'add' 'sub'> <InPorts = 2> <OutPorts = 1>
ST_2 : Operation 65 [1/1] (0.00ns)   --->   "%zext_ln1723 = zext i18 %add_ln1723" [spikingformer_official.cpp:1723->spikingformer_official.cpp:2396]   --->   Operation 65 'zext' 'zext_ln1723' <Predicate = (!icmp_ln1719)> <Delay = 0.00>
ST_2 : Operation 66 [1/1] (1.08ns)   --->   "%add_ln1726 = add i63 %zext_ln1723, i63 %sext_ln2113_2_cast" [spikingformer_official.cpp:1726->spikingformer_official.cpp:2396]   --->   Operation 66 'add' 'add_ln1726' <Predicate = (!icmp_ln1719)> <Delay = 1.08> <CoreInst = "Adder">   --->   Core 1 'Adder' <Latency = 0> <II = 1> <Delay = 1.08> <FuncUnit> <Opcode : 'add' 'sub'> <InPorts = 2> <OutPorts = 1>
ST_2 : Operation 67 [1/1] (0.00ns)   --->   "%sext_ln1726 = sext i63 %add_ln1726" [spikingformer_official.cpp:1726->spikingformer_official.cpp:2396]   --->   Operation 67 'sext' 'sext_ln1726' <Predicate = (!icmp_ln1719)> <Delay = 0.00>
ST_2 : Operation 68 [1/1] (0.00ns)   --->   "%g0_addr_119 = getelementptr i32 %g0, i64 %sext_ln1726" [spikingformer_official.cpp:1726->spikingformer_official.cpp:2396]   --->   Operation 68 'getelementptr' 'g0_addr_119' <Predicate = (!icmp_ln1719)> <Delay = 0.00>
ST_2 : Operation 69 [1/1] (1.08ns)   --->   "%add_ln1727 = add i63 %zext_ln1723, i63 %sext_ln2299_1_cast" [spikingformer_official.cpp:1727->spikingformer_official.cpp:2396]   --->   Operation 69 'add' 'add_ln1727' <Predicate = (!icmp_ln1719)> <Delay = 1.08> <CoreInst = "Adder">   --->   Core 1 'Adder' <Latency = 0> <II = 1> <Delay = 1.08> <FuncUnit> <Opcode : 'add' 'sub'> <InPorts = 2> <OutPorts = 1>
ST_2 : Operation 70 [1/1] (0.00ns)   --->   "%sext_ln1727 = sext i63 %add_ln1727" [spikingformer_official.cpp:1727->spikingformer_official.cpp:2396]   --->   Operation 70 'sext' 'sext_ln1727' <Predicate = (!icmp_ln1719)> <Delay = 0.00>
ST_2 : Operation 71 [1/1] (0.00ns)   --->   "%g0_addr_120 = getelementptr i32 %g0, i64 %sext_ln1727" [spikingformer_official.cpp:1727->spikingformer_official.cpp:2396]   --->   Operation 71 'getelementptr' 'g0_addr_120' <Predicate = (!icmp_ln1719)> <Delay = 0.00>
ST_2 : Operation 72 [1/1] (0.78ns)   --->   "%add_ln1721 = add i6 %select_ln1720, i6 1" [spikingformer_official.cpp:1721->spikingformer_official.cpp:2396]   --->   Operation 72 'add' 'add_ln1721' <Predicate = (!icmp_ln1719)> <Delay = 0.78> <CoreInst = "Adder">   --->   Core 1 'Adder' <Latency = 0> <II = 1> <Delay = 0.78> <FuncUnit> <Opcode : 'add' 'sub'> <InPorts = 2> <OutPorts = 1>
ST_2 : Operation 73 [1/1] (0.80ns)   --->   "%add_ln1720_1 = add i12 %indvar_flatten13272_load, i12 1" [spikingformer_official.cpp:1720->spikingformer_official.cpp:2396]   --->   Operation 73 'add' 'add_ln1720_1' <Predicate = (!icmp_ln1719)> <Delay = 0.80> <CoreInst = "Adder">   --->   Core 1 'Adder' <Latency = 0> <II = 1> <Delay = 0.80> <FuncUnit> <Opcode : 'add' 'sub'> <InPorts = 2> <OutPorts = 1>
ST_2 : Operation 74 [1/1] (0.37ns)   --->   "%select_ln1720_2 = select i1 %icmp_ln1720, i12 1, i12 %add_ln1720_1" [spikingformer_official.cpp:1720->spikingformer_official.cpp:2396]   --->   Operation 74 'select' 'select_ln1720_2' <Predicate = (!icmp_ln1719)> <Delay = 0.37> <CoreInst = "Sel">   --->   Core 73 'Sel' <Latency = 0> <II = 1> <Delay = 0.37> <FuncUnit> <Opcode : 'select'> <InPorts = 3> <OutPorts = 1>
ST_2 : Operation 75 [1/1] (0.42ns)   --->   "%store_ln1719 = store i18 %add_ln1719_1, i18 %indvar_flatten13283" [spikingformer_official.cpp:1719->spikingformer_official.cpp:2396]   --->   Operation 75 'store' 'store_ln1719' <Predicate = (!icmp_ln1719)> <Delay = 0.42>
ST_2 : Operation 76 [1/1] (0.42ns)   --->   "%store_ln1719 = store i8 %select_ln1719_1, i8 %v702" [spikingformer_official.cpp:1719->spikingformer_official.cpp:2396]   --->   Operation 76 'store' 'store_ln1719' <Predicate = (!icmp_ln1719)> <Delay = 0.42>
ST_2 : Operation 77 [1/1] (0.42ns)   --->   "%store_ln1720 = store i12 %select_ln1720_2, i12 %indvar_flatten13272" [spikingformer_official.cpp:1720->spikingformer_official.cpp:2396]   --->   Operation 77 'store' 'store_ln1720' <Predicate = (!icmp_ln1719)> <Delay = 0.42>
ST_2 : Operation 78 [1/1] (0.42ns)   --->   "%store_ln1720 = store i6 %select_ln1720_1, i6 %v703" [spikingformer_official.cpp:1720->spikingformer_official.cpp:2396]   --->   Operation 78 'store' 'store_ln1720' <Predicate = (!icmp_ln1719)> <Delay = 0.42>
ST_2 : Operation 79 [1/1] (0.42ns)   --->   "%store_ln1721 = store i6 %add_ln1721, i6 %v704" [spikingformer_official.cpp:1721->spikingformer_official.cpp:2396]   --->   Operation 79 'store' 'store_ln1721' <Predicate = (!icmp_ln1719)> <Delay = 0.42>

State 3 <SV = 2> <Delay = 0.00>
ST_3 : Operation 80 [8/8] (7.30ns)   --->   "%g0_load_64_req = readreq i1 @_ssdm_op_ReadReq.m_axi.i32P1A, i32 %g0_addr_119, i64 1" [spikingformer_official.cpp:1726->spikingformer_official.cpp:2396]   --->   Operation 80 'readreq' 'g0_load_64_req' <Predicate = (!icmp_ln1719)> <Delay = 7.30> <CoreInst = "m_axi">   --->   Core 119 'm_axi' <Latency = 6> <II = 1> <Delay = 1.00> <Adapter> <Opcode : 'readrequnaligned' 'writerequnaligned' 'read' 'write' 'readreq' 'writereq' 'writeresp'>

State 4 <SV = 3> <Delay = 0.00>
ST_4 : Operation 81 [7/8] (7.30ns)   --->   "%g0_load_64_req = readreq i1 @_ssdm_op_ReadReq.m_axi.i32P1A, i32 %g0_addr_119, i64 1" [spikingformer_official.cpp:1726->spikingformer_official.cpp:2396]   --->   Operation 81 'readreq' 'g0_load_64_req' <Predicate = true> <Delay = 7.30> <CoreInst = "m_axi">   --->   Core 119 'm_axi' <Latency = 6> <II = 1> <Delay = 1.00> <Adapter> <Opcode : 'readrequnaligned' 'writerequnaligned' 'read' 'write' 'readreq' 'writereq' 'writeresp'>
ST_4 : Operation 82 [8/8] (7.30ns)   --->   "%g0_load_65_req = readreq i1 @_ssdm_op_ReadReq.m_axi.i32P1A, i32 %g0_addr_120, i64 1" [spikingformer_official.cpp:1727->spikingformer_official.cpp:2396]   --->   Operation 82 'readreq' 'g0_load_65_req' <Predicate = true> <Delay = 7.30> <CoreInst = "m_axi">   --->   Core 119 'm_axi' <Latency = 6> <II = 1> <Delay = 1.00> <Adapter> <Opcode : 'readrequnaligned' 'writerequnaligned' 'read' 'write' 'readreq' 'writereq' 'writeresp'>

State 5 <SV = 4> <Delay = 0.00>
ST_5 : Operation 83 [6/8] (7.30ns)   --->   "%g0_load_64_req = readreq i1 @_ssdm_op_ReadReq.m_axi.i32P1A, i32 %g0_addr_119, i64 1" [spikingformer_official.cpp:1726->spikingformer_official.cpp:2396]   --->   Operation 83 'readreq' 'g0_load_64_req' <Predicate = true> <Delay = 7.30> <CoreInst = "m_axi">   --->   Core 119 'm_axi' <Latency = 6> <II = 1> <Delay = 1.00> <Adapter> <Opcode : 'readrequnaligned' 'writerequnaligned' 'read' 'write' 'readreq' 'writereq' 'writeresp'>
ST_5 : Operation 84 [7/8] (7.30ns)   --->   "%g0_load_65_req = readreq i1 @_ssdm_op_ReadReq.m_axi.i32P1A, i32 %g0_addr_120, i64 1" [spikingformer_official.cpp:1727->spikingformer_official.cpp:2396]   --->   Operation 84 'readreq' 'g0_load_65_req' <Predicate = true> <Delay = 7.30> <CoreInst = "m_axi">   --->   Core 119 'm_axi' <Latency = 6> <II = 1> <Delay = 1.00> <Adapter> <Opcode : 'readrequnaligned' 'writerequnaligned' 'read' 'write' 'readreq' 'writereq' 'writeresp'>

State 6 <SV = 5> <Delay = 0.00>
ST_6 : Operation 85 [5/8] (7.30ns)   --->   "%g0_load_64_req = readreq i1 @_ssdm_op_ReadReq.m_axi.i32P1A, i32 %g0_addr_119, i64 1" [spikingformer_official.cpp:1726->spikingformer_official.cpp:2396]   --->   Operation 85 'readreq' 'g0_load_64_req' <Predicate = true> <Delay = 7.30> <CoreInst = "m_axi">   --->   Core 119 'm_axi' <Latency = 6> <II = 1> <Delay = 1.00> <Adapter> <Opcode : 'readrequnaligned' 'writerequnaligned' 'read' 'write' 'readreq' 'writereq' 'writeresp'>
ST_6 : Operation 86 [6/8] (7.30ns)   --->   "%g0_load_65_req = readreq i1 @_ssdm_op_ReadReq.m_axi.i32P1A, i32 %g0_addr_120, i64 1" [spikingformer_official.cpp:1727->spikingformer_official.cpp:2396]   --->   Operation 86 'readreq' 'g0_load_65_req' <Predicate = true> <Delay = 7.30> <CoreInst = "m_axi">   --->   Core 119 'm_axi' <Latency = 6> <II = 1> <Delay = 1.00> <Adapter> <Opcode : 'readrequnaligned' 'writerequnaligned' 'read' 'write' 'readreq' 'writereq' 'writeresp'>

State 7 <SV = 6> <Delay = 0.00>
ST_7 : Operation 87 [4/8] (7.30ns)   --->   "%g0_load_64_req = readreq i1 @_ssdm_op_ReadReq.m_axi.i32P1A, i32 %g0_addr_119, i64 1" [spikingformer_official.cpp:1726->spikingformer_official.cpp:2396]   --->   Operation 87 'readreq' 'g0_load_64_req' <Predicate = true> <Delay = 7.30> <CoreInst = "m_axi">   --->   Core 119 'm_axi' <Latency = 6> <II = 1> <Delay = 1.00> <Adapter> <Opcode : 'readrequnaligned' 'writerequnaligned' 'read' 'write' 'readreq' 'writereq' 'writeresp'>
ST_7 : Operation 88 [5/8] (7.30ns)   --->   "%g0_load_65_req = readreq i1 @_ssdm_op_ReadReq.m_axi.i32P1A, i32 %g0_addr_120, i64 1" [spikingformer_official.cpp:1727->spikingformer_official.cpp:2396]   --->   Operation 88 'readreq' 'g0_load_65_req' <Predicate = true> <Delay = 7.30> <CoreInst = "m_axi">   --->   Core 119 'm_axi' <Latency = 6> <II = 1> <Delay = 1.00> <Adapter> <Opcode : 'readrequnaligned' 'writerequnaligned' 'read' 'write' 'readreq' 'writereq' 'writeresp'>

State 8 <SV = 7> <Delay = 0.00>
ST_8 : Operation 89 [3/8] (7.30ns)   --->   "%g0_load_64_req = readreq i1 @_ssdm_op_ReadReq.m_axi.i32P1A, i32 %g0_addr_119, i64 1" [spikingformer_official.cpp:1726->spikingformer_official.cpp:2396]   --->   Operation 89 'readreq' 'g0_load_64_req' <Predicate = true> <Delay = 7.30> <CoreInst = "m_axi">   --->   Core 119 'm_axi' <Latency = 6> <II = 1> <Delay = 1.00> <Adapter> <Opcode : 'readrequnaligned' 'writerequnaligned' 'read' 'write' 'readreq' 'writereq' 'writeresp'>
ST_8 : Operation 90 [4/8] (7.30ns)   --->   "%g0_load_65_req = readreq i1 @_ssdm_op_ReadReq.m_axi.i32P1A, i32 %g0_addr_120, i64 1" [spikingformer_official.cpp:1727->spikingformer_official.cpp:2396]   --->   Operation 90 'readreq' 'g0_load_65_req' <Predicate = true> <Delay = 7.30> <CoreInst = "m_axi">   --->   Core 119 'm_axi' <Latency = 6> <II = 1> <Delay = 1.00> <Adapter> <Opcode : 'readrequnaligned' 'writerequnaligned' 'read' 'write' 'readreq' 'writereq' 'writeresp'>

State 9 <SV = 8> <Delay = 0.00>
ST_9 : Operation 91 [2/8] (7.30ns)   --->   "%g0_load_64_req = readreq i1 @_ssdm_op_ReadReq.m_axi.i32P1A, i32 %g0_addr_119, i64 1" [spikingformer_official.cpp:1726->spikingformer_official.cpp:2396]   --->   Operation 91 'readreq' 'g0_load_64_req' <Predicate = true> <Delay = 7.30> <CoreInst = "m_axi">   --->   Core 119 'm_axi' <Latency = 6> <II = 1> <Delay = 1.00> <Adapter> <Opcode : 'readrequnaligned' 'writerequnaligned' 'read' 'write' 'readreq' 'writereq' 'writeresp'>
ST_9 : Operation 92 [3/8] (7.30ns)   --->   "%g0_load_65_req = readreq i1 @_ssdm_op_ReadReq.m_axi.i32P1A, i32 %g0_addr_120, i64 1" [spikingformer_official.cpp:1727->spikingformer_official.cpp:2396]   --->   Operation 92 'readreq' 'g0_load_65_req' <Predicate = true> <Delay = 7.30> <CoreInst = "m_axi">   --->   Core 119 'm_axi' <Latency = 6> <II = 1> <Delay = 1.00> <Adapter> <Opcode : 'readrequnaligned' 'writerequnaligned' 'read' 'write' 'readreq' 'writereq' 'writeresp'>

State 10 <SV = 9> <Delay = 7.30>
ST_10 : Operation 93 [1/8] ( I:7.30ns O:7.30ns )   --->   "%g0_load_64_req = readreq i1 @_ssdm_op_ReadReq.m_axi.i32P1A, i32 %g0_addr_119, i64 1" [spikingformer_official.cpp:1726->spikingformer_official.cpp:2396]   --->   Operation 93 'readreq' 'g0_load_64_req' <Predicate = true> <Delay = 7.30> <CoreInst = "m_axi">   --->   Core 119 'm_axi' <Latency = 6> <II = 1> <Delay = 1.00> <Adapter> <Opcode : 'readrequnaligned' 'writerequnaligned' 'read' 'write' 'readreq' 'writereq' 'writeresp'>
ST_10 : Operation 94 [2/8] (7.30ns)   --->   "%g0_load_65_req = readreq i1 @_ssdm_op_ReadReq.m_axi.i32P1A, i32 %g0_addr_120, i64 1" [spikingformer_official.cpp:1727->spikingformer_official.cpp:2396]   --->   Operation 94 'readreq' 'g0_load_65_req' <Predicate = true> <Delay = 7.30> <CoreInst = "m_axi">   --->   Core 119 'm_axi' <Latency = 6> <II = 1> <Delay = 1.00> <Adapter> <Opcode : 'readrequnaligned' 'writerequnaligned' 'read' 'write' 'readreq' 'writereq' 'writeresp'>

State 11 <SV = 10> <Delay = 7.30>
ST_11 : Operation 95 [1/1] ( I:7.30ns O:7.30ns )   --->   "%g0_addr_119_read = read i32 @_ssdm_op_Read.m_axi.i32P1A, i32 %g0_addr_119" [spikingformer_official.cpp:1726->spikingformer_official.cpp:2396]   --->   Operation 95 'read' 'g0_addr_119_read' <Predicate = true> <Delay = 7.30> <CoreInst = "m_axi">   --->   Core 119 'm_axi' <Latency = 3> <II = 1> <Delay = 1.00> <Adapter> <Opcode : 'readrequnaligned' 'writerequnaligned' 'read' 'write' 'readreq' 'writereq' 'writeresp'>
ST_11 : Operation 96 [1/8] ( I:7.30ns O:7.30ns )   --->   "%g0_load_65_req = readreq i1 @_ssdm_op_ReadReq.m_axi.i32P1A, i32 %g0_addr_120, i64 1" [spikingformer_official.cpp:1727->spikingformer_official.cpp:2396]   --->   Operation 96 'readreq' 'g0_load_65_req' <Predicate = true> <Delay = 7.30> <CoreInst = "m_axi">   --->   Core 119 'm_axi' <Latency = 6> <II = 1> <Delay = 1.00> <Adapter> <Opcode : 'readrequnaligned' 'writerequnaligned' 'read' 'write' 'readreq' 'writereq' 'writeresp'>

State 12 <SV = 11> <Delay = 7.30>
ST_12 : Operation 97 [1/1] ( I:7.30ns O:7.30ns )   --->   "%g0_addr_120_read = read i32 @_ssdm_op_Read.m_axi.i32P1A, i32 %g0_addr_120" [spikingformer_official.cpp:1727->spikingformer_official.cpp:2396]   --->   Operation 97 'read' 'g0_addr_120_read' <Predicate = true> <Delay = 7.30> <CoreInst = "m_axi">   --->   Core 119 'm_axi' <Latency = 3> <II = 1> <Delay = 1.00> <Adapter> <Opcode : 'readrequnaligned' 'writerequnaligned' 'read' 'write' 'readreq' 'writereq' 'writeresp'>

State 13 <SV = 12> <Delay = 6.43>
ST_13 : Operation 98 [1/1] (0.00ns)   --->   "%v705 = bitcast i32 %g0_addr_119_read" [spikingformer_official.cpp:1726->spikingformer_official.cpp:2396]   --->   Operation 98 'bitcast' 'v705' <Predicate = true> <Delay = 0.00>
ST_13 : Operation 99 [1/1] (0.00ns)   --->   "%v706 = bitcast i32 %g0_addr_120_read" [spikingformer_official.cpp:1727->spikingformer_official.cpp:2396]   --->   Operation 99 'bitcast' 'v706' <Predicate = true> <Delay = 0.00>
ST_13 : Operation 100 [4/4] (6.43ns)   --->   "%v707 = fadd i32 %v705, i32 %v706" [spikingformer_official.cpp:1728->spikingformer_official.cpp:2396]   --->   Operation 100 'fadd' 'v707' <Predicate = true> <Delay = 6.43> <CoreInst = "FAddSub_fulldsp">   --->   Core 18 'FAddSub_fulldsp' <Latency = 3> <II = 1> <Delay = 6.43> <FuncUnit> <Opcode : 'fadd' 'fsub'> <InPorts = 2> <OutPorts = 1>

State 14 <SV = 13> <Delay = 6.43>
ST_14 : Operation 101 [3/4] (6.43ns)   --->   "%v707 = fadd i32 %v705, i32 %v706" [spikingformer_official.cpp:1728->spikingformer_official.cpp:2396]   --->   Operation 101 'fadd' 'v707' <Predicate = true> <Delay = 6.43> <CoreInst = "FAddSub_fulldsp">   --->   Core 18 'FAddSub_fulldsp' <Latency = 3> <II = 1> <Delay = 6.43> <FuncUnit> <Opcode : 'fadd' 'fsub'> <InPorts = 2> <OutPorts = 1>

State 15 <SV = 14> <Delay = 6.43>
ST_15 : Operation 102 [2/4] (6.43ns)   --->   "%v707 = fadd i32 %v705, i32 %v706" [spikingformer_official.cpp:1728->spikingformer_official.cpp:2396]   --->   Operation 102 'fadd' 'v707' <Predicate = true> <Delay = 6.43> <CoreInst = "FAddSub_fulldsp">   --->   Core 18 'FAddSub_fulldsp' <Latency = 3> <II = 1> <Delay = 6.43> <FuncUnit> <Opcode : 'fadd' 'fsub'> <InPorts = 2> <OutPorts = 1>
ST_15 : Operation 111 [1/1] (0.42ns)   --->   "%ret_ln0 = ret"   --->   Operation 111 'ret' 'ret_ln0' <Predicate = (icmp_ln1719)> <Delay = 0.42>

State 16 <SV = 15> <Delay = 6.43>
ST_16 : Operation 103 [1/4] (6.43ns)   --->   "%v707 = fadd i32 %v705, i32 %v706" [spikingformer_official.cpp:1728->spikingformer_official.cpp:2396]   --->   Operation 103 'fadd' 'v707' <Predicate = true> <Delay = 6.43> <CoreInst = "FAddSub_fulldsp">   --->   Core 18 'FAddSub_fulldsp' <Latency = 3> <II = 1> <Delay = 6.43> <FuncUnit> <Opcode : 'fadd' 'fsub'> <InPorts = 2> <OutPorts = 1>

State 17 <SV = 16> <Delay = 7.30>
ST_17 : Operation 104 [1/1] (0.00ns)   --->   "%g0_addr = getelementptr i32 %g0, i64 %sext_ln2265_cast" [spikingformer_official.cpp:2265->spikingformer_official.cpp:2330]   --->   Operation 104 'getelementptr' 'g0_addr' <Predicate = true> <Delay = 0.00>
ST_17 : Operation 105 [1/1] (0.00ns)   --->   "%specloopname_ln0 = specloopname void @_ssdm_op_SpecLoopName, void @VITIS_LOOP_1719_1_VITIS_LOOP_1720_2_VITIS_LOOP_1721_3_str"   --->   Operation 105 'specloopname' 'specloopname_ln0' <Predicate = true> <Delay = 0.00>
ST_17 : Operation 106 [1/1] (0.00ns)   --->   "%speclooptripcount_ln0 = speclooptripcount void @_ssdm_op_SpecLoopTripCount, i64 196608, i64 196608, i64 196608"   --->   Operation 106 'speclooptripcount' 'speclooptripcount_ln0' <Predicate = true> <Delay = 0.00>
ST_17 : Operation 107 [1/1] (0.00ns)   --->   "%specpipeline_ln1722 = specpipeline void @_ssdm_op_SpecPipeline, i32 1, i32 0, i32 0, i32 0, i32 4294967295, void @empty_35" [spikingformer_official.cpp:1722->spikingformer_official.cpp:2396]   --->   Operation 107 'specpipeline' 'specpipeline_ln1722' <Predicate = true> <Delay = 0.00>
ST_17 : Operation 108 [1/1] (0.00ns)   --->   "%bitcast_ln1729 = bitcast i32 %v707" [spikingformer_official.cpp:1729->spikingformer_official.cpp:2396]   --->   Operation 108 'bitcast' 'bitcast_ln1729' <Predicate = true> <Delay = 0.00>
ST_17 : Operation 109 [1/1] ( I:7.30ns O:7.30ns )   --->   "%write_ln1729 = write void @_ssdm_op_Write.m_axi.p1i32.i32, i32 %g0_addr, i32 %bitcast_ln1729, i4 15" [spikingformer_official.cpp:1729->spikingformer_official.cpp:2396]   --->   Operation 109 'write' 'write_ln1729' <Predicate = true> <Delay = 7.30> <CoreInst = "m_axi">   --->   Core 119 'm_axi' <Latency = 5> <II = 1> <Delay = 1.00> <Adapter> <Opcode : 'readrequnaligned' 'writerequnaligned' 'read' 'write' 'readreq' 'writereq' 'writeresp'>
ST_17 : Operation 110 [1/1] (0.00ns)   --->   "%br_ln1721 = br void %for.inc.i491" [spikingformer_official.cpp:1721->spikingformer_official.cpp:2396]   --->   Operation 110 'br' 'br_ln1721' <Predicate = true> <Delay = 0.00>


============================================================
+ Verbose Summary: Timing violations
============================================================
Target clock period: 10.000ns, clock uncertainty: 2.700ns.

 <State 1>: 0.427ns
The critical path consists of the following:
	'alloca' operation 18 bit ('indvar_flatten13283') [11]  (0.000 ns)
	'store' operation ('store_ln0') of constant 0 18 bit on local variable 'indvar_flatten13283' [22]  (0.427 ns)

 <State 2>: 4.319ns
The critical path consists of the following:
	'load' operation 12 bit ('indvar_flatten13272_load', spikingformer_official.cpp:1720->spikingformer_official.cpp:2396) on local variable 'indvar_flatten13272' [37]  (0.000 ns)
	'icmp' operation 1 bit ('icmp_ln1720', spikingformer_official.cpp:1720->spikingformer_official.cpp:2396) [43]  (0.809 ns)
	'select' operation 6 bit ('select_ln1719', spikingformer_official.cpp:1719->spikingformer_official.cpp:2396) [44]  (0.384 ns)
	'add' operation 6 bit ('add_ln1720', spikingformer_official.cpp:1720->spikingformer_official.cpp:2396) [49]  (0.781 ns)
	'select' operation 6 bit ('select_ln1720_1', spikingformer_official.cpp:1720->spikingformer_official.cpp:2396) [52]  (0.384 ns)
	'add' operation 18 bit ('add_ln1723', spikingformer_official.cpp:1723->spikingformer_official.cpp:2396) [58]  (0.873 ns)
	'add' operation 63 bit ('add_ln1726', spikingformer_official.cpp:1726->spikingformer_official.cpp:2396) [60]  (1.088 ns)

 <State 3>: 0.000ns
The critical path consists of the following:

 <State 4>: 0.000ns
The critical path consists of the following:

 <State 5>: 0.000ns
The critical path consists of the following:

 <State 6>: 0.000ns
The critical path consists of the following:

 <State 7>: 0.000ns
The critical path consists of the following:

 <State 8>: 0.000ns
The critical path consists of the following:

 <State 9>: 0.000ns
The critical path consists of the following:

 <State 10>: 7.300ns
The critical path consists of the following:
	bus request operation ('g0_load_64_req', spikingformer_official.cpp:1726->spikingformer_official.cpp:2396) on port 'g0' (spikingformer_official.cpp:1726->spikingformer_official.cpp:2396) [63]  (7.300 ns)

 <State 11>: 7.300ns
The critical path consists of the following:
	bus read operation ('g0_addr_119_read', spikingformer_official.cpp:1726->spikingformer_official.cpp:2396) on port 'g0' (spikingformer_official.cpp:1726->spikingformer_official.cpp:2396) [64]  (7.300 ns)

 <State 12>: 7.300ns
The critical path consists of the following:
	bus read operation ('g0_addr_120_read', spikingformer_official.cpp:1727->spikingformer_official.cpp:2396) on port 'g0' (spikingformer_official.cpp:1727->spikingformer_official.cpp:2396) [70]  (7.300 ns)

 <State 13>: 6.437ns
The critical path consists of the following:
	'fadd' operation 32 bit ('v707', spikingformer_official.cpp:1728->spikingformer_official.cpp:2396) [72]  (6.437 ns)

 <State 14>: 6.437ns
The critical path consists of the following:
	'fadd' operation 32 bit ('v707', spikingformer_official.cpp:1728->spikingformer_official.cpp:2396) [72]  (6.437 ns)

 <State 15>: 6.437ns
The critical path consists of the following:
	'fadd' operation 32 bit ('v707', spikingformer_official.cpp:1728->spikingformer_official.cpp:2396) [72]  (6.437 ns)

 <State 16>: 6.437ns
The critical path consists of the following:
	'fadd' operation 32 bit ('v707', spikingformer_official.cpp:1728->spikingformer_official.cpp:2396) [72]  (6.437 ns)

 <State 17>: 7.300ns
The critical path consists of the following:
	'getelementptr' operation 32 bit ('g0_addr', spikingformer_official.cpp:2265->spikingformer_official.cpp:2330) [39]  (0.000 ns)
	bus write operation ('write_ln1729', spikingformer_official.cpp:1729->spikingformer_official.cpp:2396) on port 'g0' (spikingformer_official.cpp:1729->spikingformer_official.cpp:2396) [74]  (7.300 ns)


============================================================
+ Verbose Summary: Binding
============================================================
N/A
* FSMD analyzer results:
  - Output states:
 - Input state : 
  - Chain level:
	State 1
	State 2
	State 3
	State 4
	State 5
	State 6
	State 7
	State 8
	State 9
	State 10
	State 11
	State 12
	State 13
	State 14
	State 15
	State 16
	State 17


============================================================
+ Verbose Summary: Datapath Resource usage 
============================================================
N/A
