

================================================================
== Vitis HLS Report for 'control_Pipeline_VITIS_LOOP_1196_1_VITIS_LOOP_1197_2_VITIS_LOOP_1198_3'
================================================================
* Date:           Sun Jul 12 20:26:07 2026

* Version:        2025.2 (Build 6295257 on Nov 14 2025)
* Project:        spikingformer_proj
* Solution:       solution1 (Vivado IP Flow Target)
* Product family: zynquplus
* Target device:  xczu7ev-ffvc1156-2-e


================================================================
== Performance Estimates
================================================================
+ Timing: 
    * Summary: 
    +--------+----------+----------+------------+
    |  Clock |  Target  | Estimated| Uncertainty|
    +--------+----------+----------+------------+
    |ap_clk  |  10.00 ns|  7.300 ns|     2.70 ns|
    +--------+----------+----------+------------+

+ Latency: 
    * Summary: 
    +---------+---------+----------+----------+-----+-----+-------------------+
    |  Latency (cycles) |  Latency (absolute) |  Interval |      Pipeline     |
    |   min   |   max   |    min   |    max   | min | max |        Type       |
    +---------+---------+----------+----------+-----+-----+-------------------+
    |    24592|    24592|  0.246 ms|  0.246 ms|    0|    0|  loop pipeline stp|
    +---------+---------+----------+----------+-----+-----+-------------------+

    + Detail: 
        * Instance: 
        N/A

        * Loop: 
        +---------------------------------------------------------+---------+---------+----------+-----------+-----------+-------+----------+
        |                                                         |  Latency (cycles) | Iteration|  Initiation Interval  |  Trip |          |
        |                        Loop Name                        |   min   |   max   |  Latency |  achieved |   target  | Count | Pipelined|
        +---------------------------------------------------------+---------+---------+----------+-----------+-----------+-------+----------+
        |- VITIS_LOOP_1196_1_VITIS_LOOP_1197_2_VITIS_LOOP_1198_3  |    24590|    24590|        16|          1|          1|  24576|       yes|
        +---------------------------------------------------------+---------+---------+----------+-----------+-----------+-------+----------+

============================================================
+ Verbose Summary: Synthesis Manager
============================================================
InlineROM: 1
ExposeGlobal: 0
============================================================
+ Verbose Summary: CDFG Model
============================================================
IsTopModel: 0
ResetActiveHigh: 1
IsCombinational: 0
IsDatapathOnly: 0
HasWiredReturn: 1
HasMFsm: 2
HasVarLatency: 1
IsPipeline: 0
IsRtlPipelined: 0
IsInstanceOverlapped: 0
IsDontTouch: 0
HasImplIP: 0
IsGatedGlobalClock: 0

+ Individual pipeline summary: 
  * Pipeline-0: initiation interval (II) = 1, depth = 17


============================================================
+ Verbose Summary: Schedule
============================================================
* Number of FSM states : 17
* Pipeline : 1
  Pipeline-0 : II = 1, D = 17, States = { 1 2 3 4 5 6 7 8 9 10 11 12 13 14 15 16 17 }
* Dataflow Pipeline: 0

* FSM state transitions: 
1 --> 2 
2 --> 3 
3 --> 4 
4 --> 5 
5 --> 6 
6 --> 7 
7 --> 8 
8 --> 9 
9 --> 10 
10 --> 11 
11 --> 12 
12 --> 13 
13 --> 14 
14 --> 15 
15 --> 16 
16 --> 17 
17 --> 

* FSM state operations: 

State 1 <SV = 0> <Delay = 0.42>
ST_1 : Operation 19 [1/1] (0.00ns)   --->   "%v491 = alloca i32 1" [spikingformer_official.cpp:1198->spikingformer_official.cpp:2450]   --->   Operation 19 'alloca' 'v491' <Predicate = true> <Delay = 0.00>
ST_1 : Operation 20 [1/1] (0.00ns)   --->   "%v490 = alloca i32 1" [spikingformer_official.cpp:1197->spikingformer_official.cpp:2450]   --->   Operation 20 'alloca' 'v490' <Predicate = true> <Delay = 0.00>
ST_1 : Operation 21 [1/1] (0.00ns)   --->   "%indvar_flatten13918 = alloca i32 1"   --->   Operation 21 'alloca' 'indvar_flatten13918' <Predicate = true> <Delay = 0.00>
ST_1 : Operation 22 [1/1] (0.00ns)   --->   "%v489 = alloca i32 1" [spikingformer_official.cpp:1196->spikingformer_official.cpp:2450]   --->   Operation 22 'alloca' 'v489' <Predicate = true> <Delay = 0.00>
ST_1 : Operation 23 [1/1] (0.00ns)   --->   "%indvar_flatten13932 = alloca i32 1"   --->   Operation 23 'alloca' 'indvar_flatten13932' <Predicate = true> <Delay = 0.00>
ST_1 : Operation 24 [1/1] (0.00ns)   --->   "%v944_read = read i64 @_ssdm_op_Read.ap_auto.i64, i64 %v944"   --->   Operation 24 'read' 'v944_read' <Predicate = true> <Delay = 0.00>
ST_1 : Operation 25 [1/1] (0.00ns)   --->   "%sext_ln22997 = read i62 @_ssdm_op_Read.ap_auto.i62, i62 %sext_ln2299"   --->   Operation 25 'read' 'sext_ln22997' <Predicate = true> <Delay = 0.00>
ST_1 : Operation 26 [1/1] (0.00ns)   --->   "%sext_ln20276 = read i62 @_ssdm_op_Read.ap_auto.i62, i62 %sext_ln2027"   --->   Operation 26 'read' 'sext_ln20276' <Predicate = true> <Delay = 0.00>
ST_1 : Operation 27 [1/1] (0.00ns)   --->   "%specstablecontent_ln0 = specstablecontent void @_ssdm_op_SpecStableContent, i32 %g0, i1 1, void "   --->   Operation 27 'specstablecontent' 'specstablecontent_ln0' <Predicate = true> <Delay = 0.00>
ST_1 : Operation 28 [1/1] (0.00ns)   --->   "%specinterface_ln0 = specinterface void @_ssdm_op_SpecInterface, i32 %g0, void @empty_26, i32 0, i32 0, void @empty_35, i32 0, i32 0, void @empty_22, void @empty_25, void @empty_35, i32 16, i32 16, i32 16, i32 16, void @empty_35, void @empty_35, i32 4294967295, i32 0, i32 0, i32 4"   --->   Operation 28 'specinterface' 'specinterface_ln0' <Predicate = true> <Delay = 0.00>
ST_1 : Operation 29 [1/1] (0.42ns)   --->   "%store_ln0 = store i15 0, i15 %indvar_flatten13932"   --->   Operation 29 'store' 'store_ln0' <Predicate = true> <Delay = 0.42>
ST_1 : Operation 30 [1/1] (0.42ns)   --->   "%store_ln1196 = store i9 0, i9 %v489" [spikingformer_official.cpp:1196->spikingformer_official.cpp:2450]   --->   Operation 30 'store' 'store_ln1196' <Predicate = true> <Delay = 0.42>
ST_1 : Operation 31 [1/1] (0.42ns)   --->   "%store_ln0 = store i8 0, i8 %indvar_flatten13918"   --->   Operation 31 'store' 'store_ln0' <Predicate = true> <Delay = 0.42>
ST_1 : Operation 32 [1/1] (0.42ns)   --->   "%store_ln1197 = store i4 0, i4 %v490" [spikingformer_official.cpp:1197->spikingformer_official.cpp:2450]   --->   Operation 32 'store' 'store_ln1197' <Predicate = true> <Delay = 0.42>
ST_1 : Operation 33 [1/1] (0.42ns)   --->   "%store_ln1198 = store i4 0, i4 %v491" [spikingformer_official.cpp:1198->spikingformer_official.cpp:2450]   --->   Operation 33 'store' 'store_ln1198' <Predicate = true> <Delay = 0.42>
ST_1 : Operation 34 [1/1] (0.42ns)   --->   "%br_ln0 = br void %for.inc.i921"   --->   Operation 34 'br' 'br_ln0' <Predicate = true> <Delay = 0.42>

State 2 <SV = 1> <Delay = 4.34>
ST_2 : Operation 35 [1/1] (0.00ns)   --->   "%first_iter_101 = phi i1 1, void %newFuncRoot, i1 0, void %new.latch.for.inc.i921.split"   --->   Operation 35 'phi' 'first_iter_101' <Predicate = true> <Delay = 0.00>
ST_2 : Operation 36 [1/1] (0.00ns)   --->   "%v491_1 = load i4 %v491" [spikingformer_official.cpp:1203->spikingformer_official.cpp:2450]   --->   Operation 36 'load' 'v491_1' <Predicate = true> <Delay = 0.00>
ST_2 : Operation 37 [1/1] (0.00ns)   --->   "%indvar_flatten13918_load = load i8 %indvar_flatten13918" [spikingformer_official.cpp:1197->spikingformer_official.cpp:2450]   --->   Operation 37 'load' 'indvar_flatten13918_load' <Predicate = true> <Delay = 0.00>
ST_2 : Operation 38 [1/1] (0.00ns)   --->   "%indvar_flatten13932_load = load i15 %indvar_flatten13932" [spikingformer_official.cpp:1196->spikingformer_official.cpp:2450]   --->   Operation 38 'load' 'indvar_flatten13932_load' <Predicate = true> <Delay = 0.00>
ST_2 : Operation 39 [1/1] (0.00ns)   --->   "%specbitsmap_ln0 = specbitsmap void @_ssdm_op_SpecBitsMap, i32 %g0"   --->   Operation 39 'specbitsmap' 'specbitsmap_ln0' <Predicate = true> <Delay = 0.00>
ST_2 : Operation 40 [1/1] (0.84ns)   --->   "%icmp_ln1196 = icmp_eq  i15 %indvar_flatten13932_load, i15 24576" [spikingformer_official.cpp:1196->spikingformer_official.cpp:2450]   --->   Operation 40 'icmp' 'icmp_ln1196' <Predicate = true> <Delay = 0.84> <CoreInst = "Cmp">   --->   Core 9 'Cmp' <Latency = 0> <II = 1> <Delay = 0.84> <FuncUnit> <Opcode : 'seteq' 'setne' 'setle' 'setge' 'setlt' 'setgt'> <InPorts = 2> <OutPorts = 1>
ST_2 : Operation 41 [1/1] (0.84ns)   --->   "%add_ln1196_1 = add i15 %indvar_flatten13932_load, i15 1" [spikingformer_official.cpp:1196->spikingformer_official.cpp:2450]   --->   Operation 41 'add' 'add_ln1196_1' <Predicate = true> <Delay = 0.84> <CoreInst = "Adder">   --->   Core 1 'Adder' <Latency = 0> <II = 1> <Delay = 0.84> <FuncUnit> <Opcode : 'add' 'sub'> <InPorts = 2> <OutPorts = 1>
ST_2 : Operation 42 [1/1] (0.00ns)   --->   "%br_ln1196 = br i1 %icmp_ln1196, void %for.inc26.i926, void %_Z9kernel525PA384_A8_A8_fPA384_A10_A10_f.exit.exitStub" [spikingformer_official.cpp:1196->spikingformer_official.cpp:2450]   --->   Operation 42 'br' 'br_ln1196' <Predicate = true> <Delay = 0.00>
ST_2 : Operation 43 [1/1] (0.00ns)   --->   "%v490_load = load i4 %v490" [spikingformer_official.cpp:1196->spikingformer_official.cpp:2450]   --->   Operation 43 'load' 'v490_load' <Predicate = (!icmp_ln1196)> <Delay = 0.00>
ST_2 : Operation 44 [1/1] (0.00ns)   --->   "%v489_load = load i9 %v489" [spikingformer_official.cpp:1196->spikingformer_official.cpp:2450]   --->   Operation 44 'load' 'v489_load' <Predicate = (!icmp_ln1196)> <Delay = 0.00>
ST_2 : Operation 45 [1/1] (0.77ns)   --->   "%add_ln1196 = add i9 %v489_load, i9 1" [spikingformer_official.cpp:1196->spikingformer_official.cpp:2450]   --->   Operation 45 'add' 'add_ln1196' <Predicate = (!icmp_ln1196)> <Delay = 0.77> <CoreInst = "Adder">   --->   Core 1 'Adder' <Latency = 0> <II = 1> <Delay = 0.77> <FuncUnit> <Opcode : 'add' 'sub'> <InPorts = 2> <OutPorts = 1>
ST_2 : Operation 46 [1/1] (0.76ns)   --->   "%icmp_ln1197 = icmp_eq  i8 %indvar_flatten13918_load, i8 64" [spikingformer_official.cpp:1197->spikingformer_official.cpp:2450]   --->   Operation 46 'icmp' 'icmp_ln1197' <Predicate = (!icmp_ln1196)> <Delay = 0.76> <CoreInst = "Cmp">   --->   Core 9 'Cmp' <Latency = 0> <II = 1> <Delay = 0.76> <FuncUnit> <Opcode : 'seteq' 'setne' 'setle' 'setge' 'setlt' 'setgt'> <InPorts = 2> <OutPorts = 1>
ST_2 : Operation 47 [1/1] (0.39ns)   --->   "%select_ln1196 = select i1 %icmp_ln1197, i4 0, i4 %v490_load" [spikingformer_official.cpp:1196->spikingformer_official.cpp:2450]   --->   Operation 47 'select' 'select_ln1196' <Predicate = (!icmp_ln1196)> <Delay = 0.39> <CoreInst = "Sel">   --->   Core 73 'Sel' <Latency = 0> <II = 1> <Delay = 0.39> <FuncUnit> <Opcode : 'select'> <InPorts = 3> <OutPorts = 1>
ST_2 : Operation 48 [1/1] (0.00ns) (grouped into LUT with out node first_iter_101_mid2)   --->   "%or_ln1196 = or i1 %icmp_ln1197, i1 %first_iter_101" [spikingformer_official.cpp:1196->spikingformer_official.cpp:2450]   --->   Operation 48 'or' 'or_ln1196' <Predicate = (!icmp_ln1196)> <Delay = 0.00> <CoreInst = "LogicGate">   --->   Core 74 'LogicGate' <Latency = 0> <II = 1> <Delay = 0.28> <FuncUnit> <Opcode : 'and' 'or' 'xor'> <InPorts = 2> <OutPorts = 1>
ST_2 : Operation 49 [1/1] (0.00ns) (grouped into LUT with out node and_ln1196)   --->   "%xor_ln1196 = xor i1 %icmp_ln1197, i1 1" [spikingformer_official.cpp:1196->spikingformer_official.cpp:2450]   --->   Operation 49 'xor' 'xor_ln1196' <Predicate = (!icmp_ln1196)> <Delay = 0.00> <CoreInst = "LogicGate">   --->   Core 74 'LogicGate' <Latency = 0> <II = 1> <Delay = 0.28> <FuncUnit> <Opcode : 'and' 'or' 'xor'> <InPorts = 2> <OutPorts = 1>
ST_2 : Operation 50 [1/1] (0.79ns)   --->   "%icmp_ln1198 = icmp_eq  i4 %v491_1, i4 8" [spikingformer_official.cpp:1198->spikingformer_official.cpp:2450]   --->   Operation 50 'icmp' 'icmp_ln1198' <Predicate = (!icmp_ln1196)> <Delay = 0.79> <CoreInst = "Cmp">   --->   Core 9 'Cmp' <Latency = 0> <II = 1> <Delay = 0.79> <FuncUnit> <Opcode : 'seteq' 'setne' 'setle' 'setge' 'setlt' 'setgt'> <InPorts = 2> <OutPorts = 1>
ST_2 : Operation 51 [1/1] (0.28ns) (out node of the LUT)   --->   "%and_ln1196 = and i1 %icmp_ln1198, i1 %xor_ln1196" [spikingformer_official.cpp:1196->spikingformer_official.cpp:2450]   --->   Operation 51 'and' 'and_ln1196' <Predicate = (!icmp_ln1196)> <Delay = 0.28> <CoreInst = "LogicGate">   --->   Core 74 'LogicGate' <Latency = 0> <II = 1> <Delay = 0.28> <FuncUnit> <Opcode : 'and' 'or' 'xor'> <InPorts = 2> <OutPorts = 1>
ST_2 : Operation 52 [1/1] (0.39ns)   --->   "%select_ln1196_1 = select i1 %icmp_ln1197, i9 %add_ln1196, i9 %v489_load" [spikingformer_official.cpp:1196->spikingformer_official.cpp:2450]   --->   Operation 52 'select' 'select_ln1196_1' <Predicate = (!icmp_ln1196)> <Delay = 0.39> <CoreInst = "Sel">   --->   Core 73 'Sel' <Latency = 0> <II = 1> <Delay = 0.39> <FuncUnit> <Opcode : 'select'> <InPorts = 3> <OutPorts = 1>
ST_2 : Operation 53 [1/1] (0.79ns)   --->   "%add_ln1203_4 = add i4 %select_ln1196, i4 1" [spikingformer_official.cpp:1203->spikingformer_official.cpp:2450]   --->   Operation 53 'add' 'add_ln1203_4' <Predicate = (!icmp_ln1196)> <Delay = 0.79> <CoreInst = "Adder">   --->   Core 1 'Adder' <Latency = 0> <II = 1> <Delay = 0.79> <FuncUnit> <Opcode : 'add' 'sub'> <InPorts = 2> <OutPorts = 1>
ST_2 : Operation 54 [1/1] (0.28ns) (out node of the LUT)   --->   "%first_iter_101_mid2 = or i1 %and_ln1196, i1 %or_ln1196" [spikingformer_official.cpp:1196->spikingformer_official.cpp:2450]   --->   Operation 54 'or' 'first_iter_101_mid2' <Predicate = (!icmp_ln1196)> <Delay = 0.28> <CoreInst = "LogicGate">   --->   Core 74 'LogicGate' <Latency = 0> <II = 1> <Delay = 0.28> <FuncUnit> <Opcode : 'and' 'or' 'xor'> <InPorts = 2> <OutPorts = 1>
ST_2 : Operation 55 [1/1] (0.39ns)   --->   "%select_ln1197 = select i1 %and_ln1196, i4 %add_ln1203_4, i4 %select_ln1196" [spikingformer_official.cpp:1197->spikingformer_official.cpp:2450]   --->   Operation 55 'select' 'select_ln1197' <Predicate = (!icmp_ln1196)> <Delay = 0.39> <CoreInst = "Sel">   --->   Core 73 'Sel' <Latency = 0> <II = 1> <Delay = 0.39> <FuncUnit> <Opcode : 'select'> <InPorts = 3> <OutPorts = 1>
ST_2 : Operation 56 [1/1] (0.00ns)   --->   "%zext_ln1196 = zext i9 %select_ln1196_1" [spikingformer_official.cpp:1196->spikingformer_official.cpp:2450]   --->   Operation 56 'zext' 'zext_ln1196' <Predicate = (!icmp_ln1196)> <Delay = 0.00>
ST_2 : Operation 57 [3/3] (0.99ns) (grouped into DSP with root node add_ln1203_2)   --->   "%mul_ln1197 = mul i16 %zext_ln1196, i16 100" [spikingformer_official.cpp:1197->spikingformer_official.cpp:2450]   --->   Operation 57 'mul' 'mul_ln1197' <Predicate = (!icmp_ln1196)> <Delay = 0.99> <CoreInst = "DSP48">   --->   Core 124 'DSP48' <Latency = 3> <II = 1> <Delay = 0.53> <IPBlock> <Opcode : 'add' 'sub' 'mul' 'select'> <InPorts = 0> <OutPorts = 1> <Sync> <CReg>
ST_2 : Operation 58 [1/1] (0.00ns)   --->   "%shl_ln = bitconcatenate i15 @_ssdm_op_BitConcatenate.i15.i9.i6, i9 %select_ln1196_1, i6 0" [spikingformer_official.cpp:1197->spikingformer_official.cpp:2450]   --->   Operation 58 'bitconcatenate' 'shl_ln' <Predicate = (!icmp_ln1196)> <Delay = 0.00>
ST_2 : Operation 59 [1/1] (0.00ns)   --->   "%zext_ln1197_1 = zext i15 %shl_ln" [spikingformer_official.cpp:1197->spikingformer_official.cpp:2450]   --->   Operation 59 'zext' 'zext_ln1197_1' <Predicate = (!icmp_ln1196)> <Delay = 0.00>
ST_2 : Operation 60 [1/1] (0.00ns)   --->   "%trunc_ln1203 = trunc i4 %select_ln1197" [spikingformer_official.cpp:1203->spikingformer_official.cpp:2450]   --->   Operation 60 'trunc' 'trunc_ln1203' <Predicate = (!icmp_ln1196)> <Delay = 0.00>
ST_2 : Operation 61 [1/1] (0.00ns)   --->   "%shl_ln1203_1 = bitconcatenate i6 @_ssdm_op_BitConcatenate.i6.i3.i3, i3 %trunc_ln1203, i3 0" [spikingformer_official.cpp:1203->spikingformer_official.cpp:2450]   --->   Operation 61 'bitconcatenate' 'shl_ln1203_1' <Predicate = (!icmp_ln1196)> <Delay = 0.00>
ST_2 : Operation 62 [1/1] (0.00ns)   --->   "%zext_ln1203_2 = zext i6 %shl_ln1203_1" [spikingformer_official.cpp:1203->spikingformer_official.cpp:2450]   --->   Operation 62 'zext' 'zext_ln1203_2' <Predicate = (!icmp_ln1196)> <Delay = 0.00>
ST_2 : Operation 63 [1/1] (0.00ns)   --->   "%or_ln6 = bitconcatenate i22 @_ssdm_op_BitConcatenate.i22.i14.i8, i14 10595, i8 %zext_ln1203_2" [spikingformer_official.cpp:1203->spikingformer_official.cpp:2450]   --->   Operation 63 'bitconcatenate' 'or_ln6' <Predicate = (!icmp_ln1196)> <Delay = 0.00>
ST_2 : Operation 64 [1/1] (0.91ns)   --->   "%add_ln1203_6 = add i22 %or_ln6, i22 %zext_ln1197_1" [spikingformer_official.cpp:1203->spikingformer_official.cpp:2450]   --->   Operation 64 'add' 'add_ln1203_6' <Predicate = (!icmp_ln1196)> <Delay = 0.91> <CoreInst = "Adder">   --->   Core 1 'Adder' <Latency = 0> <II = 1> <Delay = 0.91> <FuncUnit> <Opcode : 'add' 'sub'> <InPorts = 2> <OutPorts = 1>
ST_2 : Operation 65 [1/1] (0.00ns)   --->   "%shl_ln1203_2 = bitconcatenate i24 @_ssdm_op_BitConcatenate.i24.i22.i2, i22 %add_ln1203_6, i2 0" [spikingformer_official.cpp:1203->spikingformer_official.cpp:2450]   --->   Operation 65 'bitconcatenate' 'shl_ln1203_2' <Predicate = (!icmp_ln1196)> <Delay = 0.00>
ST_2 : Operation 66 [1/1] (0.00ns)   --->   "%sext_ln1203_1 = sext i24 %shl_ln1203_2" [spikingformer_official.cpp:1203->spikingformer_official.cpp:2450]   --->   Operation 66 'sext' 'sext_ln1203_1' <Predicate = (!icmp_ln1196)> <Delay = 0.00>
ST_2 : Operation 67 [1/1] (0.00ns)   --->   "%zext_ln1203_5 = zext i25 %sext_ln1203_1" [spikingformer_official.cpp:1203->spikingformer_official.cpp:2450]   --->   Operation 67 'zext' 'zext_ln1203_5' <Predicate = (!icmp_ln1196)> <Delay = 0.00>
ST_2 : Operation 68 [1/1] (1.08ns)   --->   "%add_ln1203_3 = add i64 %zext_ln1203_5, i64 %v944_read" [spikingformer_official.cpp:1203->spikingformer_official.cpp:2450]   --->   Operation 68 'add' 'add_ln1203_3' <Predicate = (!icmp_ln1196)> <Delay = 1.08> <CoreInst = "Adder">   --->   Core 1 'Adder' <Latency = 0> <II = 1> <Delay = 1.08> <FuncUnit> <Opcode : 'add' 'sub'> <InPorts = 2> <OutPorts = 1>
ST_2 : Operation 69 [1/1] (0.00ns)   --->   "%trunc_ln = partselect i62 @_ssdm_op_PartSelect.i62.i64.i32.i32, i64 %add_ln1203_3, i32 2, i32 63" [spikingformer_official.cpp:1198->spikingformer_official.cpp:2450]   --->   Operation 69 'partselect' 'trunc_ln' <Predicate = (!icmp_ln1196)> <Delay = 0.00>
ST_2 : Operation 70 [1/1] (0.00ns)   --->   "%sext_ln1198 = sext i62 %trunc_ln" [spikingformer_official.cpp:1198->spikingformer_official.cpp:2450]   --->   Operation 70 'sext' 'sext_ln1198' <Predicate = (!icmp_ln1196)> <Delay = 0.00>
ST_2 : Operation 71 [1/1] (0.00ns)   --->   "%g0_addr = getelementptr i32 %g0, i64 %sext_ln1198" [spikingformer_official.cpp:1198->spikingformer_official.cpp:2450]   --->   Operation 71 'getelementptr' 'g0_addr' <Predicate = (!icmp_ln1196)> <Delay = 0.00>
ST_2 : Operation 72 [1/1] (0.00ns)   --->   "%br_ln1198 = br i1 %first_iter_101_mid2, void %for.inc.i921.split, void %new.body.VITIS_LOOP_1198_3.i" [spikingformer_official.cpp:1198->spikingformer_official.cpp:2450]   --->   Operation 72 'br' 'br_ln1198' <Predicate = (!icmp_ln1196)> <Delay = 0.00>
ST_2 : Operation 73 [1/1] (0.79ns)   --->   "%add_ln1203_7 = add i4 %v491_1, i4 1" [spikingformer_official.cpp:1203->spikingformer_official.cpp:2450]   --->   Operation 73 'add' 'add_ln1203_7' <Predicate = (!icmp_ln1196)> <Delay = 0.79> <CoreInst = "Adder">   --->   Core 1 'Adder' <Latency = 0> <II = 1> <Delay = 0.79> <FuncUnit> <Opcode : 'add' 'sub'> <InPorts = 2> <OutPorts = 1>
ST_2 : Operation 74 [1/1] (0.00ns) (grouped into LUT with out node select_ln1203)   --->   "%or_ln1203 = or i1 %and_ln1196, i1 %icmp_ln1197" [spikingformer_official.cpp:1203->spikingformer_official.cpp:2450]   --->   Operation 74 'or' 'or_ln1203' <Predicate = (!icmp_ln1196)> <Delay = 0.00> <CoreInst = "LogicGate">   --->   Core 74 'LogicGate' <Latency = 0> <II = 1> <Delay = 0.28> <FuncUnit> <Opcode : 'and' 'or' 'xor'> <InPorts = 2> <OutPorts = 1>
ST_2 : Operation 75 [1/1] (0.39ns) (out node of the LUT)   --->   "%select_ln1203 = select i1 %or_ln1203, i4 1, i4 %add_ln1203_7" [spikingformer_official.cpp:1203->spikingformer_official.cpp:2450]   --->   Operation 75 'select' 'select_ln1203' <Predicate = (!icmp_ln1196)> <Delay = 0.39> <CoreInst = "Sel">   --->   Core 73 'Sel' <Latency = 0> <II = 1> <Delay = 0.39> <FuncUnit> <Opcode : 'select'> <InPorts = 3> <OutPorts = 1>
ST_2 : Operation 76 [1/1] (0.79ns)   --->   "%icmp_ln1198_1 = icmp_eq  i4 %select_ln1203, i4 8" [spikingformer_official.cpp:1198->spikingformer_official.cpp:2450]   --->   Operation 76 'icmp' 'icmp_ln1198_1' <Predicate = (!icmp_ln1196)> <Delay = 0.79> <CoreInst = "Cmp">   --->   Core 9 'Cmp' <Latency = 0> <II = 1> <Delay = 0.79> <FuncUnit> <Opcode : 'seteq' 'setne' 'setle' 'setge' 'setlt' 'setgt'> <InPorts = 2> <OutPorts = 1>
ST_2 : Operation 77 [1/1] (0.00ns)   --->   "%br_ln1198 = br i1 %icmp_ln1198_1, void %new.latch.for.inc.i921.split, void %last.iter.for.inc.i921.split" [spikingformer_official.cpp:1198->spikingformer_official.cpp:2450]   --->   Operation 77 'br' 'br_ln1198' <Predicate = (!icmp_ln1196)> <Delay = 0.00>
ST_2 : Operation 78 [1/1] (0.76ns)   --->   "%add_ln1197 = add i8 %indvar_flatten13918_load, i8 1" [spikingformer_official.cpp:1197->spikingformer_official.cpp:2450]   --->   Operation 78 'add' 'add_ln1197' <Predicate = (!icmp_ln1196)> <Delay = 0.76> <CoreInst = "Adder">   --->   Core 1 'Adder' <Latency = 0> <II = 1> <Delay = 0.76> <FuncUnit> <Opcode : 'add' 'sub'> <InPorts = 2> <OutPorts = 1>
ST_2 : Operation 79 [1/1] (0.39ns)   --->   "%select_ln1197_1 = select i1 %icmp_ln1197, i8 1, i8 %add_ln1197" [spikingformer_official.cpp:1197->spikingformer_official.cpp:2450]   --->   Operation 79 'select' 'select_ln1197_1' <Predicate = (!icmp_ln1196)> <Delay = 0.39> <CoreInst = "Sel">   --->   Core 73 'Sel' <Latency = 0> <II = 1> <Delay = 0.39> <FuncUnit> <Opcode : 'select'> <InPorts = 3> <OutPorts = 1>
ST_2 : Operation 80 [1/1] (0.42ns)   --->   "%store_ln1196 = store i15 %add_ln1196_1, i15 %indvar_flatten13932" [spikingformer_official.cpp:1196->spikingformer_official.cpp:2450]   --->   Operation 80 'store' 'store_ln1196' <Predicate = (!icmp_ln1196)> <Delay = 0.42>
ST_2 : Operation 81 [1/1] (0.42ns)   --->   "%store_ln1196 = store i9 %select_ln1196_1, i9 %v489" [spikingformer_official.cpp:1196->spikingformer_official.cpp:2450]   --->   Operation 81 'store' 'store_ln1196' <Predicate = (!icmp_ln1196)> <Delay = 0.42>
ST_2 : Operation 82 [1/1] (0.42ns)   --->   "%store_ln1197 = store i8 %select_ln1197_1, i8 %indvar_flatten13918" [spikingformer_official.cpp:1197->spikingformer_official.cpp:2450]   --->   Operation 82 'store' 'store_ln1197' <Predicate = (!icmp_ln1196)> <Delay = 0.42>
ST_2 : Operation 83 [1/1] (0.42ns)   --->   "%store_ln1197 = store i4 %select_ln1197, i4 %v490" [spikingformer_official.cpp:1197->spikingformer_official.cpp:2450]   --->   Operation 83 'store' 'store_ln1197' <Predicate = (!icmp_ln1196)> <Delay = 0.42>
ST_2 : Operation 84 [1/1] (0.42ns)   --->   "%store_ln1198 = store i4 %select_ln1203, i4 %v491" [spikingformer_official.cpp:1198->spikingformer_official.cpp:2450]   --->   Operation 84 'store' 'store_ln1198' <Predicate = (!icmp_ln1196)> <Delay = 0.42>
ST_2 : Operation 85 [1/1] (0.00ns)   --->   "%br_ln1198 = br void %for.inc.i921" [spikingformer_official.cpp:1198->spikingformer_official.cpp:2450]   --->   Operation 85 'br' 'br_ln1198' <Predicate = (!icmp_ln1196)> <Delay = 0.00>

State 3 <SV = 2> <Delay = 0.99>
ST_3 : Operation 86 [2/3] (0.99ns) (grouped into DSP with root node add_ln1203_2)   --->   "%mul_ln1197 = mul i16 %zext_ln1196, i16 100" [spikingformer_official.cpp:1197->spikingformer_official.cpp:2450]   --->   Operation 86 'mul' 'mul_ln1197' <Predicate = true> <Delay = 0.99> <CoreInst = "DSP48">   --->   Core 124 'DSP48' <Latency = 3> <II = 1> <Delay = 0.53> <IPBlock> <Opcode : 'add' 'sub' 'mul' 'select'> <InPorts = 0> <OutPorts = 1> <Sync> <CReg>
ST_3 : Operation 87 [8/8] (7.30ns)   --->   "%empty_121 = readreq i1 @_ssdm_op_ReadReq.m_axi.p1i32, i32 %g0_addr, i64 8" [spikingformer_official.cpp:1198->spikingformer_official.cpp:2450]   --->   Operation 87 'readreq' 'empty_121' <Predicate = (first_iter_101_mid2)> <Delay = 7.30> <CoreInst = "m_axi">   --->   Core 119 'm_axi' <Latency = 6> <II = 1> <Delay = 1.00> <Adapter> <Opcode : 'readrequnaligned' 'writerequnaligned' 'read' 'write' 'readreq' 'writereq' 'writeresp'>

State 4 <SV = 3> <Delay = 2.33>
ST_4 : Operation 88 [1/3] (0.00ns) (grouped into DSP with root node add_ln1203_2)   --->   "%mul_ln1197 = mul i16 %zext_ln1196, i16 100" [spikingformer_official.cpp:1197->spikingformer_official.cpp:2450]   --->   Operation 88 'mul' 'mul_ln1197' <Predicate = true> <Delay = 0.00> <CoreInst = "DSP48">   --->   Core 124 'DSP48' <Latency = 3> <II = 1> <Delay = 0.53> <IPBlock> <Opcode : 'add' 'sub' 'mul' 'select'> <InPorts = 0> <OutPorts = 1> <Sync> <CReg>
ST_4 : Operation 89 [1/1] (0.00ns) (grouped into DSP with root node add_ln1203_2)   --->   "%zext_ln1197 = zext i16 %mul_ln1197" [spikingformer_official.cpp:1197->spikingformer_official.cpp:2450]   --->   Operation 89 'zext' 'zext_ln1197' <Predicate = true> <Delay = 0.00>
ST_4 : Operation 90 [1/1] (0.00ns)   --->   "%tmp = bitconcatenate i7 @_ssdm_op_BitConcatenate.i7.i4.i3, i4 %select_ln1197, i3 0" [spikingformer_official.cpp:1203->spikingformer_official.cpp:2450]   --->   Operation 90 'bitconcatenate' 'tmp' <Predicate = true> <Delay = 0.00>
ST_4 : Operation 91 [1/1] (0.00ns)   --->   "%zext_ln1203_1 = zext i7 %tmp" [spikingformer_official.cpp:1203->spikingformer_official.cpp:2450]   --->   Operation 91 'zext' 'zext_ln1203_1' <Predicate = true> <Delay = 0.00>
ST_4 : Operation 92 [1/1] (0.00ns)   --->   "%tmp_44 = bitconcatenate i5 @_ssdm_op_BitConcatenate.i5.i4.i1, i4 %select_ln1197, i1 0" [spikingformer_official.cpp:1203->spikingformer_official.cpp:2450]   --->   Operation 92 'bitconcatenate' 'tmp_44' <Predicate = true> <Delay = 0.00>
ST_4 : Operation 93 [1/1] (0.00ns)   --->   "%zext_ln1203_3 = zext i5 %tmp_44" [spikingformer_official.cpp:1203->spikingformer_official.cpp:2450]   --->   Operation 93 'zext' 'zext_ln1203_3' <Predicate = true> <Delay = 0.00>
ST_4 : Operation 94 [1/1] (0.77ns)   --->   "%add_ln1203_5 = add i8 %zext_ln1203_1, i8 %zext_ln1203_3" [spikingformer_official.cpp:1203->spikingformer_official.cpp:2450]   --->   Operation 94 'add' 'add_ln1203_5' <Predicate = true> <Delay = 0.77> <CoreInst = "Adder">   --->   Core 1 'Adder' <Latency = 0> <II = 1> <Delay = 0.77> <FuncUnit> <Opcode : 'add' 'sub'> <InPorts = 2> <OutPorts = 1>
ST_4 : Operation 95 [1/1] (0.00ns)   --->   "%zext_ln1203 = zext i8 %add_ln1203_5" [spikingformer_official.cpp:1203->spikingformer_official.cpp:2450]   --->   Operation 95 'zext' 'zext_ln1203' <Predicate = true> <Delay = 0.00>
ST_4 : Operation 96 [1/1] (0.91ns)   --->   "%add_ln1203 = add i22 %zext_ln1203, i22 2490379" [spikingformer_official.cpp:1203->spikingformer_official.cpp:2450]   --->   Operation 96 'add' 'add_ln1203' <Predicate = true> <Delay = 0.91> <CoreInst = "Adder">   --->   Core 1 'Adder' <Latency = 0> <II = 1> <Delay = 0.91> <FuncUnit> <Opcode : 'add' 'sub'> <InPorts = 2> <OutPorts = 1>
ST_4 : Operation 97 [2/2] (0.64ns) (root node of the DSP)   --->   "%add_ln1203_2 = add i22 %add_ln1203, i22 %zext_ln1197" [spikingformer_official.cpp:1203->spikingformer_official.cpp:2450]   --->   Operation 97 'add' 'add_ln1203_2' <Predicate = true> <Delay = 0.64> <CoreInst = "DSP48">   --->   Core 124 'DSP48' <Latency = 3> <II = 1> <Delay = 0.53> <IPBlock> <Opcode : 'add' 'sub' 'mul' 'select'> <InPorts = 0> <OutPorts = 1> <Sync> <CReg>
ST_4 : Operation 98 [7/8] (7.30ns)   --->   "%empty_121 = readreq i1 @_ssdm_op_ReadReq.m_axi.p1i32, i32 %g0_addr, i64 8" [spikingformer_official.cpp:1198->spikingformer_official.cpp:2450]   --->   Operation 98 'readreq' 'empty_121' <Predicate = (first_iter_101_mid2)> <Delay = 7.30> <CoreInst = "m_axi">   --->   Core 119 'm_axi' <Latency = 6> <II = 1> <Delay = 1.00> <Adapter> <Opcode : 'readrequnaligned' 'writerequnaligned' 'read' 'write' 'readreq' 'writereq' 'writeresp'>

State 5 <SV = 4> <Delay = 1.73>
ST_5 : Operation 99 [1/1] (0.00ns)   --->   "%specloopname_ln0 = specloopname void @_ssdm_op_SpecLoopName, void @VITIS_LOOP_1196_1_VITIS_LOOP_1197_2_VITIS_LOOP_1198_3_str"   --->   Operation 99 'specloopname' 'specloopname_ln0' <Predicate = true> <Delay = 0.00>
ST_5 : Operation 100 [1/1] (0.00ns)   --->   "%speclooptripcount_ln0 = speclooptripcount void @_ssdm_op_SpecLoopTripCount, i64 24576, i64 24576, i64 24576"   --->   Operation 100 'speclooptripcount' 'speclooptripcount_ln0' <Predicate = true> <Delay = 0.00>
ST_5 : Operation 101 [1/2] (0.64ns) (root node of the DSP)   --->   "%add_ln1203_2 = add i22 %add_ln1203, i22 %zext_ln1197" [spikingformer_official.cpp:1203->spikingformer_official.cpp:2450]   --->   Operation 101 'add' 'add_ln1203_2' <Predicate = true> <Delay = 0.64> <CoreInst = "DSP48">   --->   Core 124 'DSP48' <Latency = 3> <II = 1> <Delay = 0.53> <IPBlock> <Opcode : 'add' 'sub' 'mul' 'select'> <InPorts = 0> <OutPorts = 1> <Sync> <CReg>
ST_5 : Operation 102 [1/1] (0.00ns)   --->   "%shl_ln13 = bitconcatenate i24 @_ssdm_op_BitConcatenate.i24.i22.i2, i22 %add_ln1203_2, i2 0" [spikingformer_official.cpp:1203->spikingformer_official.cpp:2450]   --->   Operation 102 'bitconcatenate' 'shl_ln13' <Predicate = true> <Delay = 0.00>
ST_5 : Operation 103 [1/1] (0.00ns)   --->   "%sext_ln1203 = sext i24 %shl_ln13" [spikingformer_official.cpp:1203->spikingformer_official.cpp:2450]   --->   Operation 103 'sext' 'sext_ln1203' <Predicate = true> <Delay = 0.00>
ST_5 : Operation 104 [1/1] (0.00ns)   --->   "%zext_ln1203_4 = zext i25 %sext_ln1203" [spikingformer_official.cpp:1203->spikingformer_official.cpp:2450]   --->   Operation 104 'zext' 'zext_ln1203_4' <Predicate = true> <Delay = 0.00>
ST_5 : Operation 105 [1/1] (1.08ns)   --->   "%add_ln1203_1 = add i64 %zext_ln1203_4, i64 %v944_read" [spikingformer_official.cpp:1203->spikingformer_official.cpp:2450]   --->   Operation 105 'add' 'add_ln1203_1' <Predicate = true> <Delay = 1.08> <CoreInst = "Adder">   --->   Core 1 'Adder' <Latency = 0> <II = 1> <Delay = 1.08> <FuncUnit> <Opcode : 'add' 'sub'> <InPorts = 2> <OutPorts = 1>
ST_5 : Operation 106 [1/1] (0.00ns)   --->   "%trunc_ln1198_1 = partselect i62 @_ssdm_op_PartSelect.i62.i64.i32.i32, i64 %add_ln1203_1, i32 2, i32 63" [spikingformer_official.cpp:1198->spikingformer_official.cpp:2450]   --->   Operation 106 'partselect' 'trunc_ln1198_1' <Predicate = true> <Delay = 0.00>
ST_5 : Operation 107 [1/1] (0.00ns)   --->   "%sext_ln1198_1 = sext i62 %trunc_ln1198_1" [spikingformer_official.cpp:1198->spikingformer_official.cpp:2450]   --->   Operation 107 'sext' 'sext_ln1198_1' <Predicate = true> <Delay = 0.00>
ST_5 : Operation 108 [1/1] (0.00ns)   --->   "%g0_addr_141 = getelementptr i32 %g0, i64 %sext_ln1198_1" [spikingformer_official.cpp:1198->spikingformer_official.cpp:2450]   --->   Operation 108 'getelementptr' 'g0_addr_141' <Predicate = true> <Delay = 0.00>
ST_5 : Operation 109 [6/8] (7.30ns)   --->   "%empty_121 = readreq i1 @_ssdm_op_ReadReq.m_axi.p1i32, i32 %g0_addr, i64 8" [spikingformer_official.cpp:1198->spikingformer_official.cpp:2450]   --->   Operation 109 'readreq' 'empty_121' <Predicate = (first_iter_101_mid2)> <Delay = 7.30> <CoreInst = "m_axi">   --->   Core 119 'm_axi' <Latency = 6> <II = 1> <Delay = 1.00> <Adapter> <Opcode : 'readrequnaligned' 'writerequnaligned' 'read' 'write' 'readreq' 'writereq' 'writeresp'>

State 6 <SV = 5> <Delay = 7.30>
ST_6 : Operation 110 [5/8] (7.30ns)   --->   "%empty_121 = readreq i1 @_ssdm_op_ReadReq.m_axi.p1i32, i32 %g0_addr, i64 8" [spikingformer_official.cpp:1198->spikingformer_official.cpp:2450]   --->   Operation 110 'readreq' 'empty_121' <Predicate = (first_iter_101_mid2)> <Delay = 7.30> <CoreInst = "m_axi">   --->   Core 119 'm_axi' <Latency = 6> <II = 1> <Delay = 1.00> <Adapter> <Opcode : 'readrequnaligned' 'writerequnaligned' 'read' 'write' 'readreq' 'writereq' 'writeresp'>
ST_6 : Operation 111 [1/1] ( I:7.30ns O:7.30ns )   --->   "%empty_122 = writereq i1 @_ssdm_op_WriteReq.m_axi.p1i32, i32 %g0_addr_141, i64 8" [spikingformer_official.cpp:1198->spikingformer_official.cpp:2450]   --->   Operation 111 'writereq' 'empty_122' <Predicate = (first_iter_101_mid2)> <Delay = 7.30> <CoreInst = "m_axi">   --->   Core 119 'm_axi' <Latency = 9> <II = 1> <Delay = 1.00> <Adapter> <Opcode : 'readrequnaligned' 'writerequnaligned' 'read' 'write' 'readreq' 'writereq' 'writeresp'>

State 7 <SV = 6> <Delay = 0.00>
ST_7 : Operation 112 [4/8] (7.30ns)   --->   "%empty_121 = readreq i1 @_ssdm_op_ReadReq.m_axi.p1i32, i32 %g0_addr, i64 8" [spikingformer_official.cpp:1198->spikingformer_official.cpp:2450]   --->   Operation 112 'readreq' 'empty_121' <Predicate = (first_iter_101_mid2)> <Delay = 7.30> <CoreInst = "m_axi">   --->   Core 119 'm_axi' <Latency = 6> <II = 1> <Delay = 1.00> <Adapter> <Opcode : 'readrequnaligned' 'writerequnaligned' 'read' 'write' 'readreq' 'writereq' 'writeresp'>

State 8 <SV = 7> <Delay = 0.00>
ST_8 : Operation 113 [3/8] (7.30ns)   --->   "%empty_121 = readreq i1 @_ssdm_op_ReadReq.m_axi.p1i32, i32 %g0_addr, i64 8" [spikingformer_official.cpp:1198->spikingformer_official.cpp:2450]   --->   Operation 113 'readreq' 'empty_121' <Predicate = (first_iter_101_mid2)> <Delay = 7.30> <CoreInst = "m_axi">   --->   Core 119 'm_axi' <Latency = 6> <II = 1> <Delay = 1.00> <Adapter> <Opcode : 'readrequnaligned' 'writerequnaligned' 'read' 'write' 'readreq' 'writereq' 'writeresp'>

State 9 <SV = 8> <Delay = 0.00>
ST_9 : Operation 114 [2/8] (7.30ns)   --->   "%empty_121 = readreq i1 @_ssdm_op_ReadReq.m_axi.p1i32, i32 %g0_addr, i64 8" [spikingformer_official.cpp:1198->spikingformer_official.cpp:2450]   --->   Operation 114 'readreq' 'empty_121' <Predicate = (first_iter_101_mid2)> <Delay = 7.30> <CoreInst = "m_axi">   --->   Core 119 'm_axi' <Latency = 6> <II = 1> <Delay = 1.00> <Adapter> <Opcode : 'readrequnaligned' 'writerequnaligned' 'read' 'write' 'readreq' 'writereq' 'writeresp'>

State 10 <SV = 9> <Delay = 7.30>
ST_10 : Operation 115 [1/8] ( I:7.30ns O:7.30ns )   --->   "%empty_121 = readreq i1 @_ssdm_op_ReadReq.m_axi.p1i32, i32 %g0_addr, i64 8" [spikingformer_official.cpp:1198->spikingformer_official.cpp:2450]   --->   Operation 115 'readreq' 'empty_121' <Predicate = (first_iter_101_mid2)> <Delay = 7.30> <CoreInst = "m_axi">   --->   Core 119 'm_axi' <Latency = 6> <II = 1> <Delay = 1.00> <Adapter> <Opcode : 'readrequnaligned' 'writerequnaligned' 'read' 'write' 'readreq' 'writereq' 'writeresp'>
ST_10 : Operation 116 [1/1] (0.00ns)   --->   "%br_ln1198 = br void %for.inc.i921.split" [spikingformer_official.cpp:1198->spikingformer_official.cpp:2450]   --->   Operation 116 'br' 'br_ln1198' <Predicate = (first_iter_101_mid2)> <Delay = 0.00>

State 11 <SV = 10> <Delay = 7.30>
ST_11 : Operation 117 [1/1] ( I:7.30ns O:7.30ns )   --->   "%v492 = read i32 @_ssdm_op_Read.m_axi.i32.p1i32, i32 %g0_addr" [spikingformer_official.cpp:1202->spikingformer_official.cpp:2450]   --->   Operation 117 'read' 'v492' <Predicate = true> <Delay = 7.30> <CoreInst = "m_axi">   --->   Core 119 'm_axi' <Latency = 3> <II = 1> <Delay = 1.00> <Adapter> <Opcode : 'readrequnaligned' 'writerequnaligned' 'read' 'write' 'readreq' 'writereq' 'writeresp'>

State 12 <SV = 11> <Delay = 7.30>
ST_12 : Operation 118 [1/1] (0.00ns)   --->   "%specpipeline_ln1199 = specpipeline void @_ssdm_op_SpecPipeline, i32 1, i32 0, i32 0, i32 0, i32 4294967295, void @empty_35" [spikingformer_official.cpp:1199->spikingformer_official.cpp:2450]   --->   Operation 118 'specpipeline' 'specpipeline_ln1199' <Predicate = true> <Delay = 0.00>
ST_12 : Operation 119 [1/1] ( I:7.30ns O:7.30ns )   --->   "%write_ln1203 = write void @_ssdm_op_Write.m_axi.p1i32.i32, i32 %g0_addr_141, i32 %v492, i4 15" [spikingformer_official.cpp:1203->spikingformer_official.cpp:2450]   --->   Operation 119 'write' 'write_ln1203' <Predicate = true> <Delay = 7.30> <CoreInst = "m_axi">   --->   Core 119 'm_axi' <Latency = 5> <II = 1> <Delay = 1.00> <Adapter> <Opcode : 'readrequnaligned' 'writerequnaligned' 'read' 'write' 'readreq' 'writereq' 'writeresp'>

State 13 <SV = 12> <Delay = 0.00>
ST_13 : Operation 120 [5/5] (7.30ns)   --->   "%empty = writeresp i1 @_ssdm_op_WriteResp.m_axi.p1i32, i32 %g0_addr_141" [spikingformer_official.cpp:1197->spikingformer_official.cpp:2450]   --->   Operation 120 'writeresp' 'empty' <Predicate = (icmp_ln1198_1)> <Delay = 7.30> <CoreInst = "m_axi">   --->   Core 119 'm_axi' <Latency = 3> <II = 1> <Delay = 1.00> <Adapter> <Opcode : 'readrequnaligned' 'writerequnaligned' 'read' 'write' 'readreq' 'writereq' 'writeresp'>

State 14 <SV = 13> <Delay = 0.00>
ST_14 : Operation 121 [4/5] (7.30ns)   --->   "%empty = writeresp i1 @_ssdm_op_WriteResp.m_axi.p1i32, i32 %g0_addr_141" [spikingformer_official.cpp:1197->spikingformer_official.cpp:2450]   --->   Operation 121 'writeresp' 'empty' <Predicate = (icmp_ln1198_1)> <Delay = 7.30> <CoreInst = "m_axi">   --->   Core 119 'm_axi' <Latency = 3> <II = 1> <Delay = 1.00> <Adapter> <Opcode : 'readrequnaligned' 'writerequnaligned' 'read' 'write' 'readreq' 'writereq' 'writeresp'>

State 15 <SV = 14> <Delay = 0.00>
ST_15 : Operation 122 [3/5] (7.30ns)   --->   "%empty = writeresp i1 @_ssdm_op_WriteResp.m_axi.p1i32, i32 %g0_addr_141" [spikingformer_official.cpp:1197->spikingformer_official.cpp:2450]   --->   Operation 122 'writeresp' 'empty' <Predicate = (icmp_ln1198_1)> <Delay = 7.30> <CoreInst = "m_axi">   --->   Core 119 'm_axi' <Latency = 3> <II = 1> <Delay = 1.00> <Adapter> <Opcode : 'readrequnaligned' 'writerequnaligned' 'read' 'write' 'readreq' 'writereq' 'writeresp'>

State 16 <SV = 15> <Delay = 0.42>
ST_16 : Operation 123 [2/5] (7.30ns)   --->   "%empty = writeresp i1 @_ssdm_op_WriteResp.m_axi.p1i32, i32 %g0_addr_141" [spikingformer_official.cpp:1197->spikingformer_official.cpp:2450]   --->   Operation 123 'writeresp' 'empty' <Predicate = (icmp_ln1198_1)> <Delay = 7.30> <CoreInst = "m_axi">   --->   Core 119 'm_axi' <Latency = 3> <II = 1> <Delay = 1.00> <Adapter> <Opcode : 'readrequnaligned' 'writerequnaligned' 'read' 'write' 'readreq' 'writereq' 'writeresp'>
ST_16 : Operation 126 [1/1] (0.42ns)   --->   "%ret_ln0 = ret"   --->   Operation 126 'ret' 'ret_ln0' <Predicate = (icmp_ln1196)> <Delay = 0.42>

State 17 <SV = 16> <Delay = 7.30>
ST_17 : Operation 124 [1/5] ( I:7.30ns O:7.30ns )   --->   "%empty = writeresp i1 @_ssdm_op_WriteResp.m_axi.p1i32, i32 %g0_addr_141" [spikingformer_official.cpp:1197->spikingformer_official.cpp:2450]   --->   Operation 124 'writeresp' 'empty' <Predicate = (icmp_ln1198_1)> <Delay = 7.30> <CoreInst = "m_axi">   --->   Core 119 'm_axi' <Latency = 3> <II = 1> <Delay = 1.00> <Adapter> <Opcode : 'readrequnaligned' 'writerequnaligned' 'read' 'write' 'readreq' 'writereq' 'writeresp'>
ST_17 : Operation 125 [1/1] (0.00ns)   --->   "%br_ln1198 = br void %new.latch.for.inc.i921.split" [spikingformer_official.cpp:1198->spikingformer_official.cpp:2450]   --->   Operation 125 'br' 'br_ln1198' <Predicate = (icmp_ln1198_1)> <Delay = 0.00>


============================================================
+ Verbose Summary: Timing violations
============================================================
Target clock period: 10.000ns, clock uncertainty: 2.700ns.

 <State 1>: 0.427ns
The critical path consists of the following:
	'alloca' operation 15 bit ('indvar_flatten13932') [9]  (0.000 ns)
	'store' operation ('store_ln0') of constant 0 15 bit on local variable 'indvar_flatten13932' [15]  (0.427 ns)

 <State 2>: 4.343ns
The critical path consists of the following:
	'load' operation 8 bit ('indvar_flatten13918_load', spikingformer_official.cpp:1197->spikingformer_official.cpp:2450) on local variable 'indvar_flatten13918' [24]  (0.000 ns)
	'icmp' operation 1 bit ('icmp_ln1197', spikingformer_official.cpp:1197->spikingformer_official.cpp:2450) [36]  (0.765 ns)
	'select' operation 4 bit ('select_ln1196', spikingformer_official.cpp:1196->spikingformer_official.cpp:2450) [37]  (0.391 ns)
	'add' operation 4 bit ('add_ln1203_4', spikingformer_official.cpp:1203->spikingformer_official.cpp:2450) [43]  (0.797 ns)
	'select' operation 4 bit ('select_ln1197', spikingformer_official.cpp:1197->spikingformer_official.cpp:2450) [45]  (0.391 ns)
	'add' operation 22 bit ('add_ln1203_6', spikingformer_official.cpp:1203->spikingformer_official.cpp:2450) [67]  (0.914 ns)
	'add' operation 64 bit ('add_ln1203_3', spikingformer_official.cpp:1203->spikingformer_official.cpp:2450) [71]  (1.085 ns)

 <State 3>: 0.996ns
The critical path consists of the following:
	'mul' operation 16 bit of DSP[58] ('mul_ln1197', spikingformer_official.cpp:1197->spikingformer_official.cpp:2450) [47]  (0.996 ns)

 <State 4>: 2.332ns
The critical path consists of the following:
	'add' operation 8 bit ('add_ln1203_5', spikingformer_official.cpp:1203->spikingformer_official.cpp:2450) [55]  (0.773 ns)
	'add' operation 22 bit ('add_ln1203', spikingformer_official.cpp:1203->spikingformer_official.cpp:2450) [57]  (0.914 ns)
	'add' operation 22 bit of DSP[58] ('add_ln1203_2', spikingformer_official.cpp:1203->spikingformer_official.cpp:2450) [58]  (0.645 ns)

 <State 5>: 1.730ns
The critical path consists of the following:
	'add' operation 22 bit of DSP[58] ('add_ln1203_2', spikingformer_official.cpp:1203->spikingformer_official.cpp:2450) [58]  (0.645 ns)
	'add' operation 64 bit ('add_ln1203_1', spikingformer_official.cpp:1203->spikingformer_official.cpp:2450) [62]  (1.085 ns)

 <State 6>: 7.300ns
The critical path consists of the following:
	bus request operation ('empty_122', spikingformer_official.cpp:1198->spikingformer_official.cpp:2450) on port 'g0' (spikingformer_official.cpp:1198->spikingformer_official.cpp:2450) [81]  (7.300 ns)

 <State 7>: 0.000ns
The critical path consists of the following:

 <State 8>: 0.000ns
The critical path consists of the following:

 <State 9>: 0.000ns
The critical path consists of the following:

 <State 10>: 7.300ns
The critical path consists of the following:
	bus request operation ('empty_121', spikingformer_official.cpp:1198->spikingformer_official.cpp:2450) on port 'g0' (spikingformer_official.cpp:1198->spikingformer_official.cpp:2450) [80]  (7.300 ns)

 <State 11>: 7.300ns
The critical path consists of the following:
	bus read operation ('v492', spikingformer_official.cpp:1202->spikingformer_official.cpp:2450) on port 'g0' (spikingformer_official.cpp:1202->spikingformer_official.cpp:2450) [85]  (7.300 ns)

 <State 12>: 7.300ns
The critical path consists of the following:
	bus write operation ('write_ln1203', spikingformer_official.cpp:1203->spikingformer_official.cpp:2450) on port 'g0' (spikingformer_official.cpp:1203->spikingformer_official.cpp:2450) [89]  (7.300 ns)

 <State 13>: 0.000ns
The critical path consists of the following:

 <State 14>: 0.000ns
The critical path consists of the following:

 <State 15>: 0.000ns
The critical path consists of the following:

 <State 16>: 0.427ns
The critical path consists of the following:

 <State 17>: 7.300ns
The critical path consists of the following:
	bus response operation ('empty', spikingformer_official.cpp:1197->spikingformer_official.cpp:2450) on port 'g0' (spikingformer_official.cpp:1197->spikingformer_official.cpp:2450) [93]  (7.300 ns)


============================================================
+ Verbose Summary: Binding
============================================================
N/A
* FSMD analyzer results:
  - Output states:
 - Input state : 
  - Chain level:
	State 1
	State 2
	State 3
	State 4
	State 5
	State 6
	State 7
	State 8
	State 9
	State 10
	State 11
	State 12
	State 13
	State 14
	State 15
	State 16
	State 17


============================================================
+ Verbose Summary: Datapath Resource usage 
============================================================
N/A
