

================================================================
== Vitis HLS Report for 'control_Pipeline_VITIS_LOOP_588_1_VITIS_LOOP_589_221'
================================================================
* Date:           Sun Jul 12 20:26:11 2026

* Version:        2025.2 (Build 6295257 on Nov 14 2025)
* Project:        spikingformer_proj
* Solution:       solution1 (Vivado IP Flow Target)
* Product family: zynquplus
* Target device:  xczu7ev-ffvc1156-2-e


================================================================
== Performance Estimates
================================================================
+ Timing: 
    * Summary: 
    +--------+----------+----------+------------+
    |  Clock |  Target  | Estimated| Uncertainty|
    +--------+----------+----------+------------+
    |ap_clk  |  10.00 ns|  7.300 ns|     2.70 ns|
    +--------+----------+----------+------------+

+ Latency: 
    * Summary: 
    +---------+---------+----------+----------+-----+-----+-------------------+
    |  Latency (cycles) |  Latency (absolute) |  Interval |      Pipeline     |
    |   min   |   max   |    min   |    max   | min | max |        Type       |
    +---------+---------+----------+----------+-----+-----+-------------------+
    |    24587|    24587|  0.246 ms|  0.246 ms|    0|    0|  loop pipeline stp|
    +---------+---------+----------+----------+-----+-----+-------------------+

    + Detail: 
        * Instance: 
        N/A

        * Loop: 
        +-------------------------------------+---------+---------+----------+-----------+-----------+-------+----------+
        |                                     |  Latency (cycles) | Iteration|  Initiation Interval  |  Trip |          |
        |              Loop Name              |   min   |   max   |  Latency |  achieved |   target  | Count | Pipelined|
        +-------------------------------------+---------+---------+----------+-----------+-----------+-------+----------+
        |- VITIS_LOOP_588_1_VITIS_LOOP_589_2  |    24585|    24585|        11|          1|          1|  24576|       yes|
        +-------------------------------------+---------+---------+----------+-----------+-----------+-------+----------+

============================================================
+ Verbose Summary: Synthesis Manager
============================================================
InlineROM: 1
ExposeGlobal: 0
============================================================
+ Verbose Summary: CDFG Model
============================================================
IsTopModel: 0
ResetActiveHigh: 1
IsCombinational: 0
IsDatapathOnly: 0
HasWiredReturn: 1
HasMFsm: 2
HasVarLatency: 1
IsPipeline: 0
IsRtlPipelined: 0
IsInstanceOverlapped: 0
IsDontTouch: 0
HasImplIP: 0
IsGatedGlobalClock: 0

+ Individual pipeline summary: 
  * Pipeline-0: initiation interval (II) = 1, depth = 11


============================================================
+ Verbose Summary: Schedule
============================================================
* Number of FSM states : 11
* Pipeline : 1
  Pipeline-0 : II = 1, D = 11, States = { 1 2 3 4 5 6 7 8 9 10 11 }
* Dataflow Pipeline: 0

* FSM state transitions: 
1 --> 2 
2 --> 3 
3 --> 4 
4 --> 5 
5 --> 6 
6 --> 7 
7 --> 8 
8 --> 9 
9 --> 10 
10 --> 11 
11 --> 

* FSM state operations: 

State 1 <SV = 0> <Delay = 3.25>
ST_1 : Operation 14 [1/1] (0.00ns)   --->   "%v240 = alloca i32 1" [spikingformer_official.cpp:589->spikingformer_official.cpp:2772]   --->   Operation 14 'alloca' 'v240' <Predicate = true> <Delay = 0.00>
ST_1 : Operation 15 [1/1] (0.00ns)   --->   "%v239 = alloca i32 1" [spikingformer_official.cpp:588->spikingformer_official.cpp:2772]   --->   Operation 15 'alloca' 'v239' <Predicate = true> <Delay = 0.00>
ST_1 : Operation 16 [1/1] (0.00ns)   --->   "%indvar_flatten14384 = alloca i32 1"   --->   Operation 16 'alloca' 'indvar_flatten14384' <Predicate = true> <Delay = 0.00>
ST_1 : Operation 17 [1/1] (0.00ns)   --->   "%v1057_read = read i64 @_ssdm_op_Read.ap_auto.i64, i64 %v1057"   --->   Operation 17 'read' 'v1057_read' <Predicate = true> <Delay = 0.00>
ST_1 : Operation 18 [1/1] (0.00ns)   --->   "%sext_ln1123_read = read i62 @_ssdm_op_Read.ap_auto.i62, i62 %sext_ln1123"   --->   Operation 18 'read' 'sext_ln1123_read' <Predicate = true> <Delay = 0.00>
ST_1 : Operation 19 [1/1] (0.00ns)   --->   "%sext_ln1123_cast = sext i62 %sext_ln1123_read"   --->   Operation 19 'sext' 'sext_ln1123_cast' <Predicate = true> <Delay = 0.00>
ST_1 : Operation 20 [1/1] (0.00ns)   --->   "%specstablecontent_ln0 = specstablecontent void @_ssdm_op_SpecStableContent, i32 %g0, i1 1, void "   --->   Operation 20 'specstablecontent' 'specstablecontent_ln0' <Predicate = true> <Delay = 0.00>
ST_1 : Operation 21 [1/1] (0.00ns)   --->   "%specinterface_ln0 = specinterface void @_ssdm_op_SpecInterface, i32 %g0, void @empty_26, i32 0, i32 0, void @empty_35, i32 0, i32 0, void @empty_22, void @empty_25, void @empty_35, i32 16, i32 16, i32 16, i32 16, void @empty_35, void @empty_35, i32 4294967295, i32 0, i32 0, i32 4"   --->   Operation 21 'specinterface' 'specinterface_ln0' <Predicate = true> <Delay = 0.00>
ST_1 : Operation 22 [1/1] (0.42ns)   --->   "%store_ln0 = store i15 0, i15 %indvar_flatten14384"   --->   Operation 22 'store' 'store_ln0' <Predicate = true> <Delay = 0.42>
ST_1 : Operation 23 [1/1] (0.42ns)   --->   "%store_ln588 = store i9 0, i9 %v239" [spikingformer_official.cpp:588->spikingformer_official.cpp:2772]   --->   Operation 23 'store' 'store_ln588' <Predicate = true> <Delay = 0.42>
ST_1 : Operation 24 [1/1] (0.42ns)   --->   "%store_ln589 = store i7 0, i7 %v240" [spikingformer_official.cpp:589->spikingformer_official.cpp:2772]   --->   Operation 24 'store' 'store_ln589' <Predicate = true> <Delay = 0.42>
ST_1 : Operation 25 [1/1] (0.00ns)   --->   "%br_ln0 = br void %for.inc.i1363"   --->   Operation 25 'br' 'br_ln0' <Predicate = true> <Delay = 0.00>
ST_1 : Operation 26 [1/1] (0.00ns)   --->   "%indvar_flatten14384_load = load i15 %indvar_flatten14384" [spikingformer_official.cpp:588->spikingformer_official.cpp:2772]   --->   Operation 26 'load' 'indvar_flatten14384_load' <Predicate = true> <Delay = 0.00>
ST_1 : Operation 27 [1/1] (0.00ns)   --->   "%specbitsmap_ln0 = specbitsmap void @_ssdm_op_SpecBitsMap, i32 %g0"   --->   Operation 27 'specbitsmap' 'specbitsmap_ln0' <Predicate = true> <Delay = 0.00>
ST_1 : Operation 28 [1/1] (0.84ns)   --->   "%icmp_ln588 = icmp_eq  i15 %indvar_flatten14384_load, i15 24576" [spikingformer_official.cpp:588->spikingformer_official.cpp:2772]   --->   Operation 28 'icmp' 'icmp_ln588' <Predicate = true> <Delay = 0.84> <CoreInst = "Cmp">   --->   Core 9 'Cmp' <Latency = 0> <II = 1> <Delay = 0.84> <FuncUnit> <Opcode : 'seteq' 'setne' 'setle' 'setge' 'setlt' 'setgt'> <InPorts = 2> <OutPorts = 1>
ST_1 : Operation 29 [1/1] (0.84ns)   --->   "%add_ln588 = add i15 %indvar_flatten14384_load, i15 1" [spikingformer_official.cpp:588->spikingformer_official.cpp:2772]   --->   Operation 29 'add' 'add_ln588' <Predicate = true> <Delay = 0.84> <CoreInst = "Adder">   --->   Core 1 'Adder' <Latency = 0> <II = 1> <Delay = 0.84> <FuncUnit> <Opcode : 'add' 'sub'> <InPorts = 2> <OutPorts = 1>
ST_1 : Operation 30 [1/1] (0.00ns)   --->   "%br_ln588 = br i1 %icmp_ln588, void %for.inc13.i1366, void %_Z8kernel43PA64_A384_fPA384_A64_f.exit1367.exitStub" [spikingformer_official.cpp:588->spikingformer_official.cpp:2772]   --->   Operation 30 'br' 'br_ln588' <Predicate = true> <Delay = 0.00>
ST_1 : Operation 31 [1/1] (0.00ns)   --->   "%v240_load = load i7 %v240" [spikingformer_official.cpp:589->spikingformer_official.cpp:2772]   --->   Operation 31 'load' 'v240_load' <Predicate = (!icmp_ln588)> <Delay = 0.00>
ST_1 : Operation 32 [1/1] (0.00ns)   --->   "%v239_load = load i9 %v239" [spikingformer_official.cpp:588->spikingformer_official.cpp:2772]   --->   Operation 32 'load' 'v239_load' <Predicate = (!icmp_ln588)> <Delay = 0.00>
ST_1 : Operation 33 [1/1] (0.77ns)   --->   "%add_ln588_1 = add i9 %v239_load, i9 1" [spikingformer_official.cpp:588->spikingformer_official.cpp:2772]   --->   Operation 33 'add' 'add_ln588_1' <Predicate = (!icmp_ln588)> <Delay = 0.77> <CoreInst = "Adder">   --->   Core 1 'Adder' <Latency = 0> <II = 1> <Delay = 0.77> <FuncUnit> <Opcode : 'add' 'sub'> <InPorts = 2> <OutPorts = 1>
ST_1 : Operation 34 [1/1] (0.77ns)   --->   "%icmp_ln589 = icmp_eq  i7 %v240_load, i7 64" [spikingformer_official.cpp:589->spikingformer_official.cpp:2772]   --->   Operation 34 'icmp' 'icmp_ln589' <Predicate = (!icmp_ln588)> <Delay = 0.77> <CoreInst = "Cmp">   --->   Core 9 'Cmp' <Latency = 0> <II = 1> <Delay = 0.77> <FuncUnit> <Opcode : 'seteq' 'setne' 'setle' 'setge' 'setlt' 'setgt'> <InPorts = 2> <OutPorts = 1>
ST_1 : Operation 35 [1/1] (0.36ns)   --->   "%select_ln588_2 = select i1 %icmp_ln589, i7 0, i7 %v240_load" [spikingformer_official.cpp:588->spikingformer_official.cpp:2772]   --->   Operation 35 'select' 'select_ln588_2' <Predicate = (!icmp_ln588)> <Delay = 0.36> <CoreInst = "Sel">   --->   Core 73 'Sel' <Latency = 0> <II = 1> <Delay = 0.36> <FuncUnit> <Opcode : 'select'> <InPorts = 3> <OutPorts = 1>
ST_1 : Operation 36 [1/1] (0.39ns)   --->   "%select_ln588 = select i1 %icmp_ln589, i9 %add_ln588_1, i9 %v239_load" [spikingformer_official.cpp:588->spikingformer_official.cpp:2772]   --->   Operation 36 'select' 'select_ln588' <Predicate = (!icmp_ln588)> <Delay = 0.39> <CoreInst = "Sel">   --->   Core 73 'Sel' <Latency = 0> <II = 1> <Delay = 0.39> <FuncUnit> <Opcode : 'select'> <InPorts = 3> <OutPorts = 1>
ST_1 : Operation 37 [1/1] (0.00ns)   --->   "%shl_ln590_1 = bitconcatenate i11 @_ssdm_op_BitConcatenate.i11.i9.i2, i9 %select_ln588, i2 0" [spikingformer_official.cpp:590->spikingformer_official.cpp:2772]   --->   Operation 37 'bitconcatenate' 'shl_ln590_1' <Predicate = (!icmp_ln588)> <Delay = 0.00>
ST_1 : Operation 38 [1/1] (0.00ns)   --->   "%zext_ln589 = zext i11 %shl_ln590_1" [spikingformer_official.cpp:589->spikingformer_official.cpp:2772]   --->   Operation 38 'zext' 'zext_ln589' <Predicate = (!icmp_ln588)> <Delay = 0.00>
ST_1 : Operation 39 [1/1] (0.00ns)   --->   "%p_shl = bitconcatenate i18 @_ssdm_op_BitConcatenate.i18.i7.i11, i7 %select_ln588_2, i11 0" [spikingformer_official.cpp:590->spikingformer_official.cpp:2772]   --->   Operation 39 'bitconcatenate' 'p_shl' <Predicate = (!icmp_ln588)> <Delay = 0.00>
ST_1 : Operation 40 [1/1] (0.00ns)   --->   "%tmp = bitconcatenate i16 @_ssdm_op_BitConcatenate.i16.i7.i9, i7 %select_ln588_2, i9 0" [spikingformer_official.cpp:590->spikingformer_official.cpp:2772]   --->   Operation 40 'bitconcatenate' 'tmp' <Predicate = (!icmp_ln588)> <Delay = 0.00>
ST_1 : Operation 41 [1/1] (0.00ns)   --->   "%zext_ln590 = zext i16 %tmp" [spikingformer_official.cpp:590->spikingformer_official.cpp:2772]   --->   Operation 41 'zext' 'zext_ln590' <Predicate = (!icmp_ln588)> <Delay = 0.00>
ST_1 : Operation 42 [1/1] (0.87ns)   --->   "%sub_ln590 = sub i18 %p_shl, i18 %zext_ln590" [spikingformer_official.cpp:590->spikingformer_official.cpp:2772]   --->   Operation 42 'sub' 'sub_ln590' <Predicate = (!icmp_ln588)> <Delay = 0.87> <CoreInst = "Adder">   --->   Core 1 'Adder' <Latency = 0> <II = 1> <Delay = 0.87> <FuncUnit> <Opcode : 'add' 'sub'> <InPorts = 2> <OutPorts = 1>
ST_1 : Operation 43 [1/1] (0.00ns)   --->   "%zext_ln590_1 = zext i18 %sub_ln590" [spikingformer_official.cpp:590->spikingformer_official.cpp:2772]   --->   Operation 43 'zext' 'zext_ln590_1' <Predicate = (!icmp_ln588)> <Delay = 0.00>
ST_1 : Operation 44 [1/1] (0.00ns) (grouped into TernaryAdder)   --->   "%add_ln590_2 = add i64 %v1057_read, i64 %zext_ln590_1" [spikingformer_official.cpp:590->spikingformer_official.cpp:2772]   --->   Operation 44 'add' 'add_ln590_2' <Predicate = (!icmp_ln588)> <Delay = 0.00> <CoreInst = "TAddSub">   --->   Core 10 'TAddSub' <Latency = 0> <II = 1> <Delay = 0.40> <IPBlock> <Opcode : 'add' 'sub'> <InPorts = 3> <OutPorts = 1> <Sync> <CReg>
ST_1 : Operation 45 [1/1] (0.81ns) (root node of TernaryAdder)   --->   "%add_ln590 = add i64 %add_ln590_2, i64 %zext_ln589" [spikingformer_official.cpp:590->spikingformer_official.cpp:2772]   --->   Operation 45 'add' 'add_ln590' <Predicate = (!icmp_ln588)> <Delay = 0.81> <CoreInst = "TAddSub">   --->   Core 10 'TAddSub' <Latency = 0> <II = 1> <Delay = 0.40> <IPBlock> <Opcode : 'add' 'sub'> <InPorts = 3> <OutPorts = 1> <Sync> <CReg>
ST_1 : Operation 46 [1/1] (0.00ns)   --->   "%trunc_ln590_1 = partselect i62 @_ssdm_op_PartSelect.i62.i64.i32.i32, i64 %add_ln590, i32 2, i32 63" [spikingformer_official.cpp:590->spikingformer_official.cpp:2772]   --->   Operation 46 'partselect' 'trunc_ln590_1' <Predicate = (!icmp_ln588)> <Delay = 0.00>
ST_1 : Operation 47 [1/1] (0.00ns)   --->   "%sext_ln590 = sext i62 %trunc_ln590_1" [spikingformer_official.cpp:590->spikingformer_official.cpp:2772]   --->   Operation 47 'sext' 'sext_ln590' <Predicate = (!icmp_ln588)> <Delay = 0.00>
ST_1 : Operation 48 [1/1] (0.00ns)   --->   "%g0_addr_85 = getelementptr i32 %g0, i64 %sext_ln590" [spikingformer_official.cpp:590->spikingformer_official.cpp:2772]   --->   Operation 48 'getelementptr' 'g0_addr_85' <Predicate = (!icmp_ln588)> <Delay = 0.00>
ST_1 : Operation 49 [1/1] (0.77ns)   --->   "%add_ln589 = add i7 %select_ln588_2, i7 1" [spikingformer_official.cpp:589->spikingformer_official.cpp:2772]   --->   Operation 49 'add' 'add_ln589' <Predicate = (!icmp_ln588)> <Delay = 0.77> <CoreInst = "Adder">   --->   Core 1 'Adder' <Latency = 0> <II = 1> <Delay = 0.77> <FuncUnit> <Opcode : 'add' 'sub'> <InPorts = 2> <OutPorts = 1>
ST_1 : Operation 50 [1/1] (0.42ns)   --->   "%store_ln588 = store i15 %add_ln588, i15 %indvar_flatten14384" [spikingformer_official.cpp:588->spikingformer_official.cpp:2772]   --->   Operation 50 'store' 'store_ln588' <Predicate = (!icmp_ln588)> <Delay = 0.42>
ST_1 : Operation 51 [1/1] (0.42ns)   --->   "%store_ln588 = store i9 %select_ln588, i9 %v239" [spikingformer_official.cpp:588->spikingformer_official.cpp:2772]   --->   Operation 51 'store' 'store_ln588' <Predicate = (!icmp_ln588)> <Delay = 0.42>
ST_1 : Operation 52 [1/1] (0.42ns)   --->   "%store_ln589 = store i7 %add_ln589, i7 %v240" [spikingformer_official.cpp:589->spikingformer_official.cpp:2772]   --->   Operation 52 'store' 'store_ln589' <Predicate = (!icmp_ln588)> <Delay = 0.42>

State 2 <SV = 1> <Delay = 0.00>
ST_2 : Operation 53 [8/8] (7.30ns)   --->   "%v241_1_req = readreq i1 @_ssdm_op_ReadReq.m_axi.i32P1A, i32 %g0_addr_85, i64 1" [spikingformer_official.cpp:590->spikingformer_official.cpp:2772]   --->   Operation 53 'readreq' 'v241_1_req' <Predicate = true> <Delay = 7.30> <CoreInst = "m_axi">   --->   Core 119 'm_axi' <Latency = 6> <II = 1> <Delay = 1.00> <Adapter> <Opcode : 'readrequnaligned' 'writerequnaligned' 'read' 'write' 'readreq' 'writereq' 'writeresp'>

State 3 <SV = 2> <Delay = 0.00>
ST_3 : Operation 54 [7/8] (7.30ns)   --->   "%v241_1_req = readreq i1 @_ssdm_op_ReadReq.m_axi.i32P1A, i32 %g0_addr_85, i64 1" [spikingformer_official.cpp:590->spikingformer_official.cpp:2772]   --->   Operation 54 'readreq' 'v241_1_req' <Predicate = true> <Delay = 7.30> <CoreInst = "m_axi">   --->   Core 119 'm_axi' <Latency = 6> <II = 1> <Delay = 1.00> <Adapter> <Opcode : 'readrequnaligned' 'writerequnaligned' 'read' 'write' 'readreq' 'writereq' 'writeresp'>

State 4 <SV = 3> <Delay = 0.00>
ST_4 : Operation 55 [6/8] (7.30ns)   --->   "%v241_1_req = readreq i1 @_ssdm_op_ReadReq.m_axi.i32P1A, i32 %g0_addr_85, i64 1" [spikingformer_official.cpp:590->spikingformer_official.cpp:2772]   --->   Operation 55 'readreq' 'v241_1_req' <Predicate = true> <Delay = 7.30> <CoreInst = "m_axi">   --->   Core 119 'm_axi' <Latency = 6> <II = 1> <Delay = 1.00> <Adapter> <Opcode : 'readrequnaligned' 'writerequnaligned' 'read' 'write' 'readreq' 'writereq' 'writeresp'>

State 5 <SV = 4> <Delay = 0.00>
ST_5 : Operation 56 [5/8] (7.30ns)   --->   "%v241_1_req = readreq i1 @_ssdm_op_ReadReq.m_axi.i32P1A, i32 %g0_addr_85, i64 1" [spikingformer_official.cpp:590->spikingformer_official.cpp:2772]   --->   Operation 56 'readreq' 'v241_1_req' <Predicate = true> <Delay = 7.30> <CoreInst = "m_axi">   --->   Core 119 'm_axi' <Latency = 6> <II = 1> <Delay = 1.00> <Adapter> <Opcode : 'readrequnaligned' 'writerequnaligned' 'read' 'write' 'readreq' 'writereq' 'writeresp'>

State 6 <SV = 5> <Delay = 0.00>
ST_6 : Operation 57 [4/8] (7.30ns)   --->   "%v241_1_req = readreq i1 @_ssdm_op_ReadReq.m_axi.i32P1A, i32 %g0_addr_85, i64 1" [spikingformer_official.cpp:590->spikingformer_official.cpp:2772]   --->   Operation 57 'readreq' 'v241_1_req' <Predicate = true> <Delay = 7.30> <CoreInst = "m_axi">   --->   Core 119 'm_axi' <Latency = 6> <II = 1> <Delay = 1.00> <Adapter> <Opcode : 'readrequnaligned' 'writerequnaligned' 'read' 'write' 'readreq' 'writereq' 'writeresp'>

State 7 <SV = 6> <Delay = 0.00>
ST_7 : Operation 58 [3/8] (7.30ns)   --->   "%v241_1_req = readreq i1 @_ssdm_op_ReadReq.m_axi.i32P1A, i32 %g0_addr_85, i64 1" [spikingformer_official.cpp:590->spikingformer_official.cpp:2772]   --->   Operation 58 'readreq' 'v241_1_req' <Predicate = true> <Delay = 7.30> <CoreInst = "m_axi">   --->   Core 119 'm_axi' <Latency = 6> <II = 1> <Delay = 1.00> <Adapter> <Opcode : 'readrequnaligned' 'writerequnaligned' 'read' 'write' 'readreq' 'writereq' 'writeresp'>

State 8 <SV = 7> <Delay = 0.00>
ST_8 : Operation 59 [2/8] (7.30ns)   --->   "%v241_1_req = readreq i1 @_ssdm_op_ReadReq.m_axi.i32P1A, i32 %g0_addr_85, i64 1" [spikingformer_official.cpp:590->spikingformer_official.cpp:2772]   --->   Operation 59 'readreq' 'v241_1_req' <Predicate = true> <Delay = 7.30> <CoreInst = "m_axi">   --->   Core 119 'm_axi' <Latency = 6> <II = 1> <Delay = 1.00> <Adapter> <Opcode : 'readrequnaligned' 'writerequnaligned' 'read' 'write' 'readreq' 'writereq' 'writeresp'>

State 9 <SV = 8> <Delay = 7.30>
ST_9 : Operation 60 [1/8] ( I:7.30ns O:7.30ns )   --->   "%v241_1_req = readreq i1 @_ssdm_op_ReadReq.m_axi.i32P1A, i32 %g0_addr_85, i64 1" [spikingformer_official.cpp:590->spikingformer_official.cpp:2772]   --->   Operation 60 'readreq' 'v241_1_req' <Predicate = true> <Delay = 7.30> <CoreInst = "m_axi">   --->   Core 119 'm_axi' <Latency = 6> <II = 1> <Delay = 1.00> <Adapter> <Opcode : 'readrequnaligned' 'writerequnaligned' 'read' 'write' 'readreq' 'writereq' 'writeresp'>

State 10 <SV = 9> <Delay = 7.30>
ST_10 : Operation 61 [1/1] ( I:7.30ns O:7.30ns )   --->   "%v241 = read i32 @_ssdm_op_Read.m_axi.i32P1A, i32 %g0_addr_85" [spikingformer_official.cpp:590->spikingformer_official.cpp:2772]   --->   Operation 61 'read' 'v241' <Predicate = true> <Delay = 7.30> <CoreInst = "m_axi">   --->   Core 119 'm_axi' <Latency = 3> <II = 1> <Delay = 1.00> <Adapter> <Opcode : 'readrequnaligned' 'writerequnaligned' 'read' 'write' 'readreq' 'writereq' 'writeresp'>
ST_10 : Operation 68 [1/1] (0.42ns)   --->   "%ret_ln0 = ret"   --->   Operation 68 'ret' 'ret_ln0' <Predicate = (icmp_ln588)> <Delay = 0.42>

State 11 <SV = 10> <Delay = 7.30>
ST_11 : Operation 62 [1/1] (0.00ns)   --->   "%g0_addr = getelementptr i32 %g0, i64 %sext_ln1123_cast" [spikingformer_official.cpp:1123->spikingformer_official.cpp:2747]   --->   Operation 62 'getelementptr' 'g0_addr' <Predicate = true> <Delay = 0.00>
ST_11 : Operation 63 [1/1] (0.00ns)   --->   "%specloopname_ln0 = specloopname void @_ssdm_op_SpecLoopName, void @VITIS_LOOP_588_1_VITIS_LOOP_589_2_str"   --->   Operation 63 'specloopname' 'specloopname_ln0' <Predicate = true> <Delay = 0.00>
ST_11 : Operation 64 [1/1] (0.00ns)   --->   "%speclooptripcount_ln0 = speclooptripcount void @_ssdm_op_SpecLoopTripCount, i64 24576, i64 24576, i64 24576"   --->   Operation 64 'speclooptripcount' 'speclooptripcount_ln0' <Predicate = true> <Delay = 0.00>
ST_11 : Operation 65 [1/1] (0.00ns)   --->   "%specpipeline_ln589 = specpipeline void @_ssdm_op_SpecPipeline, i32 4294967295, i32 0, i32 0, i32 0, i32 4294967295, void @empty_35" [spikingformer_official.cpp:589->spikingformer_official.cpp:2772]   --->   Operation 65 'specpipeline' 'specpipeline_ln589' <Predicate = true> <Delay = 0.00>
ST_11 : Operation 66 [1/1] ( I:7.30ns O:7.30ns )   --->   "%write_ln591 = write void @_ssdm_op_Write.m_axi.p1i32.i32, i32 %g0_addr, i32 %v241, i4 15" [spikingformer_official.cpp:591->spikingformer_official.cpp:2772]   --->   Operation 66 'write' 'write_ln591' <Predicate = true> <Delay = 7.30> <CoreInst = "m_axi">   --->   Core 119 'm_axi' <Latency = 5> <II = 1> <Delay = 1.00> <Adapter> <Opcode : 'readrequnaligned' 'writerequnaligned' 'read' 'write' 'readreq' 'writereq' 'writeresp'>
ST_11 : Operation 67 [1/1] (0.00ns)   --->   "%br_ln589 = br void %for.inc.i1363" [spikingformer_official.cpp:589->spikingformer_official.cpp:2772]   --->   Operation 67 'br' 'br_ln589' <Predicate = true> <Delay = 0.00>


============================================================
+ Verbose Summary: Timing violations
============================================================
Target clock period: 10.000ns, clock uncertainty: 2.700ns.

 <State 1>: 3.252ns
The critical path consists of the following:
	'store' operation ('store_ln589', spikingformer_official.cpp:589->spikingformer_official.cpp:2772) of constant 0 7 bit on local variable 'v240', spikingformer_official.cpp:589->spikingformer_official.cpp:2772 [14]  (0.427 ns)
	'load' operation 7 bit ('v240_load', spikingformer_official.cpp:589->spikingformer_official.cpp:2772) on local variable 'v240', spikingformer_official.cpp:589->spikingformer_official.cpp:2772 [23]  (0.000 ns)
	'icmp' operation 1 bit ('icmp_ln589', spikingformer_official.cpp:589->spikingformer_official.cpp:2772) [29]  (0.773 ns)
	'select' operation 7 bit ('select_ln588_2', spikingformer_official.cpp:588->spikingformer_official.cpp:2772) [30]  (0.360 ns)
	'sub' operation 18 bit ('sub_ln590', spikingformer_official.cpp:590->spikingformer_official.cpp:2772) [38]  (0.873 ns)
	'add' operation 64 bit ('add_ln590_2', spikingformer_official.cpp:590->spikingformer_official.cpp:2772) [40]  (0.000 ns)
	'add' operation 64 bit ('add_ln590', spikingformer_official.cpp:590->spikingformer_official.cpp:2772) [41]  (0.819 ns)

 <State 2>: 0.000ns
The critical path consists of the following:

 <State 3>: 0.000ns
The critical path consists of the following:

 <State 4>: 0.000ns
The critical path consists of the following:

 <State 5>: 0.000ns
The critical path consists of the following:

 <State 6>: 0.000ns
The critical path consists of the following:

 <State 7>: 0.000ns
The critical path consists of the following:

 <State 8>: 0.000ns
The critical path consists of the following:

 <State 9>: 7.300ns
The critical path consists of the following:
	bus request operation ('v241_1_req', spikingformer_official.cpp:590->spikingformer_official.cpp:2772) on port 'g0' (spikingformer_official.cpp:590->spikingformer_official.cpp:2772) [45]  (7.300 ns)

 <State 10>: 7.300ns
The critical path consists of the following:
	bus read operation ('v241', spikingformer_official.cpp:590->spikingformer_official.cpp:2772) on port 'g0' (spikingformer_official.cpp:590->spikingformer_official.cpp:2772) [46]  (7.300 ns)

 <State 11>: 7.300ns
The critical path consists of the following:
	'getelementptr' operation 32 bit ('g0_addr', spikingformer_official.cpp:1123->spikingformer_official.cpp:2747) [25]  (0.000 ns)
	bus write operation ('write_ln591', spikingformer_official.cpp:591->spikingformer_official.cpp:2772) on port 'g0' (spikingformer_official.cpp:591->spikingformer_official.cpp:2772) [47]  (7.300 ns)


============================================================
+ Verbose Summary: Binding
============================================================
N/A
* FSMD analyzer results:
  - Output states:
 - Input state : 
  - Chain level:
	State 1
	State 2
	State 3
	State 4
	State 5
	State 6
	State 7
	State 8
	State 9
	State 10
	State 11


============================================================
+ Verbose Summary: Datapath Resource usage 
============================================================
N/A
