

================================================================
== Vitis HLS Report for 'control_Pipeline_VITIS_LOOP_671_1_VITIS_LOOP_672_218'
================================================================
* Date:           Sun Jul 12 20:26:11 2026

* Version:        2025.2 (Build 6295257 on Nov 14 2025)
* Project:        spikingformer_proj
* Solution:       solution1 (Vivado IP Flow Target)
* Product family: zynquplus
* Target device:  xczu7ev-ffvc1156-2-e


================================================================
== Performance Estimates
================================================================
+ Timing: 
    * Summary: 
    +--------+----------+----------+------------+
    |  Clock |  Target  | Estimated| Uncertainty|
    +--------+----------+----------+------------+
    |ap_clk  |  10.00 ns|  7.300 ns|     2.70 ns|
    +--------+----------+----------+------------+

+ Latency: 
    * Summary: 
    +---------+---------+----------+----------+-----+-----+-------------------+
    |  Latency (cycles) |  Latency (absolute) |  Interval |      Pipeline     |
    |   min   |   max   |    min   |    max   | min | max |        Type       |
    +---------+---------+----------+----------+-----+-----+-------------------+
    |    24594|    24594|  0.246 ms|  0.246 ms|    0|    0|  loop pipeline stp|
    +---------+---------+----------+----------+-----+-----+-------------------+

    + Detail: 
        * Instance: 
        N/A

        * Loop: 
        +-------------------------------------+---------+---------+----------+-----------+-----------+-------+----------+
        |                                     |  Latency (cycles) | Iteration|  Initiation Interval  |  Trip |          |
        |              Loop Name              |   min   |   max   |  Latency |  achieved |   target  | Count | Pipelined|
        +-------------------------------------+---------+---------+----------+-----------+-----------+-------+----------+
        |- VITIS_LOOP_671_1_VITIS_LOOP_672_2  |    24592|    24592|        18|          1|          1|  24576|       yes|
        +-------------------------------------+---------+---------+----------+-----------+-----------+-------+----------+

============================================================
+ Verbose Summary: Synthesis Manager
============================================================
InlineROM: 1
ExposeGlobal: 0
============================================================
+ Verbose Summary: CDFG Model
============================================================
IsTopModel: 0
ResetActiveHigh: 1
IsCombinational: 0
IsDatapathOnly: 0
HasWiredReturn: 1
HasMFsm: 2
HasVarLatency: 1
IsPipeline: 0
IsRtlPipelined: 0
IsInstanceOverlapped: 0
IsDontTouch: 0
HasImplIP: 0
IsGatedGlobalClock: 0

+ Individual pipeline summary: 
  * Pipeline-0: initiation interval (II) = 1, depth = 18


============================================================
+ Verbose Summary: Schedule
============================================================
* Number of FSM states : 18
* Pipeline : 1
  Pipeline-0 : II = 1, D = 18, States = { 1 2 3 4 5 6 7 8 9 10 11 12 13 14 15 16 17 18 }
* Dataflow Pipeline: 0

* FSM state transitions: 
1 --> 2 
2 --> 3 
3 --> 4 
4 --> 5 
5 --> 6 
6 --> 7 
7 --> 8 
8 --> 9 
9 --> 10 
10 --> 11 
11 --> 12 
12 --> 13 
13 --> 14 
14 --> 15 
15 --> 16 
16 --> 17 
17 --> 18 
18 --> 

* FSM state operations: 

State 1 <SV = 0> <Delay = 3.25>
ST_1 : Operation 21 [1/1] (0.00ns)   --->   "%v275 = alloca i32 1" [spikingformer_official.cpp:672->spikingformer_official.cpp:2767]   --->   Operation 21 'alloca' 'v275' <Predicate = true> <Delay = 0.00>
ST_1 : Operation 22 [1/1] (0.00ns)   --->   "%v274 = alloca i32 1" [spikingformer_official.cpp:671->spikingformer_official.cpp:2767]   --->   Operation 22 'alloca' 'v274' <Predicate = true> <Delay = 0.00>
ST_1 : Operation 23 [1/1] (0.00ns)   --->   "%indvar_flatten14363 = alloca i32 1"   --->   Operation 23 'alloca' 'indvar_flatten14363' <Predicate = true> <Delay = 0.00>
ST_1 : Operation 24 [1/1] (0.00ns)   --->   "%v1057_read = read i64 @_ssdm_op_Read.ap_auto.i64, i64 %v1057"   --->   Operation 24 'read' 'v1057_read' <Predicate = true> <Delay = 0.00>
ST_1 : Operation 25 [1/1] (0.00ns)   --->   "%sext_ln703_24 = read i62 @_ssdm_op_Read.ap_auto.i62, i62 %sext_ln703_2"   --->   Operation 25 'read' 'sext_ln703_24' <Predicate = true> <Delay = 0.00>
ST_1 : Operation 26 [1/1] (0.00ns)   --->   "%specstablecontent_ln0 = specstablecontent void @_ssdm_op_SpecStableContent, i32 %g0, i1 1, void "   --->   Operation 26 'specstablecontent' 'specstablecontent_ln0' <Predicate = true> <Delay = 0.00>
ST_1 : Operation 27 [1/1] (0.00ns)   --->   "%specinterface_ln0 = specinterface void @_ssdm_op_SpecInterface, i32 %g0, void @empty_26, i32 0, i32 0, void @empty_35, i32 0, i32 0, void @empty_22, void @empty_25, void @empty_35, i32 16, i32 16, i32 16, i32 16, void @empty_35, void @empty_35, i32 4294967295, i32 0, i32 0, i32 4"   --->   Operation 27 'specinterface' 'specinterface_ln0' <Predicate = true> <Delay = 0.00>
ST_1 : Operation 28 [1/1] (0.42ns)   --->   "%store_ln0 = store i15 0, i15 %indvar_flatten14363"   --->   Operation 28 'store' 'store_ln0' <Predicate = true> <Delay = 0.42>
ST_1 : Operation 29 [1/1] (0.42ns)   --->   "%store_ln671 = store i7 0, i7 %v274" [spikingformer_official.cpp:671->spikingformer_official.cpp:2767]   --->   Operation 29 'store' 'store_ln671' <Predicate = true> <Delay = 0.42>
ST_1 : Operation 30 [1/1] (0.42ns)   --->   "%store_ln672 = store i9 0, i9 %v275" [spikingformer_official.cpp:672->spikingformer_official.cpp:2767]   --->   Operation 30 'store' 'store_ln672' <Predicate = true> <Delay = 0.42>
ST_1 : Operation 31 [1/1] (0.00ns)   --->   "%br_ln0 = br void %for.body4.i1324"   --->   Operation 31 'br' 'br_ln0' <Predicate = true> <Delay = 0.00>
ST_1 : Operation 32 [1/1] (0.00ns)   --->   "%indvar_flatten14363_load = load i15 %indvar_flatten14363" [spikingformer_official.cpp:671->spikingformer_official.cpp:2767]   --->   Operation 32 'load' 'indvar_flatten14363_load' <Predicate = true> <Delay = 0.00>
ST_1 : Operation 33 [1/1] (0.00ns)   --->   "%specbitsmap_ln0 = specbitsmap void @_ssdm_op_SpecBitsMap, i32 %g0"   --->   Operation 33 'specbitsmap' 'specbitsmap_ln0' <Predicate = true> <Delay = 0.00>
ST_1 : Operation 34 [1/1] (0.84ns)   --->   "%icmp_ln671 = icmp_eq  i15 %indvar_flatten14363_load, i15 24576" [spikingformer_official.cpp:671->spikingformer_official.cpp:2767]   --->   Operation 34 'icmp' 'icmp_ln671' <Predicate = true> <Delay = 0.84> <CoreInst = "Cmp">   --->   Core 9 'Cmp' <Latency = 0> <II = 1> <Delay = 0.84> <FuncUnit> <Opcode : 'seteq' 'setne' 'setle' 'setge' 'setlt' 'setgt'> <InPorts = 2> <OutPorts = 1>
ST_1 : Operation 35 [1/1] (0.84ns)   --->   "%add_ln671 = add i15 %indvar_flatten14363_load, i15 1" [spikingformer_official.cpp:671->spikingformer_official.cpp:2767]   --->   Operation 35 'add' 'add_ln671' <Predicate = true> <Delay = 0.84> <CoreInst = "Adder">   --->   Core 1 'Adder' <Latency = 0> <II = 1> <Delay = 0.84> <FuncUnit> <Opcode : 'add' 'sub'> <InPorts = 2> <OutPorts = 1>
ST_1 : Operation 36 [1/1] (0.00ns)   --->   "%br_ln671 = br i1 %icmp_ln671, void %for.inc14.i1327, void %for.body4.i1338.preheader.exitStub" [spikingformer_official.cpp:671->spikingformer_official.cpp:2767]   --->   Operation 36 'br' 'br_ln671' <Predicate = true> <Delay = 0.00>
ST_1 : Operation 37 [1/1] (0.00ns)   --->   "%v275_load = load i9 %v275" [spikingformer_official.cpp:672->spikingformer_official.cpp:2767]   --->   Operation 37 'load' 'v275_load' <Predicate = (!icmp_ln671)> <Delay = 0.00>
ST_1 : Operation 38 [1/1] (0.00ns)   --->   "%v274_load = load i7 %v274" [spikingformer_official.cpp:671->spikingformer_official.cpp:2767]   --->   Operation 38 'load' 'v274_load' <Predicate = (!icmp_ln671)> <Delay = 0.00>
ST_1 : Operation 39 [1/1] (0.77ns)   --->   "%add_ln671_1 = add i7 %v274_load, i7 1" [spikingformer_official.cpp:671->spikingformer_official.cpp:2767]   --->   Operation 39 'add' 'add_ln671_1' <Predicate = (!icmp_ln671)> <Delay = 0.77> <CoreInst = "Adder">   --->   Core 1 'Adder' <Latency = 0> <II = 1> <Delay = 0.77> <FuncUnit> <Opcode : 'add' 'sub'> <InPorts = 2> <OutPorts = 1>
ST_1 : Operation 40 [1/1] (0.77ns)   --->   "%icmp_ln672 = icmp_eq  i9 %v275_load, i9 384" [spikingformer_official.cpp:672->spikingformer_official.cpp:2767]   --->   Operation 40 'icmp' 'icmp_ln672' <Predicate = (!icmp_ln671)> <Delay = 0.77> <CoreInst = "Cmp">   --->   Core 9 'Cmp' <Latency = 0> <II = 1> <Delay = 0.77> <FuncUnit> <Opcode : 'seteq' 'setne' 'setle' 'setge' 'setlt' 'setgt'> <InPorts = 2> <OutPorts = 1>
ST_1 : Operation 41 [1/1] (0.39ns)   --->   "%select_ln671_2 = select i1 %icmp_ln672, i9 0, i9 %v275_load" [spikingformer_official.cpp:671->spikingformer_official.cpp:2767]   --->   Operation 41 'select' 'select_ln671_2' <Predicate = (!icmp_ln671)> <Delay = 0.39> <CoreInst = "Sel">   --->   Core 73 'Sel' <Latency = 0> <II = 1> <Delay = 0.39> <FuncUnit> <Opcode : 'select'> <InPorts = 3> <OutPorts = 1>
ST_1 : Operation 42 [1/1] (0.36ns)   --->   "%select_ln671 = select i1 %icmp_ln672, i7 %add_ln671_1, i7 %v274_load" [spikingformer_official.cpp:671->spikingformer_official.cpp:2767]   --->   Operation 42 'select' 'select_ln671' <Predicate = (!icmp_ln671)> <Delay = 0.36> <CoreInst = "Sel">   --->   Core 73 'Sel' <Latency = 0> <II = 1> <Delay = 0.36> <FuncUnit> <Opcode : 'select'> <InPorts = 3> <OutPorts = 1>
ST_1 : Operation 43 [1/1] (0.00ns)   --->   "%p_shl = bitconcatenate i18 @_ssdm_op_BitConcatenate.i18.i7.i11, i7 %select_ln671, i11 0" [spikingformer_official.cpp:675->spikingformer_official.cpp:2767]   --->   Operation 43 'bitconcatenate' 'p_shl' <Predicate = (!icmp_ln671)> <Delay = 0.00>
ST_1 : Operation 44 [1/1] (0.00ns)   --->   "%tmp = bitconcatenate i16 @_ssdm_op_BitConcatenate.i16.i7.i9, i7 %select_ln671, i9 0" [spikingformer_official.cpp:675->spikingformer_official.cpp:2767]   --->   Operation 44 'bitconcatenate' 'tmp' <Predicate = (!icmp_ln671)> <Delay = 0.00>
ST_1 : Operation 45 [1/1] (0.00ns)   --->   "%zext_ln675 = zext i16 %tmp" [spikingformer_official.cpp:675->spikingformer_official.cpp:2767]   --->   Operation 45 'zext' 'zext_ln675' <Predicate = (!icmp_ln671)> <Delay = 0.00>
ST_1 : Operation 46 [1/1] (0.87ns)   --->   "%sub_ln675 = sub i18 %p_shl, i18 %zext_ln675" [spikingformer_official.cpp:675->spikingformer_official.cpp:2767]   --->   Operation 46 'sub' 'sub_ln675' <Predicate = (!icmp_ln671)> <Delay = 0.87> <CoreInst = "Adder">   --->   Core 1 'Adder' <Latency = 0> <II = 1> <Delay = 0.87> <FuncUnit> <Opcode : 'add' 'sub'> <InPorts = 2> <OutPorts = 1>
ST_1 : Operation 47 [1/1] (0.00ns)   --->   "%zext_ln672 = zext i18 %sub_ln675" [spikingformer_official.cpp:672->spikingformer_official.cpp:2767]   --->   Operation 47 'zext' 'zext_ln672' <Predicate = (!icmp_ln671)> <Delay = 0.00>
ST_1 : Operation 48 [1/1] (0.00ns)   --->   "%shl_ln675_1 = bitconcatenate i11 @_ssdm_op_BitConcatenate.i11.i9.i2, i9 %select_ln671_2, i2 0" [spikingformer_official.cpp:675->spikingformer_official.cpp:2767]   --->   Operation 48 'bitconcatenate' 'shl_ln675_1' <Predicate = (!icmp_ln671)> <Delay = 0.00>
ST_1 : Operation 49 [1/1] (0.00ns)   --->   "%zext_ln675_1 = zext i11 %shl_ln675_1" [spikingformer_official.cpp:675->spikingformer_official.cpp:2767]   --->   Operation 49 'zext' 'zext_ln675_1' <Predicate = (!icmp_ln671)> <Delay = 0.00>
ST_1 : Operation 50 [1/1] (0.00ns) (grouped into TernaryAdder)   --->   "%add_ln675_2 = add i64 %v1057_read, i64 %zext_ln675_1" [spikingformer_official.cpp:675->spikingformer_official.cpp:2767]   --->   Operation 50 'add' 'add_ln675_2' <Predicate = (!icmp_ln671)> <Delay = 0.00> <CoreInst = "TAddSub">   --->   Core 10 'TAddSub' <Latency = 0> <II = 1> <Delay = 0.40> <IPBlock> <Opcode : 'add' 'sub'> <InPorts = 3> <OutPorts = 1> <Sync> <CReg>
ST_1 : Operation 51 [1/1] (0.81ns) (root node of TernaryAdder)   --->   "%add_ln675 = add i64 %add_ln675_2, i64 %zext_ln672" [spikingformer_official.cpp:675->spikingformer_official.cpp:2767]   --->   Operation 51 'add' 'add_ln675' <Predicate = (!icmp_ln671)> <Delay = 0.81> <CoreInst = "TAddSub">   --->   Core 10 'TAddSub' <Latency = 0> <II = 1> <Delay = 0.40> <IPBlock> <Opcode : 'add' 'sub'> <InPorts = 3> <OutPorts = 1> <Sync> <CReg>
ST_1 : Operation 52 [1/1] (0.00ns)   --->   "%trunc_ln675_1 = partselect i62 @_ssdm_op_PartSelect.i62.i64.i32.i32, i64 %add_ln675, i32 2, i32 63" [spikingformer_official.cpp:675->spikingformer_official.cpp:2767]   --->   Operation 52 'partselect' 'trunc_ln675_1' <Predicate = (!icmp_ln671)> <Delay = 0.00>
ST_1 : Operation 53 [1/1] (0.00ns)   --->   "%sext_ln675 = sext i62 %trunc_ln675_1" [spikingformer_official.cpp:675->spikingformer_official.cpp:2767]   --->   Operation 53 'sext' 'sext_ln675' <Predicate = (!icmp_ln671)> <Delay = 0.00>
ST_1 : Operation 54 [1/1] (0.00ns)   --->   "%g0_addr = getelementptr i32 %g0, i64 %sext_ln675" [spikingformer_official.cpp:675->spikingformer_official.cpp:2767]   --->   Operation 54 'getelementptr' 'g0_addr' <Predicate = (!icmp_ln671)> <Delay = 0.00>
ST_1 : Operation 55 [1/1] (0.77ns)   --->   "%add_ln672 = add i9 %select_ln671_2, i9 1" [spikingformer_official.cpp:672->spikingformer_official.cpp:2767]   --->   Operation 55 'add' 'add_ln672' <Predicate = (!icmp_ln671)> <Delay = 0.77> <CoreInst = "Adder">   --->   Core 1 'Adder' <Latency = 0> <II = 1> <Delay = 0.77> <FuncUnit> <Opcode : 'add' 'sub'> <InPorts = 2> <OutPorts = 1>
ST_1 : Operation 56 [1/1] (0.42ns)   --->   "%store_ln671 = store i15 %add_ln671, i15 %indvar_flatten14363" [spikingformer_official.cpp:671->spikingformer_official.cpp:2767]   --->   Operation 56 'store' 'store_ln671' <Predicate = (!icmp_ln671)> <Delay = 0.42>
ST_1 : Operation 57 [1/1] (0.42ns)   --->   "%store_ln671 = store i7 %select_ln671, i7 %v274" [spikingformer_official.cpp:671->spikingformer_official.cpp:2767]   --->   Operation 57 'store' 'store_ln671' <Predicate = (!icmp_ln671)> <Delay = 0.42>
ST_1 : Operation 58 [1/1] (0.42ns)   --->   "%store_ln672 = store i9 %add_ln672, i9 %v275" [spikingformer_official.cpp:672->spikingformer_official.cpp:2767]   --->   Operation 58 'store' 'store_ln672' <Predicate = (!icmp_ln671)> <Delay = 0.42>

State 2 <SV = 1> <Delay = 0.00>
ST_2 : Operation 59 [8/8] (7.30ns)   --->   "%g0_load_122_req = readreq i1 @_ssdm_op_ReadReq.m_axi.i32P1A, i32 %g0_addr, i64 1" [spikingformer_official.cpp:675->spikingformer_official.cpp:2767]   --->   Operation 59 'readreq' 'g0_load_122_req' <Predicate = true> <Delay = 7.30> <CoreInst = "m_axi">   --->   Core 119 'm_axi' <Latency = 6> <II = 1> <Delay = 1.00> <Adapter> <Opcode : 'readrequnaligned' 'writerequnaligned' 'read' 'write' 'readreq' 'writereq' 'writeresp'>

State 3 <SV = 2> <Delay = 0.00>
ST_3 : Operation 60 [7/8] (7.30ns)   --->   "%g0_load_122_req = readreq i1 @_ssdm_op_ReadReq.m_axi.i32P1A, i32 %g0_addr, i64 1" [spikingformer_official.cpp:675->spikingformer_official.cpp:2767]   --->   Operation 60 'readreq' 'g0_load_122_req' <Predicate = true> <Delay = 7.30> <CoreInst = "m_axi">   --->   Core 119 'm_axi' <Latency = 6> <II = 1> <Delay = 1.00> <Adapter> <Opcode : 'readrequnaligned' 'writerequnaligned' 'read' 'write' 'readreq' 'writereq' 'writeresp'>

State 4 <SV = 3> <Delay = 0.00>
ST_4 : Operation 61 [6/8] (7.30ns)   --->   "%g0_load_122_req = readreq i1 @_ssdm_op_ReadReq.m_axi.i32P1A, i32 %g0_addr, i64 1" [spikingformer_official.cpp:675->spikingformer_official.cpp:2767]   --->   Operation 61 'readreq' 'g0_load_122_req' <Predicate = true> <Delay = 7.30> <CoreInst = "m_axi">   --->   Core 119 'm_axi' <Latency = 6> <II = 1> <Delay = 1.00> <Adapter> <Opcode : 'readrequnaligned' 'writerequnaligned' 'read' 'write' 'readreq' 'writereq' 'writeresp'>

State 5 <SV = 4> <Delay = 0.00>
ST_5 : Operation 62 [5/8] (7.30ns)   --->   "%g0_load_122_req = readreq i1 @_ssdm_op_ReadReq.m_axi.i32P1A, i32 %g0_addr, i64 1" [spikingformer_official.cpp:675->spikingformer_official.cpp:2767]   --->   Operation 62 'readreq' 'g0_load_122_req' <Predicate = true> <Delay = 7.30> <CoreInst = "m_axi">   --->   Core 119 'm_axi' <Latency = 6> <II = 1> <Delay = 1.00> <Adapter> <Opcode : 'readrequnaligned' 'writerequnaligned' 'read' 'write' 'readreq' 'writereq' 'writeresp'>

State 6 <SV = 5> <Delay = 0.00>
ST_6 : Operation 63 [4/8] (7.30ns)   --->   "%g0_load_122_req = readreq i1 @_ssdm_op_ReadReq.m_axi.i32P1A, i32 %g0_addr, i64 1" [spikingformer_official.cpp:675->spikingformer_official.cpp:2767]   --->   Operation 63 'readreq' 'g0_load_122_req' <Predicate = true> <Delay = 7.30> <CoreInst = "m_axi">   --->   Core 119 'm_axi' <Latency = 6> <II = 1> <Delay = 1.00> <Adapter> <Opcode : 'readrequnaligned' 'writerequnaligned' 'read' 'write' 'readreq' 'writereq' 'writeresp'>

State 7 <SV = 6> <Delay = 0.00>
ST_7 : Operation 64 [3/8] (7.30ns)   --->   "%g0_load_122_req = readreq i1 @_ssdm_op_ReadReq.m_axi.i32P1A, i32 %g0_addr, i64 1" [spikingformer_official.cpp:675->spikingformer_official.cpp:2767]   --->   Operation 64 'readreq' 'g0_load_122_req' <Predicate = true> <Delay = 7.30> <CoreInst = "m_axi">   --->   Core 119 'm_axi' <Latency = 6> <II = 1> <Delay = 1.00> <Adapter> <Opcode : 'readrequnaligned' 'writerequnaligned' 'read' 'write' 'readreq' 'writereq' 'writeresp'>

State 8 <SV = 7> <Delay = 0.00>
ST_8 : Operation 65 [2/8] (7.30ns)   --->   "%g0_load_122_req = readreq i1 @_ssdm_op_ReadReq.m_axi.i32P1A, i32 %g0_addr, i64 1" [spikingformer_official.cpp:675->spikingformer_official.cpp:2767]   --->   Operation 65 'readreq' 'g0_load_122_req' <Predicate = true> <Delay = 7.30> <CoreInst = "m_axi">   --->   Core 119 'm_axi' <Latency = 6> <II = 1> <Delay = 1.00> <Adapter> <Opcode : 'readrequnaligned' 'writerequnaligned' 'read' 'write' 'readreq' 'writereq' 'writeresp'>

State 9 <SV = 8> <Delay = 7.30>
ST_9 : Operation 66 [1/8] ( I:7.30ns O:7.30ns )   --->   "%g0_load_122_req = readreq i1 @_ssdm_op_ReadReq.m_axi.i32P1A, i32 %g0_addr, i64 1" [spikingformer_official.cpp:675->spikingformer_official.cpp:2767]   --->   Operation 66 'readreq' 'g0_load_122_req' <Predicate = true> <Delay = 7.30> <CoreInst = "m_axi">   --->   Core 119 'm_axi' <Latency = 6> <II = 1> <Delay = 1.00> <Adapter> <Opcode : 'readrequnaligned' 'writerequnaligned' 'read' 'write' 'readreq' 'writereq' 'writeresp'>

State 10 <SV = 9> <Delay = 7.30>
ST_10 : Operation 67 [1/1] ( I:7.30ns O:7.30ns )   --->   "%g0_addr_read = read i32 @_ssdm_op_Read.m_axi.i32P1A, i32 %g0_addr" [spikingformer_official.cpp:675->spikingformer_official.cpp:2767]   --->   Operation 67 'read' 'g0_addr_read' <Predicate = true> <Delay = 7.30> <CoreInst = "m_axi">   --->   Core 119 'm_axi' <Latency = 3> <II = 1> <Delay = 1.00> <Adapter> <Opcode : 'readrequnaligned' 'writerequnaligned' 'read' 'write' 'readreq' 'writereq' 'writeresp'>
ST_10 : Operation 68 [1/1] (0.00ns)   --->   "%tmp_s = partselect i8 @_ssdm_op_PartSelect.i8.i32.i32.i32, i32 %g0_addr_read, i32 23, i32 30" [spikingformer_official.cpp:676->spikingformer_official.cpp:2767]   --->   Operation 68 'partselect' 'tmp_s' <Predicate = true> <Delay = 0.00>
ST_10 : Operation 69 [1/1] (0.00ns)   --->   "%trunc_ln676 = trunc i32 %g0_addr_read" [spikingformer_official.cpp:676->spikingformer_official.cpp:2767]   --->   Operation 69 'trunc' 'trunc_ln676' <Predicate = true> <Delay = 0.00>

State 11 <SV = 10> <Delay = 2.78>
ST_11 : Operation 70 [1/1] (0.00ns)   --->   "%v276 = bitcast i32 %g0_addr_read" [spikingformer_official.cpp:675->spikingformer_official.cpp:2767]   --->   Operation 70 'bitcast' 'v276' <Predicate = true> <Delay = 0.00>
ST_11 : Operation 71 [1/1] (0.76ns)   --->   "%icmp_ln676_2 = icmp_ne  i8 %tmp_s, i8 255" [spikingformer_official.cpp:676->spikingformer_official.cpp:2767]   --->   Operation 71 'icmp' 'icmp_ln676_2' <Predicate = true> <Delay = 0.76> <CoreInst = "Cmp">   --->   Core 9 'Cmp' <Latency = 0> <II = 1> <Delay = 0.76> <FuncUnit> <Opcode : 'seteq' 'setne' 'setle' 'setge' 'setlt' 'setgt'> <InPorts = 2> <OutPorts = 1>
ST_11 : Operation 72 [1/1] (0.92ns)   --->   "%icmp_ln676 = icmp_eq  i23 %trunc_ln676, i23 0" [spikingformer_official.cpp:676->spikingformer_official.cpp:2767]   --->   Operation 72 'icmp' 'icmp_ln676' <Predicate = true> <Delay = 0.92> <CoreInst = "Cmp">   --->   Core 9 'Cmp' <Latency = 0> <II = 1> <Delay = 0.92> <FuncUnit> <Opcode : 'seteq' 'setne' 'setle' 'setge' 'setlt' 'setgt'> <InPorts = 2> <OutPorts = 1>
ST_11 : Operation 73 [2/2] (2.78ns)   --->   "%tmp_3 = fcmp_oge  i32 %v276, i32 0" [spikingformer_official.cpp:676->spikingformer_official.cpp:2767]   --->   Operation 73 'fcmp' 'tmp_3' <Predicate = true> <Delay = 2.78> <CoreInst = "FCompare">   --->   Core 19 'FCompare' <Latency = 1> <II = 1> <Delay = 2.78> <FuncUnit> <Opcode : 'fcmp'> <InPorts = 2> <OutPorts = 1>

State 12 <SV = 11> <Delay = 7.30>
ST_12 : Operation 74 [1/1] (0.00ns) (grouped into LUT with out node select_ln678)   --->   "%or_ln676 = or i1 %icmp_ln676, i1 %icmp_ln676_2" [spikingformer_official.cpp:676->spikingformer_official.cpp:2767]   --->   Operation 74 'or' 'or_ln676' <Predicate = true> <Delay = 0.00> <CoreInst = "LogicGate">   --->   Core 74 'LogicGate' <Latency = 0> <II = 1> <Delay = 0.28> <FuncUnit> <Opcode : 'and' 'or' 'xor'> <InPorts = 2> <OutPorts = 1>
ST_12 : Operation 75 [1/2] (2.78ns)   --->   "%tmp_3 = fcmp_oge  i32 %v276, i32 0" [spikingformer_official.cpp:676->spikingformer_official.cpp:2767]   --->   Operation 75 'fcmp' 'tmp_3' <Predicate = true> <Delay = 2.78> <CoreInst = "FCompare">   --->   Core 19 'FCompare' <Latency = 1> <II = 1> <Delay = 2.78> <FuncUnit> <Opcode : 'fcmp'> <InPorts = 2> <OutPorts = 1>
ST_12 : Operation 76 [1/1] (0.00ns) (grouped into LUT with out node select_ln678)   --->   "%v277 = and i1 %or_ln676, i1 %tmp_3" [spikingformer_official.cpp:676->spikingformer_official.cpp:2767]   --->   Operation 76 'and' 'v277' <Predicate = true> <Delay = 0.00> <CoreInst = "LogicGate">   --->   Core 74 'LogicGate' <Latency = 0> <II = 1> <Delay = 0.28> <FuncUnit> <Opcode : 'and' 'or' 'xor'> <InPorts = 2> <OutPorts = 1>
ST_12 : Operation 77 [1/1] (0.41ns) (out node of the LUT)   --->   "%select_ln678 = select i1 %v277, i32 1065353216, i32 0" [spikingformer_official.cpp:678->spikingformer_official.cpp:2767]   --->   Operation 77 'select' 'select_ln678' <Predicate = true> <Delay = 0.41> <CoreInst = "Sel">   --->   Core 73 'Sel' <Latency = 0> <II = 1> <Delay = 0.41> <FuncUnit> <Opcode : 'select'> <InPorts = 3> <OutPorts = 1>
ST_12 : Operation 78 [1/1] ( I:7.30ns O:7.30ns )   --->   "%g0_addr_281_req = writereq i1 @_ssdm_op_WriteReq.m_axi.i32P1A, i32 %g0_addr, i64 1" [spikingformer_official.cpp:678->spikingformer_official.cpp:2767]   --->   Operation 78 'writereq' 'g0_addr_281_req' <Predicate = true> <Delay = 7.30> <CoreInst = "m_axi">   --->   Core 119 'm_axi' <Latency = 9> <II = 1> <Delay = 1.00> <Adapter> <Opcode : 'readrequnaligned' 'writerequnaligned' 'read' 'write' 'readreq' 'writereq' 'writeresp'>

State 13 <SV = 12> <Delay = 7.30>
ST_13 : Operation 79 [1/1] ( I:7.30ns O:7.30ns )   --->   "%write_ln678 = write void @_ssdm_op_Write.m_axi.i32P1A, i32 %g0_addr, i32 %select_ln678, i4 15" [spikingformer_official.cpp:678->spikingformer_official.cpp:2767]   --->   Operation 79 'write' 'write_ln678' <Predicate = true> <Delay = 7.30> <CoreInst = "m_axi">   --->   Core 119 'm_axi' <Latency = 5> <II = 1> <Delay = 1.00> <Adapter> <Opcode : 'readrequnaligned' 'writerequnaligned' 'read' 'write' 'readreq' 'writereq' 'writeresp'>

State 14 <SV = 13> <Delay = 0.00>
ST_14 : Operation 80 [5/5] (7.30ns)   --->   "%g0_addr_281_resp = writeresp i1 @_ssdm_op_WriteResp.m_axi.i32P1A, i32 %g0_addr" [spikingformer_official.cpp:678->spikingformer_official.cpp:2767]   --->   Operation 80 'writeresp' 'g0_addr_281_resp' <Predicate = true> <Delay = 7.30> <CoreInst = "m_axi">   --->   Core 119 'm_axi' <Latency = 3> <II = 1> <Delay = 1.00> <Adapter> <Opcode : 'readrequnaligned' 'writerequnaligned' 'read' 'write' 'readreq' 'writereq' 'writeresp'>

State 15 <SV = 14> <Delay = 0.00>
ST_15 : Operation 81 [4/5] (7.30ns)   --->   "%g0_addr_281_resp = writeresp i1 @_ssdm_op_WriteResp.m_axi.i32P1A, i32 %g0_addr" [spikingformer_official.cpp:678->spikingformer_official.cpp:2767]   --->   Operation 81 'writeresp' 'g0_addr_281_resp' <Predicate = true> <Delay = 7.30> <CoreInst = "m_axi">   --->   Core 119 'm_axi' <Latency = 3> <II = 1> <Delay = 1.00> <Adapter> <Opcode : 'readrequnaligned' 'writerequnaligned' 'read' 'write' 'readreq' 'writereq' 'writeresp'>

State 16 <SV = 15> <Delay = 0.00>
ST_16 : Operation 82 [3/5] (7.30ns)   --->   "%g0_addr_281_resp = writeresp i1 @_ssdm_op_WriteResp.m_axi.i32P1A, i32 %g0_addr" [spikingformer_official.cpp:678->spikingformer_official.cpp:2767]   --->   Operation 82 'writeresp' 'g0_addr_281_resp' <Predicate = true> <Delay = 7.30> <CoreInst = "m_axi">   --->   Core 119 'm_axi' <Latency = 3> <II = 1> <Delay = 1.00> <Adapter> <Opcode : 'readrequnaligned' 'writerequnaligned' 'read' 'write' 'readreq' 'writereq' 'writeresp'>

State 17 <SV = 16> <Delay = 0.42>
ST_17 : Operation 83 [2/5] (7.30ns)   --->   "%g0_addr_281_resp = writeresp i1 @_ssdm_op_WriteResp.m_axi.i32P1A, i32 %g0_addr" [spikingformer_official.cpp:678->spikingformer_official.cpp:2767]   --->   Operation 83 'writeresp' 'g0_addr_281_resp' <Predicate = true> <Delay = 7.30> <CoreInst = "m_axi">   --->   Core 119 'm_axi' <Latency = 3> <II = 1> <Delay = 1.00> <Adapter> <Opcode : 'readrequnaligned' 'writerequnaligned' 'read' 'write' 'readreq' 'writereq' 'writeresp'>
ST_17 : Operation 89 [1/1] (0.42ns)   --->   "%ret_ln0 = ret"   --->   Operation 89 'ret' 'ret_ln0' <Predicate = (icmp_ln671)> <Delay = 0.42>

State 18 <SV = 17> <Delay = 7.30>
ST_18 : Operation 84 [1/1] (0.00ns)   --->   "%specloopname_ln0 = specloopname void @_ssdm_op_SpecLoopName, void @VITIS_LOOP_671_1_VITIS_LOOP_672_2_str"   --->   Operation 84 'specloopname' 'specloopname_ln0' <Predicate = true> <Delay = 0.00>
ST_18 : Operation 85 [1/1] (0.00ns)   --->   "%speclooptripcount_ln0 = speclooptripcount void @_ssdm_op_SpecLoopTripCount, i64 24576, i64 24576, i64 24576"   --->   Operation 85 'speclooptripcount' 'speclooptripcount_ln0' <Predicate = true> <Delay = 0.00>
ST_18 : Operation 86 [1/1] (0.00ns)   --->   "%specpipeline_ln673 = specpipeline void @_ssdm_op_SpecPipeline, i32 1, i32 0, i32 0, i32 0, i32 4294967295, void @empty_35" [spikingformer_official.cpp:673->spikingformer_official.cpp:2767]   --->   Operation 86 'specpipeline' 'specpipeline_ln673' <Predicate = true> <Delay = 0.00>
ST_18 : Operation 87 [1/5] ( I:7.30ns O:7.30ns )   --->   "%g0_addr_281_resp = writeresp i1 @_ssdm_op_WriteResp.m_axi.i32P1A, i32 %g0_addr" [spikingformer_official.cpp:678->spikingformer_official.cpp:2767]   --->   Operation 87 'writeresp' 'g0_addr_281_resp' <Predicate = true> <Delay = 7.30> <CoreInst = "m_axi">   --->   Core 119 'm_axi' <Latency = 3> <II = 1> <Delay = 1.00> <Adapter> <Opcode : 'readrequnaligned' 'writerequnaligned' 'read' 'write' 'readreq' 'writereq' 'writeresp'>
ST_18 : Operation 88 [1/1] (0.00ns)   --->   "%br_ln672 = br void %for.body4.i1324" [spikingformer_official.cpp:672->spikingformer_official.cpp:2767]   --->   Operation 88 'br' 'br_ln672' <Predicate = true> <Delay = 0.00>


============================================================
+ Verbose Summary: Binding
============================================================
STG Binding: 
---------------- STG Properties BEGIN ----------------
- Is combinational: 0
- Is one-state seq: 0
- Is datapath-only: 0
- Is pipelined: 0
- Is top level: 0
Port [ Return ] is wired: 1; IO mode=ap_ctrl_hs:ce=0
Port [ g0]:  wired=1; compound=1; hidden=0; nouse=0; global=0; static=0; extern=0; dir=2; type=4; pingpong=0; private_global=0; IO mode=m_axi:ce=0
Port [ sext_ln703_2]:  wired=1; compound=0; hidden=0; nouse=0; global=0; static=0; extern=0; dir=0; type=0; pingpong=0; private_global=0; IO mode=ap_none:ce=0
Port [ v1057]:  wired=1; compound=0; hidden=0; nouse=0; global=0; static=0; extern=0; dir=0; type=0; pingpong=0; private_global=0; IO mode=ap_none:ce=0
---------------- STG Properties END ------------------

---------------- Datapath Model BEGIN ----------------

<LifeTime>
<method=bitvector/>
v275                     (alloca           ) [ 0100000000000000000]
v274                     (alloca           ) [ 0100000000000000000]
indvar_flatten14363      (alloca           ) [ 0100000000000000000]
v1057_read               (read             ) [ 0000000000000000000]
sext_ln703_24            (read             ) [ 0000000000000000000]
specstablecontent_ln0    (specstablecontent) [ 0000000000000000000]
specinterface_ln0        (specinterface    ) [ 0000000000000000000]
store_ln0                (store            ) [ 0000000000000000000]
store_ln671              (store            ) [ 0000000000000000000]
store_ln672              (store            ) [ 0000000000000000000]
br_ln0                   (br               ) [ 0000000000000000000]
indvar_flatten14363_load (load             ) [ 0000000000000000000]
specbitsmap_ln0          (specbitsmap      ) [ 0000000000000000000]
icmp_ln671               (icmp             ) [ 0111111111111111110]
add_ln671                (add              ) [ 0000000000000000000]
br_ln671                 (br               ) [ 0000000000000000000]
v275_load                (load             ) [ 0000000000000000000]
v274_load                (load             ) [ 0000000000000000000]
add_ln671_1              (add              ) [ 0000000000000000000]
icmp_ln672               (icmp             ) [ 0000000000000000000]
select_ln671_2           (select           ) [ 0000000000000000000]
select_ln671             (select           ) [ 0000000000000000000]
p_shl                    (bitconcatenate   ) [ 0000000000000000000]
tmp                      (bitconcatenate   ) [ 0000000000000000000]
zext_ln675               (zext             ) [ 0000000000000000000]
sub_ln675                (sub              ) [ 0000000000000000000]
zext_ln672               (zext             ) [ 0000000000000000000]
shl_ln675_1              (bitconcatenate   ) [ 0000000000000000000]
zext_ln675_1             (zext             ) [ 0000000000000000000]
add_ln675_2              (add              ) [ 0000000000000000000]
add_ln675                (add              ) [ 0000000000000000000]
trunc_ln675_1            (partselect       ) [ 0000000000000000000]
sext_ln675               (sext             ) [ 0000000000000000000]
g0_addr                  (getelementptr    ) [ 0111111111111111111]
add_ln672                (add              ) [ 0000000000000000000]
store_ln671              (store            ) [ 0000000000000000000]
store_ln671              (store            ) [ 0000000000000000000]
store_ln672              (store            ) [ 0000000000000000000]
g0_load_122_req          (readreq          ) [ 0000000000000000000]
g0_addr_read             (read             ) [ 0100000000010000000]
tmp_s                    (partselect       ) [ 0100000000010000000]
trunc_ln676              (trunc            ) [ 0100000000010000000]
v276                     (bitcast          ) [ 0100000000001000000]
icmp_ln676_2             (icmp             ) [ 0100000000001000000]
icmp_ln676               (icmp             ) [ 0100000000001000000]
or_ln676                 (or               ) [ 0000000000000000000]
tmp_3                    (fcmp             ) [ 0000000000000000000]
v277                     (and              ) [ 0000000000000000000]
select_ln678             (select           ) [ 0100000000000100000]
g0_addr_281_req          (writereq         ) [ 0000000000000000000]
write_ln678              (write            ) [ 0000000000000000000]
specloopname_ln0         (specloopname     ) [ 0000000000000000000]
speclooptripcount_ln0    (speclooptripcount) [ 0000000000000000000]
specpipeline_ln673       (specpipeline     ) [ 0000000000000000000]
g0_addr_281_resp         (writeresp        ) [ 0000000000000000000]
br_ln672                 (br               ) [ 0000000000000000000]
ret_ln0                  (ret              ) [ 0000000000000000000]
</LifeTime>

<model>

<comp_list>
<comp id="0" class="1000" name="g0">
<pin_list>
<pin id="1" dir="1" index="0" bw="1" slack="0"/>
</pin_list>
<bind>
<StgValue><ssdm name="g0"/><MemPortTyVec>2 </MemPortTyVec>
</StgValue>
</bind>
</comp>

<comp id="2" class="1000" name="sext_ln703_2">
<pin_list>
<pin id="3" dir="1" index="0" bw="1" slack="0"/>
</pin_list>
<bind>
<StgValue><ssdm name="sext_ln703_2"/></StgValue>
</bind>
</comp>

<comp id="4" class="1000" name="v1057">
<pin_list>
<pin id="5" dir="1" index="0" bw="1" slack="0"/>
</pin_list>
<bind>
<StgValue><ssdm name="v1057"/></StgValue>
</bind>
</comp>

<comp id="6" class="1001" name="const_6">
<pin_list>
<pin id="7" dir="1" index="0" bw="1" slack="0"/>
</pin_list>
<bind>
<StgValue><ssdm name=""/></StgValue>
</bind>
</comp>

<comp id="8" class="1001" name="const_8">
<pin_list>
<pin id="9" dir="1" index="0" bw="1" slack="0"/>
</pin_list>
<bind>
<StgValue><ssdm name="_ssdm_op_Read.ap_auto.i64"/></StgValue>
</bind>
</comp>

<comp id="10" class="1001" name="const_10">
<pin_list>
<pin id="11" dir="1" index="0" bw="1" slack="0"/>
</pin_list>
<bind>
<StgValue><ssdm name="_ssdm_op_Read.ap_auto.i62"/></StgValue>
</bind>
</comp>

<comp id="12" class="1001" name="const_12">
<pin_list>
<pin id="13" dir="1" index="0" bw="1" slack="2147483647"/>
</pin_list>
<bind>
<StgValue><ssdm name="_ssdm_op_SpecStableContent"/></StgValue>
</bind>
</comp>

<comp id="14" class="1001" name="const_14">
<pin_list>
<pin id="15" dir="1" index="0" bw="1" slack="2147483647"/>
</pin_list>
<bind>
<StgValue><ssdm name=""/></StgValue>
</bind>
</comp>

<comp id="16" class="1001" name="const_16">
<pin_list>
<pin id="17" dir="1" index="0" bw="1" slack="2147483647"/>
</pin_list>
<bind>
<StgValue><ssdm name=""/></StgValue>
</bind>
</comp>

<comp id="18" class="1001" name="const_18">
<pin_list>
<pin id="19" dir="1" index="0" bw="1" slack="2147483647"/>
</pin_list>
<bind>
<StgValue><ssdm name="_ssdm_op_SpecInterface"/></StgValue>
</bind>
</comp>

<comp id="20" class="1001" name="const_20">
<pin_list>
<pin id="21" dir="1" index="0" bw="1" slack="2147483647"/>
</pin_list>
<bind>
<StgValue><ssdm name="empty_26"/></StgValue>
</bind>
</comp>

<comp id="22" class="1001" name="const_22">
<pin_list>
<pin id="23" dir="1" index="0" bw="1" slack="0"/>
</pin_list>
<bind>
<StgValue><ssdm name=""/></StgValue>
</bind>
</comp>

<comp id="24" class="1001" name="const_24">
<pin_list>
<pin id="25" dir="1" index="0" bw="1" slack="2147483647"/>
</pin_list>
<bind>
<StgValue><ssdm name="empty_35"/></StgValue>
</bind>
</comp>

<comp id="26" class="1001" name="const_26">
<pin_list>
<pin id="27" dir="1" index="0" bw="1" slack="2147483647"/>
</pin_list>
<bind>
<StgValue><ssdm name="empty_22"/></StgValue>
</bind>
</comp>

<comp id="28" class="1001" name="const_28">
<pin_list>
<pin id="29" dir="1" index="0" bw="1" slack="2147483647"/>
</pin_list>
<bind>
<StgValue><ssdm name="empty_25"/></StgValue>
</bind>
</comp>

<comp id="30" class="1001" name="const_30">
<pin_list>
<pin id="31" dir="1" index="0" bw="1" slack="2147483647"/>
</pin_list>
<bind>
<StgValue><ssdm name=""/></StgValue>
</bind>
</comp>

<comp id="32" class="1001" name="const_32">
<pin_list>
<pin id="33" dir="1" index="0" bw="1" slack="2147483647"/>
</pin_list>
<bind>
<StgValue><ssdm name=""/></StgValue>
</bind>
</comp>

<comp id="34" class="1001" name="const_34">
<pin_list>
<pin id="35" dir="1" index="0" bw="1" slack="2147483647"/>
</pin_list>
<bind>
<StgValue><ssdm name=""/></StgValue>
</bind>
</comp>

<comp id="36" class="1001" name="const_36">
<pin_list>
<pin id="37" dir="1" index="0" bw="1" slack="0"/>
</pin_list>
<bind>
<StgValue><ssdm name=""/></StgValue>
</bind>
</comp>

<comp id="38" class="1001" name="const_38">
<pin_list>
<pin id="39" dir="1" index="0" bw="1" slack="0"/>
</pin_list>
<bind>
<StgValue><ssdm name=""/></StgValue>
</bind>
</comp>

<comp id="40" class="1001" name="const_40">
<pin_list>
<pin id="41" dir="1" index="0" bw="1" slack="0"/>
</pin_list>
<bind>
<StgValue><ssdm name=""/></StgValue>
</bind>
</comp>

<comp id="42" class="1001" name="const_42">
<pin_list>
<pin id="43" dir="1" index="0" bw="1" slack="2147483647"/>
</pin_list>
<bind>
<StgValue><ssdm name="_ssdm_op_SpecBitsMap"/></StgValue>
</bind>
</comp>

<comp id="44" class="1001" name="const_44">
<pin_list>
<pin id="45" dir="1" index="0" bw="1" slack="0"/>
</pin_list>
<bind>
<StgValue><ssdm name=""/></StgValue>
</bind>
</comp>

<comp id="46" class="1001" name="const_46">
<pin_list>
<pin id="47" dir="1" index="0" bw="1" slack="0"/>
</pin_list>
<bind>
<StgValue><ssdm name=""/></StgValue>
</bind>
</comp>

<comp id="48" class="1001" name="const_48">
<pin_list>
<pin id="49" dir="1" index="0" bw="1" slack="0"/>
</pin_list>
<bind>
<StgValue><ssdm name=""/></StgValue>
</bind>
</comp>

<comp id="50" class="1001" name="const_50">
<pin_list>
<pin id="51" dir="1" index="0" bw="1" slack="0"/>
</pin_list>
<bind>
<StgValue><ssdm name=""/></StgValue>
</bind>
</comp>

<comp id="52" class="1001" name="const_52">
<pin_list>
<pin id="53" dir="1" index="0" bw="1" slack="0"/>
</pin_list>
<bind>
<StgValue><ssdm name="_ssdm_op_BitConcatenate.i18.i7.i11"/></StgValue>
</bind>
</comp>

<comp id="54" class="1001" name="const_54">
<pin_list>
<pin id="55" dir="1" index="0" bw="1" slack="0"/>
</pin_list>
<bind>
<StgValue><ssdm name=""/></StgValue>
</bind>
</comp>

<comp id="56" class="1001" name="const_56">
<pin_list>
<pin id="57" dir="1" index="0" bw="1" slack="0"/>
</pin_list>
<bind>
<StgValue><ssdm name="_ssdm_op_BitConcatenate.i16.i7.i9"/></StgValue>
</bind>
</comp>

<comp id="58" class="1001" name="const_58">
<pin_list>
<pin id="59" dir="1" index="0" bw="1" slack="0"/>
</pin_list>
<bind>
<StgValue><ssdm name="_ssdm_op_BitConcatenate.i11.i9.i2"/></StgValue>
</bind>
</comp>

<comp id="60" class="1001" name="const_60">
<pin_list>
<pin id="61" dir="1" index="0" bw="1" slack="0"/>
</pin_list>
<bind>
<StgValue><ssdm name=""/></StgValue>
</bind>
</comp>

<comp id="62" class="1001" name="const_62">
<pin_list>
<pin id="63" dir="1" index="0" bw="1" slack="0"/>
</pin_list>
<bind>
<StgValue><ssdm name="_ssdm_op_PartSelect.i62.i64.i32.i32"/></StgValue>
</bind>
</comp>

<comp id="64" class="1001" name="const_64">
<pin_list>
<pin id="65" dir="1" index="0" bw="1" slack="0"/>
</pin_list>
<bind>
<StgValue><ssdm name=""/></StgValue>
</bind>
</comp>

<comp id="66" class="1001" name="const_66">
<pin_list>
<pin id="67" dir="1" index="0" bw="1" slack="0"/>
</pin_list>
<bind>
<StgValue><ssdm name=""/></StgValue>
</bind>
</comp>

<comp id="68" class="1001" name="const_68">
<pin_list>
<pin id="69" dir="1" index="0" bw="1" slack="0"/>
</pin_list>
<bind>
<StgValue><ssdm name=""/></StgValue>
</bind>
</comp>

<comp id="70" class="1001" name="const_70">
<pin_list>
<pin id="71" dir="1" index="0" bw="1" slack="0"/>
</pin_list>
<bind>
<StgValue><ssdm name="_ssdm_op_ReadReq.m_axi.i32P1A"/></StgValue>
</bind>
</comp>

<comp id="72" class="1001" name="const_72">
<pin_list>
<pin id="73" dir="1" index="0" bw="1" slack="0"/>
</pin_list>
<bind>
<StgValue><ssdm name=""/></StgValue>
</bind>
</comp>

<comp id="74" class="1001" name="const_74">
<pin_list>
<pin id="75" dir="1" index="0" bw="1" slack="0"/>
</pin_list>
<bind>
<StgValue><ssdm name="_ssdm_op_Read.m_axi.i32P1A"/></StgValue>
</bind>
</comp>

<comp id="76" class="1001" name="const_76">
<pin_list>
<pin id="77" dir="1" index="0" bw="1" slack="0"/>
</pin_list>
<bind>
<StgValue><ssdm name="_ssdm_op_PartSelect.i8.i32.i32.i32"/></StgValue>
</bind>
</comp>

<comp id="78" class="1001" name="const_78">
<pin_list>
<pin id="79" dir="1" index="0" bw="1" slack="0"/>
</pin_list>
<bind>
<StgValue><ssdm name=""/></StgValue>
</bind>
</comp>

<comp id="80" class="1001" name="const_80">
<pin_list>
<pin id="81" dir="1" index="0" bw="1" slack="0"/>
</pin_list>
<bind>
<StgValue><ssdm name=""/></StgValue>
</bind>
</comp>

<comp id="82" class="1001" name="const_82">
<pin_list>
<pin id="83" dir="1" index="0" bw="1" slack="0"/>
</pin_list>
<bind>
<StgValue><ssdm name=""/></StgValue>
</bind>
</comp>

<comp id="84" class="1001" name="const_84">
<pin_list>
<pin id="85" dir="1" index="0" bw="1" slack="0"/>
</pin_list>
<bind>
<StgValue><ssdm name=""/></StgValue>
</bind>
</comp>

<comp id="86" class="1001" name="const_86">
<pin_list>
<pin id="87" dir="1" index="0" bw="1" slack="0"/>
</pin_list>
<bind>
<StgValue><ssdm name=""/></StgValue>
</bind>
</comp>

<comp id="88" class="1001" name="const_88">
<pin_list>
<pin id="89" dir="1" index="0" bw="1" slack="0"/>
</pin_list>
<bind>
<StgValue><ssdm name=""/></StgValue>
</bind>
</comp>

<comp id="90" class="1001" name="const_90">
<pin_list>
<pin id="91" dir="1" index="0" bw="1" slack="0"/>
</pin_list>
<bind>
<StgValue><ssdm name="_ssdm_op_WriteReq.m_axi.i32P1A"/></StgValue>
</bind>
</comp>

<comp id="92" class="1001" name="const_92">
<pin_list>
<pin id="93" dir="1" index="0" bw="1" slack="0"/>
</pin_list>
<bind>
<StgValue><ssdm name="_ssdm_op_Write.m_axi.i32P1A"/></StgValue>
</bind>
</comp>

<comp id="94" class="1001" name="const_94">
<pin_list>
<pin id="95" dir="1" index="0" bw="1" slack="0"/>
</pin_list>
<bind>
<StgValue><ssdm name=""/></StgValue>
</bind>
</comp>

<comp id="96" class="1001" name="const_96">
<pin_list>
<pin id="97" dir="1" index="0" bw="1" slack="0"/>
</pin_list>
<bind>
<StgValue><ssdm name="_ssdm_op_WriteResp.m_axi.i32P1A"/></StgValue>
</bind>
</comp>

<comp id="98" class="1001" name="const_98">
<pin_list>
<pin id="99" dir="1" index="0" bw="1" slack="2147483647"/>
</pin_list>
<bind>
<StgValue><ssdm name="_ssdm_op_SpecLoopName"/></StgValue>
</bind>
</comp>

<comp id="100" class="1001" name="const_100">
<pin_list>
<pin id="101" dir="1" index="0" bw="1" slack="2147483647"/>
</pin_list>
<bind>
<StgValue><ssdm name="VITIS_LOOP_671_1_VITIS_LOOP_672_2_str"/></StgValue>
</bind>
</comp>

<comp id="102" class="1001" name="const_102">
<pin_list>
<pin id="103" dir="1" index="0" bw="1" slack="2147483647"/>
</pin_list>
<bind>
<StgValue><ssdm name="_ssdm_op_SpecLoopTripCount"/></StgValue>
</bind>
</comp>

<comp id="104" class="1001" name="const_104">
<pin_list>
<pin id="105" dir="1" index="0" bw="1" slack="2147483647"/>
</pin_list>
<bind>
<StgValue><ssdm name=""/></StgValue>
</bind>
</comp>

<comp id="106" class="1001" name="const_106">
<pin_list>
<pin id="107" dir="1" index="0" bw="1" slack="2147483647"/>
</pin_list>
<bind>
<StgValue><ssdm name="_ssdm_op_SpecPipeline"/></StgValue>
</bind>
</comp>

<comp id="108" class="1004" name="v275_fu_108">
<pin_list>
<pin id="109" dir="0" index="0" bw="1" slack="0"/>
<pin id="110" dir="1" index="1" bw="9" slack="0"/>
</pin_list>
<bind>
<opcode="alloca(26) " fcode="alloca"/>
<opset="v275/1 "/>
</bind>
</comp>

<comp id="112" class="1004" name="v274_fu_112">
<pin_list>
<pin id="113" dir="0" index="0" bw="1" slack="0"/>
<pin id="114" dir="1" index="1" bw="7" slack="0"/>
</pin_list>
<bind>
<opcode="alloca(26) " fcode="alloca"/>
<opset="v274/1 "/>
</bind>
</comp>

<comp id="116" class="1004" name="indvar_flatten14363_fu_116">
<pin_list>
<pin id="117" dir="0" index="0" bw="1" slack="0"/>
<pin id="118" dir="1" index="1" bw="15" slack="0"/>
</pin_list>
<bind>
<opcode="alloca(26) " fcode="alloca"/>
<opset="indvar_flatten14363/1 "/>
</bind>
</comp>

<comp id="120" class="1004" name="v1057_read_read_fu_120">
<pin_list>
<pin id="121" dir="0" index="0" bw="64" slack="0"/>
<pin id="122" dir="0" index="1" bw="64" slack="0"/>
<pin id="123" dir="1" index="2" bw="64" slack="0"/>
</pin_list>
<bind>
<opcode="read(1150) " fcode="read"/>
<opset="v1057_read/1 "/>
</bind>
</comp>

<comp id="126" class="1004" name="sext_ln703_24_read_fu_126">
<pin_list>
<pin id="127" dir="0" index="0" bw="62" slack="0"/>
<pin id="128" dir="0" index="1" bw="62" slack="0"/>
<pin id="129" dir="1" index="2" bw="62" slack="2147483647"/>
</pin_list>
<bind>
<opcode="read(1150) " fcode="read"/>
<opset="sext_ln703_24/1 "/>
</bind>
</comp>

<comp id="132" class="1004" name="grp_readreq_fu_132">
<pin_list>
<pin id="133" dir="0" index="0" bw="1" slack="0"/>
<pin id="134" dir="0" index="1" bw="32" slack="1"/>
<pin id="135" dir="0" index="2" bw="1" slack="0"/>
<pin id="136" dir="1" index="3" bw="1" slack="2147483647"/>
</pin_list>
<bind>
<opcode="readreq(1154) " fcode="readreq"/>
<opset="g0_load_122_req/2 "/>
</bind>
</comp>

<comp id="139" class="1004" name="g0_addr_read_read_fu_139">
<pin_list>
<pin id="140" dir="0" index="0" bw="32" slack="0"/>
<pin id="141" dir="0" index="1" bw="32" slack="9"/>
<pin id="142" dir="1" index="2" bw="32" slack="0"/>
</pin_list>
<bind>
<opcode="read(1150) " fcode="read"/>
<opset="g0_addr_read/10 "/>
</bind>
</comp>

<comp id="144" class="1004" name="g0_addr_281_req_writereq_fu_144">
<pin_list>
<pin id="145" dir="0" index="0" bw="1" slack="0"/>
<pin id="146" dir="0" index="1" bw="32" slack="11"/>
<pin id="147" dir="0" index="2" bw="1" slack="0"/>
<pin id="148" dir="1" index="3" bw="1" slack="2147483647"/>
</pin_list>
<bind>
<opcode="writereq(1155) " fcode="writereq"/>
<opset="g0_addr_281_req/12 "/>
</bind>
</comp>

<comp id="151" class="1004" name="write_ln678_write_fu_151">
<pin_list>
<pin id="152" dir="0" index="0" bw="0" slack="0"/>
<pin id="153" dir="0" index="1" bw="32" slack="12"/>
<pin id="154" dir="0" index="2" bw="31" slack="1"/>
<pin id="155" dir="0" index="3" bw="1" slack="0"/>
<pin id="156" dir="1" index="4" bw="0" slack="2147483647"/>
</pin_list>
<bind>
<opcode="write(1151) " fcode="write"/>
<opset="write_ln678/13 "/>
</bind>
</comp>

<comp id="159" class="1004" name="grp_writeresp_fu_159">
<pin_list>
<pin id="160" dir="0" index="0" bw="1" slack="0"/>
<pin id="161" dir="0" index="1" bw="32" slack="13"/>
<pin id="162" dir="1" index="2" bw="1" slack="2147483647"/>
</pin_list>
<bind>
<opcode="writeresp(1158) " fcode="writeresp"/>
<opset="g0_addr_281_resp/14 "/>
</bind>
</comp>

<comp id="164" class="1004" name="grp_fu_164">
<pin_list>
<pin id="165" dir="0" index="0" bw="32" slack="0"/>
<pin id="166" dir="0" index="1" bw="32" slack="0"/>
<pin id="167" dir="1" index="2" bw="1" slack="0"/>
</pin_list>
<bind>
<opcode="fcmp(46) " fcode="fcmp"/>
<opset="tmp_3/11 "/>
</bind>
</comp>

<comp id="169" class="1004" name="store_ln0_store_fu_169">
<pin_list>
<pin id="170" dir="0" index="0" bw="1" slack="0"/>
<pin id="171" dir="0" index="1" bw="15" slack="0"/>
<pin id="172" dir="1" index="2" bw="0" slack="2147483647"/>
</pin_list>
<bind>
<opcode="store(28) " fcode="store"/>
<opset="store_ln0/1 "/>
</bind>
</comp>

<comp id="174" class="1004" name="store_ln671_store_fu_174">
<pin_list>
<pin id="175" dir="0" index="0" bw="1" slack="0"/>
<pin id="176" dir="0" index="1" bw="7" slack="0"/>
<pin id="177" dir="1" index="2" bw="0" slack="2147483647"/>
</pin_list>
<bind>
<opcode="store(28) " fcode="store"/>
<opset="store_ln671/1 "/>
</bind>
</comp>

<comp id="179" class="1004" name="store_ln672_store_fu_179">
<pin_list>
<pin id="180" dir="0" index="0" bw="1" slack="0"/>
<pin id="181" dir="0" index="1" bw="9" slack="0"/>
<pin id="182" dir="1" index="2" bw="0" slack="2147483647"/>
</pin_list>
<bind>
<opcode="store(28) " fcode="store"/>
<opset="store_ln672/1 "/>
</bind>
</comp>

<comp id="184" class="1004" name="indvar_flatten14363_load_load_fu_184">
<pin_list>
<pin id="185" dir="0" index="0" bw="15" slack="0"/>
<pin id="186" dir="1" index="1" bw="15" slack="0"/>
</pin_list>
<bind>
<opcode="load(27) " fcode="load"/>
<opset="indvar_flatten14363_load/1 "/>
</bind>
</comp>

<comp id="187" class="1004" name="icmp_ln671_fu_187">
<pin_list>
<pin id="188" dir="0" index="0" bw="15" slack="0"/>
<pin id="189" dir="0" index="1" bw="14" slack="0"/>
<pin id="190" dir="1" index="2" bw="1" slack="16"/>
</pin_list>
<bind>
<opcode="icmp(45) " fcode="icmp"/>
<opset="icmp_ln671/1 "/>
</bind>
</comp>

<comp id="193" class="1004" name="add_ln671_fu_193">
<pin_list>
<pin id="194" dir="0" index="0" bw="15" slack="0"/>
<pin id="195" dir="0" index="1" bw="1" slack="0"/>
<pin id="196" dir="1" index="2" bw="15" slack="0"/>
</pin_list>
<bind>
<opcode="add(8) " fcode="add"/>
<opset="add_ln671/1 "/>
</bind>
</comp>

<comp id="199" class="1004" name="v275_load_load_fu_199">
<pin_list>
<pin id="200" dir="0" index="0" bw="9" slack="0"/>
<pin id="201" dir="1" index="1" bw="9" slack="0"/>
</pin_list>
<bind>
<opcode="load(27) " fcode="load"/>
<opset="v275_load/1 "/>
</bind>
</comp>

<comp id="202" class="1004" name="v274_load_load_fu_202">
<pin_list>
<pin id="203" dir="0" index="0" bw="7" slack="0"/>
<pin id="204" dir="1" index="1" bw="7" slack="0"/>
</pin_list>
<bind>
<opcode="load(27) " fcode="load"/>
<opset="v274_load/1 "/>
</bind>
</comp>

<comp id="205" class="1004" name="add_ln671_1_fu_205">
<pin_list>
<pin id="206" dir="0" index="0" bw="7" slack="0"/>
<pin id="207" dir="0" index="1" bw="1" slack="0"/>
<pin id="208" dir="1" index="2" bw="7" slack="0"/>
</pin_list>
<bind>
<opcode="add(8) " fcode="add"/>
<opset="add_ln671_1/1 "/>
</bind>
</comp>

<comp id="211" class="1004" name="icmp_ln672_fu_211">
<pin_list>
<pin id="212" dir="0" index="0" bw="9" slack="0"/>
<pin id="213" dir="0" index="1" bw="8" slack="0"/>
<pin id="214" dir="1" index="2" bw="1" slack="0"/>
</pin_list>
<bind>
<opcode="icmp(45) " fcode="icmp"/>
<opset="icmp_ln672/1 "/>
</bind>
</comp>

<comp id="217" class="1004" name="select_ln671_2_fu_217">
<pin_list>
<pin id="218" dir="0" index="0" bw="1" slack="0"/>
<pin id="219" dir="0" index="1" bw="1" slack="0"/>
<pin id="220" dir="0" index="2" bw="9" slack="0"/>
<pin id="221" dir="1" index="3" bw="9" slack="0"/>
</pin_list>
<bind>
<opcode="select(49) " fcode="select"/>
<opset="select_ln671_2/1 "/>
</bind>
</comp>

<comp id="225" class="1004" name="select_ln671_fu_225">
<pin_list>
<pin id="226" dir="0" index="0" bw="1" slack="0"/>
<pin id="227" dir="0" index="1" bw="7" slack="0"/>
<pin id="228" dir="0" index="2" bw="7" slack="0"/>
<pin id="229" dir="1" index="3" bw="7" slack="0"/>
</pin_list>
<bind>
<opcode="select(49) " fcode="select"/>
<opset="select_ln671/1 "/>
</bind>
</comp>

<comp id="233" class="1004" name="p_shl_fu_233">
<pin_list>
<pin id="234" dir="0" index="0" bw="18" slack="0"/>
<pin id="235" dir="0" index="1" bw="7" slack="0"/>
<pin id="236" dir="0" index="2" bw="1" slack="0"/>
<pin id="237" dir="1" index="3" bw="18" slack="0"/>
</pin_list>
<bind>
<opcode="bitconcatenate(1004) " fcode="bitconcatenate"/>
<opset="p_shl/1 "/>
</bind>
</comp>

<comp id="241" class="1004" name="tmp_fu_241">
<pin_list>
<pin id="242" dir="0" index="0" bw="16" slack="0"/>
<pin id="243" dir="0" index="1" bw="7" slack="0"/>
<pin id="244" dir="0" index="2" bw="1" slack="0"/>
<pin id="245" dir="1" index="3" bw="16" slack="0"/>
</pin_list>
<bind>
<opcode="bitconcatenate(1004) " fcode="bitconcatenate"/>
<opset="tmp/1 "/>
</bind>
</comp>

<comp id="249" class="1004" name="zext_ln675_fu_249">
<pin_list>
<pin id="250" dir="0" index="0" bw="16" slack="0"/>
<pin id="251" dir="1" index="1" bw="18" slack="0"/>
</pin_list>
<bind>
<opcode="zext(34) " fcode="zext"/>
<opset="zext_ln675/1 "/>
</bind>
</comp>

<comp id="253" class="1004" name="sub_ln675_fu_253">
<pin_list>
<pin id="254" dir="0" index="0" bw="18" slack="0"/>
<pin id="255" dir="0" index="1" bw="16" slack="0"/>
<pin id="256" dir="1" index="2" bw="18" slack="0"/>
</pin_list>
<bind>
<opcode="sub(10) " fcode="sub"/>
<opset="sub_ln675/1 "/>
</bind>
</comp>

<comp id="259" class="1004" name="zext_ln672_fu_259">
<pin_list>
<pin id="260" dir="0" index="0" bw="18" slack="0"/>
<pin id="261" dir="1" index="1" bw="64" slack="0"/>
</pin_list>
<bind>
<opcode="zext(34) " fcode="zext"/>
<opset="zext_ln672/1 "/>
</bind>
</comp>

<comp id="263" class="1004" name="shl_ln675_1_fu_263">
<pin_list>
<pin id="264" dir="0" index="0" bw="11" slack="0"/>
<pin id="265" dir="0" index="1" bw="9" slack="0"/>
<pin id="266" dir="0" index="2" bw="1" slack="0"/>
<pin id="267" dir="1" index="3" bw="11" slack="0"/>
</pin_list>
<bind>
<opcode="bitconcatenate(1004) " fcode="bitconcatenate"/>
<opset="shl_ln675_1/1 "/>
</bind>
</comp>

<comp id="271" class="1004" name="zext_ln675_1_fu_271">
<pin_list>
<pin id="272" dir="0" index="0" bw="11" slack="0"/>
<pin id="273" dir="1" index="1" bw="64" slack="0"/>
</pin_list>
<bind>
<opcode="zext(34) " fcode="zext"/>
<opset="zext_ln675_1/1 "/>
</bind>
</comp>

<comp id="275" class="1004" name="add_ln675_2_fu_275">
<pin_list>
<pin id="276" dir="0" index="0" bw="64" slack="0"/>
<pin id="277" dir="0" index="1" bw="11" slack="0"/>
<pin id="278" dir="1" index="2" bw="64" slack="0"/>
</pin_list>
<bind>
<opcode="add(8) " fcode="add"/>
<opset="add_ln675_2/1 "/>
</bind>
</comp>

<comp id="281" class="1004" name="add_ln675_fu_281">
<pin_list>
<pin id="282" dir="0" index="0" bw="64" slack="0"/>
<pin id="283" dir="0" index="1" bw="18" slack="0"/>
<pin id="284" dir="1" index="2" bw="64" slack="0"/>
</pin_list>
<bind>
<opcode="add(8) " fcode="add"/>
<opset="add_ln675/1 "/>
</bind>
</comp>

<comp id="287" class="1004" name="trunc_ln675_1_fu_287">
<pin_list>
<pin id="288" dir="0" index="0" bw="62" slack="0"/>
<pin id="289" dir="0" index="1" bw="64" slack="0"/>
<pin id="290" dir="0" index="2" bw="3" slack="0"/>
<pin id="291" dir="0" index="3" bw="7" slack="0"/>
<pin id="292" dir="1" index="4" bw="62" slack="0"/>
</pin_list>
<bind>
<opcode="partselect(1002) " fcode="partselect"/>
<opset="trunc_ln675_1/1 "/>
</bind>
</comp>

<comp id="297" class="1004" name="sext_ln675_fu_297">
<pin_list>
<pin id="298" dir="0" index="0" bw="62" slack="0"/>
<pin id="299" dir="1" index="1" bw="64" slack="0"/>
</pin_list>
<bind>
<opcode="sext(35) " fcode="sext"/>
<opset="sext_ln675/1 "/>
</bind>
</comp>

<comp id="301" class="1004" name="g0_addr_fu_301">
<pin_list>
<pin id="302" dir="0" index="0" bw="32" slack="0"/>
<pin id="303" dir="0" index="1" bw="62" slack="0"/>
<pin id="304" dir="1" index="2" bw="32" slack="1"/>
</pin_list>
<bind>
<opcode="getelementptr(29) " fcode="getelementptr"/>
<opset="g0_addr/1 "/>
</bind>
</comp>

<comp id="307" class="1004" name="add_ln672_fu_307">
<pin_list>
<pin id="308" dir="0" index="0" bw="9" slack="0"/>
<pin id="309" dir="0" index="1" bw="1" slack="0"/>
<pin id="310" dir="1" index="2" bw="9" slack="0"/>
</pin_list>
<bind>
<opcode="add(8) " fcode="add"/>
<opset="add_ln672/1 "/>
</bind>
</comp>

<comp id="313" class="1004" name="store_ln671_store_fu_313">
<pin_list>
<pin id="314" dir="0" index="0" bw="15" slack="0"/>
<pin id="315" dir="0" index="1" bw="15" slack="0"/>
<pin id="316" dir="1" index="2" bw="0" slack="2147483647"/>
</pin_list>
<bind>
<opcode="store(28) " fcode="store"/>
<opset="store_ln671/1 "/>
</bind>
</comp>

<comp id="318" class="1004" name="store_ln671_store_fu_318">
<pin_list>
<pin id="319" dir="0" index="0" bw="7" slack="0"/>
<pin id="320" dir="0" index="1" bw="7" slack="0"/>
<pin id="321" dir="1" index="2" bw="0" slack="2147483647"/>
</pin_list>
<bind>
<opcode="store(28) " fcode="store"/>
<opset="store_ln671/1 "/>
</bind>
</comp>

<comp id="323" class="1004" name="store_ln672_store_fu_323">
<pin_list>
<pin id="324" dir="0" index="0" bw="9" slack="0"/>
<pin id="325" dir="0" index="1" bw="9" slack="0"/>
<pin id="326" dir="1" index="2" bw="0" slack="2147483647"/>
</pin_list>
<bind>
<opcode="store(28) " fcode="store"/>
<opset="store_ln672/1 "/>
</bind>
</comp>

<comp id="328" class="1004" name="tmp_s_fu_328">
<pin_list>
<pin id="329" dir="0" index="0" bw="8" slack="0"/>
<pin id="330" dir="0" index="1" bw="32" slack="0"/>
<pin id="331" dir="0" index="2" bw="6" slack="0"/>
<pin id="332" dir="0" index="3" bw="6" slack="0"/>
<pin id="333" dir="1" index="4" bw="8" slack="1"/>
</pin_list>
<bind>
<opcode="partselect(1002) " fcode="partselect"/>
<opset="tmp_s/10 "/>
</bind>
</comp>

<comp id="338" class="1004" name="trunc_ln676_fu_338">
<pin_list>
<pin id="339" dir="0" index="0" bw="32" slack="0"/>
<pin id="340" dir="1" index="1" bw="23" slack="1"/>
</pin_list>
<bind>
<opcode="trunc(33) " fcode="trunc"/>
<opset="trunc_ln676/10 "/>
</bind>
</comp>

<comp id="342" class="1004" name="v276_fu_342">
<pin_list>
<pin id="343" dir="0" index="0" bw="32" slack="1"/>
<pin id="344" dir="1" index="1" bw="32" slack="0"/>
</pin_list>
<bind>
<opcode="bitcast(44) " fcode="bitcast"/>
<opset="v276/11 "/>
</bind>
</comp>

<comp id="346" class="1004" name="icmp_ln676_2_fu_346">
<pin_list>
<pin id="347" dir="0" index="0" bw="8" slack="1"/>
<pin id="348" dir="0" index="1" bw="1" slack="0"/>
<pin id="349" dir="1" index="2" bw="1" slack="1"/>
</pin_list>
<bind>
<opcode="icmp(45) " fcode="icmp"/>
<opset="icmp_ln676_2/11 "/>
</bind>
</comp>

<comp id="351" class="1004" name="icmp_ln676_fu_351">
<pin_list>
<pin id="352" dir="0" index="0" bw="23" slack="1"/>
<pin id="353" dir="0" index="1" bw="1" slack="0"/>
<pin id="354" dir="1" index="2" bw="1" slack="1"/>
</pin_list>
<bind>
<opcode="icmp(45) " fcode="icmp"/>
<opset="icmp_ln676/11 "/>
</bind>
</comp>

<comp id="356" class="1004" name="or_ln676_fu_356">
<pin_list>
<pin id="357" dir="0" index="0" bw="1" slack="1"/>
<pin id="358" dir="0" index="1" bw="1" slack="1"/>
<pin id="359" dir="1" index="2" bw="1" slack="0"/>
</pin_list>
<bind>
<opcode="or(24) " fcode="or"/>
<opset="or_ln676/12 "/>
</bind>
</comp>

<comp id="360" class="1004" name="v277_fu_360">
<pin_list>
<pin id="361" dir="0" index="0" bw="1" slack="0"/>
<pin id="362" dir="0" index="1" bw="1" slack="0"/>
<pin id="363" dir="1" index="2" bw="1" slack="0"/>
</pin_list>
<bind>
<opcode="and(23) " fcode="and"/>
<opset="v277/12 "/>
</bind>
</comp>

<comp id="366" class="1004" name="select_ln678_fu_366">
<pin_list>
<pin id="367" dir="0" index="0" bw="1" slack="0"/>
<pin id="368" dir="0" index="1" bw="31" slack="0"/>
<pin id="369" dir="0" index="2" bw="1" slack="0"/>
<pin id="370" dir="1" index="3" bw="32" slack="1"/>
</pin_list>
<bind>
<opcode="select(49) " fcode="select"/>
<opset="select_ln678/12 "/>
</bind>
</comp>

<comp id="374" class="1005" name="v275_reg_374">
<pin_list>
<pin id="375" dir="0" index="0" bw="9" slack="0"/>
<pin id="376" dir="1" index="1" bw="9" slack="0"/>
</pin_list>
<bind>
<opset="v275 "/>
</bind>
</comp>

<comp id="381" class="1005" name="v274_reg_381">
<pin_list>
<pin id="382" dir="0" index="0" bw="7" slack="0"/>
<pin id="383" dir="1" index="1" bw="7" slack="0"/>
</pin_list>
<bind>
<opset="v274 "/>
</bind>
</comp>

<comp id="388" class="1005" name="indvar_flatten14363_reg_388">
<pin_list>
<pin id="389" dir="0" index="0" bw="15" slack="0"/>
<pin id="390" dir="1" index="1" bw="15" slack="0"/>
</pin_list>
<bind>
<opset="indvar_flatten14363 "/>
</bind>
</comp>

<comp id="395" class="1005" name="icmp_ln671_reg_395">
<pin_list>
<pin id="396" dir="0" index="0" bw="1" slack="16"/>
<pin id="397" dir="1" index="1" bw="1" slack="2147483647"/>
</pin_list>
<bind>
<opset="icmp_ln671 "/>
</bind>
</comp>

<comp id="399" class="1005" name="g0_addr_reg_399">
<pin_list>
<pin id="400" dir="0" index="0" bw="32" slack="1"/>
<pin id="401" dir="1" index="1" bw="32" slack="1"/>
</pin_list>
<bind>
<opset="g0_addr "/>
</bind>
</comp>

<comp id="408" class="1005" name="g0_addr_read_reg_408">
<pin_list>
<pin id="409" dir="0" index="0" bw="32" slack="1"/>
<pin id="410" dir="1" index="1" bw="32" slack="1"/>
</pin_list>
<bind>
<opset="g0_addr_read "/>
</bind>
</comp>

<comp id="413" class="1005" name="tmp_s_reg_413">
<pin_list>
<pin id="414" dir="0" index="0" bw="8" slack="1"/>
<pin id="415" dir="1" index="1" bw="8" slack="1"/>
</pin_list>
<bind>
<opset="tmp_s "/>
</bind>
</comp>

<comp id="418" class="1005" name="trunc_ln676_reg_418">
<pin_list>
<pin id="419" dir="0" index="0" bw="23" slack="1"/>
<pin id="420" dir="1" index="1" bw="23" slack="1"/>
</pin_list>
<bind>
<opset="trunc_ln676 "/>
</bind>
</comp>

<comp id="423" class="1005" name="v276_reg_423">
<pin_list>
<pin id="424" dir="0" index="0" bw="32" slack="1"/>
<pin id="425" dir="1" index="1" bw="32" slack="1"/>
</pin_list>
<bind>
<opset="v276 "/>
</bind>
</comp>

<comp id="428" class="1005" name="icmp_ln676_2_reg_428">
<pin_list>
<pin id="429" dir="0" index="0" bw="1" slack="1"/>
<pin id="430" dir="1" index="1" bw="1" slack="1"/>
</pin_list>
<bind>
<opset="icmp_ln676_2 "/>
</bind>
</comp>

<comp id="433" class="1005" name="icmp_ln676_reg_433">
<pin_list>
<pin id="434" dir="0" index="0" bw="1" slack="1"/>
<pin id="435" dir="1" index="1" bw="1" slack="1"/>
</pin_list>
<bind>
<opset="icmp_ln676 "/>
</bind>
</comp>

<comp id="438" class="1005" name="select_ln678_reg_438">
<pin_list>
<pin id="439" dir="0" index="0" bw="32" slack="1"/>
<pin id="440" dir="1" index="1" bw="32" slack="1"/>
</pin_list>
<bind>
<opset="select_ln678 "/>
</bind>
</comp>

</comp_list>

<net_list>
<net id="111"><net_src comp="6" pin="0"/><net_sink comp="108" pin=0"/></net>

<net id="115"><net_src comp="6" pin="0"/><net_sink comp="112" pin=0"/></net>

<net id="119"><net_src comp="6" pin="0"/><net_sink comp="116" pin=0"/></net>

<net id="124"><net_src comp="8" pin="0"/><net_sink comp="120" pin=0"/></net>

<net id="125"><net_src comp="4" pin="0"/><net_sink comp="120" pin=1"/></net>

<net id="130"><net_src comp="10" pin="0"/><net_sink comp="126" pin=0"/></net>

<net id="131"><net_src comp="2" pin="0"/><net_sink comp="126" pin=1"/></net>

<net id="137"><net_src comp="70" pin="0"/><net_sink comp="132" pin=0"/></net>

<net id="138"><net_src comp="72" pin="0"/><net_sink comp="132" pin=2"/></net>

<net id="143"><net_src comp="74" pin="0"/><net_sink comp="139" pin=0"/></net>

<net id="149"><net_src comp="90" pin="0"/><net_sink comp="144" pin=0"/></net>

<net id="150"><net_src comp="72" pin="0"/><net_sink comp="144" pin=2"/></net>

<net id="157"><net_src comp="92" pin="0"/><net_sink comp="151" pin=0"/></net>

<net id="158"><net_src comp="94" pin="0"/><net_sink comp="151" pin=3"/></net>

<net id="163"><net_src comp="96" pin="0"/><net_sink comp="159" pin=0"/></net>

<net id="168"><net_src comp="86" pin="0"/><net_sink comp="164" pin=1"/></net>

<net id="173"><net_src comp="36" pin="0"/><net_sink comp="169" pin=0"/></net>

<net id="178"><net_src comp="38" pin="0"/><net_sink comp="174" pin=0"/></net>

<net id="183"><net_src comp="40" pin="0"/><net_sink comp="179" pin=0"/></net>

<net id="191"><net_src comp="184" pin="1"/><net_sink comp="187" pin=0"/></net>

<net id="192"><net_src comp="44" pin="0"/><net_sink comp="187" pin=1"/></net>

<net id="197"><net_src comp="184" pin="1"/><net_sink comp="193" pin=0"/></net>

<net id="198"><net_src comp="46" pin="0"/><net_sink comp="193" pin=1"/></net>

<net id="209"><net_src comp="202" pin="1"/><net_sink comp="205" pin=0"/></net>

<net id="210"><net_src comp="48" pin="0"/><net_sink comp="205" pin=1"/></net>

<net id="215"><net_src comp="199" pin="1"/><net_sink comp="211" pin=0"/></net>

<net id="216"><net_src comp="50" pin="0"/><net_sink comp="211" pin=1"/></net>

<net id="222"><net_src comp="211" pin="2"/><net_sink comp="217" pin=0"/></net>

<net id="223"><net_src comp="40" pin="0"/><net_sink comp="217" pin=1"/></net>

<net id="224"><net_src comp="199" pin="1"/><net_sink comp="217" pin=2"/></net>

<net id="230"><net_src comp="211" pin="2"/><net_sink comp="225" pin=0"/></net>

<net id="231"><net_src comp="205" pin="2"/><net_sink comp="225" pin=1"/></net>

<net id="232"><net_src comp="202" pin="1"/><net_sink comp="225" pin=2"/></net>

<net id="238"><net_src comp="52" pin="0"/><net_sink comp="233" pin=0"/></net>

<net id="239"><net_src comp="225" pin="3"/><net_sink comp="233" pin=1"/></net>

<net id="240"><net_src comp="54" pin="0"/><net_sink comp="233" pin=2"/></net>

<net id="246"><net_src comp="56" pin="0"/><net_sink comp="241" pin=0"/></net>

<net id="247"><net_src comp="225" pin="3"/><net_sink comp="241" pin=1"/></net>

<net id="248"><net_src comp="40" pin="0"/><net_sink comp="241" pin=2"/></net>

<net id="252"><net_src comp="241" pin="3"/><net_sink comp="249" pin=0"/></net>

<net id="257"><net_src comp="233" pin="3"/><net_sink comp="253" pin=0"/></net>

<net id="258"><net_src comp="249" pin="1"/><net_sink comp="253" pin=1"/></net>

<net id="262"><net_src comp="253" pin="2"/><net_sink comp="259" pin=0"/></net>

<net id="268"><net_src comp="58" pin="0"/><net_sink comp="263" pin=0"/></net>

<net id="269"><net_src comp="217" pin="3"/><net_sink comp="263" pin=1"/></net>

<net id="270"><net_src comp="60" pin="0"/><net_sink comp="263" pin=2"/></net>

<net id="274"><net_src comp="263" pin="3"/><net_sink comp="271" pin=0"/></net>

<net id="279"><net_src comp="120" pin="2"/><net_sink comp="275" pin=0"/></net>

<net id="280"><net_src comp="271" pin="1"/><net_sink comp="275" pin=1"/></net>

<net id="285"><net_src comp="275" pin="2"/><net_sink comp="281" pin=0"/></net>

<net id="286"><net_src comp="259" pin="1"/><net_sink comp="281" pin=1"/></net>

<net id="293"><net_src comp="62" pin="0"/><net_sink comp="287" pin=0"/></net>

<net id="294"><net_src comp="281" pin="2"/><net_sink comp="287" pin=1"/></net>

<net id="295"><net_src comp="64" pin="0"/><net_sink comp="287" pin=2"/></net>

<net id="296"><net_src comp="66" pin="0"/><net_sink comp="287" pin=3"/></net>

<net id="300"><net_src comp="287" pin="4"/><net_sink comp="297" pin=0"/></net>

<net id="305"><net_src comp="0" pin="0"/><net_sink comp="301" pin=0"/></net>

<net id="306"><net_src comp="297" pin="1"/><net_sink comp="301" pin=1"/></net>

<net id="311"><net_src comp="217" pin="3"/><net_sink comp="307" pin=0"/></net>

<net id="312"><net_src comp="68" pin="0"/><net_sink comp="307" pin=1"/></net>

<net id="317"><net_src comp="193" pin="2"/><net_sink comp="313" pin=0"/></net>

<net id="322"><net_src comp="225" pin="3"/><net_sink comp="318" pin=0"/></net>

<net id="327"><net_src comp="307" pin="2"/><net_sink comp="323" pin=0"/></net>

<net id="334"><net_src comp="76" pin="0"/><net_sink comp="328" pin=0"/></net>

<net id="335"><net_src comp="139" pin="2"/><net_sink comp="328" pin=1"/></net>

<net id="336"><net_src comp="78" pin="0"/><net_sink comp="328" pin=2"/></net>

<net id="337"><net_src comp="80" pin="0"/><net_sink comp="328" pin=3"/></net>

<net id="341"><net_src comp="139" pin="2"/><net_sink comp="338" pin=0"/></net>

<net id="345"><net_src comp="342" pin="1"/><net_sink comp="164" pin=0"/></net>

<net id="350"><net_src comp="82" pin="0"/><net_sink comp="346" pin=1"/></net>

<net id="355"><net_src comp="84" pin="0"/><net_sink comp="351" pin=1"/></net>

<net id="364"><net_src comp="356" pin="2"/><net_sink comp="360" pin=0"/></net>

<net id="365"><net_src comp="164" pin="2"/><net_sink comp="360" pin=1"/></net>

<net id="371"><net_src comp="360" pin="2"/><net_sink comp="366" pin=0"/></net>

<net id="372"><net_src comp="88" pin="0"/><net_sink comp="366" pin=1"/></net>

<net id="373"><net_src comp="22" pin="0"/><net_sink comp="366" pin=2"/></net>

<net id="377"><net_src comp="108" pin="1"/><net_sink comp="374" pin=0"/></net>

<net id="378"><net_src comp="374" pin="1"/><net_sink comp="179" pin=1"/></net>

<net id="379"><net_src comp="374" pin="1"/><net_sink comp="199" pin=0"/></net>

<net id="380"><net_src comp="374" pin="1"/><net_sink comp="323" pin=1"/></net>

<net id="384"><net_src comp="112" pin="1"/><net_sink comp="381" pin=0"/></net>

<net id="385"><net_src comp="381" pin="1"/><net_sink comp="174" pin=1"/></net>

<net id="386"><net_src comp="381" pin="1"/><net_sink comp="202" pin=0"/></net>

<net id="387"><net_src comp="381" pin="1"/><net_sink comp="318" pin=1"/></net>

<net id="391"><net_src comp="116" pin="1"/><net_sink comp="388" pin=0"/></net>

<net id="392"><net_src comp="388" pin="1"/><net_sink comp="169" pin=1"/></net>

<net id="393"><net_src comp="388" pin="1"/><net_sink comp="184" pin=0"/></net>

<net id="394"><net_src comp="388" pin="1"/><net_sink comp="313" pin=1"/></net>

<net id="398"><net_src comp="187" pin="2"/><net_sink comp="395" pin=0"/></net>

<net id="402"><net_src comp="301" pin="2"/><net_sink comp="399" pin=0"/></net>

<net id="403"><net_src comp="399" pin="1"/><net_sink comp="132" pin=1"/></net>

<net id="404"><net_src comp="399" pin="1"/><net_sink comp="139" pin=1"/></net>

<net id="405"><net_src comp="399" pin="1"/><net_sink comp="144" pin=1"/></net>

<net id="406"><net_src comp="399" pin="1"/><net_sink comp="151" pin=1"/></net>

<net id="407"><net_src comp="399" pin="1"/><net_sink comp="159" pin=1"/></net>

<net id="411"><net_src comp="139" pin="2"/><net_sink comp="408" pin=0"/></net>

<net id="412"><net_src comp="408" pin="1"/><net_sink comp="342" pin=0"/></net>

<net id="416"><net_src comp="328" pin="4"/><net_sink comp="413" pin=0"/></net>

<net id="417"><net_src comp="413" pin="1"/><net_sink comp="346" pin=0"/></net>

<net id="421"><net_src comp="338" pin="1"/><net_sink comp="418" pin=0"/></net>

<net id="422"><net_src comp="418" pin="1"/><net_sink comp="351" pin=0"/></net>

<net id="426"><net_src comp="342" pin="1"/><net_sink comp="423" pin=0"/></net>

<net id="427"><net_src comp="423" pin="1"/><net_sink comp="164" pin=0"/></net>

<net id="431"><net_src comp="346" pin="2"/><net_sink comp="428" pin=0"/></net>

<net id="432"><net_src comp="428" pin="1"/><net_sink comp="356" pin=1"/></net>

<net id="436"><net_src comp="351" pin="2"/><net_sink comp="433" pin=0"/></net>

<net id="437"><net_src comp="433" pin="1"/><net_sink comp="356" pin=0"/></net>

<net id="441"><net_src comp="366" pin="3"/><net_sink comp="438" pin=0"/></net>

<net id="442"><net_src comp="438" pin="1"/><net_sink comp="151" pin=2"/></net>

</net_list>

</model> 
---------------- Datapath Model END ------------------

* FSMD analyzer results:
  - Output states:
	Port: g0 | {12 13 14 15 16 17 18 }
 - Input state : 
	Port: control_Pipeline_VITIS_LOOP_671_1_VITIS_LOOP_672_218 : g0 | {2 3 4 5 6 7 8 9 10 }
	Port: control_Pipeline_VITIS_LOOP_671_1_VITIS_LOOP_672_218 : sext_ln703_2 | {1 }
	Port: control_Pipeline_VITIS_LOOP_671_1_VITIS_LOOP_672_218 : v1057 | {1 }
  - Chain level:
	State 1
		store_ln0 : 1
		store_ln671 : 1
		store_ln672 : 1
		indvar_flatten14363_load : 1
		icmp_ln671 : 2
		add_ln671 : 2
		br_ln671 : 3
		v275_load : 1
		v274_load : 1
		add_ln671_1 : 2
		icmp_ln672 : 2
		select_ln671_2 : 3
		select_ln671 : 3
		p_shl : 4
		tmp : 4
		zext_ln675 : 5
		sub_ln675 : 6
		zext_ln672 : 7
		shl_ln675_1 : 4
		zext_ln675_1 : 5
		add_ln675_2 : 6
		add_ln675 : 8
		trunc_ln675_1 : 9
		sext_ln675 : 10
		g0_addr : 11
		add_ln672 : 4
		store_ln671 : 3
		store_ln671 : 4
		store_ln672 : 5
	State 2
	State 3
	State 4
	State 5
	State 6
	State 7
	State 8
	State 9
	State 10
	State 11
		tmp_3 : 1
	State 12
		v277 : 1
		select_ln678 : 1
	State 13
	State 14
	State 15
	State 16
	State 17
	State 18


============================================================
+ Verbose Summary: Datapath Resource usage 
============================================================

* Functional unit list:
|----------|---------------------------------|---------|---------|
| Operation|         Functional Unit         |    FF   |   LUT   |
|----------|---------------------------------|---------|---------|
|          |         add_ln671_fu_193        |    0    |    22   |
|          |        add_ln671_1_fu_205       |    0    |    14   |
|    add   |        add_ln675_2_fu_275       |    0    |    64   |
|          |         add_ln675_fu_281        |    0    |    64   |
|          |         add_ln672_fu_307        |    0    |    16   |
|----------|---------------------------------|---------|---------|
|          |        icmp_ln671_fu_187        |    0    |    22   |
|   icmp   |        icmp_ln672_fu_211        |    0    |    16   |
|          |       icmp_ln676_2_fu_346       |    0    |    15   |
|          |        icmp_ln676_fu_351        |    0    |    30   |
|----------|---------------------------------|---------|---------|
|          |      select_ln671_2_fu_217      |    0    |    9    |
|  select  |       select_ln671_fu_225       |    0    |    7    |
|          |       select_ln678_fu_366       |    0    |    31   |
|----------|---------------------------------|---------|---------|
|    sub   |         sub_ln675_fu_253        |    0    |    25   |
|----------|---------------------------------|---------|---------|
|    or    |         or_ln676_fu_356         |    0    |    2    |
|----------|---------------------------------|---------|---------|
|    and   |           v277_fu_360           |    0    |    2    |
|----------|---------------------------------|---------|---------|
|          |      v1057_read_read_fu_120     |    0    |    0    |
|   read   |    sext_ln703_24_read_fu_126    |    0    |    0    |
|          |     g0_addr_read_read_fu_139    |    0    |    0    |
|----------|---------------------------------|---------|---------|
|  readreq |        grp_readreq_fu_132       |    0    |    0    |
|----------|---------------------------------|---------|---------|
| writereq | g0_addr_281_req_writereq_fu_144 |    0    |    0    |
|----------|---------------------------------|---------|---------|
|   write  |     write_ln678_write_fu_151    |    0    |    0    |
|----------|---------------------------------|---------|---------|
| writeresp|       grp_writeresp_fu_159      |    0    |    0    |
|----------|---------------------------------|---------|---------|
|   fcmp   |            grp_fu_164           |    0    |    0    |
|----------|---------------------------------|---------|---------|
|          |           p_shl_fu_233          |    0    |    0    |
|bitconcatenate|            tmp_fu_241           |    0    |    0    |
|          |        shl_ln675_1_fu_263       |    0    |    0    |
|----------|---------------------------------|---------|---------|
|          |        zext_ln675_fu_249        |    0    |    0    |
|   zext   |        zext_ln672_fu_259        |    0    |    0    |
|          |       zext_ln675_1_fu_271       |    0    |    0    |
|----------|---------------------------------|---------|---------|
|partselect|       trunc_ln675_1_fu_287      |    0    |    0    |
|          |           tmp_s_fu_328          |    0    |    0    |
|----------|---------------------------------|---------|---------|
|   sext   |        sext_ln675_fu_297        |    0    |    0    |
|----------|---------------------------------|---------|---------|
|   trunc  |        trunc_ln676_fu_338       |    0    |    0    |
|----------|---------------------------------|---------|---------|
|   Total  |                                 |    0    |   339   |
|----------|---------------------------------|---------|---------|

Memories:
N/A

* Register list:
+---------------------------+--------+
|                           |   FF   |
+---------------------------+--------+
|    g0_addr_read_reg_408   |   32   |
|      g0_addr_reg_399      |   32   |
|     icmp_ln671_reg_395    |    1   |
|    icmp_ln676_2_reg_428   |    1   |
|     icmp_ln676_reg_433    |    1   |
|indvar_flatten14363_reg_388|   15   |
|    select_ln678_reg_438   |   32   |
|       tmp_s_reg_413       |    8   |
|    trunc_ln676_reg_418    |   23   |
|        v274_reg_381       |    7   |
|        v275_reg_374       |    9   |
|        v276_reg_423       |   32   |
+---------------------------+--------+
|           Total           |   193  |
+---------------------------+--------+

* Multiplexer (MUX) list: 
|------------|------|------|------|--------||---------||---------||---------|
|    Comp    |  Pin | Size |  BW  | S x BW ||  Delay  ||    FF   ||   LUT   |
|------------|------|------|------|--------||---------||---------||---------|
| grp_fu_164 |  p0  |   2  |  32  |   64   ||    0    ||    9    |
|------------|------|------|------|--------||---------||---------||---------|
|    Total   |      |      |      |   64   ||  0.427  ||    0    ||    9    |
|------------|------|------|------|--------||---------||---------||---------|



* Summary:
+-----------+--------+--------+--------+
|           |  Delay |   FF   |   LUT  |
+-----------+--------+--------+--------+
|  Function |    -   |    0   |   339  |
|   Memory  |    -   |    -   |    -   |
|Multiplexer|    0   |    0   |    9   |
|  Register |    -   |   193  |    -   |
+-----------+--------+--------+--------+
|   Total   |    0   |   193  |   348  |
+-----------+--------+--------+--------+
