

================================================================
== Vitis HLS Report for 'control_Pipeline_VITIS_LOOP_1808_1_VITIS_LOOP_1809_2_VITIS_LOOP_1810_3'
================================================================
* Date:           Sun Jul 12 20:26:04 2026

* Version:        2025.2 (Build 6295257 on Nov 14 2025)
* Project:        spikingformer_proj
* Solution:       solution1 (Vivado IP Flow Target)
* Product family: zynquplus
* Target device:  xczu7ev-ffvc1156-2-e


================================================================
== Performance Estimates
================================================================
+ Timing: 
    * Summary: 
    +--------+----------+----------+------------+
    |  Clock |  Target  | Estimated| Uncertainty|
    +--------+----------+----------+------------+
    |ap_clk  |  10.00 ns|  7.300 ns|     2.70 ns|
    +--------+----------+----------+------------+

+ Latency: 
    * Summary: 
    +---------+---------+----------+----------+-----+-----+-------------------+
    |  Latency (cycles) |  Latency (absolute) |  Interval |      Pipeline     |
    |   min   |   max   |    min   |    max   | min | max |        Type       |
    +---------+---------+----------+----------+-----+-----+-------------------+
    |    98315|    98315|  0.983 ms|  0.983 ms|    0|    0|  loop pipeline stp|
    +---------+---------+----------+----------+-----+-----+-------------------+

    + Detail: 
        * Instance: 
        N/A

        * Loop: 
        +---------------------------------------------------------+---------+---------+----------+-----------+-----------+-------+----------+
        |                                                         |  Latency (cycles) | Iteration|  Initiation Interval  |  Trip |          |
        |                        Loop Name                        |   min   |   max   |  Latency |  achieved |   target  | Count | Pipelined|
        +---------------------------------------------------------+---------+---------+----------+-----------+-----------+-------+----------+
        |- VITIS_LOOP_1808_1_VITIS_LOOP_1809_2_VITIS_LOOP_1810_3  |    98313|    98313|        11|          1|          1|  98304|       yes|
        +---------------------------------------------------------+---------+---------+----------+-----------+-----------+-------+----------+

============================================================
+ Verbose Summary: Synthesis Manager
============================================================
InlineROM: 1
ExposeGlobal: 0
============================================================
+ Verbose Summary: CDFG Model
============================================================
IsTopModel: 0
ResetActiveHigh: 1
IsCombinational: 0
IsDatapathOnly: 0
HasWiredReturn: 1
HasMFsm: 2
HasVarLatency: 1
IsPipeline: 0
IsRtlPipelined: 0
IsInstanceOverlapped: 0
IsDontTouch: 0
HasImplIP: 0
IsGatedGlobalClock: 0

+ Individual pipeline summary: 
  * Pipeline-0: initiation interval (II) = 1, depth = 12


============================================================
+ Verbose Summary: Schedule
============================================================
* Number of FSM states : 12
* Pipeline : 1
  Pipeline-0 : II = 1, D = 12, States = { 1 2 3 4 5 6 7 8 9 10 11 12 }
* Dataflow Pipeline: 0

* FSM state transitions: 
1 --> 2 
2 --> 3 
3 --> 4 
4 --> 5 
5 --> 6 
6 --> 7 
7 --> 8 
8 --> 9 
9 --> 10 
10 --> 11 
11 --> 12 
12 --> 

* FSM state operations: 

State 1 <SV = 0> <Delay = 0.42>
ST_1 : Operation 14 [1/1] (0.00ns)   --->   "%v741 = alloca i32 1" [spikingformer_official.cpp:1810->spikingformer_official.cpp:2382]   --->   Operation 14 'alloca' 'v741' <Predicate = true> <Delay = 0.00>
ST_1 : Operation 15 [1/1] (0.00ns)   --->   "%v740 = alloca i32 1" [spikingformer_official.cpp:1809->spikingformer_official.cpp:2382]   --->   Operation 15 'alloca' 'v740' <Predicate = true> <Delay = 0.00>
ST_1 : Operation 16 [1/1] (0.00ns)   --->   "%indvar_flatten13162 = alloca i32 1"   --->   Operation 16 'alloca' 'indvar_flatten13162' <Predicate = true> <Delay = 0.00>
ST_1 : Operation 17 [1/1] (0.00ns)   --->   "%v739 = alloca i32 1" [spikingformer_official.cpp:1808->spikingformer_official.cpp:2382]   --->   Operation 17 'alloca' 'v739' <Predicate = true> <Delay = 0.00>
ST_1 : Operation 18 [1/1] (0.00ns)   --->   "%indvar_flatten13176 = alloca i32 1"   --->   Operation 18 'alloca' 'indvar_flatten13176' <Predicate = true> <Delay = 0.00>
ST_1 : Operation 19 [1/1] (0.00ns)   --->   "%v945_read = read i64 @_ssdm_op_Read.ap_auto.i64, i64 %v945"   --->   Operation 19 'read' 'v945_read' <Predicate = true> <Delay = 0.00>
ST_1 : Operation 20 [1/1] (0.00ns)   --->   "%sext_ln20614 = read i62 @_ssdm_op_Read.ap_auto.i62, i62 %sext_ln2061"   --->   Operation 20 'read' 'sext_ln20614' <Predicate = true> <Delay = 0.00>
ST_1 : Operation 21 [1/1] (0.00ns)   --->   "%sext_ln2159_read = read i62 @_ssdm_op_Read.ap_auto.i62, i62 %sext_ln2159"   --->   Operation 21 'read' 'sext_ln2159_read' <Predicate = true> <Delay = 0.00>
ST_1 : Operation 22 [1/1] (0.00ns)   --->   "%sext_ln2159_cast = sext i62 %sext_ln2159_read"   --->   Operation 22 'sext' 'sext_ln2159_cast' <Predicate = true> <Delay = 0.00>
ST_1 : Operation 23 [1/1] (0.00ns)   --->   "%specstablecontent_ln0 = specstablecontent void @_ssdm_op_SpecStableContent, i32 %g0, i1 1, void "   --->   Operation 23 'specstablecontent' 'specstablecontent_ln0' <Predicate = true> <Delay = 0.00>
ST_1 : Operation 24 [1/1] (0.00ns)   --->   "%specinterface_ln0 = specinterface void @_ssdm_op_SpecInterface, i32 %g0, void @empty_26, i32 0, i32 0, void @empty_35, i32 0, i32 0, void @empty_22, void @empty_25, void @empty_35, i32 16, i32 16, i32 16, i32 16, void @empty_35, void @empty_35, i32 4294967295, i32 0, i32 0, i32 4"   --->   Operation 24 'specinterface' 'specinterface_ln0' <Predicate = true> <Delay = 0.00>
ST_1 : Operation 25 [1/1] (0.42ns)   --->   "%store_ln0 = store i17 0, i17 %indvar_flatten13176"   --->   Operation 25 'store' 'store_ln0' <Predicate = true> <Delay = 0.42>
ST_1 : Operation 26 [1/1] (0.42ns)   --->   "%store_ln1808 = store i7 0, i7 %v739" [spikingformer_official.cpp:1808->spikingformer_official.cpp:2382]   --->   Operation 26 'store' 'store_ln1808' <Predicate = true> <Delay = 0.42>
ST_1 : Operation 27 [1/1] (0.42ns)   --->   "%store_ln0 = store i12 0, i12 %indvar_flatten13162"   --->   Operation 27 'store' 'store_ln0' <Predicate = true> <Delay = 0.42>
ST_1 : Operation 28 [1/1] (0.42ns)   --->   "%store_ln1809 = store i6 0, i6 %v740" [spikingformer_official.cpp:1809->spikingformer_official.cpp:2382]   --->   Operation 28 'store' 'store_ln1809' <Predicate = true> <Delay = 0.42>
ST_1 : Operation 29 [1/1] (0.42ns)   --->   "%store_ln1810 = store i6 0, i6 %v741" [spikingformer_official.cpp:1810->spikingformer_official.cpp:2382]   --->   Operation 29 'store' 'store_ln1810' <Predicate = true> <Delay = 0.42>
ST_1 : Operation 30 [1/1] (0.42ns)   --->   "%br_ln0 = br void %for.inc.i383"   --->   Operation 30 'br' 'br_ln0' <Predicate = true> <Delay = 0.42>

State 2 <SV = 1> <Delay = 2.26>
ST_2 : Operation 31 [1/1] (0.00ns)   --->   "%first_iter_46 = phi i1 1, void %newFuncRoot, i1 0, void %new.latch.for.inc.i383.split"   --->   Operation 31 'phi' 'first_iter_46' <Predicate = true> <Delay = 0.00>
ST_2 : Operation 32 [1/1] (0.00ns)   --->   "%v741_1 = load i6 %v741" [spikingformer_official.cpp:1815->spikingformer_official.cpp:2382]   --->   Operation 32 'load' 'v741_1' <Predicate = true> <Delay = 0.00>
ST_2 : Operation 33 [1/1] (0.00ns)   --->   "%indvar_flatten13162_load = load i12 %indvar_flatten13162" [spikingformer_official.cpp:1809->spikingformer_official.cpp:2382]   --->   Operation 33 'load' 'indvar_flatten13162_load' <Predicate = true> <Delay = 0.00>
ST_2 : Operation 34 [1/1] (0.00ns)   --->   "%indvar_flatten13176_load = load i17 %indvar_flatten13176" [spikingformer_official.cpp:1808->spikingformer_official.cpp:2382]   --->   Operation 34 'load' 'indvar_flatten13176_load' <Predicate = true> <Delay = 0.00>
ST_2 : Operation 35 [1/1] (0.00ns)   --->   "%specbitsmap_ln0 = specbitsmap void @_ssdm_op_SpecBitsMap, i32 %g0"   --->   Operation 35 'specbitsmap' 'specbitsmap_ln0' <Predicate = true> <Delay = 0.00>
ST_2 : Operation 36 [1/1] (0.86ns)   --->   "%icmp_ln1808 = icmp_eq  i17 %indvar_flatten13176_load, i17 98304" [spikingformer_official.cpp:1808->spikingformer_official.cpp:2382]   --->   Operation 36 'icmp' 'icmp_ln1808' <Predicate = true> <Delay = 0.86> <CoreInst = "Cmp">   --->   Core 9 'Cmp' <Latency = 0> <II = 1> <Delay = 0.86> <FuncUnit> <Opcode : 'seteq' 'setne' 'setle' 'setge' 'setlt' 'setgt'> <InPorts = 2> <OutPorts = 1>
ST_2 : Operation 37 [1/1] (0.86ns)   --->   "%add_ln1808_1 = add i17 %indvar_flatten13176_load, i17 1" [spikingformer_official.cpp:1808->spikingformer_official.cpp:2382]   --->   Operation 37 'add' 'add_ln1808_1' <Predicate = true> <Delay = 0.86> <CoreInst = "Adder">   --->   Core 1 'Adder' <Latency = 0> <II = 1> <Delay = 0.86> <FuncUnit> <Opcode : 'add' 'sub'> <InPorts = 2> <OutPorts = 1>
ST_2 : Operation 38 [1/1] (0.00ns)   --->   "%br_ln1808 = br i1 %icmp_ln1808, void %for.inc26.i388, void %_Z9kernel569PA96_A32_A32_fPA96_A34_A34_f.exit.exitStub" [spikingformer_official.cpp:1808->spikingformer_official.cpp:2382]   --->   Operation 38 'br' 'br_ln1808' <Predicate = true> <Delay = 0.00>
ST_2 : Operation 39 [1/1] (0.00ns)   --->   "%v739_load = load i7 %v739" [spikingformer_official.cpp:1808->spikingformer_official.cpp:2382]   --->   Operation 39 'load' 'v739_load' <Predicate = (!icmp_ln1808)> <Delay = 0.00>
ST_2 : Operation 40 [1/1] (0.77ns)   --->   "%add_ln1808 = add i7 %v739_load, i7 1" [spikingformer_official.cpp:1808->spikingformer_official.cpp:2382]   --->   Operation 40 'add' 'add_ln1808' <Predicate = (!icmp_ln1808)> <Delay = 0.77> <CoreInst = "Adder">   --->   Core 1 'Adder' <Latency = 0> <II = 1> <Delay = 0.77> <FuncUnit> <Opcode : 'add' 'sub'> <InPorts = 2> <OutPorts = 1>
ST_2 : Operation 41 [1/1] (0.80ns)   --->   "%icmp_ln1809 = icmp_eq  i12 %indvar_flatten13162_load, i12 1024" [spikingformer_official.cpp:1809->spikingformer_official.cpp:2382]   --->   Operation 41 'icmp' 'icmp_ln1809' <Predicate = (!icmp_ln1808)> <Delay = 0.80> <CoreInst = "Cmp">   --->   Core 9 'Cmp' <Latency = 0> <II = 1> <Delay = 0.80> <FuncUnit> <Opcode : 'seteq' 'setne' 'setle' 'setge' 'setlt' 'setgt'> <InPorts = 2> <OutPorts = 1>
ST_2 : Operation 42 [1/1] (0.00ns) (grouped into LUT with out node first_iter_46_mid2)   --->   "%or_ln1808 = or i1 %icmp_ln1809, i1 %first_iter_46" [spikingformer_official.cpp:1808->spikingformer_official.cpp:2382]   --->   Operation 42 'or' 'or_ln1808' <Predicate = (!icmp_ln1808)> <Delay = 0.00> <CoreInst = "LogicGate">   --->   Core 74 'LogicGate' <Latency = 0> <II = 1> <Delay = 0.28> <FuncUnit> <Opcode : 'and' 'or' 'xor'> <InPorts = 2> <OutPorts = 1>
ST_2 : Operation 43 [1/1] (0.00ns) (grouped into LUT with out node and_ln1808)   --->   "%xor_ln1808 = xor i1 %icmp_ln1809, i1 1" [spikingformer_official.cpp:1808->spikingformer_official.cpp:2382]   --->   Operation 43 'xor' 'xor_ln1808' <Predicate = (!icmp_ln1808)> <Delay = 0.00> <CoreInst = "LogicGate">   --->   Core 74 'LogicGate' <Latency = 0> <II = 1> <Delay = 0.28> <FuncUnit> <Opcode : 'and' 'or' 'xor'> <InPorts = 2> <OutPorts = 1>
ST_2 : Operation 44 [1/1] (0.78ns)   --->   "%icmp_ln1810 = icmp_eq  i6 %v741_1, i6 32" [spikingformer_official.cpp:1810->spikingformer_official.cpp:2382]   --->   Operation 44 'icmp' 'icmp_ln1810' <Predicate = (!icmp_ln1808)> <Delay = 0.78> <CoreInst = "Cmp">   --->   Core 9 'Cmp' <Latency = 0> <II = 1> <Delay = 0.78> <FuncUnit> <Opcode : 'seteq' 'setne' 'setle' 'setge' 'setlt' 'setgt'> <InPorts = 2> <OutPorts = 1>
ST_2 : Operation 45 [1/1] (0.28ns) (out node of the LUT)   --->   "%and_ln1808 = and i1 %icmp_ln1810, i1 %xor_ln1808" [spikingformer_official.cpp:1808->spikingformer_official.cpp:2382]   --->   Operation 45 'and' 'and_ln1808' <Predicate = (!icmp_ln1808)> <Delay = 0.28> <CoreInst = "LogicGate">   --->   Core 74 'LogicGate' <Latency = 0> <II = 1> <Delay = 0.28> <FuncUnit> <Opcode : 'and' 'or' 'xor'> <InPorts = 2> <OutPorts = 1>
ST_2 : Operation 46 [1/1] (0.36ns)   --->   "%select_ln1808_1 = select i1 %icmp_ln1809, i7 %add_ln1808, i7 %v739_load" [spikingformer_official.cpp:1808->spikingformer_official.cpp:2382]   --->   Operation 46 'select' 'select_ln1808_1' <Predicate = (!icmp_ln1808)> <Delay = 0.36> <CoreInst = "Sel">   --->   Core 73 'Sel' <Latency = 0> <II = 1> <Delay = 0.36> <FuncUnit> <Opcode : 'select'> <InPorts = 3> <OutPorts = 1>
ST_2 : Operation 47 [1/1] (0.28ns) (out node of the LUT)   --->   "%first_iter_46_mid2 = or i1 %and_ln1808, i1 %or_ln1808" [spikingformer_official.cpp:1808->spikingformer_official.cpp:2382]   --->   Operation 47 'or' 'first_iter_46_mid2' <Predicate = (!icmp_ln1808)> <Delay = 0.28> <CoreInst = "LogicGate">   --->   Core 74 'LogicGate' <Latency = 0> <II = 1> <Delay = 0.28> <FuncUnit> <Opcode : 'and' 'or' 'xor'> <InPorts = 2> <OutPorts = 1>
ST_2 : Operation 48 [1/1] (0.00ns)   --->   "%zext_ln1808 = zext i7 %select_ln1808_1" [spikingformer_official.cpp:1808->spikingformer_official.cpp:2382]   --->   Operation 48 'zext' 'zext_ln1808' <Predicate = (!icmp_ln1808)> <Delay = 0.00>
ST_2 : Operation 49 [3/3] (0.99ns) (grouped into DSP with root node add_ln1815_4)   --->   "%mul_ln1809 = mul i18 %zext_ln1808, i18 1156" [spikingformer_official.cpp:1809->spikingformer_official.cpp:2382]   --->   Operation 49 'mul' 'mul_ln1809' <Predicate = (!icmp_ln1808)> <Delay = 0.99> <CoreInst = "DSP48">   --->   Core 124 'DSP48' <Latency = 3> <II = 1> <Delay = 0.53> <IPBlock> <Opcode : 'add' 'sub' 'mul' 'select'> <InPorts = 0> <OutPorts = 1> <Sync> <CReg>
ST_2 : Operation 50 [1/1] (0.00ns)   --->   "%br_ln1810 = br i1 %first_iter_46_mid2, void %for.inc.i383.split, void %new.body.VITIS_LOOP_1810_3.i" [spikingformer_official.cpp:1810->spikingformer_official.cpp:2382]   --->   Operation 50 'br' 'br_ln1810' <Predicate = (!icmp_ln1808)> <Delay = 0.00>
ST_2 : Operation 51 [1/1] (0.78ns)   --->   "%add_ln1815_5 = add i6 %v741_1, i6 1" [spikingformer_official.cpp:1815->spikingformer_official.cpp:2382]   --->   Operation 51 'add' 'add_ln1815_5' <Predicate = (!icmp_ln1808)> <Delay = 0.78> <CoreInst = "Adder">   --->   Core 1 'Adder' <Latency = 0> <II = 1> <Delay = 0.78> <FuncUnit> <Opcode : 'add' 'sub'> <InPorts = 2> <OutPorts = 1>
ST_2 : Operation 52 [1/1] (0.00ns) (grouped into LUT with out node select_ln1815)   --->   "%or_ln1815 = or i1 %and_ln1808, i1 %icmp_ln1809" [spikingformer_official.cpp:1815->spikingformer_official.cpp:2382]   --->   Operation 52 'or' 'or_ln1815' <Predicate = (!icmp_ln1808)> <Delay = 0.00> <CoreInst = "LogicGate">   --->   Core 74 'LogicGate' <Latency = 0> <II = 1> <Delay = 0.28> <FuncUnit> <Opcode : 'and' 'or' 'xor'> <InPorts = 2> <OutPorts = 1>
ST_2 : Operation 53 [1/1] (0.38ns) (out node of the LUT)   --->   "%select_ln1815 = select i1 %or_ln1815, i6 1, i6 %add_ln1815_5" [spikingformer_official.cpp:1815->spikingformer_official.cpp:2382]   --->   Operation 53 'select' 'select_ln1815' <Predicate = (!icmp_ln1808)> <Delay = 0.38> <CoreInst = "Sel">   --->   Core 73 'Sel' <Latency = 0> <II = 1> <Delay = 0.38> <FuncUnit> <Opcode : 'select'> <InPorts = 3> <OutPorts = 1>
ST_2 : Operation 54 [1/1] (0.78ns)   --->   "%icmp_ln1810_1 = icmp_eq  i6 %select_ln1815, i6 32" [spikingformer_official.cpp:1810->spikingformer_official.cpp:2382]   --->   Operation 54 'icmp' 'icmp_ln1810_1' <Predicate = (!icmp_ln1808)> <Delay = 0.78> <CoreInst = "Cmp">   --->   Core 9 'Cmp' <Latency = 0> <II = 1> <Delay = 0.78> <FuncUnit> <Opcode : 'seteq' 'setne' 'setle' 'setge' 'setlt' 'setgt'> <InPorts = 2> <OutPorts = 1>
ST_2 : Operation 55 [1/1] (0.00ns)   --->   "%br_ln1810 = br i1 %icmp_ln1810_1, void %new.latch.for.inc.i383.split, void %last.iter.for.inc.i383.split" [spikingformer_official.cpp:1810->spikingformer_official.cpp:2382]   --->   Operation 55 'br' 'br_ln1810' <Predicate = (!icmp_ln1808)> <Delay = 0.00>
ST_2 : Operation 56 [1/1] (0.80ns)   --->   "%add_ln1809 = add i12 %indvar_flatten13162_load, i12 1" [spikingformer_official.cpp:1809->spikingformer_official.cpp:2382]   --->   Operation 56 'add' 'add_ln1809' <Predicate = (!icmp_ln1808)> <Delay = 0.80> <CoreInst = "Adder">   --->   Core 1 'Adder' <Latency = 0> <II = 1> <Delay = 0.80> <FuncUnit> <Opcode : 'add' 'sub'> <InPorts = 2> <OutPorts = 1>
ST_2 : Operation 57 [1/1] (0.37ns)   --->   "%select_ln1809_1 = select i1 %icmp_ln1809, i12 1, i12 %add_ln1809" [spikingformer_official.cpp:1809->spikingformer_official.cpp:2382]   --->   Operation 57 'select' 'select_ln1809_1' <Predicate = (!icmp_ln1808)> <Delay = 0.37> <CoreInst = "Sel">   --->   Core 73 'Sel' <Latency = 0> <II = 1> <Delay = 0.37> <FuncUnit> <Opcode : 'select'> <InPorts = 3> <OutPorts = 1>
ST_2 : Operation 58 [1/1] (0.42ns)   --->   "%store_ln1808 = store i17 %add_ln1808_1, i17 %indvar_flatten13176" [spikingformer_official.cpp:1808->spikingformer_official.cpp:2382]   --->   Operation 58 'store' 'store_ln1808' <Predicate = (!icmp_ln1808)> <Delay = 0.42>
ST_2 : Operation 59 [1/1] (0.42ns)   --->   "%store_ln1808 = store i7 %select_ln1808_1, i7 %v739" [spikingformer_official.cpp:1808->spikingformer_official.cpp:2382]   --->   Operation 59 'store' 'store_ln1808' <Predicate = (!icmp_ln1808)> <Delay = 0.42>
ST_2 : Operation 60 [1/1] (0.42ns)   --->   "%store_ln1809 = store i12 %select_ln1809_1, i12 %indvar_flatten13162" [spikingformer_official.cpp:1809->spikingformer_official.cpp:2382]   --->   Operation 60 'store' 'store_ln1809' <Predicate = (!icmp_ln1808)> <Delay = 0.42>
ST_2 : Operation 61 [1/1] (0.42ns)   --->   "%store_ln1810 = store i6 %select_ln1815, i6 %v741" [spikingformer_official.cpp:1810->spikingformer_official.cpp:2382]   --->   Operation 61 'store' 'store_ln1810' <Predicate = (!icmp_ln1808)> <Delay = 0.42>
ST_2 : Operation 62 [1/1] (0.00ns)   --->   "%br_ln1810 = br void %for.inc.i383" [spikingformer_official.cpp:1810->spikingformer_official.cpp:2382]   --->   Operation 62 'br' 'br_ln1810' <Predicate = (!icmp_ln1808)> <Delay = 0.00>

State 3 <SV = 2> <Delay = 0.99>
ST_3 : Operation 63 [2/3] (0.99ns) (grouped into DSP with root node add_ln1815_4)   --->   "%mul_ln1809 = mul i18 %zext_ln1808, i18 1156" [spikingformer_official.cpp:1809->spikingformer_official.cpp:2382]   --->   Operation 63 'mul' 'mul_ln1809' <Predicate = true> <Delay = 0.99> <CoreInst = "DSP48">   --->   Core 124 'DSP48' <Latency = 3> <II = 1> <Delay = 0.53> <IPBlock> <Opcode : 'add' 'sub' 'mul' 'select'> <InPorts = 0> <OutPorts = 1> <Sync> <CReg>

State 4 <SV = 3> <Delay = 3.90>
ST_4 : Operation 64 [1/1] (0.00ns)   --->   "%v740_load = load i6 %v740" [spikingformer_official.cpp:1808->spikingformer_official.cpp:2382]   --->   Operation 64 'load' 'v740_load' <Predicate = (!icmp_ln1809)> <Delay = 0.00>
ST_4 : Operation 65 [1/1] (0.38ns)   --->   "%select_ln1808 = select i1 %icmp_ln1809, i6 0, i6 %v740_load" [spikingformer_official.cpp:1808->spikingformer_official.cpp:2382]   --->   Operation 65 'select' 'select_ln1808' <Predicate = true> <Delay = 0.38> <CoreInst = "Sel">   --->   Core 73 'Sel' <Latency = 0> <II = 1> <Delay = 0.38> <FuncUnit> <Opcode : 'select'> <InPorts = 3> <OutPorts = 1>
ST_4 : Operation 66 [1/1] (0.78ns)   --->   "%add_ln1815_2 = add i6 %select_ln1808, i6 1" [spikingformer_official.cpp:1815->spikingformer_official.cpp:2382]   --->   Operation 66 'add' 'add_ln1815_2' <Predicate = (and_ln1808)> <Delay = 0.78> <CoreInst = "Adder">   --->   Core 1 'Adder' <Latency = 0> <II = 1> <Delay = 0.78> <FuncUnit> <Opcode : 'add' 'sub'> <InPorts = 2> <OutPorts = 1>
ST_4 : Operation 67 [1/1] (0.38ns)   --->   "%select_ln1809 = select i1 %and_ln1808, i6 %add_ln1815_2, i6 %select_ln1808" [spikingformer_official.cpp:1809->spikingformer_official.cpp:2382]   --->   Operation 67 'select' 'select_ln1809' <Predicate = true> <Delay = 0.38> <CoreInst = "Sel">   --->   Core 73 'Sel' <Latency = 0> <II = 1> <Delay = 0.38> <FuncUnit> <Opcode : 'select'> <InPorts = 3> <OutPorts = 1>
ST_4 : Operation 68 [1/3] (0.00ns) (grouped into DSP with root node add_ln1815_4)   --->   "%mul_ln1809 = mul i18 %zext_ln1808, i18 1156" [spikingformer_official.cpp:1809->spikingformer_official.cpp:2382]   --->   Operation 68 'mul' 'mul_ln1809' <Predicate = true> <Delay = 0.00> <CoreInst = "DSP48">   --->   Core 124 'DSP48' <Latency = 3> <II = 1> <Delay = 0.53> <IPBlock> <Opcode : 'add' 'sub' 'mul' 'select'> <InPorts = 0> <OutPorts = 1> <Sync> <CReg>
ST_4 : Operation 69 [1/1] (0.00ns) (grouped into DSP with root node add_ln1815_4)   --->   "%zext_ln1809 = zext i18 %mul_ln1809" [spikingformer_official.cpp:1809->spikingformer_official.cpp:2382]   --->   Operation 69 'zext' 'zext_ln1809' <Predicate = true> <Delay = 0.00>
ST_4 : Operation 70 [1/1] (0.00ns)   --->   "%tmp = bitconcatenate i11 @_ssdm_op_BitConcatenate.i11.i6.i5, i6 %select_ln1809, i5 0" [spikingformer_official.cpp:1815->spikingformer_official.cpp:2382]   --->   Operation 70 'bitconcatenate' 'tmp' <Predicate = true> <Delay = 0.00>
ST_4 : Operation 71 [1/1] (0.00ns)   --->   "%zext_ln1815_1 = zext i11 %tmp" [spikingformer_official.cpp:1815->spikingformer_official.cpp:2382]   --->   Operation 71 'zext' 'zext_ln1815_1' <Predicate = true> <Delay = 0.00>
ST_4 : Operation 72 [1/1] (0.00ns)   --->   "%tmp_28 = bitconcatenate i7 @_ssdm_op_BitConcatenate.i7.i6.i1, i6 %select_ln1809, i1 0" [spikingformer_official.cpp:1815->spikingformer_official.cpp:2382]   --->   Operation 72 'bitconcatenate' 'tmp_28' <Predicate = true> <Delay = 0.00>
ST_4 : Operation 73 [1/1] (0.00ns)   --->   "%zext_ln1815_2 = zext i7 %tmp_28" [spikingformer_official.cpp:1815->spikingformer_official.cpp:2382]   --->   Operation 73 'zext' 'zext_ln1815_2' <Predicate = true> <Delay = 0.00>
ST_4 : Operation 74 [1/1] (0.79ns)   --->   "%add_ln1815_3 = add i12 %zext_ln1815_1, i12 %zext_ln1815_2" [spikingformer_official.cpp:1815->spikingformer_official.cpp:2382]   --->   Operation 74 'add' 'add_ln1815_3' <Predicate = true> <Delay = 0.79> <CoreInst = "Adder">   --->   Core 1 'Adder' <Latency = 0> <II = 1> <Delay = 0.79> <FuncUnit> <Opcode : 'add' 'sub'> <InPorts = 2> <OutPorts = 1>
ST_4 : Operation 75 [1/1] (0.00ns)   --->   "%zext_ln1815 = zext i12 %add_ln1815_3" [spikingformer_official.cpp:1815->spikingformer_official.cpp:2382]   --->   Operation 75 'zext' 'zext_ln1815' <Predicate = true> <Delay = 0.00>
ST_4 : Operation 76 [1/1] (0.91ns)   --->   "%add_ln1815 = add i22 %zext_ln1815, i22 2490403" [spikingformer_official.cpp:1815->spikingformer_official.cpp:2382]   --->   Operation 76 'add' 'add_ln1815' <Predicate = true> <Delay = 0.91> <CoreInst = "Adder">   --->   Core 1 'Adder' <Latency = 0> <II = 1> <Delay = 0.91> <FuncUnit> <Opcode : 'add' 'sub'> <InPorts = 2> <OutPorts = 1>
ST_4 : Operation 77 [2/2] (0.64ns) (root node of the DSP)   --->   "%add_ln1815_4 = add i22 %add_ln1815, i22 %zext_ln1809" [spikingformer_official.cpp:1815->spikingformer_official.cpp:2382]   --->   Operation 77 'add' 'add_ln1815_4' <Predicate = true> <Delay = 0.64> <CoreInst = "DSP48">   --->   Core 124 'DSP48' <Latency = 3> <II = 1> <Delay = 0.53> <IPBlock> <Opcode : 'add' 'sub' 'mul' 'select'> <InPorts = 0> <OutPorts = 1> <Sync> <CReg>
ST_4 : Operation 78 [1/1] (0.42ns)   --->   "%store_ln1809 = store i6 %select_ln1809, i6 %v740" [spikingformer_official.cpp:1809->spikingformer_official.cpp:2382]   --->   Operation 78 'store' 'store_ln1809' <Predicate = (!icmp_ln1808)> <Delay = 0.42>

State 5 <SV = 4> <Delay = 1.73>
ST_5 : Operation 79 [1/2] (0.64ns) (root node of the DSP)   --->   "%add_ln1815_4 = add i22 %add_ln1815, i22 %zext_ln1809" [spikingformer_official.cpp:1815->spikingformer_official.cpp:2382]   --->   Operation 79 'add' 'add_ln1815_4' <Predicate = true> <Delay = 0.64> <CoreInst = "DSP48">   --->   Core 124 'DSP48' <Latency = 3> <II = 1> <Delay = 0.53> <IPBlock> <Opcode : 'add' 'sub' 'mul' 'select'> <InPorts = 0> <OutPorts = 1> <Sync> <CReg>
ST_5 : Operation 80 [1/1] (0.00ns)   --->   "%shl_ln = bitconcatenate i24 @_ssdm_op_BitConcatenate.i24.i22.i2, i22 %add_ln1815_4, i2 0" [spikingformer_official.cpp:1815->spikingformer_official.cpp:2382]   --->   Operation 80 'bitconcatenate' 'shl_ln' <Predicate = true> <Delay = 0.00>
ST_5 : Operation 81 [1/1] (0.00ns)   --->   "%sext_ln1815 = sext i24 %shl_ln" [spikingformer_official.cpp:1815->spikingformer_official.cpp:2382]   --->   Operation 81 'sext' 'sext_ln1815' <Predicate = true> <Delay = 0.00>
ST_5 : Operation 82 [1/1] (0.00ns)   --->   "%zext_ln1815_3 = zext i25 %sext_ln1815" [spikingformer_official.cpp:1815->spikingformer_official.cpp:2382]   --->   Operation 82 'zext' 'zext_ln1815_3' <Predicate = true> <Delay = 0.00>
ST_5 : Operation 83 [1/1] (1.08ns)   --->   "%add_ln1815_1 = add i64 %zext_ln1815_3, i64 %v945_read" [spikingformer_official.cpp:1815->spikingformer_official.cpp:2382]   --->   Operation 83 'add' 'add_ln1815_1' <Predicate = true> <Delay = 1.08> <CoreInst = "Adder">   --->   Core 1 'Adder' <Latency = 0> <II = 1> <Delay = 1.08> <FuncUnit> <Opcode : 'add' 'sub'> <InPorts = 2> <OutPorts = 1>
ST_5 : Operation 84 [1/1] (0.00ns)   --->   "%trunc_ln = partselect i62 @_ssdm_op_PartSelect.i62.i64.i32.i32, i64 %add_ln1815_1, i32 2, i32 63" [spikingformer_official.cpp:1810->spikingformer_official.cpp:2382]   --->   Operation 84 'partselect' 'trunc_ln' <Predicate = true> <Delay = 0.00>
ST_5 : Operation 85 [1/1] (0.00ns)   --->   "%sext_ln1810 = sext i62 %trunc_ln" [spikingformer_official.cpp:1810->spikingformer_official.cpp:2382]   --->   Operation 85 'sext' 'sext_ln1810' <Predicate = true> <Delay = 0.00>
ST_5 : Operation 86 [1/1] (0.00ns)   --->   "%g0_addr_117 = getelementptr i32 %g0, i64 %sext_ln1810" [spikingformer_official.cpp:1810->spikingformer_official.cpp:2382]   --->   Operation 86 'getelementptr' 'g0_addr_117' <Predicate = true> <Delay = 0.00>

State 6 <SV = 5> <Delay = 7.30>
ST_6 : Operation 87 [1/1] (0.00ns)   --->   "%g0_addr = getelementptr i32 %g0, i64 %sext_ln2159_cast" [spikingformer_official.cpp:2159->spikingformer_official.cpp:2346]   --->   Operation 87 'getelementptr' 'g0_addr' <Predicate = true> <Delay = 0.00>
ST_6 : Operation 88 [1/1] (0.00ns)   --->   "%specloopname_ln0 = specloopname void @_ssdm_op_SpecLoopName, void @VITIS_LOOP_1808_1_VITIS_LOOP_1809_2_VITIS_LOOP_1810_3_str"   --->   Operation 88 'specloopname' 'specloopname_ln0' <Predicate = true> <Delay = 0.00>
ST_6 : Operation 89 [1/1] (0.00ns)   --->   "%speclooptripcount_ln0 = speclooptripcount void @_ssdm_op_SpecLoopTripCount, i64 98304, i64 98304, i64 98304"   --->   Operation 89 'speclooptripcount' 'speclooptripcount_ln0' <Predicate = true> <Delay = 0.00>
ST_6 : Operation 90 [1/1] ( I:7.30ns O:7.30ns )   --->   "%empty_104 = writereq i1 @_ssdm_op_WriteReq.m_axi.p1i32, i32 %g0_addr_117, i64 32" [spikingformer_official.cpp:1810->spikingformer_official.cpp:2382]   --->   Operation 90 'writereq' 'empty_104' <Predicate = (first_iter_46_mid2)> <Delay = 7.30> <CoreInst = "m_axi">   --->   Core 119 'm_axi' <Latency = 9> <II = 1> <Delay = 1.00> <Adapter> <Opcode : 'readrequnaligned' 'writerequnaligned' 'read' 'write' 'readreq' 'writereq' 'writeresp'>
ST_6 : Operation 91 [1/1] (0.00ns)   --->   "%br_ln1810 = br void %for.inc.i383.split" [spikingformer_official.cpp:1810->spikingformer_official.cpp:2382]   --->   Operation 91 'br' 'br_ln1810' <Predicate = (first_iter_46_mid2)> <Delay = 0.00>
ST_6 : Operation 92 [1/1] ( I:7.30ns O:7.30ns )   --->   "%v742 = read i32 @_ssdm_op_Read.m_axi.i32.p1i32, i32 %g0_addr" [spikingformer_official.cpp:1814->spikingformer_official.cpp:2382]   --->   Operation 92 'read' 'v742' <Predicate = true> <Delay = 7.30> <CoreInst = "m_axi">   --->   Core 119 'm_axi' <Latency = 3> <II = 1> <Delay = 1.00> <Adapter> <Opcode : 'readrequnaligned' 'writerequnaligned' 'read' 'write' 'readreq' 'writereq' 'writeresp'>

State 7 <SV = 6> <Delay = 7.30>
ST_7 : Operation 93 [1/1] (0.00ns)   --->   "%specpipeline_ln1811 = specpipeline void @_ssdm_op_SpecPipeline, i32 1, i32 0, i32 0, i32 0, i32 4294967295, void @empty_35" [spikingformer_official.cpp:1811->spikingformer_official.cpp:2382]   --->   Operation 93 'specpipeline' 'specpipeline_ln1811' <Predicate = true> <Delay = 0.00>
ST_7 : Operation 94 [1/1] ( I:7.30ns O:7.30ns )   --->   "%write_ln1815 = write void @_ssdm_op_Write.m_axi.p1i32.i32, i32 %g0_addr_117, i32 %v742, i4 15" [spikingformer_official.cpp:1815->spikingformer_official.cpp:2382]   --->   Operation 94 'write' 'write_ln1815' <Predicate = true> <Delay = 7.30> <CoreInst = "m_axi">   --->   Core 119 'm_axi' <Latency = 5> <II = 1> <Delay = 1.00> <Adapter> <Opcode : 'readrequnaligned' 'writerequnaligned' 'read' 'write' 'readreq' 'writereq' 'writeresp'>

State 8 <SV = 7> <Delay = 0.00>
ST_8 : Operation 95 [5/5] (7.30ns)   --->   "%empty = writeresp i1 @_ssdm_op_WriteResp.m_axi.p1i32, i32 %g0_addr_117" [spikingformer_official.cpp:1809->spikingformer_official.cpp:2382]   --->   Operation 95 'writeresp' 'empty' <Predicate = (icmp_ln1810_1)> <Delay = 7.30> <CoreInst = "m_axi">   --->   Core 119 'm_axi' <Latency = 3> <II = 1> <Delay = 1.00> <Adapter> <Opcode : 'readrequnaligned' 'writerequnaligned' 'read' 'write' 'readreq' 'writereq' 'writeresp'>

State 9 <SV = 8> <Delay = 0.00>
ST_9 : Operation 96 [4/5] (7.30ns)   --->   "%empty = writeresp i1 @_ssdm_op_WriteResp.m_axi.p1i32, i32 %g0_addr_117" [spikingformer_official.cpp:1809->spikingformer_official.cpp:2382]   --->   Operation 96 'writeresp' 'empty' <Predicate = (icmp_ln1810_1)> <Delay = 7.30> <CoreInst = "m_axi">   --->   Core 119 'm_axi' <Latency = 3> <II = 1> <Delay = 1.00> <Adapter> <Opcode : 'readrequnaligned' 'writerequnaligned' 'read' 'write' 'readreq' 'writereq' 'writeresp'>

State 10 <SV = 9> <Delay = 0.00>
ST_10 : Operation 97 [3/5] (7.30ns)   --->   "%empty = writeresp i1 @_ssdm_op_WriteResp.m_axi.p1i32, i32 %g0_addr_117" [spikingformer_official.cpp:1809->spikingformer_official.cpp:2382]   --->   Operation 97 'writeresp' 'empty' <Predicate = (icmp_ln1810_1)> <Delay = 7.30> <CoreInst = "m_axi">   --->   Core 119 'm_axi' <Latency = 3> <II = 1> <Delay = 1.00> <Adapter> <Opcode : 'readrequnaligned' 'writerequnaligned' 'read' 'write' 'readreq' 'writereq' 'writeresp'>

State 11 <SV = 10> <Delay = 0.42>
ST_11 : Operation 98 [2/5] (7.30ns)   --->   "%empty = writeresp i1 @_ssdm_op_WriteResp.m_axi.p1i32, i32 %g0_addr_117" [spikingformer_official.cpp:1809->spikingformer_official.cpp:2382]   --->   Operation 98 'writeresp' 'empty' <Predicate = (icmp_ln1810_1)> <Delay = 7.30> <CoreInst = "m_axi">   --->   Core 119 'm_axi' <Latency = 3> <II = 1> <Delay = 1.00> <Adapter> <Opcode : 'readrequnaligned' 'writerequnaligned' 'read' 'write' 'readreq' 'writereq' 'writeresp'>
ST_11 : Operation 101 [1/1] (0.42ns)   --->   "%ret_ln0 = ret"   --->   Operation 101 'ret' 'ret_ln0' <Predicate = (icmp_ln1808)> <Delay = 0.42>

State 12 <SV = 11> <Delay = 7.30>
ST_12 : Operation 99 [1/5] ( I:7.30ns O:7.30ns )   --->   "%empty = writeresp i1 @_ssdm_op_WriteResp.m_axi.p1i32, i32 %g0_addr_117" [spikingformer_official.cpp:1809->spikingformer_official.cpp:2382]   --->   Operation 99 'writeresp' 'empty' <Predicate = (icmp_ln1810_1)> <Delay = 7.30> <CoreInst = "m_axi">   --->   Core 119 'm_axi' <Latency = 3> <II = 1> <Delay = 1.00> <Adapter> <Opcode : 'readrequnaligned' 'writerequnaligned' 'read' 'write' 'readreq' 'writereq' 'writeresp'>
ST_12 : Operation 100 [1/1] (0.00ns)   --->   "%br_ln1810 = br void %new.latch.for.inc.i383.split" [spikingformer_official.cpp:1810->spikingformer_official.cpp:2382]   --->   Operation 100 'br' 'br_ln1810' <Predicate = (icmp_ln1810_1)> <Delay = 0.00>


============================================================
+ Verbose Summary: Timing violations
============================================================
Target clock period: 10.000ns, clock uncertainty: 2.700ns.

 <State 1>: 0.427ns
The critical path consists of the following:
	'alloca' operation 17 bit ('indvar_flatten13176') [9]  (0.000 ns)
	'store' operation ('store_ln0') of constant 0 17 bit on local variable 'indvar_flatten13176' [16]  (0.427 ns)

 <State 2>: 2.261ns
The critical path consists of the following:
	'load' operation 12 bit ('indvar_flatten13162_load', spikingformer_official.cpp:1809->spikingformer_official.cpp:2382) on local variable 'indvar_flatten13162' [25]  (0.000 ns)
	'icmp' operation 1 bit ('icmp_ln1809', spikingformer_official.cpp:1809->spikingformer_official.cpp:2382) [38]  (0.809 ns)
	'xor' operation 1 bit ('xor_ln1808', spikingformer_official.cpp:1808->spikingformer_official.cpp:2382) [41]  (0.000 ns)
	'and' operation 1 bit ('and_ln1808', spikingformer_official.cpp:1808->spikingformer_official.cpp:2382) [43]  (0.287 ns)
	'or' operation 1 bit ('or_ln1815', spikingformer_official.cpp:1815->spikingformer_official.cpp:2382) [74]  (0.000 ns)
	'select' operation 6 bit ('select_ln1815', spikingformer_official.cpp:1815->spikingformer_official.cpp:2382) [75]  (0.384 ns)
	'icmp' operation 1 bit ('icmp_ln1810_1', spikingformer_official.cpp:1810->spikingformer_official.cpp:2382) [77]  (0.781 ns)

 <State 3>: 0.996ns
The critical path consists of the following:
	'mul' operation 18 bit of DSP[58] ('mul_ln1809', spikingformer_official.cpp:1809->spikingformer_official.cpp:2382) [49]  (0.996 ns)

 <State 4>: 3.906ns
The critical path consists of the following:
	'load' operation 6 bit ('v740_load', spikingformer_official.cpp:1808->spikingformer_official.cpp:2382) on local variable 'v740', spikingformer_official.cpp:1809->spikingformer_official.cpp:2382 [32]  (0.000 ns)
	'select' operation 6 bit ('select_ln1808', spikingformer_official.cpp:1808->spikingformer_official.cpp:2382) [39]  (0.384 ns)
	'add' operation 6 bit ('add_ln1815_2', spikingformer_official.cpp:1815->spikingformer_official.cpp:2382) [45]  (0.781 ns)
	'select' operation 6 bit ('select_ln1809', spikingformer_official.cpp:1809->spikingformer_official.cpp:2382) [47]  (0.384 ns)
	'add' operation 12 bit ('add_ln1815_3', spikingformer_official.cpp:1815->spikingformer_official.cpp:2382) [55]  (0.798 ns)
	'add' operation 22 bit ('add_ln1815', spikingformer_official.cpp:1815->spikingformer_official.cpp:2382) [57]  (0.914 ns)
	'add' operation 22 bit of DSP[58] ('add_ln1815_4', spikingformer_official.cpp:1815->spikingformer_official.cpp:2382) [58]  (0.645 ns)

 <State 5>: 1.730ns
The critical path consists of the following:
	'add' operation 22 bit of DSP[58] ('add_ln1815_4', spikingformer_official.cpp:1815->spikingformer_official.cpp:2382) [58]  (0.645 ns)
	'add' operation 64 bit ('add_ln1815_1', spikingformer_official.cpp:1815->spikingformer_official.cpp:2382) [62]  (1.085 ns)

 <State 6>: 7.300ns
The critical path consists of the following:
	bus request operation ('empty_104', spikingformer_official.cpp:1810->spikingformer_official.cpp:2382) on port 'g0' (spikingformer_official.cpp:1810->spikingformer_official.cpp:2382) [68]  (7.300 ns)

 <State 7>: 7.300ns
The critical path consists of the following:
	bus write operation ('write_ln1815', spikingformer_official.cpp:1815->spikingformer_official.cpp:2382) on port 'g0' (spikingformer_official.cpp:1815->spikingformer_official.cpp:2382) [76]  (7.300 ns)

 <State 8>: 0.000ns
The critical path consists of the following:

 <State 9>: 0.000ns
The critical path consists of the following:

 <State 10>: 0.000ns
The critical path consists of the following:

 <State 11>: 0.427ns
The critical path consists of the following:

 <State 12>: 7.300ns
The critical path consists of the following:
	bus response operation ('empty', spikingformer_official.cpp:1809->spikingformer_official.cpp:2382) on port 'g0' (spikingformer_official.cpp:1809->spikingformer_official.cpp:2382) [80]  (7.300 ns)


============================================================
+ Verbose Summary: Binding
============================================================
N/A
* FSMD analyzer results:
  - Output states:
 - Input state : 
  - Chain level:
	State 1
	State 2
	State 3
	State 4
	State 5
	State 6
	State 7
	State 8
	State 9
	State 10
	State 11
	State 12


============================================================
+ Verbose Summary: Datapath Resource usage 
============================================================
N/A
