

================================================================
== Vitis HLS Report for 'control_Pipeline_VITIS_LOOP_880_1_VITIS_LOOP_881_2_VITIS_LOOP_882_310'
================================================================
* Date:           Sun Jul 12 20:26:11 2026

* Version:        2025.2 (Build 6295257 on Nov 14 2025)
* Project:        spikingformer_proj
* Solution:       solution1 (Vivado IP Flow Target)
* Product family: zynquplus
* Target device:  xczu7ev-ffvc1156-2-e


================================================================
== Performance Estimates
================================================================
+ Timing: 
    * Summary: 
    +--------+----------+----------+------------+
    |  Clock |  Target  | Estimated| Uncertainty|
    +--------+----------+----------+------------+
    |ap_clk  |  10.00 ns|  7.300 ns|     2.70 ns|
    +--------+----------+----------+------------+

+ Latency: 
    * Summary: 
    +---------+---------+----------+----------+-----+-----+-------------------+
    |  Latency (cycles) |  Latency (absolute) |  Interval |      Pipeline     |
    |   min   |   max   |    min   |    max   | min | max |        Type       |
    +---------+---------+----------+----------+-----+-----+-------------------+
    |    24592|    24592|  0.246 ms|  0.246 ms|    0|    0|  loop pipeline stp|
    +---------+---------+----------+----------+-----+-----+-------------------+

    + Detail: 
        * Instance: 
        N/A

        * Loop: 
        +------------------------------------------------------+---------+---------+----------+-----------+-----------+-------+----------+
        |                                                      |  Latency (cycles) | Iteration|  Initiation Interval  |  Trip |          |
        |                       Loop Name                      |   min   |   max   |  Latency |  achieved |   target  | Count | Pipelined|
        +------------------------------------------------------+---------+---------+----------+-----------+-----------+-------+----------+
        |- VITIS_LOOP_880_1_VITIS_LOOP_881_2_VITIS_LOOP_882_3  |    24590|    24590|        16|          1|          1|  24576|       yes|
        +------------------------------------------------------+---------+---------+----------+-----------+-----------+-------+----------+

============================================================
+ Verbose Summary: Synthesis Manager
============================================================
InlineROM: 1
ExposeGlobal: 0
============================================================
+ Verbose Summary: CDFG Model
============================================================
IsTopModel: 0
ResetActiveHigh: 1
IsCombinational: 0
IsDatapathOnly: 0
HasWiredReturn: 1
HasMFsm: 2
HasVarLatency: 1
IsPipeline: 0
IsRtlPipelined: 0
IsInstanceOverlapped: 0
IsDontTouch: 0
HasImplIP: 0
IsGatedGlobalClock: 0

+ Individual pipeline summary: 
  * Pipeline-0: initiation interval (II) = 1, depth = 17


============================================================
+ Verbose Summary: Schedule
============================================================
* Number of FSM states : 17
* Pipeline : 1
  Pipeline-0 : II = 1, D = 17, States = { 1 2 3 4 5 6 7 8 9 10 11 12 13 14 15 16 17 }
* Dataflow Pipeline: 0

* FSM state transitions: 
1 --> 2 
2 --> 3 
3 --> 4 
4 --> 5 
5 --> 6 
6 --> 7 
7 --> 8 
8 --> 9 
9 --> 10 
10 --> 11 
11 --> 12 
12 --> 13 
13 --> 14 
14 --> 15 
15 --> 16 
16 --> 17 
17 --> 

* FSM state operations: 

State 1 <SV = 0> <Delay = 0.42>
ST_1 : Operation 19 [1/1] (0.00ns)   --->   "%v362 = alloca i32 1" [spikingformer_official.cpp:882->spikingformer_official.cpp:2745]   --->   Operation 19 'alloca' 'v362' <Predicate = true> <Delay = 0.00>
ST_1 : Operation 20 [1/1] (0.00ns)   --->   "%v361 = alloca i32 1" [spikingformer_official.cpp:881->spikingformer_official.cpp:2745]   --->   Operation 20 'alloca' 'v361' <Predicate = true> <Delay = 0.00>
ST_1 : Operation 21 [1/1] (0.00ns)   --->   "%indvar_flatten14243 = alloca i32 1"   --->   Operation 21 'alloca' 'indvar_flatten14243' <Predicate = true> <Delay = 0.00>
ST_1 : Operation 22 [1/1] (0.00ns)   --->   "%v360 = alloca i32 1" [spikingformer_official.cpp:880->spikingformer_official.cpp:2745]   --->   Operation 22 'alloca' 'v360' <Predicate = true> <Delay = 0.00>
ST_1 : Operation 23 [1/1] (0.00ns)   --->   "%indvar_flatten14257 = alloca i32 1"   --->   Operation 23 'alloca' 'indvar_flatten14257' <Predicate = true> <Delay = 0.00>
ST_1 : Operation 24 [1/1] (0.00ns)   --->   "%v944_read = read i64 @_ssdm_op_Read.ap_auto.i64, i64 %v944"   --->   Operation 24 'read' 'v944_read' <Predicate = true> <Delay = 0.00>
ST_1 : Operation 25 [1/1] (0.00ns)   --->   "%sext_ln8805 = read i62 @_ssdm_op_Read.ap_auto.i62, i62 %sext_ln880"   --->   Operation 25 'read' 'sext_ln8805' <Predicate = true> <Delay = 0.00>
ST_1 : Operation 26 [1/1] (0.00ns)   --->   "%sext_ln897_14 = read i62 @_ssdm_op_Read.ap_auto.i62, i62 %sext_ln897_1"   --->   Operation 26 'read' 'sext_ln897_14' <Predicate = true> <Delay = 0.00>
ST_1 : Operation 27 [1/1] (0.00ns)   --->   "%specstablecontent_ln0 = specstablecontent void @_ssdm_op_SpecStableContent, i32 %g0, i1 1, void "   --->   Operation 27 'specstablecontent' 'specstablecontent_ln0' <Predicate = true> <Delay = 0.00>
ST_1 : Operation 28 [1/1] (0.00ns)   --->   "%specinterface_ln0 = specinterface void @_ssdm_op_SpecInterface, i32 %g0, void @empty_26, i32 0, i32 0, void @empty_35, i32 0, i32 0, void @empty_22, void @empty_25, void @empty_35, i32 16, i32 16, i32 16, i32 16, void @empty_35, void @empty_35, i32 4294967295, i32 0, i32 0, i32 4"   --->   Operation 28 'specinterface' 'specinterface_ln0' <Predicate = true> <Delay = 0.00>
ST_1 : Operation 29 [1/1] (0.42ns)   --->   "%store_ln0 = store i15 0, i15 %indvar_flatten14257"   --->   Operation 29 'store' 'store_ln0' <Predicate = true> <Delay = 0.42>
ST_1 : Operation 30 [1/1] (0.42ns)   --->   "%store_ln880 = store i4 0, i4 %v360" [spikingformer_official.cpp:880->spikingformer_official.cpp:2745]   --->   Operation 30 'store' 'store_ln880' <Predicate = true> <Delay = 0.42>
ST_1 : Operation 31 [1/1] (0.42ns)   --->   "%store_ln0 = store i13 0, i13 %indvar_flatten14243"   --->   Operation 31 'store' 'store_ln0' <Predicate = true> <Delay = 0.42>
ST_1 : Operation 32 [1/1] (0.42ns)   --->   "%store_ln881 = store i6 0, i6 %v361" [spikingformer_official.cpp:881->spikingformer_official.cpp:2745]   --->   Operation 32 'store' 'store_ln881' <Predicate = true> <Delay = 0.42>
ST_1 : Operation 33 [1/1] (0.42ns)   --->   "%store_ln882 = store i7 0, i7 %v362" [spikingformer_official.cpp:882->spikingformer_official.cpp:2745]   --->   Operation 33 'store' 'store_ln882' <Predicate = true> <Delay = 0.42>
ST_1 : Operation 34 [1/1] (0.42ns)   --->   "%br_ln0 = br void %for.inc.i1198"   --->   Operation 34 'br' 'br_ln0' <Predicate = true> <Delay = 0.42>

State 2 <SV = 1> <Delay = 4.16>
ST_2 : Operation 35 [1/1] (0.00ns)   --->   "%first_iter_125 = phi i1 1, void %newFuncRoot, i1 0, void %new.latch.for.inc.i1198.split"   --->   Operation 35 'phi' 'first_iter_125' <Predicate = true> <Delay = 0.00>
ST_2 : Operation 36 [1/1] (0.00ns)   --->   "%v362_1 = load i7 %v362" [spikingformer_official.cpp:882->spikingformer_official.cpp:2745]   --->   Operation 36 'load' 'v362_1' <Predicate = true> <Delay = 0.00>
ST_2 : Operation 37 [1/1] (0.00ns)   --->   "%indvar_flatten14243_load = load i13 %indvar_flatten14243" [spikingformer_official.cpp:881->spikingformer_official.cpp:2745]   --->   Operation 37 'load' 'indvar_flatten14243_load' <Predicate = true> <Delay = 0.00>
ST_2 : Operation 38 [1/1] (0.00ns)   --->   "%indvar_flatten14257_load = load i15 %indvar_flatten14257" [spikingformer_official.cpp:880->spikingformer_official.cpp:2745]   --->   Operation 38 'load' 'indvar_flatten14257_load' <Predicate = true> <Delay = 0.00>
ST_2 : Operation 39 [1/1] (0.00ns)   --->   "%specbitsmap_ln0 = specbitsmap void @_ssdm_op_SpecBitsMap, i32 %g0"   --->   Operation 39 'specbitsmap' 'specbitsmap_ln0' <Predicate = true> <Delay = 0.00>
ST_2 : Operation 40 [1/1] (0.84ns)   --->   "%icmp_ln880 = icmp_eq  i15 %indvar_flatten14257_load, i15 24576" [spikingformer_official.cpp:880->spikingformer_official.cpp:2745]   --->   Operation 40 'icmp' 'icmp_ln880' <Predicate = true> <Delay = 0.84> <CoreInst = "Cmp">   --->   Core 9 'Cmp' <Latency = 0> <II = 1> <Delay = 0.84> <FuncUnit> <Opcode : 'seteq' 'setne' 'setle' 'setge' 'setlt' 'setgt'> <InPorts = 2> <OutPorts = 1>
ST_2 : Operation 41 [1/1] (0.84ns)   --->   "%add_ln880 = add i15 %indvar_flatten14257_load, i15 1" [spikingformer_official.cpp:880->spikingformer_official.cpp:2745]   --->   Operation 41 'add' 'add_ln880' <Predicate = true> <Delay = 0.84> <CoreInst = "Adder">   --->   Core 1 'Adder' <Latency = 0> <II = 1> <Delay = 0.84> <FuncUnit> <Opcode : 'add' 'sub'> <InPorts = 2> <OutPorts = 1>
ST_2 : Operation 42 [1/1] (0.00ns)   --->   "%br_ln880 = br i1 %icmp_ln880, void %for.inc24.i1204, void %_Z8kernel64PA12_A32_A64_fS2_.exit1205.exitStub" [spikingformer_official.cpp:880->spikingformer_official.cpp:2745]   --->   Operation 42 'br' 'br_ln880' <Predicate = true> <Delay = 0.00>
ST_2 : Operation 43 [1/1] (0.00ns)   --->   "%v361_load = load i6 %v361" [spikingformer_official.cpp:880->spikingformer_official.cpp:2745]   --->   Operation 43 'load' 'v361_load' <Predicate = (!icmp_ln880)> <Delay = 0.00>
ST_2 : Operation 44 [1/1] (0.00ns)   --->   "%v360_load = load i4 %v360" [spikingformer_official.cpp:880->spikingformer_official.cpp:2745]   --->   Operation 44 'load' 'v360_load' <Predicate = (!icmp_ln880)> <Delay = 0.00>
ST_2 : Operation 45 [1/1] (0.79ns)   --->   "%add_ln880_1 = add i4 %v360_load, i4 1" [spikingformer_official.cpp:880->spikingformer_official.cpp:2745]   --->   Operation 45 'add' 'add_ln880_1' <Predicate = (!icmp_ln880)> <Delay = 0.79> <CoreInst = "Adder">   --->   Core 1 'Adder' <Latency = 0> <II = 1> <Delay = 0.79> <FuncUnit> <Opcode : 'add' 'sub'> <InPorts = 2> <OutPorts = 1>
ST_2 : Operation 46 [1/1] (0.00ns)   --->   "%specloopname_ln0 = specloopname void @_ssdm_op_SpecLoopName, void @VITIS_LOOP_880_1_VITIS_LOOP_881_2_VITIS_LOOP_882_3_str"   --->   Operation 46 'specloopname' 'specloopname_ln0' <Predicate = (!icmp_ln880)> <Delay = 0.00>
ST_2 : Operation 47 [1/1] (0.00ns)   --->   "%speclooptripcount_ln0 = speclooptripcount void @_ssdm_op_SpecLoopTripCount, i64 24576, i64 24576, i64 24576"   --->   Operation 47 'speclooptripcount' 'speclooptripcount_ln0' <Predicate = (!icmp_ln880)> <Delay = 0.00>
ST_2 : Operation 48 [1/1] (0.82ns)   --->   "%icmp_ln881 = icmp_eq  i13 %indvar_flatten14243_load, i13 2048" [spikingformer_official.cpp:881->spikingformer_official.cpp:2745]   --->   Operation 48 'icmp' 'icmp_ln881' <Predicate = (!icmp_ln880)> <Delay = 0.82> <CoreInst = "Cmp">   --->   Core 9 'Cmp' <Latency = 0> <II = 1> <Delay = 0.82> <FuncUnit> <Opcode : 'seteq' 'setne' 'setle' 'setge' 'setlt' 'setgt'> <InPorts = 2> <OutPorts = 1>
ST_2 : Operation 49 [1/1] (0.38ns)   --->   "%select_ln880 = select i1 %icmp_ln881, i6 0, i6 %v361_load" [spikingformer_official.cpp:880->spikingformer_official.cpp:2745]   --->   Operation 49 'select' 'select_ln880' <Predicate = (!icmp_ln880)> <Delay = 0.38> <CoreInst = "Sel">   --->   Core 73 'Sel' <Latency = 0> <II = 1> <Delay = 0.38> <FuncUnit> <Opcode : 'select'> <InPorts = 3> <OutPorts = 1>
ST_2 : Operation 50 [1/1] (0.00ns) (grouped into LUT with out node first_iter_125_mid2)   --->   "%or_ln880 = or i1 %icmp_ln881, i1 %first_iter_125" [spikingformer_official.cpp:880->spikingformer_official.cpp:2745]   --->   Operation 50 'or' 'or_ln880' <Predicate = (!icmp_ln880)> <Delay = 0.00> <CoreInst = "LogicGate">   --->   Core 74 'LogicGate' <Latency = 0> <II = 1> <Delay = 0.28> <FuncUnit> <Opcode : 'and' 'or' 'xor'> <InPorts = 2> <OutPorts = 1>
ST_2 : Operation 51 [1/1] (0.00ns) (grouped into LUT with out node and_ln880)   --->   "%xor_ln880 = xor i1 %icmp_ln881, i1 1" [spikingformer_official.cpp:880->spikingformer_official.cpp:2745]   --->   Operation 51 'xor' 'xor_ln880' <Predicate = (!icmp_ln880)> <Delay = 0.00> <CoreInst = "LogicGate">   --->   Core 74 'LogicGate' <Latency = 0> <II = 1> <Delay = 0.28> <FuncUnit> <Opcode : 'and' 'or' 'xor'> <InPorts = 2> <OutPorts = 1>
ST_2 : Operation 52 [1/1] (0.77ns)   --->   "%icmp_ln882 = icmp_eq  i7 %v362_1, i7 64" [spikingformer_official.cpp:882->spikingformer_official.cpp:2745]   --->   Operation 52 'icmp' 'icmp_ln882' <Predicate = (!icmp_ln880)> <Delay = 0.77> <CoreInst = "Cmp">   --->   Core 9 'Cmp' <Latency = 0> <II = 1> <Delay = 0.77> <FuncUnit> <Opcode : 'seteq' 'setne' 'setle' 'setge' 'setlt' 'setgt'> <InPorts = 2> <OutPorts = 1>
ST_2 : Operation 53 [1/1] (0.28ns) (out node of the LUT)   --->   "%and_ln880 = and i1 %icmp_ln882, i1 %xor_ln880" [spikingformer_official.cpp:880->spikingformer_official.cpp:2745]   --->   Operation 53 'and' 'and_ln880' <Predicate = (!icmp_ln880)> <Delay = 0.28> <CoreInst = "LogicGate">   --->   Core 74 'LogicGate' <Latency = 0> <II = 1> <Delay = 0.28> <FuncUnit> <Opcode : 'and' 'or' 'xor'> <InPorts = 2> <OutPorts = 1>
ST_2 : Operation 54 [1/1] (0.39ns)   --->   "%select_ln880_1 = select i1 %icmp_ln881, i4 %add_ln880_1, i4 %v360_load" [spikingformer_official.cpp:880->spikingformer_official.cpp:2745]   --->   Operation 54 'select' 'select_ln880_1' <Predicate = (!icmp_ln880)> <Delay = 0.39> <CoreInst = "Sel">   --->   Core 73 'Sel' <Latency = 0> <II = 1> <Delay = 0.39> <FuncUnit> <Opcode : 'select'> <InPorts = 3> <OutPorts = 1>
ST_2 : Operation 55 [1/1] (0.78ns)   --->   "%add_ln881 = add i6 %select_ln880, i6 1" [spikingformer_official.cpp:881->spikingformer_official.cpp:2745]   --->   Operation 55 'add' 'add_ln881' <Predicate = (!icmp_ln880)> <Delay = 0.78> <CoreInst = "Adder">   --->   Core 1 'Adder' <Latency = 0> <II = 1> <Delay = 0.78> <FuncUnit> <Opcode : 'add' 'sub'> <InPorts = 2> <OutPorts = 1>
ST_2 : Operation 56 [1/1] (0.28ns) (out node of the LUT)   --->   "%first_iter_125_mid2 = or i1 %and_ln880, i1 %or_ln880" [spikingformer_official.cpp:880->spikingformer_official.cpp:2745]   --->   Operation 56 'or' 'first_iter_125_mid2' <Predicate = (!icmp_ln880)> <Delay = 0.28> <CoreInst = "LogicGate">   --->   Core 74 'LogicGate' <Latency = 0> <II = 1> <Delay = 0.28> <FuncUnit> <Opcode : 'and' 'or' 'xor'> <InPorts = 2> <OutPorts = 1>
ST_2 : Operation 57 [1/1] (0.38ns)   --->   "%select_ln881 = select i1 %and_ln880, i6 %add_ln881, i6 %select_ln880" [spikingformer_official.cpp:881->spikingformer_official.cpp:2745]   --->   Operation 57 'select' 'select_ln881' <Predicate = (!icmp_ln880)> <Delay = 0.38> <CoreInst = "Sel">   --->   Core 73 'Sel' <Latency = 0> <II = 1> <Delay = 0.38> <FuncUnit> <Opcode : 'select'> <InPorts = 3> <OutPorts = 1>
ST_2 : Operation 58 [1/1] (0.00ns)   --->   "%shl_ln = bitconcatenate i15 @_ssdm_op_BitConcatenate.i15.i4.i11, i4 %select_ln880_1, i11 0" [spikingformer_official.cpp:881->spikingformer_official.cpp:2745]   --->   Operation 58 'bitconcatenate' 'shl_ln' <Predicate = (!icmp_ln880)> <Delay = 0.00>
ST_2 : Operation 59 [1/1] (0.00ns)   --->   "%zext_ln881 = zext i15 %shl_ln" [spikingformer_official.cpp:881->spikingformer_official.cpp:2745]   --->   Operation 59 'zext' 'zext_ln881' <Predicate = (!icmp_ln880)> <Delay = 0.00>
ST_2 : Operation 60 [1/1] (0.00ns)   --->   "%zext_ln881_1 = zext i15 %shl_ln" [spikingformer_official.cpp:881->spikingformer_official.cpp:2745]   --->   Operation 60 'zext' 'zext_ln881_1' <Predicate = (!icmp_ln880)> <Delay = 0.00>
ST_2 : Operation 61 [1/1] (0.00ns)   --->   "%trunc_ln882 = trunc i6 %select_ln881" [spikingformer_official.cpp:882->spikingformer_official.cpp:2745]   --->   Operation 61 'trunc' 'trunc_ln882' <Predicate = (!icmp_ln880)> <Delay = 0.00>
ST_2 : Operation 62 [1/1] (0.00ns)   --->   "%shl_ln6 = bitconcatenate i11 @_ssdm_op_BitConcatenate.i11.i5.i6, i5 %trunc_ln882, i6 0" [spikingformer_official.cpp:882->spikingformer_official.cpp:2745]   --->   Operation 62 'bitconcatenate' 'shl_ln6' <Predicate = (!icmp_ln880)> <Delay = 0.00>
ST_2 : Operation 63 [1/1] (0.00ns)   --->   "%zext_ln882 = zext i11 %shl_ln6" [spikingformer_official.cpp:882->spikingformer_official.cpp:2745]   --->   Operation 63 'zext' 'zext_ln882' <Predicate = (!icmp_ln880)> <Delay = 0.00>
ST_2 : Operation 64 [1/1] (0.00ns)   --->   "%zext_ln882_1 = zext i11 %shl_ln6" [spikingformer_official.cpp:882->spikingformer_official.cpp:2745]   --->   Operation 64 'zext' 'zext_ln882_1' <Predicate = (!icmp_ln880)> <Delay = 0.00>
ST_2 : Operation 65 [1/1] (0.00ns) (grouped into TernaryAdder)   --->   "%add_ln882 = add i21 %zext_ln882_1, i21 1502976" [spikingformer_official.cpp:882->spikingformer_official.cpp:2745]   --->   Operation 65 'add' 'add_ln882' <Predicate = (!icmp_ln880)> <Delay = 0.00> <CoreInst = "TAddSub">   --->   Core 10 'TAddSub' <Latency = 0> <II = 1> <Delay = 0.35> <IPBlock> <Opcode : 'add' 'sub'> <InPorts = 3> <OutPorts = 1> <Sync> <CReg>
ST_2 : Operation 66 [1/1] (0.70ns) (root node of TernaryAdder)   --->   "%add_ln882_1 = add i21 %add_ln882, i21 %zext_ln881_1" [spikingformer_official.cpp:882->spikingformer_official.cpp:2745]   --->   Operation 66 'add' 'add_ln882_1' <Predicate = (!icmp_ln880)> <Delay = 0.70> <CoreInst = "TAddSub">   --->   Core 10 'TAddSub' <Latency = 0> <II = 1> <Delay = 0.35> <IPBlock> <Opcode : 'add' 'sub'> <InPorts = 3> <OutPorts = 1> <Sync> <CReg>
ST_2 : Operation 67 [1/1] (0.00ns)   --->   "%shl_ln882_1 = bitconcatenate i23 @_ssdm_op_BitConcatenate.i23.i21.i2, i21 %add_ln882_1, i2 0" [spikingformer_official.cpp:882->spikingformer_official.cpp:2745]   --->   Operation 67 'bitconcatenate' 'shl_ln882_1' <Predicate = (!icmp_ln880)> <Delay = 0.00>
ST_2 : Operation 68 [1/1] (0.00ns)   --->   "%sext_ln882_2 = sext i23 %shl_ln882_1" [spikingformer_official.cpp:882->spikingformer_official.cpp:2745]   --->   Operation 68 'sext' 'sext_ln882_2' <Predicate = (!icmp_ln880)> <Delay = 0.00>
ST_2 : Operation 69 [1/1] (0.00ns)   --->   "%zext_ln882_2 = zext i25 %sext_ln882_2" [spikingformer_official.cpp:882->spikingformer_official.cpp:2745]   --->   Operation 69 'zext' 'zext_ln882_2' <Predicate = (!icmp_ln880)> <Delay = 0.00>
ST_2 : Operation 70 [1/1] (1.08ns)   --->   "%add_ln882_2 = add i64 %zext_ln882_2, i64 %v944_read" [spikingformer_official.cpp:882->spikingformer_official.cpp:2745]   --->   Operation 70 'add' 'add_ln882_2' <Predicate = (!icmp_ln880)> <Delay = 1.08> <CoreInst = "Adder">   --->   Core 1 'Adder' <Latency = 0> <II = 1> <Delay = 1.08> <FuncUnit> <Opcode : 'add' 'sub'> <InPorts = 2> <OutPorts = 1>
ST_2 : Operation 71 [1/1] (0.00ns) (grouped into TernaryAdder)   --->   "%add_ln882_3 = add i24 %zext_ln882, i24 9792000" [spikingformer_official.cpp:882->spikingformer_official.cpp:2745]   --->   Operation 71 'add' 'add_ln882_3' <Predicate = (!icmp_ln880)> <Delay = 0.00> <CoreInst = "TAddSub">   --->   Core 10 'TAddSub' <Latency = 0> <II = 1> <Delay = 0.35> <IPBlock> <Opcode : 'add' 'sub'> <InPorts = 3> <OutPorts = 1> <Sync> <CReg>
ST_2 : Operation 72 [1/1] (0.70ns) (root node of TernaryAdder)   --->   "%add_ln882_5 = add i24 %add_ln882_3, i24 %zext_ln881" [spikingformer_official.cpp:882->spikingformer_official.cpp:2745]   --->   Operation 72 'add' 'add_ln882_5' <Predicate = (!icmp_ln880)> <Delay = 0.70> <CoreInst = "TAddSub">   --->   Core 10 'TAddSub' <Latency = 0> <II = 1> <Delay = 0.35> <IPBlock> <Opcode : 'add' 'sub'> <InPorts = 3> <OutPorts = 1> <Sync> <CReg>
ST_2 : Operation 73 [1/1] (0.00ns)   --->   "%shl_ln882_2 = bitconcatenate i26 @_ssdm_op_BitConcatenate.i26.i24.i2, i24 %add_ln882_5, i2 0" [spikingformer_official.cpp:882->spikingformer_official.cpp:2745]   --->   Operation 73 'bitconcatenate' 'shl_ln882_2' <Predicate = (!icmp_ln880)> <Delay = 0.00>
ST_2 : Operation 74 [1/1] (0.00ns)   --->   "%zext_ln882_3 = zext i26 %shl_ln882_2" [spikingformer_official.cpp:882->spikingformer_official.cpp:2745]   --->   Operation 74 'zext' 'zext_ln882_3' <Predicate = (!icmp_ln880)> <Delay = 0.00>
ST_2 : Operation 75 [1/1] (1.08ns)   --->   "%add_ln882_4 = add i64 %zext_ln882_3, i64 %v944_read" [spikingformer_official.cpp:882->spikingformer_official.cpp:2745]   --->   Operation 75 'add' 'add_ln882_4' <Predicate = (!icmp_ln880)> <Delay = 1.08> <CoreInst = "Adder">   --->   Core 1 'Adder' <Latency = 0> <II = 1> <Delay = 1.08> <FuncUnit> <Opcode : 'add' 'sub'> <InPorts = 2> <OutPorts = 1>
ST_2 : Operation 76 [1/1] (0.00ns)   --->   "%trunc_ln882_1 = partselect i62 @_ssdm_op_PartSelect.i62.i64.i32.i32, i64 %add_ln882_4, i32 2, i32 63" [spikingformer_official.cpp:882->spikingformer_official.cpp:2745]   --->   Operation 76 'partselect' 'trunc_ln882_1' <Predicate = (!icmp_ln880)> <Delay = 0.00>
ST_2 : Operation 77 [1/1] (0.00ns)   --->   "%sext_ln882 = sext i62 %trunc_ln882_1" [spikingformer_official.cpp:882->spikingformer_official.cpp:2745]   --->   Operation 77 'sext' 'sext_ln882' <Predicate = (!icmp_ln880)> <Delay = 0.00>
ST_2 : Operation 78 [1/1] (0.00ns)   --->   "%g0_addr = getelementptr i32 %g0, i64 %sext_ln882" [spikingformer_official.cpp:882->spikingformer_official.cpp:2745]   --->   Operation 78 'getelementptr' 'g0_addr' <Predicate = (!icmp_ln880)> <Delay = 0.00>
ST_2 : Operation 79 [1/1] (0.00ns)   --->   "%trunc_ln882_2 = partselect i62 @_ssdm_op_PartSelect.i62.i64.i32.i32, i64 %add_ln882_2, i32 2, i32 63" [spikingformer_official.cpp:882->spikingformer_official.cpp:2745]   --->   Operation 79 'partselect' 'trunc_ln882_2' <Predicate = (!icmp_ln880)> <Delay = 0.00>
ST_2 : Operation 80 [1/1] (0.00ns)   --->   "%sext_ln882_1 = sext i62 %trunc_ln882_2" [spikingformer_official.cpp:882->spikingformer_official.cpp:2745]   --->   Operation 80 'sext' 'sext_ln882_1' <Predicate = (!icmp_ln880)> <Delay = 0.00>
ST_2 : Operation 81 [1/1] (0.00ns)   --->   "%g0_addr_52 = getelementptr i32 %g0, i64 %sext_ln882_1" [spikingformer_official.cpp:882->spikingformer_official.cpp:2745]   --->   Operation 81 'getelementptr' 'g0_addr_52' <Predicate = (!icmp_ln880)> <Delay = 0.00>
ST_2 : Operation 82 [1/1] (0.00ns)   --->   "%br_ln882 = br i1 %first_iter_125_mid2, void %for.inc.i1198.split, void %new.body.VITIS_LOOP_882_3.i1192" [spikingformer_official.cpp:882->spikingformer_official.cpp:2745]   --->   Operation 82 'br' 'br_ln882' <Predicate = (!icmp_ln880)> <Delay = 0.00>
ST_2 : Operation 83 [1/1] (0.77ns)   --->   "%add_ln882_6 = add i7 %v362_1, i7 1" [spikingformer_official.cpp:882->spikingformer_official.cpp:2745]   --->   Operation 83 'add' 'add_ln882_6' <Predicate = (!icmp_ln880)> <Delay = 0.77> <CoreInst = "Adder">   --->   Core 1 'Adder' <Latency = 0> <II = 1> <Delay = 0.77> <FuncUnit> <Opcode : 'add' 'sub'> <InPorts = 2> <OutPorts = 1>
ST_2 : Operation 84 [1/1] (0.00ns) (grouped into LUT with out node select_ln882)   --->   "%or_ln882 = or i1 %and_ln880, i1 %icmp_ln881" [spikingformer_official.cpp:882->spikingformer_official.cpp:2745]   --->   Operation 84 'or' 'or_ln882' <Predicate = (!icmp_ln880)> <Delay = 0.00> <CoreInst = "LogicGate">   --->   Core 74 'LogicGate' <Latency = 0> <II = 1> <Delay = 0.28> <FuncUnit> <Opcode : 'and' 'or' 'xor'> <InPorts = 2> <OutPorts = 1>
ST_2 : Operation 85 [1/1] (0.36ns) (out node of the LUT)   --->   "%select_ln882 = select i1 %or_ln882, i7 1, i7 %add_ln882_6" [spikingformer_official.cpp:882->spikingformer_official.cpp:2745]   --->   Operation 85 'select' 'select_ln882' <Predicate = (!icmp_ln880)> <Delay = 0.36> <CoreInst = "Sel">   --->   Core 73 'Sel' <Latency = 0> <II = 1> <Delay = 0.36> <FuncUnit> <Opcode : 'select'> <InPorts = 3> <OutPorts = 1>
ST_2 : Operation 86 [1/1] (0.77ns)   --->   "%icmp_ln882_1 = icmp_eq  i7 %select_ln882, i7 64" [spikingformer_official.cpp:882->spikingformer_official.cpp:2745]   --->   Operation 86 'icmp' 'icmp_ln882_1' <Predicate = (!icmp_ln880)> <Delay = 0.77> <CoreInst = "Cmp">   --->   Core 9 'Cmp' <Latency = 0> <II = 1> <Delay = 0.77> <FuncUnit> <Opcode : 'seteq' 'setne' 'setle' 'setge' 'setlt' 'setgt'> <InPorts = 2> <OutPorts = 1>
ST_2 : Operation 87 [1/1] (0.00ns)   --->   "%br_ln882 = br i1 %icmp_ln882_1, void %new.latch.for.inc.i1198.split, void %last.iter.for.inc.i1198.split" [spikingformer_official.cpp:882->spikingformer_official.cpp:2745]   --->   Operation 87 'br' 'br_ln882' <Predicate = (!icmp_ln880)> <Delay = 0.00>
ST_2 : Operation 88 [1/1] (0.82ns)   --->   "%add_ln881_1 = add i13 %indvar_flatten14243_load, i13 1" [spikingformer_official.cpp:881->spikingformer_official.cpp:2745]   --->   Operation 88 'add' 'add_ln881_1' <Predicate = (!icmp_ln880)> <Delay = 0.82> <CoreInst = "Adder">   --->   Core 1 'Adder' <Latency = 0> <II = 1> <Delay = 0.82> <FuncUnit> <Opcode : 'add' 'sub'> <InPorts = 2> <OutPorts = 1>
ST_2 : Operation 89 [1/1] (0.30ns)   --->   "%select_ln881_1 = select i1 %icmp_ln881, i13 1, i13 %add_ln881_1" [spikingformer_official.cpp:881->spikingformer_official.cpp:2745]   --->   Operation 89 'select' 'select_ln881_1' <Predicate = (!icmp_ln880)> <Delay = 0.30> <CoreInst = "Sel">   --->   Core 73 'Sel' <Latency = 0> <II = 1> <Delay = 0.30> <FuncUnit> <Opcode : 'select'> <InPorts = 3> <OutPorts = 1>
ST_2 : Operation 90 [1/1] (0.42ns)   --->   "%store_ln880 = store i15 %add_ln880, i15 %indvar_flatten14257" [spikingformer_official.cpp:880->spikingformer_official.cpp:2745]   --->   Operation 90 'store' 'store_ln880' <Predicate = (!icmp_ln880)> <Delay = 0.42>
ST_2 : Operation 91 [1/1] (0.42ns)   --->   "%store_ln880 = store i4 %select_ln880_1, i4 %v360" [spikingformer_official.cpp:880->spikingformer_official.cpp:2745]   --->   Operation 91 'store' 'store_ln880' <Predicate = (!icmp_ln880)> <Delay = 0.42>
ST_2 : Operation 92 [1/1] (0.42ns)   --->   "%store_ln881 = store i13 %select_ln881_1, i13 %indvar_flatten14243" [spikingformer_official.cpp:881->spikingformer_official.cpp:2745]   --->   Operation 92 'store' 'store_ln881' <Predicate = (!icmp_ln880)> <Delay = 0.42>
ST_2 : Operation 93 [1/1] (0.42ns)   --->   "%store_ln881 = store i6 %select_ln881, i6 %v361" [spikingformer_official.cpp:881->spikingformer_official.cpp:2745]   --->   Operation 93 'store' 'store_ln881' <Predicate = (!icmp_ln880)> <Delay = 0.42>
ST_2 : Operation 94 [1/1] (0.42ns)   --->   "%store_ln882 = store i7 %select_ln882, i7 %v362" [spikingformer_official.cpp:882->spikingformer_official.cpp:2745]   --->   Operation 94 'store' 'store_ln882' <Predicate = (!icmp_ln880)> <Delay = 0.42>
ST_2 : Operation 95 [1/1] (0.00ns)   --->   "%br_ln882 = br void %for.inc.i1198" [spikingformer_official.cpp:882->spikingformer_official.cpp:2745]   --->   Operation 95 'br' 'br_ln882' <Predicate = (!icmp_ln880)> <Delay = 0.00>

State 3 <SV = 2> <Delay = 7.30>
ST_3 : Operation 96 [8/8] (7.30ns)   --->   "%empty_83 = readreq i1 @_ssdm_op_ReadReq.m_axi.p1i32, i32 %g0_addr, i64 64" [spikingformer_official.cpp:882->spikingformer_official.cpp:2745]   --->   Operation 96 'readreq' 'empty_83' <Predicate = (first_iter_125_mid2)> <Delay = 7.30> <CoreInst = "m_axi">   --->   Core 119 'm_axi' <Latency = 6> <II = 1> <Delay = 1.00> <Adapter> <Opcode : 'readrequnaligned' 'writerequnaligned' 'read' 'write' 'readreq' 'writereq' 'writeresp'>
ST_3 : Operation 97 [1/1] ( I:7.30ns O:7.30ns )   --->   "%empty_84 = writereq i1 @_ssdm_op_WriteReq.m_axi.p1i32, i32 %g0_addr_52, i64 64" [spikingformer_official.cpp:882->spikingformer_official.cpp:2745]   --->   Operation 97 'writereq' 'empty_84' <Predicate = (first_iter_125_mid2)> <Delay = 7.30> <CoreInst = "m_axi">   --->   Core 119 'm_axi' <Latency = 9> <II = 1> <Delay = 1.00> <Adapter> <Opcode : 'readrequnaligned' 'writerequnaligned' 'read' 'write' 'readreq' 'writereq' 'writeresp'>

State 4 <SV = 3> <Delay = 0.00>
ST_4 : Operation 98 [7/8] (7.30ns)   --->   "%empty_83 = readreq i1 @_ssdm_op_ReadReq.m_axi.p1i32, i32 %g0_addr, i64 64" [spikingformer_official.cpp:882->spikingformer_official.cpp:2745]   --->   Operation 98 'readreq' 'empty_83' <Predicate = (first_iter_125_mid2)> <Delay = 7.30> <CoreInst = "m_axi">   --->   Core 119 'm_axi' <Latency = 6> <II = 1> <Delay = 1.00> <Adapter> <Opcode : 'readrequnaligned' 'writerequnaligned' 'read' 'write' 'readreq' 'writereq' 'writeresp'>

State 5 <SV = 4> <Delay = 0.00>
ST_5 : Operation 99 [6/8] (7.30ns)   --->   "%empty_83 = readreq i1 @_ssdm_op_ReadReq.m_axi.p1i32, i32 %g0_addr, i64 64" [spikingformer_official.cpp:882->spikingformer_official.cpp:2745]   --->   Operation 99 'readreq' 'empty_83' <Predicate = (first_iter_125_mid2)> <Delay = 7.30> <CoreInst = "m_axi">   --->   Core 119 'm_axi' <Latency = 6> <II = 1> <Delay = 1.00> <Adapter> <Opcode : 'readrequnaligned' 'writerequnaligned' 'read' 'write' 'readreq' 'writereq' 'writeresp'>

State 6 <SV = 5> <Delay = 0.00>
ST_6 : Operation 100 [5/8] (7.30ns)   --->   "%empty_83 = readreq i1 @_ssdm_op_ReadReq.m_axi.p1i32, i32 %g0_addr, i64 64" [spikingformer_official.cpp:882->spikingformer_official.cpp:2745]   --->   Operation 100 'readreq' 'empty_83' <Predicate = (first_iter_125_mid2)> <Delay = 7.30> <CoreInst = "m_axi">   --->   Core 119 'm_axi' <Latency = 6> <II = 1> <Delay = 1.00> <Adapter> <Opcode : 'readrequnaligned' 'writerequnaligned' 'read' 'write' 'readreq' 'writereq' 'writeresp'>

State 7 <SV = 6> <Delay = 0.00>
ST_7 : Operation 101 [4/8] (7.30ns)   --->   "%empty_83 = readreq i1 @_ssdm_op_ReadReq.m_axi.p1i32, i32 %g0_addr, i64 64" [spikingformer_official.cpp:882->spikingformer_official.cpp:2745]   --->   Operation 101 'readreq' 'empty_83' <Predicate = (first_iter_125_mid2)> <Delay = 7.30> <CoreInst = "m_axi">   --->   Core 119 'm_axi' <Latency = 6> <II = 1> <Delay = 1.00> <Adapter> <Opcode : 'readrequnaligned' 'writerequnaligned' 'read' 'write' 'readreq' 'writereq' 'writeresp'>

State 8 <SV = 7> <Delay = 0.00>
ST_8 : Operation 102 [3/8] (7.30ns)   --->   "%empty_83 = readreq i1 @_ssdm_op_ReadReq.m_axi.p1i32, i32 %g0_addr, i64 64" [spikingformer_official.cpp:882->spikingformer_official.cpp:2745]   --->   Operation 102 'readreq' 'empty_83' <Predicate = (first_iter_125_mid2)> <Delay = 7.30> <CoreInst = "m_axi">   --->   Core 119 'm_axi' <Latency = 6> <II = 1> <Delay = 1.00> <Adapter> <Opcode : 'readrequnaligned' 'writerequnaligned' 'read' 'write' 'readreq' 'writereq' 'writeresp'>

State 9 <SV = 8> <Delay = 0.00>
ST_9 : Operation 103 [2/8] (7.30ns)   --->   "%empty_83 = readreq i1 @_ssdm_op_ReadReq.m_axi.p1i32, i32 %g0_addr, i64 64" [spikingformer_official.cpp:882->spikingformer_official.cpp:2745]   --->   Operation 103 'readreq' 'empty_83' <Predicate = (first_iter_125_mid2)> <Delay = 7.30> <CoreInst = "m_axi">   --->   Core 119 'm_axi' <Latency = 6> <II = 1> <Delay = 1.00> <Adapter> <Opcode : 'readrequnaligned' 'writerequnaligned' 'read' 'write' 'readreq' 'writereq' 'writeresp'>

State 10 <SV = 9> <Delay = 7.30>
ST_10 : Operation 104 [1/8] ( I:7.30ns O:7.30ns )   --->   "%empty_83 = readreq i1 @_ssdm_op_ReadReq.m_axi.p1i32, i32 %g0_addr, i64 64" [spikingformer_official.cpp:882->spikingformer_official.cpp:2745]   --->   Operation 104 'readreq' 'empty_83' <Predicate = (first_iter_125_mid2)> <Delay = 7.30> <CoreInst = "m_axi">   --->   Core 119 'm_axi' <Latency = 6> <II = 1> <Delay = 1.00> <Adapter> <Opcode : 'readrequnaligned' 'writerequnaligned' 'read' 'write' 'readreq' 'writereq' 'writeresp'>
ST_10 : Operation 105 [1/1] (0.00ns)   --->   "%br_ln882 = br void %for.inc.i1198.split" [spikingformer_official.cpp:882->spikingformer_official.cpp:2745]   --->   Operation 105 'br' 'br_ln882' <Predicate = (first_iter_125_mid2)> <Delay = 0.00>

State 11 <SV = 10> <Delay = 7.30>
ST_11 : Operation 106 [1/1] ( I:7.30ns O:7.30ns )   --->   "%v363 = read i32 @_ssdm_op_Read.m_axi.i32.p1i32, i32 %g0_addr" [spikingformer_official.cpp:886->spikingformer_official.cpp:2745]   --->   Operation 106 'read' 'v363' <Predicate = true> <Delay = 7.30> <CoreInst = "m_axi">   --->   Core 119 'm_axi' <Latency = 3> <II = 1> <Delay = 1.00> <Adapter> <Opcode : 'readrequnaligned' 'writerequnaligned' 'read' 'write' 'readreq' 'writereq' 'writeresp'>

State 12 <SV = 11> <Delay = 7.30>
ST_12 : Operation 107 [1/1] (0.00ns)   --->   "%specpipeline_ln883 = specpipeline void @_ssdm_op_SpecPipeline, i32 1, i32 0, i32 0, i32 0, i32 4294967295, void @empty_35" [spikingformer_official.cpp:883->spikingformer_official.cpp:2745]   --->   Operation 107 'specpipeline' 'specpipeline_ln883' <Predicate = true> <Delay = 0.00>
ST_12 : Operation 108 [1/1] ( I:7.30ns O:7.30ns )   --->   "%write_ln887 = write void @_ssdm_op_Write.m_axi.p1i32.i32, i32 %g0_addr_52, i32 %v363, i4 15" [spikingformer_official.cpp:887->spikingformer_official.cpp:2745]   --->   Operation 108 'write' 'write_ln887' <Predicate = true> <Delay = 7.30> <CoreInst = "m_axi">   --->   Core 119 'm_axi' <Latency = 5> <II = 1> <Delay = 1.00> <Adapter> <Opcode : 'readrequnaligned' 'writerequnaligned' 'read' 'write' 'readreq' 'writereq' 'writeresp'>

State 13 <SV = 12> <Delay = 0.00>
ST_13 : Operation 109 [5/5] (7.30ns)   --->   "%empty = writeresp i1 @_ssdm_op_WriteResp.m_axi.p1i32, i32 %g0_addr_52" [spikingformer_official.cpp:881->spikingformer_official.cpp:2745]   --->   Operation 109 'writeresp' 'empty' <Predicate = (icmp_ln882_1)> <Delay = 7.30> <CoreInst = "m_axi">   --->   Core 119 'm_axi' <Latency = 3> <II = 1> <Delay = 1.00> <Adapter> <Opcode : 'readrequnaligned' 'writerequnaligned' 'read' 'write' 'readreq' 'writereq' 'writeresp'>

State 14 <SV = 13> <Delay = 0.00>
ST_14 : Operation 110 [4/5] (7.30ns)   --->   "%empty = writeresp i1 @_ssdm_op_WriteResp.m_axi.p1i32, i32 %g0_addr_52" [spikingformer_official.cpp:881->spikingformer_official.cpp:2745]   --->   Operation 110 'writeresp' 'empty' <Predicate = (icmp_ln882_1)> <Delay = 7.30> <CoreInst = "m_axi">   --->   Core 119 'm_axi' <Latency = 3> <II = 1> <Delay = 1.00> <Adapter> <Opcode : 'readrequnaligned' 'writerequnaligned' 'read' 'write' 'readreq' 'writereq' 'writeresp'>

State 15 <SV = 14> <Delay = 0.00>
ST_15 : Operation 111 [3/5] (7.30ns)   --->   "%empty = writeresp i1 @_ssdm_op_WriteResp.m_axi.p1i32, i32 %g0_addr_52" [spikingformer_official.cpp:881->spikingformer_official.cpp:2745]   --->   Operation 111 'writeresp' 'empty' <Predicate = (icmp_ln882_1)> <Delay = 7.30> <CoreInst = "m_axi">   --->   Core 119 'm_axi' <Latency = 3> <II = 1> <Delay = 1.00> <Adapter> <Opcode : 'readrequnaligned' 'writerequnaligned' 'read' 'write' 'readreq' 'writereq' 'writeresp'>

State 16 <SV = 15> <Delay = 0.42>
ST_16 : Operation 112 [2/5] (7.30ns)   --->   "%empty = writeresp i1 @_ssdm_op_WriteResp.m_axi.p1i32, i32 %g0_addr_52" [spikingformer_official.cpp:881->spikingformer_official.cpp:2745]   --->   Operation 112 'writeresp' 'empty' <Predicate = (icmp_ln882_1)> <Delay = 7.30> <CoreInst = "m_axi">   --->   Core 119 'm_axi' <Latency = 3> <II = 1> <Delay = 1.00> <Adapter> <Opcode : 'readrequnaligned' 'writerequnaligned' 'read' 'write' 'readreq' 'writereq' 'writeresp'>
ST_16 : Operation 115 [1/1] (0.42ns)   --->   "%ret_ln0 = ret"   --->   Operation 115 'ret' 'ret_ln0' <Predicate = (icmp_ln880)> <Delay = 0.42>

State 17 <SV = 16> <Delay = 7.30>
ST_17 : Operation 113 [1/5] ( I:7.30ns O:7.30ns )   --->   "%empty = writeresp i1 @_ssdm_op_WriteResp.m_axi.p1i32, i32 %g0_addr_52" [spikingformer_official.cpp:881->spikingformer_official.cpp:2745]   --->   Operation 113 'writeresp' 'empty' <Predicate = (icmp_ln882_1)> <Delay = 7.30> <CoreInst = "m_axi">   --->   Core 119 'm_axi' <Latency = 3> <II = 1> <Delay = 1.00> <Adapter> <Opcode : 'readrequnaligned' 'writerequnaligned' 'read' 'write' 'readreq' 'writereq' 'writeresp'>
ST_17 : Operation 114 [1/1] (0.00ns)   --->   "%br_ln882 = br void %new.latch.for.inc.i1198.split" [spikingformer_official.cpp:882->spikingformer_official.cpp:2745]   --->   Operation 114 'br' 'br_ln882' <Predicate = (icmp_ln882_1)> <Delay = 0.00>


============================================================
+ Verbose Summary: Timing violations
============================================================
Target clock period: 10.000ns, clock uncertainty: 2.700ns.

 <State 1>: 0.427ns
The critical path consists of the following:
	'alloca' operation 15 bit ('indvar_flatten14257') [9]  (0.000 ns)
	'store' operation ('store_ln0') of constant 0 15 bit on local variable 'indvar_flatten14257' [15]  (0.427 ns)

 <State 2>: 4.163ns
The critical path consists of the following:
	'load' operation 13 bit ('indvar_flatten14243_load', spikingformer_official.cpp:881->spikingformer_official.cpp:2745) on local variable 'indvar_flatten14243' [24]  (0.000 ns)
	'icmp' operation 1 bit ('icmp_ln881', spikingformer_official.cpp:881->spikingformer_official.cpp:2745) [36]  (0.820 ns)
	'select' operation 6 bit ('select_ln880', spikingformer_official.cpp:880->spikingformer_official.cpp:2745) [37]  (0.384 ns)
	'add' operation 6 bit ('add_ln881', spikingformer_official.cpp:881->spikingformer_official.cpp:2745) [43]  (0.781 ns)
	'select' operation 6 bit ('select_ln881', spikingformer_official.cpp:881->spikingformer_official.cpp:2745) [45]  (0.384 ns)
	'add' operation 24 bit ('add_ln882_3', spikingformer_official.cpp:882->spikingformer_official.cpp:2745) [59]  (0.000 ns)
	'add' operation 24 bit ('add_ln882_5', spikingformer_official.cpp:882->spikingformer_official.cpp:2745) [60]  (0.709 ns)
	'add' operation 64 bit ('add_ln882_4', spikingformer_official.cpp:882->spikingformer_official.cpp:2745) [63]  (1.085 ns)

 <State 3>: 7.300ns
The critical path consists of the following:
	bus request operation ('empty_84', spikingformer_official.cpp:882->spikingformer_official.cpp:2745) on port 'g0' (spikingformer_official.cpp:882->spikingformer_official.cpp:2745) [73]  (7.300 ns)

 <State 4>: 0.000ns
The critical path consists of the following:

 <State 5>: 0.000ns
The critical path consists of the following:

 <State 6>: 0.000ns
The critical path consists of the following:

 <State 7>: 0.000ns
The critical path consists of the following:

 <State 8>: 0.000ns
The critical path consists of the following:

 <State 9>: 0.000ns
The critical path consists of the following:

 <State 10>: 7.300ns
The critical path consists of the following:
	bus request operation ('empty_83', spikingformer_official.cpp:882->spikingformer_official.cpp:2745) on port 'g0' (spikingformer_official.cpp:882->spikingformer_official.cpp:2745) [72]  (7.300 ns)

 <State 11>: 7.300ns
The critical path consists of the following:
	bus read operation ('v363', spikingformer_official.cpp:886->spikingformer_official.cpp:2745) on port 'g0' (spikingformer_official.cpp:886->spikingformer_official.cpp:2745) [77]  (7.300 ns)

 <State 12>: 7.300ns
The critical path consists of the following:
	bus write operation ('write_ln887', spikingformer_official.cpp:887->spikingformer_official.cpp:2745) on port 'g0' (spikingformer_official.cpp:887->spikingformer_official.cpp:2745) [78]  (7.300 ns)

 <State 13>: 0.000ns
The critical path consists of the following:

 <State 14>: 0.000ns
The critical path consists of the following:

 <State 15>: 0.000ns
The critical path consists of the following:

 <State 16>: 0.427ns
The critical path consists of the following:

 <State 17>: 7.300ns
The critical path consists of the following:
	bus response operation ('empty', spikingformer_official.cpp:881->spikingformer_official.cpp:2745) on port 'g0' (spikingformer_official.cpp:881->spikingformer_official.cpp:2745) [85]  (7.300 ns)


============================================================
+ Verbose Summary: Binding
============================================================
N/A
* FSMD analyzer results:
  - Output states:
 - Input state : 
  - Chain level:
	State 1
	State 2
	State 3
	State 4
	State 5
	State 6
	State 7
	State 8
	State 9
	State 10
	State 11
	State 12
	State 13
	State 14
	State 15
	State 16
	State 17


============================================================
+ Verbose Summary: Datapath Resource usage 
============================================================
N/A
