

================================================================
== Vitis HLS Report for 'control_Pipeline_VITIS_LOOP_22_1'
================================================================
* Date:           Sun Jul 12 20:26:55 2026

* Version:        2025.2 (Build 6295257 on Nov 14 2025)
* Project:        spikingformer_proj
* Solution:       solution1 (Vivado IP Flow Target)
* Product family: zynquplus
* Target device:  xczu7ev-ffvc1156-2-e


================================================================
== Performance Estimates
================================================================
+ Timing: 
    * Summary: 
    +--------+----------+----------+------------+
    |  Clock |  Target  | Estimated| Uncertainty|
    +--------+----------+----------+------------+
    |ap_clk  |  10.00 ns|  7.300 ns|     2.70 ns|
    +--------+----------+----------+------------+

+ Latency: 
    * Summary: 
    +---------+---------+----------+----------+-----+-----+-------------------+
    |  Latency (cycles) |  Latency (absolute) |  Interval |      Pipeline     |
    |   min   |   max   |    min   |    max   | min | max |        Type       |
    +---------+---------+----------+----------+-----+-----+-------------------+
    |       40|       40|  0.400 us|  0.400 us|    0|    0|  loop pipeline stp|
    +---------+---------+----------+----------+-----+-----+-------------------+

    + Detail: 
        * Instance: 
        N/A

        * Loop: 
        +-------------------+---------+---------+----------+-----------+-----------+------+----------+
        |                   |  Latency (cycles) | Iteration|  Initiation Interval  | Trip |          |
        |     Loop Name     |   min   |   max   |  Latency |  achieved |   target  | Count| Pipelined|
        +-------------------+---------+---------+----------+-----------+-----------+------+----------+
        |- VITIS_LOOP_22_1  |       38|       38|        21|          2|          1|    10|       yes|
        +-------------------+---------+---------+----------+-----------+-----------+------+----------+



================================================================
== Utilization Estimates
================================================================
* Summary: 
+-----------------+---------+------+--------+--------+-----+
|       Name      | BRAM_18K|  DSP |   FF   |   LUT  | URAM|
+-----------------+---------+------+--------+--------+-----+
|DSP              |        -|     -|       -|       -|    -|
|Expression       |        -|     -|       0|     187|    -|
|FIFO             |        -|     -|       -|       -|    -|
|Instance         |        -|     -|       -|       -|    -|
|Memory           |        -|     -|       -|       -|    -|
|Multiplexer      |        -|     -|       0|     208|    -|
|Register         |        -|     -|     456|      64|    -|
+-----------------+---------+------+--------+--------+-----+
|Total            |        0|     0|     456|     459|    0|
+-----------------+---------+------+--------+--------+-----+
|Available        |      624|  1728|  460800|  230400|   96|
+-----------------+---------+------+--------+--------+-----+
|Utilization (%)  |        0|     0|      ~0|      ~0|    0|
+-----------------+---------+------+--------+--------+-----+

+ Detail: 
    * Instance: 
    N/A

    * DSP: 
    N/A

    * Memory: 
    N/A

    * FIFO: 
    N/A

    * Expression: 
    +--------------------------------+----------+----+---+----+------------+------------+
    |          Variable Name         | Operation| DSP| FF| LUT| Bitwidth P0| Bitwidth P1|
    +--------------------------------+----------+----+---+----+------------+------------+
    |add_ln22_fu_164_p2              |         +|   0|  0|  12|           4|           1|
    |add_ln26_fu_182_p2              |         +|   0|  0|  71|          64|          64|
    |add_ln27_fu_216_p2              |         +|   0|  0|  70|          63|          63|
    |ap_block_pp0_stage0_11001_grp2  |       and|   0|  0|   2|           1|           1|
    |ap_block_pp0_stage0_11001_grp4  |       and|   0|  0|   2|           1|           1|
    |ap_block_pp0_stage0_11001_grp5  |       and|   0|  0|   2|           1|           1|
    |ap_block_pp0_stage0_11001_grp7  |       and|   0|  0|   2|           1|           1|
    |ap_block_pp0_stage1_11001_grp1  |       and|   0|  0|   2|           1|           1|
    |ap_block_pp0_stage1_11001_grp3  |       and|   0|  0|   2|           1|           1|
    |ap_block_pp0_stage1_11001_grp6  |       and|   0|  0|   2|           1|           1|
    |ap_block_state2_io_grp1         |       and|   0|  0|   2|           1|           1|
    |icmp_ln22_fu_158_p2             |      icmp|   0|  0|  12|           4|           4|
    |ap_block_pp0_stage0_11001       |        or|   0|  0|   2|           1|           1|
    |ap_block_pp0_stage1_11001       |        or|   0|  0|   2|           1|           1|
    |ap_enable_pp0                   |       xor|   0|  0|   2|           1|           2|
    +--------------------------------+----------+----+---+----+------------+------------+
    |Total                           |          |   0|  0| 187|         146|         144|
    +--------------------------------+----------+----+---+----+------------+------------+

    * Multiplexer: 
    +----------------------------------+----+-----------+-----+-----------+
    |               Name               | LUT| Input Size| Bits| Total Bits|
    +----------------------------------+----+-----------+-----+-----------+
    |ap_NS_fsm                         |  14|          3|    1|          3|
    |ap_done_int                       |   9|          2|    1|          2|
    |ap_enable_reg_pp0_iter0           |   9|          2|    1|          2|
    |ap_enable_reg_pp0_iter1           |   9|          2|    1|          2|
    |ap_enable_reg_pp0_iter10          |   9|          2|    1|          2|
    |ap_loop_exit_ready_pp0_iter1_reg  |   9|          2|    1|          2|
    |ap_loop_exit_ready_pp0_iter2_reg  |   9|          2|    1|          2|
    |ap_loop_exit_ready_pp0_iter3_reg  |   9|          2|    1|          2|
    |ap_loop_exit_ready_pp0_iter4_reg  |   9|          2|    1|          2|
    |ap_loop_exit_ready_pp0_iter5_reg  |   9|          2|    1|          2|
    |ap_loop_exit_ready_pp0_iter6_reg  |   9|          2|    1|          2|
    |ap_loop_exit_ready_pp0_iter7_reg  |   9|          2|    1|          2|
    |ap_loop_exit_ready_pp0_iter8_reg  |   9|          2|    1|          2|
    |ap_loop_exit_ready_pp0_iter9_reg  |   9|          2|    1|          2|
    |ap_sig_allocacmp_v2_1             |   9|          2|    4|          8|
    |g0_blk_n_AR                       |   9|          2|    1|          2|
    |g0_blk_n_AW                       |   9|          2|    1|          2|
    |g0_blk_n_B                        |   9|          2|    1|          2|
    |g0_blk_n_R                        |   9|          2|    1|          2|
    |g0_blk_n_W                        |   9|          2|    1|          2|
    |m_axi_g0_0_ARADDR                 |  14|          3|   64|        192|
    |v2_fu_82                          |   9|          2|    4|          8|
    +----------------------------------+----+-----------+-----+-----------+
    |Total                             | 208|         46|   91|        247|
    +----------------------------------+----+-----------+-----+-----------+

    * Register: 
    +-------------------------------------------+----+----+-----+-----------+
    |                    Name                   | FF | LUT| Bits| Const Bits|
    +-------------------------------------------+----+----+-----+-----------+
    |ap_CS_fsm                                  |   2|   0|    2|          0|
    |ap_block_pp0_stage0_subdone_grp0_done_reg  |   1|   0|    1|          0|
    |ap_block_pp0_stage0_subdone_grp2_done_reg  |   1|   0|    1|          0|
    |ap_block_pp0_stage0_subdone_grp4_done_reg  |   1|   0|    1|          0|
    |ap_block_pp0_stage0_subdone_grp5_done_reg  |   1|   0|    1|          0|
    |ap_block_pp0_stage0_subdone_grp7_done_reg  |   1|   0|    1|          0|
    |ap_block_pp0_stage1_subdone_grp0_done_reg  |   1|   0|    1|          0|
    |ap_block_pp0_stage1_subdone_grp1_done_reg  |   1|   0|    1|          0|
    |ap_block_pp0_stage1_subdone_grp3_done_reg  |   1|   0|    1|          0|
    |ap_block_pp0_stage1_subdone_grp6_done_reg  |   1|   0|    1|          0|
    |ap_done_reg                                |   1|   0|    1|          0|
    |ap_enable_reg_pp0_iter0_reg                |   1|   0|    1|          0|
    |ap_enable_reg_pp0_iter1                    |   1|   0|    1|          0|
    |ap_enable_reg_pp0_iter10                   |   1|   0|    1|          0|
    |ap_enable_reg_pp0_iter2                    |   1|   0|    1|          0|
    |ap_enable_reg_pp0_iter3                    |   1|   0|    1|          0|
    |ap_enable_reg_pp0_iter4                    |   1|   0|    1|          0|
    |ap_enable_reg_pp0_iter5                    |   1|   0|    1|          0|
    |ap_enable_reg_pp0_iter6                    |   1|   0|    1|          0|
    |ap_enable_reg_pp0_iter7                    |   1|   0|    1|          0|
    |ap_enable_reg_pp0_iter8                    |   1|   0|    1|          0|
    |ap_enable_reg_pp0_iter9                    |   1|   0|    1|          0|
    |ap_loop_exit_ready_pp0_iter1_reg           |   1|   0|    1|          0|
    |ap_loop_exit_ready_pp0_iter2_reg           |   1|   0|    1|          0|
    |ap_loop_exit_ready_pp0_iter3_reg           |   1|   0|    1|          0|
    |ap_loop_exit_ready_pp0_iter4_reg           |   1|   0|    1|          0|
    |ap_loop_exit_ready_pp0_iter5_reg           |   1|   0|    1|          0|
    |ap_loop_exit_ready_pp0_iter6_reg           |   1|   0|    1|          0|
    |ap_loop_exit_ready_pp0_iter7_reg           |   1|   0|    1|          0|
    |ap_loop_exit_ready_pp0_iter8_reg           |   1|   0|    1|          0|
    |ap_loop_exit_ready_pp0_iter9_reg           |   1|   0|    1|          0|
    |g0_addr_92_read_reg_284                    |  32|   0|   32|          0|
    |g0_addr_92_reg_273                         |  64|   0|   64|          0|
    |g0_addr_read_reg_279                       |  32|   0|   32|          0|
    |g0_addr_reg_264                            |  64|   0|   64|          0|
    |icmp_ln22_reg_260                          |   1|   0|    1|          0|
    |sext_ln22_1_cast_reg_250                   |  63|   0|   63|          0|
    |v2_1_reg_255                               |   4|   0|    4|          0|
    |v2_fu_82                                   |   4|   0|    4|          0|
    |v5_reg_299                                 |  32|   0|   32|          0|
    |g0_addr_reg_264                            |  64|  32|   64|          0|
    |icmp_ln22_reg_260                          |  64|  32|    1|          0|
    +-------------------------------------------+----+----+-----+-----------+
    |Total                                      | 456|  64|  393|          0|
    +-------------------------------------------+----+----+-----+-----------+



================================================================
== Interface
================================================================
* Summary: 
+----------------------+-----+-----+------------+----------------------------------+--------------+
|       RTL Ports      | Dir | Bits|  Protocol  |           Source Object          |    C Type    |
+----------------------+-----+-----+------------+----------------------------------+--------------+
|ap_clk                |   in|    1|  ap_ctrl_hs|  control_Pipeline_VITIS_LOOP_22_1|  return value|
|ap_rst                |   in|    1|  ap_ctrl_hs|  control_Pipeline_VITIS_LOOP_22_1|  return value|
|ap_start              |   in|    1|  ap_ctrl_hs|  control_Pipeline_VITIS_LOOP_22_1|  return value|
|ap_done               |  out|    1|  ap_ctrl_hs|  control_Pipeline_VITIS_LOOP_22_1|  return value|
|ap_idle               |  out|    1|  ap_ctrl_hs|  control_Pipeline_VITIS_LOOP_22_1|  return value|
|ap_ready              |  out|    1|  ap_ctrl_hs|  control_Pipeline_VITIS_LOOP_22_1|  return value|
|grp_fu_7589_p_din0    |  out|   32|  ap_ctrl_hs|  control_Pipeline_VITIS_LOOP_22_1|  return value|
|grp_fu_7589_p_din1    |  out|   32|  ap_ctrl_hs|  control_Pipeline_VITIS_LOOP_22_1|  return value|
|grp_fu_7589_p_opcode  |  out|    1|  ap_ctrl_hs|  control_Pipeline_VITIS_LOOP_22_1|  return value|
|grp_fu_7589_p_dout0   |   in|   32|  ap_ctrl_hs|  control_Pipeline_VITIS_LOOP_22_1|  return value|
|grp_fu_7589_p_ce      |  out|    1|  ap_ctrl_hs|  control_Pipeline_VITIS_LOOP_22_1|  return value|
|m_axi_g0_0_AWVALID    |  out|    1|       m_axi|                                g0|       pointer|
|m_axi_g0_0_AWREADY    |   in|    1|       m_axi|                                g0|       pointer|
|m_axi_g0_0_AWADDR     |  out|   64|       m_axi|                                g0|       pointer|
|m_axi_g0_0_AWID       |  out|    1|       m_axi|                                g0|       pointer|
|m_axi_g0_0_AWLEN      |  out|   32|       m_axi|                                g0|       pointer|
|m_axi_g0_0_AWSIZE     |  out|    3|       m_axi|                                g0|       pointer|
|m_axi_g0_0_AWBURST    |  out|    2|       m_axi|                                g0|       pointer|
|m_axi_g0_0_AWLOCK     |  out|    2|       m_axi|                                g0|       pointer|
|m_axi_g0_0_AWCACHE    |  out|    4|       m_axi|                                g0|       pointer|
|m_axi_g0_0_AWPROT     |  out|    3|       m_axi|                                g0|       pointer|
|m_axi_g0_0_AWQOS      |  out|    4|       m_axi|                                g0|       pointer|
|m_axi_g0_0_AWREGION   |  out|    4|       m_axi|                                g0|       pointer|
|m_axi_g0_0_AWUSER     |  out|    1|       m_axi|                                g0|       pointer|
|m_axi_g0_0_WVALID     |  out|    1|       m_axi|                                g0|       pointer|
|m_axi_g0_0_WREADY     |   in|    1|       m_axi|                                g0|       pointer|
|m_axi_g0_0_WDATA      |  out|   32|       m_axi|                                g0|       pointer|
|m_axi_g0_0_WSTRB      |  out|    4|       m_axi|                                g0|       pointer|
|m_axi_g0_0_WLAST      |  out|    1|       m_axi|                                g0|       pointer|
|m_axi_g0_0_WID        |  out|    1|       m_axi|                                g0|       pointer|
|m_axi_g0_0_WUSER      |  out|    1|       m_axi|                                g0|       pointer|
|m_axi_g0_0_ARVALID    |  out|    1|       m_axi|                                g0|       pointer|
|m_axi_g0_0_ARREADY    |   in|    1|       m_axi|                                g0|       pointer|
|m_axi_g0_0_ARADDR     |  out|   64|       m_axi|                                g0|       pointer|
|m_axi_g0_0_ARID       |  out|    1|       m_axi|                                g0|       pointer|
|m_axi_g0_0_ARLEN      |  out|   32|       m_axi|                                g0|       pointer|
|m_axi_g0_0_ARSIZE     |  out|    3|       m_axi|                                g0|       pointer|
|m_axi_g0_0_ARBURST    |  out|    2|       m_axi|                                g0|       pointer|
|m_axi_g0_0_ARLOCK     |  out|    2|       m_axi|                                g0|       pointer|
|m_axi_g0_0_ARCACHE    |  out|    4|       m_axi|                                g0|       pointer|
|m_axi_g0_0_ARPROT     |  out|    3|       m_axi|                                g0|       pointer|
|m_axi_g0_0_ARQOS      |  out|    4|       m_axi|                                g0|       pointer|
|m_axi_g0_0_ARREGION   |  out|    4|       m_axi|                                g0|       pointer|
|m_axi_g0_0_ARUSER     |  out|    1|       m_axi|                                g0|       pointer|
|m_axi_g0_0_RVALID     |   in|    1|       m_axi|                                g0|       pointer|
|m_axi_g0_0_RREADY     |  out|    1|       m_axi|                                g0|       pointer|
|m_axi_g0_0_RDATA      |   in|   32|       m_axi|                                g0|       pointer|
|m_axi_g0_0_RLAST      |   in|    1|       m_axi|                                g0|       pointer|
|m_axi_g0_0_RID        |   in|    1|       m_axi|                                g0|       pointer|
|m_axi_g0_0_RFIFONUM   |   in|    9|       m_axi|                                g0|       pointer|
|m_axi_g0_0_RUSER      |   in|    1|       m_axi|                                g0|       pointer|
|m_axi_g0_0_RRESP      |   in|    2|       m_axi|                                g0|       pointer|
|m_axi_g0_0_BVALID     |   in|    1|       m_axi|                                g0|       pointer|
|m_axi_g0_0_BREADY     |  out|    1|       m_axi|                                g0|       pointer|
|m_axi_g0_0_BRESP      |   in|    2|       m_axi|                                g0|       pointer|
|m_axi_g0_0_BID        |   in|    1|       m_axi|                                g0|       pointer|
|m_axi_g0_0_BUSER      |   in|    1|       m_axi|                                g0|       pointer|
|sext_ln62             |   in|   62|     ap_none|                         sext_ln62|        scalar|
|sext_ln22             |   in|   62|     ap_none|                         sext_ln22|        scalar|
|v1162                 |   in|   64|     ap_none|                             v1162|        scalar|
|sext_ln22_1           |   in|   62|     ap_none|                       sext_ln22_1|        scalar|
+----------------------+-----+-----+------------+----------------------------------+--------------+

============================================================
+ Verbose Summary: Synthesis Manager
============================================================
InlineROM: 1
ExposeGlobal: 0
============================================================
+ Verbose Summary: CDFG Model
============================================================
IsTopModel: 0
ResetActiveHigh: 1
IsCombinational: 2
IsDatapathOnly: 2
HasWiredReturn: 1
HasMFsm: 2
HasVarLatency: 1
IsPipeline: 0
IsRtlPipelined: 0
IsInstanceOverlapped: 0
IsDontTouch: 0
HasImplIP: 0
IsGatedGlobalClock: 0

+ Individual pipeline summary: 
  * Pipeline-0: initiation interval (II) = 2, depth = 21


============================================================
+ Verbose Summary: Schedule
============================================================
* Number of FSM states : 21
* Pipeline : 1
  Pipeline-0 : II = 2, D = 21, States = { 1 2 3 4 5 6 7 8 9 10 11 12 13 14 15 16 17 18 19 20 21 }
* Dataflow Pipeline: 0

* FSM state transitions: 
1 --> 2 
2 --> 3 
3 --> 4 
4 --> 5 
5 --> 6 
6 --> 7 
7 --> 8 
8 --> 9 
9 --> 10 
10 --> 11 
11 --> 12 
12 --> 13 
13 --> 14 
14 --> 15 
15 --> 16 
16 --> 17 
17 --> 18 
18 --> 19 
19 --> 20 
20 --> 21 
21 --> 

* FSM state operations: 

State 1 <SV = 0> <Delay = 1.65>
ST_1 : Operation 24 [1/1] (0.00ns)   --->   "%v2 = alloca i32 1" [spikingformer_official.cpp:22->spikingformer_official.cpp:3147]   --->   Operation 24 'alloca' 'v2' <Predicate = true> <Delay = 0.00>
ST_1 : Operation 25 [1/1] (0.00ns)   --->   "%sext_ln22_1_read = read i62 @_ssdm_op_Read.ap_auto.i62, i62 %sext_ln22_1"   --->   Operation 25 'read' 'sext_ln22_1_read' <Predicate = true> <Delay = 0.00>
ST_1 : Operation 26 [1/1] (0.00ns)   --->   "%v1162_read = read i64 @_ssdm_op_Read.ap_auto.i64, i64 %v1162"   --->   Operation 26 'read' 'v1162_read' <Predicate = true> <Delay = 0.00>
ST_1 : Operation 27 [1/1] (0.00ns)   --->   "%sext_ln225 = read i62 @_ssdm_op_Read.ap_auto.i62, i62 %sext_ln22"   --->   Operation 27 'read' 'sext_ln225' <Predicate = true> <Delay = 0.00>
ST_1 : Operation 28 [1/1] (0.00ns)   --->   "%sext_ln624 = read i62 @_ssdm_op_Read.ap_auto.i62, i62 %sext_ln62"   --->   Operation 28 'read' 'sext_ln624' <Predicate = true> <Delay = 0.00>
ST_1 : Operation 29 [1/1] (0.00ns)   --->   "%sext_ln22_1_cast = sext i62 %sext_ln22_1_read"   --->   Operation 29 'sext' 'sext_ln22_1_cast' <Predicate = true> <Delay = 0.00>
ST_1 : Operation 30 [1/1] (0.00ns)   --->   "%specstablecontent_ln0 = specstablecontent void @_ssdm_op_SpecStableContent, i32 %g0, i1 1, void "   --->   Operation 30 'specstablecontent' 'specstablecontent_ln0' <Predicate = true> <Delay = 0.00>
ST_1 : Operation 31 [1/1] (0.00ns)   --->   "%specinterface_ln0 = specinterface void @_ssdm_op_SpecInterface, i32 %g0, void @empty_26, i32 0, i32 0, void @empty_35, i32 0, i32 0, void @empty_22, void @empty_25, void @empty_35, i32 16, i32 16, i32 16, i32 16, void @empty_35, void @empty_35, i32 4294967295, i32 0, i32 0, i32 4"   --->   Operation 31 'specinterface' 'specinterface_ln0' <Predicate = true> <Delay = 0.00>
ST_1 : Operation 32 [1/1] (0.42ns)   --->   "%store_ln22 = store i4 0, i4 %v2" [spikingformer_official.cpp:22->spikingformer_official.cpp:3147]   --->   Operation 32 'store' 'store_ln22' <Predicate = true> <Delay = 0.42>
ST_1 : Operation 33 [1/1] (0.00ns)   --->   "%br_ln0 = br void %for.inc.i1992"   --->   Operation 33 'br' 'br_ln0' <Predicate = true> <Delay = 0.00>
ST_1 : Operation 34 [1/1] (0.00ns)   --->   "%v2_1 = load i4 %v2" [spikingformer_official.cpp:22->spikingformer_official.cpp:3147]   --->   Operation 34 'load' 'v2_1' <Predicate = true> <Delay = 0.00>
ST_1 : Operation 35 [1/1] (0.00ns)   --->   "%specbitsmap_ln0 = specbitsmap void @_ssdm_op_SpecBitsMap, i32 %g0"   --->   Operation 35 'specbitsmap' 'specbitsmap_ln0' <Predicate = true> <Delay = 0.00>
ST_1 : Operation 36 [1/1] (0.79ns)   --->   "%icmp_ln22 = icmp_eq  i4 %v2_1, i4 10" [spikingformer_official.cpp:22->spikingformer_official.cpp:3147]   --->   Operation 36 'icmp' 'icmp_ln22' <Predicate = true> <Delay = 0.79> <CoreInst = "Cmp">   --->   Core 9 'Cmp' <Latency = 0> <II = 1> <Delay = 0.79> <FuncUnit> <Opcode : 'seteq' 'setne' 'setle' 'setge' 'setlt' 'setgt'> <InPorts = 2> <OutPorts = 1>
ST_1 : Operation 37 [1/1] (0.79ns)   --->   "%add_ln22 = add i4 %v2_1, i4 1" [spikingformer_official.cpp:22->spikingformer_official.cpp:3147]   --->   Operation 37 'add' 'add_ln22' <Predicate = true> <Delay = 0.79> <CoreInst = "Adder">   --->   Core 1 'Adder' <Latency = 0> <II = 1> <Delay = 0.79> <FuncUnit> <Opcode : 'add' 'sub'> <InPorts = 2> <OutPorts = 1>
ST_1 : Operation 38 [1/1] (0.00ns)   --->   "%br_ln22 = br i1 %icmp_ln22, void %for.inc.i1992.split, void %_Z7kernel0PfPA10_f.exit.exitStub" [spikingformer_official.cpp:22->spikingformer_official.cpp:3147]   --->   Operation 38 'br' 'br_ln22' <Predicate = true> <Delay = 0.00>
ST_1 : Operation 39 [1/1] (0.00ns)   --->   "%shl_ln = bitconcatenate i6 @_ssdm_op_BitConcatenate.i6.i4.i2, i4 %v2_1, i2 0" [spikingformer_official.cpp:26->spikingformer_official.cpp:3147]   --->   Operation 39 'bitconcatenate' 'shl_ln' <Predicate = (!icmp_ln22)> <Delay = 0.00>
ST_1 : Operation 40 [1/1] (0.00ns)   --->   "%zext_ln26 = zext i6 %shl_ln" [spikingformer_official.cpp:26->spikingformer_official.cpp:3147]   --->   Operation 40 'zext' 'zext_ln26' <Predicate = (!icmp_ln22)> <Delay = 0.00>
ST_1 : Operation 41 [1/1] (1.08ns)   --->   "%add_ln26 = add i64 %zext_ln26, i64 %v1162_read" [spikingformer_official.cpp:26->spikingformer_official.cpp:3147]   --->   Operation 41 'add' 'add_ln26' <Predicate = (!icmp_ln22)> <Delay = 1.08> <CoreInst = "Adder">   --->   Core 1 'Adder' <Latency = 0> <II = 1> <Delay = 1.08> <FuncUnit> <Opcode : 'add' 'sub'> <InPorts = 2> <OutPorts = 1>
ST_1 : Operation 42 [1/1] (0.00ns)   --->   "%trunc_ln26 = partselect i62 @_ssdm_op_PartSelect.i62.i64.i32.i32, i64 %add_ln26, i32 2, i32 63" [spikingformer_official.cpp:26->spikingformer_official.cpp:3147]   --->   Operation 42 'partselect' 'trunc_ln26' <Predicate = (!icmp_ln22)> <Delay = 0.00>
ST_1 : Operation 43 [1/1] (0.00ns)   --->   "%sext_ln26 = sext i62 %trunc_ln26" [spikingformer_official.cpp:26->spikingformer_official.cpp:3147]   --->   Operation 43 'sext' 'sext_ln26' <Predicate = (!icmp_ln22)> <Delay = 0.00>
ST_1 : Operation 44 [1/1] (0.00ns)   --->   "%g0_addr = getelementptr i32 %g0, i64 %sext_ln26" [spikingformer_official.cpp:26->spikingformer_official.cpp:3147]   --->   Operation 44 'getelementptr' 'g0_addr' <Predicate = (!icmp_ln22)> <Delay = 0.00>
ST_1 : Operation 45 [1/1] (0.42ns)   --->   "%store_ln22 = store i4 %add_ln22, i4 %v2" [spikingformer_official.cpp:22->spikingformer_official.cpp:3147]   --->   Operation 45 'store' 'store_ln22' <Predicate = (!icmp_ln22)> <Delay = 0.42>

State 2 <SV = 1> <Delay = 1.08>
ST_2 : Operation 46 [1/1] (0.00ns)   --->   "%zext_ln22 = zext i4 %v2_1" [spikingformer_official.cpp:22->spikingformer_official.cpp:3147]   --->   Operation 46 'zext' 'zext_ln22' <Predicate = (!icmp_ln22)> <Delay = 0.00>
ST_2 : Operation 47 [8/8] (7.30ns)   --->   "%g0_load_174_req = readreq i1 @_ssdm_op_ReadReq.m_axi.i32P1A, i64 %g0_addr, i64 1" [spikingformer_official.cpp:26->spikingformer_official.cpp:3147]   --->   Operation 47 'readreq' 'g0_load_174_req' <Predicate = (!icmp_ln22)> <Delay = 7.30> <CoreInst = "m_axi">   --->   Core 119 'm_axi' <Latency = 6> <II = 1> <Delay = 1.00> <Adapter> <Opcode : 'readrequnaligned' 'writerequnaligned' 'read' 'write' 'readreq' 'writereq' 'writeresp'>
ST_2 : Operation 48 [1/1] (1.08ns)   --->   "%add_ln27 = add i63 %zext_ln22, i63 %sext_ln22_1_cast" [spikingformer_official.cpp:27->spikingformer_official.cpp:3147]   --->   Operation 48 'add' 'add_ln27' <Predicate = (!icmp_ln22)> <Delay = 1.08> <CoreInst = "Adder">   --->   Core 1 'Adder' <Latency = 0> <II = 1> <Delay = 1.08> <FuncUnit> <Opcode : 'add' 'sub'> <InPorts = 2> <OutPorts = 1>
ST_2 : Operation 49 [1/1] (0.00ns)   --->   "%sext_ln27 = sext i63 %add_ln27" [spikingformer_official.cpp:27->spikingformer_official.cpp:3147]   --->   Operation 49 'sext' 'sext_ln27' <Predicate = (!icmp_ln22)> <Delay = 0.00>
ST_2 : Operation 50 [1/1] (0.00ns)   --->   "%g0_addr_92 = getelementptr i32 %g0, i64 %sext_ln27" [spikingformer_official.cpp:27->spikingformer_official.cpp:3147]   --->   Operation 50 'getelementptr' 'g0_addr_92' <Predicate = (!icmp_ln22)> <Delay = 0.00>

State 3 <SV = 2> <Delay = 0.00>
ST_3 : Operation 51 [7/8] (7.30ns)   --->   "%g0_load_174_req = readreq i1 @_ssdm_op_ReadReq.m_axi.i32P1A, i64 %g0_addr, i64 1" [spikingformer_official.cpp:26->spikingformer_official.cpp:3147]   --->   Operation 51 'readreq' 'g0_load_174_req' <Predicate = true> <Delay = 7.30> <CoreInst = "m_axi">   --->   Core 119 'm_axi' <Latency = 6> <II = 1> <Delay = 1.00> <Adapter> <Opcode : 'readrequnaligned' 'writerequnaligned' 'read' 'write' 'readreq' 'writereq' 'writeresp'>
ST_3 : Operation 52 [8/8] (7.30ns)   --->   "%g0_load_175_req = readreq i1 @_ssdm_op_ReadReq.m_axi.i32P1A, i64 %g0_addr_92, i64 1" [spikingformer_official.cpp:27->spikingformer_official.cpp:3147]   --->   Operation 52 'readreq' 'g0_load_175_req' <Predicate = true> <Delay = 7.30> <CoreInst = "m_axi">   --->   Core 119 'm_axi' <Latency = 6> <II = 1> <Delay = 1.00> <Adapter> <Opcode : 'readrequnaligned' 'writerequnaligned' 'read' 'write' 'readreq' 'writereq' 'writeresp'>

State 4 <SV = 3> <Delay = 0.00>
ST_4 : Operation 53 [6/8] (7.30ns)   --->   "%g0_load_174_req = readreq i1 @_ssdm_op_ReadReq.m_axi.i32P1A, i64 %g0_addr, i64 1" [spikingformer_official.cpp:26->spikingformer_official.cpp:3147]   --->   Operation 53 'readreq' 'g0_load_174_req' <Predicate = true> <Delay = 7.30> <CoreInst = "m_axi">   --->   Core 119 'm_axi' <Latency = 6> <II = 1> <Delay = 1.00> <Adapter> <Opcode : 'readrequnaligned' 'writerequnaligned' 'read' 'write' 'readreq' 'writereq' 'writeresp'>
ST_4 : Operation 54 [7/8] (7.30ns)   --->   "%g0_load_175_req = readreq i1 @_ssdm_op_ReadReq.m_axi.i32P1A, i64 %g0_addr_92, i64 1" [spikingformer_official.cpp:27->spikingformer_official.cpp:3147]   --->   Operation 54 'readreq' 'g0_load_175_req' <Predicate = true> <Delay = 7.30> <CoreInst = "m_axi">   --->   Core 119 'm_axi' <Latency = 6> <II = 1> <Delay = 1.00> <Adapter> <Opcode : 'readrequnaligned' 'writerequnaligned' 'read' 'write' 'readreq' 'writereq' 'writeresp'>

State 5 <SV = 4> <Delay = 0.00>
ST_5 : Operation 55 [5/8] (7.30ns)   --->   "%g0_load_174_req = readreq i1 @_ssdm_op_ReadReq.m_axi.i32P1A, i64 %g0_addr, i64 1" [spikingformer_official.cpp:26->spikingformer_official.cpp:3147]   --->   Operation 55 'readreq' 'g0_load_174_req' <Predicate = true> <Delay = 7.30> <CoreInst = "m_axi">   --->   Core 119 'm_axi' <Latency = 6> <II = 1> <Delay = 1.00> <Adapter> <Opcode : 'readrequnaligned' 'writerequnaligned' 'read' 'write' 'readreq' 'writereq' 'writeresp'>
ST_5 : Operation 56 [6/8] (7.30ns)   --->   "%g0_load_175_req = readreq i1 @_ssdm_op_ReadReq.m_axi.i32P1A, i64 %g0_addr_92, i64 1" [spikingformer_official.cpp:27->spikingformer_official.cpp:3147]   --->   Operation 56 'readreq' 'g0_load_175_req' <Predicate = true> <Delay = 7.30> <CoreInst = "m_axi">   --->   Core 119 'm_axi' <Latency = 6> <II = 1> <Delay = 1.00> <Adapter> <Opcode : 'readrequnaligned' 'writerequnaligned' 'read' 'write' 'readreq' 'writereq' 'writeresp'>

State 6 <SV = 5> <Delay = 0.00>
ST_6 : Operation 57 [4/8] (7.30ns)   --->   "%g0_load_174_req = readreq i1 @_ssdm_op_ReadReq.m_axi.i32P1A, i64 %g0_addr, i64 1" [spikingformer_official.cpp:26->spikingformer_official.cpp:3147]   --->   Operation 57 'readreq' 'g0_load_174_req' <Predicate = true> <Delay = 7.30> <CoreInst = "m_axi">   --->   Core 119 'm_axi' <Latency = 6> <II = 1> <Delay = 1.00> <Adapter> <Opcode : 'readrequnaligned' 'writerequnaligned' 'read' 'write' 'readreq' 'writereq' 'writeresp'>
ST_6 : Operation 58 [5/8] (7.30ns)   --->   "%g0_load_175_req = readreq i1 @_ssdm_op_ReadReq.m_axi.i32P1A, i64 %g0_addr_92, i64 1" [spikingformer_official.cpp:27->spikingformer_official.cpp:3147]   --->   Operation 58 'readreq' 'g0_load_175_req' <Predicate = true> <Delay = 7.30> <CoreInst = "m_axi">   --->   Core 119 'm_axi' <Latency = 6> <II = 1> <Delay = 1.00> <Adapter> <Opcode : 'readrequnaligned' 'writerequnaligned' 'read' 'write' 'readreq' 'writereq' 'writeresp'>

State 7 <SV = 6> <Delay = 0.00>
ST_7 : Operation 59 [3/8] (7.30ns)   --->   "%g0_load_174_req = readreq i1 @_ssdm_op_ReadReq.m_axi.i32P1A, i64 %g0_addr, i64 1" [spikingformer_official.cpp:26->spikingformer_official.cpp:3147]   --->   Operation 59 'readreq' 'g0_load_174_req' <Predicate = true> <Delay = 7.30> <CoreInst = "m_axi">   --->   Core 119 'm_axi' <Latency = 6> <II = 1> <Delay = 1.00> <Adapter> <Opcode : 'readrequnaligned' 'writerequnaligned' 'read' 'write' 'readreq' 'writereq' 'writeresp'>
ST_7 : Operation 60 [4/8] (7.30ns)   --->   "%g0_load_175_req = readreq i1 @_ssdm_op_ReadReq.m_axi.i32P1A, i64 %g0_addr_92, i64 1" [spikingformer_official.cpp:27->spikingformer_official.cpp:3147]   --->   Operation 60 'readreq' 'g0_load_175_req' <Predicate = true> <Delay = 7.30> <CoreInst = "m_axi">   --->   Core 119 'm_axi' <Latency = 6> <II = 1> <Delay = 1.00> <Adapter> <Opcode : 'readrequnaligned' 'writerequnaligned' 'read' 'write' 'readreq' 'writereq' 'writeresp'>

State 8 <SV = 7> <Delay = 0.00>
ST_8 : Operation 61 [2/8] (7.30ns)   --->   "%g0_load_174_req = readreq i1 @_ssdm_op_ReadReq.m_axi.i32P1A, i64 %g0_addr, i64 1" [spikingformer_official.cpp:26->spikingformer_official.cpp:3147]   --->   Operation 61 'readreq' 'g0_load_174_req' <Predicate = true> <Delay = 7.30> <CoreInst = "m_axi">   --->   Core 119 'm_axi' <Latency = 6> <II = 1> <Delay = 1.00> <Adapter> <Opcode : 'readrequnaligned' 'writerequnaligned' 'read' 'write' 'readreq' 'writereq' 'writeresp'>
ST_8 : Operation 62 [3/8] (7.30ns)   --->   "%g0_load_175_req = readreq i1 @_ssdm_op_ReadReq.m_axi.i32P1A, i64 %g0_addr_92, i64 1" [spikingformer_official.cpp:27->spikingformer_official.cpp:3147]   --->   Operation 62 'readreq' 'g0_load_175_req' <Predicate = true> <Delay = 7.30> <CoreInst = "m_axi">   --->   Core 119 'm_axi' <Latency = 6> <II = 1> <Delay = 1.00> <Adapter> <Opcode : 'readrequnaligned' 'writerequnaligned' 'read' 'write' 'readreq' 'writereq' 'writeresp'>

State 9 <SV = 8> <Delay = 7.30>
ST_9 : Operation 63 [1/8] ( I:7.30ns O:7.30ns )   --->   "%g0_load_174_req = readreq i1 @_ssdm_op_ReadReq.m_axi.i32P1A, i64 %g0_addr, i64 1" [spikingformer_official.cpp:26->spikingformer_official.cpp:3147]   --->   Operation 63 'readreq' 'g0_load_174_req' <Predicate = true> <Delay = 7.30> <CoreInst = "m_axi">   --->   Core 119 'm_axi' <Latency = 6> <II = 1> <Delay = 1.00> <Adapter> <Opcode : 'readrequnaligned' 'writerequnaligned' 'read' 'write' 'readreq' 'writereq' 'writeresp'>
ST_9 : Operation 64 [2/8] (7.30ns)   --->   "%g0_load_175_req = readreq i1 @_ssdm_op_ReadReq.m_axi.i32P1A, i64 %g0_addr_92, i64 1" [spikingformer_official.cpp:27->spikingformer_official.cpp:3147]   --->   Operation 64 'readreq' 'g0_load_175_req' <Predicate = true> <Delay = 7.30> <CoreInst = "m_axi">   --->   Core 119 'm_axi' <Latency = 6> <II = 1> <Delay = 1.00> <Adapter> <Opcode : 'readrequnaligned' 'writerequnaligned' 'read' 'write' 'readreq' 'writereq' 'writeresp'>

State 10 <SV = 9> <Delay = 7.30>
ST_10 : Operation 65 [1/1] ( I:7.30ns O:7.30ns )   --->   "%g0_addr_read = read i32 @_ssdm_op_Read.m_axi.i32P1A, i64 %g0_addr" [spikingformer_official.cpp:26->spikingformer_official.cpp:3147]   --->   Operation 65 'read' 'g0_addr_read' <Predicate = true> <Delay = 7.30> <CoreInst = "m_axi">   --->   Core 119 'm_axi' <Latency = 3> <II = 1> <Delay = 1.00> <Adapter> <Opcode : 'readrequnaligned' 'writerequnaligned' 'read' 'write' 'readreq' 'writereq' 'writeresp'>
ST_10 : Operation 66 [1/8] ( I:7.30ns O:7.30ns )   --->   "%g0_load_175_req = readreq i1 @_ssdm_op_ReadReq.m_axi.i32P1A, i64 %g0_addr_92, i64 1" [spikingformer_official.cpp:27->spikingformer_official.cpp:3147]   --->   Operation 66 'readreq' 'g0_load_175_req' <Predicate = true> <Delay = 7.30> <CoreInst = "m_axi">   --->   Core 119 'm_axi' <Latency = 6> <II = 1> <Delay = 1.00> <Adapter> <Opcode : 'readrequnaligned' 'writerequnaligned' 'read' 'write' 'readreq' 'writereq' 'writeresp'>

State 11 <SV = 10> <Delay = 7.30>
ST_11 : Operation 67 [1/1] ( I:7.30ns O:7.30ns )   --->   "%g0_addr_92_read = read i32 @_ssdm_op_Read.m_axi.i32P1A, i64 %g0_addr_92" [spikingformer_official.cpp:27->spikingformer_official.cpp:3147]   --->   Operation 67 'read' 'g0_addr_92_read' <Predicate = true> <Delay = 7.30> <CoreInst = "m_axi">   --->   Core 119 'm_axi' <Latency = 3> <II = 1> <Delay = 1.00> <Adapter> <Opcode : 'readrequnaligned' 'writerequnaligned' 'read' 'write' 'readreq' 'writereq' 'writeresp'>

State 12 <SV = 11> <Delay = 6.43>
ST_12 : Operation 68 [1/1] (0.00ns)   --->   "%v3 = bitcast i32 %g0_addr_read" [spikingformer_official.cpp:26->spikingformer_official.cpp:3147]   --->   Operation 68 'bitcast' 'v3' <Predicate = true> <Delay = 0.00>
ST_12 : Operation 69 [1/1] (0.00ns)   --->   "%v4 = bitcast i32 %g0_addr_92_read" [spikingformer_official.cpp:27->spikingformer_official.cpp:3147]   --->   Operation 69 'bitcast' 'v4' <Predicate = true> <Delay = 0.00>
ST_12 : Operation 70 [4/4] (6.43ns)   --->   "%v5 = fadd i32 %v3, i32 %v4" [spikingformer_official.cpp:28->spikingformer_official.cpp:3147]   --->   Operation 70 'fadd' 'v5' <Predicate = true> <Delay = 6.43> <CoreInst = "FAddSub_fulldsp">   --->   Core 18 'FAddSub_fulldsp' <Latency = 3> <II = 1> <Delay = 6.43> <FuncUnit> <Opcode : 'fadd' 'fsub'> <InPorts = 2> <OutPorts = 1>

State 13 <SV = 12> <Delay = 6.43>
ST_13 : Operation 71 [3/4] (6.43ns)   --->   "%v5 = fadd i32 %v3, i32 %v4" [spikingformer_official.cpp:28->spikingformer_official.cpp:3147]   --->   Operation 71 'fadd' 'v5' <Predicate = true> <Delay = 6.43> <CoreInst = "FAddSub_fulldsp">   --->   Core 18 'FAddSub_fulldsp' <Latency = 3> <II = 1> <Delay = 6.43> <FuncUnit> <Opcode : 'fadd' 'fsub'> <InPorts = 2> <OutPorts = 1>

State 14 <SV = 13> <Delay = 6.43>
ST_14 : Operation 72 [2/4] (6.43ns)   --->   "%v5 = fadd i32 %v3, i32 %v4" [spikingformer_official.cpp:28->spikingformer_official.cpp:3147]   --->   Operation 72 'fadd' 'v5' <Predicate = true> <Delay = 6.43> <CoreInst = "FAddSub_fulldsp">   --->   Core 18 'FAddSub_fulldsp' <Latency = 3> <II = 1> <Delay = 6.43> <FuncUnit> <Opcode : 'fadd' 'fsub'> <InPorts = 2> <OutPorts = 1>

State 15 <SV = 14> <Delay = 7.30>
ST_15 : Operation 73 [1/4] (6.43ns)   --->   "%v5 = fadd i32 %v3, i32 %v4" [spikingformer_official.cpp:28->spikingformer_official.cpp:3147]   --->   Operation 73 'fadd' 'v5' <Predicate = true> <Delay = 6.43> <CoreInst = "FAddSub_fulldsp">   --->   Core 18 'FAddSub_fulldsp' <Latency = 3> <II = 1> <Delay = 6.43> <FuncUnit> <Opcode : 'fadd' 'fsub'> <InPorts = 2> <OutPorts = 1>
ST_15 : Operation 74 [1/1] ( I:7.30ns O:7.30ns )   --->   "%g0_addr_343_req = writereq i1 @_ssdm_op_WriteReq.m_axi.i32P1A, i64 %g0_addr, i64 1" [spikingformer_official.cpp:29->spikingformer_official.cpp:3147]   --->   Operation 74 'writereq' 'g0_addr_343_req' <Predicate = true> <Delay = 7.30> <CoreInst = "m_axi">   --->   Core 119 'm_axi' <Latency = 9> <II = 1> <Delay = 1.00> <Adapter> <Opcode : 'readrequnaligned' 'writerequnaligned' 'read' 'write' 'readreq' 'writereq' 'writeresp'>

State 16 <SV = 15> <Delay = 7.30>
ST_16 : Operation 75 [1/1] (0.00ns)   --->   "%bitcast_ln29 = bitcast i32 %v5" [spikingformer_official.cpp:29->spikingformer_official.cpp:3147]   --->   Operation 75 'bitcast' 'bitcast_ln29' <Predicate = true> <Delay = 0.00>
ST_16 : Operation 76 [1/1] ( I:7.30ns O:7.30ns )   --->   "%write_ln29 = write void @_ssdm_op_Write.m_axi.i32P1A, i64 %g0_addr, i32 %bitcast_ln29, i4 15" [spikingformer_official.cpp:29->spikingformer_official.cpp:3147]   --->   Operation 76 'write' 'write_ln29' <Predicate = true> <Delay = 7.30> <CoreInst = "m_axi">   --->   Core 119 'm_axi' <Latency = 5> <II = 1> <Delay = 1.00> <Adapter> <Opcode : 'readrequnaligned' 'writerequnaligned' 'read' 'write' 'readreq' 'writereq' 'writeresp'>

State 17 <SV = 16> <Delay = 0.00>
ST_17 : Operation 77 [5/5] (7.30ns)   --->   "%g0_addr_343_resp = writeresp i1 @_ssdm_op_WriteResp.m_axi.i32P1A, i64 %g0_addr" [spikingformer_official.cpp:29->spikingformer_official.cpp:3147]   --->   Operation 77 'writeresp' 'g0_addr_343_resp' <Predicate = true> <Delay = 7.30> <CoreInst = "m_axi">   --->   Core 119 'm_axi' <Latency = 3> <II = 1> <Delay = 1.00> <Adapter> <Opcode : 'readrequnaligned' 'writerequnaligned' 'read' 'write' 'readreq' 'writereq' 'writeresp'>

State 18 <SV = 17> <Delay = 0.00>
ST_18 : Operation 78 [4/5] (7.30ns)   --->   "%g0_addr_343_resp = writeresp i1 @_ssdm_op_WriteResp.m_axi.i32P1A, i64 %g0_addr" [spikingformer_official.cpp:29->spikingformer_official.cpp:3147]   --->   Operation 78 'writeresp' 'g0_addr_343_resp' <Predicate = true> <Delay = 7.30> <CoreInst = "m_axi">   --->   Core 119 'm_axi' <Latency = 3> <II = 1> <Delay = 1.00> <Adapter> <Opcode : 'readrequnaligned' 'writerequnaligned' 'read' 'write' 'readreq' 'writereq' 'writeresp'>

State 19 <SV = 18> <Delay = 0.42>
ST_19 : Operation 79 [3/5] (7.30ns)   --->   "%g0_addr_343_resp = writeresp i1 @_ssdm_op_WriteResp.m_axi.i32P1A, i64 %g0_addr" [spikingformer_official.cpp:29->spikingformer_official.cpp:3147]   --->   Operation 79 'writeresp' 'g0_addr_343_resp' <Predicate = true> <Delay = 7.30> <CoreInst = "m_axi">   --->   Core 119 'm_axi' <Latency = 3> <II = 1> <Delay = 1.00> <Adapter> <Opcode : 'readrequnaligned' 'writerequnaligned' 'read' 'write' 'readreq' 'writereq' 'writeresp'>
ST_19 : Operation 86 [1/1] (0.42ns)   --->   "%ret_ln0 = ret"   --->   Operation 86 'ret' 'ret_ln0' <Predicate = (icmp_ln22)> <Delay = 0.42>

State 20 <SV = 19> <Delay = 0.00>
ST_20 : Operation 80 [2/5] (7.30ns)   --->   "%g0_addr_343_resp = writeresp i1 @_ssdm_op_WriteResp.m_axi.i32P1A, i64 %g0_addr" [spikingformer_official.cpp:29->spikingformer_official.cpp:3147]   --->   Operation 80 'writeresp' 'g0_addr_343_resp' <Predicate = true> <Delay = 7.30> <CoreInst = "m_axi">   --->   Core 119 'm_axi' <Latency = 3> <II = 1> <Delay = 1.00> <Adapter> <Opcode : 'readrequnaligned' 'writerequnaligned' 'read' 'write' 'readreq' 'writereq' 'writeresp'>

State 21 <SV = 20> <Delay = 7.30>
ST_21 : Operation 81 [1/1] (0.00ns)   --->   "%specpipeline_ln23 = specpipeline void @_ssdm_op_SpecPipeline, i32 1, i32 0, i32 0, i32 0, i32 4294967295, void @empty_35" [spikingformer_official.cpp:23->spikingformer_official.cpp:3147]   --->   Operation 81 'specpipeline' 'specpipeline_ln23' <Predicate = true> <Delay = 0.00>
ST_21 : Operation 82 [1/1] (0.00ns)   --->   "%speclooptripcount_ln22 = speclooptripcount void @_ssdm_op_SpecLoopTripCount, i64 10, i64 10, i64 10" [spikingformer_official.cpp:22->spikingformer_official.cpp:3147]   --->   Operation 82 'speclooptripcount' 'speclooptripcount_ln22' <Predicate = true> <Delay = 0.00>
ST_21 : Operation 83 [1/1] (0.00ns)   --->   "%specloopname_ln22 = specloopname void @_ssdm_op_SpecLoopName, void @empty_30" [spikingformer_official.cpp:22->spikingformer_official.cpp:3147]   --->   Operation 83 'specloopname' 'specloopname_ln22' <Predicate = true> <Delay = 0.00>
ST_21 : Operation 84 [1/5] ( I:7.30ns O:7.30ns )   --->   "%g0_addr_343_resp = writeresp i1 @_ssdm_op_WriteResp.m_axi.i32P1A, i64 %g0_addr" [spikingformer_official.cpp:29->spikingformer_official.cpp:3147]   --->   Operation 84 'writeresp' 'g0_addr_343_resp' <Predicate = true> <Delay = 7.30> <CoreInst = "m_axi">   --->   Core 119 'm_axi' <Latency = 3> <II = 1> <Delay = 1.00> <Adapter> <Opcode : 'readrequnaligned' 'writerequnaligned' 'read' 'write' 'readreq' 'writereq' 'writeresp'>
ST_21 : Operation 85 [1/1] (0.00ns)   --->   "%br_ln22 = br void %for.inc.i1992" [spikingformer_official.cpp:22->spikingformer_official.cpp:3147]   --->   Operation 85 'br' 'br_ln22' <Predicate = true> <Delay = 0.00>


============================================================
+ Verbose Summary: Binding
============================================================
STG Binding: 
---------------- STG Properties BEGIN ----------------
- Is combinational: 0
- Is one-state seq: 0
- Is datapath-only: 0
- Is pipelined: 0
- Is top level: 0
Port [ Return ] is wired: 1; IO mode=ap_ctrl_hs:ce=0
Port [ g0]:  wired=1; compound=1; hidden=0; nouse=0; global=0; static=0; extern=0; dir=2; type=4; pingpong=0; private_global=0; IO mode=m_axi:ce=0
Port [ sext_ln62]:  wired=1; compound=0; hidden=0; nouse=0; global=0; static=0; extern=0; dir=0; type=0; pingpong=0; private_global=0; IO mode=ap_none:ce=0
Port [ sext_ln22]:  wired=1; compound=0; hidden=0; nouse=0; global=0; static=0; extern=0; dir=0; type=0; pingpong=0; private_global=0; IO mode=ap_none:ce=0
Port [ v1162]:  wired=1; compound=0; hidden=0; nouse=0; global=0; static=0; extern=0; dir=0; type=0; pingpong=0; private_global=0; IO mode=ap_none:ce=0
Port [ sext_ln22_1]:  wired=1; compound=0; hidden=0; nouse=0; global=0; static=0; extern=0; dir=0; type=0; pingpong=0; private_global=0; IO mode=ap_none:ce=0
---------------- STG Properties END ------------------

---------------- Datapath Model BEGIN ----------------

<LifeTime>
<method=bitvector/>
v2                     (alloca           ) [ 0100000000000000000000]
sext_ln22_1_read       (read             ) [ 0000000000000000000000]
v1162_read             (read             ) [ 0000000000000000000000]
sext_ln225             (read             ) [ 0000000000000000000000]
sext_ln624             (read             ) [ 0000000000000000000000]
sext_ln22_1_cast       (sext             ) [ 0010000000000000000000]
specstablecontent_ln0  (specstablecontent) [ 0000000000000000000000]
specinterface_ln0      (specinterface    ) [ 0000000000000000000000]
store_ln22             (store            ) [ 0000000000000000000000]
br_ln0                 (br               ) [ 0000000000000000000000]
v2_1                   (load             ) [ 0010000000000000000000]
specbitsmap_ln0        (specbitsmap      ) [ 0000000000000000000000]
icmp_ln22              (icmp             ) [ 0111111111111111111100]
add_ln22               (add              ) [ 0000000000000000000000]
br_ln22                (br               ) [ 0000000000000000000000]
shl_ln                 (bitconcatenate   ) [ 0000000000000000000000]
zext_ln26              (zext             ) [ 0000000000000000000000]
add_ln26               (add              ) [ 0000000000000000000000]
trunc_ln26             (partselect       ) [ 0000000000000000000000]
sext_ln26              (sext             ) [ 0000000000000000000000]
g0_addr                (getelementptr    ) [ 0111111111111111111111]
store_ln22             (store            ) [ 0000000000000000000000]
zext_ln22              (zext             ) [ 0000000000000000000000]
add_ln27               (add              ) [ 0000000000000000000000]
sext_ln27              (sext             ) [ 0000000000000000000000]
g0_addr_92             (getelementptr    ) [ 0111111111110000000000]
g0_load_174_req        (readreq          ) [ 0000000000000000000000]
g0_addr_read           (read             ) [ 0110000000011000000000]
g0_load_175_req        (readreq          ) [ 0000000000000000000000]
g0_addr_92_read        (read             ) [ 0010000000001000000000]
v3                     (bitcast          ) [ 0110000000000111000000]
v4                     (bitcast          ) [ 0110000000000111000000]
v5                     (fadd             ) [ 0010000000000000100000]
g0_addr_343_req        (writereq         ) [ 0000000000000000000000]
bitcast_ln29           (bitcast          ) [ 0000000000000000000000]
write_ln29             (write            ) [ 0000000000000000000000]
specpipeline_ln23      (specpipeline     ) [ 0000000000000000000000]
speclooptripcount_ln22 (speclooptripcount) [ 0000000000000000000000]
specloopname_ln22      (specloopname     ) [ 0000000000000000000000]
g0_addr_343_resp       (writeresp        ) [ 0000000000000000000000]
br_ln22                (br               ) [ 0000000000000000000000]
ret_ln0                (ret              ) [ 0000000000000000000000]
</LifeTime>

<model>

<comp_list>
<comp id="0" class="1000" name="g0">
<pin_list>
<pin id="1" dir="1" index="0" bw="1" slack="0"/>
</pin_list>
<bind>
<StgValue><ssdm name="g0"/><MemPortTyVec>2 </MemPortTyVec>
</StgValue>
</bind>
</comp>

<comp id="2" class="1000" name="sext_ln62">
<pin_list>
<pin id="3" dir="1" index="0" bw="1" slack="0"/>
</pin_list>
<bind>
<StgValue><ssdm name="sext_ln62"/></StgValue>
</bind>
</comp>

<comp id="4" class="1000" name="sext_ln22">
<pin_list>
<pin id="5" dir="1" index="0" bw="1" slack="0"/>
</pin_list>
<bind>
<StgValue><ssdm name="sext_ln22"/></StgValue>
</bind>
</comp>

<comp id="6" class="1000" name="v1162">
<pin_list>
<pin id="7" dir="1" index="0" bw="1" slack="0"/>
</pin_list>
<bind>
<StgValue><ssdm name="v1162"/></StgValue>
</bind>
</comp>

<comp id="8" class="1000" name="sext_ln22_1">
<pin_list>
<pin id="9" dir="1" index="0" bw="1" slack="0"/>
</pin_list>
<bind>
<StgValue><ssdm name="sext_ln22_1"/></StgValue>
</bind>
</comp>

<comp id="10" class="1001" name="const_10">
<pin_list>
<pin id="11" dir="1" index="0" bw="1" slack="0"/>
</pin_list>
<bind>
<StgValue><ssdm name=""/></StgValue>
</bind>
</comp>

<comp id="12" class="1001" name="const_12">
<pin_list>
<pin id="13" dir="1" index="0" bw="1" slack="0"/>
</pin_list>
<bind>
<StgValue><ssdm name="_ssdm_op_Read.ap_auto.i62"/></StgValue>
</bind>
</comp>

<comp id="14" class="1001" name="const_14">
<pin_list>
<pin id="15" dir="1" index="0" bw="1" slack="0"/>
</pin_list>
<bind>
<StgValue><ssdm name="_ssdm_op_Read.ap_auto.i64"/></StgValue>
</bind>
</comp>

<comp id="16" class="1001" name="const_16">
<pin_list>
<pin id="17" dir="1" index="0" bw="1" slack="2147483647"/>
</pin_list>
<bind>
<StgValue><ssdm name="_ssdm_op_SpecStableContent"/></StgValue>
</bind>
</comp>

<comp id="18" class="1001" name="const_18">
<pin_list>
<pin id="19" dir="1" index="0" bw="1" slack="2147483647"/>
</pin_list>
<bind>
<StgValue><ssdm name=""/></StgValue>
</bind>
</comp>

<comp id="20" class="1001" name="const_20">
<pin_list>
<pin id="21" dir="1" index="0" bw="1" slack="2147483647"/>
</pin_list>
<bind>
<StgValue><ssdm name=""/></StgValue>
</bind>
</comp>

<comp id="22" class="1001" name="const_22">
<pin_list>
<pin id="23" dir="1" index="0" bw="1" slack="2147483647"/>
</pin_list>
<bind>
<StgValue><ssdm name="_ssdm_op_SpecInterface"/></StgValue>
</bind>
</comp>

<comp id="24" class="1001" name="const_24">
<pin_list>
<pin id="25" dir="1" index="0" bw="1" slack="2147483647"/>
</pin_list>
<bind>
<StgValue><ssdm name="empty_26"/></StgValue>
</bind>
</comp>

<comp id="26" class="1001" name="const_26">
<pin_list>
<pin id="27" dir="1" index="0" bw="1" slack="2147483647"/>
</pin_list>
<bind>
<StgValue><ssdm name=""/></StgValue>
</bind>
</comp>

<comp id="28" class="1001" name="const_28">
<pin_list>
<pin id="29" dir="1" index="0" bw="1" slack="2147483647"/>
</pin_list>
<bind>
<StgValue><ssdm name="empty_35"/></StgValue>
</bind>
</comp>

<comp id="30" class="1001" name="const_30">
<pin_list>
<pin id="31" dir="1" index="0" bw="1" slack="2147483647"/>
</pin_list>
<bind>
<StgValue><ssdm name="empty_22"/></StgValue>
</bind>
</comp>

<comp id="32" class="1001" name="const_32">
<pin_list>
<pin id="33" dir="1" index="0" bw="1" slack="2147483647"/>
</pin_list>
<bind>
<StgValue><ssdm name="empty_25"/></StgValue>
</bind>
</comp>

<comp id="34" class="1001" name="const_34">
<pin_list>
<pin id="35" dir="1" index="0" bw="1" slack="2147483647"/>
</pin_list>
<bind>
<StgValue><ssdm name=""/></StgValue>
</bind>
</comp>

<comp id="36" class="1001" name="const_36">
<pin_list>
<pin id="37" dir="1" index="0" bw="1" slack="2147483647"/>
</pin_list>
<bind>
<StgValue><ssdm name=""/></StgValue>
</bind>
</comp>

<comp id="38" class="1001" name="const_38">
<pin_list>
<pin id="39" dir="1" index="0" bw="1" slack="2147483647"/>
</pin_list>
<bind>
<StgValue><ssdm name=""/></StgValue>
</bind>
</comp>

<comp id="40" class="1001" name="const_40">
<pin_list>
<pin id="41" dir="1" index="0" bw="1" slack="0"/>
</pin_list>
<bind>
<StgValue><ssdm name=""/></StgValue>
</bind>
</comp>

<comp id="42" class="1001" name="const_42">
<pin_list>
<pin id="43" dir="1" index="0" bw="1" slack="2147483647"/>
</pin_list>
<bind>
<StgValue><ssdm name="_ssdm_op_SpecBitsMap"/></StgValue>
</bind>
</comp>

<comp id="44" class="1001" name="const_44">
<pin_list>
<pin id="45" dir="1" index="0" bw="1" slack="0"/>
</pin_list>
<bind>
<StgValue><ssdm name=""/></StgValue>
</bind>
</comp>

<comp id="46" class="1001" name="const_46">
<pin_list>
<pin id="47" dir="1" index="0" bw="1" slack="0"/>
</pin_list>
<bind>
<StgValue><ssdm name=""/></StgValue>
</bind>
</comp>

<comp id="48" class="1001" name="const_48">
<pin_list>
<pin id="49" dir="1" index="0" bw="1" slack="0"/>
</pin_list>
<bind>
<StgValue><ssdm name="_ssdm_op_BitConcatenate.i6.i4.i2"/></StgValue>
</bind>
</comp>

<comp id="50" class="1001" name="const_50">
<pin_list>
<pin id="51" dir="1" index="0" bw="1" slack="0"/>
</pin_list>
<bind>
<StgValue><ssdm name=""/></StgValue>
</bind>
</comp>

<comp id="52" class="1001" name="const_52">
<pin_list>
<pin id="53" dir="1" index="0" bw="1" slack="0"/>
</pin_list>
<bind>
<StgValue><ssdm name="_ssdm_op_PartSelect.i62.i64.i32.i32"/></StgValue>
</bind>
</comp>

<comp id="54" class="1001" name="const_54">
<pin_list>
<pin id="55" dir="1" index="0" bw="1" slack="0"/>
</pin_list>
<bind>
<StgValue><ssdm name=""/></StgValue>
</bind>
</comp>

<comp id="56" class="1001" name="const_56">
<pin_list>
<pin id="57" dir="1" index="0" bw="1" slack="0"/>
</pin_list>
<bind>
<StgValue><ssdm name=""/></StgValue>
</bind>
</comp>

<comp id="58" class="1001" name="const_58">
<pin_list>
<pin id="59" dir="1" index="0" bw="1" slack="0"/>
</pin_list>
<bind>
<StgValue><ssdm name="_ssdm_op_ReadReq.m_axi.i32P1A"/></StgValue>
</bind>
</comp>

<comp id="60" class="1001" name="const_60">
<pin_list>
<pin id="61" dir="1" index="0" bw="1" slack="0"/>
</pin_list>
<bind>
<StgValue><ssdm name=""/></StgValue>
</bind>
</comp>

<comp id="62" class="1001" name="const_62">
<pin_list>
<pin id="63" dir="1" index="0" bw="1" slack="0"/>
</pin_list>
<bind>
<StgValue><ssdm name="_ssdm_op_Read.m_axi.i32P1A"/></StgValue>
</bind>
</comp>

<comp id="64" class="1001" name="const_64">
<pin_list>
<pin id="65" dir="1" index="0" bw="1" slack="0"/>
</pin_list>
<bind>
<StgValue><ssdm name="_ssdm_op_WriteReq.m_axi.i32P1A"/></StgValue>
</bind>
</comp>

<comp id="66" class="1001" name="const_66">
<pin_list>
<pin id="67" dir="1" index="0" bw="1" slack="0"/>
</pin_list>
<bind>
<StgValue><ssdm name="_ssdm_op_Write.m_axi.i32P1A"/></StgValue>
</bind>
</comp>

<comp id="68" class="1001" name="const_68">
<pin_list>
<pin id="69" dir="1" index="0" bw="1" slack="0"/>
</pin_list>
<bind>
<StgValue><ssdm name=""/></StgValue>
</bind>
</comp>

<comp id="70" class="1001" name="const_70">
<pin_list>
<pin id="71" dir="1" index="0" bw="1" slack="0"/>
</pin_list>
<bind>
<StgValue><ssdm name="_ssdm_op_WriteResp.m_axi.i32P1A"/></StgValue>
</bind>
</comp>

<comp id="72" class="1001" name="const_72">
<pin_list>
<pin id="73" dir="1" index="0" bw="1" slack="2147483647"/>
</pin_list>
<bind>
<StgValue><ssdm name="_ssdm_op_SpecPipeline"/></StgValue>
</bind>
</comp>

<comp id="74" class="1001" name="const_74">
<pin_list>
<pin id="75" dir="1" index="0" bw="1" slack="2147483647"/>
</pin_list>
<bind>
<StgValue><ssdm name="_ssdm_op_SpecLoopTripCount"/></StgValue>
</bind>
</comp>

<comp id="76" class="1001" name="const_76">
<pin_list>
<pin id="77" dir="1" index="0" bw="1" slack="2147483647"/>
</pin_list>
<bind>
<StgValue><ssdm name=""/></StgValue>
</bind>
</comp>

<comp id="78" class="1001" name="const_78">
<pin_list>
<pin id="79" dir="1" index="0" bw="1" slack="2147483647"/>
</pin_list>
<bind>
<StgValue><ssdm name="_ssdm_op_SpecLoopName"/></StgValue>
</bind>
</comp>

<comp id="80" class="1001" name="const_80">
<pin_list>
<pin id="81" dir="1" index="0" bw="1" slack="2147483647"/>
</pin_list>
<bind>
<StgValue><ssdm name="empty_30"/></StgValue>
</bind>
</comp>

<comp id="82" class="1004" name="v2_fu_82">
<pin_list>
<pin id="83" dir="0" index="0" bw="1" slack="0"/>
<pin id="84" dir="1" index="1" bw="4" slack="0"/>
</pin_list>
<bind>
<opcode="alloca(26) " fcode="alloca"/>
<opset="v2/1 "/>
</bind>
</comp>

<comp id="86" class="1004" name="sext_ln22_1_read_read_fu_86">
<pin_list>
<pin id="87" dir="0" index="0" bw="62" slack="0"/>
<pin id="88" dir="0" index="1" bw="62" slack="0"/>
<pin id="89" dir="1" index="2" bw="62" slack="0"/>
</pin_list>
<bind>
<opcode="read(1150) " fcode="read"/>
<opset="sext_ln22_1_read/1 "/>
</bind>
</comp>

<comp id="92" class="1004" name="v1162_read_read_fu_92">
<pin_list>
<pin id="93" dir="0" index="0" bw="64" slack="0"/>
<pin id="94" dir="0" index="1" bw="64" slack="0"/>
<pin id="95" dir="1" index="2" bw="64" slack="0"/>
</pin_list>
<bind>
<opcode="read(1150) " fcode="read"/>
<opset="v1162_read/1 "/>
</bind>
</comp>

<comp id="98" class="1004" name="sext_ln225_read_fu_98">
<pin_list>
<pin id="99" dir="0" index="0" bw="62" slack="0"/>
<pin id="100" dir="0" index="1" bw="62" slack="0"/>
<pin id="101" dir="1" index="2" bw="62" slack="2147483647"/>
</pin_list>
<bind>
<opcode="read(1150) " fcode="read"/>
<opset="sext_ln225/1 "/>
</bind>
</comp>

<comp id="104" class="1004" name="sext_ln624_read_fu_104">
<pin_list>
<pin id="105" dir="0" index="0" bw="62" slack="0"/>
<pin id="106" dir="0" index="1" bw="62" slack="0"/>
<pin id="107" dir="1" index="2" bw="62" slack="2147483647"/>
</pin_list>
<bind>
<opcode="read(1150) " fcode="read"/>
<opset="sext_ln624/1 "/>
</bind>
</comp>

<comp id="110" class="1004" name="grp_readreq_fu_110">
<pin_list>
<pin id="111" dir="0" index="0" bw="1" slack="0"/>
<pin id="112" dir="0" index="1" bw="32" slack="1"/>
<pin id="113" dir="0" index="2" bw="1" slack="0"/>
<pin id="114" dir="1" index="3" bw="1" slack="2147483647"/>
</pin_list>
<bind>
<opcode="readreq(1154) " fcode="readreq"/>
<opset="g0_load_174_req/2 g0_load_175_req/3 "/>
</bind>
</comp>

<comp id="117" class="1004" name="grp_read_fu_117">
<pin_list>
<pin id="118" dir="0" index="0" bw="32" slack="0"/>
<pin id="119" dir="0" index="1" bw="32" slack="9"/>
<pin id="120" dir="1" index="2" bw="32" slack="1"/>
</pin_list>
<bind>
<opcode="read(1150) " fcode="read"/>
<opset="g0_addr_read/10 g0_addr_92_read/11 "/>
</bind>
</comp>

<comp id="122" class="1004" name="g0_addr_343_req_writereq_fu_122">
<pin_list>
<pin id="123" dir="0" index="0" bw="1" slack="0"/>
<pin id="124" dir="0" index="1" bw="32" slack="14"/>
<pin id="125" dir="0" index="2" bw="1" slack="0"/>
<pin id="126" dir="1" index="3" bw="1" slack="2147483647"/>
</pin_list>
<bind>
<opcode="writereq(1155) " fcode="writereq"/>
<opset="g0_addr_343_req/15 "/>
</bind>
</comp>

<comp id="129" class="1004" name="write_ln29_write_fu_129">
<pin_list>
<pin id="130" dir="0" index="0" bw="0" slack="0"/>
<pin id="131" dir="0" index="1" bw="32" slack="15"/>
<pin id="132" dir="0" index="2" bw="32" slack="0"/>
<pin id="133" dir="0" index="3" bw="1" slack="0"/>
<pin id="134" dir="1" index="4" bw="0" slack="2147483647"/>
</pin_list>
<bind>
<opcode="write(1151) " fcode="write"/>
<opset="write_ln29/16 "/>
</bind>
</comp>

<comp id="137" class="1004" name="grp_writeresp_fu_137">
<pin_list>
<pin id="138" dir="0" index="0" bw="1" slack="0"/>
<pin id="139" dir="0" index="1" bw="32" slack="16"/>
<pin id="140" dir="1" index="2" bw="1" slack="2147483647"/>
</pin_list>
<bind>
<opcode="writeresp(1158) " fcode="writeresp"/>
<opset="g0_addr_343_resp/17 "/>
</bind>
</comp>

<comp id="142" class="1004" name="grp_fu_142">
<pin_list>
<pin id="143" dir="0" index="0" bw="32" slack="0"/>
<pin id="144" dir="0" index="1" bw="32" slack="0"/>
<pin id="145" dir="1" index="2" bw="32" slack="1"/>
</pin_list>
<bind>
<opcode="fadd(9) " fcode="fadd"/>
<opset="v5/12 "/>
</bind>
</comp>

<comp id="146" class="1004" name="sext_ln22_1_cast_fu_146">
<pin_list>
<pin id="147" dir="0" index="0" bw="62" slack="0"/>
<pin id="148" dir="1" index="1" bw="63" slack="1"/>
</pin_list>
<bind>
<opcode="sext(35) " fcode="sext"/>
<opset="sext_ln22_1_cast/1 "/>
</bind>
</comp>

<comp id="150" class="1004" name="store_ln22_store_fu_150">
<pin_list>
<pin id="151" dir="0" index="0" bw="1" slack="0"/>
<pin id="152" dir="0" index="1" bw="4" slack="0"/>
<pin id="153" dir="1" index="2" bw="0" slack="2147483647"/>
</pin_list>
<bind>
<opcode="store(28) " fcode="store"/>
<opset="store_ln22/1 "/>
</bind>
</comp>

<comp id="155" class="1004" name="v2_1_load_fu_155">
<pin_list>
<pin id="156" dir="0" index="0" bw="4" slack="0"/>
<pin id="157" dir="1" index="1" bw="4" slack="0"/>
</pin_list>
<bind>
<opcode="load(27) " fcode="load"/>
<opset="v2_1/1 "/>
</bind>
</comp>

<comp id="158" class="1004" name="icmp_ln22_fu_158">
<pin_list>
<pin id="159" dir="0" index="0" bw="4" slack="0"/>
<pin id="160" dir="0" index="1" bw="4" slack="0"/>
<pin id="161" dir="1" index="2" bw="1" slack="1"/>
</pin_list>
<bind>
<opcode="icmp(45) " fcode="icmp"/>
<opset="icmp_ln22/1 "/>
</bind>
</comp>

<comp id="164" class="1004" name="add_ln22_fu_164">
<pin_list>
<pin id="165" dir="0" index="0" bw="4" slack="0"/>
<pin id="166" dir="0" index="1" bw="1" slack="0"/>
<pin id="167" dir="1" index="2" bw="4" slack="0"/>
</pin_list>
<bind>
<opcode="add(8) " fcode="add"/>
<opset="add_ln22/1 "/>
</bind>
</comp>

<comp id="170" class="1004" name="shl_ln_fu_170">
<pin_list>
<pin id="171" dir="0" index="0" bw="6" slack="0"/>
<pin id="172" dir="0" index="1" bw="4" slack="0"/>
<pin id="173" dir="0" index="2" bw="1" slack="0"/>
<pin id="174" dir="1" index="3" bw="6" slack="0"/>
</pin_list>
<bind>
<opcode="bitconcatenate(1004) " fcode="bitconcatenate"/>
<opset="shl_ln/1 "/>
</bind>
</comp>

<comp id="178" class="1004" name="zext_ln26_fu_178">
<pin_list>
<pin id="179" dir="0" index="0" bw="6" slack="0"/>
<pin id="180" dir="1" index="1" bw="64" slack="0"/>
</pin_list>
<bind>
<opcode="zext(34) " fcode="zext"/>
<opset="zext_ln26/1 "/>
</bind>
</comp>

<comp id="182" class="1004" name="add_ln26_fu_182">
<pin_list>
<pin id="183" dir="0" index="0" bw="6" slack="0"/>
<pin id="184" dir="0" index="1" bw="64" slack="0"/>
<pin id="185" dir="1" index="2" bw="64" slack="0"/>
</pin_list>
<bind>
<opcode="add(8) " fcode="add"/>
<opset="add_ln26/1 "/>
</bind>
</comp>

<comp id="188" class="1004" name="trunc_ln26_fu_188">
<pin_list>
<pin id="189" dir="0" index="0" bw="62" slack="0"/>
<pin id="190" dir="0" index="1" bw="64" slack="0"/>
<pin id="191" dir="0" index="2" bw="3" slack="0"/>
<pin id="192" dir="0" index="3" bw="7" slack="0"/>
<pin id="193" dir="1" index="4" bw="62" slack="0"/>
</pin_list>
<bind>
<opcode="partselect(1002) " fcode="partselect"/>
<opset="trunc_ln26/1 "/>
</bind>
</comp>

<comp id="198" class="1004" name="sext_ln26_fu_198">
<pin_list>
<pin id="199" dir="0" index="0" bw="62" slack="0"/>
<pin id="200" dir="1" index="1" bw="64" slack="0"/>
</pin_list>
<bind>
<opcode="sext(35) " fcode="sext"/>
<opset="sext_ln26/1 "/>
</bind>
</comp>

<comp id="202" class="1004" name="g0_addr_fu_202">
<pin_list>
<pin id="203" dir="0" index="0" bw="64" slack="0"/>
<pin id="204" dir="0" index="1" bw="64" slack="0"/>
<pin id="205" dir="1" index="2" bw="64" slack="1"/>
</pin_list>
<bind>
<opcode="getelementptr(29) " fcode="getelementptr"/>
<opset="g0_addr/1 "/>
</bind>
</comp>

<comp id="208" class="1004" name="store_ln22_store_fu_208">
<pin_list>
<pin id="209" dir="0" index="0" bw="4" slack="0"/>
<pin id="210" dir="0" index="1" bw="4" slack="0"/>
<pin id="211" dir="1" index="2" bw="0" slack="2147483647"/>
</pin_list>
<bind>
<opcode="store(28) " fcode="store"/>
<opset="store_ln22/1 "/>
</bind>
</comp>

<comp id="213" class="1004" name="zext_ln22_fu_213">
<pin_list>
<pin id="214" dir="0" index="0" bw="4" slack="1"/>
<pin id="215" dir="1" index="1" bw="63" slack="0"/>
</pin_list>
<bind>
<opcode="zext(34) " fcode="zext"/>
<opset="zext_ln22/2 "/>
</bind>
</comp>

<comp id="216" class="1004" name="add_ln27_fu_216">
<pin_list>
<pin id="217" dir="0" index="0" bw="4" slack="0"/>
<pin id="218" dir="0" index="1" bw="62" slack="1"/>
<pin id="219" dir="1" index="2" bw="63" slack="0"/>
</pin_list>
<bind>
<opcode="add(8) " fcode="add"/>
<opset="add_ln27/2 "/>
</bind>
</comp>

<comp id="221" class="1004" name="sext_ln27_fu_221">
<pin_list>
<pin id="222" dir="0" index="0" bw="63" slack="0"/>
<pin id="223" dir="1" index="1" bw="64" slack="0"/>
</pin_list>
<bind>
<opcode="sext(35) " fcode="sext"/>
<opset="sext_ln27/2 "/>
</bind>
</comp>

<comp id="225" class="1004" name="g0_addr_92_fu_225">
<pin_list>
<pin id="226" dir="0" index="0" bw="64" slack="0"/>
<pin id="227" dir="0" index="1" bw="64" slack="0"/>
<pin id="228" dir="1" index="2" bw="64" slack="1"/>
</pin_list>
<bind>
<opcode="getelementptr(29) " fcode="getelementptr"/>
<opset="g0_addr_92/2 "/>
</bind>
</comp>

<comp id="231" class="1004" name="v3_fu_231">
<pin_list>
<pin id="232" dir="0" index="0" bw="32" slack="2"/>
<pin id="233" dir="1" index="1" bw="32" slack="0"/>
</pin_list>
<bind>
<opcode="bitcast(44) " fcode="bitcast"/>
<opset="v3/12 "/>
</bind>
</comp>

<comp id="235" class="1004" name="v4_fu_235">
<pin_list>
<pin id="236" dir="0" index="0" bw="32" slack="1"/>
<pin id="237" dir="1" index="1" bw="32" slack="0"/>
</pin_list>
<bind>
<opcode="bitcast(44) " fcode="bitcast"/>
<opset="v4/12 "/>
</bind>
</comp>

<comp id="239" class="1004" name="bitcast_ln29_fu_239">
<pin_list>
<pin id="240" dir="0" index="0" bw="32" slack="1"/>
<pin id="241" dir="1" index="1" bw="32" slack="0"/>
</pin_list>
<bind>
<opcode="bitcast(44) " fcode="bitcast"/>
<opset="bitcast_ln29/16 "/>
</bind>
</comp>

<comp id="243" class="1005" name="v2_reg_243">
<pin_list>
<pin id="244" dir="0" index="0" bw="4" slack="0"/>
<pin id="245" dir="1" index="1" bw="4" slack="0"/>
</pin_list>
<bind>
<opset="v2 "/>
</bind>
</comp>

<comp id="250" class="1005" name="sext_ln22_1_cast_reg_250">
<pin_list>
<pin id="251" dir="0" index="0" bw="63" slack="1"/>
<pin id="252" dir="1" index="1" bw="63" slack="1"/>
</pin_list>
<bind>
<opset="sext_ln22_1_cast "/>
</bind>
</comp>

<comp id="255" class="1005" name="v2_1_reg_255">
<pin_list>
<pin id="256" dir="0" index="0" bw="4" slack="1"/>
<pin id="257" dir="1" index="1" bw="4" slack="1"/>
</pin_list>
<bind>
<opset="v2_1 "/>
</bind>
</comp>

<comp id="260" class="1005" name="icmp_ln22_reg_260">
<pin_list>
<pin id="261" dir="0" index="0" bw="1" slack="1"/>
<pin id="262" dir="1" index="1" bw="1" slack="2147483647"/>
</pin_list>
<bind>
<opset="icmp_ln22 "/>
</bind>
</comp>

<comp id="264" class="1005" name="g0_addr_reg_264">
<pin_list>
<pin id="265" dir="0" index="0" bw="32" slack="1"/>
<pin id="266" dir="1" index="1" bw="32" slack="1"/>
</pin_list>
<bind>
<opset="g0_addr "/>
</bind>
</comp>

<comp id="273" class="1005" name="g0_addr_92_reg_273">
<pin_list>
<pin id="274" dir="0" index="0" bw="32" slack="1"/>
<pin id="275" dir="1" index="1" bw="32" slack="1"/>
</pin_list>
<bind>
<opset="g0_addr_92 "/>
</bind>
</comp>

<comp id="279" class="1005" name="g0_addr_read_reg_279">
<pin_list>
<pin id="280" dir="0" index="0" bw="32" slack="2"/>
<pin id="281" dir="1" index="1" bw="32" slack="2"/>
</pin_list>
<bind>
<opset="g0_addr_read "/>
</bind>
</comp>

<comp id="284" class="1005" name="g0_addr_92_read_reg_284">
<pin_list>
<pin id="285" dir="0" index="0" bw="32" slack="1"/>
<pin id="286" dir="1" index="1" bw="32" slack="1"/>
</pin_list>
<bind>
<opset="g0_addr_92_read "/>
</bind>
</comp>

<comp id="289" class="1005" name="v3_reg_289">
<pin_list>
<pin id="290" dir="0" index="0" bw="32" slack="1"/>
<pin id="291" dir="1" index="1" bw="32" slack="1"/>
</pin_list>
<bind>
<opset="v3 "/>
</bind>
</comp>

<comp id="294" class="1005" name="v4_reg_294">
<pin_list>
<pin id="295" dir="0" index="0" bw="32" slack="1"/>
<pin id="296" dir="1" index="1" bw="32" slack="1"/>
</pin_list>
<bind>
<opset="v4 "/>
</bind>
</comp>

<comp id="299" class="1005" name="v5_reg_299">
<pin_list>
<pin id="300" dir="0" index="0" bw="32" slack="1"/>
<pin id="301" dir="1" index="1" bw="32" slack="1"/>
</pin_list>
<bind>
<opset="v5 "/>
</bind>
</comp>

</comp_list>

<net_list>
<net id="85"><net_src comp="10" pin="0"/><net_sink comp="82" pin=0"/></net>

<net id="90"><net_src comp="12" pin="0"/><net_sink comp="86" pin=0"/></net>

<net id="91"><net_src comp="8" pin="0"/><net_sink comp="86" pin=1"/></net>

<net id="96"><net_src comp="14" pin="0"/><net_sink comp="92" pin=0"/></net>

<net id="97"><net_src comp="6" pin="0"/><net_sink comp="92" pin=1"/></net>

<net id="102"><net_src comp="12" pin="0"/><net_sink comp="98" pin=0"/></net>

<net id="103"><net_src comp="4" pin="0"/><net_sink comp="98" pin=1"/></net>

<net id="108"><net_src comp="12" pin="0"/><net_sink comp="104" pin=0"/></net>

<net id="109"><net_src comp="2" pin="0"/><net_sink comp="104" pin=1"/></net>

<net id="115"><net_src comp="58" pin="0"/><net_sink comp="110" pin=0"/></net>

<net id="116"><net_src comp="60" pin="0"/><net_sink comp="110" pin=2"/></net>

<net id="121"><net_src comp="62" pin="0"/><net_sink comp="117" pin=0"/></net>

<net id="127"><net_src comp="64" pin="0"/><net_sink comp="122" pin=0"/></net>

<net id="128"><net_src comp="60" pin="0"/><net_sink comp="122" pin=2"/></net>

<net id="135"><net_src comp="66" pin="0"/><net_sink comp="129" pin=0"/></net>

<net id="136"><net_src comp="68" pin="0"/><net_sink comp="129" pin=3"/></net>

<net id="141"><net_src comp="70" pin="0"/><net_sink comp="137" pin=0"/></net>

<net id="149"><net_src comp="86" pin="2"/><net_sink comp="146" pin=0"/></net>

<net id="154"><net_src comp="40" pin="0"/><net_sink comp="150" pin=0"/></net>

<net id="162"><net_src comp="155" pin="1"/><net_sink comp="158" pin=0"/></net>

<net id="163"><net_src comp="44" pin="0"/><net_sink comp="158" pin=1"/></net>

<net id="168"><net_src comp="155" pin="1"/><net_sink comp="164" pin=0"/></net>

<net id="169"><net_src comp="46" pin="0"/><net_sink comp="164" pin=1"/></net>

<net id="175"><net_src comp="48" pin="0"/><net_sink comp="170" pin=0"/></net>

<net id="176"><net_src comp="155" pin="1"/><net_sink comp="170" pin=1"/></net>

<net id="177"><net_src comp="50" pin="0"/><net_sink comp="170" pin=2"/></net>

<net id="181"><net_src comp="170" pin="3"/><net_sink comp="178" pin=0"/></net>

<net id="186"><net_src comp="178" pin="1"/><net_sink comp="182" pin=0"/></net>

<net id="187"><net_src comp="92" pin="2"/><net_sink comp="182" pin=1"/></net>

<net id="194"><net_src comp="52" pin="0"/><net_sink comp="188" pin=0"/></net>

<net id="195"><net_src comp="182" pin="2"/><net_sink comp="188" pin=1"/></net>

<net id="196"><net_src comp="54" pin="0"/><net_sink comp="188" pin=2"/></net>

<net id="197"><net_src comp="56" pin="0"/><net_sink comp="188" pin=3"/></net>

<net id="201"><net_src comp="188" pin="4"/><net_sink comp="198" pin=0"/></net>

<net id="206"><net_src comp="0" pin="0"/><net_sink comp="202" pin=0"/></net>

<net id="207"><net_src comp="198" pin="1"/><net_sink comp="202" pin=1"/></net>

<net id="212"><net_src comp="164" pin="2"/><net_sink comp="208" pin=0"/></net>

<net id="220"><net_src comp="213" pin="1"/><net_sink comp="216" pin=0"/></net>

<net id="224"><net_src comp="216" pin="2"/><net_sink comp="221" pin=0"/></net>

<net id="229"><net_src comp="0" pin="0"/><net_sink comp="225" pin=0"/></net>

<net id="230"><net_src comp="221" pin="1"/><net_sink comp="225" pin=1"/></net>

<net id="234"><net_src comp="231" pin="1"/><net_sink comp="142" pin=0"/></net>

<net id="238"><net_src comp="235" pin="1"/><net_sink comp="142" pin=1"/></net>

<net id="242"><net_src comp="239" pin="1"/><net_sink comp="129" pin=2"/></net>

<net id="246"><net_src comp="82" pin="1"/><net_sink comp="243" pin=0"/></net>

<net id="247"><net_src comp="243" pin="1"/><net_sink comp="150" pin=1"/></net>

<net id="248"><net_src comp="243" pin="1"/><net_sink comp="155" pin=0"/></net>

<net id="249"><net_src comp="243" pin="1"/><net_sink comp="208" pin=1"/></net>

<net id="253"><net_src comp="146" pin="1"/><net_sink comp="250" pin=0"/></net>

<net id="254"><net_src comp="250" pin="1"/><net_sink comp="216" pin=1"/></net>

<net id="258"><net_src comp="155" pin="1"/><net_sink comp="255" pin=0"/></net>

<net id="259"><net_src comp="255" pin="1"/><net_sink comp="213" pin=0"/></net>

<net id="263"><net_src comp="158" pin="2"/><net_sink comp="260" pin=0"/></net>

<net id="267"><net_src comp="202" pin="2"/><net_sink comp="264" pin=0"/></net>

<net id="268"><net_src comp="264" pin="1"/><net_sink comp="110" pin=1"/></net>

<net id="269"><net_src comp="264" pin="1"/><net_sink comp="117" pin=1"/></net>

<net id="270"><net_src comp="264" pin="1"/><net_sink comp="122" pin=1"/></net>

<net id="271"><net_src comp="264" pin="1"/><net_sink comp="129" pin=1"/></net>

<net id="272"><net_src comp="264" pin="1"/><net_sink comp="137" pin=1"/></net>

<net id="276"><net_src comp="225" pin="2"/><net_sink comp="273" pin=0"/></net>

<net id="277"><net_src comp="273" pin="1"/><net_sink comp="110" pin=1"/></net>

<net id="278"><net_src comp="273" pin="1"/><net_sink comp="117" pin=1"/></net>

<net id="282"><net_src comp="117" pin="2"/><net_sink comp="279" pin=0"/></net>

<net id="283"><net_src comp="279" pin="1"/><net_sink comp="231" pin=0"/></net>

<net id="287"><net_src comp="117" pin="2"/><net_sink comp="284" pin=0"/></net>

<net id="288"><net_src comp="284" pin="1"/><net_sink comp="235" pin=0"/></net>

<net id="292"><net_src comp="231" pin="1"/><net_sink comp="289" pin=0"/></net>

<net id="293"><net_src comp="289" pin="1"/><net_sink comp="142" pin=0"/></net>

<net id="297"><net_src comp="235" pin="1"/><net_sink comp="294" pin=0"/></net>

<net id="298"><net_src comp="294" pin="1"/><net_sink comp="142" pin=1"/></net>

<net id="302"><net_src comp="142" pin="2"/><net_sink comp="299" pin=0"/></net>

<net id="303"><net_src comp="299" pin="1"/><net_sink comp="239" pin=0"/></net>

</net_list>

</model> 
---------------- Datapath Model END ------------------

* FSMD analyzer results:
  - Output states:
	Port: g0 | {15 16 17 18 19 20 21 }
 - Input state : 
	Port: control_Pipeline_VITIS_LOOP_22_1 : g0 | {2 3 4 5 6 7 8 9 10 11 }
	Port: control_Pipeline_VITIS_LOOP_22_1 : sext_ln62 | {1 }
	Port: control_Pipeline_VITIS_LOOP_22_1 : sext_ln22 | {1 }
	Port: control_Pipeline_VITIS_LOOP_22_1 : v1162 | {1 }
	Port: control_Pipeline_VITIS_LOOP_22_1 : sext_ln22_1 | {1 }
  - Chain level:
	State 1
		store_ln22 : 1
		v2_1 : 1
		icmp_ln22 : 2
		add_ln22 : 2
		br_ln22 : 3
		shl_ln : 2
		zext_ln26 : 3
		add_ln26 : 4
		trunc_ln26 : 5
		sext_ln26 : 6
		g0_addr : 7
		store_ln22 : 3
	State 2
		add_ln27 : 1
		sext_ln27 : 2
		g0_addr_92 : 3
	State 3
	State 4
	State 5
	State 6
	State 7
	State 8
	State 9
	State 10
	State 11
	State 12
		v5 : 1
	State 13
	State 14
	State 15
	State 16
		write_ln29 : 1
	State 17
	State 18
	State 19
	State 20
	State 21


============================================================
+ Verbose Summary: Datapath Resource usage 
============================================================

* Functional unit list:
|----------|---------------------------------|---------|---------|---------|
| Operation|         Functional Unit         |   DSP   |    FF   |   LUT   |
|----------|---------------------------------|---------|---------|---------|
|   fadd   |            grp_fu_142           |    2    |   227   |   214   |
|----------|---------------------------------|---------|---------|---------|
|          |         add_ln22_fu_164         |    0    |    0    |    12   |
|    add   |         add_ln26_fu_182         |    0    |    0    |    71   |
|          |         add_ln27_fu_216         |    0    |    0    |    69   |
|----------|---------------------------------|---------|---------|---------|
|   icmp   |         icmp_ln22_fu_158        |    0    |    0    |    12   |
|----------|---------------------------------|---------|---------|---------|
|          |   sext_ln22_1_read_read_fu_86   |    0    |    0    |    0    |
|          |      v1162_read_read_fu_92      |    0    |    0    |    0    |
|   read   |      sext_ln225_read_fu_98      |    0    |    0    |    0    |
|          |      sext_ln624_read_fu_104     |    0    |    0    |    0    |
|          |         grp_read_fu_117         |    0    |    0    |    0    |
|----------|---------------------------------|---------|---------|---------|
|  readreq |        grp_readreq_fu_110       |    0    |    0    |    0    |
|----------|---------------------------------|---------|---------|---------|
| writereq | g0_addr_343_req_writereq_fu_122 |    0    |    0    |    0    |
|----------|---------------------------------|---------|---------|---------|
|   write  |     write_ln29_write_fu_129     |    0    |    0    |    0    |
|----------|---------------------------------|---------|---------|---------|
| writeresp|       grp_writeresp_fu_137      |    0    |    0    |    0    |
|----------|---------------------------------|---------|---------|---------|
|          |     sext_ln22_1_cast_fu_146     |    0    |    0    |    0    |
|   sext   |         sext_ln26_fu_198        |    0    |    0    |    0    |
|          |         sext_ln27_fu_221        |    0    |    0    |    0    |
|----------|---------------------------------|---------|---------|---------|
|bitconcatenate|          shl_ln_fu_170          |    0    |    0    |    0    |
|----------|---------------------------------|---------|---------|---------|
|   zext   |         zext_ln26_fu_178        |    0    |    0    |    0    |
|          |         zext_ln22_fu_213        |    0    |    0    |    0    |
|----------|---------------------------------|---------|---------|---------|
|partselect|        trunc_ln26_fu_188        |    0    |    0    |    0    |
|----------|---------------------------------|---------|---------|---------|
|   Total  |                                 |    2    |   227   |   378   |
|----------|---------------------------------|---------|---------|---------|

Memories:
N/A

* Register list:
+------------------------+--------+
|                        |   FF   |
+------------------------+--------+
| g0_addr_92_read_reg_284|   32   |
|   g0_addr_92_reg_273   |   32   |
|  g0_addr_read_reg_279  |   32   |
|     g0_addr_reg_264    |   32   |
|    icmp_ln22_reg_260   |    1   |
|sext_ln22_1_cast_reg_250|   63   |
|      v2_1_reg_255      |    4   |
|       v2_reg_243       |    4   |
|       v3_reg_289       |   32   |
|       v4_reg_294       |   32   |
|       v5_reg_299       |   32   |
+------------------------+--------+
|          Total         |   296  |
+------------------------+--------+

* Multiplexer (MUX) list: 
|--------------------|------|------|------|--------||---------||---------||---------|
|        Comp        |  Pin | Size |  BW  | S x BW ||  Delay  ||    FF   ||   LUT   |
|--------------------|------|------|------|--------||---------||---------||---------|
| grp_readreq_fu_110 |  p1  |   2  |  32  |   64   ||    0    ||    9    |
|   grp_read_fu_117  |  p1  |   2  |  32  |   64   ||    0    ||    9    |
|     grp_fu_142     |  p0  |   2  |  32  |   64   ||    0    ||    9    |
|     grp_fu_142     |  p1  |   2  |  32  |   64   ||    0    ||    9    |
|--------------------|------|------|------|--------||---------||---------||---------|
|        Total       |      |      |      |   256  ||  1.708  ||    0    ||    36   |
|--------------------|------|------|------|--------||---------||---------||---------|



* Summary:
+-----------+--------+--------+--------+--------+
|           |   DSP  |  Delay |   FF   |   LUT  |
+-----------+--------+--------+--------+--------+
|  Function |    2   |    -   |   227  |   378  |
|   Memory  |    -   |    -   |    -   |    -   |
|Multiplexer|    -   |    1   |    0   |   36   |
|  Register |    -   |    -   |   296  |    -   |
+-----------+--------+--------+--------+--------+
|   Total   |    2   |    1   |   523  |   414  |
+-----------+--------+--------+--------+--------+
