

================================================================
== Vitis HLS Report for 'control_Pipeline_32'
================================================================
* Date:           Sun Jul 12 20:26:38 2026

* Version:        2025.2 (Build 6295257 on Nov 14 2025)
* Project:        spikingformer_proj
* Solution:       solution1 (Vivado IP Flow Target)
* Product family: zynquplus
* Target device:  xczu7ev-ffvc1156-2-e


================================================================
== Performance Estimates
================================================================
+ Timing: 
    * Summary: 
    +--------+----------+----------+------------+
    |  Clock |  Target  | Estimated| Uncertainty|
    +--------+----------+----------+------------+
    |ap_clk  |  10.00 ns|  7.300 ns|     2.70 ns|
    +--------+----------+----------+------------+

+ Latency: 
    * Summary: 
    +---------+---------+----------+----------+-----+-----+-------------------+
    |  Latency (cycles) |  Latency (absolute) |  Interval |      Pipeline     |
    |   min   |   max   |    min   |    max   | min | max |        Type       |
    +---------+---------+----------+----------+-----+-----+-------------------+
    |      195|      195|  1.950 us|  1.950 us|    0|    0|  loop pipeline stp|
    +---------+---------+----------+----------+-----+-----+-------------------+

    + Detail: 
        * Instance: 
        N/A

        * Loop: 
        +----------+---------+---------+----------+-----------+-----------+------+----------+
        |          |  Latency (cycles) | Iteration|  Initiation Interval  | Trip |          |
        | Loop Name|   min   |   max   |  Latency |  achieved |   target  | Count| Pipelined|
        +----------+---------+---------+----------+-----------+-----------+------+----------+
        |- Loop 1  |      193|      193|         3|          1|          1|   192|       yes|
        +----------+---------+---------+----------+-----------+-----------+------+----------+



================================================================
== Utilization Estimates
================================================================
* Summary: 
+-----------------+---------+------+--------+--------+-----+
|       Name      | BRAM_18K|  DSP |   FF   |   LUT  | URAM|
+-----------------+---------+------+--------+--------+-----+
|DSP              |        -|     -|       -|       -|    -|
|Expression       |        -|     -|       0|      34|    -|
|FIFO             |        -|     -|       -|       -|    -|
|Instance         |        -|     -|       -|       -|    -|
|Memory           |        -|     -|       -|       -|    -|
|Multiplexer      |        -|     -|       0|      45|    -|
|Register         |        -|     -|      62|       -|    -|
+-----------------+---------+------+--------+--------+-----+
|Total            |        0|     0|      62|      79|    0|
+-----------------+---------+------+--------+--------+-----+
|Available        |      624|  1728|  460800|  230400|   96|
+-----------------+---------+------+--------+--------+-----+
|Utilization (%)  |        0|     0|      ~0|      ~0|    0|
+-----------------+---------+------+--------+--------+-----+

+ Detail: 
    * Instance: 
    N/A

    * DSP: 
    N/A

    * Memory: 
    N/A

    * FIFO: 
    N/A

    * Expression: 
    +-----------------------------+----------+----+---+----+------------+------------+
    |        Variable Name        | Operation| DSP| FF| LUT| Bitwidth P0| Bitwidth P1|
    +-----------------------------+----------+----+---+----+------------+------------+
    |empty_fu_98_p2               |         +|   0|  0|  15|           8|           1|
    |ap_block_pp0_stage0_11001    |       and|   0|  0|   2|           1|           1|
    |exitcond13_i390268_fu_92_p2  |      icmp|   0|  0|  15|           8|           8|
    |ap_enable_pp0                |       xor|   0|  0|   2|           1|           2|
    +-----------------------------+----------+----+---+----+------------+------------+
    |Total                        |          |   0|  0|  34|          18|          12|
    +-----------------------------+----------+----+---+----+------------+------------+

    * Multiplexer: 
    +---------------------------------------+----+-----------+-----+-----------+
    |                  Name                 | LUT| Input Size| Bits| Total Bits|
    +---------------------------------------+----+-----------+-----+-----------+
    |ap_done_int                            |   9|          2|    1|          2|
    |ap_enable_reg_pp0_iter1                |   9|          2|    1|          2|
    |ap_sig_allocacmp_loop_index_i389_load  |   9|          2|    8|         16|
    |g0_blk_n_R                             |   9|          2|    1|          2|
    |loop_index_i389_fu_52                  |   9|          2|    8|         16|
    +---------------------------------------+----+-----------+-----+-----------+
    |Total                                  |  45|         10|   19|         38|
    +---------------------------------------+----+-----------+-----+-----------+

    * Register: 
    +--------------------------------------------+----+----+-----+-----------+
    |                    Name                    | FF | LUT| Bits| Const Bits|
    +--------------------------------------------+----+----+-----+-----------+
    |ap_CS_fsm                                   |   1|   0|    1|          0|
    |ap_block_pp0_stage0_subdone_grp0_done_reg   |   1|   0|    1|          0|
    |ap_done_reg                                 |   1|   0|    1|          0|
    |ap_enable_reg_pp0_iter1                     |   1|   0|    1|          0|
    |ap_enable_reg_pp0_iter2                     |   1|   0|    1|          0|
    |ap_loop_exit_ready_pp0_iter1_reg            |   1|   0|    1|          0|
    |g0_addr_read_reg_144                        |  32|   0|   32|          0|
    |loop_index_i389_fu_52                       |   8|   0|    8|          0|
    |loop_index_i389_load_reg_135                |   8|   0|    8|          0|
    |loop_index_i389_load_reg_135_pp0_iter1_reg  |   8|   0|    8|          0|
    +--------------------------------------------+----+----+-----+-----------+
    |Total                                       |  62|   0|   62|          0|
    +--------------------------------------------+----+----+-----+-----------+



================================================================
== Interface
================================================================
* Summary: 
+---------------------+-----+-----+------------+---------------------+--------------+
|      RTL Ports      | Dir | Bits|  Protocol  |    Source Object    |    C Type    |
+---------------------+-----+-----+------------+---------------------+--------------+
|ap_clk               |   in|    1|  ap_ctrl_hs|  control_Pipeline_32|  return value|
|ap_rst               |   in|    1|  ap_ctrl_hs|  control_Pipeline_32|  return value|
|ap_start             |   in|    1|  ap_ctrl_hs|  control_Pipeline_32|  return value|
|ap_done              |  out|    1|  ap_ctrl_hs|  control_Pipeline_32|  return value|
|ap_idle              |  out|    1|  ap_ctrl_hs|  control_Pipeline_32|  return value|
|ap_ready             |  out|    1|  ap_ctrl_hs|  control_Pipeline_32|  return value|
|m_axi_g0_0_AWVALID   |  out|    1|       m_axi|                   g0|       pointer|
|m_axi_g0_0_AWREADY   |   in|    1|       m_axi|                   g0|       pointer|
|m_axi_g0_0_AWADDR    |  out|   64|       m_axi|                   g0|       pointer|
|m_axi_g0_0_AWID      |  out|    1|       m_axi|                   g0|       pointer|
|m_axi_g0_0_AWLEN     |  out|   32|       m_axi|                   g0|       pointer|
|m_axi_g0_0_AWSIZE    |  out|    3|       m_axi|                   g0|       pointer|
|m_axi_g0_0_AWBURST   |  out|    2|       m_axi|                   g0|       pointer|
|m_axi_g0_0_AWLOCK    |  out|    2|       m_axi|                   g0|       pointer|
|m_axi_g0_0_AWCACHE   |  out|    4|       m_axi|                   g0|       pointer|
|m_axi_g0_0_AWPROT    |  out|    3|       m_axi|                   g0|       pointer|
|m_axi_g0_0_AWQOS     |  out|    4|       m_axi|                   g0|       pointer|
|m_axi_g0_0_AWREGION  |  out|    4|       m_axi|                   g0|       pointer|
|m_axi_g0_0_AWUSER    |  out|    1|       m_axi|                   g0|       pointer|
|m_axi_g0_0_WVALID    |  out|    1|       m_axi|                   g0|       pointer|
|m_axi_g0_0_WREADY    |   in|    1|       m_axi|                   g0|       pointer|
|m_axi_g0_0_WDATA     |  out|   32|       m_axi|                   g0|       pointer|
|m_axi_g0_0_WSTRB     |  out|    4|       m_axi|                   g0|       pointer|
|m_axi_g0_0_WLAST     |  out|    1|       m_axi|                   g0|       pointer|
|m_axi_g0_0_WID       |  out|    1|       m_axi|                   g0|       pointer|
|m_axi_g0_0_WUSER     |  out|    1|       m_axi|                   g0|       pointer|
|m_axi_g0_0_ARVALID   |  out|    1|       m_axi|                   g0|       pointer|
|m_axi_g0_0_ARREADY   |   in|    1|       m_axi|                   g0|       pointer|
|m_axi_g0_0_ARADDR    |  out|   64|       m_axi|                   g0|       pointer|
|m_axi_g0_0_ARID      |  out|    1|       m_axi|                   g0|       pointer|
|m_axi_g0_0_ARLEN     |  out|   32|       m_axi|                   g0|       pointer|
|m_axi_g0_0_ARSIZE    |  out|    3|       m_axi|                   g0|       pointer|
|m_axi_g0_0_ARBURST   |  out|    2|       m_axi|                   g0|       pointer|
|m_axi_g0_0_ARLOCK    |  out|    2|       m_axi|                   g0|       pointer|
|m_axi_g0_0_ARCACHE   |  out|    4|       m_axi|                   g0|       pointer|
|m_axi_g0_0_ARPROT    |  out|    3|       m_axi|                   g0|       pointer|
|m_axi_g0_0_ARQOS     |  out|    4|       m_axi|                   g0|       pointer|
|m_axi_g0_0_ARREGION  |  out|    4|       m_axi|                   g0|       pointer|
|m_axi_g0_0_ARUSER    |  out|    1|       m_axi|                   g0|       pointer|
|m_axi_g0_0_RVALID    |   in|    1|       m_axi|                   g0|       pointer|
|m_axi_g0_0_RREADY    |  out|    1|       m_axi|                   g0|       pointer|
|m_axi_g0_0_RDATA     |   in|   32|       m_axi|                   g0|       pointer|
|m_axi_g0_0_RLAST     |   in|    1|       m_axi|                   g0|       pointer|
|m_axi_g0_0_RID       |   in|    1|       m_axi|                   g0|       pointer|
|m_axi_g0_0_RFIFONUM  |   in|    9|       m_axi|                   g0|       pointer|
|m_axi_g0_0_RUSER     |   in|    1|       m_axi|                   g0|       pointer|
|m_axi_g0_0_RRESP     |   in|    2|       m_axi|                   g0|       pointer|
|m_axi_g0_0_BVALID    |   in|    1|       m_axi|                   g0|       pointer|
|m_axi_g0_0_BREADY    |  out|    1|       m_axi|                   g0|       pointer|
|m_axi_g0_0_BRESP     |   in|    2|       m_axi|                   g0|       pointer|
|m_axi_g0_0_BID       |   in|    1|       m_axi|                   g0|       pointer|
|m_axi_g0_0_BUSER     |   in|    1|       m_axi|                   g0|       pointer|
|sext_ln1789          |   in|   62|     ap_none|          sext_ln1789|        scalar|
|v732_address0        |  out|    8|   ap_memory|                 v732|         array|
|v732_ce0             |  out|    1|   ap_memory|                 v732|         array|
|v732_we0             |  out|    1|   ap_memory|                 v732|         array|
|v732_d0              |  out|   32|   ap_memory|                 v732|         array|
+---------------------+-----+-----+------------+---------------------+--------------+

============================================================
+ Verbose Summary: Synthesis Manager
============================================================
InlineROM: 1
ExposeGlobal: 0
============================================================
+ Verbose Summary: CDFG Model
============================================================
IsTopModel: 0
ResetActiveHigh: 1
IsCombinational: 2
IsDatapathOnly: 2
HasWiredReturn: 1
HasMFsm: 2
HasVarLatency: 1
IsPipeline: 0
IsRtlPipelined: 0
IsInstanceOverlapped: 0
IsDontTouch: 0
HasImplIP: 0
IsGatedGlobalClock: 0

+ Individual pipeline summary: 
  * Pipeline-0: initiation interval (II) = 1, depth = 3


============================================================
+ Verbose Summary: Schedule
============================================================
* Number of FSM states : 3
* Pipeline : 1
  Pipeline-0 : II = 1, D = 3, States = { 1 2 3 }
* Dataflow Pipeline: 0

* FSM state transitions: 
1 --> 2 
2 --> 3 
3 --> 

* FSM state operations: 

State 1 <SV = 0> <Delay = 1.61>
ST_1 : Operation 6 [1/1] (0.00ns)   --->   "%loop_index_i389 = alloca i32 1"   --->   Operation 6 'alloca' 'loop_index_i389' <Predicate = true> <Delay = 0.00>
ST_1 : Operation 7 [1/1] (0.00ns)   --->   "%sext_ln1789_read = read i62 @_ssdm_op_Read.ap_auto.i62, i62 %sext_ln1789"   --->   Operation 7 'read' 'sext_ln1789_read' <Predicate = true> <Delay = 0.00>
ST_1 : Operation 8 [1/1] (0.00ns)   --->   "%sext_ln1789_cast = sext i62 %sext_ln1789_read"   --->   Operation 8 'sext' 'sext_ln1789_cast' <Predicate = true> <Delay = 0.00>
ST_1 : Operation 9 [1/1] (0.00ns)   --->   "%specstablecontent_ln0 = specstablecontent void @_ssdm_op_SpecStableContent, i32 %g0, i1 1, void "   --->   Operation 9 'specstablecontent' 'specstablecontent_ln0' <Predicate = true> <Delay = 0.00>
ST_1 : Operation 10 [1/1] (0.00ns)   --->   "%specinterface_ln0 = specinterface void @_ssdm_op_SpecInterface, i32 %g0, void @empty_26, i32 0, i32 0, void @empty_35, i32 0, i32 0, void @empty_22, void @empty_25, void @empty_35, i32 16, i32 16, i32 16, i32 16, void @empty_35, void @empty_35, i32 4294967295, i32 0, i32 0, i32 4"   --->   Operation 10 'specinterface' 'specinterface_ln0' <Predicate = true> <Delay = 0.00>
ST_1 : Operation 11 [1/1] (0.42ns)   --->   "%store_ln0 = store i8 0, i8 %loop_index_i389"   --->   Operation 11 'store' 'store_ln0' <Predicate = true> <Delay = 0.42>
ST_1 : Operation 12 [1/1] (0.00ns)   --->   "%br_ln0 = br void %load-store-loop.i391"   --->   Operation 12 'br' 'br_ln0' <Predicate = true> <Delay = 0.00>
ST_1 : Operation 13 [1/1] (0.00ns)   --->   "%loop_index_i389_load = load i8 %loop_index_i389"   --->   Operation 13 'load' 'loop_index_i389_load' <Predicate = true> <Delay = 0.00>
ST_1 : Operation 14 [1/1] (0.00ns)   --->   "%specbitsmap_ln0 = specbitsmap void @_ssdm_op_SpecBitsMap, i32 %g0"   --->   Operation 14 'specbitsmap' 'specbitsmap_ln0' <Predicate = true> <Delay = 0.00>
ST_1 : Operation 15 [1/1] (0.76ns)   --->   "%exitcond13_i390268 = icmp_eq  i8 %loop_index_i389_load, i8 192"   --->   Operation 15 'icmp' 'exitcond13_i390268' <Predicate = true> <Delay = 0.76> <CoreInst = "Cmp">   --->   Core 9 'Cmp' <Latency = 0> <II = 1> <Delay = 0.76> <FuncUnit> <Opcode : 'seteq' 'setne' 'setle' 'setge' 'setlt' 'setgt'> <InPorts = 2> <OutPorts = 1>
ST_1 : Operation 16 [1/1] (0.76ns)   --->   "%empty = add i8 %loop_index_i389_load, i8 1"   --->   Operation 16 'add' 'empty' <Predicate = true> <Delay = 0.76> <CoreInst = "Adder">   --->   Core 1 'Adder' <Latency = 0> <II = 1> <Delay = 0.76> <FuncUnit> <Opcode : 'add' 'sub'> <InPorts = 2> <OutPorts = 1>
ST_1 : Operation 17 [1/1] (0.00ns)   --->   "%br_ln0 = br i1 %exitcond13_i390268, void %load-store-loop.i391.split, void %VITIS_LOOP_1791_1.i.exitStub"   --->   Operation 17 'br' 'br_ln0' <Predicate = true> <Delay = 0.00>
ST_1 : Operation 18 [1/1] (0.42ns)   --->   "%store_ln0 = store i8 %empty, i8 %loop_index_i389"   --->   Operation 18 'store' 'store_ln0' <Predicate = (!exitcond13_i390268)> <Delay = 0.42>

State 2 <SV = 1> <Delay = 7.30>
ST_2 : Operation 19 [1/1] (0.00ns)   --->   "%g0_addr = getelementptr i32 %g0, i64 %sext_ln1789_cast" [spikingformer_official.cpp:1789->spikingformer_official.cpp:2385]   --->   Operation 19 'getelementptr' 'g0_addr' <Predicate = true> <Delay = 0.00>
ST_2 : Operation 20 [1/1] ( I:7.30ns O:7.30ns )   --->   "%g0_addr_read = read i32 @_ssdm_op_Read.m_axi.i32.p1i32, i64 %g0_addr" [spikingformer_official.cpp:1789->spikingformer_official.cpp:2385]   --->   Operation 20 'read' 'g0_addr_read' <Predicate = true> <Delay = 7.30> <CoreInst = "m_axi">   --->   Core 119 'm_axi' <Latency = 3> <II = 1> <Delay = 1.00> <Adapter> <Opcode : 'readrequnaligned' 'writerequnaligned' 'read' 'write' 'readreq' 'writereq' 'writeresp'>
ST_2 : Operation 28 [1/1] (0.42ns)   --->   "%ret_ln0 = ret"   --->   Operation 28 'ret' 'ret_ln0' <Predicate = (exitcond13_i390268)> <Delay = 0.42>

State 3 <SV = 2> <Delay = 1.23>
ST_3 : Operation 21 [1/1] (0.00ns)   --->   "%loop_index_i389_cast = zext i8 %loop_index_i389_load"   --->   Operation 21 'zext' 'loop_index_i389_cast' <Predicate = true> <Delay = 0.00>
ST_3 : Operation 22 [1/1] (0.00ns)   --->   "%specpipeline_ln0 = specpipeline void @_ssdm_op_SpecPipeline, i32 4294967295, i32 0, i32 0, i32 0, i32 4294967295, void @empty_35"   --->   Operation 22 'specpipeline' 'specpipeline_ln0' <Predicate = true> <Delay = 0.00>
ST_3 : Operation 23 [1/1] (0.00ns)   --->   "%speclooptripcount_ln0 = speclooptripcount void @_ssdm_op_SpecLoopTripCount, i64 192, i64 192, i64 192"   --->   Operation 23 'speclooptripcount' 'speclooptripcount_ln0' <Predicate = true> <Delay = 0.00>
ST_3 : Operation 24 [1/1] (0.00ns)   --->   "%empty_127 = bitcast i32 %g0_addr_read" [spikingformer_official.cpp:1789->spikingformer_official.cpp:2385]   --->   Operation 24 'bitcast' 'empty_127' <Predicate = true> <Delay = 0.00>
ST_3 : Operation 25 [1/1] (0.00ns)   --->   "%v732_addr = getelementptr i32 %v732, i64 0, i64 %loop_index_i389_cast"   --->   Operation 25 'getelementptr' 'v732_addr' <Predicate = true> <Delay = 0.00>
ST_3 : Operation 26 [1/1] ( I:1.23ns O:1.23ns )   --->   "%store_ln1789 = store i32 %empty_127, i8 %v732_addr" [spikingformer_official.cpp:1789->spikingformer_official.cpp:2385]   --->   Operation 26 'store' 'store_ln1789' <Predicate = true> <Delay = 1.23> <CoreInst = "RAM">   --->   Core 82 'RAM' <Latency = 1> <II = 1> <Delay = 1.23> <Storage> <Opcode : 'load' 'store'> <Ports = 2> <Width = 32> <Depth = 192> <RAM>
ST_3 : Operation 27 [1/1] (0.00ns)   --->   "%br_ln0 = br void %load-store-loop.i391"   --->   Operation 27 'br' 'br_ln0' <Predicate = true> <Delay = 0.00>


============================================================
+ Verbose Summary: Binding
============================================================
STG Binding: 
---------------- STG Properties BEGIN ----------------
- Is combinational: 0
- Is one-state seq: 0
- Is datapath-only: 0
- Is pipelined: 0
- Is top level: 0
Port [ Return ] is wired: 1; IO mode=ap_ctrl_hs:ce=0
Port [ g0]:  wired=1; compound=1; hidden=0; nouse=0; global=0; static=0; extern=0; dir=0; type=4; pingpong=0; private_global=0; IO mode=m_axi:ce=0
Port [ sext_ln1789]:  wired=1; compound=0; hidden=0; nouse=0; global=0; static=0; extern=0; dir=0; type=0; pingpong=0; private_global=0; IO mode=ap_none:ce=0
Port [ v732]:  wired=1; compound=1; hidden=0; nouse=0; global=0; static=0; extern=0; dir=1; type=1; pingpong=0; private_global=0; MemPort=[03]; IO mode=ap_memory:ce=0
---------------- STG Properties END ------------------

---------------- Datapath Model BEGIN ----------------

<LifeTime>
<method=bitvector/>
loop_index_i389       (alloca           ) [ 0100]
sext_ln1789_read      (read             ) [ 0000]
sext_ln1789_cast      (sext             ) [ 0110]
specstablecontent_ln0 (specstablecontent) [ 0000]
specinterface_ln0     (specinterface    ) [ 0000]
store_ln0             (store            ) [ 0000]
br_ln0                (br               ) [ 0000]
loop_index_i389_load  (load             ) [ 0111]
specbitsmap_ln0       (specbitsmap      ) [ 0000]
exitcond13_i390268    (icmp             ) [ 0110]
empty                 (add              ) [ 0000]
br_ln0                (br               ) [ 0000]
store_ln0             (store            ) [ 0000]
g0_addr               (getelementptr    ) [ 0000]
g0_addr_read          (read             ) [ 0101]
loop_index_i389_cast  (zext             ) [ 0000]
specpipeline_ln0      (specpipeline     ) [ 0000]
speclooptripcount_ln0 (speclooptripcount) [ 0000]
empty_127             (bitcast          ) [ 0000]
v732_addr             (getelementptr    ) [ 0000]
store_ln1789          (store            ) [ 0000]
br_ln0                (br               ) [ 0000]
ret_ln0               (ret              ) [ 0000]
</LifeTime>

<model>

<comp_list>
<comp id="0" class="1000" name="g0">
<pin_list>
<pin id="1" dir="1" index="0" bw="1" slack="0"/>
</pin_list>
<bind>
<StgValue><ssdm name="g0"/><MemPortTyVec>0 </MemPortTyVec>
</StgValue>
</bind>
</comp>

<comp id="2" class="1000" name="sext_ln1789">
<pin_list>
<pin id="3" dir="1" index="0" bw="1" slack="0"/>
</pin_list>
<bind>
<StgValue><ssdm name="sext_ln1789"/></StgValue>
</bind>
</comp>

<comp id="4" class="1000" name="v732">
<pin_list>
<pin id="5" dir="1" index="0" bw="1" slack="0"/>
</pin_list>
<bind>
<StgValue><ssdm name="v732"/><MemPortTyVec>0 3 </MemPortTyVec>
</StgValue>
</bind>
</comp>

<comp id="6" class="1001" name="const_6">
<pin_list>
<pin id="7" dir="1" index="0" bw="1" slack="0"/>
</pin_list>
<bind>
<StgValue><ssdm name=""/></StgValue>
</bind>
</comp>

<comp id="8" class="1001" name="const_8">
<pin_list>
<pin id="9" dir="1" index="0" bw="1" slack="0"/>
</pin_list>
<bind>
<StgValue><ssdm name="_ssdm_op_Read.ap_auto.i62"/></StgValue>
</bind>
</comp>

<comp id="10" class="1001" name="const_10">
<pin_list>
<pin id="11" dir="1" index="0" bw="1" slack="2147483647"/>
</pin_list>
<bind>
<StgValue><ssdm name="_ssdm_op_SpecStableContent"/></StgValue>
</bind>
</comp>

<comp id="12" class="1001" name="const_12">
<pin_list>
<pin id="13" dir="1" index="0" bw="1" slack="2147483647"/>
</pin_list>
<bind>
<StgValue><ssdm name=""/></StgValue>
</bind>
</comp>

<comp id="14" class="1001" name="const_14">
<pin_list>
<pin id="15" dir="1" index="0" bw="1" slack="2147483647"/>
</pin_list>
<bind>
<StgValue><ssdm name=""/></StgValue>
</bind>
</comp>

<comp id="16" class="1001" name="const_16">
<pin_list>
<pin id="17" dir="1" index="0" bw="1" slack="2147483647"/>
</pin_list>
<bind>
<StgValue><ssdm name="_ssdm_op_SpecInterface"/></StgValue>
</bind>
</comp>

<comp id="18" class="1001" name="const_18">
<pin_list>
<pin id="19" dir="1" index="0" bw="1" slack="2147483647"/>
</pin_list>
<bind>
<StgValue><ssdm name="empty_26"/></StgValue>
</bind>
</comp>

<comp id="20" class="1001" name="const_20">
<pin_list>
<pin id="21" dir="1" index="0" bw="1" slack="2147483647"/>
</pin_list>
<bind>
<StgValue><ssdm name=""/></StgValue>
</bind>
</comp>

<comp id="22" class="1001" name="const_22">
<pin_list>
<pin id="23" dir="1" index="0" bw="1" slack="2147483647"/>
</pin_list>
<bind>
<StgValue><ssdm name="empty_35"/></StgValue>
</bind>
</comp>

<comp id="24" class="1001" name="const_24">
<pin_list>
<pin id="25" dir="1" index="0" bw="1" slack="2147483647"/>
</pin_list>
<bind>
<StgValue><ssdm name="empty_22"/></StgValue>
</bind>
</comp>

<comp id="26" class="1001" name="const_26">
<pin_list>
<pin id="27" dir="1" index="0" bw="1" slack="2147483647"/>
</pin_list>
<bind>
<StgValue><ssdm name="empty_25"/></StgValue>
</bind>
</comp>

<comp id="28" class="1001" name="const_28">
<pin_list>
<pin id="29" dir="1" index="0" bw="1" slack="2147483647"/>
</pin_list>
<bind>
<StgValue><ssdm name=""/></StgValue>
</bind>
</comp>

<comp id="30" class="1001" name="const_30">
<pin_list>
<pin id="31" dir="1" index="0" bw="1" slack="2147483647"/>
</pin_list>
<bind>
<StgValue><ssdm name=""/></StgValue>
</bind>
</comp>

<comp id="32" class="1001" name="const_32">
<pin_list>
<pin id="33" dir="1" index="0" bw="1" slack="2147483647"/>
</pin_list>
<bind>
<StgValue><ssdm name=""/></StgValue>
</bind>
</comp>

<comp id="34" class="1001" name="const_34">
<pin_list>
<pin id="35" dir="1" index="0" bw="1" slack="0"/>
</pin_list>
<bind>
<StgValue><ssdm name=""/></StgValue>
</bind>
</comp>

<comp id="36" class="1001" name="const_36">
<pin_list>
<pin id="37" dir="1" index="0" bw="1" slack="2147483647"/>
</pin_list>
<bind>
<StgValue><ssdm name="_ssdm_op_SpecBitsMap"/></StgValue>
</bind>
</comp>

<comp id="38" class="1001" name="const_38">
<pin_list>
<pin id="39" dir="1" index="0" bw="1" slack="0"/>
</pin_list>
<bind>
<StgValue><ssdm name=""/></StgValue>
</bind>
</comp>

<comp id="40" class="1001" name="const_40">
<pin_list>
<pin id="41" dir="1" index="0" bw="1" slack="0"/>
</pin_list>
<bind>
<StgValue><ssdm name=""/></StgValue>
</bind>
</comp>

<comp id="42" class="1001" name="const_42">
<pin_list>
<pin id="43" dir="1" index="0" bw="1" slack="0"/>
</pin_list>
<bind>
<StgValue><ssdm name="_ssdm_op_Read.m_axi.i32.p1i32"/></StgValue>
</bind>
</comp>

<comp id="44" class="1001" name="const_44">
<pin_list>
<pin id="45" dir="1" index="0" bw="1" slack="2147483647"/>
</pin_list>
<bind>
<StgValue><ssdm name="_ssdm_op_SpecPipeline"/></StgValue>
</bind>
</comp>

<comp id="46" class="1001" name="const_46">
<pin_list>
<pin id="47" dir="1" index="0" bw="1" slack="2147483647"/>
</pin_list>
<bind>
<StgValue><ssdm name="_ssdm_op_SpecLoopTripCount"/></StgValue>
</bind>
</comp>

<comp id="48" class="1001" name="const_48">
<pin_list>
<pin id="49" dir="1" index="0" bw="1" slack="2147483647"/>
</pin_list>
<bind>
<StgValue><ssdm name=""/></StgValue>
</bind>
</comp>

<comp id="50" class="1001" name="const_50">
<pin_list>
<pin id="51" dir="1" index="0" bw="1" slack="0"/>
</pin_list>
<bind>
<StgValue><ssdm name=""/></StgValue>
</bind>
</comp>

<comp id="52" class="1004" name="loop_index_i389_fu_52">
<pin_list>
<pin id="53" dir="0" index="0" bw="1" slack="0"/>
<pin id="54" dir="1" index="1" bw="8" slack="0"/>
</pin_list>
<bind>
<opcode="alloca(26) " fcode="alloca"/>
<opset="loop_index_i389/1 "/>
</bind>
</comp>

<comp id="56" class="1004" name="sext_ln1789_read_read_fu_56">
<pin_list>
<pin id="57" dir="0" index="0" bw="62" slack="0"/>
<pin id="58" dir="0" index="1" bw="62" slack="0"/>
<pin id="59" dir="1" index="2" bw="62" slack="0"/>
</pin_list>
<bind>
<opcode="read(1150) " fcode="read"/>
<opset="sext_ln1789_read/1 "/>
</bind>
</comp>

<comp id="62" class="1004" name="v732_addr_gep_fu_62">
<pin_list>
<pin id="63" dir="0" index="0" bw="32" slack="0"/>
<pin id="64" dir="0" index="1" bw="1" slack="0"/>
<pin id="65" dir="0" index="2" bw="8" slack="0"/>
<pin id="66" dir="1" index="3" bw="8" slack="0"/>
</pin_list>
<bind>
<opcode="getelementptr(29) " fcode="getelementptr"/>
<opset="v732_addr/3 "/>
</bind>
</comp>

<comp id="69" class="1004" name="store_ln1789_access_fu_69">
<pin_list>
<pin id="70" dir="0" index="0" bw="8" slack="0"/>
<pin id="71" dir="0" index="1" bw="32" slack="0"/>
<pin id="72" dir="0" index="2" bw="0" slack="2147483647"/>
<pin id="73" dir="1" index="3" bw="32" slack="2147483647"/>
</pin_list>
<bind>
<opcode="store(28) " fcode="store"/>
<opset="store_ln1789/3 "/>
</bind>
</comp>

<comp id="75" class="1004" name="g0_addr_read_read_fu_75">
<pin_list>
<pin id="76" dir="0" index="0" bw="32" slack="0"/>
<pin id="77" dir="0" index="1" bw="32" slack="0"/>
<pin id="78" dir="1" index="2" bw="32" slack="1"/>
</pin_list>
<bind>
<opcode="read(1150) " fcode="read"/>
<opset="g0_addr_read/2 "/>
</bind>
</comp>

<comp id="80" class="1004" name="sext_ln1789_cast_fu_80">
<pin_list>
<pin id="81" dir="0" index="0" bw="62" slack="0"/>
<pin id="82" dir="1" index="1" bw="64" slack="1"/>
</pin_list>
<bind>
<opcode="sext(35) " fcode="sext"/>
<opset="sext_ln1789_cast/1 "/>
</bind>
</comp>

<comp id="84" class="1004" name="store_ln0_store_fu_84">
<pin_list>
<pin id="85" dir="0" index="0" bw="1" slack="0"/>
<pin id="86" dir="0" index="1" bw="8" slack="0"/>
<pin id="87" dir="1" index="2" bw="0" slack="2147483647"/>
</pin_list>
<bind>
<opcode="store(28) " fcode="store"/>
<opset="store_ln0/1 "/>
</bind>
</comp>

<comp id="89" class="1004" name="loop_index_i389_load_load_fu_89">
<pin_list>
<pin id="90" dir="0" index="0" bw="8" slack="0"/>
<pin id="91" dir="1" index="1" bw="8" slack="0"/>
</pin_list>
<bind>
<opcode="load(27) " fcode="load"/>
<opset="loop_index_i389_load/1 "/>
</bind>
</comp>

<comp id="92" class="1004" name="exitcond13_i390268_fu_92">
<pin_list>
<pin id="93" dir="0" index="0" bw="8" slack="0"/>
<pin id="94" dir="0" index="1" bw="8" slack="0"/>
<pin id="95" dir="1" index="2" bw="1" slack="1"/>
</pin_list>
<bind>
<opcode="icmp(45) " fcode="icmp"/>
<opset="exitcond13_i390268/1 "/>
</bind>
</comp>

<comp id="98" class="1004" name="empty_fu_98">
<pin_list>
<pin id="99" dir="0" index="0" bw="8" slack="0"/>
<pin id="100" dir="0" index="1" bw="1" slack="0"/>
<pin id="101" dir="1" index="2" bw="8" slack="0"/>
</pin_list>
<bind>
<opcode="add(8) " fcode="add"/>
<opset="empty/1 "/>
</bind>
</comp>

<comp id="104" class="1004" name="store_ln0_store_fu_104">
<pin_list>
<pin id="105" dir="0" index="0" bw="8" slack="0"/>
<pin id="106" dir="0" index="1" bw="8" slack="0"/>
<pin id="107" dir="1" index="2" bw="0" slack="2147483647"/>
</pin_list>
<bind>
<opcode="store(28) " fcode="store"/>
<opset="store_ln0/1 "/>
</bind>
</comp>

<comp id="109" class="1004" name="g0_addr_fu_109">
<pin_list>
<pin id="110" dir="0" index="0" bw="64" slack="0"/>
<pin id="111" dir="0" index="1" bw="64" slack="1"/>
<pin id="112" dir="1" index="2" bw="64" slack="0"/>
</pin_list>
<bind>
<opcode="getelementptr(29) " fcode="getelementptr"/>
<opset="g0_addr/2 "/>
</bind>
</comp>

<comp id="115" class="1004" name="loop_index_i389_cast_fu_115">
<pin_list>
<pin id="116" dir="0" index="0" bw="8" slack="2"/>
<pin id="117" dir="1" index="1" bw="64" slack="0"/>
</pin_list>
<bind>
<opcode="zext(34) " fcode="zext"/>
<opset="loop_index_i389_cast/3 "/>
</bind>
</comp>

<comp id="119" class="1004" name="empty_127_fu_119">
<pin_list>
<pin id="120" dir="0" index="0" bw="32" slack="1"/>
<pin id="121" dir="1" index="1" bw="32" slack="0"/>
</pin_list>
<bind>
<opcode="bitcast(44) " fcode="bitcast"/>
<opset="empty_127/3 "/>
</bind>
</comp>

<comp id="123" class="1005" name="loop_index_i389_reg_123">
<pin_list>
<pin id="124" dir="0" index="0" bw="8" slack="0"/>
<pin id="125" dir="1" index="1" bw="8" slack="0"/>
</pin_list>
<bind>
<opset="loop_index_i389 "/>
</bind>
</comp>

<comp id="130" class="1005" name="sext_ln1789_cast_reg_130">
<pin_list>
<pin id="131" dir="0" index="0" bw="64" slack="1"/>
<pin id="132" dir="1" index="1" bw="64" slack="1"/>
</pin_list>
<bind>
<opset="sext_ln1789_cast "/>
</bind>
</comp>

<comp id="135" class="1005" name="loop_index_i389_load_reg_135">
<pin_list>
<pin id="136" dir="0" index="0" bw="8" slack="2"/>
<pin id="137" dir="1" index="1" bw="8" slack="2"/>
</pin_list>
<bind>
<opset="loop_index_i389_load "/>
</bind>
</comp>

<comp id="140" class="1005" name="exitcond13_i390268_reg_140">
<pin_list>
<pin id="141" dir="0" index="0" bw="1" slack="1"/>
<pin id="142" dir="1" index="1" bw="1" slack="2147483647"/>
</pin_list>
<bind>
<opset="exitcond13_i390268 "/>
</bind>
</comp>

<comp id="144" class="1005" name="g0_addr_read_reg_144">
<pin_list>
<pin id="145" dir="0" index="0" bw="32" slack="1"/>
<pin id="146" dir="1" index="1" bw="32" slack="1"/>
</pin_list>
<bind>
<opset="g0_addr_read "/>
</bind>
</comp>

</comp_list>

<net_list>
<net id="55"><net_src comp="6" pin="0"/><net_sink comp="52" pin=0"/></net>

<net id="60"><net_src comp="8" pin="0"/><net_sink comp="56" pin=0"/></net>

<net id="61"><net_src comp="2" pin="0"/><net_sink comp="56" pin=1"/></net>

<net id="67"><net_src comp="4" pin="0"/><net_sink comp="62" pin=0"/></net>

<net id="68"><net_src comp="50" pin="0"/><net_sink comp="62" pin=1"/></net>

<net id="74"><net_src comp="62" pin="3"/><net_sink comp="69" pin=0"/></net>

<net id="79"><net_src comp="42" pin="0"/><net_sink comp="75" pin=0"/></net>

<net id="83"><net_src comp="56" pin="2"/><net_sink comp="80" pin=0"/></net>

<net id="88"><net_src comp="34" pin="0"/><net_sink comp="84" pin=0"/></net>

<net id="96"><net_src comp="89" pin="1"/><net_sink comp="92" pin=0"/></net>

<net id="97"><net_src comp="38" pin="0"/><net_sink comp="92" pin=1"/></net>

<net id="102"><net_src comp="89" pin="1"/><net_sink comp="98" pin=0"/></net>

<net id="103"><net_src comp="40" pin="0"/><net_sink comp="98" pin=1"/></net>

<net id="108"><net_src comp="98" pin="2"/><net_sink comp="104" pin=0"/></net>

<net id="113"><net_src comp="0" pin="0"/><net_sink comp="109" pin=0"/></net>

<net id="114"><net_src comp="109" pin="2"/><net_sink comp="75" pin=1"/></net>

<net id="118"><net_src comp="115" pin="1"/><net_sink comp="62" pin=2"/></net>

<net id="122"><net_src comp="119" pin="1"/><net_sink comp="69" pin=1"/></net>

<net id="126"><net_src comp="52" pin="1"/><net_sink comp="123" pin=0"/></net>

<net id="127"><net_src comp="123" pin="1"/><net_sink comp="84" pin=1"/></net>

<net id="128"><net_src comp="123" pin="1"/><net_sink comp="89" pin=0"/></net>

<net id="129"><net_src comp="123" pin="1"/><net_sink comp="104" pin=1"/></net>

<net id="133"><net_src comp="80" pin="1"/><net_sink comp="130" pin=0"/></net>

<net id="134"><net_src comp="130" pin="1"/><net_sink comp="109" pin=1"/></net>

<net id="138"><net_src comp="89" pin="1"/><net_sink comp="135" pin=0"/></net>

<net id="139"><net_src comp="135" pin="1"/><net_sink comp="115" pin=0"/></net>

<net id="143"><net_src comp="92" pin="2"/><net_sink comp="140" pin=0"/></net>

<net id="147"><net_src comp="75" pin="2"/><net_sink comp="144" pin=0"/></net>

<net id="148"><net_src comp="144" pin="1"/><net_sink comp="119" pin=0"/></net>

</net_list>

</model> 
---------------- Datapath Model END ------------------

* FSMD analyzer results:
  - Output states:
	Port: g0 | {}
	Port: v732 | {3 }
 - Input state : 
	Port: control_Pipeline_32 : g0 | {2 }
	Port: control_Pipeline_32 : sext_ln1789 | {1 }
  - Chain level:
	State 1
		store_ln0 : 1
		loop_index_i389_load : 1
		exitcond13_i390268 : 2
		empty : 2
		br_ln0 : 3
		store_ln0 : 3
	State 2
		g0_addr_read : 1
	State 3
		v732_addr : 1
		store_ln1789 : 2


============================================================
+ Verbose Summary: Datapath Resource usage 
============================================================

* Functional unit list:
|----------|-----------------------------|---------|---------|
| Operation|       Functional Unit       |    FF   |   LUT   |
|----------|-----------------------------|---------|---------|
|   icmp   |   exitcond13_i390268_fu_92  |    0    |    15   |
|----------|-----------------------------|---------|---------|
|    add   |         empty_fu_98         |    0    |    15   |
|----------|-----------------------------|---------|---------|
|   read   | sext_ln1789_read_read_fu_56 |    0    |    0    |
|          |   g0_addr_read_read_fu_75   |    0    |    0    |
|----------|-----------------------------|---------|---------|
|   sext   |    sext_ln1789_cast_fu_80   |    0    |    0    |
|----------|-----------------------------|---------|---------|
|   zext   | loop_index_i389_cast_fu_115 |    0    |    0    |
|----------|-----------------------------|---------|---------|
|   Total  |                             |    0    |    30   |
|----------|-----------------------------|---------|---------|

Memories:
N/A

* Register list:
+----------------------------+--------+
|                            |   FF   |
+----------------------------+--------+
| exitcond13_i390268_reg_140 |    1   |
|    g0_addr_read_reg_144    |   32   |
|loop_index_i389_load_reg_135|    8   |
|   loop_index_i389_reg_123  |    8   |
|  sext_ln1789_cast_reg_130  |   64   |
+----------------------------+--------+
|            Total           |   113  |
+----------------------------+--------+

* Multiplexer (MUX) list: 
|--------|------|------|------|--------|
|  Comp  |  Pin | Size |  BW  | S x BW |
|--------|------|------|------|--------|
|  Total |      |      |      |    0   |
|--------|------|------|------|--------|



* Summary:
+-----------+--------+--------+
|           |   FF   |   LUT  |
+-----------+--------+--------+
|  Function |    0   |   30   |
|   Memory  |    -   |    -   |
|Multiplexer|    -   |    -   |
|  Register |   113  |    -   |
+-----------+--------+--------+
|   Total   |   113  |   30   |
+-----------+--------+--------+
