

================================================================
== Vitis HLS Report for 'control_Pipeline_VITIS_LOOP_1763_5_VITIS_LOOP_1764_6'
================================================================
* Date:           Sun Jul 12 20:26:04 2026

* Version:        2025.2 (Build 6295257 on Nov 14 2025)
* Project:        spikingformer_proj
* Solution:       solution1 (Vivado IP Flow Target)
* Product family: zynquplus
* Target device:  xczu7ev-ffvc1156-2-e


================================================================
== Performance Estimates
================================================================
+ Timing: 
    * Summary: 
    +--------+----------+----------+------------+
    |  Clock |  Target  | Estimated| Uncertainty|
    +--------+----------+----------+------------+
    |ap_clk  |  10.00 ns|  7.300 ns|     2.70 ns|
    +--------+----------+----------+------------+

+ Latency: 
    * Summary: 
    +---------+---------+-----------+-----------+-----+-----+-------------------+
    |  Latency (cycles) |   Latency (absolute)  |  Interval |      Pipeline     |
    |   min   |   max   |    min    |    max    | min | max |        Type       |
    +---------+---------+-----------+-----------+-----+-----+-------------------+
    |     2070|     2070|  20.700 us|  20.700 us|    0|    0|  loop pipeline stp|
    +---------+---------+-----------+-----------+-----+-----+-------------------+

    + Detail: 
        * Instance: 
        N/A

        * Loop: 
        +---------------------------------------+---------+---------+----------+-----------+-----------+------+----------+
        |                                       |  Latency (cycles) | Iteration|  Initiation Interval  | Trip |          |
        |               Loop Name               |   min   |   max   |  Latency |  achieved |   target  | Count| Pipelined|
        +---------------------------------------+---------+---------+----------+-----------+-----------+------+----------+
        |- VITIS_LOOP_1763_5_VITIS_LOOP_1764_6  |     2068|     2068|        23|          2|          1|  1024|       yes|
        +---------------------------------------+---------+---------+----------+-----------+-----------+------+----------+

============================================================
+ Verbose Summary: Synthesis Manager
============================================================
InlineROM: 1
ExposeGlobal: 0
============================================================
+ Verbose Summary: CDFG Model
============================================================
IsTopModel: 0
ResetActiveHigh: 1
IsCombinational: 0
IsDatapathOnly: 0
HasWiredReturn: 1
HasMFsm: 2
HasVarLatency: 1
IsPipeline: 0
IsRtlPipelined: 0
IsInstanceOverlapped: 0
IsDontTouch: 0
HasImplIP: 0
IsGatedGlobalClock: 0

+ Individual pipeline summary: 
  * Pipeline-0: initiation interval (II) = 2, depth = 23


============================================================
+ Verbose Summary: Schedule
============================================================
* Number of FSM states : 23
* Pipeline : 1
  Pipeline-0 : II = 2, D = 23, States = { 1 2 3 4 5 6 7 8 9 10 11 12 13 14 15 16 17 18 19 20 21 22 23 }
* Dataflow Pipeline: 0

* FSM state transitions: 
1 --> 2 
2 --> 3 
3 --> 4 
4 --> 5 
5 --> 6 
6 --> 7 
7 --> 8 
8 --> 9 
9 --> 10 
10 --> 11 
11 --> 12 
12 --> 13 
13 --> 14 
14 --> 15 
15 --> 16 
16 --> 17 
17 --> 18 
18 --> 19 
19 --> 20 
20 --> 21 
21 --> 22 
22 --> 23 
23 --> 

* FSM state operations: 

State 1 <SV = 0> <Delay = 6.25>
ST_1 : Operation 26 [1/1] (0.00ns)   --->   "%v724 = alloca i32 1" [spikingformer_official.cpp:1764->spikingformer_official.cpp:2387]   --->   Operation 26 'alloca' 'v724' <Predicate = true> <Delay = 0.00>
ST_1 : Operation 27 [1/1] (0.00ns)   --->   "%v723 = alloca i32 1" [spikingformer_official.cpp:1763->spikingformer_official.cpp:2387]   --->   Operation 27 'alloca' 'v723' <Predicate = true> <Delay = 0.00>
ST_1 : Operation 28 [1/1] (0.00ns)   --->   "%indvar_flatten13205 = alloca i32 1"   --->   Operation 28 'alloca' 'indvar_flatten13205' <Predicate = true> <Delay = 0.00>
ST_1 : Operation 29 [1/1] (0.00ns)   --->   "%v726_read = read i32 @_ssdm_op_Read.ap_auto.float, i32 %v726"   --->   Operation 29 'read' 'v726_read' <Predicate = true> <Delay = 0.00>
ST_1 : Operation 30 [1/1] (0.00ns)   --->   "%v949_read = read i64 @_ssdm_op_Read.ap_auto.i64, i64 %v949"   --->   Operation 30 'read' 'v949_read' <Predicate = true> <Delay = 0.00>
ST_1 : Operation 31 [1/1] (0.00ns)   --->   "%zext_ln1763_read = read i20 @_ssdm_op_Read.ap_auto.i20, i20 %zext_ln1763"   --->   Operation 31 'read' 'zext_ln1763_read' <Predicate = true> <Delay = 0.00>
ST_1 : Operation 32 [1/1] (0.00ns)   --->   "%v945_read = read i64 @_ssdm_op_Read.ap_auto.i64, i64 %v945"   --->   Operation 32 'read' 'v945_read' <Predicate = true> <Delay = 0.00>
ST_1 : Operation 33 [1/1] (0.00ns)   --->   "%v721_read = read i2 @_ssdm_op_Read.ap_auto.i2, i2 %v721"   --->   Operation 33 'read' 'v721_read' <Predicate = true> <Delay = 0.00>
ST_1 : Operation 34 [1/1] (0.00ns)   --->   "%phi_mul15135_read = read i17 @_ssdm_op_Read.ap_auto.i17, i17 %phi_mul15135"   --->   Operation 34 'read' 'phi_mul15135_read' <Predicate = true> <Delay = 0.00>
ST_1 : Operation 35 [1/1] (0.00ns)   --->   "%zext_ln1760_1_read = read i2 @_ssdm_op_Read.ap_auto.i2, i2 %zext_ln1760_1"   --->   Operation 35 'read' 'zext_ln1760_1_read' <Predicate = true> <Delay = 0.00>
ST_1 : Operation 36 [1/1] (0.00ns)   --->   "%sext_ln176814 = read i62 @_ssdm_op_Read.ap_auto.i62, i62 %sext_ln1768"   --->   Operation 36 'read' 'sext_ln176814' <Predicate = true> <Delay = 0.00>
ST_1 : Operation 37 [1/1] (0.00ns)   --->   "%sext_ln226513 = read i62 @_ssdm_op_Read.ap_auto.i62, i62 %sext_ln2265"   --->   Operation 37 'read' 'sext_ln226513' <Predicate = true> <Delay = 0.00>
ST_1 : Operation 38 [1/1] (0.00ns)   --->   "%sext_ln206112 = read i62 @_ssdm_op_Read.ap_auto.i62, i62 %sext_ln2061"   --->   Operation 38 'read' 'sext_ln206112' <Predicate = true> <Delay = 0.00>
ST_1 : Operation 39 [1/1] (0.00ns)   --->   "%zext_ln1763_cast = zext i20 %zext_ln1763_read"   --->   Operation 39 'zext' 'zext_ln1763_cast' <Predicate = true> <Delay = 0.00>
ST_1 : Operation 40 [1/1] (0.00ns)   --->   "%zext_ln1760_1_cast = zext i2 %zext_ln1760_1_read"   --->   Operation 40 'zext' 'zext_ln1760_1_cast' <Predicate = true> <Delay = 0.00>
ST_1 : Operation 41 [1/1] (0.00ns)   --->   "%specstablecontent_ln0 = specstablecontent void @_ssdm_op_SpecStableContent, i32 %g0, i1 1, void "   --->   Operation 41 'specstablecontent' 'specstablecontent_ln0' <Predicate = true> <Delay = 0.00>
ST_1 : Operation 42 [1/1] (0.00ns)   --->   "%specinterface_ln0 = specinterface void @_ssdm_op_SpecInterface, i32 %g0, void @empty_26, i32 0, i32 0, void @empty_35, i32 0, i32 0, void @empty_22, void @empty_25, void @empty_35, i32 16, i32 16, i32 16, i32 16, void @empty_35, void @empty_35, i32 4294967295, i32 0, i32 0, i32 4"   --->   Operation 42 'specinterface' 'specinterface_ln0' <Predicate = true> <Delay = 0.00>
ST_1 : Operation 43 [1/1] (0.42ns)   --->   "%store_ln0 = store i11 0, i11 %indvar_flatten13205"   --->   Operation 43 'store' 'store_ln0' <Predicate = true> <Delay = 0.42>
ST_1 : Operation 44 [1/1] (0.42ns)   --->   "%store_ln1763 = store i6 0, i6 %v723" [spikingformer_official.cpp:1763->spikingformer_official.cpp:2387]   --->   Operation 44 'store' 'store_ln1763' <Predicate = true> <Delay = 0.42>
ST_1 : Operation 45 [1/1] (0.42ns)   --->   "%store_ln1764 = store i6 0, i6 %v724" [spikingformer_official.cpp:1764->spikingformer_official.cpp:2387]   --->   Operation 45 'store' 'store_ln1764' <Predicate = true> <Delay = 0.42>
ST_1 : Operation 46 [1/1] (0.00ns)   --->   "%br_ln0 = br void %for.inc.i419"   --->   Operation 46 'br' 'br_ln0' <Predicate = true> <Delay = 0.00>
ST_1 : Operation 47 [1/1] (0.00ns)   --->   "%indvar_flatten13205_load = load i11 %indvar_flatten13205" [spikingformer_official.cpp:1763->spikingformer_official.cpp:2387]   --->   Operation 47 'load' 'indvar_flatten13205_load' <Predicate = true> <Delay = 0.00>
ST_1 : Operation 48 [1/1] (0.00ns)   --->   "%specbitsmap_ln0 = specbitsmap void @_ssdm_op_SpecBitsMap, i32 %g0"   --->   Operation 48 'specbitsmap' 'specbitsmap_ln0' <Predicate = true> <Delay = 0.00>
ST_1 : Operation 49 [1/1] (0.79ns)   --->   "%icmp_ln1763 = icmp_eq  i11 %indvar_flatten13205_load, i11 1024" [spikingformer_official.cpp:1763->spikingformer_official.cpp:2387]   --->   Operation 49 'icmp' 'icmp_ln1763' <Predicate = true> <Delay = 0.79> <CoreInst = "Cmp">   --->   Core 9 'Cmp' <Latency = 0> <II = 1> <Delay = 0.79> <FuncUnit> <Opcode : 'seteq' 'setne' 'setle' 'setge' 'setlt' 'setgt'> <InPorts = 2> <OutPorts = 1>
ST_1 : Operation 50 [1/1] (0.79ns)   --->   "%add_ln1763_1 = add i11 %indvar_flatten13205_load, i11 1" [spikingformer_official.cpp:1763->spikingformer_official.cpp:2387]   --->   Operation 50 'add' 'add_ln1763_1' <Predicate = true> <Delay = 0.79> <CoreInst = "Adder">   --->   Core 1 'Adder' <Latency = 0> <II = 1> <Delay = 0.79> <FuncUnit> <Opcode : 'add' 'sub'> <InPorts = 2> <OutPorts = 1>
ST_1 : Operation 51 [1/1] (0.00ns)   --->   "%br_ln1763 = br i1 %icmp_ln1763, void %for.inc51.i422, void %for.inc54.i425.exitStub" [spikingformer_official.cpp:1763->spikingformer_official.cpp:2387]   --->   Operation 51 'br' 'br_ln1763' <Predicate = true> <Delay = 0.00>
ST_1 : Operation 52 [1/1] (0.00ns)   --->   "%v724_load = load i6 %v724" [spikingformer_official.cpp:1764->spikingformer_official.cpp:2387]   --->   Operation 52 'load' 'v724_load' <Predicate = (!icmp_ln1763)> <Delay = 0.00>
ST_1 : Operation 53 [1/1] (0.00ns)   --->   "%v723_load = load i6 %v723" [spikingformer_official.cpp:1763->spikingformer_official.cpp:2387]   --->   Operation 53 'load' 'v723_load' <Predicate = (!icmp_ln1763)> <Delay = 0.00>
ST_1 : Operation 54 [1/1] (0.78ns)   --->   "%add_ln1763 = add i6 %v723_load, i6 1" [spikingformer_official.cpp:1763->spikingformer_official.cpp:2387]   --->   Operation 54 'add' 'add_ln1763' <Predicate = (!icmp_ln1763)> <Delay = 0.78> <CoreInst = "Adder">   --->   Core 1 'Adder' <Latency = 0> <II = 1> <Delay = 0.78> <FuncUnit> <Opcode : 'add' 'sub'> <InPorts = 2> <OutPorts = 1>
ST_1 : Operation 55 [1/1] (0.78ns)   --->   "%icmp_ln1764 = icmp_eq  i6 %v724_load, i6 32" [spikingformer_official.cpp:1764->spikingformer_official.cpp:2387]   --->   Operation 55 'icmp' 'icmp_ln1764' <Predicate = (!icmp_ln1763)> <Delay = 0.78> <CoreInst = "Cmp">   --->   Core 9 'Cmp' <Latency = 0> <II = 1> <Delay = 0.78> <FuncUnit> <Opcode : 'seteq' 'setne' 'setle' 'setge' 'setlt' 'setgt'> <InPorts = 2> <OutPorts = 1>
ST_1 : Operation 56 [1/1] (0.38ns)   --->   "%select_ln1763 = select i1 %icmp_ln1764, i6 0, i6 %v724_load" [spikingformer_official.cpp:1763->spikingformer_official.cpp:2387]   --->   Operation 56 'select' 'select_ln1763' <Predicate = (!icmp_ln1763)> <Delay = 0.38> <CoreInst = "Sel">   --->   Core 73 'Sel' <Latency = 0> <II = 1> <Delay = 0.38> <FuncUnit> <Opcode : 'select'> <InPorts = 3> <OutPorts = 1>
ST_1 : Operation 57 [1/1] (0.38ns)   --->   "%select_ln1763_1 = select i1 %icmp_ln1764, i6 %add_ln1763, i6 %v723_load" [spikingformer_official.cpp:1763->spikingformer_official.cpp:2387]   --->   Operation 57 'select' 'select_ln1763_1' <Predicate = (!icmp_ln1763)> <Delay = 0.38> <CoreInst = "Sel">   --->   Core 73 'Sel' <Latency = 0> <II = 1> <Delay = 0.38> <FuncUnit> <Opcode : 'select'> <InPorts = 3> <OutPorts = 1>
ST_1 : Operation 58 [1/1] (0.78ns)   --->   "%tmp4 = add i6 %select_ln1763_1, i6 %zext_ln1760_1_cast" [spikingformer_official.cpp:1763->spikingformer_official.cpp:2387]   --->   Operation 58 'add' 'tmp4' <Predicate = (!icmp_ln1763)> <Delay = 0.78> <CoreInst = "Adder">   --->   Core 1 'Adder' <Latency = 0> <II = 1> <Delay = 0.78> <FuncUnit> <Opcode : 'add' 'sub'> <InPorts = 2> <OutPorts = 1>
ST_1 : Operation 59 [1/1] (0.00ns)   --->   "%tmp = bitconcatenate i11 @_ssdm_op_BitConcatenate.i11.i6.i5, i6 %tmp4, i5 0" [spikingformer_official.cpp:1763->spikingformer_official.cpp:2387]   --->   Operation 59 'bitconcatenate' 'tmp' <Predicate = (!icmp_ln1763)> <Delay = 0.00>
ST_1 : Operation 60 [1/1] (0.00ns)   --->   "%p_shl = zext i11 %tmp" [spikingformer_official.cpp:1763->spikingformer_official.cpp:2387]   --->   Operation 60 'zext' 'p_shl' <Predicate = (!icmp_ln1763)> <Delay = 0.00>
ST_1 : Operation 61 [1/1] (0.00ns)   --->   "%tmp_29 = bitconcatenate i7 @_ssdm_op_BitConcatenate.i7.i6.i1, i6 %tmp4, i1 0" [spikingformer_official.cpp:1763->spikingformer_official.cpp:2387]   --->   Operation 61 'bitconcatenate' 'tmp_29' <Predicate = (!icmp_ln1763)> <Delay = 0.00>
ST_1 : Operation 62 [1/1] (0.00ns)   --->   "%p_shl22 = zext i7 %tmp_29" [spikingformer_official.cpp:1763->spikingformer_official.cpp:2387]   --->   Operation 62 'zext' 'p_shl22' <Predicate = (!icmp_ln1763)> <Delay = 0.00>
ST_1 : Operation 63 [1/1] (0.79ns)   --->   "%tmp5 = add i12 %p_shl, i12 %p_shl22" [spikingformer_official.cpp:1763->spikingformer_official.cpp:2387]   --->   Operation 63 'add' 'tmp5' <Predicate = (!icmp_ln1763)> <Delay = 0.79> <CoreInst = "Adder">   --->   Core 1 'Adder' <Latency = 0> <II = 1> <Delay = 0.79> <FuncUnit> <Opcode : 'add' 'sub'> <InPorts = 2> <OutPorts = 1>
ST_1 : Operation 64 [1/1] (0.00ns)   --->   "%tmp_s = partselect i15 @_ssdm_op_PartSelect.i15.i17.i32.i32, i17 %phi_mul15135_read, i32 2, i32 16" [spikingformer_official.cpp:1769->spikingformer_official.cpp:2387]   --->   Operation 64 'partselect' 'tmp_s' <Predicate = (!icmp_ln1763)> <Delay = 0.00>
ST_1 : Operation 65 [1/1] (0.00ns)   --->   "%tmp30 = bitconcatenate i17 @_ssdm_op_BitConcatenate.i17.i15.i2, i15 %tmp_s, i2 %v721_read" [spikingformer_official.cpp:1769->spikingformer_official.cpp:2387]   --->   Operation 65 'bitconcatenate' 'tmp30' <Predicate = (!icmp_ln1763)> <Delay = 0.00>
ST_1 : Operation 66 [1/1] (0.00ns)   --->   "%zext_ln1769 = zext i17 %tmp30" [spikingformer_official.cpp:1769->spikingformer_official.cpp:2387]   --->   Operation 66 'zext' 'zext_ln1769' <Predicate = (!icmp_ln1763)> <Delay = 0.00>
ST_1 : Operation 67 [1/1] (0.00ns)   --->   "%zext_ln1769_1 = zext i12 %tmp5" [spikingformer_official.cpp:1769->spikingformer_official.cpp:2387]   --->   Operation 67 'zext' 'zext_ln1769_1' <Predicate = (!icmp_ln1763)> <Delay = 0.00>
ST_1 : Operation 68 [1/1] (0.00ns)   --->   "%or_ln3 = bitconcatenate i22 @_ssdm_op_BitConcatenate.i22.i5.i17, i5 19, i17 %zext_ln1769_1" [spikingformer_official.cpp:1769->spikingformer_official.cpp:2387]   --->   Operation 68 'bitconcatenate' 'or_ln3' <Predicate = (!icmp_ln1763)> <Delay = 0.00>
ST_1 : Operation 69 [1/1] (0.91ns)   --->   "%add_ln1769 = add i22 %or_ln3, i22 %zext_ln1769" [spikingformer_official.cpp:1769->spikingformer_official.cpp:2387]   --->   Operation 69 'add' 'add_ln1769' <Predicate = (!icmp_ln1763)> <Delay = 0.91> <CoreInst = "Adder">   --->   Core 1 'Adder' <Latency = 0> <II = 1> <Delay = 0.91> <FuncUnit> <Opcode : 'add' 'sub'> <InPorts = 2> <OutPorts = 1>
ST_1 : Operation 70 [1/1] (0.00ns)   --->   "%shl_ln = bitconcatenate i24 @_ssdm_op_BitConcatenate.i24.i22.i2, i22 %add_ln1769, i2 0" [spikingformer_official.cpp:1769->spikingformer_official.cpp:2387]   --->   Operation 70 'bitconcatenate' 'shl_ln' <Predicate = (!icmp_ln1763)> <Delay = 0.00>
ST_1 : Operation 71 [1/1] (0.00ns)   --->   "%sext_ln1769 = sext i24 %shl_ln" [spikingformer_official.cpp:1769->spikingformer_official.cpp:2387]   --->   Operation 71 'sext' 'sext_ln1769' <Predicate = (!icmp_ln1763)> <Delay = 0.00>
ST_1 : Operation 72 [1/1] (0.00ns)   --->   "%zext_ln1769_2 = zext i25 %sext_ln1769" [spikingformer_official.cpp:1769->spikingformer_official.cpp:2387]   --->   Operation 72 'zext' 'zext_ln1769_2' <Predicate = (!icmp_ln1763)> <Delay = 0.00>
ST_1 : Operation 73 [1/1] (1.08ns)   --->   "%add_ln1769_1 = add i64 %zext_ln1769_2, i64 %v945_read" [spikingformer_official.cpp:1769->spikingformer_official.cpp:2387]   --->   Operation 73 'add' 'add_ln1769_1' <Predicate = (!icmp_ln1763)> <Delay = 1.08> <CoreInst = "Adder">   --->   Core 1 'Adder' <Latency = 0> <II = 1> <Delay = 1.08> <FuncUnit> <Opcode : 'add' 'sub'> <InPorts = 2> <OutPorts = 1>
ST_1 : Operation 74 [1/1] (0.00ns)   --->   "%trunc_ln = partselect i62 @_ssdm_op_PartSelect.i62.i64.i32.i32, i64 %add_ln1769_1, i32 2, i32 63" [spikingformer_official.cpp:1764->spikingformer_official.cpp:2387]   --->   Operation 74 'partselect' 'trunc_ln' <Predicate = (!icmp_ln1763)> <Delay = 0.00>
ST_1 : Operation 75 [1/1] (0.00ns)   --->   "%sext_ln1771_1 = sext i62 %trunc_ln" [spikingformer_official.cpp:1771->spikingformer_official.cpp:2387]   --->   Operation 75 'sext' 'sext_ln1771_1' <Predicate = (!icmp_ln1763)> <Delay = 0.00>
ST_1 : Operation 76 [1/1] (0.00ns)   --->   "%zext_ln1764 = zext i6 %select_ln1763" [spikingformer_official.cpp:1764->spikingformer_official.cpp:2387]   --->   Operation 76 'zext' 'zext_ln1764' <Predicate = (!icmp_ln1763)> <Delay = 0.00>
ST_1 : Operation 77 [1/1] (1.08ns)   --->   "%add_ln1769_2 = add i63 %zext_ln1764, i63 %sext_ln1771_1" [spikingformer_official.cpp:1769->spikingformer_official.cpp:2387]   --->   Operation 77 'add' 'add_ln1769_2' <Predicate = (!icmp_ln1763)> <Delay = 1.08> <CoreInst = "Adder">   --->   Core 1 'Adder' <Latency = 0> <II = 1> <Delay = 1.08> <FuncUnit> <Opcode : 'add' 'sub'> <InPorts = 2> <OutPorts = 1>
ST_1 : Operation 78 [1/1] (0.00ns)   --->   "%sext_ln1769_1 = sext i63 %add_ln1769_2" [spikingformer_official.cpp:1769->spikingformer_official.cpp:2387]   --->   Operation 78 'sext' 'sext_ln1769_1' <Predicate = (!icmp_ln1763)> <Delay = 0.00>
ST_1 : Operation 79 [1/1] (0.00ns)   --->   "%g0_addr = getelementptr i32 %g0, i64 %sext_ln1769_1" [spikingformer_official.cpp:1769->spikingformer_official.cpp:2387]   --->   Operation 79 'getelementptr' 'g0_addr' <Predicate = (!icmp_ln1763)> <Delay = 0.00>
ST_1 : Operation 80 [1/1] (0.00ns)   --->   "%trunc_ln1771 = trunc i6 %select_ln1763" [spikingformer_official.cpp:1771->spikingformer_official.cpp:2387]   --->   Operation 80 'trunc' 'trunc_ln1771' <Predicate = (!icmp_ln1763)> <Delay = 0.00>
ST_1 : Operation 81 [1/1] (0.00ns)   --->   "%trunc_ln1771_1 = trunc i6 %select_ln1763_1" [spikingformer_official.cpp:1771->spikingformer_official.cpp:2387]   --->   Operation 81 'trunc' 'trunc_ln1771_1' <Predicate = (!icmp_ln1763)> <Delay = 0.00>
ST_1 : Operation 82 [1/1] (0.78ns)   --->   "%add_ln1764 = add i6 %select_ln1763, i6 1" [spikingformer_official.cpp:1764->spikingformer_official.cpp:2387]   --->   Operation 82 'add' 'add_ln1764' <Predicate = (!icmp_ln1763)> <Delay = 0.78> <CoreInst = "Adder">   --->   Core 1 'Adder' <Latency = 0> <II = 1> <Delay = 0.78> <FuncUnit> <Opcode : 'add' 'sub'> <InPorts = 2> <OutPorts = 1>
ST_1 : Operation 83 [1/1] (0.42ns)   --->   "%store_ln1763 = store i11 %add_ln1763_1, i11 %indvar_flatten13205" [spikingformer_official.cpp:1763->spikingformer_official.cpp:2387]   --->   Operation 83 'store' 'store_ln1763' <Predicate = (!icmp_ln1763)> <Delay = 0.42>
ST_1 : Operation 84 [1/1] (0.42ns)   --->   "%store_ln1763 = store i6 %select_ln1763_1, i6 %v723" [spikingformer_official.cpp:1763->spikingformer_official.cpp:2387]   --->   Operation 84 'store' 'store_ln1763' <Predicate = (!icmp_ln1763)> <Delay = 0.42>
ST_1 : Operation 85 [1/1] (0.42ns)   --->   "%store_ln1764 = store i6 %add_ln1764, i6 %v724" [spikingformer_official.cpp:1764->spikingformer_official.cpp:2387]   --->   Operation 85 'store' 'store_ln1764' <Predicate = (!icmp_ln1763)> <Delay = 0.42>

State 2 <SV = 1> <Delay = 0.81>
ST_2 : Operation 86 [8/8] (7.30ns)   --->   "%g0_load_62_req = readreq i1 @_ssdm_op_ReadReq.m_axi.i32P1A, i32 %g0_addr, i64 1" [spikingformer_official.cpp:1769->spikingformer_official.cpp:2387]   --->   Operation 86 'readreq' 'g0_load_62_req' <Predicate = (!icmp_ln1763)> <Delay = 7.30> <CoreInst = "m_axi">   --->   Core 119 'm_axi' <Latency = 6> <II = 1> <Delay = 1.00> <Adapter> <Opcode : 'readrequnaligned' 'writerequnaligned' 'read' 'write' 'readreq' 'writereq' 'writeresp'>
ST_2 : Operation 87 [1/1] (0.00ns) (grouped into TernaryAdder)   --->   "%add_ln1771 = add i64 %zext_ln1763_cast, i64 %v949_read" [spikingformer_official.cpp:1771->spikingformer_official.cpp:2387]   --->   Operation 87 'add' 'add_ln1771' <Predicate = (!icmp_ln1763)> <Delay = 0.00> <CoreInst = "TAddSub">   --->   Core 10 'TAddSub' <Latency = 0> <II = 1> <Delay = 0.40> <IPBlock> <Opcode : 'add' 'sub'> <InPorts = 3> <OutPorts = 1> <Sync> <CReg>
ST_2 : Operation 88 [1/1] (0.00ns)   --->   "%tmp31 = bitconcatenate i12 @_ssdm_op_BitConcatenate.i12.i5.i5.i2, i5 %trunc_ln1771_1, i5 %trunc_ln1771, i2 0" [spikingformer_official.cpp:1771->spikingformer_official.cpp:2387]   --->   Operation 88 'bitconcatenate' 'tmp31' <Predicate = (!icmp_ln1763)> <Delay = 0.00>
ST_2 : Operation 89 [1/1] (0.00ns)   --->   "%zext_ln1771 = zext i12 %tmp31" [spikingformer_official.cpp:1771->spikingformer_official.cpp:2387]   --->   Operation 89 'zext' 'zext_ln1771' <Predicate = (!icmp_ln1763)> <Delay = 0.00>
ST_2 : Operation 90 [1/1] (0.81ns) (root node of TernaryAdder)   --->   "%add_ln1771_1 = add i64 %zext_ln1771, i64 %add_ln1771" [spikingformer_official.cpp:1771->spikingformer_official.cpp:2387]   --->   Operation 90 'add' 'add_ln1771_1' <Predicate = (!icmp_ln1763)> <Delay = 0.81> <CoreInst = "TAddSub">   --->   Core 10 'TAddSub' <Latency = 0> <II = 1> <Delay = 0.40> <IPBlock> <Opcode : 'add' 'sub'> <InPorts = 3> <OutPorts = 1> <Sync> <CReg>
ST_2 : Operation 91 [1/1] (0.00ns)   --->   "%trunc_ln48 = partselect i62 @_ssdm_op_PartSelect.i62.i64.i32.i32, i64 %add_ln1771_1, i32 2, i32 63" [spikingformer_official.cpp:1771->spikingformer_official.cpp:2387]   --->   Operation 91 'partselect' 'trunc_ln48' <Predicate = (!icmp_ln1763)> <Delay = 0.00>
ST_2 : Operation 92 [1/1] (0.00ns)   --->   "%sext_ln1771 = sext i62 %trunc_ln48" [spikingformer_official.cpp:1771->spikingformer_official.cpp:2387]   --->   Operation 92 'sext' 'sext_ln1771' <Predicate = (!icmp_ln1763)> <Delay = 0.00>
ST_2 : Operation 93 [1/1] (0.00ns)   --->   "%g0_addr_118 = getelementptr i32 %g0, i64 %sext_ln1771" [spikingformer_official.cpp:1771->spikingformer_official.cpp:2387]   --->   Operation 93 'getelementptr' 'g0_addr_118' <Predicate = (!icmp_ln1763)> <Delay = 0.00>

State 3 <SV = 2> <Delay = 0.00>
ST_3 : Operation 94 [7/8] (7.30ns)   --->   "%g0_load_62_req = readreq i1 @_ssdm_op_ReadReq.m_axi.i32P1A, i32 %g0_addr, i64 1" [spikingformer_official.cpp:1769->spikingformer_official.cpp:2387]   --->   Operation 94 'readreq' 'g0_load_62_req' <Predicate = true> <Delay = 7.30> <CoreInst = "m_axi">   --->   Core 119 'm_axi' <Latency = 6> <II = 1> <Delay = 1.00> <Adapter> <Opcode : 'readrequnaligned' 'writerequnaligned' 'read' 'write' 'readreq' 'writereq' 'writeresp'>
ST_3 : Operation 95 [8/8] (7.30ns)   --->   "%g0_load_63_req = readreq i1 @_ssdm_op_ReadReq.m_axi.i32P1A, i32 %g0_addr_118, i64 1" [spikingformer_official.cpp:1771->spikingformer_official.cpp:2387]   --->   Operation 95 'readreq' 'g0_load_63_req' <Predicate = true> <Delay = 7.30> <CoreInst = "m_axi">   --->   Core 119 'm_axi' <Latency = 6> <II = 1> <Delay = 1.00> <Adapter> <Opcode : 'readrequnaligned' 'writerequnaligned' 'read' 'write' 'readreq' 'writereq' 'writeresp'>

State 4 <SV = 3> <Delay = 0.00>
ST_4 : Operation 96 [6/8] (7.30ns)   --->   "%g0_load_62_req = readreq i1 @_ssdm_op_ReadReq.m_axi.i32P1A, i32 %g0_addr, i64 1" [spikingformer_official.cpp:1769->spikingformer_official.cpp:2387]   --->   Operation 96 'readreq' 'g0_load_62_req' <Predicate = true> <Delay = 7.30> <CoreInst = "m_axi">   --->   Core 119 'm_axi' <Latency = 6> <II = 1> <Delay = 1.00> <Adapter> <Opcode : 'readrequnaligned' 'writerequnaligned' 'read' 'write' 'readreq' 'writereq' 'writeresp'>
ST_4 : Operation 97 [7/8] (7.30ns)   --->   "%g0_load_63_req = readreq i1 @_ssdm_op_ReadReq.m_axi.i32P1A, i32 %g0_addr_118, i64 1" [spikingformer_official.cpp:1771->spikingformer_official.cpp:2387]   --->   Operation 97 'readreq' 'g0_load_63_req' <Predicate = true> <Delay = 7.30> <CoreInst = "m_axi">   --->   Core 119 'm_axi' <Latency = 6> <II = 1> <Delay = 1.00> <Adapter> <Opcode : 'readrequnaligned' 'writerequnaligned' 'read' 'write' 'readreq' 'writereq' 'writeresp'>

State 5 <SV = 4> <Delay = 0.00>
ST_5 : Operation 98 [5/8] (7.30ns)   --->   "%g0_load_62_req = readreq i1 @_ssdm_op_ReadReq.m_axi.i32P1A, i32 %g0_addr, i64 1" [spikingformer_official.cpp:1769->spikingformer_official.cpp:2387]   --->   Operation 98 'readreq' 'g0_load_62_req' <Predicate = true> <Delay = 7.30> <CoreInst = "m_axi">   --->   Core 119 'm_axi' <Latency = 6> <II = 1> <Delay = 1.00> <Adapter> <Opcode : 'readrequnaligned' 'writerequnaligned' 'read' 'write' 'readreq' 'writereq' 'writeresp'>
ST_5 : Operation 99 [6/8] (7.30ns)   --->   "%g0_load_63_req = readreq i1 @_ssdm_op_ReadReq.m_axi.i32P1A, i32 %g0_addr_118, i64 1" [spikingformer_official.cpp:1771->spikingformer_official.cpp:2387]   --->   Operation 99 'readreq' 'g0_load_63_req' <Predicate = true> <Delay = 7.30> <CoreInst = "m_axi">   --->   Core 119 'm_axi' <Latency = 6> <II = 1> <Delay = 1.00> <Adapter> <Opcode : 'readrequnaligned' 'writerequnaligned' 'read' 'write' 'readreq' 'writereq' 'writeresp'>

State 6 <SV = 5> <Delay = 0.00>
ST_6 : Operation 100 [4/8] (7.30ns)   --->   "%g0_load_62_req = readreq i1 @_ssdm_op_ReadReq.m_axi.i32P1A, i32 %g0_addr, i64 1" [spikingformer_official.cpp:1769->spikingformer_official.cpp:2387]   --->   Operation 100 'readreq' 'g0_load_62_req' <Predicate = true> <Delay = 7.30> <CoreInst = "m_axi">   --->   Core 119 'm_axi' <Latency = 6> <II = 1> <Delay = 1.00> <Adapter> <Opcode : 'readrequnaligned' 'writerequnaligned' 'read' 'write' 'readreq' 'writereq' 'writeresp'>
ST_6 : Operation 101 [5/8] (7.30ns)   --->   "%g0_load_63_req = readreq i1 @_ssdm_op_ReadReq.m_axi.i32P1A, i32 %g0_addr_118, i64 1" [spikingformer_official.cpp:1771->spikingformer_official.cpp:2387]   --->   Operation 101 'readreq' 'g0_load_63_req' <Predicate = true> <Delay = 7.30> <CoreInst = "m_axi">   --->   Core 119 'm_axi' <Latency = 6> <II = 1> <Delay = 1.00> <Adapter> <Opcode : 'readrequnaligned' 'writerequnaligned' 'read' 'write' 'readreq' 'writereq' 'writeresp'>

State 7 <SV = 6> <Delay = 0.00>
ST_7 : Operation 102 [3/8] (7.30ns)   --->   "%g0_load_62_req = readreq i1 @_ssdm_op_ReadReq.m_axi.i32P1A, i32 %g0_addr, i64 1" [spikingformer_official.cpp:1769->spikingformer_official.cpp:2387]   --->   Operation 102 'readreq' 'g0_load_62_req' <Predicate = true> <Delay = 7.30> <CoreInst = "m_axi">   --->   Core 119 'm_axi' <Latency = 6> <II = 1> <Delay = 1.00> <Adapter> <Opcode : 'readrequnaligned' 'writerequnaligned' 'read' 'write' 'readreq' 'writereq' 'writeresp'>
ST_7 : Operation 103 [4/8] (7.30ns)   --->   "%g0_load_63_req = readreq i1 @_ssdm_op_ReadReq.m_axi.i32P1A, i32 %g0_addr_118, i64 1" [spikingformer_official.cpp:1771->spikingformer_official.cpp:2387]   --->   Operation 103 'readreq' 'g0_load_63_req' <Predicate = true> <Delay = 7.30> <CoreInst = "m_axi">   --->   Core 119 'm_axi' <Latency = 6> <II = 1> <Delay = 1.00> <Adapter> <Opcode : 'readrequnaligned' 'writerequnaligned' 'read' 'write' 'readreq' 'writereq' 'writeresp'>

State 8 <SV = 7> <Delay = 0.00>
ST_8 : Operation 104 [2/8] (7.30ns)   --->   "%g0_load_62_req = readreq i1 @_ssdm_op_ReadReq.m_axi.i32P1A, i32 %g0_addr, i64 1" [spikingformer_official.cpp:1769->spikingformer_official.cpp:2387]   --->   Operation 104 'readreq' 'g0_load_62_req' <Predicate = true> <Delay = 7.30> <CoreInst = "m_axi">   --->   Core 119 'm_axi' <Latency = 6> <II = 1> <Delay = 1.00> <Adapter> <Opcode : 'readrequnaligned' 'writerequnaligned' 'read' 'write' 'readreq' 'writereq' 'writeresp'>
ST_8 : Operation 105 [3/8] (7.30ns)   --->   "%g0_load_63_req = readreq i1 @_ssdm_op_ReadReq.m_axi.i32P1A, i32 %g0_addr_118, i64 1" [spikingformer_official.cpp:1771->spikingformer_official.cpp:2387]   --->   Operation 105 'readreq' 'g0_load_63_req' <Predicate = true> <Delay = 7.30> <CoreInst = "m_axi">   --->   Core 119 'm_axi' <Latency = 6> <II = 1> <Delay = 1.00> <Adapter> <Opcode : 'readrequnaligned' 'writerequnaligned' 'read' 'write' 'readreq' 'writereq' 'writeresp'>

State 9 <SV = 8> <Delay = 7.30>
ST_9 : Operation 106 [1/8] ( I:7.30ns O:7.30ns )   --->   "%g0_load_62_req = readreq i1 @_ssdm_op_ReadReq.m_axi.i32P1A, i32 %g0_addr, i64 1" [spikingformer_official.cpp:1769->spikingformer_official.cpp:2387]   --->   Operation 106 'readreq' 'g0_load_62_req' <Predicate = true> <Delay = 7.30> <CoreInst = "m_axi">   --->   Core 119 'm_axi' <Latency = 6> <II = 1> <Delay = 1.00> <Adapter> <Opcode : 'readrequnaligned' 'writerequnaligned' 'read' 'write' 'readreq' 'writereq' 'writeresp'>
ST_9 : Operation 107 [2/8] (7.30ns)   --->   "%g0_load_63_req = readreq i1 @_ssdm_op_ReadReq.m_axi.i32P1A, i32 %g0_addr_118, i64 1" [spikingformer_official.cpp:1771->spikingformer_official.cpp:2387]   --->   Operation 107 'readreq' 'g0_load_63_req' <Predicate = true> <Delay = 7.30> <CoreInst = "m_axi">   --->   Core 119 'm_axi' <Latency = 6> <II = 1> <Delay = 1.00> <Adapter> <Opcode : 'readrequnaligned' 'writerequnaligned' 'read' 'write' 'readreq' 'writereq' 'writeresp'>

State 10 <SV = 9> <Delay = 7.30>
ST_10 : Operation 108 [1/1] ( I:7.30ns O:7.30ns )   --->   "%g0_addr_read = read i32 @_ssdm_op_Read.m_axi.i32P1A, i32 %g0_addr" [spikingformer_official.cpp:1769->spikingformer_official.cpp:2387]   --->   Operation 108 'read' 'g0_addr_read' <Predicate = true> <Delay = 7.30> <CoreInst = "m_axi">   --->   Core 119 'm_axi' <Latency = 3> <II = 1> <Delay = 1.00> <Adapter> <Opcode : 'readrequnaligned' 'writerequnaligned' 'read' 'write' 'readreq' 'writereq' 'writeresp'>
ST_10 : Operation 109 [1/8] ( I:7.30ns O:7.30ns )   --->   "%g0_load_63_req = readreq i1 @_ssdm_op_ReadReq.m_axi.i32P1A, i32 %g0_addr_118, i64 1" [spikingformer_official.cpp:1771->spikingformer_official.cpp:2387]   --->   Operation 109 'readreq' 'g0_load_63_req' <Predicate = true> <Delay = 7.30> <CoreInst = "m_axi">   --->   Core 119 'm_axi' <Latency = 6> <II = 1> <Delay = 1.00> <Adapter> <Opcode : 'readrequnaligned' 'writerequnaligned' 'read' 'write' 'readreq' 'writereq' 'writeresp'>

State 11 <SV = 10> <Delay = 7.30>
ST_11 : Operation 110 [1/1] (0.00ns)   --->   "%v725 = bitcast i32 %g0_addr_read" [spikingformer_official.cpp:1769->spikingformer_official.cpp:2387]   --->   Operation 110 'bitcast' 'v725' <Predicate = true> <Delay = 0.00>
ST_11 : Operation 111 [1/1] ( I:7.30ns O:7.30ns )   --->   "%g0_addr_118_read = read i32 @_ssdm_op_Read.m_axi.i32P1A, i32 %g0_addr_118" [spikingformer_official.cpp:1771->spikingformer_official.cpp:2387]   --->   Operation 111 'read' 'g0_addr_118_read' <Predicate = true> <Delay = 7.30> <CoreInst = "m_axi">   --->   Core 119 'm_axi' <Latency = 3> <II = 1> <Delay = 1.00> <Adapter> <Opcode : 'readrequnaligned' 'writerequnaligned' 'read' 'write' 'readreq' 'writereq' 'writeresp'>
ST_11 : Operation 112 [3/3] (7.01ns)   --->   "%v728 = fmul i32 %v725, i32 %v726_read" [spikingformer_official.cpp:1772->spikingformer_official.cpp:2387]   --->   Operation 112 'fmul' 'v728' <Predicate = true> <Delay = 7.01> <CoreInst = "FMul_maxdsp">   --->   Core 30 'FMul_maxdsp' <Latency = 2> <II = 1> <Delay = 7.01> <FuncUnit> <Opcode : 'fmul'> <InPorts = 2> <OutPorts = 1>

State 12 <SV = 11> <Delay = 7.01>
ST_12 : Operation 113 [2/3] (7.01ns)   --->   "%v728 = fmul i32 %v725, i32 %v726_read" [spikingformer_official.cpp:1772->spikingformer_official.cpp:2387]   --->   Operation 113 'fmul' 'v728' <Predicate = true> <Delay = 7.01> <CoreInst = "FMul_maxdsp">   --->   Core 30 'FMul_maxdsp' <Latency = 2> <II = 1> <Delay = 7.01> <FuncUnit> <Opcode : 'fmul'> <InPorts = 2> <OutPorts = 1>

State 13 <SV = 12> <Delay = 7.01>
ST_13 : Operation 114 [1/3] (7.01ns)   --->   "%v728 = fmul i32 %v725, i32 %v726_read" [spikingformer_official.cpp:1772->spikingformer_official.cpp:2387]   --->   Operation 114 'fmul' 'v728' <Predicate = true> <Delay = 7.01> <CoreInst = "FMul_maxdsp">   --->   Core 30 'FMul_maxdsp' <Latency = 2> <II = 1> <Delay = 7.01> <FuncUnit> <Opcode : 'fmul'> <InPorts = 2> <OutPorts = 1>

State 14 <SV = 13> <Delay = 6.43>
ST_14 : Operation 115 [1/1] (0.00ns)   --->   "%v727 = bitcast i32 %g0_addr_118_read" [spikingformer_official.cpp:1771->spikingformer_official.cpp:2387]   --->   Operation 115 'bitcast' 'v727' <Predicate = true> <Delay = 0.00>
ST_14 : Operation 116 [4/4] (6.43ns)   --->   "%v729 = fadd i32 %v727, i32 %v728" [spikingformer_official.cpp:1773->spikingformer_official.cpp:2387]   --->   Operation 116 'fadd' 'v729' <Predicate = true> <Delay = 6.43> <CoreInst = "FAddSub_fulldsp">   --->   Core 18 'FAddSub_fulldsp' <Latency = 3> <II = 1> <Delay = 6.43> <FuncUnit> <Opcode : 'fadd' 'fsub'> <InPorts = 2> <OutPorts = 1>

State 15 <SV = 14> <Delay = 6.43>
ST_15 : Operation 117 [3/4] (6.43ns)   --->   "%v729 = fadd i32 %v727, i32 %v728" [spikingformer_official.cpp:1773->spikingformer_official.cpp:2387]   --->   Operation 117 'fadd' 'v729' <Predicate = true> <Delay = 6.43> <CoreInst = "FAddSub_fulldsp">   --->   Core 18 'FAddSub_fulldsp' <Latency = 3> <II = 1> <Delay = 6.43> <FuncUnit> <Opcode : 'fadd' 'fsub'> <InPorts = 2> <OutPorts = 1>

State 16 <SV = 15> <Delay = 6.43>
ST_16 : Operation 118 [2/4] (6.43ns)   --->   "%v729 = fadd i32 %v727, i32 %v728" [spikingformer_official.cpp:1773->spikingformer_official.cpp:2387]   --->   Operation 118 'fadd' 'v729' <Predicate = true> <Delay = 6.43> <CoreInst = "FAddSub_fulldsp">   --->   Core 18 'FAddSub_fulldsp' <Latency = 3> <II = 1> <Delay = 6.43> <FuncUnit> <Opcode : 'fadd' 'fsub'> <InPorts = 2> <OutPorts = 1>

State 17 <SV = 16> <Delay = 7.30>
ST_17 : Operation 119 [1/4] (6.43ns)   --->   "%v729 = fadd i32 %v727, i32 %v728" [spikingformer_official.cpp:1773->spikingformer_official.cpp:2387]   --->   Operation 119 'fadd' 'v729' <Predicate = true> <Delay = 6.43> <CoreInst = "FAddSub_fulldsp">   --->   Core 18 'FAddSub_fulldsp' <Latency = 3> <II = 1> <Delay = 6.43> <FuncUnit> <Opcode : 'fadd' 'fsub'> <InPorts = 2> <OutPorts = 1>
ST_17 : Operation 120 [1/1] ( I:7.30ns O:7.30ns )   --->   "%g0_addr_186_req = writereq i1 @_ssdm_op_WriteReq.m_axi.i32P1A, i32 %g0_addr_118, i64 1" [spikingformer_official.cpp:1774->spikingformer_official.cpp:2387]   --->   Operation 120 'writereq' 'g0_addr_186_req' <Predicate = true> <Delay = 7.30> <CoreInst = "m_axi">   --->   Core 119 'm_axi' <Latency = 9> <II = 1> <Delay = 1.00> <Adapter> <Opcode : 'readrequnaligned' 'writerequnaligned' 'read' 'write' 'readreq' 'writereq' 'writeresp'>

State 18 <SV = 17> <Delay = 7.30>
ST_18 : Operation 121 [1/1] (0.00ns)   --->   "%bitcast_ln1774 = bitcast i32 %v729" [spikingformer_official.cpp:1774->spikingformer_official.cpp:2387]   --->   Operation 121 'bitcast' 'bitcast_ln1774' <Predicate = true> <Delay = 0.00>
ST_18 : Operation 122 [1/1] ( I:7.30ns O:7.30ns )   --->   "%write_ln1774 = write void @_ssdm_op_Write.m_axi.i32P1A, i32 %g0_addr_118, i32 %bitcast_ln1774, i4 15" [spikingformer_official.cpp:1774->spikingformer_official.cpp:2387]   --->   Operation 122 'write' 'write_ln1774' <Predicate = true> <Delay = 7.30> <CoreInst = "m_axi">   --->   Core 119 'm_axi' <Latency = 5> <II = 1> <Delay = 1.00> <Adapter> <Opcode : 'readrequnaligned' 'writerequnaligned' 'read' 'write' 'readreq' 'writereq' 'writeresp'>

State 19 <SV = 18> <Delay = 0.00>
ST_19 : Operation 123 [5/5] (7.30ns)   --->   "%g0_addr_186_resp = writeresp i1 @_ssdm_op_WriteResp.m_axi.i32P1A, i32 %g0_addr_118" [spikingformer_official.cpp:1774->spikingformer_official.cpp:2387]   --->   Operation 123 'writeresp' 'g0_addr_186_resp' <Predicate = true> <Delay = 7.30> <CoreInst = "m_axi">   --->   Core 119 'm_axi' <Latency = 3> <II = 1> <Delay = 1.00> <Adapter> <Opcode : 'readrequnaligned' 'writerequnaligned' 'read' 'write' 'readreq' 'writereq' 'writeresp'>

State 20 <SV = 19> <Delay = 0.00>
ST_20 : Operation 124 [4/5] (7.30ns)   --->   "%g0_addr_186_resp = writeresp i1 @_ssdm_op_WriteResp.m_axi.i32P1A, i32 %g0_addr_118" [spikingformer_official.cpp:1774->spikingformer_official.cpp:2387]   --->   Operation 124 'writeresp' 'g0_addr_186_resp' <Predicate = true> <Delay = 7.30> <CoreInst = "m_axi">   --->   Core 119 'm_axi' <Latency = 3> <II = 1> <Delay = 1.00> <Adapter> <Opcode : 'readrequnaligned' 'writerequnaligned' 'read' 'write' 'readreq' 'writereq' 'writeresp'>

State 21 <SV = 20> <Delay = 0.42>
ST_21 : Operation 125 [3/5] (7.30ns)   --->   "%g0_addr_186_resp = writeresp i1 @_ssdm_op_WriteResp.m_axi.i32P1A, i32 %g0_addr_118" [spikingformer_official.cpp:1774->spikingformer_official.cpp:2387]   --->   Operation 125 'writeresp' 'g0_addr_186_resp' <Predicate = true> <Delay = 7.30> <CoreInst = "m_axi">   --->   Core 119 'm_axi' <Latency = 3> <II = 1> <Delay = 1.00> <Adapter> <Opcode : 'readrequnaligned' 'writerequnaligned' 'read' 'write' 'readreq' 'writereq' 'writeresp'>
ST_21 : Operation 132 [1/1] (0.42ns)   --->   "%ret_ln0 = ret"   --->   Operation 132 'ret' 'ret_ln0' <Predicate = (icmp_ln1763)> <Delay = 0.42>

State 22 <SV = 21> <Delay = 0.00>
ST_22 : Operation 126 [2/5] (7.30ns)   --->   "%g0_addr_186_resp = writeresp i1 @_ssdm_op_WriteResp.m_axi.i32P1A, i32 %g0_addr_118" [spikingformer_official.cpp:1774->spikingformer_official.cpp:2387]   --->   Operation 126 'writeresp' 'g0_addr_186_resp' <Predicate = true> <Delay = 7.30> <CoreInst = "m_axi">   --->   Core 119 'm_axi' <Latency = 3> <II = 1> <Delay = 1.00> <Adapter> <Opcode : 'readrequnaligned' 'writerequnaligned' 'read' 'write' 'readreq' 'writereq' 'writeresp'>

State 23 <SV = 22> <Delay = 7.30>
ST_23 : Operation 127 [1/1] (0.00ns)   --->   "%specloopname_ln0 = specloopname void @_ssdm_op_SpecLoopName, void @VITIS_LOOP_1763_5_VITIS_LOOP_1764_6_str"   --->   Operation 127 'specloopname' 'specloopname_ln0' <Predicate = true> <Delay = 0.00>
ST_23 : Operation 128 [1/1] (0.00ns)   --->   "%speclooptripcount_ln0 = speclooptripcount void @_ssdm_op_SpecLoopTripCount, i64 1024, i64 1024, i64 1024"   --->   Operation 128 'speclooptripcount' 'speclooptripcount_ln0' <Predicate = true> <Delay = 0.00>
ST_23 : Operation 129 [1/1] (0.00ns)   --->   "%specpipeline_ln1765 = specpipeline void @_ssdm_op_SpecPipeline, i32 1, i32 0, i32 0, i32 0, i32 4294967295, void @empty_35" [spikingformer_official.cpp:1765->spikingformer_official.cpp:2387]   --->   Operation 129 'specpipeline' 'specpipeline_ln1765' <Predicate = true> <Delay = 0.00>
ST_23 : Operation 130 [1/5] ( I:7.30ns O:7.30ns )   --->   "%g0_addr_186_resp = writeresp i1 @_ssdm_op_WriteResp.m_axi.i32P1A, i32 %g0_addr_118" [spikingformer_official.cpp:1774->spikingformer_official.cpp:2387]   --->   Operation 130 'writeresp' 'g0_addr_186_resp' <Predicate = true> <Delay = 7.30> <CoreInst = "m_axi">   --->   Core 119 'm_axi' <Latency = 3> <II = 1> <Delay = 1.00> <Adapter> <Opcode : 'readrequnaligned' 'writerequnaligned' 'read' 'write' 'readreq' 'writereq' 'writeresp'>
ST_23 : Operation 131 [1/1] (0.00ns)   --->   "%br_ln1764 = br void %for.inc.i419" [spikingformer_official.cpp:1764->spikingformer_official.cpp:2387]   --->   Operation 131 'br' 'br_ln1764' <Predicate = true> <Delay = 0.00>


============================================================
+ Verbose Summary: Timing violations
============================================================
Target clock period: 10.000ns, clock uncertainty: 2.700ns.

 <State 1>: 6.258ns
The critical path consists of the following:
	'store' operation ('store_ln1763', spikingformer_official.cpp:1763->spikingformer_official.cpp:2387) of constant 0 6 bit on local variable 'v723', spikingformer_official.cpp:1763->spikingformer_official.cpp:2387 [30]  (0.427 ns)
	'load' operation 6 bit ('v723_load', spikingformer_official.cpp:1763->spikingformer_official.cpp:2387) on local variable 'v723', spikingformer_official.cpp:1763->spikingformer_official.cpp:2387 [41]  (0.000 ns)
	'add' operation 6 bit ('add_ln1763', spikingformer_official.cpp:1763->spikingformer_official.cpp:2387) [42]  (0.781 ns)
	'select' operation 6 bit ('select_ln1763_1', spikingformer_official.cpp:1763->spikingformer_official.cpp:2387) [47]  (0.384 ns)
	'add' operation 6 bit ('tmp4', spikingformer_official.cpp:1763->spikingformer_official.cpp:2387) [48]  (0.781 ns)
	'add' operation 12 bit ('tmp5', spikingformer_official.cpp:1763->spikingformer_official.cpp:2387) [53]  (0.798 ns)
	'add' operation 22 bit ('add_ln1769', spikingformer_official.cpp:1769->spikingformer_official.cpp:2387) [59]  (0.914 ns)
	'add' operation 64 bit ('add_ln1769_1', spikingformer_official.cpp:1769->spikingformer_official.cpp:2387) [63]  (1.085 ns)
	'add' operation 63 bit ('add_ln1769_2', spikingformer_official.cpp:1769->spikingformer_official.cpp:2387) [68]  (1.088 ns)

 <State 2>: 0.819ns
The critical path consists of the following:
	'add' operation 64 bit ('add_ln1771', spikingformer_official.cpp:1771->spikingformer_official.cpp:2387) [75]  (0.000 ns)
	'add' operation 64 bit ('add_ln1771_1', spikingformer_official.cpp:1771->spikingformer_official.cpp:2387) [79]  (0.819 ns)

 <State 3>: 0.000ns
The critical path consists of the following:

 <State 4>: 0.000ns
The critical path consists of the following:

 <State 5>: 0.000ns
The critical path consists of the following:

 <State 6>: 0.000ns
The critical path consists of the following:

 <State 7>: 0.000ns
The critical path consists of the following:

 <State 8>: 0.000ns
The critical path consists of the following:

 <State 9>: 7.300ns
The critical path consists of the following:
	bus request operation ('g0_load_62_req', spikingformer_official.cpp:1769->spikingformer_official.cpp:2387) on port 'g0' (spikingformer_official.cpp:1769->spikingformer_official.cpp:2387) [71]  (7.300 ns)

 <State 10>: 7.300ns
The critical path consists of the following:
	bus read operation ('g0_addr_read', spikingformer_official.cpp:1769->spikingformer_official.cpp:2387) on port 'g0' (spikingformer_official.cpp:1769->spikingformer_official.cpp:2387) [72]  (7.300 ns)

 <State 11>: 7.300ns
The critical path consists of the following:
	bus read operation ('g0_addr_118_read', spikingformer_official.cpp:1771->spikingformer_official.cpp:2387) on port 'g0' (spikingformer_official.cpp:1771->spikingformer_official.cpp:2387) [84]  (7.300 ns)

 <State 12>: 7.016ns
The critical path consists of the following:
	'fmul' operation 32 bit ('v728', spikingformer_official.cpp:1772->spikingformer_official.cpp:2387) [86]  (7.016 ns)

 <State 13>: 7.016ns
The critical path consists of the following:
	'fmul' operation 32 bit ('v728', spikingformer_official.cpp:1772->spikingformer_official.cpp:2387) [86]  (7.016 ns)

 <State 14>: 6.437ns
The critical path consists of the following:
	'fadd' operation 32 bit ('v729', spikingformer_official.cpp:1773->spikingformer_official.cpp:2387) [87]  (6.437 ns)

 <State 15>: 6.437ns
The critical path consists of the following:
	'fadd' operation 32 bit ('v729', spikingformer_official.cpp:1773->spikingformer_official.cpp:2387) [87]  (6.437 ns)

 <State 16>: 6.437ns
The critical path consists of the following:
	'fadd' operation 32 bit ('v729', spikingformer_official.cpp:1773->spikingformer_official.cpp:2387) [87]  (6.437 ns)

 <State 17>: 7.300ns
The critical path consists of the following:
	bus request operation ('g0_addr_186_req', spikingformer_official.cpp:1774->spikingformer_official.cpp:2387) on port 'g0' (spikingformer_official.cpp:1774->spikingformer_official.cpp:2387) [89]  (7.300 ns)

 <State 18>: 7.300ns
The critical path consists of the following:
	bus write operation ('write_ln1774', spikingformer_official.cpp:1774->spikingformer_official.cpp:2387) on port 'g0' (spikingformer_official.cpp:1774->spikingformer_official.cpp:2387) [90]  (7.300 ns)

 <State 19>: 0.000ns
The critical path consists of the following:

 <State 20>: 0.000ns
The critical path consists of the following:

 <State 21>: 0.427ns
The critical path consists of the following:

 <State 22>: 0.000ns
The critical path consists of the following:

 <State 23>: 7.300ns
The critical path consists of the following:
	bus response operation ('g0_addr_186_resp', spikingformer_official.cpp:1774->spikingformer_official.cpp:2387) on port 'g0' (spikingformer_official.cpp:1774->spikingformer_official.cpp:2387) [91]  (7.300 ns)


============================================================
+ Verbose Summary: Binding
============================================================
N/A
* FSMD analyzer results:
  - Output states:
 - Input state : 
  - Chain level:
	State 1
	State 2
	State 3
	State 4
	State 5
	State 6
	State 7
	State 8
	State 9
	State 10
	State 11
	State 12
	State 13
	State 14
	State 15
	State 16
	State 17
	State 18
	State 19
	State 20
	State 21
	State 22
	State 23


============================================================
+ Verbose Summary: Datapath Resource usage 
============================================================
N/A
