

================================================================
== Vitis HLS Report for 'control_Pipeline_VITIS_LOOP_287_1_VITIS_LOOP_288_2_VITIS_LOOP_289_3'
================================================================
* Date:           Sun Jul 12 20:26:10 2026

* Version:        2025.2 (Build 6295257 on Nov 14 2025)
* Project:        spikingformer_proj
* Solution:       solution1 (Vivado IP Flow Target)
* Product family: zynquplus
* Target device:  xczu7ev-ffvc1156-2-e


================================================================
== Performance Estimates
================================================================
+ Timing: 
    * Summary: 
    +--------+----------+----------+------------+
    |  Clock |  Target  | Estimated| Uncertainty|
    +--------+----------+----------+------------+
    |ap_clk  |  10.00 ns|  7.300 ns|     2.70 ns|
    +--------+----------+----------+------------+

+ Latency: 
    * Summary: 
    +---------+---------+----------+----------+-----+-----+-------------------+
    |  Latency (cycles) |  Latency (absolute) |  Interval |      Pipeline     |
    |   min   |   max   |    min   |    max   | min | max |        Type       |
    +---------+---------+----------+----------+-----+-----+-------------------+
    |    98324|    98324|  0.983 ms|  0.983 ms|    0|    0|  loop pipeline stp|
    +---------+---------+----------+----------+-----+-----+-------------------+

    + Detail: 
        * Instance: 
        N/A

        * Loop: 
        +------------------------------------------------------+---------+---------+----------+-----------+-----------+-------+----------+
        |                                                      |  Latency (cycles) | Iteration|  Initiation Interval  |  Trip |          |
        |                       Loop Name                      |   min   |   max   |  Latency |  achieved |   target  | Count | Pipelined|
        +------------------------------------------------------+---------+---------+----------+-----------+-----------+-------+----------+
        |- VITIS_LOOP_287_1_VITIS_LOOP_288_2_VITIS_LOOP_289_3  |    98322|    98322|        20|          1|          1|  98304|       yes|
        +------------------------------------------------------+---------+---------+----------+-----------+-----------+-------+----------+

============================================================
+ Verbose Summary: Synthesis Manager
============================================================
InlineROM: 1
ExposeGlobal: 0
============================================================
+ Verbose Summary: CDFG Model
============================================================
IsTopModel: 0
ResetActiveHigh: 1
IsCombinational: 0
IsDatapathOnly: 0
HasWiredReturn: 1
HasMFsm: 2
HasVarLatency: 1
IsPipeline: 0
IsRtlPipelined: 0
IsInstanceOverlapped: 0
IsDontTouch: 0
HasImplIP: 0
IsGatedGlobalClock: 0

+ Individual pipeline summary: 
  * Pipeline-0: initiation interval (II) = 1, depth = 21


============================================================
+ Verbose Summary: Schedule
============================================================
* Number of FSM states : 21
* Pipeline : 1
  Pipeline-0 : II = 1, D = 21, States = { 1 2 3 4 5 6 7 8 9 10 11 12 13 14 15 16 17 18 19 20 21 }
* Dataflow Pipeline: 0

* FSM state transitions: 
1 --> 2 
2 --> 3 
3 --> 4 
4 --> 5 
5 --> 6 
6 --> 7 
7 --> 8 
8 --> 9 
9 --> 10 
10 --> 11 
11 --> 12 
12 --> 13 
13 --> 14 
14 --> 15 
15 --> 16 
16 --> 17 
17 --> 18 
18 --> 19 
19 --> 20 
20 --> 21 
21 --> 

* FSM state operations: 

State 1 <SV = 0> <Delay = 0.42>
ST_1 : Operation 23 [1/1] (0.00ns)   --->   "%v114 = alloca i32 1" [spikingformer_official.cpp:289->spikingformer_official.cpp:2634]   --->   Operation 23 'alloca' 'v114' <Predicate = true> <Delay = 0.00>
ST_1 : Operation 24 [1/1] (0.00ns)   --->   "%v113 = alloca i32 1" [spikingformer_official.cpp:288->spikingformer_official.cpp:2634]   --->   Operation 24 'alloca' 'v113' <Predicate = true> <Delay = 0.00>
ST_1 : Operation 25 [1/1] (0.00ns)   --->   "%indvar_flatten14145 = alloca i32 1"   --->   Operation 25 'alloca' 'indvar_flatten14145' <Predicate = true> <Delay = 0.00>
ST_1 : Operation 26 [1/1] (0.00ns)   --->   "%v112 = alloca i32 1" [spikingformer_official.cpp:287->spikingformer_official.cpp:2634]   --->   Operation 26 'alloca' 'v112' <Predicate = true> <Delay = 0.00>
ST_1 : Operation 27 [1/1] (0.00ns)   --->   "%indvar_flatten14158 = alloca i32 1"   --->   Operation 27 'alloca' 'indvar_flatten14158' <Predicate = true> <Delay = 0.00>
ST_1 : Operation 28 [1/1] (0.00ns)   --->   "%v1050_read = read i64 @_ssdm_op_Read.ap_auto.i64, i64 %v1050"   --->   Operation 28 'read' 'v1050_read' <Predicate = true> <Delay = 0.00>
ST_1 : Operation 29 [1/1] (0.00ns)   --->   "%sext_ln21594 = read i62 @_ssdm_op_Read.ap_auto.i62, i62 %sext_ln2159"   --->   Operation 29 'read' 'sext_ln21594' <Predicate = true> <Delay = 0.00>
ST_1 : Operation 30 [1/1] (0.00ns)   --->   "%specstablecontent_ln0 = specstablecontent void @_ssdm_op_SpecStableContent, i32 %g0, i1 1, void "   --->   Operation 30 'specstablecontent' 'specstablecontent_ln0' <Predicate = true> <Delay = 0.00>
ST_1 : Operation 31 [1/1] (0.00ns)   --->   "%specinterface_ln0 = specinterface void @_ssdm_op_SpecInterface, i32 %g0, void @empty_26, i32 0, i32 0, void @empty_35, i32 0, i32 0, void @empty_22, void @empty_25, void @empty_35, i32 16, i32 16, i32 16, i32 16, void @empty_35, void @empty_35, i32 4294967295, i32 0, i32 0, i32 4"   --->   Operation 31 'specinterface' 'specinterface_ln0' <Predicate = true> <Delay = 0.00>
ST_1 : Operation 32 [1/1] (0.42ns)   --->   "%store_ln0 = store i17 0, i17 %indvar_flatten14158"   --->   Operation 32 'store' 'store_ln0' <Predicate = true> <Delay = 0.42>
ST_1 : Operation 33 [1/1] (0.42ns)   --->   "%store_ln287 = store i11 0, i11 %v112" [spikingformer_official.cpp:287->spikingformer_official.cpp:2634]   --->   Operation 33 'store' 'store_ln287' <Predicate = true> <Delay = 0.42>
ST_1 : Operation 34 [1/1] (0.42ns)   --->   "%store_ln0 = store i8 0, i8 %indvar_flatten14145"   --->   Operation 34 'store' 'store_ln0' <Predicate = true> <Delay = 0.42>
ST_1 : Operation 35 [1/1] (0.42ns)   --->   "%store_ln288 = store i4 0, i4 %v113" [spikingformer_official.cpp:288->spikingformer_official.cpp:2634]   --->   Operation 35 'store' 'store_ln288' <Predicate = true> <Delay = 0.42>
ST_1 : Operation 36 [1/1] (0.42ns)   --->   "%store_ln289 = store i4 0, i4 %v114" [spikingformer_official.cpp:289->spikingformer_official.cpp:2634]   --->   Operation 36 'store' 'store_ln289' <Predicate = true> <Delay = 0.42>
ST_1 : Operation 37 [1/1] (0.00ns)   --->   "%br_ln0 = br void %for.inc.i1119"   --->   Operation 37 'br' 'br_ln0' <Predicate = true> <Delay = 0.00>

State 2 <SV = 1> <Delay = 3.16>
ST_2 : Operation 38 [1/1] (0.00ns)   --->   "%indvar_flatten14158_load = load i17 %indvar_flatten14158" [spikingformer_official.cpp:287->spikingformer_official.cpp:2634]   --->   Operation 38 'load' 'indvar_flatten14158_load' <Predicate = true> <Delay = 0.00>
ST_2 : Operation 39 [1/1] (0.00ns)   --->   "%specbitsmap_ln0 = specbitsmap void @_ssdm_op_SpecBitsMap, i32 %g0"   --->   Operation 39 'specbitsmap' 'specbitsmap_ln0' <Predicate = true> <Delay = 0.00>
ST_2 : Operation 40 [1/1] (0.86ns)   --->   "%icmp_ln287 = icmp_eq  i17 %indvar_flatten14158_load, i17 98304" [spikingformer_official.cpp:287->spikingformer_official.cpp:2634]   --->   Operation 40 'icmp' 'icmp_ln287' <Predicate = true> <Delay = 0.86> <CoreInst = "Cmp">   --->   Core 9 'Cmp' <Latency = 0> <II = 1> <Delay = 0.86> <FuncUnit> <Opcode : 'seteq' 'setne' 'setle' 'setge' 'setlt' 'setgt'> <InPorts = 2> <OutPorts = 1>
ST_2 : Operation 41 [1/1] (0.86ns)   --->   "%add_ln287_3 = add i17 %indvar_flatten14158_load, i17 1" [spikingformer_official.cpp:287->spikingformer_official.cpp:2634]   --->   Operation 41 'add' 'add_ln287_3' <Predicate = true> <Delay = 0.86> <CoreInst = "Adder">   --->   Core 1 'Adder' <Latency = 0> <II = 1> <Delay = 0.86> <FuncUnit> <Opcode : 'add' 'sub'> <InPorts = 2> <OutPorts = 1>
ST_2 : Operation 42 [1/1] (0.00ns)   --->   "%br_ln287 = br i1 %icmp_ln287, void %for.inc24.i1125, void %_Z8kernel16PA1536_A8_A8_ff.exit.exitStub" [spikingformer_official.cpp:287->spikingformer_official.cpp:2634]   --->   Operation 42 'br' 'br_ln287' <Predicate = true> <Delay = 0.00>
ST_2 : Operation 43 [1/1] (0.00ns)   --->   "%v114_load = load i4 %v114" [spikingformer_official.cpp:289->spikingformer_official.cpp:2634]   --->   Operation 43 'load' 'v114_load' <Predicate = (!icmp_ln287)> <Delay = 0.00>
ST_2 : Operation 44 [1/1] (0.00ns)   --->   "%v113_load = load i4 %v113" [spikingformer_official.cpp:287->spikingformer_official.cpp:2634]   --->   Operation 44 'load' 'v113_load' <Predicate = (!icmp_ln287)> <Delay = 0.00>
ST_2 : Operation 45 [1/1] (0.00ns)   --->   "%indvar_flatten14145_load = load i8 %indvar_flatten14145" [spikingformer_official.cpp:288->spikingformer_official.cpp:2634]   --->   Operation 45 'load' 'indvar_flatten14145_load' <Predicate = (!icmp_ln287)> <Delay = 0.00>
ST_2 : Operation 46 [1/1] (0.00ns)   --->   "%v112_load = load i11 %v112" [spikingformer_official.cpp:287->spikingformer_official.cpp:2634]   --->   Operation 46 'load' 'v112_load' <Predicate = (!icmp_ln287)> <Delay = 0.00>
ST_2 : Operation 47 [1/1] (0.79ns)   --->   "%add_ln287 = add i11 %v112_load, i11 1" [spikingformer_official.cpp:287->spikingformer_official.cpp:2634]   --->   Operation 47 'add' 'add_ln287' <Predicate = (!icmp_ln287)> <Delay = 0.79> <CoreInst = "Adder">   --->   Core 1 'Adder' <Latency = 0> <II = 1> <Delay = 0.79> <FuncUnit> <Opcode : 'add' 'sub'> <InPorts = 2> <OutPorts = 1>
ST_2 : Operation 48 [1/1] (0.76ns)   --->   "%icmp_ln288 = icmp_eq  i8 %indvar_flatten14145_load, i8 64" [spikingformer_official.cpp:288->spikingformer_official.cpp:2634]   --->   Operation 48 'icmp' 'icmp_ln288' <Predicate = (!icmp_ln287)> <Delay = 0.76> <CoreInst = "Cmp">   --->   Core 9 'Cmp' <Latency = 0> <II = 1> <Delay = 0.76> <FuncUnit> <Opcode : 'seteq' 'setne' 'setle' 'setge' 'setlt' 'setgt'> <InPorts = 2> <OutPorts = 1>
ST_2 : Operation 49 [1/1] (0.39ns)   --->   "%select_ln287 = select i1 %icmp_ln288, i4 0, i4 %v113_load" [spikingformer_official.cpp:287->spikingformer_official.cpp:2634]   --->   Operation 49 'select' 'select_ln287' <Predicate = (!icmp_ln287)> <Delay = 0.39> <CoreInst = "Sel">   --->   Core 73 'Sel' <Latency = 0> <II = 1> <Delay = 0.39> <FuncUnit> <Opcode : 'select'> <InPorts = 3> <OutPorts = 1>
ST_2 : Operation 50 [1/1] (0.00ns) (grouped into LUT with out node and_ln287)   --->   "%xor_ln287 = xor i1 %icmp_ln288, i1 1" [spikingformer_official.cpp:287->spikingformer_official.cpp:2634]   --->   Operation 50 'xor' 'xor_ln287' <Predicate = (!icmp_ln287)> <Delay = 0.00> <CoreInst = "LogicGate">   --->   Core 74 'LogicGate' <Latency = 0> <II = 1> <Delay = 0.28> <FuncUnit> <Opcode : 'and' 'or' 'xor'> <InPorts = 2> <OutPorts = 1>
ST_2 : Operation 51 [1/1] (0.79ns)   --->   "%icmp_ln289 = icmp_eq  i4 %v114_load, i4 8" [spikingformer_official.cpp:289->spikingformer_official.cpp:2634]   --->   Operation 51 'icmp' 'icmp_ln289' <Predicate = (!icmp_ln287)> <Delay = 0.79> <CoreInst = "Cmp">   --->   Core 9 'Cmp' <Latency = 0> <II = 1> <Delay = 0.79> <FuncUnit> <Opcode : 'seteq' 'setne' 'setle' 'setge' 'setlt' 'setgt'> <InPorts = 2> <OutPorts = 1>
ST_2 : Operation 52 [1/1] (0.28ns) (out node of the LUT)   --->   "%and_ln287 = and i1 %icmp_ln289, i1 %xor_ln287" [spikingformer_official.cpp:287->spikingformer_official.cpp:2634]   --->   Operation 52 'and' 'and_ln287' <Predicate = (!icmp_ln287)> <Delay = 0.28> <CoreInst = "LogicGate">   --->   Core 74 'LogicGate' <Latency = 0> <II = 1> <Delay = 0.28> <FuncUnit> <Opcode : 'and' 'or' 'xor'> <InPorts = 2> <OutPorts = 1>
ST_2 : Operation 53 [1/1] (0.38ns)   --->   "%select_ln287_1 = select i1 %icmp_ln288, i11 %add_ln287, i11 %v112_load" [spikingformer_official.cpp:287->spikingformer_official.cpp:2634]   --->   Operation 53 'select' 'select_ln287_1' <Predicate = (!icmp_ln287)> <Delay = 0.38> <CoreInst = "Sel">   --->   Core 73 'Sel' <Latency = 0> <II = 1> <Delay = 0.38> <FuncUnit> <Opcode : 'select'> <InPorts = 3> <OutPorts = 1>
ST_2 : Operation 54 [1/1] (0.79ns)   --->   "%add_ln288 = add i4 %select_ln287, i4 1" [spikingformer_official.cpp:288->spikingformer_official.cpp:2634]   --->   Operation 54 'add' 'add_ln288' <Predicate = (!icmp_ln287)> <Delay = 0.79> <CoreInst = "Adder">   --->   Core 1 'Adder' <Latency = 0> <II = 1> <Delay = 0.79> <FuncUnit> <Opcode : 'add' 'sub'> <InPorts = 2> <OutPorts = 1>
ST_2 : Operation 55 [1/1] (0.00ns) (grouped into LUT with out node v114_mid2)   --->   "%empty = or i1 %and_ln287, i1 %icmp_ln288" [spikingformer_official.cpp:287->spikingformer_official.cpp:2634]   --->   Operation 55 'or' 'empty' <Predicate = (!icmp_ln287)> <Delay = 0.00> <CoreInst = "LogicGate">   --->   Core 74 'LogicGate' <Latency = 0> <II = 1> <Delay = 0.28> <FuncUnit> <Opcode : 'and' 'or' 'xor'> <InPorts = 2> <OutPorts = 1>
ST_2 : Operation 56 [1/1] (0.39ns) (out node of the LUT)   --->   "%v114_mid2 = select i1 %empty, i4 0, i4 %v114_load" [spikingformer_official.cpp:287->spikingformer_official.cpp:2634]   --->   Operation 56 'select' 'v114_mid2' <Predicate = (!icmp_ln287)> <Delay = 0.39> <CoreInst = "Sel">   --->   Core 73 'Sel' <Latency = 0> <II = 1> <Delay = 0.39> <FuncUnit> <Opcode : 'select'> <InPorts = 3> <OutPorts = 1>
ST_2 : Operation 57 [1/1] (0.39ns)   --->   "%select_ln288 = select i1 %and_ln287, i4 %add_ln288, i4 %select_ln287" [spikingformer_official.cpp:288->spikingformer_official.cpp:2634]   --->   Operation 57 'select' 'select_ln288' <Predicate = (!icmp_ln287)> <Delay = 0.39> <CoreInst = "Sel">   --->   Core 73 'Sel' <Latency = 0> <II = 1> <Delay = 0.39> <FuncUnit> <Opcode : 'select'> <InPorts = 3> <OutPorts = 1>
ST_2 : Operation 58 [1/1] (0.00ns)   --->   "%shl_ln = bitconcatenate i19 @_ssdm_op_BitConcatenate.i19.i11.i8, i11 %select_ln287_1, i8 0" [spikingformer_official.cpp:292->spikingformer_official.cpp:2634]   --->   Operation 58 'bitconcatenate' 'shl_ln' <Predicate = (!icmp_ln287)> <Delay = 0.00>
ST_2 : Operation 59 [1/1] (0.00ns)   --->   "%zext_ln288 = zext i19 %shl_ln" [spikingformer_official.cpp:288->spikingformer_official.cpp:2634]   --->   Operation 59 'zext' 'zext_ln288' <Predicate = (!icmp_ln287)> <Delay = 0.00>
ST_2 : Operation 60 [1/1] (0.00ns)   --->   "%trunc_ln292 = trunc i4 %v114_mid2" [spikingformer_official.cpp:292->spikingformer_official.cpp:2634]   --->   Operation 60 'trunc' 'trunc_ln292' <Predicate = (!icmp_ln287)> <Delay = 0.00>
ST_2 : Operation 61 [1/1] (0.00ns) (grouped into TernaryAdder)   --->   "%add_ln292 = add i64 %zext_ln288, i64 %v1050_read" [spikingformer_official.cpp:292->spikingformer_official.cpp:2634]   --->   Operation 61 'add' 'add_ln292' <Predicate = (!icmp_ln287)> <Delay = 0.00> <CoreInst = "TAddSub">   --->   Core 10 'TAddSub' <Latency = 0> <II = 1> <Delay = 0.40> <IPBlock> <Opcode : 'add' 'sub'> <InPorts = 3> <OutPorts = 1> <Sync> <CReg>
ST_2 : Operation 62 [1/1] (0.00ns)   --->   "%trunc_ln292_5 = trunc i4 %select_ln288" [spikingformer_official.cpp:292->spikingformer_official.cpp:2634]   --->   Operation 62 'trunc' 'trunc_ln292_5' <Predicate = (!icmp_ln287)> <Delay = 0.00>
ST_2 : Operation 63 [1/1] (0.00ns)   --->   "%tmp = bitconcatenate i8 @_ssdm_op_BitConcatenate.i8.i3.i3.i2, i3 %trunc_ln292_5, i3 %trunc_ln292, i2 0" [spikingformer_official.cpp:292->spikingformer_official.cpp:2634]   --->   Operation 63 'bitconcatenate' 'tmp' <Predicate = (!icmp_ln287)> <Delay = 0.00>
ST_2 : Operation 64 [1/1] (0.00ns)   --->   "%zext_ln292 = zext i8 %tmp" [spikingformer_official.cpp:292->spikingformer_official.cpp:2634]   --->   Operation 64 'zext' 'zext_ln292' <Predicate = (!icmp_ln287)> <Delay = 0.00>
ST_2 : Operation 65 [1/1] (0.81ns) (root node of TernaryAdder)   --->   "%add_ln292_1 = add i64 %zext_ln292, i64 %add_ln292" [spikingformer_official.cpp:292->spikingformer_official.cpp:2634]   --->   Operation 65 'add' 'add_ln292_1' <Predicate = (!icmp_ln287)> <Delay = 0.81> <CoreInst = "TAddSub">   --->   Core 10 'TAddSub' <Latency = 0> <II = 1> <Delay = 0.40> <IPBlock> <Opcode : 'add' 'sub'> <InPorts = 3> <OutPorts = 1> <Sync> <CReg>
ST_2 : Operation 66 [1/1] (0.00ns)   --->   "%trunc_ln = partselect i62 @_ssdm_op_PartSelect.i62.i64.i32.i32, i64 %add_ln292_1, i32 2, i32 63" [spikingformer_official.cpp:292->spikingformer_official.cpp:2634]   --->   Operation 66 'partselect' 'trunc_ln' <Predicate = (!icmp_ln287)> <Delay = 0.00>
ST_2 : Operation 67 [1/1] (0.00ns)   --->   "%sext_ln292 = sext i62 %trunc_ln" [spikingformer_official.cpp:292->spikingformer_official.cpp:2634]   --->   Operation 67 'sext' 'sext_ln292' <Predicate = (!icmp_ln287)> <Delay = 0.00>
ST_2 : Operation 68 [1/1] (0.00ns)   --->   "%g0_addr = getelementptr i32 %g0, i64 %sext_ln292" [spikingformer_official.cpp:292->spikingformer_official.cpp:2634]   --->   Operation 68 'getelementptr' 'g0_addr' <Predicate = (!icmp_ln287)> <Delay = 0.00>
ST_2 : Operation 69 [1/1] (0.79ns)   --->   "%add_ln289 = add i4 %v114_mid2, i4 1" [spikingformer_official.cpp:289->spikingformer_official.cpp:2634]   --->   Operation 69 'add' 'add_ln289' <Predicate = (!icmp_ln287)> <Delay = 0.79> <CoreInst = "Adder">   --->   Core 1 'Adder' <Latency = 0> <II = 1> <Delay = 0.79> <FuncUnit> <Opcode : 'add' 'sub'> <InPorts = 2> <OutPorts = 1>
ST_2 : Operation 70 [1/1] (0.76ns)   --->   "%add_ln288_3 = add i8 %indvar_flatten14145_load, i8 1" [spikingformer_official.cpp:288->spikingformer_official.cpp:2634]   --->   Operation 70 'add' 'add_ln288_3' <Predicate = (!icmp_ln287)> <Delay = 0.76> <CoreInst = "Adder">   --->   Core 1 'Adder' <Latency = 0> <II = 1> <Delay = 0.76> <FuncUnit> <Opcode : 'add' 'sub'> <InPorts = 2> <OutPorts = 1>
ST_2 : Operation 71 [1/1] (0.39ns)   --->   "%select_ln288_1 = select i1 %icmp_ln288, i8 1, i8 %add_ln288_3" [spikingformer_official.cpp:288->spikingformer_official.cpp:2634]   --->   Operation 71 'select' 'select_ln288_1' <Predicate = (!icmp_ln287)> <Delay = 0.39> <CoreInst = "Sel">   --->   Core 73 'Sel' <Latency = 0> <II = 1> <Delay = 0.39> <FuncUnit> <Opcode : 'select'> <InPorts = 3> <OutPorts = 1>
ST_2 : Operation 72 [1/1] (0.42ns)   --->   "%store_ln287 = store i17 %add_ln287_3, i17 %indvar_flatten14158" [spikingformer_official.cpp:287->spikingformer_official.cpp:2634]   --->   Operation 72 'store' 'store_ln287' <Predicate = (!icmp_ln287)> <Delay = 0.42>
ST_2 : Operation 73 [1/1] (0.42ns)   --->   "%store_ln287 = store i11 %select_ln287_1, i11 %v112" [spikingformer_official.cpp:287->spikingformer_official.cpp:2634]   --->   Operation 73 'store' 'store_ln287' <Predicate = (!icmp_ln287)> <Delay = 0.42>
ST_2 : Operation 74 [1/1] (0.42ns)   --->   "%store_ln288 = store i8 %select_ln288_1, i8 %indvar_flatten14145" [spikingformer_official.cpp:288->spikingformer_official.cpp:2634]   --->   Operation 74 'store' 'store_ln288' <Predicate = (!icmp_ln287)> <Delay = 0.42>
ST_2 : Operation 75 [1/1] (0.42ns)   --->   "%store_ln288 = store i4 %select_ln288, i4 %v113" [spikingformer_official.cpp:288->spikingformer_official.cpp:2634]   --->   Operation 75 'store' 'store_ln288' <Predicate = (!icmp_ln287)> <Delay = 0.42>
ST_2 : Operation 76 [1/1] (0.42ns)   --->   "%store_ln289 = store i4 %add_ln289, i4 %v114" [spikingformer_official.cpp:289->spikingformer_official.cpp:2634]   --->   Operation 76 'store' 'store_ln289' <Predicate = (!icmp_ln287)> <Delay = 0.42>

State 3 <SV = 2> <Delay = 0.00>
ST_3 : Operation 77 [8/8] (7.30ns)   --->   "%g0_load_110_req = readreq i1 @_ssdm_op_ReadReq.m_axi.i32P1A, i32 %g0_addr, i64 1" [spikingformer_official.cpp:292->spikingformer_official.cpp:2634]   --->   Operation 77 'readreq' 'g0_load_110_req' <Predicate = true> <Delay = 7.30> <CoreInst = "m_axi">   --->   Core 119 'm_axi' <Latency = 6> <II = 1> <Delay = 1.00> <Adapter> <Opcode : 'readrequnaligned' 'writerequnaligned' 'read' 'write' 'readreq' 'writereq' 'writeresp'>

State 4 <SV = 3> <Delay = 0.00>
ST_4 : Operation 78 [7/8] (7.30ns)   --->   "%g0_load_110_req = readreq i1 @_ssdm_op_ReadReq.m_axi.i32P1A, i32 %g0_addr, i64 1" [spikingformer_official.cpp:292->spikingformer_official.cpp:2634]   --->   Operation 78 'readreq' 'g0_load_110_req' <Predicate = true> <Delay = 7.30> <CoreInst = "m_axi">   --->   Core 119 'm_axi' <Latency = 6> <II = 1> <Delay = 1.00> <Adapter> <Opcode : 'readrequnaligned' 'writerequnaligned' 'read' 'write' 'readreq' 'writereq' 'writeresp'>

State 5 <SV = 4> <Delay = 0.00>
ST_5 : Operation 79 [6/8] (7.30ns)   --->   "%g0_load_110_req = readreq i1 @_ssdm_op_ReadReq.m_axi.i32P1A, i32 %g0_addr, i64 1" [spikingformer_official.cpp:292->spikingformer_official.cpp:2634]   --->   Operation 79 'readreq' 'g0_load_110_req' <Predicate = true> <Delay = 7.30> <CoreInst = "m_axi">   --->   Core 119 'm_axi' <Latency = 6> <II = 1> <Delay = 1.00> <Adapter> <Opcode : 'readrequnaligned' 'writerequnaligned' 'read' 'write' 'readreq' 'writereq' 'writeresp'>

State 6 <SV = 5> <Delay = 0.00>
ST_6 : Operation 80 [5/8] (7.30ns)   --->   "%g0_load_110_req = readreq i1 @_ssdm_op_ReadReq.m_axi.i32P1A, i32 %g0_addr, i64 1" [spikingformer_official.cpp:292->spikingformer_official.cpp:2634]   --->   Operation 80 'readreq' 'g0_load_110_req' <Predicate = true> <Delay = 7.30> <CoreInst = "m_axi">   --->   Core 119 'm_axi' <Latency = 6> <II = 1> <Delay = 1.00> <Adapter> <Opcode : 'readrequnaligned' 'writerequnaligned' 'read' 'write' 'readreq' 'writereq' 'writeresp'>

State 7 <SV = 6> <Delay = 0.00>
ST_7 : Operation 81 [4/8] (7.30ns)   --->   "%g0_load_110_req = readreq i1 @_ssdm_op_ReadReq.m_axi.i32P1A, i32 %g0_addr, i64 1" [spikingformer_official.cpp:292->spikingformer_official.cpp:2634]   --->   Operation 81 'readreq' 'g0_load_110_req' <Predicate = true> <Delay = 7.30> <CoreInst = "m_axi">   --->   Core 119 'm_axi' <Latency = 6> <II = 1> <Delay = 1.00> <Adapter> <Opcode : 'readrequnaligned' 'writerequnaligned' 'read' 'write' 'readreq' 'writereq' 'writeresp'>

State 8 <SV = 7> <Delay = 0.00>
ST_8 : Operation 82 [3/8] (7.30ns)   --->   "%g0_load_110_req = readreq i1 @_ssdm_op_ReadReq.m_axi.i32P1A, i32 %g0_addr, i64 1" [spikingformer_official.cpp:292->spikingformer_official.cpp:2634]   --->   Operation 82 'readreq' 'g0_load_110_req' <Predicate = true> <Delay = 7.30> <CoreInst = "m_axi">   --->   Core 119 'm_axi' <Latency = 6> <II = 1> <Delay = 1.00> <Adapter> <Opcode : 'readrequnaligned' 'writerequnaligned' 'read' 'write' 'readreq' 'writereq' 'writeresp'>

State 9 <SV = 8> <Delay = 0.00>
ST_9 : Operation 83 [2/8] (7.30ns)   --->   "%g0_load_110_req = readreq i1 @_ssdm_op_ReadReq.m_axi.i32P1A, i32 %g0_addr, i64 1" [spikingformer_official.cpp:292->spikingformer_official.cpp:2634]   --->   Operation 83 'readreq' 'g0_load_110_req' <Predicate = true> <Delay = 7.30> <CoreInst = "m_axi">   --->   Core 119 'm_axi' <Latency = 6> <II = 1> <Delay = 1.00> <Adapter> <Opcode : 'readrequnaligned' 'writerequnaligned' 'read' 'write' 'readreq' 'writereq' 'writeresp'>

State 10 <SV = 9> <Delay = 7.30>
ST_10 : Operation 84 [1/8] ( I:7.30ns O:7.30ns )   --->   "%g0_load_110_req = readreq i1 @_ssdm_op_ReadReq.m_axi.i32P1A, i32 %g0_addr, i64 1" [spikingformer_official.cpp:292->spikingformer_official.cpp:2634]   --->   Operation 84 'readreq' 'g0_load_110_req' <Predicate = true> <Delay = 7.30> <CoreInst = "m_axi">   --->   Core 119 'm_axi' <Latency = 6> <II = 1> <Delay = 1.00> <Adapter> <Opcode : 'readrequnaligned' 'writerequnaligned' 'read' 'write' 'readreq' 'writereq' 'writeresp'>

State 11 <SV = 10> <Delay = 7.30>
ST_11 : Operation 85 [1/1] ( I:7.30ns O:7.30ns )   --->   "%g0_addr_read = read i32 @_ssdm_op_Read.m_axi.i32P1A, i32 %g0_addr" [spikingformer_official.cpp:292->spikingformer_official.cpp:2634]   --->   Operation 85 'read' 'g0_addr_read' <Predicate = true> <Delay = 7.30> <CoreInst = "m_axi">   --->   Core 119 'm_axi' <Latency = 3> <II = 1> <Delay = 1.00> <Adapter> <Opcode : 'readrequnaligned' 'writerequnaligned' 'read' 'write' 'readreq' 'writereq' 'writeresp'>

State 12 <SV = 11> <Delay = 6.43>
ST_12 : Operation 86 [1/1] (0.00ns)   --->   "%v115 = bitcast i32 %g0_addr_read" [spikingformer_official.cpp:292->spikingformer_official.cpp:2634]   --->   Operation 86 'bitcast' 'v115' <Predicate = true> <Delay = 0.00>
ST_12 : Operation 87 [4/4] (6.43ns)   --->   "%v116 = fadd i32 %v115, i32 -1" [spikingformer_official.cpp:293->spikingformer_official.cpp:2634]   --->   Operation 87 'fadd' 'v116' <Predicate = true> <Delay = 6.43> <CoreInst = "FAddSub_fulldsp">   --->   Core 18 'FAddSub_fulldsp' <Latency = 3> <II = 1> <Delay = 6.43> <FuncUnit> <Opcode : 'fadd' 'fsub'> <InPorts = 2> <OutPorts = 1>

State 13 <SV = 12> <Delay = 6.43>
ST_13 : Operation 88 [3/4] (6.43ns)   --->   "%v116 = fadd i32 %v115, i32 -1" [spikingformer_official.cpp:293->spikingformer_official.cpp:2634]   --->   Operation 88 'fadd' 'v116' <Predicate = true> <Delay = 6.43> <CoreInst = "FAddSub_fulldsp">   --->   Core 18 'FAddSub_fulldsp' <Latency = 3> <II = 1> <Delay = 6.43> <FuncUnit> <Opcode : 'fadd' 'fsub'> <InPorts = 2> <OutPorts = 1>

State 14 <SV = 13> <Delay = 6.43>
ST_14 : Operation 89 [2/4] (6.43ns)   --->   "%v116 = fadd i32 %v115, i32 -1" [spikingformer_official.cpp:293->spikingformer_official.cpp:2634]   --->   Operation 89 'fadd' 'v116' <Predicate = true> <Delay = 6.43> <CoreInst = "FAddSub_fulldsp">   --->   Core 18 'FAddSub_fulldsp' <Latency = 3> <II = 1> <Delay = 6.43> <FuncUnit> <Opcode : 'fadd' 'fsub'> <InPorts = 2> <OutPorts = 1>

State 15 <SV = 14> <Delay = 7.30>
ST_15 : Operation 90 [1/4] (6.43ns)   --->   "%v116 = fadd i32 %v115, i32 -1" [spikingformer_official.cpp:293->spikingformer_official.cpp:2634]   --->   Operation 90 'fadd' 'v116' <Predicate = true> <Delay = 6.43> <CoreInst = "FAddSub_fulldsp">   --->   Core 18 'FAddSub_fulldsp' <Latency = 3> <II = 1> <Delay = 6.43> <FuncUnit> <Opcode : 'fadd' 'fsub'> <InPorts = 2> <OutPorts = 1>
ST_15 : Operation 91 [1/1] ( I:7.30ns O:7.30ns )   --->   "%g0_addr_261_req = writereq i1 @_ssdm_op_WriteReq.m_axi.i32P1A, i32 %g0_addr, i64 1" [spikingformer_official.cpp:294->spikingformer_official.cpp:2634]   --->   Operation 91 'writereq' 'g0_addr_261_req' <Predicate = true> <Delay = 7.30> <CoreInst = "m_axi">   --->   Core 119 'm_axi' <Latency = 9> <II = 1> <Delay = 1.00> <Adapter> <Opcode : 'readrequnaligned' 'writerequnaligned' 'read' 'write' 'readreq' 'writereq' 'writeresp'>

State 16 <SV = 15> <Delay = 7.30>
ST_16 : Operation 92 [1/1] (0.00ns)   --->   "%bitcast_ln294 = bitcast i32 %v116" [spikingformer_official.cpp:294->spikingformer_official.cpp:2634]   --->   Operation 92 'bitcast' 'bitcast_ln294' <Predicate = true> <Delay = 0.00>
ST_16 : Operation 93 [1/1] ( I:7.30ns O:7.30ns )   --->   "%write_ln294 = write void @_ssdm_op_Write.m_axi.i32P1A, i32 %g0_addr, i32 %bitcast_ln294, i4 15" [spikingformer_official.cpp:294->spikingformer_official.cpp:2634]   --->   Operation 93 'write' 'write_ln294' <Predicate = true> <Delay = 7.30> <CoreInst = "m_axi">   --->   Core 119 'm_axi' <Latency = 5> <II = 1> <Delay = 1.00> <Adapter> <Opcode : 'readrequnaligned' 'writerequnaligned' 'read' 'write' 'readreq' 'writereq' 'writeresp'>

State 17 <SV = 16> <Delay = 0.00>
ST_17 : Operation 94 [5/5] (7.30ns)   --->   "%g0_addr_261_resp = writeresp i1 @_ssdm_op_WriteResp.m_axi.i32P1A, i32 %g0_addr" [spikingformer_official.cpp:294->spikingformer_official.cpp:2634]   --->   Operation 94 'writeresp' 'g0_addr_261_resp' <Predicate = true> <Delay = 7.30> <CoreInst = "m_axi">   --->   Core 119 'm_axi' <Latency = 3> <II = 1> <Delay = 1.00> <Adapter> <Opcode : 'readrequnaligned' 'writerequnaligned' 'read' 'write' 'readreq' 'writereq' 'writeresp'>

State 18 <SV = 17> <Delay = 0.00>
ST_18 : Operation 95 [4/5] (7.30ns)   --->   "%g0_addr_261_resp = writeresp i1 @_ssdm_op_WriteResp.m_axi.i32P1A, i32 %g0_addr" [spikingformer_official.cpp:294->spikingformer_official.cpp:2634]   --->   Operation 95 'writeresp' 'g0_addr_261_resp' <Predicate = true> <Delay = 7.30> <CoreInst = "m_axi">   --->   Core 119 'm_axi' <Latency = 3> <II = 1> <Delay = 1.00> <Adapter> <Opcode : 'readrequnaligned' 'writerequnaligned' 'read' 'write' 'readreq' 'writereq' 'writeresp'>

State 19 <SV = 18> <Delay = 0.00>
ST_19 : Operation 96 [3/5] (7.30ns)   --->   "%g0_addr_261_resp = writeresp i1 @_ssdm_op_WriteResp.m_axi.i32P1A, i32 %g0_addr" [spikingformer_official.cpp:294->spikingformer_official.cpp:2634]   --->   Operation 96 'writeresp' 'g0_addr_261_resp' <Predicate = true> <Delay = 7.30> <CoreInst = "m_axi">   --->   Core 119 'm_axi' <Latency = 3> <II = 1> <Delay = 1.00> <Adapter> <Opcode : 'readrequnaligned' 'writerequnaligned' 'read' 'write' 'readreq' 'writereq' 'writeresp'>

State 20 <SV = 19> <Delay = 0.42>
ST_20 : Operation 97 [2/5] (7.30ns)   --->   "%g0_addr_261_resp = writeresp i1 @_ssdm_op_WriteResp.m_axi.i32P1A, i32 %g0_addr" [spikingformer_official.cpp:294->spikingformer_official.cpp:2634]   --->   Operation 97 'writeresp' 'g0_addr_261_resp' <Predicate = true> <Delay = 7.30> <CoreInst = "m_axi">   --->   Core 119 'm_axi' <Latency = 3> <II = 1> <Delay = 1.00> <Adapter> <Opcode : 'readrequnaligned' 'writerequnaligned' 'read' 'write' 'readreq' 'writereq' 'writeresp'>
ST_20 : Operation 103 [1/1] (0.42ns)   --->   "%ret_ln0 = ret"   --->   Operation 103 'ret' 'ret_ln0' <Predicate = (icmp_ln287)> <Delay = 0.42>

State 21 <SV = 20> <Delay = 7.30>
ST_21 : Operation 98 [1/1] (0.00ns)   --->   "%specloopname_ln0 = specloopname void @_ssdm_op_SpecLoopName, void @VITIS_LOOP_287_1_VITIS_LOOP_288_2_VITIS_LOOP_289_3_str"   --->   Operation 98 'specloopname' 'specloopname_ln0' <Predicate = true> <Delay = 0.00>
ST_21 : Operation 99 [1/1] (0.00ns)   --->   "%speclooptripcount_ln0 = speclooptripcount void @_ssdm_op_SpecLoopTripCount, i64 98304, i64 98304, i64 98304"   --->   Operation 99 'speclooptripcount' 'speclooptripcount_ln0' <Predicate = true> <Delay = 0.00>
ST_21 : Operation 100 [1/1] (0.00ns)   --->   "%specpipeline_ln290 = specpipeline void @_ssdm_op_SpecPipeline, i32 1, i32 0, i32 0, i32 0, i32 4294967295, void @empty_35" [spikingformer_official.cpp:290->spikingformer_official.cpp:2634]   --->   Operation 100 'specpipeline' 'specpipeline_ln290' <Predicate = true> <Delay = 0.00>
ST_21 : Operation 101 [1/5] ( I:7.30ns O:7.30ns )   --->   "%g0_addr_261_resp = writeresp i1 @_ssdm_op_WriteResp.m_axi.i32P1A, i32 %g0_addr" [spikingformer_official.cpp:294->spikingformer_official.cpp:2634]   --->   Operation 101 'writeresp' 'g0_addr_261_resp' <Predicate = true> <Delay = 7.30> <CoreInst = "m_axi">   --->   Core 119 'm_axi' <Latency = 3> <II = 1> <Delay = 1.00> <Adapter> <Opcode : 'readrequnaligned' 'writerequnaligned' 'read' 'write' 'readreq' 'writereq' 'writeresp'>
ST_21 : Operation 102 [1/1] (0.00ns)   --->   "%br_ln289 = br void %for.inc.i1119" [spikingformer_official.cpp:289->spikingformer_official.cpp:2634]   --->   Operation 102 'br' 'br_ln289' <Predicate = true> <Delay = 0.00>


============================================================
+ Verbose Summary: Timing violations
============================================================
Target clock period: 10.000ns, clock uncertainty: 2.700ns.

 <State 1>: 0.427ns
The critical path consists of the following:
	'alloca' operation 17 bit ('indvar_flatten14158') [8]  (0.000 ns)
	'store' operation ('store_ln0') of constant 0 17 bit on local variable 'indvar_flatten14158' [13]  (0.427 ns)

 <State 2>: 3.163ns
The critical path consists of the following:
	'load' operation 8 bit ('indvar_flatten14145_load', spikingformer_official.cpp:288->spikingformer_official.cpp:2634) on local variable 'indvar_flatten14145' [28]  (0.000 ns)
	'icmp' operation 1 bit ('icmp_ln288', spikingformer_official.cpp:288->spikingformer_official.cpp:2634) [33]  (0.765 ns)
	'select' operation 4 bit ('select_ln287', spikingformer_official.cpp:287->spikingformer_official.cpp:2634) [34]  (0.391 ns)
	'add' operation 4 bit ('add_ln288', spikingformer_official.cpp:288->spikingformer_official.cpp:2634) [39]  (0.797 ns)
	'select' operation 4 bit ('select_ln288', spikingformer_official.cpp:288->spikingformer_official.cpp:2634) [42]  (0.391 ns)
	'add' operation 64 bit ('add_ln292_1', spikingformer_official.cpp:292->spikingformer_official.cpp:2634) [51]  (0.819 ns)

 <State 3>: 0.000ns
The critical path consists of the following:

 <State 4>: 0.000ns
The critical path consists of the following:

 <State 5>: 0.000ns
The critical path consists of the following:

 <State 6>: 0.000ns
The critical path consists of the following:

 <State 7>: 0.000ns
The critical path consists of the following:

 <State 8>: 0.000ns
The critical path consists of the following:

 <State 9>: 0.000ns
The critical path consists of the following:

 <State 10>: 7.300ns
The critical path consists of the following:
	bus request operation ('g0_load_110_req', spikingformer_official.cpp:292->spikingformer_official.cpp:2634) on port 'g0' (spikingformer_official.cpp:292->spikingformer_official.cpp:2634) [55]  (7.300 ns)

 <State 11>: 7.300ns
The critical path consists of the following:
	bus read operation ('g0_addr_read', spikingformer_official.cpp:292->spikingformer_official.cpp:2634) on port 'g0' (spikingformer_official.cpp:292->spikingformer_official.cpp:2634) [56]  (7.300 ns)

 <State 12>: 6.437ns
The critical path consists of the following:
	'fadd' operation 32 bit ('v116', spikingformer_official.cpp:293->spikingformer_official.cpp:2634) [58]  (6.437 ns)

 <State 13>: 6.437ns
The critical path consists of the following:
	'fadd' operation 32 bit ('v116', spikingformer_official.cpp:293->spikingformer_official.cpp:2634) [58]  (6.437 ns)

 <State 14>: 6.437ns
The critical path consists of the following:
	'fadd' operation 32 bit ('v116', spikingformer_official.cpp:293->spikingformer_official.cpp:2634) [58]  (6.437 ns)

 <State 15>: 7.300ns
The critical path consists of the following:
	bus request operation ('g0_addr_261_req', spikingformer_official.cpp:294->spikingformer_official.cpp:2634) on port 'g0' (spikingformer_official.cpp:294->spikingformer_official.cpp:2634) [60]  (7.300 ns)

 <State 16>: 7.300ns
The critical path consists of the following:
	bus write operation ('write_ln294', spikingformer_official.cpp:294->spikingformer_official.cpp:2634) on port 'g0' (spikingformer_official.cpp:294->spikingformer_official.cpp:2634) [61]  (7.300 ns)

 <State 17>: 0.000ns
The critical path consists of the following:

 <State 18>: 0.000ns
The critical path consists of the following:

 <State 19>: 0.000ns
The critical path consists of the following:

 <State 20>: 0.427ns
The critical path consists of the following:

 <State 21>: 7.300ns
The critical path consists of the following:
	bus response operation ('g0_addr_261_resp', spikingformer_official.cpp:294->spikingformer_official.cpp:2634) on port 'g0' (spikingformer_official.cpp:294->spikingformer_official.cpp:2634) [62]  (7.300 ns)


============================================================
+ Verbose Summary: Binding
============================================================
N/A
* FSMD analyzer results:
  - Output states:
 - Input state : 
  - Chain level:
	State 1
	State 2
	State 3
	State 4
	State 5
	State 6
	State 7
	State 8
	State 9
	State 10
	State 11
	State 12
	State 13
	State 14
	State 15
	State 16
	State 17
	State 18
	State 19
	State 20
	State 21


============================================================
+ Verbose Summary: Datapath Resource usage 
============================================================
N/A
