

================================================================
== Vitis HLS Report for 'control_Pipeline_VITIS_LOOP_1101_1_VITIS_LOOP_1102_2_VITIS_LOOP_1103_3'
================================================================
* Date:           Sun Jul 12 20:26:09 2026

* Version:        2025.2 (Build 6295257 on Nov 14 2025)
* Project:        spikingformer_proj
* Solution:       solution1 (Vivado IP Flow Target)
* Product family: zynquplus
* Target device:  xczu7ev-ffvc1156-2-e


================================================================
== Performance Estimates
================================================================
+ Timing: 
    * Summary: 
    +--------+----------+----------+------------+
    |  Clock |  Target  | Estimated| Uncertainty|
    +--------+----------+----------+------------+
    |ap_clk  |  10.00 ns|  7.300 ns|     2.70 ns|
    +--------+----------+----------+------------+

+ Latency: 
    * Summary: 
    +---------+---------+----------+----------+-----+-----+-------------------+
    |  Latency (cycles) |  Latency (absolute) |  Interval |      Pipeline     |
    |   min   |   max   |    min   |    max   | min | max |        Type       |
    +---------+---------+----------+----------+-----+-----+-------------------+
    |    24579|    24579|  0.246 ms|  0.246 ms|    0|    0|  loop pipeline stp|
    +---------+---------+----------+----------+-----+-----+-------------------+

    + Detail: 
        * Instance: 
        N/A

        * Loop: 
        +---------------------------------------------------------+---------+---------+----------+-----------+-----------+-------+----------+
        |                                                         |  Latency (cycles) | Iteration|  Initiation Interval  |  Trip |          |
        |                        Loop Name                        |   min   |   max   |  Latency |  achieved |   target  | Count | Pipelined|
        +---------------------------------------------------------+---------+---------+----------+-----------+-----------+-------+----------+
        |- VITIS_LOOP_1101_1_VITIS_LOOP_1102_2_VITIS_LOOP_1103_3  |    24577|    24577|         3|          1|          1|  24576|       yes|
        +---------------------------------------------------------+---------+---------+----------+-----------+-----------+-------+----------+

============================================================
+ Verbose Summary: Synthesis Manager
============================================================
InlineROM: 1
ExposeGlobal: 0
============================================================
+ Verbose Summary: CDFG Model
============================================================
IsTopModel: 0
ResetActiveHigh: 1
IsCombinational: 0
IsDatapathOnly: 0
HasWiredReturn: 1
HasMFsm: 2
HasVarLatency: 1
IsPipeline: 0
IsRtlPipelined: 0
IsInstanceOverlapped: 0
IsDontTouch: 0
HasImplIP: 0
IsGatedGlobalClock: 0

+ Individual pipeline summary: 
  * Pipeline-0: initiation interval (II) = 1, depth = 3


============================================================
+ Verbose Summary: Schedule
============================================================
* Number of FSM states : 3
* Pipeline : 1
  Pipeline-0 : II = 1, D = 3, States = { 1 2 3 }
* Dataflow Pipeline: 0

* FSM state transitions: 
1 --> 2 
2 --> 3 
3 --> 

* FSM state operations: 

State 1 <SV = 0> <Delay = 1.69>
ST_1 : Operation 6 [1/1] (0.00ns)   --->   "%indvar_flatten14068 = alloca i32 1"   --->   Operation 6 'alloca' 'indvar_flatten14068' <Predicate = true> <Delay = 0.00>
ST_1 : Operation 7 [1/1] (0.00ns)   --->   "%sext_ln897_read = read i62 @_ssdm_op_Read.ap_auto.i62, i62 %sext_ln897"   --->   Operation 7 'read' 'sext_ln897_read' <Predicate = true> <Delay = 0.00>
ST_1 : Operation 8 [1/1] (0.00ns)   --->   "%sext_ln2299_read = read i62 @_ssdm_op_Read.ap_auto.i62, i62 %sext_ln2299"   --->   Operation 8 'read' 'sext_ln2299_read' <Predicate = true> <Delay = 0.00>
ST_1 : Operation 9 [1/1] (0.00ns)   --->   "%sext_ln897_cast = sext i62 %sext_ln897_read"   --->   Operation 9 'sext' 'sext_ln897_cast' <Predicate = true> <Delay = 0.00>
ST_1 : Operation 10 [1/1] (0.00ns)   --->   "%sext_ln2299_cast = sext i62 %sext_ln2299_read"   --->   Operation 10 'sext' 'sext_ln2299_cast' <Predicate = true> <Delay = 0.00>
ST_1 : Operation 11 [1/1] (0.00ns)   --->   "%specstablecontent_ln0 = specstablecontent void @_ssdm_op_SpecStableContent, i32 %g0, i1 1, void "   --->   Operation 11 'specstablecontent' 'specstablecontent_ln0' <Predicate = true> <Delay = 0.00>
ST_1 : Operation 12 [1/1] (0.00ns)   --->   "%specinterface_ln0 = specinterface void @_ssdm_op_SpecInterface, i32 %g0, void @empty_26, i32 0, i32 0, void @empty_35, i32 0, i32 0, void @empty_22, void @empty_25, void @empty_35, i32 16, i32 16, i32 16, i32 16, void @empty_35, void @empty_35, i32 4294967295, i32 0, i32 0, i32 4"   --->   Operation 12 'specinterface' 'specinterface_ln0' <Predicate = true> <Delay = 0.00>
ST_1 : Operation 13 [1/1] (0.42ns)   --->   "%store_ln0 = store i15 0, i15 %indvar_flatten14068"   --->   Operation 13 'store' 'store_ln0' <Predicate = true> <Delay = 0.42>
ST_1 : Operation 14 [1/1] (0.00ns)   --->   "%br_ln0 = br void %for.inc.i1023"   --->   Operation 14 'br' 'br_ln0' <Predicate = true> <Delay = 0.00>
ST_1 : Operation 15 [1/1] (0.00ns)   --->   "%indvar_flatten14068_load = load i15 %indvar_flatten14068" [spikingformer_official.cpp:1101->spikingformer_official.cpp:2567]   --->   Operation 15 'load' 'indvar_flatten14068_load' <Predicate = true> <Delay = 0.00>
ST_1 : Operation 16 [1/1] (0.00ns)   --->   "%specbitsmap_ln0 = specbitsmap void @_ssdm_op_SpecBitsMap, i32 %g0"   --->   Operation 16 'specbitsmap' 'specbitsmap_ln0' <Predicate = true> <Delay = 0.00>
ST_1 : Operation 17 [1/1] (0.84ns)   --->   "%icmp_ln1101 = icmp_eq  i15 %indvar_flatten14068_load, i15 24576" [spikingformer_official.cpp:1101->spikingformer_official.cpp:2567]   --->   Operation 17 'icmp' 'icmp_ln1101' <Predicate = true> <Delay = 0.84> <CoreInst = "Cmp">   --->   Core 9 'Cmp' <Latency = 0> <II = 1> <Delay = 0.84> <FuncUnit> <Opcode : 'seteq' 'setne' 'setle' 'setge' 'setlt' 'setgt'> <InPorts = 2> <OutPorts = 1>
ST_1 : Operation 18 [1/1] (0.84ns)   --->   "%add_ln1101 = add i15 %indvar_flatten14068_load, i15 1" [spikingformer_official.cpp:1101->spikingformer_official.cpp:2567]   --->   Operation 18 'add' 'add_ln1101' <Predicate = true> <Delay = 0.84> <CoreInst = "Adder">   --->   Core 1 'Adder' <Latency = 0> <II = 1> <Delay = 0.84> <FuncUnit> <Opcode : 'add' 'sub'> <InPorts = 2> <OutPorts = 1>
ST_1 : Operation 19 [1/1] (0.00ns)   --->   "%br_ln1101 = br i1 %icmp_ln1101, void %for.inc22.i1029, void %_Z9kernel188PA64_A32_fS1_.exit.exitStub" [spikingformer_official.cpp:1101->spikingformer_official.cpp:2567]   --->   Operation 19 'br' 'br_ln1101' <Predicate = true> <Delay = 0.00>
ST_1 : Operation 20 [1/1] (0.42ns)   --->   "%store_ln1101 = store i15 %add_ln1101, i15 %indvar_flatten14068" [spikingformer_official.cpp:1101->spikingformer_official.cpp:2567]   --->   Operation 20 'store' 'store_ln1101' <Predicate = (!icmp_ln1101)> <Delay = 0.42>

State 2 <SV = 1> <Delay = 7.30>
ST_2 : Operation 21 [1/1] (0.00ns)   --->   "%g0_addr = getelementptr i32 %g0, i64 %sext_ln2299_cast" [spikingformer_official.cpp:2299->spikingformer_official.cpp:2325]   --->   Operation 21 'getelementptr' 'g0_addr' <Predicate = true> <Delay = 0.00>
ST_2 : Operation 22 [1/1] ( I:7.30ns O:7.30ns )   --->   "%v455 = read i32 @_ssdm_op_Read.m_axi.i32.p1i32, i32 %g0_addr" [spikingformer_official.cpp:1107->spikingformer_official.cpp:2567]   --->   Operation 22 'read' 'v455' <Predicate = true> <Delay = 7.30> <CoreInst = "m_axi">   --->   Core 119 'm_axi' <Latency = 3> <II = 1> <Delay = 1.00> <Adapter> <Opcode : 'readrequnaligned' 'writerequnaligned' 'read' 'write' 'readreq' 'writereq' 'writeresp'>
ST_2 : Operation 29 [1/1] (0.42ns)   --->   "%ret_ln0 = ret"   --->   Operation 29 'ret' 'ret_ln0' <Predicate = (icmp_ln1101)> <Delay = 0.42>

State 3 <SV = 2> <Delay = 7.30>
ST_3 : Operation 23 [1/1] (0.00ns)   --->   "%g0_addr_148 = getelementptr i32 %g0, i64 %sext_ln897_cast" [spikingformer_official.cpp:897->spikingformer_official.cpp:2551]   --->   Operation 23 'getelementptr' 'g0_addr_148' <Predicate = true> <Delay = 0.00>
ST_3 : Operation 24 [1/1] (0.00ns)   --->   "%specloopname_ln0 = specloopname void @_ssdm_op_SpecLoopName, void @VITIS_LOOP_1101_1_VITIS_LOOP_1102_2_VITIS_LOOP_1103_3_str"   --->   Operation 24 'specloopname' 'specloopname_ln0' <Predicate = true> <Delay = 0.00>
ST_3 : Operation 25 [1/1] (0.00ns)   --->   "%speclooptripcount_ln0 = speclooptripcount void @_ssdm_op_SpecLoopTripCount, i64 24576, i64 24576, i64 24576"   --->   Operation 25 'speclooptripcount' 'speclooptripcount_ln0' <Predicate = true> <Delay = 0.00>
ST_3 : Operation 26 [1/1] (0.00ns)   --->   "%specpipeline_ln1104 = specpipeline void @_ssdm_op_SpecPipeline, i32 1, i32 0, i32 0, i32 0, i32 4294967295, void @empty_35" [spikingformer_official.cpp:1104->spikingformer_official.cpp:2567]   --->   Operation 26 'specpipeline' 'specpipeline_ln1104' <Predicate = true> <Delay = 0.00>
ST_3 : Operation 27 [1/1] ( I:7.30ns O:7.30ns )   --->   "%write_ln1108 = write void @_ssdm_op_Write.m_axi.p1i32.i32, i32 %g0_addr_148, i32 %v455, i4 15" [spikingformer_official.cpp:1108->spikingformer_official.cpp:2567]   --->   Operation 27 'write' 'write_ln1108' <Predicate = true> <Delay = 7.30> <CoreInst = "m_axi">   --->   Core 119 'm_axi' <Latency = 5> <II = 1> <Delay = 1.00> <Adapter> <Opcode : 'readrequnaligned' 'writerequnaligned' 'read' 'write' 'readreq' 'writereq' 'writeresp'>
ST_3 : Operation 28 [1/1] (0.00ns)   --->   "%br_ln1103 = br void %for.inc.i1023" [spikingformer_official.cpp:1103->spikingformer_official.cpp:2567]   --->   Operation 28 'br' 'br_ln1103' <Predicate = true> <Delay = 0.00>


============================================================
+ Verbose Summary: Binding
============================================================
STG Binding: 
---------------- STG Properties BEGIN ----------------
- Is combinational: 0
- Is one-state seq: 0
- Is datapath-only: 0
- Is pipelined: 0
- Is top level: 0
Port [ Return ] is wired: 1; IO mode=ap_ctrl_hs:ce=0
Port [ g0]:  wired=1; compound=1; hidden=0; nouse=0; global=0; static=0; extern=0; dir=2; type=4; pingpong=0; private_global=0; IO mode=m_axi:ce=0
Port [ sext_ln2299]:  wired=1; compound=0; hidden=0; nouse=0; global=0; static=0; extern=0; dir=0; type=0; pingpong=0; private_global=0; IO mode=ap_none:ce=0
Port [ sext_ln897]:  wired=1; compound=0; hidden=0; nouse=0; global=0; static=0; extern=0; dir=0; type=0; pingpong=0; private_global=0; IO mode=ap_none:ce=0
---------------- STG Properties END ------------------

---------------- Datapath Model BEGIN ----------------

<LifeTime>
<method=bitvector/>
indvar_flatten14068      (alloca           ) [ 0100]
sext_ln897_read          (read             ) [ 0000]
sext_ln2299_read         (read             ) [ 0000]
sext_ln897_cast          (sext             ) [ 0111]
sext_ln2299_cast         (sext             ) [ 0110]
specstablecontent_ln0    (specstablecontent) [ 0000]
specinterface_ln0        (specinterface    ) [ 0000]
store_ln0                (store            ) [ 0000]
br_ln0                   (br               ) [ 0000]
indvar_flatten14068_load (load             ) [ 0000]
specbitsmap_ln0          (specbitsmap      ) [ 0000]
icmp_ln1101              (icmp             ) [ 0110]
add_ln1101               (add              ) [ 0000]
br_ln1101                (br               ) [ 0000]
store_ln1101             (store            ) [ 0000]
g0_addr                  (getelementptr    ) [ 0000]
v455                     (read             ) [ 0101]
g0_addr_148              (getelementptr    ) [ 0000]
specloopname_ln0         (specloopname     ) [ 0000]
speclooptripcount_ln0    (speclooptripcount) [ 0000]
specpipeline_ln1104      (specpipeline     ) [ 0000]
write_ln1108             (write            ) [ 0000]
br_ln1103                (br               ) [ 0000]
ret_ln0                  (ret              ) [ 0000]
</LifeTime>

<model>

<comp_list>
<comp id="0" class="1000" name="g0">
<pin_list>
<pin id="1" dir="1" index="0" bw="1" slack="0"/>
</pin_list>
<bind>
<StgValue><ssdm name="g0"/><MemPortTyVec>2 </MemPortTyVec>
</StgValue>
</bind>
</comp>

<comp id="2" class="1000" name="sext_ln2299">
<pin_list>
<pin id="3" dir="1" index="0" bw="1" slack="0"/>
</pin_list>
<bind>
<StgValue><ssdm name="sext_ln2299"/></StgValue>
</bind>
</comp>

<comp id="4" class="1000" name="sext_ln897">
<pin_list>
<pin id="5" dir="1" index="0" bw="1" slack="0"/>
</pin_list>
<bind>
<StgValue><ssdm name="sext_ln897"/></StgValue>
</bind>
</comp>

<comp id="6" class="1001" name="const_6">
<pin_list>
<pin id="7" dir="1" index="0" bw="1" slack="0"/>
</pin_list>
<bind>
<StgValue><ssdm name=""/></StgValue>
</bind>
</comp>

<comp id="8" class="1001" name="const_8">
<pin_list>
<pin id="9" dir="1" index="0" bw="1" slack="0"/>
</pin_list>
<bind>
<StgValue><ssdm name="_ssdm_op_Read.ap_auto.i62"/></StgValue>
</bind>
</comp>

<comp id="10" class="1001" name="const_10">
<pin_list>
<pin id="11" dir="1" index="0" bw="1" slack="2147483647"/>
</pin_list>
<bind>
<StgValue><ssdm name="_ssdm_op_SpecStableContent"/></StgValue>
</bind>
</comp>

<comp id="12" class="1001" name="const_12">
<pin_list>
<pin id="13" dir="1" index="0" bw="1" slack="2147483647"/>
</pin_list>
<bind>
<StgValue><ssdm name=""/></StgValue>
</bind>
</comp>

<comp id="14" class="1001" name="const_14">
<pin_list>
<pin id="15" dir="1" index="0" bw="1" slack="2147483647"/>
</pin_list>
<bind>
<StgValue><ssdm name=""/></StgValue>
</bind>
</comp>

<comp id="16" class="1001" name="const_16">
<pin_list>
<pin id="17" dir="1" index="0" bw="1" slack="2147483647"/>
</pin_list>
<bind>
<StgValue><ssdm name="_ssdm_op_SpecInterface"/></StgValue>
</bind>
</comp>

<comp id="18" class="1001" name="const_18">
<pin_list>
<pin id="19" dir="1" index="0" bw="1" slack="2147483647"/>
</pin_list>
<bind>
<StgValue><ssdm name="empty_26"/></StgValue>
</bind>
</comp>

<comp id="20" class="1001" name="const_20">
<pin_list>
<pin id="21" dir="1" index="0" bw="1" slack="2147483647"/>
</pin_list>
<bind>
<StgValue><ssdm name=""/></StgValue>
</bind>
</comp>

<comp id="22" class="1001" name="const_22">
<pin_list>
<pin id="23" dir="1" index="0" bw="1" slack="2147483647"/>
</pin_list>
<bind>
<StgValue><ssdm name="empty_35"/></StgValue>
</bind>
</comp>

<comp id="24" class="1001" name="const_24">
<pin_list>
<pin id="25" dir="1" index="0" bw="1" slack="2147483647"/>
</pin_list>
<bind>
<StgValue><ssdm name="empty_22"/></StgValue>
</bind>
</comp>

<comp id="26" class="1001" name="const_26">
<pin_list>
<pin id="27" dir="1" index="0" bw="1" slack="2147483647"/>
</pin_list>
<bind>
<StgValue><ssdm name="empty_25"/></StgValue>
</bind>
</comp>

<comp id="28" class="1001" name="const_28">
<pin_list>
<pin id="29" dir="1" index="0" bw="1" slack="2147483647"/>
</pin_list>
<bind>
<StgValue><ssdm name=""/></StgValue>
</bind>
</comp>

<comp id="30" class="1001" name="const_30">
<pin_list>
<pin id="31" dir="1" index="0" bw="1" slack="2147483647"/>
</pin_list>
<bind>
<StgValue><ssdm name=""/></StgValue>
</bind>
</comp>

<comp id="32" class="1001" name="const_32">
<pin_list>
<pin id="33" dir="1" index="0" bw="1" slack="2147483647"/>
</pin_list>
<bind>
<StgValue><ssdm name=""/></StgValue>
</bind>
</comp>

<comp id="34" class="1001" name="const_34">
<pin_list>
<pin id="35" dir="1" index="0" bw="1" slack="0"/>
</pin_list>
<bind>
<StgValue><ssdm name=""/></StgValue>
</bind>
</comp>

<comp id="36" class="1001" name="const_36">
<pin_list>
<pin id="37" dir="1" index="0" bw="1" slack="2147483647"/>
</pin_list>
<bind>
<StgValue><ssdm name="_ssdm_op_SpecBitsMap"/></StgValue>
</bind>
</comp>

<comp id="38" class="1001" name="const_38">
<pin_list>
<pin id="39" dir="1" index="0" bw="1" slack="0"/>
</pin_list>
<bind>
<StgValue><ssdm name=""/></StgValue>
</bind>
</comp>

<comp id="40" class="1001" name="const_40">
<pin_list>
<pin id="41" dir="1" index="0" bw="1" slack="0"/>
</pin_list>
<bind>
<StgValue><ssdm name=""/></StgValue>
</bind>
</comp>

<comp id="42" class="1001" name="const_42">
<pin_list>
<pin id="43" dir="1" index="0" bw="1" slack="0"/>
</pin_list>
<bind>
<StgValue><ssdm name="_ssdm_op_Read.m_axi.i32.p1i32"/></StgValue>
</bind>
</comp>

<comp id="44" class="1001" name="const_44">
<pin_list>
<pin id="45" dir="1" index="0" bw="1" slack="2147483647"/>
</pin_list>
<bind>
<StgValue><ssdm name="_ssdm_op_SpecLoopName"/></StgValue>
</bind>
</comp>

<comp id="46" class="1001" name="const_46">
<pin_list>
<pin id="47" dir="1" index="0" bw="1" slack="2147483647"/>
</pin_list>
<bind>
<StgValue><ssdm name="VITIS_LOOP_1101_1_VITIS_LOOP_1102_2_VITIS_LOOP_1103_3_str"/></StgValue>
</bind>
</comp>

<comp id="48" class="1001" name="const_48">
<pin_list>
<pin id="49" dir="1" index="0" bw="1" slack="2147483647"/>
</pin_list>
<bind>
<StgValue><ssdm name="_ssdm_op_SpecLoopTripCount"/></StgValue>
</bind>
</comp>

<comp id="50" class="1001" name="const_50">
<pin_list>
<pin id="51" dir="1" index="0" bw="1" slack="2147483647"/>
</pin_list>
<bind>
<StgValue><ssdm name=""/></StgValue>
</bind>
</comp>

<comp id="52" class="1001" name="const_52">
<pin_list>
<pin id="53" dir="1" index="0" bw="1" slack="2147483647"/>
</pin_list>
<bind>
<StgValue><ssdm name="_ssdm_op_SpecPipeline"/></StgValue>
</bind>
</comp>

<comp id="54" class="1001" name="const_54">
<pin_list>
<pin id="55" dir="1" index="0" bw="1" slack="0"/>
</pin_list>
<bind>
<StgValue><ssdm name="_ssdm_op_Write.m_axi.p1i32.i32"/></StgValue>
</bind>
</comp>

<comp id="56" class="1001" name="const_56">
<pin_list>
<pin id="57" dir="1" index="0" bw="1" slack="0"/>
</pin_list>
<bind>
<StgValue><ssdm name=""/></StgValue>
</bind>
</comp>

<comp id="58" class="1004" name="indvar_flatten14068_fu_58">
<pin_list>
<pin id="59" dir="0" index="0" bw="1" slack="0"/>
<pin id="60" dir="1" index="1" bw="15" slack="0"/>
</pin_list>
<bind>
<opcode="alloca(26) " fcode="alloca"/>
<opset="indvar_flatten14068/1 "/>
</bind>
</comp>

<comp id="62" class="1004" name="sext_ln897_read_read_fu_62">
<pin_list>
<pin id="63" dir="0" index="0" bw="62" slack="0"/>
<pin id="64" dir="0" index="1" bw="62" slack="0"/>
<pin id="65" dir="1" index="2" bw="62" slack="0"/>
</pin_list>
<bind>
<opcode="read(1150) " fcode="read"/>
<opset="sext_ln897_read/1 "/>
</bind>
</comp>

<comp id="68" class="1004" name="sext_ln2299_read_read_fu_68">
<pin_list>
<pin id="69" dir="0" index="0" bw="62" slack="0"/>
<pin id="70" dir="0" index="1" bw="62" slack="0"/>
<pin id="71" dir="1" index="2" bw="62" slack="0"/>
</pin_list>
<bind>
<opcode="read(1150) " fcode="read"/>
<opset="sext_ln2299_read/1 "/>
</bind>
</comp>

<comp id="74" class="1004" name="v455_read_fu_74">
<pin_list>
<pin id="75" dir="0" index="0" bw="32" slack="0"/>
<pin id="76" dir="0" index="1" bw="32" slack="0"/>
<pin id="77" dir="1" index="2" bw="32" slack="1"/>
</pin_list>
<bind>
<opcode="read(1150) " fcode="read"/>
<opset="v455/2 "/>
</bind>
</comp>

<comp id="79" class="1004" name="write_ln1108_write_fu_79">
<pin_list>
<pin id="80" dir="0" index="0" bw="0" slack="0"/>
<pin id="81" dir="0" index="1" bw="32" slack="0"/>
<pin id="82" dir="0" index="2" bw="32" slack="1"/>
<pin id="83" dir="0" index="3" bw="1" slack="0"/>
<pin id="84" dir="1" index="4" bw="0" slack="2147483647"/>
</pin_list>
<bind>
<opcode="write(1151) " fcode="write"/>
<opset="write_ln1108/3 "/>
</bind>
</comp>

<comp id="87" class="1004" name="sext_ln897_cast_fu_87">
<pin_list>
<pin id="88" dir="0" index="0" bw="62" slack="0"/>
<pin id="89" dir="1" index="1" bw="64" slack="2"/>
</pin_list>
<bind>
<opcode="sext(35) " fcode="sext"/>
<opset="sext_ln897_cast/1 "/>
</bind>
</comp>

<comp id="91" class="1004" name="sext_ln2299_cast_fu_91">
<pin_list>
<pin id="92" dir="0" index="0" bw="62" slack="0"/>
<pin id="93" dir="1" index="1" bw="64" slack="1"/>
</pin_list>
<bind>
<opcode="sext(35) " fcode="sext"/>
<opset="sext_ln2299_cast/1 "/>
</bind>
</comp>

<comp id="95" class="1004" name="store_ln0_store_fu_95">
<pin_list>
<pin id="96" dir="0" index="0" bw="1" slack="0"/>
<pin id="97" dir="0" index="1" bw="15" slack="0"/>
<pin id="98" dir="1" index="2" bw="0" slack="2147483647"/>
</pin_list>
<bind>
<opcode="store(28) " fcode="store"/>
<opset="store_ln0/1 "/>
</bind>
</comp>

<comp id="100" class="1004" name="indvar_flatten14068_load_load_fu_100">
<pin_list>
<pin id="101" dir="0" index="0" bw="15" slack="0"/>
<pin id="102" dir="1" index="1" bw="15" slack="0"/>
</pin_list>
<bind>
<opcode="load(27) " fcode="load"/>
<opset="indvar_flatten14068_load/1 "/>
</bind>
</comp>

<comp id="103" class="1004" name="icmp_ln1101_fu_103">
<pin_list>
<pin id="104" dir="0" index="0" bw="15" slack="0"/>
<pin id="105" dir="0" index="1" bw="14" slack="0"/>
<pin id="106" dir="1" index="2" bw="1" slack="1"/>
</pin_list>
<bind>
<opcode="icmp(45) " fcode="icmp"/>
<opset="icmp_ln1101/1 "/>
</bind>
</comp>

<comp id="109" class="1004" name="add_ln1101_fu_109">
<pin_list>
<pin id="110" dir="0" index="0" bw="15" slack="0"/>
<pin id="111" dir="0" index="1" bw="1" slack="0"/>
<pin id="112" dir="1" index="2" bw="15" slack="0"/>
</pin_list>
<bind>
<opcode="add(8) " fcode="add"/>
<opset="add_ln1101/1 "/>
</bind>
</comp>

<comp id="115" class="1004" name="store_ln1101_store_fu_115">
<pin_list>
<pin id="116" dir="0" index="0" bw="15" slack="0"/>
<pin id="117" dir="0" index="1" bw="15" slack="0"/>
<pin id="118" dir="1" index="2" bw="0" slack="2147483647"/>
</pin_list>
<bind>
<opcode="store(28) " fcode="store"/>
<opset="store_ln1101/1 "/>
</bind>
</comp>

<comp id="120" class="1004" name="g0_addr_fu_120">
<pin_list>
<pin id="121" dir="0" index="0" bw="32" slack="0"/>
<pin id="122" dir="0" index="1" bw="62" slack="1"/>
<pin id="123" dir="1" index="2" bw="32" slack="0"/>
</pin_list>
<bind>
<opcode="getelementptr(29) " fcode="getelementptr"/>
<opset="g0_addr/2 "/>
</bind>
</comp>

<comp id="126" class="1004" name="g0_addr_148_fu_126">
<pin_list>
<pin id="127" dir="0" index="0" bw="32" slack="0"/>
<pin id="128" dir="0" index="1" bw="62" slack="2"/>
<pin id="129" dir="1" index="2" bw="32" slack="0"/>
</pin_list>
<bind>
<opcode="getelementptr(29) " fcode="getelementptr"/>
<opset="g0_addr_148/3 "/>
</bind>
</comp>

<comp id="132" class="1005" name="indvar_flatten14068_reg_132">
<pin_list>
<pin id="133" dir="0" index="0" bw="15" slack="0"/>
<pin id="134" dir="1" index="1" bw="15" slack="0"/>
</pin_list>
<bind>
<opset="indvar_flatten14068 "/>
</bind>
</comp>

<comp id="139" class="1005" name="sext_ln897_cast_reg_139">
<pin_list>
<pin id="140" dir="0" index="0" bw="64" slack="2"/>
<pin id="141" dir="1" index="1" bw="64" slack="2"/>
</pin_list>
<bind>
<opset="sext_ln897_cast "/>
</bind>
</comp>

<comp id="144" class="1005" name="sext_ln2299_cast_reg_144">
<pin_list>
<pin id="145" dir="0" index="0" bw="64" slack="1"/>
<pin id="146" dir="1" index="1" bw="64" slack="1"/>
</pin_list>
<bind>
<opset="sext_ln2299_cast "/>
</bind>
</comp>

<comp id="149" class="1005" name="icmp_ln1101_reg_149">
<pin_list>
<pin id="150" dir="0" index="0" bw="1" slack="1"/>
<pin id="151" dir="1" index="1" bw="1" slack="2147483647"/>
</pin_list>
<bind>
<opset="icmp_ln1101 "/>
</bind>
</comp>

<comp id="153" class="1005" name="v455_reg_153">
<pin_list>
<pin id="154" dir="0" index="0" bw="32" slack="1"/>
<pin id="155" dir="1" index="1" bw="32" slack="1"/>
</pin_list>
<bind>
<opset="v455 "/>
</bind>
</comp>

</comp_list>

<net_list>
<net id="61"><net_src comp="6" pin="0"/><net_sink comp="58" pin=0"/></net>

<net id="66"><net_src comp="8" pin="0"/><net_sink comp="62" pin=0"/></net>

<net id="67"><net_src comp="4" pin="0"/><net_sink comp="62" pin=1"/></net>

<net id="72"><net_src comp="8" pin="0"/><net_sink comp="68" pin=0"/></net>

<net id="73"><net_src comp="2" pin="0"/><net_sink comp="68" pin=1"/></net>

<net id="78"><net_src comp="42" pin="0"/><net_sink comp="74" pin=0"/></net>

<net id="85"><net_src comp="54" pin="0"/><net_sink comp="79" pin=0"/></net>

<net id="86"><net_src comp="56" pin="0"/><net_sink comp="79" pin=3"/></net>

<net id="90"><net_src comp="62" pin="2"/><net_sink comp="87" pin=0"/></net>

<net id="94"><net_src comp="68" pin="2"/><net_sink comp="91" pin=0"/></net>

<net id="99"><net_src comp="34" pin="0"/><net_sink comp="95" pin=0"/></net>

<net id="107"><net_src comp="100" pin="1"/><net_sink comp="103" pin=0"/></net>

<net id="108"><net_src comp="38" pin="0"/><net_sink comp="103" pin=1"/></net>

<net id="113"><net_src comp="100" pin="1"/><net_sink comp="109" pin=0"/></net>

<net id="114"><net_src comp="40" pin="0"/><net_sink comp="109" pin=1"/></net>

<net id="119"><net_src comp="109" pin="2"/><net_sink comp="115" pin=0"/></net>

<net id="124"><net_src comp="0" pin="0"/><net_sink comp="120" pin=0"/></net>

<net id="125"><net_src comp="120" pin="2"/><net_sink comp="74" pin=1"/></net>

<net id="130"><net_src comp="0" pin="0"/><net_sink comp="126" pin=0"/></net>

<net id="131"><net_src comp="126" pin="2"/><net_sink comp="79" pin=1"/></net>

<net id="135"><net_src comp="58" pin="1"/><net_sink comp="132" pin=0"/></net>

<net id="136"><net_src comp="132" pin="1"/><net_sink comp="95" pin=1"/></net>

<net id="137"><net_src comp="132" pin="1"/><net_sink comp="100" pin=0"/></net>

<net id="138"><net_src comp="132" pin="1"/><net_sink comp="115" pin=1"/></net>

<net id="142"><net_src comp="87" pin="1"/><net_sink comp="139" pin=0"/></net>

<net id="143"><net_src comp="139" pin="1"/><net_sink comp="126" pin=1"/></net>

<net id="147"><net_src comp="91" pin="1"/><net_sink comp="144" pin=0"/></net>

<net id="148"><net_src comp="144" pin="1"/><net_sink comp="120" pin=1"/></net>

<net id="152"><net_src comp="103" pin="2"/><net_sink comp="149" pin=0"/></net>

<net id="156"><net_src comp="74" pin="2"/><net_sink comp="153" pin=0"/></net>

<net id="157"><net_src comp="153" pin="1"/><net_sink comp="79" pin=2"/></net>

</net_list>

</model> 
---------------- Datapath Model END ------------------

* FSMD analyzer results:
  - Output states:
	Port: g0 | {3 }
 - Input state : 
	Port: control_Pipeline_VITIS_LOOP_1101_1_VITIS_LOOP_1102_2_VITIS_LOOP_1103_3 : g0 | {2 }
	Port: control_Pipeline_VITIS_LOOP_1101_1_VITIS_LOOP_1102_2_VITIS_LOOP_1103_3 : sext_ln2299 | {1 }
	Port: control_Pipeline_VITIS_LOOP_1101_1_VITIS_LOOP_1102_2_VITIS_LOOP_1103_3 : sext_ln897 | {1 }
  - Chain level:
	State 1
		store_ln0 : 1
		indvar_flatten14068_load : 1
		icmp_ln1101 : 2
		add_ln1101 : 2
		br_ln1101 : 3
		store_ln1101 : 3
	State 2
		v455 : 1
	State 3
		write_ln1108 : 1


============================================================
+ Verbose Summary: Datapath Resource usage 
============================================================

* Functional unit list:
|----------|-----------------------------|---------|---------|
| Operation|       Functional Unit       |    FF   |   LUT   |
|----------|-----------------------------|---------|---------|
|   icmp   |      icmp_ln1101_fu_103     |    0    |    22   |
|----------|-----------------------------|---------|---------|
|    add   |      add_ln1101_fu_109      |    0    |    22   |
|----------|-----------------------------|---------|---------|
|          |  sext_ln897_read_read_fu_62 |    0    |    0    |
|   read   | sext_ln2299_read_read_fu_68 |    0    |    0    |
|          |       v455_read_fu_74       |    0    |    0    |
|----------|-----------------------------|---------|---------|
|   write  |   write_ln1108_write_fu_79  |    0    |    0    |
|----------|-----------------------------|---------|---------|
|   sext   |    sext_ln897_cast_fu_87    |    0    |    0    |
|          |    sext_ln2299_cast_fu_91   |    0    |    0    |
|----------|-----------------------------|---------|---------|
|   Total  |                             |    0    |    44   |
|----------|-----------------------------|---------|---------|

Memories:
N/A

* Register list:
+---------------------------+--------+
|                           |   FF   |
+---------------------------+--------+
|    icmp_ln1101_reg_149    |    1   |
|indvar_flatten14068_reg_132|   15   |
|  sext_ln2299_cast_reg_144 |   64   |
|  sext_ln897_cast_reg_139  |   64   |
|        v455_reg_153       |   32   |
+---------------------------+--------+
|           Total           |   176  |
+---------------------------+--------+

* Multiplexer (MUX) list: 
|--------|------|------|------|--------|
|  Comp  |  Pin | Size |  BW  | S x BW |
|--------|------|------|------|--------|
|  Total |      |      |      |    0   |
|--------|------|------|------|--------|



* Summary:
+-----------+--------+--------+
|           |   FF   |   LUT  |
+-----------+--------+--------+
|  Function |    0   |   44   |
|   Memory  |    -   |    -   |
|Multiplexer|    -   |    -   |
|  Register |   176  |    -   |
+-----------+--------+--------+
|   Total   |   176  |   44   |
+-----------+--------+--------+
