

================================================================
== Vitis HLS Report for 'kernel53'
================================================================
* Date:           Sun Jul 12 20:26:09 2026

* Version:        2025.2 (Build 6295257 on Nov 14 2025)
* Project:        spikingformer_proj
* Solution:       solution1 (Vivado IP Flow Target)
* Product family: zynquplus
* Target device:  xczu7ev-ffvc1156-2-e


================================================================
== Performance Estimates
================================================================
+ Timing: 
    * Summary: 
    +--------+----------+----------+------------+
    |  Clock |  Target  | Estimated| Uncertainty|
    +--------+----------+----------+------------+
    |ap_clk  |  10.00 ns|  7.300 ns|     2.70 ns|
    +--------+----------+----------+------------+

+ Latency: 
    * Summary: 
    +---------+---------+----------+----------+-----+-----+-------------------+
    |  Latency (cycles) |  Latency (absolute) |  Interval |      Pipeline     |
    |   min   |   max   |    min   |    max   | min | max |        Type       |
    +---------+---------+----------+----------+-----+-----+-------------------+
    |    24595|    24595|  0.246 ms|  0.246 ms|    0|    0|  loop pipeline stp|
    +---------+---------+----------+----------+-----+-----+-------------------+

    + Detail: 
        * Instance: 
        N/A

        * Loop: 
        +-------------------------------------+---------+---------+----------+-----------+-----------+-------+----------+
        |                                     |  Latency (cycles) | Iteration|  Initiation Interval  |  Trip |          |
        |              Loop Name              |   min   |   max   |  Latency |  achieved |   target  | Count | Pipelined|
        +-------------------------------------+---------+---------+----------+-----------+-----------+-------+----------+
        |- VITIS_LOOP_721_1_VITIS_LOOP_722_2  |    24593|    24593|        19|          1|          1|  24576|       yes|
        +-------------------------------------+---------+---------+----------+-----------+-----------+-------+----------+

============================================================
+ Verbose Summary: Synthesis Manager
============================================================
InlineROM: 1
ExposeGlobal: 0
============================================================
+ Verbose Summary: CDFG Model
============================================================
IsTopModel: 0
ResetActiveHigh: 1
IsCombinational: 0
IsDatapathOnly: 0
HasWiredReturn: 1
HasMFsm: 2
HasVarLatency: 1
IsPipeline: 0
IsRtlPipelined: 0
IsInstanceOverlapped: 0
IsDontTouch: 0
HasImplIP: 0
IsGatedGlobalClock: 0

+ Individual pipeline summary: 
  * Pipeline-0: initiation interval (II) = 1, depth = 19


============================================================
+ Verbose Summary: Schedule
============================================================
* Number of FSM states : 19
* Pipeline : 1
  Pipeline-0 : II = 1, D = 19, States = { 1 2 3 4 5 6 7 8 9 10 11 12 13 14 15 16 17 18 19 }
* Dataflow Pipeline: 0

* FSM state transitions: 
1 --> 2 
2 --> 3 
3 --> 4 
4 --> 5 
5 --> 6 
6 --> 7 
7 --> 8 
8 --> 9 
9 --> 10 
10 --> 11 
11 --> 12 
12 --> 13 
13 --> 14 
14 --> 15 
15 --> 16 
16 --> 17 
17 --> 18 
18 --> 19 
19 --> 

* FSM state operations: 

State 1 <SV = 0> <Delay = 3.25>
ST_1 : Operation 22 [1/1] (0.00ns)   --->   "%v296 = alloca i32 1" [spikingformer_official.cpp:722]   --->   Operation 22 'alloca' 'v296' <Predicate = true> <Delay = 0.00>
ST_1 : Operation 23 [1/1] (0.00ns)   --->   "%v295 = alloca i32 1" [spikingformer_official.cpp:721]   --->   Operation 23 'alloca' 'v295' <Predicate = true> <Delay = 0.00>
ST_1 : Operation 24 [1/1] (0.00ns)   --->   "%indvar_flatten = alloca i32 1"   --->   Operation 24 'alloca' 'indvar_flatten' <Predicate = true> <Delay = 0.00>
ST_1 : Operation 25 [1/1] (0.00ns)   --->   "%specstablecontent_ln0 = specstablecontent void @_ssdm_op_SpecStableContent, i32 %g0, i1 1, void "   --->   Operation 25 'specstablecontent' 'specstablecontent_ln0' <Predicate = true> <Delay = 0.00>
ST_1 : Operation 26 [1/1] (0.00ns)   --->   "%specinterface_ln0 = specinterface void @_ssdm_op_SpecInterface, i32 %g0, void @empty_26, i32 0, i32 0, void @empty_35, i32 0, i32 0, void @empty_22, void @empty_25, void @empty_35, i32 16, i32 16, i32 16, i32 16, void @empty_35, void @empty_35, i32 4294967295, i32 0, i32 0, i32 4"   --->   Operation 26 'specinterface' 'specinterface_ln0' <Predicate = true> <Delay = 0.00>
ST_1 : Operation 27 [1/1] (0.00ns)   --->   "%v293_read = read i64 @_ssdm_op_Read.ap_auto.i64, i64 %v293" [spikingformer_official.cpp:718]   --->   Operation 27 'read' 'v293_read' <Predicate = true> <Delay = 0.00>
ST_1 : Operation 28 [1/1] (0.42ns)   --->   "%store_ln0 = store i15 0, i15 %indvar_flatten"   --->   Operation 28 'store' 'store_ln0' <Predicate = true> <Delay = 0.42>
ST_1 : Operation 29 [1/1] (0.42ns)   --->   "%store_ln721 = store i7 0, i7 %v295" [spikingformer_official.cpp:721]   --->   Operation 29 'store' 'store_ln721' <Predicate = true> <Delay = 0.42>
ST_1 : Operation 30 [1/1] (0.42ns)   --->   "%store_ln722 = store i9 0, i9 %v296" [spikingformer_official.cpp:722]   --->   Operation 30 'store' 'store_ln722' <Predicate = true> <Delay = 0.42>
ST_1 : Operation 31 [1/1] (0.00ns)   --->   "%br_ln721 = br void %for.inc" [spikingformer_official.cpp:721]   --->   Operation 31 'br' 'br_ln721' <Predicate = true> <Delay = 0.00>
ST_1 : Operation 32 [1/1] (0.00ns)   --->   "%indvar_flatten_load = load i15 %indvar_flatten" [spikingformer_official.cpp:721]   --->   Operation 32 'load' 'indvar_flatten_load' <Predicate = true> <Delay = 0.00>
ST_1 : Operation 33 [1/1] (0.84ns)   --->   "%icmp_ln721 = icmp_eq  i15 %indvar_flatten_load, i15 24576" [spikingformer_official.cpp:721]   --->   Operation 33 'icmp' 'icmp_ln721' <Predicate = true> <Delay = 0.84> <CoreInst = "Cmp">   --->   Core 9 'Cmp' <Latency = 0> <II = 1> <Delay = 0.84> <FuncUnit> <Opcode : 'seteq' 'setne' 'setle' 'setge' 'setlt' 'setgt'> <InPorts = 2> <OutPorts = 1>
ST_1 : Operation 34 [1/1] (0.84ns)   --->   "%add_ln721_1 = add i15 %indvar_flatten_load, i15 1" [spikingformer_official.cpp:721]   --->   Operation 34 'add' 'add_ln721_1' <Predicate = true> <Delay = 0.84> <CoreInst = "Adder">   --->   Core 1 'Adder' <Latency = 0> <II = 1> <Delay = 0.84> <FuncUnit> <Opcode : 'add' 'sub'> <InPorts = 2> <OutPorts = 1>
ST_1 : Operation 35 [1/1] (0.00ns)   --->   "%br_ln721 = br i1 %icmp_ln721, void %for.inc13, void %for.end15" [spikingformer_official.cpp:721]   --->   Operation 35 'br' 'br_ln721' <Predicate = true> <Delay = 0.00>
ST_1 : Operation 36 [1/1] (0.00ns)   --->   "%v296_load = load i9 %v296" [spikingformer_official.cpp:722]   --->   Operation 36 'load' 'v296_load' <Predicate = (!icmp_ln721)> <Delay = 0.00>
ST_1 : Operation 37 [1/1] (0.00ns)   --->   "%v295_load = load i7 %v295" [spikingformer_official.cpp:721]   --->   Operation 37 'load' 'v295_load' <Predicate = (!icmp_ln721)> <Delay = 0.00>
ST_1 : Operation 38 [1/1] (0.77ns)   --->   "%add_ln721 = add i7 %v295_load, i7 1" [spikingformer_official.cpp:721]   --->   Operation 38 'add' 'add_ln721' <Predicate = (!icmp_ln721)> <Delay = 0.77> <CoreInst = "Adder">   --->   Core 1 'Adder' <Latency = 0> <II = 1> <Delay = 0.77> <FuncUnit> <Opcode : 'add' 'sub'> <InPorts = 2> <OutPorts = 1>
ST_1 : Operation 39 [1/1] (0.77ns)   --->   "%icmp_ln722 = icmp_eq  i9 %v296_load, i9 384" [spikingformer_official.cpp:722]   --->   Operation 39 'icmp' 'icmp_ln722' <Predicate = (!icmp_ln721)> <Delay = 0.77> <CoreInst = "Cmp">   --->   Core 9 'Cmp' <Latency = 0> <II = 1> <Delay = 0.77> <FuncUnit> <Opcode : 'seteq' 'setne' 'setle' 'setge' 'setlt' 'setgt'> <InPorts = 2> <OutPorts = 1>
ST_1 : Operation 40 [1/1] (0.39ns)   --->   "%select_ln721 = select i1 %icmp_ln722, i9 0, i9 %v296_load" [spikingformer_official.cpp:721]   --->   Operation 40 'select' 'select_ln721' <Predicate = (!icmp_ln721)> <Delay = 0.39> <CoreInst = "Sel">   --->   Core 73 'Sel' <Latency = 0> <II = 1> <Delay = 0.39> <FuncUnit> <Opcode : 'select'> <InPorts = 3> <OutPorts = 1>
ST_1 : Operation 41 [1/1] (0.36ns)   --->   "%select_ln721_1 = select i1 %icmp_ln722, i7 %add_ln721, i7 %v295_load" [spikingformer_official.cpp:721]   --->   Operation 41 'select' 'select_ln721_1' <Predicate = (!icmp_ln721)> <Delay = 0.36> <CoreInst = "Sel">   --->   Core 73 'Sel' <Latency = 0> <II = 1> <Delay = 0.36> <FuncUnit> <Opcode : 'select'> <InPorts = 3> <OutPorts = 1>
ST_1 : Operation 42 [1/1] (0.00ns)   --->   "%p_shl = bitconcatenate i18 @_ssdm_op_BitConcatenate.i18.i7.i11, i7 %select_ln721_1, i11 0" [spikingformer_official.cpp:725]   --->   Operation 42 'bitconcatenate' 'p_shl' <Predicate = (!icmp_ln721)> <Delay = 0.00>
ST_1 : Operation 43 [1/1] (0.00ns)   --->   "%tmp = bitconcatenate i16 @_ssdm_op_BitConcatenate.i16.i7.i9, i7 %select_ln721_1, i9 0" [spikingformer_official.cpp:725]   --->   Operation 43 'bitconcatenate' 'tmp' <Predicate = (!icmp_ln721)> <Delay = 0.00>
ST_1 : Operation 44 [1/1] (0.00ns)   --->   "%zext_ln725_1 = zext i16 %tmp" [spikingformer_official.cpp:725]   --->   Operation 44 'zext' 'zext_ln725_1' <Predicate = (!icmp_ln721)> <Delay = 0.00>
ST_1 : Operation 45 [1/1] (0.87ns)   --->   "%sub_ln725 = sub i18 %p_shl, i18 %zext_ln725_1" [spikingformer_official.cpp:725]   --->   Operation 45 'sub' 'sub_ln725' <Predicate = (!icmp_ln721)> <Delay = 0.87> <CoreInst = "Adder">   --->   Core 1 'Adder' <Latency = 0> <II = 1> <Delay = 0.87> <FuncUnit> <Opcode : 'add' 'sub'> <InPorts = 2> <OutPorts = 1>
ST_1 : Operation 46 [1/1] (0.00ns)   --->   "%zext_ln722 = zext i18 %sub_ln725" [spikingformer_official.cpp:722]   --->   Operation 46 'zext' 'zext_ln722' <Predicate = (!icmp_ln721)> <Delay = 0.00>
ST_1 : Operation 47 [1/1] (0.00ns)   --->   "%shl_ln = bitconcatenate i11 @_ssdm_op_BitConcatenate.i11.i9.i2, i9 %select_ln721, i2 0" [spikingformer_official.cpp:725]   --->   Operation 47 'bitconcatenate' 'shl_ln' <Predicate = (!icmp_ln721)> <Delay = 0.00>
ST_1 : Operation 48 [1/1] (0.00ns)   --->   "%zext_ln725 = zext i11 %shl_ln" [spikingformer_official.cpp:725]   --->   Operation 48 'zext' 'zext_ln725' <Predicate = (!icmp_ln721)> <Delay = 0.00>
ST_1 : Operation 49 [1/1] (0.00ns) (grouped into TernaryAdder)   --->   "%add_ln725 = add i64 %zext_ln725, i64 %v293_read" [spikingformer_official.cpp:725]   --->   Operation 49 'add' 'add_ln725' <Predicate = (!icmp_ln721)> <Delay = 0.00> <CoreInst = "TAddSub">   --->   Core 10 'TAddSub' <Latency = 0> <II = 1> <Delay = 0.40> <IPBlock> <Opcode : 'add' 'sub'> <InPorts = 3> <OutPorts = 1> <Sync> <CReg>
ST_1 : Operation 50 [1/1] (0.81ns) (root node of TernaryAdder)   --->   "%add_ln725_1 = add i64 %add_ln725, i64 %zext_ln722" [spikingformer_official.cpp:725]   --->   Operation 50 'add' 'add_ln725_1' <Predicate = (!icmp_ln721)> <Delay = 0.81> <CoreInst = "TAddSub">   --->   Core 10 'TAddSub' <Latency = 0> <II = 1> <Delay = 0.40> <IPBlock> <Opcode : 'add' 'sub'> <InPorts = 3> <OutPorts = 1> <Sync> <CReg>
ST_1 : Operation 51 [1/1] (0.00ns)   --->   "%trunc_ln = partselect i62 @_ssdm_op_PartSelect.i62.i64.i32.i32, i64 %add_ln725_1, i32 2, i32 63" [spikingformer_official.cpp:725]   --->   Operation 51 'partselect' 'trunc_ln' <Predicate = (!icmp_ln721)> <Delay = 0.00>
ST_1 : Operation 52 [1/1] (0.00ns)   --->   "%sext_ln725 = sext i62 %trunc_ln" [spikingformer_official.cpp:725]   --->   Operation 52 'sext' 'sext_ln725' <Predicate = (!icmp_ln721)> <Delay = 0.00>
ST_1 : Operation 53 [1/1] (0.00ns)   --->   "%g0_addr = getelementptr i32 %g0, i64 %sext_ln725" [spikingformer_official.cpp:725]   --->   Operation 53 'getelementptr' 'g0_addr' <Predicate = (!icmp_ln721)> <Delay = 0.00>
ST_1 : Operation 54 [1/1] (0.77ns)   --->   "%add_ln722 = add i9 %select_ln721, i9 1" [spikingformer_official.cpp:722]   --->   Operation 54 'add' 'add_ln722' <Predicate = (!icmp_ln721)> <Delay = 0.77> <CoreInst = "Adder">   --->   Core 1 'Adder' <Latency = 0> <II = 1> <Delay = 0.77> <FuncUnit> <Opcode : 'add' 'sub'> <InPorts = 2> <OutPorts = 1>
ST_1 : Operation 55 [1/1] (0.42ns)   --->   "%store_ln721 = store i15 %add_ln721_1, i15 %indvar_flatten" [spikingformer_official.cpp:721]   --->   Operation 55 'store' 'store_ln721' <Predicate = (!icmp_ln721)> <Delay = 0.42>
ST_1 : Operation 56 [1/1] (0.42ns)   --->   "%store_ln721 = store i7 %select_ln721_1, i7 %v295" [spikingformer_official.cpp:721]   --->   Operation 56 'store' 'store_ln721' <Predicate = (!icmp_ln721)> <Delay = 0.42>
ST_1 : Operation 57 [1/1] (0.42ns)   --->   "%store_ln722 = store i9 %add_ln722, i9 %v296" [spikingformer_official.cpp:722]   --->   Operation 57 'store' 'store_ln722' <Predicate = (!icmp_ln721)> <Delay = 0.42>

State 2 <SV = 1> <Delay = 0.00>
ST_2 : Operation 58 [8/8] (7.30ns)   --->   "%g0_load_req = readreq i1 @_ssdm_op_ReadReq.m_axi.i32P1A, i32 %g0_addr, i64 1" [spikingformer_official.cpp:725]   --->   Operation 58 'readreq' 'g0_load_req' <Predicate = true> <Delay = 7.30> <CoreInst = "m_axi">   --->   Core 119 'm_axi' <Latency = 6> <II = 1> <Delay = 1.00> <Adapter> <Opcode : 'readrequnaligned' 'writerequnaligned' 'read' 'write' 'readreq' 'writereq' 'writeresp'>

State 3 <SV = 2> <Delay = 0.00>
ST_3 : Operation 59 [7/8] (7.30ns)   --->   "%g0_load_req = readreq i1 @_ssdm_op_ReadReq.m_axi.i32P1A, i32 %g0_addr, i64 1" [spikingformer_official.cpp:725]   --->   Operation 59 'readreq' 'g0_load_req' <Predicate = true> <Delay = 7.30> <CoreInst = "m_axi">   --->   Core 119 'm_axi' <Latency = 6> <II = 1> <Delay = 1.00> <Adapter> <Opcode : 'readrequnaligned' 'writerequnaligned' 'read' 'write' 'readreq' 'writereq' 'writeresp'>

State 4 <SV = 3> <Delay = 0.00>
ST_4 : Operation 60 [6/8] (7.30ns)   --->   "%g0_load_req = readreq i1 @_ssdm_op_ReadReq.m_axi.i32P1A, i32 %g0_addr, i64 1" [spikingformer_official.cpp:725]   --->   Operation 60 'readreq' 'g0_load_req' <Predicate = true> <Delay = 7.30> <CoreInst = "m_axi">   --->   Core 119 'm_axi' <Latency = 6> <II = 1> <Delay = 1.00> <Adapter> <Opcode : 'readrequnaligned' 'writerequnaligned' 'read' 'write' 'readreq' 'writereq' 'writeresp'>

State 5 <SV = 4> <Delay = 0.00>
ST_5 : Operation 61 [5/8] (7.30ns)   --->   "%g0_load_req = readreq i1 @_ssdm_op_ReadReq.m_axi.i32P1A, i32 %g0_addr, i64 1" [spikingformer_official.cpp:725]   --->   Operation 61 'readreq' 'g0_load_req' <Predicate = true> <Delay = 7.30> <CoreInst = "m_axi">   --->   Core 119 'm_axi' <Latency = 6> <II = 1> <Delay = 1.00> <Adapter> <Opcode : 'readrequnaligned' 'writerequnaligned' 'read' 'write' 'readreq' 'writereq' 'writeresp'>

State 6 <SV = 5> <Delay = 0.00>
ST_6 : Operation 62 [4/8] (7.30ns)   --->   "%g0_load_req = readreq i1 @_ssdm_op_ReadReq.m_axi.i32P1A, i32 %g0_addr, i64 1" [spikingformer_official.cpp:725]   --->   Operation 62 'readreq' 'g0_load_req' <Predicate = true> <Delay = 7.30> <CoreInst = "m_axi">   --->   Core 119 'm_axi' <Latency = 6> <II = 1> <Delay = 1.00> <Adapter> <Opcode : 'readrequnaligned' 'writerequnaligned' 'read' 'write' 'readreq' 'writereq' 'writeresp'>

State 7 <SV = 6> <Delay = 0.00>
ST_7 : Operation 63 [3/8] (7.30ns)   --->   "%g0_load_req = readreq i1 @_ssdm_op_ReadReq.m_axi.i32P1A, i32 %g0_addr, i64 1" [spikingformer_official.cpp:725]   --->   Operation 63 'readreq' 'g0_load_req' <Predicate = true> <Delay = 7.30> <CoreInst = "m_axi">   --->   Core 119 'm_axi' <Latency = 6> <II = 1> <Delay = 1.00> <Adapter> <Opcode : 'readrequnaligned' 'writerequnaligned' 'read' 'write' 'readreq' 'writereq' 'writeresp'>

State 8 <SV = 7> <Delay = 0.00>
ST_8 : Operation 64 [2/8] (7.30ns)   --->   "%g0_load_req = readreq i1 @_ssdm_op_ReadReq.m_axi.i32P1A, i32 %g0_addr, i64 1" [spikingformer_official.cpp:725]   --->   Operation 64 'readreq' 'g0_load_req' <Predicate = true> <Delay = 7.30> <CoreInst = "m_axi">   --->   Core 119 'm_axi' <Latency = 6> <II = 1> <Delay = 1.00> <Adapter> <Opcode : 'readrequnaligned' 'writerequnaligned' 'read' 'write' 'readreq' 'writereq' 'writeresp'>

State 9 <SV = 8> <Delay = 7.30>
ST_9 : Operation 65 [1/8] ( I:7.30ns O:7.30ns )   --->   "%g0_load_req = readreq i1 @_ssdm_op_ReadReq.m_axi.i32P1A, i32 %g0_addr, i64 1" [spikingformer_official.cpp:725]   --->   Operation 65 'readreq' 'g0_load_req' <Predicate = true> <Delay = 7.30> <CoreInst = "m_axi">   --->   Core 119 'm_axi' <Latency = 6> <II = 1> <Delay = 1.00> <Adapter> <Opcode : 'readrequnaligned' 'writerequnaligned' 'read' 'write' 'readreq' 'writereq' 'writeresp'>

State 10 <SV = 9> <Delay = 7.30>
ST_10 : Operation 66 [1/1] ( I:7.30ns O:7.30ns )   --->   "%g0_addr_read = read i32 @_ssdm_op_Read.m_axi.i32P1A, i32 %g0_addr" [spikingformer_official.cpp:725]   --->   Operation 66 'read' 'g0_addr_read' <Predicate = true> <Delay = 7.30> <CoreInst = "m_axi">   --->   Core 119 'm_axi' <Latency = 3> <II = 1> <Delay = 1.00> <Adapter> <Opcode : 'readrequnaligned' 'writerequnaligned' 'read' 'write' 'readreq' 'writereq' 'writeresp'>

State 11 <SV = 10> <Delay = 7.01>
ST_11 : Operation 67 [1/1] (0.00ns)   --->   "%v297 = bitcast i32 %g0_addr_read" [spikingformer_official.cpp:725]   --->   Operation 67 'bitcast' 'v297' <Predicate = true> <Delay = 0.00>
ST_11 : Operation 68 [3/3] (7.01ns)   --->   "%v298 = fmul i32 %v297, i32 0.5" [spikingformer_official.cpp:726]   --->   Operation 68 'fmul' 'v298' <Predicate = true> <Delay = 7.01> <CoreInst = "FMul_maxdsp">   --->   Core 30 'FMul_maxdsp' <Latency = 2> <II = 1> <Delay = 7.01> <FuncUnit> <Opcode : 'fmul'> <InPorts = 2> <OutPorts = 1>

State 12 <SV = 11> <Delay = 7.01>
ST_12 : Operation 69 [2/3] (7.01ns)   --->   "%v298 = fmul i32 %v297, i32 0.5" [spikingformer_official.cpp:726]   --->   Operation 69 'fmul' 'v298' <Predicate = true> <Delay = 7.01> <CoreInst = "FMul_maxdsp">   --->   Core 30 'FMul_maxdsp' <Latency = 2> <II = 1> <Delay = 7.01> <FuncUnit> <Opcode : 'fmul'> <InPorts = 2> <OutPorts = 1>

State 13 <SV = 12> <Delay = 7.30>
ST_13 : Operation 70 [1/3] (7.01ns)   --->   "%v298 = fmul i32 %v297, i32 0.5" [spikingformer_official.cpp:726]   --->   Operation 70 'fmul' 'v298' <Predicate = true> <Delay = 7.01> <CoreInst = "FMul_maxdsp">   --->   Core 30 'FMul_maxdsp' <Latency = 2> <II = 1> <Delay = 7.01> <FuncUnit> <Opcode : 'fmul'> <InPorts = 2> <OutPorts = 1>
ST_13 : Operation 71 [1/1] ( I:7.30ns O:7.30ns )   --->   "%g0_addr_66_req = writereq i1 @_ssdm_op_WriteReq.m_axi.i32P1A, i32 %g0_addr, i64 1" [spikingformer_official.cpp:727]   --->   Operation 71 'writereq' 'g0_addr_66_req' <Predicate = true> <Delay = 7.30> <CoreInst = "m_axi">   --->   Core 119 'm_axi' <Latency = 9> <II = 1> <Delay = 1.00> <Adapter> <Opcode : 'readrequnaligned' 'writerequnaligned' 'read' 'write' 'readreq' 'writereq' 'writeresp'>

State 14 <SV = 13> <Delay = 7.30>
ST_14 : Operation 72 [1/1] (0.00ns)   --->   "%bitcast_ln727 = bitcast i32 %v298" [spikingformer_official.cpp:727]   --->   Operation 72 'bitcast' 'bitcast_ln727' <Predicate = true> <Delay = 0.00>
ST_14 : Operation 73 [1/1] ( I:7.30ns O:7.30ns )   --->   "%write_ln727 = write void @_ssdm_op_Write.m_axi.i32P1A, i32 %g0_addr, i32 %bitcast_ln727, i4 15" [spikingformer_official.cpp:727]   --->   Operation 73 'write' 'write_ln727' <Predicate = true> <Delay = 7.30> <CoreInst = "m_axi">   --->   Core 119 'm_axi' <Latency = 5> <II = 1> <Delay = 1.00> <Adapter> <Opcode : 'readrequnaligned' 'writerequnaligned' 'read' 'write' 'readreq' 'writereq' 'writeresp'>

State 15 <SV = 14> <Delay = 0.00>
ST_15 : Operation 74 [5/5] (7.30ns)   --->   "%g0_addr_66_resp = writeresp i1 @_ssdm_op_WriteResp.m_axi.i32P1A, i32 %g0_addr" [spikingformer_official.cpp:727]   --->   Operation 74 'writeresp' 'g0_addr_66_resp' <Predicate = true> <Delay = 7.30> <CoreInst = "m_axi">   --->   Core 119 'm_axi' <Latency = 3> <II = 1> <Delay = 1.00> <Adapter> <Opcode : 'readrequnaligned' 'writerequnaligned' 'read' 'write' 'readreq' 'writereq' 'writeresp'>

State 16 <SV = 15> <Delay = 0.00>
ST_16 : Operation 75 [4/5] (7.30ns)   --->   "%g0_addr_66_resp = writeresp i1 @_ssdm_op_WriteResp.m_axi.i32P1A, i32 %g0_addr" [spikingformer_official.cpp:727]   --->   Operation 75 'writeresp' 'g0_addr_66_resp' <Predicate = true> <Delay = 7.30> <CoreInst = "m_axi">   --->   Core 119 'm_axi' <Latency = 3> <II = 1> <Delay = 1.00> <Adapter> <Opcode : 'readrequnaligned' 'writerequnaligned' 'read' 'write' 'readreq' 'writereq' 'writeresp'>

State 17 <SV = 16> <Delay = 0.00>
ST_17 : Operation 76 [3/5] (7.30ns)   --->   "%g0_addr_66_resp = writeresp i1 @_ssdm_op_WriteResp.m_axi.i32P1A, i32 %g0_addr" [spikingformer_official.cpp:727]   --->   Operation 76 'writeresp' 'g0_addr_66_resp' <Predicate = true> <Delay = 7.30> <CoreInst = "m_axi">   --->   Core 119 'm_axi' <Latency = 3> <II = 1> <Delay = 1.00> <Adapter> <Opcode : 'readrequnaligned' 'writerequnaligned' 'read' 'write' 'readreq' 'writereq' 'writeresp'>

State 18 <SV = 17> <Delay = 0.42>
ST_18 : Operation 77 [2/5] (7.30ns)   --->   "%g0_addr_66_resp = writeresp i1 @_ssdm_op_WriteResp.m_axi.i32P1A, i32 %g0_addr" [spikingformer_official.cpp:727]   --->   Operation 77 'writeresp' 'g0_addr_66_resp' <Predicate = true> <Delay = 7.30> <CoreInst = "m_axi">   --->   Core 119 'm_axi' <Latency = 3> <II = 1> <Delay = 1.00> <Adapter> <Opcode : 'readrequnaligned' 'writerequnaligned' 'read' 'write' 'readreq' 'writereq' 'writeresp'>
ST_18 : Operation 83 [1/1] (0.42ns)   --->   "%ret_ln730 = ret" [spikingformer_official.cpp:730]   --->   Operation 83 'ret' 'ret_ln730' <Predicate = (icmp_ln721)> <Delay = 0.42>

State 19 <SV = 18> <Delay = 7.30>
ST_19 : Operation 78 [1/1] (0.00ns)   --->   "%specloopname_ln0 = specloopname void @_ssdm_op_SpecLoopName, void @VITIS_LOOP_721_1_VITIS_LOOP_722_2_str"   --->   Operation 78 'specloopname' 'specloopname_ln0' <Predicate = true> <Delay = 0.00>
ST_19 : Operation 79 [1/1] (0.00ns)   --->   "%speclooptripcount_ln0 = speclooptripcount void @_ssdm_op_SpecLoopTripCount, i64 24576, i64 24576, i64 24576"   --->   Operation 79 'speclooptripcount' 'speclooptripcount_ln0' <Predicate = true> <Delay = 0.00>
ST_19 : Operation 80 [1/1] (0.00ns)   --->   "%specpipeline_ln723 = specpipeline void @_ssdm_op_SpecPipeline, i32 1, i32 0, i32 0, i32 0, i32 4294967295, void @empty_35" [spikingformer_official.cpp:723]   --->   Operation 80 'specpipeline' 'specpipeline_ln723' <Predicate = true> <Delay = 0.00>
ST_19 : Operation 81 [1/5] ( I:7.30ns O:7.30ns )   --->   "%g0_addr_66_resp = writeresp i1 @_ssdm_op_WriteResp.m_axi.i32P1A, i32 %g0_addr" [spikingformer_official.cpp:727]   --->   Operation 81 'writeresp' 'g0_addr_66_resp' <Predicate = true> <Delay = 7.30> <CoreInst = "m_axi">   --->   Core 119 'm_axi' <Latency = 3> <II = 1> <Delay = 1.00> <Adapter> <Opcode : 'readrequnaligned' 'writerequnaligned' 'read' 'write' 'readreq' 'writereq' 'writeresp'>
ST_19 : Operation 82 [1/1] (0.00ns)   --->   "%br_ln722 = br void %for.inc" [spikingformer_official.cpp:722]   --->   Operation 82 'br' 'br_ln722' <Predicate = true> <Delay = 0.00>


============================================================
+ Verbose Summary: Timing violations
============================================================
Target clock period: 10.000ns, clock uncertainty: 2.700ns.

 <State 1>: 3.255ns
The critical path consists of the following:
	'store' operation ('store_ln722', spikingformer_official.cpp:722) of constant 0 9 bit on local variable 'v296', spikingformer_official.cpp:722 [11]  (0.427 ns)
	'load' operation 9 bit ('v296_load', spikingformer_official.cpp:722) on local variable 'v296', spikingformer_official.cpp:722 [19]  (0.000 ns)
	'icmp' operation 1 bit ('icmp_ln722', spikingformer_official.cpp:722) [24]  (0.776 ns)
	'select' operation 7 bit ('select_ln721_1', spikingformer_official.cpp:721) [26]  (0.360 ns)
	'sub' operation 18 bit ('sub_ln725', spikingformer_official.cpp:725) [30]  (0.873 ns)
	'add' operation 64 bit ('add_ln725_1', spikingformer_official.cpp:725) [36]  (0.819 ns)

 <State 2>: 0.000ns
The critical path consists of the following:

 <State 3>: 0.000ns
The critical path consists of the following:

 <State 4>: 0.000ns
The critical path consists of the following:

 <State 5>: 0.000ns
The critical path consists of the following:

 <State 6>: 0.000ns
The critical path consists of the following:

 <State 7>: 0.000ns
The critical path consists of the following:

 <State 8>: 0.000ns
The critical path consists of the following:

 <State 9>: 7.300ns
The critical path consists of the following:
	bus request operation ('g0_load_req', spikingformer_official.cpp:725) on port 'g0' (spikingformer_official.cpp:725) [40]  (7.300 ns)

 <State 10>: 7.300ns
The critical path consists of the following:
	bus read operation ('g0_addr_read', spikingformer_official.cpp:725) on port 'g0' (spikingformer_official.cpp:725) [41]  (7.300 ns)

 <State 11>: 7.016ns
The critical path consists of the following:
	'fmul' operation 32 bit ('v298', spikingformer_official.cpp:726) [43]  (7.016 ns)

 <State 12>: 7.016ns
The critical path consists of the following:
	'fmul' operation 32 bit ('v298', spikingformer_official.cpp:726) [43]  (7.016 ns)

 <State 13>: 7.300ns
The critical path consists of the following:
	bus request operation ('g0_addr_66_req', spikingformer_official.cpp:727) on port 'g0' (spikingformer_official.cpp:727) [45]  (7.300 ns)

 <State 14>: 7.300ns
The critical path consists of the following:
	bus write operation ('write_ln727', spikingformer_official.cpp:727) on port 'g0' (spikingformer_official.cpp:727) [46]  (7.300 ns)

 <State 15>: 0.000ns
The critical path consists of the following:

 <State 16>: 0.000ns
The critical path consists of the following:

 <State 17>: 0.000ns
The critical path consists of the following:

 <State 18>: 0.427ns
The critical path consists of the following:

 <State 19>: 7.300ns
The critical path consists of the following:
	bus response operation ('g0_addr_66_resp', spikingformer_official.cpp:727) on port 'g0' (spikingformer_official.cpp:727) [47]  (7.300 ns)


============================================================
+ Verbose Summary: Binding
============================================================
N/A
* FSMD analyzer results:
  - Output states:
 - Input state : 
  - Chain level:
	State 1
	State 2
	State 3
	State 4
	State 5
	State 6
	State 7
	State 8
	State 9
	State 10
	State 11
	State 12
	State 13
	State 14
	State 15
	State 16
	State 17
	State 18
	State 19


============================================================
+ Verbose Summary: Datapath Resource usage 
============================================================
N/A
