

================================================================
== Vitis HLS Report for 'kernel42_Pipeline_VITIS_LOOP_573_1_VITIS_LOOP_574_2'
================================================================
* Date:           Sun Jul 12 20:26:07 2026

* Version:        2025.2 (Build 6295257 on Nov 14 2025)
* Project:        spikingformer_proj
* Solution:       solution1 (Vivado IP Flow Target)
* Product family: zynquplus
* Target device:  xczu7ev-ffvc1156-2-e


================================================================
== Performance Estimates
================================================================
+ Timing: 
    * Summary: 
    +--------+----------+----------+------------+
    |  Clock |  Target  | Estimated| Uncertainty|
    +--------+----------+----------+------------+
    |ap_clk  |  10.00 ns|  7.300 ns|     2.70 ns|
    +--------+----------+----------+------------+

+ Latency: 
    * Summary: 
    +---------+---------+----------+----------+-----+-----+-------------------+
    |  Latency (cycles) |  Latency (absolute) |  Interval |      Pipeline     |
    |   min   |   max   |    min   |    max   | min | max |        Type       |
    +---------+---------+----------+----------+-----+-----+-------------------+
    |    24579|    24579|  0.246 ms|  0.246 ms|    0|    0|  loop pipeline stp|
    +---------+---------+----------+----------+-----+-----+-------------------+

    + Detail: 
        * Instance: 
        N/A

        * Loop: 
        +-------------------------------------+---------+---------+----------+-----------+-----------+-------+----------+
        |                                     |  Latency (cycles) | Iteration|  Initiation Interval  |  Trip |          |
        |              Loop Name              |   min   |   max   |  Latency |  achieved |   target  | Count | Pipelined|
        +-------------------------------------+---------+---------+----------+-----------+-----------+-------+----------+
        |- VITIS_LOOP_573_1_VITIS_LOOP_574_2  |    24577|    24577|         3|          1|          1|  24576|       yes|
        +-------------------------------------+---------+---------+----------+-----------+-----------+-------+----------+

============================================================
+ Verbose Summary: Synthesis Manager
============================================================
InlineROM: 1
ExposeGlobal: 0
============================================================
+ Verbose Summary: CDFG Model
============================================================
IsTopModel: 0
ResetActiveHigh: 1
IsCombinational: 0
IsDatapathOnly: 0
HasWiredReturn: 1
HasMFsm: 2
HasVarLatency: 1
IsPipeline: 0
IsRtlPipelined: 0
IsInstanceOverlapped: 0
IsDontTouch: 0
HasImplIP: 0
IsGatedGlobalClock: 0

+ Individual pipeline summary: 
  * Pipeline-0: initiation interval (II) = 1, depth = 3


============================================================
+ Verbose Summary: Schedule
============================================================
* Number of FSM states : 3
* Pipeline : 1
  Pipeline-0 : II = 1, D = 3, States = { 1 2 3 }
* Dataflow Pipeline: 0

* FSM state transitions: 
1 --> 2 
2 --> 3 
3 --> 

* FSM state operations: 

State 1 <SV = 0> <Delay = 2.83>
ST_1 : Operation 6 [1/1] (0.00ns)   --->   "%v235 = alloca i32 1" [spikingformer_official.cpp:574]   --->   Operation 6 'alloca' 'v235' <Predicate = true> <Delay = 0.00>
ST_1 : Operation 7 [1/1] (0.00ns)   --->   "%v234 = alloca i32 1" [spikingformer_official.cpp:573]   --->   Operation 7 'alloca' 'v234' <Predicate = true> <Delay = 0.00>
ST_1 : Operation 8 [1/1] (0.00ns)   --->   "%indvar_flatten = alloca i32 1"   --->   Operation 8 'alloca' 'indvar_flatten' <Predicate = true> <Delay = 0.00>
ST_1 : Operation 9 [1/1] (0.00ns)   --->   "%v2361 = alloca i32 1"   --->   Operation 9 'alloca' 'v2361' <Predicate = true> <Delay = 0.00>
ST_1 : Operation 10 [1/1] (0.00ns)   --->   "%sext_ln573_read = read i62 @_ssdm_op_Read.ap_auto.i62, i62 %sext_ln573"   --->   Operation 10 'read' 'sext_ln573_read' <Predicate = true> <Delay = 0.00>
ST_1 : Operation 11 [1/1] (0.00ns)   --->   "%sext_ln573_cast = sext i62 %sext_ln573_read"   --->   Operation 11 'sext' 'sext_ln573_cast' <Predicate = true> <Delay = 0.00>
ST_1 : Operation 12 [1/1] (0.00ns)   --->   "%specstablecontent_ln0 = specstablecontent void @_ssdm_op_SpecStableContent, i32 %g0, i1 1, void "   --->   Operation 12 'specstablecontent' 'specstablecontent_ln0' <Predicate = true> <Delay = 0.00>
ST_1 : Operation 13 [1/1] (0.00ns)   --->   "%specinterface_ln0 = specinterface void @_ssdm_op_SpecInterface, i32 %g0, void @empty_26, i32 0, i32 0, void @empty_35, i32 0, i32 0, void @empty_22, void @empty_25, void @empty_35, i32 16, i32 16, i32 16, i32 16, void @empty_35, void @empty_35, i32 4294967295, i32 0, i32 0, i32 4"   --->   Operation 13 'specinterface' 'specinterface_ln0' <Predicate = true> <Delay = 0.00>
ST_1 : Operation 14 [1/1] (0.42ns)   --->   "%store_ln0 = store i15 0, i15 %indvar_flatten"   --->   Operation 14 'store' 'store_ln0' <Predicate = true> <Delay = 0.42>
ST_1 : Operation 15 [1/1] (0.42ns)   --->   "%store_ln573 = store i9 0, i9 %v234" [spikingformer_official.cpp:573]   --->   Operation 15 'store' 'store_ln573' <Predicate = true> <Delay = 0.42>
ST_1 : Operation 16 [1/1] (0.42ns)   --->   "%store_ln574 = store i7 0, i7 %v235" [spikingformer_official.cpp:574]   --->   Operation 16 'store' 'store_ln574' <Predicate = true> <Delay = 0.42>
ST_1 : Operation 17 [1/1] (0.42ns)   --->   "%br_ln0 = br void %for.inc"   --->   Operation 17 'br' 'br_ln0' <Predicate = true> <Delay = 0.42>
ST_1 : Operation 18 [1/1] (0.00ns)   --->   "%first_iter_0 = phi i1 1, void %newFuncRoot, i1 0, void %for.inc.split"   --->   Operation 18 'phi' 'first_iter_0' <Predicate = true> <Delay = 0.00>
ST_1 : Operation 19 [1/1] (0.00ns)   --->   "%v235_1 = load i7 %v235" [spikingformer_official.cpp:574]   --->   Operation 19 'load' 'v235_1' <Predicate = true> <Delay = 0.00>
ST_1 : Operation 20 [1/1] (0.00ns)   --->   "%indvar_flatten_load = load i15 %indvar_flatten" [spikingformer_official.cpp:573]   --->   Operation 20 'load' 'indvar_flatten_load' <Predicate = true> <Delay = 0.00>
ST_1 : Operation 21 [1/1] (0.84ns)   --->   "%icmp_ln573 = icmp_eq  i15 %indvar_flatten_load, i15 24576" [spikingformer_official.cpp:573]   --->   Operation 21 'icmp' 'icmp_ln573' <Predicate = true> <Delay = 0.84> <CoreInst = "Cmp">   --->   Core 9 'Cmp' <Latency = 0> <II = 1> <Delay = 0.84> <FuncUnit> <Opcode : 'seteq' 'setne' 'setle' 'setge' 'setlt' 'setgt'> <InPorts = 2> <OutPorts = 1>
ST_1 : Operation 22 [1/1] (0.84ns)   --->   "%add_ln573_1 = add i15 %indvar_flatten_load, i15 1" [spikingformer_official.cpp:573]   --->   Operation 22 'add' 'add_ln573_1' <Predicate = true> <Delay = 0.84> <CoreInst = "Adder">   --->   Core 1 'Adder' <Latency = 0> <II = 1> <Delay = 0.84> <FuncUnit> <Opcode : 'add' 'sub'> <InPorts = 2> <OutPorts = 1>
ST_1 : Operation 23 [1/1] (0.00ns)   --->   "%br_ln573 = br i1 %icmp_ln573, void %for.inc10, void %for.end12.exitStub" [spikingformer_official.cpp:573]   --->   Operation 23 'br' 'br_ln573' <Predicate = true> <Delay = 0.00>
ST_1 : Operation 24 [1/1] (0.00ns)   --->   "%v234_load = load i9 %v234" [spikingformer_official.cpp:573]   --->   Operation 24 'load' 'v234_load' <Predicate = (!icmp_ln573)> <Delay = 0.00>
ST_1 : Operation 25 [1/1] (0.77ns)   --->   "%add_ln573 = add i9 %v234_load, i9 1" [spikingformer_official.cpp:573]   --->   Operation 25 'add' 'add_ln573' <Predicate = (!icmp_ln573)> <Delay = 0.77> <CoreInst = "Adder">   --->   Core 1 'Adder' <Latency = 0> <II = 1> <Delay = 0.77> <FuncUnit> <Opcode : 'add' 'sub'> <InPorts = 2> <OutPorts = 1>
ST_1 : Operation 26 [1/1] (0.77ns)   --->   "%icmp_ln574 = icmp_eq  i7 %v235_1, i7 64" [spikingformer_official.cpp:574]   --->   Operation 26 'icmp' 'icmp_ln574' <Predicate = (!icmp_ln573)> <Delay = 0.77> <CoreInst = "Cmp">   --->   Core 9 'Cmp' <Latency = 0> <II = 1> <Delay = 0.77> <FuncUnit> <Opcode : 'seteq' 'setne' 'setle' 'setge' 'setlt' 'setgt'> <InPorts = 2> <OutPorts = 1>
ST_1 : Operation 27 [1/1] (0.28ns)   --->   "%or_ln573 = or i1 %icmp_ln574, i1 %first_iter_0" [spikingformer_official.cpp:573]   --->   Operation 27 'or' 'or_ln573' <Predicate = (!icmp_ln573)> <Delay = 0.28> <CoreInst = "LogicGate">   --->   Core 74 'LogicGate' <Latency = 0> <II = 1> <Delay = 0.28> <FuncUnit> <Opcode : 'and' 'or' 'xor'> <InPorts = 2> <OutPorts = 1>
ST_1 : Operation 28 [1/1] (0.39ns)   --->   "%select_ln573 = select i1 %icmp_ln574, i9 %add_ln573, i9 %v234_load" [spikingformer_official.cpp:573]   --->   Operation 28 'select' 'select_ln573' <Predicate = (!icmp_ln573)> <Delay = 0.39> <CoreInst = "Sel">   --->   Core 73 'Sel' <Latency = 0> <II = 1> <Delay = 0.39> <FuncUnit> <Opcode : 'select'> <InPorts = 3> <OutPorts = 1>
ST_1 : Operation 29 [1/1] (0.00ns)   --->   "%zext_ln573 = zext i9 %select_ln573" [spikingformer_official.cpp:573]   --->   Operation 29 'zext' 'zext_ln573' <Predicate = (!icmp_ln573)> <Delay = 0.00>
ST_1 : Operation 30 [1/1] (0.00ns)   --->   "%v233_addr = getelementptr i32 %v233, i64 0, i64 %zext_ln573" [spikingformer_official.cpp:578]   --->   Operation 30 'getelementptr' 'v233_addr' <Predicate = (!icmp_ln573)> <Delay = 0.00>
ST_1 : Operation 31 [1/1] (0.00ns)   --->   "%br_ln574 = br i1 %or_ln573, void %for.inc.split, void %for.first.iter.for.inc" [spikingformer_official.cpp:574]   --->   Operation 31 'br' 'br_ln574' <Predicate = (!icmp_ln573)> <Delay = 0.00>
ST_1 : Operation 32 [2/2] (1.23ns)   --->   "%v236 = load i9 %v233_addr" [spikingformer_official.cpp:578]   --->   Operation 32 'load' 'v236' <Predicate = (!icmp_ln573 & or_ln573)> <Delay = 1.23> <CoreInst = "RAM">   --->   Core 82 'RAM' <Latency = 1> <II = 1> <Delay = 1.23> <Storage> <Opcode : 'load' 'store'> <Ports = 2> <Width = 32> <Depth = 384> <RAM>
ST_1 : Operation 33 [1/1] (0.77ns)   --->   "%add_ln574 = add i7 %v235_1, i7 1" [spikingformer_official.cpp:574]   --->   Operation 33 'add' 'add_ln574' <Predicate = (!icmp_ln573)> <Delay = 0.77> <CoreInst = "Adder">   --->   Core 1 'Adder' <Latency = 0> <II = 1> <Delay = 0.77> <FuncUnit> <Opcode : 'add' 'sub'> <InPorts = 2> <OutPorts = 1>
ST_1 : Operation 34 [1/1] (0.36ns)   --->   "%select_ln574 = select i1 %icmp_ln574, i7 1, i7 %add_ln574" [spikingformer_official.cpp:574]   --->   Operation 34 'select' 'select_ln574' <Predicate = (!icmp_ln573)> <Delay = 0.36> <CoreInst = "Sel">   --->   Core 73 'Sel' <Latency = 0> <II = 1> <Delay = 0.36> <FuncUnit> <Opcode : 'select'> <InPorts = 3> <OutPorts = 1>
ST_1 : Operation 35 [1/1] (0.42ns)   --->   "%store_ln573 = store i15 %add_ln573_1, i15 %indvar_flatten" [spikingformer_official.cpp:573]   --->   Operation 35 'store' 'store_ln573' <Predicate = (!icmp_ln573)> <Delay = 0.42>
ST_1 : Operation 36 [1/1] (0.42ns)   --->   "%store_ln573 = store i9 %select_ln573, i9 %v234" [spikingformer_official.cpp:573]   --->   Operation 36 'store' 'store_ln573' <Predicate = (!icmp_ln573)> <Delay = 0.42>
ST_1 : Operation 37 [1/1] (0.42ns)   --->   "%store_ln574 = store i7 %select_ln574, i7 %v235" [spikingformer_official.cpp:574]   --->   Operation 37 'store' 'store_ln574' <Predicate = (!icmp_ln573)> <Delay = 0.42>
ST_1 : Operation 38 [1/1] (0.00ns)   --->   "%br_ln574 = br void %for.inc" [spikingformer_official.cpp:574]   --->   Operation 38 'br' 'br_ln574' <Predicate = (!icmp_ln573)> <Delay = 0.00>

State 2 <SV = 1> <Delay = 1.23>
ST_2 : Operation 39 [1/2] ( I:1.23ns O:1.23ns )   --->   "%v236 = load i9 %v233_addr" [spikingformer_official.cpp:578]   --->   Operation 39 'load' 'v236' <Predicate = (or_ln573)> <Delay = 1.23> <CoreInst = "RAM">   --->   Core 82 'RAM' <Latency = 1> <II = 1> <Delay = 1.23> <Storage> <Opcode : 'load' 'store'> <Ports = 2> <Width = 32> <Depth = 384> <RAM>
ST_2 : Operation 40 [1/1] (0.00ns)   --->   "%store_ln578 = store i32 %v236, i32 %v2361" [spikingformer_official.cpp:578]   --->   Operation 40 'store' 'store_ln578' <Predicate = (or_ln573)> <Delay = 0.00>
ST_2 : Operation 41 [1/1] (0.00ns)   --->   "%br_ln574 = br void %for.inc.split" [spikingformer_official.cpp:574]   --->   Operation 41 'br' 'br_ln574' <Predicate = (or_ln573)> <Delay = 0.00>
ST_2 : Operation 49 [1/1] (0.42ns)   --->   "%ret_ln0 = ret"   --->   Operation 49 'ret' 'ret_ln0' <Predicate = (icmp_ln573)> <Delay = 0.42>

State 3 <SV = 2> <Delay = 7.30>
ST_3 : Operation 42 [1/1] (0.00ns)   --->   "%g0_addr = getelementptr i32 %g0, i64 %sext_ln573_cast" [spikingformer_official.cpp:573]   --->   Operation 42 'getelementptr' 'g0_addr' <Predicate = true> <Delay = 0.00>
ST_3 : Operation 43 [1/1] (0.00ns)   --->   "%specloopname_ln0 = specloopname void @_ssdm_op_SpecLoopName, void @VITIS_LOOP_573_1_VITIS_LOOP_574_2_str"   --->   Operation 43 'specloopname' 'specloopname_ln0' <Predicate = true> <Delay = 0.00>
ST_3 : Operation 44 [1/1] (0.00ns)   --->   "%speclooptripcount_ln0 = speclooptripcount void @_ssdm_op_SpecLoopTripCount, i64 24576, i64 24576, i64 24576"   --->   Operation 44 'speclooptripcount' 'speclooptripcount_ln0' <Predicate = true> <Delay = 0.00>
ST_3 : Operation 45 [1/1] (0.00ns)   --->   "%v2361_load = load i32 %v2361"   --->   Operation 45 'load' 'v2361_load' <Predicate = (!icmp_ln573)> <Delay = 0.00>
ST_3 : Operation 46 [1/1] (0.00ns)   --->   "%bitcast_ln579 = bitcast i32 %v2361_load" [spikingformer_official.cpp:579]   --->   Operation 46 'bitcast' 'bitcast_ln579' <Predicate = (!icmp_ln573)> <Delay = 0.00>
ST_3 : Operation 47 [1/1] (0.00ns)   --->   "%specpipeline_ln575 = specpipeline void @_ssdm_op_SpecPipeline, i32 1, i32 0, i32 0, i32 0, i32 4294967295, void @empty_35" [spikingformer_official.cpp:575]   --->   Operation 47 'specpipeline' 'specpipeline_ln575' <Predicate = (!icmp_ln573)> <Delay = 0.00>
ST_3 : Operation 48 [1/1] ( I:7.30ns O:7.30ns )   --->   "%write_ln579 = write void @_ssdm_op_Write.m_axi.p1i32.i32, i32 %g0_addr, i32 %bitcast_ln579, i4 15" [spikingformer_official.cpp:579]   --->   Operation 48 'write' 'write_ln579' <Predicate = (!icmp_ln573)> <Delay = 7.30> <CoreInst = "m_axi">   --->   Core 119 'm_axi' <Latency = 5> <II = 1> <Delay = 1.00> <Adapter> <Opcode : 'readrequnaligned' 'writerequnaligned' 'read' 'write' 'readreq' 'writereq' 'writeresp'>


============================================================
+ Verbose Summary: Binding
============================================================
STG Binding: 
---------------- STG Properties BEGIN ----------------
- Is combinational: 0
- Is one-state seq: 0
- Is datapath-only: 0
- Is pipelined: 0
- Is top level: 0
Port [ Return ] is wired: 1; IO mode=ap_ctrl_hs:ce=0
Port [ g0]:  wired=1; compound=1; hidden=0; nouse=0; global=0; static=0; extern=0; dir=1; type=4; pingpong=0; private_global=0; IO mode=m_axi:ce=0
Port [ sext_ln573]:  wired=1; compound=0; hidden=0; nouse=0; global=0; static=0; extern=0; dir=0; type=0; pingpong=0; private_global=0; IO mode=ap_none:ce=0
Port [ v233]:  wired=1; compound=1; hidden=0; nouse=0; global=0; static=0; extern=0; dir=0; type=1; pingpong=0; private_global=0; MemPort=[13]; IO mode=ap_memory:ce=0
---------------- STG Properties END ------------------

---------------- Datapath Model BEGIN ----------------

<LifeTime>
<method=bitvector/>
v235                  (alloca           ) [ 0100]
v234                  (alloca           ) [ 0100]
indvar_flatten        (alloca           ) [ 0100]
v2361                 (alloca           ) [ 0111]
sext_ln573_read       (read             ) [ 0000]
sext_ln573_cast       (sext             ) [ 0111]
specstablecontent_ln0 (specstablecontent) [ 0000]
specinterface_ln0     (specinterface    ) [ 0000]
store_ln0             (store            ) [ 0000]
store_ln573           (store            ) [ 0000]
store_ln574           (store            ) [ 0000]
br_ln0                (br               ) [ 0000]
first_iter_0          (phi              ) [ 0100]
v235_1                (load             ) [ 0000]
indvar_flatten_load   (load             ) [ 0000]
icmp_ln573            (icmp             ) [ 0111]
add_ln573_1           (add              ) [ 0000]
br_ln573              (br               ) [ 0000]
v234_load             (load             ) [ 0000]
add_ln573             (add              ) [ 0000]
icmp_ln574            (icmp             ) [ 0000]
or_ln573              (or               ) [ 0110]
select_ln573          (select           ) [ 0000]
zext_ln573            (zext             ) [ 0000]
v233_addr             (getelementptr    ) [ 0110]
br_ln574              (br               ) [ 0000]
add_ln574             (add              ) [ 0000]
select_ln574          (select           ) [ 0000]
store_ln573           (store            ) [ 0000]
store_ln573           (store            ) [ 0000]
store_ln574           (store            ) [ 0000]
br_ln574              (br               ) [ 0100]
v236                  (load             ) [ 0000]
store_ln578           (store            ) [ 0000]
br_ln574              (br               ) [ 0000]
g0_addr               (getelementptr    ) [ 0000]
specloopname_ln0      (specloopname     ) [ 0000]
speclooptripcount_ln0 (speclooptripcount) [ 0000]
v2361_load            (load             ) [ 0000]
bitcast_ln579         (bitcast          ) [ 0000]
specpipeline_ln575    (specpipeline     ) [ 0000]
write_ln579           (write            ) [ 0000]
ret_ln0               (ret              ) [ 0000]
</LifeTime>

<model>

<comp_list>
<comp id="0" class="1000" name="g0">
<pin_list>
<pin id="1" dir="1" index="0" bw="1" slack="0"/>
</pin_list>
<bind>
<StgValue><ssdm name="g0"/><MemPortTyVec>1 </MemPortTyVec>
</StgValue>
</bind>
</comp>

<comp id="2" class="1000" name="sext_ln573">
<pin_list>
<pin id="3" dir="1" index="0" bw="1" slack="0"/>
</pin_list>
<bind>
<StgValue><ssdm name="sext_ln573"/></StgValue>
</bind>
</comp>

<comp id="4" class="1000" name="v233">
<pin_list>
<pin id="5" dir="1" index="0" bw="1" slack="0"/>
</pin_list>
<bind>
<StgValue><ssdm name="v233"/><MemPortTyVec>1 3 </MemPortTyVec>
</StgValue>
</bind>
</comp>

<comp id="6" class="1001" name="const_6">
<pin_list>
<pin id="7" dir="1" index="0" bw="1" slack="0"/>
</pin_list>
<bind>
<StgValue><ssdm name=""/></StgValue>
</bind>
</comp>

<comp id="8" class="1001" name="const_8">
<pin_list>
<pin id="9" dir="1" index="0" bw="1" slack="0"/>
</pin_list>
<bind>
<StgValue><ssdm name="_ssdm_op_Read.ap_auto.i62"/></StgValue>
</bind>
</comp>

<comp id="10" class="1001" name="const_10">
<pin_list>
<pin id="11" dir="1" index="0" bw="1" slack="2147483647"/>
</pin_list>
<bind>
<StgValue><ssdm name="_ssdm_op_SpecStableContent"/></StgValue>
</bind>
</comp>

<comp id="12" class="1001" name="const_12">
<pin_list>
<pin id="13" dir="1" index="0" bw="1" slack="0"/>
</pin_list>
<bind>
<StgValue><ssdm name=""/></StgValue>
</bind>
</comp>

<comp id="14" class="1001" name="const_14">
<pin_list>
<pin id="15" dir="1" index="0" bw="1" slack="2147483647"/>
</pin_list>
<bind>
<StgValue><ssdm name=""/></StgValue>
</bind>
</comp>

<comp id="16" class="1001" name="const_16">
<pin_list>
<pin id="17" dir="1" index="0" bw="1" slack="2147483647"/>
</pin_list>
<bind>
<StgValue><ssdm name="_ssdm_op_SpecInterface"/></StgValue>
</bind>
</comp>

<comp id="18" class="1001" name="const_18">
<pin_list>
<pin id="19" dir="1" index="0" bw="1" slack="2147483647"/>
</pin_list>
<bind>
<StgValue><ssdm name="empty_26"/></StgValue>
</bind>
</comp>

<comp id="20" class="1001" name="const_20">
<pin_list>
<pin id="21" dir="1" index="0" bw="1" slack="2147483647"/>
</pin_list>
<bind>
<StgValue><ssdm name=""/></StgValue>
</bind>
</comp>

<comp id="22" class="1001" name="const_22">
<pin_list>
<pin id="23" dir="1" index="0" bw="1" slack="2147483647"/>
</pin_list>
<bind>
<StgValue><ssdm name="empty_35"/></StgValue>
</bind>
</comp>

<comp id="24" class="1001" name="const_24">
<pin_list>
<pin id="25" dir="1" index="0" bw="1" slack="2147483647"/>
</pin_list>
<bind>
<StgValue><ssdm name="empty_22"/></StgValue>
</bind>
</comp>

<comp id="26" class="1001" name="const_26">
<pin_list>
<pin id="27" dir="1" index="0" bw="1" slack="2147483647"/>
</pin_list>
<bind>
<StgValue><ssdm name="empty_25"/></StgValue>
</bind>
</comp>

<comp id="28" class="1001" name="const_28">
<pin_list>
<pin id="29" dir="1" index="0" bw="1" slack="2147483647"/>
</pin_list>
<bind>
<StgValue><ssdm name=""/></StgValue>
</bind>
</comp>

<comp id="30" class="1001" name="const_30">
<pin_list>
<pin id="31" dir="1" index="0" bw="1" slack="2147483647"/>
</pin_list>
<bind>
<StgValue><ssdm name=""/></StgValue>
</bind>
</comp>

<comp id="32" class="1001" name="const_32">
<pin_list>
<pin id="33" dir="1" index="0" bw="1" slack="2147483647"/>
</pin_list>
<bind>
<StgValue><ssdm name=""/></StgValue>
</bind>
</comp>

<comp id="34" class="1001" name="const_34">
<pin_list>
<pin id="35" dir="1" index="0" bw="1" slack="0"/>
</pin_list>
<bind>
<StgValue><ssdm name=""/></StgValue>
</bind>
</comp>

<comp id="36" class="1001" name="const_36">
<pin_list>
<pin id="37" dir="1" index="0" bw="1" slack="0"/>
</pin_list>
<bind>
<StgValue><ssdm name=""/></StgValue>
</bind>
</comp>

<comp id="38" class="1001" name="const_38">
<pin_list>
<pin id="39" dir="1" index="0" bw="1" slack="0"/>
</pin_list>
<bind>
<StgValue><ssdm name=""/></StgValue>
</bind>
</comp>

<comp id="40" class="1001" name="const_40">
<pin_list>
<pin id="41" dir="1" index="0" bw="1" slack="0"/>
</pin_list>
<bind>
<StgValue><ssdm name=""/></StgValue>
</bind>
</comp>

<comp id="42" class="1001" name="const_42">
<pin_list>
<pin id="43" dir="1" index="0" bw="1" slack="0"/>
</pin_list>
<bind>
<StgValue><ssdm name=""/></StgValue>
</bind>
</comp>

<comp id="44" class="1001" name="const_44">
<pin_list>
<pin id="45" dir="1" index="0" bw="1" slack="0"/>
</pin_list>
<bind>
<StgValue><ssdm name=""/></StgValue>
</bind>
</comp>

<comp id="46" class="1001" name="const_46">
<pin_list>
<pin id="47" dir="1" index="0" bw="1" slack="0"/>
</pin_list>
<bind>
<StgValue><ssdm name=""/></StgValue>
</bind>
</comp>

<comp id="48" class="1001" name="const_48">
<pin_list>
<pin id="49" dir="1" index="0" bw="1" slack="0"/>
</pin_list>
<bind>
<StgValue><ssdm name=""/></StgValue>
</bind>
</comp>

<comp id="50" class="1001" name="const_50">
<pin_list>
<pin id="51" dir="1" index="0" bw="1" slack="0"/>
</pin_list>
<bind>
<StgValue><ssdm name=""/></StgValue>
</bind>
</comp>

<comp id="52" class="1001" name="const_52">
<pin_list>
<pin id="53" dir="1" index="0" bw="1" slack="0"/>
</pin_list>
<bind>
<StgValue><ssdm name=""/></StgValue>
</bind>
</comp>

<comp id="54" class="1001" name="const_54">
<pin_list>
<pin id="55" dir="1" index="0" bw="1" slack="2147483647"/>
</pin_list>
<bind>
<StgValue><ssdm name="_ssdm_op_SpecLoopName"/></StgValue>
</bind>
</comp>

<comp id="56" class="1001" name="const_56">
<pin_list>
<pin id="57" dir="1" index="0" bw="1" slack="2147483647"/>
</pin_list>
<bind>
<StgValue><ssdm name="VITIS_LOOP_573_1_VITIS_LOOP_574_2_str"/></StgValue>
</bind>
</comp>

<comp id="58" class="1001" name="const_58">
<pin_list>
<pin id="59" dir="1" index="0" bw="1" slack="2147483647"/>
</pin_list>
<bind>
<StgValue><ssdm name="_ssdm_op_SpecLoopTripCount"/></StgValue>
</bind>
</comp>

<comp id="60" class="1001" name="const_60">
<pin_list>
<pin id="61" dir="1" index="0" bw="1" slack="2147483647"/>
</pin_list>
<bind>
<StgValue><ssdm name=""/></StgValue>
</bind>
</comp>

<comp id="62" class="1001" name="const_62">
<pin_list>
<pin id="63" dir="1" index="0" bw="1" slack="2147483647"/>
</pin_list>
<bind>
<StgValue><ssdm name="_ssdm_op_SpecPipeline"/></StgValue>
</bind>
</comp>

<comp id="64" class="1001" name="const_64">
<pin_list>
<pin id="65" dir="1" index="0" bw="1" slack="0"/>
</pin_list>
<bind>
<StgValue><ssdm name="_ssdm_op_Write.m_axi.p1i32.i32"/></StgValue>
</bind>
</comp>

<comp id="66" class="1001" name="const_66">
<pin_list>
<pin id="67" dir="1" index="0" bw="1" slack="0"/>
</pin_list>
<bind>
<StgValue><ssdm name=""/></StgValue>
</bind>
</comp>

<comp id="68" class="1004" name="v235_fu_68">
<pin_list>
<pin id="69" dir="0" index="0" bw="1" slack="0"/>
<pin id="70" dir="1" index="1" bw="7" slack="0"/>
</pin_list>
<bind>
<opcode="alloca(26) " fcode="alloca"/>
<opset="v235/1 "/>
</bind>
</comp>

<comp id="72" class="1004" name="v234_fu_72">
<pin_list>
<pin id="73" dir="0" index="0" bw="1" slack="0"/>
<pin id="74" dir="1" index="1" bw="9" slack="0"/>
</pin_list>
<bind>
<opcode="alloca(26) " fcode="alloca"/>
<opset="v234/1 "/>
</bind>
</comp>

<comp id="76" class="1004" name="indvar_flatten_fu_76">
<pin_list>
<pin id="77" dir="0" index="0" bw="1" slack="0"/>
<pin id="78" dir="1" index="1" bw="15" slack="0"/>
</pin_list>
<bind>
<opcode="alloca(26) " fcode="alloca"/>
<opset="indvar_flatten/1 "/>
</bind>
</comp>

<comp id="80" class="1004" name="v2361_fu_80">
<pin_list>
<pin id="81" dir="0" index="0" bw="1" slack="0"/>
<pin id="82" dir="1" index="1" bw="32" slack="1"/>
</pin_list>
<bind>
<opcode="alloca(26) " fcode="alloca"/>
<opset="v2361/1 "/>
</bind>
</comp>

<comp id="84" class="1004" name="sext_ln573_read_read_fu_84">
<pin_list>
<pin id="85" dir="0" index="0" bw="62" slack="0"/>
<pin id="86" dir="0" index="1" bw="62" slack="0"/>
<pin id="87" dir="1" index="2" bw="62" slack="0"/>
</pin_list>
<bind>
<opcode="read(1150) " fcode="read"/>
<opset="sext_ln573_read/1 "/>
</bind>
</comp>

<comp id="90" class="1004" name="v233_addr_gep_fu_90">
<pin_list>
<pin id="91" dir="0" index="0" bw="32" slack="0"/>
<pin id="92" dir="0" index="1" bw="1" slack="0"/>
<pin id="93" dir="0" index="2" bw="9" slack="0"/>
<pin id="94" dir="1" index="3" bw="9" slack="0"/>
</pin_list>
<bind>
<opcode="getelementptr(29) " fcode="getelementptr"/>
<opset="v233_addr/1 "/>
</bind>
</comp>

<comp id="97" class="1004" name="grp_access_fu_97">
<pin_list>
<pin id="98" dir="0" index="0" bw="9" slack="0"/>
<pin id="99" dir="0" index="1" bw="32" slack="2147483647"/>
<pin id="100" dir="0" index="2" bw="0" slack="2147483647"/>
<pin id="101" dir="1" index="3" bw="32" slack="0"/>
</pin_list>
<bind>
<opcode="load(27) " fcode="load"/>
<opset="v236/1 "/>
</bind>
</comp>

<comp id="103" class="1004" name="write_ln579_write_fu_103">
<pin_list>
<pin id="104" dir="0" index="0" bw="0" slack="0"/>
<pin id="105" dir="0" index="1" bw="32" slack="0"/>
<pin id="106" dir="0" index="2" bw="32" slack="0"/>
<pin id="107" dir="0" index="3" bw="1" slack="0"/>
<pin id="108" dir="1" index="4" bw="0" slack="2147483647"/>
</pin_list>
<bind>
<opcode="write(1151) " fcode="write"/>
<opset="write_ln579/3 "/>
</bind>
</comp>

<comp id="111" class="1005" name="first_iter_0_reg_111">
<pin_list>
<pin id="112" dir="0" index="0" bw="1" slack="2147483647"/>
<pin id="113" dir="1" index="1" bw="1" slack="2147483647"/>
</pin_list>
<bind>
<opset="first_iter_0 (phireg) "/>
</bind>
</comp>

<comp id="114" class="1004" name="first_iter_0_phi_fu_114">
<pin_list>
<pin id="115" dir="0" index="0" bw="1" slack="0"/>
<pin id="116" dir="0" index="1" bw="0" slack="2147483647"/>
<pin id="117" dir="0" index="2" bw="1" slack="0"/>
<pin id="118" dir="0" index="3" bw="0" slack="2147483647"/>
<pin id="119" dir="1" index="4" bw="1" slack="0"/>
</pin_list>
<bind>
<opcode="phi(47) " fcode="phi"/>
<opset="first_iter_0/1 "/>
</bind>
</comp>

<comp id="122" class="1004" name="sext_ln573_cast_fu_122">
<pin_list>
<pin id="123" dir="0" index="0" bw="62" slack="0"/>
<pin id="124" dir="1" index="1" bw="64" slack="2"/>
</pin_list>
<bind>
<opcode="sext(35) " fcode="sext"/>
<opset="sext_ln573_cast/1 "/>
</bind>
</comp>

<comp id="126" class="1004" name="store_ln0_store_fu_126">
<pin_list>
<pin id="127" dir="0" index="0" bw="1" slack="0"/>
<pin id="128" dir="0" index="1" bw="15" slack="0"/>
<pin id="129" dir="1" index="2" bw="0" slack="2147483647"/>
</pin_list>
<bind>
<opcode="store(28) " fcode="store"/>
<opset="store_ln0/1 "/>
</bind>
</comp>

<comp id="131" class="1004" name="store_ln573_store_fu_131">
<pin_list>
<pin id="132" dir="0" index="0" bw="1" slack="0"/>
<pin id="133" dir="0" index="1" bw="9" slack="0"/>
<pin id="134" dir="1" index="2" bw="0" slack="2147483647"/>
</pin_list>
<bind>
<opcode="store(28) " fcode="store"/>
<opset="store_ln573/1 "/>
</bind>
</comp>

<comp id="136" class="1004" name="store_ln574_store_fu_136">
<pin_list>
<pin id="137" dir="0" index="0" bw="1" slack="0"/>
<pin id="138" dir="0" index="1" bw="7" slack="0"/>
<pin id="139" dir="1" index="2" bw="0" slack="2147483647"/>
</pin_list>
<bind>
<opcode="store(28) " fcode="store"/>
<opset="store_ln574/1 "/>
</bind>
</comp>

<comp id="141" class="1004" name="v235_1_load_fu_141">
<pin_list>
<pin id="142" dir="0" index="0" bw="7" slack="0"/>
<pin id="143" dir="1" index="1" bw="7" slack="0"/>
</pin_list>
<bind>
<opcode="load(27) " fcode="load"/>
<opset="v235_1/1 "/>
</bind>
</comp>

<comp id="144" class="1004" name="indvar_flatten_load_load_fu_144">
<pin_list>
<pin id="145" dir="0" index="0" bw="15" slack="0"/>
<pin id="146" dir="1" index="1" bw="15" slack="0"/>
</pin_list>
<bind>
<opcode="load(27) " fcode="load"/>
<opset="indvar_flatten_load/1 "/>
</bind>
</comp>

<comp id="147" class="1004" name="icmp_ln573_fu_147">
<pin_list>
<pin id="148" dir="0" index="0" bw="15" slack="0"/>
<pin id="149" dir="0" index="1" bw="14" slack="0"/>
<pin id="150" dir="1" index="2" bw="1" slack="1"/>
</pin_list>
<bind>
<opcode="icmp(45) " fcode="icmp"/>
<opset="icmp_ln573/1 "/>
</bind>
</comp>

<comp id="153" class="1004" name="add_ln573_1_fu_153">
<pin_list>
<pin id="154" dir="0" index="0" bw="15" slack="0"/>
<pin id="155" dir="0" index="1" bw="1" slack="0"/>
<pin id="156" dir="1" index="2" bw="15" slack="0"/>
</pin_list>
<bind>
<opcode="add(8) " fcode="add"/>
<opset="add_ln573_1/1 "/>
</bind>
</comp>

<comp id="159" class="1004" name="v234_load_load_fu_159">
<pin_list>
<pin id="160" dir="0" index="0" bw="9" slack="0"/>
<pin id="161" dir="1" index="1" bw="9" slack="0"/>
</pin_list>
<bind>
<opcode="load(27) " fcode="load"/>
<opset="v234_load/1 "/>
</bind>
</comp>

<comp id="162" class="1004" name="add_ln573_fu_162">
<pin_list>
<pin id="163" dir="0" index="0" bw="9" slack="0"/>
<pin id="164" dir="0" index="1" bw="1" slack="0"/>
<pin id="165" dir="1" index="2" bw="9" slack="0"/>
</pin_list>
<bind>
<opcode="add(8) " fcode="add"/>
<opset="add_ln573/1 "/>
</bind>
</comp>

<comp id="168" class="1004" name="icmp_ln574_fu_168">
<pin_list>
<pin id="169" dir="0" index="0" bw="7" slack="0"/>
<pin id="170" dir="0" index="1" bw="7" slack="0"/>
<pin id="171" dir="1" index="2" bw="1" slack="0"/>
</pin_list>
<bind>
<opcode="icmp(45) " fcode="icmp"/>
<opset="icmp_ln574/1 "/>
</bind>
</comp>

<comp id="174" class="1004" name="or_ln573_fu_174">
<pin_list>
<pin id="175" dir="0" index="0" bw="1" slack="0"/>
<pin id="176" dir="0" index="1" bw="1" slack="0"/>
<pin id="177" dir="1" index="2" bw="1" slack="1"/>
</pin_list>
<bind>
<opcode="or(24) " fcode="or"/>
<opset="or_ln573/1 "/>
</bind>
</comp>

<comp id="180" class="1004" name="select_ln573_fu_180">
<pin_list>
<pin id="181" dir="0" index="0" bw="1" slack="0"/>
<pin id="182" dir="0" index="1" bw="9" slack="0"/>
<pin id="183" dir="0" index="2" bw="9" slack="0"/>
<pin id="184" dir="1" index="3" bw="9" slack="0"/>
</pin_list>
<bind>
<opcode="select(49) " fcode="select"/>
<opset="select_ln573/1 "/>
</bind>
</comp>

<comp id="188" class="1004" name="zext_ln573_fu_188">
<pin_list>
<pin id="189" dir="0" index="0" bw="9" slack="0"/>
<pin id="190" dir="1" index="1" bw="64" slack="0"/>
</pin_list>
<bind>
<opcode="zext(34) " fcode="zext"/>
<opset="zext_ln573/1 "/>
</bind>
</comp>

<comp id="193" class="1004" name="add_ln574_fu_193">
<pin_list>
<pin id="194" dir="0" index="0" bw="7" slack="0"/>
<pin id="195" dir="0" index="1" bw="1" slack="0"/>
<pin id="196" dir="1" index="2" bw="7" slack="0"/>
</pin_list>
<bind>
<opcode="add(8) " fcode="add"/>
<opset="add_ln574/1 "/>
</bind>
</comp>

<comp id="199" class="1004" name="select_ln574_fu_199">
<pin_list>
<pin id="200" dir="0" index="0" bw="1" slack="0"/>
<pin id="201" dir="0" index="1" bw="1" slack="0"/>
<pin id="202" dir="0" index="2" bw="7" slack="0"/>
<pin id="203" dir="1" index="3" bw="7" slack="0"/>
</pin_list>
<bind>
<opcode="select(49) " fcode="select"/>
<opset="select_ln574/1 "/>
</bind>
</comp>

<comp id="207" class="1004" name="store_ln573_store_fu_207">
<pin_list>
<pin id="208" dir="0" index="0" bw="15" slack="0"/>
<pin id="209" dir="0" index="1" bw="15" slack="0"/>
<pin id="210" dir="1" index="2" bw="0" slack="2147483647"/>
</pin_list>
<bind>
<opcode="store(28) " fcode="store"/>
<opset="store_ln573/1 "/>
</bind>
</comp>

<comp id="212" class="1004" name="store_ln573_store_fu_212">
<pin_list>
<pin id="213" dir="0" index="0" bw="9" slack="0"/>
<pin id="214" dir="0" index="1" bw="9" slack="0"/>
<pin id="215" dir="1" index="2" bw="0" slack="2147483647"/>
</pin_list>
<bind>
<opcode="store(28) " fcode="store"/>
<opset="store_ln573/1 "/>
</bind>
</comp>

<comp id="217" class="1004" name="store_ln574_store_fu_217">
<pin_list>
<pin id="218" dir="0" index="0" bw="7" slack="0"/>
<pin id="219" dir="0" index="1" bw="7" slack="0"/>
<pin id="220" dir="1" index="2" bw="0" slack="2147483647"/>
</pin_list>
<bind>
<opcode="store(28) " fcode="store"/>
<opset="store_ln574/1 "/>
</bind>
</comp>

<comp id="222" class="1004" name="store_ln578_store_fu_222">
<pin_list>
<pin id="223" dir="0" index="0" bw="32" slack="0"/>
<pin id="224" dir="0" index="1" bw="32" slack="1"/>
<pin id="225" dir="1" index="2" bw="0" slack="2147483647"/>
</pin_list>
<bind>
<opcode="store(28) " fcode="store"/>
<opset="store_ln578/2 "/>
</bind>
</comp>

<comp id="227" class="1004" name="g0_addr_fu_227">
<pin_list>
<pin id="228" dir="0" index="0" bw="32" slack="0"/>
<pin id="229" dir="0" index="1" bw="62" slack="2"/>
<pin id="230" dir="1" index="2" bw="32" slack="0"/>
</pin_list>
<bind>
<opcode="getelementptr(29) " fcode="getelementptr"/>
<opset="g0_addr/3 "/>
</bind>
</comp>

<comp id="233" class="1004" name="v2361_load_load_fu_233">
<pin_list>
<pin id="234" dir="0" index="0" bw="32" slack="2"/>
<pin id="235" dir="1" index="1" bw="32" slack="0"/>
</pin_list>
<bind>
<opcode="load(27) " fcode="load"/>
<opset="v2361_load/3 "/>
</bind>
</comp>

<comp id="236" class="1004" name="bitcast_ln579_fu_236">
<pin_list>
<pin id="237" dir="0" index="0" bw="32" slack="0"/>
<pin id="238" dir="1" index="1" bw="32" slack="0"/>
</pin_list>
<bind>
<opcode="bitcast(44) " fcode="bitcast"/>
<opset="bitcast_ln579/3 "/>
</bind>
</comp>

<comp id="241" class="1005" name="v235_reg_241">
<pin_list>
<pin id="242" dir="0" index="0" bw="7" slack="0"/>
<pin id="243" dir="1" index="1" bw="7" slack="0"/>
</pin_list>
<bind>
<opset="v235 "/>
</bind>
</comp>

<comp id="248" class="1005" name="v234_reg_248">
<pin_list>
<pin id="249" dir="0" index="0" bw="9" slack="0"/>
<pin id="250" dir="1" index="1" bw="9" slack="0"/>
</pin_list>
<bind>
<opset="v234 "/>
</bind>
</comp>

<comp id="255" class="1005" name="indvar_flatten_reg_255">
<pin_list>
<pin id="256" dir="0" index="0" bw="15" slack="0"/>
<pin id="257" dir="1" index="1" bw="15" slack="0"/>
</pin_list>
<bind>
<opset="indvar_flatten "/>
</bind>
</comp>

<comp id="262" class="1005" name="v2361_reg_262">
<pin_list>
<pin id="263" dir="0" index="0" bw="32" slack="1"/>
<pin id="264" dir="1" index="1" bw="32" slack="1"/>
</pin_list>
<bind>
<opset="v2361 "/>
</bind>
</comp>

<comp id="268" class="1005" name="sext_ln573_cast_reg_268">
<pin_list>
<pin id="269" dir="0" index="0" bw="64" slack="2"/>
<pin id="270" dir="1" index="1" bw="64" slack="2"/>
</pin_list>
<bind>
<opset="sext_ln573_cast "/>
</bind>
</comp>

<comp id="273" class="1005" name="icmp_ln573_reg_273">
<pin_list>
<pin id="274" dir="0" index="0" bw="1" slack="1"/>
<pin id="275" dir="1" index="1" bw="1" slack="2147483647"/>
</pin_list>
<bind>
<opset="icmp_ln573 "/>
</bind>
</comp>

<comp id="277" class="1005" name="or_ln573_reg_277">
<pin_list>
<pin id="278" dir="0" index="0" bw="1" slack="1"/>
<pin id="279" dir="1" index="1" bw="1" slack="2147483647"/>
</pin_list>
<bind>
<opset="or_ln573 "/>
</bind>
</comp>

<comp id="281" class="1005" name="v233_addr_reg_281">
<pin_list>
<pin id="282" dir="0" index="0" bw="9" slack="1"/>
<pin id="283" dir="1" index="1" bw="9" slack="1"/>
</pin_list>
<bind>
<opset="v233_addr "/>
</bind>
</comp>

</comp_list>

<net_list>
<net id="71"><net_src comp="6" pin="0"/><net_sink comp="68" pin=0"/></net>

<net id="75"><net_src comp="6" pin="0"/><net_sink comp="72" pin=0"/></net>

<net id="79"><net_src comp="6" pin="0"/><net_sink comp="76" pin=0"/></net>

<net id="83"><net_src comp="6" pin="0"/><net_sink comp="80" pin=0"/></net>

<net id="88"><net_src comp="8" pin="0"/><net_sink comp="84" pin=0"/></net>

<net id="89"><net_src comp="2" pin="0"/><net_sink comp="84" pin=1"/></net>

<net id="95"><net_src comp="4" pin="0"/><net_sink comp="90" pin=0"/></net>

<net id="96"><net_src comp="50" pin="0"/><net_sink comp="90" pin=1"/></net>

<net id="102"><net_src comp="90" pin="3"/><net_sink comp="97" pin=0"/></net>

<net id="109"><net_src comp="64" pin="0"/><net_sink comp="103" pin=0"/></net>

<net id="110"><net_src comp="66" pin="0"/><net_sink comp="103" pin=3"/></net>

<net id="120"><net_src comp="12" pin="0"/><net_sink comp="114" pin=0"/></net>

<net id="121"><net_src comp="40" pin="0"/><net_sink comp="114" pin=2"/></net>

<net id="125"><net_src comp="84" pin="2"/><net_sink comp="122" pin=0"/></net>

<net id="130"><net_src comp="34" pin="0"/><net_sink comp="126" pin=0"/></net>

<net id="135"><net_src comp="36" pin="0"/><net_sink comp="131" pin=0"/></net>

<net id="140"><net_src comp="38" pin="0"/><net_sink comp="136" pin=0"/></net>

<net id="151"><net_src comp="144" pin="1"/><net_sink comp="147" pin=0"/></net>

<net id="152"><net_src comp="42" pin="0"/><net_sink comp="147" pin=1"/></net>

<net id="157"><net_src comp="144" pin="1"/><net_sink comp="153" pin=0"/></net>

<net id="158"><net_src comp="44" pin="0"/><net_sink comp="153" pin=1"/></net>

<net id="166"><net_src comp="159" pin="1"/><net_sink comp="162" pin=0"/></net>

<net id="167"><net_src comp="46" pin="0"/><net_sink comp="162" pin=1"/></net>

<net id="172"><net_src comp="141" pin="1"/><net_sink comp="168" pin=0"/></net>

<net id="173"><net_src comp="48" pin="0"/><net_sink comp="168" pin=1"/></net>

<net id="178"><net_src comp="168" pin="2"/><net_sink comp="174" pin=0"/></net>

<net id="179"><net_src comp="114" pin="4"/><net_sink comp="174" pin=1"/></net>

<net id="185"><net_src comp="168" pin="2"/><net_sink comp="180" pin=0"/></net>

<net id="186"><net_src comp="162" pin="2"/><net_sink comp="180" pin=1"/></net>

<net id="187"><net_src comp="159" pin="1"/><net_sink comp="180" pin=2"/></net>

<net id="191"><net_src comp="180" pin="3"/><net_sink comp="188" pin=0"/></net>

<net id="192"><net_src comp="188" pin="1"/><net_sink comp="90" pin=2"/></net>

<net id="197"><net_src comp="141" pin="1"/><net_sink comp="193" pin=0"/></net>

<net id="198"><net_src comp="52" pin="0"/><net_sink comp="193" pin=1"/></net>

<net id="204"><net_src comp="168" pin="2"/><net_sink comp="199" pin=0"/></net>

<net id="205"><net_src comp="52" pin="0"/><net_sink comp="199" pin=1"/></net>

<net id="206"><net_src comp="193" pin="2"/><net_sink comp="199" pin=2"/></net>

<net id="211"><net_src comp="153" pin="2"/><net_sink comp="207" pin=0"/></net>

<net id="216"><net_src comp="180" pin="3"/><net_sink comp="212" pin=0"/></net>

<net id="221"><net_src comp="199" pin="3"/><net_sink comp="217" pin=0"/></net>

<net id="226"><net_src comp="97" pin="3"/><net_sink comp="222" pin=0"/></net>

<net id="231"><net_src comp="0" pin="0"/><net_sink comp="227" pin=0"/></net>

<net id="232"><net_src comp="227" pin="2"/><net_sink comp="103" pin=1"/></net>

<net id="239"><net_src comp="233" pin="1"/><net_sink comp="236" pin=0"/></net>

<net id="240"><net_src comp="236" pin="1"/><net_sink comp="103" pin=2"/></net>

<net id="244"><net_src comp="68" pin="1"/><net_sink comp="241" pin=0"/></net>

<net id="245"><net_src comp="241" pin="1"/><net_sink comp="136" pin=1"/></net>

<net id="246"><net_src comp="241" pin="1"/><net_sink comp="141" pin=0"/></net>

<net id="247"><net_src comp="241" pin="1"/><net_sink comp="217" pin=1"/></net>

<net id="251"><net_src comp="72" pin="1"/><net_sink comp="248" pin=0"/></net>

<net id="252"><net_src comp="248" pin="1"/><net_sink comp="131" pin=1"/></net>

<net id="253"><net_src comp="248" pin="1"/><net_sink comp="159" pin=0"/></net>

<net id="254"><net_src comp="248" pin="1"/><net_sink comp="212" pin=1"/></net>

<net id="258"><net_src comp="76" pin="1"/><net_sink comp="255" pin=0"/></net>

<net id="259"><net_src comp="255" pin="1"/><net_sink comp="126" pin=1"/></net>

<net id="260"><net_src comp="255" pin="1"/><net_sink comp="144" pin=0"/></net>

<net id="261"><net_src comp="255" pin="1"/><net_sink comp="207" pin=1"/></net>

<net id="265"><net_src comp="80" pin="1"/><net_sink comp="262" pin=0"/></net>

<net id="266"><net_src comp="262" pin="1"/><net_sink comp="222" pin=1"/></net>

<net id="267"><net_src comp="262" pin="1"/><net_sink comp="233" pin=0"/></net>

<net id="271"><net_src comp="122" pin="1"/><net_sink comp="268" pin=0"/></net>

<net id="272"><net_src comp="268" pin="1"/><net_sink comp="227" pin=1"/></net>

<net id="276"><net_src comp="147" pin="2"/><net_sink comp="273" pin=0"/></net>

<net id="280"><net_src comp="174" pin="2"/><net_sink comp="277" pin=0"/></net>

<net id="284"><net_src comp="90" pin="3"/><net_sink comp="281" pin=0"/></net>

<net id="285"><net_src comp="281" pin="1"/><net_sink comp="97" pin=0"/></net>

</net_list>

</model> 
---------------- Datapath Model END ------------------

* FSMD analyzer results:
  - Output states:
	Port: g0 | {3 }
 - Input state : 
	Port: kernel42_Pipeline_VITIS_LOOP_573_1_VITIS_LOOP_574_2 : sext_ln573 | {1 }
	Port: kernel42_Pipeline_VITIS_LOOP_573_1_VITIS_LOOP_574_2 : v233 | {1 2 }
  - Chain level:
	State 1
		store_ln0 : 1
		store_ln573 : 1
		store_ln574 : 1
		first_iter_0 : 1
		v235_1 : 1
		indvar_flatten_load : 1
		icmp_ln573 : 2
		add_ln573_1 : 2
		br_ln573 : 3
		v234_load : 1
		add_ln573 : 2
		icmp_ln574 : 2
		or_ln573 : 3
		select_ln573 : 3
		zext_ln573 : 4
		v233_addr : 5
		br_ln574 : 3
		v236 : 6
		add_ln574 : 2
		select_ln574 : 3
		store_ln573 : 3
		store_ln573 : 4
		store_ln574 : 4
	State 2
		store_ln578 : 1
	State 3
		bitcast_ln579 : 1
		write_ln579 : 2


============================================================
+ Verbose Summary: Datapath Resource usage 
============================================================

* Functional unit list:
|----------|----------------------------|---------|---------|
| Operation|       Functional Unit      |    FF   |   LUT   |
|----------|----------------------------|---------|---------|
|          |     add_ln573_1_fu_153     |    0    |    22   |
|    add   |      add_ln573_fu_162      |    0    |    16   |
|          |      add_ln574_fu_193      |    0    |    14   |
|----------|----------------------------|---------|---------|
|   icmp   |      icmp_ln573_fu_147     |    0    |    22   |
|          |      icmp_ln574_fu_168     |    0    |    14   |
|----------|----------------------------|---------|---------|
|  select  |     select_ln573_fu_180    |    0    |    9    |
|          |     select_ln574_fu_199    |    0    |    7    |
|----------|----------------------------|---------|---------|
|    or    |       or_ln573_fu_174      |    0    |    2    |
|----------|----------------------------|---------|---------|
|   read   | sext_ln573_read_read_fu_84 |    0    |    0    |
|----------|----------------------------|---------|---------|
|   write  |  write_ln579_write_fu_103  |    0    |    0    |
|----------|----------------------------|---------|---------|
|   sext   |   sext_ln573_cast_fu_122   |    0    |    0    |
|----------|----------------------------|---------|---------|
|   zext   |      zext_ln573_fu_188     |    0    |    0    |
|----------|----------------------------|---------|---------|
|   Total  |                            |    0    |   106   |
|----------|----------------------------|---------|---------|

Memories:
N/A

* Register list:
+-----------------------+--------+
|                       |   FF   |
+-----------------------+--------+
|  first_iter_0_reg_111 |    1   |
|   icmp_ln573_reg_273  |    1   |
| indvar_flatten_reg_255|   15   |
|    or_ln573_reg_277   |    1   |
|sext_ln573_cast_reg_268|   64   |
|   v233_addr_reg_281   |    9   |
|      v234_reg_248     |    9   |
|      v235_reg_241     |    7   |
|     v2361_reg_262     |   32   |
+-----------------------+--------+
|         Total         |   139  |
+-----------------------+--------+

* Multiplexer (MUX) list: 
|------------------|------|------|------|--------||---------||---------||---------|
|       Comp       |  Pin | Size |  BW  | S x BW ||  Delay  ||    FF   ||   LUT   |
|------------------|------|------|------|--------||---------||---------||---------|
| grp_access_fu_97 |  p0  |   2  |   9  |   18   ||    0    ||    9    |
|------------------|------|------|------|--------||---------||---------||---------|
|       Total      |      |      |      |   18   ||  0.427  ||    0    ||    9    |
|------------------|------|------|------|--------||---------||---------||---------|



* Summary:
+-----------+--------+--------+--------+
|           |  Delay |   FF   |   LUT  |
+-----------+--------+--------+--------+
|  Function |    -   |    0   |   106  |
|   Memory  |    -   |    -   |    -   |
|Multiplexer|    0   |    0   |    9   |
|  Register |    -   |   139  |    -   |
+-----------+--------+--------+--------+
|   Total   |    0   |   139  |   115  |
+-----------+--------+--------+--------+
