

================================================================
== Vitis HLS Report for 'kernel61'
================================================================
* Date:           Sun Jul 12 20:26:08 2026

* Version:        2025.2 (Build 6295257 on Nov 14 2025)
* Project:        spikingformer_proj
* Solution:       solution1 (Vivado IP Flow Target)
* Product family: zynquplus
* Target device:  xczu7ev-ffvc1156-2-e


================================================================
== Performance Estimates
================================================================
+ Timing: 
    * Summary: 
    +--------+----------+----------+------------+
    |  Clock |  Target  | Estimated| Uncertainty|
    +--------+----------+----------+------------+
    |ap_clk  |  10.00 ns|  7.300 ns|     2.70 ns|
    +--------+----------+----------+------------+

+ Latency: 
    * Summary: 
    +---------+---------+----------+----------+-------+-------+---------+
    |  Latency (cycles) |  Latency (absolute) |    Interval   | Pipeline|
    |   min   |   max   |    min   |    max   |  min  |  max  |   Type  |
    +---------+---------+----------+----------+-------+-------+---------+
    |    24593|    24593|  0.246 ms|  0.246 ms|  24593|  24593|       no|
    +---------+---------+----------+----------+-------+-------+---------+

    + Detail: 
        * Instance: 
        +--------------------------------------------------------------------------------+----------------------------------------------------------------------+---------+---------+----------+----------+-----+-----+-------------------+
        |                                                                                |                                                                      |  Latency (cycles) |  Latency (absolute) |  Interval |      Pipeline     |
        |                                    Instance                                    |                                Module                                |   min   |   max   |    min   |    max   | min | max |        Type       |
        +--------------------------------------------------------------------------------+----------------------------------------------------------------------+---------+---------+----------+----------+-----+-----+-------------------+
        |grp_kernel61_Pipeline_VITIS_LOOP_819_1_VITIS_LOOP_820_2_VITIS_LOOP_821_3_fu_79  |kernel61_Pipeline_VITIS_LOOP_819_1_VITIS_LOOP_820_2_VITIS_LOOP_821_3  |    24579|    24579|  0.246 ms|  0.246 ms|    0|    0|  loop pipeline stp|
        +--------------------------------------------------------------------------------+----------------------------------------------------------------------+---------+---------+----------+----------+-----+-----+-------------------+

        * Loop: 
        N/A

============================================================
+ Verbose Summary: Synthesis Manager
============================================================
InlineROM: 1
ExposeGlobal: 0
============================================================
+ Verbose Summary: CDFG Model
============================================================
IsTopModel: 0
ResetActiveHigh: 1
IsCombinational: 0
IsDatapathOnly: 0
HasWiredReturn: 1
HasMFsm: 0
HasVarLatency: 1
IsPipeline: 0
IsRtlPipelined: 0
IsInstanceOverlapped: 0
IsDontTouch: 0
HasImplIP: 0
IsGatedGlobalClock: 0


============================================================
+ Verbose Summary: Schedule
============================================================
* Number of FSM states : 15
* Pipeline : 0
* Dataflow Pipeline: 0

* FSM state transitions: 
1 --> 2 
2 --> 3 
3 --> 4 
4 --> 5 
5 --> 6 
6 --> 7 
7 --> 8 
8 --> 9 
9 --> 10 
10 --> 11 
11 --> 12 
12 --> 13 
13 --> 14 
14 --> 15 
15 --> 

* FSM state operations: 

State 1 <SV = 0> <Delay = 7.30>
ST_1 : Operation 16 [1/1] (0.00ns)   --->   "%v333_read = read i64 @_ssdm_op_Read.ap_auto.i64, i64 %v333" [spikingformer_official.cpp:816]   --->   Operation 16 'read' 'v333_read' <Predicate = true> <Delay = 0.00>
ST_1 : Operation 17 [1/1] (0.00ns)   --->   "%trunc_ln = partselect i62 @_ssdm_op_PartSelect.i62.i64.i32.i32, i64 %v333_read, i32 2, i32 63" [spikingformer_official.cpp:819]   --->   Operation 17 'partselect' 'trunc_ln' <Predicate = true> <Delay = 0.00>
ST_1 : Operation 18 [1/1] (0.00ns)   --->   "%sext_ln819 = sext i62 %trunc_ln" [spikingformer_official.cpp:819]   --->   Operation 18 'sext' 'sext_ln819' <Predicate = true> <Delay = 0.00>
ST_1 : Operation 19 [1/1] (0.00ns)   --->   "%g0_addr = getelementptr i32 %g0, i64 %sext_ln819" [spikingformer_official.cpp:819]   --->   Operation 19 'getelementptr' 'g0_addr' <Predicate = true> <Delay = 0.00>
ST_1 : Operation 20 [8/8] (7.30ns)   --->   "%empty = readreq i1 @_ssdm_op_ReadReq.m_axi.p1i32, i32 %g0_addr, i64 24576" [spikingformer_official.cpp:819]   --->   Operation 20 'readreq' 'empty' <Predicate = true> <Delay = 7.30> <CoreInst = "m_axi">   --->   Core 119 'm_axi' <Latency = 6> <II = 1> <Delay = 1.00> <Adapter> <Opcode : 'readrequnaligned' 'writerequnaligned' 'read' 'write' 'readreq' 'writereq' 'writeresp'>

State 2 <SV = 1> <Delay = 0.00>
ST_2 : Operation 21 [7/8] (7.30ns)   --->   "%empty = readreq i1 @_ssdm_op_ReadReq.m_axi.p1i32, i32 %g0_addr, i64 24576" [spikingformer_official.cpp:819]   --->   Operation 21 'readreq' 'empty' <Predicate = true> <Delay = 7.30> <CoreInst = "m_axi">   --->   Core 119 'm_axi' <Latency = 6> <II = 1> <Delay = 1.00> <Adapter> <Opcode : 'readrequnaligned' 'writerequnaligned' 'read' 'write' 'readreq' 'writereq' 'writeresp'>

State 3 <SV = 2> <Delay = 0.00>
ST_3 : Operation 22 [6/8] (7.30ns)   --->   "%empty = readreq i1 @_ssdm_op_ReadReq.m_axi.p1i32, i32 %g0_addr, i64 24576" [spikingformer_official.cpp:819]   --->   Operation 22 'readreq' 'empty' <Predicate = true> <Delay = 7.30> <CoreInst = "m_axi">   --->   Core 119 'm_axi' <Latency = 6> <II = 1> <Delay = 1.00> <Adapter> <Opcode : 'readrequnaligned' 'writerequnaligned' 'read' 'write' 'readreq' 'writereq' 'writeresp'>

State 4 <SV = 3> <Delay = 0.00>
ST_4 : Operation 23 [5/8] (7.30ns)   --->   "%empty = readreq i1 @_ssdm_op_ReadReq.m_axi.p1i32, i32 %g0_addr, i64 24576" [spikingformer_official.cpp:819]   --->   Operation 23 'readreq' 'empty' <Predicate = true> <Delay = 7.30> <CoreInst = "m_axi">   --->   Core 119 'm_axi' <Latency = 6> <II = 1> <Delay = 1.00> <Adapter> <Opcode : 'readrequnaligned' 'writerequnaligned' 'read' 'write' 'readreq' 'writereq' 'writeresp'>

State 5 <SV = 4> <Delay = 0.00>
ST_5 : Operation 24 [4/8] (7.30ns)   --->   "%empty = readreq i1 @_ssdm_op_ReadReq.m_axi.p1i32, i32 %g0_addr, i64 24576" [spikingformer_official.cpp:819]   --->   Operation 24 'readreq' 'empty' <Predicate = true> <Delay = 7.30> <CoreInst = "m_axi">   --->   Core 119 'm_axi' <Latency = 6> <II = 1> <Delay = 1.00> <Adapter> <Opcode : 'readrequnaligned' 'writerequnaligned' 'read' 'write' 'readreq' 'writereq' 'writeresp'>

State 6 <SV = 5> <Delay = 0.00>
ST_6 : Operation 25 [3/8] (7.30ns)   --->   "%empty = readreq i1 @_ssdm_op_ReadReq.m_axi.p1i32, i32 %g0_addr, i64 24576" [spikingformer_official.cpp:819]   --->   Operation 25 'readreq' 'empty' <Predicate = true> <Delay = 7.30> <CoreInst = "m_axi">   --->   Core 119 'm_axi' <Latency = 6> <II = 1> <Delay = 1.00> <Adapter> <Opcode : 'readrequnaligned' 'writerequnaligned' 'read' 'write' 'readreq' 'writereq' 'writeresp'>

State 7 <SV = 6> <Delay = 0.00>
ST_7 : Operation 26 [2/8] (7.30ns)   --->   "%empty = readreq i1 @_ssdm_op_ReadReq.m_axi.p1i32, i32 %g0_addr, i64 24576" [spikingformer_official.cpp:819]   --->   Operation 26 'readreq' 'empty' <Predicate = true> <Delay = 7.30> <CoreInst = "m_axi">   --->   Core 119 'm_axi' <Latency = 6> <II = 1> <Delay = 1.00> <Adapter> <Opcode : 'readrequnaligned' 'writerequnaligned' 'read' 'write' 'readreq' 'writereq' 'writeresp'>

State 8 <SV = 7> <Delay = 7.30>
ST_8 : Operation 27 [1/1] (0.00ns)   --->   "%v334_read = read i64 @_ssdm_op_Read.ap_auto.i64, i64 %v334" [spikingformer_official.cpp:816]   --->   Operation 27 'read' 'v334_read' <Predicate = true> <Delay = 0.00>
ST_8 : Operation 28 [1/8] ( I:7.30ns O:7.30ns )   --->   "%empty = readreq i1 @_ssdm_op_ReadReq.m_axi.p1i32, i32 %g0_addr, i64 24576" [spikingformer_official.cpp:819]   --->   Operation 28 'readreq' 'empty' <Predicate = true> <Delay = 7.30> <CoreInst = "m_axi">   --->   Core 119 'm_axi' <Latency = 6> <II = 1> <Delay = 1.00> <Adapter> <Opcode : 'readrequnaligned' 'writerequnaligned' 'read' 'write' 'readreq' 'writereq' 'writeresp'>
ST_8 : Operation 29 [1/1] (0.00ns)   --->   "%trunc_ln819_1 = partselect i62 @_ssdm_op_PartSelect.i62.i64.i32.i32, i64 %v334_read, i32 2, i32 63" [spikingformer_official.cpp:819]   --->   Operation 29 'partselect' 'trunc_ln819_1' <Predicate = true> <Delay = 0.00>
ST_8 : Operation 30 [1/1] (0.00ns)   --->   "%sext_ln819_1 = sext i62 %trunc_ln819_1" [spikingformer_official.cpp:819]   --->   Operation 30 'sext' 'sext_ln819_1' <Predicate = true> <Delay = 0.00>
ST_8 : Operation 31 [1/1] (0.00ns)   --->   "%g0_addr_17 = getelementptr i32 %g0, i64 %sext_ln819_1" [spikingformer_official.cpp:819]   --->   Operation 31 'getelementptr' 'g0_addr_17' <Predicate = true> <Delay = 0.00>
ST_8 : Operation 32 [1/1] ( I:7.30ns O:7.30ns )   --->   "%empty_71 = writereq i1 @_ssdm_op_WriteReq.m_axi.p1i32, i32 %g0_addr_17, i64 24576" [spikingformer_official.cpp:819]   --->   Operation 32 'writereq' 'empty_71' <Predicate = true> <Delay = 7.30> <CoreInst = "m_axi">   --->   Core 119 'm_axi' <Latency = 9> <II = 1> <Delay = 1.00> <Adapter> <Opcode : 'readrequnaligned' 'writerequnaligned' 'read' 'write' 'readreq' 'writereq' 'writeresp'>

State 9 <SV = 8> <Delay = 0.00>
ST_9 : Operation 33 [2/2] (0.00ns)   --->   "%call_ln819 = call void @kernel61_Pipeline_VITIS_LOOP_819_1_VITIS_LOOP_820_2_VITIS_LOOP_821_3, i32 %g0, i62 %trunc_ln, i62 %trunc_ln819_1" [spikingformer_official.cpp:819]   --->   Operation 33 'call' 'call_ln819' <Predicate = true> <Delay = 0.00> <CoreType = "Generic">   --->   Generic Core

State 10 <SV = 9> <Delay = 0.00>
ST_10 : Operation 34 [1/2] (0.00ns)   --->   "%call_ln819 = call void @kernel61_Pipeline_VITIS_LOOP_819_1_VITIS_LOOP_820_2_VITIS_LOOP_821_3, i32 %g0, i62 %trunc_ln, i62 %trunc_ln819_1" [spikingformer_official.cpp:819]   --->   Operation 34 'call' 'call_ln819' <Predicate = true> <Delay = 0.00> <CoreType = "Generic">   --->   Generic Core

State 11 <SV = 10> <Delay = 0.00>
ST_11 : Operation 35 [5/5] (7.30ns)   --->   "%empty_72 = writeresp i1 @_ssdm_op_WriteResp.m_axi.p1i32, i32 %g0_addr_17" [spikingformer_official.cpp:830]   --->   Operation 35 'writeresp' 'empty_72' <Predicate = true> <Delay = 7.30> <CoreInst = "m_axi">   --->   Core 119 'm_axi' <Latency = 3> <II = 1> <Delay = 1.00> <Adapter> <Opcode : 'readrequnaligned' 'writerequnaligned' 'read' 'write' 'readreq' 'writereq' 'writeresp'>

State 12 <SV = 11> <Delay = 0.00>
ST_12 : Operation 36 [4/5] (7.30ns)   --->   "%empty_72 = writeresp i1 @_ssdm_op_WriteResp.m_axi.p1i32, i32 %g0_addr_17" [spikingformer_official.cpp:830]   --->   Operation 36 'writeresp' 'empty_72' <Predicate = true> <Delay = 7.30> <CoreInst = "m_axi">   --->   Core 119 'm_axi' <Latency = 3> <II = 1> <Delay = 1.00> <Adapter> <Opcode : 'readrequnaligned' 'writerequnaligned' 'read' 'write' 'readreq' 'writereq' 'writeresp'>

State 13 <SV = 12> <Delay = 0.00>
ST_13 : Operation 37 [3/5] (7.30ns)   --->   "%empty_72 = writeresp i1 @_ssdm_op_WriteResp.m_axi.p1i32, i32 %g0_addr_17" [spikingformer_official.cpp:830]   --->   Operation 37 'writeresp' 'empty_72' <Predicate = true> <Delay = 7.30> <CoreInst = "m_axi">   --->   Core 119 'm_axi' <Latency = 3> <II = 1> <Delay = 1.00> <Adapter> <Opcode : 'readrequnaligned' 'writerequnaligned' 'read' 'write' 'readreq' 'writereq' 'writeresp'>

State 14 <SV = 13> <Delay = 0.00>
ST_14 : Operation 38 [2/5] (7.30ns)   --->   "%empty_72 = writeresp i1 @_ssdm_op_WriteResp.m_axi.p1i32, i32 %g0_addr_17" [spikingformer_official.cpp:830]   --->   Operation 38 'writeresp' 'empty_72' <Predicate = true> <Delay = 7.30> <CoreInst = "m_axi">   --->   Core 119 'm_axi' <Latency = 3> <II = 1> <Delay = 1.00> <Adapter> <Opcode : 'readrequnaligned' 'writerequnaligned' 'read' 'write' 'readreq' 'writereq' 'writeresp'>

State 15 <SV = 14> <Delay = 7.30>
ST_15 : Operation 39 [1/1] (0.00ns)   --->   "%specstablecontent_ln0 = specstablecontent void @_ssdm_op_SpecStableContent, i32 %g0, i1 1, void "   --->   Operation 39 'specstablecontent' 'specstablecontent_ln0' <Predicate = true> <Delay = 0.00>
ST_15 : Operation 40 [1/1] (0.00ns)   --->   "%specinterface_ln0 = specinterface void @_ssdm_op_SpecInterface, i32 %g0, void @empty_26, i32 0, i32 0, void @empty_35, i32 0, i32 0, void @empty_22, void @empty_25, void @empty_35, i32 16, i32 16, i32 16, i32 16, void @empty_35, void @empty_35, i32 4294967295, i32 0, i32 0, i32 4"   --->   Operation 40 'specinterface' 'specinterface_ln0' <Predicate = true> <Delay = 0.00>
ST_15 : Operation 41 [1/5] ( I:7.30ns O:7.30ns )   --->   "%empty_72 = writeresp i1 @_ssdm_op_WriteResp.m_axi.p1i32, i32 %g0_addr_17" [spikingformer_official.cpp:830]   --->   Operation 41 'writeresp' 'empty_72' <Predicate = true> <Delay = 7.30> <CoreInst = "m_axi">   --->   Core 119 'm_axi' <Latency = 3> <II = 1> <Delay = 1.00> <Adapter> <Opcode : 'readrequnaligned' 'writerequnaligned' 'read' 'write' 'readreq' 'writereq' 'writeresp'>
ST_15 : Operation 42 [1/1] (0.00ns)   --->   "%ret_ln830 = ret" [spikingformer_official.cpp:830]   --->   Operation 42 'ret' 'ret_ln830' <Predicate = true> <Delay = 0.00>


============================================================
+ Verbose Summary: Binding
============================================================
STG Binding: 
---------------- STG Properties BEGIN ----------------
- Is combinational: 0
- Is one-state seq: 0
- Is datapath-only: 0
- Is pipelined: 0
- Is top level: 0
Port [ Return ] is wired: 1; IO mode=ap_ctrl_hs:ce=0
Port [ g0]:  wired=1; compound=1; hidden=0; nouse=0; global=0; static=0; extern=0; dir=2; type=4; pingpong=0; private_global=0; IO mode=m_axi:ce=0
Port [ v333]:  wired=1; compound=0; hidden=0; nouse=0; global=0; static=0; extern=0; dir=0; type=0; pingpong=0; private_global=0; IO mode=ap_none:ce=0
Port [ v334]:  wired=1; compound=0; hidden=0; nouse=0; global=0; static=0; extern=0; dir=0; type=0; pingpong=0; private_global=0; IO mode=ap_none:ce=0
---------------- STG Properties END ------------------

---------------- Datapath Model BEGIN ----------------

<LifeTime>
<method=bitvector/>
v333_read             (read             ) [ 0000000000000000]
trunc_ln              (partselect       ) [ 0011111111100000]
sext_ln819            (sext             ) [ 0000000000000000]
g0_addr               (getelementptr    ) [ 0011111110000000]
v334_read             (read             ) [ 0000000000000000]
empty                 (readreq          ) [ 0000000000000000]
trunc_ln819_1         (partselect       ) [ 0000000001100000]
sext_ln819_1          (sext             ) [ 0000000000000000]
g0_addr_17            (getelementptr    ) [ 0000000001111111]
empty_71              (writereq         ) [ 0000000000000000]
call_ln819            (call             ) [ 0000000000000000]
specstablecontent_ln0 (specstablecontent) [ 0000000000000000]
specinterface_ln0     (specinterface    ) [ 0000000000000000]
empty_72              (writeresp        ) [ 0000000000000000]
ret_ln830             (ret              ) [ 0000000000000000]
</LifeTime>

<model>

<comp_list>
<comp id="0" class="1000" name="g0">
<pin_list>
<pin id="1" dir="1" index="0" bw="1" slack="0"/>
</pin_list>
<bind>
<StgValue><ssdm name="g0"/><MemPortTyVec>2 </MemPortTyVec>
</StgValue>
</bind>
</comp>

<comp id="2" class="1000" name="v333">
<pin_list>
<pin id="3" dir="1" index="0" bw="1" slack="0"/>
</pin_list>
<bind>
<StgValue><ssdm name="v333"/></StgValue>
</bind>
</comp>

<comp id="4" class="1000" name="v334">
<pin_list>
<pin id="5" dir="1" index="0" bw="1" slack="0"/>
</pin_list>
<bind>
<StgValue><ssdm name="v334"/></StgValue>
</bind>
</comp>

<comp id="6" class="1001" name="const_6">
<pin_list>
<pin id="7" dir="1" index="0" bw="1" slack="0"/>
</pin_list>
<bind>
<StgValue><ssdm name="_ssdm_op_Read.ap_auto.i64"/></StgValue>
</bind>
</comp>

<comp id="8" class="1001" name="const_8">
<pin_list>
<pin id="9" dir="1" index="0" bw="1" slack="0"/>
</pin_list>
<bind>
<StgValue><ssdm name="_ssdm_op_PartSelect.i62.i64.i32.i32"/></StgValue>
</bind>
</comp>

<comp id="10" class="1001" name="const_10">
<pin_list>
<pin id="11" dir="1" index="0" bw="1" slack="0"/>
</pin_list>
<bind>
<StgValue><ssdm name=""/></StgValue>
</bind>
</comp>

<comp id="12" class="1001" name="const_12">
<pin_list>
<pin id="13" dir="1" index="0" bw="1" slack="0"/>
</pin_list>
<bind>
<StgValue><ssdm name=""/></StgValue>
</bind>
</comp>

<comp id="14" class="1001" name="const_14">
<pin_list>
<pin id="15" dir="1" index="0" bw="1" slack="0"/>
</pin_list>
<bind>
<StgValue><ssdm name="_ssdm_op_ReadReq.m_axi.p1i32"/></StgValue>
</bind>
</comp>

<comp id="16" class="1001" name="const_16">
<pin_list>
<pin id="17" dir="1" index="0" bw="1" slack="0"/>
</pin_list>
<bind>
<StgValue><ssdm name=""/></StgValue>
</bind>
</comp>

<comp id="18" class="1001" name="const_18">
<pin_list>
<pin id="19" dir="1" index="0" bw="1" slack="0"/>
</pin_list>
<bind>
<StgValue><ssdm name="_ssdm_op_WriteReq.m_axi.p1i32"/></StgValue>
</bind>
</comp>

<comp id="20" class="1001" name="const_20">
<pin_list>
<pin id="21" dir="1" index="0" bw="1" slack="0"/>
</pin_list>
<bind>
<StgValue><ssdm name="kernel61_Pipeline_VITIS_LOOP_819_1_VITIS_LOOP_820_2_VITIS_LOOP_821_3"/></StgValue>
</bind>
</comp>

<comp id="22" class="1001" name="const_22">
<pin_list>
<pin id="23" dir="1" index="0" bw="1" slack="0"/>
</pin_list>
<bind>
<StgValue><ssdm name="_ssdm_op_WriteResp.m_axi.p1i32"/></StgValue>
</bind>
</comp>

<comp id="24" class="1001" name="const_24">
<pin_list>
<pin id="25" dir="1" index="0" bw="1" slack="2147483647"/>
</pin_list>
<bind>
<StgValue><ssdm name="_ssdm_op_SpecStableContent"/></StgValue>
</bind>
</comp>

<comp id="26" class="1001" name="const_26">
<pin_list>
<pin id="27" dir="1" index="0" bw="1" slack="2147483647"/>
</pin_list>
<bind>
<StgValue><ssdm name=""/></StgValue>
</bind>
</comp>

<comp id="28" class="1001" name="const_28">
<pin_list>
<pin id="29" dir="1" index="0" bw="1" slack="2147483647"/>
</pin_list>
<bind>
<StgValue><ssdm name=""/></StgValue>
</bind>
</comp>

<comp id="30" class="1001" name="const_30">
<pin_list>
<pin id="31" dir="1" index="0" bw="1" slack="2147483647"/>
</pin_list>
<bind>
<StgValue><ssdm name="_ssdm_op_SpecInterface"/></StgValue>
</bind>
</comp>

<comp id="32" class="1001" name="const_32">
<pin_list>
<pin id="33" dir="1" index="0" bw="1" slack="2147483647"/>
</pin_list>
<bind>
<StgValue><ssdm name="empty_26"/></StgValue>
</bind>
</comp>

<comp id="34" class="1001" name="const_34">
<pin_list>
<pin id="35" dir="1" index="0" bw="1" slack="2147483647"/>
</pin_list>
<bind>
<StgValue><ssdm name=""/></StgValue>
</bind>
</comp>

<comp id="36" class="1001" name="const_36">
<pin_list>
<pin id="37" dir="1" index="0" bw="1" slack="2147483647"/>
</pin_list>
<bind>
<StgValue><ssdm name="empty_35"/></StgValue>
</bind>
</comp>

<comp id="38" class="1001" name="const_38">
<pin_list>
<pin id="39" dir="1" index="0" bw="1" slack="2147483647"/>
</pin_list>
<bind>
<StgValue><ssdm name="empty_22"/></StgValue>
</bind>
</comp>

<comp id="40" class="1001" name="const_40">
<pin_list>
<pin id="41" dir="1" index="0" bw="1" slack="2147483647"/>
</pin_list>
<bind>
<StgValue><ssdm name="empty_25"/></StgValue>
</bind>
</comp>

<comp id="42" class="1001" name="const_42">
<pin_list>
<pin id="43" dir="1" index="0" bw="1" slack="2147483647"/>
</pin_list>
<bind>
<StgValue><ssdm name=""/></StgValue>
</bind>
</comp>

<comp id="44" class="1001" name="const_44">
<pin_list>
<pin id="45" dir="1" index="0" bw="1" slack="2147483647"/>
</pin_list>
<bind>
<StgValue><ssdm name=""/></StgValue>
</bind>
</comp>

<comp id="46" class="1001" name="const_46">
<pin_list>
<pin id="47" dir="1" index="0" bw="1" slack="2147483647"/>
</pin_list>
<bind>
<StgValue><ssdm name=""/></StgValue>
</bind>
</comp>

<comp id="48" class="1004" name="v333_read_read_fu_48">
<pin_list>
<pin id="49" dir="0" index="0" bw="64" slack="0"/>
<pin id="50" dir="0" index="1" bw="64" slack="0"/>
<pin id="51" dir="1" index="2" bw="64" slack="0"/>
</pin_list>
<bind>
<opcode="read(1150) " fcode="read"/>
<opset="v333_read/1 "/>
</bind>
</comp>

<comp id="54" class="1004" name="v334_read_read_fu_54">
<pin_list>
<pin id="55" dir="0" index="0" bw="64" slack="0"/>
<pin id="56" dir="0" index="1" bw="64" slack="0"/>
<pin id="57" dir="1" index="2" bw="64" slack="0"/>
</pin_list>
<bind>
<opcode="read(1150) " fcode="read"/>
<opset="v334_read/8 "/>
</bind>
</comp>

<comp id="60" class="1004" name="grp_readreq_fu_60">
<pin_list>
<pin id="61" dir="0" index="0" bw="1" slack="0"/>
<pin id="62" dir="0" index="1" bw="32" slack="0"/>
<pin id="63" dir="0" index="2" bw="16" slack="0"/>
<pin id="64" dir="1" index="3" bw="1" slack="2147483647"/>
</pin_list>
<bind>
<opcode="readreq(1154) " fcode="readreq"/>
<opset="empty/1 "/>
</bind>
</comp>

<comp id="67" class="1004" name="empty_71_writereq_fu_67">
<pin_list>
<pin id="68" dir="0" index="0" bw="1" slack="0"/>
<pin id="69" dir="0" index="1" bw="32" slack="0"/>
<pin id="70" dir="0" index="2" bw="16" slack="0"/>
<pin id="71" dir="1" index="3" bw="1" slack="2147483647"/>
</pin_list>
<bind>
<opcode="writereq(1155) " fcode="writereq"/>
<opset="empty_71/8 "/>
</bind>
</comp>

<comp id="74" class="1004" name="grp_writeresp_fu_74">
<pin_list>
<pin id="75" dir="0" index="0" bw="1" slack="0"/>
<pin id="76" dir="0" index="1" bw="32" slack="3"/>
<pin id="77" dir="1" index="2" bw="1" slack="2147483647"/>
</pin_list>
<bind>
<opcode="writeresp(1158) " fcode="writeresp"/>
<opset="empty_72/11 "/>
</bind>
</comp>

<comp id="79" class="1004" name="grp_kernel61_Pipeline_VITIS_LOOP_819_1_VITIS_LOOP_820_2_VITIS_LOOP_821_3_fu_79">
<pin_list>
<pin id="80" dir="0" index="0" bw="0" slack="0"/>
<pin id="81" dir="0" index="1" bw="32" slack="0"/>
<pin id="82" dir="0" index="2" bw="62" slack="8"/>
<pin id="83" dir="0" index="3" bw="62" slack="1"/>
<pin id="84" dir="1" index="4" bw="0" slack="2147483647"/>
</pin_list>
<bind>
<opcode="call(48) " fcode="call"/>
<opset="call_ln819/9 "/>
</bind>
</comp>

<comp id="87" class="1004" name="trunc_ln_fu_87">
<pin_list>
<pin id="88" dir="0" index="0" bw="62" slack="0"/>
<pin id="89" dir="0" index="1" bw="64" slack="0"/>
<pin id="90" dir="0" index="2" bw="3" slack="0"/>
<pin id="91" dir="0" index="3" bw="7" slack="0"/>
<pin id="92" dir="1" index="4" bw="62" slack="0"/>
</pin_list>
<bind>
<opcode="partselect(1002) " fcode="partselect"/>
<opset="trunc_ln/1 "/>
</bind>
</comp>

<comp id="97" class="1004" name="sext_ln819_fu_97">
<pin_list>
<pin id="98" dir="0" index="0" bw="62" slack="0"/>
<pin id="99" dir="1" index="1" bw="64" slack="0"/>
</pin_list>
<bind>
<opcode="sext(35) " fcode="sext"/>
<opset="sext_ln819/1 "/>
</bind>
</comp>

<comp id="101" class="1004" name="g0_addr_fu_101">
<pin_list>
<pin id="102" dir="0" index="0" bw="32" slack="0"/>
<pin id="103" dir="0" index="1" bw="62" slack="0"/>
<pin id="104" dir="1" index="2" bw="32" slack="0"/>
</pin_list>
<bind>
<opcode="getelementptr(29) " fcode="getelementptr"/>
<opset="g0_addr/1 "/>
</bind>
</comp>

<comp id="108" class="1004" name="trunc_ln819_1_fu_108">
<pin_list>
<pin id="109" dir="0" index="0" bw="62" slack="0"/>
<pin id="110" dir="0" index="1" bw="64" slack="0"/>
<pin id="111" dir="0" index="2" bw="3" slack="0"/>
<pin id="112" dir="0" index="3" bw="7" slack="0"/>
<pin id="113" dir="1" index="4" bw="62" slack="0"/>
</pin_list>
<bind>
<opcode="partselect(1002) " fcode="partselect"/>
<opset="trunc_ln819_1/8 "/>
</bind>
</comp>

<comp id="118" class="1004" name="sext_ln819_1_fu_118">
<pin_list>
<pin id="119" dir="0" index="0" bw="62" slack="0"/>
<pin id="120" dir="1" index="1" bw="64" slack="0"/>
</pin_list>
<bind>
<opcode="sext(35) " fcode="sext"/>
<opset="sext_ln819_1/8 "/>
</bind>
</comp>

<comp id="122" class="1004" name="g0_addr_17_fu_122">
<pin_list>
<pin id="123" dir="0" index="0" bw="32" slack="0"/>
<pin id="124" dir="0" index="1" bw="62" slack="0"/>
<pin id="125" dir="1" index="2" bw="32" slack="0"/>
</pin_list>
<bind>
<opcode="getelementptr(29) " fcode="getelementptr"/>
<opset="g0_addr_17/8 "/>
</bind>
</comp>

<comp id="129" class="1005" name="trunc_ln_reg_129">
<pin_list>
<pin id="130" dir="0" index="0" bw="62" slack="8"/>
<pin id="131" dir="1" index="1" bw="62" slack="8"/>
</pin_list>
<bind>
<opset="trunc_ln "/>
</bind>
</comp>

<comp id="134" class="1005" name="g0_addr_reg_134">
<pin_list>
<pin id="135" dir="0" index="0" bw="32" slack="1"/>
<pin id="136" dir="1" index="1" bw="32" slack="1"/>
</pin_list>
<bind>
<opset="g0_addr "/>
</bind>
</comp>

<comp id="139" class="1005" name="trunc_ln819_1_reg_139">
<pin_list>
<pin id="140" dir="0" index="0" bw="62" slack="1"/>
<pin id="141" dir="1" index="1" bw="62" slack="1"/>
</pin_list>
<bind>
<opset="trunc_ln819_1 "/>
</bind>
</comp>

<comp id="144" class="1005" name="g0_addr_17_reg_144">
<pin_list>
<pin id="145" dir="0" index="0" bw="32" slack="3"/>
<pin id="146" dir="1" index="1" bw="32" slack="3"/>
</pin_list>
<bind>
<opset="g0_addr_17 "/>
</bind>
</comp>

</comp_list>

<net_list>
<net id="52"><net_src comp="6" pin="0"/><net_sink comp="48" pin=0"/></net>

<net id="53"><net_src comp="2" pin="0"/><net_sink comp="48" pin=1"/></net>

<net id="58"><net_src comp="6" pin="0"/><net_sink comp="54" pin=0"/></net>

<net id="59"><net_src comp="4" pin="0"/><net_sink comp="54" pin=1"/></net>

<net id="65"><net_src comp="14" pin="0"/><net_sink comp="60" pin=0"/></net>

<net id="66"><net_src comp="16" pin="0"/><net_sink comp="60" pin=2"/></net>

<net id="72"><net_src comp="18" pin="0"/><net_sink comp="67" pin=0"/></net>

<net id="73"><net_src comp="16" pin="0"/><net_sink comp="67" pin=2"/></net>

<net id="78"><net_src comp="22" pin="0"/><net_sink comp="74" pin=0"/></net>

<net id="85"><net_src comp="20" pin="0"/><net_sink comp="79" pin=0"/></net>

<net id="86"><net_src comp="0" pin="0"/><net_sink comp="79" pin=1"/></net>

<net id="93"><net_src comp="8" pin="0"/><net_sink comp="87" pin=0"/></net>

<net id="94"><net_src comp="48" pin="2"/><net_sink comp="87" pin=1"/></net>

<net id="95"><net_src comp="10" pin="0"/><net_sink comp="87" pin=2"/></net>

<net id="96"><net_src comp="12" pin="0"/><net_sink comp="87" pin=3"/></net>

<net id="100"><net_src comp="87" pin="4"/><net_sink comp="97" pin=0"/></net>

<net id="105"><net_src comp="0" pin="0"/><net_sink comp="101" pin=0"/></net>

<net id="106"><net_src comp="97" pin="1"/><net_sink comp="101" pin=1"/></net>

<net id="107"><net_src comp="101" pin="2"/><net_sink comp="60" pin=1"/></net>

<net id="114"><net_src comp="8" pin="0"/><net_sink comp="108" pin=0"/></net>

<net id="115"><net_src comp="54" pin="2"/><net_sink comp="108" pin=1"/></net>

<net id="116"><net_src comp="10" pin="0"/><net_sink comp="108" pin=2"/></net>

<net id="117"><net_src comp="12" pin="0"/><net_sink comp="108" pin=3"/></net>

<net id="121"><net_src comp="108" pin="4"/><net_sink comp="118" pin=0"/></net>

<net id="126"><net_src comp="0" pin="0"/><net_sink comp="122" pin=0"/></net>

<net id="127"><net_src comp="118" pin="1"/><net_sink comp="122" pin=1"/></net>

<net id="128"><net_src comp="122" pin="2"/><net_sink comp="67" pin=1"/></net>

<net id="132"><net_src comp="87" pin="4"/><net_sink comp="129" pin=0"/></net>

<net id="133"><net_src comp="129" pin="1"/><net_sink comp="79" pin=2"/></net>

<net id="137"><net_src comp="101" pin="2"/><net_sink comp="134" pin=0"/></net>

<net id="138"><net_src comp="134" pin="1"/><net_sink comp="60" pin=1"/></net>

<net id="142"><net_src comp="108" pin="4"/><net_sink comp="139" pin=0"/></net>

<net id="143"><net_src comp="139" pin="1"/><net_sink comp="79" pin=3"/></net>

<net id="147"><net_src comp="122" pin="2"/><net_sink comp="144" pin=0"/></net>

<net id="148"><net_src comp="144" pin="1"/><net_sink comp="74" pin=1"/></net>

</net_list>

</model> 
---------------- Datapath Model END ------------------

* FSMD analyzer results:
  - Output states:
	Port: g0 | {8 9 10 11 12 13 14 15 }
 - Input state : 
	Port: kernel61 : g0 | {1 2 3 4 5 6 7 8 9 10 }
	Port: kernel61 : v333 | {1 }
	Port: kernel61 : v334 | {8 }
  - Chain level:
	State 1
		sext_ln819 : 1
		g0_addr : 2
		empty : 3
	State 2
	State 3
	State 4
	State 5
	State 6
	State 7
	State 8
		sext_ln819_1 : 1
		g0_addr_17 : 2
		empty_71 : 3
	State 9
	State 10
	State 11
	State 12
	State 13
	State 14
	State 15


============================================================
+ Verbose Summary: Datapath Resource usage 
============================================================

* Functional unit list:
|----------|--------------------------------------------------------------------------------|---------|---------|
| Operation|                                 Functional Unit                                |    FF   |   LUT   |
|----------|--------------------------------------------------------------------------------|---------|---------|
|   call   | grp_kernel61_Pipeline_VITIS_LOOP_819_1_VITIS_LOOP_820_2_VITIS_LOOP_821_3_fu_79 |   176   |    44   |
|----------|--------------------------------------------------------------------------------|---------|---------|
|   read   |                              v333_read_read_fu_48                              |    0    |    0    |
|          |                              v334_read_read_fu_54                              |    0    |    0    |
|----------|--------------------------------------------------------------------------------|---------|---------|
|  readreq |                                grp_readreq_fu_60                               |    0    |    0    |
|----------|--------------------------------------------------------------------------------|---------|---------|
| writereq |                             empty_71_writereq_fu_67                            |    0    |    0    |
|----------|--------------------------------------------------------------------------------|---------|---------|
| writeresp|                               grp_writeresp_fu_74                              |    0    |    0    |
|----------|--------------------------------------------------------------------------------|---------|---------|
|partselect|                                 trunc_ln_fu_87                                 |    0    |    0    |
|          |                              trunc_ln819_1_fu_108                              |    0    |    0    |
|----------|--------------------------------------------------------------------------------|---------|---------|
|   sext   |                                sext_ln819_fu_97                                |    0    |    0    |
|          |                               sext_ln819_1_fu_118                              |    0    |    0    |
|----------|--------------------------------------------------------------------------------|---------|---------|
|   Total  |                                                                                |   176   |    44   |
|----------|--------------------------------------------------------------------------------|---------|---------|

Memories:
N/A

* Register list:
+---------------------+--------+
|                     |   FF   |
+---------------------+--------+
|  g0_addr_17_reg_144 |   32   |
|   g0_addr_reg_134   |   32   |
|trunc_ln819_1_reg_139|   62   |
|   trunc_ln_reg_129  |   62   |
+---------------------+--------+
|        Total        |   188  |
+---------------------+--------+

* Multiplexer (MUX) list: 
|-------------------|------|------|------|--------||---------||---------||---------|
|        Comp       |  Pin | Size |  BW  | S x BW ||  Delay  ||    FF   ||   LUT   |
|-------------------|------|------|------|--------||---------||---------||---------|
| grp_readreq_fu_60 |  p1  |   2  |  32  |   64   ||    0    ||    9    |
|-------------------|------|------|------|--------||---------||---------||---------|
|       Total       |      |      |      |   64   ||  0.427  ||    0    ||    9    |
|-------------------|------|------|------|--------||---------||---------||---------|



* Summary:
+-----------+--------+--------+--------+
|           |  Delay |   FF   |   LUT  |
+-----------+--------+--------+--------+
|  Function |    -   |   176  |   44   |
|   Memory  |    -   |    -   |    -   |
|Multiplexer|    0   |    0   |    9   |
|  Register |    -   |   188  |    -   |
+-----------+--------+--------+--------+
|   Total   |    0   |   364  |   53   |
+-----------+--------+--------+--------+
