

================================================================
== Vitis HLS Report for 'kernel69'
================================================================
* Date:           Sun Jul 12 20:26:08 2026

* Version:        2025.2 (Build 6295257 on Nov 14 2025)
* Project:        spikingformer_proj
* Solution:       solution1 (Vivado IP Flow Target)
* Product family: zynquplus
* Target device:  xczu7ev-ffvc1156-2-e


================================================================
== Performance Estimates
================================================================
+ Timing: 
    * Summary: 
    +--------+----------+----------+------------+
    |  Clock |  Target  | Estimated| Uncertainty|
    +--------+----------+----------+------------+
    |ap_clk  |  10.00 ns|  7.300 ns|     2.70 ns|
    +--------+----------+----------+------------+

+ Latency: 
    * Summary: 
    +---------+---------+----------+----------+-----+-----+-------------------+
    |  Latency (cycles) |  Latency (absolute) |  Interval |      Pipeline     |
    |   min   |   max   |    min   |    max   | min | max |        Type       |
    +---------+---------+----------+----------+-----+-----+-------------------+
    |    24592|    24592|  0.246 ms|  0.246 ms|    0|    0|  loop pipeline stp|
    +---------+---------+----------+----------+-----+-----+-------------------+

    + Detail: 
        * Instance: 
        N/A

        * Loop: 
        +-------------------------------------+---------+---------+----------+-----------+-----------+-------+----------+
        |                                     |  Latency (cycles) | Iteration|  Initiation Interval  |  Trip |          |
        |              Loop Name              |   min   |   max   |  Latency |  achieved |   target  | Count | Pipelined|
        +-------------------------------------+---------+---------+----------+-----------+-----------+-------+----------+
        |- VITIS_LOOP_940_1_VITIS_LOOP_941_2  |    24590|    24590|        16|          1|          1|  24576|       yes|
        +-------------------------------------+---------+---------+----------+-----------+-----------+-------+----------+

============================================================
+ Verbose Summary: Synthesis Manager
============================================================
InlineROM: 1
ExposeGlobal: 0
============================================================
+ Verbose Summary: CDFG Model
============================================================
IsTopModel: 0
ResetActiveHigh: 1
IsCombinational: 0
IsDatapathOnly: 0
HasWiredReturn: 1
HasMFsm: 2
HasVarLatency: 1
IsPipeline: 0
IsRtlPipelined: 0
IsInstanceOverlapped: 0
IsDontTouch: 0
HasImplIP: 0
IsGatedGlobalClock: 0

+ Individual pipeline summary: 
  * Pipeline-0: initiation interval (II) = 1, depth = 16


============================================================
+ Verbose Summary: Schedule
============================================================
* Number of FSM states : 16
* Pipeline : 1
  Pipeline-0 : II = 1, D = 16, States = { 1 2 3 4 5 6 7 8 9 10 11 12 13 14 15 16 }
* Dataflow Pipeline: 0

* FSM state transitions: 
1 --> 2 
2 --> 3 
3 --> 4 
4 --> 5 
5 --> 6 
6 --> 7 
7 --> 8 
8 --> 9 
9 --> 10 
10 --> 11 
11 --> 12 
12 --> 13 
13 --> 14 
14 --> 15 
15 --> 16 
16 --> 

* FSM state operations: 

State 1 <SV = 0> <Delay = 2.76>
ST_1 : Operation 19 [1/1] (0.00ns)   --->   "%v384 = alloca i32 1" [spikingformer_official.cpp:941]   --->   Operation 19 'alloca' 'v384' <Predicate = true> <Delay = 0.00>
ST_1 : Operation 20 [1/1] (0.00ns)   --->   "%v383 = alloca i32 1" [spikingformer_official.cpp:940]   --->   Operation 20 'alloca' 'v383' <Predicate = true> <Delay = 0.00>
ST_1 : Operation 21 [1/1] (0.00ns)   --->   "%indvar_flatten = alloca i32 1"   --->   Operation 21 'alloca' 'indvar_flatten' <Predicate = true> <Delay = 0.00>
ST_1 : Operation 22 [1/1] (0.00ns)   --->   "%specstablecontent_ln0 = specstablecontent void @_ssdm_op_SpecStableContent, i32 %g0, i1 1, void "   --->   Operation 22 'specstablecontent' 'specstablecontent_ln0' <Predicate = true> <Delay = 0.00>
ST_1 : Operation 23 [1/1] (0.00ns)   --->   "%specinterface_ln0 = specinterface void @_ssdm_op_SpecInterface, i32 %g0, void @empty_26, i32 0, i32 0, void @empty_35, i32 0, i32 0, void @empty_22, void @empty_25, void @empty_35, i32 16, i32 16, i32 16, i32 16, void @empty_35, void @empty_35, i32 4294967295, i32 0, i32 0, i32 4"   --->   Operation 23 'specinterface' 'specinterface_ln0' <Predicate = true> <Delay = 0.00>
ST_1 : Operation 24 [1/1] (0.00ns)   --->   "%v382_read = read i64 @_ssdm_op_Read.ap_auto.i64, i64 %v382" [spikingformer_official.cpp:937]   --->   Operation 24 'read' 'v382_read' <Predicate = true> <Delay = 0.00>
ST_1 : Operation 25 [1/1] (0.00ns)   --->   "%v381_read = read i64 @_ssdm_op_Read.ap_auto.i64, i64 %v381" [spikingformer_official.cpp:937]   --->   Operation 25 'read' 'v381_read' <Predicate = true> <Delay = 0.00>
ST_1 : Operation 26 [1/1] (0.42ns)   --->   "%store_ln0 = store i15 0, i15 %indvar_flatten"   --->   Operation 26 'store' 'store_ln0' <Predicate = true> <Delay = 0.42>
ST_1 : Operation 27 [1/1] (0.42ns)   --->   "%store_ln940 = store i9 0, i9 %v383" [spikingformer_official.cpp:940]   --->   Operation 27 'store' 'store_ln940' <Predicate = true> <Delay = 0.42>
ST_1 : Operation 28 [1/1] (0.42ns)   --->   "%store_ln941 = store i7 0, i7 %v384" [spikingformer_official.cpp:941]   --->   Operation 28 'store' 'store_ln941' <Predicate = true> <Delay = 0.42>
ST_1 : Operation 29 [1/1] (0.00ns)   --->   "%br_ln940 = br void %for.inc" [spikingformer_official.cpp:940]   --->   Operation 29 'br' 'br_ln940' <Predicate = true> <Delay = 0.00>
ST_1 : Operation 30 [1/1] (0.00ns)   --->   "%indvar_flatten_load = load i15 %indvar_flatten" [spikingformer_official.cpp:940]   --->   Operation 30 'load' 'indvar_flatten_load' <Predicate = true> <Delay = 0.00>
ST_1 : Operation 31 [1/1] (0.84ns)   --->   "%icmp_ln940 = icmp_eq  i15 %indvar_flatten_load, i15 24576" [spikingformer_official.cpp:940]   --->   Operation 31 'icmp' 'icmp_ln940' <Predicate = true> <Delay = 0.84> <CoreInst = "Cmp">   --->   Core 9 'Cmp' <Latency = 0> <II = 1> <Delay = 0.84> <FuncUnit> <Opcode : 'seteq' 'setne' 'setle' 'setge' 'setlt' 'setgt'> <InPorts = 2> <OutPorts = 1>
ST_1 : Operation 32 [1/1] (0.84ns)   --->   "%add_ln940_1 = add i15 %indvar_flatten_load, i15 1" [spikingformer_official.cpp:940]   --->   Operation 32 'add' 'add_ln940_1' <Predicate = true> <Delay = 0.84> <CoreInst = "Adder">   --->   Core 1 'Adder' <Latency = 0> <II = 1> <Delay = 0.84> <FuncUnit> <Opcode : 'add' 'sub'> <InPorts = 2> <OutPorts = 1>
ST_1 : Operation 33 [1/1] (0.00ns)   --->   "%br_ln940 = br i1 %icmp_ln940, void %for.inc13, void %for.end15" [spikingformer_official.cpp:940]   --->   Operation 33 'br' 'br_ln940' <Predicate = true> <Delay = 0.00>
ST_1 : Operation 34 [1/1] (0.00ns)   --->   "%v384_load = load i7 %v384" [spikingformer_official.cpp:941]   --->   Operation 34 'load' 'v384_load' <Predicate = (!icmp_ln940)> <Delay = 0.00>
ST_1 : Operation 35 [1/1] (0.00ns)   --->   "%v383_load = load i9 %v383" [spikingformer_official.cpp:940]   --->   Operation 35 'load' 'v383_load' <Predicate = (!icmp_ln940)> <Delay = 0.00>
ST_1 : Operation 36 [1/1] (0.77ns)   --->   "%add_ln940 = add i9 %v383_load, i9 1" [spikingformer_official.cpp:940]   --->   Operation 36 'add' 'add_ln940' <Predicate = (!icmp_ln940)> <Delay = 0.77> <CoreInst = "Adder">   --->   Core 1 'Adder' <Latency = 0> <II = 1> <Delay = 0.77> <FuncUnit> <Opcode : 'add' 'sub'> <InPorts = 2> <OutPorts = 1>
ST_1 : Operation 37 [1/1] (0.77ns)   --->   "%icmp_ln941 = icmp_eq  i7 %v384_load, i7 64" [spikingformer_official.cpp:941]   --->   Operation 37 'icmp' 'icmp_ln941' <Predicate = (!icmp_ln940)> <Delay = 0.77> <CoreInst = "Cmp">   --->   Core 9 'Cmp' <Latency = 0> <II = 1> <Delay = 0.77> <FuncUnit> <Opcode : 'seteq' 'setne' 'setle' 'setge' 'setlt' 'setgt'> <InPorts = 2> <OutPorts = 1>
ST_1 : Operation 38 [1/1] (0.36ns)   --->   "%select_ln940 = select i1 %icmp_ln941, i7 0, i7 %v384_load" [spikingformer_official.cpp:940]   --->   Operation 38 'select' 'select_ln940' <Predicate = (!icmp_ln940)> <Delay = 0.36> <CoreInst = "Sel">   --->   Core 73 'Sel' <Latency = 0> <II = 1> <Delay = 0.36> <FuncUnit> <Opcode : 'select'> <InPorts = 3> <OutPorts = 1>
ST_1 : Operation 39 [1/1] (0.39ns)   --->   "%select_ln940_1 = select i1 %icmp_ln941, i9 %add_ln940, i9 %v383_load" [spikingformer_official.cpp:940]   --->   Operation 39 'select' 'select_ln940_1' <Predicate = (!icmp_ln940)> <Delay = 0.39> <CoreInst = "Sel">   --->   Core 73 'Sel' <Latency = 0> <II = 1> <Delay = 0.39> <FuncUnit> <Opcode : 'select'> <InPorts = 3> <OutPorts = 1>
ST_1 : Operation 40 [1/1] (0.00ns)   --->   "%shl_ln = bitconcatenate i17 @_ssdm_op_BitConcatenate.i17.i9.i8, i9 %select_ln940_1, i8 0" [spikingformer_official.cpp:945]   --->   Operation 40 'bitconcatenate' 'shl_ln' <Predicate = (!icmp_ln940)> <Delay = 0.00>
ST_1 : Operation 41 [1/1] (0.00ns)   --->   "%zext_ln941 = zext i17 %shl_ln" [spikingformer_official.cpp:941]   --->   Operation 41 'zext' 'zext_ln941' <Predicate = (!icmp_ln940)> <Delay = 0.00>
ST_1 : Operation 42 [1/1] (0.00ns)   --->   "%trunc_ln945 = trunc i7 %select_ln940" [spikingformer_official.cpp:945]   --->   Operation 42 'trunc' 'trunc_ln945' <Predicate = (!icmp_ln940)> <Delay = 0.00>
ST_1 : Operation 43 [1/1] (0.00ns)   --->   "%shl_ln945_1 = bitconcatenate i8 @_ssdm_op_BitConcatenate.i8.i6.i2, i6 %trunc_ln945, i2 0" [spikingformer_official.cpp:945]   --->   Operation 43 'bitconcatenate' 'shl_ln945_1' <Predicate = (!icmp_ln940)> <Delay = 0.00>
ST_1 : Operation 44 [1/1] (0.00ns)   --->   "%zext_ln945 = zext i8 %shl_ln945_1" [spikingformer_official.cpp:945]   --->   Operation 44 'zext' 'zext_ln945' <Predicate = (!icmp_ln940)> <Delay = 0.00>
ST_1 : Operation 45 [1/1] (0.00ns) (grouped into TernaryAdder)   --->   "%add_ln945 = add i64 %zext_ln945, i64 %v381_read" [spikingformer_official.cpp:945]   --->   Operation 45 'add' 'add_ln945' <Predicate = (!icmp_ln940)> <Delay = 0.00> <CoreInst = "TAddSub">   --->   Core 10 'TAddSub' <Latency = 0> <II = 1> <Delay = 0.40> <IPBlock> <Opcode : 'add' 'sub'> <InPorts = 3> <OutPorts = 1> <Sync> <CReg>
ST_1 : Operation 46 [1/1] (0.81ns) (root node of TernaryAdder)   --->   "%add_ln945_1 = add i64 %add_ln945, i64 %zext_ln941" [spikingformer_official.cpp:945]   --->   Operation 46 'add' 'add_ln945_1' <Predicate = (!icmp_ln940)> <Delay = 0.81> <CoreInst = "TAddSub">   --->   Core 10 'TAddSub' <Latency = 0> <II = 1> <Delay = 0.40> <IPBlock> <Opcode : 'add' 'sub'> <InPorts = 3> <OutPorts = 1> <Sync> <CReg>
ST_1 : Operation 47 [1/1] (0.00ns)   --->   "%trunc_ln = partselect i62 @_ssdm_op_PartSelect.i62.i64.i32.i32, i64 %add_ln945_1, i32 2, i32 63" [spikingformer_official.cpp:945]   --->   Operation 47 'partselect' 'trunc_ln' <Predicate = (!icmp_ln940)> <Delay = 0.00>
ST_1 : Operation 48 [1/1] (0.00ns)   --->   "%sext_ln945 = sext i62 %trunc_ln" [spikingformer_official.cpp:945]   --->   Operation 48 'sext' 'sext_ln945' <Predicate = (!icmp_ln940)> <Delay = 0.00>
ST_1 : Operation 49 [1/1] (0.00ns)   --->   "%g0_addr = getelementptr i32 %g0, i64 %sext_ln945" [spikingformer_official.cpp:945]   --->   Operation 49 'getelementptr' 'g0_addr' <Predicate = (!icmp_ln940)> <Delay = 0.00>
ST_1 : Operation 50 [1/1] (0.00ns) (grouped into TernaryAdder)   --->   "%add_ln946 = add i64 %zext_ln945, i64 %v382_read" [spikingformer_official.cpp:946]   --->   Operation 50 'add' 'add_ln946' <Predicate = (!icmp_ln940)> <Delay = 0.00> <CoreInst = "TAddSub">   --->   Core 10 'TAddSub' <Latency = 0> <II = 1> <Delay = 0.40> <IPBlock> <Opcode : 'add' 'sub'> <InPorts = 3> <OutPorts = 1> <Sync> <CReg>
ST_1 : Operation 51 [1/1] (0.81ns) (root node of TernaryAdder)   --->   "%add_ln946_1 = add i64 %add_ln946, i64 %zext_ln941" [spikingformer_official.cpp:946]   --->   Operation 51 'add' 'add_ln946_1' <Predicate = (!icmp_ln940)> <Delay = 0.81> <CoreInst = "TAddSub">   --->   Core 10 'TAddSub' <Latency = 0> <II = 1> <Delay = 0.40> <IPBlock> <Opcode : 'add' 'sub'> <InPorts = 3> <OutPorts = 1> <Sync> <CReg>
ST_1 : Operation 52 [1/1] (0.00ns)   --->   "%trunc_ln8 = partselect i62 @_ssdm_op_PartSelect.i62.i64.i32.i32, i64 %add_ln946_1, i32 2, i32 63" [spikingformer_official.cpp:946]   --->   Operation 52 'partselect' 'trunc_ln8' <Predicate = (!icmp_ln940)> <Delay = 0.00>
ST_1 : Operation 53 [1/1] (0.00ns)   --->   "%sext_ln946 = sext i62 %trunc_ln8" [spikingformer_official.cpp:946]   --->   Operation 53 'sext' 'sext_ln946' <Predicate = (!icmp_ln940)> <Delay = 0.00>
ST_1 : Operation 54 [1/1] (0.00ns)   --->   "%g0_addr_11 = getelementptr i32 %g0, i64 %sext_ln946" [spikingformer_official.cpp:946]   --->   Operation 54 'getelementptr' 'g0_addr_11' <Predicate = (!icmp_ln940)> <Delay = 0.00>
ST_1 : Operation 55 [1/1] (0.77ns)   --->   "%add_ln941 = add i7 %select_ln940, i7 1" [spikingformer_official.cpp:941]   --->   Operation 55 'add' 'add_ln941' <Predicate = (!icmp_ln940)> <Delay = 0.77> <CoreInst = "Adder">   --->   Core 1 'Adder' <Latency = 0> <II = 1> <Delay = 0.77> <FuncUnit> <Opcode : 'add' 'sub'> <InPorts = 2> <OutPorts = 1>
ST_1 : Operation 56 [1/1] (0.42ns)   --->   "%store_ln940 = store i15 %add_ln940_1, i15 %indvar_flatten" [spikingformer_official.cpp:940]   --->   Operation 56 'store' 'store_ln940' <Predicate = (!icmp_ln940)> <Delay = 0.42>
ST_1 : Operation 57 [1/1] (0.42ns)   --->   "%store_ln940 = store i9 %select_ln940_1, i9 %v383" [spikingformer_official.cpp:940]   --->   Operation 57 'store' 'store_ln940' <Predicate = (!icmp_ln940)> <Delay = 0.42>
ST_1 : Operation 58 [1/1] (0.42ns)   --->   "%store_ln941 = store i7 %add_ln941, i7 %v384" [spikingformer_official.cpp:941]   --->   Operation 58 'store' 'store_ln941' <Predicate = (!icmp_ln940)> <Delay = 0.42>

State 2 <SV = 1> <Delay = 0.00>
ST_2 : Operation 59 [8/8] (7.30ns)   --->   "%v385_req = readreq i1 @_ssdm_op_ReadReq.m_axi.i32P1A, i32 %g0_addr, i64 1" [spikingformer_official.cpp:945]   --->   Operation 59 'readreq' 'v385_req' <Predicate = true> <Delay = 7.30> <CoreInst = "m_axi">   --->   Core 119 'm_axi' <Latency = 6> <II = 1> <Delay = 1.00> <Adapter> <Opcode : 'readrequnaligned' 'writerequnaligned' 'read' 'write' 'readreq' 'writereq' 'writeresp'>

State 3 <SV = 2> <Delay = 0.00>
ST_3 : Operation 60 [7/8] (7.30ns)   --->   "%v385_req = readreq i1 @_ssdm_op_ReadReq.m_axi.i32P1A, i32 %g0_addr, i64 1" [spikingformer_official.cpp:945]   --->   Operation 60 'readreq' 'v385_req' <Predicate = true> <Delay = 7.30> <CoreInst = "m_axi">   --->   Core 119 'm_axi' <Latency = 6> <II = 1> <Delay = 1.00> <Adapter> <Opcode : 'readrequnaligned' 'writerequnaligned' 'read' 'write' 'readreq' 'writereq' 'writeresp'>

State 4 <SV = 3> <Delay = 0.00>
ST_4 : Operation 61 [6/8] (7.30ns)   --->   "%v385_req = readreq i1 @_ssdm_op_ReadReq.m_axi.i32P1A, i32 %g0_addr, i64 1" [spikingformer_official.cpp:945]   --->   Operation 61 'readreq' 'v385_req' <Predicate = true> <Delay = 7.30> <CoreInst = "m_axi">   --->   Core 119 'm_axi' <Latency = 6> <II = 1> <Delay = 1.00> <Adapter> <Opcode : 'readrequnaligned' 'writerequnaligned' 'read' 'write' 'readreq' 'writereq' 'writeresp'>

State 5 <SV = 4> <Delay = 0.00>
ST_5 : Operation 62 [5/8] (7.30ns)   --->   "%v385_req = readreq i1 @_ssdm_op_ReadReq.m_axi.i32P1A, i32 %g0_addr, i64 1" [spikingformer_official.cpp:945]   --->   Operation 62 'readreq' 'v385_req' <Predicate = true> <Delay = 7.30> <CoreInst = "m_axi">   --->   Core 119 'm_axi' <Latency = 6> <II = 1> <Delay = 1.00> <Adapter> <Opcode : 'readrequnaligned' 'writerequnaligned' 'read' 'write' 'readreq' 'writereq' 'writeresp'>

State 6 <SV = 5> <Delay = 0.00>
ST_6 : Operation 63 [4/8] (7.30ns)   --->   "%v385_req = readreq i1 @_ssdm_op_ReadReq.m_axi.i32P1A, i32 %g0_addr, i64 1" [spikingformer_official.cpp:945]   --->   Operation 63 'readreq' 'v385_req' <Predicate = true> <Delay = 7.30> <CoreInst = "m_axi">   --->   Core 119 'm_axi' <Latency = 6> <II = 1> <Delay = 1.00> <Adapter> <Opcode : 'readrequnaligned' 'writerequnaligned' 'read' 'write' 'readreq' 'writereq' 'writeresp'>

State 7 <SV = 6> <Delay = 0.00>
ST_7 : Operation 64 [3/8] (7.30ns)   --->   "%v385_req = readreq i1 @_ssdm_op_ReadReq.m_axi.i32P1A, i32 %g0_addr, i64 1" [spikingformer_official.cpp:945]   --->   Operation 64 'readreq' 'v385_req' <Predicate = true> <Delay = 7.30> <CoreInst = "m_axi">   --->   Core 119 'm_axi' <Latency = 6> <II = 1> <Delay = 1.00> <Adapter> <Opcode : 'readrequnaligned' 'writerequnaligned' 'read' 'write' 'readreq' 'writereq' 'writeresp'>

State 8 <SV = 7> <Delay = 0.00>
ST_8 : Operation 65 [2/8] (7.30ns)   --->   "%v385_req = readreq i1 @_ssdm_op_ReadReq.m_axi.i32P1A, i32 %g0_addr, i64 1" [spikingformer_official.cpp:945]   --->   Operation 65 'readreq' 'v385_req' <Predicate = true> <Delay = 7.30> <CoreInst = "m_axi">   --->   Core 119 'm_axi' <Latency = 6> <II = 1> <Delay = 1.00> <Adapter> <Opcode : 'readrequnaligned' 'writerequnaligned' 'read' 'write' 'readreq' 'writereq' 'writeresp'>

State 9 <SV = 8> <Delay = 7.30>
ST_9 : Operation 66 [1/8] ( I:7.30ns O:7.30ns )   --->   "%v385_req = readreq i1 @_ssdm_op_ReadReq.m_axi.i32P1A, i32 %g0_addr, i64 1" [spikingformer_official.cpp:945]   --->   Operation 66 'readreq' 'v385_req' <Predicate = true> <Delay = 7.30> <CoreInst = "m_axi">   --->   Core 119 'm_axi' <Latency = 6> <II = 1> <Delay = 1.00> <Adapter> <Opcode : 'readrequnaligned' 'writerequnaligned' 'read' 'write' 'readreq' 'writereq' 'writeresp'>

State 10 <SV = 9> <Delay = 7.30>
ST_10 : Operation 67 [1/1] ( I:7.30ns O:7.30ns )   --->   "%v385 = read i32 @_ssdm_op_Read.m_axi.i32P1A, i32 %g0_addr" [spikingformer_official.cpp:945]   --->   Operation 67 'read' 'v385' <Predicate = true> <Delay = 7.30> <CoreInst = "m_axi">   --->   Core 119 'm_axi' <Latency = 3> <II = 1> <Delay = 1.00> <Adapter> <Opcode : 'readrequnaligned' 'writerequnaligned' 'read' 'write' 'readreq' 'writereq' 'writeresp'>
ST_10 : Operation 68 [1/1] ( I:7.30ns O:7.30ns )   --->   "%g0_addr_36_req = writereq i1 @_ssdm_op_WriteReq.m_axi.i32P1A, i32 %g0_addr_11, i64 1" [spikingformer_official.cpp:946]   --->   Operation 68 'writereq' 'g0_addr_36_req' <Predicate = true> <Delay = 7.30> <CoreInst = "m_axi">   --->   Core 119 'm_axi' <Latency = 9> <II = 1> <Delay = 1.00> <Adapter> <Opcode : 'readrequnaligned' 'writerequnaligned' 'read' 'write' 'readreq' 'writereq' 'writeresp'>

State 11 <SV = 10> <Delay = 7.30>
ST_11 : Operation 69 [1/1] ( I:7.30ns O:7.30ns )   --->   "%write_ln946 = write void @_ssdm_op_Write.m_axi.i32P1A, i32 %g0_addr_11, i32 %v385, i4 15" [spikingformer_official.cpp:946]   --->   Operation 69 'write' 'write_ln946' <Predicate = true> <Delay = 7.30> <CoreInst = "m_axi">   --->   Core 119 'm_axi' <Latency = 5> <II = 1> <Delay = 1.00> <Adapter> <Opcode : 'readrequnaligned' 'writerequnaligned' 'read' 'write' 'readreq' 'writereq' 'writeresp'>

State 12 <SV = 11> <Delay = 0.00>
ST_12 : Operation 70 [5/5] (7.30ns)   --->   "%g0_addr_36_resp = writeresp i1 @_ssdm_op_WriteResp.m_axi.i32P1A, i32 %g0_addr_11" [spikingformer_official.cpp:946]   --->   Operation 70 'writeresp' 'g0_addr_36_resp' <Predicate = true> <Delay = 7.30> <CoreInst = "m_axi">   --->   Core 119 'm_axi' <Latency = 3> <II = 1> <Delay = 1.00> <Adapter> <Opcode : 'readrequnaligned' 'writerequnaligned' 'read' 'write' 'readreq' 'writereq' 'writeresp'>

State 13 <SV = 12> <Delay = 0.00>
ST_13 : Operation 71 [4/5] (7.30ns)   --->   "%g0_addr_36_resp = writeresp i1 @_ssdm_op_WriteResp.m_axi.i32P1A, i32 %g0_addr_11" [spikingformer_official.cpp:946]   --->   Operation 71 'writeresp' 'g0_addr_36_resp' <Predicate = true> <Delay = 7.30> <CoreInst = "m_axi">   --->   Core 119 'm_axi' <Latency = 3> <II = 1> <Delay = 1.00> <Adapter> <Opcode : 'readrequnaligned' 'writerequnaligned' 'read' 'write' 'readreq' 'writereq' 'writeresp'>

State 14 <SV = 13> <Delay = 0.00>
ST_14 : Operation 72 [3/5] (7.30ns)   --->   "%g0_addr_36_resp = writeresp i1 @_ssdm_op_WriteResp.m_axi.i32P1A, i32 %g0_addr_11" [spikingformer_official.cpp:946]   --->   Operation 72 'writeresp' 'g0_addr_36_resp' <Predicate = true> <Delay = 7.30> <CoreInst = "m_axi">   --->   Core 119 'm_axi' <Latency = 3> <II = 1> <Delay = 1.00> <Adapter> <Opcode : 'readrequnaligned' 'writerequnaligned' 'read' 'write' 'readreq' 'writereq' 'writeresp'>

State 15 <SV = 14> <Delay = 0.42>
ST_15 : Operation 73 [2/5] (7.30ns)   --->   "%g0_addr_36_resp = writeresp i1 @_ssdm_op_WriteResp.m_axi.i32P1A, i32 %g0_addr_11" [spikingformer_official.cpp:946]   --->   Operation 73 'writeresp' 'g0_addr_36_resp' <Predicate = true> <Delay = 7.30> <CoreInst = "m_axi">   --->   Core 119 'm_axi' <Latency = 3> <II = 1> <Delay = 1.00> <Adapter> <Opcode : 'readrequnaligned' 'writerequnaligned' 'read' 'write' 'readreq' 'writereq' 'writeresp'>
ST_15 : Operation 79 [1/1] (0.42ns)   --->   "%ret_ln949 = ret" [spikingformer_official.cpp:949]   --->   Operation 79 'ret' 'ret_ln949' <Predicate = (icmp_ln940)> <Delay = 0.42>

State 16 <SV = 15> <Delay = 7.30>
ST_16 : Operation 74 [1/1] (0.00ns)   --->   "%specloopname_ln0 = specloopname void @_ssdm_op_SpecLoopName, void @VITIS_LOOP_940_1_VITIS_LOOP_941_2_str"   --->   Operation 74 'specloopname' 'specloopname_ln0' <Predicate = true> <Delay = 0.00>
ST_16 : Operation 75 [1/1] (0.00ns)   --->   "%speclooptripcount_ln0 = speclooptripcount void @_ssdm_op_SpecLoopTripCount, i64 24576, i64 24576, i64 24576"   --->   Operation 75 'speclooptripcount' 'speclooptripcount_ln0' <Predicate = true> <Delay = 0.00>
ST_16 : Operation 76 [1/1] (0.00ns)   --->   "%specpipeline_ln942 = specpipeline void @_ssdm_op_SpecPipeline, i32 1, i32 0, i32 0, i32 0, i32 4294967295, void @empty_35" [spikingformer_official.cpp:942]   --->   Operation 76 'specpipeline' 'specpipeline_ln942' <Predicate = true> <Delay = 0.00>
ST_16 : Operation 77 [1/5] ( I:7.30ns O:7.30ns )   --->   "%g0_addr_36_resp = writeresp i1 @_ssdm_op_WriteResp.m_axi.i32P1A, i32 %g0_addr_11" [spikingformer_official.cpp:946]   --->   Operation 77 'writeresp' 'g0_addr_36_resp' <Predicate = true> <Delay = 7.30> <CoreInst = "m_axi">   --->   Core 119 'm_axi' <Latency = 3> <II = 1> <Delay = 1.00> <Adapter> <Opcode : 'readrequnaligned' 'writerequnaligned' 'read' 'write' 'readreq' 'writereq' 'writeresp'>
ST_16 : Operation 78 [1/1] (0.00ns)   --->   "%br_ln941 = br void %for.inc" [spikingformer_official.cpp:941]   --->   Operation 78 'br' 'br_ln941' <Predicate = true> <Delay = 0.00>


============================================================
+ Verbose Summary: Timing violations
============================================================
Target clock period: 10.000ns, clock uncertainty: 2.700ns.

 <State 1>: 2.760ns
The critical path consists of the following:
	'store' operation ('store_ln941', spikingformer_official.cpp:941) of constant 0 7 bit on local variable 'v384', spikingformer_official.cpp:941 [13]  (0.427 ns)
	'load' operation 7 bit ('v384_load', spikingformer_official.cpp:941) on local variable 'v384', spikingformer_official.cpp:941 [21]  (0.000 ns)
	'icmp' operation 1 bit ('icmp_ln941', spikingformer_official.cpp:941) [26]  (0.773 ns)
	'select' operation 7 bit ('select_ln940', spikingformer_official.cpp:940) [27]  (0.360 ns)
	'add' operation 7 bit ('add_ln941', spikingformer_official.cpp:941) [50]  (0.773 ns)
	'store' operation ('store_ln941', spikingformer_official.cpp:941) of variable 'add_ln941', spikingformer_official.cpp:941 7 bit on local variable 'v384', spikingformer_official.cpp:941 [53]  (0.427 ns)

 <State 2>: 0.000ns
The critical path consists of the following:

 <State 3>: 0.000ns
The critical path consists of the following:

 <State 4>: 0.000ns
The critical path consists of the following:

 <State 5>: 0.000ns
The critical path consists of the following:

 <State 6>: 0.000ns
The critical path consists of the following:

 <State 7>: 0.000ns
The critical path consists of the following:

 <State 8>: 0.000ns
The critical path consists of the following:

 <State 9>: 7.300ns
The critical path consists of the following:
	bus request operation ('v385_req', spikingformer_official.cpp:945) on port 'g0' (spikingformer_official.cpp:945) [40]  (7.300 ns)

 <State 10>: 7.300ns
The critical path consists of the following:
	bus read operation ('v385', spikingformer_official.cpp:945) on port 'g0' (spikingformer_official.cpp:945) [41]  (7.300 ns)

 <State 11>: 7.300ns
The critical path consists of the following:
	bus write operation ('write_ln946', spikingformer_official.cpp:946) on port 'g0' (spikingformer_official.cpp:946) [48]  (7.300 ns)

 <State 12>: 0.000ns
The critical path consists of the following:

 <State 13>: 0.000ns
The critical path consists of the following:

 <State 14>: 0.000ns
The critical path consists of the following:

 <State 15>: 0.427ns
The critical path consists of the following:

 <State 16>: 7.300ns
The critical path consists of the following:
	bus response operation ('g0_addr_36_resp', spikingformer_official.cpp:946) on port 'g0' (spikingformer_official.cpp:946) [49]  (7.300 ns)


============================================================
+ Verbose Summary: Binding
============================================================
N/A
* FSMD analyzer results:
  - Output states:
 - Input state : 
  - Chain level:
	State 1
	State 2
	State 3
	State 4
	State 5
	State 6
	State 7
	State 8
	State 9
	State 10
	State 11
	State 12
	State 13
	State 14
	State 15
	State 16


============================================================
+ Verbose Summary: Datapath Resource usage 
============================================================
N/A
