

================================================================
== Vitis HLS Report for 'kernel69'
================================================================
* Date:           Sun Jul 12 20:26:43 2026

* Version:        2025.2 (Build 6295257 on Nov 14 2025)
* Project:        spikingformer_proj
* Solution:       solution1 (Vivado IP Flow Target)
* Product family: zynquplus
* Target device:  xczu7ev-ffvc1156-2-e


================================================================
== Performance Estimates
================================================================
+ Timing: 
    * Summary: 
    +--------+----------+----------+------------+
    |  Clock |  Target  | Estimated| Uncertainty|
    +--------+----------+----------+------------+
    |ap_clk  |  10.00 ns|  7.300 ns|     2.70 ns|
    +--------+----------+----------+------------+

+ Latency: 
    * Summary: 
    +---------+---------+----------+----------+-----+-----+-------------------+
    |  Latency (cycles) |  Latency (absolute) |  Interval |      Pipeline     |
    |   min   |   max   |    min   |    max   | min | max |        Type       |
    +---------+---------+----------+----------+-----+-----+-------------------+
    |    24592|    24592|  0.246 ms|  0.246 ms|    0|    0|  loop pipeline stp|
    +---------+---------+----------+----------+-----+-----+-------------------+

    + Detail: 
        * Instance: 
        N/A

        * Loop: 
        +-------------------------------------+---------+---------+----------+-----------+-----------+-------+----------+
        |                                     |  Latency (cycles) | Iteration|  Initiation Interval  |  Trip |          |
        |              Loop Name              |   min   |   max   |  Latency |  achieved |   target  | Count | Pipelined|
        +-------------------------------------+---------+---------+----------+-----------+-----------+-------+----------+
        |- VITIS_LOOP_940_1_VITIS_LOOP_941_2  |    24590|    24590|        16|          1|          1|  24576|       yes|
        +-------------------------------------+---------+---------+----------+-----------+-----------+-------+----------+



================================================================
== Utilization Estimates
================================================================
* Summary: 
+-----------------+---------+------+--------+--------+-----+
|       Name      | BRAM_18K|  DSP |   FF   |   LUT  | URAM|
+-----------------+---------+------+--------+--------+-----+
|DSP              |        -|     -|       -|       -|    -|
|Expression       |        -|     -|       0|     375|    -|
|FIFO             |        -|     -|       -|       -|    -|
|Instance         |        -|     -|       -|       -|    -|
|Memory           |        -|     -|       -|       -|    -|
|Multiplexer      |        -|     -|       0|     117|    -|
|Register         |        -|     -|     290|      32|    -|
+-----------------+---------+------+--------+--------+-----+
|Total            |        0|     0|     290|     524|    0|
+-----------------+---------+------+--------+--------+-----+
|Available        |      624|  1728|  460800|  230400|   96|
+-----------------+---------+------+--------+--------+-----+
|Utilization (%)  |        0|     0|      ~0|      ~0|    0|
+-----------------+---------+------+--------+--------+-----+

+ Detail: 
    * Instance: 
    N/A

    * DSP: 
    N/A

    * Memory: 
    N/A

    * FIFO: 
    N/A

    * Expression: 
    +--------------------------------+----------+----+---+----+------------+------------+
    |          Variable Name         | Operation| DSP| FF| LUT| Bitwidth P0| Bitwidth P1|
    +--------------------------------+----------+----+---+----+------------+------------+
    |add_ln940_1_fu_168_p2           |         +|   0|  0|  22|          15|           1|
    |add_ln940_fu_180_p2             |         +|   0|  0|  16|           9|           1|
    |add_ln941_fu_300_p2             |         +|   0|  0|  14|           7|           1|
    |add_ln945_1_fu_242_p2           |         +|   0|  0|  64|          64|          64|
    |add_ln945_fu_236_p2             |         +|   0|  0|  64|          64|          64|
    |add_ln946_1_fu_274_p2           |         +|   0|  0|  64|          64|          64|
    |add_ln946_fu_268_p2             |         +|   0|  0|  64|          64|          64|
    |ap_block_pp0_stage0_01001_grp2  |       and|   0|  0|   2|           1|           1|
    |ap_block_pp0_stage0_11001_grp1  |       and|   0|  0|   2|           1|           1|
    |ap_block_pp0_stage0_11001_grp3  |       and|   0|  0|   2|           1|           1|
    |ap_block_pp0_stage0_11001_grp5  |       and|   0|  0|   2|           1|           1|
    |icmp_ln940_fu_162_p2            |      icmp|   0|  0|  22|          15|          15|
    |icmp_ln941_fu_186_p2            |      icmp|   0|  0|  15|           7|           8|
    |ap_block_pp0_stage0_11001       |        or|   0|  0|   2|           1|           1|
    |ap_block_pp0_stage0_11001_grp2  |        or|   0|  0|   2|           1|           1|
    |select_ln940_1_fu_200_p3        |    select|   0|  0|   9|           1|           9|
    |select_ln940_fu_192_p3          |    select|   0|  0|   7|           1|           1|
    |ap_enable_pp0                   |       xor|   0|  0|   2|           1|           2|
    +--------------------------------+----------+----+---+----+------------+------------+
    |Total                           |          |   0|  0| 375|         318|         300|
    +--------------------------------+----------+----+---+----+------------+------------+

    * Multiplexer: 
    +--------------------------------------+----+-----------+-----+-----------+
    |                 Name                 | LUT| Input Size| Bits| Total Bits|
    +--------------------------------------+----+-----------+-----+-----------+
    |ap_done_int                           |   9|          2|    1|          2|
    |ap_enable_reg_pp0_iter1               |   9|          2|    1|          2|
    |ap_sig_allocacmp_indvar_flatten_load  |   9|          2|   15|         30|
    |ap_sig_allocacmp_v383_load            |   9|          2|    9|         18|
    |ap_sig_allocacmp_v384_load            |   9|          2|    7|         14|
    |g0_blk_n_AR                           |   9|          2|    1|          2|
    |g0_blk_n_AW                           |   9|          2|    1|          2|
    |g0_blk_n_B                            |   9|          2|    1|          2|
    |g0_blk_n_R                            |   9|          2|    1|          2|
    |g0_blk_n_W                            |   9|          2|    1|          2|
    |indvar_flatten_fu_96                  |   9|          2|   15|         30|
    |v383_fu_92                            |   9|          2|    9|         18|
    |v384_fu_88                            |   9|          2|    7|         14|
    +--------------------------------------+----+-----------+-----+-----------+
    |Total                                 | 117|         26|   69|        138|
    +--------------------------------------+----+-----------+-----+-----------+

    * Register: 
    +-------------------------------------------+----+----+-----+-----------+
    |                    Name                   | FF | LUT| Bits| Const Bits|
    +-------------------------------------------+----+----+-----+-----------+
    |ap_CS_fsm                                  |   1|   0|    1|          0|
    |ap_block_pp0_stage0_subdone_grp1_done_reg  |   1|   0|    1|          0|
    |ap_block_pp0_stage0_subdone_grp2_done_reg  |   1|   0|    1|          0|
    |ap_block_pp0_stage0_subdone_grp3_done_reg  |   1|   0|    1|          0|
    |ap_block_pp0_stage0_subdone_grp5_done_reg  |   1|   0|    1|          0|
    |ap_done_reg                                |   1|   0|    1|          0|
    |ap_enable_reg_pp0_iter1                    |   1|   0|    1|          0|
    |ap_enable_reg_pp0_iter10                   |   1|   0|    1|          0|
    |ap_enable_reg_pp0_iter11                   |   1|   0|    1|          0|
    |ap_enable_reg_pp0_iter12                   |   1|   0|    1|          0|
    |ap_enable_reg_pp0_iter13                   |   1|   0|    1|          0|
    |ap_enable_reg_pp0_iter14                   |   1|   0|    1|          0|
    |ap_enable_reg_pp0_iter15                   |   1|   0|    1|          0|
    |ap_enable_reg_pp0_iter2                    |   1|   0|    1|          0|
    |ap_enable_reg_pp0_iter3                    |   1|   0|    1|          0|
    |ap_enable_reg_pp0_iter4                    |   1|   0|    1|          0|
    |ap_enable_reg_pp0_iter5                    |   1|   0|    1|          0|
    |ap_enable_reg_pp0_iter6                    |   1|   0|    1|          0|
    |ap_enable_reg_pp0_iter7                    |   1|   0|    1|          0|
    |ap_enable_reg_pp0_iter8                    |   1|   0|    1|          0|
    |ap_enable_reg_pp0_iter9                    |   1|   0|    1|          0|
    |ap_loop_exit_ready_pp0_iter10_reg          |   1|   0|    1|          0|
    |ap_loop_exit_ready_pp0_iter11_reg          |   1|   0|    1|          0|
    |ap_loop_exit_ready_pp0_iter12_reg          |   1|   0|    1|          0|
    |ap_loop_exit_ready_pp0_iter13_reg          |   1|   0|    1|          0|
    |ap_loop_exit_ready_pp0_iter14_reg          |   1|   0|    1|          0|
    |ap_loop_exit_ready_pp0_iter1_reg           |   1|   0|    1|          0|
    |ap_loop_exit_ready_pp0_iter2_reg           |   1|   0|    1|          0|
    |ap_loop_exit_ready_pp0_iter3_reg           |   1|   0|    1|          0|
    |ap_loop_exit_ready_pp0_iter4_reg           |   1|   0|    1|          0|
    |ap_loop_exit_ready_pp0_iter5_reg           |   1|   0|    1|          0|
    |ap_loop_exit_ready_pp0_iter6_reg           |   1|   0|    1|          0|
    |ap_loop_exit_ready_pp0_iter7_reg           |   1|   0|    1|          0|
    |ap_loop_exit_ready_pp0_iter8_reg           |   1|   0|    1|          0|
    |ap_loop_exit_ready_pp0_iter9_reg           |   1|   0|    1|          0|
    |g0_addr_11_reg_352                         |  64|   0|   64|          0|
    |g0_addr_reg_346                            |  64|   0|   64|          0|
    |indvar_flatten_fu_96                       |  15|   0|   15|          0|
    |v383_fu_92                                 |   9|   0|    9|          0|
    |v384_fu_88                                 |   7|   0|    7|          0|
    |v385_reg_359                               |  32|   0|   32|          0|
    |g0_addr_11_reg_352                         |  64|  32|   64|          0|
    +-------------------------------------------+----+----+-----+-----------+
    |Total                                      | 290|  32|  290|          0|
    +-------------------------------------------+----+----+-----+-----------+



================================================================
== Interface
================================================================
* Summary: 
+---------------------+-----+-----+------------+--------------+--------------+
|      RTL Ports      | Dir | Bits|  Protocol  | Source Object|    C Type    |
+---------------------+-----+-----+------------+--------------+--------------+
|ap_clk               |   in|    1|  ap_ctrl_hs|      kernel69|  return value|
|ap_rst               |   in|    1|  ap_ctrl_hs|      kernel69|  return value|
|ap_start             |   in|    1|  ap_ctrl_hs|      kernel69|  return value|
|ap_done              |  out|    1|  ap_ctrl_hs|      kernel69|  return value|
|ap_idle              |  out|    1|  ap_ctrl_hs|      kernel69|  return value|
|ap_ready             |  out|    1|  ap_ctrl_hs|      kernel69|  return value|
|m_axi_g0_0_AWVALID   |  out|    1|       m_axi|            g0|       pointer|
|m_axi_g0_0_AWREADY   |   in|    1|       m_axi|            g0|       pointer|
|m_axi_g0_0_AWADDR    |  out|   64|       m_axi|            g0|       pointer|
|m_axi_g0_0_AWID      |  out|    1|       m_axi|            g0|       pointer|
|m_axi_g0_0_AWLEN     |  out|   32|       m_axi|            g0|       pointer|
|m_axi_g0_0_AWSIZE    |  out|    3|       m_axi|            g0|       pointer|
|m_axi_g0_0_AWBURST   |  out|    2|       m_axi|            g0|       pointer|
|m_axi_g0_0_AWLOCK    |  out|    2|       m_axi|            g0|       pointer|
|m_axi_g0_0_AWCACHE   |  out|    4|       m_axi|            g0|       pointer|
|m_axi_g0_0_AWPROT    |  out|    3|       m_axi|            g0|       pointer|
|m_axi_g0_0_AWQOS     |  out|    4|       m_axi|            g0|       pointer|
|m_axi_g0_0_AWREGION  |  out|    4|       m_axi|            g0|       pointer|
|m_axi_g0_0_AWUSER    |  out|    1|       m_axi|            g0|       pointer|
|m_axi_g0_0_WVALID    |  out|    1|       m_axi|            g0|       pointer|
|m_axi_g0_0_WREADY    |   in|    1|       m_axi|            g0|       pointer|
|m_axi_g0_0_WDATA     |  out|   32|       m_axi|            g0|       pointer|
|m_axi_g0_0_WSTRB     |  out|    4|       m_axi|            g0|       pointer|
|m_axi_g0_0_WLAST     |  out|    1|       m_axi|            g0|       pointer|
|m_axi_g0_0_WID       |  out|    1|       m_axi|            g0|       pointer|
|m_axi_g0_0_WUSER     |  out|    1|       m_axi|            g0|       pointer|
|m_axi_g0_0_ARVALID   |  out|    1|       m_axi|            g0|       pointer|
|m_axi_g0_0_ARREADY   |   in|    1|       m_axi|            g0|       pointer|
|m_axi_g0_0_ARADDR    |  out|   64|       m_axi|            g0|       pointer|
|m_axi_g0_0_ARID      |  out|    1|       m_axi|            g0|       pointer|
|m_axi_g0_0_ARLEN     |  out|   32|       m_axi|            g0|       pointer|
|m_axi_g0_0_ARSIZE    |  out|    3|       m_axi|            g0|       pointer|
|m_axi_g0_0_ARBURST   |  out|    2|       m_axi|            g0|       pointer|
|m_axi_g0_0_ARLOCK    |  out|    2|       m_axi|            g0|       pointer|
|m_axi_g0_0_ARCACHE   |  out|    4|       m_axi|            g0|       pointer|
|m_axi_g0_0_ARPROT    |  out|    3|       m_axi|            g0|       pointer|
|m_axi_g0_0_ARQOS     |  out|    4|       m_axi|            g0|       pointer|
|m_axi_g0_0_ARREGION  |  out|    4|       m_axi|            g0|       pointer|
|m_axi_g0_0_ARUSER    |  out|    1|       m_axi|            g0|       pointer|
|m_axi_g0_0_RVALID    |   in|    1|       m_axi|            g0|       pointer|
|m_axi_g0_0_RREADY    |  out|    1|       m_axi|            g0|       pointer|
|m_axi_g0_0_RDATA     |   in|   32|       m_axi|            g0|       pointer|
|m_axi_g0_0_RLAST     |   in|    1|       m_axi|            g0|       pointer|
|m_axi_g0_0_RID       |   in|    1|       m_axi|            g0|       pointer|
|m_axi_g0_0_RFIFONUM  |   in|    9|       m_axi|            g0|       pointer|
|m_axi_g0_0_RUSER     |   in|    1|       m_axi|            g0|       pointer|
|m_axi_g0_0_RRESP     |   in|    2|       m_axi|            g0|       pointer|
|m_axi_g0_0_BVALID    |   in|    1|       m_axi|            g0|       pointer|
|m_axi_g0_0_BREADY    |  out|    1|       m_axi|            g0|       pointer|
|m_axi_g0_0_BRESP     |   in|    2|       m_axi|            g0|       pointer|
|m_axi_g0_0_BID       |   in|    1|       m_axi|            g0|       pointer|
|m_axi_g0_0_BUSER     |   in|    1|       m_axi|            g0|       pointer|
|v381                 |   in|   64|     ap_none|          v381|        scalar|
|v382                 |   in|   64|     ap_none|          v382|        scalar|
+---------------------+-----+-----+------------+--------------+--------------+

============================================================
+ Verbose Summary: Synthesis Manager
============================================================
InlineROM: 1
ExposeGlobal: 0
============================================================
+ Verbose Summary: CDFG Model
============================================================
IsTopModel: 0
ResetActiveHigh: 1
IsCombinational: 2
IsDatapathOnly: 2
HasWiredReturn: 1
HasMFsm: 2
HasVarLatency: 1
IsPipeline: 0
IsRtlPipelined: 0
IsInstanceOverlapped: 0
IsDontTouch: 0
HasImplIP: 0
IsGatedGlobalClock: 0

+ Individual pipeline summary: 
  * Pipeline-0: initiation interval (II) = 1, depth = 16


============================================================
+ Verbose Summary: Schedule
============================================================
* Number of FSM states : 16
* Pipeline : 1
  Pipeline-0 : II = 1, D = 16, States = { 1 2 3 4 5 6 7 8 9 10 11 12 13 14 15 16 }
* Dataflow Pipeline: 0

* FSM state transitions: 
1 --> 2 
2 --> 3 
3 --> 4 
4 --> 5 
5 --> 6 
6 --> 7 
7 --> 8 
8 --> 9 
9 --> 10 
10 --> 11 
11 --> 12 
12 --> 13 
13 --> 14 
14 --> 15 
15 --> 16 
16 --> 

* FSM state operations: 

State 1 <SV = 0> <Delay = 2.76>
ST_1 : Operation 19 [1/1] (0.00ns)   --->   "%v384 = alloca i32 1" [spikingformer_official.cpp:941]   --->   Operation 19 'alloca' 'v384' <Predicate = true> <Delay = 0.00>
ST_1 : Operation 20 [1/1] (0.00ns)   --->   "%v383 = alloca i32 1" [spikingformer_official.cpp:940]   --->   Operation 20 'alloca' 'v383' <Predicate = true> <Delay = 0.00>
ST_1 : Operation 21 [1/1] (0.00ns)   --->   "%indvar_flatten = alloca i32 1"   --->   Operation 21 'alloca' 'indvar_flatten' <Predicate = true> <Delay = 0.00>
ST_1 : Operation 22 [1/1] (0.00ns)   --->   "%specstablecontent_ln0 = specstablecontent void @_ssdm_op_SpecStableContent, i32 %g0, i1 1, void "   --->   Operation 22 'specstablecontent' 'specstablecontent_ln0' <Predicate = true> <Delay = 0.00>
ST_1 : Operation 23 [1/1] (0.00ns)   --->   "%specinterface_ln0 = specinterface void @_ssdm_op_SpecInterface, i32 %g0, void @empty_26, i32 0, i32 0, void @empty_35, i32 0, i32 0, void @empty_22, void @empty_25, void @empty_35, i32 16, i32 16, i32 16, i32 16, void @empty_35, void @empty_35, i32 4294967295, i32 0, i32 0, i32 4"   --->   Operation 23 'specinterface' 'specinterface_ln0' <Predicate = true> <Delay = 0.00>
ST_1 : Operation 24 [1/1] (0.00ns)   --->   "%v382_read = read i64 @_ssdm_op_Read.ap_auto.i64, i64 %v382" [spikingformer_official.cpp:937]   --->   Operation 24 'read' 'v382_read' <Predicate = true> <Delay = 0.00>
ST_1 : Operation 25 [1/1] (0.00ns)   --->   "%v381_read = read i64 @_ssdm_op_Read.ap_auto.i64, i64 %v381" [spikingformer_official.cpp:937]   --->   Operation 25 'read' 'v381_read' <Predicate = true> <Delay = 0.00>
ST_1 : Operation 26 [1/1] (0.42ns)   --->   "%store_ln0 = store i15 0, i15 %indvar_flatten"   --->   Operation 26 'store' 'store_ln0' <Predicate = true> <Delay = 0.42>
ST_1 : Operation 27 [1/1] (0.42ns)   --->   "%store_ln940 = store i9 0, i9 %v383" [spikingformer_official.cpp:940]   --->   Operation 27 'store' 'store_ln940' <Predicate = true> <Delay = 0.42>
ST_1 : Operation 28 [1/1] (0.42ns)   --->   "%store_ln941 = store i7 0, i7 %v384" [spikingformer_official.cpp:941]   --->   Operation 28 'store' 'store_ln941' <Predicate = true> <Delay = 0.42>
ST_1 : Operation 29 [1/1] (0.00ns)   --->   "%br_ln940 = br void %for.inc" [spikingformer_official.cpp:940]   --->   Operation 29 'br' 'br_ln940' <Predicate = true> <Delay = 0.00>
ST_1 : Operation 30 [1/1] (0.00ns)   --->   "%indvar_flatten_load = load i15 %indvar_flatten" [spikingformer_official.cpp:940]   --->   Operation 30 'load' 'indvar_flatten_load' <Predicate = true> <Delay = 0.00>
ST_1 : Operation 31 [1/1] (0.84ns)   --->   "%icmp_ln940 = icmp_eq  i15 %indvar_flatten_load, i15 24576" [spikingformer_official.cpp:940]   --->   Operation 31 'icmp' 'icmp_ln940' <Predicate = true> <Delay = 0.84> <CoreInst = "Cmp">   --->   Core 9 'Cmp' <Latency = 0> <II = 1> <Delay = 0.84> <FuncUnit> <Opcode : 'seteq' 'setne' 'setle' 'setge' 'setlt' 'setgt'> <InPorts = 2> <OutPorts = 1>
ST_1 : Operation 32 [1/1] (0.84ns)   --->   "%add_ln940_1 = add i15 %indvar_flatten_load, i15 1" [spikingformer_official.cpp:940]   --->   Operation 32 'add' 'add_ln940_1' <Predicate = true> <Delay = 0.84> <CoreInst = "Adder">   --->   Core 1 'Adder' <Latency = 0> <II = 1> <Delay = 0.84> <FuncUnit> <Opcode : 'add' 'sub'> <InPorts = 2> <OutPorts = 1>
ST_1 : Operation 33 [1/1] (0.00ns)   --->   "%br_ln940 = br i1 %icmp_ln940, void %for.inc13, void %for.end15" [spikingformer_official.cpp:940]   --->   Operation 33 'br' 'br_ln940' <Predicate = true> <Delay = 0.00>
ST_1 : Operation 34 [1/1] (0.00ns)   --->   "%v384_load = load i7 %v384" [spikingformer_official.cpp:941]   --->   Operation 34 'load' 'v384_load' <Predicate = (!icmp_ln940)> <Delay = 0.00>
ST_1 : Operation 35 [1/1] (0.00ns)   --->   "%v383_load = load i9 %v383" [spikingformer_official.cpp:940]   --->   Operation 35 'load' 'v383_load' <Predicate = (!icmp_ln940)> <Delay = 0.00>
ST_1 : Operation 36 [1/1] (0.77ns)   --->   "%add_ln940 = add i9 %v383_load, i9 1" [spikingformer_official.cpp:940]   --->   Operation 36 'add' 'add_ln940' <Predicate = (!icmp_ln940)> <Delay = 0.77> <CoreInst = "Adder">   --->   Core 1 'Adder' <Latency = 0> <II = 1> <Delay = 0.77> <FuncUnit> <Opcode : 'add' 'sub'> <InPorts = 2> <OutPorts = 1>
ST_1 : Operation 37 [1/1] (0.77ns)   --->   "%icmp_ln941 = icmp_eq  i7 %v384_load, i7 64" [spikingformer_official.cpp:941]   --->   Operation 37 'icmp' 'icmp_ln941' <Predicate = (!icmp_ln940)> <Delay = 0.77> <CoreInst = "Cmp">   --->   Core 9 'Cmp' <Latency = 0> <II = 1> <Delay = 0.76> <FuncUnit> <Opcode : 'seteq' 'setne' 'setle' 'setge' 'setlt' 'setgt'> <InPorts = 2> <OutPorts = 1>
ST_1 : Operation 38 [1/1] (0.36ns)   --->   "%select_ln940 = select i1 %icmp_ln941, i7 0, i7 %v384_load" [spikingformer_official.cpp:940]   --->   Operation 38 'select' 'select_ln940' <Predicate = (!icmp_ln940)> <Delay = 0.36> <CoreInst = "Sel">   --->   Core 73 'Sel' <Latency = 0> <II = 1> <Delay = 0.36> <FuncUnit> <Opcode : 'select'> <InPorts = 3> <OutPorts = 1>
ST_1 : Operation 39 [1/1] (0.39ns)   --->   "%select_ln940_1 = select i1 %icmp_ln941, i9 %add_ln940, i9 %v383_load" [spikingformer_official.cpp:940]   --->   Operation 39 'select' 'select_ln940_1' <Predicate = (!icmp_ln940)> <Delay = 0.39> <CoreInst = "Sel">   --->   Core 73 'Sel' <Latency = 0> <II = 1> <Delay = 0.39> <FuncUnit> <Opcode : 'select'> <InPorts = 3> <OutPorts = 1>
ST_1 : Operation 40 [1/1] (0.00ns)   --->   "%shl_ln = bitconcatenate i17 @_ssdm_op_BitConcatenate.i17.i9.i8, i9 %select_ln940_1, i8 0" [spikingformer_official.cpp:945]   --->   Operation 40 'bitconcatenate' 'shl_ln' <Predicate = (!icmp_ln940)> <Delay = 0.00>
ST_1 : Operation 41 [1/1] (0.00ns)   --->   "%zext_ln941 = zext i17 %shl_ln" [spikingformer_official.cpp:941]   --->   Operation 41 'zext' 'zext_ln941' <Predicate = (!icmp_ln940)> <Delay = 0.00>
ST_1 : Operation 42 [1/1] (0.00ns)   --->   "%trunc_ln945 = trunc i7 %select_ln940" [spikingformer_official.cpp:945]   --->   Operation 42 'trunc' 'trunc_ln945' <Predicate = (!icmp_ln940)> <Delay = 0.00>
ST_1 : Operation 43 [1/1] (0.00ns)   --->   "%shl_ln945_1 = bitconcatenate i8 @_ssdm_op_BitConcatenate.i8.i6.i2, i6 %trunc_ln945, i2 0" [spikingformer_official.cpp:945]   --->   Operation 43 'bitconcatenate' 'shl_ln945_1' <Predicate = (!icmp_ln940)> <Delay = 0.00>
ST_1 : Operation 44 [1/1] (0.00ns)   --->   "%zext_ln945 = zext i8 %shl_ln945_1" [spikingformer_official.cpp:945]   --->   Operation 44 'zext' 'zext_ln945' <Predicate = (!icmp_ln940)> <Delay = 0.00>
ST_1 : Operation 45 [1/1] (0.00ns) (grouped into TernaryAdder)   --->   "%add_ln945 = add i64 %zext_ln945, i64 %v381_read" [spikingformer_official.cpp:945]   --->   Operation 45 'add' 'add_ln945' <Predicate = (!icmp_ln940)> <Delay = 0.00> <CoreInst = "TAddSub">   --->   Core 10 'TAddSub' <Latency = 0> <II = 1> <Delay = 0.40> <IPBlock> <Opcode : 'add' 'sub'> <InPorts = 3> <OutPorts = 1> <Sync> <CReg>
ST_1 : Operation 46 [1/1] (0.81ns) (root node of TernaryAdder)   --->   "%add_ln945_1 = add i64 %add_ln945, i64 %zext_ln941" [spikingformer_official.cpp:945]   --->   Operation 46 'add' 'add_ln945_1' <Predicate = (!icmp_ln940)> <Delay = 0.81> <CoreInst = "TAddSub">   --->   Core 10 'TAddSub' <Latency = 0> <II = 1> <Delay = 0.40> <IPBlock> <Opcode : 'add' 'sub'> <InPorts = 3> <OutPorts = 1> <Sync> <CReg>
ST_1 : Operation 47 [1/1] (0.00ns)   --->   "%trunc_ln = partselect i62 @_ssdm_op_PartSelect.i62.i64.i32.i32, i64 %add_ln945_1, i32 2, i32 63" [spikingformer_official.cpp:945]   --->   Operation 47 'partselect' 'trunc_ln' <Predicate = (!icmp_ln940)> <Delay = 0.00>
ST_1 : Operation 48 [1/1] (0.00ns)   --->   "%sext_ln945 = sext i62 %trunc_ln" [spikingformer_official.cpp:945]   --->   Operation 48 'sext' 'sext_ln945' <Predicate = (!icmp_ln940)> <Delay = 0.00>
ST_1 : Operation 49 [1/1] (0.00ns)   --->   "%g0_addr = getelementptr i32 %g0, i64 %sext_ln945" [spikingformer_official.cpp:945]   --->   Operation 49 'getelementptr' 'g0_addr' <Predicate = (!icmp_ln940)> <Delay = 0.00>
ST_1 : Operation 50 [1/1] (0.00ns) (grouped into TernaryAdder)   --->   "%add_ln946 = add i64 %zext_ln945, i64 %v382_read" [spikingformer_official.cpp:946]   --->   Operation 50 'add' 'add_ln946' <Predicate = (!icmp_ln940)> <Delay = 0.00> <CoreInst = "TAddSub">   --->   Core 10 'TAddSub' <Latency = 0> <II = 1> <Delay = 0.40> <IPBlock> <Opcode : 'add' 'sub'> <InPorts = 3> <OutPorts = 1> <Sync> <CReg>
ST_1 : Operation 51 [1/1] (0.81ns) (root node of TernaryAdder)   --->   "%add_ln946_1 = add i64 %add_ln946, i64 %zext_ln941" [spikingformer_official.cpp:946]   --->   Operation 51 'add' 'add_ln946_1' <Predicate = (!icmp_ln940)> <Delay = 0.81> <CoreInst = "TAddSub">   --->   Core 10 'TAddSub' <Latency = 0> <II = 1> <Delay = 0.40> <IPBlock> <Opcode : 'add' 'sub'> <InPorts = 3> <OutPorts = 1> <Sync> <CReg>
ST_1 : Operation 52 [1/1] (0.00ns)   --->   "%trunc_ln8 = partselect i62 @_ssdm_op_PartSelect.i62.i64.i32.i32, i64 %add_ln946_1, i32 2, i32 63" [spikingformer_official.cpp:946]   --->   Operation 52 'partselect' 'trunc_ln8' <Predicate = (!icmp_ln940)> <Delay = 0.00>
ST_1 : Operation 53 [1/1] (0.00ns)   --->   "%sext_ln946 = sext i62 %trunc_ln8" [spikingformer_official.cpp:946]   --->   Operation 53 'sext' 'sext_ln946' <Predicate = (!icmp_ln940)> <Delay = 0.00>
ST_1 : Operation 54 [1/1] (0.00ns)   --->   "%g0_addr_11 = getelementptr i32 %g0, i64 %sext_ln946" [spikingformer_official.cpp:946]   --->   Operation 54 'getelementptr' 'g0_addr_11' <Predicate = (!icmp_ln940)> <Delay = 0.00>
ST_1 : Operation 55 [1/1] (0.77ns)   --->   "%add_ln941 = add i7 %select_ln940, i7 1" [spikingformer_official.cpp:941]   --->   Operation 55 'add' 'add_ln941' <Predicate = (!icmp_ln940)> <Delay = 0.77> <CoreInst = "Adder">   --->   Core 1 'Adder' <Latency = 0> <II = 1> <Delay = 0.77> <FuncUnit> <Opcode : 'add' 'sub'> <InPorts = 2> <OutPorts = 1>
ST_1 : Operation 56 [1/1] (0.42ns)   --->   "%store_ln940 = store i15 %add_ln940_1, i15 %indvar_flatten" [spikingformer_official.cpp:940]   --->   Operation 56 'store' 'store_ln940' <Predicate = (!icmp_ln940)> <Delay = 0.42>
ST_1 : Operation 57 [1/1] (0.42ns)   --->   "%store_ln940 = store i9 %select_ln940_1, i9 %v383" [spikingformer_official.cpp:940]   --->   Operation 57 'store' 'store_ln940' <Predicate = (!icmp_ln940)> <Delay = 0.42>
ST_1 : Operation 58 [1/1] (0.42ns)   --->   "%store_ln941 = store i7 %add_ln941, i7 %v384" [spikingformer_official.cpp:941]   --->   Operation 58 'store' 'store_ln941' <Predicate = (!icmp_ln940)> <Delay = 0.42>

State 2 <SV = 1> <Delay = 0.00>
ST_2 : Operation 59 [8/8] (7.30ns)   --->   "%v385_req = readreq i1 @_ssdm_op_ReadReq.m_axi.i32P1A, i64 %g0_addr, i64 1" [spikingformer_official.cpp:945]   --->   Operation 59 'readreq' 'v385_req' <Predicate = true> <Delay = 7.30> <CoreInst = "m_axi">   --->   Core 119 'm_axi' <Latency = 6> <II = 1> <Delay = 1.00> <Adapter> <Opcode : 'readrequnaligned' 'writerequnaligned' 'read' 'write' 'readreq' 'writereq' 'writeresp'>

State 3 <SV = 2> <Delay = 0.00>
ST_3 : Operation 60 [7/8] (7.30ns)   --->   "%v385_req = readreq i1 @_ssdm_op_ReadReq.m_axi.i32P1A, i64 %g0_addr, i64 1" [spikingformer_official.cpp:945]   --->   Operation 60 'readreq' 'v385_req' <Predicate = true> <Delay = 7.30> <CoreInst = "m_axi">   --->   Core 119 'm_axi' <Latency = 6> <II = 1> <Delay = 1.00> <Adapter> <Opcode : 'readrequnaligned' 'writerequnaligned' 'read' 'write' 'readreq' 'writereq' 'writeresp'>

State 4 <SV = 3> <Delay = 0.00>
ST_4 : Operation 61 [6/8] (7.30ns)   --->   "%v385_req = readreq i1 @_ssdm_op_ReadReq.m_axi.i32P1A, i64 %g0_addr, i64 1" [spikingformer_official.cpp:945]   --->   Operation 61 'readreq' 'v385_req' <Predicate = true> <Delay = 7.30> <CoreInst = "m_axi">   --->   Core 119 'm_axi' <Latency = 6> <II = 1> <Delay = 1.00> <Adapter> <Opcode : 'readrequnaligned' 'writerequnaligned' 'read' 'write' 'readreq' 'writereq' 'writeresp'>

State 5 <SV = 4> <Delay = 0.00>
ST_5 : Operation 62 [5/8] (7.30ns)   --->   "%v385_req = readreq i1 @_ssdm_op_ReadReq.m_axi.i32P1A, i64 %g0_addr, i64 1" [spikingformer_official.cpp:945]   --->   Operation 62 'readreq' 'v385_req' <Predicate = true> <Delay = 7.30> <CoreInst = "m_axi">   --->   Core 119 'm_axi' <Latency = 6> <II = 1> <Delay = 1.00> <Adapter> <Opcode : 'readrequnaligned' 'writerequnaligned' 'read' 'write' 'readreq' 'writereq' 'writeresp'>

State 6 <SV = 5> <Delay = 0.00>
ST_6 : Operation 63 [4/8] (7.30ns)   --->   "%v385_req = readreq i1 @_ssdm_op_ReadReq.m_axi.i32P1A, i64 %g0_addr, i64 1" [spikingformer_official.cpp:945]   --->   Operation 63 'readreq' 'v385_req' <Predicate = true> <Delay = 7.30> <CoreInst = "m_axi">   --->   Core 119 'm_axi' <Latency = 6> <II = 1> <Delay = 1.00> <Adapter> <Opcode : 'readrequnaligned' 'writerequnaligned' 'read' 'write' 'readreq' 'writereq' 'writeresp'>

State 7 <SV = 6> <Delay = 0.00>
ST_7 : Operation 64 [3/8] (7.30ns)   --->   "%v385_req = readreq i1 @_ssdm_op_ReadReq.m_axi.i32P1A, i64 %g0_addr, i64 1" [spikingformer_official.cpp:945]   --->   Operation 64 'readreq' 'v385_req' <Predicate = true> <Delay = 7.30> <CoreInst = "m_axi">   --->   Core 119 'm_axi' <Latency = 6> <II = 1> <Delay = 1.00> <Adapter> <Opcode : 'readrequnaligned' 'writerequnaligned' 'read' 'write' 'readreq' 'writereq' 'writeresp'>

State 8 <SV = 7> <Delay = 0.00>
ST_8 : Operation 65 [2/8] (7.30ns)   --->   "%v385_req = readreq i1 @_ssdm_op_ReadReq.m_axi.i32P1A, i64 %g0_addr, i64 1" [spikingformer_official.cpp:945]   --->   Operation 65 'readreq' 'v385_req' <Predicate = true> <Delay = 7.30> <CoreInst = "m_axi">   --->   Core 119 'm_axi' <Latency = 6> <II = 1> <Delay = 1.00> <Adapter> <Opcode : 'readrequnaligned' 'writerequnaligned' 'read' 'write' 'readreq' 'writereq' 'writeresp'>

State 9 <SV = 8> <Delay = 7.30>
ST_9 : Operation 66 [1/8] ( I:7.30ns O:7.30ns )   --->   "%v385_req = readreq i1 @_ssdm_op_ReadReq.m_axi.i32P1A, i64 %g0_addr, i64 1" [spikingformer_official.cpp:945]   --->   Operation 66 'readreq' 'v385_req' <Predicate = true> <Delay = 7.30> <CoreInst = "m_axi">   --->   Core 119 'm_axi' <Latency = 6> <II = 1> <Delay = 1.00> <Adapter> <Opcode : 'readrequnaligned' 'writerequnaligned' 'read' 'write' 'readreq' 'writereq' 'writeresp'>

State 10 <SV = 9> <Delay = 7.30>
ST_10 : Operation 67 [1/1] ( I:7.30ns O:7.30ns )   --->   "%v385 = read i32 @_ssdm_op_Read.m_axi.i32P1A, i64 %g0_addr" [spikingformer_official.cpp:945]   --->   Operation 67 'read' 'v385' <Predicate = true> <Delay = 7.30> <CoreInst = "m_axi">   --->   Core 119 'm_axi' <Latency = 3> <II = 1> <Delay = 1.00> <Adapter> <Opcode : 'readrequnaligned' 'writerequnaligned' 'read' 'write' 'readreq' 'writereq' 'writeresp'>
ST_10 : Operation 68 [1/1] ( I:7.30ns O:7.30ns )   --->   "%g0_addr_36_req = writereq i1 @_ssdm_op_WriteReq.m_axi.i32P1A, i64 %g0_addr_11, i64 1" [spikingformer_official.cpp:946]   --->   Operation 68 'writereq' 'g0_addr_36_req' <Predicate = true> <Delay = 7.30> <CoreInst = "m_axi">   --->   Core 119 'm_axi' <Latency = 9> <II = 1> <Delay = 1.00> <Adapter> <Opcode : 'readrequnaligned' 'writerequnaligned' 'read' 'write' 'readreq' 'writereq' 'writeresp'>

State 11 <SV = 10> <Delay = 7.30>
ST_11 : Operation 69 [1/1] ( I:7.30ns O:7.30ns )   --->   "%write_ln946 = write void @_ssdm_op_Write.m_axi.i32P1A, i64 %g0_addr_11, i32 %v385, i4 15" [spikingformer_official.cpp:946]   --->   Operation 69 'write' 'write_ln946' <Predicate = true> <Delay = 7.30> <CoreInst = "m_axi">   --->   Core 119 'm_axi' <Latency = 5> <II = 1> <Delay = 1.00> <Adapter> <Opcode : 'readrequnaligned' 'writerequnaligned' 'read' 'write' 'readreq' 'writereq' 'writeresp'>

State 12 <SV = 11> <Delay = 0.00>
ST_12 : Operation 70 [5/5] (7.30ns)   --->   "%g0_addr_36_resp = writeresp i1 @_ssdm_op_WriteResp.m_axi.i32P1A, i64 %g0_addr_11" [spikingformer_official.cpp:946]   --->   Operation 70 'writeresp' 'g0_addr_36_resp' <Predicate = true> <Delay = 7.30> <CoreInst = "m_axi">   --->   Core 119 'm_axi' <Latency = 3> <II = 1> <Delay = 1.00> <Adapter> <Opcode : 'readrequnaligned' 'writerequnaligned' 'read' 'write' 'readreq' 'writereq' 'writeresp'>

State 13 <SV = 12> <Delay = 0.00>
ST_13 : Operation 71 [4/5] (7.30ns)   --->   "%g0_addr_36_resp = writeresp i1 @_ssdm_op_WriteResp.m_axi.i32P1A, i64 %g0_addr_11" [spikingformer_official.cpp:946]   --->   Operation 71 'writeresp' 'g0_addr_36_resp' <Predicate = true> <Delay = 7.30> <CoreInst = "m_axi">   --->   Core 119 'm_axi' <Latency = 3> <II = 1> <Delay = 1.00> <Adapter> <Opcode : 'readrequnaligned' 'writerequnaligned' 'read' 'write' 'readreq' 'writereq' 'writeresp'>

State 14 <SV = 13> <Delay = 0.00>
ST_14 : Operation 72 [3/5] (7.30ns)   --->   "%g0_addr_36_resp = writeresp i1 @_ssdm_op_WriteResp.m_axi.i32P1A, i64 %g0_addr_11" [spikingformer_official.cpp:946]   --->   Operation 72 'writeresp' 'g0_addr_36_resp' <Predicate = true> <Delay = 7.30> <CoreInst = "m_axi">   --->   Core 119 'm_axi' <Latency = 3> <II = 1> <Delay = 1.00> <Adapter> <Opcode : 'readrequnaligned' 'writerequnaligned' 'read' 'write' 'readreq' 'writereq' 'writeresp'>

State 15 <SV = 14> <Delay = 0.42>
ST_15 : Operation 73 [2/5] (7.30ns)   --->   "%g0_addr_36_resp = writeresp i1 @_ssdm_op_WriteResp.m_axi.i32P1A, i64 %g0_addr_11" [spikingformer_official.cpp:946]   --->   Operation 73 'writeresp' 'g0_addr_36_resp' <Predicate = true> <Delay = 7.30> <CoreInst = "m_axi">   --->   Core 119 'm_axi' <Latency = 3> <II = 1> <Delay = 1.00> <Adapter> <Opcode : 'readrequnaligned' 'writerequnaligned' 'read' 'write' 'readreq' 'writereq' 'writeresp'>
ST_15 : Operation 79 [1/1] (0.42ns)   --->   "%ret_ln949 = ret" [spikingformer_official.cpp:949]   --->   Operation 79 'ret' 'ret_ln949' <Predicate = (icmp_ln940)> <Delay = 0.42>

State 16 <SV = 15> <Delay = 7.30>
ST_16 : Operation 74 [1/1] (0.00ns)   --->   "%specloopname_ln0 = specloopname void @_ssdm_op_SpecLoopName, void @VITIS_LOOP_940_1_VITIS_LOOP_941_2_str"   --->   Operation 74 'specloopname' 'specloopname_ln0' <Predicate = true> <Delay = 0.00>
ST_16 : Operation 75 [1/1] (0.00ns)   --->   "%speclooptripcount_ln0 = speclooptripcount void @_ssdm_op_SpecLoopTripCount, i64 24576, i64 24576, i64 24576"   --->   Operation 75 'speclooptripcount' 'speclooptripcount_ln0' <Predicate = true> <Delay = 0.00>
ST_16 : Operation 76 [1/1] (0.00ns)   --->   "%specpipeline_ln942 = specpipeline void @_ssdm_op_SpecPipeline, i32 1, i32 0, i32 0, i32 0, i32 4294967295, void @empty_35" [spikingformer_official.cpp:942]   --->   Operation 76 'specpipeline' 'specpipeline_ln942' <Predicate = true> <Delay = 0.00>
ST_16 : Operation 77 [1/5] ( I:7.30ns O:7.30ns )   --->   "%g0_addr_36_resp = writeresp i1 @_ssdm_op_WriteResp.m_axi.i32P1A, i64 %g0_addr_11" [spikingformer_official.cpp:946]   --->   Operation 77 'writeresp' 'g0_addr_36_resp' <Predicate = true> <Delay = 7.30> <CoreInst = "m_axi">   --->   Core 119 'm_axi' <Latency = 3> <II = 1> <Delay = 1.00> <Adapter> <Opcode : 'readrequnaligned' 'writerequnaligned' 'read' 'write' 'readreq' 'writereq' 'writeresp'>
ST_16 : Operation 78 [1/1] (0.00ns)   --->   "%br_ln941 = br void %for.inc" [spikingformer_official.cpp:941]   --->   Operation 78 'br' 'br_ln941' <Predicate = true> <Delay = 0.00>


============================================================
+ Verbose Summary: Binding
============================================================
STG Binding: 
---------------- STG Properties BEGIN ----------------
- Is combinational: 0
- Is one-state seq: 0
- Is datapath-only: 0
- Is pipelined: 0
- Is top level: 0
Port [ Return ] is wired: 1; IO mode=ap_ctrl_hs:ce=0
Port [ g0]:  wired=1; compound=1; hidden=0; nouse=0; global=0; static=0; extern=0; dir=2; type=4; pingpong=0; private_global=0; IO mode=m_axi:ce=0
Port [ v381]:  wired=1; compound=0; hidden=0; nouse=0; global=0; static=0; extern=0; dir=0; type=0; pingpong=0; private_global=0; IO mode=ap_none:ce=0
Port [ v382]:  wired=1; compound=0; hidden=0; nouse=0; global=0; static=0; extern=0; dir=0; type=0; pingpong=0; private_global=0; IO mode=ap_none:ce=0
---------------- STG Properties END ------------------

---------------- Datapath Model BEGIN ----------------

<LifeTime>
<method=bitvector/>
v384                  (alloca           ) [ 01000000000000000]
v383                  (alloca           ) [ 01000000000000000]
indvar_flatten        (alloca           ) [ 01000000000000000]
specstablecontent_ln0 (specstablecontent) [ 00000000000000000]
specinterface_ln0     (specinterface    ) [ 00000000000000000]
v382_read             (read             ) [ 00000000000000000]
v381_read             (read             ) [ 00000000000000000]
store_ln0             (store            ) [ 00000000000000000]
store_ln940           (store            ) [ 00000000000000000]
store_ln941           (store            ) [ 00000000000000000]
br_ln940              (br               ) [ 00000000000000000]
indvar_flatten_load   (load             ) [ 00000000000000000]
icmp_ln940            (icmp             ) [ 01111111111111110]
add_ln940_1           (add              ) [ 00000000000000000]
br_ln940              (br               ) [ 00000000000000000]
v384_load             (load             ) [ 00000000000000000]
v383_load             (load             ) [ 00000000000000000]
add_ln940             (add              ) [ 00000000000000000]
icmp_ln941            (icmp             ) [ 00000000000000000]
select_ln940          (select           ) [ 00000000000000000]
select_ln940_1        (select           ) [ 00000000000000000]
shl_ln                (bitconcatenate   ) [ 00000000000000000]
zext_ln941            (zext             ) [ 00000000000000000]
trunc_ln945           (trunc            ) [ 00000000000000000]
shl_ln945_1           (bitconcatenate   ) [ 00000000000000000]
zext_ln945            (zext             ) [ 00000000000000000]
add_ln945             (add              ) [ 00000000000000000]
add_ln945_1           (add              ) [ 00000000000000000]
trunc_ln              (partselect       ) [ 00000000000000000]
sext_ln945            (sext             ) [ 00000000000000000]
g0_addr               (getelementptr    ) [ 01111111111000000]
add_ln946             (add              ) [ 00000000000000000]
add_ln946_1           (add              ) [ 00000000000000000]
trunc_ln8             (partselect       ) [ 00000000000000000]
sext_ln946            (sext             ) [ 00000000000000000]
g0_addr_11            (getelementptr    ) [ 01111111111111111]
add_ln941             (add              ) [ 00000000000000000]
store_ln940           (store            ) [ 00000000000000000]
store_ln940           (store            ) [ 00000000000000000]
store_ln941           (store            ) [ 00000000000000000]
v385_req              (readreq          ) [ 00000000000000000]
v385                  (read             ) [ 01000000000100000]
g0_addr_36_req        (writereq         ) [ 00000000000000000]
write_ln946           (write            ) [ 00000000000000000]
specloopname_ln0      (specloopname     ) [ 00000000000000000]
speclooptripcount_ln0 (speclooptripcount) [ 00000000000000000]
specpipeline_ln942    (specpipeline     ) [ 00000000000000000]
g0_addr_36_resp       (writeresp        ) [ 00000000000000000]
br_ln941              (br               ) [ 00000000000000000]
ret_ln949             (ret              ) [ 00000000000000000]
</LifeTime>

<model>

<comp_list>
<comp id="0" class="1000" name="g0">
<pin_list>
<pin id="1" dir="1" index="0" bw="1" slack="0"/>
</pin_list>
<bind>
<StgValue><ssdm name="g0"/><MemPortTyVec>2 </MemPortTyVec>
</StgValue>
</bind>
</comp>

<comp id="2" class="1000" name="v381">
<pin_list>
<pin id="3" dir="1" index="0" bw="1" slack="0"/>
</pin_list>
<bind>
<StgValue><ssdm name="v381"/></StgValue>
</bind>
</comp>

<comp id="4" class="1000" name="v382">
<pin_list>
<pin id="5" dir="1" index="0" bw="1" slack="0"/>
</pin_list>
<bind>
<StgValue><ssdm name="v382"/></StgValue>
</bind>
</comp>

<comp id="6" class="1001" name="const_6">
<pin_list>
<pin id="7" dir="1" index="0" bw="1" slack="0"/>
</pin_list>
<bind>
<StgValue><ssdm name=""/></StgValue>
</bind>
</comp>

<comp id="8" class="1001" name="const_8">
<pin_list>
<pin id="9" dir="1" index="0" bw="1" slack="2147483647"/>
</pin_list>
<bind>
<StgValue><ssdm name="_ssdm_op_SpecStableContent"/></StgValue>
</bind>
</comp>

<comp id="10" class="1001" name="const_10">
<pin_list>
<pin id="11" dir="1" index="0" bw="1" slack="2147483647"/>
</pin_list>
<bind>
<StgValue><ssdm name=""/></StgValue>
</bind>
</comp>

<comp id="12" class="1001" name="const_12">
<pin_list>
<pin id="13" dir="1" index="0" bw="1" slack="2147483647"/>
</pin_list>
<bind>
<StgValue><ssdm name=""/></StgValue>
</bind>
</comp>

<comp id="14" class="1001" name="const_14">
<pin_list>
<pin id="15" dir="1" index="0" bw="1" slack="2147483647"/>
</pin_list>
<bind>
<StgValue><ssdm name="_ssdm_op_SpecInterface"/></StgValue>
</bind>
</comp>

<comp id="16" class="1001" name="const_16">
<pin_list>
<pin id="17" dir="1" index="0" bw="1" slack="2147483647"/>
</pin_list>
<bind>
<StgValue><ssdm name="empty_26"/></StgValue>
</bind>
</comp>

<comp id="18" class="1001" name="const_18">
<pin_list>
<pin id="19" dir="1" index="0" bw="1" slack="2147483647"/>
</pin_list>
<bind>
<StgValue><ssdm name=""/></StgValue>
</bind>
</comp>

<comp id="20" class="1001" name="const_20">
<pin_list>
<pin id="21" dir="1" index="0" bw="1" slack="2147483647"/>
</pin_list>
<bind>
<StgValue><ssdm name="empty_35"/></StgValue>
</bind>
</comp>

<comp id="22" class="1001" name="const_22">
<pin_list>
<pin id="23" dir="1" index="0" bw="1" slack="2147483647"/>
</pin_list>
<bind>
<StgValue><ssdm name="empty_22"/></StgValue>
</bind>
</comp>

<comp id="24" class="1001" name="const_24">
<pin_list>
<pin id="25" dir="1" index="0" bw="1" slack="2147483647"/>
</pin_list>
<bind>
<StgValue><ssdm name="empty_25"/></StgValue>
</bind>
</comp>

<comp id="26" class="1001" name="const_26">
<pin_list>
<pin id="27" dir="1" index="0" bw="1" slack="2147483647"/>
</pin_list>
<bind>
<StgValue><ssdm name=""/></StgValue>
</bind>
</comp>

<comp id="28" class="1001" name="const_28">
<pin_list>
<pin id="29" dir="1" index="0" bw="1" slack="2147483647"/>
</pin_list>
<bind>
<StgValue><ssdm name=""/></StgValue>
</bind>
</comp>

<comp id="30" class="1001" name="const_30">
<pin_list>
<pin id="31" dir="1" index="0" bw="1" slack="2147483647"/>
</pin_list>
<bind>
<StgValue><ssdm name=""/></StgValue>
</bind>
</comp>

<comp id="32" class="1001" name="const_32">
<pin_list>
<pin id="33" dir="1" index="0" bw="1" slack="0"/>
</pin_list>
<bind>
<StgValue><ssdm name="_ssdm_op_Read.ap_auto.i64"/></StgValue>
</bind>
</comp>

<comp id="34" class="1001" name="const_34">
<pin_list>
<pin id="35" dir="1" index="0" bw="1" slack="0"/>
</pin_list>
<bind>
<StgValue><ssdm name=""/></StgValue>
</bind>
</comp>

<comp id="36" class="1001" name="const_36">
<pin_list>
<pin id="37" dir="1" index="0" bw="1" slack="0"/>
</pin_list>
<bind>
<StgValue><ssdm name=""/></StgValue>
</bind>
</comp>

<comp id="38" class="1001" name="const_38">
<pin_list>
<pin id="39" dir="1" index="0" bw="1" slack="0"/>
</pin_list>
<bind>
<StgValue><ssdm name=""/></StgValue>
</bind>
</comp>

<comp id="40" class="1001" name="const_40">
<pin_list>
<pin id="41" dir="1" index="0" bw="1" slack="0"/>
</pin_list>
<bind>
<StgValue><ssdm name=""/></StgValue>
</bind>
</comp>

<comp id="42" class="1001" name="const_42">
<pin_list>
<pin id="43" dir="1" index="0" bw="1" slack="0"/>
</pin_list>
<bind>
<StgValue><ssdm name=""/></StgValue>
</bind>
</comp>

<comp id="44" class="1001" name="const_44">
<pin_list>
<pin id="45" dir="1" index="0" bw="1" slack="0"/>
</pin_list>
<bind>
<StgValue><ssdm name=""/></StgValue>
</bind>
</comp>

<comp id="46" class="1001" name="const_46">
<pin_list>
<pin id="47" dir="1" index="0" bw="1" slack="0"/>
</pin_list>
<bind>
<StgValue><ssdm name=""/></StgValue>
</bind>
</comp>

<comp id="48" class="1001" name="const_48">
<pin_list>
<pin id="49" dir="1" index="0" bw="1" slack="0"/>
</pin_list>
<bind>
<StgValue><ssdm name="_ssdm_op_BitConcatenate.i17.i9.i8"/></StgValue>
</bind>
</comp>

<comp id="50" class="1001" name="const_50">
<pin_list>
<pin id="51" dir="1" index="0" bw="1" slack="0"/>
</pin_list>
<bind>
<StgValue><ssdm name=""/></StgValue>
</bind>
</comp>

<comp id="52" class="1001" name="const_52">
<pin_list>
<pin id="53" dir="1" index="0" bw="1" slack="0"/>
</pin_list>
<bind>
<StgValue><ssdm name="_ssdm_op_BitConcatenate.i8.i6.i2"/></StgValue>
</bind>
</comp>

<comp id="54" class="1001" name="const_54">
<pin_list>
<pin id="55" dir="1" index="0" bw="1" slack="0"/>
</pin_list>
<bind>
<StgValue><ssdm name=""/></StgValue>
</bind>
</comp>

<comp id="56" class="1001" name="const_56">
<pin_list>
<pin id="57" dir="1" index="0" bw="1" slack="0"/>
</pin_list>
<bind>
<StgValue><ssdm name="_ssdm_op_PartSelect.i62.i64.i32.i32"/></StgValue>
</bind>
</comp>

<comp id="58" class="1001" name="const_58">
<pin_list>
<pin id="59" dir="1" index="0" bw="1" slack="0"/>
</pin_list>
<bind>
<StgValue><ssdm name=""/></StgValue>
</bind>
</comp>

<comp id="60" class="1001" name="const_60">
<pin_list>
<pin id="61" dir="1" index="0" bw="1" slack="0"/>
</pin_list>
<bind>
<StgValue><ssdm name=""/></StgValue>
</bind>
</comp>

<comp id="62" class="1001" name="const_62">
<pin_list>
<pin id="63" dir="1" index="0" bw="1" slack="0"/>
</pin_list>
<bind>
<StgValue><ssdm name=""/></StgValue>
</bind>
</comp>

<comp id="64" class="1001" name="const_64">
<pin_list>
<pin id="65" dir="1" index="0" bw="1" slack="0"/>
</pin_list>
<bind>
<StgValue><ssdm name="_ssdm_op_ReadReq.m_axi.i32P1A"/></StgValue>
</bind>
</comp>

<comp id="66" class="1001" name="const_66">
<pin_list>
<pin id="67" dir="1" index="0" bw="1" slack="0"/>
</pin_list>
<bind>
<StgValue><ssdm name=""/></StgValue>
</bind>
</comp>

<comp id="68" class="1001" name="const_68">
<pin_list>
<pin id="69" dir="1" index="0" bw="1" slack="0"/>
</pin_list>
<bind>
<StgValue><ssdm name="_ssdm_op_Read.m_axi.i32P1A"/></StgValue>
</bind>
</comp>

<comp id="70" class="1001" name="const_70">
<pin_list>
<pin id="71" dir="1" index="0" bw="1" slack="0"/>
</pin_list>
<bind>
<StgValue><ssdm name="_ssdm_op_WriteReq.m_axi.i32P1A"/></StgValue>
</bind>
</comp>

<comp id="72" class="1001" name="const_72">
<pin_list>
<pin id="73" dir="1" index="0" bw="1" slack="0"/>
</pin_list>
<bind>
<StgValue><ssdm name="_ssdm_op_Write.m_axi.i32P1A"/></StgValue>
</bind>
</comp>

<comp id="74" class="1001" name="const_74">
<pin_list>
<pin id="75" dir="1" index="0" bw="1" slack="0"/>
</pin_list>
<bind>
<StgValue><ssdm name=""/></StgValue>
</bind>
</comp>

<comp id="76" class="1001" name="const_76">
<pin_list>
<pin id="77" dir="1" index="0" bw="1" slack="0"/>
</pin_list>
<bind>
<StgValue><ssdm name="_ssdm_op_WriteResp.m_axi.i32P1A"/></StgValue>
</bind>
</comp>

<comp id="78" class="1001" name="const_78">
<pin_list>
<pin id="79" dir="1" index="0" bw="1" slack="2147483647"/>
</pin_list>
<bind>
<StgValue><ssdm name="_ssdm_op_SpecLoopName"/></StgValue>
</bind>
</comp>

<comp id="80" class="1001" name="const_80">
<pin_list>
<pin id="81" dir="1" index="0" bw="1" slack="2147483647"/>
</pin_list>
<bind>
<StgValue><ssdm name="VITIS_LOOP_940_1_VITIS_LOOP_941_2_str"/></StgValue>
</bind>
</comp>

<comp id="82" class="1001" name="const_82">
<pin_list>
<pin id="83" dir="1" index="0" bw="1" slack="2147483647"/>
</pin_list>
<bind>
<StgValue><ssdm name="_ssdm_op_SpecLoopTripCount"/></StgValue>
</bind>
</comp>

<comp id="84" class="1001" name="const_84">
<pin_list>
<pin id="85" dir="1" index="0" bw="1" slack="2147483647"/>
</pin_list>
<bind>
<StgValue><ssdm name=""/></StgValue>
</bind>
</comp>

<comp id="86" class="1001" name="const_86">
<pin_list>
<pin id="87" dir="1" index="0" bw="1" slack="2147483647"/>
</pin_list>
<bind>
<StgValue><ssdm name="_ssdm_op_SpecPipeline"/></StgValue>
</bind>
</comp>

<comp id="88" class="1004" name="v384_fu_88">
<pin_list>
<pin id="89" dir="0" index="0" bw="1" slack="0"/>
<pin id="90" dir="1" index="1" bw="7" slack="0"/>
</pin_list>
<bind>
<opcode="alloca(26) " fcode="alloca"/>
<opset="v384/1 "/>
</bind>
</comp>

<comp id="92" class="1004" name="v383_fu_92">
<pin_list>
<pin id="93" dir="0" index="0" bw="1" slack="0"/>
<pin id="94" dir="1" index="1" bw="9" slack="0"/>
</pin_list>
<bind>
<opcode="alloca(26) " fcode="alloca"/>
<opset="v383/1 "/>
</bind>
</comp>

<comp id="96" class="1004" name="indvar_flatten_fu_96">
<pin_list>
<pin id="97" dir="0" index="0" bw="1" slack="0"/>
<pin id="98" dir="1" index="1" bw="15" slack="0"/>
</pin_list>
<bind>
<opcode="alloca(26) " fcode="alloca"/>
<opset="indvar_flatten/1 "/>
</bind>
</comp>

<comp id="100" class="1004" name="v382_read_read_fu_100">
<pin_list>
<pin id="101" dir="0" index="0" bw="64" slack="0"/>
<pin id="102" dir="0" index="1" bw="64" slack="0"/>
<pin id="103" dir="1" index="2" bw="64" slack="0"/>
</pin_list>
<bind>
<opcode="read(1150) " fcode="read"/>
<opset="v382_read/1 "/>
</bind>
</comp>

<comp id="106" class="1004" name="v381_read_read_fu_106">
<pin_list>
<pin id="107" dir="0" index="0" bw="64" slack="0"/>
<pin id="108" dir="0" index="1" bw="64" slack="0"/>
<pin id="109" dir="1" index="2" bw="64" slack="0"/>
</pin_list>
<bind>
<opcode="read(1150) " fcode="read"/>
<opset="v381_read/1 "/>
</bind>
</comp>

<comp id="112" class="1004" name="grp_readreq_fu_112">
<pin_list>
<pin id="113" dir="0" index="0" bw="1" slack="0"/>
<pin id="114" dir="0" index="1" bw="32" slack="1"/>
<pin id="115" dir="0" index="2" bw="1" slack="0"/>
<pin id="116" dir="1" index="3" bw="1" slack="2147483647"/>
</pin_list>
<bind>
<opcode="readreq(1154) " fcode="readreq"/>
<opset="v385_req/2 "/>
</bind>
</comp>

<comp id="119" class="1004" name="v385_read_fu_119">
<pin_list>
<pin id="120" dir="0" index="0" bw="32" slack="0"/>
<pin id="121" dir="0" index="1" bw="32" slack="9"/>
<pin id="122" dir="1" index="2" bw="32" slack="1"/>
</pin_list>
<bind>
<opcode="read(1150) " fcode="read"/>
<opset="v385/10 "/>
</bind>
</comp>

<comp id="124" class="1004" name="g0_addr_36_req_writereq_fu_124">
<pin_list>
<pin id="125" dir="0" index="0" bw="1" slack="0"/>
<pin id="126" dir="0" index="1" bw="32" slack="9"/>
<pin id="127" dir="0" index="2" bw="1" slack="0"/>
<pin id="128" dir="1" index="3" bw="1" slack="2147483647"/>
</pin_list>
<bind>
<opcode="writereq(1155) " fcode="writereq"/>
<opset="g0_addr_36_req/10 "/>
</bind>
</comp>

<comp id="131" class="1004" name="write_ln946_write_fu_131">
<pin_list>
<pin id="132" dir="0" index="0" bw="0" slack="0"/>
<pin id="133" dir="0" index="1" bw="32" slack="10"/>
<pin id="134" dir="0" index="2" bw="32" slack="1"/>
<pin id="135" dir="0" index="3" bw="1" slack="0"/>
<pin id="136" dir="1" index="4" bw="0" slack="2147483647"/>
</pin_list>
<bind>
<opcode="write(1151) " fcode="write"/>
<opset="write_ln946/11 "/>
</bind>
</comp>

<comp id="139" class="1004" name="grp_writeresp_fu_139">
<pin_list>
<pin id="140" dir="0" index="0" bw="1" slack="0"/>
<pin id="141" dir="0" index="1" bw="32" slack="11"/>
<pin id="142" dir="1" index="2" bw="1" slack="2147483647"/>
</pin_list>
<bind>
<opcode="writeresp(1158) " fcode="writeresp"/>
<opset="g0_addr_36_resp/12 "/>
</bind>
</comp>

<comp id="144" class="1004" name="store_ln0_store_fu_144">
<pin_list>
<pin id="145" dir="0" index="0" bw="1" slack="0"/>
<pin id="146" dir="0" index="1" bw="15" slack="0"/>
<pin id="147" dir="1" index="2" bw="0" slack="2147483647"/>
</pin_list>
<bind>
<opcode="store(28) " fcode="store"/>
<opset="store_ln0/1 "/>
</bind>
</comp>

<comp id="149" class="1004" name="store_ln940_store_fu_149">
<pin_list>
<pin id="150" dir="0" index="0" bw="1" slack="0"/>
<pin id="151" dir="0" index="1" bw="9" slack="0"/>
<pin id="152" dir="1" index="2" bw="0" slack="2147483647"/>
</pin_list>
<bind>
<opcode="store(28) " fcode="store"/>
<opset="store_ln940/1 "/>
</bind>
</comp>

<comp id="154" class="1004" name="store_ln941_store_fu_154">
<pin_list>
<pin id="155" dir="0" index="0" bw="1" slack="0"/>
<pin id="156" dir="0" index="1" bw="7" slack="0"/>
<pin id="157" dir="1" index="2" bw="0" slack="2147483647"/>
</pin_list>
<bind>
<opcode="store(28) " fcode="store"/>
<opset="store_ln941/1 "/>
</bind>
</comp>

<comp id="159" class="1004" name="indvar_flatten_load_load_fu_159">
<pin_list>
<pin id="160" dir="0" index="0" bw="15" slack="0"/>
<pin id="161" dir="1" index="1" bw="15" slack="0"/>
</pin_list>
<bind>
<opcode="load(27) " fcode="load"/>
<opset="indvar_flatten_load/1 "/>
</bind>
</comp>

<comp id="162" class="1004" name="icmp_ln940_fu_162">
<pin_list>
<pin id="163" dir="0" index="0" bw="15" slack="0"/>
<pin id="164" dir="0" index="1" bw="15" slack="0"/>
<pin id="165" dir="1" index="2" bw="1" slack="14"/>
</pin_list>
<bind>
<opcode="icmp(45) " fcode="icmp"/>
<opset="icmp_ln940/1 "/>
</bind>
</comp>

<comp id="168" class="1004" name="add_ln940_1_fu_168">
<pin_list>
<pin id="169" dir="0" index="0" bw="15" slack="0"/>
<pin id="170" dir="0" index="1" bw="1" slack="0"/>
<pin id="171" dir="1" index="2" bw="15" slack="0"/>
</pin_list>
<bind>
<opcode="add(8) " fcode="add"/>
<opset="add_ln940_1/1 "/>
</bind>
</comp>

<comp id="174" class="1004" name="v384_load_load_fu_174">
<pin_list>
<pin id="175" dir="0" index="0" bw="7" slack="0"/>
<pin id="176" dir="1" index="1" bw="7" slack="0"/>
</pin_list>
<bind>
<opcode="load(27) " fcode="load"/>
<opset="v384_load/1 "/>
</bind>
</comp>

<comp id="177" class="1004" name="v383_load_load_fu_177">
<pin_list>
<pin id="178" dir="0" index="0" bw="9" slack="0"/>
<pin id="179" dir="1" index="1" bw="9" slack="0"/>
</pin_list>
<bind>
<opcode="load(27) " fcode="load"/>
<opset="v383_load/1 "/>
</bind>
</comp>

<comp id="180" class="1004" name="add_ln940_fu_180">
<pin_list>
<pin id="181" dir="0" index="0" bw="9" slack="0"/>
<pin id="182" dir="0" index="1" bw="1" slack="0"/>
<pin id="183" dir="1" index="2" bw="9" slack="0"/>
</pin_list>
<bind>
<opcode="add(8) " fcode="add"/>
<opset="add_ln940/1 "/>
</bind>
</comp>

<comp id="186" class="1004" name="icmp_ln941_fu_186">
<pin_list>
<pin id="187" dir="0" index="0" bw="7" slack="0"/>
<pin id="188" dir="0" index="1" bw="7" slack="0"/>
<pin id="189" dir="1" index="2" bw="1" slack="0"/>
</pin_list>
<bind>
<opcode="icmp(45) " fcode="icmp"/>
<opset="icmp_ln941/1 "/>
</bind>
</comp>

<comp id="192" class="1004" name="select_ln940_fu_192">
<pin_list>
<pin id="193" dir="0" index="0" bw="1" slack="0"/>
<pin id="194" dir="0" index="1" bw="7" slack="0"/>
<pin id="195" dir="0" index="2" bw="7" slack="0"/>
<pin id="196" dir="1" index="3" bw="7" slack="0"/>
</pin_list>
<bind>
<opcode="select(49) " fcode="select"/>
<opset="select_ln940/1 "/>
</bind>
</comp>

<comp id="200" class="1004" name="select_ln940_1_fu_200">
<pin_list>
<pin id="201" dir="0" index="0" bw="1" slack="0"/>
<pin id="202" dir="0" index="1" bw="9" slack="0"/>
<pin id="203" dir="0" index="2" bw="9" slack="0"/>
<pin id="204" dir="1" index="3" bw="9" slack="0"/>
</pin_list>
<bind>
<opcode="select(49) " fcode="select"/>
<opset="select_ln940_1/1 "/>
</bind>
</comp>

<comp id="208" class="1004" name="shl_ln_fu_208">
<pin_list>
<pin id="209" dir="0" index="0" bw="17" slack="0"/>
<pin id="210" dir="0" index="1" bw="9" slack="0"/>
<pin id="211" dir="0" index="2" bw="1" slack="0"/>
<pin id="212" dir="1" index="3" bw="17" slack="0"/>
</pin_list>
<bind>
<opcode="bitconcatenate(1004) " fcode="bitconcatenate"/>
<opset="shl_ln/1 "/>
</bind>
</comp>

<comp id="216" class="1004" name="zext_ln941_fu_216">
<pin_list>
<pin id="217" dir="0" index="0" bw="17" slack="0"/>
<pin id="218" dir="1" index="1" bw="64" slack="0"/>
</pin_list>
<bind>
<opcode="zext(34) " fcode="zext"/>
<opset="zext_ln941/1 "/>
</bind>
</comp>

<comp id="220" class="1004" name="trunc_ln945_fu_220">
<pin_list>
<pin id="221" dir="0" index="0" bw="7" slack="0"/>
<pin id="222" dir="1" index="1" bw="6" slack="0"/>
</pin_list>
<bind>
<opcode="trunc(33) " fcode="trunc"/>
<opset="trunc_ln945/1 "/>
</bind>
</comp>

<comp id="224" class="1004" name="shl_ln945_1_fu_224">
<pin_list>
<pin id="225" dir="0" index="0" bw="8" slack="0"/>
<pin id="226" dir="0" index="1" bw="6" slack="0"/>
<pin id="227" dir="0" index="2" bw="1" slack="0"/>
<pin id="228" dir="1" index="3" bw="8" slack="0"/>
</pin_list>
<bind>
<opcode="bitconcatenate(1004) " fcode="bitconcatenate"/>
<opset="shl_ln945_1/1 "/>
</bind>
</comp>

<comp id="232" class="1004" name="zext_ln945_fu_232">
<pin_list>
<pin id="233" dir="0" index="0" bw="8" slack="0"/>
<pin id="234" dir="1" index="1" bw="64" slack="0"/>
</pin_list>
<bind>
<opcode="zext(34) " fcode="zext"/>
<opset="zext_ln945/1 "/>
</bind>
</comp>

<comp id="236" class="1004" name="add_ln945_fu_236">
<pin_list>
<pin id="237" dir="0" index="0" bw="8" slack="0"/>
<pin id="238" dir="0" index="1" bw="64" slack="0"/>
<pin id="239" dir="1" index="2" bw="64" slack="0"/>
</pin_list>
<bind>
<opcode="add(8) " fcode="add"/>
<opset="add_ln945/1 "/>
</bind>
</comp>

<comp id="242" class="1004" name="add_ln945_1_fu_242">
<pin_list>
<pin id="243" dir="0" index="0" bw="64" slack="0"/>
<pin id="244" dir="0" index="1" bw="17" slack="0"/>
<pin id="245" dir="1" index="2" bw="64" slack="0"/>
</pin_list>
<bind>
<opcode="add(8) " fcode="add"/>
<opset="add_ln945_1/1 "/>
</bind>
</comp>

<comp id="248" class="1004" name="trunc_ln_fu_248">
<pin_list>
<pin id="249" dir="0" index="0" bw="62" slack="0"/>
<pin id="250" dir="0" index="1" bw="64" slack="0"/>
<pin id="251" dir="0" index="2" bw="3" slack="0"/>
<pin id="252" dir="0" index="3" bw="7" slack="0"/>
<pin id="253" dir="1" index="4" bw="62" slack="0"/>
</pin_list>
<bind>
<opcode="partselect(1002) " fcode="partselect"/>
<opset="trunc_ln/1 "/>
</bind>
</comp>

<comp id="258" class="1004" name="sext_ln945_fu_258">
<pin_list>
<pin id="259" dir="0" index="0" bw="62" slack="0"/>
<pin id="260" dir="1" index="1" bw="64" slack="0"/>
</pin_list>
<bind>
<opcode="sext(35) " fcode="sext"/>
<opset="sext_ln945/1 "/>
</bind>
</comp>

<comp id="262" class="1004" name="g0_addr_fu_262">
<pin_list>
<pin id="263" dir="0" index="0" bw="64" slack="0"/>
<pin id="264" dir="0" index="1" bw="64" slack="0"/>
<pin id="265" dir="1" index="2" bw="64" slack="1"/>
</pin_list>
<bind>
<opcode="getelementptr(29) " fcode="getelementptr"/>
<opset="g0_addr/1 "/>
</bind>
</comp>

<comp id="268" class="1004" name="add_ln946_fu_268">
<pin_list>
<pin id="269" dir="0" index="0" bw="8" slack="0"/>
<pin id="270" dir="0" index="1" bw="64" slack="0"/>
<pin id="271" dir="1" index="2" bw="64" slack="0"/>
</pin_list>
<bind>
<opcode="add(8) " fcode="add"/>
<opset="add_ln946/1 "/>
</bind>
</comp>

<comp id="274" class="1004" name="add_ln946_1_fu_274">
<pin_list>
<pin id="275" dir="0" index="0" bw="64" slack="0"/>
<pin id="276" dir="0" index="1" bw="17" slack="0"/>
<pin id="277" dir="1" index="2" bw="64" slack="0"/>
</pin_list>
<bind>
<opcode="add(8) " fcode="add"/>
<opset="add_ln946_1/1 "/>
</bind>
</comp>

<comp id="280" class="1004" name="trunc_ln8_fu_280">
<pin_list>
<pin id="281" dir="0" index="0" bw="62" slack="0"/>
<pin id="282" dir="0" index="1" bw="64" slack="0"/>
<pin id="283" dir="0" index="2" bw="3" slack="0"/>
<pin id="284" dir="0" index="3" bw="7" slack="0"/>
<pin id="285" dir="1" index="4" bw="62" slack="0"/>
</pin_list>
<bind>
<opcode="partselect(1002) " fcode="partselect"/>
<opset="trunc_ln8/1 "/>
</bind>
</comp>

<comp id="290" class="1004" name="sext_ln946_fu_290">
<pin_list>
<pin id="291" dir="0" index="0" bw="62" slack="0"/>
<pin id="292" dir="1" index="1" bw="64" slack="0"/>
</pin_list>
<bind>
<opcode="sext(35) " fcode="sext"/>
<opset="sext_ln946/1 "/>
</bind>
</comp>

<comp id="294" class="1004" name="g0_addr_11_fu_294">
<pin_list>
<pin id="295" dir="0" index="0" bw="64" slack="0"/>
<pin id="296" dir="0" index="1" bw="64" slack="0"/>
<pin id="297" dir="1" index="2" bw="64" slack="9"/>
</pin_list>
<bind>
<opcode="getelementptr(29) " fcode="getelementptr"/>
<opset="g0_addr_11/1 "/>
</bind>
</comp>

<comp id="300" class="1004" name="add_ln941_fu_300">
<pin_list>
<pin id="301" dir="0" index="0" bw="7" slack="0"/>
<pin id="302" dir="0" index="1" bw="1" slack="0"/>
<pin id="303" dir="1" index="2" bw="7" slack="0"/>
</pin_list>
<bind>
<opcode="add(8) " fcode="add"/>
<opset="add_ln941/1 "/>
</bind>
</comp>

<comp id="306" class="1004" name="store_ln940_store_fu_306">
<pin_list>
<pin id="307" dir="0" index="0" bw="15" slack="0"/>
<pin id="308" dir="0" index="1" bw="15" slack="0"/>
<pin id="309" dir="1" index="2" bw="0" slack="2147483647"/>
</pin_list>
<bind>
<opcode="store(28) " fcode="store"/>
<opset="store_ln940/1 "/>
</bind>
</comp>

<comp id="311" class="1004" name="store_ln940_store_fu_311">
<pin_list>
<pin id="312" dir="0" index="0" bw="9" slack="0"/>
<pin id="313" dir="0" index="1" bw="9" slack="0"/>
<pin id="314" dir="1" index="2" bw="0" slack="2147483647"/>
</pin_list>
<bind>
<opcode="store(28) " fcode="store"/>
<opset="store_ln940/1 "/>
</bind>
</comp>

<comp id="316" class="1004" name="store_ln941_store_fu_316">
<pin_list>
<pin id="317" dir="0" index="0" bw="7" slack="0"/>
<pin id="318" dir="0" index="1" bw="7" slack="0"/>
<pin id="319" dir="1" index="2" bw="0" slack="2147483647"/>
</pin_list>
<bind>
<opcode="store(28) " fcode="store"/>
<opset="store_ln941/1 "/>
</bind>
</comp>

<comp id="321" class="1005" name="v384_reg_321">
<pin_list>
<pin id="322" dir="0" index="0" bw="7" slack="0"/>
<pin id="323" dir="1" index="1" bw="7" slack="0"/>
</pin_list>
<bind>
<opset="v384 "/>
</bind>
</comp>

<comp id="328" class="1005" name="v383_reg_328">
<pin_list>
<pin id="329" dir="0" index="0" bw="9" slack="0"/>
<pin id="330" dir="1" index="1" bw="9" slack="0"/>
</pin_list>
<bind>
<opset="v383 "/>
</bind>
</comp>

<comp id="335" class="1005" name="indvar_flatten_reg_335">
<pin_list>
<pin id="336" dir="0" index="0" bw="15" slack="0"/>
<pin id="337" dir="1" index="1" bw="15" slack="0"/>
</pin_list>
<bind>
<opset="indvar_flatten "/>
</bind>
</comp>

<comp id="342" class="1005" name="icmp_ln940_reg_342">
<pin_list>
<pin id="343" dir="0" index="0" bw="1" slack="14"/>
<pin id="344" dir="1" index="1" bw="1" slack="2147483647"/>
</pin_list>
<bind>
<opset="icmp_ln940 "/>
</bind>
</comp>

<comp id="346" class="1005" name="g0_addr_reg_346">
<pin_list>
<pin id="347" dir="0" index="0" bw="32" slack="1"/>
<pin id="348" dir="1" index="1" bw="32" slack="1"/>
</pin_list>
<bind>
<opset="g0_addr "/>
</bind>
</comp>

<comp id="352" class="1005" name="g0_addr_11_reg_352">
<pin_list>
<pin id="353" dir="0" index="0" bw="32" slack="9"/>
<pin id="354" dir="1" index="1" bw="32" slack="9"/>
</pin_list>
<bind>
<opset="g0_addr_11 "/>
</bind>
</comp>

<comp id="359" class="1005" name="v385_reg_359">
<pin_list>
<pin id="360" dir="0" index="0" bw="32" slack="1"/>
<pin id="361" dir="1" index="1" bw="32" slack="1"/>
</pin_list>
<bind>
<opset="v385 "/>
</bind>
</comp>

</comp_list>

<net_list>
<net id="91"><net_src comp="6" pin="0"/><net_sink comp="88" pin=0"/></net>

<net id="95"><net_src comp="6" pin="0"/><net_sink comp="92" pin=0"/></net>

<net id="99"><net_src comp="6" pin="0"/><net_sink comp="96" pin=0"/></net>

<net id="104"><net_src comp="32" pin="0"/><net_sink comp="100" pin=0"/></net>

<net id="105"><net_src comp="4" pin="0"/><net_sink comp="100" pin=1"/></net>

<net id="110"><net_src comp="32" pin="0"/><net_sink comp="106" pin=0"/></net>

<net id="111"><net_src comp="2" pin="0"/><net_sink comp="106" pin=1"/></net>

<net id="117"><net_src comp="64" pin="0"/><net_sink comp="112" pin=0"/></net>

<net id="118"><net_src comp="66" pin="0"/><net_sink comp="112" pin=2"/></net>

<net id="123"><net_src comp="68" pin="0"/><net_sink comp="119" pin=0"/></net>

<net id="129"><net_src comp="70" pin="0"/><net_sink comp="124" pin=0"/></net>

<net id="130"><net_src comp="66" pin="0"/><net_sink comp="124" pin=2"/></net>

<net id="137"><net_src comp="72" pin="0"/><net_sink comp="131" pin=0"/></net>

<net id="138"><net_src comp="74" pin="0"/><net_sink comp="131" pin=3"/></net>

<net id="143"><net_src comp="76" pin="0"/><net_sink comp="139" pin=0"/></net>

<net id="148"><net_src comp="34" pin="0"/><net_sink comp="144" pin=0"/></net>

<net id="153"><net_src comp="36" pin="0"/><net_sink comp="149" pin=0"/></net>

<net id="158"><net_src comp="38" pin="0"/><net_sink comp="154" pin=0"/></net>

<net id="166"><net_src comp="159" pin="1"/><net_sink comp="162" pin=0"/></net>

<net id="167"><net_src comp="40" pin="0"/><net_sink comp="162" pin=1"/></net>

<net id="172"><net_src comp="159" pin="1"/><net_sink comp="168" pin=0"/></net>

<net id="173"><net_src comp="42" pin="0"/><net_sink comp="168" pin=1"/></net>

<net id="184"><net_src comp="177" pin="1"/><net_sink comp="180" pin=0"/></net>

<net id="185"><net_src comp="44" pin="0"/><net_sink comp="180" pin=1"/></net>

<net id="190"><net_src comp="174" pin="1"/><net_sink comp="186" pin=0"/></net>

<net id="191"><net_src comp="46" pin="0"/><net_sink comp="186" pin=1"/></net>

<net id="197"><net_src comp="186" pin="2"/><net_sink comp="192" pin=0"/></net>

<net id="198"><net_src comp="38" pin="0"/><net_sink comp="192" pin=1"/></net>

<net id="199"><net_src comp="174" pin="1"/><net_sink comp="192" pin=2"/></net>

<net id="205"><net_src comp="186" pin="2"/><net_sink comp="200" pin=0"/></net>

<net id="206"><net_src comp="180" pin="2"/><net_sink comp="200" pin=1"/></net>

<net id="207"><net_src comp="177" pin="1"/><net_sink comp="200" pin=2"/></net>

<net id="213"><net_src comp="48" pin="0"/><net_sink comp="208" pin=0"/></net>

<net id="214"><net_src comp="200" pin="3"/><net_sink comp="208" pin=1"/></net>

<net id="215"><net_src comp="50" pin="0"/><net_sink comp="208" pin=2"/></net>

<net id="219"><net_src comp="208" pin="3"/><net_sink comp="216" pin=0"/></net>

<net id="223"><net_src comp="192" pin="3"/><net_sink comp="220" pin=0"/></net>

<net id="229"><net_src comp="52" pin="0"/><net_sink comp="224" pin=0"/></net>

<net id="230"><net_src comp="220" pin="1"/><net_sink comp="224" pin=1"/></net>

<net id="231"><net_src comp="54" pin="0"/><net_sink comp="224" pin=2"/></net>

<net id="235"><net_src comp="224" pin="3"/><net_sink comp="232" pin=0"/></net>

<net id="240"><net_src comp="232" pin="1"/><net_sink comp="236" pin=0"/></net>

<net id="241"><net_src comp="106" pin="2"/><net_sink comp="236" pin=1"/></net>

<net id="246"><net_src comp="236" pin="2"/><net_sink comp="242" pin=0"/></net>

<net id="247"><net_src comp="216" pin="1"/><net_sink comp="242" pin=1"/></net>

<net id="254"><net_src comp="56" pin="0"/><net_sink comp="248" pin=0"/></net>

<net id="255"><net_src comp="242" pin="2"/><net_sink comp="248" pin=1"/></net>

<net id="256"><net_src comp="58" pin="0"/><net_sink comp="248" pin=2"/></net>

<net id="257"><net_src comp="60" pin="0"/><net_sink comp="248" pin=3"/></net>

<net id="261"><net_src comp="248" pin="4"/><net_sink comp="258" pin=0"/></net>

<net id="266"><net_src comp="0" pin="0"/><net_sink comp="262" pin=0"/></net>

<net id="267"><net_src comp="258" pin="1"/><net_sink comp="262" pin=1"/></net>

<net id="272"><net_src comp="232" pin="1"/><net_sink comp="268" pin=0"/></net>

<net id="273"><net_src comp="100" pin="2"/><net_sink comp="268" pin=1"/></net>

<net id="278"><net_src comp="268" pin="2"/><net_sink comp="274" pin=0"/></net>

<net id="279"><net_src comp="216" pin="1"/><net_sink comp="274" pin=1"/></net>

<net id="286"><net_src comp="56" pin="0"/><net_sink comp="280" pin=0"/></net>

<net id="287"><net_src comp="274" pin="2"/><net_sink comp="280" pin=1"/></net>

<net id="288"><net_src comp="58" pin="0"/><net_sink comp="280" pin=2"/></net>

<net id="289"><net_src comp="60" pin="0"/><net_sink comp="280" pin=3"/></net>

<net id="293"><net_src comp="280" pin="4"/><net_sink comp="290" pin=0"/></net>

<net id="298"><net_src comp="0" pin="0"/><net_sink comp="294" pin=0"/></net>

<net id="299"><net_src comp="290" pin="1"/><net_sink comp="294" pin=1"/></net>

<net id="304"><net_src comp="192" pin="3"/><net_sink comp="300" pin=0"/></net>

<net id="305"><net_src comp="62" pin="0"/><net_sink comp="300" pin=1"/></net>

<net id="310"><net_src comp="168" pin="2"/><net_sink comp="306" pin=0"/></net>

<net id="315"><net_src comp="200" pin="3"/><net_sink comp="311" pin=0"/></net>

<net id="320"><net_src comp="300" pin="2"/><net_sink comp="316" pin=0"/></net>

<net id="324"><net_src comp="88" pin="1"/><net_sink comp="321" pin=0"/></net>

<net id="325"><net_src comp="321" pin="1"/><net_sink comp="154" pin=1"/></net>

<net id="326"><net_src comp="321" pin="1"/><net_sink comp="174" pin=0"/></net>

<net id="327"><net_src comp="321" pin="1"/><net_sink comp="316" pin=1"/></net>

<net id="331"><net_src comp="92" pin="1"/><net_sink comp="328" pin=0"/></net>

<net id="332"><net_src comp="328" pin="1"/><net_sink comp="149" pin=1"/></net>

<net id="333"><net_src comp="328" pin="1"/><net_sink comp="177" pin=0"/></net>

<net id="334"><net_src comp="328" pin="1"/><net_sink comp="311" pin=1"/></net>

<net id="338"><net_src comp="96" pin="1"/><net_sink comp="335" pin=0"/></net>

<net id="339"><net_src comp="335" pin="1"/><net_sink comp="144" pin=1"/></net>

<net id="340"><net_src comp="335" pin="1"/><net_sink comp="159" pin=0"/></net>

<net id="341"><net_src comp="335" pin="1"/><net_sink comp="306" pin=1"/></net>

<net id="345"><net_src comp="162" pin="2"/><net_sink comp="342" pin=0"/></net>

<net id="349"><net_src comp="262" pin="2"/><net_sink comp="346" pin=0"/></net>

<net id="350"><net_src comp="346" pin="1"/><net_sink comp="112" pin=1"/></net>

<net id="351"><net_src comp="346" pin="1"/><net_sink comp="119" pin=1"/></net>

<net id="355"><net_src comp="294" pin="2"/><net_sink comp="352" pin=0"/></net>

<net id="356"><net_src comp="352" pin="1"/><net_sink comp="124" pin=1"/></net>

<net id="357"><net_src comp="352" pin="1"/><net_sink comp="131" pin=1"/></net>

<net id="358"><net_src comp="352" pin="1"/><net_sink comp="139" pin=1"/></net>

<net id="362"><net_src comp="119" pin="2"/><net_sink comp="359" pin=0"/></net>

<net id="363"><net_src comp="359" pin="1"/><net_sink comp="131" pin=2"/></net>

</net_list>

</model> 
---------------- Datapath Model END ------------------

* FSMD analyzer results:
  - Output states:
	Port: g0 | {10 11 12 13 14 15 16 }
 - Input state : 
	Port: kernel69 : g0 | {2 3 4 5 6 7 8 9 10 }
	Port: kernel69 : v381 | {1 }
	Port: kernel69 : v382 | {1 }
  - Chain level:
	State 1
		store_ln0 : 1
		store_ln940 : 1
		store_ln941 : 1
		indvar_flatten_load : 1
		icmp_ln940 : 2
		add_ln940_1 : 2
		br_ln940 : 3
		v384_load : 1
		v383_load : 1
		add_ln940 : 2
		icmp_ln941 : 2
		select_ln940 : 3
		select_ln940_1 : 3
		shl_ln : 4
		zext_ln941 : 5
		trunc_ln945 : 4
		shl_ln945_1 : 5
		zext_ln945 : 6
		add_ln945 : 7
		add_ln945_1 : 8
		trunc_ln : 9
		sext_ln945 : 10
		g0_addr : 11
		add_ln946 : 7
		add_ln946_1 : 8
		trunc_ln8 : 9
		sext_ln946 : 10
		g0_addr_11 : 11
		add_ln941 : 4
		store_ln940 : 3
		store_ln940 : 4
		store_ln941 : 5
	State 2
	State 3
	State 4
	State 5
	State 6
	State 7
	State 8
	State 9
	State 10
	State 11
	State 12
	State 13
	State 14
	State 15
	State 16


============================================================
+ Verbose Summary: Datapath Resource usage 
============================================================

* Functional unit list:
|----------|--------------------------------|---------|---------|
| Operation|         Functional Unit        |    FF   |   LUT   |
|----------|--------------------------------|---------|---------|
|          |       add_ln940_1_fu_168       |    0    |    22   |
|          |        add_ln940_fu_180        |    0    |    16   |
|          |        add_ln945_fu_236        |    0    |    64   |
|    add   |       add_ln945_1_fu_242       |    0    |    64   |
|          |        add_ln946_fu_268        |    0    |    64   |
|          |       add_ln946_1_fu_274       |    0    |    64   |
|          |        add_ln941_fu_300        |    0    |    14   |
|----------|--------------------------------|---------|---------|
|   icmp   |        icmp_ln940_fu_162       |    0    |    22   |
|          |        icmp_ln941_fu_186       |    0    |    14   |
|----------|--------------------------------|---------|---------|
|  select  |       select_ln940_fu_192      |    0    |    7    |
|          |      select_ln940_1_fu_200     |    0    |    9    |
|----------|--------------------------------|---------|---------|
|          |      v382_read_read_fu_100     |    0    |    0    |
|   read   |      v381_read_read_fu_106     |    0    |    0    |
|          |        v385_read_fu_119        |    0    |    0    |
|----------|--------------------------------|---------|---------|
|  readreq |       grp_readreq_fu_112       |    0    |    0    |
|----------|--------------------------------|---------|---------|
| writereq | g0_addr_36_req_writereq_fu_124 |    0    |    0    |
|----------|--------------------------------|---------|---------|
|   write  |    write_ln946_write_fu_131    |    0    |    0    |
|----------|--------------------------------|---------|---------|
| writeresp|      grp_writeresp_fu_139      |    0    |    0    |
|----------|--------------------------------|---------|---------|
|bitconcatenate|          shl_ln_fu_208         |    0    |    0    |
|          |       shl_ln945_1_fu_224       |    0    |    0    |
|----------|--------------------------------|---------|---------|
|   zext   |        zext_ln941_fu_216       |    0    |    0    |
|          |        zext_ln945_fu_232       |    0    |    0    |
|----------|--------------------------------|---------|---------|
|   trunc  |       trunc_ln945_fu_220       |    0    |    0    |
|----------|--------------------------------|---------|---------|
|partselect|         trunc_ln_fu_248        |    0    |    0    |
|          |        trunc_ln8_fu_280        |    0    |    0    |
|----------|--------------------------------|---------|---------|
|   sext   |        sext_ln945_fu_258       |    0    |    0    |
|          |        sext_ln946_fu_290       |    0    |    0    |
|----------|--------------------------------|---------|---------|
|   Total  |                                |    0    |   360   |
|----------|--------------------------------|---------|---------|

Memories:
N/A

* Register list:
+----------------------+--------+
|                      |   FF   |
+----------------------+--------+
|  g0_addr_11_reg_352  |   32   |
|    g0_addr_reg_346   |   32   |
|  icmp_ln940_reg_342  |    1   |
|indvar_flatten_reg_335|   15   |
|     v383_reg_328     |    9   |
|     v384_reg_321     |    7   |
|     v385_reg_359     |   32   |
+----------------------+--------+
|         Total        |   128  |
+----------------------+--------+

* Multiplexer (MUX) list: 
|--------|------|------|------|--------|
|  Comp  |  Pin | Size |  BW  | S x BW |
|--------|------|------|------|--------|
|  Total |      |      |      |    0   |
|--------|------|------|------|--------|



* Summary:
+-----------+--------+--------+
|           |   FF   |   LUT  |
+-----------+--------+--------+
|  Function |    0   |   360  |
|   Memory  |    -   |    -   |
|Multiplexer|    -   |    -   |
|  Register |   128  |    -   |
+-----------+--------+--------+
|   Total   |   128  |   360  |
+-----------+--------+--------+
