

================================================================
== Vitis HLS Report for 'kernel46'
================================================================
* Date:           Sun Jul 12 20:26:45 2026

* Version:        2025.2 (Build 6295257 on Nov 14 2025)
* Project:        spikingformer_proj
* Solution:       solution1 (Vivado IP Flow Target)
* Product family: zynquplus
* Target device:  xczu7ev-ffvc1156-2-e


================================================================
== Performance Estimates
================================================================
+ Timing: 
    * Summary: 
    +--------+----------+----------+------------+
    |  Clock |  Target  | Estimated| Uncertainty|
    +--------+----------+----------+------------+
    |ap_clk  |  10.00 ns|  7.300 ns|     2.70 ns|
    +--------+----------+----------+------------+

+ Latency: 
    * Summary: 
    +---------+---------+----------+----------+-------+-------+---------+
    |  Latency (cycles) |  Latency (absolute) |    Interval   | Pipeline|
    |   min   |   max   |    min   |    max   |  min  |  max  |   Type  |
    +---------+---------+----------+----------+-------+-------+---------+
    |    49174|    49174|  0.492 ms|  0.492 ms|  49174|  49174|       no|
    +---------+---------+----------+----------+-------+-------+---------+

    + Detail: 
        * Instance: 
        +---------------------------------------------------------------+-----------------------------------------------------+---------+---------+----------+----------+-----+-----+-------------------+
        |                                                               |                                                     |  Latency (cycles) |  Latency (absolute) |  Interval |      Pipeline     |
        |                            Instance                           |                        Module                       |   min   |   max   |    min   |    max   | min | max |        Type       |
        +---------------------------------------------------------------+-----------------------------------------------------+---------+---------+----------+----------+-----+-----+-------------------+
        |grp_kernel46_Pipeline_VITIS_LOOP_633_1_VITIS_LOOP_634_2_fu_78  |kernel46_Pipeline_VITIS_LOOP_633_1_VITIS_LOOP_634_2  |    49167|    49167|  0.492 ms|  0.492 ms|    0|    0|  loop pipeline stp|
        +---------------------------------------------------------------+-----------------------------------------------------+---------+---------+----------+----------+-----+-----+-------------------+

        * Loop: 
        N/A



================================================================
== Utilization Estimates
================================================================
* Summary: 
+-----------------+---------+------+--------+--------+-----+
|       Name      | BRAM_18K|  DSP |   FF   |   LUT  | URAM|
+-----------------+---------+------+--------+--------+-----+
|DSP              |        -|     -|       -|       -|    -|
|Expression       |        -|     -|       -|       -|    -|
|FIFO             |        -|     -|       -|       -|    -|
|Instance         |        -|     2|     507|     755|    -|
|Memory           |        -|     -|       -|       -|    -|
|Multiplexer      |        -|     -|       0|     231|    -|
|Register         |        -|     -|     195|       -|    -|
+-----------------+---------+------+--------+--------+-----+
|Total            |        0|     2|     702|     986|    0|
+-----------------+---------+------+--------+--------+-----+
|Available        |      624|  1728|  460800|  230400|   96|
+-----------------+---------+------+--------+--------+-----+
|Utilization (%)  |        0|    ~0|      ~0|      ~0|    0|
+-----------------+---------+------+--------+--------+-----+

+ Detail: 
    * Instance: 
    +---------------------------------------------------------------+-----------------------------------------------------+---------+----+-----+-----+-----+
    |                            Instance                           |                        Module                       | BRAM_18K| DSP|  FF | LUT | URAM|
    +---------------------------------------------------------------+-----------------------------------------------------+---------+----+-----+-----+-----+
    |grp_kernel46_Pipeline_VITIS_LOOP_633_1_VITIS_LOOP_634_2_fu_78  |kernel46_Pipeline_VITIS_LOOP_633_1_VITIS_LOOP_634_2  |        0|   2|  507|  755|    0|
    +---------------------------------------------------------------+-----------------------------------------------------+---------+----+-----+-----+-----+
    |Total                                                          |                                                     |        0|   2|  507|  755|    0|
    +---------------------------------------------------------------+-----------------------------------------------------+---------+----+-----+-----+-----+

    * DSP: 
    N/A

    * Memory: 
    N/A

    * FIFO: 
    N/A

    * Expression: 
    N/A

    * Multiplexer: 
    +---------------------+----+-----------+-----+-----------+
    |         Name        | LUT| Input Size| Bits| Total Bits|
    +---------------------+----+-----------+-----+-----------+
    |ap_NS_fsm            |  49|          9|    1|          9|
    |g0_blk_n_AW          |   9|          2|    1|          2|
    |g0_blk_n_B           |   9|          2|    1|          2|
    |m_axi_g0_0_ARVALID   |   9|          2|    1|          2|
    |m_axi_g0_0_AWADDR    |  14|          3|   64|        192|
    |m_axi_g0_0_AWBURST   |   9|          2|    2|          4|
    |m_axi_g0_0_AWCACHE   |   9|          2|    4|          8|
    |m_axi_g0_0_AWID      |   9|          2|    1|          2|
    |m_axi_g0_0_AWLEN     |  14|          3|   32|         96|
    |m_axi_g0_0_AWLOCK    |   9|          2|    2|          4|
    |m_axi_g0_0_AWPROT    |   9|          2|    3|          6|
    |m_axi_g0_0_AWQOS     |   9|          2|    4|          8|
    |m_axi_g0_0_AWREGION  |   9|          2|    4|          8|
    |m_axi_g0_0_AWSIZE    |   9|          2|    3|          6|
    |m_axi_g0_0_AWUSER    |   9|          2|    1|          2|
    |m_axi_g0_0_AWVALID   |  14|          3|    1|          3|
    |m_axi_g0_0_BREADY    |  14|          3|    1|          3|
    |m_axi_g0_0_RREADY    |   9|          2|    1|          2|
    |m_axi_g0_0_WVALID    |   9|          2|    1|          2|
    +---------------------+----+-----------+-----+-----------+
    |Total                | 231|         49|  128|        361|
    +---------------------+----+-----------+-----+-----------+

    * Register: 
    +----------------------------------------------------------------------------+----+----+-----+-----------+
    |                                    Name                                    | FF | LUT| Bits| Const Bits|
    +----------------------------------------------------------------------------+----+----+-----+-----------+
    |ap_CS_fsm                                                                   |   8|   0|    8|          0|
    |grp_kernel46_Pipeline_VITIS_LOOP_633_1_VITIS_LOOP_634_2_fu_78_ap_start_reg  |   1|   0|    1|          0|
    |trunc_ln21_reg_154                                                          |  62|   0|   62|          0|
    |trunc_ln22_reg_159                                                          |  62|   0|   62|          0|
    |trunc_ln_reg_134                                                            |  62|   0|   62|          0|
    +----------------------------------------------------------------------------+----+----+-----+-----------+
    |Total                                                                       | 195|   0|  195|          0|
    +----------------------------------------------------------------------------+----+----+-----+-----------+



================================================================
== Interface
================================================================
* Summary: 
+---------------------+-----+-----+------------+--------------+--------------+
|      RTL Ports      | Dir | Bits|  Protocol  | Source Object|    C Type    |
+---------------------+-----+-----+------------+--------------+--------------+
|ap_clk               |   in|    1|  ap_ctrl_hs|      kernel46|  return value|
|ap_rst               |   in|    1|  ap_ctrl_hs|      kernel46|  return value|
|ap_start             |   in|    1|  ap_ctrl_hs|      kernel46|  return value|
|ap_done              |  out|    1|  ap_ctrl_hs|      kernel46|  return value|
|ap_idle              |  out|    1|  ap_ctrl_hs|      kernel46|  return value|
|ap_ready             |  out|    1|  ap_ctrl_hs|      kernel46|  return value|
|m_axi_g0_0_AWVALID   |  out|    1|       m_axi|            g0|       pointer|
|m_axi_g0_0_AWREADY   |   in|    1|       m_axi|            g0|       pointer|
|m_axi_g0_0_AWADDR    |  out|   64|       m_axi|            g0|       pointer|
|m_axi_g0_0_AWID      |  out|    1|       m_axi|            g0|       pointer|
|m_axi_g0_0_AWLEN     |  out|   32|       m_axi|            g0|       pointer|
|m_axi_g0_0_AWSIZE    |  out|    3|       m_axi|            g0|       pointer|
|m_axi_g0_0_AWBURST   |  out|    2|       m_axi|            g0|       pointer|
|m_axi_g0_0_AWLOCK    |  out|    2|       m_axi|            g0|       pointer|
|m_axi_g0_0_AWCACHE   |  out|    4|       m_axi|            g0|       pointer|
|m_axi_g0_0_AWPROT    |  out|    3|       m_axi|            g0|       pointer|
|m_axi_g0_0_AWQOS     |  out|    4|       m_axi|            g0|       pointer|
|m_axi_g0_0_AWREGION  |  out|    4|       m_axi|            g0|       pointer|
|m_axi_g0_0_AWUSER    |  out|    1|       m_axi|            g0|       pointer|
|m_axi_g0_0_WVALID    |  out|    1|       m_axi|            g0|       pointer|
|m_axi_g0_0_WREADY    |   in|    1|       m_axi|            g0|       pointer|
|m_axi_g0_0_WDATA     |  out|   32|       m_axi|            g0|       pointer|
|m_axi_g0_0_WSTRB     |  out|    4|       m_axi|            g0|       pointer|
|m_axi_g0_0_WLAST     |  out|    1|       m_axi|            g0|       pointer|
|m_axi_g0_0_WID       |  out|    1|       m_axi|            g0|       pointer|
|m_axi_g0_0_WUSER     |  out|    1|       m_axi|            g0|       pointer|
|m_axi_g0_0_ARVALID   |  out|    1|       m_axi|            g0|       pointer|
|m_axi_g0_0_ARREADY   |   in|    1|       m_axi|            g0|       pointer|
|m_axi_g0_0_ARADDR    |  out|   64|       m_axi|            g0|       pointer|
|m_axi_g0_0_ARID      |  out|    1|       m_axi|            g0|       pointer|
|m_axi_g0_0_ARLEN     |  out|   32|       m_axi|            g0|       pointer|
|m_axi_g0_0_ARSIZE    |  out|    3|       m_axi|            g0|       pointer|
|m_axi_g0_0_ARBURST   |  out|    2|       m_axi|            g0|       pointer|
|m_axi_g0_0_ARLOCK    |  out|    2|       m_axi|            g0|       pointer|
|m_axi_g0_0_ARCACHE   |  out|    4|       m_axi|            g0|       pointer|
|m_axi_g0_0_ARPROT    |  out|    3|       m_axi|            g0|       pointer|
|m_axi_g0_0_ARQOS     |  out|    4|       m_axi|            g0|       pointer|
|m_axi_g0_0_ARREGION  |  out|    4|       m_axi|            g0|       pointer|
|m_axi_g0_0_ARUSER    |  out|    1|       m_axi|            g0|       pointer|
|m_axi_g0_0_RVALID    |   in|    1|       m_axi|            g0|       pointer|
|m_axi_g0_0_RREADY    |  out|    1|       m_axi|            g0|       pointer|
|m_axi_g0_0_RDATA     |   in|   32|       m_axi|            g0|       pointer|
|m_axi_g0_0_RLAST     |   in|    1|       m_axi|            g0|       pointer|
|m_axi_g0_0_RID       |   in|    1|       m_axi|            g0|       pointer|
|m_axi_g0_0_RFIFONUM  |   in|    9|       m_axi|            g0|       pointer|
|m_axi_g0_0_RUSER     |   in|    1|       m_axi|            g0|       pointer|
|m_axi_g0_0_RRESP     |   in|    2|       m_axi|            g0|       pointer|
|m_axi_g0_0_BVALID    |   in|    1|       m_axi|            g0|       pointer|
|m_axi_g0_0_BREADY    |  out|    1|       m_axi|            g0|       pointer|
|m_axi_g0_0_BRESP     |   in|    2|       m_axi|            g0|       pointer|
|m_axi_g0_0_BID       |   in|    1|       m_axi|            g0|       pointer|
|m_axi_g0_0_BUSER     |   in|    1|       m_axi|            g0|       pointer|
|v254                 |   in|   64|     ap_none|          v254|        scalar|
|v255                 |   in|   64|     ap_none|          v255|        scalar|
|v256                 |   in|   64|     ap_none|          v256|        scalar|
+---------------------+-----+-----+------------+--------------+--------------+

============================================================
+ Verbose Summary: Synthesis Manager
============================================================
InlineROM: 1
ExposeGlobal: 0
============================================================
+ Verbose Summary: CDFG Model
============================================================
IsTopModel: 0
ResetActiveHigh: 1
IsCombinational: 2
IsDatapathOnly: 2
HasWiredReturn: 1
HasMFsm: 0
HasVarLatency: 1
IsPipeline: 0
IsRtlPipelined: 0
IsInstanceOverlapped: 0
IsDontTouch: 0
HasImplIP: 0
IsGatedGlobalClock: 0


============================================================
+ Verbose Summary: Schedule
============================================================
* Number of FSM states : 8
* Pipeline : 0
* Dataflow Pipeline: 0

* FSM state transitions: 
1 --> 2 
2 --> 3 
3 --> 4 
4 --> 5 
5 --> 6 
6 --> 7 
7 --> 8 
8 --> 

* FSM state operations: 

State 1 <SV = 0> <Delay = 7.30>
ST_1 : Operation 9 [1/1] (0.00ns)   --->   "%v256_read = read i64 @_ssdm_op_Read.ap_auto.i64, i64 %v256" [spikingformer_official.cpp:629]   --->   Operation 9 'read' 'v256_read' <Predicate = true> <Delay = 0.00>
ST_1 : Operation 10 [1/1] (0.00ns)   --->   "%trunc_ln = partselect i62 @_ssdm_op_PartSelect.i62.i64.i32.i32, i64 %v256_read, i32 2, i32 63" [spikingformer_official.cpp:633]   --->   Operation 10 'partselect' 'trunc_ln' <Predicate = true> <Delay = 0.00>
ST_1 : Operation 11 [1/1] (0.00ns)   --->   "%sext_ln633 = sext i62 %trunc_ln" [spikingformer_official.cpp:633]   --->   Operation 11 'sext' 'sext_ln633' <Predicate = true> <Delay = 0.00>
ST_1 : Operation 12 [1/1] (0.00ns)   --->   "%g0_addr = getelementptr i32 %g0, i64 %sext_ln633" [spikingformer_official.cpp:633]   --->   Operation 12 'getelementptr' 'g0_addr' <Predicate = true> <Delay = 0.00>
ST_1 : Operation 13 [1/1] ( I:7.30ns O:7.30ns )   --->   "%empty = writereq i1 @_ssdm_op_WriteReq.m_axi.p1i32, i64 %g0_addr, i64 24576" [spikingformer_official.cpp:633]   --->   Operation 13 'writereq' 'empty' <Predicate = true> <Delay = 7.30> <CoreInst = "m_axi">   --->   Core 119 'm_axi' <Latency = 9> <II = 1> <Delay = 1.00> <Adapter> <Opcode : 'readrequnaligned' 'writerequnaligned' 'read' 'write' 'readreq' 'writereq' 'writeresp'>

State 2 <SV = 1> <Delay = 0.81>
ST_2 : Operation 14 [1/1] (0.00ns)   --->   "%v255_read = read i64 @_ssdm_op_Read.ap_auto.i64, i64 %v255" [spikingformer_official.cpp:629]   --->   Operation 14 'read' 'v255_read' <Predicate = true> <Delay = 0.00>
ST_2 : Operation 15 [1/1] (0.00ns)   --->   "%v254_read = read i64 @_ssdm_op_Read.ap_auto.i64, i64 %v254" [spikingformer_official.cpp:629]   --->   Operation 15 'read' 'v254_read' <Predicate = true> <Delay = 0.00>
ST_2 : Operation 16 [1/1] (0.00ns)   --->   "%trunc_ln21 = partselect i62 @_ssdm_op_PartSelect.i62.i64.i32.i32, i64 %v255_read, i32 2, i32 63" [spikingformer_official.cpp:636]   --->   Operation 16 'partselect' 'trunc_ln21' <Predicate = true> <Delay = 0.00>
ST_2 : Operation 17 [1/1] (0.00ns)   --->   "%trunc_ln22 = partselect i62 @_ssdm_op_PartSelect.i62.i64.i32.i32, i64 %v254_read, i32 2, i32 63" [spikingformer_official.cpp:638]   --->   Operation 17 'partselect' 'trunc_ln22' <Predicate = true> <Delay = 0.00>
ST_2 : Operation 18 [2/2] (0.81ns)   --->   "%call_ln636 = call void @kernel46_Pipeline_VITIS_LOOP_633_1_VITIS_LOOP_634_2, i32 %g0, i62 %trunc_ln21, i62 %trunc_ln, i62 %trunc_ln22, i64 %v255_read, i64 %v254_read" [spikingformer_official.cpp:636]   --->   Operation 18 'call' 'call_ln636' <Predicate = true> <Delay = 0.81> <CoreType = "Generic">   --->   Generic Core

State 3 <SV = 2> <Delay = 0.00>
ST_3 : Operation 19 [1/2] (0.00ns)   --->   "%call_ln636 = call void @kernel46_Pipeline_VITIS_LOOP_633_1_VITIS_LOOP_634_2, i32 %g0, i62 %trunc_ln21, i62 %trunc_ln, i62 %trunc_ln22, i64 %v255_read, i64 %v254_read" [spikingformer_official.cpp:636]   --->   Operation 19 'call' 'call_ln636' <Predicate = true> <Delay = 0.00> <CoreType = "Generic">   --->   Generic Core

State 4 <SV = 3> <Delay = 0.00>
ST_4 : Operation 20 [5/5] (7.30ns)   --->   "%empty_75 = writeresp i1 @_ssdm_op_WriteResp.m_axi.p1i32, i64 %g0_addr" [spikingformer_official.cpp:645]   --->   Operation 20 'writeresp' 'empty_75' <Predicate = true> <Delay = 7.30> <CoreInst = "m_axi">   --->   Core 119 'm_axi' <Latency = 3> <II = 1> <Delay = 1.00> <Adapter> <Opcode : 'readrequnaligned' 'writerequnaligned' 'read' 'write' 'readreq' 'writereq' 'writeresp'>

State 5 <SV = 4> <Delay = 0.00>
ST_5 : Operation 21 [4/5] (7.30ns)   --->   "%empty_75 = writeresp i1 @_ssdm_op_WriteResp.m_axi.p1i32, i64 %g0_addr" [spikingformer_official.cpp:645]   --->   Operation 21 'writeresp' 'empty_75' <Predicate = true> <Delay = 7.30> <CoreInst = "m_axi">   --->   Core 119 'm_axi' <Latency = 3> <II = 1> <Delay = 1.00> <Adapter> <Opcode : 'readrequnaligned' 'writerequnaligned' 'read' 'write' 'readreq' 'writereq' 'writeresp'>

State 6 <SV = 5> <Delay = 0.00>
ST_6 : Operation 22 [3/5] (7.30ns)   --->   "%empty_75 = writeresp i1 @_ssdm_op_WriteResp.m_axi.p1i32, i64 %g0_addr" [spikingformer_official.cpp:645]   --->   Operation 22 'writeresp' 'empty_75' <Predicate = true> <Delay = 7.30> <CoreInst = "m_axi">   --->   Core 119 'm_axi' <Latency = 3> <II = 1> <Delay = 1.00> <Adapter> <Opcode : 'readrequnaligned' 'writerequnaligned' 'read' 'write' 'readreq' 'writereq' 'writeresp'>

State 7 <SV = 6> <Delay = 0.00>
ST_7 : Operation 23 [2/5] (7.30ns)   --->   "%empty_75 = writeresp i1 @_ssdm_op_WriteResp.m_axi.p1i32, i64 %g0_addr" [spikingformer_official.cpp:645]   --->   Operation 23 'writeresp' 'empty_75' <Predicate = true> <Delay = 7.30> <CoreInst = "m_axi">   --->   Core 119 'm_axi' <Latency = 3> <II = 1> <Delay = 1.00> <Adapter> <Opcode : 'readrequnaligned' 'writerequnaligned' 'read' 'write' 'readreq' 'writereq' 'writeresp'>

State 8 <SV = 7> <Delay = 7.30>
ST_8 : Operation 24 [1/1] (0.00ns)   --->   "%specstablecontent_ln0 = specstablecontent void @_ssdm_op_SpecStableContent, i32 %g0, i1 1, void "   --->   Operation 24 'specstablecontent' 'specstablecontent_ln0' <Predicate = true> <Delay = 0.00>
ST_8 : Operation 25 [1/1] (0.00ns)   --->   "%specinterface_ln0 = specinterface void @_ssdm_op_SpecInterface, i32 %g0, void @empty_26, i32 0, i32 0, void @empty_35, i32 0, i32 0, void @empty_22, void @empty_25, void @empty_35, i32 16, i32 16, i32 16, i32 16, void @empty_35, void @empty_35, i32 4294967295, i32 0, i32 0, i32 4"   --->   Operation 25 'specinterface' 'specinterface_ln0' <Predicate = true> <Delay = 0.00>
ST_8 : Operation 26 [1/5] ( I:7.30ns O:7.30ns )   --->   "%empty_75 = writeresp i1 @_ssdm_op_WriteResp.m_axi.p1i32, i64 %g0_addr" [spikingformer_official.cpp:645]   --->   Operation 26 'writeresp' 'empty_75' <Predicate = true> <Delay = 7.30> <CoreInst = "m_axi">   --->   Core 119 'm_axi' <Latency = 3> <II = 1> <Delay = 1.00> <Adapter> <Opcode : 'readrequnaligned' 'writerequnaligned' 'read' 'write' 'readreq' 'writereq' 'writeresp'>
ST_8 : Operation 27 [1/1] (0.00ns)   --->   "%ret_ln645 = ret" [spikingformer_official.cpp:645]   --->   Operation 27 'ret' 'ret_ln645' <Predicate = true> <Delay = 0.00>


============================================================
+ Verbose Summary: Binding
============================================================
STG Binding: 
---------------- STG Properties BEGIN ----------------
- Is combinational: 0
- Is one-state seq: 0
- Is datapath-only: 0
- Is pipelined: 0
- Is top level: 0
Port [ Return ] is wired: 1; IO mode=ap_ctrl_hs:ce=0
Port [ g0]:  wired=1; compound=1; hidden=0; nouse=0; global=0; static=0; extern=0; dir=2; type=4; pingpong=0; private_global=0; IO mode=m_axi:ce=0
Port [ v254]:  wired=1; compound=0; hidden=0; nouse=0; global=0; static=0; extern=0; dir=0; type=0; pingpong=0; private_global=0; IO mode=ap_none:ce=0
Port [ v255]:  wired=1; compound=0; hidden=0; nouse=0; global=0; static=0; extern=0; dir=0; type=0; pingpong=0; private_global=0; IO mode=ap_none:ce=0
Port [ v256]:  wired=1; compound=0; hidden=0; nouse=0; global=0; static=0; extern=0; dir=0; type=0; pingpong=0; private_global=0; IO mode=ap_none:ce=0
---------------- STG Properties END ------------------

---------------- Datapath Model BEGIN ----------------

<LifeTime>
<method=bitvector/>
v256_read             (read             ) [ 000000000]
trunc_ln              (partselect       ) [ 001100000]
sext_ln633            (sext             ) [ 000000000]
g0_addr               (getelementptr    ) [ 001111111]
empty                 (writereq         ) [ 000000000]
v255_read             (read             ) [ 000100000]
v254_read             (read             ) [ 000100000]
trunc_ln21            (partselect       ) [ 000100000]
trunc_ln22            (partselect       ) [ 000100000]
call_ln636            (call             ) [ 000000000]
specstablecontent_ln0 (specstablecontent) [ 000000000]
specinterface_ln0     (specinterface    ) [ 000000000]
empty_75              (writeresp        ) [ 000000000]
ret_ln645             (ret              ) [ 000000000]
</LifeTime>

<model>

<comp_list>
<comp id="0" class="1000" name="g0">
<pin_list>
<pin id="1" dir="1" index="0" bw="1" slack="0"/>
</pin_list>
<bind>
<StgValue><ssdm name="g0"/><MemPortTyVec>2 </MemPortTyVec>
</StgValue>
</bind>
</comp>

<comp id="2" class="1000" name="v254">
<pin_list>
<pin id="3" dir="1" index="0" bw="1" slack="0"/>
</pin_list>
<bind>
<StgValue><ssdm name="v254"/></StgValue>
</bind>
</comp>

<comp id="4" class="1000" name="v255">
<pin_list>
<pin id="5" dir="1" index="0" bw="1" slack="0"/>
</pin_list>
<bind>
<StgValue><ssdm name="v255"/></StgValue>
</bind>
</comp>

<comp id="6" class="1000" name="v256">
<pin_list>
<pin id="7" dir="1" index="0" bw="1" slack="0"/>
</pin_list>
<bind>
<StgValue><ssdm name="v256"/></StgValue>
</bind>
</comp>

<comp id="8" class="1001" name="const_8">
<pin_list>
<pin id="9" dir="1" index="0" bw="1" slack="0"/>
</pin_list>
<bind>
<StgValue><ssdm name="_ssdm_op_Read.ap_auto.i64"/></StgValue>
</bind>
</comp>

<comp id="10" class="1001" name="const_10">
<pin_list>
<pin id="11" dir="1" index="0" bw="1" slack="0"/>
</pin_list>
<bind>
<StgValue><ssdm name="_ssdm_op_PartSelect.i62.i64.i32.i32"/></StgValue>
</bind>
</comp>

<comp id="12" class="1001" name="const_12">
<pin_list>
<pin id="13" dir="1" index="0" bw="1" slack="0"/>
</pin_list>
<bind>
<StgValue><ssdm name=""/></StgValue>
</bind>
</comp>

<comp id="14" class="1001" name="const_14">
<pin_list>
<pin id="15" dir="1" index="0" bw="1" slack="0"/>
</pin_list>
<bind>
<StgValue><ssdm name=""/></StgValue>
</bind>
</comp>

<comp id="16" class="1001" name="const_16">
<pin_list>
<pin id="17" dir="1" index="0" bw="1" slack="0"/>
</pin_list>
<bind>
<StgValue><ssdm name="_ssdm_op_WriteReq.m_axi.p1i32"/></StgValue>
</bind>
</comp>

<comp id="18" class="1001" name="const_18">
<pin_list>
<pin id="19" dir="1" index="0" bw="1" slack="0"/>
</pin_list>
<bind>
<StgValue><ssdm name=""/></StgValue>
</bind>
</comp>

<comp id="20" class="1001" name="const_20">
<pin_list>
<pin id="21" dir="1" index="0" bw="1" slack="0"/>
</pin_list>
<bind>
<StgValue><ssdm name="kernel46_Pipeline_VITIS_LOOP_633_1_VITIS_LOOP_634_2"/></StgValue>
</bind>
</comp>

<comp id="22" class="1001" name="const_22">
<pin_list>
<pin id="23" dir="1" index="0" bw="1" slack="0"/>
</pin_list>
<bind>
<StgValue><ssdm name="_ssdm_op_WriteResp.m_axi.p1i32"/></StgValue>
</bind>
</comp>

<comp id="24" class="1001" name="const_24">
<pin_list>
<pin id="25" dir="1" index="0" bw="1" slack="2147483647"/>
</pin_list>
<bind>
<StgValue><ssdm name="_ssdm_op_SpecStableContent"/></StgValue>
</bind>
</comp>

<comp id="26" class="1001" name="const_26">
<pin_list>
<pin id="27" dir="1" index="0" bw="1" slack="2147483647"/>
</pin_list>
<bind>
<StgValue><ssdm name=""/></StgValue>
</bind>
</comp>

<comp id="28" class="1001" name="const_28">
<pin_list>
<pin id="29" dir="1" index="0" bw="1" slack="2147483647"/>
</pin_list>
<bind>
<StgValue><ssdm name=""/></StgValue>
</bind>
</comp>

<comp id="30" class="1001" name="const_30">
<pin_list>
<pin id="31" dir="1" index="0" bw="1" slack="2147483647"/>
</pin_list>
<bind>
<StgValue><ssdm name="_ssdm_op_SpecInterface"/></StgValue>
</bind>
</comp>

<comp id="32" class="1001" name="const_32">
<pin_list>
<pin id="33" dir="1" index="0" bw="1" slack="2147483647"/>
</pin_list>
<bind>
<StgValue><ssdm name="empty_26"/></StgValue>
</bind>
</comp>

<comp id="34" class="1001" name="const_34">
<pin_list>
<pin id="35" dir="1" index="0" bw="1" slack="2147483647"/>
</pin_list>
<bind>
<StgValue><ssdm name=""/></StgValue>
</bind>
</comp>

<comp id="36" class="1001" name="const_36">
<pin_list>
<pin id="37" dir="1" index="0" bw="1" slack="2147483647"/>
</pin_list>
<bind>
<StgValue><ssdm name="empty_35"/></StgValue>
</bind>
</comp>

<comp id="38" class="1001" name="const_38">
<pin_list>
<pin id="39" dir="1" index="0" bw="1" slack="2147483647"/>
</pin_list>
<bind>
<StgValue><ssdm name="empty_22"/></StgValue>
</bind>
</comp>

<comp id="40" class="1001" name="const_40">
<pin_list>
<pin id="41" dir="1" index="0" bw="1" slack="2147483647"/>
</pin_list>
<bind>
<StgValue><ssdm name="empty_25"/></StgValue>
</bind>
</comp>

<comp id="42" class="1001" name="const_42">
<pin_list>
<pin id="43" dir="1" index="0" bw="1" slack="2147483647"/>
</pin_list>
<bind>
<StgValue><ssdm name=""/></StgValue>
</bind>
</comp>

<comp id="44" class="1001" name="const_44">
<pin_list>
<pin id="45" dir="1" index="0" bw="1" slack="2147483647"/>
</pin_list>
<bind>
<StgValue><ssdm name=""/></StgValue>
</bind>
</comp>

<comp id="46" class="1001" name="const_46">
<pin_list>
<pin id="47" dir="1" index="0" bw="1" slack="2147483647"/>
</pin_list>
<bind>
<StgValue><ssdm name=""/></StgValue>
</bind>
</comp>

<comp id="48" class="1004" name="v256_read_read_fu_48">
<pin_list>
<pin id="49" dir="0" index="0" bw="64" slack="0"/>
<pin id="50" dir="0" index="1" bw="64" slack="0"/>
<pin id="51" dir="1" index="2" bw="64" slack="0"/>
</pin_list>
<bind>
<opcode="read(1150) " fcode="read"/>
<opset="v256_read/1 "/>
</bind>
</comp>

<comp id="54" class="1004" name="v255_read_read_fu_54">
<pin_list>
<pin id="55" dir="0" index="0" bw="64" slack="0"/>
<pin id="56" dir="0" index="1" bw="64" slack="0"/>
<pin id="57" dir="1" index="2" bw="64" slack="0"/>
</pin_list>
<bind>
<opcode="read(1150) " fcode="read"/>
<opset="v255_read/2 "/>
</bind>
</comp>

<comp id="60" class="1004" name="v254_read_read_fu_60">
<pin_list>
<pin id="61" dir="0" index="0" bw="64" slack="0"/>
<pin id="62" dir="0" index="1" bw="64" slack="0"/>
<pin id="63" dir="1" index="2" bw="64" slack="0"/>
</pin_list>
<bind>
<opcode="read(1150) " fcode="read"/>
<opset="v254_read/2 "/>
</bind>
</comp>

<comp id="66" class="1004" name="empty_writereq_fu_66">
<pin_list>
<pin id="67" dir="0" index="0" bw="1" slack="0"/>
<pin id="68" dir="0" index="1" bw="32" slack="0"/>
<pin id="69" dir="0" index="2" bw="16" slack="0"/>
<pin id="70" dir="1" index="3" bw="1" slack="2147483647"/>
</pin_list>
<bind>
<opcode="writereq(1155) " fcode="writereq"/>
<opset="empty/1 "/>
</bind>
</comp>

<comp id="73" class="1004" name="grp_writeresp_fu_73">
<pin_list>
<pin id="74" dir="0" index="0" bw="1" slack="0"/>
<pin id="75" dir="0" index="1" bw="32" slack="3"/>
<pin id="76" dir="1" index="2" bw="1" slack="2147483647"/>
</pin_list>
<bind>
<opcode="writeresp(1158) " fcode="writeresp"/>
<opset="empty_75/4 "/>
</bind>
</comp>

<comp id="78" class="1004" name="grp_kernel46_Pipeline_VITIS_LOOP_633_1_VITIS_LOOP_634_2_fu_78">
<pin_list>
<pin id="79" dir="0" index="0" bw="0" slack="0"/>
<pin id="80" dir="0" index="1" bw="32" slack="0"/>
<pin id="81" dir="0" index="2" bw="62" slack="0"/>
<pin id="82" dir="0" index="3" bw="62" slack="1"/>
<pin id="83" dir="0" index="4" bw="62" slack="0"/>
<pin id="84" dir="0" index="5" bw="64" slack="0"/>
<pin id="85" dir="0" index="6" bw="64" slack="0"/>
<pin id="86" dir="1" index="7" bw="0" slack="2147483647"/>
</pin_list>
<bind>
<opcode="call(48) " fcode="call"/>
<opset="call_ln636/2 "/>
</bind>
</comp>

<comp id="91" class="1004" name="trunc_ln_fu_91">
<pin_list>
<pin id="92" dir="0" index="0" bw="62" slack="0"/>
<pin id="93" dir="0" index="1" bw="64" slack="0"/>
<pin id="94" dir="0" index="2" bw="3" slack="0"/>
<pin id="95" dir="0" index="3" bw="7" slack="0"/>
<pin id="96" dir="1" index="4" bw="62" slack="0"/>
</pin_list>
<bind>
<opcode="partselect(1002) " fcode="partselect"/>
<opset="trunc_ln/1 "/>
</bind>
</comp>

<comp id="101" class="1004" name="sext_ln633_fu_101">
<pin_list>
<pin id="102" dir="0" index="0" bw="62" slack="0"/>
<pin id="103" dir="1" index="1" bw="64" slack="0"/>
</pin_list>
<bind>
<opcode="sext(35) " fcode="sext"/>
<opset="sext_ln633/1 "/>
</bind>
</comp>

<comp id="105" class="1004" name="g0_addr_fu_105">
<pin_list>
<pin id="106" dir="0" index="0" bw="64" slack="0"/>
<pin id="107" dir="0" index="1" bw="64" slack="0"/>
<pin id="108" dir="1" index="2" bw="64" slack="0"/>
</pin_list>
<bind>
<opcode="getelementptr(29) " fcode="getelementptr"/>
<opset="g0_addr/1 "/>
</bind>
</comp>

<comp id="112" class="1004" name="trunc_ln21_fu_112">
<pin_list>
<pin id="113" dir="0" index="0" bw="62" slack="0"/>
<pin id="114" dir="0" index="1" bw="64" slack="0"/>
<pin id="115" dir="0" index="2" bw="3" slack="0"/>
<pin id="116" dir="0" index="3" bw="7" slack="0"/>
<pin id="117" dir="1" index="4" bw="62" slack="0"/>
</pin_list>
<bind>
<opcode="partselect(1002) " fcode="partselect"/>
<opset="trunc_ln21/2 "/>
</bind>
</comp>

<comp id="123" class="1004" name="trunc_ln22_fu_123">
<pin_list>
<pin id="124" dir="0" index="0" bw="62" slack="0"/>
<pin id="125" dir="0" index="1" bw="64" slack="0"/>
<pin id="126" dir="0" index="2" bw="3" slack="0"/>
<pin id="127" dir="0" index="3" bw="7" slack="0"/>
<pin id="128" dir="1" index="4" bw="62" slack="0"/>
</pin_list>
<bind>
<opcode="partselect(1002) " fcode="partselect"/>
<opset="trunc_ln22/2 "/>
</bind>
</comp>

<comp id="134" class="1005" name="trunc_ln_reg_134">
<pin_list>
<pin id="135" dir="0" index="0" bw="62" slack="1"/>
<pin id="136" dir="1" index="1" bw="62" slack="1"/>
</pin_list>
<bind>
<opset="trunc_ln "/>
</bind>
</comp>

<comp id="139" class="1005" name="g0_addr_reg_139">
<pin_list>
<pin id="140" dir="0" index="0" bw="32" slack="3"/>
<pin id="141" dir="1" index="1" bw="32" slack="3"/>
</pin_list>
<bind>
<opset="g0_addr "/>
</bind>
</comp>

<comp id="144" class="1005" name="v255_read_reg_144">
<pin_list>
<pin id="145" dir="0" index="0" bw="64" slack="1"/>
<pin id="146" dir="1" index="1" bw="64" slack="1"/>
</pin_list>
<bind>
<opset="v255_read "/>
</bind>
</comp>

<comp id="149" class="1005" name="v254_read_reg_149">
<pin_list>
<pin id="150" dir="0" index="0" bw="64" slack="1"/>
<pin id="151" dir="1" index="1" bw="64" slack="1"/>
</pin_list>
<bind>
<opset="v254_read "/>
</bind>
</comp>

<comp id="154" class="1005" name="trunc_ln21_reg_154">
<pin_list>
<pin id="155" dir="0" index="0" bw="62" slack="1"/>
<pin id="156" dir="1" index="1" bw="62" slack="1"/>
</pin_list>
<bind>
<opset="trunc_ln21 "/>
</bind>
</comp>

<comp id="159" class="1005" name="trunc_ln22_reg_159">
<pin_list>
<pin id="160" dir="0" index="0" bw="62" slack="1"/>
<pin id="161" dir="1" index="1" bw="62" slack="1"/>
</pin_list>
<bind>
<opset="trunc_ln22 "/>
</bind>
</comp>

</comp_list>

<net_list>
<net id="52"><net_src comp="8" pin="0"/><net_sink comp="48" pin=0"/></net>

<net id="53"><net_src comp="6" pin="0"/><net_sink comp="48" pin=1"/></net>

<net id="58"><net_src comp="8" pin="0"/><net_sink comp="54" pin=0"/></net>

<net id="59"><net_src comp="4" pin="0"/><net_sink comp="54" pin=1"/></net>

<net id="64"><net_src comp="8" pin="0"/><net_sink comp="60" pin=0"/></net>

<net id="65"><net_src comp="2" pin="0"/><net_sink comp="60" pin=1"/></net>

<net id="71"><net_src comp="16" pin="0"/><net_sink comp="66" pin=0"/></net>

<net id="72"><net_src comp="18" pin="0"/><net_sink comp="66" pin=2"/></net>

<net id="77"><net_src comp="22" pin="0"/><net_sink comp="73" pin=0"/></net>

<net id="87"><net_src comp="20" pin="0"/><net_sink comp="78" pin=0"/></net>

<net id="88"><net_src comp="0" pin="0"/><net_sink comp="78" pin=1"/></net>

<net id="89"><net_src comp="54" pin="2"/><net_sink comp="78" pin=5"/></net>

<net id="90"><net_src comp="60" pin="2"/><net_sink comp="78" pin=6"/></net>

<net id="97"><net_src comp="10" pin="0"/><net_sink comp="91" pin=0"/></net>

<net id="98"><net_src comp="48" pin="2"/><net_sink comp="91" pin=1"/></net>

<net id="99"><net_src comp="12" pin="0"/><net_sink comp="91" pin=2"/></net>

<net id="100"><net_src comp="14" pin="0"/><net_sink comp="91" pin=3"/></net>

<net id="104"><net_src comp="91" pin="4"/><net_sink comp="101" pin=0"/></net>

<net id="109"><net_src comp="0" pin="0"/><net_sink comp="105" pin=0"/></net>

<net id="110"><net_src comp="101" pin="1"/><net_sink comp="105" pin=1"/></net>

<net id="111"><net_src comp="105" pin="2"/><net_sink comp="66" pin=1"/></net>

<net id="118"><net_src comp="10" pin="0"/><net_sink comp="112" pin=0"/></net>

<net id="119"><net_src comp="54" pin="2"/><net_sink comp="112" pin=1"/></net>

<net id="120"><net_src comp="12" pin="0"/><net_sink comp="112" pin=2"/></net>

<net id="121"><net_src comp="14" pin="0"/><net_sink comp="112" pin=3"/></net>

<net id="122"><net_src comp="112" pin="4"/><net_sink comp="78" pin=2"/></net>

<net id="129"><net_src comp="10" pin="0"/><net_sink comp="123" pin=0"/></net>

<net id="130"><net_src comp="60" pin="2"/><net_sink comp="123" pin=1"/></net>

<net id="131"><net_src comp="12" pin="0"/><net_sink comp="123" pin=2"/></net>

<net id="132"><net_src comp="14" pin="0"/><net_sink comp="123" pin=3"/></net>

<net id="133"><net_src comp="123" pin="4"/><net_sink comp="78" pin=4"/></net>

<net id="137"><net_src comp="91" pin="4"/><net_sink comp="134" pin=0"/></net>

<net id="138"><net_src comp="134" pin="1"/><net_sink comp="78" pin=3"/></net>

<net id="142"><net_src comp="105" pin="2"/><net_sink comp="139" pin=0"/></net>

<net id="143"><net_src comp="139" pin="1"/><net_sink comp="73" pin=1"/></net>

<net id="147"><net_src comp="54" pin="2"/><net_sink comp="144" pin=0"/></net>

<net id="148"><net_src comp="144" pin="1"/><net_sink comp="78" pin=5"/></net>

<net id="152"><net_src comp="60" pin="2"/><net_sink comp="149" pin=0"/></net>

<net id="153"><net_src comp="149" pin="1"/><net_sink comp="78" pin=6"/></net>

<net id="157"><net_src comp="112" pin="4"/><net_sink comp="154" pin=0"/></net>

<net id="158"><net_src comp="154" pin="1"/><net_sink comp="78" pin=2"/></net>

<net id="162"><net_src comp="123" pin="4"/><net_sink comp="159" pin=0"/></net>

<net id="163"><net_src comp="159" pin="1"/><net_sink comp="78" pin=4"/></net>

</net_list>

</model> 
---------------- Datapath Model END ------------------

* FSMD analyzer results:
  - Output states:
	Port: g0 | {1 2 3 4 5 6 7 8 }
 - Input state : 
	Port: kernel46 : g0 | {2 3 }
	Port: kernel46 : v254 | {2 }
	Port: kernel46 : v255 | {2 }
	Port: kernel46 : v256 | {1 }
  - Chain level:
	State 1
		sext_ln633 : 1
		g0_addr : 2
		empty : 3
	State 2
		call_ln636 : 1
	State 3
	State 4
	State 5
	State 6
	State 7
	State 8


============================================================
+ Verbose Summary: Datapath Resource usage 
============================================================

* Functional unit list:
|----------|---------------------------------------------------------------|---------|---------|---------|---------|
| Operation|                        Functional Unit                        |   DSP   |  Delay  |    FF   |   LUT   |
|----------|---------------------------------------------------------------|---------|---------|---------|---------|
|   call   | grp_kernel46_Pipeline_VITIS_LOOP_633_1_VITIS_LOOP_634_2_fu_78 |    2    |  1.708  |   547   |   637   |
|----------|---------------------------------------------------------------|---------|---------|---------|---------|
|          |                      v256_read_read_fu_48                     |    0    |    0    |    0    |    0    |
|   read   |                      v255_read_read_fu_54                     |    0    |    0    |    0    |    0    |
|          |                      v254_read_read_fu_60                     |    0    |    0    |    0    |    0    |
|----------|---------------------------------------------------------------|---------|---------|---------|---------|
| writereq |                      empty_writereq_fu_66                     |    0    |    0    |    0    |    0    |
|----------|---------------------------------------------------------------|---------|---------|---------|---------|
| writeresp|                      grp_writeresp_fu_73                      |    0    |    0    |    0    |    0    |
|----------|---------------------------------------------------------------|---------|---------|---------|---------|
|          |                         trunc_ln_fu_91                        |    0    |    0    |    0    |    0    |
|partselect|                       trunc_ln21_fu_112                       |    0    |    0    |    0    |    0    |
|          |                       trunc_ln22_fu_123                       |    0    |    0    |    0    |    0    |
|----------|---------------------------------------------------------------|---------|---------|---------|---------|
|   sext   |                       sext_ln633_fu_101                       |    0    |    0    |    0    |    0    |
|----------|---------------------------------------------------------------|---------|---------|---------|---------|
|   Total  |                                                               |    2    |  1.708  |   547   |   637   |
|----------|---------------------------------------------------------------|---------|---------|---------|---------|

Memories:
N/A

* Register list:
+------------------+--------+
|                  |   FF   |
+------------------+--------+
|  g0_addr_reg_139 |   32   |
|trunc_ln21_reg_154|   62   |
|trunc_ln22_reg_159|   62   |
| trunc_ln_reg_134 |   62   |
| v254_read_reg_149|   64   |
| v255_read_reg_144|   64   |
+------------------+--------+
|       Total      |   346  |
+------------------+--------+

* Multiplexer (MUX) list: 
|---------------------------------------------------------------|------|------|------|--------||---------||---------||---------|
|                              Comp                             |  Pin | Size |  BW  | S x BW ||  Delay  ||    FF   ||   LUT   |
|---------------------------------------------------------------|------|------|------|--------||---------||---------||---------|
| grp_kernel46_Pipeline_VITIS_LOOP_633_1_VITIS_LOOP_634_2_fu_78 |  p2  |   2  |  62  |   124  ||    0    ||    9    |
| grp_kernel46_Pipeline_VITIS_LOOP_633_1_VITIS_LOOP_634_2_fu_78 |  p4  |   2  |  62  |   124  ||    0    ||    9    |
| grp_kernel46_Pipeline_VITIS_LOOP_633_1_VITIS_LOOP_634_2_fu_78 |  p5  |   2  |  64  |   128  ||    0    ||    9    |
| grp_kernel46_Pipeline_VITIS_LOOP_633_1_VITIS_LOOP_634_2_fu_78 |  p6  |   2  |  64  |   128  ||    0    ||    9    |
|---------------------------------------------------------------|------|------|------|--------||---------||---------||---------|
|                             Total                             |      |      |      |   504  ||  1.708  ||    0    ||    36   |
|---------------------------------------------------------------|------|------|------|--------||---------||---------||---------|



* Summary:
+-----------+--------+--------+--------+--------+
|           |   DSP  |  Delay |   FF   |   LUT  |
+-----------+--------+--------+--------+--------+
|  Function |    2   |    1   |   547  |   637  |
|   Memory  |    -   |    -   |    -   |    -   |
|Multiplexer|    -   |    1   |    0   |   36   |
|  Register |    -   |    -   |   346  |    -   |
+-----------+--------+--------+--------+--------+
|   Total   |    2   |    3   |   893  |   673  |
+-----------+--------+--------+--------+--------+
