

================================================================
== Vitis HLS Report for 'kernel26'
================================================================
* Date:           Sun Jul 12 20:26:07 2026

* Version:        2025.2 (Build 6295257 on Nov 14 2025)
* Project:        spikingformer_proj
* Solution:       solution1 (Vivado IP Flow Target)
* Product family: zynquplus
* Target device:  xczu7ev-ffvc1156-2-e


================================================================
== Performance Estimates
================================================================
+ Timing: 
    * Summary: 
    +--------+----------+----------+------------+
    |  Clock |  Target  | Estimated| Uncertainty|
    +--------+----------+----------+------------+
    |ap_clk  |  10.00 ns|  7.300 ns|     2.70 ns|
    +--------+----------+----------+------------+

+ Latency: 
    * Summary: 
    +---------+---------+----------+----------+-----+-----+-------------------+
    |  Latency (cycles) |  Latency (absolute) |  Interval |      Pipeline     |
    |   min   |   max   |    min   |    max   | min | max |        Type       |
    +---------+---------+----------+----------+-----+-----+-------------------+
    |    24592|    24592|  0.246 ms|  0.246 ms|    0|    0|  loop pipeline stp|
    +---------+---------+----------+----------+-----+-----+-------------------+

    + Detail: 
        * Instance: 
        N/A

        * Loop: 
        +------------------------------------------------------+---------+---------+----------+-----------+-----------+-------+----------+
        |                                                      |  Latency (cycles) | Iteration|  Initiation Interval  |  Trip |          |
        |                       Loop Name                      |   min   |   max   |  Latency |  achieved |   target  | Count | Pipelined|
        +------------------------------------------------------+---------+---------+----------+-----------+-----------+-------+----------+
        |- VITIS_LOOP_390_1_VITIS_LOOP_391_2_VITIS_LOOP_392_3  |    24590|    24590|        16|          1|          1|  24576|       yes|
        +------------------------------------------------------+---------+---------+----------+-----------+-----------+-------+----------+

============================================================
+ Verbose Summary: Synthesis Manager
============================================================
InlineROM: 1
ExposeGlobal: 0
============================================================
+ Verbose Summary: CDFG Model
============================================================
IsTopModel: 0
ResetActiveHigh: 1
IsCombinational: 0
IsDatapathOnly: 0
HasWiredReturn: 1
HasMFsm: 2
HasVarLatency: 1
IsPipeline: 0
IsRtlPipelined: 0
IsInstanceOverlapped: 0
IsDontTouch: 0
HasImplIP: 0
IsGatedGlobalClock: 0

+ Individual pipeline summary: 
  * Pipeline-0: initiation interval (II) = 1, depth = 17


============================================================
+ Verbose Summary: Schedule
============================================================
* Number of FSM states : 17
* Pipeline : 1
  Pipeline-0 : II = 1, D = 17, States = { 1 2 3 4 5 6 7 8 9 10 11 12 13 14 15 16 17 }
* Dataflow Pipeline: 0

* FSM state transitions: 
1 --> 2 
2 --> 3 
3 --> 4 
4 --> 5 
5 --> 6 
6 --> 7 
7 --> 8 
8 --> 9 
9 --> 10 
10 --> 11 
11 --> 12 
12 --> 13 
13 --> 14 
14 --> 15 
15 --> 16 
16 --> 17 
17 --> 

* FSM state operations: 

State 1 <SV = 0> <Delay = 0.42>
ST_1 : Operation 19 [1/1] (0.00ns)   --->   "%v157 = alloca i32 1" [spikingformer_official.cpp:392]   --->   Operation 19 'alloca' 'v157' <Predicate = true> <Delay = 0.00>
ST_1 : Operation 20 [1/1] (0.00ns)   --->   "%v156 = alloca i32 1" [spikingformer_official.cpp:391]   --->   Operation 20 'alloca' 'v156' <Predicate = true> <Delay = 0.00>
ST_1 : Operation 21 [1/1] (0.00ns)   --->   "%indvar_flatten = alloca i32 1"   --->   Operation 21 'alloca' 'indvar_flatten' <Predicate = true> <Delay = 0.00>
ST_1 : Operation 22 [1/1] (0.00ns)   --->   "%v155 = alloca i32 1" [spikingformer_official.cpp:390]   --->   Operation 22 'alloca' 'v155' <Predicate = true> <Delay = 0.00>
ST_1 : Operation 23 [1/1] (0.00ns)   --->   "%indvar_flatten12 = alloca i32 1"   --->   Operation 23 'alloca' 'indvar_flatten12' <Predicate = true> <Delay = 0.00>
ST_1 : Operation 24 [1/1] (0.00ns)   --->   "%specstablecontent_ln0 = specstablecontent void @_ssdm_op_SpecStableContent, i32 %g0, i1 1, void "   --->   Operation 24 'specstablecontent' 'specstablecontent_ln0' <Predicate = true> <Delay = 0.00>
ST_1 : Operation 25 [1/1] (0.00ns)   --->   "%specinterface_ln0 = specinterface void @_ssdm_op_SpecInterface, i32 %g0, void @empty_26, i32 0, i32 0, void @empty_35, i32 0, i32 0, void @empty_22, void @empty_25, void @empty_35, i32 16, i32 16, i32 16, i32 16, void @empty_35, void @empty_35, i32 4294967295, i32 0, i32 0, i32 4"   --->   Operation 25 'specinterface' 'specinterface_ln0' <Predicate = true> <Delay = 0.00>
ST_1 : Operation 26 [1/1] (0.00ns)   --->   "%v154_read = read i64 @_ssdm_op_Read.ap_auto.i64, i64 %v154" [spikingformer_official.cpp:387]   --->   Operation 26 'read' 'v154_read' <Predicate = true> <Delay = 0.00>
ST_1 : Operation 27 [1/1] (0.00ns)   --->   "%v153_read = read i64 @_ssdm_op_Read.ap_auto.i64, i64 %v153" [spikingformer_official.cpp:387]   --->   Operation 27 'read' 'v153_read' <Predicate = true> <Delay = 0.00>
ST_1 : Operation 28 [1/1] (0.42ns)   --->   "%store_ln0 = store i15 0, i15 %indvar_flatten12"   --->   Operation 28 'store' 'store_ln0' <Predicate = true> <Delay = 0.42>
ST_1 : Operation 29 [1/1] (0.42ns)   --->   "%store_ln390 = store i9 0, i9 %v155" [spikingformer_official.cpp:390]   --->   Operation 29 'store' 'store_ln390' <Predicate = true> <Delay = 0.42>
ST_1 : Operation 30 [1/1] (0.42ns)   --->   "%store_ln0 = store i8 0, i8 %indvar_flatten"   --->   Operation 30 'store' 'store_ln0' <Predicate = true> <Delay = 0.42>
ST_1 : Operation 31 [1/1] (0.42ns)   --->   "%store_ln391 = store i4 0, i4 %v156" [spikingformer_official.cpp:391]   --->   Operation 31 'store' 'store_ln391' <Predicate = true> <Delay = 0.42>
ST_1 : Operation 32 [1/1] (0.42ns)   --->   "%store_ln392 = store i4 0, i4 %v157" [spikingformer_official.cpp:392]   --->   Operation 32 'store' 'store_ln392' <Predicate = true> <Delay = 0.42>
ST_1 : Operation 33 [1/1] (0.00ns)   --->   "%br_ln390 = br void %for.inc" [spikingformer_official.cpp:390]   --->   Operation 33 'br' 'br_ln390' <Predicate = true> <Delay = 0.00>

State 2 <SV = 1> <Delay = 3.16>
ST_2 : Operation 34 [1/1] (0.00ns)   --->   "%indvar_flatten12_load = load i15 %indvar_flatten12" [spikingformer_official.cpp:390]   --->   Operation 34 'load' 'indvar_flatten12_load' <Predicate = true> <Delay = 0.00>
ST_2 : Operation 35 [1/1] (0.84ns)   --->   "%icmp_ln390 = icmp_eq  i15 %indvar_flatten12_load, i15 24576" [spikingformer_official.cpp:390]   --->   Operation 35 'icmp' 'icmp_ln390' <Predicate = true> <Delay = 0.84> <CoreInst = "Cmp">   --->   Core 9 'Cmp' <Latency = 0> <II = 1> <Delay = 0.84> <FuncUnit> <Opcode : 'seteq' 'setne' 'setle' 'setge' 'setlt' 'setgt'> <InPorts = 2> <OutPorts = 1>
ST_2 : Operation 36 [1/1] (0.84ns)   --->   "%add_ln390_1 = add i15 %indvar_flatten12_load, i15 1" [spikingformer_official.cpp:390]   --->   Operation 36 'add' 'add_ln390_1' <Predicate = true> <Delay = 0.84> <CoreInst = "Adder">   --->   Core 1 'Adder' <Latency = 0> <II = 1> <Delay = 0.84> <FuncUnit> <Opcode : 'add' 'sub'> <InPorts = 2> <OutPorts = 1>
ST_2 : Operation 37 [1/1] (0.00ns)   --->   "%br_ln390 = br i1 %icmp_ln390, void %for.inc24, void %for.end26" [spikingformer_official.cpp:390]   --->   Operation 37 'br' 'br_ln390' <Predicate = true> <Delay = 0.00>
ST_2 : Operation 38 [1/1] (0.00ns)   --->   "%v157_load = load i4 %v157" [spikingformer_official.cpp:392]   --->   Operation 38 'load' 'v157_load' <Predicate = (!icmp_ln390)> <Delay = 0.00>
ST_2 : Operation 39 [1/1] (0.00ns)   --->   "%v156_load = load i4 %v156" [spikingformer_official.cpp:390]   --->   Operation 39 'load' 'v156_load' <Predicate = (!icmp_ln390)> <Delay = 0.00>
ST_2 : Operation 40 [1/1] (0.00ns)   --->   "%indvar_flatten_load = load i8 %indvar_flatten" [spikingformer_official.cpp:391]   --->   Operation 40 'load' 'indvar_flatten_load' <Predicate = (!icmp_ln390)> <Delay = 0.00>
ST_2 : Operation 41 [1/1] (0.00ns)   --->   "%v155_load = load i9 %v155" [spikingformer_official.cpp:390]   --->   Operation 41 'load' 'v155_load' <Predicate = (!icmp_ln390)> <Delay = 0.00>
ST_2 : Operation 42 [1/1] (0.77ns)   --->   "%add_ln390 = add i9 %v155_load, i9 1" [spikingformer_official.cpp:390]   --->   Operation 42 'add' 'add_ln390' <Predicate = (!icmp_ln390)> <Delay = 0.77> <CoreInst = "Adder">   --->   Core 1 'Adder' <Latency = 0> <II = 1> <Delay = 0.77> <FuncUnit> <Opcode : 'add' 'sub'> <InPorts = 2> <OutPorts = 1>
ST_2 : Operation 43 [1/1] (0.76ns)   --->   "%icmp_ln391 = icmp_eq  i8 %indvar_flatten_load, i8 64" [spikingformer_official.cpp:391]   --->   Operation 43 'icmp' 'icmp_ln391' <Predicate = (!icmp_ln390)> <Delay = 0.76> <CoreInst = "Cmp">   --->   Core 9 'Cmp' <Latency = 0> <II = 1> <Delay = 0.76> <FuncUnit> <Opcode : 'seteq' 'setne' 'setle' 'setge' 'setlt' 'setgt'> <InPorts = 2> <OutPorts = 1>
ST_2 : Operation 44 [1/1] (0.39ns)   --->   "%select_ln390 = select i1 %icmp_ln391, i4 0, i4 %v156_load" [spikingformer_official.cpp:390]   --->   Operation 44 'select' 'select_ln390' <Predicate = (!icmp_ln390)> <Delay = 0.39> <CoreInst = "Sel">   --->   Core 73 'Sel' <Latency = 0> <II = 1> <Delay = 0.39> <FuncUnit> <Opcode : 'select'> <InPorts = 3> <OutPorts = 1>
ST_2 : Operation 45 [1/1] (0.00ns) (grouped into LUT with out node and_ln390)   --->   "%xor_ln390 = xor i1 %icmp_ln391, i1 1" [spikingformer_official.cpp:390]   --->   Operation 45 'xor' 'xor_ln390' <Predicate = (!icmp_ln390)> <Delay = 0.00> <CoreInst = "LogicGate">   --->   Core 74 'LogicGate' <Latency = 0> <II = 1> <Delay = 0.28> <FuncUnit> <Opcode : 'and' 'or' 'xor'> <InPorts = 2> <OutPorts = 1>
ST_2 : Operation 46 [1/1] (0.79ns)   --->   "%icmp_ln392 = icmp_eq  i4 %v157_load, i4 8" [spikingformer_official.cpp:392]   --->   Operation 46 'icmp' 'icmp_ln392' <Predicate = (!icmp_ln390)> <Delay = 0.79> <CoreInst = "Cmp">   --->   Core 9 'Cmp' <Latency = 0> <II = 1> <Delay = 0.79> <FuncUnit> <Opcode : 'seteq' 'setne' 'setle' 'setge' 'setlt' 'setgt'> <InPorts = 2> <OutPorts = 1>
ST_2 : Operation 47 [1/1] (0.28ns) (out node of the LUT)   --->   "%and_ln390 = and i1 %icmp_ln392, i1 %xor_ln390" [spikingformer_official.cpp:390]   --->   Operation 47 'and' 'and_ln390' <Predicate = (!icmp_ln390)> <Delay = 0.28> <CoreInst = "LogicGate">   --->   Core 74 'LogicGate' <Latency = 0> <II = 1> <Delay = 0.28> <FuncUnit> <Opcode : 'and' 'or' 'xor'> <InPorts = 2> <OutPorts = 1>
ST_2 : Operation 48 [1/1] (0.39ns)   --->   "%select_ln390_1 = select i1 %icmp_ln391, i9 %add_ln390, i9 %v155_load" [spikingformer_official.cpp:390]   --->   Operation 48 'select' 'select_ln390_1' <Predicate = (!icmp_ln390)> <Delay = 0.39> <CoreInst = "Sel">   --->   Core 73 'Sel' <Latency = 0> <II = 1> <Delay = 0.39> <FuncUnit> <Opcode : 'select'> <InPorts = 3> <OutPorts = 1>
ST_2 : Operation 49 [1/1] (0.79ns)   --->   "%add_ln391 = add i4 %select_ln390, i4 1" [spikingformer_official.cpp:391]   --->   Operation 49 'add' 'add_ln391' <Predicate = (!icmp_ln390)> <Delay = 0.79> <CoreInst = "Adder">   --->   Core 1 'Adder' <Latency = 0> <II = 1> <Delay = 0.79> <FuncUnit> <Opcode : 'add' 'sub'> <InPorts = 2> <OutPorts = 1>
ST_2 : Operation 50 [1/1] (0.00ns) (grouped into LUT with out node v157_mid2)   --->   "%empty = or i1 %and_ln390, i1 %icmp_ln391" [spikingformer_official.cpp:390]   --->   Operation 50 'or' 'empty' <Predicate = (!icmp_ln390)> <Delay = 0.00> <CoreInst = "LogicGate">   --->   Core 74 'LogicGate' <Latency = 0> <II = 1> <Delay = 0.28> <FuncUnit> <Opcode : 'and' 'or' 'xor'> <InPorts = 2> <OutPorts = 1>
ST_2 : Operation 51 [1/1] (0.39ns) (out node of the LUT)   --->   "%v157_mid2 = select i1 %empty, i4 0, i4 %v157_load" [spikingformer_official.cpp:390]   --->   Operation 51 'select' 'v157_mid2' <Predicate = (!icmp_ln390)> <Delay = 0.39> <CoreInst = "Sel">   --->   Core 73 'Sel' <Latency = 0> <II = 1> <Delay = 0.39> <FuncUnit> <Opcode : 'select'> <InPorts = 3> <OutPorts = 1>
ST_2 : Operation 52 [1/1] (0.39ns)   --->   "%select_ln391 = select i1 %and_ln390, i4 %add_ln391, i4 %select_ln390" [spikingformer_official.cpp:391]   --->   Operation 52 'select' 'select_ln391' <Predicate = (!icmp_ln390)> <Delay = 0.39> <CoreInst = "Sel">   --->   Core 73 'Sel' <Latency = 0> <II = 1> <Delay = 0.39> <FuncUnit> <Opcode : 'select'> <InPorts = 3> <OutPorts = 1>
ST_2 : Operation 53 [1/1] (0.00ns)   --->   "%shl_ln = bitconcatenate i17 @_ssdm_op_BitConcatenate.i17.i9.i8, i9 %select_ln390_1, i8 0" [spikingformer_official.cpp:396]   --->   Operation 53 'bitconcatenate' 'shl_ln' <Predicate = (!icmp_ln390)> <Delay = 0.00>
ST_2 : Operation 54 [1/1] (0.00ns)   --->   "%zext_ln391 = zext i17 %shl_ln" [spikingformer_official.cpp:391]   --->   Operation 54 'zext' 'zext_ln391' <Predicate = (!icmp_ln390)> <Delay = 0.00>
ST_2 : Operation 55 [1/1] (0.00ns)   --->   "%trunc_ln396 = trunc i4 %v157_mid2" [spikingformer_official.cpp:396]   --->   Operation 55 'trunc' 'trunc_ln396' <Predicate = (!icmp_ln390)> <Delay = 0.00>
ST_2 : Operation 56 [1/1] (0.00ns) (grouped into TernaryAdder)   --->   "%add_ln396 = add i64 %zext_ln391, i64 %v153_read" [spikingformer_official.cpp:396]   --->   Operation 56 'add' 'add_ln396' <Predicate = (!icmp_ln390)> <Delay = 0.00> <CoreInst = "TAddSub">   --->   Core 10 'TAddSub' <Latency = 0> <II = 1> <Delay = 0.40> <IPBlock> <Opcode : 'add' 'sub'> <InPorts = 3> <OutPorts = 1> <Sync> <CReg>
ST_2 : Operation 57 [1/1] (0.00ns)   --->   "%trunc_ln396_1 = trunc i4 %select_ln391" [spikingformer_official.cpp:396]   --->   Operation 57 'trunc' 'trunc_ln396_1' <Predicate = (!icmp_ln390)> <Delay = 0.00>
ST_2 : Operation 58 [1/1] (0.00ns)   --->   "%tmp1 = bitconcatenate i8 @_ssdm_op_BitConcatenate.i8.i3.i3.i2, i3 %trunc_ln396_1, i3 %trunc_ln396, i2 0" [spikingformer_official.cpp:396]   --->   Operation 58 'bitconcatenate' 'tmp1' <Predicate = (!icmp_ln390)> <Delay = 0.00>
ST_2 : Operation 59 [1/1] (0.00ns)   --->   "%zext_ln396 = zext i8 %tmp1" [spikingformer_official.cpp:396]   --->   Operation 59 'zext' 'zext_ln396' <Predicate = (!icmp_ln390)> <Delay = 0.00>
ST_2 : Operation 60 [1/1] (0.81ns) (root node of TernaryAdder)   --->   "%add_ln396_1 = add i64 %zext_ln396, i64 %add_ln396" [spikingformer_official.cpp:396]   --->   Operation 60 'add' 'add_ln396_1' <Predicate = (!icmp_ln390)> <Delay = 0.81> <CoreInst = "TAddSub">   --->   Core 10 'TAddSub' <Latency = 0> <II = 1> <Delay = 0.40> <IPBlock> <Opcode : 'add' 'sub'> <InPorts = 3> <OutPorts = 1> <Sync> <CReg>
ST_2 : Operation 61 [1/1] (0.00ns)   --->   "%trunc_ln = partselect i62 @_ssdm_op_PartSelect.i62.i64.i32.i32, i64 %add_ln396_1, i32 2, i32 63" [spikingformer_official.cpp:396]   --->   Operation 61 'partselect' 'trunc_ln' <Predicate = (!icmp_ln390)> <Delay = 0.00>
ST_2 : Operation 62 [1/1] (0.00ns)   --->   "%sext_ln396 = sext i62 %trunc_ln" [spikingformer_official.cpp:396]   --->   Operation 62 'sext' 'sext_ln396' <Predicate = (!icmp_ln390)> <Delay = 0.00>
ST_2 : Operation 63 [1/1] (0.00ns)   --->   "%g0_addr = getelementptr i32 %g0, i64 %sext_ln396" [spikingformer_official.cpp:396]   --->   Operation 63 'getelementptr' 'g0_addr' <Predicate = (!icmp_ln390)> <Delay = 0.00>
ST_2 : Operation 64 [1/1] (0.00ns) (grouped into TernaryAdder)   --->   "%add_ln397 = add i64 %zext_ln391, i64 %v154_read" [spikingformer_official.cpp:397]   --->   Operation 64 'add' 'add_ln397' <Predicate = (!icmp_ln390)> <Delay = 0.00> <CoreInst = "TAddSub">   --->   Core 10 'TAddSub' <Latency = 0> <II = 1> <Delay = 0.40> <IPBlock> <Opcode : 'add' 'sub'> <InPorts = 3> <OutPorts = 1> <Sync> <CReg>
ST_2 : Operation 65 [1/1] (0.81ns) (root node of TernaryAdder)   --->   "%add_ln397_1 = add i64 %zext_ln396, i64 %add_ln397" [spikingformer_official.cpp:397]   --->   Operation 65 'add' 'add_ln397_1' <Predicate = (!icmp_ln390)> <Delay = 0.81> <CoreInst = "TAddSub">   --->   Core 10 'TAddSub' <Latency = 0> <II = 1> <Delay = 0.40> <IPBlock> <Opcode : 'add' 'sub'> <InPorts = 3> <OutPorts = 1> <Sync> <CReg>
ST_2 : Operation 66 [1/1] (0.00ns)   --->   "%trunc_ln34 = partselect i62 @_ssdm_op_PartSelect.i62.i64.i32.i32, i64 %add_ln397_1, i32 2, i32 63" [spikingformer_official.cpp:397]   --->   Operation 66 'partselect' 'trunc_ln34' <Predicate = (!icmp_ln390)> <Delay = 0.00>
ST_2 : Operation 67 [1/1] (0.00ns)   --->   "%sext_ln397 = sext i62 %trunc_ln34" [spikingformer_official.cpp:397]   --->   Operation 67 'sext' 'sext_ln397' <Predicate = (!icmp_ln390)> <Delay = 0.00>
ST_2 : Operation 68 [1/1] (0.00ns)   --->   "%g0_addr_37 = getelementptr i32 %g0, i64 %sext_ln397" [spikingformer_official.cpp:397]   --->   Operation 68 'getelementptr' 'g0_addr_37' <Predicate = (!icmp_ln390)> <Delay = 0.00>
ST_2 : Operation 69 [1/1] (0.79ns)   --->   "%add_ln392 = add i4 %v157_mid2, i4 1" [spikingformer_official.cpp:392]   --->   Operation 69 'add' 'add_ln392' <Predicate = (!icmp_ln390)> <Delay = 0.79> <CoreInst = "Adder">   --->   Core 1 'Adder' <Latency = 0> <II = 1> <Delay = 0.79> <FuncUnit> <Opcode : 'add' 'sub'> <InPorts = 2> <OutPorts = 1>
ST_2 : Operation 70 [1/1] (0.76ns)   --->   "%add_ln391_1 = add i8 %indvar_flatten_load, i8 1" [spikingformer_official.cpp:391]   --->   Operation 70 'add' 'add_ln391_1' <Predicate = (!icmp_ln390)> <Delay = 0.76> <CoreInst = "Adder">   --->   Core 1 'Adder' <Latency = 0> <II = 1> <Delay = 0.76> <FuncUnit> <Opcode : 'add' 'sub'> <InPorts = 2> <OutPorts = 1>
ST_2 : Operation 71 [1/1] (0.39ns)   --->   "%select_ln391_1 = select i1 %icmp_ln391, i8 1, i8 %add_ln391_1" [spikingformer_official.cpp:391]   --->   Operation 71 'select' 'select_ln391_1' <Predicate = (!icmp_ln390)> <Delay = 0.39> <CoreInst = "Sel">   --->   Core 73 'Sel' <Latency = 0> <II = 1> <Delay = 0.39> <FuncUnit> <Opcode : 'select'> <InPorts = 3> <OutPorts = 1>
ST_2 : Operation 72 [1/1] (0.42ns)   --->   "%store_ln390 = store i15 %add_ln390_1, i15 %indvar_flatten12" [spikingformer_official.cpp:390]   --->   Operation 72 'store' 'store_ln390' <Predicate = (!icmp_ln390)> <Delay = 0.42>
ST_2 : Operation 73 [1/1] (0.42ns)   --->   "%store_ln390 = store i9 %select_ln390_1, i9 %v155" [spikingformer_official.cpp:390]   --->   Operation 73 'store' 'store_ln390' <Predicate = (!icmp_ln390)> <Delay = 0.42>
ST_2 : Operation 74 [1/1] (0.42ns)   --->   "%store_ln391 = store i8 %select_ln391_1, i8 %indvar_flatten" [spikingformer_official.cpp:391]   --->   Operation 74 'store' 'store_ln391' <Predicate = (!icmp_ln390)> <Delay = 0.42>
ST_2 : Operation 75 [1/1] (0.42ns)   --->   "%store_ln391 = store i4 %select_ln391, i4 %v156" [spikingformer_official.cpp:391]   --->   Operation 75 'store' 'store_ln391' <Predicate = (!icmp_ln390)> <Delay = 0.42>
ST_2 : Operation 76 [1/1] (0.42ns)   --->   "%store_ln392 = store i4 %add_ln392, i4 %v157" [spikingformer_official.cpp:392]   --->   Operation 76 'store' 'store_ln392' <Predicate = (!icmp_ln390)> <Delay = 0.42>

State 3 <SV = 2> <Delay = 0.00>
ST_3 : Operation 77 [8/8] (7.30ns)   --->   "%v158_req = readreq i1 @_ssdm_op_ReadReq.m_axi.i32P1A, i32 %g0_addr, i64 1" [spikingformer_official.cpp:396]   --->   Operation 77 'readreq' 'v158_req' <Predicate = true> <Delay = 7.30> <CoreInst = "m_axi">   --->   Core 119 'm_axi' <Latency = 6> <II = 1> <Delay = 1.00> <Adapter> <Opcode : 'readrequnaligned' 'writerequnaligned' 'read' 'write' 'readreq' 'writereq' 'writeresp'>

State 4 <SV = 3> <Delay = 0.00>
ST_4 : Operation 78 [7/8] (7.30ns)   --->   "%v158_req = readreq i1 @_ssdm_op_ReadReq.m_axi.i32P1A, i32 %g0_addr, i64 1" [spikingformer_official.cpp:396]   --->   Operation 78 'readreq' 'v158_req' <Predicate = true> <Delay = 7.30> <CoreInst = "m_axi">   --->   Core 119 'm_axi' <Latency = 6> <II = 1> <Delay = 1.00> <Adapter> <Opcode : 'readrequnaligned' 'writerequnaligned' 'read' 'write' 'readreq' 'writereq' 'writeresp'>

State 5 <SV = 4> <Delay = 0.00>
ST_5 : Operation 79 [6/8] (7.30ns)   --->   "%v158_req = readreq i1 @_ssdm_op_ReadReq.m_axi.i32P1A, i32 %g0_addr, i64 1" [spikingformer_official.cpp:396]   --->   Operation 79 'readreq' 'v158_req' <Predicate = true> <Delay = 7.30> <CoreInst = "m_axi">   --->   Core 119 'm_axi' <Latency = 6> <II = 1> <Delay = 1.00> <Adapter> <Opcode : 'readrequnaligned' 'writerequnaligned' 'read' 'write' 'readreq' 'writereq' 'writeresp'>

State 6 <SV = 5> <Delay = 0.00>
ST_6 : Operation 80 [5/8] (7.30ns)   --->   "%v158_req = readreq i1 @_ssdm_op_ReadReq.m_axi.i32P1A, i32 %g0_addr, i64 1" [spikingformer_official.cpp:396]   --->   Operation 80 'readreq' 'v158_req' <Predicate = true> <Delay = 7.30> <CoreInst = "m_axi">   --->   Core 119 'm_axi' <Latency = 6> <II = 1> <Delay = 1.00> <Adapter> <Opcode : 'readrequnaligned' 'writerequnaligned' 'read' 'write' 'readreq' 'writereq' 'writeresp'>

State 7 <SV = 6> <Delay = 0.00>
ST_7 : Operation 81 [4/8] (7.30ns)   --->   "%v158_req = readreq i1 @_ssdm_op_ReadReq.m_axi.i32P1A, i32 %g0_addr, i64 1" [spikingformer_official.cpp:396]   --->   Operation 81 'readreq' 'v158_req' <Predicate = true> <Delay = 7.30> <CoreInst = "m_axi">   --->   Core 119 'm_axi' <Latency = 6> <II = 1> <Delay = 1.00> <Adapter> <Opcode : 'readrequnaligned' 'writerequnaligned' 'read' 'write' 'readreq' 'writereq' 'writeresp'>

State 8 <SV = 7> <Delay = 0.00>
ST_8 : Operation 82 [3/8] (7.30ns)   --->   "%v158_req = readreq i1 @_ssdm_op_ReadReq.m_axi.i32P1A, i32 %g0_addr, i64 1" [spikingformer_official.cpp:396]   --->   Operation 82 'readreq' 'v158_req' <Predicate = true> <Delay = 7.30> <CoreInst = "m_axi">   --->   Core 119 'm_axi' <Latency = 6> <II = 1> <Delay = 1.00> <Adapter> <Opcode : 'readrequnaligned' 'writerequnaligned' 'read' 'write' 'readreq' 'writereq' 'writeresp'>

State 9 <SV = 8> <Delay = 0.00>
ST_9 : Operation 83 [2/8] (7.30ns)   --->   "%v158_req = readreq i1 @_ssdm_op_ReadReq.m_axi.i32P1A, i32 %g0_addr, i64 1" [spikingformer_official.cpp:396]   --->   Operation 83 'readreq' 'v158_req' <Predicate = true> <Delay = 7.30> <CoreInst = "m_axi">   --->   Core 119 'm_axi' <Latency = 6> <II = 1> <Delay = 1.00> <Adapter> <Opcode : 'readrequnaligned' 'writerequnaligned' 'read' 'write' 'readreq' 'writereq' 'writeresp'>

State 10 <SV = 9> <Delay = 7.30>
ST_10 : Operation 84 [1/8] ( I:7.30ns O:7.30ns )   --->   "%v158_req = readreq i1 @_ssdm_op_ReadReq.m_axi.i32P1A, i32 %g0_addr, i64 1" [spikingformer_official.cpp:396]   --->   Operation 84 'readreq' 'v158_req' <Predicate = true> <Delay = 7.30> <CoreInst = "m_axi">   --->   Core 119 'm_axi' <Latency = 6> <II = 1> <Delay = 1.00> <Adapter> <Opcode : 'readrequnaligned' 'writerequnaligned' 'read' 'write' 'readreq' 'writereq' 'writeresp'>

State 11 <SV = 10> <Delay = 7.30>
ST_11 : Operation 85 [1/1] ( I:7.30ns O:7.30ns )   --->   "%v158 = read i32 @_ssdm_op_Read.m_axi.i32P1A, i32 %g0_addr" [spikingformer_official.cpp:396]   --->   Operation 85 'read' 'v158' <Predicate = true> <Delay = 7.30> <CoreInst = "m_axi">   --->   Core 119 'm_axi' <Latency = 3> <II = 1> <Delay = 1.00> <Adapter> <Opcode : 'readrequnaligned' 'writerequnaligned' 'read' 'write' 'readreq' 'writereq' 'writeresp'>
ST_11 : Operation 86 [1/1] ( I:7.30ns O:7.30ns )   --->   "%g0_addr_102_req = writereq i1 @_ssdm_op_WriteReq.m_axi.i32P1A, i32 %g0_addr_37, i64 1" [spikingformer_official.cpp:397]   --->   Operation 86 'writereq' 'g0_addr_102_req' <Predicate = true> <Delay = 7.30> <CoreInst = "m_axi">   --->   Core 119 'm_axi' <Latency = 9> <II = 1> <Delay = 1.00> <Adapter> <Opcode : 'readrequnaligned' 'writerequnaligned' 'read' 'write' 'readreq' 'writereq' 'writeresp'>

State 12 <SV = 11> <Delay = 7.30>
ST_12 : Operation 87 [1/1] ( I:7.30ns O:7.30ns )   --->   "%write_ln397 = write void @_ssdm_op_Write.m_axi.i32P1A, i32 %g0_addr_37, i32 %v158, i4 15" [spikingformer_official.cpp:397]   --->   Operation 87 'write' 'write_ln397' <Predicate = true> <Delay = 7.30> <CoreInst = "m_axi">   --->   Core 119 'm_axi' <Latency = 5> <II = 1> <Delay = 1.00> <Adapter> <Opcode : 'readrequnaligned' 'writerequnaligned' 'read' 'write' 'readreq' 'writereq' 'writeresp'>

State 13 <SV = 12> <Delay = 0.00>
ST_13 : Operation 88 [5/5] (7.30ns)   --->   "%g0_addr_102_resp = writeresp i1 @_ssdm_op_WriteResp.m_axi.i32P1A, i32 %g0_addr_37" [spikingformer_official.cpp:397]   --->   Operation 88 'writeresp' 'g0_addr_102_resp' <Predicate = true> <Delay = 7.30> <CoreInst = "m_axi">   --->   Core 119 'm_axi' <Latency = 3> <II = 1> <Delay = 1.00> <Adapter> <Opcode : 'readrequnaligned' 'writerequnaligned' 'read' 'write' 'readreq' 'writereq' 'writeresp'>

State 14 <SV = 13> <Delay = 0.00>
ST_14 : Operation 89 [4/5] (7.30ns)   --->   "%g0_addr_102_resp = writeresp i1 @_ssdm_op_WriteResp.m_axi.i32P1A, i32 %g0_addr_37" [spikingformer_official.cpp:397]   --->   Operation 89 'writeresp' 'g0_addr_102_resp' <Predicate = true> <Delay = 7.30> <CoreInst = "m_axi">   --->   Core 119 'm_axi' <Latency = 3> <II = 1> <Delay = 1.00> <Adapter> <Opcode : 'readrequnaligned' 'writerequnaligned' 'read' 'write' 'readreq' 'writereq' 'writeresp'>

State 15 <SV = 14> <Delay = 0.00>
ST_15 : Operation 90 [3/5] (7.30ns)   --->   "%g0_addr_102_resp = writeresp i1 @_ssdm_op_WriteResp.m_axi.i32P1A, i32 %g0_addr_37" [spikingformer_official.cpp:397]   --->   Operation 90 'writeresp' 'g0_addr_102_resp' <Predicate = true> <Delay = 7.30> <CoreInst = "m_axi">   --->   Core 119 'm_axi' <Latency = 3> <II = 1> <Delay = 1.00> <Adapter> <Opcode : 'readrequnaligned' 'writerequnaligned' 'read' 'write' 'readreq' 'writereq' 'writeresp'>

State 16 <SV = 15> <Delay = 0.42>
ST_16 : Operation 91 [2/5] (7.30ns)   --->   "%g0_addr_102_resp = writeresp i1 @_ssdm_op_WriteResp.m_axi.i32P1A, i32 %g0_addr_37" [spikingformer_official.cpp:397]   --->   Operation 91 'writeresp' 'g0_addr_102_resp' <Predicate = true> <Delay = 7.30> <CoreInst = "m_axi">   --->   Core 119 'm_axi' <Latency = 3> <II = 1> <Delay = 1.00> <Adapter> <Opcode : 'readrequnaligned' 'writerequnaligned' 'read' 'write' 'readreq' 'writereq' 'writeresp'>
ST_16 : Operation 97 [1/1] (0.42ns)   --->   "%ret_ln401 = ret" [spikingformer_official.cpp:401]   --->   Operation 97 'ret' 'ret_ln401' <Predicate = (icmp_ln390)> <Delay = 0.42>

State 17 <SV = 16> <Delay = 7.30>
ST_17 : Operation 92 [1/1] (0.00ns)   --->   "%specloopname_ln0 = specloopname void @_ssdm_op_SpecLoopName, void @VITIS_LOOP_390_1_VITIS_LOOP_391_2_VITIS_LOOP_392_3_str"   --->   Operation 92 'specloopname' 'specloopname_ln0' <Predicate = true> <Delay = 0.00>
ST_17 : Operation 93 [1/1] (0.00ns)   --->   "%speclooptripcount_ln0 = speclooptripcount void @_ssdm_op_SpecLoopTripCount, i64 24576, i64 24576, i64 24576"   --->   Operation 93 'speclooptripcount' 'speclooptripcount_ln0' <Predicate = true> <Delay = 0.00>
ST_17 : Operation 94 [1/1] (0.00ns)   --->   "%specpipeline_ln393 = specpipeline void @_ssdm_op_SpecPipeline, i32 1, i32 0, i32 0, i32 0, i32 4294967295, void @empty_35" [spikingformer_official.cpp:393]   --->   Operation 94 'specpipeline' 'specpipeline_ln393' <Predicate = true> <Delay = 0.00>
ST_17 : Operation 95 [1/5] ( I:7.30ns O:7.30ns )   --->   "%g0_addr_102_resp = writeresp i1 @_ssdm_op_WriteResp.m_axi.i32P1A, i32 %g0_addr_37" [spikingformer_official.cpp:397]   --->   Operation 95 'writeresp' 'g0_addr_102_resp' <Predicate = true> <Delay = 7.30> <CoreInst = "m_axi">   --->   Core 119 'm_axi' <Latency = 3> <II = 1> <Delay = 1.00> <Adapter> <Opcode : 'readrequnaligned' 'writerequnaligned' 'read' 'write' 'readreq' 'writereq' 'writeresp'>
ST_17 : Operation 96 [1/1] (0.00ns)   --->   "%br_ln392 = br void %for.inc" [spikingformer_official.cpp:392]   --->   Operation 96 'br' 'br_ln392' <Predicate = true> <Delay = 0.00>


============================================================
+ Verbose Summary: Timing violations
============================================================
Target clock period: 10.000ns, clock uncertainty: 2.700ns.

 <State 1>: 0.427ns
The critical path consists of the following:
	'alloca' operation 15 bit ('indvar_flatten12') [8]  (0.000 ns)
	'store' operation ('store_ln0') of constant 0 15 bit on local variable 'indvar_flatten12' [13]  (0.427 ns)

 <State 2>: 3.163ns
The critical path consists of the following:
	'load' operation 8 bit ('indvar_flatten_load', spikingformer_official.cpp:391) on local variable 'indvar_flatten' [27]  (0.000 ns)
	'icmp' operation 1 bit ('icmp_ln391', spikingformer_official.cpp:391) [32]  (0.765 ns)
	'select' operation 4 bit ('select_ln390', spikingformer_official.cpp:390) [33]  (0.391 ns)
	'add' operation 4 bit ('add_ln391', spikingformer_official.cpp:391) [38]  (0.797 ns)
	'select' operation 4 bit ('select_ln391', spikingformer_official.cpp:391) [41]  (0.391 ns)
	'add' operation 64 bit ('add_ln396_1', spikingformer_official.cpp:396) [50]  (0.819 ns)

 <State 3>: 0.000ns
The critical path consists of the following:

 <State 4>: 0.000ns
The critical path consists of the following:

 <State 5>: 0.000ns
The critical path consists of the following:

 <State 6>: 0.000ns
The critical path consists of the following:

 <State 7>: 0.000ns
The critical path consists of the following:

 <State 8>: 0.000ns
The critical path consists of the following:

 <State 9>: 0.000ns
The critical path consists of the following:

 <State 10>: 7.300ns
The critical path consists of the following:
	bus request operation ('v158_req', spikingformer_official.cpp:396) on port 'g0' (spikingformer_official.cpp:396) [54]  (7.300 ns)

 <State 11>: 7.300ns
The critical path consists of the following:
	bus read operation ('v158', spikingformer_official.cpp:396) on port 'g0' (spikingformer_official.cpp:396) [55]  (7.300 ns)

 <State 12>: 7.300ns
The critical path consists of the following:
	bus write operation ('write_ln397', spikingformer_official.cpp:397) on port 'g0' (spikingformer_official.cpp:397) [62]  (7.300 ns)

 <State 13>: 0.000ns
The critical path consists of the following:

 <State 14>: 0.000ns
The critical path consists of the following:

 <State 15>: 0.000ns
The critical path consists of the following:

 <State 16>: 0.427ns
The critical path consists of the following:

 <State 17>: 7.300ns
The critical path consists of the following:
	bus response operation ('g0_addr_102_resp', spikingformer_official.cpp:397) on port 'g0' (spikingformer_official.cpp:397) [63]  (7.300 ns)


============================================================
+ Verbose Summary: Binding
============================================================
N/A
* FSMD analyzer results:
  - Output states:
 - Input state : 
  - Chain level:
	State 1
	State 2
	State 3
	State 4
	State 5
	State 6
	State 7
	State 8
	State 9
	State 10
	State 11
	State 12
	State 13
	State 14
	State 15
	State 16
	State 17


============================================================
+ Verbose Summary: Datapath Resource usage 
============================================================
N/A
