

================================================================
== Vitis HLS Report for 'kernel46_Pipeline_VITIS_LOOP_633_1_VITIS_LOOP_634_2'
================================================================
* Date:           Sun Jul 12 20:26:09 2026

* Version:        2025.2 (Build 6295257 on Nov 14 2025)
* Project:        spikingformer_proj
* Solution:       solution1 (Vivado IP Flow Target)
* Product family: zynquplus
* Target device:  xczu7ev-ffvc1156-2-e


================================================================
== Performance Estimates
================================================================
+ Timing: 
    * Summary: 
    +--------+----------+----------+------------+
    |  Clock |  Target  | Estimated| Uncertainty|
    +--------+----------+----------+------------+
    |ap_clk  |  10.00 ns|  7.300 ns|     2.70 ns|
    +--------+----------+----------+------------+

+ Latency: 
    * Summary: 
    +---------+---------+----------+----------+-----+-----+-------------------+
    |  Latency (cycles) |  Latency (absolute) |  Interval |      Pipeline     |
    |   min   |   max   |    min   |    max   | min | max |        Type       |
    +---------+---------+----------+----------+-----+-----+-------------------+
    |    49167|    49167|  0.492 ms|  0.492 ms|    0|    0|  loop pipeline stp|
    +---------+---------+----------+----------+-----+-----+-------------------+

    + Detail: 
        * Instance: 
        N/A

        * Loop: 
        +-------------------------------------+---------+---------+----------+-----------+-----------+-------+----------+
        |                                     |  Latency (cycles) | Iteration|  Initiation Interval  |  Trip |          |
        |              Loop Name              |   min   |   max   |  Latency |  achieved |   target  | Count | Pipelined|
        +-------------------------------------+---------+---------+----------+-----------+-----------+-------+----------+
        |- VITIS_LOOP_633_1_VITIS_LOOP_634_2  |    49165|    49165|        16|          2|          1|  24576|       yes|
        +-------------------------------------+---------+---------+----------+-----------+-----------+-------+----------+

============================================================
+ Verbose Summary: Synthesis Manager
============================================================
InlineROM: 1
ExposeGlobal: 0
============================================================
+ Verbose Summary: CDFG Model
============================================================
IsTopModel: 0
ResetActiveHigh: 1
IsCombinational: 0
IsDatapathOnly: 0
HasWiredReturn: 1
HasMFsm: 2
HasVarLatency: 1
IsPipeline: 0
IsRtlPipelined: 0
IsInstanceOverlapped: 0
IsDontTouch: 0
HasImplIP: 0
IsGatedGlobalClock: 0

+ Individual pipeline summary: 
  * Pipeline-0: initiation interval (II) = 2, depth = 16


============================================================
+ Verbose Summary: Schedule
============================================================
* Number of FSM states : 16
* Pipeline : 1
  Pipeline-0 : II = 2, D = 16, States = { 1 2 3 4 5 6 7 8 9 10 11 12 13 14 15 16 }
* Dataflow Pipeline: 0

* FSM state transitions: 
1 --> 2 
2 --> 3 
3 --> 4 
4 --> 5 
5 --> 6 
6 --> 7 
7 --> 8 
8 --> 9 
9 --> 10 
10 --> 11 
11 --> 12 
12 --> 13 
13 --> 14 
14 --> 15 
15 --> 16 
16 --> 

* FSM state operations: 

State 1 <SV = 0> <Delay = 3.25>
ST_1 : Operation 19 [1/1] (0.00ns)   --->   "%v258 = alloca i32 1" [spikingformer_official.cpp:634]   --->   Operation 19 'alloca' 'v258' <Predicate = true> <Delay = 0.00>
ST_1 : Operation 20 [1/1] (0.00ns)   --->   "%v257 = alloca i32 1" [spikingformer_official.cpp:633]   --->   Operation 20 'alloca' 'v257' <Predicate = true> <Delay = 0.00>
ST_1 : Operation 21 [1/1] (0.00ns)   --->   "%indvar_flatten = alloca i32 1"   --->   Operation 21 'alloca' 'indvar_flatten' <Predicate = true> <Delay = 0.00>
ST_1 : Operation 22 [1/1] (0.00ns)   --->   "%v254_read = read i64 @_ssdm_op_Read.ap_auto.i64, i64 %v254"   --->   Operation 22 'read' 'v254_read' <Predicate = true> <Delay = 0.00>
ST_1 : Operation 23 [1/1] (0.00ns)   --->   "%v255_read = read i64 @_ssdm_op_Read.ap_auto.i64, i64 %v255"   --->   Operation 23 'read' 'v255_read' <Predicate = true> <Delay = 0.00>
ST_1 : Operation 24 [1/1] (0.00ns)   --->   "%sext_ln6386 = read i62 @_ssdm_op_Read.ap_auto.i62, i62 %sext_ln638"   --->   Operation 24 'read' 'sext_ln6386' <Predicate = true> <Delay = 0.00>
ST_1 : Operation 25 [1/1] (0.00ns)   --->   "%sext_ln633_read = read i62 @_ssdm_op_Read.ap_auto.i62, i62 %sext_ln633"   --->   Operation 25 'read' 'sext_ln633_read' <Predicate = true> <Delay = 0.00>
ST_1 : Operation 26 [1/1] (0.00ns)   --->   "%sext_ln6364 = read i62 @_ssdm_op_Read.ap_auto.i62, i62 %sext_ln636"   --->   Operation 26 'read' 'sext_ln6364' <Predicate = true> <Delay = 0.00>
ST_1 : Operation 27 [1/1] (0.00ns)   --->   "%sext_ln633_cast = sext i62 %sext_ln633_read"   --->   Operation 27 'sext' 'sext_ln633_cast' <Predicate = true> <Delay = 0.00>
ST_1 : Operation 28 [1/1] (0.00ns)   --->   "%specstablecontent_ln0 = specstablecontent void @_ssdm_op_SpecStableContent, i32 %g0, i1 1, void "   --->   Operation 28 'specstablecontent' 'specstablecontent_ln0' <Predicate = true> <Delay = 0.00>
ST_1 : Operation 29 [1/1] (0.00ns)   --->   "%specinterface_ln0 = specinterface void @_ssdm_op_SpecInterface, i32 %g0, void @empty_26, i32 0, i32 0, void @empty_35, i32 0, i32 0, void @empty_22, void @empty_25, void @empty_35, i32 16, i32 16, i32 16, i32 16, void @empty_35, void @empty_35, i32 4294967295, i32 0, i32 0, i32 4"   --->   Operation 29 'specinterface' 'specinterface_ln0' <Predicate = true> <Delay = 0.00>
ST_1 : Operation 30 [1/1] (0.42ns)   --->   "%store_ln0 = store i15 0, i15 %indvar_flatten"   --->   Operation 30 'store' 'store_ln0' <Predicate = true> <Delay = 0.42>
ST_1 : Operation 31 [1/1] (0.42ns)   --->   "%store_ln633 = store i7 0, i7 %v257" [spikingformer_official.cpp:633]   --->   Operation 31 'store' 'store_ln633' <Predicate = true> <Delay = 0.42>
ST_1 : Operation 32 [1/1] (0.42ns)   --->   "%store_ln634 = store i9 0, i9 %v258" [spikingformer_official.cpp:634]   --->   Operation 32 'store' 'store_ln634' <Predicate = true> <Delay = 0.42>
ST_1 : Operation 33 [1/1] (0.00ns)   --->   "%br_ln0 = br void %for.inc"   --->   Operation 33 'br' 'br_ln0' <Predicate = true> <Delay = 0.00>
ST_1 : Operation 34 [1/1] (0.00ns)   --->   "%indvar_flatten_load = load i15 %indvar_flatten" [spikingformer_official.cpp:633]   --->   Operation 34 'load' 'indvar_flatten_load' <Predicate = true> <Delay = 0.00>
ST_1 : Operation 35 [1/1] (0.84ns)   --->   "%icmp_ln633 = icmp_eq  i15 %indvar_flatten_load, i15 24576" [spikingformer_official.cpp:633]   --->   Operation 35 'icmp' 'icmp_ln633' <Predicate = true> <Delay = 0.84> <CoreInst = "Cmp">   --->   Core 9 'Cmp' <Latency = 0> <II = 1> <Delay = 0.84> <FuncUnit> <Opcode : 'seteq' 'setne' 'setle' 'setge' 'setlt' 'setgt'> <InPorts = 2> <OutPorts = 1>
ST_1 : Operation 36 [1/1] (0.84ns)   --->   "%add_ln633_1 = add i15 %indvar_flatten_load, i15 1" [spikingformer_official.cpp:633]   --->   Operation 36 'add' 'add_ln633_1' <Predicate = true> <Delay = 0.84> <CoreInst = "Adder">   --->   Core 1 'Adder' <Latency = 0> <II = 1> <Delay = 0.84> <FuncUnit> <Opcode : 'add' 'sub'> <InPorts = 2> <OutPorts = 1>
ST_1 : Operation 37 [1/1] (0.00ns)   --->   "%br_ln633 = br i1 %icmp_ln633, void %for.inc18, void %for.end20.exitStub" [spikingformer_official.cpp:633]   --->   Operation 37 'br' 'br_ln633' <Predicate = true> <Delay = 0.00>
ST_1 : Operation 38 [1/1] (0.00ns)   --->   "%v258_load = load i9 %v258" [spikingformer_official.cpp:634]   --->   Operation 38 'load' 'v258_load' <Predicate = (!icmp_ln633)> <Delay = 0.00>
ST_1 : Operation 39 [1/1] (0.00ns)   --->   "%v257_load = load i7 %v257" [spikingformer_official.cpp:633]   --->   Operation 39 'load' 'v257_load' <Predicate = (!icmp_ln633)> <Delay = 0.00>
ST_1 : Operation 40 [1/1] (0.77ns)   --->   "%add_ln633 = add i7 %v257_load, i7 1" [spikingformer_official.cpp:633]   --->   Operation 40 'add' 'add_ln633' <Predicate = (!icmp_ln633)> <Delay = 0.77> <CoreInst = "Adder">   --->   Core 1 'Adder' <Latency = 0> <II = 1> <Delay = 0.77> <FuncUnit> <Opcode : 'add' 'sub'> <InPorts = 2> <OutPorts = 1>
ST_1 : Operation 41 [1/1] (0.77ns)   --->   "%icmp_ln634 = icmp_eq  i9 %v258_load, i9 384" [spikingformer_official.cpp:634]   --->   Operation 41 'icmp' 'icmp_ln634' <Predicate = (!icmp_ln633)> <Delay = 0.77> <CoreInst = "Cmp">   --->   Core 9 'Cmp' <Latency = 0> <II = 1> <Delay = 0.77> <FuncUnit> <Opcode : 'seteq' 'setne' 'setle' 'setge' 'setlt' 'setgt'> <InPorts = 2> <OutPorts = 1>
ST_1 : Operation 42 [1/1] (0.39ns)   --->   "%select_ln633 = select i1 %icmp_ln634, i9 0, i9 %v258_load" [spikingformer_official.cpp:633]   --->   Operation 42 'select' 'select_ln633' <Predicate = (!icmp_ln633)> <Delay = 0.39> <CoreInst = "Sel">   --->   Core 73 'Sel' <Latency = 0> <II = 1> <Delay = 0.39> <FuncUnit> <Opcode : 'select'> <InPorts = 3> <OutPorts = 1>
ST_1 : Operation 43 [1/1] (0.36ns)   --->   "%select_ln633_1 = select i1 %icmp_ln634, i7 %add_ln633, i7 %v257_load" [spikingformer_official.cpp:633]   --->   Operation 43 'select' 'select_ln633_1' <Predicate = (!icmp_ln633)> <Delay = 0.36> <CoreInst = "Sel">   --->   Core 73 'Sel' <Latency = 0> <II = 1> <Delay = 0.36> <FuncUnit> <Opcode : 'select'> <InPorts = 3> <OutPorts = 1>
ST_1 : Operation 44 [1/1] (0.00ns)   --->   "%p_shl = bitconcatenate i18 @_ssdm_op_BitConcatenate.i18.i7.i11, i7 %select_ln633_1, i11 0" [spikingformer_official.cpp:639]   --->   Operation 44 'bitconcatenate' 'p_shl' <Predicate = (!icmp_ln633)> <Delay = 0.00>
ST_1 : Operation 45 [1/1] (0.00ns)   --->   "%tmp = bitconcatenate i16 @_ssdm_op_BitConcatenate.i16.i7.i9, i7 %select_ln633_1, i9 0" [spikingformer_official.cpp:639]   --->   Operation 45 'bitconcatenate' 'tmp' <Predicate = (!icmp_ln633)> <Delay = 0.00>
ST_1 : Operation 46 [1/1] (0.00ns)   --->   "%zext_ln639_1 = zext i16 %tmp" [spikingformer_official.cpp:639]   --->   Operation 46 'zext' 'zext_ln639_1' <Predicate = (!icmp_ln633)> <Delay = 0.00>
ST_1 : Operation 47 [1/1] (0.87ns)   --->   "%sub_ln639 = sub i18 %p_shl, i18 %zext_ln639_1" [spikingformer_official.cpp:639]   --->   Operation 47 'sub' 'sub_ln639' <Predicate = (!icmp_ln633)> <Delay = 0.87> <CoreInst = "Adder">   --->   Core 1 'Adder' <Latency = 0> <II = 1> <Delay = 0.87> <FuncUnit> <Opcode : 'add' 'sub'> <InPorts = 2> <OutPorts = 1>
ST_1 : Operation 48 [1/1] (0.00ns)   --->   "%zext_ln634 = zext i18 %sub_ln639" [spikingformer_official.cpp:634]   --->   Operation 48 'zext' 'zext_ln634' <Predicate = (!icmp_ln633)> <Delay = 0.00>
ST_1 : Operation 49 [1/1] (0.00ns)   --->   "%shl_ln = bitconcatenate i11 @_ssdm_op_BitConcatenate.i11.i9.i2, i9 %select_ln633, i2 0" [spikingformer_official.cpp:639]   --->   Operation 49 'bitconcatenate' 'shl_ln' <Predicate = (!icmp_ln633)> <Delay = 0.00>
ST_1 : Operation 50 [1/1] (0.00ns)   --->   "%zext_ln639 = zext i11 %shl_ln" [spikingformer_official.cpp:639]   --->   Operation 50 'zext' 'zext_ln639' <Predicate = (!icmp_ln633)> <Delay = 0.00>
ST_1 : Operation 51 [1/1] (0.00ns) (grouped into TernaryAdder)   --->   "%add_ln639 = add i64 %zext_ln639, i64 %v255_read" [spikingformer_official.cpp:639]   --->   Operation 51 'add' 'add_ln639' <Predicate = (!icmp_ln633)> <Delay = 0.00> <CoreInst = "TAddSub">   --->   Core 10 'TAddSub' <Latency = 0> <II = 1> <Delay = 0.40> <IPBlock> <Opcode : 'add' 'sub'> <InPorts = 3> <OutPorts = 1> <Sync> <CReg>
ST_1 : Operation 52 [1/1] (0.81ns) (root node of TernaryAdder)   --->   "%add_ln639_1 = add i64 %add_ln639, i64 %zext_ln634" [spikingformer_official.cpp:639]   --->   Operation 52 'add' 'add_ln639_1' <Predicate = (!icmp_ln633)> <Delay = 0.81> <CoreInst = "TAddSub">   --->   Core 10 'TAddSub' <Latency = 0> <II = 1> <Delay = 0.40> <IPBlock> <Opcode : 'add' 'sub'> <InPorts = 3> <OutPorts = 1> <Sync> <CReg>
ST_1 : Operation 53 [1/1] (0.00ns)   --->   "%trunc_ln = partselect i62 @_ssdm_op_PartSelect.i62.i64.i32.i32, i64 %add_ln639_1, i32 2, i32 63" [spikingformer_official.cpp:639]   --->   Operation 53 'partselect' 'trunc_ln' <Predicate = (!icmp_ln633)> <Delay = 0.00>
ST_1 : Operation 54 [1/1] (0.00ns)   --->   "%sext_ln639 = sext i62 %trunc_ln" [spikingformer_official.cpp:639]   --->   Operation 54 'sext' 'sext_ln639' <Predicate = (!icmp_ln633)> <Delay = 0.00>
ST_1 : Operation 55 [1/1] (0.00ns)   --->   "%g0_addr_25 = getelementptr i32 %g0, i64 %sext_ln639" [spikingformer_official.cpp:639]   --->   Operation 55 'getelementptr' 'g0_addr_25' <Predicate = (!icmp_ln633)> <Delay = 0.00>
ST_1 : Operation 56 [1/1] (0.00ns) (grouped into TernaryAdder)   --->   "%add_ln640 = add i64 %zext_ln639, i64 %v254_read" [spikingformer_official.cpp:640]   --->   Operation 56 'add' 'add_ln640' <Predicate = (!icmp_ln633)> <Delay = 0.00> <CoreInst = "TAddSub">   --->   Core 10 'TAddSub' <Latency = 0> <II = 1> <Delay = 0.40> <IPBlock> <Opcode : 'add' 'sub'> <InPorts = 3> <OutPorts = 1> <Sync> <CReg>
ST_1 : Operation 57 [1/1] (0.81ns) (root node of TernaryAdder)   --->   "%add_ln640_1 = add i64 %add_ln640, i64 %zext_ln634" [spikingformer_official.cpp:640]   --->   Operation 57 'add' 'add_ln640_1' <Predicate = (!icmp_ln633)> <Delay = 0.81> <CoreInst = "TAddSub">   --->   Core 10 'TAddSub' <Latency = 0> <II = 1> <Delay = 0.40> <IPBlock> <Opcode : 'add' 'sub'> <InPorts = 3> <OutPorts = 1> <Sync> <CReg>
ST_1 : Operation 58 [1/1] (0.00ns)   --->   "%trunc_ln20 = partselect i62 @_ssdm_op_PartSelect.i62.i64.i32.i32, i64 %add_ln640_1, i32 2, i32 63" [spikingformer_official.cpp:640]   --->   Operation 58 'partselect' 'trunc_ln20' <Predicate = (!icmp_ln633)> <Delay = 0.00>
ST_1 : Operation 59 [1/1] (0.00ns)   --->   "%sext_ln640 = sext i62 %trunc_ln20" [spikingformer_official.cpp:640]   --->   Operation 59 'sext' 'sext_ln640' <Predicate = (!icmp_ln633)> <Delay = 0.00>
ST_1 : Operation 60 [1/1] (0.00ns)   --->   "%g0_addr_26 = getelementptr i32 %g0, i64 %sext_ln640" [spikingformer_official.cpp:640]   --->   Operation 60 'getelementptr' 'g0_addr_26' <Predicate = (!icmp_ln633)> <Delay = 0.00>
ST_1 : Operation 61 [1/1] (0.77ns)   --->   "%add_ln634 = add i9 %select_ln633, i9 1" [spikingformer_official.cpp:634]   --->   Operation 61 'add' 'add_ln634' <Predicate = (!icmp_ln633)> <Delay = 0.77> <CoreInst = "Adder">   --->   Core 1 'Adder' <Latency = 0> <II = 1> <Delay = 0.77> <FuncUnit> <Opcode : 'add' 'sub'> <InPorts = 2> <OutPorts = 1>
ST_1 : Operation 62 [1/1] (0.42ns)   --->   "%store_ln633 = store i15 %add_ln633_1, i15 %indvar_flatten" [spikingformer_official.cpp:633]   --->   Operation 62 'store' 'store_ln633' <Predicate = (!icmp_ln633)> <Delay = 0.42>
ST_1 : Operation 63 [1/1] (0.42ns)   --->   "%store_ln633 = store i7 %select_ln633_1, i7 %v257" [spikingformer_official.cpp:633]   --->   Operation 63 'store' 'store_ln633' <Predicate = (!icmp_ln633)> <Delay = 0.42>
ST_1 : Operation 64 [1/1] (0.42ns)   --->   "%store_ln634 = store i9 %add_ln634, i9 %v258" [spikingformer_official.cpp:634]   --->   Operation 64 'store' 'store_ln634' <Predicate = (!icmp_ln633)> <Delay = 0.42>

State 2 <SV = 1> <Delay = 0.00>
ST_2 : Operation 65 [8/8] (7.30ns)   --->   "%g0_load_req = readreq i1 @_ssdm_op_ReadReq.m_axi.i32P1A, i32 %g0_addr_25, i64 1" [spikingformer_official.cpp:639]   --->   Operation 65 'readreq' 'g0_load_req' <Predicate = (!icmp_ln633)> <Delay = 7.30> <CoreInst = "m_axi">   --->   Core 119 'm_axi' <Latency = 6> <II = 1> <Delay = 1.00> <Adapter> <Opcode : 'readrequnaligned' 'writerequnaligned' 'read' 'write' 'readreq' 'writereq' 'writeresp'>

State 3 <SV = 2> <Delay = 0.00>
ST_3 : Operation 66 [7/8] (7.30ns)   --->   "%g0_load_req = readreq i1 @_ssdm_op_ReadReq.m_axi.i32P1A, i32 %g0_addr_25, i64 1" [spikingformer_official.cpp:639]   --->   Operation 66 'readreq' 'g0_load_req' <Predicate = true> <Delay = 7.30> <CoreInst = "m_axi">   --->   Core 119 'm_axi' <Latency = 6> <II = 1> <Delay = 1.00> <Adapter> <Opcode : 'readrequnaligned' 'writerequnaligned' 'read' 'write' 'readreq' 'writereq' 'writeresp'>
ST_3 : Operation 67 [8/8] (7.30ns)   --->   "%g0_load_14_req = readreq i1 @_ssdm_op_ReadReq.m_axi.i32P1A, i32 %g0_addr_26, i64 1" [spikingformer_official.cpp:640]   --->   Operation 67 'readreq' 'g0_load_14_req' <Predicate = true> <Delay = 7.30> <CoreInst = "m_axi">   --->   Core 119 'm_axi' <Latency = 6> <II = 1> <Delay = 1.00> <Adapter> <Opcode : 'readrequnaligned' 'writerequnaligned' 'read' 'write' 'readreq' 'writereq' 'writeresp'>

State 4 <SV = 3> <Delay = 0.00>
ST_4 : Operation 68 [6/8] (7.30ns)   --->   "%g0_load_req = readreq i1 @_ssdm_op_ReadReq.m_axi.i32P1A, i32 %g0_addr_25, i64 1" [spikingformer_official.cpp:639]   --->   Operation 68 'readreq' 'g0_load_req' <Predicate = true> <Delay = 7.30> <CoreInst = "m_axi">   --->   Core 119 'm_axi' <Latency = 6> <II = 1> <Delay = 1.00> <Adapter> <Opcode : 'readrequnaligned' 'writerequnaligned' 'read' 'write' 'readreq' 'writereq' 'writeresp'>
ST_4 : Operation 69 [7/8] (7.30ns)   --->   "%g0_load_14_req = readreq i1 @_ssdm_op_ReadReq.m_axi.i32P1A, i32 %g0_addr_26, i64 1" [spikingformer_official.cpp:640]   --->   Operation 69 'readreq' 'g0_load_14_req' <Predicate = true> <Delay = 7.30> <CoreInst = "m_axi">   --->   Core 119 'm_axi' <Latency = 6> <II = 1> <Delay = 1.00> <Adapter> <Opcode : 'readrequnaligned' 'writerequnaligned' 'read' 'write' 'readreq' 'writereq' 'writeresp'>

State 5 <SV = 4> <Delay = 0.00>
ST_5 : Operation 70 [5/8] (7.30ns)   --->   "%g0_load_req = readreq i1 @_ssdm_op_ReadReq.m_axi.i32P1A, i32 %g0_addr_25, i64 1" [spikingformer_official.cpp:639]   --->   Operation 70 'readreq' 'g0_load_req' <Predicate = true> <Delay = 7.30> <CoreInst = "m_axi">   --->   Core 119 'm_axi' <Latency = 6> <II = 1> <Delay = 1.00> <Adapter> <Opcode : 'readrequnaligned' 'writerequnaligned' 'read' 'write' 'readreq' 'writereq' 'writeresp'>
ST_5 : Operation 71 [6/8] (7.30ns)   --->   "%g0_load_14_req = readreq i1 @_ssdm_op_ReadReq.m_axi.i32P1A, i32 %g0_addr_26, i64 1" [spikingformer_official.cpp:640]   --->   Operation 71 'readreq' 'g0_load_14_req' <Predicate = true> <Delay = 7.30> <CoreInst = "m_axi">   --->   Core 119 'm_axi' <Latency = 6> <II = 1> <Delay = 1.00> <Adapter> <Opcode : 'readrequnaligned' 'writerequnaligned' 'read' 'write' 'readreq' 'writereq' 'writeresp'>

State 6 <SV = 5> <Delay = 0.00>
ST_6 : Operation 72 [4/8] (7.30ns)   --->   "%g0_load_req = readreq i1 @_ssdm_op_ReadReq.m_axi.i32P1A, i32 %g0_addr_25, i64 1" [spikingformer_official.cpp:639]   --->   Operation 72 'readreq' 'g0_load_req' <Predicate = true> <Delay = 7.30> <CoreInst = "m_axi">   --->   Core 119 'm_axi' <Latency = 6> <II = 1> <Delay = 1.00> <Adapter> <Opcode : 'readrequnaligned' 'writerequnaligned' 'read' 'write' 'readreq' 'writereq' 'writeresp'>
ST_6 : Operation 73 [5/8] (7.30ns)   --->   "%g0_load_14_req = readreq i1 @_ssdm_op_ReadReq.m_axi.i32P1A, i32 %g0_addr_26, i64 1" [spikingformer_official.cpp:640]   --->   Operation 73 'readreq' 'g0_load_14_req' <Predicate = true> <Delay = 7.30> <CoreInst = "m_axi">   --->   Core 119 'm_axi' <Latency = 6> <II = 1> <Delay = 1.00> <Adapter> <Opcode : 'readrequnaligned' 'writerequnaligned' 'read' 'write' 'readreq' 'writereq' 'writeresp'>

State 7 <SV = 6> <Delay = 0.00>
ST_7 : Operation 74 [3/8] (7.30ns)   --->   "%g0_load_req = readreq i1 @_ssdm_op_ReadReq.m_axi.i32P1A, i32 %g0_addr_25, i64 1" [spikingformer_official.cpp:639]   --->   Operation 74 'readreq' 'g0_load_req' <Predicate = true> <Delay = 7.30> <CoreInst = "m_axi">   --->   Core 119 'm_axi' <Latency = 6> <II = 1> <Delay = 1.00> <Adapter> <Opcode : 'readrequnaligned' 'writerequnaligned' 'read' 'write' 'readreq' 'writereq' 'writeresp'>
ST_7 : Operation 75 [4/8] (7.30ns)   --->   "%g0_load_14_req = readreq i1 @_ssdm_op_ReadReq.m_axi.i32P1A, i32 %g0_addr_26, i64 1" [spikingformer_official.cpp:640]   --->   Operation 75 'readreq' 'g0_load_14_req' <Predicate = true> <Delay = 7.30> <CoreInst = "m_axi">   --->   Core 119 'm_axi' <Latency = 6> <II = 1> <Delay = 1.00> <Adapter> <Opcode : 'readrequnaligned' 'writerequnaligned' 'read' 'write' 'readreq' 'writereq' 'writeresp'>

State 8 <SV = 7> <Delay = 0.00>
ST_8 : Operation 76 [2/8] (7.30ns)   --->   "%g0_load_req = readreq i1 @_ssdm_op_ReadReq.m_axi.i32P1A, i32 %g0_addr_25, i64 1" [spikingformer_official.cpp:639]   --->   Operation 76 'readreq' 'g0_load_req' <Predicate = true> <Delay = 7.30> <CoreInst = "m_axi">   --->   Core 119 'm_axi' <Latency = 6> <II = 1> <Delay = 1.00> <Adapter> <Opcode : 'readrequnaligned' 'writerequnaligned' 'read' 'write' 'readreq' 'writereq' 'writeresp'>
ST_8 : Operation 77 [3/8] (7.30ns)   --->   "%g0_load_14_req = readreq i1 @_ssdm_op_ReadReq.m_axi.i32P1A, i32 %g0_addr_26, i64 1" [spikingformer_official.cpp:640]   --->   Operation 77 'readreq' 'g0_load_14_req' <Predicate = true> <Delay = 7.30> <CoreInst = "m_axi">   --->   Core 119 'm_axi' <Latency = 6> <II = 1> <Delay = 1.00> <Adapter> <Opcode : 'readrequnaligned' 'writerequnaligned' 'read' 'write' 'readreq' 'writereq' 'writeresp'>

State 9 <SV = 8> <Delay = 7.30>
ST_9 : Operation 78 [1/8] ( I:7.30ns O:7.30ns )   --->   "%g0_load_req = readreq i1 @_ssdm_op_ReadReq.m_axi.i32P1A, i32 %g0_addr_25, i64 1" [spikingformer_official.cpp:639]   --->   Operation 78 'readreq' 'g0_load_req' <Predicate = true> <Delay = 7.30> <CoreInst = "m_axi">   --->   Core 119 'm_axi' <Latency = 6> <II = 1> <Delay = 1.00> <Adapter> <Opcode : 'readrequnaligned' 'writerequnaligned' 'read' 'write' 'readreq' 'writereq' 'writeresp'>
ST_9 : Operation 79 [2/8] (7.30ns)   --->   "%g0_load_14_req = readreq i1 @_ssdm_op_ReadReq.m_axi.i32P1A, i32 %g0_addr_26, i64 1" [spikingformer_official.cpp:640]   --->   Operation 79 'readreq' 'g0_load_14_req' <Predicate = true> <Delay = 7.30> <CoreInst = "m_axi">   --->   Core 119 'm_axi' <Latency = 6> <II = 1> <Delay = 1.00> <Adapter> <Opcode : 'readrequnaligned' 'writerequnaligned' 'read' 'write' 'readreq' 'writereq' 'writeresp'>

State 10 <SV = 9> <Delay = 7.30>
ST_10 : Operation 80 [1/1] ( I:7.30ns O:7.30ns )   --->   "%g0_addr_25_read = read i32 @_ssdm_op_Read.m_axi.i32P1A, i32 %g0_addr_25" [spikingformer_official.cpp:639]   --->   Operation 80 'read' 'g0_addr_25_read' <Predicate = true> <Delay = 7.30> <CoreInst = "m_axi">   --->   Core 119 'm_axi' <Latency = 3> <II = 1> <Delay = 1.00> <Adapter> <Opcode : 'readrequnaligned' 'writerequnaligned' 'read' 'write' 'readreq' 'writereq' 'writeresp'>
ST_10 : Operation 81 [1/8] ( I:7.30ns O:7.30ns )   --->   "%g0_load_14_req = readreq i1 @_ssdm_op_ReadReq.m_axi.i32P1A, i32 %g0_addr_26, i64 1" [spikingformer_official.cpp:640]   --->   Operation 81 'readreq' 'g0_load_14_req' <Predicate = true> <Delay = 7.30> <CoreInst = "m_axi">   --->   Core 119 'm_axi' <Latency = 6> <II = 1> <Delay = 1.00> <Adapter> <Opcode : 'readrequnaligned' 'writerequnaligned' 'read' 'write' 'readreq' 'writereq' 'writeresp'>

State 11 <SV = 10> <Delay = 7.30>
ST_11 : Operation 82 [1/1] ( I:7.30ns O:7.30ns )   --->   "%g0_addr_26_read = read i32 @_ssdm_op_Read.m_axi.i32P1A, i32 %g0_addr_26" [spikingformer_official.cpp:640]   --->   Operation 82 'read' 'g0_addr_26_read' <Predicate = true> <Delay = 7.30> <CoreInst = "m_axi">   --->   Core 119 'm_axi' <Latency = 3> <II = 1> <Delay = 1.00> <Adapter> <Opcode : 'readrequnaligned' 'writerequnaligned' 'read' 'write' 'readreq' 'writereq' 'writeresp'>

State 12 <SV = 11> <Delay = 6.43>
ST_12 : Operation 83 [1/1] (0.00ns)   --->   "%v259 = bitcast i32 %g0_addr_25_read" [spikingformer_official.cpp:639]   --->   Operation 83 'bitcast' 'v259' <Predicate = true> <Delay = 0.00>
ST_12 : Operation 84 [1/1] (0.00ns)   --->   "%v260 = bitcast i32 %g0_addr_26_read" [spikingformer_official.cpp:640]   --->   Operation 84 'bitcast' 'v260' <Predicate = true> <Delay = 0.00>
ST_12 : Operation 85 [4/4] (6.43ns)   --->   "%v261 = fsub i32 %v259, i32 %v260" [spikingformer_official.cpp:641]   --->   Operation 85 'fsub' 'v261' <Predicate = true> <Delay = 6.43> <CoreInst = "FAddSub_fulldsp">   --->   Core 18 'FAddSub_fulldsp' <Latency = 3> <II = 1> <Delay = 6.43> <FuncUnit> <Opcode : 'fadd' 'fsub'> <InPorts = 2> <OutPorts = 1>

State 13 <SV = 12> <Delay = 6.43>
ST_13 : Operation 86 [3/4] (6.43ns)   --->   "%v261 = fsub i32 %v259, i32 %v260" [spikingformer_official.cpp:641]   --->   Operation 86 'fsub' 'v261' <Predicate = true> <Delay = 6.43> <CoreInst = "FAddSub_fulldsp">   --->   Core 18 'FAddSub_fulldsp' <Latency = 3> <II = 1> <Delay = 6.43> <FuncUnit> <Opcode : 'fadd' 'fsub'> <InPorts = 2> <OutPorts = 1>

State 14 <SV = 13> <Delay = 6.43>
ST_14 : Operation 87 [2/4] (6.43ns)   --->   "%v261 = fsub i32 %v259, i32 %v260" [spikingformer_official.cpp:641]   --->   Operation 87 'fsub' 'v261' <Predicate = true> <Delay = 6.43> <CoreInst = "FAddSub_fulldsp">   --->   Core 18 'FAddSub_fulldsp' <Latency = 3> <II = 1> <Delay = 6.43> <FuncUnit> <Opcode : 'fadd' 'fsub'> <InPorts = 2> <OutPorts = 1>
ST_14 : Operation 96 [1/1] (0.42ns)   --->   "%ret_ln0 = ret"   --->   Operation 96 'ret' 'ret_ln0' <Predicate = (icmp_ln633)> <Delay = 0.42>

State 15 <SV = 14> <Delay = 6.43>
ST_15 : Operation 88 [1/4] (6.43ns)   --->   "%v261 = fsub i32 %v259, i32 %v260" [spikingformer_official.cpp:641]   --->   Operation 88 'fsub' 'v261' <Predicate = true> <Delay = 6.43> <CoreInst = "FAddSub_fulldsp">   --->   Core 18 'FAddSub_fulldsp' <Latency = 3> <II = 1> <Delay = 6.43> <FuncUnit> <Opcode : 'fadd' 'fsub'> <InPorts = 2> <OutPorts = 1>

State 16 <SV = 15> <Delay = 7.30>
ST_16 : Operation 89 [1/1] (0.00ns)   --->   "%g0_addr = getelementptr i32 %g0, i64 %sext_ln633_cast" [spikingformer_official.cpp:633]   --->   Operation 89 'getelementptr' 'g0_addr' <Predicate = true> <Delay = 0.00>
ST_16 : Operation 90 [1/1] (0.00ns)   --->   "%specloopname_ln0 = specloopname void @_ssdm_op_SpecLoopName, void @VITIS_LOOP_633_1_VITIS_LOOP_634_2_str"   --->   Operation 90 'specloopname' 'specloopname_ln0' <Predicate = true> <Delay = 0.00>
ST_16 : Operation 91 [1/1] (0.00ns)   --->   "%speclooptripcount_ln0 = speclooptripcount void @_ssdm_op_SpecLoopTripCount, i64 24576, i64 24576, i64 24576"   --->   Operation 91 'speclooptripcount' 'speclooptripcount_ln0' <Predicate = true> <Delay = 0.00>
ST_16 : Operation 92 [1/1] (0.00ns)   --->   "%specpipeline_ln635 = specpipeline void @_ssdm_op_SpecPipeline, i32 1, i32 0, i32 0, i32 0, i32 4294967295, void @empty_35" [spikingformer_official.cpp:635]   --->   Operation 92 'specpipeline' 'specpipeline_ln635' <Predicate = true> <Delay = 0.00>
ST_16 : Operation 93 [1/1] (0.00ns)   --->   "%bitcast_ln642 = bitcast i32 %v261" [spikingformer_official.cpp:642]   --->   Operation 93 'bitcast' 'bitcast_ln642' <Predicate = true> <Delay = 0.00>
ST_16 : Operation 94 [1/1] ( I:7.30ns O:7.30ns )   --->   "%write_ln642 = write void @_ssdm_op_Write.m_axi.p1i32.i32, i32 %g0_addr, i32 %bitcast_ln642, i4 15" [spikingformer_official.cpp:642]   --->   Operation 94 'write' 'write_ln642' <Predicate = true> <Delay = 7.30> <CoreInst = "m_axi">   --->   Core 119 'm_axi' <Latency = 5> <II = 1> <Delay = 1.00> <Adapter> <Opcode : 'readrequnaligned' 'writerequnaligned' 'read' 'write' 'readreq' 'writereq' 'writeresp'>
ST_16 : Operation 95 [1/1] (0.00ns)   --->   "%br_ln634 = br void %for.inc" [spikingformer_official.cpp:634]   --->   Operation 95 'br' 'br_ln634' <Predicate = true> <Delay = 0.00>


============================================================
+ Verbose Summary: Timing violations
============================================================
Target clock period: 10.000ns, clock uncertainty: 2.700ns.

 <State 1>: 3.255ns
The critical path consists of the following:
	'store' operation ('store_ln634', spikingformer_official.cpp:634) of constant 0 9 bit on local variable 'v258', spikingformer_official.cpp:634 [20]  (0.427 ns)
	'load' operation 9 bit ('v258_load', spikingformer_official.cpp:634) on local variable 'v258', spikingformer_official.cpp:634 [28]  (0.000 ns)
	'icmp' operation 1 bit ('icmp_ln634', spikingformer_official.cpp:634) [34]  (0.776 ns)
	'select' operation 7 bit ('select_ln633_1', spikingformer_official.cpp:633) [36]  (0.360 ns)
	'sub' operation 18 bit ('sub_ln639', spikingformer_official.cpp:639) [40]  (0.873 ns)
	'add' operation 64 bit ('add_ln639_1', spikingformer_official.cpp:639) [46]  (0.819 ns)

 <State 2>: 0.000ns
The critical path consists of the following:

 <State 3>: 0.000ns
The critical path consists of the following:

 <State 4>: 0.000ns
The critical path consists of the following:

 <State 5>: 0.000ns
The critical path consists of the following:

 <State 6>: 0.000ns
The critical path consists of the following:

 <State 7>: 0.000ns
The critical path consists of the following:

 <State 8>: 0.000ns
The critical path consists of the following:

 <State 9>: 7.300ns
The critical path consists of the following:
	bus request operation ('g0_load_req', spikingformer_official.cpp:639) on port 'g0' (spikingformer_official.cpp:639) [50]  (7.300 ns)

 <State 10>: 7.300ns
The critical path consists of the following:
	bus read operation ('g0_addr_25_read', spikingformer_official.cpp:639) on port 'g0' (spikingformer_official.cpp:639) [51]  (7.300 ns)

 <State 11>: 7.300ns
The critical path consists of the following:
	bus read operation ('g0_addr_26_read', spikingformer_official.cpp:640) on port 'g0' (spikingformer_official.cpp:640) [59]  (7.300 ns)

 <State 12>: 6.437ns
The critical path consists of the following:
	'fsub' operation 32 bit ('v261', spikingformer_official.cpp:641) [61]  (6.437 ns)

 <State 13>: 6.437ns
The critical path consists of the following:
	'fsub' operation 32 bit ('v261', spikingformer_official.cpp:641) [61]  (6.437 ns)

 <State 14>: 6.437ns
The critical path consists of the following:
	'fsub' operation 32 bit ('v261', spikingformer_official.cpp:641) [61]  (6.437 ns)

 <State 15>: 6.437ns
The critical path consists of the following:
	'fsub' operation 32 bit ('v261', spikingformer_official.cpp:641) [61]  (6.437 ns)

 <State 16>: 7.300ns
The critical path consists of the following:
	'getelementptr' operation 32 bit ('g0_addr', spikingformer_official.cpp:633) [30]  (0.000 ns)
	bus write operation ('write_ln642', spikingformer_official.cpp:642) on port 'g0' (spikingformer_official.cpp:642) [63]  (7.300 ns)


============================================================
+ Verbose Summary: Binding
============================================================
N/A
* FSMD analyzer results:
  - Output states:
 - Input state : 
  - Chain level:
	State 1
	State 2
	State 3
	State 4
	State 5
	State 6
	State 7
	State 8
	State 9
	State 10
	State 11
	State 12
	State 13
	State 14
	State 15
	State 16


============================================================
+ Verbose Summary: Datapath Resource usage 
============================================================
N/A
