

================================================================
== Vitis HLS Report for 'kernel68'
================================================================
* Date:           Sun Jul 12 20:26:08 2026

* Version:        2025.2 (Build 6295257 on Nov 14 2025)
* Project:        spikingformer_proj
* Solution:       solution1 (Vivado IP Flow Target)
* Product family: zynquplus
* Target device:  xczu7ev-ffvc1156-2-e


================================================================
== Performance Estimates
================================================================
+ Timing: 
    * Summary: 
    +--------+----------+----------+------------+
    |  Clock |  Target  | Estimated| Uncertainty|
    +--------+----------+----------+------------+
    |ap_clk  |  10.00 ns|  7.300 ns|     2.70 ns|
    +--------+----------+----------+------------+

+ Latency: 
    * Summary: 
    +---------+---------+----------+----------+-----+-----+-------------------+
    |  Latency (cycles) |  Latency (absolute) |  Interval |      Pipeline     |
    |   min   |   max   |    min   |    max   | min | max |        Type       |
    +---------+---------+----------+----------+-----+-----+-------------------+
    |   368642|   368642|  3.686 ms|  3.686 ms|    0|    0|  loop pipeline stp|
    +---------+---------+----------+----------+-----+-----+-------------------+

    + Detail: 
        * Instance: 
        N/A

        * Loop: 
        +-------------------------------------+---------+---------+----------+-----------+-----------+-------+----------+
        |                                     |  Latency (cycles) | Iteration|  Initiation Interval  |  Trip |          |
        |              Loop Name              |   min   |   max   |  Latency |  achieved |   target  | Count | Pipelined|
        +-------------------------------------+---------+---------+----------+-----------+-----------+-------+----------+
        |- VITIS_LOOP_928_1_VITIS_LOOP_929_2  |   368640|   368640|        16|         15|          1|  24576|       yes|
        +-------------------------------------+---------+---------+----------+-----------+-----------+-------+----------+

============================================================
+ Verbose Summary: Synthesis Manager
============================================================
InlineROM: 1
ExposeGlobal: 0
============================================================
+ Verbose Summary: CDFG Model
============================================================
IsTopModel: 0
ResetActiveHigh: 1
IsCombinational: 0
IsDatapathOnly: 0
HasWiredReturn: 1
HasMFsm: 2
HasVarLatency: 1
IsPipeline: 0
IsRtlPipelined: 0
IsInstanceOverlapped: 0
IsDontTouch: 0
HasImplIP: 0
IsGatedGlobalClock: 0

+ Individual pipeline summary: 
  * Pipeline-0: initiation interval (II) = 15, depth = 16


============================================================
+ Verbose Summary: Schedule
============================================================
* Number of FSM states : 16
* Pipeline : 1
  Pipeline-0 : II = 15, D = 16, States = { 1 2 3 4 5 6 7 8 9 10 11 12 13 14 15 16 }
* Dataflow Pipeline: 0

* FSM state transitions: 
1 --> 2 
2 --> 3 
3 --> 4 
4 --> 5 
5 --> 6 
6 --> 7 
7 --> 8 
8 --> 9 
9 --> 10 
10 --> 11 
11 --> 12 
12 --> 13 
13 --> 14 
14 --> 15 
15 --> 16 
16 --> 

* FSM state operations: 

State 1 <SV = 0> <Delay = 3.25>
ST_1 : Operation 19 [1/1] (0.00ns)   --->   "%v379 = alloca i32 1" [spikingformer_official.cpp:929]   --->   Operation 19 'alloca' 'v379' <Predicate = true> <Delay = 0.00>
ST_1 : Operation 20 [1/1] (0.00ns)   --->   "%v378 = alloca i32 1" [spikingformer_official.cpp:928]   --->   Operation 20 'alloca' 'v378' <Predicate = true> <Delay = 0.00>
ST_1 : Operation 21 [1/1] (0.00ns)   --->   "%indvar_flatten = alloca i32 1"   --->   Operation 21 'alloca' 'indvar_flatten' <Predicate = true> <Delay = 0.00>
ST_1 : Operation 22 [1/1] (0.00ns)   --->   "%specstablecontent_ln0 = specstablecontent void @_ssdm_op_SpecStableContent, i32 %g0, i1 1, void "   --->   Operation 22 'specstablecontent' 'specstablecontent_ln0' <Predicate = true> <Delay = 0.00>
ST_1 : Operation 23 [1/1] (0.00ns)   --->   "%specinterface_ln0 = specinterface void @_ssdm_op_SpecInterface, i32 %g0, void @empty_26, i32 0, i32 0, void @empty_35, i32 0, i32 0, void @empty_22, void @empty_25, void @empty_35, i32 16, i32 16, i32 16, i32 16, void @empty_35, void @empty_35, i32 4294967295, i32 0, i32 0, i32 4"   --->   Operation 23 'specinterface' 'specinterface_ln0' <Predicate = true> <Delay = 0.00>
ST_1 : Operation 24 [1/1] (0.00ns)   --->   "%v377_read = read i64 @_ssdm_op_Read.ap_auto.i64, i64 %v377" [spikingformer_official.cpp:925]   --->   Operation 24 'read' 'v377_read' <Predicate = true> <Delay = 0.00>
ST_1 : Operation 25 [1/1] (0.00ns)   --->   "%v376_read = read i64 @_ssdm_op_Read.ap_auto.i64, i64 %v376" [spikingformer_official.cpp:925]   --->   Operation 25 'read' 'v376_read' <Predicate = true> <Delay = 0.00>
ST_1 : Operation 26 [1/1] (0.42ns)   --->   "%store_ln0 = store i15 0, i15 %indvar_flatten"   --->   Operation 26 'store' 'store_ln0' <Predicate = true> <Delay = 0.42>
ST_1 : Operation 27 [1/1] (0.42ns)   --->   "%store_ln928 = store i7 0, i7 %v378" [spikingformer_official.cpp:928]   --->   Operation 27 'store' 'store_ln928' <Predicate = true> <Delay = 0.42>
ST_1 : Operation 28 [1/1] (0.42ns)   --->   "%store_ln929 = store i9 0, i9 %v379" [spikingformer_official.cpp:929]   --->   Operation 28 'store' 'store_ln929' <Predicate = true> <Delay = 0.42>
ST_1 : Operation 29 [1/1] (0.00ns)   --->   "%br_ln928 = br void %for.inc" [spikingformer_official.cpp:928]   --->   Operation 29 'br' 'br_ln928' <Predicate = true> <Delay = 0.00>
ST_1 : Operation 30 [1/1] (0.00ns)   --->   "%indvar_flatten_load = load i15 %indvar_flatten" [spikingformer_official.cpp:928]   --->   Operation 30 'load' 'indvar_flatten_load' <Predicate = true> <Delay = 0.00>
ST_1 : Operation 31 [1/1] (0.84ns)   --->   "%icmp_ln928 = icmp_eq  i15 %indvar_flatten_load, i15 24576" [spikingformer_official.cpp:928]   --->   Operation 31 'icmp' 'icmp_ln928' <Predicate = true> <Delay = 0.84> <CoreInst = "Cmp">   --->   Core 9 'Cmp' <Latency = 0> <II = 1> <Delay = 0.84> <FuncUnit> <Opcode : 'seteq' 'setne' 'setle' 'setge' 'setlt' 'setgt'> <InPorts = 2> <OutPorts = 1>
ST_1 : Operation 32 [1/1] (0.84ns)   --->   "%add_ln928_1 = add i15 %indvar_flatten_load, i15 1" [spikingformer_official.cpp:928]   --->   Operation 32 'add' 'add_ln928_1' <Predicate = true> <Delay = 0.84> <CoreInst = "Adder">   --->   Core 1 'Adder' <Latency = 0> <II = 1> <Delay = 0.84> <FuncUnit> <Opcode : 'add' 'sub'> <InPorts = 2> <OutPorts = 1>
ST_1 : Operation 33 [1/1] (0.00ns)   --->   "%br_ln928 = br i1 %icmp_ln928, void %for.inc13, void %for.end15" [spikingformer_official.cpp:928]   --->   Operation 33 'br' 'br_ln928' <Predicate = true> <Delay = 0.00>
ST_1 : Operation 34 [1/1] (0.00ns)   --->   "%v379_load = load i9 %v379" [spikingformer_official.cpp:929]   --->   Operation 34 'load' 'v379_load' <Predicate = (!icmp_ln928)> <Delay = 0.00>
ST_1 : Operation 35 [1/1] (0.00ns)   --->   "%v378_load = load i7 %v378" [spikingformer_official.cpp:928]   --->   Operation 35 'load' 'v378_load' <Predicate = (!icmp_ln928)> <Delay = 0.00>
ST_1 : Operation 36 [1/1] (0.77ns)   --->   "%add_ln928 = add i7 %v378_load, i7 1" [spikingformer_official.cpp:928]   --->   Operation 36 'add' 'add_ln928' <Predicate = (!icmp_ln928)> <Delay = 0.77> <CoreInst = "Adder">   --->   Core 1 'Adder' <Latency = 0> <II = 1> <Delay = 0.77> <FuncUnit> <Opcode : 'add' 'sub'> <InPorts = 2> <OutPorts = 1>
ST_1 : Operation 37 [1/1] (0.77ns)   --->   "%icmp_ln929 = icmp_eq  i9 %v379_load, i9 384" [spikingformer_official.cpp:929]   --->   Operation 37 'icmp' 'icmp_ln929' <Predicate = (!icmp_ln928)> <Delay = 0.77> <CoreInst = "Cmp">   --->   Core 9 'Cmp' <Latency = 0> <II = 1> <Delay = 0.77> <FuncUnit> <Opcode : 'seteq' 'setne' 'setle' 'setge' 'setlt' 'setgt'> <InPorts = 2> <OutPorts = 1>
ST_1 : Operation 38 [1/1] (0.39ns)   --->   "%select_ln928 = select i1 %icmp_ln929, i9 0, i9 %v379_load" [spikingformer_official.cpp:928]   --->   Operation 38 'select' 'select_ln928' <Predicate = (!icmp_ln928)> <Delay = 0.39> <CoreInst = "Sel">   --->   Core 73 'Sel' <Latency = 0> <II = 1> <Delay = 0.39> <FuncUnit> <Opcode : 'select'> <InPorts = 3> <OutPorts = 1>
ST_1 : Operation 39 [1/1] (0.36ns)   --->   "%select_ln928_1 = select i1 %icmp_ln929, i7 %add_ln928, i7 %v378_load" [spikingformer_official.cpp:928]   --->   Operation 39 'select' 'select_ln928_1' <Predicate = (!icmp_ln928)> <Delay = 0.36> <CoreInst = "Sel">   --->   Core 73 'Sel' <Latency = 0> <II = 1> <Delay = 0.36> <FuncUnit> <Opcode : 'select'> <InPorts = 3> <OutPorts = 1>
ST_1 : Operation 40 [1/1] (0.00ns)   --->   "%trunc_ln930 = trunc i7 %select_ln928_1" [spikingformer_official.cpp:930]   --->   Operation 40 'trunc' 'trunc_ln930' <Predicate = (!icmp_ln928)> <Delay = 0.00>
ST_1 : Operation 41 [1/1] (0.00ns)   --->   "%shl_ln = bitconcatenate i8 @_ssdm_op_BitConcatenate.i8.i6.i2, i6 %trunc_ln930, i2 0" [spikingformer_official.cpp:930]   --->   Operation 41 'bitconcatenate' 'shl_ln' <Predicate = (!icmp_ln928)> <Delay = 0.00>
ST_1 : Operation 42 [1/1] (0.00ns)   --->   "%zext_ln931 = zext i8 %shl_ln" [spikingformer_official.cpp:931]   --->   Operation 42 'zext' 'zext_ln931' <Predicate = (!icmp_ln928)> <Delay = 0.00>
ST_1 : Operation 43 [1/1] (0.00ns)   --->   "%p_shl = bitconcatenate i18 @_ssdm_op_BitConcatenate.i18.i7.i11, i7 %select_ln928_1, i11 0" [spikingformer_official.cpp:931]   --->   Operation 43 'bitconcatenate' 'p_shl' <Predicate = (!icmp_ln928)> <Delay = 0.00>
ST_1 : Operation 44 [1/1] (0.00ns)   --->   "%tmp = bitconcatenate i16 @_ssdm_op_BitConcatenate.i16.i7.i9, i7 %select_ln928_1, i9 0" [spikingformer_official.cpp:931]   --->   Operation 44 'bitconcatenate' 'tmp' <Predicate = (!icmp_ln928)> <Delay = 0.00>
ST_1 : Operation 45 [1/1] (0.00ns)   --->   "%zext_ln931_2 = zext i16 %tmp" [spikingformer_official.cpp:931]   --->   Operation 45 'zext' 'zext_ln931_2' <Predicate = (!icmp_ln928)> <Delay = 0.00>
ST_1 : Operation 46 [1/1] (0.87ns)   --->   "%sub_ln931 = sub i18 %p_shl, i18 %zext_ln931_2" [spikingformer_official.cpp:931]   --->   Operation 46 'sub' 'sub_ln931' <Predicate = (!icmp_ln928)> <Delay = 0.87> <CoreInst = "Adder">   --->   Core 1 'Adder' <Latency = 0> <II = 1> <Delay = 0.87> <FuncUnit> <Opcode : 'add' 'sub'> <InPorts = 2> <OutPorts = 1>
ST_1 : Operation 47 [1/1] (0.00ns)   --->   "%zext_ln929 = zext i18 %sub_ln931" [spikingformer_official.cpp:929]   --->   Operation 47 'zext' 'zext_ln929' <Predicate = (!icmp_ln928)> <Delay = 0.00>
ST_1 : Operation 48 [1/1] (0.00ns)   --->   "%shl_ln930_1 = bitconcatenate i17 @_ssdm_op_BitConcatenate.i17.i9.i8, i9 %select_ln928, i8 0" [spikingformer_official.cpp:930]   --->   Operation 48 'bitconcatenate' 'shl_ln930_1' <Predicate = (!icmp_ln928)> <Delay = 0.00>
ST_1 : Operation 49 [1/1] (0.00ns)   --->   "%zext_ln930 = zext i17 %shl_ln930_1" [spikingformer_official.cpp:930]   --->   Operation 49 'zext' 'zext_ln930' <Predicate = (!icmp_ln928)> <Delay = 0.00>
ST_1 : Operation 50 [1/1] (0.00ns) (grouped into TernaryAdder)   --->   "%add_ln930 = add i64 %zext_ln930, i64 %v376_read" [spikingformer_official.cpp:930]   --->   Operation 50 'add' 'add_ln930' <Predicate = (!icmp_ln928)> <Delay = 0.00> <CoreInst = "TAddSub">   --->   Core 10 'TAddSub' <Latency = 0> <II = 1> <Delay = 0.40> <IPBlock> <Opcode : 'add' 'sub'> <InPorts = 3> <OutPorts = 1> <Sync> <CReg>
ST_1 : Operation 51 [1/1] (0.81ns) (root node of TernaryAdder)   --->   "%add_ln930_1 = add i64 %add_ln930, i64 %zext_ln931" [spikingformer_official.cpp:930]   --->   Operation 51 'add' 'add_ln930_1' <Predicate = (!icmp_ln928)> <Delay = 0.81> <CoreInst = "TAddSub">   --->   Core 10 'TAddSub' <Latency = 0> <II = 1> <Delay = 0.40> <IPBlock> <Opcode : 'add' 'sub'> <InPorts = 3> <OutPorts = 1> <Sync> <CReg>
ST_1 : Operation 52 [1/1] (0.00ns)   --->   "%trunc_ln = partselect i62 @_ssdm_op_PartSelect.i62.i64.i32.i32, i64 %add_ln930_1, i32 2, i32 63" [spikingformer_official.cpp:930]   --->   Operation 52 'partselect' 'trunc_ln' <Predicate = (!icmp_ln928)> <Delay = 0.00>
ST_1 : Operation 53 [1/1] (0.00ns)   --->   "%sext_ln930 = sext i62 %trunc_ln" [spikingformer_official.cpp:930]   --->   Operation 53 'sext' 'sext_ln930' <Predicate = (!icmp_ln928)> <Delay = 0.00>
ST_1 : Operation 54 [1/1] (0.00ns)   --->   "%g0_addr = getelementptr i32 %g0, i64 %sext_ln930" [spikingformer_official.cpp:930]   --->   Operation 54 'getelementptr' 'g0_addr' <Predicate = (!icmp_ln928)> <Delay = 0.00>
ST_1 : Operation 55 [1/1] (0.00ns)   --->   "%shl_ln9 = bitconcatenate i11 @_ssdm_op_BitConcatenate.i11.i9.i2, i9 %select_ln928, i2 0" [spikingformer_official.cpp:931]   --->   Operation 55 'bitconcatenate' 'shl_ln9' <Predicate = (!icmp_ln928)> <Delay = 0.00>
ST_1 : Operation 56 [1/1] (0.00ns)   --->   "%zext_ln931_1 = zext i11 %shl_ln9" [spikingformer_official.cpp:931]   --->   Operation 56 'zext' 'zext_ln931_1' <Predicate = (!icmp_ln928)> <Delay = 0.00>
ST_1 : Operation 57 [1/1] (0.00ns) (grouped into TernaryAdder)   --->   "%add_ln931 = add i64 %zext_ln931_1, i64 %v377_read" [spikingformer_official.cpp:931]   --->   Operation 57 'add' 'add_ln931' <Predicate = (!icmp_ln928)> <Delay = 0.00> <CoreInst = "TAddSub">   --->   Core 10 'TAddSub' <Latency = 0> <II = 1> <Delay = 0.40> <IPBlock> <Opcode : 'add' 'sub'> <InPorts = 3> <OutPorts = 1> <Sync> <CReg>
ST_1 : Operation 58 [1/1] (0.81ns) (root node of TernaryAdder)   --->   "%add_ln931_1 = add i64 %add_ln931, i64 %zext_ln929" [spikingformer_official.cpp:931]   --->   Operation 58 'add' 'add_ln931_1' <Predicate = (!icmp_ln928)> <Delay = 0.81> <CoreInst = "TAddSub">   --->   Core 10 'TAddSub' <Latency = 0> <II = 1> <Delay = 0.40> <IPBlock> <Opcode : 'add' 'sub'> <InPorts = 3> <OutPorts = 1> <Sync> <CReg>
ST_1 : Operation 59 [1/1] (0.00ns)   --->   "%trunc_ln9 = partselect i62 @_ssdm_op_PartSelect.i62.i64.i32.i32, i64 %add_ln931_1, i32 2, i32 63" [spikingformer_official.cpp:931]   --->   Operation 59 'partselect' 'trunc_ln9' <Predicate = (!icmp_ln928)> <Delay = 0.00>
ST_1 : Operation 60 [1/1] (0.00ns)   --->   "%sext_ln931 = sext i62 %trunc_ln9" [spikingformer_official.cpp:931]   --->   Operation 60 'sext' 'sext_ln931' <Predicate = (!icmp_ln928)> <Delay = 0.00>
ST_1 : Operation 61 [1/1] (0.00ns)   --->   "%g0_addr_12 = getelementptr i32 %g0, i64 %sext_ln931" [spikingformer_official.cpp:931]   --->   Operation 61 'getelementptr' 'g0_addr_12' <Predicate = (!icmp_ln928)> <Delay = 0.00>
ST_1 : Operation 62 [1/1] (0.77ns)   --->   "%add_ln929 = add i9 %select_ln928, i9 1" [spikingformer_official.cpp:929]   --->   Operation 62 'add' 'add_ln929' <Predicate = (!icmp_ln928)> <Delay = 0.77> <CoreInst = "Adder">   --->   Core 1 'Adder' <Latency = 0> <II = 1> <Delay = 0.77> <FuncUnit> <Opcode : 'add' 'sub'> <InPorts = 2> <OutPorts = 1>
ST_1 : Operation 63 [1/1] (0.42ns)   --->   "%store_ln928 = store i15 %add_ln928_1, i15 %indvar_flatten" [spikingformer_official.cpp:928]   --->   Operation 63 'store' 'store_ln928' <Predicate = (!icmp_ln928)> <Delay = 0.42>
ST_1 : Operation 64 [1/1] (0.42ns)   --->   "%store_ln928 = store i7 %select_ln928_1, i7 %v378" [spikingformer_official.cpp:928]   --->   Operation 64 'store' 'store_ln928' <Predicate = (!icmp_ln928)> <Delay = 0.42>
ST_1 : Operation 65 [1/1] (0.42ns)   --->   "%store_ln929 = store i9 %add_ln929, i9 %v379" [spikingformer_official.cpp:929]   --->   Operation 65 'store' 'store_ln929' <Predicate = (!icmp_ln928)> <Delay = 0.42>
ST_1 : Operation 86 [1/1] (0.42ns)   --->   "%ret_ln934 = ret" [spikingformer_official.cpp:934]   --->   Operation 86 'ret' 'ret_ln934' <Predicate = (icmp_ln928)> <Delay = 0.42>

State 2 <SV = 1> <Delay = 0.00>
ST_2 : Operation 66 [8/8] (7.30ns)   --->   "%v380_req = readreq i1 @_ssdm_op_ReadReq.m_axi.i32P1A, i32 %g0_addr, i64 1" [spikingformer_official.cpp:930]   --->   Operation 66 'readreq' 'v380_req' <Predicate = (!icmp_ln928)> <Delay = 7.30> <CoreInst = "m_axi">   --->   Core 119 'm_axi' <Latency = 6> <II = 1> <Delay = 1.00> <Adapter> <Opcode : 'readrequnaligned' 'writerequnaligned' 'read' 'write' 'readreq' 'writereq' 'writeresp'>

State 3 <SV = 2> <Delay = 0.00>
ST_3 : Operation 67 [7/8] (7.30ns)   --->   "%v380_req = readreq i1 @_ssdm_op_ReadReq.m_axi.i32P1A, i32 %g0_addr, i64 1" [spikingformer_official.cpp:930]   --->   Operation 67 'readreq' 'v380_req' <Predicate = (!icmp_ln928)> <Delay = 7.30> <CoreInst = "m_axi">   --->   Core 119 'm_axi' <Latency = 6> <II = 1> <Delay = 1.00> <Adapter> <Opcode : 'readrequnaligned' 'writerequnaligned' 'read' 'write' 'readreq' 'writereq' 'writeresp'>

State 4 <SV = 3> <Delay = 0.00>
ST_4 : Operation 68 [6/8] (7.30ns)   --->   "%v380_req = readreq i1 @_ssdm_op_ReadReq.m_axi.i32P1A, i32 %g0_addr, i64 1" [spikingformer_official.cpp:930]   --->   Operation 68 'readreq' 'v380_req' <Predicate = (!icmp_ln928)> <Delay = 7.30> <CoreInst = "m_axi">   --->   Core 119 'm_axi' <Latency = 6> <II = 1> <Delay = 1.00> <Adapter> <Opcode : 'readrequnaligned' 'writerequnaligned' 'read' 'write' 'readreq' 'writereq' 'writeresp'>

State 5 <SV = 4> <Delay = 0.00>
ST_5 : Operation 69 [5/8] (7.30ns)   --->   "%v380_req = readreq i1 @_ssdm_op_ReadReq.m_axi.i32P1A, i32 %g0_addr, i64 1" [spikingformer_official.cpp:930]   --->   Operation 69 'readreq' 'v380_req' <Predicate = (!icmp_ln928)> <Delay = 7.30> <CoreInst = "m_axi">   --->   Core 119 'm_axi' <Latency = 6> <II = 1> <Delay = 1.00> <Adapter> <Opcode : 'readrequnaligned' 'writerequnaligned' 'read' 'write' 'readreq' 'writereq' 'writeresp'>

State 6 <SV = 5> <Delay = 0.00>
ST_6 : Operation 70 [4/8] (7.30ns)   --->   "%v380_req = readreq i1 @_ssdm_op_ReadReq.m_axi.i32P1A, i32 %g0_addr, i64 1" [spikingformer_official.cpp:930]   --->   Operation 70 'readreq' 'v380_req' <Predicate = (!icmp_ln928)> <Delay = 7.30> <CoreInst = "m_axi">   --->   Core 119 'm_axi' <Latency = 6> <II = 1> <Delay = 1.00> <Adapter> <Opcode : 'readrequnaligned' 'writerequnaligned' 'read' 'write' 'readreq' 'writereq' 'writeresp'>

State 7 <SV = 6> <Delay = 0.00>
ST_7 : Operation 71 [3/8] (7.30ns)   --->   "%v380_req = readreq i1 @_ssdm_op_ReadReq.m_axi.i32P1A, i32 %g0_addr, i64 1" [spikingformer_official.cpp:930]   --->   Operation 71 'readreq' 'v380_req' <Predicate = (!icmp_ln928)> <Delay = 7.30> <CoreInst = "m_axi">   --->   Core 119 'm_axi' <Latency = 6> <II = 1> <Delay = 1.00> <Adapter> <Opcode : 'readrequnaligned' 'writerequnaligned' 'read' 'write' 'readreq' 'writereq' 'writeresp'>

State 8 <SV = 7> <Delay = 0.00>
ST_8 : Operation 72 [2/8] (7.30ns)   --->   "%v380_req = readreq i1 @_ssdm_op_ReadReq.m_axi.i32P1A, i32 %g0_addr, i64 1" [spikingformer_official.cpp:930]   --->   Operation 72 'readreq' 'v380_req' <Predicate = (!icmp_ln928)> <Delay = 7.30> <CoreInst = "m_axi">   --->   Core 119 'm_axi' <Latency = 6> <II = 1> <Delay = 1.00> <Adapter> <Opcode : 'readrequnaligned' 'writerequnaligned' 'read' 'write' 'readreq' 'writereq' 'writeresp'>

State 9 <SV = 8> <Delay = 7.30>
ST_9 : Operation 73 [1/8] ( I:7.30ns O:7.30ns )   --->   "%v380_req = readreq i1 @_ssdm_op_ReadReq.m_axi.i32P1A, i32 %g0_addr, i64 1" [spikingformer_official.cpp:930]   --->   Operation 73 'readreq' 'v380_req' <Predicate = (!icmp_ln928)> <Delay = 7.30> <CoreInst = "m_axi">   --->   Core 119 'm_axi' <Latency = 6> <II = 1> <Delay = 1.00> <Adapter> <Opcode : 'readrequnaligned' 'writerequnaligned' 'read' 'write' 'readreq' 'writereq' 'writeresp'>

State 10 <SV = 9> <Delay = 7.30>
ST_10 : Operation 74 [1/1] ( I:7.30ns O:7.30ns )   --->   "%v380 = read i32 @_ssdm_op_Read.m_axi.i32P1A, i32 %g0_addr" [spikingformer_official.cpp:930]   --->   Operation 74 'read' 'v380' <Predicate = (!icmp_ln928)> <Delay = 7.30> <CoreInst = "m_axi">   --->   Core 119 'm_axi' <Latency = 3> <II = 1> <Delay = 1.00> <Adapter> <Opcode : 'readrequnaligned' 'writerequnaligned' 'read' 'write' 'readreq' 'writereq' 'writeresp'>
ST_10 : Operation 75 [1/1] ( I:7.30ns O:7.30ns )   --->   "%g0_addr_37_req = writereq i1 @_ssdm_op_WriteReq.m_axi.i32P1A, i32 %g0_addr_12, i64 1" [spikingformer_official.cpp:931]   --->   Operation 75 'writereq' 'g0_addr_37_req' <Predicate = (!icmp_ln928)> <Delay = 7.30> <CoreInst = "m_axi">   --->   Core 119 'm_axi' <Latency = 9> <II = 1> <Delay = 1.00> <Adapter> <Opcode : 'readrequnaligned' 'writerequnaligned' 'read' 'write' 'readreq' 'writereq' 'writeresp'>

State 11 <SV = 10> <Delay = 7.30>
ST_11 : Operation 76 [1/1] ( I:7.30ns O:7.30ns )   --->   "%write_ln931 = write void @_ssdm_op_Write.m_axi.i32P1A, i32 %g0_addr_12, i32 %v380, i4 15" [spikingformer_official.cpp:931]   --->   Operation 76 'write' 'write_ln931' <Predicate = (!icmp_ln928)> <Delay = 7.30> <CoreInst = "m_axi">   --->   Core 119 'm_axi' <Latency = 5> <II = 1> <Delay = 1.00> <Adapter> <Opcode : 'readrequnaligned' 'writerequnaligned' 'read' 'write' 'readreq' 'writereq' 'writeresp'>

State 12 <SV = 11> <Delay = 0.00>
ST_12 : Operation 77 [5/5] (7.30ns)   --->   "%g0_addr_37_resp = writeresp i1 @_ssdm_op_WriteResp.m_axi.i32P1A, i32 %g0_addr_12" [spikingformer_official.cpp:931]   --->   Operation 77 'writeresp' 'g0_addr_37_resp' <Predicate = (!icmp_ln928)> <Delay = 7.30> <CoreInst = "m_axi">   --->   Core 119 'm_axi' <Latency = 3> <II = 1> <Delay = 1.00> <Adapter> <Opcode : 'readrequnaligned' 'writerequnaligned' 'read' 'write' 'readreq' 'writereq' 'writeresp'>

State 13 <SV = 12> <Delay = 0.00>
ST_13 : Operation 78 [4/5] (7.30ns)   --->   "%g0_addr_37_resp = writeresp i1 @_ssdm_op_WriteResp.m_axi.i32P1A, i32 %g0_addr_12" [spikingformer_official.cpp:931]   --->   Operation 78 'writeresp' 'g0_addr_37_resp' <Predicate = (!icmp_ln928)> <Delay = 7.30> <CoreInst = "m_axi">   --->   Core 119 'm_axi' <Latency = 3> <II = 1> <Delay = 1.00> <Adapter> <Opcode : 'readrequnaligned' 'writerequnaligned' 'read' 'write' 'readreq' 'writereq' 'writeresp'>

State 14 <SV = 13> <Delay = 0.00>
ST_14 : Operation 79 [3/5] (7.30ns)   --->   "%g0_addr_37_resp = writeresp i1 @_ssdm_op_WriteResp.m_axi.i32P1A, i32 %g0_addr_12" [spikingformer_official.cpp:931]   --->   Operation 79 'writeresp' 'g0_addr_37_resp' <Predicate = (!icmp_ln928)> <Delay = 7.30> <CoreInst = "m_axi">   --->   Core 119 'm_axi' <Latency = 3> <II = 1> <Delay = 1.00> <Adapter> <Opcode : 'readrequnaligned' 'writerequnaligned' 'read' 'write' 'readreq' 'writereq' 'writeresp'>

State 15 <SV = 14> <Delay = 0.00>
ST_15 : Operation 80 [2/5] (7.30ns)   --->   "%g0_addr_37_resp = writeresp i1 @_ssdm_op_WriteResp.m_axi.i32P1A, i32 %g0_addr_12" [spikingformer_official.cpp:931]   --->   Operation 80 'writeresp' 'g0_addr_37_resp' <Predicate = (!icmp_ln928)> <Delay = 7.30> <CoreInst = "m_axi">   --->   Core 119 'm_axi' <Latency = 3> <II = 1> <Delay = 1.00> <Adapter> <Opcode : 'readrequnaligned' 'writerequnaligned' 'read' 'write' 'readreq' 'writereq' 'writeresp'>

State 16 <SV = 15> <Delay = 7.30>
ST_16 : Operation 81 [1/1] (0.00ns)   --->   "%specloopname_ln0 = specloopname void @_ssdm_op_SpecLoopName, void @VITIS_LOOP_928_1_VITIS_LOOP_929_2_str"   --->   Operation 81 'specloopname' 'specloopname_ln0' <Predicate = true> <Delay = 0.00>
ST_16 : Operation 82 [1/1] (0.00ns)   --->   "%speclooptripcount_ln0 = speclooptripcount void @_ssdm_op_SpecLoopTripCount, i64 24576, i64 24576, i64 24576"   --->   Operation 82 'speclooptripcount' 'speclooptripcount_ln0' <Predicate = true> <Delay = 0.00>
ST_16 : Operation 83 [1/1] (0.00ns)   --->   "%specpipeline_ln929 = specpipeline void @_ssdm_op_SpecPipeline, i32 4294967295, i32 0, i32 0, i32 0, i32 4294967295, void @empty_35" [spikingformer_official.cpp:929]   --->   Operation 83 'specpipeline' 'specpipeline_ln929' <Predicate = true> <Delay = 0.00>
ST_16 : Operation 84 [1/5] ( I:7.30ns O:7.30ns )   --->   "%g0_addr_37_resp = writeresp i1 @_ssdm_op_WriteResp.m_axi.i32P1A, i32 %g0_addr_12" [spikingformer_official.cpp:931]   --->   Operation 84 'writeresp' 'g0_addr_37_resp' <Predicate = true> <Delay = 7.30> <CoreInst = "m_axi">   --->   Core 119 'm_axi' <Latency = 3> <II = 1> <Delay = 1.00> <Adapter> <Opcode : 'readrequnaligned' 'writerequnaligned' 'read' 'write' 'readreq' 'writereq' 'writeresp'>
ST_16 : Operation 85 [1/1] (0.00ns)   --->   "%br_ln929 = br void %for.inc" [spikingformer_official.cpp:929]   --->   Operation 85 'br' 'br_ln929' <Predicate = true> <Delay = 0.00>


============================================================
+ Verbose Summary: Timing violations
============================================================
Target clock period: 10.000ns, clock uncertainty: 2.700ns.

 <State 1>: 3.255ns
The critical path consists of the following:
	'store' operation ('store_ln929', spikingformer_official.cpp:929) of constant 0 9 bit on local variable 'v379', spikingformer_official.cpp:929 [13]  (0.427 ns)
	'load' operation 9 bit ('v379_load', spikingformer_official.cpp:929) on local variable 'v379', spikingformer_official.cpp:929 [21]  (0.000 ns)
	'icmp' operation 1 bit ('icmp_ln929', spikingformer_official.cpp:929) [26]  (0.776 ns)
	'select' operation 7 bit ('select_ln928_1', spikingformer_official.cpp:928) [28]  (0.360 ns)
	'sub' operation 18 bit ('sub_ln931', spikingformer_official.cpp:931) [35]  (0.873 ns)
	'add' operation 64 bit ('add_ln931_1', spikingformer_official.cpp:931) [50]  (0.819 ns)

 <State 2>: 0.000ns
The critical path consists of the following:

 <State 3>: 0.000ns
The critical path consists of the following:

 <State 4>: 0.000ns
The critical path consists of the following:

 <State 5>: 0.000ns
The critical path consists of the following:

 <State 6>: 0.000ns
The critical path consists of the following:

 <State 7>: 0.000ns
The critical path consists of the following:

 <State 8>: 0.000ns
The critical path consists of the following:

 <State 9>: 7.300ns
The critical path consists of the following:
	bus request operation ('v380_req', spikingformer_official.cpp:930) on port 'g0' (spikingformer_official.cpp:930) [45]  (7.300 ns)

 <State 10>: 7.300ns
The critical path consists of the following:
	bus read operation ('v380', spikingformer_official.cpp:930) on port 'g0' (spikingformer_official.cpp:930) [46]  (7.300 ns)

 <State 11>: 7.300ns
The critical path consists of the following:
	bus write operation ('write_ln931', spikingformer_official.cpp:931) on port 'g0' (spikingformer_official.cpp:931) [55]  (7.300 ns)

 <State 12>: 0.000ns
The critical path consists of the following:

 <State 13>: 0.000ns
The critical path consists of the following:

 <State 14>: 0.000ns
The critical path consists of the following:

 <State 15>: 0.000ns
The critical path consists of the following:

 <State 16>: 7.300ns
The critical path consists of the following:
	bus response operation ('g0_addr_37_resp', spikingformer_official.cpp:931) on port 'g0' (spikingformer_official.cpp:931) [56]  (7.300 ns)


============================================================
+ Verbose Summary: Binding
============================================================
N/A
* FSMD analyzer results:
  - Output states:
 - Input state : 
  - Chain level:
	State 1
	State 2
	State 3
	State 4
	State 5
	State 6
	State 7
	State 8
	State 9
	State 10
	State 11
	State 12
	State 13
	State 14
	State 15
	State 16


============================================================
+ Verbose Summary: Datapath Resource usage 
============================================================
N/A
