

================================================================
== Vitis HLS Report for 'kernel12'
================================================================
* Date:           Sun Jul 12 20:26:10 2026

* Version:        2025.2 (Build 6295257 on Nov 14 2025)
* Project:        spikingformer_proj
* Solution:       solution1 (Vivado IP Flow Target)
* Product family: zynquplus
* Target device:  xczu7ev-ffvc1156-2-e


================================================================
== Performance Estimates
================================================================
+ Timing: 
    * Summary: 
    +--------+----------+----------+------------+
    |  Clock |  Target  | Estimated| Uncertainty|
    +--------+----------+----------+------------+
    |ap_clk  |  10.00 ns|  7.300 ns|     2.70 ns|
    +--------+----------+----------+------------+

+ Latency: 
    * Summary: 
    +---------+---------+----------+----------+-----+-----+-------------------+
    |  Latency (cycles) |  Latency (absolute) |  Interval |      Pipeline     |
    |   min   |   max   |    min   |    max   | min | max |        Type       |
    +---------+---------+----------+----------+-----+-----+-------------------+
    |   196628|   196628|  1.966 ms|  1.966 ms|    0|    0|  loop pipeline stp|
    +---------+---------+----------+----------+-----+-----+-------------------+

    + Detail: 
        * Instance: 
        N/A

        * Loop: 
        +------------------------------------------------------+---------+---------+----------+-----------+-----------+-------+----------+
        |                                                      |  Latency (cycles) | Iteration|  Initiation Interval  |  Trip |          |
        |                       Loop Name                      |   min   |   max   |  Latency |  achieved |   target  | Count | Pipelined|
        +------------------------------------------------------+---------+---------+----------+-----------+-----------+-------+----------+
        |- VITIS_LOOP_227_1_VITIS_LOOP_228_2_VITIS_LOOP_229_3  |   196626|   196626|        21|          2|          1|  98304|       yes|
        +------------------------------------------------------+---------+---------+----------+-----------+-----------+-------+----------+

============================================================
+ Verbose Summary: Synthesis Manager
============================================================
InlineROM: 1
ExposeGlobal: 0
============================================================
+ Verbose Summary: CDFG Model
============================================================
IsTopModel: 0
ResetActiveHigh: 1
IsCombinational: 0
IsDatapathOnly: 0
HasWiredReturn: 1
HasMFsm: 2
HasVarLatency: 1
IsPipeline: 0
IsRtlPipelined: 0
IsInstanceOverlapped: 0
IsDontTouch: 0
HasImplIP: 0
IsGatedGlobalClock: 0

+ Individual pipeline summary: 
  * Pipeline-0: initiation interval (II) = 2, depth = 22


============================================================
+ Verbose Summary: Schedule
============================================================
* Number of FSM states : 22
* Pipeline : 1
  Pipeline-0 : II = 2, D = 22, States = { 1 2 3 4 5 6 7 8 9 10 11 12 13 14 15 16 17 18 19 20 21 22 }
* Dataflow Pipeline: 0

* FSM state transitions: 
1 --> 2 
2 --> 3 
3 --> 4 
4 --> 5 
5 --> 6 
6 --> 7 
7 --> 8 
8 --> 9 
9 --> 10 
10 --> 11 
11 --> 12 
12 --> 13 
13 --> 14 
14 --> 15 
15 --> 16 
16 --> 17 
17 --> 18 
18 --> 19 
19 --> 20 
20 --> 21 
21 --> 22 
22 --> 

* FSM state operations: 

State 1 <SV = 0> <Delay = 0.42>
ST_1 : Operation 24 [1/1] (0.00ns)   --->   "%v87 = alloca i32 1" [spikingformer_official.cpp:229]   --->   Operation 24 'alloca' 'v87' <Predicate = true> <Delay = 0.00>
ST_1 : Operation 25 [1/1] (0.00ns)   --->   "%v86 = alloca i32 1" [spikingformer_official.cpp:228]   --->   Operation 25 'alloca' 'v86' <Predicate = true> <Delay = 0.00>
ST_1 : Operation 26 [1/1] (0.00ns)   --->   "%indvar_flatten = alloca i32 1"   --->   Operation 26 'alloca' 'indvar_flatten' <Predicate = true> <Delay = 0.00>
ST_1 : Operation 27 [1/1] (0.00ns)   --->   "%v85 = alloca i32 1" [spikingformer_official.cpp:227]   --->   Operation 27 'alloca' 'v85' <Predicate = true> <Delay = 0.00>
ST_1 : Operation 28 [1/1] (0.00ns)   --->   "%indvar_flatten12 = alloca i32 1"   --->   Operation 28 'alloca' 'indvar_flatten12' <Predicate = true> <Delay = 0.00>
ST_1 : Operation 29 [1/1] (0.00ns)   --->   "%specstablecontent_ln0 = specstablecontent void @_ssdm_op_SpecStableContent, i32 %g0, i1 1, void "   --->   Operation 29 'specstablecontent' 'specstablecontent_ln0' <Predicate = true> <Delay = 0.00>
ST_1 : Operation 30 [1/1] (0.00ns)   --->   "%specinterface_ln0 = specinterface void @_ssdm_op_SpecInterface, i32 %g0, void @empty_26, i32 0, i32 0, void @empty_35, i32 0, i32 0, void @empty_22, void @empty_25, void @empty_35, i32 16, i32 16, i32 16, i32 16, void @empty_35, void @empty_35, i32 4294967295, i32 0, i32 0, i32 4"   --->   Operation 30 'specinterface' 'specinterface_ln0' <Predicate = true> <Delay = 0.00>
ST_1 : Operation 31 [1/1] (0.00ns)   --->   "%v84_read = read i64 @_ssdm_op_Read.ap_auto.i64, i64 %v84" [spikingformer_official.cpp:223]   --->   Operation 31 'read' 'v84_read' <Predicate = true> <Delay = 0.00>
ST_1 : Operation 32 [1/1] (0.00ns)   --->   "%v83_read = read i64 @_ssdm_op_Read.ap_auto.i64, i64 %v83" [spikingformer_official.cpp:223]   --->   Operation 32 'read' 'v83_read' <Predicate = true> <Delay = 0.00>
ST_1 : Operation 33 [1/1] (0.00ns)   --->   "%v82_read = read i64 @_ssdm_op_Read.ap_auto.i64, i64 %v82" [spikingformer_official.cpp:223]   --->   Operation 33 'read' 'v82_read' <Predicate = true> <Delay = 0.00>
ST_1 : Operation 34 [1/1] (0.42ns)   --->   "%store_ln0 = store i17 0, i17 %indvar_flatten12"   --->   Operation 34 'store' 'store_ln0' <Predicate = true> <Delay = 0.42>
ST_1 : Operation 35 [1/1] (0.42ns)   --->   "%store_ln227 = store i11 0, i11 %v85" [spikingformer_official.cpp:227]   --->   Operation 35 'store' 'store_ln227' <Predicate = true> <Delay = 0.42>
ST_1 : Operation 36 [1/1] (0.42ns)   --->   "%store_ln0 = store i8 0, i8 %indvar_flatten"   --->   Operation 36 'store' 'store_ln0' <Predicate = true> <Delay = 0.42>
ST_1 : Operation 37 [1/1] (0.42ns)   --->   "%store_ln228 = store i4 0, i4 %v86" [spikingformer_official.cpp:228]   --->   Operation 37 'store' 'store_ln228' <Predicate = true> <Delay = 0.42>
ST_1 : Operation 38 [1/1] (0.42ns)   --->   "%store_ln229 = store i4 0, i4 %v87" [spikingformer_official.cpp:229]   --->   Operation 38 'store' 'store_ln229' <Predicate = true> <Delay = 0.42>
ST_1 : Operation 39 [1/1] (0.00ns)   --->   "%br_ln227 = br void %for.inc" [spikingformer_official.cpp:227]   --->   Operation 39 'br' 'br_ln227' <Predicate = true> <Delay = 0.00>

State 2 <SV = 1> <Delay = 3.16>
ST_2 : Operation 40 [1/1] (0.00ns)   --->   "%indvar_flatten12_load = load i17 %indvar_flatten12" [spikingformer_official.cpp:227]   --->   Operation 40 'load' 'indvar_flatten12_load' <Predicate = true> <Delay = 0.00>
ST_2 : Operation 41 [1/1] (0.86ns)   --->   "%icmp_ln227 = icmp_eq  i17 %indvar_flatten12_load, i17 98304" [spikingformer_official.cpp:227]   --->   Operation 41 'icmp' 'icmp_ln227' <Predicate = true> <Delay = 0.86> <CoreInst = "Cmp">   --->   Core 9 'Cmp' <Latency = 0> <II = 1> <Delay = 0.86> <FuncUnit> <Opcode : 'seteq' 'setne' 'setle' 'setge' 'setlt' 'setgt'> <InPorts = 2> <OutPorts = 1>
ST_2 : Operation 42 [1/1] (0.86ns)   --->   "%add_ln227_1 = add i17 %indvar_flatten12_load, i17 1" [spikingformer_official.cpp:227]   --->   Operation 42 'add' 'add_ln227_1' <Predicate = true> <Delay = 0.86> <CoreInst = "Adder">   --->   Core 1 'Adder' <Latency = 0> <II = 1> <Delay = 0.86> <FuncUnit> <Opcode : 'add' 'sub'> <InPorts = 2> <OutPorts = 1>
ST_2 : Operation 43 [1/1] (0.00ns)   --->   "%br_ln227 = br i1 %icmp_ln227, void %for.inc31, void %for.end33" [spikingformer_official.cpp:227]   --->   Operation 43 'br' 'br_ln227' <Predicate = true> <Delay = 0.00>
ST_2 : Operation 44 [1/1] (0.00ns)   --->   "%v87_load = load i4 %v87" [spikingformer_official.cpp:229]   --->   Operation 44 'load' 'v87_load' <Predicate = (!icmp_ln227)> <Delay = 0.00>
ST_2 : Operation 45 [1/1] (0.00ns)   --->   "%v86_load = load i4 %v86" [spikingformer_official.cpp:227]   --->   Operation 45 'load' 'v86_load' <Predicate = (!icmp_ln227)> <Delay = 0.00>
ST_2 : Operation 46 [1/1] (0.00ns)   --->   "%indvar_flatten_load = load i8 %indvar_flatten" [spikingformer_official.cpp:228]   --->   Operation 46 'load' 'indvar_flatten_load' <Predicate = (!icmp_ln227)> <Delay = 0.00>
ST_2 : Operation 47 [1/1] (0.00ns)   --->   "%v85_load = load i11 %v85" [spikingformer_official.cpp:227]   --->   Operation 47 'load' 'v85_load' <Predicate = (!icmp_ln227)> <Delay = 0.00>
ST_2 : Operation 48 [1/1] (0.79ns)   --->   "%add_ln227 = add i11 %v85_load, i11 1" [spikingformer_official.cpp:227]   --->   Operation 48 'add' 'add_ln227' <Predicate = (!icmp_ln227)> <Delay = 0.79> <CoreInst = "Adder">   --->   Core 1 'Adder' <Latency = 0> <II = 1> <Delay = 0.79> <FuncUnit> <Opcode : 'add' 'sub'> <InPorts = 2> <OutPorts = 1>
ST_2 : Operation 49 [1/1] (0.76ns)   --->   "%icmp_ln228 = icmp_eq  i8 %indvar_flatten_load, i8 64" [spikingformer_official.cpp:228]   --->   Operation 49 'icmp' 'icmp_ln228' <Predicate = (!icmp_ln227)> <Delay = 0.76> <CoreInst = "Cmp">   --->   Core 9 'Cmp' <Latency = 0> <II = 1> <Delay = 0.76> <FuncUnit> <Opcode : 'seteq' 'setne' 'setle' 'setge' 'setlt' 'setgt'> <InPorts = 2> <OutPorts = 1>
ST_2 : Operation 50 [1/1] (0.39ns)   --->   "%select_ln227 = select i1 %icmp_ln228, i4 0, i4 %v86_load" [spikingformer_official.cpp:227]   --->   Operation 50 'select' 'select_ln227' <Predicate = (!icmp_ln227)> <Delay = 0.39> <CoreInst = "Sel">   --->   Core 73 'Sel' <Latency = 0> <II = 1> <Delay = 0.39> <FuncUnit> <Opcode : 'select'> <InPorts = 3> <OutPorts = 1>
ST_2 : Operation 51 [1/1] (0.00ns) (grouped into LUT with out node and_ln227)   --->   "%xor_ln227 = xor i1 %icmp_ln228, i1 1" [spikingformer_official.cpp:227]   --->   Operation 51 'xor' 'xor_ln227' <Predicate = (!icmp_ln227)> <Delay = 0.00> <CoreInst = "LogicGate">   --->   Core 74 'LogicGate' <Latency = 0> <II = 1> <Delay = 0.28> <FuncUnit> <Opcode : 'and' 'or' 'xor'> <InPorts = 2> <OutPorts = 1>
ST_2 : Operation 52 [1/1] (0.79ns)   --->   "%icmp_ln229 = icmp_eq  i4 %v87_load, i4 8" [spikingformer_official.cpp:229]   --->   Operation 52 'icmp' 'icmp_ln229' <Predicate = (!icmp_ln227)> <Delay = 0.79> <CoreInst = "Cmp">   --->   Core 9 'Cmp' <Latency = 0> <II = 1> <Delay = 0.79> <FuncUnit> <Opcode : 'seteq' 'setne' 'setle' 'setge' 'setlt' 'setgt'> <InPorts = 2> <OutPorts = 1>
ST_2 : Operation 53 [1/1] (0.28ns) (out node of the LUT)   --->   "%and_ln227 = and i1 %icmp_ln229, i1 %xor_ln227" [spikingformer_official.cpp:227]   --->   Operation 53 'and' 'and_ln227' <Predicate = (!icmp_ln227)> <Delay = 0.28> <CoreInst = "LogicGate">   --->   Core 74 'LogicGate' <Latency = 0> <II = 1> <Delay = 0.28> <FuncUnit> <Opcode : 'and' 'or' 'xor'> <InPorts = 2> <OutPorts = 1>
ST_2 : Operation 54 [1/1] (0.38ns)   --->   "%select_ln227_1 = select i1 %icmp_ln228, i11 %add_ln227, i11 %v85_load" [spikingformer_official.cpp:227]   --->   Operation 54 'select' 'select_ln227_1' <Predicate = (!icmp_ln227)> <Delay = 0.38> <CoreInst = "Sel">   --->   Core 73 'Sel' <Latency = 0> <II = 1> <Delay = 0.38> <FuncUnit> <Opcode : 'select'> <InPorts = 3> <OutPorts = 1>
ST_2 : Operation 55 [1/1] (0.79ns)   --->   "%add_ln228 = add i4 %select_ln227, i4 1" [spikingformer_official.cpp:228]   --->   Operation 55 'add' 'add_ln228' <Predicate = (!icmp_ln227)> <Delay = 0.79> <CoreInst = "Adder">   --->   Core 1 'Adder' <Latency = 0> <II = 1> <Delay = 0.79> <FuncUnit> <Opcode : 'add' 'sub'> <InPorts = 2> <OutPorts = 1>
ST_2 : Operation 56 [1/1] (0.00ns) (grouped into LUT with out node v87_mid2)   --->   "%empty = or i1 %and_ln227, i1 %icmp_ln228" [spikingformer_official.cpp:227]   --->   Operation 56 'or' 'empty' <Predicate = (!icmp_ln227)> <Delay = 0.00> <CoreInst = "LogicGate">   --->   Core 74 'LogicGate' <Latency = 0> <II = 1> <Delay = 0.28> <FuncUnit> <Opcode : 'and' 'or' 'xor'> <InPorts = 2> <OutPorts = 1>
ST_2 : Operation 57 [1/1] (0.39ns) (out node of the LUT)   --->   "%v87_mid2 = select i1 %empty, i4 0, i4 %v87_load" [spikingformer_official.cpp:227]   --->   Operation 57 'select' 'v87_mid2' <Predicate = (!icmp_ln227)> <Delay = 0.39> <CoreInst = "Sel">   --->   Core 73 'Sel' <Latency = 0> <II = 1> <Delay = 0.39> <FuncUnit> <Opcode : 'select'> <InPorts = 3> <OutPorts = 1>
ST_2 : Operation 58 [1/1] (0.39ns)   --->   "%select_ln228 = select i1 %and_ln227, i4 %add_ln228, i4 %select_ln227" [spikingformer_official.cpp:228]   --->   Operation 58 'select' 'select_ln228' <Predicate = (!icmp_ln227)> <Delay = 0.39> <CoreInst = "Sel">   --->   Core 73 'Sel' <Latency = 0> <II = 1> <Delay = 0.39> <FuncUnit> <Opcode : 'select'> <InPorts = 3> <OutPorts = 1>
ST_2 : Operation 59 [1/1] (0.00ns)   --->   "%shl_ln = bitconcatenate i19 @_ssdm_op_BitConcatenate.i19.i11.i8, i11 %select_ln227_1, i8 0" [spikingformer_official.cpp:234]   --->   Operation 59 'bitconcatenate' 'shl_ln' <Predicate = (!icmp_ln227)> <Delay = 0.00>
ST_2 : Operation 60 [1/1] (0.00ns)   --->   "%zext_ln228 = zext i19 %shl_ln" [spikingformer_official.cpp:228]   --->   Operation 60 'zext' 'zext_ln228' <Predicate = (!icmp_ln227)> <Delay = 0.00>
ST_2 : Operation 61 [1/1] (0.00ns)   --->   "%trunc_ln234 = trunc i4 %v87_mid2" [spikingformer_official.cpp:234]   --->   Operation 61 'trunc' 'trunc_ln234' <Predicate = (!icmp_ln227)> <Delay = 0.00>
ST_2 : Operation 62 [1/1] (0.00ns) (grouped into TernaryAdder)   --->   "%add_ln234 = add i64 %zext_ln228, i64 %v83_read" [spikingformer_official.cpp:234]   --->   Operation 62 'add' 'add_ln234' <Predicate = (!icmp_ln227)> <Delay = 0.00> <CoreInst = "TAddSub">   --->   Core 10 'TAddSub' <Latency = 0> <II = 1> <Delay = 0.40> <IPBlock> <Opcode : 'add' 'sub'> <InPorts = 3> <OutPorts = 1> <Sync> <CReg>
ST_2 : Operation 63 [1/1] (0.00ns)   --->   "%trunc_ln234_1 = trunc i4 %select_ln228" [spikingformer_official.cpp:234]   --->   Operation 63 'trunc' 'trunc_ln234_1' <Predicate = (!icmp_ln227)> <Delay = 0.00>
ST_2 : Operation 64 [1/1] (0.00ns)   --->   "%tmp1 = bitconcatenate i8 @_ssdm_op_BitConcatenate.i8.i3.i3.i2, i3 %trunc_ln234_1, i3 %trunc_ln234, i2 0" [spikingformer_official.cpp:234]   --->   Operation 64 'bitconcatenate' 'tmp1' <Predicate = (!icmp_ln227)> <Delay = 0.00>
ST_2 : Operation 65 [1/1] (0.00ns)   --->   "%zext_ln234 = zext i8 %tmp1" [spikingformer_official.cpp:234]   --->   Operation 65 'zext' 'zext_ln234' <Predicate = (!icmp_ln227)> <Delay = 0.00>
ST_2 : Operation 66 [1/1] (0.81ns) (root node of TernaryAdder)   --->   "%add_ln234_1 = add i64 %zext_ln234, i64 %add_ln234" [spikingformer_official.cpp:234]   --->   Operation 66 'add' 'add_ln234_1' <Predicate = (!icmp_ln227)> <Delay = 0.81> <CoreInst = "TAddSub">   --->   Core 10 'TAddSub' <Latency = 0> <II = 1> <Delay = 0.40> <IPBlock> <Opcode : 'add' 'sub'> <InPorts = 3> <OutPorts = 1> <Sync> <CReg>
ST_2 : Operation 67 [1/1] (0.00ns)   --->   "%trunc_ln = partselect i62 @_ssdm_op_PartSelect.i62.i64.i32.i32, i64 %add_ln234_1, i32 2, i32 63" [spikingformer_official.cpp:234]   --->   Operation 67 'partselect' 'trunc_ln' <Predicate = (!icmp_ln227)> <Delay = 0.00>
ST_2 : Operation 68 [1/1] (0.00ns)   --->   "%sext_ln234 = sext i62 %trunc_ln" [spikingformer_official.cpp:234]   --->   Operation 68 'sext' 'sext_ln234' <Predicate = (!icmp_ln227)> <Delay = 0.00>
ST_2 : Operation 69 [1/1] (0.00ns)   --->   "%g0_addr = getelementptr i32 %g0, i64 %sext_ln234" [spikingformer_official.cpp:234]   --->   Operation 69 'getelementptr' 'g0_addr' <Predicate = (!icmp_ln227)> <Delay = 0.00>
ST_2 : Operation 70 [1/1] (0.00ns) (grouped into TernaryAdder)   --->   "%add_ln235 = add i64 %zext_ln228, i64 %v82_read" [spikingformer_official.cpp:235]   --->   Operation 70 'add' 'add_ln235' <Predicate = (!icmp_ln227)> <Delay = 0.00> <CoreInst = "TAddSub">   --->   Core 10 'TAddSub' <Latency = 0> <II = 1> <Delay = 0.40> <IPBlock> <Opcode : 'add' 'sub'> <InPorts = 3> <OutPorts = 1> <Sync> <CReg>
ST_2 : Operation 71 [1/1] (0.81ns) (root node of TernaryAdder)   --->   "%add_ln235_1 = add i64 %zext_ln234, i64 %add_ln235" [spikingformer_official.cpp:235]   --->   Operation 71 'add' 'add_ln235_1' <Predicate = (!icmp_ln227)> <Delay = 0.81> <CoreInst = "TAddSub">   --->   Core 10 'TAddSub' <Latency = 0> <II = 1> <Delay = 0.40> <IPBlock> <Opcode : 'add' 'sub'> <InPorts = 3> <OutPorts = 1> <Sync> <CReg>
ST_2 : Operation 72 [1/1] (0.00ns)   --->   "%trunc_ln42 = partselect i62 @_ssdm_op_PartSelect.i62.i64.i32.i32, i64 %add_ln235_1, i32 2, i32 63" [spikingformer_official.cpp:235]   --->   Operation 72 'partselect' 'trunc_ln42' <Predicate = (!icmp_ln227)> <Delay = 0.00>
ST_2 : Operation 73 [1/1] (0.00ns)   --->   "%sext_ln235 = sext i62 %trunc_ln42" [spikingformer_official.cpp:235]   --->   Operation 73 'sext' 'sext_ln235' <Predicate = (!icmp_ln227)> <Delay = 0.00>
ST_2 : Operation 74 [1/1] (0.00ns)   --->   "%g0_addr_42 = getelementptr i32 %g0, i64 %sext_ln235" [spikingformer_official.cpp:235]   --->   Operation 74 'getelementptr' 'g0_addr_42' <Predicate = (!icmp_ln227)> <Delay = 0.00>
ST_2 : Operation 75 [1/1] (0.00ns) (grouped into TernaryAdder)   --->   "%add_ln237 = add i64 %zext_ln228, i64 %v84_read" [spikingformer_official.cpp:237]   --->   Operation 75 'add' 'add_ln237' <Predicate = (!icmp_ln227)> <Delay = 0.00> <CoreInst = "TAddSub">   --->   Core 10 'TAddSub' <Latency = 0> <II = 1> <Delay = 0.40> <IPBlock> <Opcode : 'add' 'sub'> <InPorts = 3> <OutPorts = 1> <Sync> <CReg>
ST_2 : Operation 76 [1/1] (0.81ns) (root node of TernaryAdder)   --->   "%add_ln237_1 = add i64 %zext_ln234, i64 %add_ln237" [spikingformer_official.cpp:237]   --->   Operation 76 'add' 'add_ln237_1' <Predicate = (!icmp_ln227)> <Delay = 0.81> <CoreInst = "TAddSub">   --->   Core 10 'TAddSub' <Latency = 0> <II = 1> <Delay = 0.40> <IPBlock> <Opcode : 'add' 'sub'> <InPorts = 3> <OutPorts = 1> <Sync> <CReg>
ST_2 : Operation 77 [1/1] (0.00ns)   --->   "%trunc_ln43 = partselect i62 @_ssdm_op_PartSelect.i62.i64.i32.i32, i64 %add_ln237_1, i32 2, i32 63" [spikingformer_official.cpp:237]   --->   Operation 77 'partselect' 'trunc_ln43' <Predicate = (!icmp_ln227)> <Delay = 0.00>
ST_2 : Operation 78 [1/1] (0.00ns)   --->   "%sext_ln237 = sext i62 %trunc_ln43" [spikingformer_official.cpp:237]   --->   Operation 78 'sext' 'sext_ln237' <Predicate = (!icmp_ln227)> <Delay = 0.00>
ST_2 : Operation 79 [1/1] (0.00ns)   --->   "%g0_addr_43 = getelementptr i32 %g0, i64 %sext_ln237" [spikingformer_official.cpp:237]   --->   Operation 79 'getelementptr' 'g0_addr_43' <Predicate = (!icmp_ln227)> <Delay = 0.00>
ST_2 : Operation 80 [1/1] (0.79ns)   --->   "%add_ln229 = add i4 %v87_mid2, i4 1" [spikingformer_official.cpp:229]   --->   Operation 80 'add' 'add_ln229' <Predicate = (!icmp_ln227)> <Delay = 0.79> <CoreInst = "Adder">   --->   Core 1 'Adder' <Latency = 0> <II = 1> <Delay = 0.79> <FuncUnit> <Opcode : 'add' 'sub'> <InPorts = 2> <OutPorts = 1>
ST_2 : Operation 81 [1/1] (0.76ns)   --->   "%add_ln228_1 = add i8 %indvar_flatten_load, i8 1" [spikingformer_official.cpp:228]   --->   Operation 81 'add' 'add_ln228_1' <Predicate = (!icmp_ln227)> <Delay = 0.76> <CoreInst = "Adder">   --->   Core 1 'Adder' <Latency = 0> <II = 1> <Delay = 0.76> <FuncUnit> <Opcode : 'add' 'sub'> <InPorts = 2> <OutPorts = 1>
ST_2 : Operation 82 [1/1] (0.39ns)   --->   "%select_ln228_1 = select i1 %icmp_ln228, i8 1, i8 %add_ln228_1" [spikingformer_official.cpp:228]   --->   Operation 82 'select' 'select_ln228_1' <Predicate = (!icmp_ln227)> <Delay = 0.39> <CoreInst = "Sel">   --->   Core 73 'Sel' <Latency = 0> <II = 1> <Delay = 0.39> <FuncUnit> <Opcode : 'select'> <InPorts = 3> <OutPorts = 1>
ST_2 : Operation 83 [1/1] (0.42ns)   --->   "%store_ln227 = store i17 %add_ln227_1, i17 %indvar_flatten12" [spikingformer_official.cpp:227]   --->   Operation 83 'store' 'store_ln227' <Predicate = (!icmp_ln227)> <Delay = 0.42>
ST_2 : Operation 84 [1/1] (0.42ns)   --->   "%store_ln227 = store i11 %select_ln227_1, i11 %v85" [spikingformer_official.cpp:227]   --->   Operation 84 'store' 'store_ln227' <Predicate = (!icmp_ln227)> <Delay = 0.42>
ST_2 : Operation 85 [1/1] (0.42ns)   --->   "%store_ln228 = store i8 %select_ln228_1, i8 %indvar_flatten" [spikingformer_official.cpp:228]   --->   Operation 85 'store' 'store_ln228' <Predicate = (!icmp_ln227)> <Delay = 0.42>
ST_2 : Operation 86 [1/1] (0.42ns)   --->   "%store_ln228 = store i4 %select_ln228, i4 %v86" [spikingformer_official.cpp:228]   --->   Operation 86 'store' 'store_ln228' <Predicate = (!icmp_ln227)> <Delay = 0.42>
ST_2 : Operation 87 [1/1] (0.42ns)   --->   "%store_ln229 = store i4 %add_ln229, i4 %v87" [spikingformer_official.cpp:229]   --->   Operation 87 'store' 'store_ln229' <Predicate = (!icmp_ln227)> <Delay = 0.42>

State 3 <SV = 2> <Delay = 0.00>
ST_3 : Operation 88 [8/8] (7.30ns)   --->   "%g0_load_req = readreq i1 @_ssdm_op_ReadReq.m_axi.i32P1A, i32 %g0_addr, i64 1" [spikingformer_official.cpp:234]   --->   Operation 88 'readreq' 'g0_load_req' <Predicate = (!icmp_ln227)> <Delay = 7.30> <CoreInst = "m_axi">   --->   Core 119 'm_axi' <Latency = 6> <II = 1> <Delay = 1.00> <Adapter> <Opcode : 'readrequnaligned' 'writerequnaligned' 'read' 'write' 'readreq' 'writereq' 'writeresp'>

State 4 <SV = 3> <Delay = 0.00>
ST_4 : Operation 89 [7/8] (7.30ns)   --->   "%g0_load_req = readreq i1 @_ssdm_op_ReadReq.m_axi.i32P1A, i32 %g0_addr, i64 1" [spikingformer_official.cpp:234]   --->   Operation 89 'readreq' 'g0_load_req' <Predicate = true> <Delay = 7.30> <CoreInst = "m_axi">   --->   Core 119 'm_axi' <Latency = 6> <II = 1> <Delay = 1.00> <Adapter> <Opcode : 'readrequnaligned' 'writerequnaligned' 'read' 'write' 'readreq' 'writereq' 'writeresp'>
ST_4 : Operation 90 [8/8] (7.30ns)   --->   "%g0_load_24_req = readreq i1 @_ssdm_op_ReadReq.m_axi.i32P1A, i32 %g0_addr_42, i64 1" [spikingformer_official.cpp:235]   --->   Operation 90 'readreq' 'g0_load_24_req' <Predicate = true> <Delay = 7.30> <CoreInst = "m_axi">   --->   Core 119 'm_axi' <Latency = 6> <II = 1> <Delay = 1.00> <Adapter> <Opcode : 'readrequnaligned' 'writerequnaligned' 'read' 'write' 'readreq' 'writereq' 'writeresp'>

State 5 <SV = 4> <Delay = 0.00>
ST_5 : Operation 91 [6/8] (7.30ns)   --->   "%g0_load_req = readreq i1 @_ssdm_op_ReadReq.m_axi.i32P1A, i32 %g0_addr, i64 1" [spikingformer_official.cpp:234]   --->   Operation 91 'readreq' 'g0_load_req' <Predicate = true> <Delay = 7.30> <CoreInst = "m_axi">   --->   Core 119 'm_axi' <Latency = 6> <II = 1> <Delay = 1.00> <Adapter> <Opcode : 'readrequnaligned' 'writerequnaligned' 'read' 'write' 'readreq' 'writereq' 'writeresp'>
ST_5 : Operation 92 [7/8] (7.30ns)   --->   "%g0_load_24_req = readreq i1 @_ssdm_op_ReadReq.m_axi.i32P1A, i32 %g0_addr_42, i64 1" [spikingformer_official.cpp:235]   --->   Operation 92 'readreq' 'g0_load_24_req' <Predicate = true> <Delay = 7.30> <CoreInst = "m_axi">   --->   Core 119 'm_axi' <Latency = 6> <II = 1> <Delay = 1.00> <Adapter> <Opcode : 'readrequnaligned' 'writerequnaligned' 'read' 'write' 'readreq' 'writereq' 'writeresp'>

State 6 <SV = 5> <Delay = 0.00>
ST_6 : Operation 93 [5/8] (7.30ns)   --->   "%g0_load_req = readreq i1 @_ssdm_op_ReadReq.m_axi.i32P1A, i32 %g0_addr, i64 1" [spikingformer_official.cpp:234]   --->   Operation 93 'readreq' 'g0_load_req' <Predicate = true> <Delay = 7.30> <CoreInst = "m_axi">   --->   Core 119 'm_axi' <Latency = 6> <II = 1> <Delay = 1.00> <Adapter> <Opcode : 'readrequnaligned' 'writerequnaligned' 'read' 'write' 'readreq' 'writereq' 'writeresp'>
ST_6 : Operation 94 [6/8] (7.30ns)   --->   "%g0_load_24_req = readreq i1 @_ssdm_op_ReadReq.m_axi.i32P1A, i32 %g0_addr_42, i64 1" [spikingformer_official.cpp:235]   --->   Operation 94 'readreq' 'g0_load_24_req' <Predicate = true> <Delay = 7.30> <CoreInst = "m_axi">   --->   Core 119 'm_axi' <Latency = 6> <II = 1> <Delay = 1.00> <Adapter> <Opcode : 'readrequnaligned' 'writerequnaligned' 'read' 'write' 'readreq' 'writereq' 'writeresp'>

State 7 <SV = 6> <Delay = 0.00>
ST_7 : Operation 95 [4/8] (7.30ns)   --->   "%g0_load_req = readreq i1 @_ssdm_op_ReadReq.m_axi.i32P1A, i32 %g0_addr, i64 1" [spikingformer_official.cpp:234]   --->   Operation 95 'readreq' 'g0_load_req' <Predicate = true> <Delay = 7.30> <CoreInst = "m_axi">   --->   Core 119 'm_axi' <Latency = 6> <II = 1> <Delay = 1.00> <Adapter> <Opcode : 'readrequnaligned' 'writerequnaligned' 'read' 'write' 'readreq' 'writereq' 'writeresp'>
ST_7 : Operation 96 [5/8] (7.30ns)   --->   "%g0_load_24_req = readreq i1 @_ssdm_op_ReadReq.m_axi.i32P1A, i32 %g0_addr_42, i64 1" [spikingformer_official.cpp:235]   --->   Operation 96 'readreq' 'g0_load_24_req' <Predicate = true> <Delay = 7.30> <CoreInst = "m_axi">   --->   Core 119 'm_axi' <Latency = 6> <II = 1> <Delay = 1.00> <Adapter> <Opcode : 'readrequnaligned' 'writerequnaligned' 'read' 'write' 'readreq' 'writereq' 'writeresp'>

State 8 <SV = 7> <Delay = 0.00>
ST_8 : Operation 97 [3/8] (7.30ns)   --->   "%g0_load_req = readreq i1 @_ssdm_op_ReadReq.m_axi.i32P1A, i32 %g0_addr, i64 1" [spikingformer_official.cpp:234]   --->   Operation 97 'readreq' 'g0_load_req' <Predicate = true> <Delay = 7.30> <CoreInst = "m_axi">   --->   Core 119 'm_axi' <Latency = 6> <II = 1> <Delay = 1.00> <Adapter> <Opcode : 'readrequnaligned' 'writerequnaligned' 'read' 'write' 'readreq' 'writereq' 'writeresp'>
ST_8 : Operation 98 [4/8] (7.30ns)   --->   "%g0_load_24_req = readreq i1 @_ssdm_op_ReadReq.m_axi.i32P1A, i32 %g0_addr_42, i64 1" [spikingformer_official.cpp:235]   --->   Operation 98 'readreq' 'g0_load_24_req' <Predicate = true> <Delay = 7.30> <CoreInst = "m_axi">   --->   Core 119 'm_axi' <Latency = 6> <II = 1> <Delay = 1.00> <Adapter> <Opcode : 'readrequnaligned' 'writerequnaligned' 'read' 'write' 'readreq' 'writereq' 'writeresp'>

State 9 <SV = 8> <Delay = 0.00>
ST_9 : Operation 99 [2/8] (7.30ns)   --->   "%g0_load_req = readreq i1 @_ssdm_op_ReadReq.m_axi.i32P1A, i32 %g0_addr, i64 1" [spikingformer_official.cpp:234]   --->   Operation 99 'readreq' 'g0_load_req' <Predicate = true> <Delay = 7.30> <CoreInst = "m_axi">   --->   Core 119 'm_axi' <Latency = 6> <II = 1> <Delay = 1.00> <Adapter> <Opcode : 'readrequnaligned' 'writerequnaligned' 'read' 'write' 'readreq' 'writereq' 'writeresp'>
ST_9 : Operation 100 [3/8] (7.30ns)   --->   "%g0_load_24_req = readreq i1 @_ssdm_op_ReadReq.m_axi.i32P1A, i32 %g0_addr_42, i64 1" [spikingformer_official.cpp:235]   --->   Operation 100 'readreq' 'g0_load_24_req' <Predicate = true> <Delay = 7.30> <CoreInst = "m_axi">   --->   Core 119 'm_axi' <Latency = 6> <II = 1> <Delay = 1.00> <Adapter> <Opcode : 'readrequnaligned' 'writerequnaligned' 'read' 'write' 'readreq' 'writereq' 'writeresp'>

State 10 <SV = 9> <Delay = 7.30>
ST_10 : Operation 101 [1/8] ( I:7.30ns O:7.30ns )   --->   "%g0_load_req = readreq i1 @_ssdm_op_ReadReq.m_axi.i32P1A, i32 %g0_addr, i64 1" [spikingformer_official.cpp:234]   --->   Operation 101 'readreq' 'g0_load_req' <Predicate = true> <Delay = 7.30> <CoreInst = "m_axi">   --->   Core 119 'm_axi' <Latency = 6> <II = 1> <Delay = 1.00> <Adapter> <Opcode : 'readrequnaligned' 'writerequnaligned' 'read' 'write' 'readreq' 'writereq' 'writeresp'>
ST_10 : Operation 102 [2/8] (7.30ns)   --->   "%g0_load_24_req = readreq i1 @_ssdm_op_ReadReq.m_axi.i32P1A, i32 %g0_addr_42, i64 1" [spikingformer_official.cpp:235]   --->   Operation 102 'readreq' 'g0_load_24_req' <Predicate = true> <Delay = 7.30> <CoreInst = "m_axi">   --->   Core 119 'm_axi' <Latency = 6> <II = 1> <Delay = 1.00> <Adapter> <Opcode : 'readrequnaligned' 'writerequnaligned' 'read' 'write' 'readreq' 'writereq' 'writeresp'>

State 11 <SV = 10> <Delay = 7.30>
ST_11 : Operation 103 [1/1] ( I:7.30ns O:7.30ns )   --->   "%g0_addr_read = read i32 @_ssdm_op_Read.m_axi.i32P1A, i32 %g0_addr" [spikingformer_official.cpp:234]   --->   Operation 103 'read' 'g0_addr_read' <Predicate = true> <Delay = 7.30> <CoreInst = "m_axi">   --->   Core 119 'm_axi' <Latency = 3> <II = 1> <Delay = 1.00> <Adapter> <Opcode : 'readrequnaligned' 'writerequnaligned' 'read' 'write' 'readreq' 'writereq' 'writeresp'>
ST_11 : Operation 104 [1/8] ( I:7.30ns O:7.30ns )   --->   "%g0_load_24_req = readreq i1 @_ssdm_op_ReadReq.m_axi.i32P1A, i32 %g0_addr_42, i64 1" [spikingformer_official.cpp:235]   --->   Operation 104 'readreq' 'g0_load_24_req' <Predicate = true> <Delay = 7.30> <CoreInst = "m_axi">   --->   Core 119 'm_axi' <Latency = 6> <II = 1> <Delay = 1.00> <Adapter> <Opcode : 'readrequnaligned' 'writerequnaligned' 'read' 'write' 'readreq' 'writereq' 'writeresp'>

State 12 <SV = 11> <Delay = 7.30>
ST_12 : Operation 105 [1/1] ( I:7.30ns O:7.30ns )   --->   "%g0_addr_42_read = read i32 @_ssdm_op_Read.m_axi.i32P1A, i32 %g0_addr_42" [spikingformer_official.cpp:235]   --->   Operation 105 'read' 'g0_addr_42_read' <Predicate = true> <Delay = 7.30> <CoreInst = "m_axi">   --->   Core 119 'm_axi' <Latency = 3> <II = 1> <Delay = 1.00> <Adapter> <Opcode : 'readrequnaligned' 'writerequnaligned' 'read' 'write' 'readreq' 'writereq' 'writeresp'>

State 13 <SV = 12> <Delay = 6.43>
ST_13 : Operation 106 [1/1] (0.00ns)   --->   "%v88 = bitcast i32 %g0_addr_read" [spikingformer_official.cpp:234]   --->   Operation 106 'bitcast' 'v88' <Predicate = true> <Delay = 0.00>
ST_13 : Operation 107 [1/1] (0.00ns)   --->   "%v89 = bitcast i32 %g0_addr_42_read" [spikingformer_official.cpp:235]   --->   Operation 107 'bitcast' 'v89' <Predicate = true> <Delay = 0.00>
ST_13 : Operation 108 [4/4] (6.43ns)   --->   "%v90 = fsub i32 %v88, i32 %v89" [spikingformer_official.cpp:236]   --->   Operation 108 'fsub' 'v90' <Predicate = true> <Delay = 6.43> <CoreInst = "FAddSub_fulldsp">   --->   Core 18 'FAddSub_fulldsp' <Latency = 3> <II = 1> <Delay = 6.43> <FuncUnit> <Opcode : 'fadd' 'fsub'> <InPorts = 2> <OutPorts = 1>

State 14 <SV = 13> <Delay = 6.43>
ST_14 : Operation 109 [3/4] (6.43ns)   --->   "%v90 = fsub i32 %v88, i32 %v89" [spikingformer_official.cpp:236]   --->   Operation 109 'fsub' 'v90' <Predicate = true> <Delay = 6.43> <CoreInst = "FAddSub_fulldsp">   --->   Core 18 'FAddSub_fulldsp' <Latency = 3> <II = 1> <Delay = 6.43> <FuncUnit> <Opcode : 'fadd' 'fsub'> <InPorts = 2> <OutPorts = 1>

State 15 <SV = 14> <Delay = 6.43>
ST_15 : Operation 110 [2/4] (6.43ns)   --->   "%v90 = fsub i32 %v88, i32 %v89" [spikingformer_official.cpp:236]   --->   Operation 110 'fsub' 'v90' <Predicate = true> <Delay = 6.43> <CoreInst = "FAddSub_fulldsp">   --->   Core 18 'FAddSub_fulldsp' <Latency = 3> <II = 1> <Delay = 6.43> <FuncUnit> <Opcode : 'fadd' 'fsub'> <InPorts = 2> <OutPorts = 1>

State 16 <SV = 15> <Delay = 7.30>
ST_16 : Operation 111 [1/4] (6.43ns)   --->   "%v90 = fsub i32 %v88, i32 %v89" [spikingformer_official.cpp:236]   --->   Operation 111 'fsub' 'v90' <Predicate = true> <Delay = 6.43> <CoreInst = "FAddSub_fulldsp">   --->   Core 18 'FAddSub_fulldsp' <Latency = 3> <II = 1> <Delay = 6.43> <FuncUnit> <Opcode : 'fadd' 'fsub'> <InPorts = 2> <OutPorts = 1>
ST_16 : Operation 112 [1/1] ( I:7.30ns O:7.30ns )   --->   "%g0_addr_119_req = writereq i1 @_ssdm_op_WriteReq.m_axi.i32P1A, i32 %g0_addr_43, i64 1" [spikingformer_official.cpp:237]   --->   Operation 112 'writereq' 'g0_addr_119_req' <Predicate = true> <Delay = 7.30> <CoreInst = "m_axi">   --->   Core 119 'm_axi' <Latency = 9> <II = 1> <Delay = 1.00> <Adapter> <Opcode : 'readrequnaligned' 'writerequnaligned' 'read' 'write' 'readreq' 'writereq' 'writeresp'>

State 17 <SV = 16> <Delay = 7.30>
ST_17 : Operation 113 [1/1] (0.00ns)   --->   "%bitcast_ln237 = bitcast i32 %v90" [spikingformer_official.cpp:237]   --->   Operation 113 'bitcast' 'bitcast_ln237' <Predicate = true> <Delay = 0.00>
ST_17 : Operation 114 [1/1] ( I:7.30ns O:7.30ns )   --->   "%write_ln237 = write void @_ssdm_op_Write.m_axi.i32P1A, i32 %g0_addr_43, i32 %bitcast_ln237, i4 15" [spikingformer_official.cpp:237]   --->   Operation 114 'write' 'write_ln237' <Predicate = true> <Delay = 7.30> <CoreInst = "m_axi">   --->   Core 119 'm_axi' <Latency = 5> <II = 1> <Delay = 1.00> <Adapter> <Opcode : 'readrequnaligned' 'writerequnaligned' 'read' 'write' 'readreq' 'writereq' 'writeresp'>

State 18 <SV = 17> <Delay = 0.00>
ST_18 : Operation 115 [5/5] (7.30ns)   --->   "%g0_addr_119_resp = writeresp i1 @_ssdm_op_WriteResp.m_axi.i32P1A, i32 %g0_addr_43" [spikingformer_official.cpp:237]   --->   Operation 115 'writeresp' 'g0_addr_119_resp' <Predicate = true> <Delay = 7.30> <CoreInst = "m_axi">   --->   Core 119 'm_axi' <Latency = 3> <II = 1> <Delay = 1.00> <Adapter> <Opcode : 'readrequnaligned' 'writerequnaligned' 'read' 'write' 'readreq' 'writereq' 'writeresp'>

State 19 <SV = 18> <Delay = 0.00>
ST_19 : Operation 116 [4/5] (7.30ns)   --->   "%g0_addr_119_resp = writeresp i1 @_ssdm_op_WriteResp.m_axi.i32P1A, i32 %g0_addr_43" [spikingformer_official.cpp:237]   --->   Operation 116 'writeresp' 'g0_addr_119_resp' <Predicate = true> <Delay = 7.30> <CoreInst = "m_axi">   --->   Core 119 'm_axi' <Latency = 3> <II = 1> <Delay = 1.00> <Adapter> <Opcode : 'readrequnaligned' 'writerequnaligned' 'read' 'write' 'readreq' 'writereq' 'writeresp'>

State 20 <SV = 19> <Delay = 0.42>
ST_20 : Operation 117 [3/5] (7.30ns)   --->   "%g0_addr_119_resp = writeresp i1 @_ssdm_op_WriteResp.m_axi.i32P1A, i32 %g0_addr_43" [spikingformer_official.cpp:237]   --->   Operation 117 'writeresp' 'g0_addr_119_resp' <Predicate = true> <Delay = 7.30> <CoreInst = "m_axi">   --->   Core 119 'm_axi' <Latency = 3> <II = 1> <Delay = 1.00> <Adapter> <Opcode : 'readrequnaligned' 'writerequnaligned' 'read' 'write' 'readreq' 'writereq' 'writeresp'>
ST_20 : Operation 124 [1/1] (0.42ns)   --->   "%ret_ln241 = ret" [spikingformer_official.cpp:241]   --->   Operation 124 'ret' 'ret_ln241' <Predicate = (icmp_ln227)> <Delay = 0.42>

State 21 <SV = 20> <Delay = 0.00>
ST_21 : Operation 118 [2/5] (7.30ns)   --->   "%g0_addr_119_resp = writeresp i1 @_ssdm_op_WriteResp.m_axi.i32P1A, i32 %g0_addr_43" [spikingformer_official.cpp:237]   --->   Operation 118 'writeresp' 'g0_addr_119_resp' <Predicate = true> <Delay = 7.30> <CoreInst = "m_axi">   --->   Core 119 'm_axi' <Latency = 3> <II = 1> <Delay = 1.00> <Adapter> <Opcode : 'readrequnaligned' 'writerequnaligned' 'read' 'write' 'readreq' 'writereq' 'writeresp'>

State 22 <SV = 21> <Delay = 7.30>
ST_22 : Operation 119 [1/1] (0.00ns)   --->   "%specloopname_ln0 = specloopname void @_ssdm_op_SpecLoopName, void @VITIS_LOOP_227_1_VITIS_LOOP_228_2_VITIS_LOOP_229_3_str"   --->   Operation 119 'specloopname' 'specloopname_ln0' <Predicate = true> <Delay = 0.00>
ST_22 : Operation 120 [1/1] (0.00ns)   --->   "%speclooptripcount_ln0 = speclooptripcount void @_ssdm_op_SpecLoopTripCount, i64 98304, i64 98304, i64 98304"   --->   Operation 120 'speclooptripcount' 'speclooptripcount_ln0' <Predicate = true> <Delay = 0.00>
ST_22 : Operation 121 [1/1] (0.00ns)   --->   "%specpipeline_ln230 = specpipeline void @_ssdm_op_SpecPipeline, i32 1, i32 0, i32 0, i32 0, i32 4294967295, void @empty_35" [spikingformer_official.cpp:230]   --->   Operation 121 'specpipeline' 'specpipeline_ln230' <Predicate = true> <Delay = 0.00>
ST_22 : Operation 122 [1/5] ( I:7.30ns O:7.30ns )   --->   "%g0_addr_119_resp = writeresp i1 @_ssdm_op_WriteResp.m_axi.i32P1A, i32 %g0_addr_43" [spikingformer_official.cpp:237]   --->   Operation 122 'writeresp' 'g0_addr_119_resp' <Predicate = true> <Delay = 7.30> <CoreInst = "m_axi">   --->   Core 119 'm_axi' <Latency = 3> <II = 1> <Delay = 1.00> <Adapter> <Opcode : 'readrequnaligned' 'writerequnaligned' 'read' 'write' 'readreq' 'writereq' 'writeresp'>
ST_22 : Operation 123 [1/1] (0.00ns)   --->   "%br_ln229 = br void %for.inc" [spikingformer_official.cpp:229]   --->   Operation 123 'br' 'br_ln229' <Predicate = true> <Delay = 0.00>


============================================================
+ Verbose Summary: Binding
============================================================
STG Binding: 
---------------- STG Properties BEGIN ----------------
- Is combinational: 0
- Is one-state seq: 0
- Is datapath-only: 0
- Is pipelined: 0
- Is top level: 0
Port [ Return ] is wired: 1; IO mode=ap_ctrl_hs:ce=0
Port [ g0]:  wired=1; compound=1; hidden=0; nouse=0; global=0; static=0; extern=0; dir=2; type=4; pingpong=0; private_global=0; IO mode=m_axi:ce=0
Port [ v82]:  wired=1; compound=0; hidden=0; nouse=0; global=0; static=0; extern=0; dir=0; type=0; pingpong=0; private_global=0; IO mode=ap_none:ce=0
Port [ v83]:  wired=1; compound=0; hidden=0; nouse=0; global=0; static=0; extern=0; dir=0; type=0; pingpong=0; private_global=0; IO mode=ap_none:ce=0
Port [ v84]:  wired=1; compound=0; hidden=0; nouse=0; global=0; static=0; extern=0; dir=0; type=0; pingpong=0; private_global=0; IO mode=ap_none:ce=0
---------------- STG Properties END ------------------

---------------- Datapath Model BEGIN ----------------

<LifeTime>
<method=bitvector/>
v87                   (alloca           ) [ 01100000000000000000000]
v86                   (alloca           ) [ 01100000000000000000000]
indvar_flatten        (alloca           ) [ 01100000000000000000000]
v85                   (alloca           ) [ 01100000000000000000000]
indvar_flatten12      (alloca           ) [ 01100000000000000000000]
specstablecontent_ln0 (specstablecontent) [ 00000000000000000000000]
specinterface_ln0     (specinterface    ) [ 00000000000000000000000]
v84_read              (read             ) [ 00100000000000000000000]
v83_read              (read             ) [ 00100000000000000000000]
v82_read              (read             ) [ 00100000000000000000000]
store_ln0             (store            ) [ 00000000000000000000000]
store_ln227           (store            ) [ 00000000000000000000000]
store_ln0             (store            ) [ 00000000000000000000000]
store_ln228           (store            ) [ 00000000000000000000000]
store_ln229           (store            ) [ 00000000000000000000000]
br_ln227              (br               ) [ 00000000000000000000000]
indvar_flatten12_load (load             ) [ 00000000000000000000000]
icmp_ln227            (icmp             ) [ 01111111111111111111100]
add_ln227_1           (add              ) [ 00000000000000000000000]
br_ln227              (br               ) [ 00000000000000000000000]
v87_load              (load             ) [ 00000000000000000000000]
v86_load              (load             ) [ 00000000000000000000000]
indvar_flatten_load   (load             ) [ 00000000000000000000000]
v85_load              (load             ) [ 00000000000000000000000]
add_ln227             (add              ) [ 00000000000000000000000]
icmp_ln228            (icmp             ) [ 00000000000000000000000]
select_ln227          (select           ) [ 00000000000000000000000]
xor_ln227             (xor              ) [ 00000000000000000000000]
icmp_ln229            (icmp             ) [ 00000000000000000000000]
and_ln227             (and              ) [ 00000000000000000000000]
select_ln227_1        (select           ) [ 00000000000000000000000]
add_ln228             (add              ) [ 00000000000000000000000]
empty                 (or               ) [ 00000000000000000000000]
v87_mid2              (select           ) [ 00000000000000000000000]
select_ln228          (select           ) [ 00000000000000000000000]
shl_ln                (bitconcatenate   ) [ 00000000000000000000000]
zext_ln228            (zext             ) [ 00000000000000000000000]
trunc_ln234           (trunc            ) [ 00000000000000000000000]
add_ln234             (add              ) [ 00000000000000000000000]
trunc_ln234_1         (trunc            ) [ 00000000000000000000000]
tmp1                  (bitconcatenate   ) [ 00000000000000000000000]
zext_ln234            (zext             ) [ 00000000000000000000000]
add_ln234_1           (add              ) [ 00000000000000000000000]
trunc_ln              (partselect       ) [ 00000000000000000000000]
sext_ln234            (sext             ) [ 00000000000000000000000]
g0_addr               (getelementptr    ) [ 01111111111100000000000]
add_ln235             (add              ) [ 00000000000000000000000]
add_ln235_1           (add              ) [ 00000000000000000000000]
trunc_ln42            (partselect       ) [ 00000000000000000000000]
sext_ln235            (sext             ) [ 00000000000000000000000]
g0_addr_42            (getelementptr    ) [ 01111111111110000000000]
add_ln237             (add              ) [ 00000000000000000000000]
add_ln237_1           (add              ) [ 00000000000000000000000]
trunc_ln43            (partselect       ) [ 00000000000000000000000]
sext_ln237            (sext             ) [ 00000000000000000000000]
g0_addr_43            (getelementptr    ) [ 01111111111111111111111]
add_ln229             (add              ) [ 00000000000000000000000]
add_ln228_1           (add              ) [ 00000000000000000000000]
select_ln228_1        (select           ) [ 00000000000000000000000]
store_ln227           (store            ) [ 00000000000000000000000]
store_ln227           (store            ) [ 00000000000000000000000]
store_ln228           (store            ) [ 00000000000000000000000]
store_ln228           (store            ) [ 00000000000000000000000]
store_ln229           (store            ) [ 00000000000000000000000]
g0_load_req           (readreq          ) [ 00000000000000000000000]
g0_addr_read          (read             ) [ 01100000000011000000000]
g0_load_24_req        (readreq          ) [ 00000000000000000000000]
g0_addr_42_read       (read             ) [ 01000000000001000000000]
v88                   (bitcast          ) [ 01100000000000111000000]
v89                   (bitcast          ) [ 01100000000000111000000]
v90                   (fsub             ) [ 01000000000000000100000]
g0_addr_119_req       (writereq         ) [ 00000000000000000000000]
bitcast_ln237         (bitcast          ) [ 00000000000000000000000]
write_ln237           (write            ) [ 00000000000000000000000]
specloopname_ln0      (specloopname     ) [ 00000000000000000000000]
speclooptripcount_ln0 (speclooptripcount) [ 00000000000000000000000]
specpipeline_ln230    (specpipeline     ) [ 00000000000000000000000]
g0_addr_119_resp      (writeresp        ) [ 00000000000000000000000]
br_ln229              (br               ) [ 00000000000000000000000]
ret_ln241             (ret              ) [ 00000000000000000000000]
</LifeTime>

<model>

<comp_list>
<comp id="0" class="1000" name="g0">
<pin_list>
<pin id="1" dir="1" index="0" bw="1" slack="0"/>
</pin_list>
<bind>
<StgValue><ssdm name="g0"/><MemPortTyVec>2 </MemPortTyVec>
</StgValue>
</bind>
</comp>

<comp id="2" class="1000" name="v82">
<pin_list>
<pin id="3" dir="1" index="0" bw="1" slack="0"/>
</pin_list>
<bind>
<StgValue><ssdm name="v82"/></StgValue>
</bind>
</comp>

<comp id="4" class="1000" name="v83">
<pin_list>
<pin id="5" dir="1" index="0" bw="1" slack="0"/>
</pin_list>
<bind>
<StgValue><ssdm name="v83"/></StgValue>
</bind>
</comp>

<comp id="6" class="1000" name="v84">
<pin_list>
<pin id="7" dir="1" index="0" bw="1" slack="0"/>
</pin_list>
<bind>
<StgValue><ssdm name="v84"/></StgValue>
</bind>
</comp>

<comp id="8" class="1001" name="const_8">
<pin_list>
<pin id="9" dir="1" index="0" bw="1" slack="0"/>
</pin_list>
<bind>
<StgValue><ssdm name=""/></StgValue>
</bind>
</comp>

<comp id="10" class="1001" name="const_10">
<pin_list>
<pin id="11" dir="1" index="0" bw="1" slack="2147483647"/>
</pin_list>
<bind>
<StgValue><ssdm name="_ssdm_op_SpecStableContent"/></StgValue>
</bind>
</comp>

<comp id="12" class="1001" name="const_12">
<pin_list>
<pin id="13" dir="1" index="0" bw="1" slack="0"/>
</pin_list>
<bind>
<StgValue><ssdm name=""/></StgValue>
</bind>
</comp>

<comp id="14" class="1001" name="const_14">
<pin_list>
<pin id="15" dir="1" index="0" bw="1" slack="2147483647"/>
</pin_list>
<bind>
<StgValue><ssdm name=""/></StgValue>
</bind>
</comp>

<comp id="16" class="1001" name="const_16">
<pin_list>
<pin id="17" dir="1" index="0" bw="1" slack="2147483647"/>
</pin_list>
<bind>
<StgValue><ssdm name="_ssdm_op_SpecInterface"/></StgValue>
</bind>
</comp>

<comp id="18" class="1001" name="const_18">
<pin_list>
<pin id="19" dir="1" index="0" bw="1" slack="2147483647"/>
</pin_list>
<bind>
<StgValue><ssdm name="empty_26"/></StgValue>
</bind>
</comp>

<comp id="20" class="1001" name="const_20">
<pin_list>
<pin id="21" dir="1" index="0" bw="1" slack="2147483647"/>
</pin_list>
<bind>
<StgValue><ssdm name=""/></StgValue>
</bind>
</comp>

<comp id="22" class="1001" name="const_22">
<pin_list>
<pin id="23" dir="1" index="0" bw="1" slack="2147483647"/>
</pin_list>
<bind>
<StgValue><ssdm name="empty_35"/></StgValue>
</bind>
</comp>

<comp id="24" class="1001" name="const_24">
<pin_list>
<pin id="25" dir="1" index="0" bw="1" slack="2147483647"/>
</pin_list>
<bind>
<StgValue><ssdm name="empty_22"/></StgValue>
</bind>
</comp>

<comp id="26" class="1001" name="const_26">
<pin_list>
<pin id="27" dir="1" index="0" bw="1" slack="2147483647"/>
</pin_list>
<bind>
<StgValue><ssdm name="empty_25"/></StgValue>
</bind>
</comp>

<comp id="28" class="1001" name="const_28">
<pin_list>
<pin id="29" dir="1" index="0" bw="1" slack="2147483647"/>
</pin_list>
<bind>
<StgValue><ssdm name=""/></StgValue>
</bind>
</comp>

<comp id="30" class="1001" name="const_30">
<pin_list>
<pin id="31" dir="1" index="0" bw="1" slack="2147483647"/>
</pin_list>
<bind>
<StgValue><ssdm name=""/></StgValue>
</bind>
</comp>

<comp id="32" class="1001" name="const_32">
<pin_list>
<pin id="33" dir="1" index="0" bw="1" slack="2147483647"/>
</pin_list>
<bind>
<StgValue><ssdm name=""/></StgValue>
</bind>
</comp>

<comp id="34" class="1001" name="const_34">
<pin_list>
<pin id="35" dir="1" index="0" bw="1" slack="0"/>
</pin_list>
<bind>
<StgValue><ssdm name="_ssdm_op_Read.ap_auto.i64"/></StgValue>
</bind>
</comp>

<comp id="36" class="1001" name="const_36">
<pin_list>
<pin id="37" dir="1" index="0" bw="1" slack="0"/>
</pin_list>
<bind>
<StgValue><ssdm name=""/></StgValue>
</bind>
</comp>

<comp id="38" class="1001" name="const_38">
<pin_list>
<pin id="39" dir="1" index="0" bw="1" slack="0"/>
</pin_list>
<bind>
<StgValue><ssdm name=""/></StgValue>
</bind>
</comp>

<comp id="40" class="1001" name="const_40">
<pin_list>
<pin id="41" dir="1" index="0" bw="1" slack="0"/>
</pin_list>
<bind>
<StgValue><ssdm name=""/></StgValue>
</bind>
</comp>

<comp id="42" class="1001" name="const_42">
<pin_list>
<pin id="43" dir="1" index="0" bw="1" slack="0"/>
</pin_list>
<bind>
<StgValue><ssdm name=""/></StgValue>
</bind>
</comp>

<comp id="44" class="1001" name="const_44">
<pin_list>
<pin id="45" dir="1" index="0" bw="1" slack="0"/>
</pin_list>
<bind>
<StgValue><ssdm name=""/></StgValue>
</bind>
</comp>

<comp id="46" class="1001" name="const_46">
<pin_list>
<pin id="47" dir="1" index="0" bw="1" slack="0"/>
</pin_list>
<bind>
<StgValue><ssdm name=""/></StgValue>
</bind>
</comp>

<comp id="48" class="1001" name="const_48">
<pin_list>
<pin id="49" dir="1" index="0" bw="1" slack="0"/>
</pin_list>
<bind>
<StgValue><ssdm name=""/></StgValue>
</bind>
</comp>

<comp id="50" class="1001" name="const_50">
<pin_list>
<pin id="51" dir="1" index="0" bw="1" slack="0"/>
</pin_list>
<bind>
<StgValue><ssdm name=""/></StgValue>
</bind>
</comp>

<comp id="52" class="1001" name="const_52">
<pin_list>
<pin id="53" dir="1" index="0" bw="1" slack="0"/>
</pin_list>
<bind>
<StgValue><ssdm name=""/></StgValue>
</bind>
</comp>

<comp id="54" class="1001" name="const_54">
<pin_list>
<pin id="55" dir="1" index="0" bw="1" slack="0"/>
</pin_list>
<bind>
<StgValue><ssdm name=""/></StgValue>
</bind>
</comp>

<comp id="56" class="1001" name="const_56">
<pin_list>
<pin id="57" dir="1" index="0" bw="1" slack="0"/>
</pin_list>
<bind>
<StgValue><ssdm name="_ssdm_op_BitConcatenate.i19.i11.i8"/></StgValue>
</bind>
</comp>

<comp id="58" class="1001" name="const_58">
<pin_list>
<pin id="59" dir="1" index="0" bw="1" slack="0"/>
</pin_list>
<bind>
<StgValue><ssdm name="_ssdm_op_BitConcatenate.i8.i3.i3.i2"/></StgValue>
</bind>
</comp>

<comp id="60" class="1001" name="const_60">
<pin_list>
<pin id="61" dir="1" index="0" bw="1" slack="0"/>
</pin_list>
<bind>
<StgValue><ssdm name=""/></StgValue>
</bind>
</comp>

<comp id="62" class="1001" name="const_62">
<pin_list>
<pin id="63" dir="1" index="0" bw="1" slack="0"/>
</pin_list>
<bind>
<StgValue><ssdm name="_ssdm_op_PartSelect.i62.i64.i32.i32"/></StgValue>
</bind>
</comp>

<comp id="64" class="1001" name="const_64">
<pin_list>
<pin id="65" dir="1" index="0" bw="1" slack="0"/>
</pin_list>
<bind>
<StgValue><ssdm name=""/></StgValue>
</bind>
</comp>

<comp id="66" class="1001" name="const_66">
<pin_list>
<pin id="67" dir="1" index="0" bw="1" slack="0"/>
</pin_list>
<bind>
<StgValue><ssdm name=""/></StgValue>
</bind>
</comp>

<comp id="68" class="1001" name="const_68">
<pin_list>
<pin id="69" dir="1" index="0" bw="1" slack="0"/>
</pin_list>
<bind>
<StgValue><ssdm name=""/></StgValue>
</bind>
</comp>

<comp id="70" class="1001" name="const_70">
<pin_list>
<pin id="71" dir="1" index="0" bw="1" slack="0"/>
</pin_list>
<bind>
<StgValue><ssdm name="_ssdm_op_ReadReq.m_axi.i32P1A"/></StgValue>
</bind>
</comp>

<comp id="72" class="1001" name="const_72">
<pin_list>
<pin id="73" dir="1" index="0" bw="1" slack="0"/>
</pin_list>
<bind>
<StgValue><ssdm name=""/></StgValue>
</bind>
</comp>

<comp id="74" class="1001" name="const_74">
<pin_list>
<pin id="75" dir="1" index="0" bw="1" slack="0"/>
</pin_list>
<bind>
<StgValue><ssdm name="_ssdm_op_Read.m_axi.i32P1A"/></StgValue>
</bind>
</comp>

<comp id="76" class="1001" name="const_76">
<pin_list>
<pin id="77" dir="1" index="0" bw="1" slack="0"/>
</pin_list>
<bind>
<StgValue><ssdm name="_ssdm_op_WriteReq.m_axi.i32P1A"/></StgValue>
</bind>
</comp>

<comp id="78" class="1001" name="const_78">
<pin_list>
<pin id="79" dir="1" index="0" bw="1" slack="0"/>
</pin_list>
<bind>
<StgValue><ssdm name="_ssdm_op_Write.m_axi.i32P1A"/></StgValue>
</bind>
</comp>

<comp id="80" class="1001" name="const_80">
<pin_list>
<pin id="81" dir="1" index="0" bw="1" slack="0"/>
</pin_list>
<bind>
<StgValue><ssdm name=""/></StgValue>
</bind>
</comp>

<comp id="82" class="1001" name="const_82">
<pin_list>
<pin id="83" dir="1" index="0" bw="1" slack="0"/>
</pin_list>
<bind>
<StgValue><ssdm name="_ssdm_op_WriteResp.m_axi.i32P1A"/></StgValue>
</bind>
</comp>

<comp id="84" class="1001" name="const_84">
<pin_list>
<pin id="85" dir="1" index="0" bw="1" slack="2147483647"/>
</pin_list>
<bind>
<StgValue><ssdm name="_ssdm_op_SpecLoopName"/></StgValue>
</bind>
</comp>

<comp id="86" class="1001" name="const_86">
<pin_list>
<pin id="87" dir="1" index="0" bw="1" slack="2147483647"/>
</pin_list>
<bind>
<StgValue><ssdm name="VITIS_LOOP_227_1_VITIS_LOOP_228_2_VITIS_LOOP_229_3_str"/></StgValue>
</bind>
</comp>

<comp id="88" class="1001" name="const_88">
<pin_list>
<pin id="89" dir="1" index="0" bw="1" slack="2147483647"/>
</pin_list>
<bind>
<StgValue><ssdm name="_ssdm_op_SpecLoopTripCount"/></StgValue>
</bind>
</comp>

<comp id="90" class="1001" name="const_90">
<pin_list>
<pin id="91" dir="1" index="0" bw="1" slack="2147483647"/>
</pin_list>
<bind>
<StgValue><ssdm name=""/></StgValue>
</bind>
</comp>

<comp id="92" class="1001" name="const_92">
<pin_list>
<pin id="93" dir="1" index="0" bw="1" slack="2147483647"/>
</pin_list>
<bind>
<StgValue><ssdm name="_ssdm_op_SpecPipeline"/></StgValue>
</bind>
</comp>

<comp id="94" class="1004" name="v87_fu_94">
<pin_list>
<pin id="95" dir="0" index="0" bw="1" slack="0"/>
<pin id="96" dir="1" index="1" bw="4" slack="0"/>
</pin_list>
<bind>
<opcode="alloca(26) " fcode="alloca"/>
<opset="v87/1 "/>
</bind>
</comp>

<comp id="98" class="1004" name="v86_fu_98">
<pin_list>
<pin id="99" dir="0" index="0" bw="1" slack="0"/>
<pin id="100" dir="1" index="1" bw="4" slack="0"/>
</pin_list>
<bind>
<opcode="alloca(26) " fcode="alloca"/>
<opset="v86/1 "/>
</bind>
</comp>

<comp id="102" class="1004" name="indvar_flatten_fu_102">
<pin_list>
<pin id="103" dir="0" index="0" bw="1" slack="0"/>
<pin id="104" dir="1" index="1" bw="8" slack="0"/>
</pin_list>
<bind>
<opcode="alloca(26) " fcode="alloca"/>
<opset="indvar_flatten/1 "/>
</bind>
</comp>

<comp id="106" class="1004" name="v85_fu_106">
<pin_list>
<pin id="107" dir="0" index="0" bw="1" slack="0"/>
<pin id="108" dir="1" index="1" bw="11" slack="0"/>
</pin_list>
<bind>
<opcode="alloca(26) " fcode="alloca"/>
<opset="v85/1 "/>
</bind>
</comp>

<comp id="110" class="1004" name="indvar_flatten12_fu_110">
<pin_list>
<pin id="111" dir="0" index="0" bw="1" slack="0"/>
<pin id="112" dir="1" index="1" bw="17" slack="0"/>
</pin_list>
<bind>
<opcode="alloca(26) " fcode="alloca"/>
<opset="indvar_flatten12/1 "/>
</bind>
</comp>

<comp id="114" class="1004" name="v84_read_read_fu_114">
<pin_list>
<pin id="115" dir="0" index="0" bw="64" slack="0"/>
<pin id="116" dir="0" index="1" bw="64" slack="0"/>
<pin id="117" dir="1" index="2" bw="64" slack="1"/>
</pin_list>
<bind>
<opcode="read(1150) " fcode="read"/>
<opset="v84_read/1 "/>
</bind>
</comp>

<comp id="120" class="1004" name="v83_read_read_fu_120">
<pin_list>
<pin id="121" dir="0" index="0" bw="64" slack="0"/>
<pin id="122" dir="0" index="1" bw="64" slack="0"/>
<pin id="123" dir="1" index="2" bw="64" slack="1"/>
</pin_list>
<bind>
<opcode="read(1150) " fcode="read"/>
<opset="v83_read/1 "/>
</bind>
</comp>

<comp id="126" class="1004" name="v82_read_read_fu_126">
<pin_list>
<pin id="127" dir="0" index="0" bw="64" slack="0"/>
<pin id="128" dir="0" index="1" bw="64" slack="0"/>
<pin id="129" dir="1" index="2" bw="64" slack="1"/>
</pin_list>
<bind>
<opcode="read(1150) " fcode="read"/>
<opset="v82_read/1 "/>
</bind>
</comp>

<comp id="132" class="1004" name="grp_readreq_fu_132">
<pin_list>
<pin id="133" dir="0" index="0" bw="1" slack="0"/>
<pin id="134" dir="0" index="1" bw="32" slack="1"/>
<pin id="135" dir="0" index="2" bw="1" slack="0"/>
<pin id="136" dir="1" index="3" bw="1" slack="2147483647"/>
</pin_list>
<bind>
<opcode="readreq(1154) " fcode="readreq"/>
<opset="g0_load_req/3 g0_load_24_req/4 "/>
</bind>
</comp>

<comp id="139" class="1004" name="grp_read_fu_139">
<pin_list>
<pin id="140" dir="0" index="0" bw="32" slack="0"/>
<pin id="141" dir="0" index="1" bw="32" slack="9"/>
<pin id="142" dir="1" index="2" bw="32" slack="1"/>
</pin_list>
<bind>
<opcode="read(1150) " fcode="read"/>
<opset="g0_addr_read/11 g0_addr_42_read/12 "/>
</bind>
</comp>

<comp id="144" class="1004" name="g0_addr_119_req_writereq_fu_144">
<pin_list>
<pin id="145" dir="0" index="0" bw="1" slack="0"/>
<pin id="146" dir="0" index="1" bw="32" slack="14"/>
<pin id="147" dir="0" index="2" bw="1" slack="0"/>
<pin id="148" dir="1" index="3" bw="1" slack="2147483647"/>
</pin_list>
<bind>
<opcode="writereq(1155) " fcode="writereq"/>
<opset="g0_addr_119_req/16 "/>
</bind>
</comp>

<comp id="151" class="1004" name="write_ln237_write_fu_151">
<pin_list>
<pin id="152" dir="0" index="0" bw="0" slack="0"/>
<pin id="153" dir="0" index="1" bw="32" slack="15"/>
<pin id="154" dir="0" index="2" bw="32" slack="0"/>
<pin id="155" dir="0" index="3" bw="1" slack="0"/>
<pin id="156" dir="1" index="4" bw="0" slack="2147483647"/>
</pin_list>
<bind>
<opcode="write(1151) " fcode="write"/>
<opset="write_ln237/17 "/>
</bind>
</comp>

<comp id="159" class="1004" name="grp_writeresp_fu_159">
<pin_list>
<pin id="160" dir="0" index="0" bw="1" slack="0"/>
<pin id="161" dir="0" index="1" bw="32" slack="16"/>
<pin id="162" dir="1" index="2" bw="1" slack="2147483647"/>
</pin_list>
<bind>
<opcode="writeresp(1158) " fcode="writeresp"/>
<opset="g0_addr_119_resp/18 "/>
</bind>
</comp>

<comp id="164" class="1004" name="grp_fu_164">
<pin_list>
<pin id="165" dir="0" index="0" bw="32" slack="0"/>
<pin id="166" dir="0" index="1" bw="32" slack="0"/>
<pin id="167" dir="1" index="2" bw="32" slack="1"/>
</pin_list>
<bind>
<opcode="fsub(11) " fcode="fadd"/>
<opset="v90/13 "/>
</bind>
</comp>

<comp id="168" class="1004" name="store_ln0_store_fu_168">
<pin_list>
<pin id="169" dir="0" index="0" bw="1" slack="0"/>
<pin id="170" dir="0" index="1" bw="17" slack="0"/>
<pin id="171" dir="1" index="2" bw="0" slack="2147483647"/>
</pin_list>
<bind>
<opcode="store(28) " fcode="store"/>
<opset="store_ln0/1 "/>
</bind>
</comp>

<comp id="173" class="1004" name="store_ln227_store_fu_173">
<pin_list>
<pin id="174" dir="0" index="0" bw="1" slack="0"/>
<pin id="175" dir="0" index="1" bw="11" slack="0"/>
<pin id="176" dir="1" index="2" bw="0" slack="2147483647"/>
</pin_list>
<bind>
<opcode="store(28) " fcode="store"/>
<opset="store_ln227/1 "/>
</bind>
</comp>

<comp id="178" class="1004" name="store_ln0_store_fu_178">
<pin_list>
<pin id="179" dir="0" index="0" bw="1" slack="0"/>
<pin id="180" dir="0" index="1" bw="8" slack="0"/>
<pin id="181" dir="1" index="2" bw="0" slack="2147483647"/>
</pin_list>
<bind>
<opcode="store(28) " fcode="store"/>
<opset="store_ln0/1 "/>
</bind>
</comp>

<comp id="183" class="1004" name="store_ln228_store_fu_183">
<pin_list>
<pin id="184" dir="0" index="0" bw="1" slack="0"/>
<pin id="185" dir="0" index="1" bw="4" slack="0"/>
<pin id="186" dir="1" index="2" bw="0" slack="2147483647"/>
</pin_list>
<bind>
<opcode="store(28) " fcode="store"/>
<opset="store_ln228/1 "/>
</bind>
</comp>

<comp id="188" class="1004" name="store_ln229_store_fu_188">
<pin_list>
<pin id="189" dir="0" index="0" bw="1" slack="0"/>
<pin id="190" dir="0" index="1" bw="4" slack="0"/>
<pin id="191" dir="1" index="2" bw="0" slack="2147483647"/>
</pin_list>
<bind>
<opcode="store(28) " fcode="store"/>
<opset="store_ln229/1 "/>
</bind>
</comp>

<comp id="193" class="1004" name="indvar_flatten12_load_load_fu_193">
<pin_list>
<pin id="194" dir="0" index="0" bw="17" slack="1"/>
<pin id="195" dir="1" index="1" bw="17" slack="0"/>
</pin_list>
<bind>
<opcode="load(27) " fcode="load"/>
<opset="indvar_flatten12_load/2 "/>
</bind>
</comp>

<comp id="196" class="1004" name="icmp_ln227_fu_196">
<pin_list>
<pin id="197" dir="0" index="0" bw="17" slack="0"/>
<pin id="198" dir="0" index="1" bw="16" slack="0"/>
<pin id="199" dir="1" index="2" bw="1" slack="1"/>
</pin_list>
<bind>
<opcode="icmp(45) " fcode="icmp"/>
<opset="icmp_ln227/2 "/>
</bind>
</comp>

<comp id="202" class="1004" name="add_ln227_1_fu_202">
<pin_list>
<pin id="203" dir="0" index="0" bw="17" slack="0"/>
<pin id="204" dir="0" index="1" bw="1" slack="0"/>
<pin id="205" dir="1" index="2" bw="17" slack="0"/>
</pin_list>
<bind>
<opcode="add(8) " fcode="add"/>
<opset="add_ln227_1/2 "/>
</bind>
</comp>

<comp id="208" class="1004" name="v87_load_load_fu_208">
<pin_list>
<pin id="209" dir="0" index="0" bw="4" slack="1"/>
<pin id="210" dir="1" index="1" bw="4" slack="0"/>
</pin_list>
<bind>
<opcode="load(27) " fcode="load"/>
<opset="v87_load/2 "/>
</bind>
</comp>

<comp id="211" class="1004" name="v86_load_load_fu_211">
<pin_list>
<pin id="212" dir="0" index="0" bw="4" slack="1"/>
<pin id="213" dir="1" index="1" bw="4" slack="0"/>
</pin_list>
<bind>
<opcode="load(27) " fcode="load"/>
<opset="v86_load/2 "/>
</bind>
</comp>

<comp id="214" class="1004" name="indvar_flatten_load_load_fu_214">
<pin_list>
<pin id="215" dir="0" index="0" bw="8" slack="1"/>
<pin id="216" dir="1" index="1" bw="8" slack="0"/>
</pin_list>
<bind>
<opcode="load(27) " fcode="load"/>
<opset="indvar_flatten_load/2 "/>
</bind>
</comp>

<comp id="217" class="1004" name="v85_load_load_fu_217">
<pin_list>
<pin id="218" dir="0" index="0" bw="11" slack="1"/>
<pin id="219" dir="1" index="1" bw="11" slack="0"/>
</pin_list>
<bind>
<opcode="load(27) " fcode="load"/>
<opset="v85_load/2 "/>
</bind>
</comp>

<comp id="220" class="1004" name="add_ln227_fu_220">
<pin_list>
<pin id="221" dir="0" index="0" bw="11" slack="0"/>
<pin id="222" dir="0" index="1" bw="1" slack="0"/>
<pin id="223" dir="1" index="2" bw="11" slack="0"/>
</pin_list>
<bind>
<opcode="add(8) " fcode="add"/>
<opset="add_ln227/2 "/>
</bind>
</comp>

<comp id="226" class="1004" name="icmp_ln228_fu_226">
<pin_list>
<pin id="227" dir="0" index="0" bw="8" slack="0"/>
<pin id="228" dir="0" index="1" bw="8" slack="0"/>
<pin id="229" dir="1" index="2" bw="1" slack="0"/>
</pin_list>
<bind>
<opcode="icmp(45) " fcode="icmp"/>
<opset="icmp_ln228/2 "/>
</bind>
</comp>

<comp id="232" class="1004" name="select_ln227_fu_232">
<pin_list>
<pin id="233" dir="0" index="0" bw="1" slack="0"/>
<pin id="234" dir="0" index="1" bw="1" slack="0"/>
<pin id="235" dir="0" index="2" bw="4" slack="0"/>
<pin id="236" dir="1" index="3" bw="4" slack="0"/>
</pin_list>
<bind>
<opcode="select(49) " fcode="select"/>
<opset="select_ln227/2 "/>
</bind>
</comp>

<comp id="240" class="1004" name="xor_ln227_fu_240">
<pin_list>
<pin id="241" dir="0" index="0" bw="1" slack="0"/>
<pin id="242" dir="0" index="1" bw="1" slack="0"/>
<pin id="243" dir="1" index="2" bw="1" slack="0"/>
</pin_list>
<bind>
<opcode="xor(25) " fcode="xor"/>
<opset="xor_ln227/2 "/>
</bind>
</comp>

<comp id="246" class="1004" name="icmp_ln229_fu_246">
<pin_list>
<pin id="247" dir="0" index="0" bw="4" slack="0"/>
<pin id="248" dir="0" index="1" bw="4" slack="0"/>
<pin id="249" dir="1" index="2" bw="1" slack="0"/>
</pin_list>
<bind>
<opcode="icmp(45) " fcode="icmp"/>
<opset="icmp_ln229/2 "/>
</bind>
</comp>

<comp id="252" class="1004" name="and_ln227_fu_252">
<pin_list>
<pin id="253" dir="0" index="0" bw="1" slack="0"/>
<pin id="254" dir="0" index="1" bw="1" slack="0"/>
<pin id="255" dir="1" index="2" bw="1" slack="0"/>
</pin_list>
<bind>
<opcode="and(23) " fcode="and"/>
<opset="and_ln227/2 "/>
</bind>
</comp>

<comp id="258" class="1004" name="select_ln227_1_fu_258">
<pin_list>
<pin id="259" dir="0" index="0" bw="1" slack="0"/>
<pin id="260" dir="0" index="1" bw="11" slack="0"/>
<pin id="261" dir="0" index="2" bw="11" slack="0"/>
<pin id="262" dir="1" index="3" bw="11" slack="0"/>
</pin_list>
<bind>
<opcode="select(49) " fcode="select"/>
<opset="select_ln227_1/2 "/>
</bind>
</comp>

<comp id="266" class="1004" name="add_ln228_fu_266">
<pin_list>
<pin id="267" dir="0" index="0" bw="4" slack="0"/>
<pin id="268" dir="0" index="1" bw="1" slack="0"/>
<pin id="269" dir="1" index="2" bw="4" slack="0"/>
</pin_list>
<bind>
<opcode="add(8) " fcode="add"/>
<opset="add_ln228/2 "/>
</bind>
</comp>

<comp id="272" class="1004" name="empty_fu_272">
<pin_list>
<pin id="273" dir="0" index="0" bw="1" slack="0"/>
<pin id="274" dir="0" index="1" bw="1" slack="0"/>
<pin id="275" dir="1" index="2" bw="1" slack="0"/>
</pin_list>
<bind>
<opcode="or(24) " fcode="or"/>
<opset="empty/2 "/>
</bind>
</comp>

<comp id="278" class="1004" name="v87_mid2_fu_278">
<pin_list>
<pin id="279" dir="0" index="0" bw="1" slack="0"/>
<pin id="280" dir="0" index="1" bw="1" slack="0"/>
<pin id="281" dir="0" index="2" bw="4" slack="0"/>
<pin id="282" dir="1" index="3" bw="4" slack="0"/>
</pin_list>
<bind>
<opcode="select(49) " fcode="select"/>
<opset="v87_mid2/2 "/>
</bind>
</comp>

<comp id="286" class="1004" name="select_ln228_fu_286">
<pin_list>
<pin id="287" dir="0" index="0" bw="1" slack="0"/>
<pin id="288" dir="0" index="1" bw="4" slack="0"/>
<pin id="289" dir="0" index="2" bw="4" slack="0"/>
<pin id="290" dir="1" index="3" bw="4" slack="0"/>
</pin_list>
<bind>
<opcode="select(49) " fcode="select"/>
<opset="select_ln228/2 "/>
</bind>
</comp>

<comp id="294" class="1004" name="shl_ln_fu_294">
<pin_list>
<pin id="295" dir="0" index="0" bw="19" slack="0"/>
<pin id="296" dir="0" index="1" bw="11" slack="0"/>
<pin id="297" dir="0" index="2" bw="1" slack="0"/>
<pin id="298" dir="1" index="3" bw="19" slack="0"/>
</pin_list>
<bind>
<opcode="bitconcatenate(1004) " fcode="bitconcatenate"/>
<opset="shl_ln/2 "/>
</bind>
</comp>

<comp id="302" class="1004" name="zext_ln228_fu_302">
<pin_list>
<pin id="303" dir="0" index="0" bw="19" slack="0"/>
<pin id="304" dir="1" index="1" bw="64" slack="0"/>
</pin_list>
<bind>
<opcode="zext(34) " fcode="zext"/>
<opset="zext_ln228/2 "/>
</bind>
</comp>

<comp id="306" class="1004" name="trunc_ln234_fu_306">
<pin_list>
<pin id="307" dir="0" index="0" bw="4" slack="0"/>
<pin id="308" dir="1" index="1" bw="3" slack="0"/>
</pin_list>
<bind>
<opcode="trunc(33) " fcode="trunc"/>
<opset="trunc_ln234/2 "/>
</bind>
</comp>

<comp id="310" class="1004" name="add_ln234_fu_310">
<pin_list>
<pin id="311" dir="0" index="0" bw="19" slack="0"/>
<pin id="312" dir="0" index="1" bw="64" slack="1"/>
<pin id="313" dir="1" index="2" bw="64" slack="0"/>
</pin_list>
<bind>
<opcode="add(8) " fcode="add"/>
<opset="add_ln234/2 "/>
</bind>
</comp>

<comp id="315" class="1004" name="trunc_ln234_1_fu_315">
<pin_list>
<pin id="316" dir="0" index="0" bw="4" slack="0"/>
<pin id="317" dir="1" index="1" bw="3" slack="0"/>
</pin_list>
<bind>
<opcode="trunc(33) " fcode="trunc"/>
<opset="trunc_ln234_1/2 "/>
</bind>
</comp>

<comp id="319" class="1004" name="tmp1_fu_319">
<pin_list>
<pin id="320" dir="0" index="0" bw="8" slack="0"/>
<pin id="321" dir="0" index="1" bw="3" slack="0"/>
<pin id="322" dir="0" index="2" bw="3" slack="0"/>
<pin id="323" dir="0" index="3" bw="1" slack="0"/>
<pin id="324" dir="1" index="4" bw="8" slack="0"/>
</pin_list>
<bind>
<opcode="bitconcatenate(1004) " fcode="bitconcatenate"/>
<opset="tmp1/2 "/>
</bind>
</comp>

<comp id="329" class="1004" name="zext_ln234_fu_329">
<pin_list>
<pin id="330" dir="0" index="0" bw="8" slack="0"/>
<pin id="331" dir="1" index="1" bw="64" slack="0"/>
</pin_list>
<bind>
<opcode="zext(34) " fcode="zext"/>
<opset="zext_ln234/2 "/>
</bind>
</comp>

<comp id="333" class="1004" name="add_ln234_1_fu_333">
<pin_list>
<pin id="334" dir="0" index="0" bw="8" slack="0"/>
<pin id="335" dir="0" index="1" bw="64" slack="0"/>
<pin id="336" dir="1" index="2" bw="64" slack="0"/>
</pin_list>
<bind>
<opcode="add(8) " fcode="add"/>
<opset="add_ln234_1/2 "/>
</bind>
</comp>

<comp id="339" class="1004" name="trunc_ln_fu_339">
<pin_list>
<pin id="340" dir="0" index="0" bw="62" slack="0"/>
<pin id="341" dir="0" index="1" bw="64" slack="0"/>
<pin id="342" dir="0" index="2" bw="3" slack="0"/>
<pin id="343" dir="0" index="3" bw="7" slack="0"/>
<pin id="344" dir="1" index="4" bw="62" slack="0"/>
</pin_list>
<bind>
<opcode="partselect(1002) " fcode="partselect"/>
<opset="trunc_ln/2 "/>
</bind>
</comp>

<comp id="349" class="1004" name="sext_ln234_fu_349">
<pin_list>
<pin id="350" dir="0" index="0" bw="62" slack="0"/>
<pin id="351" dir="1" index="1" bw="64" slack="0"/>
</pin_list>
<bind>
<opcode="sext(35) " fcode="sext"/>
<opset="sext_ln234/2 "/>
</bind>
</comp>

<comp id="353" class="1004" name="g0_addr_fu_353">
<pin_list>
<pin id="354" dir="0" index="0" bw="32" slack="0"/>
<pin id="355" dir="0" index="1" bw="62" slack="0"/>
<pin id="356" dir="1" index="2" bw="32" slack="1"/>
</pin_list>
<bind>
<opcode="getelementptr(29) " fcode="getelementptr"/>
<opset="g0_addr/2 "/>
</bind>
</comp>

<comp id="359" class="1004" name="add_ln235_fu_359">
<pin_list>
<pin id="360" dir="0" index="0" bw="19" slack="0"/>
<pin id="361" dir="0" index="1" bw="64" slack="1"/>
<pin id="362" dir="1" index="2" bw="64" slack="0"/>
</pin_list>
<bind>
<opcode="add(8) " fcode="add"/>
<opset="add_ln235/2 "/>
</bind>
</comp>

<comp id="364" class="1004" name="add_ln235_1_fu_364">
<pin_list>
<pin id="365" dir="0" index="0" bw="8" slack="0"/>
<pin id="366" dir="0" index="1" bw="64" slack="0"/>
<pin id="367" dir="1" index="2" bw="64" slack="0"/>
</pin_list>
<bind>
<opcode="add(8) " fcode="add"/>
<opset="add_ln235_1/2 "/>
</bind>
</comp>

<comp id="370" class="1004" name="trunc_ln42_fu_370">
<pin_list>
<pin id="371" dir="0" index="0" bw="62" slack="0"/>
<pin id="372" dir="0" index="1" bw="64" slack="0"/>
<pin id="373" dir="0" index="2" bw="3" slack="0"/>
<pin id="374" dir="0" index="3" bw="7" slack="0"/>
<pin id="375" dir="1" index="4" bw="62" slack="0"/>
</pin_list>
<bind>
<opcode="partselect(1002) " fcode="partselect"/>
<opset="trunc_ln42/2 "/>
</bind>
</comp>

<comp id="380" class="1004" name="sext_ln235_fu_380">
<pin_list>
<pin id="381" dir="0" index="0" bw="62" slack="0"/>
<pin id="382" dir="1" index="1" bw="64" slack="0"/>
</pin_list>
<bind>
<opcode="sext(35) " fcode="sext"/>
<opset="sext_ln235/2 "/>
</bind>
</comp>

<comp id="384" class="1004" name="g0_addr_42_fu_384">
<pin_list>
<pin id="385" dir="0" index="0" bw="32" slack="0"/>
<pin id="386" dir="0" index="1" bw="62" slack="0"/>
<pin id="387" dir="1" index="2" bw="32" slack="2"/>
</pin_list>
<bind>
<opcode="getelementptr(29) " fcode="getelementptr"/>
<opset="g0_addr_42/2 "/>
</bind>
</comp>

<comp id="390" class="1004" name="add_ln237_fu_390">
<pin_list>
<pin id="391" dir="0" index="0" bw="19" slack="0"/>
<pin id="392" dir="0" index="1" bw="64" slack="1"/>
<pin id="393" dir="1" index="2" bw="64" slack="0"/>
</pin_list>
<bind>
<opcode="add(8) " fcode="add"/>
<opset="add_ln237/2 "/>
</bind>
</comp>

<comp id="395" class="1004" name="add_ln237_1_fu_395">
<pin_list>
<pin id="396" dir="0" index="0" bw="8" slack="0"/>
<pin id="397" dir="0" index="1" bw="64" slack="0"/>
<pin id="398" dir="1" index="2" bw="64" slack="0"/>
</pin_list>
<bind>
<opcode="add(8) " fcode="add"/>
<opset="add_ln237_1/2 "/>
</bind>
</comp>

<comp id="401" class="1004" name="trunc_ln43_fu_401">
<pin_list>
<pin id="402" dir="0" index="0" bw="62" slack="0"/>
<pin id="403" dir="0" index="1" bw="64" slack="0"/>
<pin id="404" dir="0" index="2" bw="3" slack="0"/>
<pin id="405" dir="0" index="3" bw="7" slack="0"/>
<pin id="406" dir="1" index="4" bw="62" slack="0"/>
</pin_list>
<bind>
<opcode="partselect(1002) " fcode="partselect"/>
<opset="trunc_ln43/2 "/>
</bind>
</comp>

<comp id="411" class="1004" name="sext_ln237_fu_411">
<pin_list>
<pin id="412" dir="0" index="0" bw="62" slack="0"/>
<pin id="413" dir="1" index="1" bw="64" slack="0"/>
</pin_list>
<bind>
<opcode="sext(35) " fcode="sext"/>
<opset="sext_ln237/2 "/>
</bind>
</comp>

<comp id="415" class="1004" name="g0_addr_43_fu_415">
<pin_list>
<pin id="416" dir="0" index="0" bw="32" slack="0"/>
<pin id="417" dir="0" index="1" bw="62" slack="0"/>
<pin id="418" dir="1" index="2" bw="32" slack="14"/>
</pin_list>
<bind>
<opcode="getelementptr(29) " fcode="getelementptr"/>
<opset="g0_addr_43/2 "/>
</bind>
</comp>

<comp id="421" class="1004" name="add_ln229_fu_421">
<pin_list>
<pin id="422" dir="0" index="0" bw="4" slack="0"/>
<pin id="423" dir="0" index="1" bw="1" slack="0"/>
<pin id="424" dir="1" index="2" bw="4" slack="0"/>
</pin_list>
<bind>
<opcode="add(8) " fcode="add"/>
<opset="add_ln229/2 "/>
</bind>
</comp>

<comp id="427" class="1004" name="add_ln228_1_fu_427">
<pin_list>
<pin id="428" dir="0" index="0" bw="8" slack="0"/>
<pin id="429" dir="0" index="1" bw="1" slack="0"/>
<pin id="430" dir="1" index="2" bw="8" slack="0"/>
</pin_list>
<bind>
<opcode="add(8) " fcode="add"/>
<opset="add_ln228_1/2 "/>
</bind>
</comp>

<comp id="433" class="1004" name="select_ln228_1_fu_433">
<pin_list>
<pin id="434" dir="0" index="0" bw="1" slack="0"/>
<pin id="435" dir="0" index="1" bw="1" slack="0"/>
<pin id="436" dir="0" index="2" bw="8" slack="0"/>
<pin id="437" dir="1" index="3" bw="8" slack="0"/>
</pin_list>
<bind>
<opcode="select(49) " fcode="select"/>
<opset="select_ln228_1/2 "/>
</bind>
</comp>

<comp id="441" class="1004" name="store_ln227_store_fu_441">
<pin_list>
<pin id="442" dir="0" index="0" bw="17" slack="0"/>
<pin id="443" dir="0" index="1" bw="17" slack="1"/>
<pin id="444" dir="1" index="2" bw="0" slack="2147483647"/>
</pin_list>
<bind>
<opcode="store(28) " fcode="store"/>
<opset="store_ln227/2 "/>
</bind>
</comp>

<comp id="446" class="1004" name="store_ln227_store_fu_446">
<pin_list>
<pin id="447" dir="0" index="0" bw="11" slack="0"/>
<pin id="448" dir="0" index="1" bw="11" slack="1"/>
<pin id="449" dir="1" index="2" bw="0" slack="2147483647"/>
</pin_list>
<bind>
<opcode="store(28) " fcode="store"/>
<opset="store_ln227/2 "/>
</bind>
</comp>

<comp id="451" class="1004" name="store_ln228_store_fu_451">
<pin_list>
<pin id="452" dir="0" index="0" bw="8" slack="0"/>
<pin id="453" dir="0" index="1" bw="8" slack="1"/>
<pin id="454" dir="1" index="2" bw="0" slack="2147483647"/>
</pin_list>
<bind>
<opcode="store(28) " fcode="store"/>
<opset="store_ln228/2 "/>
</bind>
</comp>

<comp id="456" class="1004" name="store_ln228_store_fu_456">
<pin_list>
<pin id="457" dir="0" index="0" bw="4" slack="0"/>
<pin id="458" dir="0" index="1" bw="4" slack="1"/>
<pin id="459" dir="1" index="2" bw="0" slack="2147483647"/>
</pin_list>
<bind>
<opcode="store(28) " fcode="store"/>
<opset="store_ln228/2 "/>
</bind>
</comp>

<comp id="461" class="1004" name="store_ln229_store_fu_461">
<pin_list>
<pin id="462" dir="0" index="0" bw="4" slack="0"/>
<pin id="463" dir="0" index="1" bw="4" slack="1"/>
<pin id="464" dir="1" index="2" bw="0" slack="2147483647"/>
</pin_list>
<bind>
<opcode="store(28) " fcode="store"/>
<opset="store_ln229/2 "/>
</bind>
</comp>

<comp id="466" class="1004" name="v88_fu_466">
<pin_list>
<pin id="467" dir="0" index="0" bw="32" slack="2"/>
<pin id="468" dir="1" index="1" bw="32" slack="0"/>
</pin_list>
<bind>
<opcode="bitcast(44) " fcode="bitcast"/>
<opset="v88/13 "/>
</bind>
</comp>

<comp id="470" class="1004" name="v89_fu_470">
<pin_list>
<pin id="471" dir="0" index="0" bw="32" slack="1"/>
<pin id="472" dir="1" index="1" bw="32" slack="0"/>
</pin_list>
<bind>
<opcode="bitcast(44) " fcode="bitcast"/>
<opset="v89/13 "/>
</bind>
</comp>

<comp id="474" class="1004" name="bitcast_ln237_fu_474">
<pin_list>
<pin id="475" dir="0" index="0" bw="32" slack="1"/>
<pin id="476" dir="1" index="1" bw="32" slack="0"/>
</pin_list>
<bind>
<opcode="bitcast(44) " fcode="bitcast"/>
<opset="bitcast_ln237/17 "/>
</bind>
</comp>

<comp id="478" class="1005" name="v87_reg_478">
<pin_list>
<pin id="479" dir="0" index="0" bw="4" slack="0"/>
<pin id="480" dir="1" index="1" bw="4" slack="0"/>
</pin_list>
<bind>
<opset="v87 "/>
</bind>
</comp>

<comp id="485" class="1005" name="v86_reg_485">
<pin_list>
<pin id="486" dir="0" index="0" bw="4" slack="0"/>
<pin id="487" dir="1" index="1" bw="4" slack="0"/>
</pin_list>
<bind>
<opset="v86 "/>
</bind>
</comp>

<comp id="492" class="1005" name="indvar_flatten_reg_492">
<pin_list>
<pin id="493" dir="0" index="0" bw="8" slack="0"/>
<pin id="494" dir="1" index="1" bw="8" slack="0"/>
</pin_list>
<bind>
<opset="indvar_flatten "/>
</bind>
</comp>

<comp id="499" class="1005" name="v85_reg_499">
<pin_list>
<pin id="500" dir="0" index="0" bw="11" slack="0"/>
<pin id="501" dir="1" index="1" bw="11" slack="0"/>
</pin_list>
<bind>
<opset="v85 "/>
</bind>
</comp>

<comp id="506" class="1005" name="indvar_flatten12_reg_506">
<pin_list>
<pin id="507" dir="0" index="0" bw="17" slack="0"/>
<pin id="508" dir="1" index="1" bw="17" slack="0"/>
</pin_list>
<bind>
<opset="indvar_flatten12 "/>
</bind>
</comp>

<comp id="513" class="1005" name="v84_read_reg_513">
<pin_list>
<pin id="514" dir="0" index="0" bw="64" slack="1"/>
<pin id="515" dir="1" index="1" bw="64" slack="1"/>
</pin_list>
<bind>
<opset="v84_read "/>
</bind>
</comp>

<comp id="518" class="1005" name="v83_read_reg_518">
<pin_list>
<pin id="519" dir="0" index="0" bw="64" slack="1"/>
<pin id="520" dir="1" index="1" bw="64" slack="1"/>
</pin_list>
<bind>
<opset="v83_read "/>
</bind>
</comp>

<comp id="523" class="1005" name="v82_read_reg_523">
<pin_list>
<pin id="524" dir="0" index="0" bw="64" slack="1"/>
<pin id="525" dir="1" index="1" bw="64" slack="1"/>
</pin_list>
<bind>
<opset="v82_read "/>
</bind>
</comp>

<comp id="528" class="1005" name="icmp_ln227_reg_528">
<pin_list>
<pin id="529" dir="0" index="0" bw="1" slack="1"/>
<pin id="530" dir="1" index="1" bw="1" slack="2147483647"/>
</pin_list>
<bind>
<opset="icmp_ln227 "/>
</bind>
</comp>

<comp id="532" class="1005" name="g0_addr_reg_532">
<pin_list>
<pin id="533" dir="0" index="0" bw="32" slack="1"/>
<pin id="534" dir="1" index="1" bw="32" slack="1"/>
</pin_list>
<bind>
<opset="g0_addr "/>
</bind>
</comp>

<comp id="538" class="1005" name="g0_addr_42_reg_538">
<pin_list>
<pin id="539" dir="0" index="0" bw="32" slack="2"/>
<pin id="540" dir="1" index="1" bw="32" slack="2"/>
</pin_list>
<bind>
<opset="g0_addr_42 "/>
</bind>
</comp>

<comp id="544" class="1005" name="g0_addr_43_reg_544">
<pin_list>
<pin id="545" dir="0" index="0" bw="32" slack="14"/>
<pin id="546" dir="1" index="1" bw="32" slack="14"/>
</pin_list>
<bind>
<opset="g0_addr_43 "/>
</bind>
</comp>

<comp id="551" class="1005" name="g0_addr_read_reg_551">
<pin_list>
<pin id="552" dir="0" index="0" bw="32" slack="2"/>
<pin id="553" dir="1" index="1" bw="32" slack="2"/>
</pin_list>
<bind>
<opset="g0_addr_read "/>
</bind>
</comp>

<comp id="556" class="1005" name="g0_addr_42_read_reg_556">
<pin_list>
<pin id="557" dir="0" index="0" bw="32" slack="1"/>
<pin id="558" dir="1" index="1" bw="32" slack="1"/>
</pin_list>
<bind>
<opset="g0_addr_42_read "/>
</bind>
</comp>

<comp id="561" class="1005" name="v88_reg_561">
<pin_list>
<pin id="562" dir="0" index="0" bw="32" slack="1"/>
<pin id="563" dir="1" index="1" bw="32" slack="1"/>
</pin_list>
<bind>
<opset="v88 "/>
</bind>
</comp>

<comp id="566" class="1005" name="v89_reg_566">
<pin_list>
<pin id="567" dir="0" index="0" bw="32" slack="1"/>
<pin id="568" dir="1" index="1" bw="32" slack="1"/>
</pin_list>
<bind>
<opset="v89 "/>
</bind>
</comp>

<comp id="571" class="1005" name="v90_reg_571">
<pin_list>
<pin id="572" dir="0" index="0" bw="32" slack="1"/>
<pin id="573" dir="1" index="1" bw="32" slack="1"/>
</pin_list>
<bind>
<opset="v90 "/>
</bind>
</comp>

</comp_list>

<net_list>
<net id="97"><net_src comp="8" pin="0"/><net_sink comp="94" pin=0"/></net>

<net id="101"><net_src comp="8" pin="0"/><net_sink comp="98" pin=0"/></net>

<net id="105"><net_src comp="8" pin="0"/><net_sink comp="102" pin=0"/></net>

<net id="109"><net_src comp="8" pin="0"/><net_sink comp="106" pin=0"/></net>

<net id="113"><net_src comp="8" pin="0"/><net_sink comp="110" pin=0"/></net>

<net id="118"><net_src comp="34" pin="0"/><net_sink comp="114" pin=0"/></net>

<net id="119"><net_src comp="6" pin="0"/><net_sink comp="114" pin=1"/></net>

<net id="124"><net_src comp="34" pin="0"/><net_sink comp="120" pin=0"/></net>

<net id="125"><net_src comp="4" pin="0"/><net_sink comp="120" pin=1"/></net>

<net id="130"><net_src comp="34" pin="0"/><net_sink comp="126" pin=0"/></net>

<net id="131"><net_src comp="2" pin="0"/><net_sink comp="126" pin=1"/></net>

<net id="137"><net_src comp="70" pin="0"/><net_sink comp="132" pin=0"/></net>

<net id="138"><net_src comp="72" pin="0"/><net_sink comp="132" pin=2"/></net>

<net id="143"><net_src comp="74" pin="0"/><net_sink comp="139" pin=0"/></net>

<net id="149"><net_src comp="76" pin="0"/><net_sink comp="144" pin=0"/></net>

<net id="150"><net_src comp="72" pin="0"/><net_sink comp="144" pin=2"/></net>

<net id="157"><net_src comp="78" pin="0"/><net_sink comp="151" pin=0"/></net>

<net id="158"><net_src comp="80" pin="0"/><net_sink comp="151" pin=3"/></net>

<net id="163"><net_src comp="82" pin="0"/><net_sink comp="159" pin=0"/></net>

<net id="172"><net_src comp="36" pin="0"/><net_sink comp="168" pin=0"/></net>

<net id="177"><net_src comp="38" pin="0"/><net_sink comp="173" pin=0"/></net>

<net id="182"><net_src comp="40" pin="0"/><net_sink comp="178" pin=0"/></net>

<net id="187"><net_src comp="42" pin="0"/><net_sink comp="183" pin=0"/></net>

<net id="192"><net_src comp="42" pin="0"/><net_sink comp="188" pin=0"/></net>

<net id="200"><net_src comp="193" pin="1"/><net_sink comp="196" pin=0"/></net>

<net id="201"><net_src comp="44" pin="0"/><net_sink comp="196" pin=1"/></net>

<net id="206"><net_src comp="193" pin="1"/><net_sink comp="202" pin=0"/></net>

<net id="207"><net_src comp="46" pin="0"/><net_sink comp="202" pin=1"/></net>

<net id="224"><net_src comp="217" pin="1"/><net_sink comp="220" pin=0"/></net>

<net id="225"><net_src comp="48" pin="0"/><net_sink comp="220" pin=1"/></net>

<net id="230"><net_src comp="214" pin="1"/><net_sink comp="226" pin=0"/></net>

<net id="231"><net_src comp="50" pin="0"/><net_sink comp="226" pin=1"/></net>

<net id="237"><net_src comp="226" pin="2"/><net_sink comp="232" pin=0"/></net>

<net id="238"><net_src comp="42" pin="0"/><net_sink comp="232" pin=1"/></net>

<net id="239"><net_src comp="211" pin="1"/><net_sink comp="232" pin=2"/></net>

<net id="244"><net_src comp="226" pin="2"/><net_sink comp="240" pin=0"/></net>

<net id="245"><net_src comp="12" pin="0"/><net_sink comp="240" pin=1"/></net>

<net id="250"><net_src comp="208" pin="1"/><net_sink comp="246" pin=0"/></net>

<net id="251"><net_src comp="52" pin="0"/><net_sink comp="246" pin=1"/></net>

<net id="256"><net_src comp="246" pin="2"/><net_sink comp="252" pin=0"/></net>

<net id="257"><net_src comp="240" pin="2"/><net_sink comp="252" pin=1"/></net>

<net id="263"><net_src comp="226" pin="2"/><net_sink comp="258" pin=0"/></net>

<net id="264"><net_src comp="220" pin="2"/><net_sink comp="258" pin=1"/></net>

<net id="265"><net_src comp="217" pin="1"/><net_sink comp="258" pin=2"/></net>

<net id="270"><net_src comp="232" pin="3"/><net_sink comp="266" pin=0"/></net>

<net id="271"><net_src comp="54" pin="0"/><net_sink comp="266" pin=1"/></net>

<net id="276"><net_src comp="252" pin="2"/><net_sink comp="272" pin=0"/></net>

<net id="277"><net_src comp="226" pin="2"/><net_sink comp="272" pin=1"/></net>

<net id="283"><net_src comp="272" pin="2"/><net_sink comp="278" pin=0"/></net>

<net id="284"><net_src comp="42" pin="0"/><net_sink comp="278" pin=1"/></net>

<net id="285"><net_src comp="208" pin="1"/><net_sink comp="278" pin=2"/></net>

<net id="291"><net_src comp="252" pin="2"/><net_sink comp="286" pin=0"/></net>

<net id="292"><net_src comp="266" pin="2"/><net_sink comp="286" pin=1"/></net>

<net id="293"><net_src comp="232" pin="3"/><net_sink comp="286" pin=2"/></net>

<net id="299"><net_src comp="56" pin="0"/><net_sink comp="294" pin=0"/></net>

<net id="300"><net_src comp="258" pin="3"/><net_sink comp="294" pin=1"/></net>

<net id="301"><net_src comp="40" pin="0"/><net_sink comp="294" pin=2"/></net>

<net id="305"><net_src comp="294" pin="3"/><net_sink comp="302" pin=0"/></net>

<net id="309"><net_src comp="278" pin="3"/><net_sink comp="306" pin=0"/></net>

<net id="314"><net_src comp="302" pin="1"/><net_sink comp="310" pin=0"/></net>

<net id="318"><net_src comp="286" pin="3"/><net_sink comp="315" pin=0"/></net>

<net id="325"><net_src comp="58" pin="0"/><net_sink comp="319" pin=0"/></net>

<net id="326"><net_src comp="315" pin="1"/><net_sink comp="319" pin=1"/></net>

<net id="327"><net_src comp="306" pin="1"/><net_sink comp="319" pin=2"/></net>

<net id="328"><net_src comp="60" pin="0"/><net_sink comp="319" pin=3"/></net>

<net id="332"><net_src comp="319" pin="4"/><net_sink comp="329" pin=0"/></net>

<net id="337"><net_src comp="329" pin="1"/><net_sink comp="333" pin=0"/></net>

<net id="338"><net_src comp="310" pin="2"/><net_sink comp="333" pin=1"/></net>

<net id="345"><net_src comp="62" pin="0"/><net_sink comp="339" pin=0"/></net>

<net id="346"><net_src comp="333" pin="2"/><net_sink comp="339" pin=1"/></net>

<net id="347"><net_src comp="64" pin="0"/><net_sink comp="339" pin=2"/></net>

<net id="348"><net_src comp="66" pin="0"/><net_sink comp="339" pin=3"/></net>

<net id="352"><net_src comp="339" pin="4"/><net_sink comp="349" pin=0"/></net>

<net id="357"><net_src comp="0" pin="0"/><net_sink comp="353" pin=0"/></net>

<net id="358"><net_src comp="349" pin="1"/><net_sink comp="353" pin=1"/></net>

<net id="363"><net_src comp="302" pin="1"/><net_sink comp="359" pin=0"/></net>

<net id="368"><net_src comp="329" pin="1"/><net_sink comp="364" pin=0"/></net>

<net id="369"><net_src comp="359" pin="2"/><net_sink comp="364" pin=1"/></net>

<net id="376"><net_src comp="62" pin="0"/><net_sink comp="370" pin=0"/></net>

<net id="377"><net_src comp="364" pin="2"/><net_sink comp="370" pin=1"/></net>

<net id="378"><net_src comp="64" pin="0"/><net_sink comp="370" pin=2"/></net>

<net id="379"><net_src comp="66" pin="0"/><net_sink comp="370" pin=3"/></net>

<net id="383"><net_src comp="370" pin="4"/><net_sink comp="380" pin=0"/></net>

<net id="388"><net_src comp="0" pin="0"/><net_sink comp="384" pin=0"/></net>

<net id="389"><net_src comp="380" pin="1"/><net_sink comp="384" pin=1"/></net>

<net id="394"><net_src comp="302" pin="1"/><net_sink comp="390" pin=0"/></net>

<net id="399"><net_src comp="329" pin="1"/><net_sink comp="395" pin=0"/></net>

<net id="400"><net_src comp="390" pin="2"/><net_sink comp="395" pin=1"/></net>

<net id="407"><net_src comp="62" pin="0"/><net_sink comp="401" pin=0"/></net>

<net id="408"><net_src comp="395" pin="2"/><net_sink comp="401" pin=1"/></net>

<net id="409"><net_src comp="64" pin="0"/><net_sink comp="401" pin=2"/></net>

<net id="410"><net_src comp="66" pin="0"/><net_sink comp="401" pin=3"/></net>

<net id="414"><net_src comp="401" pin="4"/><net_sink comp="411" pin=0"/></net>

<net id="419"><net_src comp="0" pin="0"/><net_sink comp="415" pin=0"/></net>

<net id="420"><net_src comp="411" pin="1"/><net_sink comp="415" pin=1"/></net>

<net id="425"><net_src comp="278" pin="3"/><net_sink comp="421" pin=0"/></net>

<net id="426"><net_src comp="54" pin="0"/><net_sink comp="421" pin=1"/></net>

<net id="431"><net_src comp="214" pin="1"/><net_sink comp="427" pin=0"/></net>

<net id="432"><net_src comp="68" pin="0"/><net_sink comp="427" pin=1"/></net>

<net id="438"><net_src comp="226" pin="2"/><net_sink comp="433" pin=0"/></net>

<net id="439"><net_src comp="68" pin="0"/><net_sink comp="433" pin=1"/></net>

<net id="440"><net_src comp="427" pin="2"/><net_sink comp="433" pin=2"/></net>

<net id="445"><net_src comp="202" pin="2"/><net_sink comp="441" pin=0"/></net>

<net id="450"><net_src comp="258" pin="3"/><net_sink comp="446" pin=0"/></net>

<net id="455"><net_src comp="433" pin="3"/><net_sink comp="451" pin=0"/></net>

<net id="460"><net_src comp="286" pin="3"/><net_sink comp="456" pin=0"/></net>

<net id="465"><net_src comp="421" pin="2"/><net_sink comp="461" pin=0"/></net>

<net id="469"><net_src comp="466" pin="1"/><net_sink comp="164" pin=0"/></net>

<net id="473"><net_src comp="470" pin="1"/><net_sink comp="164" pin=1"/></net>

<net id="477"><net_src comp="474" pin="1"/><net_sink comp="151" pin=2"/></net>

<net id="481"><net_src comp="94" pin="1"/><net_sink comp="478" pin=0"/></net>

<net id="482"><net_src comp="478" pin="1"/><net_sink comp="188" pin=1"/></net>

<net id="483"><net_src comp="478" pin="1"/><net_sink comp="208" pin=0"/></net>

<net id="484"><net_src comp="478" pin="1"/><net_sink comp="461" pin=1"/></net>

<net id="488"><net_src comp="98" pin="1"/><net_sink comp="485" pin=0"/></net>

<net id="489"><net_src comp="485" pin="1"/><net_sink comp="183" pin=1"/></net>

<net id="490"><net_src comp="485" pin="1"/><net_sink comp="211" pin=0"/></net>

<net id="491"><net_src comp="485" pin="1"/><net_sink comp="456" pin=1"/></net>

<net id="495"><net_src comp="102" pin="1"/><net_sink comp="492" pin=0"/></net>

<net id="496"><net_src comp="492" pin="1"/><net_sink comp="178" pin=1"/></net>

<net id="497"><net_src comp="492" pin="1"/><net_sink comp="214" pin=0"/></net>

<net id="498"><net_src comp="492" pin="1"/><net_sink comp="451" pin=1"/></net>

<net id="502"><net_src comp="106" pin="1"/><net_sink comp="499" pin=0"/></net>

<net id="503"><net_src comp="499" pin="1"/><net_sink comp="173" pin=1"/></net>

<net id="504"><net_src comp="499" pin="1"/><net_sink comp="217" pin=0"/></net>

<net id="505"><net_src comp="499" pin="1"/><net_sink comp="446" pin=1"/></net>

<net id="509"><net_src comp="110" pin="1"/><net_sink comp="506" pin=0"/></net>

<net id="510"><net_src comp="506" pin="1"/><net_sink comp="168" pin=1"/></net>

<net id="511"><net_src comp="506" pin="1"/><net_sink comp="193" pin=0"/></net>

<net id="512"><net_src comp="506" pin="1"/><net_sink comp="441" pin=1"/></net>

<net id="516"><net_src comp="114" pin="2"/><net_sink comp="513" pin=0"/></net>

<net id="517"><net_src comp="513" pin="1"/><net_sink comp="390" pin=1"/></net>

<net id="521"><net_src comp="120" pin="2"/><net_sink comp="518" pin=0"/></net>

<net id="522"><net_src comp="518" pin="1"/><net_sink comp="310" pin=1"/></net>

<net id="526"><net_src comp="126" pin="2"/><net_sink comp="523" pin=0"/></net>

<net id="527"><net_src comp="523" pin="1"/><net_sink comp="359" pin=1"/></net>

<net id="531"><net_src comp="196" pin="2"/><net_sink comp="528" pin=0"/></net>

<net id="535"><net_src comp="353" pin="2"/><net_sink comp="532" pin=0"/></net>

<net id="536"><net_src comp="532" pin="1"/><net_sink comp="132" pin=1"/></net>

<net id="537"><net_src comp="532" pin="1"/><net_sink comp="139" pin=1"/></net>

<net id="541"><net_src comp="384" pin="2"/><net_sink comp="538" pin=0"/></net>

<net id="542"><net_src comp="538" pin="1"/><net_sink comp="132" pin=1"/></net>

<net id="543"><net_src comp="538" pin="1"/><net_sink comp="139" pin=1"/></net>

<net id="547"><net_src comp="415" pin="2"/><net_sink comp="544" pin=0"/></net>

<net id="548"><net_src comp="544" pin="1"/><net_sink comp="144" pin=1"/></net>

<net id="549"><net_src comp="544" pin="1"/><net_sink comp="151" pin=1"/></net>

<net id="550"><net_src comp="544" pin="1"/><net_sink comp="159" pin=1"/></net>

<net id="554"><net_src comp="139" pin="2"/><net_sink comp="551" pin=0"/></net>

<net id="555"><net_src comp="551" pin="1"/><net_sink comp="466" pin=0"/></net>

<net id="559"><net_src comp="139" pin="2"/><net_sink comp="556" pin=0"/></net>

<net id="560"><net_src comp="556" pin="1"/><net_sink comp="470" pin=0"/></net>

<net id="564"><net_src comp="466" pin="1"/><net_sink comp="561" pin=0"/></net>

<net id="565"><net_src comp="561" pin="1"/><net_sink comp="164" pin=0"/></net>

<net id="569"><net_src comp="470" pin="1"/><net_sink comp="566" pin=0"/></net>

<net id="570"><net_src comp="566" pin="1"/><net_sink comp="164" pin=1"/></net>

<net id="574"><net_src comp="164" pin="2"/><net_sink comp="571" pin=0"/></net>

<net id="575"><net_src comp="571" pin="1"/><net_sink comp="474" pin=0"/></net>

</net_list>

</model> 
---------------- Datapath Model END ------------------

* FSMD analyzer results:
  - Output states:
	Port: g0 | {16 17 18 19 20 21 22 }
 - Input state : 
	Port: kernel12 : g0 | {3 4 5 6 7 8 9 10 11 12 }
	Port: kernel12 : v82 | {1 }
	Port: kernel12 : v83 | {1 }
	Port: kernel12 : v84 | {1 }
  - Chain level:
	State 1
		store_ln0 : 1
		store_ln227 : 1
		store_ln0 : 1
		store_ln228 : 1
		store_ln229 : 1
	State 2
		icmp_ln227 : 1
		add_ln227_1 : 1
		br_ln227 : 2
		add_ln227 : 1
		icmp_ln228 : 1
		select_ln227 : 2
		xor_ln227 : 2
		icmp_ln229 : 1
		and_ln227 : 2
		select_ln227_1 : 2
		add_ln228 : 3
		empty : 2
		v87_mid2 : 2
		select_ln228 : 2
		shl_ln : 3
		zext_ln228 : 4
		trunc_ln234 : 3
		add_ln234 : 5
		trunc_ln234_1 : 3
		tmp1 : 4
		zext_ln234 : 5
		add_ln234_1 : 6
		trunc_ln : 7
		sext_ln234 : 8
		g0_addr : 9
		add_ln235 : 5
		add_ln235_1 : 6
		trunc_ln42 : 7
		sext_ln235 : 8
		g0_addr_42 : 9
		add_ln237 : 5
		add_ln237_1 : 6
		trunc_ln43 : 7
		sext_ln237 : 8
		g0_addr_43 : 9
		add_ln229 : 3
		add_ln228_1 : 1
		select_ln228_1 : 2
		store_ln227 : 2
		store_ln227 : 3
		store_ln228 : 3
		store_ln228 : 3
		store_ln229 : 4
	State 3
	State 4
	State 5
	State 6
	State 7
	State 8
	State 9
	State 10
	State 11
	State 12
	State 13
		v90 : 1
	State 14
	State 15
	State 16
	State 17
		write_ln237 : 1
	State 18
	State 19
	State 20
	State 21
	State 22


============================================================
+ Verbose Summary: Datapath Resource usage 
============================================================

* Functional unit list:
|----------|---------------------------------|---------|---------|---------|
| Operation|         Functional Unit         |   DSP   |    FF   |   LUT   |
|----------|---------------------------------|---------|---------|---------|
|          |        add_ln227_1_fu_202       |    0    |    0    |    24   |
|          |         add_ln227_fu_220        |    0    |    0    |    18   |
|          |         add_ln228_fu_266        |    0    |    0    |    12   |
|          |         add_ln234_fu_310        |    0    |    0    |    64   |
|          |        add_ln234_1_fu_333       |    0    |    0    |    64   |
|    add   |         add_ln235_fu_359        |    0    |    0    |    64   |
|          |        add_ln235_1_fu_364       |    0    |    0    |    64   |
|          |         add_ln237_fu_390        |    0    |    0    |    64   |
|          |        add_ln237_1_fu_395       |    0    |    0    |    64   |
|          |         add_ln229_fu_421        |    0    |    0    |    12   |
|          |        add_ln228_1_fu_427       |    0    |    0    |    15   |
|----------|---------------------------------|---------|---------|---------|
|   fadd   |            grp_fu_164           |    2    |   227   |   214   |
|----------|---------------------------------|---------|---------|---------|
|          |        icmp_ln227_fu_196        |    0    |    0    |    24   |
|   icmp   |        icmp_ln228_fu_226        |    0    |    0    |    15   |
|          |        icmp_ln229_fu_246        |    0    |    0    |    12   |
|----------|---------------------------------|---------|---------|---------|
|          |       select_ln227_fu_232       |    0    |    0    |    4    |
|          |      select_ln227_1_fu_258      |    0    |    0    |    10   |
|  select  |         v87_mid2_fu_278         |    0    |    0    |    4    |
|          |       select_ln228_fu_286       |    0    |    0    |    4    |
|          |      select_ln228_1_fu_433      |    0    |    0    |    8    |
|----------|---------------------------------|---------|---------|---------|
|    xor   |         xor_ln227_fu_240        |    0    |    0    |    2    |
|----------|---------------------------------|---------|---------|---------|
|    and   |         and_ln227_fu_252        |    0    |    0    |    2    |
|----------|---------------------------------|---------|---------|---------|
|    or    |           empty_fu_272          |    0    |    0    |    2    |
|----------|---------------------------------|---------|---------|---------|
|          |       v84_read_read_fu_114      |    0    |    0    |    0    |
|   read   |       v83_read_read_fu_120      |    0    |    0    |    0    |
|          |       v82_read_read_fu_126      |    0    |    0    |    0    |
|          |         grp_read_fu_139         |    0    |    0    |    0    |
|----------|---------------------------------|---------|---------|---------|
|  readreq |        grp_readreq_fu_132       |    0    |    0    |    0    |
|----------|---------------------------------|---------|---------|---------|
| writereq | g0_addr_119_req_writereq_fu_144 |    0    |    0    |    0    |
|----------|---------------------------------|---------|---------|---------|
|   write  |     write_ln237_write_fu_151    |    0    |    0    |    0    |
|----------|---------------------------------|---------|---------|---------|
| writeresp|       grp_writeresp_fu_159      |    0    |    0    |    0    |
|----------|---------------------------------|---------|---------|---------|
|bitconcatenate|          shl_ln_fu_294          |    0    |    0    |    0    |
|          |           tmp1_fu_319           |    0    |    0    |    0    |
|----------|---------------------------------|---------|---------|---------|
|   zext   |        zext_ln228_fu_302        |    0    |    0    |    0    |
|          |        zext_ln234_fu_329        |    0    |    0    |    0    |
|----------|---------------------------------|---------|---------|---------|
|   trunc  |        trunc_ln234_fu_306       |    0    |    0    |    0    |
|          |       trunc_ln234_1_fu_315      |    0    |    0    |    0    |
|----------|---------------------------------|---------|---------|---------|
|          |         trunc_ln_fu_339         |    0    |    0    |    0    |
|partselect|        trunc_ln42_fu_370        |    0    |    0    |    0    |
|          |        trunc_ln43_fu_401        |    0    |    0    |    0    |
|----------|---------------------------------|---------|---------|---------|
|          |        sext_ln234_fu_349        |    0    |    0    |    0    |
|   sext   |        sext_ln235_fu_380        |    0    |    0    |    0    |
|          |        sext_ln237_fu_411        |    0    |    0    |    0    |
|----------|---------------------------------|---------|---------|---------|
|   Total  |                                 |    2    |   227   |   766   |
|----------|---------------------------------|---------|---------|---------|

Memories:
N/A

* Register list:
+------------------------+--------+
|                        |   FF   |
+------------------------+--------+
| g0_addr_42_read_reg_556|   32   |
|   g0_addr_42_reg_538   |   32   |
|   g0_addr_43_reg_544   |   32   |
|  g0_addr_read_reg_551  |   32   |
|     g0_addr_reg_532    |   32   |
|   icmp_ln227_reg_528   |    1   |
|indvar_flatten12_reg_506|   17   |
| indvar_flatten_reg_492 |    8   |
|    v82_read_reg_523    |   64   |
|    v83_read_reg_518    |   64   |
|    v84_read_reg_513    |   64   |
|       v85_reg_499      |   11   |
|       v86_reg_485      |    4   |
|       v87_reg_478      |    4   |
|       v88_reg_561      |   32   |
|       v89_reg_566      |   32   |
|       v90_reg_571      |   32   |
+------------------------+--------+
|          Total         |   493  |
+------------------------+--------+

* Multiplexer (MUX) list: 
|--------------------|------|------|------|--------||---------||---------||---------|
|        Comp        |  Pin | Size |  BW  | S x BW ||  Delay  ||    FF   ||   LUT   |
|--------------------|------|------|------|--------||---------||---------||---------|
| grp_readreq_fu_132 |  p1  |   2  |  32  |   64   ||    0    ||    9    |
|   grp_read_fu_139  |  p1  |   2  |  32  |   64   ||    0    ||    9    |
|     grp_fu_164     |  p0  |   2  |  32  |   64   ||    0    ||    9    |
|     grp_fu_164     |  p1  |   2  |  32  |   64   ||    0    ||    9    |
|--------------------|------|------|------|--------||---------||---------||---------|
|        Total       |      |      |      |   256  ||  1.708  ||    0    ||    36   |
|--------------------|------|------|------|--------||---------||---------||---------|



* Summary:
+-----------+--------+--------+--------+--------+
|           |   DSP  |  Delay |   FF   |   LUT  |
+-----------+--------+--------+--------+--------+
|  Function |    2   |    -   |   227  |   766  |
|   Memory  |    -   |    -   |    -   |    -   |
|Multiplexer|    -   |    1   |    0   |   36   |
|  Register |    -   |    -   |   493  |    -   |
+-----------+--------+--------+--------+--------+
|   Total   |    2   |    1   |   720  |   802  |
+-----------+--------+--------+--------+--------+
