

================================================================
== Vitis HLS Report for 'kernel67'
================================================================
* Date:           Sun Jul 12 20:26:08 2026

* Version:        2025.2 (Build 6295257 on Nov 14 2025)
* Project:        spikingformer_proj
* Solution:       solution1 (Vivado IP Flow Target)
* Product family: zynquplus
* Target device:  xczu7ev-ffvc1156-2-e


================================================================
== Performance Estimates
================================================================
+ Timing: 
    * Summary: 
    +--------+----------+----------+------------+
    |  Clock |  Target  | Estimated| Uncertainty|
    +--------+----------+----------+------------+
    |ap_clk  |  10.00 ns|  7.300 ns|     2.70 ns|
    +--------+----------+----------+------------+

+ Latency: 
    * Summary: 
    +---------+---------+----------+----------+-------+-------+---------+
    |  Latency (cycles) |  Latency (absolute) |    Interval   | Pipeline|
    |   min   |   max   |    min   |    max   |  min  |  max  |   Type  |
    +---------+---------+----------+----------+-------+-------+---------+
    |    24594|    24594|  0.246 ms|  0.246 ms|  24594|  24594|       no|
    +---------+---------+----------+----------+-------+-------+---------+

    + Detail: 
        * Instance: 
        +--------------------------------------------------------------------------------+----------------------------------------------------------------------+---------+---------+----------+----------+-----+-----+-------------------+
        |                                                                                |                                                                      |  Latency (cycles) |  Latency (absolute) |  Interval |      Pipeline     |
        |                                    Instance                                    |                                Module                                |   min   |   max   |    min   |    max   | min | max |        Type       |
        +--------------------------------------------------------------------------------+----------------------------------------------------------------------+---------+---------+----------+----------+-----+-----+-------------------+
        |grp_kernel67_Pipeline_VITIS_LOOP_911_1_VITIS_LOOP_912_2_VITIS_LOOP_913_3_fu_70  |kernel67_Pipeline_VITIS_LOOP_911_1_VITIS_LOOP_912_2_VITIS_LOOP_913_3  |    24587|    24587|  0.246 ms|  0.246 ms|    0|    0|  loop pipeline stp|
        +--------------------------------------------------------------------------------+----------------------------------------------------------------------+---------+---------+----------+----------+-----+-----+-------------------+

        * Loop: 
        N/A

============================================================
+ Verbose Summary: Synthesis Manager
============================================================
InlineROM: 1
ExposeGlobal: 0
============================================================
+ Verbose Summary: CDFG Model
============================================================
IsTopModel: 0
ResetActiveHigh: 1
IsCombinational: 0
IsDatapathOnly: 0
HasWiredReturn: 1
HasMFsm: 0
HasVarLatency: 1
IsPipeline: 0
IsRtlPipelined: 0
IsInstanceOverlapped: 0
IsDontTouch: 0
HasImplIP: 0
IsGatedGlobalClock: 0


============================================================
+ Verbose Summary: Schedule
============================================================
* Number of FSM states : 8
* Pipeline : 0
* Dataflow Pipeline: 0

* FSM state transitions: 
1 --> 2 
2 --> 3 
3 --> 4 
4 --> 5 
5 --> 6 
6 --> 7 
7 --> 8 
8 --> 

* FSM state operations: 

State 1 <SV = 0> <Delay = 7.30>
ST_1 : Operation 9 [1/1] (0.00ns)   --->   "%v371_read = read i64 @_ssdm_op_Read.ap_auto.i64, i64 %v371" [spikingformer_official.cpp:908]   --->   Operation 9 'read' 'v371_read' <Predicate = true> <Delay = 0.00>
ST_1 : Operation 10 [1/1] (0.00ns)   --->   "%trunc_ln = partselect i62 @_ssdm_op_PartSelect.i62.i64.i32.i32, i64 %v371_read, i32 2, i32 63" [spikingformer_official.cpp:911]   --->   Operation 10 'partselect' 'trunc_ln' <Predicate = true> <Delay = 0.00>
ST_1 : Operation 11 [1/1] (0.00ns)   --->   "%sext_ln911 = sext i62 %trunc_ln" [spikingformer_official.cpp:911]   --->   Operation 11 'sext' 'sext_ln911' <Predicate = true> <Delay = 0.00>
ST_1 : Operation 12 [1/1] (0.00ns)   --->   "%g0_addr = getelementptr i32 %g0, i64 %sext_ln911" [spikingformer_official.cpp:911]   --->   Operation 12 'getelementptr' 'g0_addr' <Predicate = true> <Delay = 0.00>
ST_1 : Operation 13 [1/1] ( I:7.30ns O:7.30ns )   --->   "%empty = writereq i1 @_ssdm_op_WriteReq.m_axi.p1i32, i32 %g0_addr, i64 24576" [spikingformer_official.cpp:911]   --->   Operation 13 'writereq' 'empty' <Predicate = true> <Delay = 7.30> <CoreInst = "m_axi">   --->   Core 119 'm_axi' <Latency = 9> <II = 1> <Delay = 1.00> <Adapter> <Opcode : 'readrequnaligned' 'writerequnaligned' 'read' 'write' 'readreq' 'writereq' 'writeresp'>

State 2 <SV = 1> <Delay = 0.00>
ST_2 : Operation 14 [1/1] (0.00ns)   --->   "%v370_read = read i64 @_ssdm_op_Read.ap_auto.i64, i64 %v370" [spikingformer_official.cpp:908]   --->   Operation 14 'read' 'v370_read' <Predicate = true> <Delay = 0.00>
ST_2 : Operation 15 [1/1] (0.00ns)   --->   "%trunc_ln10 = partselect i62 @_ssdm_op_PartSelect.i62.i64.i32.i32, i64 %v370_read, i32 2, i32 63" [spikingformer_official.cpp:915]   --->   Operation 15 'partselect' 'trunc_ln10' <Predicate = true> <Delay = 0.00>
ST_2 : Operation 16 [2/2] (0.00ns)   --->   "%call_ln915 = call void @kernel67_Pipeline_VITIS_LOOP_911_1_VITIS_LOOP_912_2_VITIS_LOOP_913_3, i32 %g0, i62 %trunc_ln10, i62 %trunc_ln, i64 %v370_read" [spikingformer_official.cpp:915]   --->   Operation 16 'call' 'call_ln915' <Predicate = true> <Delay = 0.00> <CoreType = "Generic">   --->   Generic Core

State 3 <SV = 2> <Delay = 0.00>
ST_3 : Operation 17 [1/2] (0.00ns)   --->   "%call_ln915 = call void @kernel67_Pipeline_VITIS_LOOP_911_1_VITIS_LOOP_912_2_VITIS_LOOP_913_3, i32 %g0, i62 %trunc_ln10, i62 %trunc_ln, i64 %v370_read" [spikingformer_official.cpp:915]   --->   Operation 17 'call' 'call_ln915' <Predicate = true> <Delay = 0.00> <CoreType = "Generic">   --->   Generic Core

State 4 <SV = 3> <Delay = 0.00>
ST_4 : Operation 18 [5/5] (7.30ns)   --->   "%empty_68 = writeresp i1 @_ssdm_op_WriteResp.m_axi.p1i32, i32 %g0_addr" [spikingformer_official.cpp:922]   --->   Operation 18 'writeresp' 'empty_68' <Predicate = true> <Delay = 7.30> <CoreInst = "m_axi">   --->   Core 119 'm_axi' <Latency = 3> <II = 1> <Delay = 1.00> <Adapter> <Opcode : 'readrequnaligned' 'writerequnaligned' 'read' 'write' 'readreq' 'writereq' 'writeresp'>

State 5 <SV = 4> <Delay = 0.00>
ST_5 : Operation 19 [4/5] (7.30ns)   --->   "%empty_68 = writeresp i1 @_ssdm_op_WriteResp.m_axi.p1i32, i32 %g0_addr" [spikingformer_official.cpp:922]   --->   Operation 19 'writeresp' 'empty_68' <Predicate = true> <Delay = 7.30> <CoreInst = "m_axi">   --->   Core 119 'm_axi' <Latency = 3> <II = 1> <Delay = 1.00> <Adapter> <Opcode : 'readrequnaligned' 'writerequnaligned' 'read' 'write' 'readreq' 'writereq' 'writeresp'>

State 6 <SV = 5> <Delay = 0.00>
ST_6 : Operation 20 [3/5] (7.30ns)   --->   "%empty_68 = writeresp i1 @_ssdm_op_WriteResp.m_axi.p1i32, i32 %g0_addr" [spikingformer_official.cpp:922]   --->   Operation 20 'writeresp' 'empty_68' <Predicate = true> <Delay = 7.30> <CoreInst = "m_axi">   --->   Core 119 'm_axi' <Latency = 3> <II = 1> <Delay = 1.00> <Adapter> <Opcode : 'readrequnaligned' 'writerequnaligned' 'read' 'write' 'readreq' 'writereq' 'writeresp'>

State 7 <SV = 6> <Delay = 0.00>
ST_7 : Operation 21 [2/5] (7.30ns)   --->   "%empty_68 = writeresp i1 @_ssdm_op_WriteResp.m_axi.p1i32, i32 %g0_addr" [spikingformer_official.cpp:922]   --->   Operation 21 'writeresp' 'empty_68' <Predicate = true> <Delay = 7.30> <CoreInst = "m_axi">   --->   Core 119 'm_axi' <Latency = 3> <II = 1> <Delay = 1.00> <Adapter> <Opcode : 'readrequnaligned' 'writerequnaligned' 'read' 'write' 'readreq' 'writereq' 'writeresp'>

State 8 <SV = 7> <Delay = 7.30>
ST_8 : Operation 22 [1/1] (0.00ns)   --->   "%specstablecontent_ln0 = specstablecontent void @_ssdm_op_SpecStableContent, i32 %g0, i1 1, void "   --->   Operation 22 'specstablecontent' 'specstablecontent_ln0' <Predicate = true> <Delay = 0.00>
ST_8 : Operation 23 [1/1] (0.00ns)   --->   "%specinterface_ln0 = specinterface void @_ssdm_op_SpecInterface, i32 %g0, void @empty_26, i32 0, i32 0, void @empty_35, i32 0, i32 0, void @empty_22, void @empty_25, void @empty_35, i32 16, i32 16, i32 16, i32 16, void @empty_35, void @empty_35, i32 4294967295, i32 0, i32 0, i32 4"   --->   Operation 23 'specinterface' 'specinterface_ln0' <Predicate = true> <Delay = 0.00>
ST_8 : Operation 24 [1/5] ( I:7.30ns O:7.30ns )   --->   "%empty_68 = writeresp i1 @_ssdm_op_WriteResp.m_axi.p1i32, i32 %g0_addr" [spikingformer_official.cpp:922]   --->   Operation 24 'writeresp' 'empty_68' <Predicate = true> <Delay = 7.30> <CoreInst = "m_axi">   --->   Core 119 'm_axi' <Latency = 3> <II = 1> <Delay = 1.00> <Adapter> <Opcode : 'readrequnaligned' 'writerequnaligned' 'read' 'write' 'readreq' 'writereq' 'writeresp'>
ST_8 : Operation 25 [1/1] (0.00ns)   --->   "%ret_ln922 = ret" [spikingformer_official.cpp:922]   --->   Operation 25 'ret' 'ret_ln922' <Predicate = true> <Delay = 0.00>


============================================================
+ Verbose Summary: Binding
============================================================
STG Binding: 
---------------- STG Properties BEGIN ----------------
- Is combinational: 0
- Is one-state seq: 0
- Is datapath-only: 0
- Is pipelined: 0
- Is top level: 0
Port [ Return ] is wired: 1; IO mode=ap_ctrl_hs:ce=0
Port [ g0]:  wired=1; compound=1; hidden=0; nouse=0; global=0; static=0; extern=0; dir=2; type=4; pingpong=0; private_global=0; IO mode=m_axi:ce=0
Port [ v370]:  wired=1; compound=0; hidden=0; nouse=0; global=0; static=0; extern=0; dir=0; type=0; pingpong=0; private_global=0; IO mode=ap_none:ce=0
Port [ v371]:  wired=1; compound=0; hidden=0; nouse=0; global=0; static=0; extern=0; dir=0; type=0; pingpong=0; private_global=0; IO mode=ap_none:ce=0
---------------- STG Properties END ------------------

---------------- Datapath Model BEGIN ----------------

<LifeTime>
<method=bitvector/>
v371_read             (read             ) [ 000000000]
trunc_ln              (partselect       ) [ 001100000]
sext_ln911            (sext             ) [ 000000000]
g0_addr               (getelementptr    ) [ 001111111]
empty                 (writereq         ) [ 000000000]
v370_read             (read             ) [ 000100000]
trunc_ln10            (partselect       ) [ 000100000]
call_ln915            (call             ) [ 000000000]
specstablecontent_ln0 (specstablecontent) [ 000000000]
specinterface_ln0     (specinterface    ) [ 000000000]
empty_68              (writeresp        ) [ 000000000]
ret_ln922             (ret              ) [ 000000000]
</LifeTime>

<model>

<comp_list>
<comp id="0" class="1000" name="g0">
<pin_list>
<pin id="1" dir="1" index="0" bw="1" slack="0"/>
</pin_list>
<bind>
<StgValue><ssdm name="g0"/><MemPortTyVec>2 </MemPortTyVec>
</StgValue>
</bind>
</comp>

<comp id="2" class="1000" name="v370">
<pin_list>
<pin id="3" dir="1" index="0" bw="1" slack="0"/>
</pin_list>
<bind>
<StgValue><ssdm name="v370"/></StgValue>
</bind>
</comp>

<comp id="4" class="1000" name="v371">
<pin_list>
<pin id="5" dir="1" index="0" bw="1" slack="0"/>
</pin_list>
<bind>
<StgValue><ssdm name="v371"/></StgValue>
</bind>
</comp>

<comp id="6" class="1001" name="const_6">
<pin_list>
<pin id="7" dir="1" index="0" bw="1" slack="0"/>
</pin_list>
<bind>
<StgValue><ssdm name="_ssdm_op_Read.ap_auto.i64"/></StgValue>
</bind>
</comp>

<comp id="8" class="1001" name="const_8">
<pin_list>
<pin id="9" dir="1" index="0" bw="1" slack="0"/>
</pin_list>
<bind>
<StgValue><ssdm name="_ssdm_op_PartSelect.i62.i64.i32.i32"/></StgValue>
</bind>
</comp>

<comp id="10" class="1001" name="const_10">
<pin_list>
<pin id="11" dir="1" index="0" bw="1" slack="0"/>
</pin_list>
<bind>
<StgValue><ssdm name=""/></StgValue>
</bind>
</comp>

<comp id="12" class="1001" name="const_12">
<pin_list>
<pin id="13" dir="1" index="0" bw="1" slack="0"/>
</pin_list>
<bind>
<StgValue><ssdm name=""/></StgValue>
</bind>
</comp>

<comp id="14" class="1001" name="const_14">
<pin_list>
<pin id="15" dir="1" index="0" bw="1" slack="0"/>
</pin_list>
<bind>
<StgValue><ssdm name="_ssdm_op_WriteReq.m_axi.p1i32"/></StgValue>
</bind>
</comp>

<comp id="16" class="1001" name="const_16">
<pin_list>
<pin id="17" dir="1" index="0" bw="1" slack="0"/>
</pin_list>
<bind>
<StgValue><ssdm name=""/></StgValue>
</bind>
</comp>

<comp id="18" class="1001" name="const_18">
<pin_list>
<pin id="19" dir="1" index="0" bw="1" slack="0"/>
</pin_list>
<bind>
<StgValue><ssdm name="kernel67_Pipeline_VITIS_LOOP_911_1_VITIS_LOOP_912_2_VITIS_LOOP_913_3"/></StgValue>
</bind>
</comp>

<comp id="20" class="1001" name="const_20">
<pin_list>
<pin id="21" dir="1" index="0" bw="1" slack="0"/>
</pin_list>
<bind>
<StgValue><ssdm name="_ssdm_op_WriteResp.m_axi.p1i32"/></StgValue>
</bind>
</comp>

<comp id="22" class="1001" name="const_22">
<pin_list>
<pin id="23" dir="1" index="0" bw="1" slack="2147483647"/>
</pin_list>
<bind>
<StgValue><ssdm name="_ssdm_op_SpecStableContent"/></StgValue>
</bind>
</comp>

<comp id="24" class="1001" name="const_24">
<pin_list>
<pin id="25" dir="1" index="0" bw="1" slack="2147483647"/>
</pin_list>
<bind>
<StgValue><ssdm name=""/></StgValue>
</bind>
</comp>

<comp id="26" class="1001" name="const_26">
<pin_list>
<pin id="27" dir="1" index="0" bw="1" slack="2147483647"/>
</pin_list>
<bind>
<StgValue><ssdm name=""/></StgValue>
</bind>
</comp>

<comp id="28" class="1001" name="const_28">
<pin_list>
<pin id="29" dir="1" index="0" bw="1" slack="2147483647"/>
</pin_list>
<bind>
<StgValue><ssdm name="_ssdm_op_SpecInterface"/></StgValue>
</bind>
</comp>

<comp id="30" class="1001" name="const_30">
<pin_list>
<pin id="31" dir="1" index="0" bw="1" slack="2147483647"/>
</pin_list>
<bind>
<StgValue><ssdm name="empty_26"/></StgValue>
</bind>
</comp>

<comp id="32" class="1001" name="const_32">
<pin_list>
<pin id="33" dir="1" index="0" bw="1" slack="2147483647"/>
</pin_list>
<bind>
<StgValue><ssdm name=""/></StgValue>
</bind>
</comp>

<comp id="34" class="1001" name="const_34">
<pin_list>
<pin id="35" dir="1" index="0" bw="1" slack="2147483647"/>
</pin_list>
<bind>
<StgValue><ssdm name="empty_35"/></StgValue>
</bind>
</comp>

<comp id="36" class="1001" name="const_36">
<pin_list>
<pin id="37" dir="1" index="0" bw="1" slack="2147483647"/>
</pin_list>
<bind>
<StgValue><ssdm name="empty_22"/></StgValue>
</bind>
</comp>

<comp id="38" class="1001" name="const_38">
<pin_list>
<pin id="39" dir="1" index="0" bw="1" slack="2147483647"/>
</pin_list>
<bind>
<StgValue><ssdm name="empty_25"/></StgValue>
</bind>
</comp>

<comp id="40" class="1001" name="const_40">
<pin_list>
<pin id="41" dir="1" index="0" bw="1" slack="2147483647"/>
</pin_list>
<bind>
<StgValue><ssdm name=""/></StgValue>
</bind>
</comp>

<comp id="42" class="1001" name="const_42">
<pin_list>
<pin id="43" dir="1" index="0" bw="1" slack="2147483647"/>
</pin_list>
<bind>
<StgValue><ssdm name=""/></StgValue>
</bind>
</comp>

<comp id="44" class="1001" name="const_44">
<pin_list>
<pin id="45" dir="1" index="0" bw="1" slack="2147483647"/>
</pin_list>
<bind>
<StgValue><ssdm name=""/></StgValue>
</bind>
</comp>

<comp id="46" class="1004" name="v371_read_read_fu_46">
<pin_list>
<pin id="47" dir="0" index="0" bw="64" slack="0"/>
<pin id="48" dir="0" index="1" bw="64" slack="0"/>
<pin id="49" dir="1" index="2" bw="64" slack="0"/>
</pin_list>
<bind>
<opcode="read(1150) " fcode="read"/>
<opset="v371_read/1 "/>
</bind>
</comp>

<comp id="52" class="1004" name="v370_read_read_fu_52">
<pin_list>
<pin id="53" dir="0" index="0" bw="64" slack="0"/>
<pin id="54" dir="0" index="1" bw="64" slack="0"/>
<pin id="55" dir="1" index="2" bw="64" slack="0"/>
</pin_list>
<bind>
<opcode="read(1150) " fcode="read"/>
<opset="v370_read/2 "/>
</bind>
</comp>

<comp id="58" class="1004" name="empty_writereq_fu_58">
<pin_list>
<pin id="59" dir="0" index="0" bw="1" slack="0"/>
<pin id="60" dir="0" index="1" bw="32" slack="0"/>
<pin id="61" dir="0" index="2" bw="16" slack="0"/>
<pin id="62" dir="1" index="3" bw="1" slack="2147483647"/>
</pin_list>
<bind>
<opcode="writereq(1155) " fcode="writereq"/>
<opset="empty/1 "/>
</bind>
</comp>

<comp id="65" class="1004" name="grp_writeresp_fu_65">
<pin_list>
<pin id="66" dir="0" index="0" bw="1" slack="0"/>
<pin id="67" dir="0" index="1" bw="32" slack="3"/>
<pin id="68" dir="1" index="2" bw="1" slack="2147483647"/>
</pin_list>
<bind>
<opcode="writeresp(1158) " fcode="writeresp"/>
<opset="empty_68/4 "/>
</bind>
</comp>

<comp id="70" class="1004" name="grp_kernel67_Pipeline_VITIS_LOOP_911_1_VITIS_LOOP_912_2_VITIS_LOOP_913_3_fu_70">
<pin_list>
<pin id="71" dir="0" index="0" bw="0" slack="0"/>
<pin id="72" dir="0" index="1" bw="32" slack="0"/>
<pin id="73" dir="0" index="2" bw="62" slack="0"/>
<pin id="74" dir="0" index="3" bw="62" slack="1"/>
<pin id="75" dir="0" index="4" bw="64" slack="0"/>
<pin id="76" dir="1" index="5" bw="0" slack="2147483647"/>
</pin_list>
<bind>
<opcode="call(48) " fcode="call"/>
<opset="call_ln915/2 "/>
</bind>
</comp>

<comp id="80" class="1004" name="trunc_ln_fu_80">
<pin_list>
<pin id="81" dir="0" index="0" bw="62" slack="0"/>
<pin id="82" dir="0" index="1" bw="64" slack="0"/>
<pin id="83" dir="0" index="2" bw="3" slack="0"/>
<pin id="84" dir="0" index="3" bw="7" slack="0"/>
<pin id="85" dir="1" index="4" bw="62" slack="0"/>
</pin_list>
<bind>
<opcode="partselect(1002) " fcode="partselect"/>
<opset="trunc_ln/1 "/>
</bind>
</comp>

<comp id="90" class="1004" name="sext_ln911_fu_90">
<pin_list>
<pin id="91" dir="0" index="0" bw="62" slack="0"/>
<pin id="92" dir="1" index="1" bw="64" slack="0"/>
</pin_list>
<bind>
<opcode="sext(35) " fcode="sext"/>
<opset="sext_ln911/1 "/>
</bind>
</comp>

<comp id="94" class="1004" name="g0_addr_fu_94">
<pin_list>
<pin id="95" dir="0" index="0" bw="32" slack="0"/>
<pin id="96" dir="0" index="1" bw="62" slack="0"/>
<pin id="97" dir="1" index="2" bw="32" slack="0"/>
</pin_list>
<bind>
<opcode="getelementptr(29) " fcode="getelementptr"/>
<opset="g0_addr/1 "/>
</bind>
</comp>

<comp id="101" class="1004" name="trunc_ln10_fu_101">
<pin_list>
<pin id="102" dir="0" index="0" bw="62" slack="0"/>
<pin id="103" dir="0" index="1" bw="64" slack="0"/>
<pin id="104" dir="0" index="2" bw="3" slack="0"/>
<pin id="105" dir="0" index="3" bw="7" slack="0"/>
<pin id="106" dir="1" index="4" bw="62" slack="0"/>
</pin_list>
<bind>
<opcode="partselect(1002) " fcode="partselect"/>
<opset="trunc_ln10/2 "/>
</bind>
</comp>

<comp id="112" class="1005" name="trunc_ln_reg_112">
<pin_list>
<pin id="113" dir="0" index="0" bw="62" slack="1"/>
<pin id="114" dir="1" index="1" bw="62" slack="1"/>
</pin_list>
<bind>
<opset="trunc_ln "/>
</bind>
</comp>

<comp id="117" class="1005" name="g0_addr_reg_117">
<pin_list>
<pin id="118" dir="0" index="0" bw="32" slack="3"/>
<pin id="119" dir="1" index="1" bw="32" slack="3"/>
</pin_list>
<bind>
<opset="g0_addr "/>
</bind>
</comp>

<comp id="122" class="1005" name="v370_read_reg_122">
<pin_list>
<pin id="123" dir="0" index="0" bw="64" slack="1"/>
<pin id="124" dir="1" index="1" bw="64" slack="1"/>
</pin_list>
<bind>
<opset="v370_read "/>
</bind>
</comp>

<comp id="127" class="1005" name="trunc_ln10_reg_127">
<pin_list>
<pin id="128" dir="0" index="0" bw="62" slack="1"/>
<pin id="129" dir="1" index="1" bw="62" slack="1"/>
</pin_list>
<bind>
<opset="trunc_ln10 "/>
</bind>
</comp>

</comp_list>

<net_list>
<net id="50"><net_src comp="6" pin="0"/><net_sink comp="46" pin=0"/></net>

<net id="51"><net_src comp="4" pin="0"/><net_sink comp="46" pin=1"/></net>

<net id="56"><net_src comp="6" pin="0"/><net_sink comp="52" pin=0"/></net>

<net id="57"><net_src comp="2" pin="0"/><net_sink comp="52" pin=1"/></net>

<net id="63"><net_src comp="14" pin="0"/><net_sink comp="58" pin=0"/></net>

<net id="64"><net_src comp="16" pin="0"/><net_sink comp="58" pin=2"/></net>

<net id="69"><net_src comp="20" pin="0"/><net_sink comp="65" pin=0"/></net>

<net id="77"><net_src comp="18" pin="0"/><net_sink comp="70" pin=0"/></net>

<net id="78"><net_src comp="0" pin="0"/><net_sink comp="70" pin=1"/></net>

<net id="79"><net_src comp="52" pin="2"/><net_sink comp="70" pin=4"/></net>

<net id="86"><net_src comp="8" pin="0"/><net_sink comp="80" pin=0"/></net>

<net id="87"><net_src comp="46" pin="2"/><net_sink comp="80" pin=1"/></net>

<net id="88"><net_src comp="10" pin="0"/><net_sink comp="80" pin=2"/></net>

<net id="89"><net_src comp="12" pin="0"/><net_sink comp="80" pin=3"/></net>

<net id="93"><net_src comp="80" pin="4"/><net_sink comp="90" pin=0"/></net>

<net id="98"><net_src comp="0" pin="0"/><net_sink comp="94" pin=0"/></net>

<net id="99"><net_src comp="90" pin="1"/><net_sink comp="94" pin=1"/></net>

<net id="100"><net_src comp="94" pin="2"/><net_sink comp="58" pin=1"/></net>

<net id="107"><net_src comp="8" pin="0"/><net_sink comp="101" pin=0"/></net>

<net id="108"><net_src comp="52" pin="2"/><net_sink comp="101" pin=1"/></net>

<net id="109"><net_src comp="10" pin="0"/><net_sink comp="101" pin=2"/></net>

<net id="110"><net_src comp="12" pin="0"/><net_sink comp="101" pin=3"/></net>

<net id="111"><net_src comp="101" pin="4"/><net_sink comp="70" pin=2"/></net>

<net id="115"><net_src comp="80" pin="4"/><net_sink comp="112" pin=0"/></net>

<net id="116"><net_src comp="112" pin="1"/><net_sink comp="70" pin=3"/></net>

<net id="120"><net_src comp="94" pin="2"/><net_sink comp="117" pin=0"/></net>

<net id="121"><net_src comp="117" pin="1"/><net_sink comp="65" pin=1"/></net>

<net id="125"><net_src comp="52" pin="2"/><net_sink comp="122" pin=0"/></net>

<net id="126"><net_src comp="122" pin="1"/><net_sink comp="70" pin=4"/></net>

<net id="130"><net_src comp="101" pin="4"/><net_sink comp="127" pin=0"/></net>

<net id="131"><net_src comp="127" pin="1"/><net_sink comp="70" pin=2"/></net>

</net_list>

</model> 
---------------- Datapath Model END ------------------

* FSMD analyzer results:
  - Output states:
	Port: g0 | {1 2 3 4 5 6 7 8 }
 - Input state : 
	Port: kernel67 : g0 | {2 3 }
	Port: kernel67 : v370 | {2 }
	Port: kernel67 : v371 | {1 }
  - Chain level:
	State 1
		sext_ln911 : 1
		g0_addr : 2
		empty : 3
	State 2
		call_ln915 : 1
	State 3
	State 4
	State 5
	State 6
	State 7
	State 8


============================================================
+ Verbose Summary: Datapath Resource usage 
============================================================

* Functional unit list:
|----------|--------------------------------------------------------------------------------|---------|---------|
| Operation|                                 Functional Unit                                |    FF   |   LUT   |
|----------|--------------------------------------------------------------------------------|---------|---------|
|   call   | grp_kernel67_Pipeline_VITIS_LOOP_911_1_VITIS_LOOP_912_2_VITIS_LOOP_913_3_fu_70 |   240   |   335   |
|----------|--------------------------------------------------------------------------------|---------|---------|
|   read   |                              v371_read_read_fu_46                              |    0    |    0    |
|          |                              v370_read_read_fu_52                              |    0    |    0    |
|----------|--------------------------------------------------------------------------------|---------|---------|
| writereq |                              empty_writereq_fu_58                              |    0    |    0    |
|----------|--------------------------------------------------------------------------------|---------|---------|
| writeresp|                               grp_writeresp_fu_65                              |    0    |    0    |
|----------|--------------------------------------------------------------------------------|---------|---------|
|partselect|                                 trunc_ln_fu_80                                 |    0    |    0    |
|          |                                trunc_ln10_fu_101                               |    0    |    0    |
|----------|--------------------------------------------------------------------------------|---------|---------|
|   sext   |                                sext_ln911_fu_90                                |    0    |    0    |
|----------|--------------------------------------------------------------------------------|---------|---------|
|   Total  |                                                                                |   240   |   335   |
|----------|--------------------------------------------------------------------------------|---------|---------|

Memories:
N/A

* Register list:
+------------------+--------+
|                  |   FF   |
+------------------+--------+
|  g0_addr_reg_117 |   32   |
|trunc_ln10_reg_127|   62   |
| trunc_ln_reg_112 |   62   |
| v370_read_reg_122|   64   |
+------------------+--------+
|       Total      |   220  |
+------------------+--------+

* Multiplexer (MUX) list: 
|--------------------------------------------------------------------------------|------|------|------|--------||---------||---------||---------|
|                                      Comp                                      |  Pin | Size |  BW  | S x BW ||  Delay  ||    FF   ||   LUT   |
|--------------------------------------------------------------------------------|------|------|------|--------||---------||---------||---------|
| grp_kernel67_Pipeline_VITIS_LOOP_911_1_VITIS_LOOP_912_2_VITIS_LOOP_913_3_fu_70 |  p2  |   2  |  62  |   124  ||    0    ||    9    |
| grp_kernel67_Pipeline_VITIS_LOOP_911_1_VITIS_LOOP_912_2_VITIS_LOOP_913_3_fu_70 |  p4  |   2  |  64  |   128  ||    0    ||    9    |
|--------------------------------------------------------------------------------|------|------|------|--------||---------||---------||---------|
|                                      Total                                     |      |      |      |   252  ||  0.854  ||    0    ||    18   |
|--------------------------------------------------------------------------------|------|------|------|--------||---------||---------||---------|



* Summary:
+-----------+--------+--------+--------+
|           |  Delay |   FF   |   LUT  |
+-----------+--------+--------+--------+
|  Function |    -   |   240  |   335  |
|   Memory  |    -   |    -   |    -   |
|Multiplexer|    0   |    0   |   18   |
|  Register |    -   |   220  |    -   |
+-----------+--------+--------+--------+
|   Total   |    0   |   460  |   353  |
+-----------+--------+--------+--------+
