

================================================================
== Vitis HLS Report for 'kernel67_Pipeline_VITIS_LOOP_911_1_VITIS_LOOP_912_2_VITIS_LOOP_913_3'
================================================================
* Date:           Sun Jul 12 20:26:08 2026

* Version:        2025.2 (Build 6295257 on Nov 14 2025)
* Project:        spikingformer_proj
* Solution:       solution1 (Vivado IP Flow Target)
* Product family: zynquplus
* Target device:  xczu7ev-ffvc1156-2-e


================================================================
== Performance Estimates
================================================================
+ Timing: 
    * Summary: 
    +--------+----------+----------+------------+
    |  Clock |  Target  | Estimated| Uncertainty|
    +--------+----------+----------+------------+
    |ap_clk  |  10.00 ns|  7.300 ns|     2.70 ns|
    +--------+----------+----------+------------+

+ Latency: 
    * Summary: 
    +---------+---------+----------+----------+-----+-----+-------------------+
    |  Latency (cycles) |  Latency (absolute) |  Interval |      Pipeline     |
    |   min   |   max   |    min   |    max   | min | max |        Type       |
    +---------+---------+----------+----------+-----+-----+-------------------+
    |    24587|    24587|  0.246 ms|  0.246 ms|    0|    0|  loop pipeline stp|
    +---------+---------+----------+----------+-----+-----+-------------------+

    + Detail: 
        * Instance: 
        N/A

        * Loop: 
        +------------------------------------------------------+---------+---------+----------+-----------+-----------+-------+----------+
        |                                                      |  Latency (cycles) | Iteration|  Initiation Interval  |  Trip |          |
        |                       Loop Name                      |   min   |   max   |  Latency |  achieved |   target  | Count | Pipelined|
        +------------------------------------------------------+---------+---------+----------+-----------+-----------+-------+----------+
        |- VITIS_LOOP_911_1_VITIS_LOOP_912_2_VITIS_LOOP_913_3  |    24585|    24585|        11|          1|          1|  24576|       yes|
        +------------------------------------------------------+---------+---------+----------+-----------+-----------+-------+----------+

============================================================
+ Verbose Summary: Synthesis Manager
============================================================
InlineROM: 1
ExposeGlobal: 0
============================================================
+ Verbose Summary: CDFG Model
============================================================
IsTopModel: 0
ResetActiveHigh: 1
IsCombinational: 0
IsDatapathOnly: 0
HasWiredReturn: 1
HasMFsm: 2
HasVarLatency: 1
IsPipeline: 0
IsRtlPipelined: 0
IsInstanceOverlapped: 0
IsDontTouch: 0
HasImplIP: 0
IsGatedGlobalClock: 0

+ Individual pipeline summary: 
  * Pipeline-0: initiation interval (II) = 1, depth = 12


============================================================
+ Verbose Summary: Schedule
============================================================
* Number of FSM states : 12
* Pipeline : 1
  Pipeline-0 : II = 1, D = 12, States = { 1 2 3 4 5 6 7 8 9 10 11 12 }
* Dataflow Pipeline: 0

* FSM state transitions: 
1 --> 2 
2 --> 3 
3 --> 4 
4 --> 5 
5 --> 6 
6 --> 7 
7 --> 8 
8 --> 9 
9 --> 10 
10 --> 11 
11 --> 12 
12 --> 

* FSM state operations: 

State 1 <SV = 0> <Delay = 0.42>
ST_1 : Operation 14 [1/1] (0.00ns)   --->   "%v374 = alloca i32 1" [spikingformer_official.cpp:913]   --->   Operation 14 'alloca' 'v374' <Predicate = true> <Delay = 0.00>
ST_1 : Operation 15 [1/1] (0.00ns)   --->   "%v373 = alloca i32 1" [spikingformer_official.cpp:912]   --->   Operation 15 'alloca' 'v373' <Predicate = true> <Delay = 0.00>
ST_1 : Operation 16 [1/1] (0.00ns)   --->   "%indvar_flatten = alloca i32 1"   --->   Operation 16 'alloca' 'indvar_flatten' <Predicate = true> <Delay = 0.00>
ST_1 : Operation 17 [1/1] (0.00ns)   --->   "%v372 = alloca i32 1" [spikingformer_official.cpp:911]   --->   Operation 17 'alloca' 'v372' <Predicate = true> <Delay = 0.00>
ST_1 : Operation 18 [1/1] (0.00ns)   --->   "%indvar_flatten13 = alloca i32 1"   --->   Operation 18 'alloca' 'indvar_flatten13' <Predicate = true> <Delay = 0.00>
ST_1 : Operation 19 [1/1] (0.00ns)   --->   "%v370_read = read i64 @_ssdm_op_Read.ap_auto.i64, i64 %v370"   --->   Operation 19 'read' 'v370_read' <Predicate = true> <Delay = 0.00>
ST_1 : Operation 20 [1/1] (0.00ns)   --->   "%sext_ln911_read = read i62 @_ssdm_op_Read.ap_auto.i62, i62 %sext_ln911"   --->   Operation 20 'read' 'sext_ln911_read' <Predicate = true> <Delay = 0.00>
ST_1 : Operation 21 [1/1] (0.00ns)   --->   "%sext_ln9153 = read i62 @_ssdm_op_Read.ap_auto.i62, i62 %sext_ln915"   --->   Operation 21 'read' 'sext_ln9153' <Predicate = true> <Delay = 0.00>
ST_1 : Operation 22 [1/1] (0.00ns)   --->   "%sext_ln911_cast = sext i62 %sext_ln911_read"   --->   Operation 22 'sext' 'sext_ln911_cast' <Predicate = true> <Delay = 0.00>
ST_1 : Operation 23 [1/1] (0.00ns)   --->   "%specstablecontent_ln0 = specstablecontent void @_ssdm_op_SpecStableContent, i32 %g0, i1 1, void "   --->   Operation 23 'specstablecontent' 'specstablecontent_ln0' <Predicate = true> <Delay = 0.00>
ST_1 : Operation 24 [1/1] (0.00ns)   --->   "%specinterface_ln0 = specinterface void @_ssdm_op_SpecInterface, i32 %g0, void @empty_26, i32 0, i32 0, void @empty_35, i32 0, i32 0, void @empty_22, void @empty_25, void @empty_35, i32 16, i32 16, i32 16, i32 16, void @empty_35, void @empty_35, i32 4294967295, i32 0, i32 0, i32 4"   --->   Operation 24 'specinterface' 'specinterface_ln0' <Predicate = true> <Delay = 0.00>
ST_1 : Operation 25 [1/1] (0.42ns)   --->   "%store_ln0 = store i15 0, i15 %indvar_flatten13"   --->   Operation 25 'store' 'store_ln0' <Predicate = true> <Delay = 0.42>
ST_1 : Operation 26 [1/1] (0.42ns)   --->   "%store_ln911 = store i4 0, i4 %v372" [spikingformer_official.cpp:911]   --->   Operation 26 'store' 'store_ln911' <Predicate = true> <Delay = 0.42>
ST_1 : Operation 27 [1/1] (0.42ns)   --->   "%store_ln0 = store i13 0, i13 %indvar_flatten"   --->   Operation 27 'store' 'store_ln0' <Predicate = true> <Delay = 0.42>
ST_1 : Operation 28 [1/1] (0.42ns)   --->   "%store_ln912 = store i7 0, i7 %v373" [spikingformer_official.cpp:912]   --->   Operation 28 'store' 'store_ln912' <Predicate = true> <Delay = 0.42>
ST_1 : Operation 29 [1/1] (0.42ns)   --->   "%store_ln913 = store i6 0, i6 %v374" [spikingformer_official.cpp:913]   --->   Operation 29 'store' 'store_ln913' <Predicate = true> <Delay = 0.42>
ST_1 : Operation 30 [1/1] (0.42ns)   --->   "%br_ln0 = br void %for.inc"   --->   Operation 30 'br' 'br_ln0' <Predicate = true> <Delay = 0.42>

State 2 <SV = 1> <Delay = 4.00>
ST_2 : Operation 31 [1/1] (0.00ns)   --->   "%first_iter_0 = phi i1 1, void %newFuncRoot, i1 0, void %for.inc.split"   --->   Operation 31 'phi' 'first_iter_0' <Predicate = true> <Delay = 0.00>
ST_2 : Operation 32 [1/1] (0.00ns)   --->   "%v374_1 = load i6 %v374" [spikingformer_official.cpp:913]   --->   Operation 32 'load' 'v374_1' <Predicate = true> <Delay = 0.00>
ST_2 : Operation 33 [1/1] (0.00ns)   --->   "%indvar_flatten_load = load i13 %indvar_flatten" [spikingformer_official.cpp:912]   --->   Operation 33 'load' 'indvar_flatten_load' <Predicate = true> <Delay = 0.00>
ST_2 : Operation 34 [1/1] (0.00ns)   --->   "%indvar_flatten13_load = load i15 %indvar_flatten13" [spikingformer_official.cpp:911]   --->   Operation 34 'load' 'indvar_flatten13_load' <Predicate = true> <Delay = 0.00>
ST_2 : Operation 35 [1/1] (0.84ns)   --->   "%icmp_ln911 = icmp_eq  i15 %indvar_flatten13_load, i15 24576" [spikingformer_official.cpp:911]   --->   Operation 35 'icmp' 'icmp_ln911' <Predicate = true> <Delay = 0.84> <CoreInst = "Cmp">   --->   Core 9 'Cmp' <Latency = 0> <II = 1> <Delay = 0.84> <FuncUnit> <Opcode : 'seteq' 'setne' 'setle' 'setge' 'setlt' 'setgt'> <InPorts = 2> <OutPorts = 1>
ST_2 : Operation 36 [1/1] (0.84ns)   --->   "%add_ln911_1 = add i15 %indvar_flatten13_load, i15 1" [spikingformer_official.cpp:911]   --->   Operation 36 'add' 'add_ln911_1' <Predicate = true> <Delay = 0.84> <CoreInst = "Adder">   --->   Core 1 'Adder' <Latency = 0> <II = 1> <Delay = 0.84> <FuncUnit> <Opcode : 'add' 'sub'> <InPorts = 2> <OutPorts = 1>
ST_2 : Operation 37 [1/1] (0.00ns)   --->   "%br_ln911 = br i1 %icmp_ln911, void %for.inc23, void %for.end25.exitStub" [spikingformer_official.cpp:911]   --->   Operation 37 'br' 'br_ln911' <Predicate = true> <Delay = 0.00>
ST_2 : Operation 38 [1/1] (0.00ns)   --->   "%v373_load = load i7 %v373" [spikingformer_official.cpp:911]   --->   Operation 38 'load' 'v373_load' <Predicate = (!icmp_ln911)> <Delay = 0.00>
ST_2 : Operation 39 [1/1] (0.00ns)   --->   "%v372_load = load i4 %v372" [spikingformer_official.cpp:911]   --->   Operation 39 'load' 'v372_load' <Predicate = (!icmp_ln911)> <Delay = 0.00>
ST_2 : Operation 40 [1/1] (0.79ns)   --->   "%add_ln911 = add i4 %v372_load, i4 1" [spikingformer_official.cpp:911]   --->   Operation 40 'add' 'add_ln911' <Predicate = (!icmp_ln911)> <Delay = 0.79> <CoreInst = "Adder">   --->   Core 1 'Adder' <Latency = 0> <II = 1> <Delay = 0.79> <FuncUnit> <Opcode : 'add' 'sub'> <InPorts = 2> <OutPorts = 1>
ST_2 : Operation 41 [1/1] (0.82ns)   --->   "%icmp_ln912 = icmp_eq  i13 %indvar_flatten_load, i13 2048" [spikingformer_official.cpp:912]   --->   Operation 41 'icmp' 'icmp_ln912' <Predicate = (!icmp_ln911)> <Delay = 0.82> <CoreInst = "Cmp">   --->   Core 9 'Cmp' <Latency = 0> <II = 1> <Delay = 0.82> <FuncUnit> <Opcode : 'seteq' 'setne' 'setle' 'setge' 'setlt' 'setgt'> <InPorts = 2> <OutPorts = 1>
ST_2 : Operation 42 [1/1] (0.36ns)   --->   "%select_ln911 = select i1 %icmp_ln912, i7 0, i7 %v373_load" [spikingformer_official.cpp:911]   --->   Operation 42 'select' 'select_ln911' <Predicate = (!icmp_ln911)> <Delay = 0.36> <CoreInst = "Sel">   --->   Core 73 'Sel' <Latency = 0> <II = 1> <Delay = 0.36> <FuncUnit> <Opcode : 'select'> <InPorts = 3> <OutPorts = 1>
ST_2 : Operation 43 [1/1] (0.00ns) (grouped into LUT with out node first_iter_0_mid2)   --->   "%or_ln911 = or i1 %icmp_ln912, i1 %first_iter_0" [spikingformer_official.cpp:911]   --->   Operation 43 'or' 'or_ln911' <Predicate = (!icmp_ln911)> <Delay = 0.00> <CoreInst = "LogicGate">   --->   Core 74 'LogicGate' <Latency = 0> <II = 1> <Delay = 0.28> <FuncUnit> <Opcode : 'and' 'or' 'xor'> <InPorts = 2> <OutPorts = 1>
ST_2 : Operation 44 [1/1] (0.00ns) (grouped into LUT with out node and_ln911)   --->   "%xor_ln911 = xor i1 %icmp_ln912, i1 1" [spikingformer_official.cpp:911]   --->   Operation 44 'xor' 'xor_ln911' <Predicate = (!icmp_ln911)> <Delay = 0.00> <CoreInst = "LogicGate">   --->   Core 74 'LogicGate' <Latency = 0> <II = 1> <Delay = 0.28> <FuncUnit> <Opcode : 'and' 'or' 'xor'> <InPorts = 2> <OutPorts = 1>
ST_2 : Operation 45 [1/1] (0.78ns)   --->   "%icmp_ln913 = icmp_eq  i6 %v374_1, i6 32" [spikingformer_official.cpp:913]   --->   Operation 45 'icmp' 'icmp_ln913' <Predicate = (!icmp_ln911)> <Delay = 0.78> <CoreInst = "Cmp">   --->   Core 9 'Cmp' <Latency = 0> <II = 1> <Delay = 0.78> <FuncUnit> <Opcode : 'seteq' 'setne' 'setle' 'setge' 'setlt' 'setgt'> <InPorts = 2> <OutPorts = 1>
ST_2 : Operation 46 [1/1] (0.28ns) (out node of the LUT)   --->   "%and_ln911 = and i1 %icmp_ln913, i1 %xor_ln911" [spikingformer_official.cpp:911]   --->   Operation 46 'and' 'and_ln911' <Predicate = (!icmp_ln911)> <Delay = 0.28> <CoreInst = "LogicGate">   --->   Core 74 'LogicGate' <Latency = 0> <II = 1> <Delay = 0.28> <FuncUnit> <Opcode : 'and' 'or' 'xor'> <InPorts = 2> <OutPorts = 1>
ST_2 : Operation 47 [1/1] (0.39ns)   --->   "%select_ln911_1 = select i1 %icmp_ln912, i4 %add_ln911, i4 %v372_load" [spikingformer_official.cpp:911]   --->   Operation 47 'select' 'select_ln911_1' <Predicate = (!icmp_ln911)> <Delay = 0.39> <CoreInst = "Sel">   --->   Core 73 'Sel' <Latency = 0> <II = 1> <Delay = 0.39> <FuncUnit> <Opcode : 'select'> <InPorts = 3> <OutPorts = 1>
ST_2 : Operation 48 [1/1] (0.77ns)   --->   "%add_ln912 = add i7 %select_ln911, i7 1" [spikingformer_official.cpp:912]   --->   Operation 48 'add' 'add_ln912' <Predicate = (!icmp_ln911)> <Delay = 0.77> <CoreInst = "Adder">   --->   Core 1 'Adder' <Latency = 0> <II = 1> <Delay = 0.77> <FuncUnit> <Opcode : 'add' 'sub'> <InPorts = 2> <OutPorts = 1>
ST_2 : Operation 49 [1/1] (0.28ns) (out node of the LUT)   --->   "%first_iter_0_mid2 = or i1 %and_ln911, i1 %or_ln911" [spikingformer_official.cpp:911]   --->   Operation 49 'or' 'first_iter_0_mid2' <Predicate = (!icmp_ln911)> <Delay = 0.28> <CoreInst = "LogicGate">   --->   Core 74 'LogicGate' <Latency = 0> <II = 1> <Delay = 0.28> <FuncUnit> <Opcode : 'and' 'or' 'xor'> <InPorts = 2> <OutPorts = 1>
ST_2 : Operation 50 [1/1] (0.36ns)   --->   "%select_ln912 = select i1 %and_ln911, i7 %add_ln912, i7 %select_ln911" [spikingformer_official.cpp:912]   --->   Operation 50 'select' 'select_ln912' <Predicate = (!icmp_ln911)> <Delay = 0.36> <CoreInst = "Sel">   --->   Core 73 'Sel' <Latency = 0> <II = 1> <Delay = 0.36> <FuncUnit> <Opcode : 'select'> <InPorts = 3> <OutPorts = 1>
ST_2 : Operation 51 [1/1] (0.00ns)   --->   "%shl_ln = bitconcatenate i11 @_ssdm_op_BitConcatenate.i11.i4.i7, i4 %select_ln911_1, i7 0" [spikingformer_official.cpp:913]   --->   Operation 51 'bitconcatenate' 'shl_ln' <Predicate = (!icmp_ln911)> <Delay = 0.00>
ST_2 : Operation 52 [1/1] (0.00ns)   --->   "%zext_ln912 = zext i11 %shl_ln" [spikingformer_official.cpp:912]   --->   Operation 52 'zext' 'zext_ln912' <Predicate = (!icmp_ln911)> <Delay = 0.00>
ST_2 : Operation 53 [1/1] (0.00ns)   --->   "%p_shl = bitconcatenate i18 @_ssdm_op_BitConcatenate.i18.i7.i11, i7 %select_ln912, i11 0" [spikingformer_official.cpp:913]   --->   Operation 53 'bitconcatenate' 'p_shl' <Predicate = (!icmp_ln911)> <Delay = 0.00>
ST_2 : Operation 54 [1/1] (0.00ns)   --->   "%tmp = bitconcatenate i16 @_ssdm_op_BitConcatenate.i16.i7.i9, i7 %select_ln912, i9 0" [spikingformer_official.cpp:913]   --->   Operation 54 'bitconcatenate' 'tmp' <Predicate = (!icmp_ln911)> <Delay = 0.00>
ST_2 : Operation 55 [1/1] (0.00ns)   --->   "%zext_ln913_1 = zext i16 %tmp" [spikingformer_official.cpp:913]   --->   Operation 55 'zext' 'zext_ln913_1' <Predicate = (!icmp_ln911)> <Delay = 0.00>
ST_2 : Operation 56 [1/1] (0.87ns)   --->   "%sub_ln913 = sub i18 %p_shl, i18 %zext_ln913_1" [spikingformer_official.cpp:913]   --->   Operation 56 'sub' 'sub_ln913' <Predicate = (!icmp_ln911)> <Delay = 0.87> <CoreInst = "Adder">   --->   Core 1 'Adder' <Latency = 0> <II = 1> <Delay = 0.87> <FuncUnit> <Opcode : 'add' 'sub'> <InPorts = 2> <OutPorts = 1>
ST_2 : Operation 57 [1/1] (0.00ns)   --->   "%zext_ln913 = zext i18 %sub_ln913" [spikingformer_official.cpp:913]   --->   Operation 57 'zext' 'zext_ln913' <Predicate = (!icmp_ln911)> <Delay = 0.00>
ST_2 : Operation 58 [1/1] (0.00ns) (grouped into TernaryAdder)   --->   "%add_ln913 = add i64 %zext_ln913, i64 %v370_read" [spikingformer_official.cpp:913]   --->   Operation 58 'add' 'add_ln913' <Predicate = (!icmp_ln911)> <Delay = 0.00> <CoreInst = "TAddSub">   --->   Core 10 'TAddSub' <Latency = 0> <II = 1> <Delay = 0.40> <IPBlock> <Opcode : 'add' 'sub'> <InPorts = 3> <OutPorts = 1> <Sync> <CReg>
ST_2 : Operation 59 [1/1] (0.81ns) (root node of TernaryAdder)   --->   "%add_ln913_1 = add i64 %add_ln913, i64 %zext_ln912" [spikingformer_official.cpp:913]   --->   Operation 59 'add' 'add_ln913_1' <Predicate = (!icmp_ln911)> <Delay = 0.81> <CoreInst = "TAddSub">   --->   Core 10 'TAddSub' <Latency = 0> <II = 1> <Delay = 0.40> <IPBlock> <Opcode : 'add' 'sub'> <InPorts = 3> <OutPorts = 1> <Sync> <CReg>
ST_2 : Operation 60 [1/1] (0.00ns)   --->   "%trunc_ln = partselect i62 @_ssdm_op_PartSelect.i62.i64.i32.i32, i64 %add_ln913_1, i32 2, i32 63" [spikingformer_official.cpp:913]   --->   Operation 60 'partselect' 'trunc_ln' <Predicate = (!icmp_ln911)> <Delay = 0.00>
ST_2 : Operation 61 [1/1] (0.00ns)   --->   "%sext_ln913 = sext i62 %trunc_ln" [spikingformer_official.cpp:913]   --->   Operation 61 'sext' 'sext_ln913' <Predicate = (!icmp_ln911)> <Delay = 0.00>
ST_2 : Operation 62 [1/1] (0.00ns)   --->   "%g0_addr_13 = getelementptr i32 %g0, i64 %sext_ln913" [spikingformer_official.cpp:913]   --->   Operation 62 'getelementptr' 'g0_addr_13' <Predicate = (!icmp_ln911)> <Delay = 0.00>
ST_2 : Operation 63 [1/1] (0.00ns)   --->   "%br_ln913 = br i1 %first_iter_0_mid2, void %for.inc.split, void %new.body.VITIS_LOOP_913_3" [spikingformer_official.cpp:913]   --->   Operation 63 'br' 'br_ln913' <Predicate = (!icmp_ln911)> <Delay = 0.00>
ST_2 : Operation 64 [1/1] (0.78ns)   --->   "%add_ln913_2 = add i6 %v374_1, i6 1" [spikingformer_official.cpp:913]   --->   Operation 64 'add' 'add_ln913_2' <Predicate = (!icmp_ln911)> <Delay = 0.78> <CoreInst = "Adder">   --->   Core 1 'Adder' <Latency = 0> <II = 1> <Delay = 0.78> <FuncUnit> <Opcode : 'add' 'sub'> <InPorts = 2> <OutPorts = 1>
ST_2 : Operation 65 [1/1] (0.00ns) (grouped into LUT with out node select_ln913)   --->   "%or_ln913 = or i1 %and_ln911, i1 %icmp_ln912" [spikingformer_official.cpp:913]   --->   Operation 65 'or' 'or_ln913' <Predicate = (!icmp_ln911)> <Delay = 0.00> <CoreInst = "LogicGate">   --->   Core 74 'LogicGate' <Latency = 0> <II = 1> <Delay = 0.28> <FuncUnit> <Opcode : 'and' 'or' 'xor'> <InPorts = 2> <OutPorts = 1>
ST_2 : Operation 66 [1/1] (0.38ns) (out node of the LUT)   --->   "%select_ln913 = select i1 %or_ln913, i6 1, i6 %add_ln913_2" [spikingformer_official.cpp:913]   --->   Operation 66 'select' 'select_ln913' <Predicate = (!icmp_ln911)> <Delay = 0.38> <CoreInst = "Sel">   --->   Core 73 'Sel' <Latency = 0> <II = 1> <Delay = 0.38> <FuncUnit> <Opcode : 'select'> <InPorts = 3> <OutPorts = 1>
ST_2 : Operation 67 [1/1] (0.82ns)   --->   "%add_ln912_1 = add i13 %indvar_flatten_load, i13 1" [spikingformer_official.cpp:912]   --->   Operation 67 'add' 'add_ln912_1' <Predicate = (!icmp_ln911)> <Delay = 0.82> <CoreInst = "Adder">   --->   Core 1 'Adder' <Latency = 0> <II = 1> <Delay = 0.82> <FuncUnit> <Opcode : 'add' 'sub'> <InPorts = 2> <OutPorts = 1>
ST_2 : Operation 68 [1/1] (0.30ns)   --->   "%select_ln912_1 = select i1 %icmp_ln912, i13 1, i13 %add_ln912_1" [spikingformer_official.cpp:912]   --->   Operation 68 'select' 'select_ln912_1' <Predicate = (!icmp_ln911)> <Delay = 0.30> <CoreInst = "Sel">   --->   Core 73 'Sel' <Latency = 0> <II = 1> <Delay = 0.30> <FuncUnit> <Opcode : 'select'> <InPorts = 3> <OutPorts = 1>
ST_2 : Operation 69 [1/1] (0.42ns)   --->   "%store_ln911 = store i15 %add_ln911_1, i15 %indvar_flatten13" [spikingformer_official.cpp:911]   --->   Operation 69 'store' 'store_ln911' <Predicate = (!icmp_ln911)> <Delay = 0.42>
ST_2 : Operation 70 [1/1] (0.42ns)   --->   "%store_ln911 = store i4 %select_ln911_1, i4 %v372" [spikingformer_official.cpp:911]   --->   Operation 70 'store' 'store_ln911' <Predicate = (!icmp_ln911)> <Delay = 0.42>
ST_2 : Operation 71 [1/1] (0.42ns)   --->   "%store_ln912 = store i13 %select_ln912_1, i13 %indvar_flatten" [spikingformer_official.cpp:912]   --->   Operation 71 'store' 'store_ln912' <Predicate = (!icmp_ln911)> <Delay = 0.42>
ST_2 : Operation 72 [1/1] (0.42ns)   --->   "%store_ln912 = store i7 %select_ln912, i7 %v373" [spikingformer_official.cpp:912]   --->   Operation 72 'store' 'store_ln912' <Predicate = (!icmp_ln911)> <Delay = 0.42>
ST_2 : Operation 73 [1/1] (0.42ns)   --->   "%store_ln913 = store i6 %select_ln913, i6 %v374" [spikingformer_official.cpp:913]   --->   Operation 73 'store' 'store_ln913' <Predicate = (!icmp_ln911)> <Delay = 0.42>
ST_2 : Operation 74 [1/1] (0.00ns)   --->   "%br_ln913 = br void %for.inc" [spikingformer_official.cpp:913]   --->   Operation 74 'br' 'br_ln913' <Predicate = (!icmp_ln911)> <Delay = 0.00>

State 3 <SV = 2> <Delay = 0.00>
ST_3 : Operation 75 [8/8] (7.30ns)   --->   "%empty = readreq i1 @_ssdm_op_ReadReq.m_axi.p1i32, i32 %g0_addr_13, i64 32" [spikingformer_official.cpp:913]   --->   Operation 75 'readreq' 'empty' <Predicate = (first_iter_0_mid2)> <Delay = 7.30> <CoreInst = "m_axi">   --->   Core 119 'm_axi' <Latency = 6> <II = 1> <Delay = 1.00> <Adapter> <Opcode : 'readrequnaligned' 'writerequnaligned' 'read' 'write' 'readreq' 'writereq' 'writeresp'>

State 4 <SV = 3> <Delay = 0.00>
ST_4 : Operation 76 [7/8] (7.30ns)   --->   "%empty = readreq i1 @_ssdm_op_ReadReq.m_axi.p1i32, i32 %g0_addr_13, i64 32" [spikingformer_official.cpp:913]   --->   Operation 76 'readreq' 'empty' <Predicate = (first_iter_0_mid2)> <Delay = 7.30> <CoreInst = "m_axi">   --->   Core 119 'm_axi' <Latency = 6> <II = 1> <Delay = 1.00> <Adapter> <Opcode : 'readrequnaligned' 'writerequnaligned' 'read' 'write' 'readreq' 'writereq' 'writeresp'>

State 5 <SV = 4> <Delay = 0.00>
ST_5 : Operation 77 [6/8] (7.30ns)   --->   "%empty = readreq i1 @_ssdm_op_ReadReq.m_axi.p1i32, i32 %g0_addr_13, i64 32" [spikingformer_official.cpp:913]   --->   Operation 77 'readreq' 'empty' <Predicate = (first_iter_0_mid2)> <Delay = 7.30> <CoreInst = "m_axi">   --->   Core 119 'm_axi' <Latency = 6> <II = 1> <Delay = 1.00> <Adapter> <Opcode : 'readrequnaligned' 'writerequnaligned' 'read' 'write' 'readreq' 'writereq' 'writeresp'>

State 6 <SV = 5> <Delay = 0.00>
ST_6 : Operation 78 [5/8] (7.30ns)   --->   "%empty = readreq i1 @_ssdm_op_ReadReq.m_axi.p1i32, i32 %g0_addr_13, i64 32" [spikingformer_official.cpp:913]   --->   Operation 78 'readreq' 'empty' <Predicate = (first_iter_0_mid2)> <Delay = 7.30> <CoreInst = "m_axi">   --->   Core 119 'm_axi' <Latency = 6> <II = 1> <Delay = 1.00> <Adapter> <Opcode : 'readrequnaligned' 'writerequnaligned' 'read' 'write' 'readreq' 'writereq' 'writeresp'>

State 7 <SV = 6> <Delay = 0.00>
ST_7 : Operation 79 [4/8] (7.30ns)   --->   "%empty = readreq i1 @_ssdm_op_ReadReq.m_axi.p1i32, i32 %g0_addr_13, i64 32" [spikingformer_official.cpp:913]   --->   Operation 79 'readreq' 'empty' <Predicate = (first_iter_0_mid2)> <Delay = 7.30> <CoreInst = "m_axi">   --->   Core 119 'm_axi' <Latency = 6> <II = 1> <Delay = 1.00> <Adapter> <Opcode : 'readrequnaligned' 'writerequnaligned' 'read' 'write' 'readreq' 'writereq' 'writeresp'>

State 8 <SV = 7> <Delay = 0.00>
ST_8 : Operation 80 [3/8] (7.30ns)   --->   "%empty = readreq i1 @_ssdm_op_ReadReq.m_axi.p1i32, i32 %g0_addr_13, i64 32" [spikingformer_official.cpp:913]   --->   Operation 80 'readreq' 'empty' <Predicate = (first_iter_0_mid2)> <Delay = 7.30> <CoreInst = "m_axi">   --->   Core 119 'm_axi' <Latency = 6> <II = 1> <Delay = 1.00> <Adapter> <Opcode : 'readrequnaligned' 'writerequnaligned' 'read' 'write' 'readreq' 'writereq' 'writeresp'>

State 9 <SV = 8> <Delay = 0.00>
ST_9 : Operation 81 [2/8] (7.30ns)   --->   "%empty = readreq i1 @_ssdm_op_ReadReq.m_axi.p1i32, i32 %g0_addr_13, i64 32" [spikingformer_official.cpp:913]   --->   Operation 81 'readreq' 'empty' <Predicate = (first_iter_0_mid2)> <Delay = 7.30> <CoreInst = "m_axi">   --->   Core 119 'm_axi' <Latency = 6> <II = 1> <Delay = 1.00> <Adapter> <Opcode : 'readrequnaligned' 'writerequnaligned' 'read' 'write' 'readreq' 'writereq' 'writeresp'>

State 10 <SV = 9> <Delay = 7.30>
ST_10 : Operation 82 [1/8] ( I:7.30ns O:7.30ns )   --->   "%empty = readreq i1 @_ssdm_op_ReadReq.m_axi.p1i32, i32 %g0_addr_13, i64 32" [spikingformer_official.cpp:913]   --->   Operation 82 'readreq' 'empty' <Predicate = (first_iter_0_mid2)> <Delay = 7.30> <CoreInst = "m_axi">   --->   Core 119 'm_axi' <Latency = 6> <II = 1> <Delay = 1.00> <Adapter> <Opcode : 'readrequnaligned' 'writerequnaligned' 'read' 'write' 'readreq' 'writereq' 'writeresp'>
ST_10 : Operation 83 [1/1] (0.00ns)   --->   "%br_ln913 = br void %for.inc.split" [spikingformer_official.cpp:913]   --->   Operation 83 'br' 'br_ln913' <Predicate = (first_iter_0_mid2)> <Delay = 0.00>

State 11 <SV = 10> <Delay = 7.30>
ST_11 : Operation 84 [1/1] ( I:7.30ns O:7.30ns )   --->   "%v375 = read i32 @_ssdm_op_Read.m_axi.i32.p1i32, i32 %g0_addr_13" [spikingformer_official.cpp:917]   --->   Operation 84 'read' 'v375' <Predicate = (!icmp_ln911)> <Delay = 7.30> <CoreInst = "m_axi">   --->   Core 119 'm_axi' <Latency = 3> <II = 1> <Delay = 1.00> <Adapter> <Opcode : 'readrequnaligned' 'writerequnaligned' 'read' 'write' 'readreq' 'writereq' 'writeresp'>
ST_11 : Operation 90 [1/1] (0.42ns)   --->   "%ret_ln0 = ret"   --->   Operation 90 'ret' 'ret_ln0' <Predicate = (icmp_ln911)> <Delay = 0.42>

State 12 <SV = 11> <Delay = 7.30>
ST_12 : Operation 85 [1/1] (0.00ns)   --->   "%g0_addr = getelementptr i32 %g0, i64 %sext_ln911_cast" [spikingformer_official.cpp:911]   --->   Operation 85 'getelementptr' 'g0_addr' <Predicate = true> <Delay = 0.00>
ST_12 : Operation 86 [1/1] (0.00ns)   --->   "%specloopname_ln0 = specloopname void @_ssdm_op_SpecLoopName, void @VITIS_LOOP_911_1_VITIS_LOOP_912_2_VITIS_LOOP_913_3_str"   --->   Operation 86 'specloopname' 'specloopname_ln0' <Predicate = true> <Delay = 0.00>
ST_12 : Operation 87 [1/1] (0.00ns)   --->   "%speclooptripcount_ln0 = speclooptripcount void @_ssdm_op_SpecLoopTripCount, i64 24576, i64 24576, i64 24576"   --->   Operation 87 'speclooptripcount' 'speclooptripcount_ln0' <Predicate = true> <Delay = 0.00>
ST_12 : Operation 88 [1/1] (0.00ns)   --->   "%specpipeline_ln914 = specpipeline void @_ssdm_op_SpecPipeline, i32 1, i32 0, i32 0, i32 0, i32 4294967295, void @empty_35" [spikingformer_official.cpp:914]   --->   Operation 88 'specpipeline' 'specpipeline_ln914' <Predicate = (!icmp_ln911)> <Delay = 0.00>
ST_12 : Operation 89 [1/1] ( I:7.30ns O:7.30ns )   --->   "%write_ln918 = write void @_ssdm_op_Write.m_axi.p1i32.i32, i32 %g0_addr, i32 %v375, i4 15" [spikingformer_official.cpp:918]   --->   Operation 89 'write' 'write_ln918' <Predicate = (!icmp_ln911)> <Delay = 7.30> <CoreInst = "m_axi">   --->   Core 119 'm_axi' <Latency = 5> <II = 1> <Delay = 1.00> <Adapter> <Opcode : 'readrequnaligned' 'writerequnaligned' 'read' 'write' 'readreq' 'writereq' 'writeresp'>


============================================================
+ Verbose Summary: Timing violations
============================================================
Target clock period: 10.000ns, clock uncertainty: 2.700ns.

 <State 1>: 0.427ns
The critical path consists of the following:
	'alloca' operation 15 bit ('indvar_flatten13') [9]  (0.000 ns)
	'store' operation ('store_ln0') of constant 0 15 bit on local variable 'indvar_flatten13' [16]  (0.427 ns)

 <State 2>: 4.005ns
The critical path consists of the following:
	'load' operation 13 bit ('indvar_flatten_load', spikingformer_official.cpp:912) on local variable 'indvar_flatten' [25]  (0.000 ns)
	'icmp' operation 1 bit ('icmp_ln912', spikingformer_official.cpp:912) [37]  (0.820 ns)
	'select' operation 7 bit ('select_ln911', spikingformer_official.cpp:911) [38]  (0.360 ns)
	'add' operation 7 bit ('add_ln912', spikingformer_official.cpp:912) [44]  (0.773 ns)
	'select' operation 7 bit ('select_ln912', spikingformer_official.cpp:912) [46]  (0.360 ns)
	'sub' operation 18 bit ('sub_ln913', spikingformer_official.cpp:913) [52]  (0.873 ns)
	'add' operation 64 bit ('add_ln913', spikingformer_official.cpp:913) [54]  (0.000 ns)
	'add' operation 64 bit ('add_ln913_1', spikingformer_official.cpp:913) [55]  (0.819 ns)

 <State 3>: 0.000ns
The critical path consists of the following:

 <State 4>: 0.000ns
The critical path consists of the following:

 <State 5>: 0.000ns
The critical path consists of the following:

 <State 6>: 0.000ns
The critical path consists of the following:

 <State 7>: 0.000ns
The critical path consists of the following:

 <State 8>: 0.000ns
The critical path consists of the following:

 <State 9>: 0.000ns
The critical path consists of the following:

 <State 10>: 7.300ns
The critical path consists of the following:
	bus request operation ('empty', spikingformer_official.cpp:913) on port 'g0' (spikingformer_official.cpp:913) [61]  (7.300 ns)

 <State 11>: 7.300ns
The critical path consists of the following:
	bus read operation ('v375', spikingformer_official.cpp:917) on port 'g0' (spikingformer_official.cpp:917) [65]  (7.300 ns)

 <State 12>: 7.300ns
The critical path consists of the following:
	'getelementptr' operation 32 bit ('g0_addr', spikingformer_official.cpp:911) [33]  (0.000 ns)
	bus write operation ('write_ln918', spikingformer_official.cpp:918) on port 'g0' (spikingformer_official.cpp:918) [66]  (7.300 ns)


============================================================
+ Verbose Summary: Binding
============================================================
N/A
* FSMD analyzer results:
  - Output states:
 - Input state : 
  - Chain level:
	State 1
	State 2
	State 3
	State 4
	State 5
	State 6
	State 7
	State 8
	State 9
	State 10
	State 11
	State 12


============================================================
+ Verbose Summary: Datapath Resource usage 
============================================================
N/A
