

================================================================
== Vitis HLS Report for 'kernel25_Pipeline_VITIS_LOOP_373_1_VITIS_LOOP_374_2_VITIS_LOOP_375_3'
================================================================
* Date:           Sun Jul 12 20:26:10 2026

* Version:        2025.2 (Build 6295257 on Nov 14 2025)
* Project:        spikingformer_proj
* Solution:       solution1 (Vivado IP Flow Target)
* Product family: zynquplus
* Target device:  xczu7ev-ffvc1156-2-e


================================================================
== Performance Estimates
================================================================
+ Timing: 
    * Summary: 
    +--------+----------+----------+------------+
    |  Clock |  Target  | Estimated| Uncertainty|
    +--------+----------+----------+------------+
    |ap_clk  |  10.00 ns|  7.300 ns|     2.70 ns|
    +--------+----------+----------+------------+

+ Latency: 
    * Summary: 
    +---------+---------+----------+----------+-----+-----+-------------------+
    |  Latency (cycles) |  Latency (absolute) |  Interval |      Pipeline     |
    |   min   |   max   |    min   |    max   | min | max |        Type       |
    +---------+---------+----------+----------+-----+-----+-------------------+
    |    98307|    98307|  0.983 ms|  0.983 ms|    0|    0|  loop pipeline stp|
    +---------+---------+----------+----------+-----+-----+-------------------+

    + Detail: 
        * Instance: 
        N/A

        * Loop: 
        +------------------------------------------------------+---------+---------+----------+-----------+-----------+-------+----------+
        |                                                      |  Latency (cycles) | Iteration|  Initiation Interval  |  Trip |          |
        |                       Loop Name                      |   min   |   max   |  Latency |  achieved |   target  | Count | Pipelined|
        +------------------------------------------------------+---------+---------+----------+-----------+-----------+-------+----------+
        |- VITIS_LOOP_373_1_VITIS_LOOP_374_2_VITIS_LOOP_375_3  |    98305|    98305|         3|          1|          1|  98304|       yes|
        +------------------------------------------------------+---------+---------+----------+-----------+-----------+-------+----------+

============================================================
+ Verbose Summary: Synthesis Manager
============================================================
InlineROM: 1
ExposeGlobal: 0
============================================================
+ Verbose Summary: CDFG Model
============================================================
IsTopModel: 0
ResetActiveHigh: 1
IsCombinational: 0
IsDatapathOnly: 0
HasWiredReturn: 1
HasMFsm: 2
HasVarLatency: 1
IsPipeline: 0
IsRtlPipelined: 0
IsInstanceOverlapped: 0
IsDontTouch: 0
HasImplIP: 0
IsGatedGlobalClock: 0

+ Individual pipeline summary: 
  * Pipeline-0: initiation interval (II) = 1, depth = 4


============================================================
+ Verbose Summary: Schedule
============================================================
* Number of FSM states : 4
* Pipeline : 1
  Pipeline-0 : II = 1, D = 4, States = { 1 2 3 4 }
* Dataflow Pipeline: 0

* FSM state transitions: 
1 --> 2 
2 --> 3 
3 --> 4 
4 --> 

* FSM state operations: 

State 1 <SV = 0> <Delay = 0.42>
ST_1 : Operation 6 [1/1] (0.00ns)   --->   "%v151 = alloca i32 1" [spikingformer_official.cpp:375]   --->   Operation 6 'alloca' 'v151' <Predicate = true> <Delay = 0.00>
ST_1 : Operation 7 [1/1] (0.00ns)   --->   "%indvar_flatten = alloca i32 1"   --->   Operation 7 'alloca' 'indvar_flatten' <Predicate = true> <Delay = 0.00>
ST_1 : Operation 8 [1/1] (0.00ns)   --->   "%v149 = alloca i32 1" [spikingformer_official.cpp:373]   --->   Operation 8 'alloca' 'v149' <Predicate = true> <Delay = 0.00>
ST_1 : Operation 9 [1/1] (0.00ns)   --->   "%indvar_flatten18 = alloca i32 1"   --->   Operation 9 'alloca' 'indvar_flatten18' <Predicate = true> <Delay = 0.00>
ST_1 : Operation 10 [1/1] (0.00ns)   --->   "%v1522 = alloca i32 1"   --->   Operation 10 'alloca' 'v1522' <Predicate = true> <Delay = 0.00>
ST_1 : Operation 11 [1/1] (0.00ns)   --->   "%sext_ln373_read = read i62 @_ssdm_op_Read.ap_auto.i62, i62 %sext_ln373"   --->   Operation 11 'read' 'sext_ln373_read' <Predicate = true> <Delay = 0.00>
ST_1 : Operation 12 [1/1] (0.00ns)   --->   "%sext_ln373_cast = sext i62 %sext_ln373_read"   --->   Operation 12 'sext' 'sext_ln373_cast' <Predicate = true> <Delay = 0.00>
ST_1 : Operation 13 [1/1] (0.00ns)   --->   "%specstablecontent_ln0 = specstablecontent void @_ssdm_op_SpecStableContent, i32 %g0, i1 1, void "   --->   Operation 13 'specstablecontent' 'specstablecontent_ln0' <Predicate = true> <Delay = 0.00>
ST_1 : Operation 14 [1/1] (0.00ns)   --->   "%specinterface_ln0 = specinterface void @_ssdm_op_SpecInterface, i32 %g0, void @empty_26, i32 0, i32 0, void @empty_35, i32 0, i32 0, void @empty_22, void @empty_25, void @empty_35, i32 16, i32 16, i32 16, i32 16, void @empty_35, void @empty_35, i32 4294967295, i32 0, i32 0, i32 4"   --->   Operation 14 'specinterface' 'specinterface_ln0' <Predicate = true> <Delay = 0.00>
ST_1 : Operation 15 [1/1] (0.42ns)   --->   "%store_ln0 = store i17 0, i17 %indvar_flatten18"   --->   Operation 15 'store' 'store_ln0' <Predicate = true> <Delay = 0.42>
ST_1 : Operation 16 [1/1] (0.42ns)   --->   "%store_ln373 = store i11 0, i11 %v149" [spikingformer_official.cpp:373]   --->   Operation 16 'store' 'store_ln373' <Predicate = true> <Delay = 0.42>
ST_1 : Operation 17 [1/1] (0.42ns)   --->   "%store_ln0 = store i8 0, i8 %indvar_flatten"   --->   Operation 17 'store' 'store_ln0' <Predicate = true> <Delay = 0.42>
ST_1 : Operation 18 [1/1] (0.42ns)   --->   "%store_ln375 = store i4 0, i4 %v151" [spikingformer_official.cpp:375]   --->   Operation 18 'store' 'store_ln375' <Predicate = true> <Delay = 0.42>
ST_1 : Operation 19 [1/1] (0.42ns)   --->   "%br_ln0 = br void %for.inc"   --->   Operation 19 'br' 'br_ln0' <Predicate = true> <Delay = 0.42>

State 2 <SV = 1> <Delay = 2.42>
ST_2 : Operation 20 [1/1] (0.00ns)   --->   "%first_iter_1 = phi i1 1, void %newFuncRoot, i1 %or_ln374_1, void %for.inc.split" [spikingformer_official.cpp:374]   --->   Operation 20 'phi' 'first_iter_1' <Predicate = true> <Delay = 0.00>
ST_2 : Operation 21 [1/1] (0.00ns)   --->   "%first_iter_0 = phi i1 1, void %newFuncRoot, i1 0, void %for.inc.split"   --->   Operation 21 'phi' 'first_iter_0' <Predicate = true> <Delay = 0.00>
ST_2 : Operation 22 [1/1] (0.00ns)   --->   "%v151_1 = load i4 %v151" [spikingformer_official.cpp:375]   --->   Operation 22 'load' 'v151_1' <Predicate = true> <Delay = 0.00>
ST_2 : Operation 23 [1/1] (0.00ns)   --->   "%indvar_flatten_load = load i8 %indvar_flatten" [spikingformer_official.cpp:374]   --->   Operation 23 'load' 'indvar_flatten_load' <Predicate = true> <Delay = 0.00>
ST_2 : Operation 24 [1/1] (0.00ns)   --->   "%indvar_flatten18_load = load i17 %indvar_flatten18" [spikingformer_official.cpp:373]   --->   Operation 24 'load' 'indvar_flatten18_load' <Predicate = true> <Delay = 0.00>
ST_2 : Operation 25 [1/1] (0.86ns)   --->   "%icmp_ln373 = icmp_eq  i17 %indvar_flatten18_load, i17 98304" [spikingformer_official.cpp:373]   --->   Operation 25 'icmp' 'icmp_ln373' <Predicate = true> <Delay = 0.86> <CoreInst = "Cmp">   --->   Core 9 'Cmp' <Latency = 0> <II = 1> <Delay = 0.86> <FuncUnit> <Opcode : 'seteq' 'setne' 'setle' 'setge' 'setlt' 'setgt'> <InPorts = 2> <OutPorts = 1>
ST_2 : Operation 26 [1/1] (0.86ns)   --->   "%add_ln373_1 = add i17 %indvar_flatten18_load, i17 1" [spikingformer_official.cpp:373]   --->   Operation 26 'add' 'add_ln373_1' <Predicate = true> <Delay = 0.86> <CoreInst = "Adder">   --->   Core 1 'Adder' <Latency = 0> <II = 1> <Delay = 0.86> <FuncUnit> <Opcode : 'add' 'sub'> <InPorts = 2> <OutPorts = 1>
ST_2 : Operation 27 [1/1] (0.00ns)   --->   "%br_ln373 = br i1 %icmp_ln373, void %for.inc19, void %for.end21.exitStub" [spikingformer_official.cpp:373]   --->   Operation 27 'br' 'br_ln373' <Predicate = true> <Delay = 0.00>
ST_2 : Operation 28 [1/1] (0.00ns)   --->   "%v149_load = load i11 %v149" [spikingformer_official.cpp:373]   --->   Operation 28 'load' 'v149_load' <Predicate = (!icmp_ln373)> <Delay = 0.00>
ST_2 : Operation 29 [1/1] (0.79ns)   --->   "%add_ln373 = add i11 %v149_load, i11 1" [spikingformer_official.cpp:373]   --->   Operation 29 'add' 'add_ln373' <Predicate = (!icmp_ln373)> <Delay = 0.79> <CoreInst = "Adder">   --->   Core 1 'Adder' <Latency = 0> <II = 1> <Delay = 0.79> <FuncUnit> <Opcode : 'add' 'sub'> <InPorts = 2> <OutPorts = 1>
ST_2 : Operation 30 [1/1] (0.76ns)   --->   "%icmp_ln374 = icmp_eq  i8 %indvar_flatten_load, i8 64" [spikingformer_official.cpp:374]   --->   Operation 30 'icmp' 'icmp_ln374' <Predicate = (!icmp_ln373)> <Delay = 0.76> <CoreInst = "Cmp">   --->   Core 9 'Cmp' <Latency = 0> <II = 1> <Delay = 0.76> <FuncUnit> <Opcode : 'seteq' 'setne' 'setle' 'setge' 'setlt' 'setgt'> <InPorts = 2> <OutPorts = 1>
ST_2 : Operation 31 [1/1] (0.00ns) (grouped into LUT with out node and_ln375)   --->   "%or_ln373 = or i1 %icmp_ln374, i1 %first_iter_0" [spikingformer_official.cpp:373]   --->   Operation 31 'or' 'or_ln373' <Predicate = (!icmp_ln373)> <Delay = 0.00> <CoreInst = "LogicGate">   --->   Core 74 'LogicGate' <Latency = 0> <II = 1> <Delay = 0.28> <FuncUnit> <Opcode : 'and' 'or' 'xor'> <InPorts = 2> <OutPorts = 1>
ST_2 : Operation 32 [1/1] (0.00ns) (grouped into LUT with out node and_ln373)   --->   "%xor_ln373 = xor i1 %icmp_ln374, i1 1" [spikingformer_official.cpp:373]   --->   Operation 32 'xor' 'xor_ln373' <Predicate = (!icmp_ln373)> <Delay = 0.00> <CoreInst = "LogicGate">   --->   Core 74 'LogicGate' <Latency = 0> <II = 1> <Delay = 0.28> <FuncUnit> <Opcode : 'and' 'or' 'xor'> <InPorts = 2> <OutPorts = 1>
ST_2 : Operation 33 [1/1] (0.79ns)   --->   "%icmp_ln375 = icmp_eq  i4 %v151_1, i4 8" [spikingformer_official.cpp:375]   --->   Operation 33 'icmp' 'icmp_ln375' <Predicate = (!icmp_ln373)> <Delay = 0.79> <CoreInst = "Cmp">   --->   Core 9 'Cmp' <Latency = 0> <II = 1> <Delay = 0.79> <FuncUnit> <Opcode : 'seteq' 'setne' 'setle' 'setge' 'setlt' 'setgt'> <InPorts = 2> <OutPorts = 1>
ST_2 : Operation 34 [1/1] (0.28ns) (out node of the LUT)   --->   "%and_ln373 = and i1 %icmp_ln375, i1 %xor_ln373" [spikingformer_official.cpp:373]   --->   Operation 34 'and' 'and_ln373' <Predicate = (!icmp_ln373)> <Delay = 0.28> <CoreInst = "LogicGate">   --->   Core 74 'LogicGate' <Latency = 0> <II = 1> <Delay = 0.28> <FuncUnit> <Opcode : 'and' 'or' 'xor'> <InPorts = 2> <OutPorts = 1>
ST_2 : Operation 35 [1/1] (0.38ns)   --->   "%select_ln373 = select i1 %icmp_ln374, i11 %add_ln373, i11 %v149_load" [spikingformer_official.cpp:373]   --->   Operation 35 'select' 'select_ln373' <Predicate = (!icmp_ln373)> <Delay = 0.38> <CoreInst = "Sel">   --->   Core 73 'Sel' <Latency = 0> <II = 1> <Delay = 0.38> <FuncUnit> <Opcode : 'select'> <InPorts = 3> <OutPorts = 1>
ST_2 : Operation 36 [1/1] (0.00ns) (grouped into LUT with out node and_ln375)   --->   "%or_ln374 = or i1 %and_ln373, i1 %or_ln373" [spikingformer_official.cpp:374]   --->   Operation 36 'or' 'or_ln374' <Predicate = (!icmp_ln373)> <Delay = 0.00> <CoreInst = "LogicGate">   --->   Core 74 'LogicGate' <Latency = 0> <II = 1> <Delay = 0.28> <FuncUnit> <Opcode : 'and' 'or' 'xor'> <InPorts = 2> <OutPorts = 1>
ST_2 : Operation 37 [1/1] (0.00ns) (grouped into LUT with out node or_ln374_1)   --->   "%xor_ln374 = xor i1 %icmp_ln375, i1 1" [spikingformer_official.cpp:374]   --->   Operation 37 'xor' 'xor_ln374' <Predicate = (!icmp_ln373)> <Delay = 0.00> <CoreInst = "LogicGate">   --->   Core 74 'LogicGate' <Latency = 0> <II = 1> <Delay = 0.28> <FuncUnit> <Opcode : 'and' 'or' 'xor'> <InPorts = 2> <OutPorts = 1>
ST_2 : Operation 38 [1/1] (0.00ns) (grouped into LUT with out node or_ln374_1)   --->   "%and_ln374 = and i1 %first_iter_1, i1 %xor_ln374" [spikingformer_official.cpp:374]   --->   Operation 38 'and' 'and_ln374' <Predicate = (!icmp_ln373)> <Delay = 0.00> <CoreInst = "LogicGate">   --->   Core 74 'LogicGate' <Latency = 0> <II = 1> <Delay = 0.28> <FuncUnit> <Opcode : 'and' 'or' 'xor'> <InPorts = 2> <OutPorts = 1>
ST_2 : Operation 39 [1/1] (0.28ns) (out node of the LUT)   --->   "%or_ln374_1 = or i1 %icmp_ln374, i1 %and_ln374" [spikingformer_official.cpp:374]   --->   Operation 39 'or' 'or_ln374_1' <Predicate = (!icmp_ln373)> <Delay = 0.28> <CoreInst = "LogicGate">   --->   Core 74 'LogicGate' <Latency = 0> <II = 1> <Delay = 0.28> <FuncUnit> <Opcode : 'and' 'or' 'xor'> <InPorts = 2> <OutPorts = 1>
ST_2 : Operation 40 [1/1] (0.00ns)   --->   "%zext_ln373 = zext i11 %select_ln373" [spikingformer_official.cpp:373]   --->   Operation 40 'zext' 'zext_ln373' <Predicate = (!icmp_ln373)> <Delay = 0.00>
ST_2 : Operation 41 [1/1] (0.00ns)   --->   "%v148_addr = getelementptr i32 %v148, i64 0, i64 %zext_ln373" [spikingformer_official.cpp:379]   --->   Operation 41 'getelementptr' 'v148_addr' <Predicate = (!icmp_ln373)> <Delay = 0.00>
ST_2 : Operation 42 [1/1] (0.28ns) (out node of the LUT)   --->   "%and_ln375 = and i1 %or_ln374, i1 %or_ln374_1" [spikingformer_official.cpp:375]   --->   Operation 42 'and' 'and_ln375' <Predicate = (!icmp_ln373)> <Delay = 0.28> <CoreInst = "LogicGate">   --->   Core 74 'LogicGate' <Latency = 0> <II = 1> <Delay = 0.28> <FuncUnit> <Opcode : 'and' 'or' 'xor'> <InPorts = 2> <OutPorts = 1>
ST_2 : Operation 43 [1/1] (0.00ns)   --->   "%br_ln375 = br i1 %and_ln375, void %for.inc.split, void %for.first.iter.VITIS_LOOP_375_3" [spikingformer_official.cpp:375]   --->   Operation 43 'br' 'br_ln375' <Predicate = (!icmp_ln373)> <Delay = 0.00>
ST_2 : Operation 44 [2/2] (1.23ns)   --->   "%v152 = load i11 %v148_addr" [spikingformer_official.cpp:379]   --->   Operation 44 'load' 'v152' <Predicate = (!icmp_ln373 & and_ln375)> <Delay = 1.23> <CoreInst = "RAM">   --->   Core 82 'RAM' <Latency = 1> <II = 1> <Delay = 1.23> <Storage> <Opcode : 'load' 'store'> <Ports = 2> <Width = 32> <Depth = 1536> <RAM>
ST_2 : Operation 45 [1/1] (0.79ns)   --->   "%add_ln375 = add i4 %v151_1, i4 1" [spikingformer_official.cpp:375]   --->   Operation 45 'add' 'add_ln375' <Predicate = (!icmp_ln373)> <Delay = 0.79> <CoreInst = "Adder">   --->   Core 1 'Adder' <Latency = 0> <II = 1> <Delay = 0.79> <FuncUnit> <Opcode : 'add' 'sub'> <InPorts = 2> <OutPorts = 1>
ST_2 : Operation 46 [1/1] (0.00ns) (grouped into LUT with out node select_ln375)   --->   "%or_ln375 = or i1 %and_ln373, i1 %icmp_ln374" [spikingformer_official.cpp:375]   --->   Operation 46 'or' 'or_ln375' <Predicate = (!icmp_ln373)> <Delay = 0.00> <CoreInst = "LogicGate">   --->   Core 74 'LogicGate' <Latency = 0> <II = 1> <Delay = 0.28> <FuncUnit> <Opcode : 'and' 'or' 'xor'> <InPorts = 2> <OutPorts = 1>
ST_2 : Operation 47 [1/1] (0.39ns) (out node of the LUT)   --->   "%select_ln375 = select i1 %or_ln375, i4 1, i4 %add_ln375" [spikingformer_official.cpp:375]   --->   Operation 47 'select' 'select_ln375' <Predicate = (!icmp_ln373)> <Delay = 0.39> <CoreInst = "Sel">   --->   Core 73 'Sel' <Latency = 0> <II = 1> <Delay = 0.39> <FuncUnit> <Opcode : 'select'> <InPorts = 3> <OutPorts = 1>
ST_2 : Operation 48 [1/1] (0.76ns)   --->   "%add_ln374 = add i8 %indvar_flatten_load, i8 1" [spikingformer_official.cpp:374]   --->   Operation 48 'add' 'add_ln374' <Predicate = (!icmp_ln373)> <Delay = 0.76> <CoreInst = "Adder">   --->   Core 1 'Adder' <Latency = 0> <II = 1> <Delay = 0.76> <FuncUnit> <Opcode : 'add' 'sub'> <InPorts = 2> <OutPorts = 1>
ST_2 : Operation 49 [1/1] (0.39ns)   --->   "%select_ln374 = select i1 %icmp_ln374, i8 1, i8 %add_ln374" [spikingformer_official.cpp:374]   --->   Operation 49 'select' 'select_ln374' <Predicate = (!icmp_ln373)> <Delay = 0.39> <CoreInst = "Sel">   --->   Core 73 'Sel' <Latency = 0> <II = 1> <Delay = 0.39> <FuncUnit> <Opcode : 'select'> <InPorts = 3> <OutPorts = 1>
ST_2 : Operation 50 [1/1] (0.42ns)   --->   "%store_ln373 = store i17 %add_ln373_1, i17 %indvar_flatten18" [spikingformer_official.cpp:373]   --->   Operation 50 'store' 'store_ln373' <Predicate = (!icmp_ln373)> <Delay = 0.42>
ST_2 : Operation 51 [1/1] (0.42ns)   --->   "%store_ln373 = store i11 %select_ln373, i11 %v149" [spikingformer_official.cpp:373]   --->   Operation 51 'store' 'store_ln373' <Predicate = (!icmp_ln373)> <Delay = 0.42>
ST_2 : Operation 52 [1/1] (0.42ns)   --->   "%store_ln374 = store i8 %select_ln374, i8 %indvar_flatten" [spikingformer_official.cpp:374]   --->   Operation 52 'store' 'store_ln374' <Predicate = (!icmp_ln373)> <Delay = 0.42>
ST_2 : Operation 53 [1/1] (0.42ns)   --->   "%store_ln375 = store i4 %select_ln375, i4 %v151" [spikingformer_official.cpp:375]   --->   Operation 53 'store' 'store_ln375' <Predicate = (!icmp_ln373)> <Delay = 0.42>
ST_2 : Operation 54 [1/1] (0.00ns)   --->   "%br_ln375 = br void %for.inc" [spikingformer_official.cpp:375]   --->   Operation 54 'br' 'br_ln375' <Predicate = (!icmp_ln373)> <Delay = 0.00>

State 3 <SV = 2> <Delay = 1.23>
ST_3 : Operation 55 [1/2] ( I:1.23ns O:1.23ns )   --->   "%v152 = load i11 %v148_addr" [spikingformer_official.cpp:379]   --->   Operation 55 'load' 'v152' <Predicate = (and_ln375)> <Delay = 1.23> <CoreInst = "RAM">   --->   Core 82 'RAM' <Latency = 1> <II = 1> <Delay = 1.23> <Storage> <Opcode : 'load' 'store'> <Ports = 2> <Width = 32> <Depth = 1536> <RAM>
ST_3 : Operation 56 [1/1] (0.00ns)   --->   "%store_ln379 = store i32 %v152, i32 %v1522" [spikingformer_official.cpp:379]   --->   Operation 56 'store' 'store_ln379' <Predicate = (and_ln375)> <Delay = 0.00>
ST_3 : Operation 57 [1/1] (0.00ns)   --->   "%br_ln374 = br void %for.inc.split" [spikingformer_official.cpp:374]   --->   Operation 57 'br' 'br_ln374' <Predicate = (and_ln375)> <Delay = 0.00>
ST_3 : Operation 65 [1/1] (0.42ns)   --->   "%ret_ln0 = ret"   --->   Operation 65 'ret' 'ret_ln0' <Predicate = (icmp_ln373)> <Delay = 0.42>

State 4 <SV = 3> <Delay = 7.30>
ST_4 : Operation 58 [1/1] (0.00ns)   --->   "%g0_addr = getelementptr i32 %g0, i64 %sext_ln373_cast" [spikingformer_official.cpp:373]   --->   Operation 58 'getelementptr' 'g0_addr' <Predicate = (!icmp_ln373)> <Delay = 0.00>
ST_4 : Operation 59 [1/1] (0.00ns)   --->   "%specloopname_ln0 = specloopname void @_ssdm_op_SpecLoopName, void @VITIS_LOOP_373_1_VITIS_LOOP_374_2_VITIS_LOOP_375_3_str"   --->   Operation 59 'specloopname' 'specloopname_ln0' <Predicate = (!icmp_ln373)> <Delay = 0.00>
ST_4 : Operation 60 [1/1] (0.00ns)   --->   "%speclooptripcount_ln0 = speclooptripcount void @_ssdm_op_SpecLoopTripCount, i64 98304, i64 98304, i64 98304"   --->   Operation 60 'speclooptripcount' 'speclooptripcount_ln0' <Predicate = (!icmp_ln373)> <Delay = 0.00>
ST_4 : Operation 61 [1/1] (0.00ns)   --->   "%v1522_load = load i32 %v1522"   --->   Operation 61 'load' 'v1522_load' <Predicate = (!icmp_ln373)> <Delay = 0.00>
ST_4 : Operation 62 [1/1] (0.00ns)   --->   "%bitcast_ln380 = bitcast i32 %v1522_load" [spikingformer_official.cpp:380]   --->   Operation 62 'bitcast' 'bitcast_ln380' <Predicate = (!icmp_ln373)> <Delay = 0.00>
ST_4 : Operation 63 [1/1] (0.00ns)   --->   "%specpipeline_ln376 = specpipeline void @_ssdm_op_SpecPipeline, i32 1, i32 0, i32 0, i32 0, i32 4294967295, void @empty_35" [spikingformer_official.cpp:376]   --->   Operation 63 'specpipeline' 'specpipeline_ln376' <Predicate = (!icmp_ln373)> <Delay = 0.00>
ST_4 : Operation 64 [1/1] ( I:7.30ns O:7.30ns )   --->   "%write_ln380 = write void @_ssdm_op_Write.m_axi.p1i32.i32, i32 %g0_addr, i32 %bitcast_ln380, i4 15" [spikingformer_official.cpp:380]   --->   Operation 64 'write' 'write_ln380' <Predicate = (!icmp_ln373)> <Delay = 7.30> <CoreInst = "m_axi">   --->   Core 119 'm_axi' <Latency = 5> <II = 1> <Delay = 1.00> <Adapter> <Opcode : 'readrequnaligned' 'writerequnaligned' 'read' 'write' 'readreq' 'writereq' 'writeresp'>


============================================================
+ Verbose Summary: Timing violations
============================================================
Target clock period: 10.000ns, clock uncertainty: 2.700ns.

 <State 1>: 0.427ns
The critical path consists of the following:
	'alloca' operation 17 bit ('indvar_flatten18') [7]  (0.000 ns)
	'store' operation ('store_ln0') of constant 0 17 bit on local variable 'indvar_flatten18' [13]  (0.427 ns)

 <State 2>: 2.424ns
The critical path consists of the following:
	'load' operation 11 bit ('v149_load', spikingformer_official.cpp:373) on local variable 'v149', spikingformer_official.cpp:373 [28]  (0.000 ns)
	'add' operation 11 bit ('add_ln373', spikingformer_official.cpp:373) [30]  (0.798 ns)
	'select' operation 11 bit ('select_ln373', spikingformer_official.cpp:373) [38]  (0.389 ns)
	'getelementptr' operation 11 bit ('v148_addr', spikingformer_official.cpp:379) [44]  (0.000 ns)
	'load' operation 32 bit ('v152', spikingformer_official.cpp:379) on array 'v148' [48]  (1.237 ns)

 <State 3>: 1.237ns
The critical path consists of the following:
	'load' operation 32 bit ('v152', spikingformer_official.cpp:379) on array 'v148' [48]  (1.237 ns)

 <State 4>: 7.300ns
The critical path consists of the following:
	'getelementptr' operation 32 bit ('g0_addr', spikingformer_official.cpp:373) [29]  (0.000 ns)
	bus write operation ('write_ln380', spikingformer_official.cpp:380) on port 'g0' (spikingformer_official.cpp:380) [55]  (7.300 ns)


============================================================
+ Verbose Summary: Binding
============================================================
N/A
* FSMD analyzer results:
  - Output states:
 - Input state : 
  - Chain level:
	State 1
	State 2
	State 3
	State 4


============================================================
+ Verbose Summary: Datapath Resource usage 
============================================================
N/A
