

================================================================
== Vitis HLS Report for 'kernel8'
================================================================
* Date:           Sun Jul 12 20:26:10 2026

* Version:        2025.2 (Build 6295257 on Nov 14 2025)
* Project:        spikingformer_proj
* Solution:       solution1 (Vivado IP Flow Target)
* Product family: zynquplus
* Target device:  xczu7ev-ffvc1156-2-e


================================================================
== Performance Estimates
================================================================
+ Timing: 
    * Summary: 
    +--------+----------+----------+------------+
    |  Clock |  Target  | Estimated| Uncertainty|
    +--------+----------+----------+------------+
    |ap_clk  |  10.00 ns|  7.300 ns|     2.70 ns|
    +--------+----------+----------+------------+

+ Latency: 
    * Summary: 
    +----------+----------+-----------+-----------+----------+----------+---------+
    |   Latency (cycles)  |   Latency (absolute)  |       Interval      | Pipeline|
    |    min   |    max   |    min    |    max    |    min   |    max   |   Type  |
    +----------+----------+-----------+-----------+----------+----------+---------+
    |  95554561|  95554561|  0.956 sec|  0.956 sec|  95554561|  95554561|       no|
    +----------+----------+-----------+-----------+----------+----------+---------+

    + Detail: 
        * Instance: 
        +---------------------------------------------------------------+----------------------------------------------------+---------+---------+----------+----------+-----+-----+-------------------+
        |                                                               |                                                    |  Latency (cycles) |  Latency (absolute) |  Interval |      Pipeline     |
        |                            Instance                           |                       Module                       |   min   |   max   |    min   |    max   | min | max |        Type       |
        +---------------------------------------------------------------+----------------------------------------------------+---------+---------+----------+----------+-----+-----+-------------------+
        |grp_kernel8_Pipeline_VITIS_LOOP_147_3_VITIS_LOOP_148_4_fu_136  |kernel8_Pipeline_VITIS_LOOP_147_3_VITIS_LOOP_148_4  |      150|      150|  1.500 us|  1.500 us|    0|    0|  loop pipeline stp|
        +---------------------------------------------------------------+----------------------------------------------------+---------+---------+----------+----------+-----+-----+-------------------+

        * Loop: 
        +---------------------+----------+----------+----------+-----------+-----------+------+----------+
        |                     |   Latency (cycles)  | Iteration|  Initiation Interval  | Trip |          |
        |      Loop Name      |    min   |    max   |  Latency |  achieved |   target  | Count| Pipelined|
        +---------------------+----------+----------+----------+-----------+-----------+------+----------+
        |- VITIS_LOOP_145_1   |  95554560|  95554560|     62210|          -|          -|  1536|        no|
        | + VITIS_LOOP_146_2  |     62208|     62208|       162|          -|          -|   384|        no|
        +---------------------+----------+----------+----------+-----------+-----------+------+----------+

============================================================
+ Verbose Summary: Synthesis Manager
============================================================
InlineROM: 1
ExposeGlobal: 0
============================================================
+ Verbose Summary: CDFG Model
============================================================
IsTopModel: 0
ResetActiveHigh: 1
IsCombinational: 0
IsDatapathOnly: 0
HasWiredReturn: 1
HasMFsm: 0
HasVarLatency: 1
IsPipeline: 0
IsRtlPipelined: 0
IsInstanceOverlapped: 0
IsDontTouch: 0
HasImplIP: 0
IsGatedGlobalClock: 0


============================================================
+ Verbose Summary: Schedule
============================================================
* Number of FSM states : 14
* Pipeline : 0
* Dataflow Pipeline: 0

* FSM state transitions: 
1 --> 2 
2 --> 3 
3 --> 4 2 
4 --> 5 
5 --> 6 
6 --> 7 
7 --> 8 
8 --> 9 
9 --> 10 
10 --> 11 
11 --> 12 
12 --> 13 
13 --> 14 
14 --> 3 

* FSM state operations: 

State 1 <SV = 0> <Delay = 0.42>
ST_1 : Operation 15 [1/1] (0.00ns)   --->   "%v52 = alloca i32 1" [spikingformer_official.cpp:145]   --->   Operation 15 'alloca' 'v52' <Predicate = true> <Delay = 0.00>
ST_1 : Operation 16 [1/1] (0.00ns)   --->   "%specstablecontent_ln0 = specstablecontent void @_ssdm_op_SpecStableContent, i32 %g0, i1 1, void "   --->   Operation 16 'specstablecontent' 'specstablecontent_ln0' <Predicate = true> <Delay = 0.00>
ST_1 : Operation 17 [1/1] (0.00ns)   --->   "%specinterface_ln0 = specinterface void @_ssdm_op_SpecInterface, i32 %g0, void @empty_26, i32 0, i32 0, void @empty_35, i32 0, i32 0, void @empty_22, void @empty_25, void @empty_35, i32 16, i32 16, i32 16, i32 16, void @empty_35, void @empty_35, i32 4294967295, i32 0, i32 0, i32 4"   --->   Operation 17 'specinterface' 'specinterface_ln0' <Predicate = true> <Delay = 0.00>
ST_1 : Operation 18 [1/1] (0.00ns)   --->   "%v50_read = read i64 @_ssdm_op_Read.ap_auto.i64, i64 %v50" [spikingformer_official.cpp:139]   --->   Operation 18 'read' 'v50_read' <Predicate = true> <Delay = 0.00>
ST_1 : Operation 19 [1/1] (0.00ns)   --->   "%v49_read = read i64 @_ssdm_op_Read.ap_auto.i64, i64 %v49" [spikingformer_official.cpp:139]   --->   Operation 19 'read' 'v49_read' <Predicate = true> <Delay = 0.00>
ST_1 : Operation 20 [1/1] (0.00ns)   --->   "%v48_read = read i64 @_ssdm_op_Read.ap_auto.i64, i64 %v48" [spikingformer_official.cpp:139]   --->   Operation 20 'read' 'v48_read' <Predicate = true> <Delay = 0.00>
ST_1 : Operation 21 [1/1] (0.00ns)   --->   "%trunc_ln = partselect i62 @_ssdm_op_PartSelect.i62.i64.i32.i32, i64 %v48_read, i32 2, i32 63" [spikingformer_official.cpp:150]   --->   Operation 21 'partselect' 'trunc_ln' <Predicate = true> <Delay = 0.00>
ST_1 : Operation 22 [1/1] (0.00ns)   --->   "%trunc_ln6 = partselect i62 @_ssdm_op_PartSelect.i62.i64.i32.i32, i64 %v50_read, i32 2, i32 63" [spikingformer_official.cpp:151]   --->   Operation 22 'partselect' 'trunc_ln6' <Predicate = true> <Delay = 0.00>
ST_1 : Operation 23 [1/1] (0.00ns)   --->   "%trunc_ln7 = partselect i62 @_ssdm_op_PartSelect.i62.i64.i32.i32, i64 %v49_read, i32 2, i32 63" [spikingformer_official.cpp:152]   --->   Operation 23 'partselect' 'trunc_ln7' <Predicate = true> <Delay = 0.00>
ST_1 : Operation 24 [1/1] (0.42ns)   --->   "%store_ln145 = store i11 0, i11 %v52" [spikingformer_official.cpp:145]   --->   Operation 24 'store' 'store_ln145' <Predicate = true> <Delay = 0.42>
ST_1 : Operation 25 [1/1] (0.00ns)   --->   "%br_ln145 = br void %VITIS_LOOP_146_2" [spikingformer_official.cpp:145]   --->   Operation 25 'br' 'br_ln145' <Predicate = true> <Delay = 0.00>

State 2 <SV = 1> <Delay = 1.22>
ST_2 : Operation 26 [1/1] (0.00ns)   --->   "%v52_1 = load i11 %v52" [spikingformer_official.cpp:145]   --->   Operation 26 'load' 'v52_1' <Predicate = true> <Delay = 0.00>
ST_2 : Operation 27 [1/1] (0.79ns)   --->   "%icmp_ln145 = icmp_eq  i11 %v52_1, i11 1536" [spikingformer_official.cpp:145]   --->   Operation 27 'icmp' 'icmp_ln145' <Predicate = true> <Delay = 0.79> <CoreInst = "Cmp">   --->   Core 9 'Cmp' <Latency = 0> <II = 1> <Delay = 0.79> <FuncUnit> <Opcode : 'seteq' 'setne' 'setle' 'setge' 'setlt' 'setgt'> <InPorts = 2> <OutPorts = 1>
ST_2 : Operation 28 [1/1] (0.79ns)   --->   "%add_ln145 = add i11 %v52_1, i11 1" [spikingformer_official.cpp:145]   --->   Operation 28 'add' 'add_ln145' <Predicate = true> <Delay = 0.79> <CoreInst = "Adder">   --->   Core 1 'Adder' <Latency = 0> <II = 1> <Delay = 0.79> <FuncUnit> <Opcode : 'add' 'sub'> <InPorts = 2> <OutPorts = 1>
ST_2 : Operation 29 [1/1] (0.00ns)   --->   "%br_ln145 = br i1 %icmp_ln145, void %VITIS_LOOP_146_2.split, void %for.end47" [spikingformer_official.cpp:145]   --->   Operation 29 'br' 'br_ln145' <Predicate = true> <Delay = 0.00>
ST_2 : Operation 30 [1/1] (0.00ns)   --->   "%speclooptripcount_ln145 = speclooptripcount void @_ssdm_op_SpecLoopTripCount, i64 1536, i64 1536, i64 1536" [spikingformer_official.cpp:145]   --->   Operation 30 'speclooptripcount' 'speclooptripcount_ln145' <Predicate = (!icmp_ln145)> <Delay = 0.00>
ST_2 : Operation 31 [1/1] (0.00ns)   --->   "%specloopname_ln145 = specloopname void @_ssdm_op_SpecLoopName, void @empty_16" [spikingformer_official.cpp:145]   --->   Operation 31 'specloopname' 'specloopname_ln145' <Predicate = (!icmp_ln145)> <Delay = 0.00>
ST_2 : Operation 32 [1/1] (0.00ns)   --->   "%shl_ln = bitconcatenate i19 @_ssdm_op_BitConcatenate.i19.i11.i8, i11 %v52_1, i8 0" [spikingformer_official.cpp:146]   --->   Operation 32 'bitconcatenate' 'shl_ln' <Predicate = (!icmp_ln145)> <Delay = 0.00>
ST_2 : Operation 33 [1/1] (0.00ns)   --->   "%zext_ln146 = zext i19 %shl_ln" [spikingformer_official.cpp:146]   --->   Operation 33 'zext' 'zext_ln146' <Predicate = (!icmp_ln145)> <Delay = 0.00>
ST_2 : Operation 34 [1/1] (1.08ns)   --->   "%add_ln146 = add i64 %zext_ln146, i64 %v48_read" [spikingformer_official.cpp:146]   --->   Operation 34 'add' 'add_ln146' <Predicate = (!icmp_ln145)> <Delay = 1.08> <CoreInst = "Adder">   --->   Core 1 'Adder' <Latency = 0> <II = 1> <Delay = 1.08> <FuncUnit> <Opcode : 'add' 'sub'> <InPorts = 2> <OutPorts = 1>
ST_2 : Operation 35 [1/1] (0.00ns)   --->   "%shl_ln3 = bitconcatenate i13 @_ssdm_op_BitConcatenate.i13.i11.i2, i11 %v52_1, i2 0" [spikingformer_official.cpp:154]   --->   Operation 35 'bitconcatenate' 'shl_ln3' <Predicate = (!icmp_ln145)> <Delay = 0.00>
ST_2 : Operation 36 [1/1] (0.00ns)   --->   "%zext_ln147 = zext i13 %shl_ln3" [spikingformer_official.cpp:147]   --->   Operation 36 'zext' 'zext_ln147' <Predicate = (!icmp_ln145)> <Delay = 0.00>
ST_2 : Operation 37 [1/1] (0.00ns)   --->   "%trunc_ln8 = partselect i62 @_ssdm_op_PartSelect.i62.i64.i32.i32, i64 %add_ln146, i32 2, i32 63" [spikingformer_official.cpp:147]   --->   Operation 37 'partselect' 'trunc_ln8' <Predicate = (!icmp_ln145)> <Delay = 0.00>
ST_2 : Operation 38 [1/1] (0.42ns)   --->   "%br_ln146 = br void %VITIS_LOOP_147_3" [spikingformer_official.cpp:146]   --->   Operation 38 'br' 'br_ln146' <Predicate = (!icmp_ln145)> <Delay = 0.42>
ST_2 : Operation 39 [1/1] (0.00ns)   --->   "%ret_ln163 = ret" [spikingformer_official.cpp:163]   --->   Operation 39 'ret' 'ret_ln163' <Predicate = (icmp_ln145)> <Delay = 0.00>

State 3 <SV = 2> <Delay = 1.73>
ST_3 : Operation 40 [1/1] (0.00ns)   --->   "%v53 = phi i9 0, void %VITIS_LOOP_146_2.split, i9 %add_ln146_1, void %VITIS_LOOP_147_3.split" [spikingformer_official.cpp:146]   --->   Operation 40 'phi' 'v53' <Predicate = true> <Delay = 0.00>
ST_3 : Operation 41 [1/1] (0.77ns)   --->   "%icmp_ln146 = icmp_eq  i9 %v53, i9 384" [spikingformer_official.cpp:146]   --->   Operation 41 'icmp' 'icmp_ln146' <Predicate = true> <Delay = 0.77> <CoreInst = "Cmp">   --->   Core 9 'Cmp' <Latency = 0> <II = 1> <Delay = 0.77> <FuncUnit> <Opcode : 'seteq' 'setne' 'setle' 'setge' 'setlt' 'setgt'> <InPorts = 2> <OutPorts = 1>
ST_3 : Operation 42 [1/1] (0.77ns)   --->   "%add_ln146_1 = add i9 %v53, i9 1" [spikingformer_official.cpp:146]   --->   Operation 42 'add' 'add_ln146_1' <Predicate = true> <Delay = 0.77> <CoreInst = "Adder">   --->   Core 1 'Adder' <Latency = 0> <II = 1> <Delay = 0.77> <FuncUnit> <Opcode : 'add' 'sub'> <InPorts = 2> <OutPorts = 1>
ST_3 : Operation 43 [1/1] (0.00ns)   --->   "%br_ln146 = br i1 %icmp_ln146, void %VITIS_LOOP_147_3.split, void %for.inc45" [spikingformer_official.cpp:146]   --->   Operation 43 'br' 'br_ln146' <Predicate = true> <Delay = 0.00>
ST_3 : Operation 44 [1/1] (0.00ns)   --->   "%p_shl = bitconcatenate i22 @_ssdm_op_BitConcatenate.i22.i9.i13, i9 %v53, i13 0" [spikingformer_official.cpp:154]   --->   Operation 44 'bitconcatenate' 'p_shl' <Predicate = (!icmp_ln146)> <Delay = 0.00>
ST_3 : Operation 45 [1/1] (0.00ns)   --->   "%tmp = bitconcatenate i20 @_ssdm_op_BitConcatenate.i20.i9.i11, i9 %v53, i11 0" [spikingformer_official.cpp:154]   --->   Operation 45 'bitconcatenate' 'tmp' <Predicate = (!icmp_ln146)> <Delay = 0.00>
ST_3 : Operation 46 [1/1] (0.00ns)   --->   "%zext_ln154_1 = zext i20 %tmp" [spikingformer_official.cpp:154]   --->   Operation 46 'zext' 'zext_ln154_1' <Predicate = (!icmp_ln146)> <Delay = 0.00>
ST_3 : Operation 47 [1/1] (0.91ns)   --->   "%sub_ln154 = sub i22 %p_shl, i22 %zext_ln154_1" [spikingformer_official.cpp:154]   --->   Operation 47 'sub' 'sub_ln154' <Predicate = (!icmp_ln146)> <Delay = 0.91> <CoreInst = "Adder">   --->   Core 1 'Adder' <Latency = 0> <II = 1> <Delay = 0.91> <FuncUnit> <Opcode : 'add' 'sub'> <InPorts = 2> <OutPorts = 1>
ST_3 : Operation 48 [1/1] (0.00ns)   --->   "%zext_ln154 = zext i22 %sub_ln154" [spikingformer_official.cpp:154]   --->   Operation 48 'zext' 'zext_ln154' <Predicate = (!icmp_ln146)> <Delay = 0.00>
ST_3 : Operation 49 [1/1] (0.00ns) (grouped into TernaryAdder)   --->   "%add_ln154 = add i64 %zext_ln154, i64 %v49_read" [spikingformer_official.cpp:154]   --->   Operation 49 'add' 'add_ln154' <Predicate = (!icmp_ln146)> <Delay = 0.00> <CoreInst = "TAddSub">   --->   Core 10 'TAddSub' <Latency = 0> <II = 1> <Delay = 0.40> <IPBlock> <Opcode : 'add' 'sub'> <InPorts = 3> <OutPorts = 1> <Sync> <CReg>
ST_3 : Operation 50 [1/1] (0.81ns) (root node of TernaryAdder)   --->   "%add_ln154_1 = add i64 %add_ln154, i64 %zext_ln147" [spikingformer_official.cpp:154]   --->   Operation 50 'add' 'add_ln154_1' <Predicate = (!icmp_ln146)> <Delay = 0.81> <CoreInst = "TAddSub">   --->   Core 10 'TAddSub' <Latency = 0> <II = 1> <Delay = 0.40> <IPBlock> <Opcode : 'add' 'sub'> <InPorts = 3> <OutPorts = 1> <Sync> <CReg>
ST_3 : Operation 51 [1/1] (0.00ns)   --->   "%trunc_ln9 = partselect i62 @_ssdm_op_PartSelect.i62.i64.i32.i32, i64 %add_ln154_1, i32 2, i32 63" [spikingformer_official.cpp:154]   --->   Operation 51 'partselect' 'trunc_ln9' <Predicate = (!icmp_ln146)> <Delay = 0.00>
ST_3 : Operation 52 [1/1] (0.00ns)   --->   "%sext_ln154 = sext i62 %trunc_ln9" [spikingformer_official.cpp:154]   --->   Operation 52 'sext' 'sext_ln154' <Predicate = (!icmp_ln146)> <Delay = 0.00>
ST_3 : Operation 53 [1/1] (0.00ns)   --->   "%g0_addr = getelementptr i32 %g0, i64 %sext_ln154" [spikingformer_official.cpp:154]   --->   Operation 53 'getelementptr' 'g0_addr' <Predicate = (!icmp_ln146)> <Delay = 0.00>
ST_3 : Operation 54 [1/1] (0.42ns)   --->   "%store_ln145 = store i11 %add_ln145, i11 %v52" [spikingformer_official.cpp:145]   --->   Operation 54 'store' 'store_ln145' <Predicate = (icmp_ln146)> <Delay = 0.42>
ST_3 : Operation 55 [1/1] (0.00ns)   --->   "%br_ln145 = br void %VITIS_LOOP_146_2" [spikingformer_official.cpp:145]   --->   Operation 55 'br' 'br_ln145' <Predicate = (icmp_ln146)> <Delay = 0.00>

State 4 <SV = 3> <Delay = 0.00>
ST_4 : Operation 56 [8/8] (7.30ns)   --->   "%g0_load_req = readreq i1 @_ssdm_op_ReadReq.m_axi.i32P1A, i32 %g0_addr, i64 1" [spikingformer_official.cpp:154]   --->   Operation 56 'readreq' 'g0_load_req' <Predicate = true> <Delay = 7.30> <CoreInst = "m_axi">   --->   Core 119 'm_axi' <Latency = 6> <II = 1> <Delay = 1.00> <Adapter> <Opcode : 'readrequnaligned' 'writerequnaligned' 'read' 'write' 'readreq' 'writereq' 'writeresp'>

State 5 <SV = 4> <Delay = 0.00>
ST_5 : Operation 57 [7/8] (7.30ns)   --->   "%g0_load_req = readreq i1 @_ssdm_op_ReadReq.m_axi.i32P1A, i32 %g0_addr, i64 1" [spikingformer_official.cpp:154]   --->   Operation 57 'readreq' 'g0_load_req' <Predicate = true> <Delay = 7.30> <CoreInst = "m_axi">   --->   Core 119 'm_axi' <Latency = 6> <II = 1> <Delay = 1.00> <Adapter> <Opcode : 'readrequnaligned' 'writerequnaligned' 'read' 'write' 'readreq' 'writereq' 'writeresp'>

State 6 <SV = 5> <Delay = 0.00>
ST_6 : Operation 58 [6/8] (7.30ns)   --->   "%g0_load_req = readreq i1 @_ssdm_op_ReadReq.m_axi.i32P1A, i32 %g0_addr, i64 1" [spikingformer_official.cpp:154]   --->   Operation 58 'readreq' 'g0_load_req' <Predicate = true> <Delay = 7.30> <CoreInst = "m_axi">   --->   Core 119 'm_axi' <Latency = 6> <II = 1> <Delay = 1.00> <Adapter> <Opcode : 'readrequnaligned' 'writerequnaligned' 'read' 'write' 'readreq' 'writereq' 'writeresp'>

State 7 <SV = 6> <Delay = 0.00>
ST_7 : Operation 59 [5/8] (7.30ns)   --->   "%g0_load_req = readreq i1 @_ssdm_op_ReadReq.m_axi.i32P1A, i32 %g0_addr, i64 1" [spikingformer_official.cpp:154]   --->   Operation 59 'readreq' 'g0_load_req' <Predicate = true> <Delay = 7.30> <CoreInst = "m_axi">   --->   Core 119 'm_axi' <Latency = 6> <II = 1> <Delay = 1.00> <Adapter> <Opcode : 'readrequnaligned' 'writerequnaligned' 'read' 'write' 'readreq' 'writereq' 'writeresp'>

State 8 <SV = 7> <Delay = 0.00>
ST_8 : Operation 60 [4/8] (7.30ns)   --->   "%g0_load_req = readreq i1 @_ssdm_op_ReadReq.m_axi.i32P1A, i32 %g0_addr, i64 1" [spikingformer_official.cpp:154]   --->   Operation 60 'readreq' 'g0_load_req' <Predicate = true> <Delay = 7.30> <CoreInst = "m_axi">   --->   Core 119 'm_axi' <Latency = 6> <II = 1> <Delay = 1.00> <Adapter> <Opcode : 'readrequnaligned' 'writerequnaligned' 'read' 'write' 'readreq' 'writereq' 'writeresp'>

State 9 <SV = 8> <Delay = 0.00>
ST_9 : Operation 61 [3/8] (7.30ns)   --->   "%g0_load_req = readreq i1 @_ssdm_op_ReadReq.m_axi.i32P1A, i32 %g0_addr, i64 1" [spikingformer_official.cpp:154]   --->   Operation 61 'readreq' 'g0_load_req' <Predicate = true> <Delay = 7.30> <CoreInst = "m_axi">   --->   Core 119 'm_axi' <Latency = 6> <II = 1> <Delay = 1.00> <Adapter> <Opcode : 'readrequnaligned' 'writerequnaligned' 'read' 'write' 'readreq' 'writereq' 'writeresp'>

State 10 <SV = 9> <Delay = 0.00>
ST_10 : Operation 62 [2/8] (7.30ns)   --->   "%g0_load_req = readreq i1 @_ssdm_op_ReadReq.m_axi.i32P1A, i32 %g0_addr, i64 1" [spikingformer_official.cpp:154]   --->   Operation 62 'readreq' 'g0_load_req' <Predicate = true> <Delay = 7.30> <CoreInst = "m_axi">   --->   Core 119 'm_axi' <Latency = 6> <II = 1> <Delay = 1.00> <Adapter> <Opcode : 'readrequnaligned' 'writerequnaligned' 'read' 'write' 'readreq' 'writereq' 'writeresp'>

State 11 <SV = 10> <Delay = 7.30>
ST_11 : Operation 63 [1/8] ( I:7.30ns O:7.30ns )   --->   "%g0_load_req = readreq i1 @_ssdm_op_ReadReq.m_axi.i32P1A, i32 %g0_addr, i64 1" [spikingformer_official.cpp:154]   --->   Operation 63 'readreq' 'g0_load_req' <Predicate = true> <Delay = 7.30> <CoreInst = "m_axi">   --->   Core 119 'm_axi' <Latency = 6> <II = 1> <Delay = 1.00> <Adapter> <Opcode : 'readrequnaligned' 'writerequnaligned' 'read' 'write' 'readreq' 'writereq' 'writeresp'>

State 12 <SV = 11> <Delay = 7.30>
ST_12 : Operation 64 [1/1] ( I:7.30ns O:7.30ns )   --->   "%g0_addr_read = read i32 @_ssdm_op_Read.m_axi.i32P1A, i32 %g0_addr" [spikingformer_official.cpp:154]   --->   Operation 64 'read' 'g0_addr_read' <Predicate = true> <Delay = 7.30> <CoreInst = "m_axi">   --->   Core 119 'm_axi' <Latency = 3> <II = 1> <Delay = 1.00> <Adapter> <Opcode : 'readrequnaligned' 'writerequnaligned' 'read' 'write' 'readreq' 'writereq' 'writeresp'>

State 13 <SV = 12> <Delay = 0.81>
ST_13 : Operation 65 [1/1] (0.00ns)   --->   "%bitcast_ln154 = bitcast i32 %g0_addr_read" [spikingformer_official.cpp:154]   --->   Operation 65 'bitcast' 'bitcast_ln154' <Predicate = true> <Delay = 0.00>
ST_13 : Operation 66 [1/1] (0.00ns)   --->   "%shl_ln4 = bitconcatenate i17 @_ssdm_op_BitConcatenate.i17.i9.i8, i9 %v53, i8 0" [spikingformer_official.cpp:155]   --->   Operation 66 'bitconcatenate' 'shl_ln4' <Predicate = true> <Delay = 0.00>
ST_13 : Operation 67 [2/2] (0.81ns)   --->   "%call_ln150 = call void @kernel8_Pipeline_VITIS_LOOP_147_3_VITIS_LOOP_148_4, i32 %g0, i62 %trunc_ln, i62 %trunc_ln6, i62 %trunc_ln7, i62 %trunc_ln8, i17 %shl_ln4, i64 %v50_read, i32 %bitcast_ln154" [spikingformer_official.cpp:150]   --->   Operation 67 'call' 'call_ln150' <Predicate = true> <Delay = 0.81> <CoreType = "Generic">   --->   Generic Core

State 14 <SV = 13> <Delay = 0.00>
ST_14 : Operation 68 [1/1] (0.00ns)   --->   "%speclooptripcount_ln146 = speclooptripcount void @_ssdm_op_SpecLoopTripCount, i64 384, i64 384, i64 384" [spikingformer_official.cpp:146]   --->   Operation 68 'speclooptripcount' 'speclooptripcount_ln146' <Predicate = true> <Delay = 0.00>
ST_14 : Operation 69 [1/1] (0.00ns)   --->   "%specloopname_ln146 = specloopname void @_ssdm_op_SpecLoopName, void @empty_1" [spikingformer_official.cpp:146]   --->   Operation 69 'specloopname' 'specloopname_ln146' <Predicate = true> <Delay = 0.00>
ST_14 : Operation 70 [1/2] (0.00ns)   --->   "%call_ln150 = call void @kernel8_Pipeline_VITIS_LOOP_147_3_VITIS_LOOP_148_4, i32 %g0, i62 %trunc_ln, i62 %trunc_ln6, i62 %trunc_ln7, i62 %trunc_ln8, i17 %shl_ln4, i64 %v50_read, i32 %bitcast_ln154" [spikingformer_official.cpp:150]   --->   Operation 70 'call' 'call_ln150' <Predicate = true> <Delay = 0.00> <CoreType = "Generic">   --->   Generic Core
ST_14 : Operation 71 [1/1] (0.00ns)   --->   "%br_ln146 = br void %VITIS_LOOP_147_3" [spikingformer_official.cpp:146]   --->   Operation 71 'br' 'br_ln146' <Predicate = true> <Delay = 0.00>


============================================================
+ Verbose Summary: Binding
============================================================
STG Binding: 
---------------- STG Properties BEGIN ----------------
- Is combinational: 0
- Is one-state seq: 0
- Is datapath-only: 0
- Is pipelined: 0
- Is top level: 0
Port [ Return ] is wired: 1; IO mode=ap_ctrl_hs:ce=0
Port [ g0]:  wired=1; compound=1; hidden=0; nouse=0; global=0; static=0; extern=0; dir=2; type=4; pingpong=0; private_global=0; IO mode=m_axi:ce=0
Port [ v48]:  wired=1; compound=0; hidden=0; nouse=0; global=0; static=0; extern=0; dir=0; type=0; pingpong=0; private_global=0; IO mode=ap_none:ce=0
Port [ v49]:  wired=1; compound=0; hidden=0; nouse=0; global=0; static=0; extern=0; dir=0; type=0; pingpong=0; private_global=0; IO mode=ap_none:ce=0
Port [ v50]:  wired=1; compound=0; hidden=0; nouse=0; global=0; static=0; extern=0; dir=0; type=0; pingpong=0; private_global=0; IO mode=ap_none:ce=0
---------------- STG Properties END ------------------

---------------- Datapath Model BEGIN ----------------

<LifeTime>
<method=bitvector/>
v52                     (alloca           ) [ 011111111111111]
specstablecontent_ln0   (specstablecontent) [ 000000000000000]
specinterface_ln0       (specinterface    ) [ 000000000000000]
v50_read                (read             ) [ 001111111111111]
v49_read                (read             ) [ 001111111111111]
v48_read                (read             ) [ 001111111111111]
trunc_ln                (partselect       ) [ 001111111111111]
trunc_ln6               (partselect       ) [ 001111111111111]
trunc_ln7               (partselect       ) [ 001111111111111]
store_ln145             (store            ) [ 000000000000000]
br_ln145                (br               ) [ 000000000000000]
v52_1                   (load             ) [ 000000000000000]
icmp_ln145              (icmp             ) [ 001111111111111]
add_ln145               (add              ) [ 000111111111111]
br_ln145                (br               ) [ 000000000000000]
speclooptripcount_ln145 (speclooptripcount) [ 000000000000000]
specloopname_ln145      (specloopname     ) [ 000000000000000]
shl_ln                  (bitconcatenate   ) [ 000000000000000]
zext_ln146              (zext             ) [ 000000000000000]
add_ln146               (add              ) [ 000000000000000]
shl_ln3                 (bitconcatenate   ) [ 000000000000000]
zext_ln147              (zext             ) [ 000111111111111]
trunc_ln8               (partselect       ) [ 000111111111111]
br_ln146                (br               ) [ 001111111111111]
ret_ln163               (ret              ) [ 000000000000000]
v53                     (phi              ) [ 000111111111110]
icmp_ln146              (icmp             ) [ 001111111111111]
add_ln146_1             (add              ) [ 001111111111111]
br_ln146                (br               ) [ 000000000000000]
p_shl                   (bitconcatenate   ) [ 000000000000000]
tmp                     (bitconcatenate   ) [ 000000000000000]
zext_ln154_1            (zext             ) [ 000000000000000]
sub_ln154               (sub              ) [ 000000000000000]
zext_ln154              (zext             ) [ 000000000000000]
add_ln154               (add              ) [ 000000000000000]
add_ln154_1             (add              ) [ 000000000000000]
trunc_ln9               (partselect       ) [ 000000000000000]
sext_ln154              (sext             ) [ 000000000000000]
g0_addr                 (getelementptr    ) [ 000011111111100]
store_ln145             (store            ) [ 000000000000000]
br_ln145                (br               ) [ 000000000000000]
g0_load_req             (readreq          ) [ 000000000000000]
g0_addr_read            (read             ) [ 000000000000010]
bitcast_ln154           (bitcast          ) [ 000000000000001]
shl_ln4                 (bitconcatenate   ) [ 000000000000001]
speclooptripcount_ln146 (speclooptripcount) [ 000000000000000]
specloopname_ln146      (specloopname     ) [ 000000000000000]
call_ln150              (call             ) [ 000000000000000]
br_ln146                (br               ) [ 001111111111111]
</LifeTime>

<model>

<comp_list>
<comp id="0" class="1000" name="g0">
<pin_list>
<pin id="1" dir="1" index="0" bw="1" slack="0"/>
</pin_list>
<bind>
<StgValue><ssdm name="g0"/><MemPortTyVec>2 </MemPortTyVec>
</StgValue>
</bind>
</comp>

<comp id="2" class="1000" name="v48">
<pin_list>
<pin id="3" dir="1" index="0" bw="1" slack="0"/>
</pin_list>
<bind>
<StgValue><ssdm name="v48"/></StgValue>
</bind>
</comp>

<comp id="4" class="1000" name="v49">
<pin_list>
<pin id="5" dir="1" index="0" bw="1" slack="0"/>
</pin_list>
<bind>
<StgValue><ssdm name="v49"/></StgValue>
</bind>
</comp>

<comp id="6" class="1000" name="v50">
<pin_list>
<pin id="7" dir="1" index="0" bw="1" slack="0"/>
</pin_list>
<bind>
<StgValue><ssdm name="v50"/></StgValue>
</bind>
</comp>

<comp id="8" class="1001" name="const_8">
<pin_list>
<pin id="9" dir="1" index="0" bw="1" slack="0"/>
</pin_list>
<bind>
<StgValue><ssdm name=""/></StgValue>
</bind>
</comp>

<comp id="10" class="1001" name="const_10">
<pin_list>
<pin id="11" dir="1" index="0" bw="1" slack="2147483647"/>
</pin_list>
<bind>
<StgValue><ssdm name="_ssdm_op_SpecStableContent"/></StgValue>
</bind>
</comp>

<comp id="12" class="1001" name="const_12">
<pin_list>
<pin id="13" dir="1" index="0" bw="1" slack="2147483647"/>
</pin_list>
<bind>
<StgValue><ssdm name=""/></StgValue>
</bind>
</comp>

<comp id="14" class="1001" name="const_14">
<pin_list>
<pin id="15" dir="1" index="0" bw="1" slack="2147483647"/>
</pin_list>
<bind>
<StgValue><ssdm name=""/></StgValue>
</bind>
</comp>

<comp id="16" class="1001" name="const_16">
<pin_list>
<pin id="17" dir="1" index="0" bw="1" slack="2147483647"/>
</pin_list>
<bind>
<StgValue><ssdm name="_ssdm_op_SpecInterface"/></StgValue>
</bind>
</comp>

<comp id="18" class="1001" name="const_18">
<pin_list>
<pin id="19" dir="1" index="0" bw="1" slack="2147483647"/>
</pin_list>
<bind>
<StgValue><ssdm name="empty_26"/></StgValue>
</bind>
</comp>

<comp id="20" class="1001" name="const_20">
<pin_list>
<pin id="21" dir="1" index="0" bw="1" slack="2147483647"/>
</pin_list>
<bind>
<StgValue><ssdm name=""/></StgValue>
</bind>
</comp>

<comp id="22" class="1001" name="const_22">
<pin_list>
<pin id="23" dir="1" index="0" bw="1" slack="2147483647"/>
</pin_list>
<bind>
<StgValue><ssdm name="empty_35"/></StgValue>
</bind>
</comp>

<comp id="24" class="1001" name="const_24">
<pin_list>
<pin id="25" dir="1" index="0" bw="1" slack="2147483647"/>
</pin_list>
<bind>
<StgValue><ssdm name="empty_22"/></StgValue>
</bind>
</comp>

<comp id="26" class="1001" name="const_26">
<pin_list>
<pin id="27" dir="1" index="0" bw="1" slack="2147483647"/>
</pin_list>
<bind>
<StgValue><ssdm name="empty_25"/></StgValue>
</bind>
</comp>

<comp id="28" class="1001" name="const_28">
<pin_list>
<pin id="29" dir="1" index="0" bw="1" slack="2147483647"/>
</pin_list>
<bind>
<StgValue><ssdm name=""/></StgValue>
</bind>
</comp>

<comp id="30" class="1001" name="const_30">
<pin_list>
<pin id="31" dir="1" index="0" bw="1" slack="2147483647"/>
</pin_list>
<bind>
<StgValue><ssdm name=""/></StgValue>
</bind>
</comp>

<comp id="32" class="1001" name="const_32">
<pin_list>
<pin id="33" dir="1" index="0" bw="1" slack="2147483647"/>
</pin_list>
<bind>
<StgValue><ssdm name=""/></StgValue>
</bind>
</comp>

<comp id="34" class="1001" name="const_34">
<pin_list>
<pin id="35" dir="1" index="0" bw="1" slack="0"/>
</pin_list>
<bind>
<StgValue><ssdm name="_ssdm_op_Read.ap_auto.i64"/></StgValue>
</bind>
</comp>

<comp id="36" class="1001" name="const_36">
<pin_list>
<pin id="37" dir="1" index="0" bw="1" slack="0"/>
</pin_list>
<bind>
<StgValue><ssdm name="_ssdm_op_PartSelect.i62.i64.i32.i32"/></StgValue>
</bind>
</comp>

<comp id="38" class="1001" name="const_38">
<pin_list>
<pin id="39" dir="1" index="0" bw="1" slack="0"/>
</pin_list>
<bind>
<StgValue><ssdm name=""/></StgValue>
</bind>
</comp>

<comp id="40" class="1001" name="const_40">
<pin_list>
<pin id="41" dir="1" index="0" bw="1" slack="0"/>
</pin_list>
<bind>
<StgValue><ssdm name=""/></StgValue>
</bind>
</comp>

<comp id="42" class="1001" name="const_42">
<pin_list>
<pin id="43" dir="1" index="0" bw="1" slack="0"/>
</pin_list>
<bind>
<StgValue><ssdm name=""/></StgValue>
</bind>
</comp>

<comp id="44" class="1001" name="const_44">
<pin_list>
<pin id="45" dir="1" index="0" bw="1" slack="0"/>
</pin_list>
<bind>
<StgValue><ssdm name=""/></StgValue>
</bind>
</comp>

<comp id="46" class="1001" name="const_46">
<pin_list>
<pin id="47" dir="1" index="0" bw="1" slack="0"/>
</pin_list>
<bind>
<StgValue><ssdm name=""/></StgValue>
</bind>
</comp>

<comp id="48" class="1001" name="const_48">
<pin_list>
<pin id="49" dir="1" index="0" bw="1" slack="2147483647"/>
</pin_list>
<bind>
<StgValue><ssdm name="_ssdm_op_SpecLoopTripCount"/></StgValue>
</bind>
</comp>

<comp id="50" class="1001" name="const_50">
<pin_list>
<pin id="51" dir="1" index="0" bw="1" slack="2147483647"/>
</pin_list>
<bind>
<StgValue><ssdm name=""/></StgValue>
</bind>
</comp>

<comp id="52" class="1001" name="const_52">
<pin_list>
<pin id="53" dir="1" index="0" bw="1" slack="2147483647"/>
</pin_list>
<bind>
<StgValue><ssdm name="_ssdm_op_SpecLoopName"/></StgValue>
</bind>
</comp>

<comp id="54" class="1001" name="const_54">
<pin_list>
<pin id="55" dir="1" index="0" bw="1" slack="2147483647"/>
</pin_list>
<bind>
<StgValue><ssdm name="empty_16"/></StgValue>
</bind>
</comp>

<comp id="56" class="1001" name="const_56">
<pin_list>
<pin id="57" dir="1" index="0" bw="1" slack="0"/>
</pin_list>
<bind>
<StgValue><ssdm name="_ssdm_op_BitConcatenate.i19.i11.i8"/></StgValue>
</bind>
</comp>

<comp id="58" class="1001" name="const_58">
<pin_list>
<pin id="59" dir="1" index="0" bw="1" slack="0"/>
</pin_list>
<bind>
<StgValue><ssdm name=""/></StgValue>
</bind>
</comp>

<comp id="60" class="1001" name="const_60">
<pin_list>
<pin id="61" dir="1" index="0" bw="1" slack="0"/>
</pin_list>
<bind>
<StgValue><ssdm name="_ssdm_op_BitConcatenate.i13.i11.i2"/></StgValue>
</bind>
</comp>

<comp id="62" class="1001" name="const_62">
<pin_list>
<pin id="63" dir="1" index="0" bw="1" slack="0"/>
</pin_list>
<bind>
<StgValue><ssdm name=""/></StgValue>
</bind>
</comp>

<comp id="64" class="1001" name="const_64">
<pin_list>
<pin id="65" dir="1" index="0" bw="1" slack="1"/>
</pin_list>
<bind>
<StgValue><ssdm name=""/></StgValue>
</bind>
</comp>

<comp id="66" class="1001" name="const_66">
<pin_list>
<pin id="67" dir="1" index="0" bw="1" slack="0"/>
</pin_list>
<bind>
<StgValue><ssdm name=""/></StgValue>
</bind>
</comp>

<comp id="68" class="1001" name="const_68">
<pin_list>
<pin id="69" dir="1" index="0" bw="1" slack="0"/>
</pin_list>
<bind>
<StgValue><ssdm name=""/></StgValue>
</bind>
</comp>

<comp id="70" class="1001" name="const_70">
<pin_list>
<pin id="71" dir="1" index="0" bw="1" slack="0"/>
</pin_list>
<bind>
<StgValue><ssdm name="_ssdm_op_BitConcatenate.i22.i9.i13"/></StgValue>
</bind>
</comp>

<comp id="72" class="1001" name="const_72">
<pin_list>
<pin id="73" dir="1" index="0" bw="1" slack="0"/>
</pin_list>
<bind>
<StgValue><ssdm name=""/></StgValue>
</bind>
</comp>

<comp id="74" class="1001" name="const_74">
<pin_list>
<pin id="75" dir="1" index="0" bw="1" slack="0"/>
</pin_list>
<bind>
<StgValue><ssdm name="_ssdm_op_BitConcatenate.i20.i9.i11"/></StgValue>
</bind>
</comp>

<comp id="76" class="1001" name="const_76">
<pin_list>
<pin id="77" dir="1" index="0" bw="1" slack="0"/>
</pin_list>
<bind>
<StgValue><ssdm name="_ssdm_op_ReadReq.m_axi.i32P1A"/></StgValue>
</bind>
</comp>

<comp id="78" class="1001" name="const_78">
<pin_list>
<pin id="79" dir="1" index="0" bw="1" slack="0"/>
</pin_list>
<bind>
<StgValue><ssdm name=""/></StgValue>
</bind>
</comp>

<comp id="80" class="1001" name="const_80">
<pin_list>
<pin id="81" dir="1" index="0" bw="1" slack="0"/>
</pin_list>
<bind>
<StgValue><ssdm name="_ssdm_op_Read.m_axi.i32P1A"/></StgValue>
</bind>
</comp>

<comp id="82" class="1001" name="const_82">
<pin_list>
<pin id="83" dir="1" index="0" bw="1" slack="0"/>
</pin_list>
<bind>
<StgValue><ssdm name="_ssdm_op_BitConcatenate.i17.i9.i8"/></StgValue>
</bind>
</comp>

<comp id="84" class="1001" name="const_84">
<pin_list>
<pin id="85" dir="1" index="0" bw="1" slack="0"/>
</pin_list>
<bind>
<StgValue><ssdm name="kernel8_Pipeline_VITIS_LOOP_147_3_VITIS_LOOP_148_4"/></StgValue>
</bind>
</comp>

<comp id="86" class="1001" name="const_86">
<pin_list>
<pin id="87" dir="1" index="0" bw="1" slack="2147483647"/>
</pin_list>
<bind>
<StgValue><ssdm name=""/></StgValue>
</bind>
</comp>

<comp id="88" class="1001" name="const_88">
<pin_list>
<pin id="89" dir="1" index="0" bw="1" slack="2147483647"/>
</pin_list>
<bind>
<StgValue><ssdm name="empty_1"/></StgValue>
</bind>
</comp>

<comp id="90" class="1004" name="v52_fu_90">
<pin_list>
<pin id="91" dir="0" index="0" bw="1" slack="0"/>
<pin id="92" dir="1" index="1" bw="11" slack="0"/>
</pin_list>
<bind>
<opcode="alloca(26) " fcode="alloca"/>
<opset="v52/1 "/>
</bind>
</comp>

<comp id="94" class="1004" name="v50_read_read_fu_94">
<pin_list>
<pin id="95" dir="0" index="0" bw="64" slack="0"/>
<pin id="96" dir="0" index="1" bw="64" slack="0"/>
<pin id="97" dir="1" index="2" bw="64" slack="0"/>
</pin_list>
<bind>
<opcode="read(1150) " fcode="read"/>
<opset="v50_read/1 "/>
</bind>
</comp>

<comp id="100" class="1004" name="v49_read_read_fu_100">
<pin_list>
<pin id="101" dir="0" index="0" bw="64" slack="0"/>
<pin id="102" dir="0" index="1" bw="64" slack="0"/>
<pin id="103" dir="1" index="2" bw="64" slack="0"/>
</pin_list>
<bind>
<opcode="read(1150) " fcode="read"/>
<opset="v49_read/1 "/>
</bind>
</comp>

<comp id="106" class="1004" name="v48_read_read_fu_106">
<pin_list>
<pin id="107" dir="0" index="0" bw="64" slack="0"/>
<pin id="108" dir="0" index="1" bw="64" slack="0"/>
<pin id="109" dir="1" index="2" bw="64" slack="0"/>
</pin_list>
<bind>
<opcode="read(1150) " fcode="read"/>
<opset="v48_read/1 "/>
</bind>
</comp>

<comp id="112" class="1004" name="grp_readreq_fu_112">
<pin_list>
<pin id="113" dir="0" index="0" bw="1" slack="0"/>
<pin id="114" dir="0" index="1" bw="32" slack="1"/>
<pin id="115" dir="0" index="2" bw="1" slack="0"/>
<pin id="116" dir="1" index="3" bw="1" slack="2147483647"/>
</pin_list>
<bind>
<opcode="readreq(1154) " fcode="readreq"/>
<opset="g0_load_req/4 "/>
</bind>
</comp>

<comp id="119" class="1004" name="g0_addr_read_read_fu_119">
<pin_list>
<pin id="120" dir="0" index="0" bw="32" slack="0"/>
<pin id="121" dir="0" index="1" bw="32" slack="9"/>
<pin id="122" dir="1" index="2" bw="32" slack="1"/>
</pin_list>
<bind>
<opcode="read(1150) " fcode="read"/>
<opset="g0_addr_read/12 "/>
</bind>
</comp>

<comp id="124" class="1005" name="v53_reg_124">
<pin_list>
<pin id="125" dir="0" index="0" bw="9" slack="1"/>
<pin id="126" dir="1" index="1" bw="9" slack="1"/>
</pin_list>
<bind>
<opset="v53 (phireg) "/>
</bind>
</comp>

<comp id="128" class="1004" name="v53_phi_fu_128">
<pin_list>
<pin id="129" dir="0" index="0" bw="1" slack="1"/>
<pin id="130" dir="0" index="1" bw="0" slack="2147483647"/>
<pin id="131" dir="0" index="2" bw="9" slack="0"/>
<pin id="132" dir="0" index="3" bw="0" slack="2147483647"/>
<pin id="133" dir="1" index="4" bw="9" slack="0"/>
</pin_list>
<bind>
<opcode="phi(47) " fcode="phi"/>
<opset="v53/3 "/>
</bind>
</comp>

<comp id="136" class="1004" name="grp_kernel8_Pipeline_VITIS_LOOP_147_3_VITIS_LOOP_148_4_fu_136">
<pin_list>
<pin id="137" dir="0" index="0" bw="0" slack="0"/>
<pin id="138" dir="0" index="1" bw="32" slack="0"/>
<pin id="139" dir="0" index="2" bw="62" slack="12"/>
<pin id="140" dir="0" index="3" bw="62" slack="12"/>
<pin id="141" dir="0" index="4" bw="62" slack="12"/>
<pin id="142" dir="0" index="5" bw="62" slack="11"/>
<pin id="143" dir="0" index="6" bw="17" slack="0"/>
<pin id="144" dir="0" index="7" bw="64" slack="12"/>
<pin id="145" dir="0" index="8" bw="32" slack="0"/>
<pin id="146" dir="1" index="9" bw="0" slack="2147483647"/>
</pin_list>
<bind>
<opcode="call(48) " fcode="call"/>
<opset="call_ln150/13 "/>
</bind>
</comp>

<comp id="149" class="1004" name="trunc_ln_fu_149">
<pin_list>
<pin id="150" dir="0" index="0" bw="62" slack="0"/>
<pin id="151" dir="0" index="1" bw="64" slack="0"/>
<pin id="152" dir="0" index="2" bw="3" slack="0"/>
<pin id="153" dir="0" index="3" bw="7" slack="0"/>
<pin id="154" dir="1" index="4" bw="62" slack="12"/>
</pin_list>
<bind>
<opcode="partselect(1002) " fcode="partselect"/>
<opset="trunc_ln/1 "/>
</bind>
</comp>

<comp id="159" class="1004" name="trunc_ln6_fu_159">
<pin_list>
<pin id="160" dir="0" index="0" bw="62" slack="0"/>
<pin id="161" dir="0" index="1" bw="64" slack="0"/>
<pin id="162" dir="0" index="2" bw="3" slack="0"/>
<pin id="163" dir="0" index="3" bw="7" slack="0"/>
<pin id="164" dir="1" index="4" bw="62" slack="12"/>
</pin_list>
<bind>
<opcode="partselect(1002) " fcode="partselect"/>
<opset="trunc_ln6/1 "/>
</bind>
</comp>

<comp id="169" class="1004" name="trunc_ln7_fu_169">
<pin_list>
<pin id="170" dir="0" index="0" bw="62" slack="0"/>
<pin id="171" dir="0" index="1" bw="64" slack="0"/>
<pin id="172" dir="0" index="2" bw="3" slack="0"/>
<pin id="173" dir="0" index="3" bw="7" slack="0"/>
<pin id="174" dir="1" index="4" bw="62" slack="12"/>
</pin_list>
<bind>
<opcode="partselect(1002) " fcode="partselect"/>
<opset="trunc_ln7/1 "/>
</bind>
</comp>

<comp id="179" class="1004" name="store_ln145_store_fu_179">
<pin_list>
<pin id="180" dir="0" index="0" bw="1" slack="0"/>
<pin id="181" dir="0" index="1" bw="11" slack="0"/>
<pin id="182" dir="1" index="2" bw="0" slack="2147483647"/>
</pin_list>
<bind>
<opcode="store(28) " fcode="store"/>
<opset="store_ln145/1 "/>
</bind>
</comp>

<comp id="184" class="1004" name="v52_1_load_fu_184">
<pin_list>
<pin id="185" dir="0" index="0" bw="11" slack="1"/>
<pin id="186" dir="1" index="1" bw="11" slack="0"/>
</pin_list>
<bind>
<opcode="load(27) " fcode="load"/>
<opset="v52_1/2 "/>
</bind>
</comp>

<comp id="187" class="1004" name="icmp_ln145_fu_187">
<pin_list>
<pin id="188" dir="0" index="0" bw="11" slack="0"/>
<pin id="189" dir="0" index="1" bw="10" slack="0"/>
<pin id="190" dir="1" index="2" bw="1" slack="2147483647"/>
</pin_list>
<bind>
<opcode="icmp(45) " fcode="icmp"/>
<opset="icmp_ln145/2 "/>
</bind>
</comp>

<comp id="193" class="1004" name="add_ln145_fu_193">
<pin_list>
<pin id="194" dir="0" index="0" bw="11" slack="0"/>
<pin id="195" dir="0" index="1" bw="1" slack="0"/>
<pin id="196" dir="1" index="2" bw="11" slack="1"/>
</pin_list>
<bind>
<opcode="add(8) " fcode="add"/>
<opset="add_ln145/2 "/>
</bind>
</comp>

<comp id="199" class="1004" name="shl_ln_fu_199">
<pin_list>
<pin id="200" dir="0" index="0" bw="19" slack="0"/>
<pin id="201" dir="0" index="1" bw="11" slack="0"/>
<pin id="202" dir="0" index="2" bw="1" slack="0"/>
<pin id="203" dir="1" index="3" bw="19" slack="0"/>
</pin_list>
<bind>
<opcode="bitconcatenate(1004) " fcode="bitconcatenate"/>
<opset="shl_ln/2 "/>
</bind>
</comp>

<comp id="207" class="1004" name="zext_ln146_fu_207">
<pin_list>
<pin id="208" dir="0" index="0" bw="19" slack="0"/>
<pin id="209" dir="1" index="1" bw="64" slack="0"/>
</pin_list>
<bind>
<opcode="zext(34) " fcode="zext"/>
<opset="zext_ln146/2 "/>
</bind>
</comp>

<comp id="211" class="1004" name="add_ln146_fu_211">
<pin_list>
<pin id="212" dir="0" index="0" bw="19" slack="0"/>
<pin id="213" dir="0" index="1" bw="64" slack="1"/>
<pin id="214" dir="1" index="2" bw="64" slack="0"/>
</pin_list>
<bind>
<opcode="add(8) " fcode="add"/>
<opset="add_ln146/2 "/>
</bind>
</comp>

<comp id="216" class="1004" name="shl_ln3_fu_216">
<pin_list>
<pin id="217" dir="0" index="0" bw="13" slack="0"/>
<pin id="218" dir="0" index="1" bw="11" slack="0"/>
<pin id="219" dir="0" index="2" bw="1" slack="0"/>
<pin id="220" dir="1" index="3" bw="13" slack="0"/>
</pin_list>
<bind>
<opcode="bitconcatenate(1004) " fcode="bitconcatenate"/>
<opset="shl_ln3/2 "/>
</bind>
</comp>

<comp id="224" class="1004" name="zext_ln147_fu_224">
<pin_list>
<pin id="225" dir="0" index="0" bw="13" slack="0"/>
<pin id="226" dir="1" index="1" bw="64" slack="1"/>
</pin_list>
<bind>
<opcode="zext(34) " fcode="zext"/>
<opset="zext_ln147/2 "/>
</bind>
</comp>

<comp id="228" class="1004" name="trunc_ln8_fu_228">
<pin_list>
<pin id="229" dir="0" index="0" bw="62" slack="0"/>
<pin id="230" dir="0" index="1" bw="64" slack="0"/>
<pin id="231" dir="0" index="2" bw="3" slack="0"/>
<pin id="232" dir="0" index="3" bw="7" slack="0"/>
<pin id="233" dir="1" index="4" bw="62" slack="11"/>
</pin_list>
<bind>
<opcode="partselect(1002) " fcode="partselect"/>
<opset="trunc_ln8/2 "/>
</bind>
</comp>

<comp id="238" class="1004" name="icmp_ln146_fu_238">
<pin_list>
<pin id="239" dir="0" index="0" bw="9" slack="0"/>
<pin id="240" dir="0" index="1" bw="8" slack="0"/>
<pin id="241" dir="1" index="2" bw="1" slack="2147483647"/>
</pin_list>
<bind>
<opcode="icmp(45) " fcode="icmp"/>
<opset="icmp_ln146/3 "/>
</bind>
</comp>

<comp id="244" class="1004" name="add_ln146_1_fu_244">
<pin_list>
<pin id="245" dir="0" index="0" bw="9" slack="0"/>
<pin id="246" dir="0" index="1" bw="1" slack="0"/>
<pin id="247" dir="1" index="2" bw="9" slack="0"/>
</pin_list>
<bind>
<opcode="add(8) " fcode="add"/>
<opset="add_ln146_1/3 "/>
</bind>
</comp>

<comp id="250" class="1004" name="p_shl_fu_250">
<pin_list>
<pin id="251" dir="0" index="0" bw="22" slack="0"/>
<pin id="252" dir="0" index="1" bw="9" slack="0"/>
<pin id="253" dir="0" index="2" bw="1" slack="0"/>
<pin id="254" dir="1" index="3" bw="22" slack="0"/>
</pin_list>
<bind>
<opcode="bitconcatenate(1004) " fcode="bitconcatenate"/>
<opset="p_shl/3 "/>
</bind>
</comp>

<comp id="258" class="1004" name="tmp_fu_258">
<pin_list>
<pin id="259" dir="0" index="0" bw="20" slack="0"/>
<pin id="260" dir="0" index="1" bw="9" slack="0"/>
<pin id="261" dir="0" index="2" bw="1" slack="0"/>
<pin id="262" dir="1" index="3" bw="20" slack="0"/>
</pin_list>
<bind>
<opcode="bitconcatenate(1004) " fcode="bitconcatenate"/>
<opset="tmp/3 "/>
</bind>
</comp>

<comp id="266" class="1004" name="zext_ln154_1_fu_266">
<pin_list>
<pin id="267" dir="0" index="0" bw="20" slack="0"/>
<pin id="268" dir="1" index="1" bw="22" slack="0"/>
</pin_list>
<bind>
<opcode="zext(34) " fcode="zext"/>
<opset="zext_ln154_1/3 "/>
</bind>
</comp>

<comp id="270" class="1004" name="sub_ln154_fu_270">
<pin_list>
<pin id="271" dir="0" index="0" bw="22" slack="0"/>
<pin id="272" dir="0" index="1" bw="20" slack="0"/>
<pin id="273" dir="1" index="2" bw="22" slack="0"/>
</pin_list>
<bind>
<opcode="sub(10) " fcode="sub"/>
<opset="sub_ln154/3 "/>
</bind>
</comp>

<comp id="276" class="1004" name="zext_ln154_fu_276">
<pin_list>
<pin id="277" dir="0" index="0" bw="22" slack="0"/>
<pin id="278" dir="1" index="1" bw="64" slack="0"/>
</pin_list>
<bind>
<opcode="zext(34) " fcode="zext"/>
<opset="zext_ln154/3 "/>
</bind>
</comp>

<comp id="280" class="1004" name="add_ln154_fu_280">
<pin_list>
<pin id="281" dir="0" index="0" bw="22" slack="0"/>
<pin id="282" dir="0" index="1" bw="64" slack="2"/>
<pin id="283" dir="1" index="2" bw="64" slack="0"/>
</pin_list>
<bind>
<opcode="add(8) " fcode="add"/>
<opset="add_ln154/3 "/>
</bind>
</comp>

<comp id="285" class="1004" name="add_ln154_1_fu_285">
<pin_list>
<pin id="286" dir="0" index="0" bw="64" slack="0"/>
<pin id="287" dir="0" index="1" bw="13" slack="1"/>
<pin id="288" dir="1" index="2" bw="64" slack="0"/>
</pin_list>
<bind>
<opcode="add(8) " fcode="add"/>
<opset="add_ln154_1/3 "/>
</bind>
</comp>

<comp id="290" class="1004" name="trunc_ln9_fu_290">
<pin_list>
<pin id="291" dir="0" index="0" bw="62" slack="0"/>
<pin id="292" dir="0" index="1" bw="64" slack="0"/>
<pin id="293" dir="0" index="2" bw="3" slack="0"/>
<pin id="294" dir="0" index="3" bw="7" slack="0"/>
<pin id="295" dir="1" index="4" bw="62" slack="0"/>
</pin_list>
<bind>
<opcode="partselect(1002) " fcode="partselect"/>
<opset="trunc_ln9/3 "/>
</bind>
</comp>

<comp id="300" class="1004" name="sext_ln154_fu_300">
<pin_list>
<pin id="301" dir="0" index="0" bw="62" slack="0"/>
<pin id="302" dir="1" index="1" bw="64" slack="0"/>
</pin_list>
<bind>
<opcode="sext(35) " fcode="sext"/>
<opset="sext_ln154/3 "/>
</bind>
</comp>

<comp id="304" class="1004" name="g0_addr_fu_304">
<pin_list>
<pin id="305" dir="0" index="0" bw="32" slack="0"/>
<pin id="306" dir="0" index="1" bw="62" slack="0"/>
<pin id="307" dir="1" index="2" bw="32" slack="1"/>
</pin_list>
<bind>
<opcode="getelementptr(29) " fcode="getelementptr"/>
<opset="g0_addr/3 "/>
</bind>
</comp>

<comp id="310" class="1004" name="store_ln145_store_fu_310">
<pin_list>
<pin id="311" dir="0" index="0" bw="11" slack="1"/>
<pin id="312" dir="0" index="1" bw="11" slack="2"/>
<pin id="313" dir="1" index="2" bw="0" slack="2147483647"/>
</pin_list>
<bind>
<opcode="store(28) " fcode="store"/>
<opset="store_ln145/3 "/>
</bind>
</comp>

<comp id="314" class="1004" name="bitcast_ln154_fu_314">
<pin_list>
<pin id="315" dir="0" index="0" bw="32" slack="1"/>
<pin id="316" dir="1" index="1" bw="32" slack="0"/>
</pin_list>
<bind>
<opcode="bitcast(44) " fcode="bitcast"/>
<opset="bitcast_ln154/13 "/>
</bind>
</comp>

<comp id="318" class="1004" name="shl_ln4_fu_318">
<pin_list>
<pin id="319" dir="0" index="0" bw="17" slack="0"/>
<pin id="320" dir="0" index="1" bw="9" slack="10"/>
<pin id="321" dir="0" index="2" bw="1" slack="0"/>
<pin id="322" dir="1" index="3" bw="17" slack="0"/>
</pin_list>
<bind>
<opcode="bitconcatenate(1004) " fcode="bitconcatenate"/>
<opset="shl_ln4/13 "/>
</bind>
</comp>

<comp id="327" class="1005" name="v52_reg_327">
<pin_list>
<pin id="328" dir="0" index="0" bw="11" slack="0"/>
<pin id="329" dir="1" index="1" bw="11" slack="0"/>
</pin_list>
<bind>
<opset="v52 "/>
</bind>
</comp>

<comp id="334" class="1005" name="v50_read_reg_334">
<pin_list>
<pin id="335" dir="0" index="0" bw="64" slack="12"/>
<pin id="336" dir="1" index="1" bw="64" slack="12"/>
</pin_list>
<bind>
<opset="v50_read "/>
</bind>
</comp>

<comp id="339" class="1005" name="v49_read_reg_339">
<pin_list>
<pin id="340" dir="0" index="0" bw="64" slack="2"/>
<pin id="341" dir="1" index="1" bw="64" slack="2"/>
</pin_list>
<bind>
<opset="v49_read "/>
</bind>
</comp>

<comp id="344" class="1005" name="v48_read_reg_344">
<pin_list>
<pin id="345" dir="0" index="0" bw="64" slack="1"/>
<pin id="346" dir="1" index="1" bw="64" slack="1"/>
</pin_list>
<bind>
<opset="v48_read "/>
</bind>
</comp>

<comp id="349" class="1005" name="trunc_ln_reg_349">
<pin_list>
<pin id="350" dir="0" index="0" bw="62" slack="12"/>
<pin id="351" dir="1" index="1" bw="62" slack="12"/>
</pin_list>
<bind>
<opset="trunc_ln "/>
</bind>
</comp>

<comp id="354" class="1005" name="trunc_ln6_reg_354">
<pin_list>
<pin id="355" dir="0" index="0" bw="62" slack="12"/>
<pin id="356" dir="1" index="1" bw="62" slack="12"/>
</pin_list>
<bind>
<opset="trunc_ln6 "/>
</bind>
</comp>

<comp id="359" class="1005" name="trunc_ln7_reg_359">
<pin_list>
<pin id="360" dir="0" index="0" bw="62" slack="12"/>
<pin id="361" dir="1" index="1" bw="62" slack="12"/>
</pin_list>
<bind>
<opset="trunc_ln7 "/>
</bind>
</comp>

<comp id="367" class="1005" name="add_ln145_reg_367">
<pin_list>
<pin id="368" dir="0" index="0" bw="11" slack="1"/>
<pin id="369" dir="1" index="1" bw="11" slack="1"/>
</pin_list>
<bind>
<opset="add_ln145 "/>
</bind>
</comp>

<comp id="372" class="1005" name="zext_ln147_reg_372">
<pin_list>
<pin id="373" dir="0" index="0" bw="64" slack="1"/>
<pin id="374" dir="1" index="1" bw="64" slack="1"/>
</pin_list>
<bind>
<opset="zext_ln147 "/>
</bind>
</comp>

<comp id="377" class="1005" name="trunc_ln8_reg_377">
<pin_list>
<pin id="378" dir="0" index="0" bw="62" slack="11"/>
<pin id="379" dir="1" index="1" bw="62" slack="11"/>
</pin_list>
<bind>
<opset="trunc_ln8 "/>
</bind>
</comp>

<comp id="385" class="1005" name="add_ln146_1_reg_385">
<pin_list>
<pin id="386" dir="0" index="0" bw="9" slack="0"/>
<pin id="387" dir="1" index="1" bw="9" slack="0"/>
</pin_list>
<bind>
<opset="add_ln146_1 "/>
</bind>
</comp>

<comp id="390" class="1005" name="g0_addr_reg_390">
<pin_list>
<pin id="391" dir="0" index="0" bw="32" slack="1"/>
<pin id="392" dir="1" index="1" bw="32" slack="1"/>
</pin_list>
<bind>
<opset="g0_addr "/>
</bind>
</comp>

<comp id="396" class="1005" name="g0_addr_read_reg_396">
<pin_list>
<pin id="397" dir="0" index="0" bw="32" slack="1"/>
<pin id="398" dir="1" index="1" bw="32" slack="1"/>
</pin_list>
<bind>
<opset="g0_addr_read "/>
</bind>
</comp>

<comp id="401" class="1005" name="bitcast_ln154_reg_401">
<pin_list>
<pin id="402" dir="0" index="0" bw="32" slack="1"/>
<pin id="403" dir="1" index="1" bw="32" slack="1"/>
</pin_list>
<bind>
<opset="bitcast_ln154 "/>
</bind>
</comp>

<comp id="406" class="1005" name="shl_ln4_reg_406">
<pin_list>
<pin id="407" dir="0" index="0" bw="17" slack="1"/>
<pin id="408" dir="1" index="1" bw="17" slack="1"/>
</pin_list>
<bind>
<opset="shl_ln4 "/>
</bind>
</comp>

</comp_list>

<net_list>
<net id="93"><net_src comp="8" pin="0"/><net_sink comp="90" pin=0"/></net>

<net id="98"><net_src comp="34" pin="0"/><net_sink comp="94" pin=0"/></net>

<net id="99"><net_src comp="6" pin="0"/><net_sink comp="94" pin=1"/></net>

<net id="104"><net_src comp="34" pin="0"/><net_sink comp="100" pin=0"/></net>

<net id="105"><net_src comp="4" pin="0"/><net_sink comp="100" pin=1"/></net>

<net id="110"><net_src comp="34" pin="0"/><net_sink comp="106" pin=0"/></net>

<net id="111"><net_src comp="2" pin="0"/><net_sink comp="106" pin=1"/></net>

<net id="117"><net_src comp="76" pin="0"/><net_sink comp="112" pin=0"/></net>

<net id="118"><net_src comp="78" pin="0"/><net_sink comp="112" pin=2"/></net>

<net id="123"><net_src comp="80" pin="0"/><net_sink comp="119" pin=0"/></net>

<net id="127"><net_src comp="64" pin="0"/><net_sink comp="124" pin=0"/></net>

<net id="134"><net_src comp="124" pin="1"/><net_sink comp="128" pin=0"/></net>

<net id="135"><net_src comp="128" pin="4"/><net_sink comp="124" pin=0"/></net>

<net id="147"><net_src comp="84" pin="0"/><net_sink comp="136" pin=0"/></net>

<net id="148"><net_src comp="0" pin="0"/><net_sink comp="136" pin=1"/></net>

<net id="155"><net_src comp="36" pin="0"/><net_sink comp="149" pin=0"/></net>

<net id="156"><net_src comp="106" pin="2"/><net_sink comp="149" pin=1"/></net>

<net id="157"><net_src comp="38" pin="0"/><net_sink comp="149" pin=2"/></net>

<net id="158"><net_src comp="40" pin="0"/><net_sink comp="149" pin=3"/></net>

<net id="165"><net_src comp="36" pin="0"/><net_sink comp="159" pin=0"/></net>

<net id="166"><net_src comp="94" pin="2"/><net_sink comp="159" pin=1"/></net>

<net id="167"><net_src comp="38" pin="0"/><net_sink comp="159" pin=2"/></net>

<net id="168"><net_src comp="40" pin="0"/><net_sink comp="159" pin=3"/></net>

<net id="175"><net_src comp="36" pin="0"/><net_sink comp="169" pin=0"/></net>

<net id="176"><net_src comp="100" pin="2"/><net_sink comp="169" pin=1"/></net>

<net id="177"><net_src comp="38" pin="0"/><net_sink comp="169" pin=2"/></net>

<net id="178"><net_src comp="40" pin="0"/><net_sink comp="169" pin=3"/></net>

<net id="183"><net_src comp="42" pin="0"/><net_sink comp="179" pin=0"/></net>

<net id="191"><net_src comp="184" pin="1"/><net_sink comp="187" pin=0"/></net>

<net id="192"><net_src comp="44" pin="0"/><net_sink comp="187" pin=1"/></net>

<net id="197"><net_src comp="184" pin="1"/><net_sink comp="193" pin=0"/></net>

<net id="198"><net_src comp="46" pin="0"/><net_sink comp="193" pin=1"/></net>

<net id="204"><net_src comp="56" pin="0"/><net_sink comp="199" pin=0"/></net>

<net id="205"><net_src comp="184" pin="1"/><net_sink comp="199" pin=1"/></net>

<net id="206"><net_src comp="58" pin="0"/><net_sink comp="199" pin=2"/></net>

<net id="210"><net_src comp="199" pin="3"/><net_sink comp="207" pin=0"/></net>

<net id="215"><net_src comp="207" pin="1"/><net_sink comp="211" pin=0"/></net>

<net id="221"><net_src comp="60" pin="0"/><net_sink comp="216" pin=0"/></net>

<net id="222"><net_src comp="184" pin="1"/><net_sink comp="216" pin=1"/></net>

<net id="223"><net_src comp="62" pin="0"/><net_sink comp="216" pin=2"/></net>

<net id="227"><net_src comp="216" pin="3"/><net_sink comp="224" pin=0"/></net>

<net id="234"><net_src comp="36" pin="0"/><net_sink comp="228" pin=0"/></net>

<net id="235"><net_src comp="211" pin="2"/><net_sink comp="228" pin=1"/></net>

<net id="236"><net_src comp="38" pin="0"/><net_sink comp="228" pin=2"/></net>

<net id="237"><net_src comp="40" pin="0"/><net_sink comp="228" pin=3"/></net>

<net id="242"><net_src comp="128" pin="4"/><net_sink comp="238" pin=0"/></net>

<net id="243"><net_src comp="66" pin="0"/><net_sink comp="238" pin=1"/></net>

<net id="248"><net_src comp="128" pin="4"/><net_sink comp="244" pin=0"/></net>

<net id="249"><net_src comp="68" pin="0"/><net_sink comp="244" pin=1"/></net>

<net id="255"><net_src comp="70" pin="0"/><net_sink comp="250" pin=0"/></net>

<net id="256"><net_src comp="128" pin="4"/><net_sink comp="250" pin=1"/></net>

<net id="257"><net_src comp="72" pin="0"/><net_sink comp="250" pin=2"/></net>

<net id="263"><net_src comp="74" pin="0"/><net_sink comp="258" pin=0"/></net>

<net id="264"><net_src comp="128" pin="4"/><net_sink comp="258" pin=1"/></net>

<net id="265"><net_src comp="42" pin="0"/><net_sink comp="258" pin=2"/></net>

<net id="269"><net_src comp="258" pin="3"/><net_sink comp="266" pin=0"/></net>

<net id="274"><net_src comp="250" pin="3"/><net_sink comp="270" pin=0"/></net>

<net id="275"><net_src comp="266" pin="1"/><net_sink comp="270" pin=1"/></net>

<net id="279"><net_src comp="270" pin="2"/><net_sink comp="276" pin=0"/></net>

<net id="284"><net_src comp="276" pin="1"/><net_sink comp="280" pin=0"/></net>

<net id="289"><net_src comp="280" pin="2"/><net_sink comp="285" pin=0"/></net>

<net id="296"><net_src comp="36" pin="0"/><net_sink comp="290" pin=0"/></net>

<net id="297"><net_src comp="285" pin="2"/><net_sink comp="290" pin=1"/></net>

<net id="298"><net_src comp="38" pin="0"/><net_sink comp="290" pin=2"/></net>

<net id="299"><net_src comp="40" pin="0"/><net_sink comp="290" pin=3"/></net>

<net id="303"><net_src comp="290" pin="4"/><net_sink comp="300" pin=0"/></net>

<net id="308"><net_src comp="0" pin="0"/><net_sink comp="304" pin=0"/></net>

<net id="309"><net_src comp="300" pin="1"/><net_sink comp="304" pin=1"/></net>

<net id="317"><net_src comp="314" pin="1"/><net_sink comp="136" pin=8"/></net>

<net id="323"><net_src comp="82" pin="0"/><net_sink comp="318" pin=0"/></net>

<net id="324"><net_src comp="124" pin="1"/><net_sink comp="318" pin=1"/></net>

<net id="325"><net_src comp="58" pin="0"/><net_sink comp="318" pin=2"/></net>

<net id="326"><net_src comp="318" pin="3"/><net_sink comp="136" pin=6"/></net>

<net id="330"><net_src comp="90" pin="1"/><net_sink comp="327" pin=0"/></net>

<net id="331"><net_src comp="327" pin="1"/><net_sink comp="179" pin=1"/></net>

<net id="332"><net_src comp="327" pin="1"/><net_sink comp="184" pin=0"/></net>

<net id="333"><net_src comp="327" pin="1"/><net_sink comp="310" pin=1"/></net>

<net id="337"><net_src comp="94" pin="2"/><net_sink comp="334" pin=0"/></net>

<net id="338"><net_src comp="334" pin="1"/><net_sink comp="136" pin=7"/></net>

<net id="342"><net_src comp="100" pin="2"/><net_sink comp="339" pin=0"/></net>

<net id="343"><net_src comp="339" pin="1"/><net_sink comp="280" pin=1"/></net>

<net id="347"><net_src comp="106" pin="2"/><net_sink comp="344" pin=0"/></net>

<net id="348"><net_src comp="344" pin="1"/><net_sink comp="211" pin=1"/></net>

<net id="352"><net_src comp="149" pin="4"/><net_sink comp="349" pin=0"/></net>

<net id="353"><net_src comp="349" pin="1"/><net_sink comp="136" pin=2"/></net>

<net id="357"><net_src comp="159" pin="4"/><net_sink comp="354" pin=0"/></net>

<net id="358"><net_src comp="354" pin="1"/><net_sink comp="136" pin=3"/></net>

<net id="362"><net_src comp="169" pin="4"/><net_sink comp="359" pin=0"/></net>

<net id="363"><net_src comp="359" pin="1"/><net_sink comp="136" pin=4"/></net>

<net id="370"><net_src comp="193" pin="2"/><net_sink comp="367" pin=0"/></net>

<net id="371"><net_src comp="367" pin="1"/><net_sink comp="310" pin=0"/></net>

<net id="375"><net_src comp="224" pin="1"/><net_sink comp="372" pin=0"/></net>

<net id="376"><net_src comp="372" pin="1"/><net_sink comp="285" pin=1"/></net>

<net id="380"><net_src comp="228" pin="4"/><net_sink comp="377" pin=0"/></net>

<net id="381"><net_src comp="377" pin="1"/><net_sink comp="136" pin=5"/></net>

<net id="388"><net_src comp="244" pin="2"/><net_sink comp="385" pin=0"/></net>

<net id="389"><net_src comp="385" pin="1"/><net_sink comp="128" pin=2"/></net>

<net id="393"><net_src comp="304" pin="2"/><net_sink comp="390" pin=0"/></net>

<net id="394"><net_src comp="390" pin="1"/><net_sink comp="112" pin=1"/></net>

<net id="395"><net_src comp="390" pin="1"/><net_sink comp="119" pin=1"/></net>

<net id="399"><net_src comp="119" pin="2"/><net_sink comp="396" pin=0"/></net>

<net id="400"><net_src comp="396" pin="1"/><net_sink comp="314" pin=0"/></net>

<net id="404"><net_src comp="314" pin="1"/><net_sink comp="401" pin=0"/></net>

<net id="405"><net_src comp="401" pin="1"/><net_sink comp="136" pin=8"/></net>

<net id="409"><net_src comp="318" pin="3"/><net_sink comp="406" pin=0"/></net>

<net id="410"><net_src comp="406" pin="1"/><net_sink comp="136" pin=6"/></net>

</net_list>

</model> 
---------------- Datapath Model END ------------------

* FSMD analyzer results:
  - Output states:
	Port: g0 | {13 14 }
 - Input state : 
	Port: kernel8 : g0 | {4 5 6 7 8 9 10 11 12 13 14 }
	Port: kernel8 : v48 | {1 }
	Port: kernel8 : v49 | {1 }
	Port: kernel8 : v50 | {1 }
  - Chain level:
	State 1
		store_ln145 : 1
	State 2
		icmp_ln145 : 1
		add_ln145 : 1
		br_ln145 : 2
		shl_ln : 1
		zext_ln146 : 2
		add_ln146 : 3
		shl_ln3 : 1
		zext_ln147 : 2
		trunc_ln8 : 4
	State 3
		icmp_ln146 : 1
		add_ln146_1 : 1
		br_ln146 : 2
		p_shl : 1
		tmp : 1
		zext_ln154_1 : 2
		sub_ln154 : 3
		zext_ln154 : 4
		add_ln154 : 5
		add_ln154_1 : 6
		trunc_ln9 : 7
		sext_ln154 : 8
		g0_addr : 9
	State 4
	State 5
	State 6
	State 7
	State 8
	State 9
	State 10
	State 11
	State 12
	State 13
		call_ln150 : 1
	State 14


============================================================
+ Verbose Summary: Datapath Resource usage 
============================================================

* Functional unit list:
|----------|---------------------------------------------------------------|---------|---------|---------|---------|
| Operation|                        Functional Unit                        |   DSP   |  Delay  |    FF   |   LUT   |
|----------|---------------------------------------------------------------|---------|---------|---------|---------|
|   call   | grp_kernel8_Pipeline_VITIS_LOOP_147_3_VITIS_LOOP_148_4_fu_136 |    5    |  1.708  |   793   |   710   |
|----------|---------------------------------------------------------------|---------|---------|---------|---------|
|          |                        add_ln145_fu_193                       |    0    |    0    |    0    |    18   |
|          |                        add_ln146_fu_211                       |    0    |    0    |    0    |    71   |
|    add   |                       add_ln146_1_fu_244                      |    0    |    0    |    0    |    16   |
|          |                        add_ln154_fu_280                       |    0    |    0    |    0    |    64   |
|          |                       add_ln154_1_fu_285                      |    0    |    0    |    0    |    64   |
|----------|---------------------------------------------------------------|---------|---------|---------|---------|
|   icmp   |                       icmp_ln145_fu_187                       |    0    |    0    |    0    |    18   |
|          |                       icmp_ln146_fu_238                       |    0    |    0    |    0    |    16   |
|----------|---------------------------------------------------------------|---------|---------|---------|---------|
|    sub   |                        sub_ln154_fu_270                       |    0    |    0    |    0    |    29   |
|----------|---------------------------------------------------------------|---------|---------|---------|---------|
|          |                      v50_read_read_fu_94                      |    0    |    0    |    0    |    0    |
|   read   |                      v49_read_read_fu_100                     |    0    |    0    |    0    |    0    |
|          |                      v48_read_read_fu_106                     |    0    |    0    |    0    |    0    |
|          |                    g0_addr_read_read_fu_119                   |    0    |    0    |    0    |    0    |
|----------|---------------------------------------------------------------|---------|---------|---------|---------|
|  readreq |                       grp_readreq_fu_112                      |    0    |    0    |    0    |    0    |
|----------|---------------------------------------------------------------|---------|---------|---------|---------|
|          |                        trunc_ln_fu_149                        |    0    |    0    |    0    |    0    |
|          |                        trunc_ln6_fu_159                       |    0    |    0    |    0    |    0    |
|partselect|                        trunc_ln7_fu_169                       |    0    |    0    |    0    |    0    |
|          |                        trunc_ln8_fu_228                       |    0    |    0    |    0    |    0    |
|          |                        trunc_ln9_fu_290                       |    0    |    0    |    0    |    0    |
|----------|---------------------------------------------------------------|---------|---------|---------|---------|
|          |                         shl_ln_fu_199                         |    0    |    0    |    0    |    0    |
|          |                         shl_ln3_fu_216                        |    0    |    0    |    0    |    0    |
|bitconcatenate|                          p_shl_fu_250                         |    0    |    0    |    0    |    0    |
|          |                           tmp_fu_258                          |    0    |    0    |    0    |    0    |
|          |                         shl_ln4_fu_318                        |    0    |    0    |    0    |    0    |
|----------|---------------------------------------------------------------|---------|---------|---------|---------|
|          |                       zext_ln146_fu_207                       |    0    |    0    |    0    |    0    |
|   zext   |                       zext_ln147_fu_224                       |    0    |    0    |    0    |    0    |
|          |                      zext_ln154_1_fu_266                      |    0    |    0    |    0    |    0    |
|          |                       zext_ln154_fu_276                       |    0    |    0    |    0    |    0    |
|----------|---------------------------------------------------------------|---------|---------|---------|---------|
|   sext   |                       sext_ln154_fu_300                       |    0    |    0    |    0    |    0    |
|----------|---------------------------------------------------------------|---------|---------|---------|---------|
|   Total  |                                                               |    5    |  1.708  |   793   |   1006  |
|----------|---------------------------------------------------------------|---------|---------|---------|---------|

Memories:
N/A

* Register list:
+---------------------+--------+
|                     |   FF   |
+---------------------+--------+
|  add_ln145_reg_367  |   11   |
| add_ln146_1_reg_385 |    9   |
|bitcast_ln154_reg_401|   32   |
| g0_addr_read_reg_396|   32   |
|   g0_addr_reg_390   |   32   |
|   shl_ln4_reg_406   |   17   |
|  trunc_ln6_reg_354  |   62   |
|  trunc_ln7_reg_359  |   62   |
|  trunc_ln8_reg_377  |   62   |
|   trunc_ln_reg_349  |   62   |
|   v48_read_reg_344  |   64   |
|   v49_read_reg_339  |   64   |
|   v50_read_reg_334  |   64   |
|     v52_reg_327     |   11   |
|     v53_reg_124     |    9   |
|  zext_ln147_reg_372 |   64   |
+---------------------+--------+
|        Total        |   657  |
+---------------------+--------+

* Multiplexer (MUX) list: 
|---------------------------------------------------------------|------|------|------|--------||---------||---------||---------|
|                              Comp                             |  Pin | Size |  BW  | S x BW ||  Delay  ||    FF   ||   LUT   |
|---------------------------------------------------------------|------|------|------|--------||---------||---------||---------|
|                          v53_reg_124                          |  p0  |   2  |   9  |   18   ||    0    ||    9    |
| grp_kernel8_Pipeline_VITIS_LOOP_147_3_VITIS_LOOP_148_4_fu_136 |  p6  |   2  |  17  |   34   ||    0    ||    9    |
| grp_kernel8_Pipeline_VITIS_LOOP_147_3_VITIS_LOOP_148_4_fu_136 |  p8  |   2  |  32  |   64   ||    0    ||    9    |
|---------------------------------------------------------------|------|------|------|--------||---------||---------||---------|
|                             Total                             |      |      |      |   116  ||  1.281  ||    0    ||    27   |
|---------------------------------------------------------------|------|------|------|--------||---------||---------||---------|



* Summary:
+-----------+--------+--------+--------+--------+
|           |   DSP  |  Delay |   FF   |   LUT  |
+-----------+--------+--------+--------+--------+
|  Function |    5   |    1   |   793  |  1006  |
|   Memory  |    -   |    -   |    -   |    -   |
|Multiplexer|    -   |    1   |    0   |   27   |
|  Register |    -   |    -   |   657  |    -   |
+-----------+--------+--------+--------+--------+
|   Total   |    5   |    2   |  1450  |  1033  |
+-----------+--------+--------+--------+--------+
