

================================================================
== Vitis HLS Report for 'kernel8'
================================================================
* Date:           Sun Jul 12 20:26:10 2026

* Version:        2025.2 (Build 6295257 on Nov 14 2025)
* Project:        spikingformer_proj
* Solution:       solution1 (Vivado IP Flow Target)
* Product family: zynquplus
* Target device:  xczu7ev-ffvc1156-2-e


================================================================
== Performance Estimates
================================================================
+ Timing: 
    * Summary: 
    +--------+----------+----------+------------+
    |  Clock |  Target  | Estimated| Uncertainty|
    +--------+----------+----------+------------+
    |ap_clk  |  10.00 ns|  7.300 ns|     2.70 ns|
    +--------+----------+----------+------------+

+ Latency: 
    * Summary: 
    +----------+----------+-----------+-----------+----------+----------+---------+
    |   Latency (cycles)  |   Latency (absolute)  |       Interval      | Pipeline|
    |    min   |    max   |    min    |    max    |    min   |    max   |   Type  |
    +----------+----------+-----------+-----------+----------+----------+---------+
    |  95554561|  95554561|  0.956 sec|  0.956 sec|  95554561|  95554561|       no|
    +----------+----------+-----------+-----------+----------+----------+---------+

    + Detail: 
        * Instance: 
        N/A

        * Loop: 
        +---------------------+----------+----------+----------+-----------+-----------+------+----------+
        |                     |   Latency (cycles)  | Iteration|  Initiation Interval  | Trip |          |
        |      Loop Name      |    min   |    max   |  Latency |  achieved |   target  | Count| Pipelined|
        +---------------------+----------+----------+----------+-----------+-----------+------+----------+
        |- VITIS_LOOP_145_1   |  95554560|  95554560|     62210|          -|          -|  1536|        no|
        | + VITIS_LOOP_146_2  |     62208|     62208|       162|          -|          -|   384|        no|
        +---------------------+----------+----------+----------+-----------+-----------+------+----------+

============================================================
+ Verbose Summary: Synthesis Manager
============================================================
InlineROM: 1
ExposeGlobal: 0
============================================================
+ Verbose Summary: CDFG Model
============================================================
IsTopModel: 0
ResetActiveHigh: 1
IsCombinational: 0
IsDatapathOnly: 0
HasWiredReturn: 1
HasMFsm: 0
HasVarLatency: 1
IsPipeline: 0
IsRtlPipelined: 0
IsInstanceOverlapped: 0
IsDontTouch: 0
HasImplIP: 0
IsGatedGlobalClock: 0


============================================================
+ Verbose Summary: Schedule
============================================================
* Number of FSM states : 14
* Pipeline : 0
* Dataflow Pipeline: 0

* FSM state transitions: 
1 --> 2 
2 --> 3 
3 --> 4 2 
4 --> 5 
5 --> 6 
6 --> 7 
7 --> 8 
8 --> 9 
9 --> 10 
10 --> 11 
11 --> 12 
12 --> 13 
13 --> 14 
14 --> 3 

* FSM state operations: 

State 1 <SV = 0> <Delay = 0.42>
ST_1 : Operation 15 [1/1] (0.00ns)   --->   "%v52 = alloca i32 1" [spikingformer_official.cpp:145]   --->   Operation 15 'alloca' 'v52' <Predicate = true> <Delay = 0.00>
ST_1 : Operation 16 [1/1] (0.00ns)   --->   "%specstablecontent_ln0 = specstablecontent void @_ssdm_op_SpecStableContent, i32 %g0, i1 1, void "   --->   Operation 16 'specstablecontent' 'specstablecontent_ln0' <Predicate = true> <Delay = 0.00>
ST_1 : Operation 17 [1/1] (0.00ns)   --->   "%specinterface_ln0 = specinterface void @_ssdm_op_SpecInterface, i32 %g0, void @empty_26, i32 0, i32 0, void @empty_35, i32 0, i32 0, void @empty_22, void @empty_25, void @empty_35, i32 16, i32 16, i32 16, i32 16, void @empty_35, void @empty_35, i32 4294967295, i32 0, i32 0, i32 4"   --->   Operation 17 'specinterface' 'specinterface_ln0' <Predicate = true> <Delay = 0.00>
ST_1 : Operation 18 [1/1] (0.00ns)   --->   "%v50_read = read i64 @_ssdm_op_Read.ap_auto.i64, i64 %v50" [spikingformer_official.cpp:139]   --->   Operation 18 'read' 'v50_read' <Predicate = true> <Delay = 0.00>
ST_1 : Operation 19 [1/1] (0.00ns)   --->   "%v49_read = read i64 @_ssdm_op_Read.ap_auto.i64, i64 %v49" [spikingformer_official.cpp:139]   --->   Operation 19 'read' 'v49_read' <Predicate = true> <Delay = 0.00>
ST_1 : Operation 20 [1/1] (0.00ns)   --->   "%v48_read = read i64 @_ssdm_op_Read.ap_auto.i64, i64 %v48" [spikingformer_official.cpp:139]   --->   Operation 20 'read' 'v48_read' <Predicate = true> <Delay = 0.00>
ST_1 : Operation 21 [1/1] (0.00ns)   --->   "%trunc_ln = partselect i62 @_ssdm_op_PartSelect.i62.i64.i32.i32, i64 %v48_read, i32 2, i32 63" [spikingformer_official.cpp:150]   --->   Operation 21 'partselect' 'trunc_ln' <Predicate = true> <Delay = 0.00>
ST_1 : Operation 22 [1/1] (0.00ns)   --->   "%trunc_ln6 = partselect i62 @_ssdm_op_PartSelect.i62.i64.i32.i32, i64 %v50_read, i32 2, i32 63" [spikingformer_official.cpp:151]   --->   Operation 22 'partselect' 'trunc_ln6' <Predicate = true> <Delay = 0.00>
ST_1 : Operation 23 [1/1] (0.00ns)   --->   "%trunc_ln7 = partselect i62 @_ssdm_op_PartSelect.i62.i64.i32.i32, i64 %v49_read, i32 2, i32 63" [spikingformer_official.cpp:152]   --->   Operation 23 'partselect' 'trunc_ln7' <Predicate = true> <Delay = 0.00>
ST_1 : Operation 24 [1/1] (0.42ns)   --->   "%store_ln145 = store i11 0, i11 %v52" [spikingformer_official.cpp:145]   --->   Operation 24 'store' 'store_ln145' <Predicate = true> <Delay = 0.42>
ST_1 : Operation 25 [1/1] (0.00ns)   --->   "%br_ln145 = br void %VITIS_LOOP_146_2" [spikingformer_official.cpp:145]   --->   Operation 25 'br' 'br_ln145' <Predicate = true> <Delay = 0.00>

State 2 <SV = 1> <Delay = 1.22>
ST_2 : Operation 26 [1/1] (0.00ns)   --->   "%v52_1 = load i11 %v52" [spikingformer_official.cpp:145]   --->   Operation 26 'load' 'v52_1' <Predicate = true> <Delay = 0.00>
ST_2 : Operation 27 [1/1] (0.79ns)   --->   "%icmp_ln145 = icmp_eq  i11 %v52_1, i11 1536" [spikingformer_official.cpp:145]   --->   Operation 27 'icmp' 'icmp_ln145' <Predicate = true> <Delay = 0.79> <CoreInst = "Cmp">   --->   Core 9 'Cmp' <Latency = 0> <II = 1> <Delay = 0.79> <FuncUnit> <Opcode : 'seteq' 'setne' 'setle' 'setge' 'setlt' 'setgt'> <InPorts = 2> <OutPorts = 1>
ST_2 : Operation 28 [1/1] (0.79ns)   --->   "%add_ln145 = add i11 %v52_1, i11 1" [spikingformer_official.cpp:145]   --->   Operation 28 'add' 'add_ln145' <Predicate = true> <Delay = 0.79> <CoreInst = "Adder">   --->   Core 1 'Adder' <Latency = 0> <II = 1> <Delay = 0.79> <FuncUnit> <Opcode : 'add' 'sub'> <InPorts = 2> <OutPorts = 1>
ST_2 : Operation 29 [1/1] (0.00ns)   --->   "%br_ln145 = br i1 %icmp_ln145, void %VITIS_LOOP_146_2.split, void %for.end47" [spikingformer_official.cpp:145]   --->   Operation 29 'br' 'br_ln145' <Predicate = true> <Delay = 0.00>
ST_2 : Operation 30 [1/1] (0.00ns)   --->   "%speclooptripcount_ln145 = speclooptripcount void @_ssdm_op_SpecLoopTripCount, i64 1536, i64 1536, i64 1536" [spikingformer_official.cpp:145]   --->   Operation 30 'speclooptripcount' 'speclooptripcount_ln145' <Predicate = (!icmp_ln145)> <Delay = 0.00>
ST_2 : Operation 31 [1/1] (0.00ns)   --->   "%specloopname_ln145 = specloopname void @_ssdm_op_SpecLoopName, void @empty_16" [spikingformer_official.cpp:145]   --->   Operation 31 'specloopname' 'specloopname_ln145' <Predicate = (!icmp_ln145)> <Delay = 0.00>
ST_2 : Operation 32 [1/1] (0.00ns)   --->   "%shl_ln = bitconcatenate i19 @_ssdm_op_BitConcatenate.i19.i11.i8, i11 %v52_1, i8 0" [spikingformer_official.cpp:146]   --->   Operation 32 'bitconcatenate' 'shl_ln' <Predicate = (!icmp_ln145)> <Delay = 0.00>
ST_2 : Operation 33 [1/1] (0.00ns)   --->   "%zext_ln146 = zext i19 %shl_ln" [spikingformer_official.cpp:146]   --->   Operation 33 'zext' 'zext_ln146' <Predicate = (!icmp_ln145)> <Delay = 0.00>
ST_2 : Operation 34 [1/1] (1.08ns)   --->   "%add_ln146 = add i64 %zext_ln146, i64 %v48_read" [spikingformer_official.cpp:146]   --->   Operation 34 'add' 'add_ln146' <Predicate = (!icmp_ln145)> <Delay = 1.08> <CoreInst = "Adder">   --->   Core 1 'Adder' <Latency = 0> <II = 1> <Delay = 1.08> <FuncUnit> <Opcode : 'add' 'sub'> <InPorts = 2> <OutPorts = 1>
ST_2 : Operation 35 [1/1] (0.00ns)   --->   "%shl_ln3 = bitconcatenate i13 @_ssdm_op_BitConcatenate.i13.i11.i2, i11 %v52_1, i2 0" [spikingformer_official.cpp:154]   --->   Operation 35 'bitconcatenate' 'shl_ln3' <Predicate = (!icmp_ln145)> <Delay = 0.00>
ST_2 : Operation 36 [1/1] (0.00ns)   --->   "%zext_ln147 = zext i13 %shl_ln3" [spikingformer_official.cpp:147]   --->   Operation 36 'zext' 'zext_ln147' <Predicate = (!icmp_ln145)> <Delay = 0.00>
ST_2 : Operation 37 [1/1] (0.00ns)   --->   "%trunc_ln8 = partselect i62 @_ssdm_op_PartSelect.i62.i64.i32.i32, i64 %add_ln146, i32 2, i32 63" [spikingformer_official.cpp:147]   --->   Operation 37 'partselect' 'trunc_ln8' <Predicate = (!icmp_ln145)> <Delay = 0.00>
ST_2 : Operation 38 [1/1] (0.42ns)   --->   "%br_ln146 = br void %VITIS_LOOP_147_3" [spikingformer_official.cpp:146]   --->   Operation 38 'br' 'br_ln146' <Predicate = (!icmp_ln145)> <Delay = 0.42>
ST_2 : Operation 39 [1/1] (0.00ns)   --->   "%ret_ln163 = ret" [spikingformer_official.cpp:163]   --->   Operation 39 'ret' 'ret_ln163' <Predicate = (icmp_ln145)> <Delay = 0.00>

State 3 <SV = 2> <Delay = 1.73>
ST_3 : Operation 40 [1/1] (0.00ns)   --->   "%v53 = phi i9 0, void %VITIS_LOOP_146_2.split, i9 %add_ln146_1, void %VITIS_LOOP_147_3.split" [spikingformer_official.cpp:146]   --->   Operation 40 'phi' 'v53' <Predicate = true> <Delay = 0.00>
ST_3 : Operation 41 [1/1] (0.77ns)   --->   "%icmp_ln146 = icmp_eq  i9 %v53, i9 384" [spikingformer_official.cpp:146]   --->   Operation 41 'icmp' 'icmp_ln146' <Predicate = true> <Delay = 0.77> <CoreInst = "Cmp">   --->   Core 9 'Cmp' <Latency = 0> <II = 1> <Delay = 0.77> <FuncUnit> <Opcode : 'seteq' 'setne' 'setle' 'setge' 'setlt' 'setgt'> <InPorts = 2> <OutPorts = 1>
ST_3 : Operation 42 [1/1] (0.77ns)   --->   "%add_ln146_1 = add i9 %v53, i9 1" [spikingformer_official.cpp:146]   --->   Operation 42 'add' 'add_ln146_1' <Predicate = true> <Delay = 0.77> <CoreInst = "Adder">   --->   Core 1 'Adder' <Latency = 0> <II = 1> <Delay = 0.77> <FuncUnit> <Opcode : 'add' 'sub'> <InPorts = 2> <OutPorts = 1>
ST_3 : Operation 43 [1/1] (0.00ns)   --->   "%br_ln146 = br i1 %icmp_ln146, void %VITIS_LOOP_147_3.split, void %for.inc45" [spikingformer_official.cpp:146]   --->   Operation 43 'br' 'br_ln146' <Predicate = true> <Delay = 0.00>
ST_3 : Operation 44 [1/1] (0.00ns)   --->   "%p_shl = bitconcatenate i22 @_ssdm_op_BitConcatenate.i22.i9.i13, i9 %v53, i13 0" [spikingformer_official.cpp:154]   --->   Operation 44 'bitconcatenate' 'p_shl' <Predicate = (!icmp_ln146)> <Delay = 0.00>
ST_3 : Operation 45 [1/1] (0.00ns)   --->   "%tmp = bitconcatenate i20 @_ssdm_op_BitConcatenate.i20.i9.i11, i9 %v53, i11 0" [spikingformer_official.cpp:154]   --->   Operation 45 'bitconcatenate' 'tmp' <Predicate = (!icmp_ln146)> <Delay = 0.00>
ST_3 : Operation 46 [1/1] (0.00ns)   --->   "%zext_ln154_1 = zext i20 %tmp" [spikingformer_official.cpp:154]   --->   Operation 46 'zext' 'zext_ln154_1' <Predicate = (!icmp_ln146)> <Delay = 0.00>
ST_3 : Operation 47 [1/1] (0.91ns)   --->   "%sub_ln154 = sub i22 %p_shl, i22 %zext_ln154_1" [spikingformer_official.cpp:154]   --->   Operation 47 'sub' 'sub_ln154' <Predicate = (!icmp_ln146)> <Delay = 0.91> <CoreInst = "Adder">   --->   Core 1 'Adder' <Latency = 0> <II = 1> <Delay = 0.91> <FuncUnit> <Opcode : 'add' 'sub'> <InPorts = 2> <OutPorts = 1>
ST_3 : Operation 48 [1/1] (0.00ns)   --->   "%zext_ln154 = zext i22 %sub_ln154" [spikingformer_official.cpp:154]   --->   Operation 48 'zext' 'zext_ln154' <Predicate = (!icmp_ln146)> <Delay = 0.00>
ST_3 : Operation 49 [1/1] (0.00ns) (grouped into TernaryAdder)   --->   "%add_ln154 = add i64 %zext_ln154, i64 %v49_read" [spikingformer_official.cpp:154]   --->   Operation 49 'add' 'add_ln154' <Predicate = (!icmp_ln146)> <Delay = 0.00> <CoreInst = "TAddSub">   --->   Core 10 'TAddSub' <Latency = 0> <II = 1> <Delay = 0.40> <IPBlock> <Opcode : 'add' 'sub'> <InPorts = 3> <OutPorts = 1> <Sync> <CReg>
ST_3 : Operation 50 [1/1] (0.81ns) (root node of TernaryAdder)   --->   "%add_ln154_1 = add i64 %add_ln154, i64 %zext_ln147" [spikingformer_official.cpp:154]   --->   Operation 50 'add' 'add_ln154_1' <Predicate = (!icmp_ln146)> <Delay = 0.81> <CoreInst = "TAddSub">   --->   Core 10 'TAddSub' <Latency = 0> <II = 1> <Delay = 0.40> <IPBlock> <Opcode : 'add' 'sub'> <InPorts = 3> <OutPorts = 1> <Sync> <CReg>
ST_3 : Operation 51 [1/1] (0.00ns)   --->   "%trunc_ln9 = partselect i62 @_ssdm_op_PartSelect.i62.i64.i32.i32, i64 %add_ln154_1, i32 2, i32 63" [spikingformer_official.cpp:154]   --->   Operation 51 'partselect' 'trunc_ln9' <Predicate = (!icmp_ln146)> <Delay = 0.00>
ST_3 : Operation 52 [1/1] (0.00ns)   --->   "%sext_ln154 = sext i62 %trunc_ln9" [spikingformer_official.cpp:154]   --->   Operation 52 'sext' 'sext_ln154' <Predicate = (!icmp_ln146)> <Delay = 0.00>
ST_3 : Operation 53 [1/1] (0.00ns)   --->   "%g0_addr = getelementptr i32 %g0, i64 %sext_ln154" [spikingformer_official.cpp:154]   --->   Operation 53 'getelementptr' 'g0_addr' <Predicate = (!icmp_ln146)> <Delay = 0.00>
ST_3 : Operation 54 [1/1] (0.42ns)   --->   "%store_ln145 = store i11 %add_ln145, i11 %v52" [spikingformer_official.cpp:145]   --->   Operation 54 'store' 'store_ln145' <Predicate = (icmp_ln146)> <Delay = 0.42>
ST_3 : Operation 55 [1/1] (0.00ns)   --->   "%br_ln145 = br void %VITIS_LOOP_146_2" [spikingformer_official.cpp:145]   --->   Operation 55 'br' 'br_ln145' <Predicate = (icmp_ln146)> <Delay = 0.00>

State 4 <SV = 3> <Delay = 0.00>
ST_4 : Operation 56 [8/8] (7.30ns)   --->   "%g0_load_req = readreq i1 @_ssdm_op_ReadReq.m_axi.i32P1A, i32 %g0_addr, i64 1" [spikingformer_official.cpp:154]   --->   Operation 56 'readreq' 'g0_load_req' <Predicate = true> <Delay = 7.30> <CoreInst = "m_axi">   --->   Core 119 'm_axi' <Latency = 6> <II = 1> <Delay = 1.00> <Adapter> <Opcode : 'readrequnaligned' 'writerequnaligned' 'read' 'write' 'readreq' 'writereq' 'writeresp'>

State 5 <SV = 4> <Delay = 0.00>
ST_5 : Operation 57 [7/8] (7.30ns)   --->   "%g0_load_req = readreq i1 @_ssdm_op_ReadReq.m_axi.i32P1A, i32 %g0_addr, i64 1" [spikingformer_official.cpp:154]   --->   Operation 57 'readreq' 'g0_load_req' <Predicate = true> <Delay = 7.30> <CoreInst = "m_axi">   --->   Core 119 'm_axi' <Latency = 6> <II = 1> <Delay = 1.00> <Adapter> <Opcode : 'readrequnaligned' 'writerequnaligned' 'read' 'write' 'readreq' 'writereq' 'writeresp'>

State 6 <SV = 5> <Delay = 0.00>
ST_6 : Operation 58 [6/8] (7.30ns)   --->   "%g0_load_req = readreq i1 @_ssdm_op_ReadReq.m_axi.i32P1A, i32 %g0_addr, i64 1" [spikingformer_official.cpp:154]   --->   Operation 58 'readreq' 'g0_load_req' <Predicate = true> <Delay = 7.30> <CoreInst = "m_axi">   --->   Core 119 'm_axi' <Latency = 6> <II = 1> <Delay = 1.00> <Adapter> <Opcode : 'readrequnaligned' 'writerequnaligned' 'read' 'write' 'readreq' 'writereq' 'writeresp'>

State 7 <SV = 6> <Delay = 0.00>
ST_7 : Operation 59 [5/8] (7.30ns)   --->   "%g0_load_req = readreq i1 @_ssdm_op_ReadReq.m_axi.i32P1A, i32 %g0_addr, i64 1" [spikingformer_official.cpp:154]   --->   Operation 59 'readreq' 'g0_load_req' <Predicate = true> <Delay = 7.30> <CoreInst = "m_axi">   --->   Core 119 'm_axi' <Latency = 6> <II = 1> <Delay = 1.00> <Adapter> <Opcode : 'readrequnaligned' 'writerequnaligned' 'read' 'write' 'readreq' 'writereq' 'writeresp'>

State 8 <SV = 7> <Delay = 0.00>
ST_8 : Operation 60 [4/8] (7.30ns)   --->   "%g0_load_req = readreq i1 @_ssdm_op_ReadReq.m_axi.i32P1A, i32 %g0_addr, i64 1" [spikingformer_official.cpp:154]   --->   Operation 60 'readreq' 'g0_load_req' <Predicate = true> <Delay = 7.30> <CoreInst = "m_axi">   --->   Core 119 'm_axi' <Latency = 6> <II = 1> <Delay = 1.00> <Adapter> <Opcode : 'readrequnaligned' 'writerequnaligned' 'read' 'write' 'readreq' 'writereq' 'writeresp'>

State 9 <SV = 8> <Delay = 0.00>
ST_9 : Operation 61 [3/8] (7.30ns)   --->   "%g0_load_req = readreq i1 @_ssdm_op_ReadReq.m_axi.i32P1A, i32 %g0_addr, i64 1" [spikingformer_official.cpp:154]   --->   Operation 61 'readreq' 'g0_load_req' <Predicate = true> <Delay = 7.30> <CoreInst = "m_axi">   --->   Core 119 'm_axi' <Latency = 6> <II = 1> <Delay = 1.00> <Adapter> <Opcode : 'readrequnaligned' 'writerequnaligned' 'read' 'write' 'readreq' 'writereq' 'writeresp'>

State 10 <SV = 9> <Delay = 0.00>
ST_10 : Operation 62 [2/8] (7.30ns)   --->   "%g0_load_req = readreq i1 @_ssdm_op_ReadReq.m_axi.i32P1A, i32 %g0_addr, i64 1" [spikingformer_official.cpp:154]   --->   Operation 62 'readreq' 'g0_load_req' <Predicate = true> <Delay = 7.30> <CoreInst = "m_axi">   --->   Core 119 'm_axi' <Latency = 6> <II = 1> <Delay = 1.00> <Adapter> <Opcode : 'readrequnaligned' 'writerequnaligned' 'read' 'write' 'readreq' 'writereq' 'writeresp'>

State 11 <SV = 10> <Delay = 7.30>
ST_11 : Operation 63 [1/8] ( I:7.30ns O:7.30ns )   --->   "%g0_load_req = readreq i1 @_ssdm_op_ReadReq.m_axi.i32P1A, i32 %g0_addr, i64 1" [spikingformer_official.cpp:154]   --->   Operation 63 'readreq' 'g0_load_req' <Predicate = true> <Delay = 7.30> <CoreInst = "m_axi">   --->   Core 119 'm_axi' <Latency = 6> <II = 1> <Delay = 1.00> <Adapter> <Opcode : 'readrequnaligned' 'writerequnaligned' 'read' 'write' 'readreq' 'writereq' 'writeresp'>

State 12 <SV = 11> <Delay = 7.30>
ST_12 : Operation 64 [1/1] ( I:7.30ns O:7.30ns )   --->   "%g0_addr_read = read i32 @_ssdm_op_Read.m_axi.i32P1A, i32 %g0_addr" [spikingformer_official.cpp:154]   --->   Operation 64 'read' 'g0_addr_read' <Predicate = true> <Delay = 7.30> <CoreInst = "m_axi">   --->   Core 119 'm_axi' <Latency = 3> <II = 1> <Delay = 1.00> <Adapter> <Opcode : 'readrequnaligned' 'writerequnaligned' 'read' 'write' 'readreq' 'writereq' 'writeresp'>

State 13 <SV = 12> <Delay = 0.81>
ST_13 : Operation 65 [1/1] (0.00ns)   --->   "%bitcast_ln154 = bitcast i32 %g0_addr_read" [spikingformer_official.cpp:154]   --->   Operation 65 'bitcast' 'bitcast_ln154' <Predicate = true> <Delay = 0.00>
ST_13 : Operation 66 [1/1] (0.00ns)   --->   "%shl_ln4 = bitconcatenate i17 @_ssdm_op_BitConcatenate.i17.i9.i8, i9 %v53, i8 0" [spikingformer_official.cpp:155]   --->   Operation 66 'bitconcatenate' 'shl_ln4' <Predicate = true> <Delay = 0.00>
ST_13 : Operation 67 [2/2] (0.81ns)   --->   "%call_ln150 = call void @kernel8_Pipeline_VITIS_LOOP_147_3_VITIS_LOOP_148_4, i32 %g0, i62 %trunc_ln, i62 %trunc_ln6, i62 %trunc_ln7, i62 %trunc_ln8, i17 %shl_ln4, i64 %v50_read, i32 %bitcast_ln154" [spikingformer_official.cpp:150]   --->   Operation 67 'call' 'call_ln150' <Predicate = true> <Delay = 0.81> <CoreType = "Generic">   --->   Generic Core

State 14 <SV = 13> <Delay = 0.00>
ST_14 : Operation 68 [1/1] (0.00ns)   --->   "%speclooptripcount_ln146 = speclooptripcount void @_ssdm_op_SpecLoopTripCount, i64 384, i64 384, i64 384" [spikingformer_official.cpp:146]   --->   Operation 68 'speclooptripcount' 'speclooptripcount_ln146' <Predicate = true> <Delay = 0.00>
ST_14 : Operation 69 [1/1] (0.00ns)   --->   "%specloopname_ln146 = specloopname void @_ssdm_op_SpecLoopName, void @empty_1" [spikingformer_official.cpp:146]   --->   Operation 69 'specloopname' 'specloopname_ln146' <Predicate = true> <Delay = 0.00>
ST_14 : Operation 70 [1/2] (0.00ns)   --->   "%call_ln150 = call void @kernel8_Pipeline_VITIS_LOOP_147_3_VITIS_LOOP_148_4, i32 %g0, i62 %trunc_ln, i62 %trunc_ln6, i62 %trunc_ln7, i62 %trunc_ln8, i17 %shl_ln4, i64 %v50_read, i32 %bitcast_ln154" [spikingformer_official.cpp:150]   --->   Operation 70 'call' 'call_ln150' <Predicate = true> <Delay = 0.00> <CoreType = "Generic">   --->   Generic Core
ST_14 : Operation 71 [1/1] (0.00ns)   --->   "%br_ln146 = br void %VITIS_LOOP_147_3" [spikingformer_official.cpp:146]   --->   Operation 71 'br' 'br_ln146' <Predicate = true> <Delay = 0.00>


============================================================
+ Verbose Summary: Timing violations
============================================================
Target clock period: 10.000ns, clock uncertainty: 2.700ns.

 <State 1>: 0.427ns
The critical path consists of the following:
	'alloca' operation 11 bit ('v52', spikingformer_official.cpp:145) [5]  (0.000 ns)
	'store' operation ('store_ln145', spikingformer_official.cpp:145) of constant 0 11 bit on local variable 'v52', spikingformer_official.cpp:145 [14]  (0.427 ns)

 <State 2>: 1.225ns
The critical path consists of the following:
	'load' operation 11 bit ('v52', spikingformer_official.cpp:145) on local variable 'v52', spikingformer_official.cpp:145 [17]  (0.000 ns)
	'add' operation 64 bit ('add_ln146', spikingformer_official.cpp:146) [26]  (1.085 ns)
	blocking operation 0.14 ns on control path)

 <State 3>: 1.733ns
The critical path consists of the following:
	'phi' operation 9 bit ('v53', spikingformer_official.cpp:146) with incoming values : ('add_ln146_1', spikingformer_official.cpp:146) [32]  (0.000 ns)
	'sub' operation 22 bit ('sub_ln154', spikingformer_official.cpp:154) [42]  (0.914 ns)
	'add' operation 64 bit ('add_ln154', spikingformer_official.cpp:154) [44]  (0.000 ns)
	'add' operation 64 bit ('add_ln154_1', spikingformer_official.cpp:154) [45]  (0.819 ns)

 <State 4>: 0.000ns
The critical path consists of the following:

 <State 5>: 0.000ns
The critical path consists of the following:

 <State 6>: 0.000ns
The critical path consists of the following:

 <State 7>: 0.000ns
The critical path consists of the following:

 <State 8>: 0.000ns
The critical path consists of the following:

 <State 9>: 0.000ns
The critical path consists of the following:

 <State 10>: 0.000ns
The critical path consists of the following:

 <State 11>: 7.300ns
The critical path consists of the following:
	bus request operation ('g0_load_req', spikingformer_official.cpp:154) on port 'g0' (spikingformer_official.cpp:154) [49]  (7.300 ns)

 <State 12>: 7.300ns
The critical path consists of the following:
	bus read operation ('g0_addr_read', spikingformer_official.cpp:154) on port 'g0' (spikingformer_official.cpp:154) [50]  (7.300 ns)

 <State 13>: 0.816ns
The critical path consists of the following:
	'call' operation ('call_ln150', spikingformer_official.cpp:150) to 'kernel8_Pipeline_VITIS_LOOP_147_3_VITIS_LOOP_148_4' [53]  (0.816 ns)

 <State 14>: 0.000ns
The critical path consists of the following:


============================================================
+ Verbose Summary: Binding
============================================================
N/A
* FSMD analyzer results:
  - Output states:
 - Input state : 
  - Chain level:
	State 1
	State 2
	State 3
	State 4
	State 5
	State 6
	State 7
	State 8
	State 9
	State 10
	State 11
	State 12
	State 13
	State 14


============================================================
+ Verbose Summary: Datapath Resource usage 
============================================================
N/A
