

================================================================
== Vitis HLS Report for 'kernel73'
================================================================
* Date:           Sun Jul 12 20:26:08 2026

* Version:        2025.2 (Build 6295257 on Nov 14 2025)
* Project:        spikingformer_proj
* Solution:       solution1 (Vivado IP Flow Target)
* Product family: zynquplus
* Target device:  xczu7ev-ffvc1156-2-e


================================================================
== Performance Estimates
================================================================
+ Timing: 
    * Summary: 
    +--------+----------+----------+------------+
    |  Clock |  Target  | Estimated| Uncertainty|
    +--------+----------+----------+------------+
    |ap_clk  |  10.00 ns|  7.300 ns|     2.70 ns|
    +--------+----------+----------+------------+

+ Latency: 
    * Summary: 
    +---------+---------+----------+----------+-----+-----+-------------------+
    |  Latency (cycles) |  Latency (absolute) |  Interval |      Pipeline     |
    |   min   |   max   |    min   |    max   | min | max |        Type       |
    +---------+---------+----------+----------+-----+-----+-------------------+
    |    24594|    24594|  0.246 ms|  0.246 ms|    0|    0|  loop pipeline stp|
    +---------+---------+----------+----------+-----+-----+-------------------+

    + Detail: 
        * Instance: 
        N/A

        * Loop: 
        +---------------------------------------+---------+---------+----------+-----------+-----------+-------+----------+
        |                                       |  Latency (cycles) | Iteration|  Initiation Interval  |  Trip |          |
        |               Loop Name               |   min   |   max   |  Latency |  achieved |   target  | Count | Pipelined|
        +---------------------------------------+---------+---------+----------+-----------+-----------+-------+----------+
        |- VITIS_LOOP_1011_1_VITIS_LOOP_1012_2  |    24592|    24592|        18|          1|          1|  24576|       yes|
        +---------------------------------------+---------+---------+----------+-----------+-----------+-------+----------+

============================================================
+ Verbose Summary: Synthesis Manager
============================================================
InlineROM: 1
ExposeGlobal: 0
============================================================
+ Verbose Summary: CDFG Model
============================================================
IsTopModel: 0
ResetActiveHigh: 1
IsCombinational: 0
IsDatapathOnly: 0
HasWiredReturn: 1
HasMFsm: 2
HasVarLatency: 1
IsPipeline: 0
IsRtlPipelined: 0
IsInstanceOverlapped: 0
IsDontTouch: 0
HasImplIP: 0
IsGatedGlobalClock: 0

+ Individual pipeline summary: 
  * Pipeline-0: initiation interval (II) = 1, depth = 18


============================================================
+ Verbose Summary: Schedule
============================================================
* Number of FSM states : 18
* Pipeline : 1
  Pipeline-0 : II = 1, D = 18, States = { 1 2 3 4 5 6 7 8 9 10 11 12 13 14 15 16 17 18 }
* Dataflow Pipeline: 0

* FSM state transitions: 
1 --> 2 
2 --> 3 
3 --> 4 
4 --> 5 
5 --> 6 
6 --> 7 
7 --> 8 
8 --> 9 
9 --> 10 
10 --> 11 
11 --> 12 
12 --> 13 
13 --> 14 
14 --> 15 
15 --> 16 
16 --> 17 
17 --> 18 
18 --> 

* FSM state operations: 

State 1 <SV = 0> <Delay = 2.76>
ST_1 : Operation 21 [1/1] (0.00ns)   --->   "%v414 = alloca i32 1" [spikingformer_official.cpp:1012]   --->   Operation 21 'alloca' 'v414' <Predicate = true> <Delay = 0.00>
ST_1 : Operation 22 [1/1] (0.00ns)   --->   "%v413 = alloca i32 1" [spikingformer_official.cpp:1011]   --->   Operation 22 'alloca' 'v413' <Predicate = true> <Delay = 0.00>
ST_1 : Operation 23 [1/1] (0.00ns)   --->   "%indvar_flatten = alloca i32 1"   --->   Operation 23 'alloca' 'indvar_flatten' <Predicate = true> <Delay = 0.00>
ST_1 : Operation 24 [1/1] (0.00ns)   --->   "%specstablecontent_ln0 = specstablecontent void @_ssdm_op_SpecStableContent, i32 %g0, i1 1, void "   --->   Operation 24 'specstablecontent' 'specstablecontent_ln0' <Predicate = true> <Delay = 0.00>
ST_1 : Operation 25 [1/1] (0.00ns)   --->   "%specinterface_ln0 = specinterface void @_ssdm_op_SpecInterface, i32 %g0, void @empty_26, i32 0, i32 0, void @empty_35, i32 0, i32 0, void @empty_22, void @empty_25, void @empty_35, i32 16, i32 16, i32 16, i32 16, void @empty_35, void @empty_35, i32 4294967295, i32 0, i32 0, i32 4"   --->   Operation 25 'specinterface' 'specinterface_ln0' <Predicate = true> <Delay = 0.00>
ST_1 : Operation 26 [1/1] (0.00ns)   --->   "%v410_read = read i64 @_ssdm_op_Read.ap_auto.i64, i64 %v410" [spikingformer_official.cpp:1007]   --->   Operation 26 'read' 'v410_read' <Predicate = true> <Delay = 0.00>
ST_1 : Operation 27 [1/1] (0.42ns)   --->   "%store_ln0 = store i15 0, i15 %indvar_flatten"   --->   Operation 27 'store' 'store_ln0' <Predicate = true> <Delay = 0.42>
ST_1 : Operation 28 [1/1] (0.42ns)   --->   "%store_ln1011 = store i9 0, i9 %v413" [spikingformer_official.cpp:1011]   --->   Operation 28 'store' 'store_ln1011' <Predicate = true> <Delay = 0.42>
ST_1 : Operation 29 [1/1] (0.42ns)   --->   "%store_ln1012 = store i7 0, i7 %v414" [spikingformer_official.cpp:1012]   --->   Operation 29 'store' 'store_ln1012' <Predicate = true> <Delay = 0.42>
ST_1 : Operation 30 [1/1] (0.00ns)   --->   "%br_ln1011 = br void %for.body4" [spikingformer_official.cpp:1011]   --->   Operation 30 'br' 'br_ln1011' <Predicate = true> <Delay = 0.00>
ST_1 : Operation 31 [1/1] (0.00ns)   --->   "%indvar_flatten_load = load i15 %indvar_flatten" [spikingformer_official.cpp:1011]   --->   Operation 31 'load' 'indvar_flatten_load' <Predicate = true> <Delay = 0.00>
ST_1 : Operation 32 [1/1] (0.84ns)   --->   "%icmp_ln1011 = icmp_eq  i15 %indvar_flatten_load, i15 24576" [spikingformer_official.cpp:1011]   --->   Operation 32 'icmp' 'icmp_ln1011' <Predicate = true> <Delay = 0.84> <CoreInst = "Cmp">   --->   Core 9 'Cmp' <Latency = 0> <II = 1> <Delay = 0.84> <FuncUnit> <Opcode : 'seteq' 'setne' 'setle' 'setge' 'setlt' 'setgt'> <InPorts = 2> <OutPorts = 1>
ST_1 : Operation 33 [1/1] (0.84ns)   --->   "%add_ln1011_1 = add i15 %indvar_flatten_load, i15 1" [spikingformer_official.cpp:1011]   --->   Operation 33 'add' 'add_ln1011_1' <Predicate = true> <Delay = 0.84> <CoreInst = "Adder">   --->   Core 1 'Adder' <Latency = 0> <II = 1> <Delay = 0.84> <FuncUnit> <Opcode : 'add' 'sub'> <InPorts = 2> <OutPorts = 1>
ST_1 : Operation 34 [1/1] (0.00ns)   --->   "%br_ln1011 = br i1 %icmp_ln1011, void %for.inc14, void %for.end16" [spikingformer_official.cpp:1011]   --->   Operation 34 'br' 'br_ln1011' <Predicate = true> <Delay = 0.00>
ST_1 : Operation 35 [1/1] (0.00ns)   --->   "%v414_load = load i7 %v414" [spikingformer_official.cpp:1012]   --->   Operation 35 'load' 'v414_load' <Predicate = (!icmp_ln1011)> <Delay = 0.00>
ST_1 : Operation 36 [1/1] (0.00ns)   --->   "%v413_load = load i9 %v413" [spikingformer_official.cpp:1011]   --->   Operation 36 'load' 'v413_load' <Predicate = (!icmp_ln1011)> <Delay = 0.00>
ST_1 : Operation 37 [1/1] (0.77ns)   --->   "%add_ln1011 = add i9 %v413_load, i9 1" [spikingformer_official.cpp:1011]   --->   Operation 37 'add' 'add_ln1011' <Predicate = (!icmp_ln1011)> <Delay = 0.77> <CoreInst = "Adder">   --->   Core 1 'Adder' <Latency = 0> <II = 1> <Delay = 0.77> <FuncUnit> <Opcode : 'add' 'sub'> <InPorts = 2> <OutPorts = 1>
ST_1 : Operation 38 [1/1] (0.77ns)   --->   "%icmp_ln1012 = icmp_eq  i7 %v414_load, i7 64" [spikingformer_official.cpp:1012]   --->   Operation 38 'icmp' 'icmp_ln1012' <Predicate = (!icmp_ln1011)> <Delay = 0.77> <CoreInst = "Cmp">   --->   Core 9 'Cmp' <Latency = 0> <II = 1> <Delay = 0.77> <FuncUnit> <Opcode : 'seteq' 'setne' 'setle' 'setge' 'setlt' 'setgt'> <InPorts = 2> <OutPorts = 1>
ST_1 : Operation 39 [1/1] (0.36ns)   --->   "%select_ln1011 = select i1 %icmp_ln1012, i7 0, i7 %v414_load" [spikingformer_official.cpp:1011]   --->   Operation 39 'select' 'select_ln1011' <Predicate = (!icmp_ln1011)> <Delay = 0.36> <CoreInst = "Sel">   --->   Core 73 'Sel' <Latency = 0> <II = 1> <Delay = 0.36> <FuncUnit> <Opcode : 'select'> <InPorts = 3> <OutPorts = 1>
ST_1 : Operation 40 [1/1] (0.39ns)   --->   "%select_ln1011_1 = select i1 %icmp_ln1012, i9 %add_ln1011, i9 %v413_load" [spikingformer_official.cpp:1011]   --->   Operation 40 'select' 'select_ln1011_1' <Predicate = (!icmp_ln1011)> <Delay = 0.39> <CoreInst = "Sel">   --->   Core 73 'Sel' <Latency = 0> <II = 1> <Delay = 0.39> <FuncUnit> <Opcode : 'select'> <InPorts = 3> <OutPorts = 1>
ST_1 : Operation 41 [1/1] (0.00ns)   --->   "%shl_ln = bitconcatenate i17 @_ssdm_op_BitConcatenate.i17.i9.i8, i9 %select_ln1011_1, i8 0" [spikingformer_official.cpp:1015]   --->   Operation 41 'bitconcatenate' 'shl_ln' <Predicate = (!icmp_ln1011)> <Delay = 0.00>
ST_1 : Operation 42 [1/1] (0.00ns)   --->   "%zext_ln1012 = zext i17 %shl_ln" [spikingformer_official.cpp:1012]   --->   Operation 42 'zext' 'zext_ln1012' <Predicate = (!icmp_ln1011)> <Delay = 0.00>
ST_1 : Operation 43 [1/1] (0.00ns)   --->   "%trunc_ln1015 = trunc i7 %select_ln1011" [spikingformer_official.cpp:1015]   --->   Operation 43 'trunc' 'trunc_ln1015' <Predicate = (!icmp_ln1011)> <Delay = 0.00>
ST_1 : Operation 44 [1/1] (0.00ns)   --->   "%shl_ln1015_1 = bitconcatenate i8 @_ssdm_op_BitConcatenate.i8.i6.i2, i6 %trunc_ln1015, i2 0" [spikingformer_official.cpp:1015]   --->   Operation 44 'bitconcatenate' 'shl_ln1015_1' <Predicate = (!icmp_ln1011)> <Delay = 0.00>
ST_1 : Operation 45 [1/1] (0.00ns)   --->   "%zext_ln1015 = zext i8 %shl_ln1015_1" [spikingformer_official.cpp:1015]   --->   Operation 45 'zext' 'zext_ln1015' <Predicate = (!icmp_ln1011)> <Delay = 0.00>
ST_1 : Operation 46 [1/1] (0.00ns) (grouped into TernaryAdder)   --->   "%add_ln1015 = add i64 %zext_ln1015, i64 %v410_read" [spikingformer_official.cpp:1015]   --->   Operation 46 'add' 'add_ln1015' <Predicate = (!icmp_ln1011)> <Delay = 0.00> <CoreInst = "TAddSub">   --->   Core 10 'TAddSub' <Latency = 0> <II = 1> <Delay = 0.40> <IPBlock> <Opcode : 'add' 'sub'> <InPorts = 3> <OutPorts = 1> <Sync> <CReg>
ST_1 : Operation 47 [1/1] (0.81ns) (root node of TernaryAdder)   --->   "%add_ln1015_1 = add i64 %add_ln1015, i64 %zext_ln1012" [spikingformer_official.cpp:1015]   --->   Operation 47 'add' 'add_ln1015_1' <Predicate = (!icmp_ln1011)> <Delay = 0.81> <CoreInst = "TAddSub">   --->   Core 10 'TAddSub' <Latency = 0> <II = 1> <Delay = 0.40> <IPBlock> <Opcode : 'add' 'sub'> <InPorts = 3> <OutPorts = 1> <Sync> <CReg>
ST_1 : Operation 48 [1/1] (0.00ns)   --->   "%trunc_ln = partselect i62 @_ssdm_op_PartSelect.i62.i64.i32.i32, i64 %add_ln1015_1, i32 2, i32 63" [spikingformer_official.cpp:1015]   --->   Operation 48 'partselect' 'trunc_ln' <Predicate = (!icmp_ln1011)> <Delay = 0.00>
ST_1 : Operation 49 [1/1] (0.00ns)   --->   "%sext_ln1015 = sext i62 %trunc_ln" [spikingformer_official.cpp:1015]   --->   Operation 49 'sext' 'sext_ln1015' <Predicate = (!icmp_ln1011)> <Delay = 0.00>
ST_1 : Operation 50 [1/1] (0.00ns)   --->   "%g0_addr = getelementptr i32 %g0, i64 %sext_ln1015" [spikingformer_official.cpp:1015]   --->   Operation 50 'getelementptr' 'g0_addr' <Predicate = (!icmp_ln1011)> <Delay = 0.00>
ST_1 : Operation 51 [1/1] (0.77ns)   --->   "%add_ln1012 = add i7 %select_ln1011, i7 1" [spikingformer_official.cpp:1012]   --->   Operation 51 'add' 'add_ln1012' <Predicate = (!icmp_ln1011)> <Delay = 0.77> <CoreInst = "Adder">   --->   Core 1 'Adder' <Latency = 0> <II = 1> <Delay = 0.77> <FuncUnit> <Opcode : 'add' 'sub'> <InPorts = 2> <OutPorts = 1>
ST_1 : Operation 52 [1/1] (0.42ns)   --->   "%store_ln1011 = store i15 %add_ln1011_1, i15 %indvar_flatten" [spikingformer_official.cpp:1011]   --->   Operation 52 'store' 'store_ln1011' <Predicate = (!icmp_ln1011)> <Delay = 0.42>
ST_1 : Operation 53 [1/1] (0.42ns)   --->   "%store_ln1011 = store i9 %select_ln1011_1, i9 %v413" [spikingformer_official.cpp:1011]   --->   Operation 53 'store' 'store_ln1011' <Predicate = (!icmp_ln1011)> <Delay = 0.42>
ST_1 : Operation 54 [1/1] (0.42ns)   --->   "%store_ln1012 = store i7 %add_ln1012, i7 %v414" [spikingformer_official.cpp:1012]   --->   Operation 54 'store' 'store_ln1012' <Predicate = (!icmp_ln1011)> <Delay = 0.42>

State 2 <SV = 1> <Delay = 0.00>
ST_2 : Operation 55 [8/8] (7.30ns)   --->   "%g0_load_req = readreq i1 @_ssdm_op_ReadReq.m_axi.i32P1A, i32 %g0_addr, i64 1" [spikingformer_official.cpp:1015]   --->   Operation 55 'readreq' 'g0_load_req' <Predicate = true> <Delay = 7.30> <CoreInst = "m_axi">   --->   Core 119 'm_axi' <Latency = 6> <II = 1> <Delay = 1.00> <Adapter> <Opcode : 'readrequnaligned' 'writerequnaligned' 'read' 'write' 'readreq' 'writereq' 'writeresp'>

State 3 <SV = 2> <Delay = 0.00>
ST_3 : Operation 56 [7/8] (7.30ns)   --->   "%g0_load_req = readreq i1 @_ssdm_op_ReadReq.m_axi.i32P1A, i32 %g0_addr, i64 1" [spikingformer_official.cpp:1015]   --->   Operation 56 'readreq' 'g0_load_req' <Predicate = true> <Delay = 7.30> <CoreInst = "m_axi">   --->   Core 119 'm_axi' <Latency = 6> <II = 1> <Delay = 1.00> <Adapter> <Opcode : 'readrequnaligned' 'writerequnaligned' 'read' 'write' 'readreq' 'writereq' 'writeresp'>

State 4 <SV = 3> <Delay = 0.00>
ST_4 : Operation 57 [6/8] (7.30ns)   --->   "%g0_load_req = readreq i1 @_ssdm_op_ReadReq.m_axi.i32P1A, i32 %g0_addr, i64 1" [spikingformer_official.cpp:1015]   --->   Operation 57 'readreq' 'g0_load_req' <Predicate = true> <Delay = 7.30> <CoreInst = "m_axi">   --->   Core 119 'm_axi' <Latency = 6> <II = 1> <Delay = 1.00> <Adapter> <Opcode : 'readrequnaligned' 'writerequnaligned' 'read' 'write' 'readreq' 'writereq' 'writeresp'>

State 5 <SV = 4> <Delay = 0.00>
ST_5 : Operation 58 [5/8] (7.30ns)   --->   "%g0_load_req = readreq i1 @_ssdm_op_ReadReq.m_axi.i32P1A, i32 %g0_addr, i64 1" [spikingformer_official.cpp:1015]   --->   Operation 58 'readreq' 'g0_load_req' <Predicate = true> <Delay = 7.30> <CoreInst = "m_axi">   --->   Core 119 'm_axi' <Latency = 6> <II = 1> <Delay = 1.00> <Adapter> <Opcode : 'readrequnaligned' 'writerequnaligned' 'read' 'write' 'readreq' 'writereq' 'writeresp'>

State 6 <SV = 5> <Delay = 0.00>
ST_6 : Operation 59 [4/8] (7.30ns)   --->   "%g0_load_req = readreq i1 @_ssdm_op_ReadReq.m_axi.i32P1A, i32 %g0_addr, i64 1" [spikingformer_official.cpp:1015]   --->   Operation 59 'readreq' 'g0_load_req' <Predicate = true> <Delay = 7.30> <CoreInst = "m_axi">   --->   Core 119 'm_axi' <Latency = 6> <II = 1> <Delay = 1.00> <Adapter> <Opcode : 'readrequnaligned' 'writerequnaligned' 'read' 'write' 'readreq' 'writereq' 'writeresp'>

State 7 <SV = 6> <Delay = 0.00>
ST_7 : Operation 60 [3/8] (7.30ns)   --->   "%g0_load_req = readreq i1 @_ssdm_op_ReadReq.m_axi.i32P1A, i32 %g0_addr, i64 1" [spikingformer_official.cpp:1015]   --->   Operation 60 'readreq' 'g0_load_req' <Predicate = true> <Delay = 7.30> <CoreInst = "m_axi">   --->   Core 119 'm_axi' <Latency = 6> <II = 1> <Delay = 1.00> <Adapter> <Opcode : 'readrequnaligned' 'writerequnaligned' 'read' 'write' 'readreq' 'writereq' 'writeresp'>

State 8 <SV = 7> <Delay = 0.00>
ST_8 : Operation 61 [2/8] (7.30ns)   --->   "%g0_load_req = readreq i1 @_ssdm_op_ReadReq.m_axi.i32P1A, i32 %g0_addr, i64 1" [spikingformer_official.cpp:1015]   --->   Operation 61 'readreq' 'g0_load_req' <Predicate = true> <Delay = 7.30> <CoreInst = "m_axi">   --->   Core 119 'm_axi' <Latency = 6> <II = 1> <Delay = 1.00> <Adapter> <Opcode : 'readrequnaligned' 'writerequnaligned' 'read' 'write' 'readreq' 'writereq' 'writeresp'>

State 9 <SV = 8> <Delay = 7.30>
ST_9 : Operation 62 [1/8] ( I:7.30ns O:7.30ns )   --->   "%g0_load_req = readreq i1 @_ssdm_op_ReadReq.m_axi.i32P1A, i32 %g0_addr, i64 1" [spikingformer_official.cpp:1015]   --->   Operation 62 'readreq' 'g0_load_req' <Predicate = true> <Delay = 7.30> <CoreInst = "m_axi">   --->   Core 119 'm_axi' <Latency = 6> <II = 1> <Delay = 1.00> <Adapter> <Opcode : 'readrequnaligned' 'writerequnaligned' 'read' 'write' 'readreq' 'writereq' 'writeresp'>

State 10 <SV = 9> <Delay = 7.30>
ST_10 : Operation 63 [1/1] ( I:7.30ns O:7.30ns )   --->   "%g0_addr_read = read i32 @_ssdm_op_Read.m_axi.i32P1A, i32 %g0_addr" [spikingformer_official.cpp:1015]   --->   Operation 63 'read' 'g0_addr_read' <Predicate = true> <Delay = 7.30> <CoreInst = "m_axi">   --->   Core 119 'm_axi' <Latency = 3> <II = 1> <Delay = 1.00> <Adapter> <Opcode : 'readrequnaligned' 'writerequnaligned' 'read' 'write' 'readreq' 'writereq' 'writeresp'>
ST_10 : Operation 64 [1/1] (0.00ns)   --->   "%tmp = partselect i8 @_ssdm_op_PartSelect.i8.i32.i32.i32, i32 %g0_addr_read, i32 23, i32 30" [spikingformer_official.cpp:1016]   --->   Operation 64 'partselect' 'tmp' <Predicate = true> <Delay = 0.00>
ST_10 : Operation 65 [1/1] (0.00ns)   --->   "%trunc_ln1016 = trunc i32 %g0_addr_read" [spikingformer_official.cpp:1016]   --->   Operation 65 'trunc' 'trunc_ln1016' <Predicate = true> <Delay = 0.00>

State 11 <SV = 10> <Delay = 2.78>
ST_11 : Operation 66 [1/1] (0.00ns)   --->   "%v415 = bitcast i32 %g0_addr_read" [spikingformer_official.cpp:1015]   --->   Operation 66 'bitcast' 'v415' <Predicate = true> <Delay = 0.00>
ST_11 : Operation 67 [1/1] (0.76ns)   --->   "%icmp_ln1016 = icmp_ne  i8 %tmp, i8 255" [spikingformer_official.cpp:1016]   --->   Operation 67 'icmp' 'icmp_ln1016' <Predicate = true> <Delay = 0.76> <CoreInst = "Cmp">   --->   Core 9 'Cmp' <Latency = 0> <II = 1> <Delay = 0.76> <FuncUnit> <Opcode : 'seteq' 'setne' 'setle' 'setge' 'setlt' 'setgt'> <InPorts = 2> <OutPorts = 1>
ST_11 : Operation 68 [1/1] (0.92ns)   --->   "%icmp_ln1016_1 = icmp_eq  i23 %trunc_ln1016, i23 0" [spikingformer_official.cpp:1016]   --->   Operation 68 'icmp' 'icmp_ln1016_1' <Predicate = true> <Delay = 0.92> <CoreInst = "Cmp">   --->   Core 9 'Cmp' <Latency = 0> <II = 1> <Delay = 0.92> <FuncUnit> <Opcode : 'seteq' 'setne' 'setle' 'setge' 'setlt' 'setgt'> <InPorts = 2> <OutPorts = 1>
ST_11 : Operation 69 [2/2] (2.78ns)   --->   "%tmp_1 = fcmp_oge  i32 %v415, i32 0" [spikingformer_official.cpp:1016]   --->   Operation 69 'fcmp' 'tmp_1' <Predicate = true> <Delay = 2.78> <CoreInst = "FCompare">   --->   Core 19 'FCompare' <Latency = 1> <II = 1> <Delay = 2.78> <FuncUnit> <Opcode : 'fcmp'> <InPorts = 2> <OutPorts = 1>

State 12 <SV = 11> <Delay = 7.30>
ST_12 : Operation 70 [1/1] (0.00ns) (grouped into LUT with out node select_ln1018)   --->   "%or_ln1016 = or i1 %icmp_ln1016_1, i1 %icmp_ln1016" [spikingformer_official.cpp:1016]   --->   Operation 70 'or' 'or_ln1016' <Predicate = true> <Delay = 0.00> <CoreInst = "LogicGate">   --->   Core 74 'LogicGate' <Latency = 0> <II = 1> <Delay = 0.28> <FuncUnit> <Opcode : 'and' 'or' 'xor'> <InPorts = 2> <OutPorts = 1>
ST_12 : Operation 71 [1/2] (2.78ns)   --->   "%tmp_1 = fcmp_oge  i32 %v415, i32 0" [spikingformer_official.cpp:1016]   --->   Operation 71 'fcmp' 'tmp_1' <Predicate = true> <Delay = 2.78> <CoreInst = "FCompare">   --->   Core 19 'FCompare' <Latency = 1> <II = 1> <Delay = 2.78> <FuncUnit> <Opcode : 'fcmp'> <InPorts = 2> <OutPorts = 1>
ST_12 : Operation 72 [1/1] (0.00ns) (grouped into LUT with out node select_ln1018)   --->   "%v416 = and i1 %or_ln1016, i1 %tmp_1" [spikingformer_official.cpp:1016]   --->   Operation 72 'and' 'v416' <Predicate = true> <Delay = 0.00> <CoreInst = "LogicGate">   --->   Core 74 'LogicGate' <Latency = 0> <II = 1> <Delay = 0.28> <FuncUnit> <Opcode : 'and' 'or' 'xor'> <InPorts = 2> <OutPorts = 1>
ST_12 : Operation 73 [1/1] (0.41ns) (out node of the LUT)   --->   "%select_ln1018 = select i1 %v416, i32 1065353216, i32 0" [spikingformer_official.cpp:1018]   --->   Operation 73 'select' 'select_ln1018' <Predicate = true> <Delay = 0.41> <CoreInst = "Sel">   --->   Core 73 'Sel' <Latency = 0> <II = 1> <Delay = 0.41> <FuncUnit> <Opcode : 'select'> <InPorts = 3> <OutPorts = 1>
ST_12 : Operation 74 [1/1] ( I:7.30ns O:7.30ns )   --->   "%g0_addr_19_req = writereq i1 @_ssdm_op_WriteReq.m_axi.i32P1A, i32 %g0_addr, i64 1" [spikingformer_official.cpp:1018]   --->   Operation 74 'writereq' 'g0_addr_19_req' <Predicate = true> <Delay = 7.30> <CoreInst = "m_axi">   --->   Core 119 'm_axi' <Latency = 9> <II = 1> <Delay = 1.00> <Adapter> <Opcode : 'readrequnaligned' 'writerequnaligned' 'read' 'write' 'readreq' 'writereq' 'writeresp'>

State 13 <SV = 12> <Delay = 7.30>
ST_13 : Operation 75 [1/1] ( I:7.30ns O:7.30ns )   --->   "%write_ln1018 = write void @_ssdm_op_Write.m_axi.i32P1A, i32 %g0_addr, i32 %select_ln1018, i4 15" [spikingformer_official.cpp:1018]   --->   Operation 75 'write' 'write_ln1018' <Predicate = true> <Delay = 7.30> <CoreInst = "m_axi">   --->   Core 119 'm_axi' <Latency = 5> <II = 1> <Delay = 1.00> <Adapter> <Opcode : 'readrequnaligned' 'writerequnaligned' 'read' 'write' 'readreq' 'writereq' 'writeresp'>

State 14 <SV = 13> <Delay = 0.00>
ST_14 : Operation 76 [5/5] (7.30ns)   --->   "%g0_addr_19_resp = writeresp i1 @_ssdm_op_WriteResp.m_axi.i32P1A, i32 %g0_addr" [spikingformer_official.cpp:1018]   --->   Operation 76 'writeresp' 'g0_addr_19_resp' <Predicate = true> <Delay = 7.30> <CoreInst = "m_axi">   --->   Core 119 'm_axi' <Latency = 3> <II = 1> <Delay = 1.00> <Adapter> <Opcode : 'readrequnaligned' 'writerequnaligned' 'read' 'write' 'readreq' 'writereq' 'writeresp'>

State 15 <SV = 14> <Delay = 0.00>
ST_15 : Operation 77 [4/5] (7.30ns)   --->   "%g0_addr_19_resp = writeresp i1 @_ssdm_op_WriteResp.m_axi.i32P1A, i32 %g0_addr" [spikingformer_official.cpp:1018]   --->   Operation 77 'writeresp' 'g0_addr_19_resp' <Predicate = true> <Delay = 7.30> <CoreInst = "m_axi">   --->   Core 119 'm_axi' <Latency = 3> <II = 1> <Delay = 1.00> <Adapter> <Opcode : 'readrequnaligned' 'writerequnaligned' 'read' 'write' 'readreq' 'writereq' 'writeresp'>

State 16 <SV = 15> <Delay = 0.00>
ST_16 : Operation 78 [3/5] (7.30ns)   --->   "%g0_addr_19_resp = writeresp i1 @_ssdm_op_WriteResp.m_axi.i32P1A, i32 %g0_addr" [spikingformer_official.cpp:1018]   --->   Operation 78 'writeresp' 'g0_addr_19_resp' <Predicate = true> <Delay = 7.30> <CoreInst = "m_axi">   --->   Core 119 'm_axi' <Latency = 3> <II = 1> <Delay = 1.00> <Adapter> <Opcode : 'readrequnaligned' 'writerequnaligned' 'read' 'write' 'readreq' 'writereq' 'writeresp'>

State 17 <SV = 16> <Delay = 0.42>
ST_17 : Operation 79 [2/5] (7.30ns)   --->   "%g0_addr_19_resp = writeresp i1 @_ssdm_op_WriteResp.m_axi.i32P1A, i32 %g0_addr" [spikingformer_official.cpp:1018]   --->   Operation 79 'writeresp' 'g0_addr_19_resp' <Predicate = true> <Delay = 7.30> <CoreInst = "m_axi">   --->   Core 119 'm_axi' <Latency = 3> <II = 1> <Delay = 1.00> <Adapter> <Opcode : 'readrequnaligned' 'writerequnaligned' 'read' 'write' 'readreq' 'writereq' 'writeresp'>
ST_17 : Operation 85 [1/1] (0.42ns)   --->   "%ret_ln1021 = ret" [spikingformer_official.cpp:1021]   --->   Operation 85 'ret' 'ret_ln1021' <Predicate = (icmp_ln1011)> <Delay = 0.42>

State 18 <SV = 17> <Delay = 7.30>
ST_18 : Operation 80 [1/1] (0.00ns)   --->   "%specloopname_ln0 = specloopname void @_ssdm_op_SpecLoopName, void @VITIS_LOOP_1011_1_VITIS_LOOP_1012_2_str"   --->   Operation 80 'specloopname' 'specloopname_ln0' <Predicate = true> <Delay = 0.00>
ST_18 : Operation 81 [1/1] (0.00ns)   --->   "%speclooptripcount_ln0 = speclooptripcount void @_ssdm_op_SpecLoopTripCount, i64 24576, i64 24576, i64 24576"   --->   Operation 81 'speclooptripcount' 'speclooptripcount_ln0' <Predicate = true> <Delay = 0.00>
ST_18 : Operation 82 [1/1] (0.00ns)   --->   "%specpipeline_ln1013 = specpipeline void @_ssdm_op_SpecPipeline, i32 1, i32 0, i32 0, i32 0, i32 4294967295, void @empty_35" [spikingformer_official.cpp:1013]   --->   Operation 82 'specpipeline' 'specpipeline_ln1013' <Predicate = true> <Delay = 0.00>
ST_18 : Operation 83 [1/5] ( I:7.30ns O:7.30ns )   --->   "%g0_addr_19_resp = writeresp i1 @_ssdm_op_WriteResp.m_axi.i32P1A, i32 %g0_addr" [spikingformer_official.cpp:1018]   --->   Operation 83 'writeresp' 'g0_addr_19_resp' <Predicate = true> <Delay = 7.30> <CoreInst = "m_axi">   --->   Core 119 'm_axi' <Latency = 3> <II = 1> <Delay = 1.00> <Adapter> <Opcode : 'readrequnaligned' 'writerequnaligned' 'read' 'write' 'readreq' 'writereq' 'writeresp'>
ST_18 : Operation 84 [1/1] (0.00ns)   --->   "%br_ln1012 = br void %for.body4" [spikingformer_official.cpp:1012]   --->   Operation 84 'br' 'br_ln1012' <Predicate = true> <Delay = 0.00>


============================================================
+ Verbose Summary: Timing violations
============================================================
Target clock period: 10.000ns, clock uncertainty: 2.700ns.

 <State 1>: 2.760ns
The critical path consists of the following:
	'store' operation ('store_ln1012', spikingformer_official.cpp:1012) of constant 0 7 bit on local variable 'v414', spikingformer_official.cpp:1012 [11]  (0.427 ns)
	'load' operation 7 bit ('v414_load', spikingformer_official.cpp:1012) on local variable 'v414', spikingformer_official.cpp:1012 [19]  (0.000 ns)
	'icmp' operation 1 bit ('icmp_ln1012', spikingformer_official.cpp:1012) [24]  (0.773 ns)
	'select' operation 7 bit ('select_ln1011', spikingformer_official.cpp:1011) [25]  (0.360 ns)
	'add' operation 7 bit ('add_ln1012', spikingformer_official.cpp:1012) [52]  (0.773 ns)
	'store' operation ('store_ln1012', spikingformer_official.cpp:1012) of variable 'add_ln1012', spikingformer_official.cpp:1012 7 bit on local variable 'v414', spikingformer_official.cpp:1012 [55]  (0.427 ns)

 <State 2>: 0.000ns
The critical path consists of the following:

 <State 3>: 0.000ns
The critical path consists of the following:

 <State 4>: 0.000ns
The critical path consists of the following:

 <State 5>: 0.000ns
The critical path consists of the following:

 <State 6>: 0.000ns
The critical path consists of the following:

 <State 7>: 0.000ns
The critical path consists of the following:

 <State 8>: 0.000ns
The critical path consists of the following:

 <State 9>: 7.300ns
The critical path consists of the following:
	bus request operation ('g0_load_req', spikingformer_official.cpp:1015) on port 'g0' (spikingformer_official.cpp:1015) [38]  (7.300 ns)

 <State 10>: 7.300ns
The critical path consists of the following:
	bus read operation ('g0_addr_read', spikingformer_official.cpp:1015) on port 'g0' (spikingformer_official.cpp:1015) [39]  (7.300 ns)

 <State 11>: 2.782ns
The critical path consists of the following:
	'fcmp' operation 1 bit ('tmp_1', spikingformer_official.cpp:1016) [46]  (2.782 ns)

 <State 12>: 7.300ns
The critical path consists of the following:
	bus request operation ('g0_addr_19_req', spikingformer_official.cpp:1018) on port 'g0' (spikingformer_official.cpp:1018) [49]  (7.300 ns)

 <State 13>: 7.300ns
The critical path consists of the following:
	bus write operation ('write_ln1018', spikingformer_official.cpp:1018) on port 'g0' (spikingformer_official.cpp:1018) [50]  (7.300 ns)

 <State 14>: 0.000ns
The critical path consists of the following:

 <State 15>: 0.000ns
The critical path consists of the following:

 <State 16>: 0.000ns
The critical path consists of the following:

 <State 17>: 0.427ns
The critical path consists of the following:

 <State 18>: 7.300ns
The critical path consists of the following:
	bus response operation ('g0_addr_19_resp', spikingformer_official.cpp:1018) on port 'g0' (spikingformer_official.cpp:1018) [51]  (7.300 ns)


============================================================
+ Verbose Summary: Binding
============================================================
N/A
* FSMD analyzer results:
  - Output states:
 - Input state : 
  - Chain level:
	State 1
	State 2
	State 3
	State 4
	State 5
	State 6
	State 7
	State 8
	State 9
	State 10
	State 11
	State 12
	State 13
	State 14
	State 15
	State 16
	State 17
	State 18


============================================================
+ Verbose Summary: Datapath Resource usage 
============================================================
N/A
