

================================================================
== Vitis HLS Report for 'kernel67_Pipeline_VITIS_LOOP_911_1_VITIS_LOOP_912_2_VITIS_LOOP_913_3'
================================================================
* Date:           Sun Jul 12 20:26:08 2026

* Version:        2025.2 (Build 6295257 on Nov 14 2025)
* Project:        spikingformer_proj
* Solution:       solution1 (Vivado IP Flow Target)
* Product family: zynquplus
* Target device:  xczu7ev-ffvc1156-2-e


================================================================
== Performance Estimates
================================================================
+ Timing: 
    * Summary: 
    +--------+----------+----------+------------+
    |  Clock |  Target  | Estimated| Uncertainty|
    +--------+----------+----------+------------+
    |ap_clk  |  10.00 ns|  7.300 ns|     2.70 ns|
    +--------+----------+----------+------------+

+ Latency: 
    * Summary: 
    +---------+---------+----------+----------+-----+-----+-------------------+
    |  Latency (cycles) |  Latency (absolute) |  Interval |      Pipeline     |
    |   min   |   max   |    min   |    max   | min | max |        Type       |
    +---------+---------+----------+----------+-----+-----+-------------------+
    |    24587|    24587|  0.246 ms|  0.246 ms|    0|    0|  loop pipeline stp|
    +---------+---------+----------+----------+-----+-----+-------------------+

    + Detail: 
        * Instance: 
        N/A

        * Loop: 
        +------------------------------------------------------+---------+---------+----------+-----------+-----------+-------+----------+
        |                                                      |  Latency (cycles) | Iteration|  Initiation Interval  |  Trip |          |
        |                       Loop Name                      |   min   |   max   |  Latency |  achieved |   target  | Count | Pipelined|
        +------------------------------------------------------+---------+---------+----------+-----------+-----------+-------+----------+
        |- VITIS_LOOP_911_1_VITIS_LOOP_912_2_VITIS_LOOP_913_3  |    24585|    24585|        11|          1|          1|  24576|       yes|
        +------------------------------------------------------+---------+---------+----------+-----------+-----------+-------+----------+

============================================================
+ Verbose Summary: Synthesis Manager
============================================================
InlineROM: 1
ExposeGlobal: 0
============================================================
+ Verbose Summary: CDFG Model
============================================================
IsTopModel: 0
ResetActiveHigh: 1
IsCombinational: 0
IsDatapathOnly: 0
HasWiredReturn: 1
HasMFsm: 2
HasVarLatency: 1
IsPipeline: 0
IsRtlPipelined: 0
IsInstanceOverlapped: 0
IsDontTouch: 0
HasImplIP: 0
IsGatedGlobalClock: 0

+ Individual pipeline summary: 
  * Pipeline-0: initiation interval (II) = 1, depth = 12


============================================================
+ Verbose Summary: Schedule
============================================================
* Number of FSM states : 12
* Pipeline : 1
  Pipeline-0 : II = 1, D = 12, States = { 1 2 3 4 5 6 7 8 9 10 11 12 }
* Dataflow Pipeline: 0

* FSM state transitions: 
1 --> 2 
2 --> 3 
3 --> 4 
4 --> 5 
5 --> 6 
6 --> 7 
7 --> 8 
8 --> 9 
9 --> 10 
10 --> 11 
11 --> 12 
12 --> 

* FSM state operations: 

State 1 <SV = 0> <Delay = 0.42>
ST_1 : Operation 14 [1/1] (0.00ns)   --->   "%v374 = alloca i32 1" [spikingformer_official.cpp:913]   --->   Operation 14 'alloca' 'v374' <Predicate = true> <Delay = 0.00>
ST_1 : Operation 15 [1/1] (0.00ns)   --->   "%v373 = alloca i32 1" [spikingformer_official.cpp:912]   --->   Operation 15 'alloca' 'v373' <Predicate = true> <Delay = 0.00>
ST_1 : Operation 16 [1/1] (0.00ns)   --->   "%indvar_flatten = alloca i32 1"   --->   Operation 16 'alloca' 'indvar_flatten' <Predicate = true> <Delay = 0.00>
ST_1 : Operation 17 [1/1] (0.00ns)   --->   "%v372 = alloca i32 1" [spikingformer_official.cpp:911]   --->   Operation 17 'alloca' 'v372' <Predicate = true> <Delay = 0.00>
ST_1 : Operation 18 [1/1] (0.00ns)   --->   "%indvar_flatten13 = alloca i32 1"   --->   Operation 18 'alloca' 'indvar_flatten13' <Predicate = true> <Delay = 0.00>
ST_1 : Operation 19 [1/1] (0.00ns)   --->   "%v370_read = read i64 @_ssdm_op_Read.ap_auto.i64, i64 %v370"   --->   Operation 19 'read' 'v370_read' <Predicate = true> <Delay = 0.00>
ST_1 : Operation 20 [1/1] (0.00ns)   --->   "%sext_ln911_read = read i62 @_ssdm_op_Read.ap_auto.i62, i62 %sext_ln911"   --->   Operation 20 'read' 'sext_ln911_read' <Predicate = true> <Delay = 0.00>
ST_1 : Operation 21 [1/1] (0.00ns)   --->   "%sext_ln9153 = read i62 @_ssdm_op_Read.ap_auto.i62, i62 %sext_ln915"   --->   Operation 21 'read' 'sext_ln9153' <Predicate = true> <Delay = 0.00>
ST_1 : Operation 22 [1/1] (0.00ns)   --->   "%sext_ln911_cast = sext i62 %sext_ln911_read"   --->   Operation 22 'sext' 'sext_ln911_cast' <Predicate = true> <Delay = 0.00>
ST_1 : Operation 23 [1/1] (0.00ns)   --->   "%specstablecontent_ln0 = specstablecontent void @_ssdm_op_SpecStableContent, i32 %g0, i1 1, void "   --->   Operation 23 'specstablecontent' 'specstablecontent_ln0' <Predicate = true> <Delay = 0.00>
ST_1 : Operation 24 [1/1] (0.00ns)   --->   "%specinterface_ln0 = specinterface void @_ssdm_op_SpecInterface, i32 %g0, void @empty_26, i32 0, i32 0, void @empty_35, i32 0, i32 0, void @empty_22, void @empty_25, void @empty_35, i32 16, i32 16, i32 16, i32 16, void @empty_35, void @empty_35, i32 4294967295, i32 0, i32 0, i32 4"   --->   Operation 24 'specinterface' 'specinterface_ln0' <Predicate = true> <Delay = 0.00>
ST_1 : Operation 25 [1/1] (0.42ns)   --->   "%store_ln0 = store i15 0, i15 %indvar_flatten13"   --->   Operation 25 'store' 'store_ln0' <Predicate = true> <Delay = 0.42>
ST_1 : Operation 26 [1/1] (0.42ns)   --->   "%store_ln911 = store i4 0, i4 %v372" [spikingformer_official.cpp:911]   --->   Operation 26 'store' 'store_ln911' <Predicate = true> <Delay = 0.42>
ST_1 : Operation 27 [1/1] (0.42ns)   --->   "%store_ln0 = store i13 0, i13 %indvar_flatten"   --->   Operation 27 'store' 'store_ln0' <Predicate = true> <Delay = 0.42>
ST_1 : Operation 28 [1/1] (0.42ns)   --->   "%store_ln912 = store i7 0, i7 %v373" [spikingformer_official.cpp:912]   --->   Operation 28 'store' 'store_ln912' <Predicate = true> <Delay = 0.42>
ST_1 : Operation 29 [1/1] (0.42ns)   --->   "%store_ln913 = store i6 0, i6 %v374" [spikingformer_official.cpp:913]   --->   Operation 29 'store' 'store_ln913' <Predicate = true> <Delay = 0.42>
ST_1 : Operation 30 [1/1] (0.42ns)   --->   "%br_ln0 = br void %for.inc"   --->   Operation 30 'br' 'br_ln0' <Predicate = true> <Delay = 0.42>

State 2 <SV = 1> <Delay = 4.00>
ST_2 : Operation 31 [1/1] (0.00ns)   --->   "%first_iter_0 = phi i1 1, void %newFuncRoot, i1 0, void %for.inc.split"   --->   Operation 31 'phi' 'first_iter_0' <Predicate = true> <Delay = 0.00>
ST_2 : Operation 32 [1/1] (0.00ns)   --->   "%v374_1 = load i6 %v374" [spikingformer_official.cpp:913]   --->   Operation 32 'load' 'v374_1' <Predicate = true> <Delay = 0.00>
ST_2 : Operation 33 [1/1] (0.00ns)   --->   "%indvar_flatten_load = load i13 %indvar_flatten" [spikingformer_official.cpp:912]   --->   Operation 33 'load' 'indvar_flatten_load' <Predicate = true> <Delay = 0.00>
ST_2 : Operation 34 [1/1] (0.00ns)   --->   "%indvar_flatten13_load = load i15 %indvar_flatten13" [spikingformer_official.cpp:911]   --->   Operation 34 'load' 'indvar_flatten13_load' <Predicate = true> <Delay = 0.00>
ST_2 : Operation 35 [1/1] (0.84ns)   --->   "%icmp_ln911 = icmp_eq  i15 %indvar_flatten13_load, i15 24576" [spikingformer_official.cpp:911]   --->   Operation 35 'icmp' 'icmp_ln911' <Predicate = true> <Delay = 0.84> <CoreInst = "Cmp">   --->   Core 9 'Cmp' <Latency = 0> <II = 1> <Delay = 0.84> <FuncUnit> <Opcode : 'seteq' 'setne' 'setle' 'setge' 'setlt' 'setgt'> <InPorts = 2> <OutPorts = 1>
ST_2 : Operation 36 [1/1] (0.84ns)   --->   "%add_ln911_1 = add i15 %indvar_flatten13_load, i15 1" [spikingformer_official.cpp:911]   --->   Operation 36 'add' 'add_ln911_1' <Predicate = true> <Delay = 0.84> <CoreInst = "Adder">   --->   Core 1 'Adder' <Latency = 0> <II = 1> <Delay = 0.84> <FuncUnit> <Opcode : 'add' 'sub'> <InPorts = 2> <OutPorts = 1>
ST_2 : Operation 37 [1/1] (0.00ns)   --->   "%br_ln911 = br i1 %icmp_ln911, void %for.inc23, void %for.end25.exitStub" [spikingformer_official.cpp:911]   --->   Operation 37 'br' 'br_ln911' <Predicate = true> <Delay = 0.00>
ST_2 : Operation 38 [1/1] (0.00ns)   --->   "%v373_load = load i7 %v373" [spikingformer_official.cpp:911]   --->   Operation 38 'load' 'v373_load' <Predicate = (!icmp_ln911)> <Delay = 0.00>
ST_2 : Operation 39 [1/1] (0.00ns)   --->   "%v372_load = load i4 %v372" [spikingformer_official.cpp:911]   --->   Operation 39 'load' 'v372_load' <Predicate = (!icmp_ln911)> <Delay = 0.00>
ST_2 : Operation 40 [1/1] (0.79ns)   --->   "%add_ln911 = add i4 %v372_load, i4 1" [spikingformer_official.cpp:911]   --->   Operation 40 'add' 'add_ln911' <Predicate = (!icmp_ln911)> <Delay = 0.79> <CoreInst = "Adder">   --->   Core 1 'Adder' <Latency = 0> <II = 1> <Delay = 0.79> <FuncUnit> <Opcode : 'add' 'sub'> <InPorts = 2> <OutPorts = 1>
ST_2 : Operation 41 [1/1] (0.82ns)   --->   "%icmp_ln912 = icmp_eq  i13 %indvar_flatten_load, i13 2048" [spikingformer_official.cpp:912]   --->   Operation 41 'icmp' 'icmp_ln912' <Predicate = (!icmp_ln911)> <Delay = 0.82> <CoreInst = "Cmp">   --->   Core 9 'Cmp' <Latency = 0> <II = 1> <Delay = 0.82> <FuncUnit> <Opcode : 'seteq' 'setne' 'setle' 'setge' 'setlt' 'setgt'> <InPorts = 2> <OutPorts = 1>
ST_2 : Operation 42 [1/1] (0.36ns)   --->   "%select_ln911 = select i1 %icmp_ln912, i7 0, i7 %v373_load" [spikingformer_official.cpp:911]   --->   Operation 42 'select' 'select_ln911' <Predicate = (!icmp_ln911)> <Delay = 0.36> <CoreInst = "Sel">   --->   Core 73 'Sel' <Latency = 0> <II = 1> <Delay = 0.36> <FuncUnit> <Opcode : 'select'> <InPorts = 3> <OutPorts = 1>
ST_2 : Operation 43 [1/1] (0.00ns) (grouped into LUT with out node first_iter_0_mid2)   --->   "%or_ln911 = or i1 %icmp_ln912, i1 %first_iter_0" [spikingformer_official.cpp:911]   --->   Operation 43 'or' 'or_ln911' <Predicate = (!icmp_ln911)> <Delay = 0.00> <CoreInst = "LogicGate">   --->   Core 74 'LogicGate' <Latency = 0> <II = 1> <Delay = 0.28> <FuncUnit> <Opcode : 'and' 'or' 'xor'> <InPorts = 2> <OutPorts = 1>
ST_2 : Operation 44 [1/1] (0.00ns) (grouped into LUT with out node and_ln911)   --->   "%xor_ln911 = xor i1 %icmp_ln912, i1 1" [spikingformer_official.cpp:911]   --->   Operation 44 'xor' 'xor_ln911' <Predicate = (!icmp_ln911)> <Delay = 0.00> <CoreInst = "LogicGate">   --->   Core 74 'LogicGate' <Latency = 0> <II = 1> <Delay = 0.28> <FuncUnit> <Opcode : 'and' 'or' 'xor'> <InPorts = 2> <OutPorts = 1>
ST_2 : Operation 45 [1/1] (0.78ns)   --->   "%icmp_ln913 = icmp_eq  i6 %v374_1, i6 32" [spikingformer_official.cpp:913]   --->   Operation 45 'icmp' 'icmp_ln913' <Predicate = (!icmp_ln911)> <Delay = 0.78> <CoreInst = "Cmp">   --->   Core 9 'Cmp' <Latency = 0> <II = 1> <Delay = 0.78> <FuncUnit> <Opcode : 'seteq' 'setne' 'setle' 'setge' 'setlt' 'setgt'> <InPorts = 2> <OutPorts = 1>
ST_2 : Operation 46 [1/1] (0.28ns) (out node of the LUT)   --->   "%and_ln911 = and i1 %icmp_ln913, i1 %xor_ln911" [spikingformer_official.cpp:911]   --->   Operation 46 'and' 'and_ln911' <Predicate = (!icmp_ln911)> <Delay = 0.28> <CoreInst = "LogicGate">   --->   Core 74 'LogicGate' <Latency = 0> <II = 1> <Delay = 0.28> <FuncUnit> <Opcode : 'and' 'or' 'xor'> <InPorts = 2> <OutPorts = 1>
ST_2 : Operation 47 [1/1] (0.39ns)   --->   "%select_ln911_1 = select i1 %icmp_ln912, i4 %add_ln911, i4 %v372_load" [spikingformer_official.cpp:911]   --->   Operation 47 'select' 'select_ln911_1' <Predicate = (!icmp_ln911)> <Delay = 0.39> <CoreInst = "Sel">   --->   Core 73 'Sel' <Latency = 0> <II = 1> <Delay = 0.39> <FuncUnit> <Opcode : 'select'> <InPorts = 3> <OutPorts = 1>
ST_2 : Operation 48 [1/1] (0.77ns)   --->   "%add_ln912 = add i7 %select_ln911, i7 1" [spikingformer_official.cpp:912]   --->   Operation 48 'add' 'add_ln912' <Predicate = (!icmp_ln911)> <Delay = 0.77> <CoreInst = "Adder">   --->   Core 1 'Adder' <Latency = 0> <II = 1> <Delay = 0.77> <FuncUnit> <Opcode : 'add' 'sub'> <InPorts = 2> <OutPorts = 1>
ST_2 : Operation 49 [1/1] (0.28ns) (out node of the LUT)   --->   "%first_iter_0_mid2 = or i1 %and_ln911, i1 %or_ln911" [spikingformer_official.cpp:911]   --->   Operation 49 'or' 'first_iter_0_mid2' <Predicate = (!icmp_ln911)> <Delay = 0.28> <CoreInst = "LogicGate">   --->   Core 74 'LogicGate' <Latency = 0> <II = 1> <Delay = 0.28> <FuncUnit> <Opcode : 'and' 'or' 'xor'> <InPorts = 2> <OutPorts = 1>
ST_2 : Operation 50 [1/1] (0.36ns)   --->   "%select_ln912 = select i1 %and_ln911, i7 %add_ln912, i7 %select_ln911" [spikingformer_official.cpp:912]   --->   Operation 50 'select' 'select_ln912' <Predicate = (!icmp_ln911)> <Delay = 0.36> <CoreInst = "Sel">   --->   Core 73 'Sel' <Latency = 0> <II = 1> <Delay = 0.36> <FuncUnit> <Opcode : 'select'> <InPorts = 3> <OutPorts = 1>
ST_2 : Operation 51 [1/1] (0.00ns)   --->   "%shl_ln = bitconcatenate i11 @_ssdm_op_BitConcatenate.i11.i4.i7, i4 %select_ln911_1, i7 0" [spikingformer_official.cpp:913]   --->   Operation 51 'bitconcatenate' 'shl_ln' <Predicate = (!icmp_ln911)> <Delay = 0.00>
ST_2 : Operation 52 [1/1] (0.00ns)   --->   "%zext_ln912 = zext i11 %shl_ln" [spikingformer_official.cpp:912]   --->   Operation 52 'zext' 'zext_ln912' <Predicate = (!icmp_ln911)> <Delay = 0.00>
ST_2 : Operation 53 [1/1] (0.00ns)   --->   "%p_shl = bitconcatenate i18 @_ssdm_op_BitConcatenate.i18.i7.i11, i7 %select_ln912, i11 0" [spikingformer_official.cpp:913]   --->   Operation 53 'bitconcatenate' 'p_shl' <Predicate = (!icmp_ln911)> <Delay = 0.00>
ST_2 : Operation 54 [1/1] (0.00ns)   --->   "%tmp = bitconcatenate i16 @_ssdm_op_BitConcatenate.i16.i7.i9, i7 %select_ln912, i9 0" [spikingformer_official.cpp:913]   --->   Operation 54 'bitconcatenate' 'tmp' <Predicate = (!icmp_ln911)> <Delay = 0.00>
ST_2 : Operation 55 [1/1] (0.00ns)   --->   "%zext_ln913_1 = zext i16 %tmp" [spikingformer_official.cpp:913]   --->   Operation 55 'zext' 'zext_ln913_1' <Predicate = (!icmp_ln911)> <Delay = 0.00>
ST_2 : Operation 56 [1/1] (0.87ns)   --->   "%sub_ln913 = sub i18 %p_shl, i18 %zext_ln913_1" [spikingformer_official.cpp:913]   --->   Operation 56 'sub' 'sub_ln913' <Predicate = (!icmp_ln911)> <Delay = 0.87> <CoreInst = "Adder">   --->   Core 1 'Adder' <Latency = 0> <II = 1> <Delay = 0.87> <FuncUnit> <Opcode : 'add' 'sub'> <InPorts = 2> <OutPorts = 1>
ST_2 : Operation 57 [1/1] (0.00ns)   --->   "%zext_ln913 = zext i18 %sub_ln913" [spikingformer_official.cpp:913]   --->   Operation 57 'zext' 'zext_ln913' <Predicate = (!icmp_ln911)> <Delay = 0.00>
ST_2 : Operation 58 [1/1] (0.00ns) (grouped into TernaryAdder)   --->   "%add_ln913 = add i64 %zext_ln913, i64 %v370_read" [spikingformer_official.cpp:913]   --->   Operation 58 'add' 'add_ln913' <Predicate = (!icmp_ln911)> <Delay = 0.00> <CoreInst = "TAddSub">   --->   Core 10 'TAddSub' <Latency = 0> <II = 1> <Delay = 0.40> <IPBlock> <Opcode : 'add' 'sub'> <InPorts = 3> <OutPorts = 1> <Sync> <CReg>
ST_2 : Operation 59 [1/1] (0.81ns) (root node of TernaryAdder)   --->   "%add_ln913_1 = add i64 %add_ln913, i64 %zext_ln912" [spikingformer_official.cpp:913]   --->   Operation 59 'add' 'add_ln913_1' <Predicate = (!icmp_ln911)> <Delay = 0.81> <CoreInst = "TAddSub">   --->   Core 10 'TAddSub' <Latency = 0> <II = 1> <Delay = 0.40> <IPBlock> <Opcode : 'add' 'sub'> <InPorts = 3> <OutPorts = 1> <Sync> <CReg>
ST_2 : Operation 60 [1/1] (0.00ns)   --->   "%trunc_ln = partselect i62 @_ssdm_op_PartSelect.i62.i64.i32.i32, i64 %add_ln913_1, i32 2, i32 63" [spikingformer_official.cpp:913]   --->   Operation 60 'partselect' 'trunc_ln' <Predicate = (!icmp_ln911)> <Delay = 0.00>
ST_2 : Operation 61 [1/1] (0.00ns)   --->   "%sext_ln913 = sext i62 %trunc_ln" [spikingformer_official.cpp:913]   --->   Operation 61 'sext' 'sext_ln913' <Predicate = (!icmp_ln911)> <Delay = 0.00>
ST_2 : Operation 62 [1/1] (0.00ns)   --->   "%g0_addr_13 = getelementptr i32 %g0, i64 %sext_ln913" [spikingformer_official.cpp:913]   --->   Operation 62 'getelementptr' 'g0_addr_13' <Predicate = (!icmp_ln911)> <Delay = 0.00>
ST_2 : Operation 63 [1/1] (0.00ns)   --->   "%br_ln913 = br i1 %first_iter_0_mid2, void %for.inc.split, void %new.body.VITIS_LOOP_913_3" [spikingformer_official.cpp:913]   --->   Operation 63 'br' 'br_ln913' <Predicate = (!icmp_ln911)> <Delay = 0.00>
ST_2 : Operation 64 [1/1] (0.78ns)   --->   "%add_ln913_2 = add i6 %v374_1, i6 1" [spikingformer_official.cpp:913]   --->   Operation 64 'add' 'add_ln913_2' <Predicate = (!icmp_ln911)> <Delay = 0.78> <CoreInst = "Adder">   --->   Core 1 'Adder' <Latency = 0> <II = 1> <Delay = 0.78> <FuncUnit> <Opcode : 'add' 'sub'> <InPorts = 2> <OutPorts = 1>
ST_2 : Operation 65 [1/1] (0.00ns) (grouped into LUT with out node select_ln913)   --->   "%or_ln913 = or i1 %and_ln911, i1 %icmp_ln912" [spikingformer_official.cpp:913]   --->   Operation 65 'or' 'or_ln913' <Predicate = (!icmp_ln911)> <Delay = 0.00> <CoreInst = "LogicGate">   --->   Core 74 'LogicGate' <Latency = 0> <II = 1> <Delay = 0.28> <FuncUnit> <Opcode : 'and' 'or' 'xor'> <InPorts = 2> <OutPorts = 1>
ST_2 : Operation 66 [1/1] (0.38ns) (out node of the LUT)   --->   "%select_ln913 = select i1 %or_ln913, i6 1, i6 %add_ln913_2" [spikingformer_official.cpp:913]   --->   Operation 66 'select' 'select_ln913' <Predicate = (!icmp_ln911)> <Delay = 0.38> <CoreInst = "Sel">   --->   Core 73 'Sel' <Latency = 0> <II = 1> <Delay = 0.38> <FuncUnit> <Opcode : 'select'> <InPorts = 3> <OutPorts = 1>
ST_2 : Operation 67 [1/1] (0.82ns)   --->   "%add_ln912_1 = add i13 %indvar_flatten_load, i13 1" [spikingformer_official.cpp:912]   --->   Operation 67 'add' 'add_ln912_1' <Predicate = (!icmp_ln911)> <Delay = 0.82> <CoreInst = "Adder">   --->   Core 1 'Adder' <Latency = 0> <II = 1> <Delay = 0.82> <FuncUnit> <Opcode : 'add' 'sub'> <InPorts = 2> <OutPorts = 1>
ST_2 : Operation 68 [1/1] (0.30ns)   --->   "%select_ln912_1 = select i1 %icmp_ln912, i13 1, i13 %add_ln912_1" [spikingformer_official.cpp:912]   --->   Operation 68 'select' 'select_ln912_1' <Predicate = (!icmp_ln911)> <Delay = 0.30> <CoreInst = "Sel">   --->   Core 73 'Sel' <Latency = 0> <II = 1> <Delay = 0.30> <FuncUnit> <Opcode : 'select'> <InPorts = 3> <OutPorts = 1>
ST_2 : Operation 69 [1/1] (0.42ns)   --->   "%store_ln911 = store i15 %add_ln911_1, i15 %indvar_flatten13" [spikingformer_official.cpp:911]   --->   Operation 69 'store' 'store_ln911' <Predicate = (!icmp_ln911)> <Delay = 0.42>
ST_2 : Operation 70 [1/1] (0.42ns)   --->   "%store_ln911 = store i4 %select_ln911_1, i4 %v372" [spikingformer_official.cpp:911]   --->   Operation 70 'store' 'store_ln911' <Predicate = (!icmp_ln911)> <Delay = 0.42>
ST_2 : Operation 71 [1/1] (0.42ns)   --->   "%store_ln912 = store i13 %select_ln912_1, i13 %indvar_flatten" [spikingformer_official.cpp:912]   --->   Operation 71 'store' 'store_ln912' <Predicate = (!icmp_ln911)> <Delay = 0.42>
ST_2 : Operation 72 [1/1] (0.42ns)   --->   "%store_ln912 = store i7 %select_ln912, i7 %v373" [spikingformer_official.cpp:912]   --->   Operation 72 'store' 'store_ln912' <Predicate = (!icmp_ln911)> <Delay = 0.42>
ST_2 : Operation 73 [1/1] (0.42ns)   --->   "%store_ln913 = store i6 %select_ln913, i6 %v374" [spikingformer_official.cpp:913]   --->   Operation 73 'store' 'store_ln913' <Predicate = (!icmp_ln911)> <Delay = 0.42>
ST_2 : Operation 74 [1/1] (0.00ns)   --->   "%br_ln913 = br void %for.inc" [spikingformer_official.cpp:913]   --->   Operation 74 'br' 'br_ln913' <Predicate = (!icmp_ln911)> <Delay = 0.00>

State 3 <SV = 2> <Delay = 0.00>
ST_3 : Operation 75 [8/8] (7.30ns)   --->   "%empty = readreq i1 @_ssdm_op_ReadReq.m_axi.p1i32, i32 %g0_addr_13, i64 32" [spikingformer_official.cpp:913]   --->   Operation 75 'readreq' 'empty' <Predicate = (first_iter_0_mid2)> <Delay = 7.30> <CoreInst = "m_axi">   --->   Core 119 'm_axi' <Latency = 6> <II = 1> <Delay = 1.00> <Adapter> <Opcode : 'readrequnaligned' 'writerequnaligned' 'read' 'write' 'readreq' 'writereq' 'writeresp'>

State 4 <SV = 3> <Delay = 0.00>
ST_4 : Operation 76 [7/8] (7.30ns)   --->   "%empty = readreq i1 @_ssdm_op_ReadReq.m_axi.p1i32, i32 %g0_addr_13, i64 32" [spikingformer_official.cpp:913]   --->   Operation 76 'readreq' 'empty' <Predicate = (first_iter_0_mid2)> <Delay = 7.30> <CoreInst = "m_axi">   --->   Core 119 'm_axi' <Latency = 6> <II = 1> <Delay = 1.00> <Adapter> <Opcode : 'readrequnaligned' 'writerequnaligned' 'read' 'write' 'readreq' 'writereq' 'writeresp'>

State 5 <SV = 4> <Delay = 0.00>
ST_5 : Operation 77 [6/8] (7.30ns)   --->   "%empty = readreq i1 @_ssdm_op_ReadReq.m_axi.p1i32, i32 %g0_addr_13, i64 32" [spikingformer_official.cpp:913]   --->   Operation 77 'readreq' 'empty' <Predicate = (first_iter_0_mid2)> <Delay = 7.30> <CoreInst = "m_axi">   --->   Core 119 'm_axi' <Latency = 6> <II = 1> <Delay = 1.00> <Adapter> <Opcode : 'readrequnaligned' 'writerequnaligned' 'read' 'write' 'readreq' 'writereq' 'writeresp'>

State 6 <SV = 5> <Delay = 0.00>
ST_6 : Operation 78 [5/8] (7.30ns)   --->   "%empty = readreq i1 @_ssdm_op_ReadReq.m_axi.p1i32, i32 %g0_addr_13, i64 32" [spikingformer_official.cpp:913]   --->   Operation 78 'readreq' 'empty' <Predicate = (first_iter_0_mid2)> <Delay = 7.30> <CoreInst = "m_axi">   --->   Core 119 'm_axi' <Latency = 6> <II = 1> <Delay = 1.00> <Adapter> <Opcode : 'readrequnaligned' 'writerequnaligned' 'read' 'write' 'readreq' 'writereq' 'writeresp'>

State 7 <SV = 6> <Delay = 0.00>
ST_7 : Operation 79 [4/8] (7.30ns)   --->   "%empty = readreq i1 @_ssdm_op_ReadReq.m_axi.p1i32, i32 %g0_addr_13, i64 32" [spikingformer_official.cpp:913]   --->   Operation 79 'readreq' 'empty' <Predicate = (first_iter_0_mid2)> <Delay = 7.30> <CoreInst = "m_axi">   --->   Core 119 'm_axi' <Latency = 6> <II = 1> <Delay = 1.00> <Adapter> <Opcode : 'readrequnaligned' 'writerequnaligned' 'read' 'write' 'readreq' 'writereq' 'writeresp'>

State 8 <SV = 7> <Delay = 0.00>
ST_8 : Operation 80 [3/8] (7.30ns)   --->   "%empty = readreq i1 @_ssdm_op_ReadReq.m_axi.p1i32, i32 %g0_addr_13, i64 32" [spikingformer_official.cpp:913]   --->   Operation 80 'readreq' 'empty' <Predicate = (first_iter_0_mid2)> <Delay = 7.30> <CoreInst = "m_axi">   --->   Core 119 'm_axi' <Latency = 6> <II = 1> <Delay = 1.00> <Adapter> <Opcode : 'readrequnaligned' 'writerequnaligned' 'read' 'write' 'readreq' 'writereq' 'writeresp'>

State 9 <SV = 8> <Delay = 0.00>
ST_9 : Operation 81 [2/8] (7.30ns)   --->   "%empty = readreq i1 @_ssdm_op_ReadReq.m_axi.p1i32, i32 %g0_addr_13, i64 32" [spikingformer_official.cpp:913]   --->   Operation 81 'readreq' 'empty' <Predicate = (first_iter_0_mid2)> <Delay = 7.30> <CoreInst = "m_axi">   --->   Core 119 'm_axi' <Latency = 6> <II = 1> <Delay = 1.00> <Adapter> <Opcode : 'readrequnaligned' 'writerequnaligned' 'read' 'write' 'readreq' 'writereq' 'writeresp'>

State 10 <SV = 9> <Delay = 7.30>
ST_10 : Operation 82 [1/8] ( I:7.30ns O:7.30ns )   --->   "%empty = readreq i1 @_ssdm_op_ReadReq.m_axi.p1i32, i32 %g0_addr_13, i64 32" [spikingformer_official.cpp:913]   --->   Operation 82 'readreq' 'empty' <Predicate = (first_iter_0_mid2)> <Delay = 7.30> <CoreInst = "m_axi">   --->   Core 119 'm_axi' <Latency = 6> <II = 1> <Delay = 1.00> <Adapter> <Opcode : 'readrequnaligned' 'writerequnaligned' 'read' 'write' 'readreq' 'writereq' 'writeresp'>
ST_10 : Operation 83 [1/1] (0.00ns)   --->   "%br_ln913 = br void %for.inc.split" [spikingformer_official.cpp:913]   --->   Operation 83 'br' 'br_ln913' <Predicate = (first_iter_0_mid2)> <Delay = 0.00>

State 11 <SV = 10> <Delay = 7.30>
ST_11 : Operation 84 [1/1] ( I:7.30ns O:7.30ns )   --->   "%v375 = read i32 @_ssdm_op_Read.m_axi.i32.p1i32, i32 %g0_addr_13" [spikingformer_official.cpp:917]   --->   Operation 84 'read' 'v375' <Predicate = (!icmp_ln911)> <Delay = 7.30> <CoreInst = "m_axi">   --->   Core 119 'm_axi' <Latency = 3> <II = 1> <Delay = 1.00> <Adapter> <Opcode : 'readrequnaligned' 'writerequnaligned' 'read' 'write' 'readreq' 'writereq' 'writeresp'>
ST_11 : Operation 90 [1/1] (0.42ns)   --->   "%ret_ln0 = ret"   --->   Operation 90 'ret' 'ret_ln0' <Predicate = (icmp_ln911)> <Delay = 0.42>

State 12 <SV = 11> <Delay = 7.30>
ST_12 : Operation 85 [1/1] (0.00ns)   --->   "%g0_addr = getelementptr i32 %g0, i64 %sext_ln911_cast" [spikingformer_official.cpp:911]   --->   Operation 85 'getelementptr' 'g0_addr' <Predicate = true> <Delay = 0.00>
ST_12 : Operation 86 [1/1] (0.00ns)   --->   "%specloopname_ln0 = specloopname void @_ssdm_op_SpecLoopName, void @VITIS_LOOP_911_1_VITIS_LOOP_912_2_VITIS_LOOP_913_3_str"   --->   Operation 86 'specloopname' 'specloopname_ln0' <Predicate = true> <Delay = 0.00>
ST_12 : Operation 87 [1/1] (0.00ns)   --->   "%speclooptripcount_ln0 = speclooptripcount void @_ssdm_op_SpecLoopTripCount, i64 24576, i64 24576, i64 24576"   --->   Operation 87 'speclooptripcount' 'speclooptripcount_ln0' <Predicate = true> <Delay = 0.00>
ST_12 : Operation 88 [1/1] (0.00ns)   --->   "%specpipeline_ln914 = specpipeline void @_ssdm_op_SpecPipeline, i32 1, i32 0, i32 0, i32 0, i32 4294967295, void @empty_35" [spikingformer_official.cpp:914]   --->   Operation 88 'specpipeline' 'specpipeline_ln914' <Predicate = (!icmp_ln911)> <Delay = 0.00>
ST_12 : Operation 89 [1/1] ( I:7.30ns O:7.30ns )   --->   "%write_ln918 = write void @_ssdm_op_Write.m_axi.p1i32.i32, i32 %g0_addr, i32 %v375, i4 15" [spikingformer_official.cpp:918]   --->   Operation 89 'write' 'write_ln918' <Predicate = (!icmp_ln911)> <Delay = 7.30> <CoreInst = "m_axi">   --->   Core 119 'm_axi' <Latency = 5> <II = 1> <Delay = 1.00> <Adapter> <Opcode : 'readrequnaligned' 'writerequnaligned' 'read' 'write' 'readreq' 'writereq' 'writeresp'>


============================================================
+ Verbose Summary: Binding
============================================================
STG Binding: 
---------------- STG Properties BEGIN ----------------
- Is combinational: 0
- Is one-state seq: 0
- Is datapath-only: 0
- Is pipelined: 0
- Is top level: 0
Port [ Return ] is wired: 1; IO mode=ap_ctrl_hs:ce=0
Port [ g0]:  wired=1; compound=1; hidden=0; nouse=0; global=0; static=0; extern=0; dir=2; type=4; pingpong=0; private_global=0; IO mode=m_axi:ce=0
Port [ sext_ln915]:  wired=1; compound=0; hidden=0; nouse=0; global=0; static=0; extern=0; dir=0; type=0; pingpong=0; private_global=0; IO mode=ap_none:ce=0
Port [ sext_ln911]:  wired=1; compound=0; hidden=0; nouse=0; global=0; static=0; extern=0; dir=0; type=0; pingpong=0; private_global=0; IO mode=ap_none:ce=0
Port [ v370]:  wired=1; compound=0; hidden=0; nouse=0; global=0; static=0; extern=0; dir=0; type=0; pingpong=0; private_global=0; IO mode=ap_none:ce=0
---------------- STG Properties END ------------------

---------------- Datapath Model BEGIN ----------------

<LifeTime>
<method=bitvector/>
v374                  (alloca           ) [ 0110000000000]
v373                  (alloca           ) [ 0110000000000]
indvar_flatten        (alloca           ) [ 0110000000000]
v372                  (alloca           ) [ 0110000000000]
indvar_flatten13      (alloca           ) [ 0110000000000]
v370_read             (read             ) [ 0110000000000]
sext_ln911_read       (read             ) [ 0000000000000]
sext_ln9153           (read             ) [ 0000000000000]
sext_ln911_cast       (sext             ) [ 0111111111111]
specstablecontent_ln0 (specstablecontent) [ 0000000000000]
specinterface_ln0     (specinterface    ) [ 0000000000000]
store_ln0             (store            ) [ 0000000000000]
store_ln911           (store            ) [ 0000000000000]
store_ln0             (store            ) [ 0000000000000]
store_ln912           (store            ) [ 0000000000000]
store_ln913           (store            ) [ 0000000000000]
br_ln0                (br               ) [ 0110000000000]
first_iter_0          (phi              ) [ 0110000000000]
v374_1                (load             ) [ 0000000000000]
indvar_flatten_load   (load             ) [ 0000000000000]
indvar_flatten13_load (load             ) [ 0000000000000]
icmp_ln911            (icmp             ) [ 0111111111111]
add_ln911_1           (add              ) [ 0000000000000]
br_ln911              (br               ) [ 0000000000000]
v373_load             (load             ) [ 0000000000000]
v372_load             (load             ) [ 0000000000000]
add_ln911             (add              ) [ 0000000000000]
icmp_ln912            (icmp             ) [ 0000000000000]
select_ln911          (select           ) [ 0000000000000]
or_ln911              (or               ) [ 0000000000000]
xor_ln911             (xor              ) [ 0000000000000]
icmp_ln913            (icmp             ) [ 0000000000000]
and_ln911             (and              ) [ 0000000000000]
select_ln911_1        (select           ) [ 0000000000000]
add_ln912             (add              ) [ 0000000000000]
first_iter_0_mid2     (or               ) [ 0101111111100]
select_ln912          (select           ) [ 0000000000000]
shl_ln                (bitconcatenate   ) [ 0000000000000]
zext_ln912            (zext             ) [ 0000000000000]
p_shl                 (bitconcatenate   ) [ 0000000000000]
tmp                   (bitconcatenate   ) [ 0000000000000]
zext_ln913_1          (zext             ) [ 0000000000000]
sub_ln913             (sub              ) [ 0000000000000]
zext_ln913            (zext             ) [ 0000000000000]
add_ln913             (add              ) [ 0000000000000]
add_ln913_1           (add              ) [ 0000000000000]
trunc_ln              (partselect       ) [ 0000000000000]
sext_ln913            (sext             ) [ 0000000000000]
g0_addr_13            (getelementptr    ) [ 0101111111110]
br_ln913              (br               ) [ 0000000000000]
add_ln913_2           (add              ) [ 0000000000000]
or_ln913              (or               ) [ 0000000000000]
select_ln913          (select           ) [ 0000000000000]
add_ln912_1           (add              ) [ 0000000000000]
select_ln912_1        (select           ) [ 0000000000000]
store_ln911           (store            ) [ 0000000000000]
store_ln911           (store            ) [ 0000000000000]
store_ln912           (store            ) [ 0000000000000]
store_ln912           (store            ) [ 0000000000000]
store_ln913           (store            ) [ 0000000000000]
br_ln913              (br               ) [ 0110000000000]
empty                 (readreq          ) [ 0000000000000]
br_ln913              (br               ) [ 0000000000000]
v375                  (read             ) [ 0100000000001]
g0_addr               (getelementptr    ) [ 0000000000000]
specloopname_ln0      (specloopname     ) [ 0000000000000]
speclooptripcount_ln0 (speclooptripcount) [ 0000000000000]
specpipeline_ln914    (specpipeline     ) [ 0000000000000]
write_ln918           (write            ) [ 0000000000000]
ret_ln0               (ret              ) [ 0000000000000]
</LifeTime>

<model>

<comp_list>
<comp id="0" class="1000" name="g0">
<pin_list>
<pin id="1" dir="1" index="0" bw="1" slack="0"/>
</pin_list>
<bind>
<StgValue><ssdm name="g0"/><MemPortTyVec>2 </MemPortTyVec>
</StgValue>
</bind>
</comp>

<comp id="2" class="1000" name="sext_ln915">
<pin_list>
<pin id="3" dir="1" index="0" bw="1" slack="0"/>
</pin_list>
<bind>
<StgValue><ssdm name="sext_ln915"/></StgValue>
</bind>
</comp>

<comp id="4" class="1000" name="sext_ln911">
<pin_list>
<pin id="5" dir="1" index="0" bw="1" slack="0"/>
</pin_list>
<bind>
<StgValue><ssdm name="sext_ln911"/></StgValue>
</bind>
</comp>

<comp id="6" class="1000" name="v370">
<pin_list>
<pin id="7" dir="1" index="0" bw="1" slack="0"/>
</pin_list>
<bind>
<StgValue><ssdm name="v370"/></StgValue>
</bind>
</comp>

<comp id="8" class="1001" name="const_8">
<pin_list>
<pin id="9" dir="1" index="0" bw="1" slack="0"/>
</pin_list>
<bind>
<StgValue><ssdm name=""/></StgValue>
</bind>
</comp>

<comp id="10" class="1001" name="const_10">
<pin_list>
<pin id="11" dir="1" index="0" bw="1" slack="0"/>
</pin_list>
<bind>
<StgValue><ssdm name="_ssdm_op_Read.ap_auto.i64"/></StgValue>
</bind>
</comp>

<comp id="12" class="1001" name="const_12">
<pin_list>
<pin id="13" dir="1" index="0" bw="1" slack="0"/>
</pin_list>
<bind>
<StgValue><ssdm name="_ssdm_op_Read.ap_auto.i62"/></StgValue>
</bind>
</comp>

<comp id="14" class="1001" name="const_14">
<pin_list>
<pin id="15" dir="1" index="0" bw="1" slack="2147483647"/>
</pin_list>
<bind>
<StgValue><ssdm name="_ssdm_op_SpecStableContent"/></StgValue>
</bind>
</comp>

<comp id="16" class="1001" name="const_16">
<pin_list>
<pin id="17" dir="1" index="0" bw="1" slack="0"/>
</pin_list>
<bind>
<StgValue><ssdm name=""/></StgValue>
</bind>
</comp>

<comp id="18" class="1001" name="const_18">
<pin_list>
<pin id="19" dir="1" index="0" bw="1" slack="2147483647"/>
</pin_list>
<bind>
<StgValue><ssdm name=""/></StgValue>
</bind>
</comp>

<comp id="20" class="1001" name="const_20">
<pin_list>
<pin id="21" dir="1" index="0" bw="1" slack="2147483647"/>
</pin_list>
<bind>
<StgValue><ssdm name="_ssdm_op_SpecInterface"/></StgValue>
</bind>
</comp>

<comp id="22" class="1001" name="const_22">
<pin_list>
<pin id="23" dir="1" index="0" bw="1" slack="2147483647"/>
</pin_list>
<bind>
<StgValue><ssdm name="empty_26"/></StgValue>
</bind>
</comp>

<comp id="24" class="1001" name="const_24">
<pin_list>
<pin id="25" dir="1" index="0" bw="1" slack="2147483647"/>
</pin_list>
<bind>
<StgValue><ssdm name=""/></StgValue>
</bind>
</comp>

<comp id="26" class="1001" name="const_26">
<pin_list>
<pin id="27" dir="1" index="0" bw="1" slack="2147483647"/>
</pin_list>
<bind>
<StgValue><ssdm name="empty_35"/></StgValue>
</bind>
</comp>

<comp id="28" class="1001" name="const_28">
<pin_list>
<pin id="29" dir="1" index="0" bw="1" slack="2147483647"/>
</pin_list>
<bind>
<StgValue><ssdm name="empty_22"/></StgValue>
</bind>
</comp>

<comp id="30" class="1001" name="const_30">
<pin_list>
<pin id="31" dir="1" index="0" bw="1" slack="2147483647"/>
</pin_list>
<bind>
<StgValue><ssdm name="empty_25"/></StgValue>
</bind>
</comp>

<comp id="32" class="1001" name="const_32">
<pin_list>
<pin id="33" dir="1" index="0" bw="1" slack="2147483647"/>
</pin_list>
<bind>
<StgValue><ssdm name=""/></StgValue>
</bind>
</comp>

<comp id="34" class="1001" name="const_34">
<pin_list>
<pin id="35" dir="1" index="0" bw="1" slack="2147483647"/>
</pin_list>
<bind>
<StgValue><ssdm name=""/></StgValue>
</bind>
</comp>

<comp id="36" class="1001" name="const_36">
<pin_list>
<pin id="37" dir="1" index="0" bw="1" slack="2147483647"/>
</pin_list>
<bind>
<StgValue><ssdm name=""/></StgValue>
</bind>
</comp>

<comp id="38" class="1001" name="const_38">
<pin_list>
<pin id="39" dir="1" index="0" bw="1" slack="0"/>
</pin_list>
<bind>
<StgValue><ssdm name=""/></StgValue>
</bind>
</comp>

<comp id="40" class="1001" name="const_40">
<pin_list>
<pin id="41" dir="1" index="0" bw="1" slack="0"/>
</pin_list>
<bind>
<StgValue><ssdm name=""/></StgValue>
</bind>
</comp>

<comp id="42" class="1001" name="const_42">
<pin_list>
<pin id="43" dir="1" index="0" bw="1" slack="0"/>
</pin_list>
<bind>
<StgValue><ssdm name=""/></StgValue>
</bind>
</comp>

<comp id="44" class="1001" name="const_44">
<pin_list>
<pin id="45" dir="1" index="0" bw="1" slack="0"/>
</pin_list>
<bind>
<StgValue><ssdm name=""/></StgValue>
</bind>
</comp>

<comp id="46" class="1001" name="const_46">
<pin_list>
<pin id="47" dir="1" index="0" bw="1" slack="0"/>
</pin_list>
<bind>
<StgValue><ssdm name=""/></StgValue>
</bind>
</comp>

<comp id="48" class="1001" name="const_48">
<pin_list>
<pin id="49" dir="1" index="0" bw="1" slack="0"/>
</pin_list>
<bind>
<StgValue><ssdm name=""/></StgValue>
</bind>
</comp>

<comp id="50" class="1001" name="const_50">
<pin_list>
<pin id="51" dir="1" index="0" bw="1" slack="0"/>
</pin_list>
<bind>
<StgValue><ssdm name=""/></StgValue>
</bind>
</comp>

<comp id="52" class="1001" name="const_52">
<pin_list>
<pin id="53" dir="1" index="0" bw="1" slack="0"/>
</pin_list>
<bind>
<StgValue><ssdm name=""/></StgValue>
</bind>
</comp>

<comp id="54" class="1001" name="const_54">
<pin_list>
<pin id="55" dir="1" index="0" bw="1" slack="0"/>
</pin_list>
<bind>
<StgValue><ssdm name=""/></StgValue>
</bind>
</comp>

<comp id="56" class="1001" name="const_56">
<pin_list>
<pin id="57" dir="1" index="0" bw="1" slack="0"/>
</pin_list>
<bind>
<StgValue><ssdm name=""/></StgValue>
</bind>
</comp>

<comp id="58" class="1001" name="const_58">
<pin_list>
<pin id="59" dir="1" index="0" bw="1" slack="0"/>
</pin_list>
<bind>
<StgValue><ssdm name=""/></StgValue>
</bind>
</comp>

<comp id="60" class="1001" name="const_60">
<pin_list>
<pin id="61" dir="1" index="0" bw="1" slack="0"/>
</pin_list>
<bind>
<StgValue><ssdm name=""/></StgValue>
</bind>
</comp>

<comp id="62" class="1001" name="const_62">
<pin_list>
<pin id="63" dir="1" index="0" bw="1" slack="0"/>
</pin_list>
<bind>
<StgValue><ssdm name="_ssdm_op_BitConcatenate.i11.i4.i7"/></StgValue>
</bind>
</comp>

<comp id="64" class="1001" name="const_64">
<pin_list>
<pin id="65" dir="1" index="0" bw="1" slack="0"/>
</pin_list>
<bind>
<StgValue><ssdm name="_ssdm_op_BitConcatenate.i18.i7.i11"/></StgValue>
</bind>
</comp>

<comp id="66" class="1001" name="const_66">
<pin_list>
<pin id="67" dir="1" index="0" bw="1" slack="0"/>
</pin_list>
<bind>
<StgValue><ssdm name=""/></StgValue>
</bind>
</comp>

<comp id="68" class="1001" name="const_68">
<pin_list>
<pin id="69" dir="1" index="0" bw="1" slack="0"/>
</pin_list>
<bind>
<StgValue><ssdm name="_ssdm_op_BitConcatenate.i16.i7.i9"/></StgValue>
</bind>
</comp>

<comp id="70" class="1001" name="const_70">
<pin_list>
<pin id="71" dir="1" index="0" bw="1" slack="0"/>
</pin_list>
<bind>
<StgValue><ssdm name=""/></StgValue>
</bind>
</comp>

<comp id="72" class="1001" name="const_72">
<pin_list>
<pin id="73" dir="1" index="0" bw="1" slack="0"/>
</pin_list>
<bind>
<StgValue><ssdm name="_ssdm_op_PartSelect.i62.i64.i32.i32"/></StgValue>
</bind>
</comp>

<comp id="74" class="1001" name="const_74">
<pin_list>
<pin id="75" dir="1" index="0" bw="1" slack="0"/>
</pin_list>
<bind>
<StgValue><ssdm name=""/></StgValue>
</bind>
</comp>

<comp id="76" class="1001" name="const_76">
<pin_list>
<pin id="77" dir="1" index="0" bw="1" slack="0"/>
</pin_list>
<bind>
<StgValue><ssdm name=""/></StgValue>
</bind>
</comp>

<comp id="78" class="1001" name="const_78">
<pin_list>
<pin id="79" dir="1" index="0" bw="1" slack="0"/>
</pin_list>
<bind>
<StgValue><ssdm name=""/></StgValue>
</bind>
</comp>

<comp id="80" class="1001" name="const_80">
<pin_list>
<pin id="81" dir="1" index="0" bw="1" slack="0"/>
</pin_list>
<bind>
<StgValue><ssdm name=""/></StgValue>
</bind>
</comp>

<comp id="82" class="1001" name="const_82">
<pin_list>
<pin id="83" dir="1" index="0" bw="1" slack="0"/>
</pin_list>
<bind>
<StgValue><ssdm name="_ssdm_op_ReadReq.m_axi.p1i32"/></StgValue>
</bind>
</comp>

<comp id="84" class="1001" name="const_84">
<pin_list>
<pin id="85" dir="1" index="0" bw="1" slack="0"/>
</pin_list>
<bind>
<StgValue><ssdm name=""/></StgValue>
</bind>
</comp>

<comp id="86" class="1001" name="const_86">
<pin_list>
<pin id="87" dir="1" index="0" bw="1" slack="0"/>
</pin_list>
<bind>
<StgValue><ssdm name="_ssdm_op_Read.m_axi.i32.p1i32"/></StgValue>
</bind>
</comp>

<comp id="88" class="1001" name="const_88">
<pin_list>
<pin id="89" dir="1" index="0" bw="1" slack="2147483647"/>
</pin_list>
<bind>
<StgValue><ssdm name="_ssdm_op_SpecLoopName"/></StgValue>
</bind>
</comp>

<comp id="90" class="1001" name="const_90">
<pin_list>
<pin id="91" dir="1" index="0" bw="1" slack="2147483647"/>
</pin_list>
<bind>
<StgValue><ssdm name="VITIS_LOOP_911_1_VITIS_LOOP_912_2_VITIS_LOOP_913_3_str"/></StgValue>
</bind>
</comp>

<comp id="92" class="1001" name="const_92">
<pin_list>
<pin id="93" dir="1" index="0" bw="1" slack="2147483647"/>
</pin_list>
<bind>
<StgValue><ssdm name="_ssdm_op_SpecLoopTripCount"/></StgValue>
</bind>
</comp>

<comp id="94" class="1001" name="const_94">
<pin_list>
<pin id="95" dir="1" index="0" bw="1" slack="2147483647"/>
</pin_list>
<bind>
<StgValue><ssdm name=""/></StgValue>
</bind>
</comp>

<comp id="96" class="1001" name="const_96">
<pin_list>
<pin id="97" dir="1" index="0" bw="1" slack="2147483647"/>
</pin_list>
<bind>
<StgValue><ssdm name="_ssdm_op_SpecPipeline"/></StgValue>
</bind>
</comp>

<comp id="98" class="1001" name="const_98">
<pin_list>
<pin id="99" dir="1" index="0" bw="1" slack="0"/>
</pin_list>
<bind>
<StgValue><ssdm name="_ssdm_op_Write.m_axi.p1i32.i32"/></StgValue>
</bind>
</comp>

<comp id="100" class="1001" name="const_100">
<pin_list>
<pin id="101" dir="1" index="0" bw="1" slack="0"/>
</pin_list>
<bind>
<StgValue><ssdm name=""/></StgValue>
</bind>
</comp>

<comp id="102" class="1004" name="v374_fu_102">
<pin_list>
<pin id="103" dir="0" index="0" bw="1" slack="0"/>
<pin id="104" dir="1" index="1" bw="6" slack="0"/>
</pin_list>
<bind>
<opcode="alloca(26) " fcode="alloca"/>
<opset="v374/1 "/>
</bind>
</comp>

<comp id="106" class="1004" name="v373_fu_106">
<pin_list>
<pin id="107" dir="0" index="0" bw="1" slack="0"/>
<pin id="108" dir="1" index="1" bw="7" slack="0"/>
</pin_list>
<bind>
<opcode="alloca(26) " fcode="alloca"/>
<opset="v373/1 "/>
</bind>
</comp>

<comp id="110" class="1004" name="indvar_flatten_fu_110">
<pin_list>
<pin id="111" dir="0" index="0" bw="1" slack="0"/>
<pin id="112" dir="1" index="1" bw="13" slack="0"/>
</pin_list>
<bind>
<opcode="alloca(26) " fcode="alloca"/>
<opset="indvar_flatten/1 "/>
</bind>
</comp>

<comp id="114" class="1004" name="v372_fu_114">
<pin_list>
<pin id="115" dir="0" index="0" bw="1" slack="0"/>
<pin id="116" dir="1" index="1" bw="4" slack="0"/>
</pin_list>
<bind>
<opcode="alloca(26) " fcode="alloca"/>
<opset="v372/1 "/>
</bind>
</comp>

<comp id="118" class="1004" name="indvar_flatten13_fu_118">
<pin_list>
<pin id="119" dir="0" index="0" bw="1" slack="0"/>
<pin id="120" dir="1" index="1" bw="15" slack="0"/>
</pin_list>
<bind>
<opcode="alloca(26) " fcode="alloca"/>
<opset="indvar_flatten13/1 "/>
</bind>
</comp>

<comp id="122" class="1004" name="v370_read_read_fu_122">
<pin_list>
<pin id="123" dir="0" index="0" bw="64" slack="0"/>
<pin id="124" dir="0" index="1" bw="64" slack="0"/>
<pin id="125" dir="1" index="2" bw="64" slack="1"/>
</pin_list>
<bind>
<opcode="read(1150) " fcode="read"/>
<opset="v370_read/1 "/>
</bind>
</comp>

<comp id="128" class="1004" name="sext_ln911_read_read_fu_128">
<pin_list>
<pin id="129" dir="0" index="0" bw="62" slack="0"/>
<pin id="130" dir="0" index="1" bw="62" slack="0"/>
<pin id="131" dir="1" index="2" bw="62" slack="0"/>
</pin_list>
<bind>
<opcode="read(1150) " fcode="read"/>
<opset="sext_ln911_read/1 "/>
</bind>
</comp>

<comp id="134" class="1004" name="sext_ln9153_read_fu_134">
<pin_list>
<pin id="135" dir="0" index="0" bw="62" slack="0"/>
<pin id="136" dir="0" index="1" bw="62" slack="0"/>
<pin id="137" dir="1" index="2" bw="62" slack="2147483647"/>
</pin_list>
<bind>
<opcode="read(1150) " fcode="read"/>
<opset="sext_ln9153/1 "/>
</bind>
</comp>

<comp id="140" class="1004" name="grp_readreq_fu_140">
<pin_list>
<pin id="141" dir="0" index="0" bw="1" slack="0"/>
<pin id="142" dir="0" index="1" bw="32" slack="1"/>
<pin id="143" dir="0" index="2" bw="7" slack="0"/>
<pin id="144" dir="1" index="3" bw="1" slack="2147483647"/>
</pin_list>
<bind>
<opcode="readreq(1154) " fcode="readreq"/>
<opset="empty/3 "/>
</bind>
</comp>

<comp id="147" class="1004" name="v375_read_fu_147">
<pin_list>
<pin id="148" dir="0" index="0" bw="32" slack="0"/>
<pin id="149" dir="0" index="1" bw="32" slack="9"/>
<pin id="150" dir="1" index="2" bw="32" slack="1"/>
</pin_list>
<bind>
<opcode="read(1150) " fcode="read"/>
<opset="v375/11 "/>
</bind>
</comp>

<comp id="152" class="1004" name="write_ln918_write_fu_152">
<pin_list>
<pin id="153" dir="0" index="0" bw="0" slack="0"/>
<pin id="154" dir="0" index="1" bw="32" slack="0"/>
<pin id="155" dir="0" index="2" bw="32" slack="1"/>
<pin id="156" dir="0" index="3" bw="1" slack="0"/>
<pin id="157" dir="1" index="4" bw="0" slack="2147483647"/>
</pin_list>
<bind>
<opcode="write(1151) " fcode="write"/>
<opset="write_ln918/12 "/>
</bind>
</comp>

<comp id="160" class="1005" name="first_iter_0_reg_160">
<pin_list>
<pin id="161" dir="0" index="0" bw="1" slack="1"/>
<pin id="162" dir="1" index="1" bw="1" slack="1"/>
</pin_list>
<bind>
<opset="first_iter_0 (phireg) "/>
</bind>
</comp>

<comp id="164" class="1004" name="first_iter_0_phi_fu_164">
<pin_list>
<pin id="165" dir="0" index="0" bw="1" slack="1"/>
<pin id="166" dir="0" index="1" bw="0" slack="2147483647"/>
<pin id="167" dir="0" index="2" bw="1" slack="0"/>
<pin id="168" dir="0" index="3" bw="0" slack="2147483647"/>
<pin id="169" dir="1" index="4" bw="1" slack="0"/>
</pin_list>
<bind>
<opcode="phi(47) " fcode="phi"/>
<opset="first_iter_0/2 "/>
</bind>
</comp>

<comp id="172" class="1004" name="sext_ln911_cast_fu_172">
<pin_list>
<pin id="173" dir="0" index="0" bw="62" slack="0"/>
<pin id="174" dir="1" index="1" bw="64" slack="11"/>
</pin_list>
<bind>
<opcode="sext(35) " fcode="sext"/>
<opset="sext_ln911_cast/1 "/>
</bind>
</comp>

<comp id="176" class="1004" name="store_ln0_store_fu_176">
<pin_list>
<pin id="177" dir="0" index="0" bw="1" slack="0"/>
<pin id="178" dir="0" index="1" bw="15" slack="0"/>
<pin id="179" dir="1" index="2" bw="0" slack="2147483647"/>
</pin_list>
<bind>
<opcode="store(28) " fcode="store"/>
<opset="store_ln0/1 "/>
</bind>
</comp>

<comp id="181" class="1004" name="store_ln911_store_fu_181">
<pin_list>
<pin id="182" dir="0" index="0" bw="1" slack="0"/>
<pin id="183" dir="0" index="1" bw="4" slack="0"/>
<pin id="184" dir="1" index="2" bw="0" slack="2147483647"/>
</pin_list>
<bind>
<opcode="store(28) " fcode="store"/>
<opset="store_ln911/1 "/>
</bind>
</comp>

<comp id="186" class="1004" name="store_ln0_store_fu_186">
<pin_list>
<pin id="187" dir="0" index="0" bw="1" slack="0"/>
<pin id="188" dir="0" index="1" bw="13" slack="0"/>
<pin id="189" dir="1" index="2" bw="0" slack="2147483647"/>
</pin_list>
<bind>
<opcode="store(28) " fcode="store"/>
<opset="store_ln0/1 "/>
</bind>
</comp>

<comp id="191" class="1004" name="store_ln912_store_fu_191">
<pin_list>
<pin id="192" dir="0" index="0" bw="1" slack="0"/>
<pin id="193" dir="0" index="1" bw="7" slack="0"/>
<pin id="194" dir="1" index="2" bw="0" slack="2147483647"/>
</pin_list>
<bind>
<opcode="store(28) " fcode="store"/>
<opset="store_ln912/1 "/>
</bind>
</comp>

<comp id="196" class="1004" name="store_ln913_store_fu_196">
<pin_list>
<pin id="197" dir="0" index="0" bw="1" slack="0"/>
<pin id="198" dir="0" index="1" bw="6" slack="0"/>
<pin id="199" dir="1" index="2" bw="0" slack="2147483647"/>
</pin_list>
<bind>
<opcode="store(28) " fcode="store"/>
<opset="store_ln913/1 "/>
</bind>
</comp>

<comp id="201" class="1004" name="v374_1_load_fu_201">
<pin_list>
<pin id="202" dir="0" index="0" bw="6" slack="1"/>
<pin id="203" dir="1" index="1" bw="6" slack="0"/>
</pin_list>
<bind>
<opcode="load(27) " fcode="load"/>
<opset="v374_1/2 "/>
</bind>
</comp>

<comp id="204" class="1004" name="indvar_flatten_load_load_fu_204">
<pin_list>
<pin id="205" dir="0" index="0" bw="13" slack="1"/>
<pin id="206" dir="1" index="1" bw="13" slack="0"/>
</pin_list>
<bind>
<opcode="load(27) " fcode="load"/>
<opset="indvar_flatten_load/2 "/>
</bind>
</comp>

<comp id="207" class="1004" name="indvar_flatten13_load_load_fu_207">
<pin_list>
<pin id="208" dir="0" index="0" bw="15" slack="1"/>
<pin id="209" dir="1" index="1" bw="15" slack="0"/>
</pin_list>
<bind>
<opcode="load(27) " fcode="load"/>
<opset="indvar_flatten13_load/2 "/>
</bind>
</comp>

<comp id="210" class="1004" name="icmp_ln911_fu_210">
<pin_list>
<pin id="211" dir="0" index="0" bw="15" slack="0"/>
<pin id="212" dir="0" index="1" bw="14" slack="0"/>
<pin id="213" dir="1" index="2" bw="1" slack="1"/>
</pin_list>
<bind>
<opcode="icmp(45) " fcode="icmp"/>
<opset="icmp_ln911/2 "/>
</bind>
</comp>

<comp id="216" class="1004" name="add_ln911_1_fu_216">
<pin_list>
<pin id="217" dir="0" index="0" bw="15" slack="0"/>
<pin id="218" dir="0" index="1" bw="1" slack="0"/>
<pin id="219" dir="1" index="2" bw="15" slack="0"/>
</pin_list>
<bind>
<opcode="add(8) " fcode="add"/>
<opset="add_ln911_1/2 "/>
</bind>
</comp>

<comp id="222" class="1004" name="v373_load_load_fu_222">
<pin_list>
<pin id="223" dir="0" index="0" bw="7" slack="1"/>
<pin id="224" dir="1" index="1" bw="7" slack="0"/>
</pin_list>
<bind>
<opcode="load(27) " fcode="load"/>
<opset="v373_load/2 "/>
</bind>
</comp>

<comp id="225" class="1004" name="v372_load_load_fu_225">
<pin_list>
<pin id="226" dir="0" index="0" bw="4" slack="1"/>
<pin id="227" dir="1" index="1" bw="4" slack="0"/>
</pin_list>
<bind>
<opcode="load(27) " fcode="load"/>
<opset="v372_load/2 "/>
</bind>
</comp>

<comp id="228" class="1004" name="add_ln911_fu_228">
<pin_list>
<pin id="229" dir="0" index="0" bw="4" slack="0"/>
<pin id="230" dir="0" index="1" bw="1" slack="0"/>
<pin id="231" dir="1" index="2" bw="4" slack="0"/>
</pin_list>
<bind>
<opcode="add(8) " fcode="add"/>
<opset="add_ln911/2 "/>
</bind>
</comp>

<comp id="234" class="1004" name="icmp_ln912_fu_234">
<pin_list>
<pin id="235" dir="0" index="0" bw="13" slack="0"/>
<pin id="236" dir="0" index="1" bw="13" slack="0"/>
<pin id="237" dir="1" index="2" bw="1" slack="0"/>
</pin_list>
<bind>
<opcode="icmp(45) " fcode="icmp"/>
<opset="icmp_ln912/2 "/>
</bind>
</comp>

<comp id="240" class="1004" name="select_ln911_fu_240">
<pin_list>
<pin id="241" dir="0" index="0" bw="1" slack="0"/>
<pin id="242" dir="0" index="1" bw="1" slack="0"/>
<pin id="243" dir="0" index="2" bw="7" slack="0"/>
<pin id="244" dir="1" index="3" bw="7" slack="0"/>
</pin_list>
<bind>
<opcode="select(49) " fcode="select"/>
<opset="select_ln911/2 "/>
</bind>
</comp>

<comp id="248" class="1004" name="or_ln911_fu_248">
<pin_list>
<pin id="249" dir="0" index="0" bw="1" slack="0"/>
<pin id="250" dir="0" index="1" bw="1" slack="0"/>
<pin id="251" dir="1" index="2" bw="1" slack="0"/>
</pin_list>
<bind>
<opcode="or(24) " fcode="or"/>
<opset="or_ln911/2 "/>
</bind>
</comp>

<comp id="254" class="1004" name="xor_ln911_fu_254">
<pin_list>
<pin id="255" dir="0" index="0" bw="1" slack="0"/>
<pin id="256" dir="0" index="1" bw="1" slack="0"/>
<pin id="257" dir="1" index="2" bw="1" slack="0"/>
</pin_list>
<bind>
<opcode="xor(25) " fcode="xor"/>
<opset="xor_ln911/2 "/>
</bind>
</comp>

<comp id="260" class="1004" name="icmp_ln913_fu_260">
<pin_list>
<pin id="261" dir="0" index="0" bw="6" slack="0"/>
<pin id="262" dir="0" index="1" bw="6" slack="0"/>
<pin id="263" dir="1" index="2" bw="1" slack="0"/>
</pin_list>
<bind>
<opcode="icmp(45) " fcode="icmp"/>
<opset="icmp_ln913/2 "/>
</bind>
</comp>

<comp id="266" class="1004" name="and_ln911_fu_266">
<pin_list>
<pin id="267" dir="0" index="0" bw="1" slack="0"/>
<pin id="268" dir="0" index="1" bw="1" slack="0"/>
<pin id="269" dir="1" index="2" bw="1" slack="0"/>
</pin_list>
<bind>
<opcode="and(23) " fcode="and"/>
<opset="and_ln911/2 "/>
</bind>
</comp>

<comp id="272" class="1004" name="select_ln911_1_fu_272">
<pin_list>
<pin id="273" dir="0" index="0" bw="1" slack="0"/>
<pin id="274" dir="0" index="1" bw="4" slack="0"/>
<pin id="275" dir="0" index="2" bw="4" slack="0"/>
<pin id="276" dir="1" index="3" bw="4" slack="0"/>
</pin_list>
<bind>
<opcode="select(49) " fcode="select"/>
<opset="select_ln911_1/2 "/>
</bind>
</comp>

<comp id="280" class="1004" name="add_ln912_fu_280">
<pin_list>
<pin id="281" dir="0" index="0" bw="7" slack="0"/>
<pin id="282" dir="0" index="1" bw="1" slack="0"/>
<pin id="283" dir="1" index="2" bw="7" slack="0"/>
</pin_list>
<bind>
<opcode="add(8) " fcode="add"/>
<opset="add_ln912/2 "/>
</bind>
</comp>

<comp id="286" class="1004" name="first_iter_0_mid2_fu_286">
<pin_list>
<pin id="287" dir="0" index="0" bw="1" slack="0"/>
<pin id="288" dir="0" index="1" bw="1" slack="0"/>
<pin id="289" dir="1" index="2" bw="1" slack="1"/>
</pin_list>
<bind>
<opcode="or(24) " fcode="or"/>
<opset="first_iter_0_mid2/2 "/>
</bind>
</comp>

<comp id="292" class="1004" name="select_ln912_fu_292">
<pin_list>
<pin id="293" dir="0" index="0" bw="1" slack="0"/>
<pin id="294" dir="0" index="1" bw="7" slack="0"/>
<pin id="295" dir="0" index="2" bw="7" slack="0"/>
<pin id="296" dir="1" index="3" bw="7" slack="0"/>
</pin_list>
<bind>
<opcode="select(49) " fcode="select"/>
<opset="select_ln912/2 "/>
</bind>
</comp>

<comp id="300" class="1004" name="shl_ln_fu_300">
<pin_list>
<pin id="301" dir="0" index="0" bw="11" slack="0"/>
<pin id="302" dir="0" index="1" bw="4" slack="0"/>
<pin id="303" dir="0" index="2" bw="1" slack="0"/>
<pin id="304" dir="1" index="3" bw="11" slack="0"/>
</pin_list>
<bind>
<opcode="bitconcatenate(1004) " fcode="bitconcatenate"/>
<opset="shl_ln/2 "/>
</bind>
</comp>

<comp id="308" class="1004" name="zext_ln912_fu_308">
<pin_list>
<pin id="309" dir="0" index="0" bw="11" slack="0"/>
<pin id="310" dir="1" index="1" bw="64" slack="0"/>
</pin_list>
<bind>
<opcode="zext(34) " fcode="zext"/>
<opset="zext_ln912/2 "/>
</bind>
</comp>

<comp id="312" class="1004" name="p_shl_fu_312">
<pin_list>
<pin id="313" dir="0" index="0" bw="18" slack="0"/>
<pin id="314" dir="0" index="1" bw="7" slack="0"/>
<pin id="315" dir="0" index="2" bw="1" slack="0"/>
<pin id="316" dir="1" index="3" bw="18" slack="0"/>
</pin_list>
<bind>
<opcode="bitconcatenate(1004) " fcode="bitconcatenate"/>
<opset="p_shl/2 "/>
</bind>
</comp>

<comp id="320" class="1004" name="tmp_fu_320">
<pin_list>
<pin id="321" dir="0" index="0" bw="16" slack="0"/>
<pin id="322" dir="0" index="1" bw="7" slack="0"/>
<pin id="323" dir="0" index="2" bw="1" slack="0"/>
<pin id="324" dir="1" index="3" bw="16" slack="0"/>
</pin_list>
<bind>
<opcode="bitconcatenate(1004) " fcode="bitconcatenate"/>
<opset="tmp/2 "/>
</bind>
</comp>

<comp id="328" class="1004" name="zext_ln913_1_fu_328">
<pin_list>
<pin id="329" dir="0" index="0" bw="16" slack="0"/>
<pin id="330" dir="1" index="1" bw="18" slack="0"/>
</pin_list>
<bind>
<opcode="zext(34) " fcode="zext"/>
<opset="zext_ln913_1/2 "/>
</bind>
</comp>

<comp id="332" class="1004" name="sub_ln913_fu_332">
<pin_list>
<pin id="333" dir="0" index="0" bw="18" slack="0"/>
<pin id="334" dir="0" index="1" bw="16" slack="0"/>
<pin id="335" dir="1" index="2" bw="18" slack="0"/>
</pin_list>
<bind>
<opcode="sub(10) " fcode="sub"/>
<opset="sub_ln913/2 "/>
</bind>
</comp>

<comp id="338" class="1004" name="zext_ln913_fu_338">
<pin_list>
<pin id="339" dir="0" index="0" bw="18" slack="0"/>
<pin id="340" dir="1" index="1" bw="64" slack="0"/>
</pin_list>
<bind>
<opcode="zext(34) " fcode="zext"/>
<opset="zext_ln913/2 "/>
</bind>
</comp>

<comp id="342" class="1004" name="add_ln913_fu_342">
<pin_list>
<pin id="343" dir="0" index="0" bw="18" slack="0"/>
<pin id="344" dir="0" index="1" bw="64" slack="1"/>
<pin id="345" dir="1" index="2" bw="64" slack="0"/>
</pin_list>
<bind>
<opcode="add(8) " fcode="add"/>
<opset="add_ln913/2 "/>
</bind>
</comp>

<comp id="347" class="1004" name="add_ln913_1_fu_347">
<pin_list>
<pin id="348" dir="0" index="0" bw="64" slack="0"/>
<pin id="349" dir="0" index="1" bw="11" slack="0"/>
<pin id="350" dir="1" index="2" bw="64" slack="0"/>
</pin_list>
<bind>
<opcode="add(8) " fcode="add"/>
<opset="add_ln913_1/2 "/>
</bind>
</comp>

<comp id="353" class="1004" name="trunc_ln_fu_353">
<pin_list>
<pin id="354" dir="0" index="0" bw="62" slack="0"/>
<pin id="355" dir="0" index="1" bw="64" slack="0"/>
<pin id="356" dir="0" index="2" bw="3" slack="0"/>
<pin id="357" dir="0" index="3" bw="7" slack="0"/>
<pin id="358" dir="1" index="4" bw="62" slack="0"/>
</pin_list>
<bind>
<opcode="partselect(1002) " fcode="partselect"/>
<opset="trunc_ln/2 "/>
</bind>
</comp>

<comp id="363" class="1004" name="sext_ln913_fu_363">
<pin_list>
<pin id="364" dir="0" index="0" bw="62" slack="0"/>
<pin id="365" dir="1" index="1" bw="64" slack="0"/>
</pin_list>
<bind>
<opcode="sext(35) " fcode="sext"/>
<opset="sext_ln913/2 "/>
</bind>
</comp>

<comp id="367" class="1004" name="g0_addr_13_fu_367">
<pin_list>
<pin id="368" dir="0" index="0" bw="32" slack="0"/>
<pin id="369" dir="0" index="1" bw="62" slack="0"/>
<pin id="370" dir="1" index="2" bw="32" slack="1"/>
</pin_list>
<bind>
<opcode="getelementptr(29) " fcode="getelementptr"/>
<opset="g0_addr_13/2 "/>
</bind>
</comp>

<comp id="373" class="1004" name="add_ln913_2_fu_373">
<pin_list>
<pin id="374" dir="0" index="0" bw="6" slack="0"/>
<pin id="375" dir="0" index="1" bw="1" slack="0"/>
<pin id="376" dir="1" index="2" bw="6" slack="0"/>
</pin_list>
<bind>
<opcode="add(8) " fcode="add"/>
<opset="add_ln913_2/2 "/>
</bind>
</comp>

<comp id="379" class="1004" name="or_ln913_fu_379">
<pin_list>
<pin id="380" dir="0" index="0" bw="1" slack="0"/>
<pin id="381" dir="0" index="1" bw="1" slack="0"/>
<pin id="382" dir="1" index="2" bw="1" slack="0"/>
</pin_list>
<bind>
<opcode="or(24) " fcode="or"/>
<opset="or_ln913/2 "/>
</bind>
</comp>

<comp id="385" class="1004" name="select_ln913_fu_385">
<pin_list>
<pin id="386" dir="0" index="0" bw="1" slack="0"/>
<pin id="387" dir="0" index="1" bw="1" slack="0"/>
<pin id="388" dir="0" index="2" bw="6" slack="0"/>
<pin id="389" dir="1" index="3" bw="6" slack="0"/>
</pin_list>
<bind>
<opcode="select(49) " fcode="select"/>
<opset="select_ln913/2 "/>
</bind>
</comp>

<comp id="393" class="1004" name="add_ln912_1_fu_393">
<pin_list>
<pin id="394" dir="0" index="0" bw="13" slack="0"/>
<pin id="395" dir="0" index="1" bw="1" slack="0"/>
<pin id="396" dir="1" index="2" bw="13" slack="0"/>
</pin_list>
<bind>
<opcode="add(8) " fcode="add"/>
<opset="add_ln912_1/2 "/>
</bind>
</comp>

<comp id="399" class="1004" name="select_ln912_1_fu_399">
<pin_list>
<pin id="400" dir="0" index="0" bw="1" slack="0"/>
<pin id="401" dir="0" index="1" bw="1" slack="0"/>
<pin id="402" dir="0" index="2" bw="13" slack="0"/>
<pin id="403" dir="1" index="3" bw="13" slack="0"/>
</pin_list>
<bind>
<opcode="select(49) " fcode="select"/>
<opset="select_ln912_1/2 "/>
</bind>
</comp>

<comp id="407" class="1004" name="store_ln911_store_fu_407">
<pin_list>
<pin id="408" dir="0" index="0" bw="15" slack="0"/>
<pin id="409" dir="0" index="1" bw="15" slack="1"/>
<pin id="410" dir="1" index="2" bw="0" slack="2147483647"/>
</pin_list>
<bind>
<opcode="store(28) " fcode="store"/>
<opset="store_ln911/2 "/>
</bind>
</comp>

<comp id="412" class="1004" name="store_ln911_store_fu_412">
<pin_list>
<pin id="413" dir="0" index="0" bw="4" slack="0"/>
<pin id="414" dir="0" index="1" bw="4" slack="1"/>
<pin id="415" dir="1" index="2" bw="0" slack="2147483647"/>
</pin_list>
<bind>
<opcode="store(28) " fcode="store"/>
<opset="store_ln911/2 "/>
</bind>
</comp>

<comp id="417" class="1004" name="store_ln912_store_fu_417">
<pin_list>
<pin id="418" dir="0" index="0" bw="13" slack="0"/>
<pin id="419" dir="0" index="1" bw="13" slack="1"/>
<pin id="420" dir="1" index="2" bw="0" slack="2147483647"/>
</pin_list>
<bind>
<opcode="store(28) " fcode="store"/>
<opset="store_ln912/2 "/>
</bind>
</comp>

<comp id="422" class="1004" name="store_ln912_store_fu_422">
<pin_list>
<pin id="423" dir="0" index="0" bw="7" slack="0"/>
<pin id="424" dir="0" index="1" bw="7" slack="1"/>
<pin id="425" dir="1" index="2" bw="0" slack="2147483647"/>
</pin_list>
<bind>
<opcode="store(28) " fcode="store"/>
<opset="store_ln912/2 "/>
</bind>
</comp>

<comp id="427" class="1004" name="store_ln913_store_fu_427">
<pin_list>
<pin id="428" dir="0" index="0" bw="6" slack="0"/>
<pin id="429" dir="0" index="1" bw="6" slack="1"/>
<pin id="430" dir="1" index="2" bw="0" slack="2147483647"/>
</pin_list>
<bind>
<opcode="store(28) " fcode="store"/>
<opset="store_ln913/2 "/>
</bind>
</comp>

<comp id="432" class="1004" name="g0_addr_fu_432">
<pin_list>
<pin id="433" dir="0" index="0" bw="32" slack="0"/>
<pin id="434" dir="0" index="1" bw="62" slack="11"/>
<pin id="435" dir="1" index="2" bw="32" slack="0"/>
</pin_list>
<bind>
<opcode="getelementptr(29) " fcode="getelementptr"/>
<opset="g0_addr/12 "/>
</bind>
</comp>

<comp id="438" class="1005" name="v374_reg_438">
<pin_list>
<pin id="439" dir="0" index="0" bw="6" slack="0"/>
<pin id="440" dir="1" index="1" bw="6" slack="0"/>
</pin_list>
<bind>
<opset="v374 "/>
</bind>
</comp>

<comp id="445" class="1005" name="v373_reg_445">
<pin_list>
<pin id="446" dir="0" index="0" bw="7" slack="0"/>
<pin id="447" dir="1" index="1" bw="7" slack="0"/>
</pin_list>
<bind>
<opset="v373 "/>
</bind>
</comp>

<comp id="452" class="1005" name="indvar_flatten_reg_452">
<pin_list>
<pin id="453" dir="0" index="0" bw="13" slack="0"/>
<pin id="454" dir="1" index="1" bw="13" slack="0"/>
</pin_list>
<bind>
<opset="indvar_flatten "/>
</bind>
</comp>

<comp id="459" class="1005" name="v372_reg_459">
<pin_list>
<pin id="460" dir="0" index="0" bw="4" slack="0"/>
<pin id="461" dir="1" index="1" bw="4" slack="0"/>
</pin_list>
<bind>
<opset="v372 "/>
</bind>
</comp>

<comp id="466" class="1005" name="indvar_flatten13_reg_466">
<pin_list>
<pin id="467" dir="0" index="0" bw="15" slack="0"/>
<pin id="468" dir="1" index="1" bw="15" slack="0"/>
</pin_list>
<bind>
<opset="indvar_flatten13 "/>
</bind>
</comp>

<comp id="473" class="1005" name="v370_read_reg_473">
<pin_list>
<pin id="474" dir="0" index="0" bw="64" slack="1"/>
<pin id="475" dir="1" index="1" bw="64" slack="1"/>
</pin_list>
<bind>
<opset="v370_read "/>
</bind>
</comp>

<comp id="478" class="1005" name="sext_ln911_cast_reg_478">
<pin_list>
<pin id="479" dir="0" index="0" bw="64" slack="11"/>
<pin id="480" dir="1" index="1" bw="64" slack="11"/>
</pin_list>
<bind>
<opset="sext_ln911_cast "/>
</bind>
</comp>

<comp id="483" class="1005" name="icmp_ln911_reg_483">
<pin_list>
<pin id="484" dir="0" index="0" bw="1" slack="1"/>
<pin id="485" dir="1" index="1" bw="1" slack="2147483647"/>
</pin_list>
<bind>
<opset="icmp_ln911 "/>
</bind>
</comp>

<comp id="487" class="1005" name="first_iter_0_mid2_reg_487">
<pin_list>
<pin id="488" dir="0" index="0" bw="1" slack="1"/>
<pin id="489" dir="1" index="1" bw="1" slack="2147483647"/>
</pin_list>
<bind>
<opset="first_iter_0_mid2 "/>
</bind>
</comp>

<comp id="491" class="1005" name="g0_addr_13_reg_491">
<pin_list>
<pin id="492" dir="0" index="0" bw="32" slack="1"/>
<pin id="493" dir="1" index="1" bw="32" slack="1"/>
</pin_list>
<bind>
<opset="g0_addr_13 "/>
</bind>
</comp>

<comp id="497" class="1005" name="v375_reg_497">
<pin_list>
<pin id="498" dir="0" index="0" bw="32" slack="1"/>
<pin id="499" dir="1" index="1" bw="32" slack="1"/>
</pin_list>
<bind>
<opset="v375 "/>
</bind>
</comp>

</comp_list>

<net_list>
<net id="105"><net_src comp="8" pin="0"/><net_sink comp="102" pin=0"/></net>

<net id="109"><net_src comp="8" pin="0"/><net_sink comp="106" pin=0"/></net>

<net id="113"><net_src comp="8" pin="0"/><net_sink comp="110" pin=0"/></net>

<net id="117"><net_src comp="8" pin="0"/><net_sink comp="114" pin=0"/></net>

<net id="121"><net_src comp="8" pin="0"/><net_sink comp="118" pin=0"/></net>

<net id="126"><net_src comp="10" pin="0"/><net_sink comp="122" pin=0"/></net>

<net id="127"><net_src comp="6" pin="0"/><net_sink comp="122" pin=1"/></net>

<net id="132"><net_src comp="12" pin="0"/><net_sink comp="128" pin=0"/></net>

<net id="133"><net_src comp="4" pin="0"/><net_sink comp="128" pin=1"/></net>

<net id="138"><net_src comp="12" pin="0"/><net_sink comp="134" pin=0"/></net>

<net id="139"><net_src comp="2" pin="0"/><net_sink comp="134" pin=1"/></net>

<net id="145"><net_src comp="82" pin="0"/><net_sink comp="140" pin=0"/></net>

<net id="146"><net_src comp="84" pin="0"/><net_sink comp="140" pin=2"/></net>

<net id="151"><net_src comp="86" pin="0"/><net_sink comp="147" pin=0"/></net>

<net id="158"><net_src comp="98" pin="0"/><net_sink comp="152" pin=0"/></net>

<net id="159"><net_src comp="100" pin="0"/><net_sink comp="152" pin=3"/></net>

<net id="163"><net_src comp="16" pin="0"/><net_sink comp="160" pin=0"/></net>

<net id="170"><net_src comp="160" pin="1"/><net_sink comp="164" pin=0"/></net>

<net id="171"><net_src comp="48" pin="0"/><net_sink comp="164" pin=2"/></net>

<net id="175"><net_src comp="128" pin="2"/><net_sink comp="172" pin=0"/></net>

<net id="180"><net_src comp="38" pin="0"/><net_sink comp="176" pin=0"/></net>

<net id="185"><net_src comp="40" pin="0"/><net_sink comp="181" pin=0"/></net>

<net id="190"><net_src comp="42" pin="0"/><net_sink comp="186" pin=0"/></net>

<net id="195"><net_src comp="44" pin="0"/><net_sink comp="191" pin=0"/></net>

<net id="200"><net_src comp="46" pin="0"/><net_sink comp="196" pin=0"/></net>

<net id="214"><net_src comp="207" pin="1"/><net_sink comp="210" pin=0"/></net>

<net id="215"><net_src comp="50" pin="0"/><net_sink comp="210" pin=1"/></net>

<net id="220"><net_src comp="207" pin="1"/><net_sink comp="216" pin=0"/></net>

<net id="221"><net_src comp="52" pin="0"/><net_sink comp="216" pin=1"/></net>

<net id="232"><net_src comp="225" pin="1"/><net_sink comp="228" pin=0"/></net>

<net id="233"><net_src comp="54" pin="0"/><net_sink comp="228" pin=1"/></net>

<net id="238"><net_src comp="204" pin="1"/><net_sink comp="234" pin=0"/></net>

<net id="239"><net_src comp="56" pin="0"/><net_sink comp="234" pin=1"/></net>

<net id="245"><net_src comp="234" pin="2"/><net_sink comp="240" pin=0"/></net>

<net id="246"><net_src comp="44" pin="0"/><net_sink comp="240" pin=1"/></net>

<net id="247"><net_src comp="222" pin="1"/><net_sink comp="240" pin=2"/></net>

<net id="252"><net_src comp="234" pin="2"/><net_sink comp="248" pin=0"/></net>

<net id="253"><net_src comp="164" pin="4"/><net_sink comp="248" pin=1"/></net>

<net id="258"><net_src comp="234" pin="2"/><net_sink comp="254" pin=0"/></net>

<net id="259"><net_src comp="16" pin="0"/><net_sink comp="254" pin=1"/></net>

<net id="264"><net_src comp="201" pin="1"/><net_sink comp="260" pin=0"/></net>

<net id="265"><net_src comp="58" pin="0"/><net_sink comp="260" pin=1"/></net>

<net id="270"><net_src comp="260" pin="2"/><net_sink comp="266" pin=0"/></net>

<net id="271"><net_src comp="254" pin="2"/><net_sink comp="266" pin=1"/></net>

<net id="277"><net_src comp="234" pin="2"/><net_sink comp="272" pin=0"/></net>

<net id="278"><net_src comp="228" pin="2"/><net_sink comp="272" pin=1"/></net>

<net id="279"><net_src comp="225" pin="1"/><net_sink comp="272" pin=2"/></net>

<net id="284"><net_src comp="240" pin="3"/><net_sink comp="280" pin=0"/></net>

<net id="285"><net_src comp="60" pin="0"/><net_sink comp="280" pin=1"/></net>

<net id="290"><net_src comp="266" pin="2"/><net_sink comp="286" pin=0"/></net>

<net id="291"><net_src comp="248" pin="2"/><net_sink comp="286" pin=1"/></net>

<net id="297"><net_src comp="266" pin="2"/><net_sink comp="292" pin=0"/></net>

<net id="298"><net_src comp="280" pin="2"/><net_sink comp="292" pin=1"/></net>

<net id="299"><net_src comp="240" pin="3"/><net_sink comp="292" pin=2"/></net>

<net id="305"><net_src comp="62" pin="0"/><net_sink comp="300" pin=0"/></net>

<net id="306"><net_src comp="272" pin="3"/><net_sink comp="300" pin=1"/></net>

<net id="307"><net_src comp="44" pin="0"/><net_sink comp="300" pin=2"/></net>

<net id="311"><net_src comp="300" pin="3"/><net_sink comp="308" pin=0"/></net>

<net id="317"><net_src comp="64" pin="0"/><net_sink comp="312" pin=0"/></net>

<net id="318"><net_src comp="292" pin="3"/><net_sink comp="312" pin=1"/></net>

<net id="319"><net_src comp="66" pin="0"/><net_sink comp="312" pin=2"/></net>

<net id="325"><net_src comp="68" pin="0"/><net_sink comp="320" pin=0"/></net>

<net id="326"><net_src comp="292" pin="3"/><net_sink comp="320" pin=1"/></net>

<net id="327"><net_src comp="70" pin="0"/><net_sink comp="320" pin=2"/></net>

<net id="331"><net_src comp="320" pin="3"/><net_sink comp="328" pin=0"/></net>

<net id="336"><net_src comp="312" pin="3"/><net_sink comp="332" pin=0"/></net>

<net id="337"><net_src comp="328" pin="1"/><net_sink comp="332" pin=1"/></net>

<net id="341"><net_src comp="332" pin="2"/><net_sink comp="338" pin=0"/></net>

<net id="346"><net_src comp="338" pin="1"/><net_sink comp="342" pin=0"/></net>

<net id="351"><net_src comp="342" pin="2"/><net_sink comp="347" pin=0"/></net>

<net id="352"><net_src comp="308" pin="1"/><net_sink comp="347" pin=1"/></net>

<net id="359"><net_src comp="72" pin="0"/><net_sink comp="353" pin=0"/></net>

<net id="360"><net_src comp="347" pin="2"/><net_sink comp="353" pin=1"/></net>

<net id="361"><net_src comp="74" pin="0"/><net_sink comp="353" pin=2"/></net>

<net id="362"><net_src comp="76" pin="0"/><net_sink comp="353" pin=3"/></net>

<net id="366"><net_src comp="353" pin="4"/><net_sink comp="363" pin=0"/></net>

<net id="371"><net_src comp="0" pin="0"/><net_sink comp="367" pin=0"/></net>

<net id="372"><net_src comp="363" pin="1"/><net_sink comp="367" pin=1"/></net>

<net id="377"><net_src comp="201" pin="1"/><net_sink comp="373" pin=0"/></net>

<net id="378"><net_src comp="78" pin="0"/><net_sink comp="373" pin=1"/></net>

<net id="383"><net_src comp="266" pin="2"/><net_sink comp="379" pin=0"/></net>

<net id="384"><net_src comp="234" pin="2"/><net_sink comp="379" pin=1"/></net>

<net id="390"><net_src comp="379" pin="2"/><net_sink comp="385" pin=0"/></net>

<net id="391"><net_src comp="78" pin="0"/><net_sink comp="385" pin=1"/></net>

<net id="392"><net_src comp="373" pin="2"/><net_sink comp="385" pin=2"/></net>

<net id="397"><net_src comp="204" pin="1"/><net_sink comp="393" pin=0"/></net>

<net id="398"><net_src comp="80" pin="0"/><net_sink comp="393" pin=1"/></net>

<net id="404"><net_src comp="234" pin="2"/><net_sink comp="399" pin=0"/></net>

<net id="405"><net_src comp="80" pin="0"/><net_sink comp="399" pin=1"/></net>

<net id="406"><net_src comp="393" pin="2"/><net_sink comp="399" pin=2"/></net>

<net id="411"><net_src comp="216" pin="2"/><net_sink comp="407" pin=0"/></net>

<net id="416"><net_src comp="272" pin="3"/><net_sink comp="412" pin=0"/></net>

<net id="421"><net_src comp="399" pin="3"/><net_sink comp="417" pin=0"/></net>

<net id="426"><net_src comp="292" pin="3"/><net_sink comp="422" pin=0"/></net>

<net id="431"><net_src comp="385" pin="3"/><net_sink comp="427" pin=0"/></net>

<net id="436"><net_src comp="0" pin="0"/><net_sink comp="432" pin=0"/></net>

<net id="437"><net_src comp="432" pin="2"/><net_sink comp="152" pin=1"/></net>

<net id="441"><net_src comp="102" pin="1"/><net_sink comp="438" pin=0"/></net>

<net id="442"><net_src comp="438" pin="1"/><net_sink comp="196" pin=1"/></net>

<net id="443"><net_src comp="438" pin="1"/><net_sink comp="201" pin=0"/></net>

<net id="444"><net_src comp="438" pin="1"/><net_sink comp="427" pin=1"/></net>

<net id="448"><net_src comp="106" pin="1"/><net_sink comp="445" pin=0"/></net>

<net id="449"><net_src comp="445" pin="1"/><net_sink comp="191" pin=1"/></net>

<net id="450"><net_src comp="445" pin="1"/><net_sink comp="222" pin=0"/></net>

<net id="451"><net_src comp="445" pin="1"/><net_sink comp="422" pin=1"/></net>

<net id="455"><net_src comp="110" pin="1"/><net_sink comp="452" pin=0"/></net>

<net id="456"><net_src comp="452" pin="1"/><net_sink comp="186" pin=1"/></net>

<net id="457"><net_src comp="452" pin="1"/><net_sink comp="204" pin=0"/></net>

<net id="458"><net_src comp="452" pin="1"/><net_sink comp="417" pin=1"/></net>

<net id="462"><net_src comp="114" pin="1"/><net_sink comp="459" pin=0"/></net>

<net id="463"><net_src comp="459" pin="1"/><net_sink comp="181" pin=1"/></net>

<net id="464"><net_src comp="459" pin="1"/><net_sink comp="225" pin=0"/></net>

<net id="465"><net_src comp="459" pin="1"/><net_sink comp="412" pin=1"/></net>

<net id="469"><net_src comp="118" pin="1"/><net_sink comp="466" pin=0"/></net>

<net id="470"><net_src comp="466" pin="1"/><net_sink comp="176" pin=1"/></net>

<net id="471"><net_src comp="466" pin="1"/><net_sink comp="207" pin=0"/></net>

<net id="472"><net_src comp="466" pin="1"/><net_sink comp="407" pin=1"/></net>

<net id="476"><net_src comp="122" pin="2"/><net_sink comp="473" pin=0"/></net>

<net id="477"><net_src comp="473" pin="1"/><net_sink comp="342" pin=1"/></net>

<net id="481"><net_src comp="172" pin="1"/><net_sink comp="478" pin=0"/></net>

<net id="482"><net_src comp="478" pin="1"/><net_sink comp="432" pin=1"/></net>

<net id="486"><net_src comp="210" pin="2"/><net_sink comp="483" pin=0"/></net>

<net id="490"><net_src comp="286" pin="2"/><net_sink comp="487" pin=0"/></net>

<net id="494"><net_src comp="367" pin="2"/><net_sink comp="491" pin=0"/></net>

<net id="495"><net_src comp="491" pin="1"/><net_sink comp="140" pin=1"/></net>

<net id="496"><net_src comp="491" pin="1"/><net_sink comp="147" pin=1"/></net>

<net id="500"><net_src comp="147" pin="2"/><net_sink comp="497" pin=0"/></net>

<net id="501"><net_src comp="497" pin="1"/><net_sink comp="152" pin=2"/></net>

</net_list>

</model> 
---------------- Datapath Model END ------------------

* FSMD analyzer results:
  - Output states:
	Port: g0 | {12 }
 - Input state : 
	Port: kernel67_Pipeline_VITIS_LOOP_911_1_VITIS_LOOP_912_2_VITIS_LOOP_913_3 : g0 | {3 4 5 6 7 8 9 10 11 }
	Port: kernel67_Pipeline_VITIS_LOOP_911_1_VITIS_LOOP_912_2_VITIS_LOOP_913_3 : sext_ln915 | {1 }
	Port: kernel67_Pipeline_VITIS_LOOP_911_1_VITIS_LOOP_912_2_VITIS_LOOP_913_3 : sext_ln911 | {1 }
	Port: kernel67_Pipeline_VITIS_LOOP_911_1_VITIS_LOOP_912_2_VITIS_LOOP_913_3 : v370 | {1 }
  - Chain level:
	State 1
		store_ln0 : 1
		store_ln911 : 1
		store_ln0 : 1
		store_ln912 : 1
		store_ln913 : 1
	State 2
		icmp_ln911 : 1
		add_ln911_1 : 1
		br_ln911 : 2
		add_ln911 : 1
		icmp_ln912 : 1
		select_ln911 : 2
		or_ln911 : 2
		xor_ln911 : 2
		icmp_ln913 : 1
		and_ln911 : 2
		select_ln911_1 : 2
		add_ln912 : 3
		first_iter_0_mid2 : 2
		select_ln912 : 2
		shl_ln : 3
		zext_ln912 : 4
		p_shl : 3
		tmp : 3
		zext_ln913_1 : 4
		sub_ln913 : 5
		zext_ln913 : 6
		add_ln913 : 7
		add_ln913_1 : 8
		trunc_ln : 9
		sext_ln913 : 10
		g0_addr_13 : 11
		br_ln913 : 2
		add_ln913_2 : 1
		or_ln913 : 2
		select_ln913 : 2
		add_ln912_1 : 1
		select_ln912_1 : 2
		store_ln911 : 2
		store_ln911 : 3
		store_ln912 : 3
		store_ln912 : 3
		store_ln913 : 3
	State 3
	State 4
	State 5
	State 6
	State 7
	State 8
	State 9
	State 10
	State 11
	State 12
		write_ln918 : 1


============================================================
+ Verbose Summary: Datapath Resource usage 
============================================================

* Functional unit list:
|----------|-----------------------------|---------|---------|
| Operation|       Functional Unit       |    FF   |   LUT   |
|----------|-----------------------------|---------|---------|
|          |      add_ln911_1_fu_216     |    0    |    22   |
|          |       add_ln911_fu_228      |    0    |    12   |
|          |       add_ln912_fu_280      |    0    |    14   |
|    add   |       add_ln913_fu_342      |    0    |    64   |
|          |      add_ln913_1_fu_347     |    0    |    64   |
|          |      add_ln913_2_fu_373     |    0    |    13   |
|          |      add_ln912_1_fu_393     |    0    |    20   |
|----------|-----------------------------|---------|---------|
|          |      icmp_ln911_fu_210      |    0    |    22   |
|   icmp   |      icmp_ln912_fu_234      |    0    |    20   |
|          |      icmp_ln913_fu_260      |    0    |    13   |
|----------|-----------------------------|---------|---------|
|          |     select_ln911_fu_240     |    0    |    7    |
|          |    select_ln911_1_fu_272    |    0    |    4    |
|  select  |     select_ln912_fu_292     |    0    |    7    |
|          |     select_ln913_fu_385     |    0    |    6    |
|          |    select_ln912_1_fu_399    |    0    |    12   |
|----------|-----------------------------|---------|---------|
|    sub   |       sub_ln913_fu_332      |    0    |    25   |
|----------|-----------------------------|---------|---------|
|          |       or_ln911_fu_248       |    0    |    2    |
|    or    |   first_iter_0_mid2_fu_286  |    0    |    2    |
|          |       or_ln913_fu_379       |    0    |    2    |
|----------|-----------------------------|---------|---------|
|    xor   |       xor_ln911_fu_254      |    0    |    2    |
|----------|-----------------------------|---------|---------|
|    and   |       and_ln911_fu_266      |    0    |    2    |
|----------|-----------------------------|---------|---------|
|          |    v370_read_read_fu_122    |    0    |    0    |
|   read   | sext_ln911_read_read_fu_128 |    0    |    0    |
|          |   sext_ln9153_read_fu_134   |    0    |    0    |
|          |       v375_read_fu_147      |    0    |    0    |
|----------|-----------------------------|---------|---------|
|  readreq |      grp_readreq_fu_140     |    0    |    0    |
|----------|-----------------------------|---------|---------|
|   write  |   write_ln918_write_fu_152  |    0    |    0    |
|----------|-----------------------------|---------|---------|
|   sext   |    sext_ln911_cast_fu_172   |    0    |    0    |
|          |      sext_ln913_fu_363      |    0    |    0    |
|----------|-----------------------------|---------|---------|
|          |        shl_ln_fu_300        |    0    |    0    |
|bitconcatenate|         p_shl_fu_312        |    0    |    0    |
|          |          tmp_fu_320         |    0    |    0    |
|----------|-----------------------------|---------|---------|
|          |      zext_ln912_fu_308      |    0    |    0    |
|   zext   |     zext_ln913_1_fu_328     |    0    |    0    |
|          |      zext_ln913_fu_338      |    0    |    0    |
|----------|-----------------------------|---------|---------|
|partselect|       trunc_ln_fu_353       |    0    |    0    |
|----------|-----------------------------|---------|---------|
|   Total  |                             |    0    |   335   |
|----------|-----------------------------|---------|---------|

Memories:
N/A

* Register list:
+-------------------------+--------+
|                         |   FF   |
+-------------------------+--------+
|first_iter_0_mid2_reg_487|    1   |
|   first_iter_0_reg_160  |    1   |
|    g0_addr_13_reg_491   |   32   |
|    icmp_ln911_reg_483   |    1   |
| indvar_flatten13_reg_466|   15   |
|  indvar_flatten_reg_452 |   13   |
| sext_ln911_cast_reg_478 |   64   |
|    v370_read_reg_473    |   64   |
|       v372_reg_459      |    4   |
|       v373_reg_445      |    7   |
|       v374_reg_438      |    6   |
|       v375_reg_497      |   32   |
+-------------------------+--------+
|          Total          |   240  |
+-------------------------+--------+

* Multiplexer (MUX) list: 
|--------|------|------|------|--------|
|  Comp  |  Pin | Size |  BW  | S x BW |
|--------|------|------|------|--------|
|  Total |      |      |      |    0   |
|--------|------|------|------|--------|



* Summary:
+-----------+--------+--------+
|           |   FF   |   LUT  |
+-----------+--------+--------+
|  Function |    0   |   335  |
|   Memory  |    -   |    -   |
|Multiplexer|    -   |    -   |
|  Register |   240  |    -   |
+-----------+--------+--------+
|   Total   |   240  |   335  |
+-----------+--------+--------+
