

================================================================
== Vitis HLS Report for 'kernel35'
================================================================
* Date:           Sun Jul 12 20:26:07 2026

* Version:        2025.2 (Build 6295257 on Nov 14 2025)
* Project:        spikingformer_proj
* Solution:       solution1 (Vivado IP Flow Target)
* Product family: zynquplus
* Target device:  xczu7ev-ffvc1156-2-e


================================================================
== Performance Estimates
================================================================
+ Timing: 
    * Summary: 
    +--------+----------+----------+------------+
    |  Clock |  Target  | Estimated| Uncertainty|
    +--------+----------+----------+------------+
    |ap_clk  |  10.00 ns|  7.300 ns|     2.70 ns|
    +--------+----------+----------+------------+

+ Latency: 
    * Summary: 
    +---------+---------+----------+----------+-----+-----+-------------------+
    |  Latency (cycles) |  Latency (absolute) |  Interval |      Pipeline     |
    |   min   |   max   |    min   |    max   | min | max |        Type       |
    +---------+---------+----------+----------+-----+-----+-------------------+
    |    24595|    24595|  0.246 ms|  0.246 ms|    0|    0|  loop pipeline stp|
    +---------+---------+----------+----------+-----+-----+-------------------+

    + Detail: 
        * Instance: 
        N/A

        * Loop: 
        +------------------------------------------------------+---------+---------+----------+-----------+-----------+-------+----------+
        |                                                      |  Latency (cycles) | Iteration|  Initiation Interval  |  Trip |          |
        |                       Loop Name                      |   min   |   max   |  Latency |  achieved |   target  | Count | Pipelined|
        +------------------------------------------------------+---------+---------+----------+-----------+-----------+-------+----------+
        |- VITIS_LOOP_506_1_VITIS_LOOP_507_2_VITIS_LOOP_508_3  |    24593|    24593|        19|          1|          1|  24576|       yes|
        +------------------------------------------------------+---------+---------+----------+-----------+-----------+-------+----------+

============================================================
+ Verbose Summary: Synthesis Manager
============================================================
InlineROM: 1
ExposeGlobal: 0
============================================================
+ Verbose Summary: CDFG Model
============================================================
IsTopModel: 0
ResetActiveHigh: 1
IsCombinational: 0
IsDatapathOnly: 0
HasWiredReturn: 1
HasMFsm: 2
HasVarLatency: 1
IsPipeline: 0
IsRtlPipelined: 0
IsInstanceOverlapped: 0
IsDontTouch: 0
HasImplIP: 0
IsGatedGlobalClock: 0

+ Individual pipeline summary: 
  * Pipeline-0: initiation interval (II) = 1, depth = 20


============================================================
+ Verbose Summary: Schedule
============================================================
* Number of FSM states : 20
* Pipeline : 1
  Pipeline-0 : II = 1, D = 20, States = { 1 2 3 4 5 6 7 8 9 10 11 12 13 14 15 16 17 18 19 20 }
* Dataflow Pipeline: 0

* FSM state transitions: 
1 --> 2 
2 --> 3 
3 --> 4 
4 --> 5 
5 --> 6 
6 --> 7 
7 --> 8 
8 --> 9 
9 --> 10 
10 --> 11 
11 --> 12 
12 --> 13 
13 --> 14 
14 --> 15 
15 --> 16 
16 --> 17 
17 --> 18 
18 --> 19 
19 --> 20 
20 --> 

* FSM state operations: 

State 1 <SV = 0> <Delay = 0.42>
ST_1 : Operation 22 [1/1] (0.00ns)   --->   "%v207 = alloca i32 1" [spikingformer_official.cpp:508]   --->   Operation 22 'alloca' 'v207' <Predicate = true> <Delay = 0.00>
ST_1 : Operation 23 [1/1] (0.00ns)   --->   "%v206 = alloca i32 1" [spikingformer_official.cpp:507]   --->   Operation 23 'alloca' 'v206' <Predicate = true> <Delay = 0.00>
ST_1 : Operation 24 [1/1] (0.00ns)   --->   "%indvar_flatten = alloca i32 1"   --->   Operation 24 'alloca' 'indvar_flatten' <Predicate = true> <Delay = 0.00>
ST_1 : Operation 25 [1/1] (0.00ns)   --->   "%v205 = alloca i32 1" [spikingformer_official.cpp:506]   --->   Operation 25 'alloca' 'v205' <Predicate = true> <Delay = 0.00>
ST_1 : Operation 26 [1/1] (0.00ns)   --->   "%indvar_flatten13 = alloca i32 1"   --->   Operation 26 'alloca' 'indvar_flatten13' <Predicate = true> <Delay = 0.00>
ST_1 : Operation 27 [1/1] (0.00ns)   --->   "%specstablecontent_ln0 = specstablecontent void @_ssdm_op_SpecStableContent, i32 %g0, i1 1, void "   --->   Operation 27 'specstablecontent' 'specstablecontent_ln0' <Predicate = true> <Delay = 0.00>
ST_1 : Operation 28 [1/1] (0.00ns)   --->   "%specinterface_ln0 = specinterface void @_ssdm_op_SpecInterface, i32 %g0, void @empty_26, i32 0, i32 0, void @empty_35, i32 0, i32 0, void @empty_22, void @empty_25, void @empty_35, i32 16, i32 16, i32 16, i32 16, void @empty_35, void @empty_35, i32 4294967295, i32 0, i32 0, i32 4"   --->   Operation 28 'specinterface' 'specinterface_ln0' <Predicate = true> <Delay = 0.00>
ST_1 : Operation 29 [1/1] (0.00ns)   --->   "%v203_read = read i64 @_ssdm_op_Read.ap_auto.i64, i64 %v203" [spikingformer_official.cpp:503]   --->   Operation 29 'read' 'v203_read' <Predicate = true> <Delay = 0.00>
ST_1 : Operation 30 [1/1] (0.42ns)   --->   "%store_ln0 = store i15 0, i15 %indvar_flatten13"   --->   Operation 30 'store' 'store_ln0' <Predicate = true> <Delay = 0.42>
ST_1 : Operation 31 [1/1] (0.42ns)   --->   "%store_ln506 = store i9 0, i9 %v205" [spikingformer_official.cpp:506]   --->   Operation 31 'store' 'store_ln506' <Predicate = true> <Delay = 0.42>
ST_1 : Operation 32 [1/1] (0.42ns)   --->   "%store_ln0 = store i8 0, i8 %indvar_flatten"   --->   Operation 32 'store' 'store_ln0' <Predicate = true> <Delay = 0.42>
ST_1 : Operation 33 [1/1] (0.42ns)   --->   "%store_ln507 = store i4 0, i4 %v206" [spikingformer_official.cpp:507]   --->   Operation 33 'store' 'store_ln507' <Predicate = true> <Delay = 0.42>
ST_1 : Operation 34 [1/1] (0.42ns)   --->   "%store_ln508 = store i4 0, i4 %v207" [spikingformer_official.cpp:508]   --->   Operation 34 'store' 'store_ln508' <Predicate = true> <Delay = 0.42>
ST_1 : Operation 35 [1/1] (0.00ns)   --->   "%br_ln506 = br void %for.inc" [spikingformer_official.cpp:506]   --->   Operation 35 'br' 'br_ln506' <Predicate = true> <Delay = 0.00>

State 2 <SV = 1> <Delay = 3.16>
ST_2 : Operation 36 [1/1] (0.00ns)   --->   "%indvar_flatten13_load = load i15 %indvar_flatten13" [spikingformer_official.cpp:506]   --->   Operation 36 'load' 'indvar_flatten13_load' <Predicate = true> <Delay = 0.00>
ST_2 : Operation 37 [1/1] (0.84ns)   --->   "%icmp_ln506 = icmp_eq  i15 %indvar_flatten13_load, i15 24576" [spikingformer_official.cpp:506]   --->   Operation 37 'icmp' 'icmp_ln506' <Predicate = true> <Delay = 0.84> <CoreInst = "Cmp">   --->   Core 9 'Cmp' <Latency = 0> <II = 1> <Delay = 0.84> <FuncUnit> <Opcode : 'seteq' 'setne' 'setle' 'setge' 'setlt' 'setgt'> <InPorts = 2> <OutPorts = 1>
ST_2 : Operation 38 [1/1] (0.84ns)   --->   "%add_ln506_1 = add i15 %indvar_flatten13_load, i15 1" [spikingformer_official.cpp:506]   --->   Operation 38 'add' 'add_ln506_1' <Predicate = true> <Delay = 0.84> <CoreInst = "Adder">   --->   Core 1 'Adder' <Latency = 0> <II = 1> <Delay = 0.84> <FuncUnit> <Opcode : 'add' 'sub'> <InPorts = 2> <OutPorts = 1>
ST_2 : Operation 39 [1/1] (0.00ns)   --->   "%br_ln506 = br i1 %icmp_ln506, void %for.inc24, void %for.end26" [spikingformer_official.cpp:506]   --->   Operation 39 'br' 'br_ln506' <Predicate = true> <Delay = 0.00>
ST_2 : Operation 40 [1/1] (0.00ns)   --->   "%v207_load = load i4 %v207" [spikingformer_official.cpp:508]   --->   Operation 40 'load' 'v207_load' <Predicate = (!icmp_ln506)> <Delay = 0.00>
ST_2 : Operation 41 [1/1] (0.00ns)   --->   "%v206_load = load i4 %v206" [spikingformer_official.cpp:506]   --->   Operation 41 'load' 'v206_load' <Predicate = (!icmp_ln506)> <Delay = 0.00>
ST_2 : Operation 42 [1/1] (0.00ns)   --->   "%indvar_flatten_load = load i8 %indvar_flatten" [spikingformer_official.cpp:507]   --->   Operation 42 'load' 'indvar_flatten_load' <Predicate = (!icmp_ln506)> <Delay = 0.00>
ST_2 : Operation 43 [1/1] (0.00ns)   --->   "%v205_load = load i9 %v205" [spikingformer_official.cpp:506]   --->   Operation 43 'load' 'v205_load' <Predicate = (!icmp_ln506)> <Delay = 0.00>
ST_2 : Operation 44 [1/1] (0.77ns)   --->   "%add_ln506 = add i9 %v205_load, i9 1" [spikingformer_official.cpp:506]   --->   Operation 44 'add' 'add_ln506' <Predicate = (!icmp_ln506)> <Delay = 0.77> <CoreInst = "Adder">   --->   Core 1 'Adder' <Latency = 0> <II = 1> <Delay = 0.77> <FuncUnit> <Opcode : 'add' 'sub'> <InPorts = 2> <OutPorts = 1>
ST_2 : Operation 45 [1/1] (0.76ns)   --->   "%icmp_ln507 = icmp_eq  i8 %indvar_flatten_load, i8 64" [spikingformer_official.cpp:507]   --->   Operation 45 'icmp' 'icmp_ln507' <Predicate = (!icmp_ln506)> <Delay = 0.76> <CoreInst = "Cmp">   --->   Core 9 'Cmp' <Latency = 0> <II = 1> <Delay = 0.76> <FuncUnit> <Opcode : 'seteq' 'setne' 'setle' 'setge' 'setlt' 'setgt'> <InPorts = 2> <OutPorts = 1>
ST_2 : Operation 46 [1/1] (0.39ns)   --->   "%select_ln506 = select i1 %icmp_ln507, i4 0, i4 %v206_load" [spikingformer_official.cpp:506]   --->   Operation 46 'select' 'select_ln506' <Predicate = (!icmp_ln506)> <Delay = 0.39> <CoreInst = "Sel">   --->   Core 73 'Sel' <Latency = 0> <II = 1> <Delay = 0.39> <FuncUnit> <Opcode : 'select'> <InPorts = 3> <OutPorts = 1>
ST_2 : Operation 47 [1/1] (0.00ns) (grouped into LUT with out node and_ln506)   --->   "%xor_ln506 = xor i1 %icmp_ln507, i1 1" [spikingformer_official.cpp:506]   --->   Operation 47 'xor' 'xor_ln506' <Predicate = (!icmp_ln506)> <Delay = 0.00> <CoreInst = "LogicGate">   --->   Core 74 'LogicGate' <Latency = 0> <II = 1> <Delay = 0.28> <FuncUnit> <Opcode : 'and' 'or' 'xor'> <InPorts = 2> <OutPorts = 1>
ST_2 : Operation 48 [1/1] (0.79ns)   --->   "%icmp_ln508 = icmp_eq  i4 %v207_load, i4 8" [spikingformer_official.cpp:508]   --->   Operation 48 'icmp' 'icmp_ln508' <Predicate = (!icmp_ln506)> <Delay = 0.79> <CoreInst = "Cmp">   --->   Core 9 'Cmp' <Latency = 0> <II = 1> <Delay = 0.79> <FuncUnit> <Opcode : 'seteq' 'setne' 'setle' 'setge' 'setlt' 'setgt'> <InPorts = 2> <OutPorts = 1>
ST_2 : Operation 49 [1/1] (0.28ns) (out node of the LUT)   --->   "%and_ln506 = and i1 %icmp_ln508, i1 %xor_ln506" [spikingformer_official.cpp:506]   --->   Operation 49 'and' 'and_ln506' <Predicate = (!icmp_ln506)> <Delay = 0.28> <CoreInst = "LogicGate">   --->   Core 74 'LogicGate' <Latency = 0> <II = 1> <Delay = 0.28> <FuncUnit> <Opcode : 'and' 'or' 'xor'> <InPorts = 2> <OutPorts = 1>
ST_2 : Operation 50 [1/1] (0.39ns)   --->   "%select_ln506_1 = select i1 %icmp_ln507, i9 %add_ln506, i9 %v205_load" [spikingformer_official.cpp:506]   --->   Operation 50 'select' 'select_ln506_1' <Predicate = (!icmp_ln506)> <Delay = 0.39> <CoreInst = "Sel">   --->   Core 73 'Sel' <Latency = 0> <II = 1> <Delay = 0.39> <FuncUnit> <Opcode : 'select'> <InPorts = 3> <OutPorts = 1>
ST_2 : Operation 51 [1/1] (0.79ns)   --->   "%add_ln507 = add i4 %select_ln506, i4 1" [spikingformer_official.cpp:507]   --->   Operation 51 'add' 'add_ln507' <Predicate = (!icmp_ln506)> <Delay = 0.79> <CoreInst = "Adder">   --->   Core 1 'Adder' <Latency = 0> <II = 1> <Delay = 0.79> <FuncUnit> <Opcode : 'add' 'sub'> <InPorts = 2> <OutPorts = 1>
ST_2 : Operation 52 [1/1] (0.00ns) (grouped into LUT with out node v207_mid2)   --->   "%empty = or i1 %and_ln506, i1 %icmp_ln507" [spikingformer_official.cpp:506]   --->   Operation 52 'or' 'empty' <Predicate = (!icmp_ln506)> <Delay = 0.00> <CoreInst = "LogicGate">   --->   Core 74 'LogicGate' <Latency = 0> <II = 1> <Delay = 0.28> <FuncUnit> <Opcode : 'and' 'or' 'xor'> <InPorts = 2> <OutPorts = 1>
ST_2 : Operation 53 [1/1] (0.39ns) (out node of the LUT)   --->   "%v207_mid2 = select i1 %empty, i4 0, i4 %v207_load" [spikingformer_official.cpp:506]   --->   Operation 53 'select' 'v207_mid2' <Predicate = (!icmp_ln506)> <Delay = 0.39> <CoreInst = "Sel">   --->   Core 73 'Sel' <Latency = 0> <II = 1> <Delay = 0.39> <FuncUnit> <Opcode : 'select'> <InPorts = 3> <OutPorts = 1>
ST_2 : Operation 54 [1/1] (0.39ns)   --->   "%select_ln507 = select i1 %and_ln506, i4 %add_ln507, i4 %select_ln506" [spikingformer_official.cpp:507]   --->   Operation 54 'select' 'select_ln507' <Predicate = (!icmp_ln506)> <Delay = 0.39> <CoreInst = "Sel">   --->   Core 73 'Sel' <Latency = 0> <II = 1> <Delay = 0.39> <FuncUnit> <Opcode : 'select'> <InPorts = 3> <OutPorts = 1>
ST_2 : Operation 55 [1/1] (0.00ns)   --->   "%shl_ln = bitconcatenate i17 @_ssdm_op_BitConcatenate.i17.i9.i8, i9 %select_ln506_1, i8 0" [spikingformer_official.cpp:511]   --->   Operation 55 'bitconcatenate' 'shl_ln' <Predicate = (!icmp_ln506)> <Delay = 0.00>
ST_2 : Operation 56 [1/1] (0.00ns)   --->   "%zext_ln507 = zext i17 %shl_ln" [spikingformer_official.cpp:507]   --->   Operation 56 'zext' 'zext_ln507' <Predicate = (!icmp_ln506)> <Delay = 0.00>
ST_2 : Operation 57 [1/1] (0.00ns)   --->   "%trunc_ln511 = trunc i4 %v207_mid2" [spikingformer_official.cpp:511]   --->   Operation 57 'trunc' 'trunc_ln511' <Predicate = (!icmp_ln506)> <Delay = 0.00>
ST_2 : Operation 58 [1/1] (0.00ns) (grouped into TernaryAdder)   --->   "%add_ln511 = add i64 %zext_ln507, i64 %v203_read" [spikingformer_official.cpp:511]   --->   Operation 58 'add' 'add_ln511' <Predicate = (!icmp_ln506)> <Delay = 0.00> <CoreInst = "TAddSub">   --->   Core 10 'TAddSub' <Latency = 0> <II = 1> <Delay = 0.40> <IPBlock> <Opcode : 'add' 'sub'> <InPorts = 3> <OutPorts = 1> <Sync> <CReg>
ST_2 : Operation 59 [1/1] (0.00ns)   --->   "%trunc_ln511_1 = trunc i4 %select_ln507" [spikingformer_official.cpp:511]   --->   Operation 59 'trunc' 'trunc_ln511_1' <Predicate = (!icmp_ln506)> <Delay = 0.00>
ST_2 : Operation 60 [1/1] (0.00ns)   --->   "%tmp1 = bitconcatenate i8 @_ssdm_op_BitConcatenate.i8.i3.i3.i2, i3 %trunc_ln511_1, i3 %trunc_ln511, i2 0" [spikingformer_official.cpp:511]   --->   Operation 60 'bitconcatenate' 'tmp1' <Predicate = (!icmp_ln506)> <Delay = 0.00>
ST_2 : Operation 61 [1/1] (0.00ns)   --->   "%zext_ln511 = zext i8 %tmp1" [spikingformer_official.cpp:511]   --->   Operation 61 'zext' 'zext_ln511' <Predicate = (!icmp_ln506)> <Delay = 0.00>
ST_2 : Operation 62 [1/1] (0.81ns) (root node of TernaryAdder)   --->   "%add_ln511_1 = add i64 %zext_ln511, i64 %add_ln511" [spikingformer_official.cpp:511]   --->   Operation 62 'add' 'add_ln511_1' <Predicate = (!icmp_ln506)> <Delay = 0.81> <CoreInst = "TAddSub">   --->   Core 10 'TAddSub' <Latency = 0> <II = 1> <Delay = 0.40> <IPBlock> <Opcode : 'add' 'sub'> <InPorts = 3> <OutPorts = 1> <Sync> <CReg>
ST_2 : Operation 63 [1/1] (0.00ns)   --->   "%trunc_ln = partselect i62 @_ssdm_op_PartSelect.i62.i64.i32.i32, i64 %add_ln511_1, i32 2, i32 63" [spikingformer_official.cpp:511]   --->   Operation 63 'partselect' 'trunc_ln' <Predicate = (!icmp_ln506)> <Delay = 0.00>
ST_2 : Operation 64 [1/1] (0.00ns)   --->   "%sext_ln511 = sext i62 %trunc_ln" [spikingformer_official.cpp:511]   --->   Operation 64 'sext' 'sext_ln511' <Predicate = (!icmp_ln506)> <Delay = 0.00>
ST_2 : Operation 65 [1/1] (0.00ns)   --->   "%g0_addr = getelementptr i32 %g0, i64 %sext_ln511" [spikingformer_official.cpp:511]   --->   Operation 65 'getelementptr' 'g0_addr' <Predicate = (!icmp_ln506)> <Delay = 0.00>
ST_2 : Operation 66 [1/1] (0.79ns)   --->   "%add_ln508 = add i4 %v207_mid2, i4 1" [spikingformer_official.cpp:508]   --->   Operation 66 'add' 'add_ln508' <Predicate = (!icmp_ln506)> <Delay = 0.79> <CoreInst = "Adder">   --->   Core 1 'Adder' <Latency = 0> <II = 1> <Delay = 0.79> <FuncUnit> <Opcode : 'add' 'sub'> <InPorts = 2> <OutPorts = 1>
ST_2 : Operation 67 [1/1] (0.76ns)   --->   "%add_ln507_1 = add i8 %indvar_flatten_load, i8 1" [spikingformer_official.cpp:507]   --->   Operation 67 'add' 'add_ln507_1' <Predicate = (!icmp_ln506)> <Delay = 0.76> <CoreInst = "Adder">   --->   Core 1 'Adder' <Latency = 0> <II = 1> <Delay = 0.76> <FuncUnit> <Opcode : 'add' 'sub'> <InPorts = 2> <OutPorts = 1>
ST_2 : Operation 68 [1/1] (0.39ns)   --->   "%select_ln507_1 = select i1 %icmp_ln507, i8 1, i8 %add_ln507_1" [spikingformer_official.cpp:507]   --->   Operation 68 'select' 'select_ln507_1' <Predicate = (!icmp_ln506)> <Delay = 0.39> <CoreInst = "Sel">   --->   Core 73 'Sel' <Latency = 0> <II = 1> <Delay = 0.39> <FuncUnit> <Opcode : 'select'> <InPorts = 3> <OutPorts = 1>
ST_2 : Operation 69 [1/1] (0.42ns)   --->   "%store_ln506 = store i15 %add_ln506_1, i15 %indvar_flatten13" [spikingformer_official.cpp:506]   --->   Operation 69 'store' 'store_ln506' <Predicate = (!icmp_ln506)> <Delay = 0.42>
ST_2 : Operation 70 [1/1] (0.42ns)   --->   "%store_ln506 = store i9 %select_ln506_1, i9 %v205" [spikingformer_official.cpp:506]   --->   Operation 70 'store' 'store_ln506' <Predicate = (!icmp_ln506)> <Delay = 0.42>
ST_2 : Operation 71 [1/1] (0.42ns)   --->   "%store_ln507 = store i8 %select_ln507_1, i8 %indvar_flatten" [spikingformer_official.cpp:507]   --->   Operation 71 'store' 'store_ln507' <Predicate = (!icmp_ln506)> <Delay = 0.42>
ST_2 : Operation 72 [1/1] (0.42ns)   --->   "%store_ln507 = store i4 %select_ln507, i4 %v206" [spikingformer_official.cpp:507]   --->   Operation 72 'store' 'store_ln507' <Predicate = (!icmp_ln506)> <Delay = 0.42>
ST_2 : Operation 73 [1/1] (0.42ns)   --->   "%store_ln508 = store i4 %add_ln508, i4 %v207" [spikingformer_official.cpp:508]   --->   Operation 73 'store' 'store_ln508' <Predicate = (!icmp_ln506)> <Delay = 0.42>

State 3 <SV = 2> <Delay = 0.00>
ST_3 : Operation 74 [8/8] (7.30ns)   --->   "%g0_load_req = readreq i1 @_ssdm_op_ReadReq.m_axi.i32P1A, i32 %g0_addr, i64 1" [spikingformer_official.cpp:511]   --->   Operation 74 'readreq' 'g0_load_req' <Predicate = true> <Delay = 7.30> <CoreInst = "m_axi">   --->   Core 119 'm_axi' <Latency = 6> <II = 1> <Delay = 1.00> <Adapter> <Opcode : 'readrequnaligned' 'writerequnaligned' 'read' 'write' 'readreq' 'writereq' 'writeresp'>

State 4 <SV = 3> <Delay = 0.00>
ST_4 : Operation 75 [7/8] (7.30ns)   --->   "%g0_load_req = readreq i1 @_ssdm_op_ReadReq.m_axi.i32P1A, i32 %g0_addr, i64 1" [spikingformer_official.cpp:511]   --->   Operation 75 'readreq' 'g0_load_req' <Predicate = true> <Delay = 7.30> <CoreInst = "m_axi">   --->   Core 119 'm_axi' <Latency = 6> <II = 1> <Delay = 1.00> <Adapter> <Opcode : 'readrequnaligned' 'writerequnaligned' 'read' 'write' 'readreq' 'writereq' 'writeresp'>

State 5 <SV = 4> <Delay = 0.00>
ST_5 : Operation 76 [6/8] (7.30ns)   --->   "%g0_load_req = readreq i1 @_ssdm_op_ReadReq.m_axi.i32P1A, i32 %g0_addr, i64 1" [spikingformer_official.cpp:511]   --->   Operation 76 'readreq' 'g0_load_req' <Predicate = true> <Delay = 7.30> <CoreInst = "m_axi">   --->   Core 119 'm_axi' <Latency = 6> <II = 1> <Delay = 1.00> <Adapter> <Opcode : 'readrequnaligned' 'writerequnaligned' 'read' 'write' 'readreq' 'writereq' 'writeresp'>

State 6 <SV = 5> <Delay = 0.00>
ST_6 : Operation 77 [5/8] (7.30ns)   --->   "%g0_load_req = readreq i1 @_ssdm_op_ReadReq.m_axi.i32P1A, i32 %g0_addr, i64 1" [spikingformer_official.cpp:511]   --->   Operation 77 'readreq' 'g0_load_req' <Predicate = true> <Delay = 7.30> <CoreInst = "m_axi">   --->   Core 119 'm_axi' <Latency = 6> <II = 1> <Delay = 1.00> <Adapter> <Opcode : 'readrequnaligned' 'writerequnaligned' 'read' 'write' 'readreq' 'writereq' 'writeresp'>

State 7 <SV = 6> <Delay = 0.00>
ST_7 : Operation 78 [4/8] (7.30ns)   --->   "%g0_load_req = readreq i1 @_ssdm_op_ReadReq.m_axi.i32P1A, i32 %g0_addr, i64 1" [spikingformer_official.cpp:511]   --->   Operation 78 'readreq' 'g0_load_req' <Predicate = true> <Delay = 7.30> <CoreInst = "m_axi">   --->   Core 119 'm_axi' <Latency = 6> <II = 1> <Delay = 1.00> <Adapter> <Opcode : 'readrequnaligned' 'writerequnaligned' 'read' 'write' 'readreq' 'writereq' 'writeresp'>

State 8 <SV = 7> <Delay = 0.00>
ST_8 : Operation 79 [3/8] (7.30ns)   --->   "%g0_load_req = readreq i1 @_ssdm_op_ReadReq.m_axi.i32P1A, i32 %g0_addr, i64 1" [spikingformer_official.cpp:511]   --->   Operation 79 'readreq' 'g0_load_req' <Predicate = true> <Delay = 7.30> <CoreInst = "m_axi">   --->   Core 119 'm_axi' <Latency = 6> <II = 1> <Delay = 1.00> <Adapter> <Opcode : 'readrequnaligned' 'writerequnaligned' 'read' 'write' 'readreq' 'writereq' 'writeresp'>

State 9 <SV = 8> <Delay = 0.00>
ST_9 : Operation 80 [2/8] (7.30ns)   --->   "%g0_load_req = readreq i1 @_ssdm_op_ReadReq.m_axi.i32P1A, i32 %g0_addr, i64 1" [spikingformer_official.cpp:511]   --->   Operation 80 'readreq' 'g0_load_req' <Predicate = true> <Delay = 7.30> <CoreInst = "m_axi">   --->   Core 119 'm_axi' <Latency = 6> <II = 1> <Delay = 1.00> <Adapter> <Opcode : 'readrequnaligned' 'writerequnaligned' 'read' 'write' 'readreq' 'writereq' 'writeresp'>

State 10 <SV = 9> <Delay = 7.30>
ST_10 : Operation 81 [1/8] ( I:7.30ns O:7.30ns )   --->   "%g0_load_req = readreq i1 @_ssdm_op_ReadReq.m_axi.i32P1A, i32 %g0_addr, i64 1" [spikingformer_official.cpp:511]   --->   Operation 81 'readreq' 'g0_load_req' <Predicate = true> <Delay = 7.30> <CoreInst = "m_axi">   --->   Core 119 'm_axi' <Latency = 6> <II = 1> <Delay = 1.00> <Adapter> <Opcode : 'readrequnaligned' 'writerequnaligned' 'read' 'write' 'readreq' 'writereq' 'writeresp'>

State 11 <SV = 10> <Delay = 7.30>
ST_11 : Operation 82 [1/1] ( I:7.30ns O:7.30ns )   --->   "%g0_addr_read = read i32 @_ssdm_op_Read.m_axi.i32P1A, i32 %g0_addr" [spikingformer_official.cpp:511]   --->   Operation 82 'read' 'g0_addr_read' <Predicate = true> <Delay = 7.30> <CoreInst = "m_axi">   --->   Core 119 'm_axi' <Latency = 3> <II = 1> <Delay = 1.00> <Adapter> <Opcode : 'readrequnaligned' 'writerequnaligned' 'read' 'write' 'readreq' 'writereq' 'writeresp'>

State 12 <SV = 11> <Delay = 7.01>
ST_12 : Operation 83 [1/1] (0.00ns)   --->   "%v208 = bitcast i32 %g0_addr_read" [spikingformer_official.cpp:511]   --->   Operation 83 'bitcast' 'v208' <Predicate = true> <Delay = 0.00>
ST_12 : Operation 84 [3/3] (7.01ns)   --->   "%v209 = fmul i32 %v208, i32 0.5" [spikingformer_official.cpp:512]   --->   Operation 84 'fmul' 'v209' <Predicate = true> <Delay = 7.01> <CoreInst = "FMul_maxdsp">   --->   Core 30 'FMul_maxdsp' <Latency = 2> <II = 1> <Delay = 7.01> <FuncUnit> <Opcode : 'fmul'> <InPorts = 2> <OutPorts = 1>

State 13 <SV = 12> <Delay = 7.01>
ST_13 : Operation 85 [2/3] (7.01ns)   --->   "%v209 = fmul i32 %v208, i32 0.5" [spikingformer_official.cpp:512]   --->   Operation 85 'fmul' 'v209' <Predicate = true> <Delay = 7.01> <CoreInst = "FMul_maxdsp">   --->   Core 30 'FMul_maxdsp' <Latency = 2> <II = 1> <Delay = 7.01> <FuncUnit> <Opcode : 'fmul'> <InPorts = 2> <OutPorts = 1>

State 14 <SV = 13> <Delay = 7.30>
ST_14 : Operation 86 [1/3] (7.01ns)   --->   "%v209 = fmul i32 %v208, i32 0.5" [spikingformer_official.cpp:512]   --->   Operation 86 'fmul' 'v209' <Predicate = true> <Delay = 7.01> <CoreInst = "FMul_maxdsp">   --->   Core 30 'FMul_maxdsp' <Latency = 2> <II = 1> <Delay = 7.01> <FuncUnit> <Opcode : 'fmul'> <InPorts = 2> <OutPorts = 1>
ST_14 : Operation 87 [1/1] ( I:7.30ns O:7.30ns )   --->   "%g0_addr_84_req = writereq i1 @_ssdm_op_WriteReq.m_axi.i32P1A, i32 %g0_addr, i64 1" [spikingformer_official.cpp:513]   --->   Operation 87 'writereq' 'g0_addr_84_req' <Predicate = true> <Delay = 7.30> <CoreInst = "m_axi">   --->   Core 119 'm_axi' <Latency = 9> <II = 1> <Delay = 1.00> <Adapter> <Opcode : 'readrequnaligned' 'writerequnaligned' 'read' 'write' 'readreq' 'writereq' 'writeresp'>

State 15 <SV = 14> <Delay = 7.30>
ST_15 : Operation 88 [1/1] (0.00ns)   --->   "%bitcast_ln513 = bitcast i32 %v209" [spikingformer_official.cpp:513]   --->   Operation 88 'bitcast' 'bitcast_ln513' <Predicate = true> <Delay = 0.00>
ST_15 : Operation 89 [1/1] ( I:7.30ns O:7.30ns )   --->   "%write_ln513 = write void @_ssdm_op_Write.m_axi.i32P1A, i32 %g0_addr, i32 %bitcast_ln513, i4 15" [spikingformer_official.cpp:513]   --->   Operation 89 'write' 'write_ln513' <Predicate = true> <Delay = 7.30> <CoreInst = "m_axi">   --->   Core 119 'm_axi' <Latency = 5> <II = 1> <Delay = 1.00> <Adapter> <Opcode : 'readrequnaligned' 'writerequnaligned' 'read' 'write' 'readreq' 'writereq' 'writeresp'>

State 16 <SV = 15> <Delay = 0.00>
ST_16 : Operation 90 [5/5] (7.30ns)   --->   "%g0_addr_84_resp = writeresp i1 @_ssdm_op_WriteResp.m_axi.i32P1A, i32 %g0_addr" [spikingformer_official.cpp:513]   --->   Operation 90 'writeresp' 'g0_addr_84_resp' <Predicate = true> <Delay = 7.30> <CoreInst = "m_axi">   --->   Core 119 'm_axi' <Latency = 3> <II = 1> <Delay = 1.00> <Adapter> <Opcode : 'readrequnaligned' 'writerequnaligned' 'read' 'write' 'readreq' 'writereq' 'writeresp'>

State 17 <SV = 16> <Delay = 0.00>
ST_17 : Operation 91 [4/5] (7.30ns)   --->   "%g0_addr_84_resp = writeresp i1 @_ssdm_op_WriteResp.m_axi.i32P1A, i32 %g0_addr" [spikingformer_official.cpp:513]   --->   Operation 91 'writeresp' 'g0_addr_84_resp' <Predicate = true> <Delay = 7.30> <CoreInst = "m_axi">   --->   Core 119 'm_axi' <Latency = 3> <II = 1> <Delay = 1.00> <Adapter> <Opcode : 'readrequnaligned' 'writerequnaligned' 'read' 'write' 'readreq' 'writereq' 'writeresp'>

State 18 <SV = 17> <Delay = 0.00>
ST_18 : Operation 92 [3/5] (7.30ns)   --->   "%g0_addr_84_resp = writeresp i1 @_ssdm_op_WriteResp.m_axi.i32P1A, i32 %g0_addr" [spikingformer_official.cpp:513]   --->   Operation 92 'writeresp' 'g0_addr_84_resp' <Predicate = true> <Delay = 7.30> <CoreInst = "m_axi">   --->   Core 119 'm_axi' <Latency = 3> <II = 1> <Delay = 1.00> <Adapter> <Opcode : 'readrequnaligned' 'writerequnaligned' 'read' 'write' 'readreq' 'writereq' 'writeresp'>

State 19 <SV = 18> <Delay = 0.42>
ST_19 : Operation 93 [2/5] (7.30ns)   --->   "%g0_addr_84_resp = writeresp i1 @_ssdm_op_WriteResp.m_axi.i32P1A, i32 %g0_addr" [spikingformer_official.cpp:513]   --->   Operation 93 'writeresp' 'g0_addr_84_resp' <Predicate = true> <Delay = 7.30> <CoreInst = "m_axi">   --->   Core 119 'm_axi' <Latency = 3> <II = 1> <Delay = 1.00> <Adapter> <Opcode : 'readrequnaligned' 'writerequnaligned' 'read' 'write' 'readreq' 'writereq' 'writeresp'>
ST_19 : Operation 99 [1/1] (0.42ns)   --->   "%ret_ln517 = ret" [spikingformer_official.cpp:517]   --->   Operation 99 'ret' 'ret_ln517' <Predicate = (icmp_ln506)> <Delay = 0.42>

State 20 <SV = 19> <Delay = 7.30>
ST_20 : Operation 94 [1/1] (0.00ns)   --->   "%specloopname_ln0 = specloopname void @_ssdm_op_SpecLoopName, void @VITIS_LOOP_506_1_VITIS_LOOP_507_2_VITIS_LOOP_508_3_str"   --->   Operation 94 'specloopname' 'specloopname_ln0' <Predicate = true> <Delay = 0.00>
ST_20 : Operation 95 [1/1] (0.00ns)   --->   "%speclooptripcount_ln0 = speclooptripcount void @_ssdm_op_SpecLoopTripCount, i64 24576, i64 24576, i64 24576"   --->   Operation 95 'speclooptripcount' 'speclooptripcount_ln0' <Predicate = true> <Delay = 0.00>
ST_20 : Operation 96 [1/1] (0.00ns)   --->   "%specpipeline_ln509 = specpipeline void @_ssdm_op_SpecPipeline, i32 1, i32 0, i32 0, i32 0, i32 4294967295, void @empty_35" [spikingformer_official.cpp:509]   --->   Operation 96 'specpipeline' 'specpipeline_ln509' <Predicate = true> <Delay = 0.00>
ST_20 : Operation 97 [1/5] ( I:7.30ns O:7.30ns )   --->   "%g0_addr_84_resp = writeresp i1 @_ssdm_op_WriteResp.m_axi.i32P1A, i32 %g0_addr" [spikingformer_official.cpp:513]   --->   Operation 97 'writeresp' 'g0_addr_84_resp' <Predicate = true> <Delay = 7.30> <CoreInst = "m_axi">   --->   Core 119 'm_axi' <Latency = 3> <II = 1> <Delay = 1.00> <Adapter> <Opcode : 'readrequnaligned' 'writerequnaligned' 'read' 'write' 'readreq' 'writereq' 'writeresp'>
ST_20 : Operation 98 [1/1] (0.00ns)   --->   "%br_ln508 = br void %for.inc" [spikingformer_official.cpp:508]   --->   Operation 98 'br' 'br_ln508' <Predicate = true> <Delay = 0.00>


============================================================
+ Verbose Summary: Timing violations
============================================================
Target clock period: 10.000ns, clock uncertainty: 2.700ns.

 <State 1>: 0.427ns
The critical path consists of the following:
	'alloca' operation 15 bit ('indvar_flatten13') [7]  (0.000 ns)
	'store' operation ('store_ln0') of constant 0 15 bit on local variable 'indvar_flatten13' [11]  (0.427 ns)

 <State 2>: 3.163ns
The critical path consists of the following:
	'load' operation 8 bit ('indvar_flatten_load', spikingformer_official.cpp:507) on local variable 'indvar_flatten' [25]  (0.000 ns)
	'icmp' operation 1 bit ('icmp_ln507', spikingformer_official.cpp:507) [30]  (0.765 ns)
	'select' operation 4 bit ('select_ln506', spikingformer_official.cpp:506) [31]  (0.391 ns)
	'add' operation 4 bit ('add_ln507', spikingformer_official.cpp:507) [36]  (0.797 ns)
	'select' operation 4 bit ('select_ln507', spikingformer_official.cpp:507) [39]  (0.391 ns)
	'add' operation 64 bit ('add_ln511_1', spikingformer_official.cpp:511) [48]  (0.819 ns)

 <State 3>: 0.000ns
The critical path consists of the following:

 <State 4>: 0.000ns
The critical path consists of the following:

 <State 5>: 0.000ns
The critical path consists of the following:

 <State 6>: 0.000ns
The critical path consists of the following:

 <State 7>: 0.000ns
The critical path consists of the following:

 <State 8>: 0.000ns
The critical path consists of the following:

 <State 9>: 0.000ns
The critical path consists of the following:

 <State 10>: 7.300ns
The critical path consists of the following:
	bus request operation ('g0_load_req', spikingformer_official.cpp:511) on port 'g0' (spikingformer_official.cpp:511) [52]  (7.300 ns)

 <State 11>: 7.300ns
The critical path consists of the following:
	bus read operation ('g0_addr_read', spikingformer_official.cpp:511) on port 'g0' (spikingformer_official.cpp:511) [53]  (7.300 ns)

 <State 12>: 7.016ns
The critical path consists of the following:
	'fmul' operation 32 bit ('v209', spikingformer_official.cpp:512) [55]  (7.016 ns)

 <State 13>: 7.016ns
The critical path consists of the following:
	'fmul' operation 32 bit ('v209', spikingformer_official.cpp:512) [55]  (7.016 ns)

 <State 14>: 7.300ns
The critical path consists of the following:
	bus request operation ('g0_addr_84_req', spikingformer_official.cpp:513) on port 'g0' (spikingformer_official.cpp:513) [57]  (7.300 ns)

 <State 15>: 7.300ns
The critical path consists of the following:
	bus write operation ('write_ln513', spikingformer_official.cpp:513) on port 'g0' (spikingformer_official.cpp:513) [58]  (7.300 ns)

 <State 16>: 0.000ns
The critical path consists of the following:

 <State 17>: 0.000ns
The critical path consists of the following:

 <State 18>: 0.000ns
The critical path consists of the following:

 <State 19>: 0.427ns
The critical path consists of the following:

 <State 20>: 7.300ns
The critical path consists of the following:
	bus response operation ('g0_addr_84_resp', spikingformer_official.cpp:513) on port 'g0' (spikingformer_official.cpp:513) [59]  (7.300 ns)


============================================================
+ Verbose Summary: Binding
============================================================
N/A
* FSMD analyzer results:
  - Output states:
 - Input state : 
  - Chain level:
	State 1
	State 2
	State 3
	State 4
	State 5
	State 6
	State 7
	State 8
	State 9
	State 10
	State 11
	State 12
	State 13
	State 14
	State 15
	State 16
	State 17
	State 18
	State 19
	State 20


============================================================
+ Verbose Summary: Datapath Resource usage 
============================================================
N/A
