

================================================================
== Vitis HLS Report for 'kernel46_Pipeline_VITIS_LOOP_633_1_VITIS_LOOP_634_2'
================================================================
* Date:           Sun Jul 12 20:26:45 2026

* Version:        2025.2 (Build 6295257 on Nov 14 2025)
* Project:        spikingformer_proj
* Solution:       solution1 (Vivado IP Flow Target)
* Product family: zynquplus
* Target device:  xczu7ev-ffvc1156-2-e


================================================================
== Performance Estimates
================================================================
+ Timing: 
    * Summary: 
    +--------+----------+----------+------------+
    |  Clock |  Target  | Estimated| Uncertainty|
    +--------+----------+----------+------------+
    |ap_clk  |  10.00 ns|  7.300 ns|     2.70 ns|
    +--------+----------+----------+------------+

+ Latency: 
    * Summary: 
    +---------+---------+----------+----------+-----+-----+-------------------+
    |  Latency (cycles) |  Latency (absolute) |  Interval |      Pipeline     |
    |   min   |   max   |    min   |    max   | min | max |        Type       |
    +---------+---------+----------+----------+-----+-----+-------------------+
    |    49167|    49167|  0.492 ms|  0.492 ms|    0|    0|  loop pipeline stp|
    +---------+---------+----------+----------+-----+-----+-------------------+

    + Detail: 
        * Instance: 
        N/A

        * Loop: 
        +-------------------------------------+---------+---------+----------+-----------+-----------+-------+----------+
        |                                     |  Latency (cycles) | Iteration|  Initiation Interval  |  Trip |          |
        |              Loop Name              |   min   |   max   |  Latency |  achieved |   target  | Count | Pipelined|
        +-------------------------------------+---------+---------+----------+-----------+-----------+-------+----------+
        |- VITIS_LOOP_633_1_VITIS_LOOP_634_2  |    49165|    49165|        16|          2|          1|  24576|       yes|
        +-------------------------------------+---------+---------+----------+-----------+-----------+-------+----------+



================================================================
== Utilization Estimates
================================================================
* Summary: 
+-----------------+---------+------+--------+--------+-----+
|       Name      | BRAM_18K|  DSP |   FF   |   LUT  | URAM|
+-----------------+---------+------+--------+--------+-----+
|DSP              |        -|     -|       -|       -|    -|
|Expression       |        -|     -|       0|     405|    -|
|FIFO             |        -|     -|       -|       -|    -|
|Instance         |        -|     2|     227|     214|    -|
|Memory           |        -|     -|       -|       -|    -|
|Multiplexer      |        -|     -|       0|     136|    -|
|Register         |        -|     -|     280|       -|    -|
+-----------------+---------+------+--------+--------+-----+
|Total            |        0|     2|     507|     755|    0|
+-----------------+---------+------+--------+--------+-----+
|Available        |      624|  1728|  460800|  230400|   96|
+-----------------+---------+------+--------+--------+-----+
|Utilization (%)  |        0|    ~0|      ~0|      ~0|    0|
+-----------------+---------+------+--------+--------+-----+

+ Detail: 
    * Instance: 
    +-------------------------------------+--------------------------------+---------+----+-----+-----+-----+
    |               Instance              |             Module             | BRAM_18K| DSP|  FF | LUT | URAM|
    +-------------------------------------+--------------------------------+---------+----+-----+-----+-----+
    |fsub_32ns_32ns_32_4_full_dsp_1_U530  |fsub_32ns_32ns_32_4_full_dsp_1  |        0|   2|  227|  214|    0|
    +-------------------------------------+--------------------------------+---------+----+-----+-----+-----+
    |Total                                |                                |        0|   2|  227|  214|    0|
    +-------------------------------------+--------------------------------+---------+----+-----+-----+-----+

    * DSP: 
    N/A

    * Memory: 
    N/A

    * FIFO: 
    N/A

    * Expression: 
    +--------------------------------+----------+----+---+----+------------+------------+
    |          Variable Name         | Operation| DSP| FF| LUT| Bitwidth P0| Bitwidth P1|
    +--------------------------------+----------+----+---+----+------------+------------+
    |add_ln633_1_fu_188_p2           |         +|   0|  0|  22|          15|           1|
    |add_ln633_fu_200_p2             |         +|   0|  0|  14|           7|           1|
    |add_ln634_fu_334_p2             |         +|   0|  0|  16|           9|           1|
    |add_ln639_1_fu_276_p2           |         +|   0|  0|  64|          64|          64|
    |add_ln639_fu_270_p2             |         +|   0|  0|  64|          64|          64|
    |add_ln640_1_fu_308_p2           |         +|   0|  0|  64|          64|          64|
    |add_ln640_fu_302_p2             |         +|   0|  0|  64|          64|          64|
    |sub_ln639_fu_248_p2             |         -|   0|  0|  25|          18|          18|
    |ap_block_pp0_stage0_11001_grp2  |       and|   0|  0|   2|           1|           1|
    |ap_block_pp0_stage0_11001_grp4  |       and|   0|  0|   2|           1|           1|
    |ap_block_pp0_stage1_11001_grp1  |       and|   0|  0|   2|           1|           1|
    |ap_block_pp0_stage1_11001_grp3  |       and|   0|  0|   2|           1|           1|
    |ap_block_pp0_stage1_11001_grp5  |       and|   0|  0|   2|           1|           1|
    |ap_block_state2_io_grp1         |       and|   0|  0|   2|           1|           1|
    |icmp_ln633_fu_182_p2            |      icmp|   0|  0|  22|          15|          15|
    |icmp_ln634_fu_206_p2            |      icmp|   0|  0|  16|           9|           9|
    |ap_block_pp0_stage0_11001       |        or|   0|  0|   2|           1|           1|
    |ap_block_pp0_stage1_11001       |        or|   0|  0|   2|           1|           1|
    |select_ln633_1_fu_220_p3        |    select|   0|  0|   7|           1|           7|
    |select_ln633_fu_212_p3          |    select|   0|  0|   9|           1|           1|
    |ap_enable_pp0                   |       xor|   0|  0|   2|           1|           2|
    +--------------------------------+----------+----+---+----+------------+------------+
    |Total                           |          |   0|  0| 405|         340|         319|
    +--------------------------------+----------+----+---+----+------------+------------+

    * Multiplexer: 
    +--------------------------------------+----+-----------+-----+-----------+
    |                 Name                 | LUT| Input Size| Bits| Total Bits|
    +--------------------------------------+----+-----------+-----+-----------+
    |ap_NS_fsm                             |  14|          3|    1|          3|
    |ap_done_int                           |   9|          2|    1|          2|
    |ap_enable_reg_pp0_iter0               |   9|          2|    1|          2|
    |ap_enable_reg_pp0_iter1               |   9|          2|    1|          2|
    |ap_sig_allocacmp_indvar_flatten_load  |   9|          2|   15|         30|
    |ap_sig_allocacmp_v257_load            |   9|          2|    7|         14|
    |ap_sig_allocacmp_v258_load            |   9|          2|    9|         18|
    |g0_blk_n_AR                           |   9|          2|    1|          2|
    |g0_blk_n_R                            |   9|          2|    1|          2|
    |g0_blk_n_W                            |   9|          2|    1|          2|
    |indvar_flatten_fu_102                 |   9|          2|   15|         30|
    |m_axi_g0_0_ARADDR                     |  14|          3|   64|        192|
    |v257_fu_98                            |   9|          2|    7|         14|
    |v258_fu_94                            |   9|          2|    9|         18|
    +--------------------------------------+----+-----------+-----+-----------+
    |Total                                 | 136|         30|  133|        331|
    +--------------------------------------+----+-----------+-----+-----------+

    * Register: 
    +-------------------------------------------+----+----+-----+-----------+
    |                    Name                   | FF | LUT| Bits| Const Bits|
    +-------------------------------------------+----+----+-----+-----------+
    |ap_CS_fsm                                  |   2|   0|    2|          0|
    |ap_block_pp0_stage0_subdone_grp0_done_reg  |   1|   0|    1|          0|
    |ap_block_pp0_stage0_subdone_grp2_done_reg  |   1|   0|    1|          0|
    |ap_block_pp0_stage0_subdone_grp4_done_reg  |   1|   0|    1|          0|
    |ap_block_pp0_stage1_subdone_grp0_done_reg  |   1|   0|    1|          0|
    |ap_block_pp0_stage1_subdone_grp1_done_reg  |   1|   0|    1|          0|
    |ap_block_pp0_stage1_subdone_grp3_done_reg  |   1|   0|    1|          0|
    |ap_block_pp0_stage1_subdone_grp5_done_reg  |   1|   0|    1|          0|
    |ap_done_reg                                |   1|   0|    1|          0|
    |ap_enable_reg_pp0_iter0_reg                |   1|   0|    1|          0|
    |ap_enable_reg_pp0_iter1                    |   1|   0|    1|          0|
    |ap_enable_reg_pp0_iter2                    |   1|   0|    1|          0|
    |ap_enable_reg_pp0_iter3                    |   1|   0|    1|          0|
    |ap_enable_reg_pp0_iter4                    |   1|   0|    1|          0|
    |ap_enable_reg_pp0_iter5                    |   1|   0|    1|          0|
    |ap_enable_reg_pp0_iter6                    |   1|   0|    1|          0|
    |ap_enable_reg_pp0_iter7                    |   1|   0|    1|          0|
    |ap_loop_exit_ready_pp0_iter1_reg           |   1|   0|    1|          0|
    |ap_loop_exit_ready_pp0_iter2_reg           |   1|   0|    1|          0|
    |ap_loop_exit_ready_pp0_iter3_reg           |   1|   0|    1|          0|
    |ap_loop_exit_ready_pp0_iter4_reg           |   1|   0|    1|          0|
    |ap_loop_exit_ready_pp0_iter5_reg           |   1|   0|    1|          0|
    |ap_loop_exit_ready_pp0_iter6_reg           |   1|   0|    1|          0|
    |g0_addr_25_read_reg_415                    |  32|   0|   32|          0|
    |g0_addr_25_reg_403                         |  64|   0|   64|          0|
    |g0_addr_26_read_reg_420                    |  32|   0|   32|          0|
    |g0_addr_26_reg_409                         |  64|   0|   64|          0|
    |icmp_ln633_reg_399                         |   1|   0|    1|          0|
    |indvar_flatten_fu_102                      |  15|   0|   15|          0|
    |v257_fu_98                                 |   7|   0|    7|          0|
    |v258_fu_94                                 |   9|   0|    9|          0|
    |v261_reg_435                               |  32|   0|   32|          0|
    +-------------------------------------------+----+----+-----+-----------+
    |Total                                      | 280|   0|  280|          0|
    +-------------------------------------------+----+----+-----+-----------+



================================================================
== Interface
================================================================
* Summary: 
+---------------------+-----+-----+------------+-----------------------------------------------------+--------------+
|      RTL Ports      | Dir | Bits|  Protocol  |                    Source Object                    |    C Type    |
+---------------------+-----+-----+------------+-----------------------------------------------------+--------------+
|ap_clk               |   in|    1|  ap_ctrl_hs|  kernel46_Pipeline_VITIS_LOOP_633_1_VITIS_LOOP_634_2|  return value|
|ap_rst               |   in|    1|  ap_ctrl_hs|  kernel46_Pipeline_VITIS_LOOP_633_1_VITIS_LOOP_634_2|  return value|
|ap_start             |   in|    1|  ap_ctrl_hs|  kernel46_Pipeline_VITIS_LOOP_633_1_VITIS_LOOP_634_2|  return value|
|ap_done              |  out|    1|  ap_ctrl_hs|  kernel46_Pipeline_VITIS_LOOP_633_1_VITIS_LOOP_634_2|  return value|
|ap_idle              |  out|    1|  ap_ctrl_hs|  kernel46_Pipeline_VITIS_LOOP_633_1_VITIS_LOOP_634_2|  return value|
|ap_ready             |  out|    1|  ap_ctrl_hs|  kernel46_Pipeline_VITIS_LOOP_633_1_VITIS_LOOP_634_2|  return value|
|m_axi_g0_0_AWVALID   |  out|    1|       m_axi|                                                   g0|       pointer|
|m_axi_g0_0_AWREADY   |   in|    1|       m_axi|                                                   g0|       pointer|
|m_axi_g0_0_AWADDR    |  out|   64|       m_axi|                                                   g0|       pointer|
|m_axi_g0_0_AWID      |  out|    1|       m_axi|                                                   g0|       pointer|
|m_axi_g0_0_AWLEN     |  out|   32|       m_axi|                                                   g0|       pointer|
|m_axi_g0_0_AWSIZE    |  out|    3|       m_axi|                                                   g0|       pointer|
|m_axi_g0_0_AWBURST   |  out|    2|       m_axi|                                                   g0|       pointer|
|m_axi_g0_0_AWLOCK    |  out|    2|       m_axi|                                                   g0|       pointer|
|m_axi_g0_0_AWCACHE   |  out|    4|       m_axi|                                                   g0|       pointer|
|m_axi_g0_0_AWPROT    |  out|    3|       m_axi|                                                   g0|       pointer|
|m_axi_g0_0_AWQOS     |  out|    4|       m_axi|                                                   g0|       pointer|
|m_axi_g0_0_AWREGION  |  out|    4|       m_axi|                                                   g0|       pointer|
|m_axi_g0_0_AWUSER    |  out|    1|       m_axi|                                                   g0|       pointer|
|m_axi_g0_0_WVALID    |  out|    1|       m_axi|                                                   g0|       pointer|
|m_axi_g0_0_WREADY    |   in|    1|       m_axi|                                                   g0|       pointer|
|m_axi_g0_0_WDATA     |  out|   32|       m_axi|                                                   g0|       pointer|
|m_axi_g0_0_WSTRB     |  out|    4|       m_axi|                                                   g0|       pointer|
|m_axi_g0_0_WLAST     |  out|    1|       m_axi|                                                   g0|       pointer|
|m_axi_g0_0_WID       |  out|    1|       m_axi|                                                   g0|       pointer|
|m_axi_g0_0_WUSER     |  out|    1|       m_axi|                                                   g0|       pointer|
|m_axi_g0_0_ARVALID   |  out|    1|       m_axi|                                                   g0|       pointer|
|m_axi_g0_0_ARREADY   |   in|    1|       m_axi|                                                   g0|       pointer|
|m_axi_g0_0_ARADDR    |  out|   64|       m_axi|                                                   g0|       pointer|
|m_axi_g0_0_ARID      |  out|    1|       m_axi|                                                   g0|       pointer|
|m_axi_g0_0_ARLEN     |  out|   32|       m_axi|                                                   g0|       pointer|
|m_axi_g0_0_ARSIZE    |  out|    3|       m_axi|                                                   g0|       pointer|
|m_axi_g0_0_ARBURST   |  out|    2|       m_axi|                                                   g0|       pointer|
|m_axi_g0_0_ARLOCK    |  out|    2|       m_axi|                                                   g0|       pointer|
|m_axi_g0_0_ARCACHE   |  out|    4|       m_axi|                                                   g0|       pointer|
|m_axi_g0_0_ARPROT    |  out|    3|       m_axi|                                                   g0|       pointer|
|m_axi_g0_0_ARQOS     |  out|    4|       m_axi|                                                   g0|       pointer|
|m_axi_g0_0_ARREGION  |  out|    4|       m_axi|                                                   g0|       pointer|
|m_axi_g0_0_ARUSER    |  out|    1|       m_axi|                                                   g0|       pointer|
|m_axi_g0_0_RVALID    |   in|    1|       m_axi|                                                   g0|       pointer|
|m_axi_g0_0_RREADY    |  out|    1|       m_axi|                                                   g0|       pointer|
|m_axi_g0_0_RDATA     |   in|   32|       m_axi|                                                   g0|       pointer|
|m_axi_g0_0_RLAST     |   in|    1|       m_axi|                                                   g0|       pointer|
|m_axi_g0_0_RID       |   in|    1|       m_axi|                                                   g0|       pointer|
|m_axi_g0_0_RFIFONUM  |   in|    9|       m_axi|                                                   g0|       pointer|
|m_axi_g0_0_RUSER     |   in|    1|       m_axi|                                                   g0|       pointer|
|m_axi_g0_0_RRESP     |   in|    2|       m_axi|                                                   g0|       pointer|
|m_axi_g0_0_BVALID    |   in|    1|       m_axi|                                                   g0|       pointer|
|m_axi_g0_0_BREADY    |  out|    1|       m_axi|                                                   g0|       pointer|
|m_axi_g0_0_BRESP     |   in|    2|       m_axi|                                                   g0|       pointer|
|m_axi_g0_0_BID       |   in|    1|       m_axi|                                                   g0|       pointer|
|m_axi_g0_0_BUSER     |   in|    1|       m_axi|                                                   g0|       pointer|
|sext_ln636           |   in|   62|     ap_none|                                           sext_ln636|        scalar|
|sext_ln633           |   in|   62|     ap_none|                                           sext_ln633|        scalar|
|sext_ln638           |   in|   62|     ap_none|                                           sext_ln638|        scalar|
|v255                 |   in|   64|     ap_none|                                                 v255|        scalar|
|v254                 |   in|   64|     ap_none|                                                 v254|        scalar|
+---------------------+-----+-----+------------+-----------------------------------------------------+--------------+

============================================================
+ Verbose Summary: Synthesis Manager
============================================================
InlineROM: 1
ExposeGlobal: 0
============================================================
+ Verbose Summary: CDFG Model
============================================================
IsTopModel: 0
ResetActiveHigh: 1
IsCombinational: 2
IsDatapathOnly: 2
HasWiredReturn: 1
HasMFsm: 2
HasVarLatency: 1
IsPipeline: 0
IsRtlPipelined: 0
IsInstanceOverlapped: 0
IsDontTouch: 0
HasImplIP: 0
IsGatedGlobalClock: 0

+ Individual pipeline summary: 
  * Pipeline-0: initiation interval (II) = 2, depth = 16


============================================================
+ Verbose Summary: Schedule
============================================================
* Number of FSM states : 16
* Pipeline : 1
  Pipeline-0 : II = 2, D = 16, States = { 1 2 3 4 5 6 7 8 9 10 11 12 13 14 15 16 }
* Dataflow Pipeline: 0

* FSM state transitions: 
1 --> 2 
2 --> 3 
3 --> 4 
4 --> 5 
5 --> 6 
6 --> 7 
7 --> 8 
8 --> 9 
9 --> 10 
10 --> 11 
11 --> 12 
12 --> 13 
13 --> 14 
14 --> 15 
15 --> 16 
16 --> 

* FSM state operations: 

State 1 <SV = 0> <Delay = 3.25>
ST_1 : Operation 19 [1/1] (0.00ns)   --->   "%v258 = alloca i32 1" [spikingformer_official.cpp:634]   --->   Operation 19 'alloca' 'v258' <Predicate = true> <Delay = 0.00>
ST_1 : Operation 20 [1/1] (0.00ns)   --->   "%v257 = alloca i32 1" [spikingformer_official.cpp:633]   --->   Operation 20 'alloca' 'v257' <Predicate = true> <Delay = 0.00>
ST_1 : Operation 21 [1/1] (0.00ns)   --->   "%indvar_flatten = alloca i32 1"   --->   Operation 21 'alloca' 'indvar_flatten' <Predicate = true> <Delay = 0.00>
ST_1 : Operation 22 [1/1] (0.00ns)   --->   "%v254_read = read i64 @_ssdm_op_Read.ap_auto.i64, i64 %v254"   --->   Operation 22 'read' 'v254_read' <Predicate = true> <Delay = 0.00>
ST_1 : Operation 23 [1/1] (0.00ns)   --->   "%v255_read = read i64 @_ssdm_op_Read.ap_auto.i64, i64 %v255"   --->   Operation 23 'read' 'v255_read' <Predicate = true> <Delay = 0.00>
ST_1 : Operation 24 [1/1] (0.00ns)   --->   "%sext_ln6386 = read i62 @_ssdm_op_Read.ap_auto.i62, i62 %sext_ln638"   --->   Operation 24 'read' 'sext_ln6386' <Predicate = true> <Delay = 0.00>
ST_1 : Operation 25 [1/1] (0.00ns)   --->   "%sext_ln633_read = read i62 @_ssdm_op_Read.ap_auto.i62, i62 %sext_ln633"   --->   Operation 25 'read' 'sext_ln633_read' <Predicate = true> <Delay = 0.00>
ST_1 : Operation 26 [1/1] (0.00ns)   --->   "%sext_ln6364 = read i62 @_ssdm_op_Read.ap_auto.i62, i62 %sext_ln636"   --->   Operation 26 'read' 'sext_ln6364' <Predicate = true> <Delay = 0.00>
ST_1 : Operation 27 [1/1] (0.00ns)   --->   "%sext_ln633_cast = sext i62 %sext_ln633_read"   --->   Operation 27 'sext' 'sext_ln633_cast' <Predicate = true> <Delay = 0.00>
ST_1 : Operation 28 [1/1] (0.00ns)   --->   "%specstablecontent_ln0 = specstablecontent void @_ssdm_op_SpecStableContent, i32 %g0, i1 1, void "   --->   Operation 28 'specstablecontent' 'specstablecontent_ln0' <Predicate = true> <Delay = 0.00>
ST_1 : Operation 29 [1/1] (0.00ns)   --->   "%specinterface_ln0 = specinterface void @_ssdm_op_SpecInterface, i32 %g0, void @empty_26, i32 0, i32 0, void @empty_35, i32 0, i32 0, void @empty_22, void @empty_25, void @empty_35, i32 16, i32 16, i32 16, i32 16, void @empty_35, void @empty_35, i32 4294967295, i32 0, i32 0, i32 4"   --->   Operation 29 'specinterface' 'specinterface_ln0' <Predicate = true> <Delay = 0.00>
ST_1 : Operation 30 [1/1] (0.42ns)   --->   "%store_ln0 = store i15 0, i15 %indvar_flatten"   --->   Operation 30 'store' 'store_ln0' <Predicate = true> <Delay = 0.42>
ST_1 : Operation 31 [1/1] (0.42ns)   --->   "%store_ln633 = store i7 0, i7 %v257" [spikingformer_official.cpp:633]   --->   Operation 31 'store' 'store_ln633' <Predicate = true> <Delay = 0.42>
ST_1 : Operation 32 [1/1] (0.42ns)   --->   "%store_ln634 = store i9 0, i9 %v258" [spikingformer_official.cpp:634]   --->   Operation 32 'store' 'store_ln634' <Predicate = true> <Delay = 0.42>
ST_1 : Operation 33 [1/1] (0.00ns)   --->   "%br_ln0 = br void %for.inc"   --->   Operation 33 'br' 'br_ln0' <Predicate = true> <Delay = 0.00>
ST_1 : Operation 34 [1/1] (0.00ns)   --->   "%indvar_flatten_load = load i15 %indvar_flatten" [spikingformer_official.cpp:633]   --->   Operation 34 'load' 'indvar_flatten_load' <Predicate = true> <Delay = 0.00>
ST_1 : Operation 35 [1/1] (0.84ns)   --->   "%icmp_ln633 = icmp_eq  i15 %indvar_flatten_load, i15 24576" [spikingformer_official.cpp:633]   --->   Operation 35 'icmp' 'icmp_ln633' <Predicate = true> <Delay = 0.84> <CoreInst = "Cmp">   --->   Core 9 'Cmp' <Latency = 0> <II = 1> <Delay = 0.84> <FuncUnit> <Opcode : 'seteq' 'setne' 'setle' 'setge' 'setlt' 'setgt'> <InPorts = 2> <OutPorts = 1>
ST_1 : Operation 36 [1/1] (0.84ns)   --->   "%add_ln633_1 = add i15 %indvar_flatten_load, i15 1" [spikingformer_official.cpp:633]   --->   Operation 36 'add' 'add_ln633_1' <Predicate = true> <Delay = 0.84> <CoreInst = "Adder">   --->   Core 1 'Adder' <Latency = 0> <II = 1> <Delay = 0.84> <FuncUnit> <Opcode : 'add' 'sub'> <InPorts = 2> <OutPorts = 1>
ST_1 : Operation 37 [1/1] (0.00ns)   --->   "%br_ln633 = br i1 %icmp_ln633, void %for.inc18, void %for.end20.exitStub" [spikingformer_official.cpp:633]   --->   Operation 37 'br' 'br_ln633' <Predicate = true> <Delay = 0.00>
ST_1 : Operation 38 [1/1] (0.00ns)   --->   "%v258_load = load i9 %v258" [spikingformer_official.cpp:634]   --->   Operation 38 'load' 'v258_load' <Predicate = (!icmp_ln633)> <Delay = 0.00>
ST_1 : Operation 39 [1/1] (0.00ns)   --->   "%v257_load = load i7 %v257" [spikingformer_official.cpp:633]   --->   Operation 39 'load' 'v257_load' <Predicate = (!icmp_ln633)> <Delay = 0.00>
ST_1 : Operation 40 [1/1] (0.77ns)   --->   "%add_ln633 = add i7 %v257_load, i7 1" [spikingformer_official.cpp:633]   --->   Operation 40 'add' 'add_ln633' <Predicate = (!icmp_ln633)> <Delay = 0.77> <CoreInst = "Adder">   --->   Core 1 'Adder' <Latency = 0> <II = 1> <Delay = 0.77> <FuncUnit> <Opcode : 'add' 'sub'> <InPorts = 2> <OutPorts = 1>
ST_1 : Operation 41 [1/1] (0.77ns)   --->   "%icmp_ln634 = icmp_eq  i9 %v258_load, i9 384" [spikingformer_official.cpp:634]   --->   Operation 41 'icmp' 'icmp_ln634' <Predicate = (!icmp_ln633)> <Delay = 0.77> <CoreInst = "Cmp">   --->   Core 9 'Cmp' <Latency = 0> <II = 1> <Delay = 0.77> <FuncUnit> <Opcode : 'seteq' 'setne' 'setle' 'setge' 'setlt' 'setgt'> <InPorts = 2> <OutPorts = 1>
ST_1 : Operation 42 [1/1] (0.39ns)   --->   "%select_ln633 = select i1 %icmp_ln634, i9 0, i9 %v258_load" [spikingformer_official.cpp:633]   --->   Operation 42 'select' 'select_ln633' <Predicate = (!icmp_ln633)> <Delay = 0.39> <CoreInst = "Sel">   --->   Core 73 'Sel' <Latency = 0> <II = 1> <Delay = 0.39> <FuncUnit> <Opcode : 'select'> <InPorts = 3> <OutPorts = 1>
ST_1 : Operation 43 [1/1] (0.36ns)   --->   "%select_ln633_1 = select i1 %icmp_ln634, i7 %add_ln633, i7 %v257_load" [spikingformer_official.cpp:633]   --->   Operation 43 'select' 'select_ln633_1' <Predicate = (!icmp_ln633)> <Delay = 0.36> <CoreInst = "Sel">   --->   Core 73 'Sel' <Latency = 0> <II = 1> <Delay = 0.36> <FuncUnit> <Opcode : 'select'> <InPorts = 3> <OutPorts = 1>
ST_1 : Operation 44 [1/1] (0.00ns)   --->   "%p_shl = bitconcatenate i18 @_ssdm_op_BitConcatenate.i18.i7.i11, i7 %select_ln633_1, i11 0" [spikingformer_official.cpp:639]   --->   Operation 44 'bitconcatenate' 'p_shl' <Predicate = (!icmp_ln633)> <Delay = 0.00>
ST_1 : Operation 45 [1/1] (0.00ns)   --->   "%tmp = bitconcatenate i16 @_ssdm_op_BitConcatenate.i16.i7.i9, i7 %select_ln633_1, i9 0" [spikingformer_official.cpp:639]   --->   Operation 45 'bitconcatenate' 'tmp' <Predicate = (!icmp_ln633)> <Delay = 0.00>
ST_1 : Operation 46 [1/1] (0.00ns)   --->   "%zext_ln639_1 = zext i16 %tmp" [spikingformer_official.cpp:639]   --->   Operation 46 'zext' 'zext_ln639_1' <Predicate = (!icmp_ln633)> <Delay = 0.00>
ST_1 : Operation 47 [1/1] (0.87ns)   --->   "%sub_ln639 = sub i18 %p_shl, i18 %zext_ln639_1" [spikingformer_official.cpp:639]   --->   Operation 47 'sub' 'sub_ln639' <Predicate = (!icmp_ln633)> <Delay = 0.87> <CoreInst = "Adder">   --->   Core 1 'Adder' <Latency = 0> <II = 1> <Delay = 0.87> <FuncUnit> <Opcode : 'add' 'sub'> <InPorts = 2> <OutPorts = 1>
ST_1 : Operation 48 [1/1] (0.00ns)   --->   "%zext_ln634 = zext i18 %sub_ln639" [spikingformer_official.cpp:634]   --->   Operation 48 'zext' 'zext_ln634' <Predicate = (!icmp_ln633)> <Delay = 0.00>
ST_1 : Operation 49 [1/1] (0.00ns)   --->   "%shl_ln = bitconcatenate i11 @_ssdm_op_BitConcatenate.i11.i9.i2, i9 %select_ln633, i2 0" [spikingformer_official.cpp:639]   --->   Operation 49 'bitconcatenate' 'shl_ln' <Predicate = (!icmp_ln633)> <Delay = 0.00>
ST_1 : Operation 50 [1/1] (0.00ns)   --->   "%zext_ln639 = zext i11 %shl_ln" [spikingformer_official.cpp:639]   --->   Operation 50 'zext' 'zext_ln639' <Predicate = (!icmp_ln633)> <Delay = 0.00>
ST_1 : Operation 51 [1/1] (0.00ns) (grouped into TernaryAdder)   --->   "%add_ln639 = add i64 %zext_ln639, i64 %v255_read" [spikingformer_official.cpp:639]   --->   Operation 51 'add' 'add_ln639' <Predicate = (!icmp_ln633)> <Delay = 0.00> <CoreInst = "TAddSub">   --->   Core 10 'TAddSub' <Latency = 0> <II = 1> <Delay = 0.40> <IPBlock> <Opcode : 'add' 'sub'> <InPorts = 3> <OutPorts = 1> <Sync> <CReg>
ST_1 : Operation 52 [1/1] (0.81ns) (root node of TernaryAdder)   --->   "%add_ln639_1 = add i64 %add_ln639, i64 %zext_ln634" [spikingformer_official.cpp:639]   --->   Operation 52 'add' 'add_ln639_1' <Predicate = (!icmp_ln633)> <Delay = 0.81> <CoreInst = "TAddSub">   --->   Core 10 'TAddSub' <Latency = 0> <II = 1> <Delay = 0.40> <IPBlock> <Opcode : 'add' 'sub'> <InPorts = 3> <OutPorts = 1> <Sync> <CReg>
ST_1 : Operation 53 [1/1] (0.00ns)   --->   "%trunc_ln = partselect i62 @_ssdm_op_PartSelect.i62.i64.i32.i32, i64 %add_ln639_1, i32 2, i32 63" [spikingformer_official.cpp:639]   --->   Operation 53 'partselect' 'trunc_ln' <Predicate = (!icmp_ln633)> <Delay = 0.00>
ST_1 : Operation 54 [1/1] (0.00ns)   --->   "%sext_ln639 = sext i62 %trunc_ln" [spikingformer_official.cpp:639]   --->   Operation 54 'sext' 'sext_ln639' <Predicate = (!icmp_ln633)> <Delay = 0.00>
ST_1 : Operation 55 [1/1] (0.00ns)   --->   "%g0_addr_25 = getelementptr i32 %g0, i64 %sext_ln639" [spikingformer_official.cpp:639]   --->   Operation 55 'getelementptr' 'g0_addr_25' <Predicate = (!icmp_ln633)> <Delay = 0.00>
ST_1 : Operation 56 [1/1] (0.00ns) (grouped into TernaryAdder)   --->   "%add_ln640 = add i64 %zext_ln639, i64 %v254_read" [spikingformer_official.cpp:640]   --->   Operation 56 'add' 'add_ln640' <Predicate = (!icmp_ln633)> <Delay = 0.00> <CoreInst = "TAddSub">   --->   Core 10 'TAddSub' <Latency = 0> <II = 1> <Delay = 0.40> <IPBlock> <Opcode : 'add' 'sub'> <InPorts = 3> <OutPorts = 1> <Sync> <CReg>
ST_1 : Operation 57 [1/1] (0.81ns) (root node of TernaryAdder)   --->   "%add_ln640_1 = add i64 %add_ln640, i64 %zext_ln634" [spikingformer_official.cpp:640]   --->   Operation 57 'add' 'add_ln640_1' <Predicate = (!icmp_ln633)> <Delay = 0.81> <CoreInst = "TAddSub">   --->   Core 10 'TAddSub' <Latency = 0> <II = 1> <Delay = 0.40> <IPBlock> <Opcode : 'add' 'sub'> <InPorts = 3> <OutPorts = 1> <Sync> <CReg>
ST_1 : Operation 58 [1/1] (0.00ns)   --->   "%trunc_ln20 = partselect i62 @_ssdm_op_PartSelect.i62.i64.i32.i32, i64 %add_ln640_1, i32 2, i32 63" [spikingformer_official.cpp:640]   --->   Operation 58 'partselect' 'trunc_ln20' <Predicate = (!icmp_ln633)> <Delay = 0.00>
ST_1 : Operation 59 [1/1] (0.00ns)   --->   "%sext_ln640 = sext i62 %trunc_ln20" [spikingformer_official.cpp:640]   --->   Operation 59 'sext' 'sext_ln640' <Predicate = (!icmp_ln633)> <Delay = 0.00>
ST_1 : Operation 60 [1/1] (0.00ns)   --->   "%g0_addr_26 = getelementptr i32 %g0, i64 %sext_ln640" [spikingformer_official.cpp:640]   --->   Operation 60 'getelementptr' 'g0_addr_26' <Predicate = (!icmp_ln633)> <Delay = 0.00>
ST_1 : Operation 61 [1/1] (0.77ns)   --->   "%add_ln634 = add i9 %select_ln633, i9 1" [spikingformer_official.cpp:634]   --->   Operation 61 'add' 'add_ln634' <Predicate = (!icmp_ln633)> <Delay = 0.77> <CoreInst = "Adder">   --->   Core 1 'Adder' <Latency = 0> <II = 1> <Delay = 0.77> <FuncUnit> <Opcode : 'add' 'sub'> <InPorts = 2> <OutPorts = 1>
ST_1 : Operation 62 [1/1] (0.42ns)   --->   "%store_ln633 = store i15 %add_ln633_1, i15 %indvar_flatten" [spikingformer_official.cpp:633]   --->   Operation 62 'store' 'store_ln633' <Predicate = (!icmp_ln633)> <Delay = 0.42>
ST_1 : Operation 63 [1/1] (0.42ns)   --->   "%store_ln633 = store i7 %select_ln633_1, i7 %v257" [spikingformer_official.cpp:633]   --->   Operation 63 'store' 'store_ln633' <Predicate = (!icmp_ln633)> <Delay = 0.42>
ST_1 : Operation 64 [1/1] (0.42ns)   --->   "%store_ln634 = store i9 %add_ln634, i9 %v258" [spikingformer_official.cpp:634]   --->   Operation 64 'store' 'store_ln634' <Predicate = (!icmp_ln633)> <Delay = 0.42>

State 2 <SV = 1> <Delay = 0.00>
ST_2 : Operation 65 [8/8] (7.30ns)   --->   "%g0_load_req = readreq i1 @_ssdm_op_ReadReq.m_axi.i32P1A, i64 %g0_addr_25, i64 1" [spikingformer_official.cpp:639]   --->   Operation 65 'readreq' 'g0_load_req' <Predicate = (!icmp_ln633)> <Delay = 7.30> <CoreInst = "m_axi">   --->   Core 119 'm_axi' <Latency = 6> <II = 1> <Delay = 1.00> <Adapter> <Opcode : 'readrequnaligned' 'writerequnaligned' 'read' 'write' 'readreq' 'writereq' 'writeresp'>

State 3 <SV = 2> <Delay = 0.00>
ST_3 : Operation 66 [7/8] (7.30ns)   --->   "%g0_load_req = readreq i1 @_ssdm_op_ReadReq.m_axi.i32P1A, i64 %g0_addr_25, i64 1" [spikingformer_official.cpp:639]   --->   Operation 66 'readreq' 'g0_load_req' <Predicate = true> <Delay = 7.30> <CoreInst = "m_axi">   --->   Core 119 'm_axi' <Latency = 6> <II = 1> <Delay = 1.00> <Adapter> <Opcode : 'readrequnaligned' 'writerequnaligned' 'read' 'write' 'readreq' 'writereq' 'writeresp'>
ST_3 : Operation 67 [8/8] (7.30ns)   --->   "%g0_load_14_req = readreq i1 @_ssdm_op_ReadReq.m_axi.i32P1A, i64 %g0_addr_26, i64 1" [spikingformer_official.cpp:640]   --->   Operation 67 'readreq' 'g0_load_14_req' <Predicate = true> <Delay = 7.30> <CoreInst = "m_axi">   --->   Core 119 'm_axi' <Latency = 6> <II = 1> <Delay = 1.00> <Adapter> <Opcode : 'readrequnaligned' 'writerequnaligned' 'read' 'write' 'readreq' 'writereq' 'writeresp'>

State 4 <SV = 3> <Delay = 0.00>
ST_4 : Operation 68 [6/8] (7.30ns)   --->   "%g0_load_req = readreq i1 @_ssdm_op_ReadReq.m_axi.i32P1A, i64 %g0_addr_25, i64 1" [spikingformer_official.cpp:639]   --->   Operation 68 'readreq' 'g0_load_req' <Predicate = true> <Delay = 7.30> <CoreInst = "m_axi">   --->   Core 119 'm_axi' <Latency = 6> <II = 1> <Delay = 1.00> <Adapter> <Opcode : 'readrequnaligned' 'writerequnaligned' 'read' 'write' 'readreq' 'writereq' 'writeresp'>
ST_4 : Operation 69 [7/8] (7.30ns)   --->   "%g0_load_14_req = readreq i1 @_ssdm_op_ReadReq.m_axi.i32P1A, i64 %g0_addr_26, i64 1" [spikingformer_official.cpp:640]   --->   Operation 69 'readreq' 'g0_load_14_req' <Predicate = true> <Delay = 7.30> <CoreInst = "m_axi">   --->   Core 119 'm_axi' <Latency = 6> <II = 1> <Delay = 1.00> <Adapter> <Opcode : 'readrequnaligned' 'writerequnaligned' 'read' 'write' 'readreq' 'writereq' 'writeresp'>

State 5 <SV = 4> <Delay = 0.00>
ST_5 : Operation 70 [5/8] (7.30ns)   --->   "%g0_load_req = readreq i1 @_ssdm_op_ReadReq.m_axi.i32P1A, i64 %g0_addr_25, i64 1" [spikingformer_official.cpp:639]   --->   Operation 70 'readreq' 'g0_load_req' <Predicate = true> <Delay = 7.30> <CoreInst = "m_axi">   --->   Core 119 'm_axi' <Latency = 6> <II = 1> <Delay = 1.00> <Adapter> <Opcode : 'readrequnaligned' 'writerequnaligned' 'read' 'write' 'readreq' 'writereq' 'writeresp'>
ST_5 : Operation 71 [6/8] (7.30ns)   --->   "%g0_load_14_req = readreq i1 @_ssdm_op_ReadReq.m_axi.i32P1A, i64 %g0_addr_26, i64 1" [spikingformer_official.cpp:640]   --->   Operation 71 'readreq' 'g0_load_14_req' <Predicate = true> <Delay = 7.30> <CoreInst = "m_axi">   --->   Core 119 'm_axi' <Latency = 6> <II = 1> <Delay = 1.00> <Adapter> <Opcode : 'readrequnaligned' 'writerequnaligned' 'read' 'write' 'readreq' 'writereq' 'writeresp'>

State 6 <SV = 5> <Delay = 0.00>
ST_6 : Operation 72 [4/8] (7.30ns)   --->   "%g0_load_req = readreq i1 @_ssdm_op_ReadReq.m_axi.i32P1A, i64 %g0_addr_25, i64 1" [spikingformer_official.cpp:639]   --->   Operation 72 'readreq' 'g0_load_req' <Predicate = true> <Delay = 7.30> <CoreInst = "m_axi">   --->   Core 119 'm_axi' <Latency = 6> <II = 1> <Delay = 1.00> <Adapter> <Opcode : 'readrequnaligned' 'writerequnaligned' 'read' 'write' 'readreq' 'writereq' 'writeresp'>
ST_6 : Operation 73 [5/8] (7.30ns)   --->   "%g0_load_14_req = readreq i1 @_ssdm_op_ReadReq.m_axi.i32P1A, i64 %g0_addr_26, i64 1" [spikingformer_official.cpp:640]   --->   Operation 73 'readreq' 'g0_load_14_req' <Predicate = true> <Delay = 7.30> <CoreInst = "m_axi">   --->   Core 119 'm_axi' <Latency = 6> <II = 1> <Delay = 1.00> <Adapter> <Opcode : 'readrequnaligned' 'writerequnaligned' 'read' 'write' 'readreq' 'writereq' 'writeresp'>

State 7 <SV = 6> <Delay = 0.00>
ST_7 : Operation 74 [3/8] (7.30ns)   --->   "%g0_load_req = readreq i1 @_ssdm_op_ReadReq.m_axi.i32P1A, i64 %g0_addr_25, i64 1" [spikingformer_official.cpp:639]   --->   Operation 74 'readreq' 'g0_load_req' <Predicate = true> <Delay = 7.30> <CoreInst = "m_axi">   --->   Core 119 'm_axi' <Latency = 6> <II = 1> <Delay = 1.00> <Adapter> <Opcode : 'readrequnaligned' 'writerequnaligned' 'read' 'write' 'readreq' 'writereq' 'writeresp'>
ST_7 : Operation 75 [4/8] (7.30ns)   --->   "%g0_load_14_req = readreq i1 @_ssdm_op_ReadReq.m_axi.i32P1A, i64 %g0_addr_26, i64 1" [spikingformer_official.cpp:640]   --->   Operation 75 'readreq' 'g0_load_14_req' <Predicate = true> <Delay = 7.30> <CoreInst = "m_axi">   --->   Core 119 'm_axi' <Latency = 6> <II = 1> <Delay = 1.00> <Adapter> <Opcode : 'readrequnaligned' 'writerequnaligned' 'read' 'write' 'readreq' 'writereq' 'writeresp'>

State 8 <SV = 7> <Delay = 0.00>
ST_8 : Operation 76 [2/8] (7.30ns)   --->   "%g0_load_req = readreq i1 @_ssdm_op_ReadReq.m_axi.i32P1A, i64 %g0_addr_25, i64 1" [spikingformer_official.cpp:639]   --->   Operation 76 'readreq' 'g0_load_req' <Predicate = true> <Delay = 7.30> <CoreInst = "m_axi">   --->   Core 119 'm_axi' <Latency = 6> <II = 1> <Delay = 1.00> <Adapter> <Opcode : 'readrequnaligned' 'writerequnaligned' 'read' 'write' 'readreq' 'writereq' 'writeresp'>
ST_8 : Operation 77 [3/8] (7.30ns)   --->   "%g0_load_14_req = readreq i1 @_ssdm_op_ReadReq.m_axi.i32P1A, i64 %g0_addr_26, i64 1" [spikingformer_official.cpp:640]   --->   Operation 77 'readreq' 'g0_load_14_req' <Predicate = true> <Delay = 7.30> <CoreInst = "m_axi">   --->   Core 119 'm_axi' <Latency = 6> <II = 1> <Delay = 1.00> <Adapter> <Opcode : 'readrequnaligned' 'writerequnaligned' 'read' 'write' 'readreq' 'writereq' 'writeresp'>

State 9 <SV = 8> <Delay = 7.30>
ST_9 : Operation 78 [1/8] ( I:7.30ns O:7.30ns )   --->   "%g0_load_req = readreq i1 @_ssdm_op_ReadReq.m_axi.i32P1A, i64 %g0_addr_25, i64 1" [spikingformer_official.cpp:639]   --->   Operation 78 'readreq' 'g0_load_req' <Predicate = true> <Delay = 7.30> <CoreInst = "m_axi">   --->   Core 119 'm_axi' <Latency = 6> <II = 1> <Delay = 1.00> <Adapter> <Opcode : 'readrequnaligned' 'writerequnaligned' 'read' 'write' 'readreq' 'writereq' 'writeresp'>
ST_9 : Operation 79 [2/8] (7.30ns)   --->   "%g0_load_14_req = readreq i1 @_ssdm_op_ReadReq.m_axi.i32P1A, i64 %g0_addr_26, i64 1" [spikingformer_official.cpp:640]   --->   Operation 79 'readreq' 'g0_load_14_req' <Predicate = true> <Delay = 7.30> <CoreInst = "m_axi">   --->   Core 119 'm_axi' <Latency = 6> <II = 1> <Delay = 1.00> <Adapter> <Opcode : 'readrequnaligned' 'writerequnaligned' 'read' 'write' 'readreq' 'writereq' 'writeresp'>

State 10 <SV = 9> <Delay = 7.30>
ST_10 : Operation 80 [1/1] ( I:7.30ns O:7.30ns )   --->   "%g0_addr_25_read = read i32 @_ssdm_op_Read.m_axi.i32P1A, i64 %g0_addr_25" [spikingformer_official.cpp:639]   --->   Operation 80 'read' 'g0_addr_25_read' <Predicate = true> <Delay = 7.30> <CoreInst = "m_axi">   --->   Core 119 'm_axi' <Latency = 3> <II = 1> <Delay = 1.00> <Adapter> <Opcode : 'readrequnaligned' 'writerequnaligned' 'read' 'write' 'readreq' 'writereq' 'writeresp'>
ST_10 : Operation 81 [1/8] ( I:7.30ns O:7.30ns )   --->   "%g0_load_14_req = readreq i1 @_ssdm_op_ReadReq.m_axi.i32P1A, i64 %g0_addr_26, i64 1" [spikingformer_official.cpp:640]   --->   Operation 81 'readreq' 'g0_load_14_req' <Predicate = true> <Delay = 7.30> <CoreInst = "m_axi">   --->   Core 119 'm_axi' <Latency = 6> <II = 1> <Delay = 1.00> <Adapter> <Opcode : 'readrequnaligned' 'writerequnaligned' 'read' 'write' 'readreq' 'writereq' 'writeresp'>

State 11 <SV = 10> <Delay = 7.30>
ST_11 : Operation 82 [1/1] ( I:7.30ns O:7.30ns )   --->   "%g0_addr_26_read = read i32 @_ssdm_op_Read.m_axi.i32P1A, i64 %g0_addr_26" [spikingformer_official.cpp:640]   --->   Operation 82 'read' 'g0_addr_26_read' <Predicate = true> <Delay = 7.30> <CoreInst = "m_axi">   --->   Core 119 'm_axi' <Latency = 3> <II = 1> <Delay = 1.00> <Adapter> <Opcode : 'readrequnaligned' 'writerequnaligned' 'read' 'write' 'readreq' 'writereq' 'writeresp'>

State 12 <SV = 11> <Delay = 6.43>
ST_12 : Operation 83 [1/1] (0.00ns)   --->   "%v259 = bitcast i32 %g0_addr_25_read" [spikingformer_official.cpp:639]   --->   Operation 83 'bitcast' 'v259' <Predicate = true> <Delay = 0.00>
ST_12 : Operation 84 [1/1] (0.00ns)   --->   "%v260 = bitcast i32 %g0_addr_26_read" [spikingformer_official.cpp:640]   --->   Operation 84 'bitcast' 'v260' <Predicate = true> <Delay = 0.00>
ST_12 : Operation 85 [4/4] (6.43ns)   --->   "%v261 = fsub i32 %v259, i32 %v260" [spikingformer_official.cpp:641]   --->   Operation 85 'fsub' 'v261' <Predicate = true> <Delay = 6.43> <CoreInst = "FAddSub_fulldsp">   --->   Core 18 'FAddSub_fulldsp' <Latency = 3> <II = 1> <Delay = 6.43> <FuncUnit> <Opcode : 'fadd' 'fsub'> <InPorts = 2> <OutPorts = 1>

State 13 <SV = 12> <Delay = 6.43>
ST_13 : Operation 86 [3/4] (6.43ns)   --->   "%v261 = fsub i32 %v259, i32 %v260" [spikingformer_official.cpp:641]   --->   Operation 86 'fsub' 'v261' <Predicate = true> <Delay = 6.43> <CoreInst = "FAddSub_fulldsp">   --->   Core 18 'FAddSub_fulldsp' <Latency = 3> <II = 1> <Delay = 6.43> <FuncUnit> <Opcode : 'fadd' 'fsub'> <InPorts = 2> <OutPorts = 1>

State 14 <SV = 13> <Delay = 6.43>
ST_14 : Operation 87 [2/4] (6.43ns)   --->   "%v261 = fsub i32 %v259, i32 %v260" [spikingformer_official.cpp:641]   --->   Operation 87 'fsub' 'v261' <Predicate = true> <Delay = 6.43> <CoreInst = "FAddSub_fulldsp">   --->   Core 18 'FAddSub_fulldsp' <Latency = 3> <II = 1> <Delay = 6.43> <FuncUnit> <Opcode : 'fadd' 'fsub'> <InPorts = 2> <OutPorts = 1>
ST_14 : Operation 96 [1/1] (0.42ns)   --->   "%ret_ln0 = ret"   --->   Operation 96 'ret' 'ret_ln0' <Predicate = (icmp_ln633)> <Delay = 0.42>

State 15 <SV = 14> <Delay = 6.43>
ST_15 : Operation 88 [1/4] (6.43ns)   --->   "%v261 = fsub i32 %v259, i32 %v260" [spikingformer_official.cpp:641]   --->   Operation 88 'fsub' 'v261' <Predicate = true> <Delay = 6.43> <CoreInst = "FAddSub_fulldsp">   --->   Core 18 'FAddSub_fulldsp' <Latency = 3> <II = 1> <Delay = 6.43> <FuncUnit> <Opcode : 'fadd' 'fsub'> <InPorts = 2> <OutPorts = 1>

State 16 <SV = 15> <Delay = 7.30>
ST_16 : Operation 89 [1/1] (0.00ns)   --->   "%g0_addr = getelementptr i32 %g0, i64 %sext_ln633_cast" [spikingformer_official.cpp:633]   --->   Operation 89 'getelementptr' 'g0_addr' <Predicate = true> <Delay = 0.00>
ST_16 : Operation 90 [1/1] (0.00ns)   --->   "%specloopname_ln0 = specloopname void @_ssdm_op_SpecLoopName, void @VITIS_LOOP_633_1_VITIS_LOOP_634_2_str"   --->   Operation 90 'specloopname' 'specloopname_ln0' <Predicate = true> <Delay = 0.00>
ST_16 : Operation 91 [1/1] (0.00ns)   --->   "%speclooptripcount_ln0 = speclooptripcount void @_ssdm_op_SpecLoopTripCount, i64 24576, i64 24576, i64 24576"   --->   Operation 91 'speclooptripcount' 'speclooptripcount_ln0' <Predicate = true> <Delay = 0.00>
ST_16 : Operation 92 [1/1] (0.00ns)   --->   "%specpipeline_ln635 = specpipeline void @_ssdm_op_SpecPipeline, i32 1, i32 0, i32 0, i32 0, i32 4294967295, void @empty_35" [spikingformer_official.cpp:635]   --->   Operation 92 'specpipeline' 'specpipeline_ln635' <Predicate = true> <Delay = 0.00>
ST_16 : Operation 93 [1/1] (0.00ns)   --->   "%bitcast_ln642 = bitcast i32 %v261" [spikingformer_official.cpp:642]   --->   Operation 93 'bitcast' 'bitcast_ln642' <Predicate = true> <Delay = 0.00>
ST_16 : Operation 94 [1/1] ( I:7.30ns O:7.30ns )   --->   "%write_ln642 = write void @_ssdm_op_Write.m_axi.p1i32.i32, i64 %g0_addr, i32 %bitcast_ln642, i4 15" [spikingformer_official.cpp:642]   --->   Operation 94 'write' 'write_ln642' <Predicate = true> <Delay = 7.30> <CoreInst = "m_axi">   --->   Core 119 'm_axi' <Latency = 5> <II = 1> <Delay = 1.00> <Adapter> <Opcode : 'readrequnaligned' 'writerequnaligned' 'read' 'write' 'readreq' 'writereq' 'writeresp'>
ST_16 : Operation 95 [1/1] (0.00ns)   --->   "%br_ln634 = br void %for.inc" [spikingformer_official.cpp:634]   --->   Operation 95 'br' 'br_ln634' <Predicate = true> <Delay = 0.00>


============================================================
+ Verbose Summary: Binding
============================================================
STG Binding: 
---------------- STG Properties BEGIN ----------------
- Is combinational: 0
- Is one-state seq: 0
- Is datapath-only: 0
- Is pipelined: 0
- Is top level: 0
Port [ Return ] is wired: 1; IO mode=ap_ctrl_hs:ce=0
Port [ g0]:  wired=1; compound=1; hidden=0; nouse=0; global=0; static=0; extern=0; dir=2; type=4; pingpong=0; private_global=0; IO mode=m_axi:ce=0
Port [ sext_ln636]:  wired=1; compound=0; hidden=0; nouse=0; global=0; static=0; extern=0; dir=0; type=0; pingpong=0; private_global=0; IO mode=ap_none:ce=0
Port [ sext_ln633]:  wired=1; compound=0; hidden=0; nouse=0; global=0; static=0; extern=0; dir=0; type=0; pingpong=0; private_global=0; IO mode=ap_none:ce=0
Port [ sext_ln638]:  wired=1; compound=0; hidden=0; nouse=0; global=0; static=0; extern=0; dir=0; type=0; pingpong=0; private_global=0; IO mode=ap_none:ce=0
Port [ v255]:  wired=1; compound=0; hidden=0; nouse=0; global=0; static=0; extern=0; dir=0; type=0; pingpong=0; private_global=0; IO mode=ap_none:ce=0
Port [ v254]:  wired=1; compound=0; hidden=0; nouse=0; global=0; static=0; extern=0; dir=0; type=0; pingpong=0; private_global=0; IO mode=ap_none:ce=0
---------------- STG Properties END ------------------

---------------- Datapath Model BEGIN ----------------

<LifeTime>
<method=bitvector/>
v258                  (alloca           ) [ 01000000000000000]
v257                  (alloca           ) [ 01000000000000000]
indvar_flatten        (alloca           ) [ 01000000000000000]
v254_read             (read             ) [ 00000000000000000]
v255_read             (read             ) [ 00000000000000000]
sext_ln6386           (read             ) [ 00000000000000000]
sext_ln633_read       (read             ) [ 00000000000000000]
sext_ln6364           (read             ) [ 00000000000000000]
sext_ln633_cast       (sext             ) [ 01111111111111111]
specstablecontent_ln0 (specstablecontent) [ 00000000000000000]
specinterface_ln0     (specinterface    ) [ 00000000000000000]
store_ln0             (store            ) [ 00000000000000000]
store_ln633           (store            ) [ 00000000000000000]
store_ln634           (store            ) [ 00000000000000000]
br_ln0                (br               ) [ 00000000000000000]
indvar_flatten_load   (load             ) [ 00000000000000000]
icmp_ln633            (icmp             ) [ 01111111111111100]
add_ln633_1           (add              ) [ 00000000000000000]
br_ln633              (br               ) [ 00000000000000000]
v258_load             (load             ) [ 00000000000000000]
v257_load             (load             ) [ 00000000000000000]
add_ln633             (add              ) [ 00000000000000000]
icmp_ln634            (icmp             ) [ 00000000000000000]
select_ln633          (select           ) [ 00000000000000000]
select_ln633_1        (select           ) [ 00000000000000000]
p_shl                 (bitconcatenate   ) [ 00000000000000000]
tmp                   (bitconcatenate   ) [ 00000000000000000]
zext_ln639_1          (zext             ) [ 00000000000000000]
sub_ln639             (sub              ) [ 00000000000000000]
zext_ln634            (zext             ) [ 00000000000000000]
shl_ln                (bitconcatenate   ) [ 00000000000000000]
zext_ln639            (zext             ) [ 00000000000000000]
add_ln639             (add              ) [ 00000000000000000]
add_ln639_1           (add              ) [ 00000000000000000]
trunc_ln              (partselect       ) [ 00000000000000000]
sext_ln639            (sext             ) [ 00000000000000000]
g0_addr_25            (getelementptr    ) [ 01111111111000000]
add_ln640             (add              ) [ 00000000000000000]
add_ln640_1           (add              ) [ 00000000000000000]
trunc_ln20            (partselect       ) [ 00000000000000000]
sext_ln640            (sext             ) [ 00000000000000000]
g0_addr_26            (getelementptr    ) [ 01111111111100000]
add_ln634             (add              ) [ 00000000000000000]
store_ln633           (store            ) [ 00000000000000000]
store_ln633           (store            ) [ 00000000000000000]
store_ln634           (store            ) [ 00000000000000000]
g0_load_req           (readreq          ) [ 00000000000000000]
g0_addr_25_read       (read             ) [ 01100000000110000]
g0_load_14_req        (readreq          ) [ 00000000000000000]
g0_addr_26_read       (read             ) [ 00100000000010000]
v259                  (bitcast          ) [ 01100000000001110]
v260                  (bitcast          ) [ 01100000000001110]
v261                  (fsub             ) [ 00100000000000001]
g0_addr               (getelementptr    ) [ 00000000000000000]
specloopname_ln0      (specloopname     ) [ 00000000000000000]
speclooptripcount_ln0 (speclooptripcount) [ 00000000000000000]
specpipeline_ln635    (specpipeline     ) [ 00000000000000000]
bitcast_ln642         (bitcast          ) [ 00000000000000000]
write_ln642           (write            ) [ 00000000000000000]
br_ln634              (br               ) [ 00000000000000000]
ret_ln0               (ret              ) [ 00000000000000000]
</LifeTime>

<model>

<comp_list>
<comp id="0" class="1000" name="g0">
<pin_list>
<pin id="1" dir="1" index="0" bw="1" slack="0"/>
</pin_list>
<bind>
<StgValue><ssdm name="g0"/><MemPortTyVec>2 </MemPortTyVec>
</StgValue>
</bind>
</comp>

<comp id="2" class="1000" name="sext_ln636">
<pin_list>
<pin id="3" dir="1" index="0" bw="1" slack="0"/>
</pin_list>
<bind>
<StgValue><ssdm name="sext_ln636"/></StgValue>
</bind>
</comp>

<comp id="4" class="1000" name="sext_ln633">
<pin_list>
<pin id="5" dir="1" index="0" bw="1" slack="0"/>
</pin_list>
<bind>
<StgValue><ssdm name="sext_ln633"/></StgValue>
</bind>
</comp>

<comp id="6" class="1000" name="sext_ln638">
<pin_list>
<pin id="7" dir="1" index="0" bw="1" slack="0"/>
</pin_list>
<bind>
<StgValue><ssdm name="sext_ln638"/></StgValue>
</bind>
</comp>

<comp id="8" class="1000" name="v255">
<pin_list>
<pin id="9" dir="1" index="0" bw="1" slack="0"/>
</pin_list>
<bind>
<StgValue><ssdm name="v255"/></StgValue>
</bind>
</comp>

<comp id="10" class="1000" name="v254">
<pin_list>
<pin id="11" dir="1" index="0" bw="1" slack="0"/>
</pin_list>
<bind>
<StgValue><ssdm name="v254"/></StgValue>
</bind>
</comp>

<comp id="12" class="1001" name="const_12">
<pin_list>
<pin id="13" dir="1" index="0" bw="1" slack="0"/>
</pin_list>
<bind>
<StgValue><ssdm name=""/></StgValue>
</bind>
</comp>

<comp id="14" class="1001" name="const_14">
<pin_list>
<pin id="15" dir="1" index="0" bw="1" slack="0"/>
</pin_list>
<bind>
<StgValue><ssdm name="_ssdm_op_Read.ap_auto.i64"/></StgValue>
</bind>
</comp>

<comp id="16" class="1001" name="const_16">
<pin_list>
<pin id="17" dir="1" index="0" bw="1" slack="0"/>
</pin_list>
<bind>
<StgValue><ssdm name="_ssdm_op_Read.ap_auto.i62"/></StgValue>
</bind>
</comp>

<comp id="18" class="1001" name="const_18">
<pin_list>
<pin id="19" dir="1" index="0" bw="1" slack="2147483647"/>
</pin_list>
<bind>
<StgValue><ssdm name="_ssdm_op_SpecStableContent"/></StgValue>
</bind>
</comp>

<comp id="20" class="1001" name="const_20">
<pin_list>
<pin id="21" dir="1" index="0" bw="1" slack="2147483647"/>
</pin_list>
<bind>
<StgValue><ssdm name=""/></StgValue>
</bind>
</comp>

<comp id="22" class="1001" name="const_22">
<pin_list>
<pin id="23" dir="1" index="0" bw="1" slack="2147483647"/>
</pin_list>
<bind>
<StgValue><ssdm name=""/></StgValue>
</bind>
</comp>

<comp id="24" class="1001" name="const_24">
<pin_list>
<pin id="25" dir="1" index="0" bw="1" slack="2147483647"/>
</pin_list>
<bind>
<StgValue><ssdm name="_ssdm_op_SpecInterface"/></StgValue>
</bind>
</comp>

<comp id="26" class="1001" name="const_26">
<pin_list>
<pin id="27" dir="1" index="0" bw="1" slack="2147483647"/>
</pin_list>
<bind>
<StgValue><ssdm name="empty_26"/></StgValue>
</bind>
</comp>

<comp id="28" class="1001" name="const_28">
<pin_list>
<pin id="29" dir="1" index="0" bw="1" slack="2147483647"/>
</pin_list>
<bind>
<StgValue><ssdm name=""/></StgValue>
</bind>
</comp>

<comp id="30" class="1001" name="const_30">
<pin_list>
<pin id="31" dir="1" index="0" bw="1" slack="2147483647"/>
</pin_list>
<bind>
<StgValue><ssdm name="empty_35"/></StgValue>
</bind>
</comp>

<comp id="32" class="1001" name="const_32">
<pin_list>
<pin id="33" dir="1" index="0" bw="1" slack="2147483647"/>
</pin_list>
<bind>
<StgValue><ssdm name="empty_22"/></StgValue>
</bind>
</comp>

<comp id="34" class="1001" name="const_34">
<pin_list>
<pin id="35" dir="1" index="0" bw="1" slack="2147483647"/>
</pin_list>
<bind>
<StgValue><ssdm name="empty_25"/></StgValue>
</bind>
</comp>

<comp id="36" class="1001" name="const_36">
<pin_list>
<pin id="37" dir="1" index="0" bw="1" slack="2147483647"/>
</pin_list>
<bind>
<StgValue><ssdm name=""/></StgValue>
</bind>
</comp>

<comp id="38" class="1001" name="const_38">
<pin_list>
<pin id="39" dir="1" index="0" bw="1" slack="2147483647"/>
</pin_list>
<bind>
<StgValue><ssdm name=""/></StgValue>
</bind>
</comp>

<comp id="40" class="1001" name="const_40">
<pin_list>
<pin id="41" dir="1" index="0" bw="1" slack="2147483647"/>
</pin_list>
<bind>
<StgValue><ssdm name=""/></StgValue>
</bind>
</comp>

<comp id="42" class="1001" name="const_42">
<pin_list>
<pin id="43" dir="1" index="0" bw="1" slack="0"/>
</pin_list>
<bind>
<StgValue><ssdm name=""/></StgValue>
</bind>
</comp>

<comp id="44" class="1001" name="const_44">
<pin_list>
<pin id="45" dir="1" index="0" bw="1" slack="0"/>
</pin_list>
<bind>
<StgValue><ssdm name=""/></StgValue>
</bind>
</comp>

<comp id="46" class="1001" name="const_46">
<pin_list>
<pin id="47" dir="1" index="0" bw="1" slack="0"/>
</pin_list>
<bind>
<StgValue><ssdm name=""/></StgValue>
</bind>
</comp>

<comp id="48" class="1001" name="const_48">
<pin_list>
<pin id="49" dir="1" index="0" bw="1" slack="0"/>
</pin_list>
<bind>
<StgValue><ssdm name=""/></StgValue>
</bind>
</comp>

<comp id="50" class="1001" name="const_50">
<pin_list>
<pin id="51" dir="1" index="0" bw="1" slack="0"/>
</pin_list>
<bind>
<StgValue><ssdm name=""/></StgValue>
</bind>
</comp>

<comp id="52" class="1001" name="const_52">
<pin_list>
<pin id="53" dir="1" index="0" bw="1" slack="0"/>
</pin_list>
<bind>
<StgValue><ssdm name=""/></StgValue>
</bind>
</comp>

<comp id="54" class="1001" name="const_54">
<pin_list>
<pin id="55" dir="1" index="0" bw="1" slack="0"/>
</pin_list>
<bind>
<StgValue><ssdm name=""/></StgValue>
</bind>
</comp>

<comp id="56" class="1001" name="const_56">
<pin_list>
<pin id="57" dir="1" index="0" bw="1" slack="0"/>
</pin_list>
<bind>
<StgValue><ssdm name="_ssdm_op_BitConcatenate.i18.i7.i11"/></StgValue>
</bind>
</comp>

<comp id="58" class="1001" name="const_58">
<pin_list>
<pin id="59" dir="1" index="0" bw="1" slack="0"/>
</pin_list>
<bind>
<StgValue><ssdm name=""/></StgValue>
</bind>
</comp>

<comp id="60" class="1001" name="const_60">
<pin_list>
<pin id="61" dir="1" index="0" bw="1" slack="0"/>
</pin_list>
<bind>
<StgValue><ssdm name="_ssdm_op_BitConcatenate.i16.i7.i9"/></StgValue>
</bind>
</comp>

<comp id="62" class="1001" name="const_62">
<pin_list>
<pin id="63" dir="1" index="0" bw="1" slack="0"/>
</pin_list>
<bind>
<StgValue><ssdm name="_ssdm_op_BitConcatenate.i11.i9.i2"/></StgValue>
</bind>
</comp>

<comp id="64" class="1001" name="const_64">
<pin_list>
<pin id="65" dir="1" index="0" bw="1" slack="0"/>
</pin_list>
<bind>
<StgValue><ssdm name=""/></StgValue>
</bind>
</comp>

<comp id="66" class="1001" name="const_66">
<pin_list>
<pin id="67" dir="1" index="0" bw="1" slack="0"/>
</pin_list>
<bind>
<StgValue><ssdm name="_ssdm_op_PartSelect.i62.i64.i32.i32"/></StgValue>
</bind>
</comp>

<comp id="68" class="1001" name="const_68">
<pin_list>
<pin id="69" dir="1" index="0" bw="1" slack="0"/>
</pin_list>
<bind>
<StgValue><ssdm name=""/></StgValue>
</bind>
</comp>

<comp id="70" class="1001" name="const_70">
<pin_list>
<pin id="71" dir="1" index="0" bw="1" slack="0"/>
</pin_list>
<bind>
<StgValue><ssdm name=""/></StgValue>
</bind>
</comp>

<comp id="72" class="1001" name="const_72">
<pin_list>
<pin id="73" dir="1" index="0" bw="1" slack="0"/>
</pin_list>
<bind>
<StgValue><ssdm name=""/></StgValue>
</bind>
</comp>

<comp id="74" class="1001" name="const_74">
<pin_list>
<pin id="75" dir="1" index="0" bw="1" slack="0"/>
</pin_list>
<bind>
<StgValue><ssdm name="_ssdm_op_ReadReq.m_axi.i32P1A"/></StgValue>
</bind>
</comp>

<comp id="76" class="1001" name="const_76">
<pin_list>
<pin id="77" dir="1" index="0" bw="1" slack="0"/>
</pin_list>
<bind>
<StgValue><ssdm name=""/></StgValue>
</bind>
</comp>

<comp id="78" class="1001" name="const_78">
<pin_list>
<pin id="79" dir="1" index="0" bw="1" slack="0"/>
</pin_list>
<bind>
<StgValue><ssdm name="_ssdm_op_Read.m_axi.i32P1A"/></StgValue>
</bind>
</comp>

<comp id="80" class="1001" name="const_80">
<pin_list>
<pin id="81" dir="1" index="0" bw="1" slack="2147483647"/>
</pin_list>
<bind>
<StgValue><ssdm name="_ssdm_op_SpecLoopName"/></StgValue>
</bind>
</comp>

<comp id="82" class="1001" name="const_82">
<pin_list>
<pin id="83" dir="1" index="0" bw="1" slack="2147483647"/>
</pin_list>
<bind>
<StgValue><ssdm name="VITIS_LOOP_633_1_VITIS_LOOP_634_2_str"/></StgValue>
</bind>
</comp>

<comp id="84" class="1001" name="const_84">
<pin_list>
<pin id="85" dir="1" index="0" bw="1" slack="2147483647"/>
</pin_list>
<bind>
<StgValue><ssdm name="_ssdm_op_SpecLoopTripCount"/></StgValue>
</bind>
</comp>

<comp id="86" class="1001" name="const_86">
<pin_list>
<pin id="87" dir="1" index="0" bw="1" slack="2147483647"/>
</pin_list>
<bind>
<StgValue><ssdm name=""/></StgValue>
</bind>
</comp>

<comp id="88" class="1001" name="const_88">
<pin_list>
<pin id="89" dir="1" index="0" bw="1" slack="2147483647"/>
</pin_list>
<bind>
<StgValue><ssdm name="_ssdm_op_SpecPipeline"/></StgValue>
</bind>
</comp>

<comp id="90" class="1001" name="const_90">
<pin_list>
<pin id="91" dir="1" index="0" bw="1" slack="0"/>
</pin_list>
<bind>
<StgValue><ssdm name="_ssdm_op_Write.m_axi.p1i32.i32"/></StgValue>
</bind>
</comp>

<comp id="92" class="1001" name="const_92">
<pin_list>
<pin id="93" dir="1" index="0" bw="1" slack="0"/>
</pin_list>
<bind>
<StgValue><ssdm name=""/></StgValue>
</bind>
</comp>

<comp id="94" class="1004" name="v258_fu_94">
<pin_list>
<pin id="95" dir="0" index="0" bw="1" slack="0"/>
<pin id="96" dir="1" index="1" bw="9" slack="0"/>
</pin_list>
<bind>
<opcode="alloca(26) " fcode="alloca"/>
<opset="v258/1 "/>
</bind>
</comp>

<comp id="98" class="1004" name="v257_fu_98">
<pin_list>
<pin id="99" dir="0" index="0" bw="1" slack="0"/>
<pin id="100" dir="1" index="1" bw="7" slack="0"/>
</pin_list>
<bind>
<opcode="alloca(26) " fcode="alloca"/>
<opset="v257/1 "/>
</bind>
</comp>

<comp id="102" class="1004" name="indvar_flatten_fu_102">
<pin_list>
<pin id="103" dir="0" index="0" bw="1" slack="0"/>
<pin id="104" dir="1" index="1" bw="15" slack="0"/>
</pin_list>
<bind>
<opcode="alloca(26) " fcode="alloca"/>
<opset="indvar_flatten/1 "/>
</bind>
</comp>

<comp id="106" class="1004" name="v254_read_read_fu_106">
<pin_list>
<pin id="107" dir="0" index="0" bw="64" slack="0"/>
<pin id="108" dir="0" index="1" bw="64" slack="0"/>
<pin id="109" dir="1" index="2" bw="64" slack="0"/>
</pin_list>
<bind>
<opcode="read(1150) " fcode="read"/>
<opset="v254_read/1 "/>
</bind>
</comp>

<comp id="112" class="1004" name="v255_read_read_fu_112">
<pin_list>
<pin id="113" dir="0" index="0" bw="64" slack="0"/>
<pin id="114" dir="0" index="1" bw="64" slack="0"/>
<pin id="115" dir="1" index="2" bw="64" slack="0"/>
</pin_list>
<bind>
<opcode="read(1150) " fcode="read"/>
<opset="v255_read/1 "/>
</bind>
</comp>

<comp id="118" class="1004" name="sext_ln6386_read_fu_118">
<pin_list>
<pin id="119" dir="0" index="0" bw="62" slack="0"/>
<pin id="120" dir="0" index="1" bw="62" slack="0"/>
<pin id="121" dir="1" index="2" bw="62" slack="2147483647"/>
</pin_list>
<bind>
<opcode="read(1150) " fcode="read"/>
<opset="sext_ln6386/1 "/>
</bind>
</comp>

<comp id="124" class="1004" name="sext_ln633_read_read_fu_124">
<pin_list>
<pin id="125" dir="0" index="0" bw="62" slack="0"/>
<pin id="126" dir="0" index="1" bw="62" slack="0"/>
<pin id="127" dir="1" index="2" bw="62" slack="0"/>
</pin_list>
<bind>
<opcode="read(1150) " fcode="read"/>
<opset="sext_ln633_read/1 "/>
</bind>
</comp>

<comp id="130" class="1004" name="sext_ln6364_read_fu_130">
<pin_list>
<pin id="131" dir="0" index="0" bw="62" slack="0"/>
<pin id="132" dir="0" index="1" bw="62" slack="0"/>
<pin id="133" dir="1" index="2" bw="62" slack="2147483647"/>
</pin_list>
<bind>
<opcode="read(1150) " fcode="read"/>
<opset="sext_ln6364/1 "/>
</bind>
</comp>

<comp id="136" class="1004" name="grp_readreq_fu_136">
<pin_list>
<pin id="137" dir="0" index="0" bw="1" slack="0"/>
<pin id="138" dir="0" index="1" bw="32" slack="1"/>
<pin id="139" dir="0" index="2" bw="1" slack="0"/>
<pin id="140" dir="1" index="3" bw="1" slack="2147483647"/>
</pin_list>
<bind>
<opcode="readreq(1154) " fcode="readreq"/>
<opset="g0_load_req/2 g0_load_14_req/3 "/>
</bind>
</comp>

<comp id="143" class="1004" name="grp_read_fu_143">
<pin_list>
<pin id="144" dir="0" index="0" bw="32" slack="0"/>
<pin id="145" dir="0" index="1" bw="32" slack="9"/>
<pin id="146" dir="1" index="2" bw="32" slack="1"/>
</pin_list>
<bind>
<opcode="read(1150) " fcode="read"/>
<opset="g0_addr_25_read/10 g0_addr_26_read/11 "/>
</bind>
</comp>

<comp id="148" class="1004" name="write_ln642_write_fu_148">
<pin_list>
<pin id="149" dir="0" index="0" bw="0" slack="0"/>
<pin id="150" dir="0" index="1" bw="32" slack="0"/>
<pin id="151" dir="0" index="2" bw="32" slack="0"/>
<pin id="152" dir="0" index="3" bw="1" slack="0"/>
<pin id="153" dir="1" index="4" bw="0" slack="2147483647"/>
</pin_list>
<bind>
<opcode="write(1151) " fcode="write"/>
<opset="write_ln642/16 "/>
</bind>
</comp>

<comp id="156" class="1004" name="grp_fu_156">
<pin_list>
<pin id="157" dir="0" index="0" bw="32" slack="0"/>
<pin id="158" dir="0" index="1" bw="32" slack="0"/>
<pin id="159" dir="1" index="2" bw="32" slack="1"/>
</pin_list>
<bind>
<opcode="fsub(11) " fcode="fadd"/>
<opset="v261/12 "/>
</bind>
</comp>

<comp id="160" class="1004" name="sext_ln633_cast_fu_160">
<pin_list>
<pin id="161" dir="0" index="0" bw="62" slack="0"/>
<pin id="162" dir="1" index="1" bw="64" slack="15"/>
</pin_list>
<bind>
<opcode="sext(35) " fcode="sext"/>
<opset="sext_ln633_cast/1 "/>
</bind>
</comp>

<comp id="164" class="1004" name="store_ln0_store_fu_164">
<pin_list>
<pin id="165" dir="0" index="0" bw="1" slack="0"/>
<pin id="166" dir="0" index="1" bw="15" slack="0"/>
<pin id="167" dir="1" index="2" bw="0" slack="2147483647"/>
</pin_list>
<bind>
<opcode="store(28) " fcode="store"/>
<opset="store_ln0/1 "/>
</bind>
</comp>

<comp id="169" class="1004" name="store_ln633_store_fu_169">
<pin_list>
<pin id="170" dir="0" index="0" bw="1" slack="0"/>
<pin id="171" dir="0" index="1" bw="7" slack="0"/>
<pin id="172" dir="1" index="2" bw="0" slack="2147483647"/>
</pin_list>
<bind>
<opcode="store(28) " fcode="store"/>
<opset="store_ln633/1 "/>
</bind>
</comp>

<comp id="174" class="1004" name="store_ln634_store_fu_174">
<pin_list>
<pin id="175" dir="0" index="0" bw="1" slack="0"/>
<pin id="176" dir="0" index="1" bw="9" slack="0"/>
<pin id="177" dir="1" index="2" bw="0" slack="2147483647"/>
</pin_list>
<bind>
<opcode="store(28) " fcode="store"/>
<opset="store_ln634/1 "/>
</bind>
</comp>

<comp id="179" class="1004" name="indvar_flatten_load_load_fu_179">
<pin_list>
<pin id="180" dir="0" index="0" bw="15" slack="0"/>
<pin id="181" dir="1" index="1" bw="15" slack="0"/>
</pin_list>
<bind>
<opcode="load(27) " fcode="load"/>
<opset="indvar_flatten_load/1 "/>
</bind>
</comp>

<comp id="182" class="1004" name="icmp_ln633_fu_182">
<pin_list>
<pin id="183" dir="0" index="0" bw="15" slack="0"/>
<pin id="184" dir="0" index="1" bw="15" slack="0"/>
<pin id="185" dir="1" index="2" bw="1" slack="1"/>
</pin_list>
<bind>
<opcode="icmp(45) " fcode="icmp"/>
<opset="icmp_ln633/1 "/>
</bind>
</comp>

<comp id="188" class="1004" name="add_ln633_1_fu_188">
<pin_list>
<pin id="189" dir="0" index="0" bw="15" slack="0"/>
<pin id="190" dir="0" index="1" bw="1" slack="0"/>
<pin id="191" dir="1" index="2" bw="15" slack="0"/>
</pin_list>
<bind>
<opcode="add(8) " fcode="add"/>
<opset="add_ln633_1/1 "/>
</bind>
</comp>

<comp id="194" class="1004" name="v258_load_load_fu_194">
<pin_list>
<pin id="195" dir="0" index="0" bw="9" slack="0"/>
<pin id="196" dir="1" index="1" bw="9" slack="0"/>
</pin_list>
<bind>
<opcode="load(27) " fcode="load"/>
<opset="v258_load/1 "/>
</bind>
</comp>

<comp id="197" class="1004" name="v257_load_load_fu_197">
<pin_list>
<pin id="198" dir="0" index="0" bw="7" slack="0"/>
<pin id="199" dir="1" index="1" bw="7" slack="0"/>
</pin_list>
<bind>
<opcode="load(27) " fcode="load"/>
<opset="v257_load/1 "/>
</bind>
</comp>

<comp id="200" class="1004" name="add_ln633_fu_200">
<pin_list>
<pin id="201" dir="0" index="0" bw="7" slack="0"/>
<pin id="202" dir="0" index="1" bw="1" slack="0"/>
<pin id="203" dir="1" index="2" bw="7" slack="0"/>
</pin_list>
<bind>
<opcode="add(8) " fcode="add"/>
<opset="add_ln633/1 "/>
</bind>
</comp>

<comp id="206" class="1004" name="icmp_ln634_fu_206">
<pin_list>
<pin id="207" dir="0" index="0" bw="9" slack="0"/>
<pin id="208" dir="0" index="1" bw="9" slack="0"/>
<pin id="209" dir="1" index="2" bw="1" slack="0"/>
</pin_list>
<bind>
<opcode="icmp(45) " fcode="icmp"/>
<opset="icmp_ln634/1 "/>
</bind>
</comp>

<comp id="212" class="1004" name="select_ln633_fu_212">
<pin_list>
<pin id="213" dir="0" index="0" bw="1" slack="0"/>
<pin id="214" dir="0" index="1" bw="9" slack="0"/>
<pin id="215" dir="0" index="2" bw="9" slack="0"/>
<pin id="216" dir="1" index="3" bw="9" slack="0"/>
</pin_list>
<bind>
<opcode="select(49) " fcode="select"/>
<opset="select_ln633/1 "/>
</bind>
</comp>

<comp id="220" class="1004" name="select_ln633_1_fu_220">
<pin_list>
<pin id="221" dir="0" index="0" bw="1" slack="0"/>
<pin id="222" dir="0" index="1" bw="7" slack="0"/>
<pin id="223" dir="0" index="2" bw="7" slack="0"/>
<pin id="224" dir="1" index="3" bw="7" slack="0"/>
</pin_list>
<bind>
<opcode="select(49) " fcode="select"/>
<opset="select_ln633_1/1 "/>
</bind>
</comp>

<comp id="228" class="1004" name="p_shl_fu_228">
<pin_list>
<pin id="229" dir="0" index="0" bw="18" slack="0"/>
<pin id="230" dir="0" index="1" bw="7" slack="0"/>
<pin id="231" dir="0" index="2" bw="1" slack="0"/>
<pin id="232" dir="1" index="3" bw="18" slack="0"/>
</pin_list>
<bind>
<opcode="bitconcatenate(1004) " fcode="bitconcatenate"/>
<opset="p_shl/1 "/>
</bind>
</comp>

<comp id="236" class="1004" name="tmp_fu_236">
<pin_list>
<pin id="237" dir="0" index="0" bw="16" slack="0"/>
<pin id="238" dir="0" index="1" bw="7" slack="0"/>
<pin id="239" dir="0" index="2" bw="1" slack="0"/>
<pin id="240" dir="1" index="3" bw="16" slack="0"/>
</pin_list>
<bind>
<opcode="bitconcatenate(1004) " fcode="bitconcatenate"/>
<opset="tmp/1 "/>
</bind>
</comp>

<comp id="244" class="1004" name="zext_ln639_1_fu_244">
<pin_list>
<pin id="245" dir="0" index="0" bw="16" slack="0"/>
<pin id="246" dir="1" index="1" bw="18" slack="0"/>
</pin_list>
<bind>
<opcode="zext(34) " fcode="zext"/>
<opset="zext_ln639_1/1 "/>
</bind>
</comp>

<comp id="248" class="1004" name="sub_ln639_fu_248">
<pin_list>
<pin id="249" dir="0" index="0" bw="18" slack="0"/>
<pin id="250" dir="0" index="1" bw="16" slack="0"/>
<pin id="251" dir="1" index="2" bw="18" slack="0"/>
</pin_list>
<bind>
<opcode="sub(10) " fcode="sub"/>
<opset="sub_ln639/1 "/>
</bind>
</comp>

<comp id="254" class="1004" name="zext_ln634_fu_254">
<pin_list>
<pin id="255" dir="0" index="0" bw="18" slack="0"/>
<pin id="256" dir="1" index="1" bw="64" slack="0"/>
</pin_list>
<bind>
<opcode="zext(34) " fcode="zext"/>
<opset="zext_ln634/1 "/>
</bind>
</comp>

<comp id="258" class="1004" name="shl_ln_fu_258">
<pin_list>
<pin id="259" dir="0" index="0" bw="11" slack="0"/>
<pin id="260" dir="0" index="1" bw="9" slack="0"/>
<pin id="261" dir="0" index="2" bw="1" slack="0"/>
<pin id="262" dir="1" index="3" bw="11" slack="0"/>
</pin_list>
<bind>
<opcode="bitconcatenate(1004) " fcode="bitconcatenate"/>
<opset="shl_ln/1 "/>
</bind>
</comp>

<comp id="266" class="1004" name="zext_ln639_fu_266">
<pin_list>
<pin id="267" dir="0" index="0" bw="11" slack="0"/>
<pin id="268" dir="1" index="1" bw="64" slack="0"/>
</pin_list>
<bind>
<opcode="zext(34) " fcode="zext"/>
<opset="zext_ln639/1 "/>
</bind>
</comp>

<comp id="270" class="1004" name="add_ln639_fu_270">
<pin_list>
<pin id="271" dir="0" index="0" bw="11" slack="0"/>
<pin id="272" dir="0" index="1" bw="64" slack="0"/>
<pin id="273" dir="1" index="2" bw="64" slack="0"/>
</pin_list>
<bind>
<opcode="add(8) " fcode="add"/>
<opset="add_ln639/1 "/>
</bind>
</comp>

<comp id="276" class="1004" name="add_ln639_1_fu_276">
<pin_list>
<pin id="277" dir="0" index="0" bw="64" slack="0"/>
<pin id="278" dir="0" index="1" bw="18" slack="0"/>
<pin id="279" dir="1" index="2" bw="64" slack="0"/>
</pin_list>
<bind>
<opcode="add(8) " fcode="add"/>
<opset="add_ln639_1/1 "/>
</bind>
</comp>

<comp id="282" class="1004" name="trunc_ln_fu_282">
<pin_list>
<pin id="283" dir="0" index="0" bw="62" slack="0"/>
<pin id="284" dir="0" index="1" bw="64" slack="0"/>
<pin id="285" dir="0" index="2" bw="3" slack="0"/>
<pin id="286" dir="0" index="3" bw="7" slack="0"/>
<pin id="287" dir="1" index="4" bw="62" slack="0"/>
</pin_list>
<bind>
<opcode="partselect(1002) " fcode="partselect"/>
<opset="trunc_ln/1 "/>
</bind>
</comp>

<comp id="292" class="1004" name="sext_ln639_fu_292">
<pin_list>
<pin id="293" dir="0" index="0" bw="62" slack="0"/>
<pin id="294" dir="1" index="1" bw="64" slack="0"/>
</pin_list>
<bind>
<opcode="sext(35) " fcode="sext"/>
<opset="sext_ln639/1 "/>
</bind>
</comp>

<comp id="296" class="1004" name="g0_addr_25_fu_296">
<pin_list>
<pin id="297" dir="0" index="0" bw="64" slack="0"/>
<pin id="298" dir="0" index="1" bw="64" slack="0"/>
<pin id="299" dir="1" index="2" bw="64" slack="1"/>
</pin_list>
<bind>
<opcode="getelementptr(29) " fcode="getelementptr"/>
<opset="g0_addr_25/1 "/>
</bind>
</comp>

<comp id="302" class="1004" name="add_ln640_fu_302">
<pin_list>
<pin id="303" dir="0" index="0" bw="11" slack="0"/>
<pin id="304" dir="0" index="1" bw="64" slack="0"/>
<pin id="305" dir="1" index="2" bw="64" slack="0"/>
</pin_list>
<bind>
<opcode="add(8) " fcode="add"/>
<opset="add_ln640/1 "/>
</bind>
</comp>

<comp id="308" class="1004" name="add_ln640_1_fu_308">
<pin_list>
<pin id="309" dir="0" index="0" bw="64" slack="0"/>
<pin id="310" dir="0" index="1" bw="18" slack="0"/>
<pin id="311" dir="1" index="2" bw="64" slack="0"/>
</pin_list>
<bind>
<opcode="add(8) " fcode="add"/>
<opset="add_ln640_1/1 "/>
</bind>
</comp>

<comp id="314" class="1004" name="trunc_ln20_fu_314">
<pin_list>
<pin id="315" dir="0" index="0" bw="62" slack="0"/>
<pin id="316" dir="0" index="1" bw="64" slack="0"/>
<pin id="317" dir="0" index="2" bw="3" slack="0"/>
<pin id="318" dir="0" index="3" bw="7" slack="0"/>
<pin id="319" dir="1" index="4" bw="62" slack="0"/>
</pin_list>
<bind>
<opcode="partselect(1002) " fcode="partselect"/>
<opset="trunc_ln20/1 "/>
</bind>
</comp>

<comp id="324" class="1004" name="sext_ln640_fu_324">
<pin_list>
<pin id="325" dir="0" index="0" bw="62" slack="0"/>
<pin id="326" dir="1" index="1" bw="64" slack="0"/>
</pin_list>
<bind>
<opcode="sext(35) " fcode="sext"/>
<opset="sext_ln640/1 "/>
</bind>
</comp>

<comp id="328" class="1004" name="g0_addr_26_fu_328">
<pin_list>
<pin id="329" dir="0" index="0" bw="64" slack="0"/>
<pin id="330" dir="0" index="1" bw="64" slack="0"/>
<pin id="331" dir="1" index="2" bw="64" slack="2"/>
</pin_list>
<bind>
<opcode="getelementptr(29) " fcode="getelementptr"/>
<opset="g0_addr_26/1 "/>
</bind>
</comp>

<comp id="334" class="1004" name="add_ln634_fu_334">
<pin_list>
<pin id="335" dir="0" index="0" bw="9" slack="0"/>
<pin id="336" dir="0" index="1" bw="1" slack="0"/>
<pin id="337" dir="1" index="2" bw="9" slack="0"/>
</pin_list>
<bind>
<opcode="add(8) " fcode="add"/>
<opset="add_ln634/1 "/>
</bind>
</comp>

<comp id="340" class="1004" name="store_ln633_store_fu_340">
<pin_list>
<pin id="341" dir="0" index="0" bw="15" slack="0"/>
<pin id="342" dir="0" index="1" bw="15" slack="0"/>
<pin id="343" dir="1" index="2" bw="0" slack="2147483647"/>
</pin_list>
<bind>
<opcode="store(28) " fcode="store"/>
<opset="store_ln633/1 "/>
</bind>
</comp>

<comp id="345" class="1004" name="store_ln633_store_fu_345">
<pin_list>
<pin id="346" dir="0" index="0" bw="7" slack="0"/>
<pin id="347" dir="0" index="1" bw="7" slack="0"/>
<pin id="348" dir="1" index="2" bw="0" slack="2147483647"/>
</pin_list>
<bind>
<opcode="store(28) " fcode="store"/>
<opset="store_ln633/1 "/>
</bind>
</comp>

<comp id="350" class="1004" name="store_ln634_store_fu_350">
<pin_list>
<pin id="351" dir="0" index="0" bw="9" slack="0"/>
<pin id="352" dir="0" index="1" bw="9" slack="0"/>
<pin id="353" dir="1" index="2" bw="0" slack="2147483647"/>
</pin_list>
<bind>
<opcode="store(28) " fcode="store"/>
<opset="store_ln634/1 "/>
</bind>
</comp>

<comp id="355" class="1004" name="v259_fu_355">
<pin_list>
<pin id="356" dir="0" index="0" bw="32" slack="2"/>
<pin id="357" dir="1" index="1" bw="32" slack="0"/>
</pin_list>
<bind>
<opcode="bitcast(44) " fcode="bitcast"/>
<opset="v259/12 "/>
</bind>
</comp>

<comp id="359" class="1004" name="v260_fu_359">
<pin_list>
<pin id="360" dir="0" index="0" bw="32" slack="1"/>
<pin id="361" dir="1" index="1" bw="32" slack="0"/>
</pin_list>
<bind>
<opcode="bitcast(44) " fcode="bitcast"/>
<opset="v260/12 "/>
</bind>
</comp>

<comp id="363" class="1004" name="g0_addr_fu_363">
<pin_list>
<pin id="364" dir="0" index="0" bw="64" slack="0"/>
<pin id="365" dir="0" index="1" bw="64" slack="15"/>
<pin id="366" dir="1" index="2" bw="64" slack="0"/>
</pin_list>
<bind>
<opcode="getelementptr(29) " fcode="getelementptr"/>
<opset="g0_addr/16 "/>
</bind>
</comp>

<comp id="369" class="1004" name="bitcast_ln642_fu_369">
<pin_list>
<pin id="370" dir="0" index="0" bw="32" slack="1"/>
<pin id="371" dir="1" index="1" bw="32" slack="0"/>
</pin_list>
<bind>
<opcode="bitcast(44) " fcode="bitcast"/>
<opset="bitcast_ln642/16 "/>
</bind>
</comp>

<comp id="373" class="1005" name="v258_reg_373">
<pin_list>
<pin id="374" dir="0" index="0" bw="9" slack="0"/>
<pin id="375" dir="1" index="1" bw="9" slack="0"/>
</pin_list>
<bind>
<opset="v258 "/>
</bind>
</comp>

<comp id="380" class="1005" name="v257_reg_380">
<pin_list>
<pin id="381" dir="0" index="0" bw="7" slack="0"/>
<pin id="382" dir="1" index="1" bw="7" slack="0"/>
</pin_list>
<bind>
<opset="v257 "/>
</bind>
</comp>

<comp id="387" class="1005" name="indvar_flatten_reg_387">
<pin_list>
<pin id="388" dir="0" index="0" bw="15" slack="0"/>
<pin id="389" dir="1" index="1" bw="15" slack="0"/>
</pin_list>
<bind>
<opset="indvar_flatten "/>
</bind>
</comp>

<comp id="394" class="1005" name="sext_ln633_cast_reg_394">
<pin_list>
<pin id="395" dir="0" index="0" bw="64" slack="15"/>
<pin id="396" dir="1" index="1" bw="64" slack="15"/>
</pin_list>
<bind>
<opset="sext_ln633_cast "/>
</bind>
</comp>

<comp id="399" class="1005" name="icmp_ln633_reg_399">
<pin_list>
<pin id="400" dir="0" index="0" bw="1" slack="1"/>
<pin id="401" dir="1" index="1" bw="1" slack="2147483647"/>
</pin_list>
<bind>
<opset="icmp_ln633 "/>
</bind>
</comp>

<comp id="403" class="1005" name="g0_addr_25_reg_403">
<pin_list>
<pin id="404" dir="0" index="0" bw="32" slack="1"/>
<pin id="405" dir="1" index="1" bw="32" slack="1"/>
</pin_list>
<bind>
<opset="g0_addr_25 "/>
</bind>
</comp>

<comp id="409" class="1005" name="g0_addr_26_reg_409">
<pin_list>
<pin id="410" dir="0" index="0" bw="32" slack="2"/>
<pin id="411" dir="1" index="1" bw="32" slack="2"/>
</pin_list>
<bind>
<opset="g0_addr_26 "/>
</bind>
</comp>

<comp id="415" class="1005" name="g0_addr_25_read_reg_415">
<pin_list>
<pin id="416" dir="0" index="0" bw="32" slack="2"/>
<pin id="417" dir="1" index="1" bw="32" slack="2"/>
</pin_list>
<bind>
<opset="g0_addr_25_read "/>
</bind>
</comp>

<comp id="420" class="1005" name="g0_addr_26_read_reg_420">
<pin_list>
<pin id="421" dir="0" index="0" bw="32" slack="1"/>
<pin id="422" dir="1" index="1" bw="32" slack="1"/>
</pin_list>
<bind>
<opset="g0_addr_26_read "/>
</bind>
</comp>

<comp id="425" class="1005" name="v259_reg_425">
<pin_list>
<pin id="426" dir="0" index="0" bw="32" slack="1"/>
<pin id="427" dir="1" index="1" bw="32" slack="1"/>
</pin_list>
<bind>
<opset="v259 "/>
</bind>
</comp>

<comp id="430" class="1005" name="v260_reg_430">
<pin_list>
<pin id="431" dir="0" index="0" bw="32" slack="1"/>
<pin id="432" dir="1" index="1" bw="32" slack="1"/>
</pin_list>
<bind>
<opset="v260 "/>
</bind>
</comp>

<comp id="435" class="1005" name="v261_reg_435">
<pin_list>
<pin id="436" dir="0" index="0" bw="32" slack="1"/>
<pin id="437" dir="1" index="1" bw="32" slack="1"/>
</pin_list>
<bind>
<opset="v261 "/>
</bind>
</comp>

</comp_list>

<net_list>
<net id="97"><net_src comp="12" pin="0"/><net_sink comp="94" pin=0"/></net>

<net id="101"><net_src comp="12" pin="0"/><net_sink comp="98" pin=0"/></net>

<net id="105"><net_src comp="12" pin="0"/><net_sink comp="102" pin=0"/></net>

<net id="110"><net_src comp="14" pin="0"/><net_sink comp="106" pin=0"/></net>

<net id="111"><net_src comp="10" pin="0"/><net_sink comp="106" pin=1"/></net>

<net id="116"><net_src comp="14" pin="0"/><net_sink comp="112" pin=0"/></net>

<net id="117"><net_src comp="8" pin="0"/><net_sink comp="112" pin=1"/></net>

<net id="122"><net_src comp="16" pin="0"/><net_sink comp="118" pin=0"/></net>

<net id="123"><net_src comp="6" pin="0"/><net_sink comp="118" pin=1"/></net>

<net id="128"><net_src comp="16" pin="0"/><net_sink comp="124" pin=0"/></net>

<net id="129"><net_src comp="4" pin="0"/><net_sink comp="124" pin=1"/></net>

<net id="134"><net_src comp="16" pin="0"/><net_sink comp="130" pin=0"/></net>

<net id="135"><net_src comp="2" pin="0"/><net_sink comp="130" pin=1"/></net>

<net id="141"><net_src comp="74" pin="0"/><net_sink comp="136" pin=0"/></net>

<net id="142"><net_src comp="76" pin="0"/><net_sink comp="136" pin=2"/></net>

<net id="147"><net_src comp="78" pin="0"/><net_sink comp="143" pin=0"/></net>

<net id="154"><net_src comp="90" pin="0"/><net_sink comp="148" pin=0"/></net>

<net id="155"><net_src comp="92" pin="0"/><net_sink comp="148" pin=3"/></net>

<net id="163"><net_src comp="124" pin="2"/><net_sink comp="160" pin=0"/></net>

<net id="168"><net_src comp="42" pin="0"/><net_sink comp="164" pin=0"/></net>

<net id="173"><net_src comp="44" pin="0"/><net_sink comp="169" pin=0"/></net>

<net id="178"><net_src comp="46" pin="0"/><net_sink comp="174" pin=0"/></net>

<net id="186"><net_src comp="179" pin="1"/><net_sink comp="182" pin=0"/></net>

<net id="187"><net_src comp="48" pin="0"/><net_sink comp="182" pin=1"/></net>

<net id="192"><net_src comp="179" pin="1"/><net_sink comp="188" pin=0"/></net>

<net id="193"><net_src comp="50" pin="0"/><net_sink comp="188" pin=1"/></net>

<net id="204"><net_src comp="197" pin="1"/><net_sink comp="200" pin=0"/></net>

<net id="205"><net_src comp="52" pin="0"/><net_sink comp="200" pin=1"/></net>

<net id="210"><net_src comp="194" pin="1"/><net_sink comp="206" pin=0"/></net>

<net id="211"><net_src comp="54" pin="0"/><net_sink comp="206" pin=1"/></net>

<net id="217"><net_src comp="206" pin="2"/><net_sink comp="212" pin=0"/></net>

<net id="218"><net_src comp="46" pin="0"/><net_sink comp="212" pin=1"/></net>

<net id="219"><net_src comp="194" pin="1"/><net_sink comp="212" pin=2"/></net>

<net id="225"><net_src comp="206" pin="2"/><net_sink comp="220" pin=0"/></net>

<net id="226"><net_src comp="200" pin="2"/><net_sink comp="220" pin=1"/></net>

<net id="227"><net_src comp="197" pin="1"/><net_sink comp="220" pin=2"/></net>

<net id="233"><net_src comp="56" pin="0"/><net_sink comp="228" pin=0"/></net>

<net id="234"><net_src comp="220" pin="3"/><net_sink comp="228" pin=1"/></net>

<net id="235"><net_src comp="58" pin="0"/><net_sink comp="228" pin=2"/></net>

<net id="241"><net_src comp="60" pin="0"/><net_sink comp="236" pin=0"/></net>

<net id="242"><net_src comp="220" pin="3"/><net_sink comp="236" pin=1"/></net>

<net id="243"><net_src comp="46" pin="0"/><net_sink comp="236" pin=2"/></net>

<net id="247"><net_src comp="236" pin="3"/><net_sink comp="244" pin=0"/></net>

<net id="252"><net_src comp="228" pin="3"/><net_sink comp="248" pin=0"/></net>

<net id="253"><net_src comp="244" pin="1"/><net_sink comp="248" pin=1"/></net>

<net id="257"><net_src comp="248" pin="2"/><net_sink comp="254" pin=0"/></net>

<net id="263"><net_src comp="62" pin="0"/><net_sink comp="258" pin=0"/></net>

<net id="264"><net_src comp="212" pin="3"/><net_sink comp="258" pin=1"/></net>

<net id="265"><net_src comp="64" pin="0"/><net_sink comp="258" pin=2"/></net>

<net id="269"><net_src comp="258" pin="3"/><net_sink comp="266" pin=0"/></net>

<net id="274"><net_src comp="266" pin="1"/><net_sink comp="270" pin=0"/></net>

<net id="275"><net_src comp="112" pin="2"/><net_sink comp="270" pin=1"/></net>

<net id="280"><net_src comp="270" pin="2"/><net_sink comp="276" pin=0"/></net>

<net id="281"><net_src comp="254" pin="1"/><net_sink comp="276" pin=1"/></net>

<net id="288"><net_src comp="66" pin="0"/><net_sink comp="282" pin=0"/></net>

<net id="289"><net_src comp="276" pin="2"/><net_sink comp="282" pin=1"/></net>

<net id="290"><net_src comp="68" pin="0"/><net_sink comp="282" pin=2"/></net>

<net id="291"><net_src comp="70" pin="0"/><net_sink comp="282" pin=3"/></net>

<net id="295"><net_src comp="282" pin="4"/><net_sink comp="292" pin=0"/></net>

<net id="300"><net_src comp="0" pin="0"/><net_sink comp="296" pin=0"/></net>

<net id="301"><net_src comp="292" pin="1"/><net_sink comp="296" pin=1"/></net>

<net id="306"><net_src comp="266" pin="1"/><net_sink comp="302" pin=0"/></net>

<net id="307"><net_src comp="106" pin="2"/><net_sink comp="302" pin=1"/></net>

<net id="312"><net_src comp="302" pin="2"/><net_sink comp="308" pin=0"/></net>

<net id="313"><net_src comp="254" pin="1"/><net_sink comp="308" pin=1"/></net>

<net id="320"><net_src comp="66" pin="0"/><net_sink comp="314" pin=0"/></net>

<net id="321"><net_src comp="308" pin="2"/><net_sink comp="314" pin=1"/></net>

<net id="322"><net_src comp="68" pin="0"/><net_sink comp="314" pin=2"/></net>

<net id="323"><net_src comp="70" pin="0"/><net_sink comp="314" pin=3"/></net>

<net id="327"><net_src comp="314" pin="4"/><net_sink comp="324" pin=0"/></net>

<net id="332"><net_src comp="0" pin="0"/><net_sink comp="328" pin=0"/></net>

<net id="333"><net_src comp="324" pin="1"/><net_sink comp="328" pin=1"/></net>

<net id="338"><net_src comp="212" pin="3"/><net_sink comp="334" pin=0"/></net>

<net id="339"><net_src comp="72" pin="0"/><net_sink comp="334" pin=1"/></net>

<net id="344"><net_src comp="188" pin="2"/><net_sink comp="340" pin=0"/></net>

<net id="349"><net_src comp="220" pin="3"/><net_sink comp="345" pin=0"/></net>

<net id="354"><net_src comp="334" pin="2"/><net_sink comp="350" pin=0"/></net>

<net id="358"><net_src comp="355" pin="1"/><net_sink comp="156" pin=0"/></net>

<net id="362"><net_src comp="359" pin="1"/><net_sink comp="156" pin=1"/></net>

<net id="367"><net_src comp="0" pin="0"/><net_sink comp="363" pin=0"/></net>

<net id="368"><net_src comp="363" pin="2"/><net_sink comp="148" pin=1"/></net>

<net id="372"><net_src comp="369" pin="1"/><net_sink comp="148" pin=2"/></net>

<net id="376"><net_src comp="94" pin="1"/><net_sink comp="373" pin=0"/></net>

<net id="377"><net_src comp="373" pin="1"/><net_sink comp="174" pin=1"/></net>

<net id="378"><net_src comp="373" pin="1"/><net_sink comp="194" pin=0"/></net>

<net id="379"><net_src comp="373" pin="1"/><net_sink comp="350" pin=1"/></net>

<net id="383"><net_src comp="98" pin="1"/><net_sink comp="380" pin=0"/></net>

<net id="384"><net_src comp="380" pin="1"/><net_sink comp="169" pin=1"/></net>

<net id="385"><net_src comp="380" pin="1"/><net_sink comp="197" pin=0"/></net>

<net id="386"><net_src comp="380" pin="1"/><net_sink comp="345" pin=1"/></net>

<net id="390"><net_src comp="102" pin="1"/><net_sink comp="387" pin=0"/></net>

<net id="391"><net_src comp="387" pin="1"/><net_sink comp="164" pin=1"/></net>

<net id="392"><net_src comp="387" pin="1"/><net_sink comp="179" pin=0"/></net>

<net id="393"><net_src comp="387" pin="1"/><net_sink comp="340" pin=1"/></net>

<net id="397"><net_src comp="160" pin="1"/><net_sink comp="394" pin=0"/></net>

<net id="398"><net_src comp="394" pin="1"/><net_sink comp="363" pin=1"/></net>

<net id="402"><net_src comp="182" pin="2"/><net_sink comp="399" pin=0"/></net>

<net id="406"><net_src comp="296" pin="2"/><net_sink comp="403" pin=0"/></net>

<net id="407"><net_src comp="403" pin="1"/><net_sink comp="136" pin=1"/></net>

<net id="408"><net_src comp="403" pin="1"/><net_sink comp="143" pin=1"/></net>

<net id="412"><net_src comp="328" pin="2"/><net_sink comp="409" pin=0"/></net>

<net id="413"><net_src comp="409" pin="1"/><net_sink comp="136" pin=1"/></net>

<net id="414"><net_src comp="409" pin="1"/><net_sink comp="143" pin=1"/></net>

<net id="418"><net_src comp="143" pin="2"/><net_sink comp="415" pin=0"/></net>

<net id="419"><net_src comp="415" pin="1"/><net_sink comp="355" pin=0"/></net>

<net id="423"><net_src comp="143" pin="2"/><net_sink comp="420" pin=0"/></net>

<net id="424"><net_src comp="420" pin="1"/><net_sink comp="359" pin=0"/></net>

<net id="428"><net_src comp="355" pin="1"/><net_sink comp="425" pin=0"/></net>

<net id="429"><net_src comp="425" pin="1"/><net_sink comp="156" pin=0"/></net>

<net id="433"><net_src comp="359" pin="1"/><net_sink comp="430" pin=0"/></net>

<net id="434"><net_src comp="430" pin="1"/><net_sink comp="156" pin=1"/></net>

<net id="438"><net_src comp="156" pin="2"/><net_sink comp="435" pin=0"/></net>

<net id="439"><net_src comp="435" pin="1"/><net_sink comp="369" pin=0"/></net>

</net_list>

</model> 
---------------- Datapath Model END ------------------

* FSMD analyzer results:
  - Output states:
	Port: g0 | {16 }
 - Input state : 
	Port: kernel46_Pipeline_VITIS_LOOP_633_1_VITIS_LOOP_634_2 : g0 | {2 3 4 5 6 7 8 9 10 11 }
	Port: kernel46_Pipeline_VITIS_LOOP_633_1_VITIS_LOOP_634_2 : sext_ln636 | {1 }
	Port: kernel46_Pipeline_VITIS_LOOP_633_1_VITIS_LOOP_634_2 : sext_ln633 | {1 }
	Port: kernel46_Pipeline_VITIS_LOOP_633_1_VITIS_LOOP_634_2 : sext_ln638 | {1 }
	Port: kernel46_Pipeline_VITIS_LOOP_633_1_VITIS_LOOP_634_2 : v255 | {1 }
	Port: kernel46_Pipeline_VITIS_LOOP_633_1_VITIS_LOOP_634_2 : v254 | {1 }
  - Chain level:
	State 1
		store_ln0 : 1
		store_ln633 : 1
		store_ln634 : 1
		indvar_flatten_load : 1
		icmp_ln633 : 2
		add_ln633_1 : 2
		br_ln633 : 3
		v258_load : 1
		v257_load : 1
		add_ln633 : 2
		icmp_ln634 : 2
		select_ln633 : 3
		select_ln633_1 : 3
		p_shl : 4
		tmp : 4
		zext_ln639_1 : 5
		sub_ln639 : 6
		zext_ln634 : 7
		shl_ln : 4
		zext_ln639 : 5
		add_ln639 : 6
		add_ln639_1 : 8
		trunc_ln : 9
		sext_ln639 : 10
		g0_addr_25 : 11
		add_ln640 : 6
		add_ln640_1 : 8
		trunc_ln20 : 9
		sext_ln640 : 10
		g0_addr_26 : 11
		add_ln634 : 4
		store_ln633 : 3
		store_ln633 : 4
		store_ln634 : 5
	State 2
	State 3
	State 4
	State 5
	State 6
	State 7
	State 8
	State 9
	State 10
	State 11
	State 12
		v261 : 1
	State 13
	State 14
	State 15
	State 16
		write_ln642 : 1


============================================================
+ Verbose Summary: Datapath Resource usage 
============================================================

* Functional unit list:
|----------|-----------------------------|---------|---------|---------|
| Operation|       Functional Unit       |   DSP   |    FF   |   LUT   |
|----------|-----------------------------|---------|---------|---------|
|   fadd   |          grp_fu_156         |    2    |   227   |   214   |
|----------|-----------------------------|---------|---------|---------|
|          |      add_ln633_1_fu_188     |    0    |    0    |    22   |
|          |       add_ln633_fu_200      |    0    |    0    |    14   |
|          |       add_ln639_fu_270      |    0    |    0    |    64   |
|    add   |      add_ln639_1_fu_276     |    0    |    0    |    64   |
|          |       add_ln640_fu_302      |    0    |    0    |    64   |
|          |      add_ln640_1_fu_308     |    0    |    0    |    64   |
|          |       add_ln634_fu_334      |    0    |    0    |    16   |
|----------|-----------------------------|---------|---------|---------|
|   icmp   |      icmp_ln633_fu_182      |    0    |    0    |    22   |
|          |      icmp_ln634_fu_206      |    0    |    0    |    16   |
|----------|-----------------------------|---------|---------|---------|
|    sub   |       sub_ln639_fu_248      |    0    |    0    |    25   |
|----------|-----------------------------|---------|---------|---------|
|  select  |     select_ln633_fu_212     |    0    |    0    |    9    |
|          |    select_ln633_1_fu_220    |    0    |    0    |    7    |
|----------|-----------------------------|---------|---------|---------|
|          |    v254_read_read_fu_106    |    0    |    0    |    0    |
|          |    v255_read_read_fu_112    |    0    |    0    |    0    |
|   read   |   sext_ln6386_read_fu_118   |    0    |    0    |    0    |
|          | sext_ln633_read_read_fu_124 |    0    |    0    |    0    |
|          |   sext_ln6364_read_fu_130   |    0    |    0    |    0    |
|          |       grp_read_fu_143       |    0    |    0    |    0    |
|----------|-----------------------------|---------|---------|---------|
|  readreq |      grp_readreq_fu_136     |    0    |    0    |    0    |
|----------|-----------------------------|---------|---------|---------|
|   write  |   write_ln642_write_fu_148  |    0    |    0    |    0    |
|----------|-----------------------------|---------|---------|---------|
|          |    sext_ln633_cast_fu_160   |    0    |    0    |    0    |
|   sext   |      sext_ln639_fu_292      |    0    |    0    |    0    |
|          |      sext_ln640_fu_324      |    0    |    0    |    0    |
|----------|-----------------------------|---------|---------|---------|
|          |         p_shl_fu_228        |    0    |    0    |    0    |
|bitconcatenate|          tmp_fu_236         |    0    |    0    |    0    |
|          |        shl_ln_fu_258        |    0    |    0    |    0    |
|----------|-----------------------------|---------|---------|---------|
|          |     zext_ln639_1_fu_244     |    0    |    0    |    0    |
|   zext   |      zext_ln634_fu_254      |    0    |    0    |    0    |
|          |      zext_ln639_fu_266      |    0    |    0    |    0    |
|----------|-----------------------------|---------|---------|---------|
|partselect|       trunc_ln_fu_282       |    0    |    0    |    0    |
|          |      trunc_ln20_fu_314      |    0    |    0    |    0    |
|----------|-----------------------------|---------|---------|---------|
|   Total  |                             |    2    |   227   |   601   |
|----------|-----------------------------|---------|---------|---------|

Memories:
N/A

* Register list:
+-----------------------+--------+
|                       |   FF   |
+-----------------------+--------+
|g0_addr_25_read_reg_415|   32   |
|   g0_addr_25_reg_403  |   32   |
|g0_addr_26_read_reg_420|   32   |
|   g0_addr_26_reg_409  |   32   |
|   icmp_ln633_reg_399  |    1   |
| indvar_flatten_reg_387|   15   |
|sext_ln633_cast_reg_394|   64   |
|      v257_reg_380     |    7   |
|      v258_reg_373     |    9   |
|      v259_reg_425     |   32   |
|      v260_reg_430     |   32   |
|      v261_reg_435     |   32   |
+-----------------------+--------+
|         Total         |   320  |
+-----------------------+--------+

* Multiplexer (MUX) list: 
|--------------------|------|------|------|--------||---------||---------||---------|
|        Comp        |  Pin | Size |  BW  | S x BW ||  Delay  ||    FF   ||   LUT   |
|--------------------|------|------|------|--------||---------||---------||---------|
| grp_readreq_fu_136 |  p1  |   2  |  32  |   64   ||    0    ||    9    |
|   grp_read_fu_143  |  p1  |   2  |  32  |   64   ||    0    ||    9    |
|     grp_fu_156     |  p0  |   2  |  32  |   64   ||    0    ||    9    |
|     grp_fu_156     |  p1  |   2  |  32  |   64   ||    0    ||    9    |
|--------------------|------|------|------|--------||---------||---------||---------|
|        Total       |      |      |      |   256  ||  1.708  ||    0    ||    36   |
|--------------------|------|------|------|--------||---------||---------||---------|



* Summary:
+-----------+--------+--------+--------+--------+
|           |   DSP  |  Delay |   FF   |   LUT  |
+-----------+--------+--------+--------+--------+
|  Function |    2   |    -   |   227  |   601  |
|   Memory  |    -   |    -   |    -   |    -   |
|Multiplexer|    -   |    1   |    0   |   36   |
|  Register |    -   |    -   |   320  |    -   |
+-----------+--------+--------+--------+--------+
|   Total   |    2   |    1   |   547  |   637  |
+-----------+--------+--------+--------+--------+
