

================================================================
== Vitis HLS Report for 'kernel53'
================================================================
* Date:           Sun Jul 12 20:26:09 2026

* Version:        2025.2 (Build 6295257 on Nov 14 2025)
* Project:        spikingformer_proj
* Solution:       solution1 (Vivado IP Flow Target)
* Product family: zynquplus
* Target device:  xczu7ev-ffvc1156-2-e


================================================================
== Performance Estimates
================================================================
+ Timing: 
    * Summary: 
    +--------+----------+----------+------------+
    |  Clock |  Target  | Estimated| Uncertainty|
    +--------+----------+----------+------------+
    |ap_clk  |  10.00 ns|  7.300 ns|     2.70 ns|
    +--------+----------+----------+------------+

+ Latency: 
    * Summary: 
    +---------+---------+----------+----------+-----+-----+-------------------+
    |  Latency (cycles) |  Latency (absolute) |  Interval |      Pipeline     |
    |   min   |   max   |    min   |    max   | min | max |        Type       |
    +---------+---------+----------+----------+-----+-----+-------------------+
    |    24595|    24595|  0.246 ms|  0.246 ms|    0|    0|  loop pipeline stp|
    +---------+---------+----------+----------+-----+-----+-------------------+

    + Detail: 
        * Instance: 
        N/A

        * Loop: 
        +-------------------------------------+---------+---------+----------+-----------+-----------+-------+----------+
        |                                     |  Latency (cycles) | Iteration|  Initiation Interval  |  Trip |          |
        |              Loop Name              |   min   |   max   |  Latency |  achieved |   target  | Count | Pipelined|
        +-------------------------------------+---------+---------+----------+-----------+-----------+-------+----------+
        |- VITIS_LOOP_721_1_VITIS_LOOP_722_2  |    24593|    24593|        19|          1|          1|  24576|       yes|
        +-------------------------------------+---------+---------+----------+-----------+-----------+-------+----------+

============================================================
+ Verbose Summary: Synthesis Manager
============================================================
InlineROM: 1
ExposeGlobal: 0
============================================================
+ Verbose Summary: CDFG Model
============================================================
IsTopModel: 0
ResetActiveHigh: 1
IsCombinational: 0
IsDatapathOnly: 0
HasWiredReturn: 1
HasMFsm: 2
HasVarLatency: 1
IsPipeline: 0
IsRtlPipelined: 0
IsInstanceOverlapped: 0
IsDontTouch: 0
HasImplIP: 0
IsGatedGlobalClock: 0

+ Individual pipeline summary: 
  * Pipeline-0: initiation interval (II) = 1, depth = 19


============================================================
+ Verbose Summary: Schedule
============================================================
* Number of FSM states : 19
* Pipeline : 1
  Pipeline-0 : II = 1, D = 19, States = { 1 2 3 4 5 6 7 8 9 10 11 12 13 14 15 16 17 18 19 }
* Dataflow Pipeline: 0

* FSM state transitions: 
1 --> 2 
2 --> 3 
3 --> 4 
4 --> 5 
5 --> 6 
6 --> 7 
7 --> 8 
8 --> 9 
9 --> 10 
10 --> 11 
11 --> 12 
12 --> 13 
13 --> 14 
14 --> 15 
15 --> 16 
16 --> 17 
17 --> 18 
18 --> 19 
19 --> 

* FSM state operations: 

State 1 <SV = 0> <Delay = 3.25>
ST_1 : Operation 22 [1/1] (0.00ns)   --->   "%v296 = alloca i32 1" [spikingformer_official.cpp:722]   --->   Operation 22 'alloca' 'v296' <Predicate = true> <Delay = 0.00>
ST_1 : Operation 23 [1/1] (0.00ns)   --->   "%v295 = alloca i32 1" [spikingformer_official.cpp:721]   --->   Operation 23 'alloca' 'v295' <Predicate = true> <Delay = 0.00>
ST_1 : Operation 24 [1/1] (0.00ns)   --->   "%indvar_flatten = alloca i32 1"   --->   Operation 24 'alloca' 'indvar_flatten' <Predicate = true> <Delay = 0.00>
ST_1 : Operation 25 [1/1] (0.00ns)   --->   "%specstablecontent_ln0 = specstablecontent void @_ssdm_op_SpecStableContent, i32 %g0, i1 1, void "   --->   Operation 25 'specstablecontent' 'specstablecontent_ln0' <Predicate = true> <Delay = 0.00>
ST_1 : Operation 26 [1/1] (0.00ns)   --->   "%specinterface_ln0 = specinterface void @_ssdm_op_SpecInterface, i32 %g0, void @empty_26, i32 0, i32 0, void @empty_35, i32 0, i32 0, void @empty_22, void @empty_25, void @empty_35, i32 16, i32 16, i32 16, i32 16, void @empty_35, void @empty_35, i32 4294967295, i32 0, i32 0, i32 4"   --->   Operation 26 'specinterface' 'specinterface_ln0' <Predicate = true> <Delay = 0.00>
ST_1 : Operation 27 [1/1] (0.00ns)   --->   "%v293_read = read i64 @_ssdm_op_Read.ap_auto.i64, i64 %v293" [spikingformer_official.cpp:718]   --->   Operation 27 'read' 'v293_read' <Predicate = true> <Delay = 0.00>
ST_1 : Operation 28 [1/1] (0.42ns)   --->   "%store_ln0 = store i15 0, i15 %indvar_flatten"   --->   Operation 28 'store' 'store_ln0' <Predicate = true> <Delay = 0.42>
ST_1 : Operation 29 [1/1] (0.42ns)   --->   "%store_ln721 = store i7 0, i7 %v295" [spikingformer_official.cpp:721]   --->   Operation 29 'store' 'store_ln721' <Predicate = true> <Delay = 0.42>
ST_1 : Operation 30 [1/1] (0.42ns)   --->   "%store_ln722 = store i9 0, i9 %v296" [spikingformer_official.cpp:722]   --->   Operation 30 'store' 'store_ln722' <Predicate = true> <Delay = 0.42>
ST_1 : Operation 31 [1/1] (0.00ns)   --->   "%br_ln721 = br void %for.inc" [spikingformer_official.cpp:721]   --->   Operation 31 'br' 'br_ln721' <Predicate = true> <Delay = 0.00>
ST_1 : Operation 32 [1/1] (0.00ns)   --->   "%indvar_flatten_load = load i15 %indvar_flatten" [spikingformer_official.cpp:721]   --->   Operation 32 'load' 'indvar_flatten_load' <Predicate = true> <Delay = 0.00>
ST_1 : Operation 33 [1/1] (0.84ns)   --->   "%icmp_ln721 = icmp_eq  i15 %indvar_flatten_load, i15 24576" [spikingformer_official.cpp:721]   --->   Operation 33 'icmp' 'icmp_ln721' <Predicate = true> <Delay = 0.84> <CoreInst = "Cmp">   --->   Core 9 'Cmp' <Latency = 0> <II = 1> <Delay = 0.84> <FuncUnit> <Opcode : 'seteq' 'setne' 'setle' 'setge' 'setlt' 'setgt'> <InPorts = 2> <OutPorts = 1>
ST_1 : Operation 34 [1/1] (0.84ns)   --->   "%add_ln721_1 = add i15 %indvar_flatten_load, i15 1" [spikingformer_official.cpp:721]   --->   Operation 34 'add' 'add_ln721_1' <Predicate = true> <Delay = 0.84> <CoreInst = "Adder">   --->   Core 1 'Adder' <Latency = 0> <II = 1> <Delay = 0.84> <FuncUnit> <Opcode : 'add' 'sub'> <InPorts = 2> <OutPorts = 1>
ST_1 : Operation 35 [1/1] (0.00ns)   --->   "%br_ln721 = br i1 %icmp_ln721, void %for.inc13, void %for.end15" [spikingformer_official.cpp:721]   --->   Operation 35 'br' 'br_ln721' <Predicate = true> <Delay = 0.00>
ST_1 : Operation 36 [1/1] (0.00ns)   --->   "%v296_load = load i9 %v296" [spikingformer_official.cpp:722]   --->   Operation 36 'load' 'v296_load' <Predicate = (!icmp_ln721)> <Delay = 0.00>
ST_1 : Operation 37 [1/1] (0.00ns)   --->   "%v295_load = load i7 %v295" [spikingformer_official.cpp:721]   --->   Operation 37 'load' 'v295_load' <Predicate = (!icmp_ln721)> <Delay = 0.00>
ST_1 : Operation 38 [1/1] (0.77ns)   --->   "%add_ln721 = add i7 %v295_load, i7 1" [spikingformer_official.cpp:721]   --->   Operation 38 'add' 'add_ln721' <Predicate = (!icmp_ln721)> <Delay = 0.77> <CoreInst = "Adder">   --->   Core 1 'Adder' <Latency = 0> <II = 1> <Delay = 0.77> <FuncUnit> <Opcode : 'add' 'sub'> <InPorts = 2> <OutPorts = 1>
ST_1 : Operation 39 [1/1] (0.77ns)   --->   "%icmp_ln722 = icmp_eq  i9 %v296_load, i9 384" [spikingformer_official.cpp:722]   --->   Operation 39 'icmp' 'icmp_ln722' <Predicate = (!icmp_ln721)> <Delay = 0.77> <CoreInst = "Cmp">   --->   Core 9 'Cmp' <Latency = 0> <II = 1> <Delay = 0.77> <FuncUnit> <Opcode : 'seteq' 'setne' 'setle' 'setge' 'setlt' 'setgt'> <InPorts = 2> <OutPorts = 1>
ST_1 : Operation 40 [1/1] (0.39ns)   --->   "%select_ln721 = select i1 %icmp_ln722, i9 0, i9 %v296_load" [spikingformer_official.cpp:721]   --->   Operation 40 'select' 'select_ln721' <Predicate = (!icmp_ln721)> <Delay = 0.39> <CoreInst = "Sel">   --->   Core 73 'Sel' <Latency = 0> <II = 1> <Delay = 0.39> <FuncUnit> <Opcode : 'select'> <InPorts = 3> <OutPorts = 1>
ST_1 : Operation 41 [1/1] (0.36ns)   --->   "%select_ln721_1 = select i1 %icmp_ln722, i7 %add_ln721, i7 %v295_load" [spikingformer_official.cpp:721]   --->   Operation 41 'select' 'select_ln721_1' <Predicate = (!icmp_ln721)> <Delay = 0.36> <CoreInst = "Sel">   --->   Core 73 'Sel' <Latency = 0> <II = 1> <Delay = 0.36> <FuncUnit> <Opcode : 'select'> <InPorts = 3> <OutPorts = 1>
ST_1 : Operation 42 [1/1] (0.00ns)   --->   "%p_shl = bitconcatenate i18 @_ssdm_op_BitConcatenate.i18.i7.i11, i7 %select_ln721_1, i11 0" [spikingformer_official.cpp:725]   --->   Operation 42 'bitconcatenate' 'p_shl' <Predicate = (!icmp_ln721)> <Delay = 0.00>
ST_1 : Operation 43 [1/1] (0.00ns)   --->   "%tmp = bitconcatenate i16 @_ssdm_op_BitConcatenate.i16.i7.i9, i7 %select_ln721_1, i9 0" [spikingformer_official.cpp:725]   --->   Operation 43 'bitconcatenate' 'tmp' <Predicate = (!icmp_ln721)> <Delay = 0.00>
ST_1 : Operation 44 [1/1] (0.00ns)   --->   "%zext_ln725_1 = zext i16 %tmp" [spikingformer_official.cpp:725]   --->   Operation 44 'zext' 'zext_ln725_1' <Predicate = (!icmp_ln721)> <Delay = 0.00>
ST_1 : Operation 45 [1/1] (0.87ns)   --->   "%sub_ln725 = sub i18 %p_shl, i18 %zext_ln725_1" [spikingformer_official.cpp:725]   --->   Operation 45 'sub' 'sub_ln725' <Predicate = (!icmp_ln721)> <Delay = 0.87> <CoreInst = "Adder">   --->   Core 1 'Adder' <Latency = 0> <II = 1> <Delay = 0.87> <FuncUnit> <Opcode : 'add' 'sub'> <InPorts = 2> <OutPorts = 1>
ST_1 : Operation 46 [1/1] (0.00ns)   --->   "%zext_ln722 = zext i18 %sub_ln725" [spikingformer_official.cpp:722]   --->   Operation 46 'zext' 'zext_ln722' <Predicate = (!icmp_ln721)> <Delay = 0.00>
ST_1 : Operation 47 [1/1] (0.00ns)   --->   "%shl_ln = bitconcatenate i11 @_ssdm_op_BitConcatenate.i11.i9.i2, i9 %select_ln721, i2 0" [spikingformer_official.cpp:725]   --->   Operation 47 'bitconcatenate' 'shl_ln' <Predicate = (!icmp_ln721)> <Delay = 0.00>
ST_1 : Operation 48 [1/1] (0.00ns)   --->   "%zext_ln725 = zext i11 %shl_ln" [spikingformer_official.cpp:725]   --->   Operation 48 'zext' 'zext_ln725' <Predicate = (!icmp_ln721)> <Delay = 0.00>
ST_1 : Operation 49 [1/1] (0.00ns) (grouped into TernaryAdder)   --->   "%add_ln725 = add i64 %zext_ln725, i64 %v293_read" [spikingformer_official.cpp:725]   --->   Operation 49 'add' 'add_ln725' <Predicate = (!icmp_ln721)> <Delay = 0.00> <CoreInst = "TAddSub">   --->   Core 10 'TAddSub' <Latency = 0> <II = 1> <Delay = 0.40> <IPBlock> <Opcode : 'add' 'sub'> <InPorts = 3> <OutPorts = 1> <Sync> <CReg>
ST_1 : Operation 50 [1/1] (0.81ns) (root node of TernaryAdder)   --->   "%add_ln725_1 = add i64 %add_ln725, i64 %zext_ln722" [spikingformer_official.cpp:725]   --->   Operation 50 'add' 'add_ln725_1' <Predicate = (!icmp_ln721)> <Delay = 0.81> <CoreInst = "TAddSub">   --->   Core 10 'TAddSub' <Latency = 0> <II = 1> <Delay = 0.40> <IPBlock> <Opcode : 'add' 'sub'> <InPorts = 3> <OutPorts = 1> <Sync> <CReg>
ST_1 : Operation 51 [1/1] (0.00ns)   --->   "%trunc_ln = partselect i62 @_ssdm_op_PartSelect.i62.i64.i32.i32, i64 %add_ln725_1, i32 2, i32 63" [spikingformer_official.cpp:725]   --->   Operation 51 'partselect' 'trunc_ln' <Predicate = (!icmp_ln721)> <Delay = 0.00>
ST_1 : Operation 52 [1/1] (0.00ns)   --->   "%sext_ln725 = sext i62 %trunc_ln" [spikingformer_official.cpp:725]   --->   Operation 52 'sext' 'sext_ln725' <Predicate = (!icmp_ln721)> <Delay = 0.00>
ST_1 : Operation 53 [1/1] (0.00ns)   --->   "%g0_addr = getelementptr i32 %g0, i64 %sext_ln725" [spikingformer_official.cpp:725]   --->   Operation 53 'getelementptr' 'g0_addr' <Predicate = (!icmp_ln721)> <Delay = 0.00>
ST_1 : Operation 54 [1/1] (0.77ns)   --->   "%add_ln722 = add i9 %select_ln721, i9 1" [spikingformer_official.cpp:722]   --->   Operation 54 'add' 'add_ln722' <Predicate = (!icmp_ln721)> <Delay = 0.77> <CoreInst = "Adder">   --->   Core 1 'Adder' <Latency = 0> <II = 1> <Delay = 0.77> <FuncUnit> <Opcode : 'add' 'sub'> <InPorts = 2> <OutPorts = 1>
ST_1 : Operation 55 [1/1] (0.42ns)   --->   "%store_ln721 = store i15 %add_ln721_1, i15 %indvar_flatten" [spikingformer_official.cpp:721]   --->   Operation 55 'store' 'store_ln721' <Predicate = (!icmp_ln721)> <Delay = 0.42>
ST_1 : Operation 56 [1/1] (0.42ns)   --->   "%store_ln721 = store i7 %select_ln721_1, i7 %v295" [spikingformer_official.cpp:721]   --->   Operation 56 'store' 'store_ln721' <Predicate = (!icmp_ln721)> <Delay = 0.42>
ST_1 : Operation 57 [1/1] (0.42ns)   --->   "%store_ln722 = store i9 %add_ln722, i9 %v296" [spikingformer_official.cpp:722]   --->   Operation 57 'store' 'store_ln722' <Predicate = (!icmp_ln721)> <Delay = 0.42>

State 2 <SV = 1> <Delay = 0.00>
ST_2 : Operation 58 [8/8] (7.30ns)   --->   "%g0_load_req = readreq i1 @_ssdm_op_ReadReq.m_axi.i32P1A, i32 %g0_addr, i64 1" [spikingformer_official.cpp:725]   --->   Operation 58 'readreq' 'g0_load_req' <Predicate = true> <Delay = 7.30> <CoreInst = "m_axi">   --->   Core 119 'm_axi' <Latency = 6> <II = 1> <Delay = 1.00> <Adapter> <Opcode : 'readrequnaligned' 'writerequnaligned' 'read' 'write' 'readreq' 'writereq' 'writeresp'>

State 3 <SV = 2> <Delay = 0.00>
ST_3 : Operation 59 [7/8] (7.30ns)   --->   "%g0_load_req = readreq i1 @_ssdm_op_ReadReq.m_axi.i32P1A, i32 %g0_addr, i64 1" [spikingformer_official.cpp:725]   --->   Operation 59 'readreq' 'g0_load_req' <Predicate = true> <Delay = 7.30> <CoreInst = "m_axi">   --->   Core 119 'm_axi' <Latency = 6> <II = 1> <Delay = 1.00> <Adapter> <Opcode : 'readrequnaligned' 'writerequnaligned' 'read' 'write' 'readreq' 'writereq' 'writeresp'>

State 4 <SV = 3> <Delay = 0.00>
ST_4 : Operation 60 [6/8] (7.30ns)   --->   "%g0_load_req = readreq i1 @_ssdm_op_ReadReq.m_axi.i32P1A, i32 %g0_addr, i64 1" [spikingformer_official.cpp:725]   --->   Operation 60 'readreq' 'g0_load_req' <Predicate = true> <Delay = 7.30> <CoreInst = "m_axi">   --->   Core 119 'm_axi' <Latency = 6> <II = 1> <Delay = 1.00> <Adapter> <Opcode : 'readrequnaligned' 'writerequnaligned' 'read' 'write' 'readreq' 'writereq' 'writeresp'>

State 5 <SV = 4> <Delay = 0.00>
ST_5 : Operation 61 [5/8] (7.30ns)   --->   "%g0_load_req = readreq i1 @_ssdm_op_ReadReq.m_axi.i32P1A, i32 %g0_addr, i64 1" [spikingformer_official.cpp:725]   --->   Operation 61 'readreq' 'g0_load_req' <Predicate = true> <Delay = 7.30> <CoreInst = "m_axi">   --->   Core 119 'm_axi' <Latency = 6> <II = 1> <Delay = 1.00> <Adapter> <Opcode : 'readrequnaligned' 'writerequnaligned' 'read' 'write' 'readreq' 'writereq' 'writeresp'>

State 6 <SV = 5> <Delay = 0.00>
ST_6 : Operation 62 [4/8] (7.30ns)   --->   "%g0_load_req = readreq i1 @_ssdm_op_ReadReq.m_axi.i32P1A, i32 %g0_addr, i64 1" [spikingformer_official.cpp:725]   --->   Operation 62 'readreq' 'g0_load_req' <Predicate = true> <Delay = 7.30> <CoreInst = "m_axi">   --->   Core 119 'm_axi' <Latency = 6> <II = 1> <Delay = 1.00> <Adapter> <Opcode : 'readrequnaligned' 'writerequnaligned' 'read' 'write' 'readreq' 'writereq' 'writeresp'>

State 7 <SV = 6> <Delay = 0.00>
ST_7 : Operation 63 [3/8] (7.30ns)   --->   "%g0_load_req = readreq i1 @_ssdm_op_ReadReq.m_axi.i32P1A, i32 %g0_addr, i64 1" [spikingformer_official.cpp:725]   --->   Operation 63 'readreq' 'g0_load_req' <Predicate = true> <Delay = 7.30> <CoreInst = "m_axi">   --->   Core 119 'm_axi' <Latency = 6> <II = 1> <Delay = 1.00> <Adapter> <Opcode : 'readrequnaligned' 'writerequnaligned' 'read' 'write' 'readreq' 'writereq' 'writeresp'>

State 8 <SV = 7> <Delay = 0.00>
ST_8 : Operation 64 [2/8] (7.30ns)   --->   "%g0_load_req = readreq i1 @_ssdm_op_ReadReq.m_axi.i32P1A, i32 %g0_addr, i64 1" [spikingformer_official.cpp:725]   --->   Operation 64 'readreq' 'g0_load_req' <Predicate = true> <Delay = 7.30> <CoreInst = "m_axi">   --->   Core 119 'm_axi' <Latency = 6> <II = 1> <Delay = 1.00> <Adapter> <Opcode : 'readrequnaligned' 'writerequnaligned' 'read' 'write' 'readreq' 'writereq' 'writeresp'>

State 9 <SV = 8> <Delay = 7.30>
ST_9 : Operation 65 [1/8] ( I:7.30ns O:7.30ns )   --->   "%g0_load_req = readreq i1 @_ssdm_op_ReadReq.m_axi.i32P1A, i32 %g0_addr, i64 1" [spikingformer_official.cpp:725]   --->   Operation 65 'readreq' 'g0_load_req' <Predicate = true> <Delay = 7.30> <CoreInst = "m_axi">   --->   Core 119 'm_axi' <Latency = 6> <II = 1> <Delay = 1.00> <Adapter> <Opcode : 'readrequnaligned' 'writerequnaligned' 'read' 'write' 'readreq' 'writereq' 'writeresp'>

State 10 <SV = 9> <Delay = 7.30>
ST_10 : Operation 66 [1/1] ( I:7.30ns O:7.30ns )   --->   "%g0_addr_read = read i32 @_ssdm_op_Read.m_axi.i32P1A, i32 %g0_addr" [spikingformer_official.cpp:725]   --->   Operation 66 'read' 'g0_addr_read' <Predicate = true> <Delay = 7.30> <CoreInst = "m_axi">   --->   Core 119 'm_axi' <Latency = 3> <II = 1> <Delay = 1.00> <Adapter> <Opcode : 'readrequnaligned' 'writerequnaligned' 'read' 'write' 'readreq' 'writereq' 'writeresp'>

State 11 <SV = 10> <Delay = 7.01>
ST_11 : Operation 67 [1/1] (0.00ns)   --->   "%v297 = bitcast i32 %g0_addr_read" [spikingformer_official.cpp:725]   --->   Operation 67 'bitcast' 'v297' <Predicate = true> <Delay = 0.00>
ST_11 : Operation 68 [3/3] (7.01ns)   --->   "%v298 = fmul i32 %v297, i32 0.5" [spikingformer_official.cpp:726]   --->   Operation 68 'fmul' 'v298' <Predicate = true> <Delay = 7.01> <CoreInst = "FMul_maxdsp">   --->   Core 30 'FMul_maxdsp' <Latency = 2> <II = 1> <Delay = 7.01> <FuncUnit> <Opcode : 'fmul'> <InPorts = 2> <OutPorts = 1>

State 12 <SV = 11> <Delay = 7.01>
ST_12 : Operation 69 [2/3] (7.01ns)   --->   "%v298 = fmul i32 %v297, i32 0.5" [spikingformer_official.cpp:726]   --->   Operation 69 'fmul' 'v298' <Predicate = true> <Delay = 7.01> <CoreInst = "FMul_maxdsp">   --->   Core 30 'FMul_maxdsp' <Latency = 2> <II = 1> <Delay = 7.01> <FuncUnit> <Opcode : 'fmul'> <InPorts = 2> <OutPorts = 1>

State 13 <SV = 12> <Delay = 7.30>
ST_13 : Operation 70 [1/3] (7.01ns)   --->   "%v298 = fmul i32 %v297, i32 0.5" [spikingformer_official.cpp:726]   --->   Operation 70 'fmul' 'v298' <Predicate = true> <Delay = 7.01> <CoreInst = "FMul_maxdsp">   --->   Core 30 'FMul_maxdsp' <Latency = 2> <II = 1> <Delay = 7.01> <FuncUnit> <Opcode : 'fmul'> <InPorts = 2> <OutPorts = 1>
ST_13 : Operation 71 [1/1] ( I:7.30ns O:7.30ns )   --->   "%g0_addr_66_req = writereq i1 @_ssdm_op_WriteReq.m_axi.i32P1A, i32 %g0_addr, i64 1" [spikingformer_official.cpp:727]   --->   Operation 71 'writereq' 'g0_addr_66_req' <Predicate = true> <Delay = 7.30> <CoreInst = "m_axi">   --->   Core 119 'm_axi' <Latency = 9> <II = 1> <Delay = 1.00> <Adapter> <Opcode : 'readrequnaligned' 'writerequnaligned' 'read' 'write' 'readreq' 'writereq' 'writeresp'>

State 14 <SV = 13> <Delay = 7.30>
ST_14 : Operation 72 [1/1] (0.00ns)   --->   "%bitcast_ln727 = bitcast i32 %v298" [spikingformer_official.cpp:727]   --->   Operation 72 'bitcast' 'bitcast_ln727' <Predicate = true> <Delay = 0.00>
ST_14 : Operation 73 [1/1] ( I:7.30ns O:7.30ns )   --->   "%write_ln727 = write void @_ssdm_op_Write.m_axi.i32P1A, i32 %g0_addr, i32 %bitcast_ln727, i4 15" [spikingformer_official.cpp:727]   --->   Operation 73 'write' 'write_ln727' <Predicate = true> <Delay = 7.30> <CoreInst = "m_axi">   --->   Core 119 'm_axi' <Latency = 5> <II = 1> <Delay = 1.00> <Adapter> <Opcode : 'readrequnaligned' 'writerequnaligned' 'read' 'write' 'readreq' 'writereq' 'writeresp'>

State 15 <SV = 14> <Delay = 0.00>
ST_15 : Operation 74 [5/5] (7.30ns)   --->   "%g0_addr_66_resp = writeresp i1 @_ssdm_op_WriteResp.m_axi.i32P1A, i32 %g0_addr" [spikingformer_official.cpp:727]   --->   Operation 74 'writeresp' 'g0_addr_66_resp' <Predicate = true> <Delay = 7.30> <CoreInst = "m_axi">   --->   Core 119 'm_axi' <Latency = 3> <II = 1> <Delay = 1.00> <Adapter> <Opcode : 'readrequnaligned' 'writerequnaligned' 'read' 'write' 'readreq' 'writereq' 'writeresp'>

State 16 <SV = 15> <Delay = 0.00>
ST_16 : Operation 75 [4/5] (7.30ns)   --->   "%g0_addr_66_resp = writeresp i1 @_ssdm_op_WriteResp.m_axi.i32P1A, i32 %g0_addr" [spikingformer_official.cpp:727]   --->   Operation 75 'writeresp' 'g0_addr_66_resp' <Predicate = true> <Delay = 7.30> <CoreInst = "m_axi">   --->   Core 119 'm_axi' <Latency = 3> <II = 1> <Delay = 1.00> <Adapter> <Opcode : 'readrequnaligned' 'writerequnaligned' 'read' 'write' 'readreq' 'writereq' 'writeresp'>

State 17 <SV = 16> <Delay = 0.00>
ST_17 : Operation 76 [3/5] (7.30ns)   --->   "%g0_addr_66_resp = writeresp i1 @_ssdm_op_WriteResp.m_axi.i32P1A, i32 %g0_addr" [spikingformer_official.cpp:727]   --->   Operation 76 'writeresp' 'g0_addr_66_resp' <Predicate = true> <Delay = 7.30> <CoreInst = "m_axi">   --->   Core 119 'm_axi' <Latency = 3> <II = 1> <Delay = 1.00> <Adapter> <Opcode : 'readrequnaligned' 'writerequnaligned' 'read' 'write' 'readreq' 'writereq' 'writeresp'>

State 18 <SV = 17> <Delay = 0.42>
ST_18 : Operation 77 [2/5] (7.30ns)   --->   "%g0_addr_66_resp = writeresp i1 @_ssdm_op_WriteResp.m_axi.i32P1A, i32 %g0_addr" [spikingformer_official.cpp:727]   --->   Operation 77 'writeresp' 'g0_addr_66_resp' <Predicate = true> <Delay = 7.30> <CoreInst = "m_axi">   --->   Core 119 'm_axi' <Latency = 3> <II = 1> <Delay = 1.00> <Adapter> <Opcode : 'readrequnaligned' 'writerequnaligned' 'read' 'write' 'readreq' 'writereq' 'writeresp'>
ST_18 : Operation 83 [1/1] (0.42ns)   --->   "%ret_ln730 = ret" [spikingformer_official.cpp:730]   --->   Operation 83 'ret' 'ret_ln730' <Predicate = (icmp_ln721)> <Delay = 0.42>

State 19 <SV = 18> <Delay = 7.30>
ST_19 : Operation 78 [1/1] (0.00ns)   --->   "%specloopname_ln0 = specloopname void @_ssdm_op_SpecLoopName, void @VITIS_LOOP_721_1_VITIS_LOOP_722_2_str"   --->   Operation 78 'specloopname' 'specloopname_ln0' <Predicate = true> <Delay = 0.00>
ST_19 : Operation 79 [1/1] (0.00ns)   --->   "%speclooptripcount_ln0 = speclooptripcount void @_ssdm_op_SpecLoopTripCount, i64 24576, i64 24576, i64 24576"   --->   Operation 79 'speclooptripcount' 'speclooptripcount_ln0' <Predicate = true> <Delay = 0.00>
ST_19 : Operation 80 [1/1] (0.00ns)   --->   "%specpipeline_ln723 = specpipeline void @_ssdm_op_SpecPipeline, i32 1, i32 0, i32 0, i32 0, i32 4294967295, void @empty_35" [spikingformer_official.cpp:723]   --->   Operation 80 'specpipeline' 'specpipeline_ln723' <Predicate = true> <Delay = 0.00>
ST_19 : Operation 81 [1/5] ( I:7.30ns O:7.30ns )   --->   "%g0_addr_66_resp = writeresp i1 @_ssdm_op_WriteResp.m_axi.i32P1A, i32 %g0_addr" [spikingformer_official.cpp:727]   --->   Operation 81 'writeresp' 'g0_addr_66_resp' <Predicate = true> <Delay = 7.30> <CoreInst = "m_axi">   --->   Core 119 'm_axi' <Latency = 3> <II = 1> <Delay = 1.00> <Adapter> <Opcode : 'readrequnaligned' 'writerequnaligned' 'read' 'write' 'readreq' 'writereq' 'writeresp'>
ST_19 : Operation 82 [1/1] (0.00ns)   --->   "%br_ln722 = br void %for.inc" [spikingformer_official.cpp:722]   --->   Operation 82 'br' 'br_ln722' <Predicate = true> <Delay = 0.00>


============================================================
+ Verbose Summary: Binding
============================================================
STG Binding: 
---------------- STG Properties BEGIN ----------------
- Is combinational: 0
- Is one-state seq: 0
- Is datapath-only: 0
- Is pipelined: 0
- Is top level: 0
Port [ Return ] is wired: 1; IO mode=ap_ctrl_hs:ce=0
Port [ g0]:  wired=1; compound=1; hidden=0; nouse=0; global=0; static=0; extern=0; dir=2; type=4; pingpong=0; private_global=0; IO mode=m_axi:ce=0
Port [ v293]:  wired=1; compound=0; hidden=0; nouse=0; global=0; static=0; extern=0; dir=0; type=0; pingpong=0; private_global=0; IO mode=ap_none:ce=0
---------------- STG Properties END ------------------

---------------- Datapath Model BEGIN ----------------

<LifeTime>
<method=bitvector/>
v296                  (alloca           ) [ 01000000000000000000]
v295                  (alloca           ) [ 01000000000000000000]
indvar_flatten        (alloca           ) [ 01000000000000000000]
specstablecontent_ln0 (specstablecontent) [ 00000000000000000000]
specinterface_ln0     (specinterface    ) [ 00000000000000000000]
v293_read             (read             ) [ 00000000000000000000]
store_ln0             (store            ) [ 00000000000000000000]
store_ln721           (store            ) [ 00000000000000000000]
store_ln722           (store            ) [ 00000000000000000000]
br_ln721              (br               ) [ 00000000000000000000]
indvar_flatten_load   (load             ) [ 00000000000000000000]
icmp_ln721            (icmp             ) [ 01111111111111111110]
add_ln721_1           (add              ) [ 00000000000000000000]
br_ln721              (br               ) [ 00000000000000000000]
v296_load             (load             ) [ 00000000000000000000]
v295_load             (load             ) [ 00000000000000000000]
add_ln721             (add              ) [ 00000000000000000000]
icmp_ln722            (icmp             ) [ 00000000000000000000]
select_ln721          (select           ) [ 00000000000000000000]
select_ln721_1        (select           ) [ 00000000000000000000]
p_shl                 (bitconcatenate   ) [ 00000000000000000000]
tmp                   (bitconcatenate   ) [ 00000000000000000000]
zext_ln725_1          (zext             ) [ 00000000000000000000]
sub_ln725             (sub              ) [ 00000000000000000000]
zext_ln722            (zext             ) [ 00000000000000000000]
shl_ln                (bitconcatenate   ) [ 00000000000000000000]
zext_ln725            (zext             ) [ 00000000000000000000]
add_ln725             (add              ) [ 00000000000000000000]
add_ln725_1           (add              ) [ 00000000000000000000]
trunc_ln              (partselect       ) [ 00000000000000000000]
sext_ln725            (sext             ) [ 00000000000000000000]
g0_addr               (getelementptr    ) [ 01111111111111111111]
add_ln722             (add              ) [ 00000000000000000000]
store_ln721           (store            ) [ 00000000000000000000]
store_ln721           (store            ) [ 00000000000000000000]
store_ln722           (store            ) [ 00000000000000000000]
g0_load_req           (readreq          ) [ 00000000000000000000]
g0_addr_read          (read             ) [ 01000000000100000000]
v297                  (bitcast          ) [ 01000000000011000000]
v298                  (fmul             ) [ 01000000000000100000]
g0_addr_66_req        (writereq         ) [ 00000000000000000000]
bitcast_ln727         (bitcast          ) [ 00000000000000000000]
write_ln727           (write            ) [ 00000000000000000000]
specloopname_ln0      (specloopname     ) [ 00000000000000000000]
speclooptripcount_ln0 (speclooptripcount) [ 00000000000000000000]
specpipeline_ln723    (specpipeline     ) [ 00000000000000000000]
g0_addr_66_resp       (writeresp        ) [ 00000000000000000000]
br_ln722              (br               ) [ 00000000000000000000]
ret_ln730             (ret              ) [ 00000000000000000000]
</LifeTime>

<model>

<comp_list>
<comp id="0" class="1000" name="g0">
<pin_list>
<pin id="1" dir="1" index="0" bw="1" slack="0"/>
</pin_list>
<bind>
<StgValue><ssdm name="g0"/><MemPortTyVec>2 </MemPortTyVec>
</StgValue>
</bind>
</comp>

<comp id="2" class="1000" name="v293">
<pin_list>
<pin id="3" dir="1" index="0" bw="1" slack="0"/>
</pin_list>
<bind>
<StgValue><ssdm name="v293"/></StgValue>
</bind>
</comp>

<comp id="4" class="1001" name="const_4">
<pin_list>
<pin id="5" dir="1" index="0" bw="1" slack="0"/>
</pin_list>
<bind>
<StgValue><ssdm name=""/></StgValue>
</bind>
</comp>

<comp id="6" class="1001" name="const_6">
<pin_list>
<pin id="7" dir="1" index="0" bw="1" slack="2147483647"/>
</pin_list>
<bind>
<StgValue><ssdm name="_ssdm_op_SpecStableContent"/></StgValue>
</bind>
</comp>

<comp id="8" class="1001" name="const_8">
<pin_list>
<pin id="9" dir="1" index="0" bw="1" slack="2147483647"/>
</pin_list>
<bind>
<StgValue><ssdm name=""/></StgValue>
</bind>
</comp>

<comp id="10" class="1001" name="const_10">
<pin_list>
<pin id="11" dir="1" index="0" bw="1" slack="2147483647"/>
</pin_list>
<bind>
<StgValue><ssdm name=""/></StgValue>
</bind>
</comp>

<comp id="12" class="1001" name="const_12">
<pin_list>
<pin id="13" dir="1" index="0" bw="1" slack="2147483647"/>
</pin_list>
<bind>
<StgValue><ssdm name="_ssdm_op_SpecInterface"/></StgValue>
</bind>
</comp>

<comp id="14" class="1001" name="const_14">
<pin_list>
<pin id="15" dir="1" index="0" bw="1" slack="2147483647"/>
</pin_list>
<bind>
<StgValue><ssdm name="empty_26"/></StgValue>
</bind>
</comp>

<comp id="16" class="1001" name="const_16">
<pin_list>
<pin id="17" dir="1" index="0" bw="1" slack="2147483647"/>
</pin_list>
<bind>
<StgValue><ssdm name=""/></StgValue>
</bind>
</comp>

<comp id="18" class="1001" name="const_18">
<pin_list>
<pin id="19" dir="1" index="0" bw="1" slack="2147483647"/>
</pin_list>
<bind>
<StgValue><ssdm name="empty_35"/></StgValue>
</bind>
</comp>

<comp id="20" class="1001" name="const_20">
<pin_list>
<pin id="21" dir="1" index="0" bw="1" slack="2147483647"/>
</pin_list>
<bind>
<StgValue><ssdm name="empty_22"/></StgValue>
</bind>
</comp>

<comp id="22" class="1001" name="const_22">
<pin_list>
<pin id="23" dir="1" index="0" bw="1" slack="2147483647"/>
</pin_list>
<bind>
<StgValue><ssdm name="empty_25"/></StgValue>
</bind>
</comp>

<comp id="24" class="1001" name="const_24">
<pin_list>
<pin id="25" dir="1" index="0" bw="1" slack="2147483647"/>
</pin_list>
<bind>
<StgValue><ssdm name=""/></StgValue>
</bind>
</comp>

<comp id="26" class="1001" name="const_26">
<pin_list>
<pin id="27" dir="1" index="0" bw="1" slack="2147483647"/>
</pin_list>
<bind>
<StgValue><ssdm name=""/></StgValue>
</bind>
</comp>

<comp id="28" class="1001" name="const_28">
<pin_list>
<pin id="29" dir="1" index="0" bw="1" slack="2147483647"/>
</pin_list>
<bind>
<StgValue><ssdm name=""/></StgValue>
</bind>
</comp>

<comp id="30" class="1001" name="const_30">
<pin_list>
<pin id="31" dir="1" index="0" bw="1" slack="0"/>
</pin_list>
<bind>
<StgValue><ssdm name="_ssdm_op_Read.ap_auto.i64"/></StgValue>
</bind>
</comp>

<comp id="32" class="1001" name="const_32">
<pin_list>
<pin id="33" dir="1" index="0" bw="1" slack="0"/>
</pin_list>
<bind>
<StgValue><ssdm name=""/></StgValue>
</bind>
</comp>

<comp id="34" class="1001" name="const_34">
<pin_list>
<pin id="35" dir="1" index="0" bw="1" slack="0"/>
</pin_list>
<bind>
<StgValue><ssdm name=""/></StgValue>
</bind>
</comp>

<comp id="36" class="1001" name="const_36">
<pin_list>
<pin id="37" dir="1" index="0" bw="1" slack="0"/>
</pin_list>
<bind>
<StgValue><ssdm name=""/></StgValue>
</bind>
</comp>

<comp id="38" class="1001" name="const_38">
<pin_list>
<pin id="39" dir="1" index="0" bw="1" slack="0"/>
</pin_list>
<bind>
<StgValue><ssdm name=""/></StgValue>
</bind>
</comp>

<comp id="40" class="1001" name="const_40">
<pin_list>
<pin id="41" dir="1" index="0" bw="1" slack="0"/>
</pin_list>
<bind>
<StgValue><ssdm name=""/></StgValue>
</bind>
</comp>

<comp id="42" class="1001" name="const_42">
<pin_list>
<pin id="43" dir="1" index="0" bw="1" slack="0"/>
</pin_list>
<bind>
<StgValue><ssdm name=""/></StgValue>
</bind>
</comp>

<comp id="44" class="1001" name="const_44">
<pin_list>
<pin id="45" dir="1" index="0" bw="1" slack="0"/>
</pin_list>
<bind>
<StgValue><ssdm name=""/></StgValue>
</bind>
</comp>

<comp id="46" class="1001" name="const_46">
<pin_list>
<pin id="47" dir="1" index="0" bw="1" slack="0"/>
</pin_list>
<bind>
<StgValue><ssdm name="_ssdm_op_BitConcatenate.i18.i7.i11"/></StgValue>
</bind>
</comp>

<comp id="48" class="1001" name="const_48">
<pin_list>
<pin id="49" dir="1" index="0" bw="1" slack="0"/>
</pin_list>
<bind>
<StgValue><ssdm name=""/></StgValue>
</bind>
</comp>

<comp id="50" class="1001" name="const_50">
<pin_list>
<pin id="51" dir="1" index="0" bw="1" slack="0"/>
</pin_list>
<bind>
<StgValue><ssdm name="_ssdm_op_BitConcatenate.i16.i7.i9"/></StgValue>
</bind>
</comp>

<comp id="52" class="1001" name="const_52">
<pin_list>
<pin id="53" dir="1" index="0" bw="1" slack="0"/>
</pin_list>
<bind>
<StgValue><ssdm name="_ssdm_op_BitConcatenate.i11.i9.i2"/></StgValue>
</bind>
</comp>

<comp id="54" class="1001" name="const_54">
<pin_list>
<pin id="55" dir="1" index="0" bw="1" slack="0"/>
</pin_list>
<bind>
<StgValue><ssdm name=""/></StgValue>
</bind>
</comp>

<comp id="56" class="1001" name="const_56">
<pin_list>
<pin id="57" dir="1" index="0" bw="1" slack="0"/>
</pin_list>
<bind>
<StgValue><ssdm name="_ssdm_op_PartSelect.i62.i64.i32.i32"/></StgValue>
</bind>
</comp>

<comp id="58" class="1001" name="const_58">
<pin_list>
<pin id="59" dir="1" index="0" bw="1" slack="0"/>
</pin_list>
<bind>
<StgValue><ssdm name=""/></StgValue>
</bind>
</comp>

<comp id="60" class="1001" name="const_60">
<pin_list>
<pin id="61" dir="1" index="0" bw="1" slack="0"/>
</pin_list>
<bind>
<StgValue><ssdm name=""/></StgValue>
</bind>
</comp>

<comp id="62" class="1001" name="const_62">
<pin_list>
<pin id="63" dir="1" index="0" bw="1" slack="0"/>
</pin_list>
<bind>
<StgValue><ssdm name=""/></StgValue>
</bind>
</comp>

<comp id="64" class="1001" name="const_64">
<pin_list>
<pin id="65" dir="1" index="0" bw="1" slack="0"/>
</pin_list>
<bind>
<StgValue><ssdm name="_ssdm_op_ReadReq.m_axi.i32P1A"/></StgValue>
</bind>
</comp>

<comp id="66" class="1001" name="const_66">
<pin_list>
<pin id="67" dir="1" index="0" bw="1" slack="0"/>
</pin_list>
<bind>
<StgValue><ssdm name=""/></StgValue>
</bind>
</comp>

<comp id="68" class="1001" name="const_68">
<pin_list>
<pin id="69" dir="1" index="0" bw="1" slack="0"/>
</pin_list>
<bind>
<StgValue><ssdm name="_ssdm_op_Read.m_axi.i32P1A"/></StgValue>
</bind>
</comp>

<comp id="70" class="1001" name="const_70">
<pin_list>
<pin id="71" dir="1" index="0" bw="1" slack="0"/>
</pin_list>
<bind>
<StgValue><ssdm name=""/></StgValue>
</bind>
</comp>

<comp id="72" class="1001" name="const_72">
<pin_list>
<pin id="73" dir="1" index="0" bw="1" slack="0"/>
</pin_list>
<bind>
<StgValue><ssdm name="_ssdm_op_WriteReq.m_axi.i32P1A"/></StgValue>
</bind>
</comp>

<comp id="74" class="1001" name="const_74">
<pin_list>
<pin id="75" dir="1" index="0" bw="1" slack="0"/>
</pin_list>
<bind>
<StgValue><ssdm name="_ssdm_op_Write.m_axi.i32P1A"/></StgValue>
</bind>
</comp>

<comp id="76" class="1001" name="const_76">
<pin_list>
<pin id="77" dir="1" index="0" bw="1" slack="0"/>
</pin_list>
<bind>
<StgValue><ssdm name=""/></StgValue>
</bind>
</comp>

<comp id="78" class="1001" name="const_78">
<pin_list>
<pin id="79" dir="1" index="0" bw="1" slack="0"/>
</pin_list>
<bind>
<StgValue><ssdm name="_ssdm_op_WriteResp.m_axi.i32P1A"/></StgValue>
</bind>
</comp>

<comp id="80" class="1001" name="const_80">
<pin_list>
<pin id="81" dir="1" index="0" bw="1" slack="2147483647"/>
</pin_list>
<bind>
<StgValue><ssdm name="_ssdm_op_SpecLoopName"/></StgValue>
</bind>
</comp>

<comp id="82" class="1001" name="const_82">
<pin_list>
<pin id="83" dir="1" index="0" bw="1" slack="2147483647"/>
</pin_list>
<bind>
<StgValue><ssdm name="VITIS_LOOP_721_1_VITIS_LOOP_722_2_str"/></StgValue>
</bind>
</comp>

<comp id="84" class="1001" name="const_84">
<pin_list>
<pin id="85" dir="1" index="0" bw="1" slack="2147483647"/>
</pin_list>
<bind>
<StgValue><ssdm name="_ssdm_op_SpecLoopTripCount"/></StgValue>
</bind>
</comp>

<comp id="86" class="1001" name="const_86">
<pin_list>
<pin id="87" dir="1" index="0" bw="1" slack="2147483647"/>
</pin_list>
<bind>
<StgValue><ssdm name=""/></StgValue>
</bind>
</comp>

<comp id="88" class="1001" name="const_88">
<pin_list>
<pin id="89" dir="1" index="0" bw="1" slack="2147483647"/>
</pin_list>
<bind>
<StgValue><ssdm name="_ssdm_op_SpecPipeline"/></StgValue>
</bind>
</comp>

<comp id="90" class="1004" name="v296_fu_90">
<pin_list>
<pin id="91" dir="0" index="0" bw="1" slack="0"/>
<pin id="92" dir="1" index="1" bw="9" slack="0"/>
</pin_list>
<bind>
<opcode="alloca(26) " fcode="alloca"/>
<opset="v296/1 "/>
</bind>
</comp>

<comp id="94" class="1004" name="v295_fu_94">
<pin_list>
<pin id="95" dir="0" index="0" bw="1" slack="0"/>
<pin id="96" dir="1" index="1" bw="7" slack="0"/>
</pin_list>
<bind>
<opcode="alloca(26) " fcode="alloca"/>
<opset="v295/1 "/>
</bind>
</comp>

<comp id="98" class="1004" name="indvar_flatten_fu_98">
<pin_list>
<pin id="99" dir="0" index="0" bw="1" slack="0"/>
<pin id="100" dir="1" index="1" bw="15" slack="0"/>
</pin_list>
<bind>
<opcode="alloca(26) " fcode="alloca"/>
<opset="indvar_flatten/1 "/>
</bind>
</comp>

<comp id="102" class="1004" name="v293_read_read_fu_102">
<pin_list>
<pin id="103" dir="0" index="0" bw="64" slack="0"/>
<pin id="104" dir="0" index="1" bw="64" slack="0"/>
<pin id="105" dir="1" index="2" bw="64" slack="0"/>
</pin_list>
<bind>
<opcode="read(1150) " fcode="read"/>
<opset="v293_read/1 "/>
</bind>
</comp>

<comp id="108" class="1004" name="grp_readreq_fu_108">
<pin_list>
<pin id="109" dir="0" index="0" bw="1" slack="0"/>
<pin id="110" dir="0" index="1" bw="32" slack="1"/>
<pin id="111" dir="0" index="2" bw="1" slack="0"/>
<pin id="112" dir="1" index="3" bw="1" slack="2147483647"/>
</pin_list>
<bind>
<opcode="readreq(1154) " fcode="readreq"/>
<opset="g0_load_req/2 "/>
</bind>
</comp>

<comp id="115" class="1004" name="g0_addr_read_read_fu_115">
<pin_list>
<pin id="116" dir="0" index="0" bw="32" slack="0"/>
<pin id="117" dir="0" index="1" bw="32" slack="9"/>
<pin id="118" dir="1" index="2" bw="32" slack="1"/>
</pin_list>
<bind>
<opcode="read(1150) " fcode="read"/>
<opset="g0_addr_read/10 "/>
</bind>
</comp>

<comp id="120" class="1004" name="g0_addr_66_req_writereq_fu_120">
<pin_list>
<pin id="121" dir="0" index="0" bw="1" slack="0"/>
<pin id="122" dir="0" index="1" bw="32" slack="12"/>
<pin id="123" dir="0" index="2" bw="1" slack="0"/>
<pin id="124" dir="1" index="3" bw="1" slack="2147483647"/>
</pin_list>
<bind>
<opcode="writereq(1155) " fcode="writereq"/>
<opset="g0_addr_66_req/13 "/>
</bind>
</comp>

<comp id="127" class="1004" name="write_ln727_write_fu_127">
<pin_list>
<pin id="128" dir="0" index="0" bw="0" slack="0"/>
<pin id="129" dir="0" index="1" bw="32" slack="13"/>
<pin id="130" dir="0" index="2" bw="32" slack="0"/>
<pin id="131" dir="0" index="3" bw="1" slack="0"/>
<pin id="132" dir="1" index="4" bw="0" slack="2147483647"/>
</pin_list>
<bind>
<opcode="write(1151) " fcode="write"/>
<opset="write_ln727/14 "/>
</bind>
</comp>

<comp id="135" class="1004" name="grp_writeresp_fu_135">
<pin_list>
<pin id="136" dir="0" index="0" bw="1" slack="0"/>
<pin id="137" dir="0" index="1" bw="32" slack="14"/>
<pin id="138" dir="1" index="2" bw="1" slack="2147483647"/>
</pin_list>
<bind>
<opcode="writeresp(1158) " fcode="writeresp"/>
<opset="g0_addr_66_resp/15 "/>
</bind>
</comp>

<comp id="140" class="1004" name="grp_fu_140">
<pin_list>
<pin id="141" dir="0" index="0" bw="32" slack="0"/>
<pin id="142" dir="0" index="1" bw="32" slack="0"/>
<pin id="143" dir="1" index="2" bw="32" slack="1"/>
</pin_list>
<bind>
<opcode="fmul(13) " fcode="fmul"/>
<opset="v298/11 "/>
</bind>
</comp>

<comp id="145" class="1004" name="store_ln0_store_fu_145">
<pin_list>
<pin id="146" dir="0" index="0" bw="1" slack="0"/>
<pin id="147" dir="0" index="1" bw="15" slack="0"/>
<pin id="148" dir="1" index="2" bw="0" slack="2147483647"/>
</pin_list>
<bind>
<opcode="store(28) " fcode="store"/>
<opset="store_ln0/1 "/>
</bind>
</comp>

<comp id="150" class="1004" name="store_ln721_store_fu_150">
<pin_list>
<pin id="151" dir="0" index="0" bw="1" slack="0"/>
<pin id="152" dir="0" index="1" bw="7" slack="0"/>
<pin id="153" dir="1" index="2" bw="0" slack="2147483647"/>
</pin_list>
<bind>
<opcode="store(28) " fcode="store"/>
<opset="store_ln721/1 "/>
</bind>
</comp>

<comp id="155" class="1004" name="store_ln722_store_fu_155">
<pin_list>
<pin id="156" dir="0" index="0" bw="1" slack="0"/>
<pin id="157" dir="0" index="1" bw="9" slack="0"/>
<pin id="158" dir="1" index="2" bw="0" slack="2147483647"/>
</pin_list>
<bind>
<opcode="store(28) " fcode="store"/>
<opset="store_ln722/1 "/>
</bind>
</comp>

<comp id="160" class="1004" name="indvar_flatten_load_load_fu_160">
<pin_list>
<pin id="161" dir="0" index="0" bw="15" slack="0"/>
<pin id="162" dir="1" index="1" bw="15" slack="0"/>
</pin_list>
<bind>
<opcode="load(27) " fcode="load"/>
<opset="indvar_flatten_load/1 "/>
</bind>
</comp>

<comp id="163" class="1004" name="icmp_ln721_fu_163">
<pin_list>
<pin id="164" dir="0" index="0" bw="15" slack="0"/>
<pin id="165" dir="0" index="1" bw="14" slack="0"/>
<pin id="166" dir="1" index="2" bw="1" slack="17"/>
</pin_list>
<bind>
<opcode="icmp(45) " fcode="icmp"/>
<opset="icmp_ln721/1 "/>
</bind>
</comp>

<comp id="169" class="1004" name="add_ln721_1_fu_169">
<pin_list>
<pin id="170" dir="0" index="0" bw="15" slack="0"/>
<pin id="171" dir="0" index="1" bw="1" slack="0"/>
<pin id="172" dir="1" index="2" bw="15" slack="0"/>
</pin_list>
<bind>
<opcode="add(8) " fcode="add"/>
<opset="add_ln721_1/1 "/>
</bind>
</comp>

<comp id="175" class="1004" name="v296_load_load_fu_175">
<pin_list>
<pin id="176" dir="0" index="0" bw="9" slack="0"/>
<pin id="177" dir="1" index="1" bw="9" slack="0"/>
</pin_list>
<bind>
<opcode="load(27) " fcode="load"/>
<opset="v296_load/1 "/>
</bind>
</comp>

<comp id="178" class="1004" name="v295_load_load_fu_178">
<pin_list>
<pin id="179" dir="0" index="0" bw="7" slack="0"/>
<pin id="180" dir="1" index="1" bw="7" slack="0"/>
</pin_list>
<bind>
<opcode="load(27) " fcode="load"/>
<opset="v295_load/1 "/>
</bind>
</comp>

<comp id="181" class="1004" name="add_ln721_fu_181">
<pin_list>
<pin id="182" dir="0" index="0" bw="7" slack="0"/>
<pin id="183" dir="0" index="1" bw="1" slack="0"/>
<pin id="184" dir="1" index="2" bw="7" slack="0"/>
</pin_list>
<bind>
<opcode="add(8) " fcode="add"/>
<opset="add_ln721/1 "/>
</bind>
</comp>

<comp id="187" class="1004" name="icmp_ln722_fu_187">
<pin_list>
<pin id="188" dir="0" index="0" bw="9" slack="0"/>
<pin id="189" dir="0" index="1" bw="8" slack="0"/>
<pin id="190" dir="1" index="2" bw="1" slack="0"/>
</pin_list>
<bind>
<opcode="icmp(45) " fcode="icmp"/>
<opset="icmp_ln722/1 "/>
</bind>
</comp>

<comp id="193" class="1004" name="select_ln721_fu_193">
<pin_list>
<pin id="194" dir="0" index="0" bw="1" slack="0"/>
<pin id="195" dir="0" index="1" bw="1" slack="0"/>
<pin id="196" dir="0" index="2" bw="9" slack="0"/>
<pin id="197" dir="1" index="3" bw="9" slack="0"/>
</pin_list>
<bind>
<opcode="select(49) " fcode="select"/>
<opset="select_ln721/1 "/>
</bind>
</comp>

<comp id="201" class="1004" name="select_ln721_1_fu_201">
<pin_list>
<pin id="202" dir="0" index="0" bw="1" slack="0"/>
<pin id="203" dir="0" index="1" bw="7" slack="0"/>
<pin id="204" dir="0" index="2" bw="7" slack="0"/>
<pin id="205" dir="1" index="3" bw="7" slack="0"/>
</pin_list>
<bind>
<opcode="select(49) " fcode="select"/>
<opset="select_ln721_1/1 "/>
</bind>
</comp>

<comp id="209" class="1004" name="p_shl_fu_209">
<pin_list>
<pin id="210" dir="0" index="0" bw="18" slack="0"/>
<pin id="211" dir="0" index="1" bw="7" slack="0"/>
<pin id="212" dir="0" index="2" bw="1" slack="0"/>
<pin id="213" dir="1" index="3" bw="18" slack="0"/>
</pin_list>
<bind>
<opcode="bitconcatenate(1004) " fcode="bitconcatenate"/>
<opset="p_shl/1 "/>
</bind>
</comp>

<comp id="217" class="1004" name="tmp_fu_217">
<pin_list>
<pin id="218" dir="0" index="0" bw="16" slack="0"/>
<pin id="219" dir="0" index="1" bw="7" slack="0"/>
<pin id="220" dir="0" index="2" bw="1" slack="0"/>
<pin id="221" dir="1" index="3" bw="16" slack="0"/>
</pin_list>
<bind>
<opcode="bitconcatenate(1004) " fcode="bitconcatenate"/>
<opset="tmp/1 "/>
</bind>
</comp>

<comp id="225" class="1004" name="zext_ln725_1_fu_225">
<pin_list>
<pin id="226" dir="0" index="0" bw="16" slack="0"/>
<pin id="227" dir="1" index="1" bw="18" slack="0"/>
</pin_list>
<bind>
<opcode="zext(34) " fcode="zext"/>
<opset="zext_ln725_1/1 "/>
</bind>
</comp>

<comp id="229" class="1004" name="sub_ln725_fu_229">
<pin_list>
<pin id="230" dir="0" index="0" bw="18" slack="0"/>
<pin id="231" dir="0" index="1" bw="16" slack="0"/>
<pin id="232" dir="1" index="2" bw="18" slack="0"/>
</pin_list>
<bind>
<opcode="sub(10) " fcode="sub"/>
<opset="sub_ln725/1 "/>
</bind>
</comp>

<comp id="235" class="1004" name="zext_ln722_fu_235">
<pin_list>
<pin id="236" dir="0" index="0" bw="18" slack="0"/>
<pin id="237" dir="1" index="1" bw="64" slack="0"/>
</pin_list>
<bind>
<opcode="zext(34) " fcode="zext"/>
<opset="zext_ln722/1 "/>
</bind>
</comp>

<comp id="239" class="1004" name="shl_ln_fu_239">
<pin_list>
<pin id="240" dir="0" index="0" bw="11" slack="0"/>
<pin id="241" dir="0" index="1" bw="9" slack="0"/>
<pin id="242" dir="0" index="2" bw="1" slack="0"/>
<pin id="243" dir="1" index="3" bw="11" slack="0"/>
</pin_list>
<bind>
<opcode="bitconcatenate(1004) " fcode="bitconcatenate"/>
<opset="shl_ln/1 "/>
</bind>
</comp>

<comp id="247" class="1004" name="zext_ln725_fu_247">
<pin_list>
<pin id="248" dir="0" index="0" bw="11" slack="0"/>
<pin id="249" dir="1" index="1" bw="64" slack="0"/>
</pin_list>
<bind>
<opcode="zext(34) " fcode="zext"/>
<opset="zext_ln725/1 "/>
</bind>
</comp>

<comp id="251" class="1004" name="add_ln725_fu_251">
<pin_list>
<pin id="252" dir="0" index="0" bw="11" slack="0"/>
<pin id="253" dir="0" index="1" bw="64" slack="0"/>
<pin id="254" dir="1" index="2" bw="64" slack="0"/>
</pin_list>
<bind>
<opcode="add(8) " fcode="add"/>
<opset="add_ln725/1 "/>
</bind>
</comp>

<comp id="257" class="1004" name="add_ln725_1_fu_257">
<pin_list>
<pin id="258" dir="0" index="0" bw="64" slack="0"/>
<pin id="259" dir="0" index="1" bw="18" slack="0"/>
<pin id="260" dir="1" index="2" bw="64" slack="0"/>
</pin_list>
<bind>
<opcode="add(8) " fcode="add"/>
<opset="add_ln725_1/1 "/>
</bind>
</comp>

<comp id="263" class="1004" name="trunc_ln_fu_263">
<pin_list>
<pin id="264" dir="0" index="0" bw="62" slack="0"/>
<pin id="265" dir="0" index="1" bw="64" slack="0"/>
<pin id="266" dir="0" index="2" bw="3" slack="0"/>
<pin id="267" dir="0" index="3" bw="7" slack="0"/>
<pin id="268" dir="1" index="4" bw="62" slack="0"/>
</pin_list>
<bind>
<opcode="partselect(1002) " fcode="partselect"/>
<opset="trunc_ln/1 "/>
</bind>
</comp>

<comp id="273" class="1004" name="sext_ln725_fu_273">
<pin_list>
<pin id="274" dir="0" index="0" bw="62" slack="0"/>
<pin id="275" dir="1" index="1" bw="64" slack="0"/>
</pin_list>
<bind>
<opcode="sext(35) " fcode="sext"/>
<opset="sext_ln725/1 "/>
</bind>
</comp>

<comp id="277" class="1004" name="g0_addr_fu_277">
<pin_list>
<pin id="278" dir="0" index="0" bw="32" slack="0"/>
<pin id="279" dir="0" index="1" bw="62" slack="0"/>
<pin id="280" dir="1" index="2" bw="32" slack="1"/>
</pin_list>
<bind>
<opcode="getelementptr(29) " fcode="getelementptr"/>
<opset="g0_addr/1 "/>
</bind>
</comp>

<comp id="283" class="1004" name="add_ln722_fu_283">
<pin_list>
<pin id="284" dir="0" index="0" bw="9" slack="0"/>
<pin id="285" dir="0" index="1" bw="1" slack="0"/>
<pin id="286" dir="1" index="2" bw="9" slack="0"/>
</pin_list>
<bind>
<opcode="add(8) " fcode="add"/>
<opset="add_ln722/1 "/>
</bind>
</comp>

<comp id="289" class="1004" name="store_ln721_store_fu_289">
<pin_list>
<pin id="290" dir="0" index="0" bw="15" slack="0"/>
<pin id="291" dir="0" index="1" bw="15" slack="0"/>
<pin id="292" dir="1" index="2" bw="0" slack="2147483647"/>
</pin_list>
<bind>
<opcode="store(28) " fcode="store"/>
<opset="store_ln721/1 "/>
</bind>
</comp>

<comp id="294" class="1004" name="store_ln721_store_fu_294">
<pin_list>
<pin id="295" dir="0" index="0" bw="7" slack="0"/>
<pin id="296" dir="0" index="1" bw="7" slack="0"/>
<pin id="297" dir="1" index="2" bw="0" slack="2147483647"/>
</pin_list>
<bind>
<opcode="store(28) " fcode="store"/>
<opset="store_ln721/1 "/>
</bind>
</comp>

<comp id="299" class="1004" name="store_ln722_store_fu_299">
<pin_list>
<pin id="300" dir="0" index="0" bw="9" slack="0"/>
<pin id="301" dir="0" index="1" bw="9" slack="0"/>
<pin id="302" dir="1" index="2" bw="0" slack="2147483647"/>
</pin_list>
<bind>
<opcode="store(28) " fcode="store"/>
<opset="store_ln722/1 "/>
</bind>
</comp>

<comp id="304" class="1004" name="v297_fu_304">
<pin_list>
<pin id="305" dir="0" index="0" bw="32" slack="1"/>
<pin id="306" dir="1" index="1" bw="32" slack="0"/>
</pin_list>
<bind>
<opcode="bitcast(44) " fcode="bitcast"/>
<opset="v297/11 "/>
</bind>
</comp>

<comp id="308" class="1004" name="bitcast_ln727_fu_308">
<pin_list>
<pin id="309" dir="0" index="0" bw="32" slack="1"/>
<pin id="310" dir="1" index="1" bw="32" slack="0"/>
</pin_list>
<bind>
<opcode="bitcast(44) " fcode="bitcast"/>
<opset="bitcast_ln727/14 "/>
</bind>
</comp>

<comp id="312" class="1005" name="v296_reg_312">
<pin_list>
<pin id="313" dir="0" index="0" bw="9" slack="0"/>
<pin id="314" dir="1" index="1" bw="9" slack="0"/>
</pin_list>
<bind>
<opset="v296 "/>
</bind>
</comp>

<comp id="319" class="1005" name="v295_reg_319">
<pin_list>
<pin id="320" dir="0" index="0" bw="7" slack="0"/>
<pin id="321" dir="1" index="1" bw="7" slack="0"/>
</pin_list>
<bind>
<opset="v295 "/>
</bind>
</comp>

<comp id="326" class="1005" name="indvar_flatten_reg_326">
<pin_list>
<pin id="327" dir="0" index="0" bw="15" slack="0"/>
<pin id="328" dir="1" index="1" bw="15" slack="0"/>
</pin_list>
<bind>
<opset="indvar_flatten "/>
</bind>
</comp>

<comp id="333" class="1005" name="icmp_ln721_reg_333">
<pin_list>
<pin id="334" dir="0" index="0" bw="1" slack="17"/>
<pin id="335" dir="1" index="1" bw="1" slack="2147483647"/>
</pin_list>
<bind>
<opset="icmp_ln721 "/>
</bind>
</comp>

<comp id="337" class="1005" name="g0_addr_reg_337">
<pin_list>
<pin id="338" dir="0" index="0" bw="32" slack="1"/>
<pin id="339" dir="1" index="1" bw="32" slack="1"/>
</pin_list>
<bind>
<opset="g0_addr "/>
</bind>
</comp>

<comp id="346" class="1005" name="g0_addr_read_reg_346">
<pin_list>
<pin id="347" dir="0" index="0" bw="32" slack="1"/>
<pin id="348" dir="1" index="1" bw="32" slack="1"/>
</pin_list>
<bind>
<opset="g0_addr_read "/>
</bind>
</comp>

<comp id="351" class="1005" name="v297_reg_351">
<pin_list>
<pin id="352" dir="0" index="0" bw="32" slack="1"/>
<pin id="353" dir="1" index="1" bw="32" slack="1"/>
</pin_list>
<bind>
<opset="v297 "/>
</bind>
</comp>

<comp id="356" class="1005" name="v298_reg_356">
<pin_list>
<pin id="357" dir="0" index="0" bw="32" slack="1"/>
<pin id="358" dir="1" index="1" bw="32" slack="1"/>
</pin_list>
<bind>
<opset="v298 "/>
</bind>
</comp>

</comp_list>

<net_list>
<net id="93"><net_src comp="4" pin="0"/><net_sink comp="90" pin=0"/></net>

<net id="97"><net_src comp="4" pin="0"/><net_sink comp="94" pin=0"/></net>

<net id="101"><net_src comp="4" pin="0"/><net_sink comp="98" pin=0"/></net>

<net id="106"><net_src comp="30" pin="0"/><net_sink comp="102" pin=0"/></net>

<net id="107"><net_src comp="2" pin="0"/><net_sink comp="102" pin=1"/></net>

<net id="113"><net_src comp="64" pin="0"/><net_sink comp="108" pin=0"/></net>

<net id="114"><net_src comp="66" pin="0"/><net_sink comp="108" pin=2"/></net>

<net id="119"><net_src comp="68" pin="0"/><net_sink comp="115" pin=0"/></net>

<net id="125"><net_src comp="72" pin="0"/><net_sink comp="120" pin=0"/></net>

<net id="126"><net_src comp="66" pin="0"/><net_sink comp="120" pin=2"/></net>

<net id="133"><net_src comp="74" pin="0"/><net_sink comp="127" pin=0"/></net>

<net id="134"><net_src comp="76" pin="0"/><net_sink comp="127" pin=3"/></net>

<net id="139"><net_src comp="78" pin="0"/><net_sink comp="135" pin=0"/></net>

<net id="144"><net_src comp="70" pin="0"/><net_sink comp="140" pin=1"/></net>

<net id="149"><net_src comp="32" pin="0"/><net_sink comp="145" pin=0"/></net>

<net id="154"><net_src comp="34" pin="0"/><net_sink comp="150" pin=0"/></net>

<net id="159"><net_src comp="36" pin="0"/><net_sink comp="155" pin=0"/></net>

<net id="167"><net_src comp="160" pin="1"/><net_sink comp="163" pin=0"/></net>

<net id="168"><net_src comp="38" pin="0"/><net_sink comp="163" pin=1"/></net>

<net id="173"><net_src comp="160" pin="1"/><net_sink comp="169" pin=0"/></net>

<net id="174"><net_src comp="40" pin="0"/><net_sink comp="169" pin=1"/></net>

<net id="185"><net_src comp="178" pin="1"/><net_sink comp="181" pin=0"/></net>

<net id="186"><net_src comp="42" pin="0"/><net_sink comp="181" pin=1"/></net>

<net id="191"><net_src comp="175" pin="1"/><net_sink comp="187" pin=0"/></net>

<net id="192"><net_src comp="44" pin="0"/><net_sink comp="187" pin=1"/></net>

<net id="198"><net_src comp="187" pin="2"/><net_sink comp="193" pin=0"/></net>

<net id="199"><net_src comp="36" pin="0"/><net_sink comp="193" pin=1"/></net>

<net id="200"><net_src comp="175" pin="1"/><net_sink comp="193" pin=2"/></net>

<net id="206"><net_src comp="187" pin="2"/><net_sink comp="201" pin=0"/></net>

<net id="207"><net_src comp="181" pin="2"/><net_sink comp="201" pin=1"/></net>

<net id="208"><net_src comp="178" pin="1"/><net_sink comp="201" pin=2"/></net>

<net id="214"><net_src comp="46" pin="0"/><net_sink comp="209" pin=0"/></net>

<net id="215"><net_src comp="201" pin="3"/><net_sink comp="209" pin=1"/></net>

<net id="216"><net_src comp="48" pin="0"/><net_sink comp="209" pin=2"/></net>

<net id="222"><net_src comp="50" pin="0"/><net_sink comp="217" pin=0"/></net>

<net id="223"><net_src comp="201" pin="3"/><net_sink comp="217" pin=1"/></net>

<net id="224"><net_src comp="36" pin="0"/><net_sink comp="217" pin=2"/></net>

<net id="228"><net_src comp="217" pin="3"/><net_sink comp="225" pin=0"/></net>

<net id="233"><net_src comp="209" pin="3"/><net_sink comp="229" pin=0"/></net>

<net id="234"><net_src comp="225" pin="1"/><net_sink comp="229" pin=1"/></net>

<net id="238"><net_src comp="229" pin="2"/><net_sink comp="235" pin=0"/></net>

<net id="244"><net_src comp="52" pin="0"/><net_sink comp="239" pin=0"/></net>

<net id="245"><net_src comp="193" pin="3"/><net_sink comp="239" pin=1"/></net>

<net id="246"><net_src comp="54" pin="0"/><net_sink comp="239" pin=2"/></net>

<net id="250"><net_src comp="239" pin="3"/><net_sink comp="247" pin=0"/></net>

<net id="255"><net_src comp="247" pin="1"/><net_sink comp="251" pin=0"/></net>

<net id="256"><net_src comp="102" pin="2"/><net_sink comp="251" pin=1"/></net>

<net id="261"><net_src comp="251" pin="2"/><net_sink comp="257" pin=0"/></net>

<net id="262"><net_src comp="235" pin="1"/><net_sink comp="257" pin=1"/></net>

<net id="269"><net_src comp="56" pin="0"/><net_sink comp="263" pin=0"/></net>

<net id="270"><net_src comp="257" pin="2"/><net_sink comp="263" pin=1"/></net>

<net id="271"><net_src comp="58" pin="0"/><net_sink comp="263" pin=2"/></net>

<net id="272"><net_src comp="60" pin="0"/><net_sink comp="263" pin=3"/></net>

<net id="276"><net_src comp="263" pin="4"/><net_sink comp="273" pin=0"/></net>

<net id="281"><net_src comp="0" pin="0"/><net_sink comp="277" pin=0"/></net>

<net id="282"><net_src comp="273" pin="1"/><net_sink comp="277" pin=1"/></net>

<net id="287"><net_src comp="193" pin="3"/><net_sink comp="283" pin=0"/></net>

<net id="288"><net_src comp="62" pin="0"/><net_sink comp="283" pin=1"/></net>

<net id="293"><net_src comp="169" pin="2"/><net_sink comp="289" pin=0"/></net>

<net id="298"><net_src comp="201" pin="3"/><net_sink comp="294" pin=0"/></net>

<net id="303"><net_src comp="283" pin="2"/><net_sink comp="299" pin=0"/></net>

<net id="307"><net_src comp="304" pin="1"/><net_sink comp="140" pin=0"/></net>

<net id="311"><net_src comp="308" pin="1"/><net_sink comp="127" pin=2"/></net>

<net id="315"><net_src comp="90" pin="1"/><net_sink comp="312" pin=0"/></net>

<net id="316"><net_src comp="312" pin="1"/><net_sink comp="155" pin=1"/></net>

<net id="317"><net_src comp="312" pin="1"/><net_sink comp="175" pin=0"/></net>

<net id="318"><net_src comp="312" pin="1"/><net_sink comp="299" pin=1"/></net>

<net id="322"><net_src comp="94" pin="1"/><net_sink comp="319" pin=0"/></net>

<net id="323"><net_src comp="319" pin="1"/><net_sink comp="150" pin=1"/></net>

<net id="324"><net_src comp="319" pin="1"/><net_sink comp="178" pin=0"/></net>

<net id="325"><net_src comp="319" pin="1"/><net_sink comp="294" pin=1"/></net>

<net id="329"><net_src comp="98" pin="1"/><net_sink comp="326" pin=0"/></net>

<net id="330"><net_src comp="326" pin="1"/><net_sink comp="145" pin=1"/></net>

<net id="331"><net_src comp="326" pin="1"/><net_sink comp="160" pin=0"/></net>

<net id="332"><net_src comp="326" pin="1"/><net_sink comp="289" pin=1"/></net>

<net id="336"><net_src comp="163" pin="2"/><net_sink comp="333" pin=0"/></net>

<net id="340"><net_src comp="277" pin="2"/><net_sink comp="337" pin=0"/></net>

<net id="341"><net_src comp="337" pin="1"/><net_sink comp="108" pin=1"/></net>

<net id="342"><net_src comp="337" pin="1"/><net_sink comp="115" pin=1"/></net>

<net id="343"><net_src comp="337" pin="1"/><net_sink comp="120" pin=1"/></net>

<net id="344"><net_src comp="337" pin="1"/><net_sink comp="127" pin=1"/></net>

<net id="345"><net_src comp="337" pin="1"/><net_sink comp="135" pin=1"/></net>

<net id="349"><net_src comp="115" pin="2"/><net_sink comp="346" pin=0"/></net>

<net id="350"><net_src comp="346" pin="1"/><net_sink comp="304" pin=0"/></net>

<net id="354"><net_src comp="304" pin="1"/><net_sink comp="351" pin=0"/></net>

<net id="355"><net_src comp="351" pin="1"/><net_sink comp="140" pin=0"/></net>

<net id="359"><net_src comp="140" pin="2"/><net_sink comp="356" pin=0"/></net>

<net id="360"><net_src comp="356" pin="1"/><net_sink comp="308" pin=0"/></net>

</net_list>

</model> 
---------------- Datapath Model END ------------------

* FSMD analyzer results:
  - Output states:
	Port: g0 | {13 14 15 16 17 18 19 }
 - Input state : 
	Port: kernel53 : g0 | {2 3 4 5 6 7 8 9 10 }
	Port: kernel53 : v293 | {1 }
  - Chain level:
	State 1
		store_ln0 : 1
		store_ln721 : 1
		store_ln722 : 1
		indvar_flatten_load : 1
		icmp_ln721 : 2
		add_ln721_1 : 2
		br_ln721 : 3
		v296_load : 1
		v295_load : 1
		add_ln721 : 2
		icmp_ln722 : 2
		select_ln721 : 3
		select_ln721_1 : 3
		p_shl : 4
		tmp : 4
		zext_ln725_1 : 5
		sub_ln725 : 6
		zext_ln722 : 7
		shl_ln : 4
		zext_ln725 : 5
		add_ln725 : 6
		add_ln725_1 : 8
		trunc_ln : 9
		sext_ln725 : 10
		g0_addr : 11
		add_ln722 : 4
		store_ln721 : 3
		store_ln721 : 4
		store_ln722 : 5
	State 2
	State 3
	State 4
	State 5
	State 6
	State 7
	State 8
	State 9
	State 10
	State 11
		v298 : 1
	State 12
	State 13
	State 14
		write_ln727 : 1
	State 15
	State 16
	State 17
	State 18
	State 19


============================================================
+ Verbose Summary: Datapath Resource usage 
============================================================

* Functional unit list:
|----------|--------------------------------|---------|---------|---------|
| Operation|         Functional Unit        |   DSP   |    FF   |   LUT   |
|----------|--------------------------------|---------|---------|---------|
|   fmul   |           grp_fu_140           |    3    |   128   |   135   |
|----------|--------------------------------|---------|---------|---------|
|          |       add_ln721_1_fu_169       |    0    |    0    |    22   |
|          |        add_ln721_fu_181        |    0    |    0    |    14   |
|    add   |        add_ln725_fu_251        |    0    |    0    |    64   |
|          |       add_ln725_1_fu_257       |    0    |    0    |    64   |
|          |        add_ln722_fu_283        |    0    |    0    |    16   |
|----------|--------------------------------|---------|---------|---------|
|   icmp   |        icmp_ln721_fu_163       |    0    |    0    |    22   |
|          |        icmp_ln722_fu_187       |    0    |    0    |    16   |
|----------|--------------------------------|---------|---------|---------|
|    sub   |        sub_ln725_fu_229        |    0    |    0    |    25   |
|----------|--------------------------------|---------|---------|---------|
|  select  |       select_ln721_fu_193      |    0    |    0    |    9    |
|          |      select_ln721_1_fu_201     |    0    |    0    |    7    |
|----------|--------------------------------|---------|---------|---------|
|   read   |      v293_read_read_fu_102     |    0    |    0    |    0    |
|          |    g0_addr_read_read_fu_115    |    0    |    0    |    0    |
|----------|--------------------------------|---------|---------|---------|
|  readreq |       grp_readreq_fu_108       |    0    |    0    |    0    |
|----------|--------------------------------|---------|---------|---------|
| writereq | g0_addr_66_req_writereq_fu_120 |    0    |    0    |    0    |
|----------|--------------------------------|---------|---------|---------|
|   write  |    write_ln727_write_fu_127    |    0    |    0    |    0    |
|----------|--------------------------------|---------|---------|---------|
| writeresp|      grp_writeresp_fu_135      |    0    |    0    |    0    |
|----------|--------------------------------|---------|---------|---------|
|          |          p_shl_fu_209          |    0    |    0    |    0    |
|bitconcatenate|           tmp_fu_217           |    0    |    0    |    0    |
|          |          shl_ln_fu_239         |    0    |    0    |    0    |
|----------|--------------------------------|---------|---------|---------|
|          |       zext_ln725_1_fu_225      |    0    |    0    |    0    |
|   zext   |        zext_ln722_fu_235       |    0    |    0    |    0    |
|          |        zext_ln725_fu_247       |    0    |    0    |    0    |
|----------|--------------------------------|---------|---------|---------|
|partselect|         trunc_ln_fu_263        |    0    |    0    |    0    |
|----------|--------------------------------|---------|---------|---------|
|   sext   |        sext_ln725_fu_273       |    0    |    0    |    0    |
|----------|--------------------------------|---------|---------|---------|
|   Total  |                                |    3    |   128   |   394   |
|----------|--------------------------------|---------|---------|---------|

Memories:
N/A

* Register list:
+----------------------+--------+
|                      |   FF   |
+----------------------+--------+
| g0_addr_read_reg_346 |   32   |
|    g0_addr_reg_337   |   32   |
|  icmp_ln721_reg_333  |    1   |
|indvar_flatten_reg_326|   15   |
|     v295_reg_319     |    7   |
|     v296_reg_312     |    9   |
|     v297_reg_351     |   32   |
|     v298_reg_356     |   32   |
+----------------------+--------+
|         Total        |   160  |
+----------------------+--------+

* Multiplexer (MUX) list: 
|------------|------|------|------|--------||---------||---------||---------|
|    Comp    |  Pin | Size |  BW  | S x BW ||  Delay  ||    FF   ||   LUT   |
|------------|------|------|------|--------||---------||---------||---------|
| grp_fu_140 |  p0  |   2  |  32  |   64   ||    0    ||    9    |
|------------|------|------|------|--------||---------||---------||---------|
|    Total   |      |      |      |   64   ||  0.427  ||    0    ||    9    |
|------------|------|------|------|--------||---------||---------||---------|



* Summary:
+-----------+--------+--------+--------+--------+
|           |   DSP  |  Delay |   FF   |   LUT  |
+-----------+--------+--------+--------+--------+
|  Function |    3   |    -   |   128  |   394  |
|   Memory  |    -   |    -   |    -   |    -   |
|Multiplexer|    -   |    0   |    0   |    9   |
|  Register |    -   |    -   |   160  |    -   |
+-----------+--------+--------+--------+--------+
|   Total   |    3   |    0   |   288  |   403  |
+-----------+--------+--------+--------+--------+
