

================================================================
== Vitis HLS Report for 'kernel18'
================================================================
* Date:           Sun Jul 12 20:26:10 2026

* Version:        2025.2 (Build 6295257 on Nov 14 2025)
* Project:        spikingformer_proj
* Solution:       solution1 (Vivado IP Flow Target)
* Product family: zynquplus
* Target device:  xczu7ev-ffvc1156-2-e


================================================================
== Performance Estimates
================================================================
+ Timing: 
    * Summary: 
    +--------+----------+----------+------------+
    |  Clock |  Target  | Estimated| Uncertainty|
    +--------+----------+----------+------------+
    |ap_clk  |  10.00 ns|  7.300 ns|     2.70 ns|
    +--------+----------+----------+------------+

+ Latency: 
    * Summary: 
    +---------+---------+----------+----------+-----+-----+-------------------+
    |  Latency (cycles) |  Latency (absolute) |  Interval |      Pipeline     |
    |   min   |   max   |    min   |    max   | min | max |        Type       |
    +---------+---------+----------+----------+-----+-----+-------------------+
    |   196628|   196628|  1.966 ms|  1.966 ms|    0|    0|  loop pipeline stp|
    +---------+---------+----------+----------+-----+-----+-------------------+

    + Detail: 
        * Instance: 
        N/A

        * Loop: 
        +------------------------------------------------------+---------+---------+----------+-----------+-----------+-------+----------+
        |                                                      |  Latency (cycles) | Iteration|  Initiation Interval  |  Trip |          |
        |                       Loop Name                      |   min   |   max   |  Latency |  achieved |   target  | Count | Pipelined|
        +------------------------------------------------------+---------+---------+----------+-----------+-----------+-------+----------+
        |- VITIS_LOOP_305_1_VITIS_LOOP_306_2_VITIS_LOOP_307_3  |   196626|   196626|        21|          2|          1|  98304|       yes|
        +------------------------------------------------------+---------+---------+----------+-----------+-----------+-------+----------+

============================================================
+ Verbose Summary: Synthesis Manager
============================================================
InlineROM: 1
ExposeGlobal: 0
============================================================
+ Verbose Summary: CDFG Model
============================================================
IsTopModel: 0
ResetActiveHigh: 1
IsCombinational: 0
IsDatapathOnly: 0
HasWiredReturn: 1
HasMFsm: 2
HasVarLatency: 1
IsPipeline: 0
IsRtlPipelined: 0
IsInstanceOverlapped: 0
IsDontTouch: 0
HasImplIP: 0
IsGatedGlobalClock: 0

+ Individual pipeline summary: 
  * Pipeline-0: initiation interval (II) = 2, depth = 22


============================================================
+ Verbose Summary: Schedule
============================================================
* Number of FSM states : 22
* Pipeline : 1
  Pipeline-0 : II = 2, D = 22, States = { 1 2 3 4 5 6 7 8 9 10 11 12 13 14 15 16 17 18 19 20 21 22 }
* Dataflow Pipeline: 0

* FSM state transitions: 
1 --> 2 
2 --> 3 
3 --> 4 
4 --> 5 
5 --> 6 
6 --> 7 
7 --> 8 
8 --> 9 
9 --> 10 
10 --> 11 
11 --> 12 
12 --> 13 
13 --> 14 
14 --> 15 
15 --> 16 
16 --> 17 
17 --> 18 
18 --> 19 
19 --> 20 
20 --> 21 
21 --> 22 
22 --> 

* FSM state operations: 

State 1 <SV = 0> <Delay = 0.42>
ST_1 : Operation 24 [1/1] (0.00ns)   --->   "%v122 = alloca i32 1" [spikingformer_official.cpp:307]   --->   Operation 24 'alloca' 'v122' <Predicate = true> <Delay = 0.00>
ST_1 : Operation 25 [1/1] (0.00ns)   --->   "%v121 = alloca i32 1" [spikingformer_official.cpp:306]   --->   Operation 25 'alloca' 'v121' <Predicate = true> <Delay = 0.00>
ST_1 : Operation 26 [1/1] (0.00ns)   --->   "%indvar_flatten = alloca i32 1"   --->   Operation 26 'alloca' 'indvar_flatten' <Predicate = true> <Delay = 0.00>
ST_1 : Operation 27 [1/1] (0.00ns)   --->   "%v120 = alloca i32 1" [spikingformer_official.cpp:305]   --->   Operation 27 'alloca' 'v120' <Predicate = true> <Delay = 0.00>
ST_1 : Operation 28 [1/1] (0.00ns)   --->   "%indvar_flatten12 = alloca i32 1"   --->   Operation 28 'alloca' 'indvar_flatten12' <Predicate = true> <Delay = 0.00>
ST_1 : Operation 29 [1/1] (0.00ns)   --->   "%specstablecontent_ln0 = specstablecontent void @_ssdm_op_SpecStableContent, i32 %g0, i1 1, void "   --->   Operation 29 'specstablecontent' 'specstablecontent_ln0' <Predicate = true> <Delay = 0.00>
ST_1 : Operation 30 [1/1] (0.00ns)   --->   "%specinterface_ln0 = specinterface void @_ssdm_op_SpecInterface, i32 %g0, void @empty_26, i32 0, i32 0, void @empty_35, i32 0, i32 0, void @empty_22, void @empty_25, void @empty_35, i32 16, i32 16, i32 16, i32 16, void @empty_35, void @empty_35, i32 4294967295, i32 0, i32 0, i32 4"   --->   Operation 30 'specinterface' 'specinterface_ln0' <Predicate = true> <Delay = 0.00>
ST_1 : Operation 31 [1/1] (0.00ns)   --->   "%v119_read = read i64 @_ssdm_op_Read.ap_auto.i64, i64 %v119" [spikingformer_official.cpp:301]   --->   Operation 31 'read' 'v119_read' <Predicate = true> <Delay = 0.00>
ST_1 : Operation 32 [1/1] (0.00ns)   --->   "%v118_read = read i64 @_ssdm_op_Read.ap_auto.i64, i64 %v118" [spikingformer_official.cpp:301]   --->   Operation 32 'read' 'v118_read' <Predicate = true> <Delay = 0.00>
ST_1 : Operation 33 [1/1] (0.00ns)   --->   "%v117_read = read i64 @_ssdm_op_Read.ap_auto.i64, i64 %v117" [spikingformer_official.cpp:301]   --->   Operation 33 'read' 'v117_read' <Predicate = true> <Delay = 0.00>
ST_1 : Operation 34 [1/1] (0.00ns)   --->   "%trunc_ln = partselect i62 @_ssdm_op_PartSelect.i62.i64.i32.i32, i64 %v117_read, i32 2, i32 63" [spikingformer_official.cpp:305]   --->   Operation 34 'partselect' 'trunc_ln' <Predicate = true> <Delay = 0.00>
ST_1 : Operation 35 [1/1] (0.00ns)   --->   "%sext_ln305 = sext i62 %trunc_ln" [spikingformer_official.cpp:305]   --->   Operation 35 'sext' 'sext_ln305' <Predicate = true> <Delay = 0.00>
ST_1 : Operation 36 [1/1] (0.42ns)   --->   "%store_ln0 = store i17 0, i17 %indvar_flatten12"   --->   Operation 36 'store' 'store_ln0' <Predicate = true> <Delay = 0.42>
ST_1 : Operation 37 [1/1] (0.42ns)   --->   "%store_ln305 = store i11 0, i11 %v120" [spikingformer_official.cpp:305]   --->   Operation 37 'store' 'store_ln305' <Predicate = true> <Delay = 0.42>
ST_1 : Operation 38 [1/1] (0.42ns)   --->   "%store_ln0 = store i8 0, i8 %indvar_flatten"   --->   Operation 38 'store' 'store_ln0' <Predicate = true> <Delay = 0.42>
ST_1 : Operation 39 [1/1] (0.42ns)   --->   "%store_ln306 = store i4 0, i4 %v121" [spikingformer_official.cpp:306]   --->   Operation 39 'store' 'store_ln306' <Predicate = true> <Delay = 0.42>
ST_1 : Operation 40 [1/1] (0.42ns)   --->   "%store_ln307 = store i4 0, i4 %v122" [spikingformer_official.cpp:307]   --->   Operation 40 'store' 'store_ln307' <Predicate = true> <Delay = 0.42>
ST_1 : Operation 41 [1/1] (0.00ns)   --->   "%br_ln305 = br void %for.inc" [spikingformer_official.cpp:305]   --->   Operation 41 'br' 'br_ln305' <Predicate = true> <Delay = 0.00>

State 2 <SV = 1> <Delay = 3.16>
ST_2 : Operation 42 [1/1] (0.00ns)   --->   "%indvar_flatten12_load = load i17 %indvar_flatten12" [spikingformer_official.cpp:305]   --->   Operation 42 'load' 'indvar_flatten12_load' <Predicate = true> <Delay = 0.00>
ST_2 : Operation 43 [1/1] (0.86ns)   --->   "%icmp_ln305 = icmp_eq  i17 %indvar_flatten12_load, i17 98304" [spikingformer_official.cpp:305]   --->   Operation 43 'icmp' 'icmp_ln305' <Predicate = true> <Delay = 0.86> <CoreInst = "Cmp">   --->   Core 9 'Cmp' <Latency = 0> <II = 1> <Delay = 0.86> <FuncUnit> <Opcode : 'seteq' 'setne' 'setle' 'setge' 'setlt' 'setgt'> <InPorts = 2> <OutPorts = 1>
ST_2 : Operation 44 [1/1] (0.86ns)   --->   "%add_ln305_1 = add i17 %indvar_flatten12_load, i17 1" [spikingformer_official.cpp:305]   --->   Operation 44 'add' 'add_ln305_1' <Predicate = true> <Delay = 0.86> <CoreInst = "Adder">   --->   Core 1 'Adder' <Latency = 0> <II = 1> <Delay = 0.86> <FuncUnit> <Opcode : 'add' 'sub'> <InPorts = 2> <OutPorts = 1>
ST_2 : Operation 45 [1/1] (0.00ns)   --->   "%br_ln305 = br i1 %icmp_ln305, void %for.inc32, void %for.end34" [spikingformer_official.cpp:305]   --->   Operation 45 'br' 'br_ln305' <Predicate = true> <Delay = 0.00>
ST_2 : Operation 46 [1/1] (0.00ns)   --->   "%v122_load = load i4 %v122" [spikingformer_official.cpp:307]   --->   Operation 46 'load' 'v122_load' <Predicate = (!icmp_ln305)> <Delay = 0.00>
ST_2 : Operation 47 [1/1] (0.00ns)   --->   "%v121_load = load i4 %v121" [spikingformer_official.cpp:305]   --->   Operation 47 'load' 'v121_load' <Predicate = (!icmp_ln305)> <Delay = 0.00>
ST_2 : Operation 48 [1/1] (0.00ns)   --->   "%indvar_flatten_load = load i8 %indvar_flatten" [spikingformer_official.cpp:306]   --->   Operation 48 'load' 'indvar_flatten_load' <Predicate = (!icmp_ln305)> <Delay = 0.00>
ST_2 : Operation 49 [1/1] (0.00ns)   --->   "%v120_load = load i11 %v120" [spikingformer_official.cpp:305]   --->   Operation 49 'load' 'v120_load' <Predicate = (!icmp_ln305)> <Delay = 0.00>
ST_2 : Operation 50 [1/1] (0.79ns)   --->   "%add_ln305 = add i11 %v120_load, i11 1" [spikingformer_official.cpp:305]   --->   Operation 50 'add' 'add_ln305' <Predicate = (!icmp_ln305)> <Delay = 0.79> <CoreInst = "Adder">   --->   Core 1 'Adder' <Latency = 0> <II = 1> <Delay = 0.79> <FuncUnit> <Opcode : 'add' 'sub'> <InPorts = 2> <OutPorts = 1>
ST_2 : Operation 51 [1/1] (0.76ns)   --->   "%icmp_ln306 = icmp_eq  i8 %indvar_flatten_load, i8 64" [spikingformer_official.cpp:306]   --->   Operation 51 'icmp' 'icmp_ln306' <Predicate = (!icmp_ln305)> <Delay = 0.76> <CoreInst = "Cmp">   --->   Core 9 'Cmp' <Latency = 0> <II = 1> <Delay = 0.76> <FuncUnit> <Opcode : 'seteq' 'setne' 'setle' 'setge' 'setlt' 'setgt'> <InPorts = 2> <OutPorts = 1>
ST_2 : Operation 52 [1/1] (0.39ns)   --->   "%select_ln305 = select i1 %icmp_ln306, i4 0, i4 %v121_load" [spikingformer_official.cpp:305]   --->   Operation 52 'select' 'select_ln305' <Predicate = (!icmp_ln305)> <Delay = 0.39> <CoreInst = "Sel">   --->   Core 73 'Sel' <Latency = 0> <II = 1> <Delay = 0.39> <FuncUnit> <Opcode : 'select'> <InPorts = 3> <OutPorts = 1>
ST_2 : Operation 53 [1/1] (0.00ns) (grouped into LUT with out node and_ln305)   --->   "%xor_ln305 = xor i1 %icmp_ln306, i1 1" [spikingformer_official.cpp:305]   --->   Operation 53 'xor' 'xor_ln305' <Predicate = (!icmp_ln305)> <Delay = 0.00> <CoreInst = "LogicGate">   --->   Core 74 'LogicGate' <Latency = 0> <II = 1> <Delay = 0.28> <FuncUnit> <Opcode : 'and' 'or' 'xor'> <InPorts = 2> <OutPorts = 1>
ST_2 : Operation 54 [1/1] (0.79ns)   --->   "%icmp_ln307 = icmp_eq  i4 %v122_load, i4 8" [spikingformer_official.cpp:307]   --->   Operation 54 'icmp' 'icmp_ln307' <Predicate = (!icmp_ln305)> <Delay = 0.79> <CoreInst = "Cmp">   --->   Core 9 'Cmp' <Latency = 0> <II = 1> <Delay = 0.79> <FuncUnit> <Opcode : 'seteq' 'setne' 'setle' 'setge' 'setlt' 'setgt'> <InPorts = 2> <OutPorts = 1>
ST_2 : Operation 55 [1/1] (0.28ns) (out node of the LUT)   --->   "%and_ln305 = and i1 %icmp_ln307, i1 %xor_ln305" [spikingformer_official.cpp:305]   --->   Operation 55 'and' 'and_ln305' <Predicate = (!icmp_ln305)> <Delay = 0.28> <CoreInst = "LogicGate">   --->   Core 74 'LogicGate' <Latency = 0> <II = 1> <Delay = 0.28> <FuncUnit> <Opcode : 'and' 'or' 'xor'> <InPorts = 2> <OutPorts = 1>
ST_2 : Operation 56 [1/1] (0.38ns)   --->   "%select_ln305_1 = select i1 %icmp_ln306, i11 %add_ln305, i11 %v120_load" [spikingformer_official.cpp:305]   --->   Operation 56 'select' 'select_ln305_1' <Predicate = (!icmp_ln305)> <Delay = 0.38> <CoreInst = "Sel">   --->   Core 73 'Sel' <Latency = 0> <II = 1> <Delay = 0.38> <FuncUnit> <Opcode : 'select'> <InPorts = 3> <OutPorts = 1>
ST_2 : Operation 57 [1/1] (0.79ns)   --->   "%add_ln306 = add i4 %select_ln305, i4 1" [spikingformer_official.cpp:306]   --->   Operation 57 'add' 'add_ln306' <Predicate = (!icmp_ln305)> <Delay = 0.79> <CoreInst = "Adder">   --->   Core 1 'Adder' <Latency = 0> <II = 1> <Delay = 0.79> <FuncUnit> <Opcode : 'add' 'sub'> <InPorts = 2> <OutPorts = 1>
ST_2 : Operation 58 [1/1] (0.00ns) (grouped into LUT with out node v122_mid2)   --->   "%empty = or i1 %and_ln305, i1 %icmp_ln306" [spikingformer_official.cpp:305]   --->   Operation 58 'or' 'empty' <Predicate = (!icmp_ln305)> <Delay = 0.00> <CoreInst = "LogicGate">   --->   Core 74 'LogicGate' <Latency = 0> <II = 1> <Delay = 0.28> <FuncUnit> <Opcode : 'and' 'or' 'xor'> <InPorts = 2> <OutPorts = 1>
ST_2 : Operation 59 [1/1] (0.39ns) (out node of the LUT)   --->   "%v122_mid2 = select i1 %empty, i4 0, i4 %v122_load" [spikingformer_official.cpp:305]   --->   Operation 59 'select' 'v122_mid2' <Predicate = (!icmp_ln305)> <Delay = 0.39> <CoreInst = "Sel">   --->   Core 73 'Sel' <Latency = 0> <II = 1> <Delay = 0.39> <FuncUnit> <Opcode : 'select'> <InPorts = 3> <OutPorts = 1>
ST_2 : Operation 60 [1/1] (0.39ns)   --->   "%select_ln306 = select i1 %and_ln305, i4 %add_ln306, i4 %select_ln305" [spikingformer_official.cpp:306]   --->   Operation 60 'select' 'select_ln306' <Predicate = (!icmp_ln305)> <Delay = 0.39> <CoreInst = "Sel">   --->   Core 73 'Sel' <Latency = 0> <II = 1> <Delay = 0.39> <FuncUnit> <Opcode : 'select'> <InPorts = 3> <OutPorts = 1>
ST_2 : Operation 61 [1/1] (0.00ns)   --->   "%shl_ln = bitconcatenate i19 @_ssdm_op_BitConcatenate.i19.i11.i8, i11 %select_ln305_1, i8 0" [spikingformer_official.cpp:312]   --->   Operation 61 'bitconcatenate' 'shl_ln' <Predicate = (!icmp_ln305)> <Delay = 0.00>
ST_2 : Operation 62 [1/1] (0.00ns)   --->   "%zext_ln306 = zext i19 %shl_ln" [spikingformer_official.cpp:306]   --->   Operation 62 'zext' 'zext_ln306' <Predicate = (!icmp_ln305)> <Delay = 0.00>
ST_2 : Operation 63 [1/1] (0.00ns)   --->   "%trunc_ln307 = trunc i4 %select_ln306" [spikingformer_official.cpp:307]   --->   Operation 63 'trunc' 'trunc_ln307' <Predicate = (!icmp_ln305)> <Delay = 0.00>
ST_2 : Operation 64 [1/1] (0.00ns)   --->   "%trunc_ln312 = trunc i4 %v122_mid2" [spikingformer_official.cpp:312]   --->   Operation 64 'trunc' 'trunc_ln312' <Predicate = (!icmp_ln305)> <Delay = 0.00>
ST_2 : Operation 65 [1/1] (0.00ns) (grouped into TernaryAdder)   --->   "%add_ln312 = add i64 %zext_ln306, i64 %v118_read" [spikingformer_official.cpp:312]   --->   Operation 65 'add' 'add_ln312' <Predicate = (!icmp_ln305)> <Delay = 0.00> <CoreInst = "TAddSub">   --->   Core 10 'TAddSub' <Latency = 0> <II = 1> <Delay = 0.40> <IPBlock> <Opcode : 'add' 'sub'> <InPorts = 3> <OutPorts = 1> <Sync> <CReg>
ST_2 : Operation 66 [1/1] (0.00ns)   --->   "%tmp1 = bitconcatenate i8 @_ssdm_op_BitConcatenate.i8.i3.i3.i2, i3 %trunc_ln307, i3 %trunc_ln312, i2 0" [spikingformer_official.cpp:312]   --->   Operation 66 'bitconcatenate' 'tmp1' <Predicate = (!icmp_ln305)> <Delay = 0.00>
ST_2 : Operation 67 [1/1] (0.00ns)   --->   "%zext_ln312 = zext i8 %tmp1" [spikingformer_official.cpp:312]   --->   Operation 67 'zext' 'zext_ln312' <Predicate = (!icmp_ln305)> <Delay = 0.00>
ST_2 : Operation 68 [1/1] (0.81ns) (root node of TernaryAdder)   --->   "%add_ln312_1 = add i64 %zext_ln312, i64 %add_ln312" [spikingformer_official.cpp:312]   --->   Operation 68 'add' 'add_ln312_1' <Predicate = (!icmp_ln305)> <Delay = 0.81> <CoreInst = "TAddSub">   --->   Core 10 'TAddSub' <Latency = 0> <II = 1> <Delay = 0.40> <IPBlock> <Opcode : 'add' 'sub'> <InPorts = 3> <OutPorts = 1> <Sync> <CReg>
ST_2 : Operation 69 [1/1] (0.00ns)   --->   "%trunc_ln40 = partselect i62 @_ssdm_op_PartSelect.i62.i64.i32.i32, i64 %add_ln312_1, i32 2, i32 63" [spikingformer_official.cpp:312]   --->   Operation 69 'partselect' 'trunc_ln40' <Predicate = (!icmp_ln305)> <Delay = 0.00>
ST_2 : Operation 70 [1/1] (0.00ns)   --->   "%sext_ln312 = sext i62 %trunc_ln40" [spikingformer_official.cpp:312]   --->   Operation 70 'sext' 'sext_ln312' <Predicate = (!icmp_ln305)> <Delay = 0.00>
ST_2 : Operation 71 [1/1] (0.00ns)   --->   "%g0_addr = getelementptr i32 %g0, i64 %sext_ln312" [spikingformer_official.cpp:312]   --->   Operation 71 'getelementptr' 'g0_addr' <Predicate = (!icmp_ln305)> <Delay = 0.00>
ST_2 : Operation 72 [1/1] (0.00ns) (grouped into TernaryAdder)   --->   "%add_ln315 = add i64 %zext_ln306, i64 %v119_read" [spikingformer_official.cpp:315]   --->   Operation 72 'add' 'add_ln315' <Predicate = (!icmp_ln305)> <Delay = 0.00> <CoreInst = "TAddSub">   --->   Core 10 'TAddSub' <Latency = 0> <II = 1> <Delay = 0.40> <IPBlock> <Opcode : 'add' 'sub'> <InPorts = 3> <OutPorts = 1> <Sync> <CReg>
ST_2 : Operation 73 [1/1] (0.81ns) (root node of TernaryAdder)   --->   "%add_ln315_1 = add i64 %zext_ln312, i64 %add_ln315" [spikingformer_official.cpp:315]   --->   Operation 73 'add' 'add_ln315_1' <Predicate = (!icmp_ln305)> <Delay = 0.81> <CoreInst = "TAddSub">   --->   Core 10 'TAddSub' <Latency = 0> <II = 1> <Delay = 0.40> <IPBlock> <Opcode : 'add' 'sub'> <InPorts = 3> <OutPorts = 1> <Sync> <CReg>
ST_2 : Operation 74 [1/1] (0.00ns)   --->   "%trunc_ln41 = partselect i62 @_ssdm_op_PartSelect.i62.i64.i32.i32, i64 %add_ln315_1, i32 2, i32 63" [spikingformer_official.cpp:315]   --->   Operation 74 'partselect' 'trunc_ln41' <Predicate = (!icmp_ln305)> <Delay = 0.00>
ST_2 : Operation 75 [1/1] (0.00ns)   --->   "%sext_ln315 = sext i62 %trunc_ln41" [spikingformer_official.cpp:315]   --->   Operation 75 'sext' 'sext_ln315' <Predicate = (!icmp_ln305)> <Delay = 0.00>
ST_2 : Operation 76 [1/1] (0.00ns)   --->   "%g0_addr_41 = getelementptr i32 %g0, i64 %sext_ln315" [spikingformer_official.cpp:315]   --->   Operation 76 'getelementptr' 'g0_addr_41' <Predicate = (!icmp_ln305)> <Delay = 0.00>
ST_2 : Operation 77 [1/1] (0.79ns)   --->   "%add_ln307 = add i4 %v122_mid2, i4 1" [spikingformer_official.cpp:307]   --->   Operation 77 'add' 'add_ln307' <Predicate = (!icmp_ln305)> <Delay = 0.79> <CoreInst = "Adder">   --->   Core 1 'Adder' <Latency = 0> <II = 1> <Delay = 0.79> <FuncUnit> <Opcode : 'add' 'sub'> <InPorts = 2> <OutPorts = 1>
ST_2 : Operation 78 [1/1] (0.76ns)   --->   "%add_ln306_1 = add i8 %indvar_flatten_load, i8 1" [spikingformer_official.cpp:306]   --->   Operation 78 'add' 'add_ln306_1' <Predicate = (!icmp_ln305)> <Delay = 0.76> <CoreInst = "Adder">   --->   Core 1 'Adder' <Latency = 0> <II = 1> <Delay = 0.76> <FuncUnit> <Opcode : 'add' 'sub'> <InPorts = 2> <OutPorts = 1>
ST_2 : Operation 79 [1/1] (0.39ns)   --->   "%select_ln306_1 = select i1 %icmp_ln306, i8 1, i8 %add_ln306_1" [spikingformer_official.cpp:306]   --->   Operation 79 'select' 'select_ln306_1' <Predicate = (!icmp_ln305)> <Delay = 0.39> <CoreInst = "Sel">   --->   Core 73 'Sel' <Latency = 0> <II = 1> <Delay = 0.39> <FuncUnit> <Opcode : 'select'> <InPorts = 3> <OutPorts = 1>
ST_2 : Operation 80 [1/1] (0.42ns)   --->   "%store_ln305 = store i17 %add_ln305_1, i17 %indvar_flatten12" [spikingformer_official.cpp:305]   --->   Operation 80 'store' 'store_ln305' <Predicate = (!icmp_ln305)> <Delay = 0.42>
ST_2 : Operation 81 [1/1] (0.42ns)   --->   "%store_ln305 = store i11 %select_ln305_1, i11 %v120" [spikingformer_official.cpp:305]   --->   Operation 81 'store' 'store_ln305' <Predicate = (!icmp_ln305)> <Delay = 0.42>
ST_2 : Operation 82 [1/1] (0.42ns)   --->   "%store_ln306 = store i8 %select_ln306_1, i8 %indvar_flatten" [spikingformer_official.cpp:306]   --->   Operation 82 'store' 'store_ln306' <Predicate = (!icmp_ln305)> <Delay = 0.42>
ST_2 : Operation 83 [1/1] (0.42ns)   --->   "%store_ln306 = store i4 %select_ln306, i4 %v121" [spikingformer_official.cpp:306]   --->   Operation 83 'store' 'store_ln306' <Predicate = (!icmp_ln305)> <Delay = 0.42>
ST_2 : Operation 84 [1/1] (0.42ns)   --->   "%store_ln307 = store i4 %add_ln307, i4 %v122" [spikingformer_official.cpp:307]   --->   Operation 84 'store' 'store_ln307' <Predicate = (!icmp_ln305)> <Delay = 0.42>

State 3 <SV = 2> <Delay = 0.81>
ST_3 : Operation 85 [1/1] (0.00ns)   --->   "%zext_ln307 = zext i4 %v122_mid2" [spikingformer_official.cpp:307]   --->   Operation 85 'zext' 'zext_ln307' <Predicate = (!icmp_ln305)> <Delay = 0.00>
ST_3 : Operation 86 [8/8] (7.30ns)   --->   "%g0_load_req = readreq i1 @_ssdm_op_ReadReq.m_axi.i32P1A, i32 %g0_addr, i64 1" [spikingformer_official.cpp:312]   --->   Operation 86 'readreq' 'g0_load_req' <Predicate = (!icmp_ln305)> <Delay = 7.30> <CoreInst = "m_axi">   --->   Core 119 'm_axi' <Latency = 6> <II = 1> <Delay = 1.00> <Adapter> <Opcode : 'readrequnaligned' 'writerequnaligned' 'read' 'write' 'readreq' 'writereq' 'writeresp'>
ST_3 : Operation 87 [1/1] (0.00ns)   --->   "%tmp2 = bitconcatenate i17 @_ssdm_op_BitConcatenate.i17.i11.i3.i3, i11 %select_ln305_1, i3 %trunc_ln307, i3 0" [spikingformer_official.cpp:313]   --->   Operation 87 'bitconcatenate' 'tmp2' <Predicate = (!icmp_ln305)> <Delay = 0.00>
ST_3 : Operation 88 [1/1] (0.00ns)   --->   "%zext_ln313 = zext i17 %tmp2" [spikingformer_official.cpp:313]   --->   Operation 88 'zext' 'zext_ln313' <Predicate = (!icmp_ln305)> <Delay = 0.00>
ST_3 : Operation 89 [1/1] (0.00ns) (grouped into TernaryAdder)   --->   "%add_ln313_1 = add i63 %zext_ln307, i63 %sext_ln305" [spikingformer_official.cpp:313]   --->   Operation 89 'add' 'add_ln313_1' <Predicate = (!icmp_ln305)> <Delay = 0.00> <CoreInst = "TAddSub">   --->   Core 10 'TAddSub' <Latency = 0> <II = 1> <Delay = 0.40> <IPBlock> <Opcode : 'add' 'sub'> <InPorts = 3> <OutPorts = 1> <Sync> <CReg>
ST_3 : Operation 90 [1/1] (0.81ns) (root node of TernaryAdder)   --->   "%add_ln313 = add i63 %add_ln313_1, i63 %zext_ln313" [spikingformer_official.cpp:313]   --->   Operation 90 'add' 'add_ln313' <Predicate = (!icmp_ln305)> <Delay = 0.81> <CoreInst = "TAddSub">   --->   Core 10 'TAddSub' <Latency = 0> <II = 1> <Delay = 0.40> <IPBlock> <Opcode : 'add' 'sub'> <InPorts = 3> <OutPorts = 1> <Sync> <CReg>
ST_3 : Operation 91 [1/1] (0.00ns)   --->   "%sext_ln313 = sext i63 %add_ln313" [spikingformer_official.cpp:313]   --->   Operation 91 'sext' 'sext_ln313' <Predicate = (!icmp_ln305)> <Delay = 0.00>
ST_3 : Operation 92 [1/1] (0.00ns)   --->   "%g0_addr_40 = getelementptr i32 %g0, i64 %sext_ln313" [spikingformer_official.cpp:313]   --->   Operation 92 'getelementptr' 'g0_addr_40' <Predicate = (!icmp_ln305)> <Delay = 0.00>

State 4 <SV = 3> <Delay = 0.00>
ST_4 : Operation 93 [7/8] (7.30ns)   --->   "%g0_load_req = readreq i1 @_ssdm_op_ReadReq.m_axi.i32P1A, i32 %g0_addr, i64 1" [spikingformer_official.cpp:312]   --->   Operation 93 'readreq' 'g0_load_req' <Predicate = true> <Delay = 7.30> <CoreInst = "m_axi">   --->   Core 119 'm_axi' <Latency = 6> <II = 1> <Delay = 1.00> <Adapter> <Opcode : 'readrequnaligned' 'writerequnaligned' 'read' 'write' 'readreq' 'writereq' 'writeresp'>
ST_4 : Operation 94 [8/8] (7.30ns)   --->   "%g0_load_23_req = readreq i1 @_ssdm_op_ReadReq.m_axi.i32P1A, i32 %g0_addr_40, i64 1" [spikingformer_official.cpp:313]   --->   Operation 94 'readreq' 'g0_load_23_req' <Predicate = true> <Delay = 7.30> <CoreInst = "m_axi">   --->   Core 119 'm_axi' <Latency = 6> <II = 1> <Delay = 1.00> <Adapter> <Opcode : 'readrequnaligned' 'writerequnaligned' 'read' 'write' 'readreq' 'writereq' 'writeresp'>

State 5 <SV = 4> <Delay = 0.00>
ST_5 : Operation 95 [6/8] (7.30ns)   --->   "%g0_load_req = readreq i1 @_ssdm_op_ReadReq.m_axi.i32P1A, i32 %g0_addr, i64 1" [spikingformer_official.cpp:312]   --->   Operation 95 'readreq' 'g0_load_req' <Predicate = true> <Delay = 7.30> <CoreInst = "m_axi">   --->   Core 119 'm_axi' <Latency = 6> <II = 1> <Delay = 1.00> <Adapter> <Opcode : 'readrequnaligned' 'writerequnaligned' 'read' 'write' 'readreq' 'writereq' 'writeresp'>
ST_5 : Operation 96 [7/8] (7.30ns)   --->   "%g0_load_23_req = readreq i1 @_ssdm_op_ReadReq.m_axi.i32P1A, i32 %g0_addr_40, i64 1" [spikingformer_official.cpp:313]   --->   Operation 96 'readreq' 'g0_load_23_req' <Predicate = true> <Delay = 7.30> <CoreInst = "m_axi">   --->   Core 119 'm_axi' <Latency = 6> <II = 1> <Delay = 1.00> <Adapter> <Opcode : 'readrequnaligned' 'writerequnaligned' 'read' 'write' 'readreq' 'writereq' 'writeresp'>

State 6 <SV = 5> <Delay = 0.00>
ST_6 : Operation 97 [5/8] (7.30ns)   --->   "%g0_load_req = readreq i1 @_ssdm_op_ReadReq.m_axi.i32P1A, i32 %g0_addr, i64 1" [spikingformer_official.cpp:312]   --->   Operation 97 'readreq' 'g0_load_req' <Predicate = true> <Delay = 7.30> <CoreInst = "m_axi">   --->   Core 119 'm_axi' <Latency = 6> <II = 1> <Delay = 1.00> <Adapter> <Opcode : 'readrequnaligned' 'writerequnaligned' 'read' 'write' 'readreq' 'writereq' 'writeresp'>
ST_6 : Operation 98 [6/8] (7.30ns)   --->   "%g0_load_23_req = readreq i1 @_ssdm_op_ReadReq.m_axi.i32P1A, i32 %g0_addr_40, i64 1" [spikingformer_official.cpp:313]   --->   Operation 98 'readreq' 'g0_load_23_req' <Predicate = true> <Delay = 7.30> <CoreInst = "m_axi">   --->   Core 119 'm_axi' <Latency = 6> <II = 1> <Delay = 1.00> <Adapter> <Opcode : 'readrequnaligned' 'writerequnaligned' 'read' 'write' 'readreq' 'writereq' 'writeresp'>

State 7 <SV = 6> <Delay = 0.00>
ST_7 : Operation 99 [4/8] (7.30ns)   --->   "%g0_load_req = readreq i1 @_ssdm_op_ReadReq.m_axi.i32P1A, i32 %g0_addr, i64 1" [spikingformer_official.cpp:312]   --->   Operation 99 'readreq' 'g0_load_req' <Predicate = true> <Delay = 7.30> <CoreInst = "m_axi">   --->   Core 119 'm_axi' <Latency = 6> <II = 1> <Delay = 1.00> <Adapter> <Opcode : 'readrequnaligned' 'writerequnaligned' 'read' 'write' 'readreq' 'writereq' 'writeresp'>
ST_7 : Operation 100 [5/8] (7.30ns)   --->   "%g0_load_23_req = readreq i1 @_ssdm_op_ReadReq.m_axi.i32P1A, i32 %g0_addr_40, i64 1" [spikingformer_official.cpp:313]   --->   Operation 100 'readreq' 'g0_load_23_req' <Predicate = true> <Delay = 7.30> <CoreInst = "m_axi">   --->   Core 119 'm_axi' <Latency = 6> <II = 1> <Delay = 1.00> <Adapter> <Opcode : 'readrequnaligned' 'writerequnaligned' 'read' 'write' 'readreq' 'writereq' 'writeresp'>

State 8 <SV = 7> <Delay = 0.00>
ST_8 : Operation 101 [3/8] (7.30ns)   --->   "%g0_load_req = readreq i1 @_ssdm_op_ReadReq.m_axi.i32P1A, i32 %g0_addr, i64 1" [spikingformer_official.cpp:312]   --->   Operation 101 'readreq' 'g0_load_req' <Predicate = true> <Delay = 7.30> <CoreInst = "m_axi">   --->   Core 119 'm_axi' <Latency = 6> <II = 1> <Delay = 1.00> <Adapter> <Opcode : 'readrequnaligned' 'writerequnaligned' 'read' 'write' 'readreq' 'writereq' 'writeresp'>
ST_8 : Operation 102 [4/8] (7.30ns)   --->   "%g0_load_23_req = readreq i1 @_ssdm_op_ReadReq.m_axi.i32P1A, i32 %g0_addr_40, i64 1" [spikingformer_official.cpp:313]   --->   Operation 102 'readreq' 'g0_load_23_req' <Predicate = true> <Delay = 7.30> <CoreInst = "m_axi">   --->   Core 119 'm_axi' <Latency = 6> <II = 1> <Delay = 1.00> <Adapter> <Opcode : 'readrequnaligned' 'writerequnaligned' 'read' 'write' 'readreq' 'writereq' 'writeresp'>

State 9 <SV = 8> <Delay = 0.00>
ST_9 : Operation 103 [2/8] (7.30ns)   --->   "%g0_load_req = readreq i1 @_ssdm_op_ReadReq.m_axi.i32P1A, i32 %g0_addr, i64 1" [spikingformer_official.cpp:312]   --->   Operation 103 'readreq' 'g0_load_req' <Predicate = true> <Delay = 7.30> <CoreInst = "m_axi">   --->   Core 119 'm_axi' <Latency = 6> <II = 1> <Delay = 1.00> <Adapter> <Opcode : 'readrequnaligned' 'writerequnaligned' 'read' 'write' 'readreq' 'writereq' 'writeresp'>
ST_9 : Operation 104 [3/8] (7.30ns)   --->   "%g0_load_23_req = readreq i1 @_ssdm_op_ReadReq.m_axi.i32P1A, i32 %g0_addr_40, i64 1" [spikingformer_official.cpp:313]   --->   Operation 104 'readreq' 'g0_load_23_req' <Predicate = true> <Delay = 7.30> <CoreInst = "m_axi">   --->   Core 119 'm_axi' <Latency = 6> <II = 1> <Delay = 1.00> <Adapter> <Opcode : 'readrequnaligned' 'writerequnaligned' 'read' 'write' 'readreq' 'writereq' 'writeresp'>

State 10 <SV = 9> <Delay = 7.30>
ST_10 : Operation 105 [1/8] ( I:7.30ns O:7.30ns )   --->   "%g0_load_req = readreq i1 @_ssdm_op_ReadReq.m_axi.i32P1A, i32 %g0_addr, i64 1" [spikingformer_official.cpp:312]   --->   Operation 105 'readreq' 'g0_load_req' <Predicate = true> <Delay = 7.30> <CoreInst = "m_axi">   --->   Core 119 'm_axi' <Latency = 6> <II = 1> <Delay = 1.00> <Adapter> <Opcode : 'readrequnaligned' 'writerequnaligned' 'read' 'write' 'readreq' 'writereq' 'writeresp'>
ST_10 : Operation 106 [2/8] (7.30ns)   --->   "%g0_load_23_req = readreq i1 @_ssdm_op_ReadReq.m_axi.i32P1A, i32 %g0_addr_40, i64 1" [spikingformer_official.cpp:313]   --->   Operation 106 'readreq' 'g0_load_23_req' <Predicate = true> <Delay = 7.30> <CoreInst = "m_axi">   --->   Core 119 'm_axi' <Latency = 6> <II = 1> <Delay = 1.00> <Adapter> <Opcode : 'readrequnaligned' 'writerequnaligned' 'read' 'write' 'readreq' 'writereq' 'writeresp'>

State 11 <SV = 10> <Delay = 7.30>
ST_11 : Operation 107 [1/1] ( I:7.30ns O:7.30ns )   --->   "%g0_addr_read = read i32 @_ssdm_op_Read.m_axi.i32P1A, i32 %g0_addr" [spikingformer_official.cpp:312]   --->   Operation 107 'read' 'g0_addr_read' <Predicate = true> <Delay = 7.30> <CoreInst = "m_axi">   --->   Core 119 'm_axi' <Latency = 3> <II = 1> <Delay = 1.00> <Adapter> <Opcode : 'readrequnaligned' 'writerequnaligned' 'read' 'write' 'readreq' 'writereq' 'writeresp'>
ST_11 : Operation 108 [1/8] ( I:7.30ns O:7.30ns )   --->   "%g0_load_23_req = readreq i1 @_ssdm_op_ReadReq.m_axi.i32P1A, i32 %g0_addr_40, i64 1" [spikingformer_official.cpp:313]   --->   Operation 108 'readreq' 'g0_load_23_req' <Predicate = true> <Delay = 7.30> <CoreInst = "m_axi">   --->   Core 119 'm_axi' <Latency = 6> <II = 1> <Delay = 1.00> <Adapter> <Opcode : 'readrequnaligned' 'writerequnaligned' 'read' 'write' 'readreq' 'writereq' 'writeresp'>

State 12 <SV = 11> <Delay = 7.30>
ST_12 : Operation 109 [1/1] ( I:7.30ns O:7.30ns )   --->   "%g0_addr_40_read = read i32 @_ssdm_op_Read.m_axi.i32P1A, i32 %g0_addr_40" [spikingformer_official.cpp:313]   --->   Operation 109 'read' 'g0_addr_40_read' <Predicate = true> <Delay = 7.30> <CoreInst = "m_axi">   --->   Core 119 'm_axi' <Latency = 3> <II = 1> <Delay = 1.00> <Adapter> <Opcode : 'readrequnaligned' 'writerequnaligned' 'read' 'write' 'readreq' 'writereq' 'writeresp'>

State 13 <SV = 12> <Delay = 6.43>
ST_13 : Operation 110 [1/1] (0.00ns)   --->   "%v123 = bitcast i32 %g0_addr_read" [spikingformer_official.cpp:312]   --->   Operation 110 'bitcast' 'v123' <Predicate = true> <Delay = 0.00>
ST_13 : Operation 111 [1/1] (0.00ns)   --->   "%v124 = bitcast i32 %g0_addr_40_read" [spikingformer_official.cpp:313]   --->   Operation 111 'bitcast' 'v124' <Predicate = true> <Delay = 0.00>
ST_13 : Operation 112 [4/4] (6.43ns)   --->   "%v125 = fadd i32 %v123, i32 %v124" [spikingformer_official.cpp:314]   --->   Operation 112 'fadd' 'v125' <Predicate = true> <Delay = 6.43> <CoreInst = "FAddSub_fulldsp">   --->   Core 18 'FAddSub_fulldsp' <Latency = 3> <II = 1> <Delay = 6.43> <FuncUnit> <Opcode : 'fadd' 'fsub'> <InPorts = 2> <OutPorts = 1>

State 14 <SV = 13> <Delay = 6.43>
ST_14 : Operation 113 [3/4] (6.43ns)   --->   "%v125 = fadd i32 %v123, i32 %v124" [spikingformer_official.cpp:314]   --->   Operation 113 'fadd' 'v125' <Predicate = true> <Delay = 6.43> <CoreInst = "FAddSub_fulldsp">   --->   Core 18 'FAddSub_fulldsp' <Latency = 3> <II = 1> <Delay = 6.43> <FuncUnit> <Opcode : 'fadd' 'fsub'> <InPorts = 2> <OutPorts = 1>

State 15 <SV = 14> <Delay = 6.43>
ST_15 : Operation 114 [2/4] (6.43ns)   --->   "%v125 = fadd i32 %v123, i32 %v124" [spikingformer_official.cpp:314]   --->   Operation 114 'fadd' 'v125' <Predicate = true> <Delay = 6.43> <CoreInst = "FAddSub_fulldsp">   --->   Core 18 'FAddSub_fulldsp' <Latency = 3> <II = 1> <Delay = 6.43> <FuncUnit> <Opcode : 'fadd' 'fsub'> <InPorts = 2> <OutPorts = 1>

State 16 <SV = 15> <Delay = 7.30>
ST_16 : Operation 115 [1/4] (6.43ns)   --->   "%v125 = fadd i32 %v123, i32 %v124" [spikingformer_official.cpp:314]   --->   Operation 115 'fadd' 'v125' <Predicate = true> <Delay = 6.43> <CoreInst = "FAddSub_fulldsp">   --->   Core 18 'FAddSub_fulldsp' <Latency = 3> <II = 1> <Delay = 6.43> <FuncUnit> <Opcode : 'fadd' 'fsub'> <InPorts = 2> <OutPorts = 1>
ST_16 : Operation 116 [1/1] ( I:7.30ns O:7.30ns )   --->   "%g0_addr_114_req = writereq i1 @_ssdm_op_WriteReq.m_axi.i32P1A, i32 %g0_addr_41, i64 1" [spikingformer_official.cpp:315]   --->   Operation 116 'writereq' 'g0_addr_114_req' <Predicate = true> <Delay = 7.30> <CoreInst = "m_axi">   --->   Core 119 'm_axi' <Latency = 9> <II = 1> <Delay = 1.00> <Adapter> <Opcode : 'readrequnaligned' 'writerequnaligned' 'read' 'write' 'readreq' 'writereq' 'writeresp'>

State 17 <SV = 16> <Delay = 7.30>
ST_17 : Operation 117 [1/1] (0.00ns)   --->   "%bitcast_ln315 = bitcast i32 %v125" [spikingformer_official.cpp:315]   --->   Operation 117 'bitcast' 'bitcast_ln315' <Predicate = true> <Delay = 0.00>
ST_17 : Operation 118 [1/1] ( I:7.30ns O:7.30ns )   --->   "%write_ln315 = write void @_ssdm_op_Write.m_axi.i32P1A, i32 %g0_addr_41, i32 %bitcast_ln315, i4 15" [spikingformer_official.cpp:315]   --->   Operation 118 'write' 'write_ln315' <Predicate = true> <Delay = 7.30> <CoreInst = "m_axi">   --->   Core 119 'm_axi' <Latency = 5> <II = 1> <Delay = 1.00> <Adapter> <Opcode : 'readrequnaligned' 'writerequnaligned' 'read' 'write' 'readreq' 'writereq' 'writeresp'>

State 18 <SV = 17> <Delay = 0.00>
ST_18 : Operation 119 [5/5] (7.30ns)   --->   "%g0_addr_114_resp = writeresp i1 @_ssdm_op_WriteResp.m_axi.i32P1A, i32 %g0_addr_41" [spikingformer_official.cpp:315]   --->   Operation 119 'writeresp' 'g0_addr_114_resp' <Predicate = true> <Delay = 7.30> <CoreInst = "m_axi">   --->   Core 119 'm_axi' <Latency = 3> <II = 1> <Delay = 1.00> <Adapter> <Opcode : 'readrequnaligned' 'writerequnaligned' 'read' 'write' 'readreq' 'writereq' 'writeresp'>

State 19 <SV = 18> <Delay = 0.00>
ST_19 : Operation 120 [4/5] (7.30ns)   --->   "%g0_addr_114_resp = writeresp i1 @_ssdm_op_WriteResp.m_axi.i32P1A, i32 %g0_addr_41" [spikingformer_official.cpp:315]   --->   Operation 120 'writeresp' 'g0_addr_114_resp' <Predicate = true> <Delay = 7.30> <CoreInst = "m_axi">   --->   Core 119 'm_axi' <Latency = 3> <II = 1> <Delay = 1.00> <Adapter> <Opcode : 'readrequnaligned' 'writerequnaligned' 'read' 'write' 'readreq' 'writereq' 'writeresp'>

State 20 <SV = 19> <Delay = 0.42>
ST_20 : Operation 121 [3/5] (7.30ns)   --->   "%g0_addr_114_resp = writeresp i1 @_ssdm_op_WriteResp.m_axi.i32P1A, i32 %g0_addr_41" [spikingformer_official.cpp:315]   --->   Operation 121 'writeresp' 'g0_addr_114_resp' <Predicate = true> <Delay = 7.30> <CoreInst = "m_axi">   --->   Core 119 'm_axi' <Latency = 3> <II = 1> <Delay = 1.00> <Adapter> <Opcode : 'readrequnaligned' 'writerequnaligned' 'read' 'write' 'readreq' 'writereq' 'writeresp'>
ST_20 : Operation 128 [1/1] (0.42ns)   --->   "%ret_ln319 = ret" [spikingformer_official.cpp:319]   --->   Operation 128 'ret' 'ret_ln319' <Predicate = (icmp_ln305)> <Delay = 0.42>

State 21 <SV = 20> <Delay = 0.00>
ST_21 : Operation 122 [2/5] (7.30ns)   --->   "%g0_addr_114_resp = writeresp i1 @_ssdm_op_WriteResp.m_axi.i32P1A, i32 %g0_addr_41" [spikingformer_official.cpp:315]   --->   Operation 122 'writeresp' 'g0_addr_114_resp' <Predicate = true> <Delay = 7.30> <CoreInst = "m_axi">   --->   Core 119 'm_axi' <Latency = 3> <II = 1> <Delay = 1.00> <Adapter> <Opcode : 'readrequnaligned' 'writerequnaligned' 'read' 'write' 'readreq' 'writereq' 'writeresp'>

State 22 <SV = 21> <Delay = 7.30>
ST_22 : Operation 123 [1/1] (0.00ns)   --->   "%specloopname_ln0 = specloopname void @_ssdm_op_SpecLoopName, void @VITIS_LOOP_305_1_VITIS_LOOP_306_2_VITIS_LOOP_307_3_str"   --->   Operation 123 'specloopname' 'specloopname_ln0' <Predicate = true> <Delay = 0.00>
ST_22 : Operation 124 [1/1] (0.00ns)   --->   "%speclooptripcount_ln0 = speclooptripcount void @_ssdm_op_SpecLoopTripCount, i64 98304, i64 98304, i64 98304"   --->   Operation 124 'speclooptripcount' 'speclooptripcount_ln0' <Predicate = true> <Delay = 0.00>
ST_22 : Operation 125 [1/1] (0.00ns)   --->   "%specpipeline_ln308 = specpipeline void @_ssdm_op_SpecPipeline, i32 1, i32 0, i32 0, i32 0, i32 4294967295, void @empty_35" [spikingformer_official.cpp:308]   --->   Operation 125 'specpipeline' 'specpipeline_ln308' <Predicate = true> <Delay = 0.00>
ST_22 : Operation 126 [1/5] ( I:7.30ns O:7.30ns )   --->   "%g0_addr_114_resp = writeresp i1 @_ssdm_op_WriteResp.m_axi.i32P1A, i32 %g0_addr_41" [spikingformer_official.cpp:315]   --->   Operation 126 'writeresp' 'g0_addr_114_resp' <Predicate = true> <Delay = 7.30> <CoreInst = "m_axi">   --->   Core 119 'm_axi' <Latency = 3> <II = 1> <Delay = 1.00> <Adapter> <Opcode : 'readrequnaligned' 'writerequnaligned' 'read' 'write' 'readreq' 'writereq' 'writeresp'>
ST_22 : Operation 127 [1/1] (0.00ns)   --->   "%br_ln307 = br void %for.inc" [spikingformer_official.cpp:307]   --->   Operation 127 'br' 'br_ln307' <Predicate = true> <Delay = 0.00>


============================================================
+ Verbose Summary: Timing violations
============================================================
Target clock period: 10.000ns, clock uncertainty: 2.700ns.

 <State 1>: 0.427ns
The critical path consists of the following:
	'alloca' operation 17 bit ('indvar_flatten12') [9]  (0.000 ns)
	'store' operation ('store_ln0') of constant 0 17 bit on local variable 'indvar_flatten12' [17]  (0.427 ns)

 <State 2>: 3.163ns
The critical path consists of the following:
	'load' operation 8 bit ('indvar_flatten_load', spikingformer_official.cpp:306) on local variable 'indvar_flatten' [31]  (0.000 ns)
	'icmp' operation 1 bit ('icmp_ln306', spikingformer_official.cpp:306) [36]  (0.765 ns)
	'select' operation 4 bit ('select_ln305', spikingformer_official.cpp:305) [37]  (0.391 ns)
	'add' operation 4 bit ('add_ln306', spikingformer_official.cpp:306) [42]  (0.797 ns)
	'select' operation 4 bit ('select_ln306', spikingformer_official.cpp:306) [45]  (0.391 ns)
	'add' operation 64 bit ('add_ln312_1', spikingformer_official.cpp:312) [55]  (0.819 ns)

 <State 3>: 0.816ns
The critical path consists of the following:
	'add' operation 63 bit ('add_ln313_1', spikingformer_official.cpp:313) [64]  (0.000 ns)
	'add' operation 63 bit ('add_ln313', spikingformer_official.cpp:313) [65]  (0.816 ns)

 <State 4>: 0.000ns
The critical path consists of the following:

 <State 5>: 0.000ns
The critical path consists of the following:

 <State 6>: 0.000ns
The critical path consists of the following:

 <State 7>: 0.000ns
The critical path consists of the following:

 <State 8>: 0.000ns
The critical path consists of the following:

 <State 9>: 0.000ns
The critical path consists of the following:

 <State 10>: 7.300ns
The critical path consists of the following:
	bus request operation ('g0_load_req', spikingformer_official.cpp:312) on port 'g0' (spikingformer_official.cpp:312) [59]  (7.300 ns)

 <State 11>: 7.300ns
The critical path consists of the following:
	bus read operation ('g0_addr_read', spikingformer_official.cpp:312) on port 'g0' (spikingformer_official.cpp:312) [60]  (7.300 ns)

 <State 12>: 7.300ns
The critical path consists of the following:
	bus read operation ('g0_addr_40_read', spikingformer_official.cpp:313) on port 'g0' (spikingformer_official.cpp:313) [69]  (7.300 ns)

 <State 13>: 6.437ns
The critical path consists of the following:
	'fadd' operation 32 bit ('v125', spikingformer_official.cpp:314) [71]  (6.437 ns)

 <State 14>: 6.437ns
The critical path consists of the following:
	'fadd' operation 32 bit ('v125', spikingformer_official.cpp:314) [71]  (6.437 ns)

 <State 15>: 6.437ns
The critical path consists of the following:
	'fadd' operation 32 bit ('v125', spikingformer_official.cpp:314) [71]  (6.437 ns)

 <State 16>: 7.300ns
The critical path consists of the following:
	bus request operation ('g0_addr_114_req', spikingformer_official.cpp:315) on port 'g0' (spikingformer_official.cpp:315) [78]  (7.300 ns)

 <State 17>: 7.300ns
The critical path consists of the following:
	bus write operation ('write_ln315', spikingformer_official.cpp:315) on port 'g0' (spikingformer_official.cpp:315) [79]  (7.300 ns)

 <State 18>: 0.000ns
The critical path consists of the following:

 <State 19>: 0.000ns
The critical path consists of the following:

 <State 20>: 0.427ns
The critical path consists of the following:

 <State 21>: 0.000ns
The critical path consists of the following:

 <State 22>: 7.300ns
The critical path consists of the following:
	bus response operation ('g0_addr_114_resp', spikingformer_official.cpp:315) on port 'g0' (spikingformer_official.cpp:315) [80]  (7.300 ns)


============================================================
+ Verbose Summary: Binding
============================================================
N/A
* FSMD analyzer results:
  - Output states:
 - Input state : 
  - Chain level:
	State 1
	State 2
	State 3
	State 4
	State 5
	State 6
	State 7
	State 8
	State 9
	State 10
	State 11
	State 12
	State 13
	State 14
	State 15
	State 16
	State 17
	State 18
	State 19
	State 20
	State 21
	State 22


============================================================
+ Verbose Summary: Datapath Resource usage 
============================================================
N/A
