

================================================================
== Vitis HLS Report for 'kernel40_Pipeline_VITIS_LOOP_524_1_VITIS_LOOP_525_2_VITIS_LOOP_526_3'
================================================================
* Date:           Sun Jul 12 20:26:10 2026

* Version:        2025.2 (Build 6295257 on Nov 14 2025)
* Project:        spikingformer_proj
* Solution:       solution1 (Vivado IP Flow Target)
* Product family: zynquplus
* Target device:  xczu7ev-ffvc1156-2-e


================================================================
== Performance Estimates
================================================================
+ Timing: 
    * Summary: 
    +--------+----------+----------+------------+
    |  Clock |  Target  | Estimated| Uncertainty|
    +--------+----------+----------+------------+
    |ap_clk  |  10.00 ns|  7.300 ns|     2.70 ns|
    +--------+----------+----------+------------+

+ Latency: 
    * Summary: 
    +---------+---------+----------+----------+-----+-----+-------------------+
    |  Latency (cycles) |  Latency (absolute) |  Interval |      Pipeline     |
    |   min   |   max   |    min   |    max   | min | max |        Type       |
    +---------+---------+----------+----------+-----+-----+-------------------+
    |    49167|    49167|  0.492 ms|  0.492 ms|    0|    0|  loop pipeline stp|
    +---------+---------+----------+----------+-----+-----+-------------------+

    + Detail: 
        * Instance: 
        N/A

        * Loop: 
        +------------------------------------------------------+---------+---------+----------+-----------+-----------+-------+----------+
        |                                                      |  Latency (cycles) | Iteration|  Initiation Interval  |  Trip |          |
        |                       Loop Name                      |   min   |   max   |  Latency |  achieved |   target  | Count | Pipelined|
        +------------------------------------------------------+---------+---------+----------+-----------+-----------+-------+----------+
        |- VITIS_LOOP_524_1_VITIS_LOOP_525_2_VITIS_LOOP_526_3  |    49165|    49165|        16|          2|          1|  24576|       yes|
        +------------------------------------------------------+---------+---------+----------+-----------+-----------+-------+----------+

============================================================
+ Verbose Summary: Synthesis Manager
============================================================
InlineROM: 1
ExposeGlobal: 0
============================================================
+ Verbose Summary: CDFG Model
============================================================
IsTopModel: 0
ResetActiveHigh: 1
IsCombinational: 0
IsDatapathOnly: 0
HasWiredReturn: 1
HasMFsm: 2
HasVarLatency: 1
IsPipeline: 0
IsRtlPipelined: 0
IsInstanceOverlapped: 0
IsDontTouch: 0
HasImplIP: 0
IsGatedGlobalClock: 0

+ Individual pipeline summary: 
  * Pipeline-0: initiation interval (II) = 2, depth = 17


============================================================
+ Verbose Summary: Schedule
============================================================
* Number of FSM states : 17
* Pipeline : 1
  Pipeline-0 : II = 2, D = 17, States = { 1 2 3 4 5 6 7 8 9 10 11 12 13 14 15 16 17 }
* Dataflow Pipeline: 0

* FSM state transitions: 
1 --> 2 
2 --> 3 
3 --> 4 
4 --> 5 
5 --> 6 
6 --> 7 
7 --> 8 
8 --> 9 
9 --> 10 
10 --> 11 
11 --> 12 
12 --> 13 
13 --> 14 
14 --> 15 
15 --> 16 
16 --> 17 
17 --> 

* FSM state operations: 

State 1 <SV = 0> <Delay = 0.42>
ST_1 : Operation 19 [1/1] (0.00ns)   --->   "%v215 = alloca i32 1" [spikingformer_official.cpp:526]   --->   Operation 19 'alloca' 'v215' <Predicate = true> <Delay = 0.00>
ST_1 : Operation 20 [1/1] (0.00ns)   --->   "%v214 = alloca i32 1" [spikingformer_official.cpp:525]   --->   Operation 20 'alloca' 'v214' <Predicate = true> <Delay = 0.00>
ST_1 : Operation 21 [1/1] (0.00ns)   --->   "%indvar_flatten = alloca i32 1"   --->   Operation 21 'alloca' 'indvar_flatten' <Predicate = true> <Delay = 0.00>
ST_1 : Operation 22 [1/1] (0.00ns)   --->   "%v213 = alloca i32 1" [spikingformer_official.cpp:524]   --->   Operation 22 'alloca' 'v213' <Predicate = true> <Delay = 0.00>
ST_1 : Operation 23 [1/1] (0.00ns)   --->   "%indvar_flatten10 = alloca i32 1"   --->   Operation 23 'alloca' 'indvar_flatten10' <Predicate = true> <Delay = 0.00>
ST_1 : Operation 24 [1/1] (0.00ns)   --->   "%sext_ln524_4_read = read i62 @_ssdm_op_Read.ap_auto.i62, i62 %sext_ln524_4"   --->   Operation 24 'read' 'sext_ln524_4_read' <Predicate = true> <Delay = 0.00>
ST_1 : Operation 25 [1/1] (0.00ns)   --->   "%sext_ln524_3_read = read i62 @_ssdm_op_Read.ap_auto.i62, i62 %sext_ln524_3"   --->   Operation 25 'read' 'sext_ln524_3_read' <Predicate = true> <Delay = 0.00>
ST_1 : Operation 26 [1/1] (0.00ns)   --->   "%sext_ln524_19 = read i62 @_ssdm_op_Read.ap_auto.i62, i62 %sext_ln524_1"   --->   Operation 26 'read' 'sext_ln524_19' <Predicate = true> <Delay = 0.00>
ST_1 : Operation 27 [1/1] (0.00ns)   --->   "%sext_ln524_2_read = read i62 @_ssdm_op_Read.ap_auto.i62, i62 %sext_ln524_2"   --->   Operation 27 'read' 'sext_ln524_2_read' <Predicate = true> <Delay = 0.00>
ST_1 : Operation 28 [1/1] (0.00ns)   --->   "%sext_ln5247 = read i62 @_ssdm_op_Read.ap_auto.i62, i62 %sext_ln524"   --->   Operation 28 'read' 'sext_ln5247' <Predicate = true> <Delay = 0.00>
ST_1 : Operation 29 [1/1] (0.00ns)   --->   "%sext_ln524_4_cast = sext i62 %sext_ln524_4_read"   --->   Operation 29 'sext' 'sext_ln524_4_cast' <Predicate = true> <Delay = 0.00>
ST_1 : Operation 30 [1/1] (0.00ns)   --->   "%sext_ln524_3_cast = sext i62 %sext_ln524_3_read"   --->   Operation 30 'sext' 'sext_ln524_3_cast' <Predicate = true> <Delay = 0.00>
ST_1 : Operation 31 [1/1] (0.00ns)   --->   "%sext_ln524_2_cast = sext i62 %sext_ln524_2_read"   --->   Operation 31 'sext' 'sext_ln524_2_cast' <Predicate = true> <Delay = 0.00>
ST_1 : Operation 32 [1/1] (0.00ns)   --->   "%specstablecontent_ln0 = specstablecontent void @_ssdm_op_SpecStableContent, i32 %g0, i1 1, void "   --->   Operation 32 'specstablecontent' 'specstablecontent_ln0' <Predicate = true> <Delay = 0.00>
ST_1 : Operation 33 [1/1] (0.00ns)   --->   "%specinterface_ln0 = specinterface void @_ssdm_op_SpecInterface, i32 %g0, void @empty_26, i32 0, i32 0, void @empty_35, i32 0, i32 0, void @empty_22, void @empty_25, void @empty_35, i32 16, i32 16, i32 16, i32 16, void @empty_35, void @empty_35, i32 4294967295, i32 0, i32 0, i32 4"   --->   Operation 33 'specinterface' 'specinterface_ln0' <Predicate = true> <Delay = 0.00>
ST_1 : Operation 34 [1/1] (0.42ns)   --->   "%store_ln0 = store i15 0, i15 %indvar_flatten10"   --->   Operation 34 'store' 'store_ln0' <Predicate = true> <Delay = 0.42>
ST_1 : Operation 35 [1/1] (0.42ns)   --->   "%store_ln524 = store i9 0, i9 %v213" [spikingformer_official.cpp:524]   --->   Operation 35 'store' 'store_ln524' <Predicate = true> <Delay = 0.42>
ST_1 : Operation 36 [1/1] (0.42ns)   --->   "%store_ln0 = store i8 0, i8 %indvar_flatten"   --->   Operation 36 'store' 'store_ln0' <Predicate = true> <Delay = 0.42>
ST_1 : Operation 37 [1/1] (0.42ns)   --->   "%store_ln525 = store i4 0, i4 %v214" [spikingformer_official.cpp:525]   --->   Operation 37 'store' 'store_ln525' <Predicate = true> <Delay = 0.42>
ST_1 : Operation 38 [1/1] (0.42ns)   --->   "%store_ln526 = store i4 0, i4 %v215" [spikingformer_official.cpp:526]   --->   Operation 38 'store' 'store_ln526' <Predicate = true> <Delay = 0.42>
ST_1 : Operation 39 [1/1] (0.00ns)   --->   "%br_ln0 = br void %for.inc"   --->   Operation 39 'br' 'br_ln0' <Predicate = true> <Delay = 0.00>

State 2 <SV = 1> <Delay = 4.27>
ST_2 : Operation 40 [1/1] (0.00ns)   --->   "%indvar_flatten10_load = load i15 %indvar_flatten10" [spikingformer_official.cpp:524]   --->   Operation 40 'load' 'indvar_flatten10_load' <Predicate = true> <Delay = 0.00>
ST_2 : Operation 41 [1/1] (0.84ns)   --->   "%icmp_ln524 = icmp_eq  i15 %indvar_flatten10_load, i15 24576" [spikingformer_official.cpp:524]   --->   Operation 41 'icmp' 'icmp_ln524' <Predicate = true> <Delay = 0.84> <CoreInst = "Cmp">   --->   Core 9 'Cmp' <Latency = 0> <II = 1> <Delay = 0.84> <FuncUnit> <Opcode : 'seteq' 'setne' 'setle' 'setge' 'setlt' 'setgt'> <InPorts = 2> <OutPorts = 1>
ST_2 : Operation 42 [1/1] (0.84ns)   --->   "%add_ln524_1 = add i15 %indvar_flatten10_load, i15 1" [spikingformer_official.cpp:524]   --->   Operation 42 'add' 'add_ln524_1' <Predicate = true> <Delay = 0.84> <CoreInst = "Adder">   --->   Core 1 'Adder' <Latency = 0> <II = 1> <Delay = 0.84> <FuncUnit> <Opcode : 'add' 'sub'> <InPorts = 2> <OutPorts = 1>
ST_2 : Operation 43 [1/1] (0.00ns)   --->   "%br_ln524 = br i1 %icmp_ln524, void %for.inc31, void %for.end33.exitStub" [spikingformer_official.cpp:524]   --->   Operation 43 'br' 'br_ln524' <Predicate = true> <Delay = 0.00>
ST_2 : Operation 44 [1/1] (0.00ns)   --->   "%v215_load = load i4 %v215" [spikingformer_official.cpp:526]   --->   Operation 44 'load' 'v215_load' <Predicate = (!icmp_ln524)> <Delay = 0.00>
ST_2 : Operation 45 [1/1] (0.00ns)   --->   "%v214_load = load i4 %v214" [spikingformer_official.cpp:524]   --->   Operation 45 'load' 'v214_load' <Predicate = (!icmp_ln524)> <Delay = 0.00>
ST_2 : Operation 46 [1/1] (0.00ns)   --->   "%indvar_flatten_load = load i8 %indvar_flatten" [spikingformer_official.cpp:525]   --->   Operation 46 'load' 'indvar_flatten_load' <Predicate = (!icmp_ln524)> <Delay = 0.00>
ST_2 : Operation 47 [1/1] (0.00ns)   --->   "%v213_load = load i9 %v213" [spikingformer_official.cpp:524]   --->   Operation 47 'load' 'v213_load' <Predicate = (!icmp_ln524)> <Delay = 0.00>
ST_2 : Operation 48 [1/1] (0.77ns)   --->   "%add_ln524 = add i9 %v213_load, i9 1" [spikingformer_official.cpp:524]   --->   Operation 48 'add' 'add_ln524' <Predicate = (!icmp_ln524)> <Delay = 0.77> <CoreInst = "Adder">   --->   Core 1 'Adder' <Latency = 0> <II = 1> <Delay = 0.77> <FuncUnit> <Opcode : 'add' 'sub'> <InPorts = 2> <OutPorts = 1>
ST_2 : Operation 49 [1/1] (0.76ns)   --->   "%icmp_ln525 = icmp_eq  i8 %indvar_flatten_load, i8 64" [spikingformer_official.cpp:525]   --->   Operation 49 'icmp' 'icmp_ln525' <Predicate = (!icmp_ln524)> <Delay = 0.76> <CoreInst = "Cmp">   --->   Core 9 'Cmp' <Latency = 0> <II = 1> <Delay = 0.76> <FuncUnit> <Opcode : 'seteq' 'setne' 'setle' 'setge' 'setlt' 'setgt'> <InPorts = 2> <OutPorts = 1>
ST_2 : Operation 50 [1/1] (0.39ns)   --->   "%select_ln524 = select i1 %icmp_ln525, i4 0, i4 %v214_load" [spikingformer_official.cpp:524]   --->   Operation 50 'select' 'select_ln524' <Predicate = (!icmp_ln524)> <Delay = 0.39> <CoreInst = "Sel">   --->   Core 73 'Sel' <Latency = 0> <II = 1> <Delay = 0.39> <FuncUnit> <Opcode : 'select'> <InPorts = 3> <OutPorts = 1>
ST_2 : Operation 51 [1/1] (0.00ns) (grouped into LUT with out node and_ln524)   --->   "%xor_ln524 = xor i1 %icmp_ln525, i1 1" [spikingformer_official.cpp:524]   --->   Operation 51 'xor' 'xor_ln524' <Predicate = (!icmp_ln524)> <Delay = 0.00> <CoreInst = "LogicGate">   --->   Core 74 'LogicGate' <Latency = 0> <II = 1> <Delay = 0.28> <FuncUnit> <Opcode : 'and' 'or' 'xor'> <InPorts = 2> <OutPorts = 1>
ST_2 : Operation 52 [1/1] (0.79ns)   --->   "%icmp_ln526 = icmp_eq  i4 %v215_load, i4 8" [spikingformer_official.cpp:526]   --->   Operation 52 'icmp' 'icmp_ln526' <Predicate = (!icmp_ln524)> <Delay = 0.79> <CoreInst = "Cmp">   --->   Core 9 'Cmp' <Latency = 0> <II = 1> <Delay = 0.79> <FuncUnit> <Opcode : 'seteq' 'setne' 'setle' 'setge' 'setlt' 'setgt'> <InPorts = 2> <OutPorts = 1>
ST_2 : Operation 53 [1/1] (0.28ns) (out node of the LUT)   --->   "%and_ln524 = and i1 %icmp_ln526, i1 %xor_ln524" [spikingformer_official.cpp:524]   --->   Operation 53 'and' 'and_ln524' <Predicate = (!icmp_ln524)> <Delay = 0.28> <CoreInst = "LogicGate">   --->   Core 74 'LogicGate' <Latency = 0> <II = 1> <Delay = 0.28> <FuncUnit> <Opcode : 'and' 'or' 'xor'> <InPorts = 2> <OutPorts = 1>
ST_2 : Operation 54 [1/1] (0.39ns)   --->   "%select_ln524_1 = select i1 %icmp_ln525, i9 %add_ln524, i9 %v213_load" [spikingformer_official.cpp:524]   --->   Operation 54 'select' 'select_ln524_1' <Predicate = (!icmp_ln524)> <Delay = 0.39> <CoreInst = "Sel">   --->   Core 73 'Sel' <Latency = 0> <II = 1> <Delay = 0.39> <FuncUnit> <Opcode : 'select'> <InPorts = 3> <OutPorts = 1>
ST_2 : Operation 55 [1/1] (0.79ns)   --->   "%add_ln525 = add i4 %select_ln524, i4 1" [spikingformer_official.cpp:525]   --->   Operation 55 'add' 'add_ln525' <Predicate = (!icmp_ln524)> <Delay = 0.79> <CoreInst = "Adder">   --->   Core 1 'Adder' <Latency = 0> <II = 1> <Delay = 0.79> <FuncUnit> <Opcode : 'add' 'sub'> <InPorts = 2> <OutPorts = 1>
ST_2 : Operation 56 [1/1] (0.00ns) (grouped into LUT with out node select_ln525)   --->   "%or_ln525 = or i1 %and_ln524, i1 %icmp_ln525" [spikingformer_official.cpp:525]   --->   Operation 56 'or' 'or_ln525' <Predicate = (!icmp_ln524)> <Delay = 0.00> <CoreInst = "LogicGate">   --->   Core 74 'LogicGate' <Latency = 0> <II = 1> <Delay = 0.28> <FuncUnit> <Opcode : 'and' 'or' 'xor'> <InPorts = 2> <OutPorts = 1>
ST_2 : Operation 57 [1/1] (0.39ns) (out node of the LUT)   --->   "%select_ln525 = select i1 %or_ln525, i4 0, i4 %v215_load" [spikingformer_official.cpp:525]   --->   Operation 57 'select' 'select_ln525' <Predicate = (!icmp_ln524)> <Delay = 0.39> <CoreInst = "Sel">   --->   Core 73 'Sel' <Latency = 0> <II = 1> <Delay = 0.39> <FuncUnit> <Opcode : 'select'> <InPorts = 3> <OutPorts = 1>
ST_2 : Operation 58 [1/1] (0.39ns)   --->   "%select_ln525_1 = select i1 %and_ln524, i4 %add_ln525, i4 %select_ln524" [spikingformer_official.cpp:525]   --->   Operation 58 'select' 'select_ln525_1' <Predicate = (!icmp_ln524)> <Delay = 0.39> <CoreInst = "Sel">   --->   Core 73 'Sel' <Latency = 0> <II = 1> <Delay = 0.39> <FuncUnit> <Opcode : 'select'> <InPorts = 3> <OutPorts = 1>
ST_2 : Operation 59 [1/1] (0.00ns)   --->   "%trunc_ln532 = trunc i4 %select_ln525_1" [spikingformer_official.cpp:532]   --->   Operation 59 'trunc' 'trunc_ln532' <Predicate = (!icmp_ln524)> <Delay = 0.00>
ST_2 : Operation 60 [1/1] (0.00ns)   --->   "%shl_ln = bitconcatenate i6 @_ssdm_op_BitConcatenate.i6.i3.i3, i3 %trunc_ln532, i3 0" [spikingformer_official.cpp:532]   --->   Operation 60 'bitconcatenate' 'shl_ln' <Predicate = (!icmp_ln524)> <Delay = 0.00>
ST_2 : Operation 61 [1/1] (0.00ns)   --->   "%zext_ln526 = zext i6 %shl_ln" [spikingformer_official.cpp:526]   --->   Operation 61 'zext' 'zext_ln526' <Predicate = (!icmp_ln524)> <Delay = 0.00>
ST_2 : Operation 62 [1/1] (0.00ns)   --->   "%tmp = bitconcatenate i15 @_ssdm_op_BitConcatenate.i15.i9.i2.i4, i9 %select_ln524_1, i2 0, i4 %select_ln525" [spikingformer_official.cpp:528]   --->   Operation 62 'bitconcatenate' 'tmp' <Predicate = (!icmp_ln524)> <Delay = 0.00>
ST_2 : Operation 63 [1/1] (0.84ns)   --->   "%add_ln528 = add i15 %tmp, i15 %zext_ln526" [spikingformer_official.cpp:528]   --->   Operation 63 'add' 'add_ln528' <Predicate = (!icmp_ln524)> <Delay = 0.84> <CoreInst = "Adder">   --->   Core 1 'Adder' <Latency = 0> <II = 1> <Delay = 0.84> <FuncUnit> <Opcode : 'add' 'sub'> <InPorts = 2> <OutPorts = 1>
ST_2 : Operation 64 [1/1] (0.00ns)   --->   "%zext_ln528 = zext i15 %add_ln528" [spikingformer_official.cpp:528]   --->   Operation 64 'zext' 'zext_ln528' <Predicate = (!icmp_ln524)> <Delay = 0.00>
ST_2 : Operation 65 [1/1] (1.08ns)   --->   "%add_ln531 = add i63 %zext_ln528, i63 %sext_ln524_3_cast" [spikingformer_official.cpp:531]   --->   Operation 65 'add' 'add_ln531' <Predicate = (!icmp_ln524)> <Delay = 1.08> <CoreInst = "Adder">   --->   Core 1 'Adder' <Latency = 0> <II = 1> <Delay = 1.08> <FuncUnit> <Opcode : 'add' 'sub'> <InPorts = 2> <OutPorts = 1>
ST_2 : Operation 66 [1/1] (0.00ns)   --->   "%sext_ln531 = sext i63 %add_ln531" [spikingformer_official.cpp:531]   --->   Operation 66 'sext' 'sext_ln531' <Predicate = (!icmp_ln524)> <Delay = 0.00>
ST_2 : Operation 67 [1/1] (0.00ns)   --->   "%g0_addr_30 = getelementptr i32 %g0, i64 %sext_ln531" [spikingformer_official.cpp:531]   --->   Operation 67 'getelementptr' 'g0_addr_30' <Predicate = (!icmp_ln524)> <Delay = 0.00>
ST_2 : Operation 68 [1/1] (1.08ns)   --->   "%add_ln532 = add i63 %zext_ln528, i63 %sext_ln524_4_cast" [spikingformer_official.cpp:532]   --->   Operation 68 'add' 'add_ln532' <Predicate = (!icmp_ln524)> <Delay = 1.08> <CoreInst = "Adder">   --->   Core 1 'Adder' <Latency = 0> <II = 1> <Delay = 1.08> <FuncUnit> <Opcode : 'add' 'sub'> <InPorts = 2> <OutPorts = 1>
ST_2 : Operation 69 [1/1] (0.00ns)   --->   "%sext_ln532 = sext i63 %add_ln532" [spikingformer_official.cpp:532]   --->   Operation 69 'sext' 'sext_ln532' <Predicate = (!icmp_ln524)> <Delay = 0.00>
ST_2 : Operation 70 [1/1] (0.00ns)   --->   "%g0_addr_31 = getelementptr i32 %g0, i64 %sext_ln532" [spikingformer_official.cpp:532]   --->   Operation 70 'getelementptr' 'g0_addr_31' <Predicate = (!icmp_ln524)> <Delay = 0.00>
ST_2 : Operation 71 [1/1] (0.79ns)   --->   "%add_ln526 = add i4 %select_ln525, i4 1" [spikingformer_official.cpp:526]   --->   Operation 71 'add' 'add_ln526' <Predicate = (!icmp_ln524)> <Delay = 0.79> <CoreInst = "Adder">   --->   Core 1 'Adder' <Latency = 0> <II = 1> <Delay = 0.79> <FuncUnit> <Opcode : 'add' 'sub'> <InPorts = 2> <OutPorts = 1>
ST_2 : Operation 72 [1/1] (0.76ns)   --->   "%add_ln525_1 = add i8 %indvar_flatten_load, i8 1" [spikingformer_official.cpp:525]   --->   Operation 72 'add' 'add_ln525_1' <Predicate = (!icmp_ln524)> <Delay = 0.76> <CoreInst = "Adder">   --->   Core 1 'Adder' <Latency = 0> <II = 1> <Delay = 0.76> <FuncUnit> <Opcode : 'add' 'sub'> <InPorts = 2> <OutPorts = 1>
ST_2 : Operation 73 [1/1] (0.39ns)   --->   "%select_ln525_2 = select i1 %icmp_ln525, i8 1, i8 %add_ln525_1" [spikingformer_official.cpp:525]   --->   Operation 73 'select' 'select_ln525_2' <Predicate = (!icmp_ln524)> <Delay = 0.39> <CoreInst = "Sel">   --->   Core 73 'Sel' <Latency = 0> <II = 1> <Delay = 0.39> <FuncUnit> <Opcode : 'select'> <InPorts = 3> <OutPorts = 1>
ST_2 : Operation 74 [1/1] (0.42ns)   --->   "%store_ln524 = store i15 %add_ln524_1, i15 %indvar_flatten10" [spikingformer_official.cpp:524]   --->   Operation 74 'store' 'store_ln524' <Predicate = (!icmp_ln524)> <Delay = 0.42>
ST_2 : Operation 75 [1/1] (0.42ns)   --->   "%store_ln524 = store i9 %select_ln524_1, i9 %v213" [spikingformer_official.cpp:524]   --->   Operation 75 'store' 'store_ln524' <Predicate = (!icmp_ln524)> <Delay = 0.42>
ST_2 : Operation 76 [1/1] (0.42ns)   --->   "%store_ln525 = store i8 %select_ln525_2, i8 %indvar_flatten" [spikingformer_official.cpp:525]   --->   Operation 76 'store' 'store_ln525' <Predicate = (!icmp_ln524)> <Delay = 0.42>
ST_2 : Operation 77 [1/1] (0.42ns)   --->   "%store_ln525 = store i4 %select_ln525_1, i4 %v214" [spikingformer_official.cpp:525]   --->   Operation 77 'store' 'store_ln525' <Predicate = (!icmp_ln524)> <Delay = 0.42>
ST_2 : Operation 78 [1/1] (0.42ns)   --->   "%store_ln526 = store i4 %add_ln526, i4 %v215" [spikingformer_official.cpp:526]   --->   Operation 78 'store' 'store_ln526' <Predicate = (!icmp_ln524)> <Delay = 0.42>

State 3 <SV = 2> <Delay = 0.00>
ST_3 : Operation 79 [8/8] (7.30ns)   --->   "%g0_load_req = readreq i1 @_ssdm_op_ReadReq.m_axi.i32P1A, i32 %g0_addr_30, i64 1" [spikingformer_official.cpp:531]   --->   Operation 79 'readreq' 'g0_load_req' <Predicate = (!icmp_ln524)> <Delay = 7.30> <CoreInst = "m_axi">   --->   Core 119 'm_axi' <Latency = 6> <II = 1> <Delay = 1.00> <Adapter> <Opcode : 'readrequnaligned' 'writerequnaligned' 'read' 'write' 'readreq' 'writereq' 'writeresp'>

State 4 <SV = 3> <Delay = 0.00>
ST_4 : Operation 80 [7/8] (7.30ns)   --->   "%g0_load_req = readreq i1 @_ssdm_op_ReadReq.m_axi.i32P1A, i32 %g0_addr_30, i64 1" [spikingformer_official.cpp:531]   --->   Operation 80 'readreq' 'g0_load_req' <Predicate = true> <Delay = 7.30> <CoreInst = "m_axi">   --->   Core 119 'm_axi' <Latency = 6> <II = 1> <Delay = 1.00> <Adapter> <Opcode : 'readrequnaligned' 'writerequnaligned' 'read' 'write' 'readreq' 'writereq' 'writeresp'>
ST_4 : Operation 81 [8/8] (7.30ns)   --->   "%g0_load_17_req = readreq i1 @_ssdm_op_ReadReq.m_axi.i32P1A, i32 %g0_addr_31, i64 1" [spikingformer_official.cpp:532]   --->   Operation 81 'readreq' 'g0_load_17_req' <Predicate = true> <Delay = 7.30> <CoreInst = "m_axi">   --->   Core 119 'm_axi' <Latency = 6> <II = 1> <Delay = 1.00> <Adapter> <Opcode : 'readrequnaligned' 'writerequnaligned' 'read' 'write' 'readreq' 'writereq' 'writeresp'>

State 5 <SV = 4> <Delay = 0.00>
ST_5 : Operation 82 [6/8] (7.30ns)   --->   "%g0_load_req = readreq i1 @_ssdm_op_ReadReq.m_axi.i32P1A, i32 %g0_addr_30, i64 1" [spikingformer_official.cpp:531]   --->   Operation 82 'readreq' 'g0_load_req' <Predicate = true> <Delay = 7.30> <CoreInst = "m_axi">   --->   Core 119 'm_axi' <Latency = 6> <II = 1> <Delay = 1.00> <Adapter> <Opcode : 'readrequnaligned' 'writerequnaligned' 'read' 'write' 'readreq' 'writereq' 'writeresp'>
ST_5 : Operation 83 [7/8] (7.30ns)   --->   "%g0_load_17_req = readreq i1 @_ssdm_op_ReadReq.m_axi.i32P1A, i32 %g0_addr_31, i64 1" [spikingformer_official.cpp:532]   --->   Operation 83 'readreq' 'g0_load_17_req' <Predicate = true> <Delay = 7.30> <CoreInst = "m_axi">   --->   Core 119 'm_axi' <Latency = 6> <II = 1> <Delay = 1.00> <Adapter> <Opcode : 'readrequnaligned' 'writerequnaligned' 'read' 'write' 'readreq' 'writereq' 'writeresp'>

State 6 <SV = 5> <Delay = 0.00>
ST_6 : Operation 84 [5/8] (7.30ns)   --->   "%g0_load_req = readreq i1 @_ssdm_op_ReadReq.m_axi.i32P1A, i32 %g0_addr_30, i64 1" [spikingformer_official.cpp:531]   --->   Operation 84 'readreq' 'g0_load_req' <Predicate = true> <Delay = 7.30> <CoreInst = "m_axi">   --->   Core 119 'm_axi' <Latency = 6> <II = 1> <Delay = 1.00> <Adapter> <Opcode : 'readrequnaligned' 'writerequnaligned' 'read' 'write' 'readreq' 'writereq' 'writeresp'>
ST_6 : Operation 85 [6/8] (7.30ns)   --->   "%g0_load_17_req = readreq i1 @_ssdm_op_ReadReq.m_axi.i32P1A, i32 %g0_addr_31, i64 1" [spikingformer_official.cpp:532]   --->   Operation 85 'readreq' 'g0_load_17_req' <Predicate = true> <Delay = 7.30> <CoreInst = "m_axi">   --->   Core 119 'm_axi' <Latency = 6> <II = 1> <Delay = 1.00> <Adapter> <Opcode : 'readrequnaligned' 'writerequnaligned' 'read' 'write' 'readreq' 'writereq' 'writeresp'>

State 7 <SV = 6> <Delay = 0.00>
ST_7 : Operation 86 [4/8] (7.30ns)   --->   "%g0_load_req = readreq i1 @_ssdm_op_ReadReq.m_axi.i32P1A, i32 %g0_addr_30, i64 1" [spikingformer_official.cpp:531]   --->   Operation 86 'readreq' 'g0_load_req' <Predicate = true> <Delay = 7.30> <CoreInst = "m_axi">   --->   Core 119 'm_axi' <Latency = 6> <II = 1> <Delay = 1.00> <Adapter> <Opcode : 'readrequnaligned' 'writerequnaligned' 'read' 'write' 'readreq' 'writereq' 'writeresp'>
ST_7 : Operation 87 [5/8] (7.30ns)   --->   "%g0_load_17_req = readreq i1 @_ssdm_op_ReadReq.m_axi.i32P1A, i32 %g0_addr_31, i64 1" [spikingformer_official.cpp:532]   --->   Operation 87 'readreq' 'g0_load_17_req' <Predicate = true> <Delay = 7.30> <CoreInst = "m_axi">   --->   Core 119 'm_axi' <Latency = 6> <II = 1> <Delay = 1.00> <Adapter> <Opcode : 'readrequnaligned' 'writerequnaligned' 'read' 'write' 'readreq' 'writereq' 'writeresp'>

State 8 <SV = 7> <Delay = 0.00>
ST_8 : Operation 88 [3/8] (7.30ns)   --->   "%g0_load_req = readreq i1 @_ssdm_op_ReadReq.m_axi.i32P1A, i32 %g0_addr_30, i64 1" [spikingformer_official.cpp:531]   --->   Operation 88 'readreq' 'g0_load_req' <Predicate = true> <Delay = 7.30> <CoreInst = "m_axi">   --->   Core 119 'm_axi' <Latency = 6> <II = 1> <Delay = 1.00> <Adapter> <Opcode : 'readrequnaligned' 'writerequnaligned' 'read' 'write' 'readreq' 'writereq' 'writeresp'>
ST_8 : Operation 89 [4/8] (7.30ns)   --->   "%g0_load_17_req = readreq i1 @_ssdm_op_ReadReq.m_axi.i32P1A, i32 %g0_addr_31, i64 1" [spikingformer_official.cpp:532]   --->   Operation 89 'readreq' 'g0_load_17_req' <Predicate = true> <Delay = 7.30> <CoreInst = "m_axi">   --->   Core 119 'm_axi' <Latency = 6> <II = 1> <Delay = 1.00> <Adapter> <Opcode : 'readrequnaligned' 'writerequnaligned' 'read' 'write' 'readreq' 'writereq' 'writeresp'>

State 9 <SV = 8> <Delay = 0.00>
ST_9 : Operation 90 [2/8] (7.30ns)   --->   "%g0_load_req = readreq i1 @_ssdm_op_ReadReq.m_axi.i32P1A, i32 %g0_addr_30, i64 1" [spikingformer_official.cpp:531]   --->   Operation 90 'readreq' 'g0_load_req' <Predicate = true> <Delay = 7.30> <CoreInst = "m_axi">   --->   Core 119 'm_axi' <Latency = 6> <II = 1> <Delay = 1.00> <Adapter> <Opcode : 'readrequnaligned' 'writerequnaligned' 'read' 'write' 'readreq' 'writereq' 'writeresp'>
ST_9 : Operation 91 [3/8] (7.30ns)   --->   "%g0_load_17_req = readreq i1 @_ssdm_op_ReadReq.m_axi.i32P1A, i32 %g0_addr_31, i64 1" [spikingformer_official.cpp:532]   --->   Operation 91 'readreq' 'g0_load_17_req' <Predicate = true> <Delay = 7.30> <CoreInst = "m_axi">   --->   Core 119 'm_axi' <Latency = 6> <II = 1> <Delay = 1.00> <Adapter> <Opcode : 'readrequnaligned' 'writerequnaligned' 'read' 'write' 'readreq' 'writereq' 'writeresp'>

State 10 <SV = 9> <Delay = 7.30>
ST_10 : Operation 92 [1/8] ( I:7.30ns O:7.30ns )   --->   "%g0_load_req = readreq i1 @_ssdm_op_ReadReq.m_axi.i32P1A, i32 %g0_addr_30, i64 1" [spikingformer_official.cpp:531]   --->   Operation 92 'readreq' 'g0_load_req' <Predicate = true> <Delay = 7.30> <CoreInst = "m_axi">   --->   Core 119 'm_axi' <Latency = 6> <II = 1> <Delay = 1.00> <Adapter> <Opcode : 'readrequnaligned' 'writerequnaligned' 'read' 'write' 'readreq' 'writereq' 'writeresp'>
ST_10 : Operation 93 [2/8] (7.30ns)   --->   "%g0_load_17_req = readreq i1 @_ssdm_op_ReadReq.m_axi.i32P1A, i32 %g0_addr_31, i64 1" [spikingformer_official.cpp:532]   --->   Operation 93 'readreq' 'g0_load_17_req' <Predicate = true> <Delay = 7.30> <CoreInst = "m_axi">   --->   Core 119 'm_axi' <Latency = 6> <II = 1> <Delay = 1.00> <Adapter> <Opcode : 'readrequnaligned' 'writerequnaligned' 'read' 'write' 'readreq' 'writereq' 'writeresp'>

State 11 <SV = 10> <Delay = 7.30>
ST_11 : Operation 94 [1/1] ( I:7.30ns O:7.30ns )   --->   "%g0_addr_30_read = read i32 @_ssdm_op_Read.m_axi.i32P1A, i32 %g0_addr_30" [spikingformer_official.cpp:531]   --->   Operation 94 'read' 'g0_addr_30_read' <Predicate = true> <Delay = 7.30> <CoreInst = "m_axi">   --->   Core 119 'm_axi' <Latency = 3> <II = 1> <Delay = 1.00> <Adapter> <Opcode : 'readrequnaligned' 'writerequnaligned' 'read' 'write' 'readreq' 'writereq' 'writeresp'>
ST_11 : Operation 95 [1/8] ( I:7.30ns O:7.30ns )   --->   "%g0_load_17_req = readreq i1 @_ssdm_op_ReadReq.m_axi.i32P1A, i32 %g0_addr_31, i64 1" [spikingformer_official.cpp:532]   --->   Operation 95 'readreq' 'g0_load_17_req' <Predicate = true> <Delay = 7.30> <CoreInst = "m_axi">   --->   Core 119 'm_axi' <Latency = 6> <II = 1> <Delay = 1.00> <Adapter> <Opcode : 'readrequnaligned' 'writerequnaligned' 'read' 'write' 'readreq' 'writereq' 'writeresp'>

State 12 <SV = 11> <Delay = 7.30>
ST_12 : Operation 96 [1/1] ( I:7.30ns O:7.30ns )   --->   "%g0_addr_31_read = read i32 @_ssdm_op_Read.m_axi.i32P1A, i32 %g0_addr_31" [spikingformer_official.cpp:532]   --->   Operation 96 'read' 'g0_addr_31_read' <Predicate = true> <Delay = 7.30> <CoreInst = "m_axi">   --->   Core 119 'm_axi' <Latency = 3> <II = 1> <Delay = 1.00> <Adapter> <Opcode : 'readrequnaligned' 'writerequnaligned' 'read' 'write' 'readreq' 'writereq' 'writeresp'>

State 13 <SV = 12> <Delay = 6.43>
ST_13 : Operation 97 [1/1] (0.00ns)   --->   "%v216 = bitcast i32 %g0_addr_30_read" [spikingformer_official.cpp:531]   --->   Operation 97 'bitcast' 'v216' <Predicate = true> <Delay = 0.00>
ST_13 : Operation 98 [1/1] (0.00ns)   --->   "%v217 = bitcast i32 %g0_addr_31_read" [spikingformer_official.cpp:532]   --->   Operation 98 'bitcast' 'v217' <Predicate = true> <Delay = 0.00>
ST_13 : Operation 99 [4/4] (6.43ns)   --->   "%v218 = fadd i32 %v216, i32 %v217" [spikingformer_official.cpp:533]   --->   Operation 99 'fadd' 'v218' <Predicate = true> <Delay = 6.43> <CoreInst = "FAddSub_fulldsp">   --->   Core 18 'FAddSub_fulldsp' <Latency = 3> <II = 1> <Delay = 6.43> <FuncUnit> <Opcode : 'fadd' 'fsub'> <InPorts = 2> <OutPorts = 1>

State 14 <SV = 13> <Delay = 6.43>
ST_14 : Operation 100 [3/4] (6.43ns)   --->   "%v218 = fadd i32 %v216, i32 %v217" [spikingformer_official.cpp:533]   --->   Operation 100 'fadd' 'v218' <Predicate = true> <Delay = 6.43> <CoreInst = "FAddSub_fulldsp">   --->   Core 18 'FAddSub_fulldsp' <Latency = 3> <II = 1> <Delay = 6.43> <FuncUnit> <Opcode : 'fadd' 'fsub'> <InPorts = 2> <OutPorts = 1>

State 15 <SV = 14> <Delay = 6.43>
ST_15 : Operation 101 [2/4] (6.43ns)   --->   "%v218 = fadd i32 %v216, i32 %v217" [spikingformer_official.cpp:533]   --->   Operation 101 'fadd' 'v218' <Predicate = true> <Delay = 6.43> <CoreInst = "FAddSub_fulldsp">   --->   Core 18 'FAddSub_fulldsp' <Latency = 3> <II = 1> <Delay = 6.43> <FuncUnit> <Opcode : 'fadd' 'fsub'> <InPorts = 2> <OutPorts = 1>
ST_15 : Operation 110 [1/1] (0.42ns)   --->   "%ret_ln0 = ret"   --->   Operation 110 'ret' 'ret_ln0' <Predicate = (icmp_ln524)> <Delay = 0.42>

State 16 <SV = 15> <Delay = 6.43>
ST_16 : Operation 102 [1/4] (6.43ns)   --->   "%v218 = fadd i32 %v216, i32 %v217" [spikingformer_official.cpp:533]   --->   Operation 102 'fadd' 'v218' <Predicate = true> <Delay = 6.43> <CoreInst = "FAddSub_fulldsp">   --->   Core 18 'FAddSub_fulldsp' <Latency = 3> <II = 1> <Delay = 6.43> <FuncUnit> <Opcode : 'fadd' 'fsub'> <InPorts = 2> <OutPorts = 1>

State 17 <SV = 16> <Delay = 7.30>
ST_17 : Operation 103 [1/1] (0.00ns)   --->   "%g0_addr = getelementptr i32 %g0, i64 %sext_ln524_2_cast" [spikingformer_official.cpp:524]   --->   Operation 103 'getelementptr' 'g0_addr' <Predicate = true> <Delay = 0.00>
ST_17 : Operation 104 [1/1] (0.00ns)   --->   "%specloopname_ln0 = specloopname void @_ssdm_op_SpecLoopName, void @VITIS_LOOP_524_1_VITIS_LOOP_525_2_VITIS_LOOP_526_3_str"   --->   Operation 104 'specloopname' 'specloopname_ln0' <Predicate = true> <Delay = 0.00>
ST_17 : Operation 105 [1/1] (0.00ns)   --->   "%speclooptripcount_ln0 = speclooptripcount void @_ssdm_op_SpecLoopTripCount, i64 24576, i64 24576, i64 24576"   --->   Operation 105 'speclooptripcount' 'speclooptripcount_ln0' <Predicate = true> <Delay = 0.00>
ST_17 : Operation 106 [1/1] (0.00ns)   --->   "%specpipeline_ln527 = specpipeline void @_ssdm_op_SpecPipeline, i32 1, i32 0, i32 0, i32 0, i32 4294967295, void @empty_35" [spikingformer_official.cpp:527]   --->   Operation 106 'specpipeline' 'specpipeline_ln527' <Predicate = true> <Delay = 0.00>
ST_17 : Operation 107 [1/1] (0.00ns)   --->   "%bitcast_ln534 = bitcast i32 %v218" [spikingformer_official.cpp:534]   --->   Operation 107 'bitcast' 'bitcast_ln534' <Predicate = true> <Delay = 0.00>
ST_17 : Operation 108 [1/1] ( I:7.30ns O:7.30ns )   --->   "%write_ln534 = write void @_ssdm_op_Write.m_axi.p1i32.i32, i32 %g0_addr, i32 %bitcast_ln534, i4 15" [spikingformer_official.cpp:534]   --->   Operation 108 'write' 'write_ln534' <Predicate = true> <Delay = 7.30> <CoreInst = "m_axi">   --->   Core 119 'm_axi' <Latency = 5> <II = 1> <Delay = 1.00> <Adapter> <Opcode : 'readrequnaligned' 'writerequnaligned' 'read' 'write' 'readreq' 'writereq' 'writeresp'>
ST_17 : Operation 109 [1/1] (0.00ns)   --->   "%br_ln526 = br void %for.inc" [spikingformer_official.cpp:526]   --->   Operation 109 'br' 'br_ln526' <Predicate = true> <Delay = 0.00>


============================================================
+ Verbose Summary: Binding
============================================================
STG Binding: 
---------------- STG Properties BEGIN ----------------
- Is combinational: 0
- Is one-state seq: 0
- Is datapath-only: 0
- Is pipelined: 0
- Is top level: 0
Port [ Return ] is wired: 1; IO mode=ap_ctrl_hs:ce=0
Port [ g0]:  wired=1; compound=1; hidden=0; nouse=0; global=0; static=0; extern=0; dir=2; type=4; pingpong=0; private_global=0; IO mode=m_axi:ce=0
Port [ sext_ln524]:  wired=1; compound=0; hidden=0; nouse=0; global=0; static=0; extern=0; dir=0; type=0; pingpong=0; private_global=0; IO mode=ap_none:ce=0
Port [ sext_ln524_2]:  wired=1; compound=0; hidden=0; nouse=0; global=0; static=0; extern=0; dir=0; type=0; pingpong=0; private_global=0; IO mode=ap_none:ce=0
Port [ sext_ln524_1]:  wired=1; compound=0; hidden=0; nouse=0; global=0; static=0; extern=0; dir=0; type=0; pingpong=0; private_global=0; IO mode=ap_none:ce=0
Port [ sext_ln524_3]:  wired=1; compound=0; hidden=0; nouse=0; global=0; static=0; extern=0; dir=0; type=0; pingpong=0; private_global=0; IO mode=ap_none:ce=0
Port [ sext_ln524_4]:  wired=1; compound=0; hidden=0; nouse=0; global=0; static=0; extern=0; dir=0; type=0; pingpong=0; private_global=0; IO mode=ap_none:ce=0
---------------- STG Properties END ------------------

---------------- Datapath Model BEGIN ----------------

<LifeTime>
<method=bitvector/>
v215                  (alloca           ) [ 011000000000000000]
v214                  (alloca           ) [ 011000000000000000]
indvar_flatten        (alloca           ) [ 011000000000000000]
v213                  (alloca           ) [ 011000000000000000]
indvar_flatten10      (alloca           ) [ 011000000000000000]
sext_ln524_4_read     (read             ) [ 000000000000000000]
sext_ln524_3_read     (read             ) [ 000000000000000000]
sext_ln524_19         (read             ) [ 000000000000000000]
sext_ln524_2_read     (read             ) [ 000000000000000000]
sext_ln5247           (read             ) [ 000000000000000000]
sext_ln524_4_cast     (sext             ) [ 001000000000000000]
sext_ln524_3_cast     (sext             ) [ 001000000000000000]
sext_ln524_2_cast     (sext             ) [ 011111111111111111]
specstablecontent_ln0 (specstablecontent) [ 000000000000000000]
specinterface_ln0     (specinterface    ) [ 000000000000000000]
store_ln0             (store            ) [ 000000000000000000]
store_ln524           (store            ) [ 000000000000000000]
store_ln0             (store            ) [ 000000000000000000]
store_ln525           (store            ) [ 000000000000000000]
store_ln526           (store            ) [ 000000000000000000]
br_ln0                (br               ) [ 000000000000000000]
indvar_flatten10_load (load             ) [ 000000000000000000]
icmp_ln524            (icmp             ) [ 011111111111111100]
add_ln524_1           (add              ) [ 000000000000000000]
br_ln524              (br               ) [ 000000000000000000]
v215_load             (load             ) [ 000000000000000000]
v214_load             (load             ) [ 000000000000000000]
indvar_flatten_load   (load             ) [ 000000000000000000]
v213_load             (load             ) [ 000000000000000000]
add_ln524             (add              ) [ 000000000000000000]
icmp_ln525            (icmp             ) [ 000000000000000000]
select_ln524          (select           ) [ 000000000000000000]
xor_ln524             (xor              ) [ 000000000000000000]
icmp_ln526            (icmp             ) [ 000000000000000000]
and_ln524             (and              ) [ 000000000000000000]
select_ln524_1        (select           ) [ 000000000000000000]
add_ln525             (add              ) [ 000000000000000000]
or_ln525              (or               ) [ 000000000000000000]
select_ln525          (select           ) [ 000000000000000000]
select_ln525_1        (select           ) [ 000000000000000000]
trunc_ln532           (trunc            ) [ 000000000000000000]
shl_ln                (bitconcatenate   ) [ 000000000000000000]
zext_ln526            (zext             ) [ 000000000000000000]
tmp                   (bitconcatenate   ) [ 000000000000000000]
add_ln528             (add              ) [ 000000000000000000]
zext_ln528            (zext             ) [ 000000000000000000]
add_ln531             (add              ) [ 000000000000000000]
sext_ln531            (sext             ) [ 000000000000000000]
g0_addr_30            (getelementptr    ) [ 011111111111000000]
add_ln532             (add              ) [ 000000000000000000]
sext_ln532            (sext             ) [ 000000000000000000]
g0_addr_31            (getelementptr    ) [ 011111111111100000]
add_ln526             (add              ) [ 000000000000000000]
add_ln525_1           (add              ) [ 000000000000000000]
select_ln525_2        (select           ) [ 000000000000000000]
store_ln524           (store            ) [ 000000000000000000]
store_ln524           (store            ) [ 000000000000000000]
store_ln525           (store            ) [ 000000000000000000]
store_ln525           (store            ) [ 000000000000000000]
store_ln526           (store            ) [ 000000000000000000]
g0_load_req           (readreq          ) [ 000000000000000000]
g0_addr_30_read       (read             ) [ 011000000000110000]
g0_load_17_req        (readreq          ) [ 000000000000000000]
g0_addr_31_read       (read             ) [ 010000000000010000]
v216                  (bitcast          ) [ 011000000000001110]
v217                  (bitcast          ) [ 011000000000001110]
v218                  (fadd             ) [ 010000000000000001]
g0_addr               (getelementptr    ) [ 000000000000000000]
specloopname_ln0      (specloopname     ) [ 000000000000000000]
speclooptripcount_ln0 (speclooptripcount) [ 000000000000000000]
specpipeline_ln527    (specpipeline     ) [ 000000000000000000]
bitcast_ln534         (bitcast          ) [ 000000000000000000]
write_ln534           (write            ) [ 000000000000000000]
br_ln526              (br               ) [ 000000000000000000]
ret_ln0               (ret              ) [ 000000000000000000]
</LifeTime>

<model>

<comp_list>
<comp id="0" class="1000" name="g0">
<pin_list>
<pin id="1" dir="1" index="0" bw="1" slack="0"/>
</pin_list>
<bind>
<StgValue><ssdm name="g0"/><MemPortTyVec>2 </MemPortTyVec>
</StgValue>
</bind>
</comp>

<comp id="2" class="1000" name="sext_ln524">
<pin_list>
<pin id="3" dir="1" index="0" bw="1" slack="0"/>
</pin_list>
<bind>
<StgValue><ssdm name="sext_ln524"/></StgValue>
</bind>
</comp>

<comp id="4" class="1000" name="sext_ln524_2">
<pin_list>
<pin id="5" dir="1" index="0" bw="1" slack="0"/>
</pin_list>
<bind>
<StgValue><ssdm name="sext_ln524_2"/></StgValue>
</bind>
</comp>

<comp id="6" class="1000" name="sext_ln524_1">
<pin_list>
<pin id="7" dir="1" index="0" bw="1" slack="0"/>
</pin_list>
<bind>
<StgValue><ssdm name="sext_ln524_1"/></StgValue>
</bind>
</comp>

<comp id="8" class="1000" name="sext_ln524_3">
<pin_list>
<pin id="9" dir="1" index="0" bw="1" slack="0"/>
</pin_list>
<bind>
<StgValue><ssdm name="sext_ln524_3"/></StgValue>
</bind>
</comp>

<comp id="10" class="1000" name="sext_ln524_4">
<pin_list>
<pin id="11" dir="1" index="0" bw="1" slack="0"/>
</pin_list>
<bind>
<StgValue><ssdm name="sext_ln524_4"/></StgValue>
</bind>
</comp>

<comp id="12" class="1001" name="const_12">
<pin_list>
<pin id="13" dir="1" index="0" bw="1" slack="0"/>
</pin_list>
<bind>
<StgValue><ssdm name=""/></StgValue>
</bind>
</comp>

<comp id="14" class="1001" name="const_14">
<pin_list>
<pin id="15" dir="1" index="0" bw="1" slack="0"/>
</pin_list>
<bind>
<StgValue><ssdm name="_ssdm_op_Read.ap_auto.i62"/></StgValue>
</bind>
</comp>

<comp id="16" class="1001" name="const_16">
<pin_list>
<pin id="17" dir="1" index="0" bw="1" slack="2147483647"/>
</pin_list>
<bind>
<StgValue><ssdm name="_ssdm_op_SpecStableContent"/></StgValue>
</bind>
</comp>

<comp id="18" class="1001" name="const_18">
<pin_list>
<pin id="19" dir="1" index="0" bw="1" slack="0"/>
</pin_list>
<bind>
<StgValue><ssdm name=""/></StgValue>
</bind>
</comp>

<comp id="20" class="1001" name="const_20">
<pin_list>
<pin id="21" dir="1" index="0" bw="1" slack="2147483647"/>
</pin_list>
<bind>
<StgValue><ssdm name=""/></StgValue>
</bind>
</comp>

<comp id="22" class="1001" name="const_22">
<pin_list>
<pin id="23" dir="1" index="0" bw="1" slack="2147483647"/>
</pin_list>
<bind>
<StgValue><ssdm name="_ssdm_op_SpecInterface"/></StgValue>
</bind>
</comp>

<comp id="24" class="1001" name="const_24">
<pin_list>
<pin id="25" dir="1" index="0" bw="1" slack="2147483647"/>
</pin_list>
<bind>
<StgValue><ssdm name="empty_26"/></StgValue>
</bind>
</comp>

<comp id="26" class="1001" name="const_26">
<pin_list>
<pin id="27" dir="1" index="0" bw="1" slack="2147483647"/>
</pin_list>
<bind>
<StgValue><ssdm name=""/></StgValue>
</bind>
</comp>

<comp id="28" class="1001" name="const_28">
<pin_list>
<pin id="29" dir="1" index="0" bw="1" slack="2147483647"/>
</pin_list>
<bind>
<StgValue><ssdm name="empty_35"/></StgValue>
</bind>
</comp>

<comp id="30" class="1001" name="const_30">
<pin_list>
<pin id="31" dir="1" index="0" bw="1" slack="2147483647"/>
</pin_list>
<bind>
<StgValue><ssdm name="empty_22"/></StgValue>
</bind>
</comp>

<comp id="32" class="1001" name="const_32">
<pin_list>
<pin id="33" dir="1" index="0" bw="1" slack="2147483647"/>
</pin_list>
<bind>
<StgValue><ssdm name="empty_25"/></StgValue>
</bind>
</comp>

<comp id="34" class="1001" name="const_34">
<pin_list>
<pin id="35" dir="1" index="0" bw="1" slack="2147483647"/>
</pin_list>
<bind>
<StgValue><ssdm name=""/></StgValue>
</bind>
</comp>

<comp id="36" class="1001" name="const_36">
<pin_list>
<pin id="37" dir="1" index="0" bw="1" slack="2147483647"/>
</pin_list>
<bind>
<StgValue><ssdm name=""/></StgValue>
</bind>
</comp>

<comp id="38" class="1001" name="const_38">
<pin_list>
<pin id="39" dir="1" index="0" bw="1" slack="2147483647"/>
</pin_list>
<bind>
<StgValue><ssdm name=""/></StgValue>
</bind>
</comp>

<comp id="40" class="1001" name="const_40">
<pin_list>
<pin id="41" dir="1" index="0" bw="1" slack="0"/>
</pin_list>
<bind>
<StgValue><ssdm name=""/></StgValue>
</bind>
</comp>

<comp id="42" class="1001" name="const_42">
<pin_list>
<pin id="43" dir="1" index="0" bw="1" slack="0"/>
</pin_list>
<bind>
<StgValue><ssdm name=""/></StgValue>
</bind>
</comp>

<comp id="44" class="1001" name="const_44">
<pin_list>
<pin id="45" dir="1" index="0" bw="1" slack="0"/>
</pin_list>
<bind>
<StgValue><ssdm name=""/></StgValue>
</bind>
</comp>

<comp id="46" class="1001" name="const_46">
<pin_list>
<pin id="47" dir="1" index="0" bw="1" slack="0"/>
</pin_list>
<bind>
<StgValue><ssdm name=""/></StgValue>
</bind>
</comp>

<comp id="48" class="1001" name="const_48">
<pin_list>
<pin id="49" dir="1" index="0" bw="1" slack="0"/>
</pin_list>
<bind>
<StgValue><ssdm name=""/></StgValue>
</bind>
</comp>

<comp id="50" class="1001" name="const_50">
<pin_list>
<pin id="51" dir="1" index="0" bw="1" slack="0"/>
</pin_list>
<bind>
<StgValue><ssdm name=""/></StgValue>
</bind>
</comp>

<comp id="52" class="1001" name="const_52">
<pin_list>
<pin id="53" dir="1" index="0" bw="1" slack="0"/>
</pin_list>
<bind>
<StgValue><ssdm name=""/></StgValue>
</bind>
</comp>

<comp id="54" class="1001" name="const_54">
<pin_list>
<pin id="55" dir="1" index="0" bw="1" slack="0"/>
</pin_list>
<bind>
<StgValue><ssdm name=""/></StgValue>
</bind>
</comp>

<comp id="56" class="1001" name="const_56">
<pin_list>
<pin id="57" dir="1" index="0" bw="1" slack="0"/>
</pin_list>
<bind>
<StgValue><ssdm name=""/></StgValue>
</bind>
</comp>

<comp id="58" class="1001" name="const_58">
<pin_list>
<pin id="59" dir="1" index="0" bw="1" slack="0"/>
</pin_list>
<bind>
<StgValue><ssdm name=""/></StgValue>
</bind>
</comp>

<comp id="60" class="1001" name="const_60">
<pin_list>
<pin id="61" dir="1" index="0" bw="1" slack="0"/>
</pin_list>
<bind>
<StgValue><ssdm name="_ssdm_op_BitConcatenate.i6.i3.i3"/></StgValue>
</bind>
</comp>

<comp id="62" class="1001" name="const_62">
<pin_list>
<pin id="63" dir="1" index="0" bw="1" slack="0"/>
</pin_list>
<bind>
<StgValue><ssdm name=""/></StgValue>
</bind>
</comp>

<comp id="64" class="1001" name="const_64">
<pin_list>
<pin id="65" dir="1" index="0" bw="1" slack="0"/>
</pin_list>
<bind>
<StgValue><ssdm name="_ssdm_op_BitConcatenate.i15.i9.i2.i4"/></StgValue>
</bind>
</comp>

<comp id="66" class="1001" name="const_66">
<pin_list>
<pin id="67" dir="1" index="0" bw="1" slack="0"/>
</pin_list>
<bind>
<StgValue><ssdm name=""/></StgValue>
</bind>
</comp>

<comp id="68" class="1001" name="const_68">
<pin_list>
<pin id="69" dir="1" index="0" bw="1" slack="0"/>
</pin_list>
<bind>
<StgValue><ssdm name=""/></StgValue>
</bind>
</comp>

<comp id="70" class="1001" name="const_70">
<pin_list>
<pin id="71" dir="1" index="0" bw="1" slack="0"/>
</pin_list>
<bind>
<StgValue><ssdm name="_ssdm_op_ReadReq.m_axi.i32P1A"/></StgValue>
</bind>
</comp>

<comp id="72" class="1001" name="const_72">
<pin_list>
<pin id="73" dir="1" index="0" bw="1" slack="0"/>
</pin_list>
<bind>
<StgValue><ssdm name=""/></StgValue>
</bind>
</comp>

<comp id="74" class="1001" name="const_74">
<pin_list>
<pin id="75" dir="1" index="0" bw="1" slack="0"/>
</pin_list>
<bind>
<StgValue><ssdm name="_ssdm_op_Read.m_axi.i32P1A"/></StgValue>
</bind>
</comp>

<comp id="76" class="1001" name="const_76">
<pin_list>
<pin id="77" dir="1" index="0" bw="1" slack="2147483647"/>
</pin_list>
<bind>
<StgValue><ssdm name="_ssdm_op_SpecLoopName"/></StgValue>
</bind>
</comp>

<comp id="78" class="1001" name="const_78">
<pin_list>
<pin id="79" dir="1" index="0" bw="1" slack="2147483647"/>
</pin_list>
<bind>
<StgValue><ssdm name="VITIS_LOOP_524_1_VITIS_LOOP_525_2_VITIS_LOOP_526_3_str"/></StgValue>
</bind>
</comp>

<comp id="80" class="1001" name="const_80">
<pin_list>
<pin id="81" dir="1" index="0" bw="1" slack="2147483647"/>
</pin_list>
<bind>
<StgValue><ssdm name="_ssdm_op_SpecLoopTripCount"/></StgValue>
</bind>
</comp>

<comp id="82" class="1001" name="const_82">
<pin_list>
<pin id="83" dir="1" index="0" bw="1" slack="2147483647"/>
</pin_list>
<bind>
<StgValue><ssdm name=""/></StgValue>
</bind>
</comp>

<comp id="84" class="1001" name="const_84">
<pin_list>
<pin id="85" dir="1" index="0" bw="1" slack="2147483647"/>
</pin_list>
<bind>
<StgValue><ssdm name="_ssdm_op_SpecPipeline"/></StgValue>
</bind>
</comp>

<comp id="86" class="1001" name="const_86">
<pin_list>
<pin id="87" dir="1" index="0" bw="1" slack="0"/>
</pin_list>
<bind>
<StgValue><ssdm name="_ssdm_op_Write.m_axi.p1i32.i32"/></StgValue>
</bind>
</comp>

<comp id="88" class="1001" name="const_88">
<pin_list>
<pin id="89" dir="1" index="0" bw="1" slack="0"/>
</pin_list>
<bind>
<StgValue><ssdm name=""/></StgValue>
</bind>
</comp>

<comp id="90" class="1004" name="v215_fu_90">
<pin_list>
<pin id="91" dir="0" index="0" bw="1" slack="0"/>
<pin id="92" dir="1" index="1" bw="4" slack="0"/>
</pin_list>
<bind>
<opcode="alloca(26) " fcode="alloca"/>
<opset="v215/1 "/>
</bind>
</comp>

<comp id="94" class="1004" name="v214_fu_94">
<pin_list>
<pin id="95" dir="0" index="0" bw="1" slack="0"/>
<pin id="96" dir="1" index="1" bw="4" slack="0"/>
</pin_list>
<bind>
<opcode="alloca(26) " fcode="alloca"/>
<opset="v214/1 "/>
</bind>
</comp>

<comp id="98" class="1004" name="indvar_flatten_fu_98">
<pin_list>
<pin id="99" dir="0" index="0" bw="1" slack="0"/>
<pin id="100" dir="1" index="1" bw="8" slack="0"/>
</pin_list>
<bind>
<opcode="alloca(26) " fcode="alloca"/>
<opset="indvar_flatten/1 "/>
</bind>
</comp>

<comp id="102" class="1004" name="v213_fu_102">
<pin_list>
<pin id="103" dir="0" index="0" bw="1" slack="0"/>
<pin id="104" dir="1" index="1" bw="9" slack="0"/>
</pin_list>
<bind>
<opcode="alloca(26) " fcode="alloca"/>
<opset="v213/1 "/>
</bind>
</comp>

<comp id="106" class="1004" name="indvar_flatten10_fu_106">
<pin_list>
<pin id="107" dir="0" index="0" bw="1" slack="0"/>
<pin id="108" dir="1" index="1" bw="15" slack="0"/>
</pin_list>
<bind>
<opcode="alloca(26) " fcode="alloca"/>
<opset="indvar_flatten10/1 "/>
</bind>
</comp>

<comp id="110" class="1004" name="sext_ln524_4_read_read_fu_110">
<pin_list>
<pin id="111" dir="0" index="0" bw="62" slack="0"/>
<pin id="112" dir="0" index="1" bw="62" slack="0"/>
<pin id="113" dir="1" index="2" bw="62" slack="0"/>
</pin_list>
<bind>
<opcode="read(1150) " fcode="read"/>
<opset="sext_ln524_4_read/1 "/>
</bind>
</comp>

<comp id="116" class="1004" name="sext_ln524_3_read_read_fu_116">
<pin_list>
<pin id="117" dir="0" index="0" bw="62" slack="0"/>
<pin id="118" dir="0" index="1" bw="62" slack="0"/>
<pin id="119" dir="1" index="2" bw="62" slack="0"/>
</pin_list>
<bind>
<opcode="read(1150) " fcode="read"/>
<opset="sext_ln524_3_read/1 "/>
</bind>
</comp>

<comp id="122" class="1004" name="sext_ln524_19_read_fu_122">
<pin_list>
<pin id="123" dir="0" index="0" bw="62" slack="0"/>
<pin id="124" dir="0" index="1" bw="62" slack="0"/>
<pin id="125" dir="1" index="2" bw="62" slack="2147483647"/>
</pin_list>
<bind>
<opcode="read(1150) " fcode="read"/>
<opset="sext_ln524_19/1 "/>
</bind>
</comp>

<comp id="128" class="1004" name="sext_ln524_2_read_read_fu_128">
<pin_list>
<pin id="129" dir="0" index="0" bw="62" slack="0"/>
<pin id="130" dir="0" index="1" bw="62" slack="0"/>
<pin id="131" dir="1" index="2" bw="62" slack="0"/>
</pin_list>
<bind>
<opcode="read(1150) " fcode="read"/>
<opset="sext_ln524_2_read/1 "/>
</bind>
</comp>

<comp id="134" class="1004" name="sext_ln5247_read_fu_134">
<pin_list>
<pin id="135" dir="0" index="0" bw="62" slack="0"/>
<pin id="136" dir="0" index="1" bw="62" slack="0"/>
<pin id="137" dir="1" index="2" bw="62" slack="2147483647"/>
</pin_list>
<bind>
<opcode="read(1150) " fcode="read"/>
<opset="sext_ln5247/1 "/>
</bind>
</comp>

<comp id="140" class="1004" name="grp_readreq_fu_140">
<pin_list>
<pin id="141" dir="0" index="0" bw="1" slack="0"/>
<pin id="142" dir="0" index="1" bw="32" slack="1"/>
<pin id="143" dir="0" index="2" bw="1" slack="0"/>
<pin id="144" dir="1" index="3" bw="1" slack="2147483647"/>
</pin_list>
<bind>
<opcode="readreq(1154) " fcode="readreq"/>
<opset="g0_load_req/3 g0_load_17_req/4 "/>
</bind>
</comp>

<comp id="147" class="1004" name="grp_read_fu_147">
<pin_list>
<pin id="148" dir="0" index="0" bw="32" slack="0"/>
<pin id="149" dir="0" index="1" bw="32" slack="9"/>
<pin id="150" dir="1" index="2" bw="32" slack="1"/>
</pin_list>
<bind>
<opcode="read(1150) " fcode="read"/>
<opset="g0_addr_30_read/11 g0_addr_31_read/12 "/>
</bind>
</comp>

<comp id="152" class="1004" name="write_ln534_write_fu_152">
<pin_list>
<pin id="153" dir="0" index="0" bw="0" slack="0"/>
<pin id="154" dir="0" index="1" bw="32" slack="0"/>
<pin id="155" dir="0" index="2" bw="32" slack="0"/>
<pin id="156" dir="0" index="3" bw="1" slack="0"/>
<pin id="157" dir="1" index="4" bw="0" slack="2147483647"/>
</pin_list>
<bind>
<opcode="write(1151) " fcode="write"/>
<opset="write_ln534/17 "/>
</bind>
</comp>

<comp id="160" class="1004" name="grp_fu_160">
<pin_list>
<pin id="161" dir="0" index="0" bw="32" slack="0"/>
<pin id="162" dir="0" index="1" bw="32" slack="0"/>
<pin id="163" dir="1" index="2" bw="32" slack="1"/>
</pin_list>
<bind>
<opcode="fadd(9) " fcode="fadd"/>
<opset="v218/13 "/>
</bind>
</comp>

<comp id="164" class="1004" name="sext_ln524_4_cast_fu_164">
<pin_list>
<pin id="165" dir="0" index="0" bw="62" slack="0"/>
<pin id="166" dir="1" index="1" bw="63" slack="1"/>
</pin_list>
<bind>
<opcode="sext(35) " fcode="sext"/>
<opset="sext_ln524_4_cast/1 "/>
</bind>
</comp>

<comp id="168" class="1004" name="sext_ln524_3_cast_fu_168">
<pin_list>
<pin id="169" dir="0" index="0" bw="62" slack="0"/>
<pin id="170" dir="1" index="1" bw="63" slack="1"/>
</pin_list>
<bind>
<opcode="sext(35) " fcode="sext"/>
<opset="sext_ln524_3_cast/1 "/>
</bind>
</comp>

<comp id="172" class="1004" name="sext_ln524_2_cast_fu_172">
<pin_list>
<pin id="173" dir="0" index="0" bw="62" slack="0"/>
<pin id="174" dir="1" index="1" bw="64" slack="16"/>
</pin_list>
<bind>
<opcode="sext(35) " fcode="sext"/>
<opset="sext_ln524_2_cast/1 "/>
</bind>
</comp>

<comp id="176" class="1004" name="store_ln0_store_fu_176">
<pin_list>
<pin id="177" dir="0" index="0" bw="1" slack="0"/>
<pin id="178" dir="0" index="1" bw="15" slack="0"/>
<pin id="179" dir="1" index="2" bw="0" slack="2147483647"/>
</pin_list>
<bind>
<opcode="store(28) " fcode="store"/>
<opset="store_ln0/1 "/>
</bind>
</comp>

<comp id="181" class="1004" name="store_ln524_store_fu_181">
<pin_list>
<pin id="182" dir="0" index="0" bw="1" slack="0"/>
<pin id="183" dir="0" index="1" bw="9" slack="0"/>
<pin id="184" dir="1" index="2" bw="0" slack="2147483647"/>
</pin_list>
<bind>
<opcode="store(28) " fcode="store"/>
<opset="store_ln524/1 "/>
</bind>
</comp>

<comp id="186" class="1004" name="store_ln0_store_fu_186">
<pin_list>
<pin id="187" dir="0" index="0" bw="1" slack="0"/>
<pin id="188" dir="0" index="1" bw="8" slack="0"/>
<pin id="189" dir="1" index="2" bw="0" slack="2147483647"/>
</pin_list>
<bind>
<opcode="store(28) " fcode="store"/>
<opset="store_ln0/1 "/>
</bind>
</comp>

<comp id="191" class="1004" name="store_ln525_store_fu_191">
<pin_list>
<pin id="192" dir="0" index="0" bw="1" slack="0"/>
<pin id="193" dir="0" index="1" bw="4" slack="0"/>
<pin id="194" dir="1" index="2" bw="0" slack="2147483647"/>
</pin_list>
<bind>
<opcode="store(28) " fcode="store"/>
<opset="store_ln525/1 "/>
</bind>
</comp>

<comp id="196" class="1004" name="store_ln526_store_fu_196">
<pin_list>
<pin id="197" dir="0" index="0" bw="1" slack="0"/>
<pin id="198" dir="0" index="1" bw="4" slack="0"/>
<pin id="199" dir="1" index="2" bw="0" slack="2147483647"/>
</pin_list>
<bind>
<opcode="store(28) " fcode="store"/>
<opset="store_ln526/1 "/>
</bind>
</comp>

<comp id="201" class="1004" name="indvar_flatten10_load_load_fu_201">
<pin_list>
<pin id="202" dir="0" index="0" bw="15" slack="1"/>
<pin id="203" dir="1" index="1" bw="15" slack="0"/>
</pin_list>
<bind>
<opcode="load(27) " fcode="load"/>
<opset="indvar_flatten10_load/2 "/>
</bind>
</comp>

<comp id="204" class="1004" name="icmp_ln524_fu_204">
<pin_list>
<pin id="205" dir="0" index="0" bw="15" slack="0"/>
<pin id="206" dir="0" index="1" bw="14" slack="0"/>
<pin id="207" dir="1" index="2" bw="1" slack="1"/>
</pin_list>
<bind>
<opcode="icmp(45) " fcode="icmp"/>
<opset="icmp_ln524/2 "/>
</bind>
</comp>

<comp id="210" class="1004" name="add_ln524_1_fu_210">
<pin_list>
<pin id="211" dir="0" index="0" bw="15" slack="0"/>
<pin id="212" dir="0" index="1" bw="1" slack="0"/>
<pin id="213" dir="1" index="2" bw="15" slack="0"/>
</pin_list>
<bind>
<opcode="add(8) " fcode="add"/>
<opset="add_ln524_1/2 "/>
</bind>
</comp>

<comp id="216" class="1004" name="v215_load_load_fu_216">
<pin_list>
<pin id="217" dir="0" index="0" bw="4" slack="1"/>
<pin id="218" dir="1" index="1" bw="4" slack="0"/>
</pin_list>
<bind>
<opcode="load(27) " fcode="load"/>
<opset="v215_load/2 "/>
</bind>
</comp>

<comp id="219" class="1004" name="v214_load_load_fu_219">
<pin_list>
<pin id="220" dir="0" index="0" bw="4" slack="1"/>
<pin id="221" dir="1" index="1" bw="4" slack="0"/>
</pin_list>
<bind>
<opcode="load(27) " fcode="load"/>
<opset="v214_load/2 "/>
</bind>
</comp>

<comp id="222" class="1004" name="indvar_flatten_load_load_fu_222">
<pin_list>
<pin id="223" dir="0" index="0" bw="8" slack="1"/>
<pin id="224" dir="1" index="1" bw="8" slack="0"/>
</pin_list>
<bind>
<opcode="load(27) " fcode="load"/>
<opset="indvar_flatten_load/2 "/>
</bind>
</comp>

<comp id="225" class="1004" name="v213_load_load_fu_225">
<pin_list>
<pin id="226" dir="0" index="0" bw="9" slack="1"/>
<pin id="227" dir="1" index="1" bw="9" slack="0"/>
</pin_list>
<bind>
<opcode="load(27) " fcode="load"/>
<opset="v213_load/2 "/>
</bind>
</comp>

<comp id="228" class="1004" name="add_ln524_fu_228">
<pin_list>
<pin id="229" dir="0" index="0" bw="9" slack="0"/>
<pin id="230" dir="0" index="1" bw="1" slack="0"/>
<pin id="231" dir="1" index="2" bw="9" slack="0"/>
</pin_list>
<bind>
<opcode="add(8) " fcode="add"/>
<opset="add_ln524/2 "/>
</bind>
</comp>

<comp id="234" class="1004" name="icmp_ln525_fu_234">
<pin_list>
<pin id="235" dir="0" index="0" bw="8" slack="0"/>
<pin id="236" dir="0" index="1" bw="8" slack="0"/>
<pin id="237" dir="1" index="2" bw="1" slack="0"/>
</pin_list>
<bind>
<opcode="icmp(45) " fcode="icmp"/>
<opset="icmp_ln525/2 "/>
</bind>
</comp>

<comp id="240" class="1004" name="select_ln524_fu_240">
<pin_list>
<pin id="241" dir="0" index="0" bw="1" slack="0"/>
<pin id="242" dir="0" index="1" bw="1" slack="0"/>
<pin id="243" dir="0" index="2" bw="4" slack="0"/>
<pin id="244" dir="1" index="3" bw="4" slack="0"/>
</pin_list>
<bind>
<opcode="select(49) " fcode="select"/>
<opset="select_ln524/2 "/>
</bind>
</comp>

<comp id="248" class="1004" name="xor_ln524_fu_248">
<pin_list>
<pin id="249" dir="0" index="0" bw="1" slack="0"/>
<pin id="250" dir="0" index="1" bw="1" slack="0"/>
<pin id="251" dir="1" index="2" bw="1" slack="0"/>
</pin_list>
<bind>
<opcode="xor(25) " fcode="xor"/>
<opset="xor_ln524/2 "/>
</bind>
</comp>

<comp id="254" class="1004" name="icmp_ln526_fu_254">
<pin_list>
<pin id="255" dir="0" index="0" bw="4" slack="0"/>
<pin id="256" dir="0" index="1" bw="4" slack="0"/>
<pin id="257" dir="1" index="2" bw="1" slack="0"/>
</pin_list>
<bind>
<opcode="icmp(45) " fcode="icmp"/>
<opset="icmp_ln526/2 "/>
</bind>
</comp>

<comp id="260" class="1004" name="and_ln524_fu_260">
<pin_list>
<pin id="261" dir="0" index="0" bw="1" slack="0"/>
<pin id="262" dir="0" index="1" bw="1" slack="0"/>
<pin id="263" dir="1" index="2" bw="1" slack="0"/>
</pin_list>
<bind>
<opcode="and(23) " fcode="and"/>
<opset="and_ln524/2 "/>
</bind>
</comp>

<comp id="266" class="1004" name="select_ln524_1_fu_266">
<pin_list>
<pin id="267" dir="0" index="0" bw="1" slack="0"/>
<pin id="268" dir="0" index="1" bw="9" slack="0"/>
<pin id="269" dir="0" index="2" bw="9" slack="0"/>
<pin id="270" dir="1" index="3" bw="9" slack="0"/>
</pin_list>
<bind>
<opcode="select(49) " fcode="select"/>
<opset="select_ln524_1/2 "/>
</bind>
</comp>

<comp id="274" class="1004" name="add_ln525_fu_274">
<pin_list>
<pin id="275" dir="0" index="0" bw="4" slack="0"/>
<pin id="276" dir="0" index="1" bw="1" slack="0"/>
<pin id="277" dir="1" index="2" bw="4" slack="0"/>
</pin_list>
<bind>
<opcode="add(8) " fcode="add"/>
<opset="add_ln525/2 "/>
</bind>
</comp>

<comp id="280" class="1004" name="or_ln525_fu_280">
<pin_list>
<pin id="281" dir="0" index="0" bw="1" slack="0"/>
<pin id="282" dir="0" index="1" bw="1" slack="0"/>
<pin id="283" dir="1" index="2" bw="1" slack="0"/>
</pin_list>
<bind>
<opcode="or(24) " fcode="or"/>
<opset="or_ln525/2 "/>
</bind>
</comp>

<comp id="286" class="1004" name="select_ln525_fu_286">
<pin_list>
<pin id="287" dir="0" index="0" bw="1" slack="0"/>
<pin id="288" dir="0" index="1" bw="1" slack="0"/>
<pin id="289" dir="0" index="2" bw="4" slack="0"/>
<pin id="290" dir="1" index="3" bw="4" slack="0"/>
</pin_list>
<bind>
<opcode="select(49) " fcode="select"/>
<opset="select_ln525/2 "/>
</bind>
</comp>

<comp id="294" class="1004" name="select_ln525_1_fu_294">
<pin_list>
<pin id="295" dir="0" index="0" bw="1" slack="0"/>
<pin id="296" dir="0" index="1" bw="4" slack="0"/>
<pin id="297" dir="0" index="2" bw="4" slack="0"/>
<pin id="298" dir="1" index="3" bw="4" slack="0"/>
</pin_list>
<bind>
<opcode="select(49) " fcode="select"/>
<opset="select_ln525_1/2 "/>
</bind>
</comp>

<comp id="302" class="1004" name="trunc_ln532_fu_302">
<pin_list>
<pin id="303" dir="0" index="0" bw="4" slack="0"/>
<pin id="304" dir="1" index="1" bw="3" slack="0"/>
</pin_list>
<bind>
<opcode="trunc(33) " fcode="trunc"/>
<opset="trunc_ln532/2 "/>
</bind>
</comp>

<comp id="306" class="1004" name="shl_ln_fu_306">
<pin_list>
<pin id="307" dir="0" index="0" bw="6" slack="0"/>
<pin id="308" dir="0" index="1" bw="3" slack="0"/>
<pin id="309" dir="0" index="2" bw="1" slack="0"/>
<pin id="310" dir="1" index="3" bw="6" slack="0"/>
</pin_list>
<bind>
<opcode="bitconcatenate(1004) " fcode="bitconcatenate"/>
<opset="shl_ln/2 "/>
</bind>
</comp>

<comp id="314" class="1004" name="zext_ln526_fu_314">
<pin_list>
<pin id="315" dir="0" index="0" bw="6" slack="0"/>
<pin id="316" dir="1" index="1" bw="15" slack="0"/>
</pin_list>
<bind>
<opcode="zext(34) " fcode="zext"/>
<opset="zext_ln526/2 "/>
</bind>
</comp>

<comp id="318" class="1004" name="tmp_fu_318">
<pin_list>
<pin id="319" dir="0" index="0" bw="15" slack="0"/>
<pin id="320" dir="0" index="1" bw="9" slack="0"/>
<pin id="321" dir="0" index="2" bw="1" slack="0"/>
<pin id="322" dir="0" index="3" bw="4" slack="0"/>
<pin id="323" dir="1" index="4" bw="15" slack="0"/>
</pin_list>
<bind>
<opcode="bitconcatenate(1004) " fcode="bitconcatenate"/>
<opset="tmp/2 "/>
</bind>
</comp>

<comp id="328" class="1004" name="add_ln528_fu_328">
<pin_list>
<pin id="329" dir="0" index="0" bw="15" slack="0"/>
<pin id="330" dir="0" index="1" bw="6" slack="0"/>
<pin id="331" dir="1" index="2" bw="15" slack="0"/>
</pin_list>
<bind>
<opcode="add(8) " fcode="add"/>
<opset="add_ln528/2 "/>
</bind>
</comp>

<comp id="334" class="1004" name="zext_ln528_fu_334">
<pin_list>
<pin id="335" dir="0" index="0" bw="15" slack="0"/>
<pin id="336" dir="1" index="1" bw="63" slack="0"/>
</pin_list>
<bind>
<opcode="zext(34) " fcode="zext"/>
<opset="zext_ln528/2 "/>
</bind>
</comp>

<comp id="338" class="1004" name="add_ln531_fu_338">
<pin_list>
<pin id="339" dir="0" index="0" bw="15" slack="0"/>
<pin id="340" dir="0" index="1" bw="62" slack="1"/>
<pin id="341" dir="1" index="2" bw="63" slack="0"/>
</pin_list>
<bind>
<opcode="add(8) " fcode="add"/>
<opset="add_ln531/2 "/>
</bind>
</comp>

<comp id="343" class="1004" name="sext_ln531_fu_343">
<pin_list>
<pin id="344" dir="0" index="0" bw="63" slack="0"/>
<pin id="345" dir="1" index="1" bw="64" slack="0"/>
</pin_list>
<bind>
<opcode="sext(35) " fcode="sext"/>
<opset="sext_ln531/2 "/>
</bind>
</comp>

<comp id="347" class="1004" name="g0_addr_30_fu_347">
<pin_list>
<pin id="348" dir="0" index="0" bw="32" slack="0"/>
<pin id="349" dir="0" index="1" bw="63" slack="0"/>
<pin id="350" dir="1" index="2" bw="32" slack="1"/>
</pin_list>
<bind>
<opcode="getelementptr(29) " fcode="getelementptr"/>
<opset="g0_addr_30/2 "/>
</bind>
</comp>

<comp id="353" class="1004" name="add_ln532_fu_353">
<pin_list>
<pin id="354" dir="0" index="0" bw="15" slack="0"/>
<pin id="355" dir="0" index="1" bw="62" slack="1"/>
<pin id="356" dir="1" index="2" bw="63" slack="0"/>
</pin_list>
<bind>
<opcode="add(8) " fcode="add"/>
<opset="add_ln532/2 "/>
</bind>
</comp>

<comp id="358" class="1004" name="sext_ln532_fu_358">
<pin_list>
<pin id="359" dir="0" index="0" bw="63" slack="0"/>
<pin id="360" dir="1" index="1" bw="64" slack="0"/>
</pin_list>
<bind>
<opcode="sext(35) " fcode="sext"/>
<opset="sext_ln532/2 "/>
</bind>
</comp>

<comp id="362" class="1004" name="g0_addr_31_fu_362">
<pin_list>
<pin id="363" dir="0" index="0" bw="32" slack="0"/>
<pin id="364" dir="0" index="1" bw="63" slack="0"/>
<pin id="365" dir="1" index="2" bw="32" slack="2"/>
</pin_list>
<bind>
<opcode="getelementptr(29) " fcode="getelementptr"/>
<opset="g0_addr_31/2 "/>
</bind>
</comp>

<comp id="368" class="1004" name="add_ln526_fu_368">
<pin_list>
<pin id="369" dir="0" index="0" bw="4" slack="0"/>
<pin id="370" dir="0" index="1" bw="1" slack="0"/>
<pin id="371" dir="1" index="2" bw="4" slack="0"/>
</pin_list>
<bind>
<opcode="add(8) " fcode="add"/>
<opset="add_ln526/2 "/>
</bind>
</comp>

<comp id="374" class="1004" name="add_ln525_1_fu_374">
<pin_list>
<pin id="375" dir="0" index="0" bw="8" slack="0"/>
<pin id="376" dir="0" index="1" bw="1" slack="0"/>
<pin id="377" dir="1" index="2" bw="8" slack="0"/>
</pin_list>
<bind>
<opcode="add(8) " fcode="add"/>
<opset="add_ln525_1/2 "/>
</bind>
</comp>

<comp id="380" class="1004" name="select_ln525_2_fu_380">
<pin_list>
<pin id="381" dir="0" index="0" bw="1" slack="0"/>
<pin id="382" dir="0" index="1" bw="1" slack="0"/>
<pin id="383" dir="0" index="2" bw="8" slack="0"/>
<pin id="384" dir="1" index="3" bw="8" slack="0"/>
</pin_list>
<bind>
<opcode="select(49) " fcode="select"/>
<opset="select_ln525_2/2 "/>
</bind>
</comp>

<comp id="388" class="1004" name="store_ln524_store_fu_388">
<pin_list>
<pin id="389" dir="0" index="0" bw="15" slack="0"/>
<pin id="390" dir="0" index="1" bw="15" slack="1"/>
<pin id="391" dir="1" index="2" bw="0" slack="2147483647"/>
</pin_list>
<bind>
<opcode="store(28) " fcode="store"/>
<opset="store_ln524/2 "/>
</bind>
</comp>

<comp id="393" class="1004" name="store_ln524_store_fu_393">
<pin_list>
<pin id="394" dir="0" index="0" bw="9" slack="0"/>
<pin id="395" dir="0" index="1" bw="9" slack="1"/>
<pin id="396" dir="1" index="2" bw="0" slack="2147483647"/>
</pin_list>
<bind>
<opcode="store(28) " fcode="store"/>
<opset="store_ln524/2 "/>
</bind>
</comp>

<comp id="398" class="1004" name="store_ln525_store_fu_398">
<pin_list>
<pin id="399" dir="0" index="0" bw="8" slack="0"/>
<pin id="400" dir="0" index="1" bw="8" slack="1"/>
<pin id="401" dir="1" index="2" bw="0" slack="2147483647"/>
</pin_list>
<bind>
<opcode="store(28) " fcode="store"/>
<opset="store_ln525/2 "/>
</bind>
</comp>

<comp id="403" class="1004" name="store_ln525_store_fu_403">
<pin_list>
<pin id="404" dir="0" index="0" bw="4" slack="0"/>
<pin id="405" dir="0" index="1" bw="4" slack="1"/>
<pin id="406" dir="1" index="2" bw="0" slack="2147483647"/>
</pin_list>
<bind>
<opcode="store(28) " fcode="store"/>
<opset="store_ln525/2 "/>
</bind>
</comp>

<comp id="408" class="1004" name="store_ln526_store_fu_408">
<pin_list>
<pin id="409" dir="0" index="0" bw="4" slack="0"/>
<pin id="410" dir="0" index="1" bw="4" slack="1"/>
<pin id="411" dir="1" index="2" bw="0" slack="2147483647"/>
</pin_list>
<bind>
<opcode="store(28) " fcode="store"/>
<opset="store_ln526/2 "/>
</bind>
</comp>

<comp id="413" class="1004" name="v216_fu_413">
<pin_list>
<pin id="414" dir="0" index="0" bw="32" slack="2"/>
<pin id="415" dir="1" index="1" bw="32" slack="0"/>
</pin_list>
<bind>
<opcode="bitcast(44) " fcode="bitcast"/>
<opset="v216/13 "/>
</bind>
</comp>

<comp id="417" class="1004" name="v217_fu_417">
<pin_list>
<pin id="418" dir="0" index="0" bw="32" slack="1"/>
<pin id="419" dir="1" index="1" bw="32" slack="0"/>
</pin_list>
<bind>
<opcode="bitcast(44) " fcode="bitcast"/>
<opset="v217/13 "/>
</bind>
</comp>

<comp id="421" class="1004" name="g0_addr_fu_421">
<pin_list>
<pin id="422" dir="0" index="0" bw="32" slack="0"/>
<pin id="423" dir="0" index="1" bw="62" slack="16"/>
<pin id="424" dir="1" index="2" bw="32" slack="0"/>
</pin_list>
<bind>
<opcode="getelementptr(29) " fcode="getelementptr"/>
<opset="g0_addr/17 "/>
</bind>
</comp>

<comp id="427" class="1004" name="bitcast_ln534_fu_427">
<pin_list>
<pin id="428" dir="0" index="0" bw="32" slack="1"/>
<pin id="429" dir="1" index="1" bw="32" slack="0"/>
</pin_list>
<bind>
<opcode="bitcast(44) " fcode="bitcast"/>
<opset="bitcast_ln534/17 "/>
</bind>
</comp>

<comp id="431" class="1005" name="v215_reg_431">
<pin_list>
<pin id="432" dir="0" index="0" bw="4" slack="0"/>
<pin id="433" dir="1" index="1" bw="4" slack="0"/>
</pin_list>
<bind>
<opset="v215 "/>
</bind>
</comp>

<comp id="438" class="1005" name="v214_reg_438">
<pin_list>
<pin id="439" dir="0" index="0" bw="4" slack="0"/>
<pin id="440" dir="1" index="1" bw="4" slack="0"/>
</pin_list>
<bind>
<opset="v214 "/>
</bind>
</comp>

<comp id="445" class="1005" name="indvar_flatten_reg_445">
<pin_list>
<pin id="446" dir="0" index="0" bw="8" slack="0"/>
<pin id="447" dir="1" index="1" bw="8" slack="0"/>
</pin_list>
<bind>
<opset="indvar_flatten "/>
</bind>
</comp>

<comp id="452" class="1005" name="v213_reg_452">
<pin_list>
<pin id="453" dir="0" index="0" bw="9" slack="0"/>
<pin id="454" dir="1" index="1" bw="9" slack="0"/>
</pin_list>
<bind>
<opset="v213 "/>
</bind>
</comp>

<comp id="459" class="1005" name="indvar_flatten10_reg_459">
<pin_list>
<pin id="460" dir="0" index="0" bw="15" slack="0"/>
<pin id="461" dir="1" index="1" bw="15" slack="0"/>
</pin_list>
<bind>
<opset="indvar_flatten10 "/>
</bind>
</comp>

<comp id="466" class="1005" name="sext_ln524_4_cast_reg_466">
<pin_list>
<pin id="467" dir="0" index="0" bw="63" slack="1"/>
<pin id="468" dir="1" index="1" bw="63" slack="1"/>
</pin_list>
<bind>
<opset="sext_ln524_4_cast "/>
</bind>
</comp>

<comp id="471" class="1005" name="sext_ln524_3_cast_reg_471">
<pin_list>
<pin id="472" dir="0" index="0" bw="63" slack="1"/>
<pin id="473" dir="1" index="1" bw="63" slack="1"/>
</pin_list>
<bind>
<opset="sext_ln524_3_cast "/>
</bind>
</comp>

<comp id="476" class="1005" name="sext_ln524_2_cast_reg_476">
<pin_list>
<pin id="477" dir="0" index="0" bw="64" slack="16"/>
<pin id="478" dir="1" index="1" bw="64" slack="16"/>
</pin_list>
<bind>
<opset="sext_ln524_2_cast "/>
</bind>
</comp>

<comp id="481" class="1005" name="icmp_ln524_reg_481">
<pin_list>
<pin id="482" dir="0" index="0" bw="1" slack="1"/>
<pin id="483" dir="1" index="1" bw="1" slack="2147483647"/>
</pin_list>
<bind>
<opset="icmp_ln524 "/>
</bind>
</comp>

<comp id="485" class="1005" name="g0_addr_30_reg_485">
<pin_list>
<pin id="486" dir="0" index="0" bw="32" slack="1"/>
<pin id="487" dir="1" index="1" bw="32" slack="1"/>
</pin_list>
<bind>
<opset="g0_addr_30 "/>
</bind>
</comp>

<comp id="491" class="1005" name="g0_addr_31_reg_491">
<pin_list>
<pin id="492" dir="0" index="0" bw="32" slack="2"/>
<pin id="493" dir="1" index="1" bw="32" slack="2"/>
</pin_list>
<bind>
<opset="g0_addr_31 "/>
</bind>
</comp>

<comp id="497" class="1005" name="g0_addr_30_read_reg_497">
<pin_list>
<pin id="498" dir="0" index="0" bw="32" slack="2"/>
<pin id="499" dir="1" index="1" bw="32" slack="2"/>
</pin_list>
<bind>
<opset="g0_addr_30_read "/>
</bind>
</comp>

<comp id="502" class="1005" name="g0_addr_31_read_reg_502">
<pin_list>
<pin id="503" dir="0" index="0" bw="32" slack="1"/>
<pin id="504" dir="1" index="1" bw="32" slack="1"/>
</pin_list>
<bind>
<opset="g0_addr_31_read "/>
</bind>
</comp>

<comp id="507" class="1005" name="v216_reg_507">
<pin_list>
<pin id="508" dir="0" index="0" bw="32" slack="1"/>
<pin id="509" dir="1" index="1" bw="32" slack="1"/>
</pin_list>
<bind>
<opset="v216 "/>
</bind>
</comp>

<comp id="512" class="1005" name="v217_reg_512">
<pin_list>
<pin id="513" dir="0" index="0" bw="32" slack="1"/>
<pin id="514" dir="1" index="1" bw="32" slack="1"/>
</pin_list>
<bind>
<opset="v217 "/>
</bind>
</comp>

<comp id="517" class="1005" name="v218_reg_517">
<pin_list>
<pin id="518" dir="0" index="0" bw="32" slack="1"/>
<pin id="519" dir="1" index="1" bw="32" slack="1"/>
</pin_list>
<bind>
<opset="v218 "/>
</bind>
</comp>

</comp_list>

<net_list>
<net id="93"><net_src comp="12" pin="0"/><net_sink comp="90" pin=0"/></net>

<net id="97"><net_src comp="12" pin="0"/><net_sink comp="94" pin=0"/></net>

<net id="101"><net_src comp="12" pin="0"/><net_sink comp="98" pin=0"/></net>

<net id="105"><net_src comp="12" pin="0"/><net_sink comp="102" pin=0"/></net>

<net id="109"><net_src comp="12" pin="0"/><net_sink comp="106" pin=0"/></net>

<net id="114"><net_src comp="14" pin="0"/><net_sink comp="110" pin=0"/></net>

<net id="115"><net_src comp="10" pin="0"/><net_sink comp="110" pin=1"/></net>

<net id="120"><net_src comp="14" pin="0"/><net_sink comp="116" pin=0"/></net>

<net id="121"><net_src comp="8" pin="0"/><net_sink comp="116" pin=1"/></net>

<net id="126"><net_src comp="14" pin="0"/><net_sink comp="122" pin=0"/></net>

<net id="127"><net_src comp="6" pin="0"/><net_sink comp="122" pin=1"/></net>

<net id="132"><net_src comp="14" pin="0"/><net_sink comp="128" pin=0"/></net>

<net id="133"><net_src comp="4" pin="0"/><net_sink comp="128" pin=1"/></net>

<net id="138"><net_src comp="14" pin="0"/><net_sink comp="134" pin=0"/></net>

<net id="139"><net_src comp="2" pin="0"/><net_sink comp="134" pin=1"/></net>

<net id="145"><net_src comp="70" pin="0"/><net_sink comp="140" pin=0"/></net>

<net id="146"><net_src comp="72" pin="0"/><net_sink comp="140" pin=2"/></net>

<net id="151"><net_src comp="74" pin="0"/><net_sink comp="147" pin=0"/></net>

<net id="158"><net_src comp="86" pin="0"/><net_sink comp="152" pin=0"/></net>

<net id="159"><net_src comp="88" pin="0"/><net_sink comp="152" pin=3"/></net>

<net id="167"><net_src comp="110" pin="2"/><net_sink comp="164" pin=0"/></net>

<net id="171"><net_src comp="116" pin="2"/><net_sink comp="168" pin=0"/></net>

<net id="175"><net_src comp="128" pin="2"/><net_sink comp="172" pin=0"/></net>

<net id="180"><net_src comp="40" pin="0"/><net_sink comp="176" pin=0"/></net>

<net id="185"><net_src comp="42" pin="0"/><net_sink comp="181" pin=0"/></net>

<net id="190"><net_src comp="44" pin="0"/><net_sink comp="186" pin=0"/></net>

<net id="195"><net_src comp="46" pin="0"/><net_sink comp="191" pin=0"/></net>

<net id="200"><net_src comp="46" pin="0"/><net_sink comp="196" pin=0"/></net>

<net id="208"><net_src comp="201" pin="1"/><net_sink comp="204" pin=0"/></net>

<net id="209"><net_src comp="48" pin="0"/><net_sink comp="204" pin=1"/></net>

<net id="214"><net_src comp="201" pin="1"/><net_sink comp="210" pin=0"/></net>

<net id="215"><net_src comp="50" pin="0"/><net_sink comp="210" pin=1"/></net>

<net id="232"><net_src comp="225" pin="1"/><net_sink comp="228" pin=0"/></net>

<net id="233"><net_src comp="52" pin="0"/><net_sink comp="228" pin=1"/></net>

<net id="238"><net_src comp="222" pin="1"/><net_sink comp="234" pin=0"/></net>

<net id="239"><net_src comp="54" pin="0"/><net_sink comp="234" pin=1"/></net>

<net id="245"><net_src comp="234" pin="2"/><net_sink comp="240" pin=0"/></net>

<net id="246"><net_src comp="46" pin="0"/><net_sink comp="240" pin=1"/></net>

<net id="247"><net_src comp="219" pin="1"/><net_sink comp="240" pin=2"/></net>

<net id="252"><net_src comp="234" pin="2"/><net_sink comp="248" pin=0"/></net>

<net id="253"><net_src comp="18" pin="0"/><net_sink comp="248" pin=1"/></net>

<net id="258"><net_src comp="216" pin="1"/><net_sink comp="254" pin=0"/></net>

<net id="259"><net_src comp="56" pin="0"/><net_sink comp="254" pin=1"/></net>

<net id="264"><net_src comp="254" pin="2"/><net_sink comp="260" pin=0"/></net>

<net id="265"><net_src comp="248" pin="2"/><net_sink comp="260" pin=1"/></net>

<net id="271"><net_src comp="234" pin="2"/><net_sink comp="266" pin=0"/></net>

<net id="272"><net_src comp="228" pin="2"/><net_sink comp="266" pin=1"/></net>

<net id="273"><net_src comp="225" pin="1"/><net_sink comp="266" pin=2"/></net>

<net id="278"><net_src comp="240" pin="3"/><net_sink comp="274" pin=0"/></net>

<net id="279"><net_src comp="58" pin="0"/><net_sink comp="274" pin=1"/></net>

<net id="284"><net_src comp="260" pin="2"/><net_sink comp="280" pin=0"/></net>

<net id="285"><net_src comp="234" pin="2"/><net_sink comp="280" pin=1"/></net>

<net id="291"><net_src comp="280" pin="2"/><net_sink comp="286" pin=0"/></net>

<net id="292"><net_src comp="46" pin="0"/><net_sink comp="286" pin=1"/></net>

<net id="293"><net_src comp="216" pin="1"/><net_sink comp="286" pin=2"/></net>

<net id="299"><net_src comp="260" pin="2"/><net_sink comp="294" pin=0"/></net>

<net id="300"><net_src comp="274" pin="2"/><net_sink comp="294" pin=1"/></net>

<net id="301"><net_src comp="240" pin="3"/><net_sink comp="294" pin=2"/></net>

<net id="305"><net_src comp="294" pin="3"/><net_sink comp="302" pin=0"/></net>

<net id="311"><net_src comp="60" pin="0"/><net_sink comp="306" pin=0"/></net>

<net id="312"><net_src comp="302" pin="1"/><net_sink comp="306" pin=1"/></net>

<net id="313"><net_src comp="62" pin="0"/><net_sink comp="306" pin=2"/></net>

<net id="317"><net_src comp="306" pin="3"/><net_sink comp="314" pin=0"/></net>

<net id="324"><net_src comp="64" pin="0"/><net_sink comp="318" pin=0"/></net>

<net id="325"><net_src comp="266" pin="3"/><net_sink comp="318" pin=1"/></net>

<net id="326"><net_src comp="66" pin="0"/><net_sink comp="318" pin=2"/></net>

<net id="327"><net_src comp="286" pin="3"/><net_sink comp="318" pin=3"/></net>

<net id="332"><net_src comp="318" pin="4"/><net_sink comp="328" pin=0"/></net>

<net id="333"><net_src comp="314" pin="1"/><net_sink comp="328" pin=1"/></net>

<net id="337"><net_src comp="328" pin="2"/><net_sink comp="334" pin=0"/></net>

<net id="342"><net_src comp="334" pin="1"/><net_sink comp="338" pin=0"/></net>

<net id="346"><net_src comp="338" pin="2"/><net_sink comp="343" pin=0"/></net>

<net id="351"><net_src comp="0" pin="0"/><net_sink comp="347" pin=0"/></net>

<net id="352"><net_src comp="343" pin="1"/><net_sink comp="347" pin=1"/></net>

<net id="357"><net_src comp="334" pin="1"/><net_sink comp="353" pin=0"/></net>

<net id="361"><net_src comp="353" pin="2"/><net_sink comp="358" pin=0"/></net>

<net id="366"><net_src comp="0" pin="0"/><net_sink comp="362" pin=0"/></net>

<net id="367"><net_src comp="358" pin="1"/><net_sink comp="362" pin=1"/></net>

<net id="372"><net_src comp="286" pin="3"/><net_sink comp="368" pin=0"/></net>

<net id="373"><net_src comp="58" pin="0"/><net_sink comp="368" pin=1"/></net>

<net id="378"><net_src comp="222" pin="1"/><net_sink comp="374" pin=0"/></net>

<net id="379"><net_src comp="68" pin="0"/><net_sink comp="374" pin=1"/></net>

<net id="385"><net_src comp="234" pin="2"/><net_sink comp="380" pin=0"/></net>

<net id="386"><net_src comp="68" pin="0"/><net_sink comp="380" pin=1"/></net>

<net id="387"><net_src comp="374" pin="2"/><net_sink comp="380" pin=2"/></net>

<net id="392"><net_src comp="210" pin="2"/><net_sink comp="388" pin=0"/></net>

<net id="397"><net_src comp="266" pin="3"/><net_sink comp="393" pin=0"/></net>

<net id="402"><net_src comp="380" pin="3"/><net_sink comp="398" pin=0"/></net>

<net id="407"><net_src comp="294" pin="3"/><net_sink comp="403" pin=0"/></net>

<net id="412"><net_src comp="368" pin="2"/><net_sink comp="408" pin=0"/></net>

<net id="416"><net_src comp="413" pin="1"/><net_sink comp="160" pin=0"/></net>

<net id="420"><net_src comp="417" pin="1"/><net_sink comp="160" pin=1"/></net>

<net id="425"><net_src comp="0" pin="0"/><net_sink comp="421" pin=0"/></net>

<net id="426"><net_src comp="421" pin="2"/><net_sink comp="152" pin=1"/></net>

<net id="430"><net_src comp="427" pin="1"/><net_sink comp="152" pin=2"/></net>

<net id="434"><net_src comp="90" pin="1"/><net_sink comp="431" pin=0"/></net>

<net id="435"><net_src comp="431" pin="1"/><net_sink comp="196" pin=1"/></net>

<net id="436"><net_src comp="431" pin="1"/><net_sink comp="216" pin=0"/></net>

<net id="437"><net_src comp="431" pin="1"/><net_sink comp="408" pin=1"/></net>

<net id="441"><net_src comp="94" pin="1"/><net_sink comp="438" pin=0"/></net>

<net id="442"><net_src comp="438" pin="1"/><net_sink comp="191" pin=1"/></net>

<net id="443"><net_src comp="438" pin="1"/><net_sink comp="219" pin=0"/></net>

<net id="444"><net_src comp="438" pin="1"/><net_sink comp="403" pin=1"/></net>

<net id="448"><net_src comp="98" pin="1"/><net_sink comp="445" pin=0"/></net>

<net id="449"><net_src comp="445" pin="1"/><net_sink comp="186" pin=1"/></net>

<net id="450"><net_src comp="445" pin="1"/><net_sink comp="222" pin=0"/></net>

<net id="451"><net_src comp="445" pin="1"/><net_sink comp="398" pin=1"/></net>

<net id="455"><net_src comp="102" pin="1"/><net_sink comp="452" pin=0"/></net>

<net id="456"><net_src comp="452" pin="1"/><net_sink comp="181" pin=1"/></net>

<net id="457"><net_src comp="452" pin="1"/><net_sink comp="225" pin=0"/></net>

<net id="458"><net_src comp="452" pin="1"/><net_sink comp="393" pin=1"/></net>

<net id="462"><net_src comp="106" pin="1"/><net_sink comp="459" pin=0"/></net>

<net id="463"><net_src comp="459" pin="1"/><net_sink comp="176" pin=1"/></net>

<net id="464"><net_src comp="459" pin="1"/><net_sink comp="201" pin=0"/></net>

<net id="465"><net_src comp="459" pin="1"/><net_sink comp="388" pin=1"/></net>

<net id="469"><net_src comp="164" pin="1"/><net_sink comp="466" pin=0"/></net>

<net id="470"><net_src comp="466" pin="1"/><net_sink comp="353" pin=1"/></net>

<net id="474"><net_src comp="168" pin="1"/><net_sink comp="471" pin=0"/></net>

<net id="475"><net_src comp="471" pin="1"/><net_sink comp="338" pin=1"/></net>

<net id="479"><net_src comp="172" pin="1"/><net_sink comp="476" pin=0"/></net>

<net id="480"><net_src comp="476" pin="1"/><net_sink comp="421" pin=1"/></net>

<net id="484"><net_src comp="204" pin="2"/><net_sink comp="481" pin=0"/></net>

<net id="488"><net_src comp="347" pin="2"/><net_sink comp="485" pin=0"/></net>

<net id="489"><net_src comp="485" pin="1"/><net_sink comp="140" pin=1"/></net>

<net id="490"><net_src comp="485" pin="1"/><net_sink comp="147" pin=1"/></net>

<net id="494"><net_src comp="362" pin="2"/><net_sink comp="491" pin=0"/></net>

<net id="495"><net_src comp="491" pin="1"/><net_sink comp="140" pin=1"/></net>

<net id="496"><net_src comp="491" pin="1"/><net_sink comp="147" pin=1"/></net>

<net id="500"><net_src comp="147" pin="2"/><net_sink comp="497" pin=0"/></net>

<net id="501"><net_src comp="497" pin="1"/><net_sink comp="413" pin=0"/></net>

<net id="505"><net_src comp="147" pin="2"/><net_sink comp="502" pin=0"/></net>

<net id="506"><net_src comp="502" pin="1"/><net_sink comp="417" pin=0"/></net>

<net id="510"><net_src comp="413" pin="1"/><net_sink comp="507" pin=0"/></net>

<net id="511"><net_src comp="507" pin="1"/><net_sink comp="160" pin=0"/></net>

<net id="515"><net_src comp="417" pin="1"/><net_sink comp="512" pin=0"/></net>

<net id="516"><net_src comp="512" pin="1"/><net_sink comp="160" pin=1"/></net>

<net id="520"><net_src comp="160" pin="2"/><net_sink comp="517" pin=0"/></net>

<net id="521"><net_src comp="517" pin="1"/><net_sink comp="427" pin=0"/></net>

</net_list>

</model> 
---------------- Datapath Model END ------------------

* FSMD analyzer results:
  - Output states:
	Port: g0 | {17 }
 - Input state : 
	Port: kernel40_Pipeline_VITIS_LOOP_524_1_VITIS_LOOP_525_2_VITIS_LOOP_526_3 : g0 | {3 4 5 6 7 8 9 10 11 12 }
	Port: kernel40_Pipeline_VITIS_LOOP_524_1_VITIS_LOOP_525_2_VITIS_LOOP_526_3 : sext_ln524 | {1 }
	Port: kernel40_Pipeline_VITIS_LOOP_524_1_VITIS_LOOP_525_2_VITIS_LOOP_526_3 : sext_ln524_2 | {1 }
	Port: kernel40_Pipeline_VITIS_LOOP_524_1_VITIS_LOOP_525_2_VITIS_LOOP_526_3 : sext_ln524_1 | {1 }
	Port: kernel40_Pipeline_VITIS_LOOP_524_1_VITIS_LOOP_525_2_VITIS_LOOP_526_3 : sext_ln524_3 | {1 }
	Port: kernel40_Pipeline_VITIS_LOOP_524_1_VITIS_LOOP_525_2_VITIS_LOOP_526_3 : sext_ln524_4 | {1 }
  - Chain level:
	State 1
		store_ln0 : 1
		store_ln524 : 1
		store_ln0 : 1
		store_ln525 : 1
		store_ln526 : 1
	State 2
		icmp_ln524 : 1
		add_ln524_1 : 1
		br_ln524 : 2
		add_ln524 : 1
		icmp_ln525 : 1
		select_ln524 : 2
		xor_ln524 : 2
		icmp_ln526 : 1
		and_ln524 : 2
		select_ln524_1 : 2
		add_ln525 : 3
		or_ln525 : 2
		select_ln525 : 2
		select_ln525_1 : 2
		trunc_ln532 : 3
		shl_ln : 4
		zext_ln526 : 5
		tmp : 3
		add_ln528 : 6
		zext_ln528 : 7
		add_ln531 : 8
		sext_ln531 : 9
		g0_addr_30 : 10
		add_ln532 : 8
		sext_ln532 : 9
		g0_addr_31 : 10
		add_ln526 : 3
		add_ln525_1 : 1
		select_ln525_2 : 2
		store_ln524 : 2
		store_ln524 : 3
		store_ln525 : 3
		store_ln525 : 3
		store_ln526 : 4
	State 3
	State 4
	State 5
	State 6
	State 7
	State 8
	State 9
	State 10
	State 11
	State 12
	State 13
		v218 : 1
	State 14
	State 15
	State 16
	State 17
		write_ln534 : 1


============================================================
+ Verbose Summary: Datapath Resource usage 
============================================================

* Functional unit list:
|----------|-------------------------------|---------|---------|---------|
| Operation|        Functional Unit        |   DSP   |    FF   |   LUT   |
|----------|-------------------------------|---------|---------|---------|
|   fadd   |           grp_fu_160          |    2    |   227   |   214   |
|----------|-------------------------------|---------|---------|---------|
|          |       add_ln524_1_fu_210      |    0    |    0    |    22   |
|          |        add_ln524_fu_228       |    0    |    0    |    16   |
|          |        add_ln525_fu_274       |    0    |    0    |    12   |
|    add   |        add_ln528_fu_328       |    0    |    0    |    22   |
|          |        add_ln531_fu_338       |    0    |    0    |    69   |
|          |        add_ln532_fu_353       |    0    |    0    |    69   |
|          |        add_ln526_fu_368       |    0    |    0    |    12   |
|          |       add_ln525_1_fu_374      |    0    |    0    |    15   |
|----------|-------------------------------|---------|---------|---------|
|          |       icmp_ln524_fu_204       |    0    |    0    |    22   |
|   icmp   |       icmp_ln525_fu_234       |    0    |    0    |    15   |
|          |       icmp_ln526_fu_254       |    0    |    0    |    12   |
|----------|-------------------------------|---------|---------|---------|
|          |      select_ln524_fu_240      |    0    |    0    |    4    |
|          |     select_ln524_1_fu_266     |    0    |    0    |    9    |
|  select  |      select_ln525_fu_286      |    0    |    0    |    4    |
|          |     select_ln525_1_fu_294     |    0    |    0    |    4    |
|          |     select_ln525_2_fu_380     |    0    |    0    |    8    |
|----------|-------------------------------|---------|---------|---------|
|    xor   |        xor_ln524_fu_248       |    0    |    0    |    2    |
|----------|-------------------------------|---------|---------|---------|
|    and   |        and_ln524_fu_260       |    0    |    0    |    2    |
|----------|-------------------------------|---------|---------|---------|
|    or    |        or_ln525_fu_280        |    0    |    0    |    2    |
|----------|-------------------------------|---------|---------|---------|
|          | sext_ln524_4_read_read_fu_110 |    0    |    0    |    0    |
|          | sext_ln524_3_read_read_fu_116 |    0    |    0    |    0    |
|   read   |   sext_ln524_19_read_fu_122   |    0    |    0    |    0    |
|          | sext_ln524_2_read_read_fu_128 |    0    |    0    |    0    |
|          |    sext_ln5247_read_fu_134    |    0    |    0    |    0    |
|          |        grp_read_fu_147        |    0    |    0    |    0    |
|----------|-------------------------------|---------|---------|---------|
|  readreq |       grp_readreq_fu_140      |    0    |    0    |    0    |
|----------|-------------------------------|---------|---------|---------|
|   write  |    write_ln534_write_fu_152   |    0    |    0    |    0    |
|----------|-------------------------------|---------|---------|---------|
|          |    sext_ln524_4_cast_fu_164   |    0    |    0    |    0    |
|          |    sext_ln524_3_cast_fu_168   |    0    |    0    |    0    |
|   sext   |    sext_ln524_2_cast_fu_172   |    0    |    0    |    0    |
|          |       sext_ln531_fu_343       |    0    |    0    |    0    |
|          |       sext_ln532_fu_358       |    0    |    0    |    0    |
|----------|-------------------------------|---------|---------|---------|
|   trunc  |       trunc_ln532_fu_302      |    0    |    0    |    0    |
|----------|-------------------------------|---------|---------|---------|
|bitconcatenate|         shl_ln_fu_306         |    0    |    0    |    0    |
|          |           tmp_fu_318          |    0    |    0    |    0    |
|----------|-------------------------------|---------|---------|---------|
|   zext   |       zext_ln526_fu_314       |    0    |    0    |    0    |
|          |       zext_ln528_fu_334       |    0    |    0    |    0    |
|----------|-------------------------------|---------|---------|---------|
|   Total  |                               |    2    |   227   |   535   |
|----------|-------------------------------|---------|---------|---------|

Memories:
N/A

* Register list:
+-------------------------+--------+
|                         |   FF   |
+-------------------------+--------+
| g0_addr_30_read_reg_497 |   32   |
|    g0_addr_30_reg_485   |   32   |
| g0_addr_31_read_reg_502 |   32   |
|    g0_addr_31_reg_491   |   32   |
|    icmp_ln524_reg_481   |    1   |
| indvar_flatten10_reg_459|   15   |
|  indvar_flatten_reg_445 |    8   |
|sext_ln524_2_cast_reg_476|   64   |
|sext_ln524_3_cast_reg_471|   63   |
|sext_ln524_4_cast_reg_466|   63   |
|       v213_reg_452      |    9   |
|       v214_reg_438      |    4   |
|       v215_reg_431      |    4   |
|       v216_reg_507      |   32   |
|       v217_reg_512      |   32   |
|       v218_reg_517      |   32   |
+-------------------------+--------+
|          Total          |   455  |
+-------------------------+--------+

* Multiplexer (MUX) list: 
|--------------------|------|------|------|--------||---------||---------||---------|
|        Comp        |  Pin | Size |  BW  | S x BW ||  Delay  ||    FF   ||   LUT   |
|--------------------|------|------|------|--------||---------||---------||---------|
| grp_readreq_fu_140 |  p1  |   2  |  32  |   64   ||    0    ||    9    |
|   grp_read_fu_147  |  p1  |   2  |  32  |   64   ||    0    ||    9    |
|     grp_fu_160     |  p0  |   2  |  32  |   64   ||    0    ||    9    |
|     grp_fu_160     |  p1  |   2  |  32  |   64   ||    0    ||    9    |
|--------------------|------|------|------|--------||---------||---------||---------|
|        Total       |      |      |      |   256  ||  1.708  ||    0    ||    36   |
|--------------------|------|------|------|--------||---------||---------||---------|



* Summary:
+-----------+--------+--------+--------+--------+
|           |   DSP  |  Delay |   FF   |   LUT  |
+-----------+--------+--------+--------+--------+
|  Function |    2   |    -   |   227  |   535  |
|   Memory  |    -   |    -   |    -   |    -   |
|Multiplexer|    -   |    1   |    0   |   36   |
|  Register |    -   |    -   |   455  |    -   |
+-----------+--------+--------+--------+--------+
|   Total   |    2   |    1   |   682  |   571  |
+-----------+--------+--------+--------+--------+
