

================================================================
== Vitis HLS Report for 'kernel9_Pipeline_VITIS_LOOP_173_1_VITIS_LOOP_174_2_VITIS_LOOP_175_3'
================================================================
* Date:           Sun Jul 12 20:26:07 2026

* Version:        2025.2 (Build 6295257 on Nov 14 2025)
* Project:        spikingformer_proj
* Solution:       solution1 (Vivado IP Flow Target)
* Product family: zynquplus
* Target device:  xczu7ev-ffvc1156-2-e


================================================================
== Performance Estimates
================================================================
+ Timing: 
    * Summary: 
    +--------+----------+----------+------------+
    |  Clock |  Target  | Estimated| Uncertainty|
    +--------+----------+----------+------------+
    |ap_clk  |  10.00 ns|  7.300 ns|     2.70 ns|
    +--------+----------+----------+------------+

+ Latency: 
    * Summary: 
    +---------+---------+----------+----------+-----+-----+-------------------+
    |  Latency (cycles) |  Latency (absolute) |  Interval |      Pipeline     |
    |   min   |   max   |    min   |    max   | min | max |        Type       |
    +---------+---------+----------+----------+-----+-----+-------------------+
    |    24579|    24579|  0.246 ms|  0.246 ms|    0|    0|  loop pipeline stp|
    +---------+---------+----------+----------+-----+-----+-------------------+

    + Detail: 
        * Instance: 
        N/A

        * Loop: 
        +------------------------------------------------------+---------+---------+----------+-----------+-----------+-------+----------+
        |                                                      |  Latency (cycles) | Iteration|  Initiation Interval  |  Trip |          |
        |                       Loop Name                      |   min   |   max   |  Latency |  achieved |   target  | Count | Pipelined|
        +------------------------------------------------------+---------+---------+----------+-----------+-----------+-------+----------+
        |- VITIS_LOOP_173_1_VITIS_LOOP_174_2_VITIS_LOOP_175_3  |    24577|    24577|         3|          1|          1|  24576|       yes|
        +------------------------------------------------------+---------+---------+----------+-----------+-----------+-------+----------+

============================================================
+ Verbose Summary: Synthesis Manager
============================================================
InlineROM: 1
ExposeGlobal: 0
============================================================
+ Verbose Summary: CDFG Model
============================================================
IsTopModel: 0
ResetActiveHigh: 1
IsCombinational: 0
IsDatapathOnly: 0
HasWiredReturn: 1
HasMFsm: 2
HasVarLatency: 1
IsPipeline: 0
IsRtlPipelined: 0
IsInstanceOverlapped: 0
IsDontTouch: 0
HasImplIP: 0
IsGatedGlobalClock: 0

+ Individual pipeline summary: 
  * Pipeline-0: initiation interval (II) = 1, depth = 4


============================================================
+ Verbose Summary: Schedule
============================================================
* Number of FSM states : 4
* Pipeline : 1
  Pipeline-0 : II = 1, D = 4, States = { 1 2 3 4 }
* Dataflow Pipeline: 0

* FSM state transitions: 
1 --> 2 
2 --> 3 
3 --> 4 
4 --> 

* FSM state operations: 

State 1 <SV = 0> <Delay = 0.42>
ST_1 : Operation 6 [1/1] (0.00ns)   --->   "%v66 = alloca i32 1" [spikingformer_official.cpp:175]   --->   Operation 6 'alloca' 'v66' <Predicate = true> <Delay = 0.00>
ST_1 : Operation 7 [1/1] (0.00ns)   --->   "%indvar_flatten = alloca i32 1"   --->   Operation 7 'alloca' 'indvar_flatten' <Predicate = true> <Delay = 0.00>
ST_1 : Operation 8 [1/1] (0.00ns)   --->   "%v64 = alloca i32 1" [spikingformer_official.cpp:173]   --->   Operation 8 'alloca' 'v64' <Predicate = true> <Delay = 0.00>
ST_1 : Operation 9 [1/1] (0.00ns)   --->   "%indvar_flatten18 = alloca i32 1"   --->   Operation 9 'alloca' 'indvar_flatten18' <Predicate = true> <Delay = 0.00>
ST_1 : Operation 10 [1/1] (0.00ns)   --->   "%v672 = alloca i32 1"   --->   Operation 10 'alloca' 'v672' <Predicate = true> <Delay = 0.00>
ST_1 : Operation 11 [1/1] (0.00ns)   --->   "%sext_ln173_read = read i62 @_ssdm_op_Read.ap_auto.i62, i62 %sext_ln173"   --->   Operation 11 'read' 'sext_ln173_read' <Predicate = true> <Delay = 0.00>
ST_1 : Operation 12 [1/1] (0.00ns)   --->   "%sext_ln173_cast = sext i62 %sext_ln173_read"   --->   Operation 12 'sext' 'sext_ln173_cast' <Predicate = true> <Delay = 0.00>
ST_1 : Operation 13 [1/1] (0.00ns)   --->   "%specstablecontent_ln0 = specstablecontent void @_ssdm_op_SpecStableContent, i32 %g0, i1 1, void "   --->   Operation 13 'specstablecontent' 'specstablecontent_ln0' <Predicate = true> <Delay = 0.00>
ST_1 : Operation 14 [1/1] (0.00ns)   --->   "%specinterface_ln0 = specinterface void @_ssdm_op_SpecInterface, i32 %g0, void @empty_26, i32 0, i32 0, void @empty_35, i32 0, i32 0, void @empty_22, void @empty_25, void @empty_35, i32 16, i32 16, i32 16, i32 16, void @empty_35, void @empty_35, i32 4294967295, i32 0, i32 0, i32 4"   --->   Operation 14 'specinterface' 'specinterface_ln0' <Predicate = true> <Delay = 0.00>
ST_1 : Operation 15 [1/1] (0.42ns)   --->   "%store_ln0 = store i15 0, i15 %indvar_flatten18"   --->   Operation 15 'store' 'store_ln0' <Predicate = true> <Delay = 0.42>
ST_1 : Operation 16 [1/1] (0.42ns)   --->   "%store_ln173 = store i9 0, i9 %v64" [spikingformer_official.cpp:173]   --->   Operation 16 'store' 'store_ln173' <Predicate = true> <Delay = 0.42>
ST_1 : Operation 17 [1/1] (0.42ns)   --->   "%store_ln0 = store i8 0, i8 %indvar_flatten"   --->   Operation 17 'store' 'store_ln0' <Predicate = true> <Delay = 0.42>
ST_1 : Operation 18 [1/1] (0.42ns)   --->   "%store_ln175 = store i4 0, i4 %v66" [spikingformer_official.cpp:175]   --->   Operation 18 'store' 'store_ln175' <Predicate = true> <Delay = 0.42>
ST_1 : Operation 19 [1/1] (0.42ns)   --->   "%br_ln0 = br void %for.inc"   --->   Operation 19 'br' 'br_ln0' <Predicate = true> <Delay = 0.42>

State 2 <SV = 1> <Delay = 2.41>
ST_2 : Operation 20 [1/1] (0.00ns)   --->   "%first_iter_1 = phi i1 1, void %newFuncRoot, i1 %or_ln174_1, void %for.inc.split" [spikingformer_official.cpp:174]   --->   Operation 20 'phi' 'first_iter_1' <Predicate = true> <Delay = 0.00>
ST_2 : Operation 21 [1/1] (0.00ns)   --->   "%first_iter_0 = phi i1 1, void %newFuncRoot, i1 0, void %for.inc.split"   --->   Operation 21 'phi' 'first_iter_0' <Predicate = true> <Delay = 0.00>
ST_2 : Operation 22 [1/1] (0.00ns)   --->   "%v66_1 = load i4 %v66" [spikingformer_official.cpp:175]   --->   Operation 22 'load' 'v66_1' <Predicate = true> <Delay = 0.00>
ST_2 : Operation 23 [1/1] (0.00ns)   --->   "%indvar_flatten_load = load i8 %indvar_flatten" [spikingformer_official.cpp:174]   --->   Operation 23 'load' 'indvar_flatten_load' <Predicate = true> <Delay = 0.00>
ST_2 : Operation 24 [1/1] (0.00ns)   --->   "%indvar_flatten18_load = load i15 %indvar_flatten18" [spikingformer_official.cpp:173]   --->   Operation 24 'load' 'indvar_flatten18_load' <Predicate = true> <Delay = 0.00>
ST_2 : Operation 25 [1/1] (0.84ns)   --->   "%icmp_ln173 = icmp_eq  i15 %indvar_flatten18_load, i15 24576" [spikingformer_official.cpp:173]   --->   Operation 25 'icmp' 'icmp_ln173' <Predicate = true> <Delay = 0.84> <CoreInst = "Cmp">   --->   Core 9 'Cmp' <Latency = 0> <II = 1> <Delay = 0.84> <FuncUnit> <Opcode : 'seteq' 'setne' 'setle' 'setge' 'setlt' 'setgt'> <InPorts = 2> <OutPorts = 1>
ST_2 : Operation 26 [1/1] (0.84ns)   --->   "%add_ln173_1 = add i15 %indvar_flatten18_load, i15 1" [spikingformer_official.cpp:173]   --->   Operation 26 'add' 'add_ln173_1' <Predicate = true> <Delay = 0.84> <CoreInst = "Adder">   --->   Core 1 'Adder' <Latency = 0> <II = 1> <Delay = 0.84> <FuncUnit> <Opcode : 'add' 'sub'> <InPorts = 2> <OutPorts = 1>
ST_2 : Operation 27 [1/1] (0.00ns)   --->   "%br_ln173 = br i1 %icmp_ln173, void %for.inc19, void %for.end21.exitStub" [spikingformer_official.cpp:173]   --->   Operation 27 'br' 'br_ln173' <Predicate = true> <Delay = 0.00>
ST_2 : Operation 28 [1/1] (0.00ns)   --->   "%v64_load = load i9 %v64" [spikingformer_official.cpp:173]   --->   Operation 28 'load' 'v64_load' <Predicate = (!icmp_ln173)> <Delay = 0.00>
ST_2 : Operation 29 [1/1] (0.77ns)   --->   "%add_ln173 = add i9 %v64_load, i9 1" [spikingformer_official.cpp:173]   --->   Operation 29 'add' 'add_ln173' <Predicate = (!icmp_ln173)> <Delay = 0.77> <CoreInst = "Adder">   --->   Core 1 'Adder' <Latency = 0> <II = 1> <Delay = 0.77> <FuncUnit> <Opcode : 'add' 'sub'> <InPorts = 2> <OutPorts = 1>
ST_2 : Operation 30 [1/1] (0.76ns)   --->   "%icmp_ln174 = icmp_eq  i8 %indvar_flatten_load, i8 64" [spikingformer_official.cpp:174]   --->   Operation 30 'icmp' 'icmp_ln174' <Predicate = (!icmp_ln173)> <Delay = 0.76> <CoreInst = "Cmp">   --->   Core 9 'Cmp' <Latency = 0> <II = 1> <Delay = 0.76> <FuncUnit> <Opcode : 'seteq' 'setne' 'setle' 'setge' 'setlt' 'setgt'> <InPorts = 2> <OutPorts = 1>
ST_2 : Operation 31 [1/1] (0.00ns) (grouped into LUT with out node and_ln175)   --->   "%or_ln173 = or i1 %icmp_ln174, i1 %first_iter_0" [spikingformer_official.cpp:173]   --->   Operation 31 'or' 'or_ln173' <Predicate = (!icmp_ln173)> <Delay = 0.00> <CoreInst = "LogicGate">   --->   Core 74 'LogicGate' <Latency = 0> <II = 1> <Delay = 0.28> <FuncUnit> <Opcode : 'and' 'or' 'xor'> <InPorts = 2> <OutPorts = 1>
ST_2 : Operation 32 [1/1] (0.00ns) (grouped into LUT with out node and_ln173)   --->   "%xor_ln173 = xor i1 %icmp_ln174, i1 1" [spikingformer_official.cpp:173]   --->   Operation 32 'xor' 'xor_ln173' <Predicate = (!icmp_ln173)> <Delay = 0.00> <CoreInst = "LogicGate">   --->   Core 74 'LogicGate' <Latency = 0> <II = 1> <Delay = 0.28> <FuncUnit> <Opcode : 'and' 'or' 'xor'> <InPorts = 2> <OutPorts = 1>
ST_2 : Operation 33 [1/1] (0.79ns)   --->   "%icmp_ln175 = icmp_eq  i4 %v66_1, i4 8" [spikingformer_official.cpp:175]   --->   Operation 33 'icmp' 'icmp_ln175' <Predicate = (!icmp_ln173)> <Delay = 0.79> <CoreInst = "Cmp">   --->   Core 9 'Cmp' <Latency = 0> <II = 1> <Delay = 0.79> <FuncUnit> <Opcode : 'seteq' 'setne' 'setle' 'setge' 'setlt' 'setgt'> <InPorts = 2> <OutPorts = 1>
ST_2 : Operation 34 [1/1] (0.28ns) (out node of the LUT)   --->   "%and_ln173 = and i1 %icmp_ln175, i1 %xor_ln173" [spikingformer_official.cpp:173]   --->   Operation 34 'and' 'and_ln173' <Predicate = (!icmp_ln173)> <Delay = 0.28> <CoreInst = "LogicGate">   --->   Core 74 'LogicGate' <Latency = 0> <II = 1> <Delay = 0.28> <FuncUnit> <Opcode : 'and' 'or' 'xor'> <InPorts = 2> <OutPorts = 1>
ST_2 : Operation 35 [1/1] (0.39ns)   --->   "%select_ln173 = select i1 %icmp_ln174, i9 %add_ln173, i9 %v64_load" [spikingformer_official.cpp:173]   --->   Operation 35 'select' 'select_ln173' <Predicate = (!icmp_ln173)> <Delay = 0.39> <CoreInst = "Sel">   --->   Core 73 'Sel' <Latency = 0> <II = 1> <Delay = 0.39> <FuncUnit> <Opcode : 'select'> <InPorts = 3> <OutPorts = 1>
ST_2 : Operation 36 [1/1] (0.00ns) (grouped into LUT with out node and_ln175)   --->   "%or_ln174 = or i1 %and_ln173, i1 %or_ln173" [spikingformer_official.cpp:174]   --->   Operation 36 'or' 'or_ln174' <Predicate = (!icmp_ln173)> <Delay = 0.00> <CoreInst = "LogicGate">   --->   Core 74 'LogicGate' <Latency = 0> <II = 1> <Delay = 0.28> <FuncUnit> <Opcode : 'and' 'or' 'xor'> <InPorts = 2> <OutPorts = 1>
ST_2 : Operation 37 [1/1] (0.00ns) (grouped into LUT with out node or_ln174_1)   --->   "%xor_ln174 = xor i1 %icmp_ln175, i1 1" [spikingformer_official.cpp:174]   --->   Operation 37 'xor' 'xor_ln174' <Predicate = (!icmp_ln173)> <Delay = 0.00> <CoreInst = "LogicGate">   --->   Core 74 'LogicGate' <Latency = 0> <II = 1> <Delay = 0.28> <FuncUnit> <Opcode : 'and' 'or' 'xor'> <InPorts = 2> <OutPorts = 1>
ST_2 : Operation 38 [1/1] (0.00ns) (grouped into LUT with out node or_ln174_1)   --->   "%and_ln174 = and i1 %first_iter_1, i1 %xor_ln174" [spikingformer_official.cpp:174]   --->   Operation 38 'and' 'and_ln174' <Predicate = (!icmp_ln173)> <Delay = 0.00> <CoreInst = "LogicGate">   --->   Core 74 'LogicGate' <Latency = 0> <II = 1> <Delay = 0.28> <FuncUnit> <Opcode : 'and' 'or' 'xor'> <InPorts = 2> <OutPorts = 1>
ST_2 : Operation 39 [1/1] (0.28ns) (out node of the LUT)   --->   "%or_ln174_1 = or i1 %icmp_ln174, i1 %and_ln174" [spikingformer_official.cpp:174]   --->   Operation 39 'or' 'or_ln174_1' <Predicate = (!icmp_ln173)> <Delay = 0.28> <CoreInst = "LogicGate">   --->   Core 74 'LogicGate' <Latency = 0> <II = 1> <Delay = 0.28> <FuncUnit> <Opcode : 'and' 'or' 'xor'> <InPorts = 2> <OutPorts = 1>
ST_2 : Operation 40 [1/1] (0.00ns)   --->   "%zext_ln173 = zext i9 %select_ln173" [spikingformer_official.cpp:173]   --->   Operation 40 'zext' 'zext_ln173' <Predicate = (!icmp_ln173)> <Delay = 0.00>
ST_2 : Operation 41 [1/1] (0.00ns)   --->   "%v63_addr = getelementptr i32 %v63, i64 0, i64 %zext_ln173" [spikingformer_official.cpp:179]   --->   Operation 41 'getelementptr' 'v63_addr' <Predicate = (!icmp_ln173)> <Delay = 0.00>
ST_2 : Operation 42 [1/1] (0.28ns) (out node of the LUT)   --->   "%and_ln175 = and i1 %or_ln174, i1 %or_ln174_1" [spikingformer_official.cpp:175]   --->   Operation 42 'and' 'and_ln175' <Predicate = (!icmp_ln173)> <Delay = 0.28> <CoreInst = "LogicGate">   --->   Core 74 'LogicGate' <Latency = 0> <II = 1> <Delay = 0.28> <FuncUnit> <Opcode : 'and' 'or' 'xor'> <InPorts = 2> <OutPorts = 1>
ST_2 : Operation 43 [1/1] (0.00ns)   --->   "%br_ln175 = br i1 %and_ln175, void %for.inc.split, void %for.first.iter.VITIS_LOOP_175_3" [spikingformer_official.cpp:175]   --->   Operation 43 'br' 'br_ln175' <Predicate = (!icmp_ln173)> <Delay = 0.00>
ST_2 : Operation 44 [2/2] (1.23ns)   --->   "%v67 = load i9 %v63_addr" [spikingformer_official.cpp:179]   --->   Operation 44 'load' 'v67' <Predicate = (!icmp_ln173 & and_ln175)> <Delay = 1.23> <CoreInst = "RAM">   --->   Core 82 'RAM' <Latency = 1> <II = 1> <Delay = 1.23> <Storage> <Opcode : 'load' 'store'> <Ports = 2> <Width = 32> <Depth = 384> <RAM>
ST_2 : Operation 45 [1/1] (0.79ns)   --->   "%add_ln175 = add i4 %v66_1, i4 1" [spikingformer_official.cpp:175]   --->   Operation 45 'add' 'add_ln175' <Predicate = (!icmp_ln173)> <Delay = 0.79> <CoreInst = "Adder">   --->   Core 1 'Adder' <Latency = 0> <II = 1> <Delay = 0.79> <FuncUnit> <Opcode : 'add' 'sub'> <InPorts = 2> <OutPorts = 1>
ST_2 : Operation 46 [1/1] (0.00ns) (grouped into LUT with out node select_ln175)   --->   "%or_ln175 = or i1 %and_ln173, i1 %icmp_ln174" [spikingformer_official.cpp:175]   --->   Operation 46 'or' 'or_ln175' <Predicate = (!icmp_ln173)> <Delay = 0.00> <CoreInst = "LogicGate">   --->   Core 74 'LogicGate' <Latency = 0> <II = 1> <Delay = 0.28> <FuncUnit> <Opcode : 'and' 'or' 'xor'> <InPorts = 2> <OutPorts = 1>
ST_2 : Operation 47 [1/1] (0.39ns) (out node of the LUT)   --->   "%select_ln175 = select i1 %or_ln175, i4 1, i4 %add_ln175" [spikingformer_official.cpp:175]   --->   Operation 47 'select' 'select_ln175' <Predicate = (!icmp_ln173)> <Delay = 0.39> <CoreInst = "Sel">   --->   Core 73 'Sel' <Latency = 0> <II = 1> <Delay = 0.39> <FuncUnit> <Opcode : 'select'> <InPorts = 3> <OutPorts = 1>
ST_2 : Operation 48 [1/1] (0.76ns)   --->   "%add_ln174 = add i8 %indvar_flatten_load, i8 1" [spikingformer_official.cpp:174]   --->   Operation 48 'add' 'add_ln174' <Predicate = (!icmp_ln173)> <Delay = 0.76> <CoreInst = "Adder">   --->   Core 1 'Adder' <Latency = 0> <II = 1> <Delay = 0.76> <FuncUnit> <Opcode : 'add' 'sub'> <InPorts = 2> <OutPorts = 1>
ST_2 : Operation 49 [1/1] (0.39ns)   --->   "%select_ln174 = select i1 %icmp_ln174, i8 1, i8 %add_ln174" [spikingformer_official.cpp:174]   --->   Operation 49 'select' 'select_ln174' <Predicate = (!icmp_ln173)> <Delay = 0.39> <CoreInst = "Sel">   --->   Core 73 'Sel' <Latency = 0> <II = 1> <Delay = 0.39> <FuncUnit> <Opcode : 'select'> <InPorts = 3> <OutPorts = 1>
ST_2 : Operation 50 [1/1] (0.42ns)   --->   "%store_ln173 = store i15 %add_ln173_1, i15 %indvar_flatten18" [spikingformer_official.cpp:173]   --->   Operation 50 'store' 'store_ln173' <Predicate = (!icmp_ln173)> <Delay = 0.42>
ST_2 : Operation 51 [1/1] (0.42ns)   --->   "%store_ln173 = store i9 %select_ln173, i9 %v64" [spikingformer_official.cpp:173]   --->   Operation 51 'store' 'store_ln173' <Predicate = (!icmp_ln173)> <Delay = 0.42>
ST_2 : Operation 52 [1/1] (0.42ns)   --->   "%store_ln174 = store i8 %select_ln174, i8 %indvar_flatten" [spikingformer_official.cpp:174]   --->   Operation 52 'store' 'store_ln174' <Predicate = (!icmp_ln173)> <Delay = 0.42>
ST_2 : Operation 53 [1/1] (0.42ns)   --->   "%store_ln175 = store i4 %select_ln175, i4 %v66" [spikingformer_official.cpp:175]   --->   Operation 53 'store' 'store_ln175' <Predicate = (!icmp_ln173)> <Delay = 0.42>
ST_2 : Operation 54 [1/1] (0.00ns)   --->   "%br_ln175 = br void %for.inc" [spikingformer_official.cpp:175]   --->   Operation 54 'br' 'br_ln175' <Predicate = (!icmp_ln173)> <Delay = 0.00>

State 3 <SV = 2> <Delay = 1.23>
ST_3 : Operation 55 [1/2] ( I:1.23ns O:1.23ns )   --->   "%v67 = load i9 %v63_addr" [spikingformer_official.cpp:179]   --->   Operation 55 'load' 'v67' <Predicate = (and_ln175)> <Delay = 1.23> <CoreInst = "RAM">   --->   Core 82 'RAM' <Latency = 1> <II = 1> <Delay = 1.23> <Storage> <Opcode : 'load' 'store'> <Ports = 2> <Width = 32> <Depth = 384> <RAM>
ST_3 : Operation 56 [1/1] (0.00ns)   --->   "%store_ln179 = store i32 %v67, i32 %v672" [spikingformer_official.cpp:179]   --->   Operation 56 'store' 'store_ln179' <Predicate = (and_ln175)> <Delay = 0.00>
ST_3 : Operation 57 [1/1] (0.00ns)   --->   "%br_ln174 = br void %for.inc.split" [spikingformer_official.cpp:174]   --->   Operation 57 'br' 'br_ln174' <Predicate = (and_ln175)> <Delay = 0.00>
ST_3 : Operation 65 [1/1] (0.42ns)   --->   "%ret_ln0 = ret"   --->   Operation 65 'ret' 'ret_ln0' <Predicate = (icmp_ln173)> <Delay = 0.42>

State 4 <SV = 3> <Delay = 7.30>
ST_4 : Operation 58 [1/1] (0.00ns)   --->   "%g0_addr = getelementptr i32 %g0, i64 %sext_ln173_cast" [spikingformer_official.cpp:173]   --->   Operation 58 'getelementptr' 'g0_addr' <Predicate = (!icmp_ln173)> <Delay = 0.00>
ST_4 : Operation 59 [1/1] (0.00ns)   --->   "%specloopname_ln0 = specloopname void @_ssdm_op_SpecLoopName, void @VITIS_LOOP_173_1_VITIS_LOOP_174_2_VITIS_LOOP_175_3_str"   --->   Operation 59 'specloopname' 'specloopname_ln0' <Predicate = (!icmp_ln173)> <Delay = 0.00>
ST_4 : Operation 60 [1/1] (0.00ns)   --->   "%speclooptripcount_ln0 = speclooptripcount void @_ssdm_op_SpecLoopTripCount, i64 24576, i64 24576, i64 24576"   --->   Operation 60 'speclooptripcount' 'speclooptripcount_ln0' <Predicate = (!icmp_ln173)> <Delay = 0.00>
ST_4 : Operation 61 [1/1] (0.00ns)   --->   "%v672_load = load i32 %v672"   --->   Operation 61 'load' 'v672_load' <Predicate = (!icmp_ln173)> <Delay = 0.00>
ST_4 : Operation 62 [1/1] (0.00ns)   --->   "%bitcast_ln180 = bitcast i32 %v672_load" [spikingformer_official.cpp:180]   --->   Operation 62 'bitcast' 'bitcast_ln180' <Predicate = (!icmp_ln173)> <Delay = 0.00>
ST_4 : Operation 63 [1/1] (0.00ns)   --->   "%specpipeline_ln176 = specpipeline void @_ssdm_op_SpecPipeline, i32 1, i32 0, i32 0, i32 0, i32 4294967295, void @empty_35" [spikingformer_official.cpp:176]   --->   Operation 63 'specpipeline' 'specpipeline_ln176' <Predicate = (!icmp_ln173)> <Delay = 0.00>
ST_4 : Operation 64 [1/1] ( I:7.30ns O:7.30ns )   --->   "%write_ln180 = write void @_ssdm_op_Write.m_axi.p1i32.i32, i32 %g0_addr, i32 %bitcast_ln180, i4 15" [spikingformer_official.cpp:180]   --->   Operation 64 'write' 'write_ln180' <Predicate = (!icmp_ln173)> <Delay = 7.30> <CoreInst = "m_axi">   --->   Core 119 'm_axi' <Latency = 5> <II = 1> <Delay = 1.00> <Adapter> <Opcode : 'readrequnaligned' 'writerequnaligned' 'read' 'write' 'readreq' 'writereq' 'writeresp'>


============================================================
+ Verbose Summary: Timing violations
============================================================
Target clock period: 10.000ns, clock uncertainty: 2.700ns.

 <State 1>: 0.427ns
The critical path consists of the following:
	'alloca' operation 15 bit ('indvar_flatten18') [7]  (0.000 ns)
	'store' operation ('store_ln0') of constant 0 15 bit on local variable 'indvar_flatten18' [13]  (0.427 ns)

 <State 2>: 2.411ns
The critical path consists of the following:
	'load' operation 9 bit ('v64_load', spikingformer_official.cpp:173) on local variable 'v64', spikingformer_official.cpp:173 [28]  (0.000 ns)
	'add' operation 9 bit ('add_ln173', spikingformer_official.cpp:173) [30]  (0.776 ns)
	'select' operation 9 bit ('select_ln173', spikingformer_official.cpp:173) [38]  (0.398 ns)
	'getelementptr' operation 9 bit ('v63_addr', spikingformer_official.cpp:179) [44]  (0.000 ns)
	'load' operation 32 bit ('v67', spikingformer_official.cpp:179) on array 'v63' [48]  (1.237 ns)

 <State 3>: 1.237ns
The critical path consists of the following:
	'load' operation 32 bit ('v67', spikingformer_official.cpp:179) on array 'v63' [48]  (1.237 ns)

 <State 4>: 7.300ns
The critical path consists of the following:
	'getelementptr' operation 32 bit ('g0_addr', spikingformer_official.cpp:173) [29]  (0.000 ns)
	bus write operation ('write_ln180', spikingformer_official.cpp:180) on port 'g0' (spikingformer_official.cpp:180) [55]  (7.300 ns)


============================================================
+ Verbose Summary: Binding
============================================================
N/A
* FSMD analyzer results:
  - Output states:
 - Input state : 
  - Chain level:
	State 1
	State 2
	State 3
	State 4


============================================================
+ Verbose Summary: Datapath Resource usage 
============================================================
N/A
