

================================================================
== Vitis HLS Report for 'kernel32'
================================================================
* Date:           Sun Jul 12 20:26:07 2026

* Version:        2025.2 (Build 6295257 on Nov 14 2025)
* Project:        spikingformer_proj
* Solution:       solution1 (Vivado IP Flow Target)
* Product family: zynquplus
* Target device:  xczu7ev-ffvc1156-2-e


================================================================
== Performance Estimates
================================================================
+ Timing: 
    * Summary: 
    +--------+----------+----------+------------+
    |  Clock |  Target  | Estimated| Uncertainty|
    +--------+----------+----------+------------+
    |ap_clk  |  10.00 ns|  7.300 ns|     2.70 ns|
    +--------+----------+----------+------------+

+ Latency: 
    * Summary: 
    +---------+---------+----------+----------+-----+-----+-------------------+
    |  Latency (cycles) |  Latency (absolute) |  Interval |      Pipeline     |
    |   min   |   max   |    min   |    max   | min | max |        Type       |
    +---------+---------+----------+----------+-----+-----+-------------------+
    |    24596|    24596|  0.246 ms|  0.246 ms|    0|    0|  loop pipeline stp|
    +---------+---------+----------+----------+-----+-----+-------------------+

    + Detail: 
        * Instance: 
        N/A

        * Loop: 
        +------------------------------------------------------+---------+---------+----------+-----------+-----------+-------+----------+
        |                                                      |  Latency (cycles) | Iteration|  Initiation Interval  |  Trip |          |
        |                       Loop Name                      |   min   |   max   |  Latency |  achieved |   target  | Count | Pipelined|
        +------------------------------------------------------+---------+---------+----------+-----------+-----------+-------+----------+
        |- VITIS_LOOP_468_1_VITIS_LOOP_469_2_VITIS_LOOP_470_3  |    24594|    24594|        20|          1|          1|  24576|       yes|
        +------------------------------------------------------+---------+---------+----------+-----------+-----------+-------+----------+

============================================================
+ Verbose Summary: Synthesis Manager
============================================================
InlineROM: 1
ExposeGlobal: 0
============================================================
+ Verbose Summary: CDFG Model
============================================================
IsTopModel: 0
ResetActiveHigh: 1
IsCombinational: 0
IsDatapathOnly: 0
HasWiredReturn: 1
HasMFsm: 2
HasVarLatency: 1
IsPipeline: 0
IsRtlPipelined: 0
IsInstanceOverlapped: 0
IsDontTouch: 0
HasImplIP: 0
IsGatedGlobalClock: 0

+ Individual pipeline summary: 
  * Pipeline-0: initiation interval (II) = 1, depth = 21


============================================================
+ Verbose Summary: Schedule
============================================================
* Number of FSM states : 21
* Pipeline : 1
  Pipeline-0 : II = 1, D = 21, States = { 1 2 3 4 5 6 7 8 9 10 11 12 13 14 15 16 17 18 19 20 21 }
* Dataflow Pipeline: 0

* FSM state transitions: 
1 --> 2 
2 --> 3 
3 --> 4 
4 --> 5 
5 --> 6 
6 --> 7 
7 --> 8 
8 --> 9 
9 --> 10 
10 --> 11 
11 --> 12 
12 --> 13 
13 --> 14 
14 --> 15 
15 --> 16 
16 --> 17 
17 --> 18 
18 --> 19 
19 --> 20 
20 --> 21 
21 --> 

* FSM state operations: 

State 1 <SV = 0> <Delay = 0.42>
ST_1 : Operation 23 [1/1] (0.00ns)   --->   "%v191 = alloca i32 1" [spikingformer_official.cpp:470]   --->   Operation 23 'alloca' 'v191' <Predicate = true> <Delay = 0.00>
ST_1 : Operation 24 [1/1] (0.00ns)   --->   "%v190 = alloca i32 1" [spikingformer_official.cpp:469]   --->   Operation 24 'alloca' 'v190' <Predicate = true> <Delay = 0.00>
ST_1 : Operation 25 [1/1] (0.00ns)   --->   "%indvar_flatten = alloca i32 1"   --->   Operation 25 'alloca' 'indvar_flatten' <Predicate = true> <Delay = 0.00>
ST_1 : Operation 26 [1/1] (0.00ns)   --->   "%v189 = alloca i32 1" [spikingformer_official.cpp:468]   --->   Operation 26 'alloca' 'v189' <Predicate = true> <Delay = 0.00>
ST_1 : Operation 27 [1/1] (0.00ns)   --->   "%indvar_flatten13 = alloca i32 1"   --->   Operation 27 'alloca' 'indvar_flatten13' <Predicate = true> <Delay = 0.00>
ST_1 : Operation 28 [1/1] (0.00ns)   --->   "%specstablecontent_ln0 = specstablecontent void @_ssdm_op_SpecStableContent, i32 %g0, i1 1, void "   --->   Operation 28 'specstablecontent' 'specstablecontent_ln0' <Predicate = true> <Delay = 0.00>
ST_1 : Operation 29 [1/1] (0.00ns)   --->   "%specinterface_ln0 = specinterface void @_ssdm_op_SpecInterface, i32 %g0, void @empty_26, i32 0, i32 0, void @empty_35, i32 0, i32 0, void @empty_22, void @empty_25, void @empty_35, i32 16, i32 16, i32 16, i32 16, void @empty_35, void @empty_35, i32 4294967295, i32 0, i32 0, i32 4"   --->   Operation 29 'specinterface' 'specinterface_ln0' <Predicate = true> <Delay = 0.00>
ST_1 : Operation 30 [1/1] (0.00ns)   --->   "%v187_read = read i64 @_ssdm_op_Read.ap_auto.i64, i64 %v187" [spikingformer_official.cpp:465]   --->   Operation 30 'read' 'v187_read' <Predicate = true> <Delay = 0.00>
ST_1 : Operation 31 [1/1] (0.42ns)   --->   "%store_ln0 = store i15 0, i15 %indvar_flatten13"   --->   Operation 31 'store' 'store_ln0' <Predicate = true> <Delay = 0.42>
ST_1 : Operation 32 [1/1] (0.42ns)   --->   "%store_ln468 = store i9 0, i9 %v189" [spikingformer_official.cpp:468]   --->   Operation 32 'store' 'store_ln468' <Predicate = true> <Delay = 0.42>
ST_1 : Operation 33 [1/1] (0.42ns)   --->   "%store_ln0 = store i8 0, i8 %indvar_flatten"   --->   Operation 33 'store' 'store_ln0' <Predicate = true> <Delay = 0.42>
ST_1 : Operation 34 [1/1] (0.42ns)   --->   "%store_ln469 = store i4 0, i4 %v190" [spikingformer_official.cpp:469]   --->   Operation 34 'store' 'store_ln469' <Predicate = true> <Delay = 0.42>
ST_1 : Operation 35 [1/1] (0.42ns)   --->   "%store_ln470 = store i4 0, i4 %v191" [spikingformer_official.cpp:470]   --->   Operation 35 'store' 'store_ln470' <Predicate = true> <Delay = 0.42>
ST_1 : Operation 36 [1/1] (0.00ns)   --->   "%br_ln468 = br void %for.inc" [spikingformer_official.cpp:468]   --->   Operation 36 'br' 'br_ln468' <Predicate = true> <Delay = 0.00>

State 2 <SV = 1> <Delay = 3.16>
ST_2 : Operation 37 [1/1] (0.00ns)   --->   "%indvar_flatten13_load = load i15 %indvar_flatten13" [spikingformer_official.cpp:468]   --->   Operation 37 'load' 'indvar_flatten13_load' <Predicate = true> <Delay = 0.00>
ST_2 : Operation 38 [1/1] (0.84ns)   --->   "%icmp_ln468 = icmp_eq  i15 %indvar_flatten13_load, i15 24576" [spikingformer_official.cpp:468]   --->   Operation 38 'icmp' 'icmp_ln468' <Predicate = true> <Delay = 0.84> <CoreInst = "Cmp">   --->   Core 9 'Cmp' <Latency = 0> <II = 1> <Delay = 0.84> <FuncUnit> <Opcode : 'seteq' 'setne' 'setle' 'setge' 'setlt' 'setgt'> <InPorts = 2> <OutPorts = 1>
ST_2 : Operation 39 [1/1] (0.84ns)   --->   "%add_ln468_1 = add i15 %indvar_flatten13_load, i15 1" [spikingformer_official.cpp:468]   --->   Operation 39 'add' 'add_ln468_1' <Predicate = true> <Delay = 0.84> <CoreInst = "Adder">   --->   Core 1 'Adder' <Latency = 0> <II = 1> <Delay = 0.84> <FuncUnit> <Opcode : 'add' 'sub'> <InPorts = 2> <OutPorts = 1>
ST_2 : Operation 40 [1/1] (0.00ns)   --->   "%br_ln468 = br i1 %icmp_ln468, void %for.inc24, void %for.end26" [spikingformer_official.cpp:468]   --->   Operation 40 'br' 'br_ln468' <Predicate = true> <Delay = 0.00>
ST_2 : Operation 41 [1/1] (0.00ns)   --->   "%v191_load = load i4 %v191" [spikingformer_official.cpp:470]   --->   Operation 41 'load' 'v191_load' <Predicate = (!icmp_ln468)> <Delay = 0.00>
ST_2 : Operation 42 [1/1] (0.00ns)   --->   "%v190_load = load i4 %v190" [spikingformer_official.cpp:468]   --->   Operation 42 'load' 'v190_load' <Predicate = (!icmp_ln468)> <Delay = 0.00>
ST_2 : Operation 43 [1/1] (0.00ns)   --->   "%indvar_flatten_load = load i8 %indvar_flatten" [spikingformer_official.cpp:469]   --->   Operation 43 'load' 'indvar_flatten_load' <Predicate = (!icmp_ln468)> <Delay = 0.00>
ST_2 : Operation 44 [1/1] (0.00ns)   --->   "%v189_load = load i9 %v189" [spikingformer_official.cpp:468]   --->   Operation 44 'load' 'v189_load' <Predicate = (!icmp_ln468)> <Delay = 0.00>
ST_2 : Operation 45 [1/1] (0.77ns)   --->   "%add_ln468 = add i9 %v189_load, i9 1" [spikingformer_official.cpp:468]   --->   Operation 45 'add' 'add_ln468' <Predicate = (!icmp_ln468)> <Delay = 0.77> <CoreInst = "Adder">   --->   Core 1 'Adder' <Latency = 0> <II = 1> <Delay = 0.77> <FuncUnit> <Opcode : 'add' 'sub'> <InPorts = 2> <OutPorts = 1>
ST_2 : Operation 46 [1/1] (0.76ns)   --->   "%icmp_ln469 = icmp_eq  i8 %indvar_flatten_load, i8 64" [spikingformer_official.cpp:469]   --->   Operation 46 'icmp' 'icmp_ln469' <Predicate = (!icmp_ln468)> <Delay = 0.76> <CoreInst = "Cmp">   --->   Core 9 'Cmp' <Latency = 0> <II = 1> <Delay = 0.76> <FuncUnit> <Opcode : 'seteq' 'setne' 'setle' 'setge' 'setlt' 'setgt'> <InPorts = 2> <OutPorts = 1>
ST_2 : Operation 47 [1/1] (0.39ns)   --->   "%select_ln468 = select i1 %icmp_ln469, i4 0, i4 %v190_load" [spikingformer_official.cpp:468]   --->   Operation 47 'select' 'select_ln468' <Predicate = (!icmp_ln468)> <Delay = 0.39> <CoreInst = "Sel">   --->   Core 73 'Sel' <Latency = 0> <II = 1> <Delay = 0.39> <FuncUnit> <Opcode : 'select'> <InPorts = 3> <OutPorts = 1>
ST_2 : Operation 48 [1/1] (0.00ns) (grouped into LUT with out node and_ln468)   --->   "%xor_ln468 = xor i1 %icmp_ln469, i1 1" [spikingformer_official.cpp:468]   --->   Operation 48 'xor' 'xor_ln468' <Predicate = (!icmp_ln468)> <Delay = 0.00> <CoreInst = "LogicGate">   --->   Core 74 'LogicGate' <Latency = 0> <II = 1> <Delay = 0.28> <FuncUnit> <Opcode : 'and' 'or' 'xor'> <InPorts = 2> <OutPorts = 1>
ST_2 : Operation 49 [1/1] (0.79ns)   --->   "%icmp_ln470 = icmp_eq  i4 %v191_load, i4 8" [spikingformer_official.cpp:470]   --->   Operation 49 'icmp' 'icmp_ln470' <Predicate = (!icmp_ln468)> <Delay = 0.79> <CoreInst = "Cmp">   --->   Core 9 'Cmp' <Latency = 0> <II = 1> <Delay = 0.79> <FuncUnit> <Opcode : 'seteq' 'setne' 'setle' 'setge' 'setlt' 'setgt'> <InPorts = 2> <OutPorts = 1>
ST_2 : Operation 50 [1/1] (0.28ns) (out node of the LUT)   --->   "%and_ln468 = and i1 %icmp_ln470, i1 %xor_ln468" [spikingformer_official.cpp:468]   --->   Operation 50 'and' 'and_ln468' <Predicate = (!icmp_ln468)> <Delay = 0.28> <CoreInst = "LogicGate">   --->   Core 74 'LogicGate' <Latency = 0> <II = 1> <Delay = 0.28> <FuncUnit> <Opcode : 'and' 'or' 'xor'> <InPorts = 2> <OutPorts = 1>
ST_2 : Operation 51 [1/1] (0.39ns)   --->   "%select_ln468_1 = select i1 %icmp_ln469, i9 %add_ln468, i9 %v189_load" [spikingformer_official.cpp:468]   --->   Operation 51 'select' 'select_ln468_1' <Predicate = (!icmp_ln468)> <Delay = 0.39> <CoreInst = "Sel">   --->   Core 73 'Sel' <Latency = 0> <II = 1> <Delay = 0.39> <FuncUnit> <Opcode : 'select'> <InPorts = 3> <OutPorts = 1>
ST_2 : Operation 52 [1/1] (0.79ns)   --->   "%add_ln469 = add i4 %select_ln468, i4 1" [spikingformer_official.cpp:469]   --->   Operation 52 'add' 'add_ln469' <Predicate = (!icmp_ln468)> <Delay = 0.79> <CoreInst = "Adder">   --->   Core 1 'Adder' <Latency = 0> <II = 1> <Delay = 0.79> <FuncUnit> <Opcode : 'add' 'sub'> <InPorts = 2> <OutPorts = 1>
ST_2 : Operation 53 [1/1] (0.00ns) (grouped into LUT with out node v191_mid2)   --->   "%empty = or i1 %and_ln468, i1 %icmp_ln469" [spikingformer_official.cpp:468]   --->   Operation 53 'or' 'empty' <Predicate = (!icmp_ln468)> <Delay = 0.00> <CoreInst = "LogicGate">   --->   Core 74 'LogicGate' <Latency = 0> <II = 1> <Delay = 0.28> <FuncUnit> <Opcode : 'and' 'or' 'xor'> <InPorts = 2> <OutPorts = 1>
ST_2 : Operation 54 [1/1] (0.39ns) (out node of the LUT)   --->   "%v191_mid2 = select i1 %empty, i4 0, i4 %v191_load" [spikingformer_official.cpp:468]   --->   Operation 54 'select' 'v191_mid2' <Predicate = (!icmp_ln468)> <Delay = 0.39> <CoreInst = "Sel">   --->   Core 73 'Sel' <Latency = 0> <II = 1> <Delay = 0.39> <FuncUnit> <Opcode : 'select'> <InPorts = 3> <OutPorts = 1>
ST_2 : Operation 55 [1/1] (0.39ns)   --->   "%select_ln469 = select i1 %and_ln468, i4 %add_ln469, i4 %select_ln468" [spikingformer_official.cpp:469]   --->   Operation 55 'select' 'select_ln469' <Predicate = (!icmp_ln468)> <Delay = 0.39> <CoreInst = "Sel">   --->   Core 73 'Sel' <Latency = 0> <II = 1> <Delay = 0.39> <FuncUnit> <Opcode : 'select'> <InPorts = 3> <OutPorts = 1>
ST_2 : Operation 56 [1/1] (0.00ns)   --->   "%shl_ln = bitconcatenate i17 @_ssdm_op_BitConcatenate.i17.i9.i8, i9 %select_ln468_1, i8 0" [spikingformer_official.cpp:473]   --->   Operation 56 'bitconcatenate' 'shl_ln' <Predicate = (!icmp_ln468)> <Delay = 0.00>
ST_2 : Operation 57 [1/1] (0.00ns)   --->   "%zext_ln469 = zext i17 %shl_ln" [spikingformer_official.cpp:469]   --->   Operation 57 'zext' 'zext_ln469' <Predicate = (!icmp_ln468)> <Delay = 0.00>
ST_2 : Operation 58 [1/1] (0.00ns)   --->   "%trunc_ln473 = trunc i4 %v191_mid2" [spikingformer_official.cpp:473]   --->   Operation 58 'trunc' 'trunc_ln473' <Predicate = (!icmp_ln468)> <Delay = 0.00>
ST_2 : Operation 59 [1/1] (0.00ns) (grouped into TernaryAdder)   --->   "%add_ln473 = add i64 %zext_ln469, i64 %v187_read" [spikingformer_official.cpp:473]   --->   Operation 59 'add' 'add_ln473' <Predicate = (!icmp_ln468)> <Delay = 0.00> <CoreInst = "TAddSub">   --->   Core 10 'TAddSub' <Latency = 0> <II = 1> <Delay = 0.40> <IPBlock> <Opcode : 'add' 'sub'> <InPorts = 3> <OutPorts = 1> <Sync> <CReg>
ST_2 : Operation 60 [1/1] (0.00ns)   --->   "%trunc_ln473_1 = trunc i4 %select_ln469" [spikingformer_official.cpp:473]   --->   Operation 60 'trunc' 'trunc_ln473_1' <Predicate = (!icmp_ln468)> <Delay = 0.00>
ST_2 : Operation 61 [1/1] (0.00ns)   --->   "%tmp1 = bitconcatenate i8 @_ssdm_op_BitConcatenate.i8.i3.i3.i2, i3 %trunc_ln473_1, i3 %trunc_ln473, i2 0" [spikingformer_official.cpp:473]   --->   Operation 61 'bitconcatenate' 'tmp1' <Predicate = (!icmp_ln468)> <Delay = 0.00>
ST_2 : Operation 62 [1/1] (0.00ns)   --->   "%zext_ln473 = zext i8 %tmp1" [spikingformer_official.cpp:473]   --->   Operation 62 'zext' 'zext_ln473' <Predicate = (!icmp_ln468)> <Delay = 0.00>
ST_2 : Operation 63 [1/1] (0.81ns) (root node of TernaryAdder)   --->   "%add_ln473_1 = add i64 %zext_ln473, i64 %add_ln473" [spikingformer_official.cpp:473]   --->   Operation 63 'add' 'add_ln473_1' <Predicate = (!icmp_ln468)> <Delay = 0.81> <CoreInst = "TAddSub">   --->   Core 10 'TAddSub' <Latency = 0> <II = 1> <Delay = 0.40> <IPBlock> <Opcode : 'add' 'sub'> <InPorts = 3> <OutPorts = 1> <Sync> <CReg>
ST_2 : Operation 64 [1/1] (0.00ns)   --->   "%trunc_ln = partselect i62 @_ssdm_op_PartSelect.i62.i64.i32.i32, i64 %add_ln473_1, i32 2, i32 63" [spikingformer_official.cpp:473]   --->   Operation 64 'partselect' 'trunc_ln' <Predicate = (!icmp_ln468)> <Delay = 0.00>
ST_2 : Operation 65 [1/1] (0.00ns)   --->   "%sext_ln473 = sext i62 %trunc_ln" [spikingformer_official.cpp:473]   --->   Operation 65 'sext' 'sext_ln473' <Predicate = (!icmp_ln468)> <Delay = 0.00>
ST_2 : Operation 66 [1/1] (0.00ns)   --->   "%g0_addr = getelementptr i32 %g0, i64 %sext_ln473" [spikingformer_official.cpp:473]   --->   Operation 66 'getelementptr' 'g0_addr' <Predicate = (!icmp_ln468)> <Delay = 0.00>
ST_2 : Operation 67 [1/1] (0.79ns)   --->   "%add_ln470 = add i4 %v191_mid2, i4 1" [spikingformer_official.cpp:470]   --->   Operation 67 'add' 'add_ln470' <Predicate = (!icmp_ln468)> <Delay = 0.79> <CoreInst = "Adder">   --->   Core 1 'Adder' <Latency = 0> <II = 1> <Delay = 0.79> <FuncUnit> <Opcode : 'add' 'sub'> <InPorts = 2> <OutPorts = 1>
ST_2 : Operation 68 [1/1] (0.76ns)   --->   "%add_ln469_1 = add i8 %indvar_flatten_load, i8 1" [spikingformer_official.cpp:469]   --->   Operation 68 'add' 'add_ln469_1' <Predicate = (!icmp_ln468)> <Delay = 0.76> <CoreInst = "Adder">   --->   Core 1 'Adder' <Latency = 0> <II = 1> <Delay = 0.76> <FuncUnit> <Opcode : 'add' 'sub'> <InPorts = 2> <OutPorts = 1>
ST_2 : Operation 69 [1/1] (0.39ns)   --->   "%select_ln469_1 = select i1 %icmp_ln469, i8 1, i8 %add_ln469_1" [spikingformer_official.cpp:469]   --->   Operation 69 'select' 'select_ln469_1' <Predicate = (!icmp_ln468)> <Delay = 0.39> <CoreInst = "Sel">   --->   Core 73 'Sel' <Latency = 0> <II = 1> <Delay = 0.39> <FuncUnit> <Opcode : 'select'> <InPorts = 3> <OutPorts = 1>
ST_2 : Operation 70 [1/1] (0.42ns)   --->   "%store_ln468 = store i15 %add_ln468_1, i15 %indvar_flatten13" [spikingformer_official.cpp:468]   --->   Operation 70 'store' 'store_ln468' <Predicate = (!icmp_ln468)> <Delay = 0.42>
ST_2 : Operation 71 [1/1] (0.42ns)   --->   "%store_ln468 = store i9 %select_ln468_1, i9 %v189" [spikingformer_official.cpp:468]   --->   Operation 71 'store' 'store_ln468' <Predicate = (!icmp_ln468)> <Delay = 0.42>
ST_2 : Operation 72 [1/1] (0.42ns)   --->   "%store_ln469 = store i8 %select_ln469_1, i8 %indvar_flatten" [spikingformer_official.cpp:469]   --->   Operation 72 'store' 'store_ln469' <Predicate = (!icmp_ln468)> <Delay = 0.42>
ST_2 : Operation 73 [1/1] (0.42ns)   --->   "%store_ln469 = store i4 %select_ln469, i4 %v190" [spikingformer_official.cpp:469]   --->   Operation 73 'store' 'store_ln469' <Predicate = (!icmp_ln468)> <Delay = 0.42>
ST_2 : Operation 74 [1/1] (0.42ns)   --->   "%store_ln470 = store i4 %add_ln470, i4 %v191" [spikingformer_official.cpp:470]   --->   Operation 74 'store' 'store_ln470' <Predicate = (!icmp_ln468)> <Delay = 0.42>

State 3 <SV = 2> <Delay = 0.00>
ST_3 : Operation 75 [8/8] (7.30ns)   --->   "%g0_load_req = readreq i1 @_ssdm_op_ReadReq.m_axi.i32P1A, i32 %g0_addr, i64 1" [spikingformer_official.cpp:473]   --->   Operation 75 'readreq' 'g0_load_req' <Predicate = true> <Delay = 7.30> <CoreInst = "m_axi">   --->   Core 119 'm_axi' <Latency = 6> <II = 1> <Delay = 1.00> <Adapter> <Opcode : 'readrequnaligned' 'writerequnaligned' 'read' 'write' 'readreq' 'writereq' 'writeresp'>

State 4 <SV = 3> <Delay = 0.00>
ST_4 : Operation 76 [7/8] (7.30ns)   --->   "%g0_load_req = readreq i1 @_ssdm_op_ReadReq.m_axi.i32P1A, i32 %g0_addr, i64 1" [spikingformer_official.cpp:473]   --->   Operation 76 'readreq' 'g0_load_req' <Predicate = true> <Delay = 7.30> <CoreInst = "m_axi">   --->   Core 119 'm_axi' <Latency = 6> <II = 1> <Delay = 1.00> <Adapter> <Opcode : 'readrequnaligned' 'writerequnaligned' 'read' 'write' 'readreq' 'writereq' 'writeresp'>

State 5 <SV = 4> <Delay = 0.00>
ST_5 : Operation 77 [6/8] (7.30ns)   --->   "%g0_load_req = readreq i1 @_ssdm_op_ReadReq.m_axi.i32P1A, i32 %g0_addr, i64 1" [spikingformer_official.cpp:473]   --->   Operation 77 'readreq' 'g0_load_req' <Predicate = true> <Delay = 7.30> <CoreInst = "m_axi">   --->   Core 119 'm_axi' <Latency = 6> <II = 1> <Delay = 1.00> <Adapter> <Opcode : 'readrequnaligned' 'writerequnaligned' 'read' 'write' 'readreq' 'writereq' 'writeresp'>

State 6 <SV = 5> <Delay = 0.00>
ST_6 : Operation 78 [5/8] (7.30ns)   --->   "%g0_load_req = readreq i1 @_ssdm_op_ReadReq.m_axi.i32P1A, i32 %g0_addr, i64 1" [spikingformer_official.cpp:473]   --->   Operation 78 'readreq' 'g0_load_req' <Predicate = true> <Delay = 7.30> <CoreInst = "m_axi">   --->   Core 119 'm_axi' <Latency = 6> <II = 1> <Delay = 1.00> <Adapter> <Opcode : 'readrequnaligned' 'writerequnaligned' 'read' 'write' 'readreq' 'writereq' 'writeresp'>

State 7 <SV = 6> <Delay = 0.00>
ST_7 : Operation 79 [4/8] (7.30ns)   --->   "%g0_load_req = readreq i1 @_ssdm_op_ReadReq.m_axi.i32P1A, i32 %g0_addr, i64 1" [spikingformer_official.cpp:473]   --->   Operation 79 'readreq' 'g0_load_req' <Predicate = true> <Delay = 7.30> <CoreInst = "m_axi">   --->   Core 119 'm_axi' <Latency = 6> <II = 1> <Delay = 1.00> <Adapter> <Opcode : 'readrequnaligned' 'writerequnaligned' 'read' 'write' 'readreq' 'writereq' 'writeresp'>

State 8 <SV = 7> <Delay = 0.00>
ST_8 : Operation 80 [3/8] (7.30ns)   --->   "%g0_load_req = readreq i1 @_ssdm_op_ReadReq.m_axi.i32P1A, i32 %g0_addr, i64 1" [spikingformer_official.cpp:473]   --->   Operation 80 'readreq' 'g0_load_req' <Predicate = true> <Delay = 7.30> <CoreInst = "m_axi">   --->   Core 119 'm_axi' <Latency = 6> <II = 1> <Delay = 1.00> <Adapter> <Opcode : 'readrequnaligned' 'writerequnaligned' 'read' 'write' 'readreq' 'writereq' 'writeresp'>

State 9 <SV = 8> <Delay = 0.00>
ST_9 : Operation 81 [2/8] (7.30ns)   --->   "%g0_load_req = readreq i1 @_ssdm_op_ReadReq.m_axi.i32P1A, i32 %g0_addr, i64 1" [spikingformer_official.cpp:473]   --->   Operation 81 'readreq' 'g0_load_req' <Predicate = true> <Delay = 7.30> <CoreInst = "m_axi">   --->   Core 119 'm_axi' <Latency = 6> <II = 1> <Delay = 1.00> <Adapter> <Opcode : 'readrequnaligned' 'writerequnaligned' 'read' 'write' 'readreq' 'writereq' 'writeresp'>

State 10 <SV = 9> <Delay = 7.30>
ST_10 : Operation 82 [1/8] ( I:7.30ns O:7.30ns )   --->   "%g0_load_req = readreq i1 @_ssdm_op_ReadReq.m_axi.i32P1A, i32 %g0_addr, i64 1" [spikingformer_official.cpp:473]   --->   Operation 82 'readreq' 'g0_load_req' <Predicate = true> <Delay = 7.30> <CoreInst = "m_axi">   --->   Core 119 'm_axi' <Latency = 6> <II = 1> <Delay = 1.00> <Adapter> <Opcode : 'readrequnaligned' 'writerequnaligned' 'read' 'write' 'readreq' 'writereq' 'writeresp'>

State 11 <SV = 10> <Delay = 7.30>
ST_11 : Operation 83 [1/1] ( I:7.30ns O:7.30ns )   --->   "%g0_addr_read = read i32 @_ssdm_op_Read.m_axi.i32P1A, i32 %g0_addr" [spikingformer_official.cpp:473]   --->   Operation 83 'read' 'g0_addr_read' <Predicate = true> <Delay = 7.30> <CoreInst = "m_axi">   --->   Core 119 'm_axi' <Latency = 3> <II = 1> <Delay = 1.00> <Adapter> <Opcode : 'readrequnaligned' 'writerequnaligned' 'read' 'write' 'readreq' 'writereq' 'writeresp'>

State 12 <SV = 11> <Delay = 6.43>
ST_12 : Operation 84 [1/1] (0.00ns)   --->   "%v192 = bitcast i32 %g0_addr_read" [spikingformer_official.cpp:473]   --->   Operation 84 'bitcast' 'v192' <Predicate = true> <Delay = 0.00>
ST_12 : Operation 85 [4/4] (6.43ns)   --->   "%v193 = fadd i32 %v192, i32 -1" [spikingformer_official.cpp:474]   --->   Operation 85 'fadd' 'v193' <Predicate = true> <Delay = 6.43> <CoreInst = "FAddSub_fulldsp">   --->   Core 18 'FAddSub_fulldsp' <Latency = 3> <II = 1> <Delay = 6.43> <FuncUnit> <Opcode : 'fadd' 'fsub'> <InPorts = 2> <OutPorts = 1>

State 13 <SV = 12> <Delay = 6.43>
ST_13 : Operation 86 [3/4] (6.43ns)   --->   "%v193 = fadd i32 %v192, i32 -1" [spikingformer_official.cpp:474]   --->   Operation 86 'fadd' 'v193' <Predicate = true> <Delay = 6.43> <CoreInst = "FAddSub_fulldsp">   --->   Core 18 'FAddSub_fulldsp' <Latency = 3> <II = 1> <Delay = 6.43> <FuncUnit> <Opcode : 'fadd' 'fsub'> <InPorts = 2> <OutPorts = 1>

State 14 <SV = 13> <Delay = 6.43>
ST_14 : Operation 87 [2/4] (6.43ns)   --->   "%v193 = fadd i32 %v192, i32 -1" [spikingformer_official.cpp:474]   --->   Operation 87 'fadd' 'v193' <Predicate = true> <Delay = 6.43> <CoreInst = "FAddSub_fulldsp">   --->   Core 18 'FAddSub_fulldsp' <Latency = 3> <II = 1> <Delay = 6.43> <FuncUnit> <Opcode : 'fadd' 'fsub'> <InPorts = 2> <OutPorts = 1>

State 15 <SV = 14> <Delay = 7.30>
ST_15 : Operation 88 [1/4] (6.43ns)   --->   "%v193 = fadd i32 %v192, i32 -1" [spikingformer_official.cpp:474]   --->   Operation 88 'fadd' 'v193' <Predicate = true> <Delay = 6.43> <CoreInst = "FAddSub_fulldsp">   --->   Core 18 'FAddSub_fulldsp' <Latency = 3> <II = 1> <Delay = 6.43> <FuncUnit> <Opcode : 'fadd' 'fsub'> <InPorts = 2> <OutPorts = 1>
ST_15 : Operation 89 [1/1] ( I:7.30ns O:7.30ns )   --->   "%g0_addr_90_req = writereq i1 @_ssdm_op_WriteReq.m_axi.i32P1A, i32 %g0_addr, i64 1" [spikingformer_official.cpp:475]   --->   Operation 89 'writereq' 'g0_addr_90_req' <Predicate = true> <Delay = 7.30> <CoreInst = "m_axi">   --->   Core 119 'm_axi' <Latency = 9> <II = 1> <Delay = 1.00> <Adapter> <Opcode : 'readrequnaligned' 'writerequnaligned' 'read' 'write' 'readreq' 'writereq' 'writeresp'>

State 16 <SV = 15> <Delay = 7.30>
ST_16 : Operation 90 [1/1] (0.00ns)   --->   "%bitcast_ln475 = bitcast i32 %v193" [spikingformer_official.cpp:475]   --->   Operation 90 'bitcast' 'bitcast_ln475' <Predicate = true> <Delay = 0.00>
ST_16 : Operation 91 [1/1] ( I:7.30ns O:7.30ns )   --->   "%write_ln475 = write void @_ssdm_op_Write.m_axi.i32P1A, i32 %g0_addr, i32 %bitcast_ln475, i4 15" [spikingformer_official.cpp:475]   --->   Operation 91 'write' 'write_ln475' <Predicate = true> <Delay = 7.30> <CoreInst = "m_axi">   --->   Core 119 'm_axi' <Latency = 5> <II = 1> <Delay = 1.00> <Adapter> <Opcode : 'readrequnaligned' 'writerequnaligned' 'read' 'write' 'readreq' 'writereq' 'writeresp'>

State 17 <SV = 16> <Delay = 0.00>
ST_17 : Operation 92 [5/5] (7.30ns)   --->   "%g0_addr_90_resp = writeresp i1 @_ssdm_op_WriteResp.m_axi.i32P1A, i32 %g0_addr" [spikingformer_official.cpp:475]   --->   Operation 92 'writeresp' 'g0_addr_90_resp' <Predicate = true> <Delay = 7.30> <CoreInst = "m_axi">   --->   Core 119 'm_axi' <Latency = 3> <II = 1> <Delay = 1.00> <Adapter> <Opcode : 'readrequnaligned' 'writerequnaligned' 'read' 'write' 'readreq' 'writereq' 'writeresp'>

State 18 <SV = 17> <Delay = 0.00>
ST_18 : Operation 93 [4/5] (7.30ns)   --->   "%g0_addr_90_resp = writeresp i1 @_ssdm_op_WriteResp.m_axi.i32P1A, i32 %g0_addr" [spikingformer_official.cpp:475]   --->   Operation 93 'writeresp' 'g0_addr_90_resp' <Predicate = true> <Delay = 7.30> <CoreInst = "m_axi">   --->   Core 119 'm_axi' <Latency = 3> <II = 1> <Delay = 1.00> <Adapter> <Opcode : 'readrequnaligned' 'writerequnaligned' 'read' 'write' 'readreq' 'writereq' 'writeresp'>

State 19 <SV = 18> <Delay = 0.00>
ST_19 : Operation 94 [3/5] (7.30ns)   --->   "%g0_addr_90_resp = writeresp i1 @_ssdm_op_WriteResp.m_axi.i32P1A, i32 %g0_addr" [spikingformer_official.cpp:475]   --->   Operation 94 'writeresp' 'g0_addr_90_resp' <Predicate = true> <Delay = 7.30> <CoreInst = "m_axi">   --->   Core 119 'm_axi' <Latency = 3> <II = 1> <Delay = 1.00> <Adapter> <Opcode : 'readrequnaligned' 'writerequnaligned' 'read' 'write' 'readreq' 'writereq' 'writeresp'>

State 20 <SV = 19> <Delay = 0.42>
ST_20 : Operation 95 [2/5] (7.30ns)   --->   "%g0_addr_90_resp = writeresp i1 @_ssdm_op_WriteResp.m_axi.i32P1A, i32 %g0_addr" [spikingformer_official.cpp:475]   --->   Operation 95 'writeresp' 'g0_addr_90_resp' <Predicate = true> <Delay = 7.30> <CoreInst = "m_axi">   --->   Core 119 'm_axi' <Latency = 3> <II = 1> <Delay = 1.00> <Adapter> <Opcode : 'readrequnaligned' 'writerequnaligned' 'read' 'write' 'readreq' 'writereq' 'writeresp'>
ST_20 : Operation 101 [1/1] (0.42ns)   --->   "%ret_ln479 = ret" [spikingformer_official.cpp:479]   --->   Operation 101 'ret' 'ret_ln479' <Predicate = (icmp_ln468)> <Delay = 0.42>

State 21 <SV = 20> <Delay = 7.30>
ST_21 : Operation 96 [1/1] (0.00ns)   --->   "%specloopname_ln0 = specloopname void @_ssdm_op_SpecLoopName, void @VITIS_LOOP_468_1_VITIS_LOOP_469_2_VITIS_LOOP_470_3_str"   --->   Operation 96 'specloopname' 'specloopname_ln0' <Predicate = true> <Delay = 0.00>
ST_21 : Operation 97 [1/1] (0.00ns)   --->   "%speclooptripcount_ln0 = speclooptripcount void @_ssdm_op_SpecLoopTripCount, i64 24576, i64 24576, i64 24576"   --->   Operation 97 'speclooptripcount' 'speclooptripcount_ln0' <Predicate = true> <Delay = 0.00>
ST_21 : Operation 98 [1/1] (0.00ns)   --->   "%specpipeline_ln471 = specpipeline void @_ssdm_op_SpecPipeline, i32 1, i32 0, i32 0, i32 0, i32 4294967295, void @empty_35" [spikingformer_official.cpp:471]   --->   Operation 98 'specpipeline' 'specpipeline_ln471' <Predicate = true> <Delay = 0.00>
ST_21 : Operation 99 [1/5] ( I:7.30ns O:7.30ns )   --->   "%g0_addr_90_resp = writeresp i1 @_ssdm_op_WriteResp.m_axi.i32P1A, i32 %g0_addr" [spikingformer_official.cpp:475]   --->   Operation 99 'writeresp' 'g0_addr_90_resp' <Predicate = true> <Delay = 7.30> <CoreInst = "m_axi">   --->   Core 119 'm_axi' <Latency = 3> <II = 1> <Delay = 1.00> <Adapter> <Opcode : 'readrequnaligned' 'writerequnaligned' 'read' 'write' 'readreq' 'writereq' 'writeresp'>
ST_21 : Operation 100 [1/1] (0.00ns)   --->   "%br_ln470 = br void %for.inc" [spikingformer_official.cpp:470]   --->   Operation 100 'br' 'br_ln470' <Predicate = true> <Delay = 0.00>


============================================================
+ Verbose Summary: Timing violations
============================================================
Target clock period: 10.000ns, clock uncertainty: 2.700ns.

 <State 1>: 0.427ns
The critical path consists of the following:
	'alloca' operation 15 bit ('indvar_flatten13') [7]  (0.000 ns)
	'store' operation ('store_ln0') of constant 0 15 bit on local variable 'indvar_flatten13' [11]  (0.427 ns)

 <State 2>: 3.163ns
The critical path consists of the following:
	'load' operation 8 bit ('indvar_flatten_load', spikingformer_official.cpp:469) on local variable 'indvar_flatten' [25]  (0.000 ns)
	'icmp' operation 1 bit ('icmp_ln469', spikingformer_official.cpp:469) [30]  (0.765 ns)
	'select' operation 4 bit ('select_ln468', spikingformer_official.cpp:468) [31]  (0.391 ns)
	'add' operation 4 bit ('add_ln469', spikingformer_official.cpp:469) [36]  (0.797 ns)
	'select' operation 4 bit ('select_ln469', spikingformer_official.cpp:469) [39]  (0.391 ns)
	'add' operation 64 bit ('add_ln473_1', spikingformer_official.cpp:473) [48]  (0.819 ns)

 <State 3>: 0.000ns
The critical path consists of the following:

 <State 4>: 0.000ns
The critical path consists of the following:

 <State 5>: 0.000ns
The critical path consists of the following:

 <State 6>: 0.000ns
The critical path consists of the following:

 <State 7>: 0.000ns
The critical path consists of the following:

 <State 8>: 0.000ns
The critical path consists of the following:

 <State 9>: 0.000ns
The critical path consists of the following:

 <State 10>: 7.300ns
The critical path consists of the following:
	bus request operation ('g0_load_req', spikingformer_official.cpp:473) on port 'g0' (spikingformer_official.cpp:473) [52]  (7.300 ns)

 <State 11>: 7.300ns
The critical path consists of the following:
	bus read operation ('g0_addr_read', spikingformer_official.cpp:473) on port 'g0' (spikingformer_official.cpp:473) [53]  (7.300 ns)

 <State 12>: 6.437ns
The critical path consists of the following:
	'fadd' operation 32 bit ('v193', spikingformer_official.cpp:474) [55]  (6.437 ns)

 <State 13>: 6.437ns
The critical path consists of the following:
	'fadd' operation 32 bit ('v193', spikingformer_official.cpp:474) [55]  (6.437 ns)

 <State 14>: 6.437ns
The critical path consists of the following:
	'fadd' operation 32 bit ('v193', spikingformer_official.cpp:474) [55]  (6.437 ns)

 <State 15>: 7.300ns
The critical path consists of the following:
	bus request operation ('g0_addr_90_req', spikingformer_official.cpp:475) on port 'g0' (spikingformer_official.cpp:475) [57]  (7.300 ns)

 <State 16>: 7.300ns
The critical path consists of the following:
	bus write operation ('write_ln475', spikingformer_official.cpp:475) on port 'g0' (spikingformer_official.cpp:475) [58]  (7.300 ns)

 <State 17>: 0.000ns
The critical path consists of the following:

 <State 18>: 0.000ns
The critical path consists of the following:

 <State 19>: 0.000ns
The critical path consists of the following:

 <State 20>: 0.427ns
The critical path consists of the following:

 <State 21>: 7.300ns
The critical path consists of the following:
	bus response operation ('g0_addr_90_resp', spikingformer_official.cpp:475) on port 'g0' (spikingformer_official.cpp:475) [59]  (7.300 ns)


============================================================
+ Verbose Summary: Binding
============================================================
N/A
* FSMD analyzer results:
  - Output states:
 - Input state : 
  - Chain level:
	State 1
	State 2
	State 3
	State 4
	State 5
	State 6
	State 7
	State 8
	State 9
	State 10
	State 11
	State 12
	State 13
	State 14
	State 15
	State 16
	State 17
	State 18
	State 19
	State 20
	State 21


============================================================
+ Verbose Summary: Datapath Resource usage 
============================================================
N/A
