

================================================================
== Vitis HLS Report for 'kernel19'
================================================================
* Date:           Sun Jul 12 20:26:10 2026

* Version:        2025.2 (Build 6295257 on Nov 14 2025)
* Project:        spikingformer_proj
* Solution:       solution1 (Vivado IP Flow Target)
* Product family: zynquplus
* Target device:  xczu7ev-ffvc1156-2-e


================================================================
== Performance Estimates
================================================================
+ Timing: 
    * Summary: 
    +--------+----------+----------+------------+
    |  Clock |  Target  | Estimated| Uncertainty|
    +--------+----------+----------+------------+
    |ap_clk  |  10.00 ns|  7.300 ns|     2.70 ns|
    +--------+----------+----------+------------+

+ Latency: 
    * Summary: 
    +---------+---------+----------+----------+-----+-----+-------------------+
    |  Latency (cycles) |  Latency (absolute) |  Interval |      Pipeline     |
    |   min   |   max   |    min   |    max   | min | max |        Type       |
    +---------+---------+----------+----------+-----+-----+-------------------+
    |    98323|    98323|  0.983 ms|  0.983 ms|    0|    0|  loop pipeline stp|
    +---------+---------+----------+----------+-----+-----+-------------------+

    + Detail: 
        * Instance: 
        N/A

        * Loop: 
        +------------------------------------------------------+---------+---------+----------+-----------+-----------+-------+----------+
        |                                                      |  Latency (cycles) | Iteration|  Initiation Interval  |  Trip |          |
        |                       Loop Name                      |   min   |   max   |  Latency |  achieved |   target  | Count | Pipelined|
        +------------------------------------------------------+---------+---------+----------+-----------+-----------+-------+----------+
        |- VITIS_LOOP_325_1_VITIS_LOOP_326_2_VITIS_LOOP_327_3  |    98321|    98321|        19|          1|          1|  98304|       yes|
        +------------------------------------------------------+---------+---------+----------+-----------+-----------+-------+----------+

============================================================
+ Verbose Summary: Synthesis Manager
============================================================
InlineROM: 1
ExposeGlobal: 0
============================================================
+ Verbose Summary: CDFG Model
============================================================
IsTopModel: 0
ResetActiveHigh: 1
IsCombinational: 0
IsDatapathOnly: 0
HasWiredReturn: 1
HasMFsm: 2
HasVarLatency: 1
IsPipeline: 0
IsRtlPipelined: 0
IsInstanceOverlapped: 0
IsDontTouch: 0
HasImplIP: 0
IsGatedGlobalClock: 0

+ Individual pipeline summary: 
  * Pipeline-0: initiation interval (II) = 1, depth = 20


============================================================
+ Verbose Summary: Schedule
============================================================
* Number of FSM states : 20
* Pipeline : 1
  Pipeline-0 : II = 1, D = 20, States = { 1 2 3 4 5 6 7 8 9 10 11 12 13 14 15 16 17 18 19 20 }
* Dataflow Pipeline: 0

* FSM state transitions: 
1 --> 2 
2 --> 3 
3 --> 4 
4 --> 5 
5 --> 6 
6 --> 7 
7 --> 8 
8 --> 9 
9 --> 10 
10 --> 11 
11 --> 12 
12 --> 13 
13 --> 14 
14 --> 15 
15 --> 16 
16 --> 17 
17 --> 18 
18 --> 19 
19 --> 20 
20 --> 

* FSM state operations: 

State 1 <SV = 0> <Delay = 0.42>
ST_1 : Operation 22 [1/1] (0.00ns)   --->   "%v130 = alloca i32 1" [spikingformer_official.cpp:327]   --->   Operation 22 'alloca' 'v130' <Predicate = true> <Delay = 0.00>
ST_1 : Operation 23 [1/1] (0.00ns)   --->   "%v129 = alloca i32 1" [spikingformer_official.cpp:326]   --->   Operation 23 'alloca' 'v129' <Predicate = true> <Delay = 0.00>
ST_1 : Operation 24 [1/1] (0.00ns)   --->   "%indvar_flatten = alloca i32 1"   --->   Operation 24 'alloca' 'indvar_flatten' <Predicate = true> <Delay = 0.00>
ST_1 : Operation 25 [1/1] (0.00ns)   --->   "%v128 = alloca i32 1" [spikingformer_official.cpp:325]   --->   Operation 25 'alloca' 'v128' <Predicate = true> <Delay = 0.00>
ST_1 : Operation 26 [1/1] (0.00ns)   --->   "%indvar_flatten13 = alloca i32 1"   --->   Operation 26 'alloca' 'indvar_flatten13' <Predicate = true> <Delay = 0.00>
ST_1 : Operation 27 [1/1] (0.00ns)   --->   "%specstablecontent_ln0 = specstablecontent void @_ssdm_op_SpecStableContent, i32 %g0, i1 1, void "   --->   Operation 27 'specstablecontent' 'specstablecontent_ln0' <Predicate = true> <Delay = 0.00>
ST_1 : Operation 28 [1/1] (0.00ns)   --->   "%specinterface_ln0 = specinterface void @_ssdm_op_SpecInterface, i32 %g0, void @empty_26, i32 0, i32 0, void @empty_35, i32 0, i32 0, void @empty_22, void @empty_25, void @empty_35, i32 16, i32 16, i32 16, i32 16, void @empty_35, void @empty_35, i32 4294967295, i32 0, i32 0, i32 4"   --->   Operation 28 'specinterface' 'specinterface_ln0' <Predicate = true> <Delay = 0.00>
ST_1 : Operation 29 [1/1] (0.00ns)   --->   "%v126_read = read i64 @_ssdm_op_Read.ap_auto.i64, i64 %v126" [spikingformer_official.cpp:322]   --->   Operation 29 'read' 'v126_read' <Predicate = true> <Delay = 0.00>
ST_1 : Operation 30 [1/1] (0.42ns)   --->   "%store_ln0 = store i17 0, i17 %indvar_flatten13"   --->   Operation 30 'store' 'store_ln0' <Predicate = true> <Delay = 0.42>
ST_1 : Operation 31 [1/1] (0.42ns)   --->   "%store_ln325 = store i11 0, i11 %v128" [spikingformer_official.cpp:325]   --->   Operation 31 'store' 'store_ln325' <Predicate = true> <Delay = 0.42>
ST_1 : Operation 32 [1/1] (0.42ns)   --->   "%store_ln0 = store i8 0, i8 %indvar_flatten"   --->   Operation 32 'store' 'store_ln0' <Predicate = true> <Delay = 0.42>
ST_1 : Operation 33 [1/1] (0.42ns)   --->   "%store_ln326 = store i4 0, i4 %v129" [spikingformer_official.cpp:326]   --->   Operation 33 'store' 'store_ln326' <Predicate = true> <Delay = 0.42>
ST_1 : Operation 34 [1/1] (0.42ns)   --->   "%store_ln327 = store i4 0, i4 %v130" [spikingformer_official.cpp:327]   --->   Operation 34 'store' 'store_ln327' <Predicate = true> <Delay = 0.42>
ST_1 : Operation 35 [1/1] (0.00ns)   --->   "%br_ln325 = br void %for.inc" [spikingformer_official.cpp:325]   --->   Operation 35 'br' 'br_ln325' <Predicate = true> <Delay = 0.00>

State 2 <SV = 1> <Delay = 3.16>
ST_2 : Operation 36 [1/1] (0.00ns)   --->   "%indvar_flatten13_load = load i17 %indvar_flatten13" [spikingformer_official.cpp:325]   --->   Operation 36 'load' 'indvar_flatten13_load' <Predicate = true> <Delay = 0.00>
ST_2 : Operation 37 [1/1] (0.86ns)   --->   "%icmp_ln325 = icmp_eq  i17 %indvar_flatten13_load, i17 98304" [spikingformer_official.cpp:325]   --->   Operation 37 'icmp' 'icmp_ln325' <Predicate = true> <Delay = 0.86> <CoreInst = "Cmp">   --->   Core 9 'Cmp' <Latency = 0> <II = 1> <Delay = 0.86> <FuncUnit> <Opcode : 'seteq' 'setne' 'setle' 'setge' 'setlt' 'setgt'> <InPorts = 2> <OutPorts = 1>
ST_2 : Operation 38 [1/1] (0.86ns)   --->   "%add_ln325_1 = add i17 %indvar_flatten13_load, i17 1" [spikingformer_official.cpp:325]   --->   Operation 38 'add' 'add_ln325_1' <Predicate = true> <Delay = 0.86> <CoreInst = "Adder">   --->   Core 1 'Adder' <Latency = 0> <II = 1> <Delay = 0.86> <FuncUnit> <Opcode : 'add' 'sub'> <InPorts = 2> <OutPorts = 1>
ST_2 : Operation 39 [1/1] (0.00ns)   --->   "%br_ln325 = br i1 %icmp_ln325, void %for.inc24, void %for.end26" [spikingformer_official.cpp:325]   --->   Operation 39 'br' 'br_ln325' <Predicate = true> <Delay = 0.00>
ST_2 : Operation 40 [1/1] (0.00ns)   --->   "%v130_load = load i4 %v130" [spikingformer_official.cpp:327]   --->   Operation 40 'load' 'v130_load' <Predicate = (!icmp_ln325)> <Delay = 0.00>
ST_2 : Operation 41 [1/1] (0.00ns)   --->   "%v129_load = load i4 %v129" [spikingformer_official.cpp:325]   --->   Operation 41 'load' 'v129_load' <Predicate = (!icmp_ln325)> <Delay = 0.00>
ST_2 : Operation 42 [1/1] (0.00ns)   --->   "%indvar_flatten_load = load i8 %indvar_flatten" [spikingformer_official.cpp:326]   --->   Operation 42 'load' 'indvar_flatten_load' <Predicate = (!icmp_ln325)> <Delay = 0.00>
ST_2 : Operation 43 [1/1] (0.00ns)   --->   "%v128_load = load i11 %v128" [spikingformer_official.cpp:325]   --->   Operation 43 'load' 'v128_load' <Predicate = (!icmp_ln325)> <Delay = 0.00>
ST_2 : Operation 44 [1/1] (0.79ns)   --->   "%add_ln325 = add i11 %v128_load, i11 1" [spikingformer_official.cpp:325]   --->   Operation 44 'add' 'add_ln325' <Predicate = (!icmp_ln325)> <Delay = 0.79> <CoreInst = "Adder">   --->   Core 1 'Adder' <Latency = 0> <II = 1> <Delay = 0.79> <FuncUnit> <Opcode : 'add' 'sub'> <InPorts = 2> <OutPorts = 1>
ST_2 : Operation 45 [1/1] (0.76ns)   --->   "%icmp_ln326 = icmp_eq  i8 %indvar_flatten_load, i8 64" [spikingformer_official.cpp:326]   --->   Operation 45 'icmp' 'icmp_ln326' <Predicate = (!icmp_ln325)> <Delay = 0.76> <CoreInst = "Cmp">   --->   Core 9 'Cmp' <Latency = 0> <II = 1> <Delay = 0.76> <FuncUnit> <Opcode : 'seteq' 'setne' 'setle' 'setge' 'setlt' 'setgt'> <InPorts = 2> <OutPorts = 1>
ST_2 : Operation 46 [1/1] (0.39ns)   --->   "%select_ln325 = select i1 %icmp_ln326, i4 0, i4 %v129_load" [spikingformer_official.cpp:325]   --->   Operation 46 'select' 'select_ln325' <Predicate = (!icmp_ln325)> <Delay = 0.39> <CoreInst = "Sel">   --->   Core 73 'Sel' <Latency = 0> <II = 1> <Delay = 0.39> <FuncUnit> <Opcode : 'select'> <InPorts = 3> <OutPorts = 1>
ST_2 : Operation 47 [1/1] (0.00ns) (grouped into LUT with out node and_ln325)   --->   "%xor_ln325 = xor i1 %icmp_ln326, i1 1" [spikingformer_official.cpp:325]   --->   Operation 47 'xor' 'xor_ln325' <Predicate = (!icmp_ln325)> <Delay = 0.00> <CoreInst = "LogicGate">   --->   Core 74 'LogicGate' <Latency = 0> <II = 1> <Delay = 0.28> <FuncUnit> <Opcode : 'and' 'or' 'xor'> <InPorts = 2> <OutPorts = 1>
ST_2 : Operation 48 [1/1] (0.79ns)   --->   "%icmp_ln327 = icmp_eq  i4 %v130_load, i4 8" [spikingformer_official.cpp:327]   --->   Operation 48 'icmp' 'icmp_ln327' <Predicate = (!icmp_ln325)> <Delay = 0.79> <CoreInst = "Cmp">   --->   Core 9 'Cmp' <Latency = 0> <II = 1> <Delay = 0.79> <FuncUnit> <Opcode : 'seteq' 'setne' 'setle' 'setge' 'setlt' 'setgt'> <InPorts = 2> <OutPorts = 1>
ST_2 : Operation 49 [1/1] (0.28ns) (out node of the LUT)   --->   "%and_ln325 = and i1 %icmp_ln327, i1 %xor_ln325" [spikingformer_official.cpp:325]   --->   Operation 49 'and' 'and_ln325' <Predicate = (!icmp_ln325)> <Delay = 0.28> <CoreInst = "LogicGate">   --->   Core 74 'LogicGate' <Latency = 0> <II = 1> <Delay = 0.28> <FuncUnit> <Opcode : 'and' 'or' 'xor'> <InPorts = 2> <OutPorts = 1>
ST_2 : Operation 50 [1/1] (0.38ns)   --->   "%select_ln325_1 = select i1 %icmp_ln326, i11 %add_ln325, i11 %v128_load" [spikingformer_official.cpp:325]   --->   Operation 50 'select' 'select_ln325_1' <Predicate = (!icmp_ln325)> <Delay = 0.38> <CoreInst = "Sel">   --->   Core 73 'Sel' <Latency = 0> <II = 1> <Delay = 0.38> <FuncUnit> <Opcode : 'select'> <InPorts = 3> <OutPorts = 1>
ST_2 : Operation 51 [1/1] (0.79ns)   --->   "%add_ln326 = add i4 %select_ln325, i4 1" [spikingformer_official.cpp:326]   --->   Operation 51 'add' 'add_ln326' <Predicate = (!icmp_ln325)> <Delay = 0.79> <CoreInst = "Adder">   --->   Core 1 'Adder' <Latency = 0> <II = 1> <Delay = 0.79> <FuncUnit> <Opcode : 'add' 'sub'> <InPorts = 2> <OutPorts = 1>
ST_2 : Operation 52 [1/1] (0.00ns) (grouped into LUT with out node v130_mid2)   --->   "%empty = or i1 %and_ln325, i1 %icmp_ln326" [spikingformer_official.cpp:325]   --->   Operation 52 'or' 'empty' <Predicate = (!icmp_ln325)> <Delay = 0.00> <CoreInst = "LogicGate">   --->   Core 74 'LogicGate' <Latency = 0> <II = 1> <Delay = 0.28> <FuncUnit> <Opcode : 'and' 'or' 'xor'> <InPorts = 2> <OutPorts = 1>
ST_2 : Operation 53 [1/1] (0.39ns) (out node of the LUT)   --->   "%v130_mid2 = select i1 %empty, i4 0, i4 %v130_load" [spikingformer_official.cpp:325]   --->   Operation 53 'select' 'v130_mid2' <Predicate = (!icmp_ln325)> <Delay = 0.39> <CoreInst = "Sel">   --->   Core 73 'Sel' <Latency = 0> <II = 1> <Delay = 0.39> <FuncUnit> <Opcode : 'select'> <InPorts = 3> <OutPorts = 1>
ST_2 : Operation 54 [1/1] (0.39ns)   --->   "%select_ln326 = select i1 %and_ln325, i4 %add_ln326, i4 %select_ln325" [spikingformer_official.cpp:326]   --->   Operation 54 'select' 'select_ln326' <Predicate = (!icmp_ln325)> <Delay = 0.39> <CoreInst = "Sel">   --->   Core 73 'Sel' <Latency = 0> <II = 1> <Delay = 0.39> <FuncUnit> <Opcode : 'select'> <InPorts = 3> <OutPorts = 1>
ST_2 : Operation 55 [1/1] (0.00ns)   --->   "%shl_ln = bitconcatenate i19 @_ssdm_op_BitConcatenate.i19.i11.i8, i11 %select_ln325_1, i8 0" [spikingformer_official.cpp:330]   --->   Operation 55 'bitconcatenate' 'shl_ln' <Predicate = (!icmp_ln325)> <Delay = 0.00>
ST_2 : Operation 56 [1/1] (0.00ns)   --->   "%zext_ln326 = zext i19 %shl_ln" [spikingformer_official.cpp:326]   --->   Operation 56 'zext' 'zext_ln326' <Predicate = (!icmp_ln325)> <Delay = 0.00>
ST_2 : Operation 57 [1/1] (0.00ns)   --->   "%trunc_ln330 = trunc i4 %v130_mid2" [spikingformer_official.cpp:330]   --->   Operation 57 'trunc' 'trunc_ln330' <Predicate = (!icmp_ln325)> <Delay = 0.00>
ST_2 : Operation 58 [1/1] (0.00ns) (grouped into TernaryAdder)   --->   "%add_ln330 = add i64 %zext_ln326, i64 %v126_read" [spikingformer_official.cpp:330]   --->   Operation 58 'add' 'add_ln330' <Predicate = (!icmp_ln325)> <Delay = 0.00> <CoreInst = "TAddSub">   --->   Core 10 'TAddSub' <Latency = 0> <II = 1> <Delay = 0.40> <IPBlock> <Opcode : 'add' 'sub'> <InPorts = 3> <OutPorts = 1> <Sync> <CReg>
ST_2 : Operation 59 [1/1] (0.00ns)   --->   "%trunc_ln330_1 = trunc i4 %select_ln326" [spikingformer_official.cpp:330]   --->   Operation 59 'trunc' 'trunc_ln330_1' <Predicate = (!icmp_ln325)> <Delay = 0.00>
ST_2 : Operation 60 [1/1] (0.00ns)   --->   "%tmp1 = bitconcatenate i8 @_ssdm_op_BitConcatenate.i8.i3.i3.i2, i3 %trunc_ln330_1, i3 %trunc_ln330, i2 0" [spikingformer_official.cpp:330]   --->   Operation 60 'bitconcatenate' 'tmp1' <Predicate = (!icmp_ln325)> <Delay = 0.00>
ST_2 : Operation 61 [1/1] (0.00ns)   --->   "%zext_ln330 = zext i8 %tmp1" [spikingformer_official.cpp:330]   --->   Operation 61 'zext' 'zext_ln330' <Predicate = (!icmp_ln325)> <Delay = 0.00>
ST_2 : Operation 62 [1/1] (0.81ns) (root node of TernaryAdder)   --->   "%add_ln330_1 = add i64 %zext_ln330, i64 %add_ln330" [spikingformer_official.cpp:330]   --->   Operation 62 'add' 'add_ln330_1' <Predicate = (!icmp_ln325)> <Delay = 0.81> <CoreInst = "TAddSub">   --->   Core 10 'TAddSub' <Latency = 0> <II = 1> <Delay = 0.40> <IPBlock> <Opcode : 'add' 'sub'> <InPorts = 3> <OutPorts = 1> <Sync> <CReg>
ST_2 : Operation 63 [1/1] (0.00ns)   --->   "%trunc_ln = partselect i62 @_ssdm_op_PartSelect.i62.i64.i32.i32, i64 %add_ln330_1, i32 2, i32 63" [spikingformer_official.cpp:330]   --->   Operation 63 'partselect' 'trunc_ln' <Predicate = (!icmp_ln325)> <Delay = 0.00>
ST_2 : Operation 64 [1/1] (0.00ns)   --->   "%sext_ln330 = sext i62 %trunc_ln" [spikingformer_official.cpp:330]   --->   Operation 64 'sext' 'sext_ln330' <Predicate = (!icmp_ln325)> <Delay = 0.00>
ST_2 : Operation 65 [1/1] (0.00ns)   --->   "%g0_addr = getelementptr i32 %g0, i64 %sext_ln330" [spikingformer_official.cpp:330]   --->   Operation 65 'getelementptr' 'g0_addr' <Predicate = (!icmp_ln325)> <Delay = 0.00>
ST_2 : Operation 66 [1/1] (0.79ns)   --->   "%add_ln327 = add i4 %v130_mid2, i4 1" [spikingformer_official.cpp:327]   --->   Operation 66 'add' 'add_ln327' <Predicate = (!icmp_ln325)> <Delay = 0.79> <CoreInst = "Adder">   --->   Core 1 'Adder' <Latency = 0> <II = 1> <Delay = 0.79> <FuncUnit> <Opcode : 'add' 'sub'> <InPorts = 2> <OutPorts = 1>
ST_2 : Operation 67 [1/1] (0.76ns)   --->   "%add_ln326_1 = add i8 %indvar_flatten_load, i8 1" [spikingformer_official.cpp:326]   --->   Operation 67 'add' 'add_ln326_1' <Predicate = (!icmp_ln325)> <Delay = 0.76> <CoreInst = "Adder">   --->   Core 1 'Adder' <Latency = 0> <II = 1> <Delay = 0.76> <FuncUnit> <Opcode : 'add' 'sub'> <InPorts = 2> <OutPorts = 1>
ST_2 : Operation 68 [1/1] (0.39ns)   --->   "%select_ln326_1 = select i1 %icmp_ln326, i8 1, i8 %add_ln326_1" [spikingformer_official.cpp:326]   --->   Operation 68 'select' 'select_ln326_1' <Predicate = (!icmp_ln325)> <Delay = 0.39> <CoreInst = "Sel">   --->   Core 73 'Sel' <Latency = 0> <II = 1> <Delay = 0.39> <FuncUnit> <Opcode : 'select'> <InPorts = 3> <OutPorts = 1>
ST_2 : Operation 69 [1/1] (0.42ns)   --->   "%store_ln325 = store i17 %add_ln325_1, i17 %indvar_flatten13" [spikingformer_official.cpp:325]   --->   Operation 69 'store' 'store_ln325' <Predicate = (!icmp_ln325)> <Delay = 0.42>
ST_2 : Operation 70 [1/1] (0.42ns)   --->   "%store_ln325 = store i11 %select_ln325_1, i11 %v128" [spikingformer_official.cpp:325]   --->   Operation 70 'store' 'store_ln325' <Predicate = (!icmp_ln325)> <Delay = 0.42>
ST_2 : Operation 71 [1/1] (0.42ns)   --->   "%store_ln326 = store i8 %select_ln326_1, i8 %indvar_flatten" [spikingformer_official.cpp:326]   --->   Operation 71 'store' 'store_ln326' <Predicate = (!icmp_ln325)> <Delay = 0.42>
ST_2 : Operation 72 [1/1] (0.42ns)   --->   "%store_ln326 = store i4 %select_ln326, i4 %v129" [spikingformer_official.cpp:326]   --->   Operation 72 'store' 'store_ln326' <Predicate = (!icmp_ln325)> <Delay = 0.42>
ST_2 : Operation 73 [1/1] (0.42ns)   --->   "%store_ln327 = store i4 %add_ln327, i4 %v130" [spikingformer_official.cpp:327]   --->   Operation 73 'store' 'store_ln327' <Predicate = (!icmp_ln325)> <Delay = 0.42>

State 3 <SV = 2> <Delay = 0.00>
ST_3 : Operation 74 [8/8] (7.30ns)   --->   "%g0_load_req = readreq i1 @_ssdm_op_ReadReq.m_axi.i32P1A, i32 %g0_addr, i64 1" [spikingformer_official.cpp:330]   --->   Operation 74 'readreq' 'g0_load_req' <Predicate = true> <Delay = 7.30> <CoreInst = "m_axi">   --->   Core 119 'm_axi' <Latency = 6> <II = 1> <Delay = 1.00> <Adapter> <Opcode : 'readrequnaligned' 'writerequnaligned' 'read' 'write' 'readreq' 'writereq' 'writeresp'>

State 4 <SV = 3> <Delay = 0.00>
ST_4 : Operation 75 [7/8] (7.30ns)   --->   "%g0_load_req = readreq i1 @_ssdm_op_ReadReq.m_axi.i32P1A, i32 %g0_addr, i64 1" [spikingformer_official.cpp:330]   --->   Operation 75 'readreq' 'g0_load_req' <Predicate = true> <Delay = 7.30> <CoreInst = "m_axi">   --->   Core 119 'm_axi' <Latency = 6> <II = 1> <Delay = 1.00> <Adapter> <Opcode : 'readrequnaligned' 'writerequnaligned' 'read' 'write' 'readreq' 'writereq' 'writeresp'>

State 5 <SV = 4> <Delay = 0.00>
ST_5 : Operation 76 [6/8] (7.30ns)   --->   "%g0_load_req = readreq i1 @_ssdm_op_ReadReq.m_axi.i32P1A, i32 %g0_addr, i64 1" [spikingformer_official.cpp:330]   --->   Operation 76 'readreq' 'g0_load_req' <Predicate = true> <Delay = 7.30> <CoreInst = "m_axi">   --->   Core 119 'm_axi' <Latency = 6> <II = 1> <Delay = 1.00> <Adapter> <Opcode : 'readrequnaligned' 'writerequnaligned' 'read' 'write' 'readreq' 'writereq' 'writeresp'>

State 6 <SV = 5> <Delay = 0.00>
ST_6 : Operation 77 [5/8] (7.30ns)   --->   "%g0_load_req = readreq i1 @_ssdm_op_ReadReq.m_axi.i32P1A, i32 %g0_addr, i64 1" [spikingformer_official.cpp:330]   --->   Operation 77 'readreq' 'g0_load_req' <Predicate = true> <Delay = 7.30> <CoreInst = "m_axi">   --->   Core 119 'm_axi' <Latency = 6> <II = 1> <Delay = 1.00> <Adapter> <Opcode : 'readrequnaligned' 'writerequnaligned' 'read' 'write' 'readreq' 'writereq' 'writeresp'>

State 7 <SV = 6> <Delay = 0.00>
ST_7 : Operation 78 [4/8] (7.30ns)   --->   "%g0_load_req = readreq i1 @_ssdm_op_ReadReq.m_axi.i32P1A, i32 %g0_addr, i64 1" [spikingformer_official.cpp:330]   --->   Operation 78 'readreq' 'g0_load_req' <Predicate = true> <Delay = 7.30> <CoreInst = "m_axi">   --->   Core 119 'm_axi' <Latency = 6> <II = 1> <Delay = 1.00> <Adapter> <Opcode : 'readrequnaligned' 'writerequnaligned' 'read' 'write' 'readreq' 'writereq' 'writeresp'>

State 8 <SV = 7> <Delay = 0.00>
ST_8 : Operation 79 [3/8] (7.30ns)   --->   "%g0_load_req = readreq i1 @_ssdm_op_ReadReq.m_axi.i32P1A, i32 %g0_addr, i64 1" [spikingformer_official.cpp:330]   --->   Operation 79 'readreq' 'g0_load_req' <Predicate = true> <Delay = 7.30> <CoreInst = "m_axi">   --->   Core 119 'm_axi' <Latency = 6> <II = 1> <Delay = 1.00> <Adapter> <Opcode : 'readrequnaligned' 'writerequnaligned' 'read' 'write' 'readreq' 'writereq' 'writeresp'>

State 9 <SV = 8> <Delay = 0.00>
ST_9 : Operation 80 [2/8] (7.30ns)   --->   "%g0_load_req = readreq i1 @_ssdm_op_ReadReq.m_axi.i32P1A, i32 %g0_addr, i64 1" [spikingformer_official.cpp:330]   --->   Operation 80 'readreq' 'g0_load_req' <Predicate = true> <Delay = 7.30> <CoreInst = "m_axi">   --->   Core 119 'm_axi' <Latency = 6> <II = 1> <Delay = 1.00> <Adapter> <Opcode : 'readrequnaligned' 'writerequnaligned' 'read' 'write' 'readreq' 'writereq' 'writeresp'>

State 10 <SV = 9> <Delay = 7.30>
ST_10 : Operation 81 [1/8] ( I:7.30ns O:7.30ns )   --->   "%g0_load_req = readreq i1 @_ssdm_op_ReadReq.m_axi.i32P1A, i32 %g0_addr, i64 1" [spikingformer_official.cpp:330]   --->   Operation 81 'readreq' 'g0_load_req' <Predicate = true> <Delay = 7.30> <CoreInst = "m_axi">   --->   Core 119 'm_axi' <Latency = 6> <II = 1> <Delay = 1.00> <Adapter> <Opcode : 'readrequnaligned' 'writerequnaligned' 'read' 'write' 'readreq' 'writereq' 'writeresp'>

State 11 <SV = 10> <Delay = 7.30>
ST_11 : Operation 82 [1/1] ( I:7.30ns O:7.30ns )   --->   "%g0_addr_read = read i32 @_ssdm_op_Read.m_axi.i32P1A, i32 %g0_addr" [spikingformer_official.cpp:330]   --->   Operation 82 'read' 'g0_addr_read' <Predicate = true> <Delay = 7.30> <CoreInst = "m_axi">   --->   Core 119 'm_axi' <Latency = 3> <II = 1> <Delay = 1.00> <Adapter> <Opcode : 'readrequnaligned' 'writerequnaligned' 'read' 'write' 'readreq' 'writereq' 'writeresp'>

State 12 <SV = 11> <Delay = 7.01>
ST_12 : Operation 83 [1/1] (0.00ns)   --->   "%v131 = bitcast i32 %g0_addr_read" [spikingformer_official.cpp:330]   --->   Operation 83 'bitcast' 'v131' <Predicate = true> <Delay = 0.00>
ST_12 : Operation 84 [3/3] (7.01ns)   --->   "%v132 = fmul i32 %v131, i32 0.5" [spikingformer_official.cpp:331]   --->   Operation 84 'fmul' 'v132' <Predicate = true> <Delay = 7.01> <CoreInst = "FMul_maxdsp">   --->   Core 30 'FMul_maxdsp' <Latency = 2> <II = 1> <Delay = 7.01> <FuncUnit> <Opcode : 'fmul'> <InPorts = 2> <OutPorts = 1>

State 13 <SV = 12> <Delay = 7.01>
ST_13 : Operation 85 [2/3] (7.01ns)   --->   "%v132 = fmul i32 %v131, i32 0.5" [spikingformer_official.cpp:331]   --->   Operation 85 'fmul' 'v132' <Predicate = true> <Delay = 7.01> <CoreInst = "FMul_maxdsp">   --->   Core 30 'FMul_maxdsp' <Latency = 2> <II = 1> <Delay = 7.01> <FuncUnit> <Opcode : 'fmul'> <InPorts = 2> <OutPorts = 1>

State 14 <SV = 13> <Delay = 7.30>
ST_14 : Operation 86 [1/3] (7.01ns)   --->   "%v132 = fmul i32 %v131, i32 0.5" [spikingformer_official.cpp:331]   --->   Operation 86 'fmul' 'v132' <Predicate = true> <Delay = 7.01> <CoreInst = "FMul_maxdsp">   --->   Core 30 'FMul_maxdsp' <Latency = 2> <II = 1> <Delay = 7.01> <FuncUnit> <Opcode : 'fmul'> <InPorts = 2> <OutPorts = 1>
ST_14 : Operation 87 [1/1] ( I:7.30ns O:7.30ns )   --->   "%g0_addr_109_req = writereq i1 @_ssdm_op_WriteReq.m_axi.i32P1A, i32 %g0_addr, i64 1" [spikingformer_official.cpp:332]   --->   Operation 87 'writereq' 'g0_addr_109_req' <Predicate = true> <Delay = 7.30> <CoreInst = "m_axi">   --->   Core 119 'm_axi' <Latency = 9> <II = 1> <Delay = 1.00> <Adapter> <Opcode : 'readrequnaligned' 'writerequnaligned' 'read' 'write' 'readreq' 'writereq' 'writeresp'>

State 15 <SV = 14> <Delay = 7.30>
ST_15 : Operation 88 [1/1] (0.00ns)   --->   "%bitcast_ln332 = bitcast i32 %v132" [spikingformer_official.cpp:332]   --->   Operation 88 'bitcast' 'bitcast_ln332' <Predicate = true> <Delay = 0.00>
ST_15 : Operation 89 [1/1] ( I:7.30ns O:7.30ns )   --->   "%write_ln332 = write void @_ssdm_op_Write.m_axi.i32P1A, i32 %g0_addr, i32 %bitcast_ln332, i4 15" [spikingformer_official.cpp:332]   --->   Operation 89 'write' 'write_ln332' <Predicate = true> <Delay = 7.30> <CoreInst = "m_axi">   --->   Core 119 'm_axi' <Latency = 5> <II = 1> <Delay = 1.00> <Adapter> <Opcode : 'readrequnaligned' 'writerequnaligned' 'read' 'write' 'readreq' 'writereq' 'writeresp'>

State 16 <SV = 15> <Delay = 0.00>
ST_16 : Operation 90 [5/5] (7.30ns)   --->   "%g0_addr_109_resp = writeresp i1 @_ssdm_op_WriteResp.m_axi.i32P1A, i32 %g0_addr" [spikingformer_official.cpp:332]   --->   Operation 90 'writeresp' 'g0_addr_109_resp' <Predicate = true> <Delay = 7.30> <CoreInst = "m_axi">   --->   Core 119 'm_axi' <Latency = 3> <II = 1> <Delay = 1.00> <Adapter> <Opcode : 'readrequnaligned' 'writerequnaligned' 'read' 'write' 'readreq' 'writereq' 'writeresp'>

State 17 <SV = 16> <Delay = 0.00>
ST_17 : Operation 91 [4/5] (7.30ns)   --->   "%g0_addr_109_resp = writeresp i1 @_ssdm_op_WriteResp.m_axi.i32P1A, i32 %g0_addr" [spikingformer_official.cpp:332]   --->   Operation 91 'writeresp' 'g0_addr_109_resp' <Predicate = true> <Delay = 7.30> <CoreInst = "m_axi">   --->   Core 119 'm_axi' <Latency = 3> <II = 1> <Delay = 1.00> <Adapter> <Opcode : 'readrequnaligned' 'writerequnaligned' 'read' 'write' 'readreq' 'writereq' 'writeresp'>

State 18 <SV = 17> <Delay = 0.00>
ST_18 : Operation 92 [3/5] (7.30ns)   --->   "%g0_addr_109_resp = writeresp i1 @_ssdm_op_WriteResp.m_axi.i32P1A, i32 %g0_addr" [spikingformer_official.cpp:332]   --->   Operation 92 'writeresp' 'g0_addr_109_resp' <Predicate = true> <Delay = 7.30> <CoreInst = "m_axi">   --->   Core 119 'm_axi' <Latency = 3> <II = 1> <Delay = 1.00> <Adapter> <Opcode : 'readrequnaligned' 'writerequnaligned' 'read' 'write' 'readreq' 'writereq' 'writeresp'>

State 19 <SV = 18> <Delay = 0.42>
ST_19 : Operation 93 [2/5] (7.30ns)   --->   "%g0_addr_109_resp = writeresp i1 @_ssdm_op_WriteResp.m_axi.i32P1A, i32 %g0_addr" [spikingformer_official.cpp:332]   --->   Operation 93 'writeresp' 'g0_addr_109_resp' <Predicate = true> <Delay = 7.30> <CoreInst = "m_axi">   --->   Core 119 'm_axi' <Latency = 3> <II = 1> <Delay = 1.00> <Adapter> <Opcode : 'readrequnaligned' 'writerequnaligned' 'read' 'write' 'readreq' 'writereq' 'writeresp'>
ST_19 : Operation 99 [1/1] (0.42ns)   --->   "%ret_ln336 = ret" [spikingformer_official.cpp:336]   --->   Operation 99 'ret' 'ret_ln336' <Predicate = (icmp_ln325)> <Delay = 0.42>

State 20 <SV = 19> <Delay = 7.30>
ST_20 : Operation 94 [1/1] (0.00ns)   --->   "%specloopname_ln0 = specloopname void @_ssdm_op_SpecLoopName, void @VITIS_LOOP_325_1_VITIS_LOOP_326_2_VITIS_LOOP_327_3_str"   --->   Operation 94 'specloopname' 'specloopname_ln0' <Predicate = true> <Delay = 0.00>
ST_20 : Operation 95 [1/1] (0.00ns)   --->   "%speclooptripcount_ln0 = speclooptripcount void @_ssdm_op_SpecLoopTripCount, i64 98304, i64 98304, i64 98304"   --->   Operation 95 'speclooptripcount' 'speclooptripcount_ln0' <Predicate = true> <Delay = 0.00>
ST_20 : Operation 96 [1/1] (0.00ns)   --->   "%specpipeline_ln328 = specpipeline void @_ssdm_op_SpecPipeline, i32 1, i32 0, i32 0, i32 0, i32 4294967295, void @empty_35" [spikingformer_official.cpp:328]   --->   Operation 96 'specpipeline' 'specpipeline_ln328' <Predicate = true> <Delay = 0.00>
ST_20 : Operation 97 [1/5] ( I:7.30ns O:7.30ns )   --->   "%g0_addr_109_resp = writeresp i1 @_ssdm_op_WriteResp.m_axi.i32P1A, i32 %g0_addr" [spikingformer_official.cpp:332]   --->   Operation 97 'writeresp' 'g0_addr_109_resp' <Predicate = true> <Delay = 7.30> <CoreInst = "m_axi">   --->   Core 119 'm_axi' <Latency = 3> <II = 1> <Delay = 1.00> <Adapter> <Opcode : 'readrequnaligned' 'writerequnaligned' 'read' 'write' 'readreq' 'writereq' 'writeresp'>
ST_20 : Operation 98 [1/1] (0.00ns)   --->   "%br_ln327 = br void %for.inc" [spikingformer_official.cpp:327]   --->   Operation 98 'br' 'br_ln327' <Predicate = true> <Delay = 0.00>


============================================================
+ Verbose Summary: Binding
============================================================
STG Binding: 
---------------- STG Properties BEGIN ----------------
- Is combinational: 0
- Is one-state seq: 0
- Is datapath-only: 0
- Is pipelined: 0
- Is top level: 0
Port [ Return ] is wired: 1; IO mode=ap_ctrl_hs:ce=0
Port [ g0]:  wired=1; compound=1; hidden=0; nouse=0; global=0; static=0; extern=0; dir=2; type=4; pingpong=0; private_global=0; IO mode=m_axi:ce=0
Port [ v126]:  wired=1; compound=0; hidden=0; nouse=0; global=0; static=0; extern=0; dir=0; type=0; pingpong=0; private_global=0; IO mode=ap_none:ce=0
---------------- STG Properties END ------------------

---------------- Datapath Model BEGIN ----------------

<LifeTime>
<method=bitvector/>
v130                  (alloca           ) [ 011000000000000000000]
v129                  (alloca           ) [ 011000000000000000000]
indvar_flatten        (alloca           ) [ 011000000000000000000]
v128                  (alloca           ) [ 011000000000000000000]
indvar_flatten13      (alloca           ) [ 011000000000000000000]
specstablecontent_ln0 (specstablecontent) [ 000000000000000000000]
specinterface_ln0     (specinterface    ) [ 000000000000000000000]
v126_read             (read             ) [ 011000000000000000000]
store_ln0             (store            ) [ 000000000000000000000]
store_ln325           (store            ) [ 000000000000000000000]
store_ln0             (store            ) [ 000000000000000000000]
store_ln326           (store            ) [ 000000000000000000000]
store_ln327           (store            ) [ 000000000000000000000]
br_ln325              (br               ) [ 000000000000000000000]
indvar_flatten13_load (load             ) [ 000000000000000000000]
icmp_ln325            (icmp             ) [ 011111111111111111110]
add_ln325_1           (add              ) [ 000000000000000000000]
br_ln325              (br               ) [ 000000000000000000000]
v130_load             (load             ) [ 000000000000000000000]
v129_load             (load             ) [ 000000000000000000000]
indvar_flatten_load   (load             ) [ 000000000000000000000]
v128_load             (load             ) [ 000000000000000000000]
add_ln325             (add              ) [ 000000000000000000000]
icmp_ln326            (icmp             ) [ 000000000000000000000]
select_ln325          (select           ) [ 000000000000000000000]
xor_ln325             (xor              ) [ 000000000000000000000]
icmp_ln327            (icmp             ) [ 000000000000000000000]
and_ln325             (and              ) [ 000000000000000000000]
select_ln325_1        (select           ) [ 000000000000000000000]
add_ln326             (add              ) [ 000000000000000000000]
empty                 (or               ) [ 000000000000000000000]
v130_mid2             (select           ) [ 000000000000000000000]
select_ln326          (select           ) [ 000000000000000000000]
shl_ln                (bitconcatenate   ) [ 000000000000000000000]
zext_ln326            (zext             ) [ 000000000000000000000]
trunc_ln330           (trunc            ) [ 000000000000000000000]
add_ln330             (add              ) [ 000000000000000000000]
trunc_ln330_1         (trunc            ) [ 000000000000000000000]
tmp1                  (bitconcatenate   ) [ 000000000000000000000]
zext_ln330            (zext             ) [ 000000000000000000000]
add_ln330_1           (add              ) [ 000000000000000000000]
trunc_ln              (partselect       ) [ 000000000000000000000]
sext_ln330            (sext             ) [ 000000000000000000000]
g0_addr               (getelementptr    ) [ 010111111111111111111]
add_ln327             (add              ) [ 000000000000000000000]
add_ln326_1           (add              ) [ 000000000000000000000]
select_ln326_1        (select           ) [ 000000000000000000000]
store_ln325           (store            ) [ 000000000000000000000]
store_ln325           (store            ) [ 000000000000000000000]
store_ln326           (store            ) [ 000000000000000000000]
store_ln326           (store            ) [ 000000000000000000000]
store_ln327           (store            ) [ 000000000000000000000]
g0_load_req           (readreq          ) [ 000000000000000000000]
g0_addr_read          (read             ) [ 010000000000100000000]
v131                  (bitcast          ) [ 010000000000011000000]
v132                  (fmul             ) [ 010000000000000100000]
g0_addr_109_req       (writereq         ) [ 000000000000000000000]
bitcast_ln332         (bitcast          ) [ 000000000000000000000]
write_ln332           (write            ) [ 000000000000000000000]
specloopname_ln0      (specloopname     ) [ 000000000000000000000]
speclooptripcount_ln0 (speclooptripcount) [ 000000000000000000000]
specpipeline_ln328    (specpipeline     ) [ 000000000000000000000]
g0_addr_109_resp      (writeresp        ) [ 000000000000000000000]
br_ln327              (br               ) [ 000000000000000000000]
ret_ln336             (ret              ) [ 000000000000000000000]
</LifeTime>

<model>

<comp_list>
<comp id="0" class="1000" name="g0">
<pin_list>
<pin id="1" dir="1" index="0" bw="1" slack="0"/>
</pin_list>
<bind>
<StgValue><ssdm name="g0"/><MemPortTyVec>2 </MemPortTyVec>
</StgValue>
</bind>
</comp>

<comp id="2" class="1000" name="v126">
<pin_list>
<pin id="3" dir="1" index="0" bw="1" slack="0"/>
</pin_list>
<bind>
<StgValue><ssdm name="v126"/></StgValue>
</bind>
</comp>

<comp id="4" class="1001" name="const_4">
<pin_list>
<pin id="5" dir="1" index="0" bw="1" slack="0"/>
</pin_list>
<bind>
<StgValue><ssdm name=""/></StgValue>
</bind>
</comp>

<comp id="6" class="1001" name="const_6">
<pin_list>
<pin id="7" dir="1" index="0" bw="1" slack="2147483647"/>
</pin_list>
<bind>
<StgValue><ssdm name="_ssdm_op_SpecStableContent"/></StgValue>
</bind>
</comp>

<comp id="8" class="1001" name="const_8">
<pin_list>
<pin id="9" dir="1" index="0" bw="1" slack="0"/>
</pin_list>
<bind>
<StgValue><ssdm name=""/></StgValue>
</bind>
</comp>

<comp id="10" class="1001" name="const_10">
<pin_list>
<pin id="11" dir="1" index="0" bw="1" slack="2147483647"/>
</pin_list>
<bind>
<StgValue><ssdm name=""/></StgValue>
</bind>
</comp>

<comp id="12" class="1001" name="const_12">
<pin_list>
<pin id="13" dir="1" index="0" bw="1" slack="2147483647"/>
</pin_list>
<bind>
<StgValue><ssdm name="_ssdm_op_SpecInterface"/></StgValue>
</bind>
</comp>

<comp id="14" class="1001" name="const_14">
<pin_list>
<pin id="15" dir="1" index="0" bw="1" slack="2147483647"/>
</pin_list>
<bind>
<StgValue><ssdm name="empty_26"/></StgValue>
</bind>
</comp>

<comp id="16" class="1001" name="const_16">
<pin_list>
<pin id="17" dir="1" index="0" bw="1" slack="2147483647"/>
</pin_list>
<bind>
<StgValue><ssdm name=""/></StgValue>
</bind>
</comp>

<comp id="18" class="1001" name="const_18">
<pin_list>
<pin id="19" dir="1" index="0" bw="1" slack="2147483647"/>
</pin_list>
<bind>
<StgValue><ssdm name="empty_35"/></StgValue>
</bind>
</comp>

<comp id="20" class="1001" name="const_20">
<pin_list>
<pin id="21" dir="1" index="0" bw="1" slack="2147483647"/>
</pin_list>
<bind>
<StgValue><ssdm name="empty_22"/></StgValue>
</bind>
</comp>

<comp id="22" class="1001" name="const_22">
<pin_list>
<pin id="23" dir="1" index="0" bw="1" slack="2147483647"/>
</pin_list>
<bind>
<StgValue><ssdm name="empty_25"/></StgValue>
</bind>
</comp>

<comp id="24" class="1001" name="const_24">
<pin_list>
<pin id="25" dir="1" index="0" bw="1" slack="2147483647"/>
</pin_list>
<bind>
<StgValue><ssdm name=""/></StgValue>
</bind>
</comp>

<comp id="26" class="1001" name="const_26">
<pin_list>
<pin id="27" dir="1" index="0" bw="1" slack="2147483647"/>
</pin_list>
<bind>
<StgValue><ssdm name=""/></StgValue>
</bind>
</comp>

<comp id="28" class="1001" name="const_28">
<pin_list>
<pin id="29" dir="1" index="0" bw="1" slack="2147483647"/>
</pin_list>
<bind>
<StgValue><ssdm name=""/></StgValue>
</bind>
</comp>

<comp id="30" class="1001" name="const_30">
<pin_list>
<pin id="31" dir="1" index="0" bw="1" slack="0"/>
</pin_list>
<bind>
<StgValue><ssdm name="_ssdm_op_Read.ap_auto.i64"/></StgValue>
</bind>
</comp>

<comp id="32" class="1001" name="const_32">
<pin_list>
<pin id="33" dir="1" index="0" bw="1" slack="0"/>
</pin_list>
<bind>
<StgValue><ssdm name=""/></StgValue>
</bind>
</comp>

<comp id="34" class="1001" name="const_34">
<pin_list>
<pin id="35" dir="1" index="0" bw="1" slack="0"/>
</pin_list>
<bind>
<StgValue><ssdm name=""/></StgValue>
</bind>
</comp>

<comp id="36" class="1001" name="const_36">
<pin_list>
<pin id="37" dir="1" index="0" bw="1" slack="0"/>
</pin_list>
<bind>
<StgValue><ssdm name=""/></StgValue>
</bind>
</comp>

<comp id="38" class="1001" name="const_38">
<pin_list>
<pin id="39" dir="1" index="0" bw="1" slack="0"/>
</pin_list>
<bind>
<StgValue><ssdm name=""/></StgValue>
</bind>
</comp>

<comp id="40" class="1001" name="const_40">
<pin_list>
<pin id="41" dir="1" index="0" bw="1" slack="0"/>
</pin_list>
<bind>
<StgValue><ssdm name=""/></StgValue>
</bind>
</comp>

<comp id="42" class="1001" name="const_42">
<pin_list>
<pin id="43" dir="1" index="0" bw="1" slack="0"/>
</pin_list>
<bind>
<StgValue><ssdm name=""/></StgValue>
</bind>
</comp>

<comp id="44" class="1001" name="const_44">
<pin_list>
<pin id="45" dir="1" index="0" bw="1" slack="0"/>
</pin_list>
<bind>
<StgValue><ssdm name=""/></StgValue>
</bind>
</comp>

<comp id="46" class="1001" name="const_46">
<pin_list>
<pin id="47" dir="1" index="0" bw="1" slack="0"/>
</pin_list>
<bind>
<StgValue><ssdm name=""/></StgValue>
</bind>
</comp>

<comp id="48" class="1001" name="const_48">
<pin_list>
<pin id="49" dir="1" index="0" bw="1" slack="0"/>
</pin_list>
<bind>
<StgValue><ssdm name=""/></StgValue>
</bind>
</comp>

<comp id="50" class="1001" name="const_50">
<pin_list>
<pin id="51" dir="1" index="0" bw="1" slack="0"/>
</pin_list>
<bind>
<StgValue><ssdm name=""/></StgValue>
</bind>
</comp>

<comp id="52" class="1001" name="const_52">
<pin_list>
<pin id="53" dir="1" index="0" bw="1" slack="0"/>
</pin_list>
<bind>
<StgValue><ssdm name="_ssdm_op_BitConcatenate.i19.i11.i8"/></StgValue>
</bind>
</comp>

<comp id="54" class="1001" name="const_54">
<pin_list>
<pin id="55" dir="1" index="0" bw="1" slack="0"/>
</pin_list>
<bind>
<StgValue><ssdm name="_ssdm_op_BitConcatenate.i8.i3.i3.i2"/></StgValue>
</bind>
</comp>

<comp id="56" class="1001" name="const_56">
<pin_list>
<pin id="57" dir="1" index="0" bw="1" slack="0"/>
</pin_list>
<bind>
<StgValue><ssdm name=""/></StgValue>
</bind>
</comp>

<comp id="58" class="1001" name="const_58">
<pin_list>
<pin id="59" dir="1" index="0" bw="1" slack="0"/>
</pin_list>
<bind>
<StgValue><ssdm name="_ssdm_op_PartSelect.i62.i64.i32.i32"/></StgValue>
</bind>
</comp>

<comp id="60" class="1001" name="const_60">
<pin_list>
<pin id="61" dir="1" index="0" bw="1" slack="0"/>
</pin_list>
<bind>
<StgValue><ssdm name=""/></StgValue>
</bind>
</comp>

<comp id="62" class="1001" name="const_62">
<pin_list>
<pin id="63" dir="1" index="0" bw="1" slack="0"/>
</pin_list>
<bind>
<StgValue><ssdm name=""/></StgValue>
</bind>
</comp>

<comp id="64" class="1001" name="const_64">
<pin_list>
<pin id="65" dir="1" index="0" bw="1" slack="0"/>
</pin_list>
<bind>
<StgValue><ssdm name=""/></StgValue>
</bind>
</comp>

<comp id="66" class="1001" name="const_66">
<pin_list>
<pin id="67" dir="1" index="0" bw="1" slack="0"/>
</pin_list>
<bind>
<StgValue><ssdm name="_ssdm_op_ReadReq.m_axi.i32P1A"/></StgValue>
</bind>
</comp>

<comp id="68" class="1001" name="const_68">
<pin_list>
<pin id="69" dir="1" index="0" bw="1" slack="0"/>
</pin_list>
<bind>
<StgValue><ssdm name=""/></StgValue>
</bind>
</comp>

<comp id="70" class="1001" name="const_70">
<pin_list>
<pin id="71" dir="1" index="0" bw="1" slack="0"/>
</pin_list>
<bind>
<StgValue><ssdm name="_ssdm_op_Read.m_axi.i32P1A"/></StgValue>
</bind>
</comp>

<comp id="72" class="1001" name="const_72">
<pin_list>
<pin id="73" dir="1" index="0" bw="1" slack="0"/>
</pin_list>
<bind>
<StgValue><ssdm name=""/></StgValue>
</bind>
</comp>

<comp id="74" class="1001" name="const_74">
<pin_list>
<pin id="75" dir="1" index="0" bw="1" slack="0"/>
</pin_list>
<bind>
<StgValue><ssdm name="_ssdm_op_WriteReq.m_axi.i32P1A"/></StgValue>
</bind>
</comp>

<comp id="76" class="1001" name="const_76">
<pin_list>
<pin id="77" dir="1" index="0" bw="1" slack="0"/>
</pin_list>
<bind>
<StgValue><ssdm name="_ssdm_op_Write.m_axi.i32P1A"/></StgValue>
</bind>
</comp>

<comp id="78" class="1001" name="const_78">
<pin_list>
<pin id="79" dir="1" index="0" bw="1" slack="0"/>
</pin_list>
<bind>
<StgValue><ssdm name=""/></StgValue>
</bind>
</comp>

<comp id="80" class="1001" name="const_80">
<pin_list>
<pin id="81" dir="1" index="0" bw="1" slack="0"/>
</pin_list>
<bind>
<StgValue><ssdm name="_ssdm_op_WriteResp.m_axi.i32P1A"/></StgValue>
</bind>
</comp>

<comp id="82" class="1001" name="const_82">
<pin_list>
<pin id="83" dir="1" index="0" bw="1" slack="2147483647"/>
</pin_list>
<bind>
<StgValue><ssdm name="_ssdm_op_SpecLoopName"/></StgValue>
</bind>
</comp>

<comp id="84" class="1001" name="const_84">
<pin_list>
<pin id="85" dir="1" index="0" bw="1" slack="2147483647"/>
</pin_list>
<bind>
<StgValue><ssdm name="VITIS_LOOP_325_1_VITIS_LOOP_326_2_VITIS_LOOP_327_3_str"/></StgValue>
</bind>
</comp>

<comp id="86" class="1001" name="const_86">
<pin_list>
<pin id="87" dir="1" index="0" bw="1" slack="2147483647"/>
</pin_list>
<bind>
<StgValue><ssdm name="_ssdm_op_SpecLoopTripCount"/></StgValue>
</bind>
</comp>

<comp id="88" class="1001" name="const_88">
<pin_list>
<pin id="89" dir="1" index="0" bw="1" slack="2147483647"/>
</pin_list>
<bind>
<StgValue><ssdm name=""/></StgValue>
</bind>
</comp>

<comp id="90" class="1001" name="const_90">
<pin_list>
<pin id="91" dir="1" index="0" bw="1" slack="2147483647"/>
</pin_list>
<bind>
<StgValue><ssdm name="_ssdm_op_SpecPipeline"/></StgValue>
</bind>
</comp>

<comp id="92" class="1004" name="v130_fu_92">
<pin_list>
<pin id="93" dir="0" index="0" bw="1" slack="0"/>
<pin id="94" dir="1" index="1" bw="4" slack="0"/>
</pin_list>
<bind>
<opcode="alloca(26) " fcode="alloca"/>
<opset="v130/1 "/>
</bind>
</comp>

<comp id="96" class="1004" name="v129_fu_96">
<pin_list>
<pin id="97" dir="0" index="0" bw="1" slack="0"/>
<pin id="98" dir="1" index="1" bw="4" slack="0"/>
</pin_list>
<bind>
<opcode="alloca(26) " fcode="alloca"/>
<opset="v129/1 "/>
</bind>
</comp>

<comp id="100" class="1004" name="indvar_flatten_fu_100">
<pin_list>
<pin id="101" dir="0" index="0" bw="1" slack="0"/>
<pin id="102" dir="1" index="1" bw="8" slack="0"/>
</pin_list>
<bind>
<opcode="alloca(26) " fcode="alloca"/>
<opset="indvar_flatten/1 "/>
</bind>
</comp>

<comp id="104" class="1004" name="v128_fu_104">
<pin_list>
<pin id="105" dir="0" index="0" bw="1" slack="0"/>
<pin id="106" dir="1" index="1" bw="11" slack="0"/>
</pin_list>
<bind>
<opcode="alloca(26) " fcode="alloca"/>
<opset="v128/1 "/>
</bind>
</comp>

<comp id="108" class="1004" name="indvar_flatten13_fu_108">
<pin_list>
<pin id="109" dir="0" index="0" bw="1" slack="0"/>
<pin id="110" dir="1" index="1" bw="17" slack="0"/>
</pin_list>
<bind>
<opcode="alloca(26) " fcode="alloca"/>
<opset="indvar_flatten13/1 "/>
</bind>
</comp>

<comp id="112" class="1004" name="v126_read_read_fu_112">
<pin_list>
<pin id="113" dir="0" index="0" bw="64" slack="0"/>
<pin id="114" dir="0" index="1" bw="64" slack="0"/>
<pin id="115" dir="1" index="2" bw="64" slack="1"/>
</pin_list>
<bind>
<opcode="read(1150) " fcode="read"/>
<opset="v126_read/1 "/>
</bind>
</comp>

<comp id="118" class="1004" name="grp_readreq_fu_118">
<pin_list>
<pin id="119" dir="0" index="0" bw="1" slack="0"/>
<pin id="120" dir="0" index="1" bw="32" slack="1"/>
<pin id="121" dir="0" index="2" bw="1" slack="0"/>
<pin id="122" dir="1" index="3" bw="1" slack="2147483647"/>
</pin_list>
<bind>
<opcode="readreq(1154) " fcode="readreq"/>
<opset="g0_load_req/3 "/>
</bind>
</comp>

<comp id="125" class="1004" name="g0_addr_read_read_fu_125">
<pin_list>
<pin id="126" dir="0" index="0" bw="32" slack="0"/>
<pin id="127" dir="0" index="1" bw="32" slack="9"/>
<pin id="128" dir="1" index="2" bw="32" slack="1"/>
</pin_list>
<bind>
<opcode="read(1150) " fcode="read"/>
<opset="g0_addr_read/11 "/>
</bind>
</comp>

<comp id="130" class="1004" name="g0_addr_109_req_writereq_fu_130">
<pin_list>
<pin id="131" dir="0" index="0" bw="1" slack="0"/>
<pin id="132" dir="0" index="1" bw="32" slack="12"/>
<pin id="133" dir="0" index="2" bw="1" slack="0"/>
<pin id="134" dir="1" index="3" bw="1" slack="2147483647"/>
</pin_list>
<bind>
<opcode="writereq(1155) " fcode="writereq"/>
<opset="g0_addr_109_req/14 "/>
</bind>
</comp>

<comp id="137" class="1004" name="write_ln332_write_fu_137">
<pin_list>
<pin id="138" dir="0" index="0" bw="0" slack="0"/>
<pin id="139" dir="0" index="1" bw="32" slack="13"/>
<pin id="140" dir="0" index="2" bw="32" slack="0"/>
<pin id="141" dir="0" index="3" bw="1" slack="0"/>
<pin id="142" dir="1" index="4" bw="0" slack="2147483647"/>
</pin_list>
<bind>
<opcode="write(1151) " fcode="write"/>
<opset="write_ln332/15 "/>
</bind>
</comp>

<comp id="145" class="1004" name="grp_writeresp_fu_145">
<pin_list>
<pin id="146" dir="0" index="0" bw="1" slack="0"/>
<pin id="147" dir="0" index="1" bw="32" slack="14"/>
<pin id="148" dir="1" index="2" bw="1" slack="2147483647"/>
</pin_list>
<bind>
<opcode="writeresp(1158) " fcode="writeresp"/>
<opset="g0_addr_109_resp/16 "/>
</bind>
</comp>

<comp id="150" class="1004" name="grp_fu_150">
<pin_list>
<pin id="151" dir="0" index="0" bw="32" slack="0"/>
<pin id="152" dir="0" index="1" bw="32" slack="0"/>
<pin id="153" dir="1" index="2" bw="32" slack="1"/>
</pin_list>
<bind>
<opcode="fmul(13) " fcode="fmul"/>
<opset="v132/12 "/>
</bind>
</comp>

<comp id="155" class="1004" name="store_ln0_store_fu_155">
<pin_list>
<pin id="156" dir="0" index="0" bw="1" slack="0"/>
<pin id="157" dir="0" index="1" bw="17" slack="0"/>
<pin id="158" dir="1" index="2" bw="0" slack="2147483647"/>
</pin_list>
<bind>
<opcode="store(28) " fcode="store"/>
<opset="store_ln0/1 "/>
</bind>
</comp>

<comp id="160" class="1004" name="store_ln325_store_fu_160">
<pin_list>
<pin id="161" dir="0" index="0" bw="1" slack="0"/>
<pin id="162" dir="0" index="1" bw="11" slack="0"/>
<pin id="163" dir="1" index="2" bw="0" slack="2147483647"/>
</pin_list>
<bind>
<opcode="store(28) " fcode="store"/>
<opset="store_ln325/1 "/>
</bind>
</comp>

<comp id="165" class="1004" name="store_ln0_store_fu_165">
<pin_list>
<pin id="166" dir="0" index="0" bw="1" slack="0"/>
<pin id="167" dir="0" index="1" bw="8" slack="0"/>
<pin id="168" dir="1" index="2" bw="0" slack="2147483647"/>
</pin_list>
<bind>
<opcode="store(28) " fcode="store"/>
<opset="store_ln0/1 "/>
</bind>
</comp>

<comp id="170" class="1004" name="store_ln326_store_fu_170">
<pin_list>
<pin id="171" dir="0" index="0" bw="1" slack="0"/>
<pin id="172" dir="0" index="1" bw="4" slack="0"/>
<pin id="173" dir="1" index="2" bw="0" slack="2147483647"/>
</pin_list>
<bind>
<opcode="store(28) " fcode="store"/>
<opset="store_ln326/1 "/>
</bind>
</comp>

<comp id="175" class="1004" name="store_ln327_store_fu_175">
<pin_list>
<pin id="176" dir="0" index="0" bw="1" slack="0"/>
<pin id="177" dir="0" index="1" bw="4" slack="0"/>
<pin id="178" dir="1" index="2" bw="0" slack="2147483647"/>
</pin_list>
<bind>
<opcode="store(28) " fcode="store"/>
<opset="store_ln327/1 "/>
</bind>
</comp>

<comp id="180" class="1004" name="indvar_flatten13_load_load_fu_180">
<pin_list>
<pin id="181" dir="0" index="0" bw="17" slack="1"/>
<pin id="182" dir="1" index="1" bw="17" slack="0"/>
</pin_list>
<bind>
<opcode="load(27) " fcode="load"/>
<opset="indvar_flatten13_load/2 "/>
</bind>
</comp>

<comp id="183" class="1004" name="icmp_ln325_fu_183">
<pin_list>
<pin id="184" dir="0" index="0" bw="17" slack="0"/>
<pin id="185" dir="0" index="1" bw="16" slack="0"/>
<pin id="186" dir="1" index="2" bw="1" slack="17"/>
</pin_list>
<bind>
<opcode="icmp(45) " fcode="icmp"/>
<opset="icmp_ln325/2 "/>
</bind>
</comp>

<comp id="189" class="1004" name="add_ln325_1_fu_189">
<pin_list>
<pin id="190" dir="0" index="0" bw="17" slack="0"/>
<pin id="191" dir="0" index="1" bw="1" slack="0"/>
<pin id="192" dir="1" index="2" bw="17" slack="0"/>
</pin_list>
<bind>
<opcode="add(8) " fcode="add"/>
<opset="add_ln325_1/2 "/>
</bind>
</comp>

<comp id="195" class="1004" name="v130_load_load_fu_195">
<pin_list>
<pin id="196" dir="0" index="0" bw="4" slack="1"/>
<pin id="197" dir="1" index="1" bw="4" slack="0"/>
</pin_list>
<bind>
<opcode="load(27) " fcode="load"/>
<opset="v130_load/2 "/>
</bind>
</comp>

<comp id="198" class="1004" name="v129_load_load_fu_198">
<pin_list>
<pin id="199" dir="0" index="0" bw="4" slack="1"/>
<pin id="200" dir="1" index="1" bw="4" slack="0"/>
</pin_list>
<bind>
<opcode="load(27) " fcode="load"/>
<opset="v129_load/2 "/>
</bind>
</comp>

<comp id="201" class="1004" name="indvar_flatten_load_load_fu_201">
<pin_list>
<pin id="202" dir="0" index="0" bw="8" slack="1"/>
<pin id="203" dir="1" index="1" bw="8" slack="0"/>
</pin_list>
<bind>
<opcode="load(27) " fcode="load"/>
<opset="indvar_flatten_load/2 "/>
</bind>
</comp>

<comp id="204" class="1004" name="v128_load_load_fu_204">
<pin_list>
<pin id="205" dir="0" index="0" bw="11" slack="1"/>
<pin id="206" dir="1" index="1" bw="11" slack="0"/>
</pin_list>
<bind>
<opcode="load(27) " fcode="load"/>
<opset="v128_load/2 "/>
</bind>
</comp>

<comp id="207" class="1004" name="add_ln325_fu_207">
<pin_list>
<pin id="208" dir="0" index="0" bw="11" slack="0"/>
<pin id="209" dir="0" index="1" bw="1" slack="0"/>
<pin id="210" dir="1" index="2" bw="11" slack="0"/>
</pin_list>
<bind>
<opcode="add(8) " fcode="add"/>
<opset="add_ln325/2 "/>
</bind>
</comp>

<comp id="213" class="1004" name="icmp_ln326_fu_213">
<pin_list>
<pin id="214" dir="0" index="0" bw="8" slack="0"/>
<pin id="215" dir="0" index="1" bw="8" slack="0"/>
<pin id="216" dir="1" index="2" bw="1" slack="0"/>
</pin_list>
<bind>
<opcode="icmp(45) " fcode="icmp"/>
<opset="icmp_ln326/2 "/>
</bind>
</comp>

<comp id="219" class="1004" name="select_ln325_fu_219">
<pin_list>
<pin id="220" dir="0" index="0" bw="1" slack="0"/>
<pin id="221" dir="0" index="1" bw="1" slack="0"/>
<pin id="222" dir="0" index="2" bw="4" slack="0"/>
<pin id="223" dir="1" index="3" bw="4" slack="0"/>
</pin_list>
<bind>
<opcode="select(49) " fcode="select"/>
<opset="select_ln325/2 "/>
</bind>
</comp>

<comp id="227" class="1004" name="xor_ln325_fu_227">
<pin_list>
<pin id="228" dir="0" index="0" bw="1" slack="0"/>
<pin id="229" dir="0" index="1" bw="1" slack="0"/>
<pin id="230" dir="1" index="2" bw="1" slack="0"/>
</pin_list>
<bind>
<opcode="xor(25) " fcode="xor"/>
<opset="xor_ln325/2 "/>
</bind>
</comp>

<comp id="233" class="1004" name="icmp_ln327_fu_233">
<pin_list>
<pin id="234" dir="0" index="0" bw="4" slack="0"/>
<pin id="235" dir="0" index="1" bw="4" slack="0"/>
<pin id="236" dir="1" index="2" bw="1" slack="0"/>
</pin_list>
<bind>
<opcode="icmp(45) " fcode="icmp"/>
<opset="icmp_ln327/2 "/>
</bind>
</comp>

<comp id="239" class="1004" name="and_ln325_fu_239">
<pin_list>
<pin id="240" dir="0" index="0" bw="1" slack="0"/>
<pin id="241" dir="0" index="1" bw="1" slack="0"/>
<pin id="242" dir="1" index="2" bw="1" slack="0"/>
</pin_list>
<bind>
<opcode="and(23) " fcode="and"/>
<opset="and_ln325/2 "/>
</bind>
</comp>

<comp id="245" class="1004" name="select_ln325_1_fu_245">
<pin_list>
<pin id="246" dir="0" index="0" bw="1" slack="0"/>
<pin id="247" dir="0" index="1" bw="11" slack="0"/>
<pin id="248" dir="0" index="2" bw="11" slack="0"/>
<pin id="249" dir="1" index="3" bw="11" slack="0"/>
</pin_list>
<bind>
<opcode="select(49) " fcode="select"/>
<opset="select_ln325_1/2 "/>
</bind>
</comp>

<comp id="253" class="1004" name="add_ln326_fu_253">
<pin_list>
<pin id="254" dir="0" index="0" bw="4" slack="0"/>
<pin id="255" dir="0" index="1" bw="1" slack="0"/>
<pin id="256" dir="1" index="2" bw="4" slack="0"/>
</pin_list>
<bind>
<opcode="add(8) " fcode="add"/>
<opset="add_ln326/2 "/>
</bind>
</comp>

<comp id="259" class="1004" name="empty_fu_259">
<pin_list>
<pin id="260" dir="0" index="0" bw="1" slack="0"/>
<pin id="261" dir="0" index="1" bw="1" slack="0"/>
<pin id="262" dir="1" index="2" bw="1" slack="0"/>
</pin_list>
<bind>
<opcode="or(24) " fcode="or"/>
<opset="empty/2 "/>
</bind>
</comp>

<comp id="265" class="1004" name="v130_mid2_fu_265">
<pin_list>
<pin id="266" dir="0" index="0" bw="1" slack="0"/>
<pin id="267" dir="0" index="1" bw="1" slack="0"/>
<pin id="268" dir="0" index="2" bw="4" slack="0"/>
<pin id="269" dir="1" index="3" bw="4" slack="0"/>
</pin_list>
<bind>
<opcode="select(49) " fcode="select"/>
<opset="v130_mid2/2 "/>
</bind>
</comp>

<comp id="273" class="1004" name="select_ln326_fu_273">
<pin_list>
<pin id="274" dir="0" index="0" bw="1" slack="0"/>
<pin id="275" dir="0" index="1" bw="4" slack="0"/>
<pin id="276" dir="0" index="2" bw="4" slack="0"/>
<pin id="277" dir="1" index="3" bw="4" slack="0"/>
</pin_list>
<bind>
<opcode="select(49) " fcode="select"/>
<opset="select_ln326/2 "/>
</bind>
</comp>

<comp id="281" class="1004" name="shl_ln_fu_281">
<pin_list>
<pin id="282" dir="0" index="0" bw="19" slack="0"/>
<pin id="283" dir="0" index="1" bw="11" slack="0"/>
<pin id="284" dir="0" index="2" bw="1" slack="0"/>
<pin id="285" dir="1" index="3" bw="19" slack="0"/>
</pin_list>
<bind>
<opcode="bitconcatenate(1004) " fcode="bitconcatenate"/>
<opset="shl_ln/2 "/>
</bind>
</comp>

<comp id="289" class="1004" name="zext_ln326_fu_289">
<pin_list>
<pin id="290" dir="0" index="0" bw="19" slack="0"/>
<pin id="291" dir="1" index="1" bw="64" slack="0"/>
</pin_list>
<bind>
<opcode="zext(34) " fcode="zext"/>
<opset="zext_ln326/2 "/>
</bind>
</comp>

<comp id="293" class="1004" name="trunc_ln330_fu_293">
<pin_list>
<pin id="294" dir="0" index="0" bw="4" slack="0"/>
<pin id="295" dir="1" index="1" bw="3" slack="0"/>
</pin_list>
<bind>
<opcode="trunc(33) " fcode="trunc"/>
<opset="trunc_ln330/2 "/>
</bind>
</comp>

<comp id="297" class="1004" name="add_ln330_fu_297">
<pin_list>
<pin id="298" dir="0" index="0" bw="19" slack="0"/>
<pin id="299" dir="0" index="1" bw="64" slack="1"/>
<pin id="300" dir="1" index="2" bw="64" slack="0"/>
</pin_list>
<bind>
<opcode="add(8) " fcode="add"/>
<opset="add_ln330/2 "/>
</bind>
</comp>

<comp id="302" class="1004" name="trunc_ln330_1_fu_302">
<pin_list>
<pin id="303" dir="0" index="0" bw="4" slack="0"/>
<pin id="304" dir="1" index="1" bw="3" slack="0"/>
</pin_list>
<bind>
<opcode="trunc(33) " fcode="trunc"/>
<opset="trunc_ln330_1/2 "/>
</bind>
</comp>

<comp id="306" class="1004" name="tmp1_fu_306">
<pin_list>
<pin id="307" dir="0" index="0" bw="8" slack="0"/>
<pin id="308" dir="0" index="1" bw="3" slack="0"/>
<pin id="309" dir="0" index="2" bw="3" slack="0"/>
<pin id="310" dir="0" index="3" bw="1" slack="0"/>
<pin id="311" dir="1" index="4" bw="8" slack="0"/>
</pin_list>
<bind>
<opcode="bitconcatenate(1004) " fcode="bitconcatenate"/>
<opset="tmp1/2 "/>
</bind>
</comp>

<comp id="316" class="1004" name="zext_ln330_fu_316">
<pin_list>
<pin id="317" dir="0" index="0" bw="8" slack="0"/>
<pin id="318" dir="1" index="1" bw="64" slack="0"/>
</pin_list>
<bind>
<opcode="zext(34) " fcode="zext"/>
<opset="zext_ln330/2 "/>
</bind>
</comp>

<comp id="320" class="1004" name="add_ln330_1_fu_320">
<pin_list>
<pin id="321" dir="0" index="0" bw="8" slack="0"/>
<pin id="322" dir="0" index="1" bw="64" slack="0"/>
<pin id="323" dir="1" index="2" bw="64" slack="0"/>
</pin_list>
<bind>
<opcode="add(8) " fcode="add"/>
<opset="add_ln330_1/2 "/>
</bind>
</comp>

<comp id="326" class="1004" name="trunc_ln_fu_326">
<pin_list>
<pin id="327" dir="0" index="0" bw="62" slack="0"/>
<pin id="328" dir="0" index="1" bw="64" slack="0"/>
<pin id="329" dir="0" index="2" bw="3" slack="0"/>
<pin id="330" dir="0" index="3" bw="7" slack="0"/>
<pin id="331" dir="1" index="4" bw="62" slack="0"/>
</pin_list>
<bind>
<opcode="partselect(1002) " fcode="partselect"/>
<opset="trunc_ln/2 "/>
</bind>
</comp>

<comp id="336" class="1004" name="sext_ln330_fu_336">
<pin_list>
<pin id="337" dir="0" index="0" bw="62" slack="0"/>
<pin id="338" dir="1" index="1" bw="64" slack="0"/>
</pin_list>
<bind>
<opcode="sext(35) " fcode="sext"/>
<opset="sext_ln330/2 "/>
</bind>
</comp>

<comp id="340" class="1004" name="g0_addr_fu_340">
<pin_list>
<pin id="341" dir="0" index="0" bw="32" slack="0"/>
<pin id="342" dir="0" index="1" bw="62" slack="0"/>
<pin id="343" dir="1" index="2" bw="32" slack="1"/>
</pin_list>
<bind>
<opcode="getelementptr(29) " fcode="getelementptr"/>
<opset="g0_addr/2 "/>
</bind>
</comp>

<comp id="346" class="1004" name="add_ln327_fu_346">
<pin_list>
<pin id="347" dir="0" index="0" bw="4" slack="0"/>
<pin id="348" dir="0" index="1" bw="1" slack="0"/>
<pin id="349" dir="1" index="2" bw="4" slack="0"/>
</pin_list>
<bind>
<opcode="add(8) " fcode="add"/>
<opset="add_ln327/2 "/>
</bind>
</comp>

<comp id="352" class="1004" name="add_ln326_1_fu_352">
<pin_list>
<pin id="353" dir="0" index="0" bw="8" slack="0"/>
<pin id="354" dir="0" index="1" bw="1" slack="0"/>
<pin id="355" dir="1" index="2" bw="8" slack="0"/>
</pin_list>
<bind>
<opcode="add(8) " fcode="add"/>
<opset="add_ln326_1/2 "/>
</bind>
</comp>

<comp id="358" class="1004" name="select_ln326_1_fu_358">
<pin_list>
<pin id="359" dir="0" index="0" bw="1" slack="0"/>
<pin id="360" dir="0" index="1" bw="1" slack="0"/>
<pin id="361" dir="0" index="2" bw="8" slack="0"/>
<pin id="362" dir="1" index="3" bw="8" slack="0"/>
</pin_list>
<bind>
<opcode="select(49) " fcode="select"/>
<opset="select_ln326_1/2 "/>
</bind>
</comp>

<comp id="366" class="1004" name="store_ln325_store_fu_366">
<pin_list>
<pin id="367" dir="0" index="0" bw="17" slack="0"/>
<pin id="368" dir="0" index="1" bw="17" slack="1"/>
<pin id="369" dir="1" index="2" bw="0" slack="2147483647"/>
</pin_list>
<bind>
<opcode="store(28) " fcode="store"/>
<opset="store_ln325/2 "/>
</bind>
</comp>

<comp id="371" class="1004" name="store_ln325_store_fu_371">
<pin_list>
<pin id="372" dir="0" index="0" bw="11" slack="0"/>
<pin id="373" dir="0" index="1" bw="11" slack="1"/>
<pin id="374" dir="1" index="2" bw="0" slack="2147483647"/>
</pin_list>
<bind>
<opcode="store(28) " fcode="store"/>
<opset="store_ln325/2 "/>
</bind>
</comp>

<comp id="376" class="1004" name="store_ln326_store_fu_376">
<pin_list>
<pin id="377" dir="0" index="0" bw="8" slack="0"/>
<pin id="378" dir="0" index="1" bw="8" slack="1"/>
<pin id="379" dir="1" index="2" bw="0" slack="2147483647"/>
</pin_list>
<bind>
<opcode="store(28) " fcode="store"/>
<opset="store_ln326/2 "/>
</bind>
</comp>

<comp id="381" class="1004" name="store_ln326_store_fu_381">
<pin_list>
<pin id="382" dir="0" index="0" bw="4" slack="0"/>
<pin id="383" dir="0" index="1" bw="4" slack="1"/>
<pin id="384" dir="1" index="2" bw="0" slack="2147483647"/>
</pin_list>
<bind>
<opcode="store(28) " fcode="store"/>
<opset="store_ln326/2 "/>
</bind>
</comp>

<comp id="386" class="1004" name="store_ln327_store_fu_386">
<pin_list>
<pin id="387" dir="0" index="0" bw="4" slack="0"/>
<pin id="388" dir="0" index="1" bw="4" slack="1"/>
<pin id="389" dir="1" index="2" bw="0" slack="2147483647"/>
</pin_list>
<bind>
<opcode="store(28) " fcode="store"/>
<opset="store_ln327/2 "/>
</bind>
</comp>

<comp id="391" class="1004" name="v131_fu_391">
<pin_list>
<pin id="392" dir="0" index="0" bw="32" slack="1"/>
<pin id="393" dir="1" index="1" bw="32" slack="0"/>
</pin_list>
<bind>
<opcode="bitcast(44) " fcode="bitcast"/>
<opset="v131/12 "/>
</bind>
</comp>

<comp id="395" class="1004" name="bitcast_ln332_fu_395">
<pin_list>
<pin id="396" dir="0" index="0" bw="32" slack="1"/>
<pin id="397" dir="1" index="1" bw="32" slack="0"/>
</pin_list>
<bind>
<opcode="bitcast(44) " fcode="bitcast"/>
<opset="bitcast_ln332/15 "/>
</bind>
</comp>

<comp id="399" class="1005" name="v130_reg_399">
<pin_list>
<pin id="400" dir="0" index="0" bw="4" slack="0"/>
<pin id="401" dir="1" index="1" bw="4" slack="0"/>
</pin_list>
<bind>
<opset="v130 "/>
</bind>
</comp>

<comp id="406" class="1005" name="v129_reg_406">
<pin_list>
<pin id="407" dir="0" index="0" bw="4" slack="0"/>
<pin id="408" dir="1" index="1" bw="4" slack="0"/>
</pin_list>
<bind>
<opset="v129 "/>
</bind>
</comp>

<comp id="413" class="1005" name="indvar_flatten_reg_413">
<pin_list>
<pin id="414" dir="0" index="0" bw="8" slack="0"/>
<pin id="415" dir="1" index="1" bw="8" slack="0"/>
</pin_list>
<bind>
<opset="indvar_flatten "/>
</bind>
</comp>

<comp id="420" class="1005" name="v128_reg_420">
<pin_list>
<pin id="421" dir="0" index="0" bw="11" slack="0"/>
<pin id="422" dir="1" index="1" bw="11" slack="0"/>
</pin_list>
<bind>
<opset="v128 "/>
</bind>
</comp>

<comp id="427" class="1005" name="indvar_flatten13_reg_427">
<pin_list>
<pin id="428" dir="0" index="0" bw="17" slack="0"/>
<pin id="429" dir="1" index="1" bw="17" slack="0"/>
</pin_list>
<bind>
<opset="indvar_flatten13 "/>
</bind>
</comp>

<comp id="434" class="1005" name="v126_read_reg_434">
<pin_list>
<pin id="435" dir="0" index="0" bw="64" slack="1"/>
<pin id="436" dir="1" index="1" bw="64" slack="1"/>
</pin_list>
<bind>
<opset="v126_read "/>
</bind>
</comp>

<comp id="439" class="1005" name="icmp_ln325_reg_439">
<pin_list>
<pin id="440" dir="0" index="0" bw="1" slack="17"/>
<pin id="441" dir="1" index="1" bw="1" slack="2147483647"/>
</pin_list>
<bind>
<opset="icmp_ln325 "/>
</bind>
</comp>

<comp id="443" class="1005" name="g0_addr_reg_443">
<pin_list>
<pin id="444" dir="0" index="0" bw="32" slack="1"/>
<pin id="445" dir="1" index="1" bw="32" slack="1"/>
</pin_list>
<bind>
<opset="g0_addr "/>
</bind>
</comp>

<comp id="452" class="1005" name="g0_addr_read_reg_452">
<pin_list>
<pin id="453" dir="0" index="0" bw="32" slack="1"/>
<pin id="454" dir="1" index="1" bw="32" slack="1"/>
</pin_list>
<bind>
<opset="g0_addr_read "/>
</bind>
</comp>

<comp id="457" class="1005" name="v131_reg_457">
<pin_list>
<pin id="458" dir="0" index="0" bw="32" slack="1"/>
<pin id="459" dir="1" index="1" bw="32" slack="1"/>
</pin_list>
<bind>
<opset="v131 "/>
</bind>
</comp>

<comp id="462" class="1005" name="v132_reg_462">
<pin_list>
<pin id="463" dir="0" index="0" bw="32" slack="1"/>
<pin id="464" dir="1" index="1" bw="32" slack="1"/>
</pin_list>
<bind>
<opset="v132 "/>
</bind>
</comp>

</comp_list>

<net_list>
<net id="95"><net_src comp="4" pin="0"/><net_sink comp="92" pin=0"/></net>

<net id="99"><net_src comp="4" pin="0"/><net_sink comp="96" pin=0"/></net>

<net id="103"><net_src comp="4" pin="0"/><net_sink comp="100" pin=0"/></net>

<net id="107"><net_src comp="4" pin="0"/><net_sink comp="104" pin=0"/></net>

<net id="111"><net_src comp="4" pin="0"/><net_sink comp="108" pin=0"/></net>

<net id="116"><net_src comp="30" pin="0"/><net_sink comp="112" pin=0"/></net>

<net id="117"><net_src comp="2" pin="0"/><net_sink comp="112" pin=1"/></net>

<net id="123"><net_src comp="66" pin="0"/><net_sink comp="118" pin=0"/></net>

<net id="124"><net_src comp="68" pin="0"/><net_sink comp="118" pin=2"/></net>

<net id="129"><net_src comp="70" pin="0"/><net_sink comp="125" pin=0"/></net>

<net id="135"><net_src comp="74" pin="0"/><net_sink comp="130" pin=0"/></net>

<net id="136"><net_src comp="68" pin="0"/><net_sink comp="130" pin=2"/></net>

<net id="143"><net_src comp="76" pin="0"/><net_sink comp="137" pin=0"/></net>

<net id="144"><net_src comp="78" pin="0"/><net_sink comp="137" pin=3"/></net>

<net id="149"><net_src comp="80" pin="0"/><net_sink comp="145" pin=0"/></net>

<net id="154"><net_src comp="72" pin="0"/><net_sink comp="150" pin=1"/></net>

<net id="159"><net_src comp="32" pin="0"/><net_sink comp="155" pin=0"/></net>

<net id="164"><net_src comp="34" pin="0"/><net_sink comp="160" pin=0"/></net>

<net id="169"><net_src comp="36" pin="0"/><net_sink comp="165" pin=0"/></net>

<net id="174"><net_src comp="38" pin="0"/><net_sink comp="170" pin=0"/></net>

<net id="179"><net_src comp="38" pin="0"/><net_sink comp="175" pin=0"/></net>

<net id="187"><net_src comp="180" pin="1"/><net_sink comp="183" pin=0"/></net>

<net id="188"><net_src comp="40" pin="0"/><net_sink comp="183" pin=1"/></net>

<net id="193"><net_src comp="180" pin="1"/><net_sink comp="189" pin=0"/></net>

<net id="194"><net_src comp="42" pin="0"/><net_sink comp="189" pin=1"/></net>

<net id="211"><net_src comp="204" pin="1"/><net_sink comp="207" pin=0"/></net>

<net id="212"><net_src comp="44" pin="0"/><net_sink comp="207" pin=1"/></net>

<net id="217"><net_src comp="201" pin="1"/><net_sink comp="213" pin=0"/></net>

<net id="218"><net_src comp="46" pin="0"/><net_sink comp="213" pin=1"/></net>

<net id="224"><net_src comp="213" pin="2"/><net_sink comp="219" pin=0"/></net>

<net id="225"><net_src comp="38" pin="0"/><net_sink comp="219" pin=1"/></net>

<net id="226"><net_src comp="198" pin="1"/><net_sink comp="219" pin=2"/></net>

<net id="231"><net_src comp="213" pin="2"/><net_sink comp="227" pin=0"/></net>

<net id="232"><net_src comp="8" pin="0"/><net_sink comp="227" pin=1"/></net>

<net id="237"><net_src comp="195" pin="1"/><net_sink comp="233" pin=0"/></net>

<net id="238"><net_src comp="48" pin="0"/><net_sink comp="233" pin=1"/></net>

<net id="243"><net_src comp="233" pin="2"/><net_sink comp="239" pin=0"/></net>

<net id="244"><net_src comp="227" pin="2"/><net_sink comp="239" pin=1"/></net>

<net id="250"><net_src comp="213" pin="2"/><net_sink comp="245" pin=0"/></net>

<net id="251"><net_src comp="207" pin="2"/><net_sink comp="245" pin=1"/></net>

<net id="252"><net_src comp="204" pin="1"/><net_sink comp="245" pin=2"/></net>

<net id="257"><net_src comp="219" pin="3"/><net_sink comp="253" pin=0"/></net>

<net id="258"><net_src comp="50" pin="0"/><net_sink comp="253" pin=1"/></net>

<net id="263"><net_src comp="239" pin="2"/><net_sink comp="259" pin=0"/></net>

<net id="264"><net_src comp="213" pin="2"/><net_sink comp="259" pin=1"/></net>

<net id="270"><net_src comp="259" pin="2"/><net_sink comp="265" pin=0"/></net>

<net id="271"><net_src comp="38" pin="0"/><net_sink comp="265" pin=1"/></net>

<net id="272"><net_src comp="195" pin="1"/><net_sink comp="265" pin=2"/></net>

<net id="278"><net_src comp="239" pin="2"/><net_sink comp="273" pin=0"/></net>

<net id="279"><net_src comp="253" pin="2"/><net_sink comp="273" pin=1"/></net>

<net id="280"><net_src comp="219" pin="3"/><net_sink comp="273" pin=2"/></net>

<net id="286"><net_src comp="52" pin="0"/><net_sink comp="281" pin=0"/></net>

<net id="287"><net_src comp="245" pin="3"/><net_sink comp="281" pin=1"/></net>

<net id="288"><net_src comp="36" pin="0"/><net_sink comp="281" pin=2"/></net>

<net id="292"><net_src comp="281" pin="3"/><net_sink comp="289" pin=0"/></net>

<net id="296"><net_src comp="265" pin="3"/><net_sink comp="293" pin=0"/></net>

<net id="301"><net_src comp="289" pin="1"/><net_sink comp="297" pin=0"/></net>

<net id="305"><net_src comp="273" pin="3"/><net_sink comp="302" pin=0"/></net>

<net id="312"><net_src comp="54" pin="0"/><net_sink comp="306" pin=0"/></net>

<net id="313"><net_src comp="302" pin="1"/><net_sink comp="306" pin=1"/></net>

<net id="314"><net_src comp="293" pin="1"/><net_sink comp="306" pin=2"/></net>

<net id="315"><net_src comp="56" pin="0"/><net_sink comp="306" pin=3"/></net>

<net id="319"><net_src comp="306" pin="4"/><net_sink comp="316" pin=0"/></net>

<net id="324"><net_src comp="316" pin="1"/><net_sink comp="320" pin=0"/></net>

<net id="325"><net_src comp="297" pin="2"/><net_sink comp="320" pin=1"/></net>

<net id="332"><net_src comp="58" pin="0"/><net_sink comp="326" pin=0"/></net>

<net id="333"><net_src comp="320" pin="2"/><net_sink comp="326" pin=1"/></net>

<net id="334"><net_src comp="60" pin="0"/><net_sink comp="326" pin=2"/></net>

<net id="335"><net_src comp="62" pin="0"/><net_sink comp="326" pin=3"/></net>

<net id="339"><net_src comp="326" pin="4"/><net_sink comp="336" pin=0"/></net>

<net id="344"><net_src comp="0" pin="0"/><net_sink comp="340" pin=0"/></net>

<net id="345"><net_src comp="336" pin="1"/><net_sink comp="340" pin=1"/></net>

<net id="350"><net_src comp="265" pin="3"/><net_sink comp="346" pin=0"/></net>

<net id="351"><net_src comp="50" pin="0"/><net_sink comp="346" pin=1"/></net>

<net id="356"><net_src comp="201" pin="1"/><net_sink comp="352" pin=0"/></net>

<net id="357"><net_src comp="64" pin="0"/><net_sink comp="352" pin=1"/></net>

<net id="363"><net_src comp="213" pin="2"/><net_sink comp="358" pin=0"/></net>

<net id="364"><net_src comp="64" pin="0"/><net_sink comp="358" pin=1"/></net>

<net id="365"><net_src comp="352" pin="2"/><net_sink comp="358" pin=2"/></net>

<net id="370"><net_src comp="189" pin="2"/><net_sink comp="366" pin=0"/></net>

<net id="375"><net_src comp="245" pin="3"/><net_sink comp="371" pin=0"/></net>

<net id="380"><net_src comp="358" pin="3"/><net_sink comp="376" pin=0"/></net>

<net id="385"><net_src comp="273" pin="3"/><net_sink comp="381" pin=0"/></net>

<net id="390"><net_src comp="346" pin="2"/><net_sink comp="386" pin=0"/></net>

<net id="394"><net_src comp="391" pin="1"/><net_sink comp="150" pin=0"/></net>

<net id="398"><net_src comp="395" pin="1"/><net_sink comp="137" pin=2"/></net>

<net id="402"><net_src comp="92" pin="1"/><net_sink comp="399" pin=0"/></net>

<net id="403"><net_src comp="399" pin="1"/><net_sink comp="175" pin=1"/></net>

<net id="404"><net_src comp="399" pin="1"/><net_sink comp="195" pin=0"/></net>

<net id="405"><net_src comp="399" pin="1"/><net_sink comp="386" pin=1"/></net>

<net id="409"><net_src comp="96" pin="1"/><net_sink comp="406" pin=0"/></net>

<net id="410"><net_src comp="406" pin="1"/><net_sink comp="170" pin=1"/></net>

<net id="411"><net_src comp="406" pin="1"/><net_sink comp="198" pin=0"/></net>

<net id="412"><net_src comp="406" pin="1"/><net_sink comp="381" pin=1"/></net>

<net id="416"><net_src comp="100" pin="1"/><net_sink comp="413" pin=0"/></net>

<net id="417"><net_src comp="413" pin="1"/><net_sink comp="165" pin=1"/></net>

<net id="418"><net_src comp="413" pin="1"/><net_sink comp="201" pin=0"/></net>

<net id="419"><net_src comp="413" pin="1"/><net_sink comp="376" pin=1"/></net>

<net id="423"><net_src comp="104" pin="1"/><net_sink comp="420" pin=0"/></net>

<net id="424"><net_src comp="420" pin="1"/><net_sink comp="160" pin=1"/></net>

<net id="425"><net_src comp="420" pin="1"/><net_sink comp="204" pin=0"/></net>

<net id="426"><net_src comp="420" pin="1"/><net_sink comp="371" pin=1"/></net>

<net id="430"><net_src comp="108" pin="1"/><net_sink comp="427" pin=0"/></net>

<net id="431"><net_src comp="427" pin="1"/><net_sink comp="155" pin=1"/></net>

<net id="432"><net_src comp="427" pin="1"/><net_sink comp="180" pin=0"/></net>

<net id="433"><net_src comp="427" pin="1"/><net_sink comp="366" pin=1"/></net>

<net id="437"><net_src comp="112" pin="2"/><net_sink comp="434" pin=0"/></net>

<net id="438"><net_src comp="434" pin="1"/><net_sink comp="297" pin=1"/></net>

<net id="442"><net_src comp="183" pin="2"/><net_sink comp="439" pin=0"/></net>

<net id="446"><net_src comp="340" pin="2"/><net_sink comp="443" pin=0"/></net>

<net id="447"><net_src comp="443" pin="1"/><net_sink comp="118" pin=1"/></net>

<net id="448"><net_src comp="443" pin="1"/><net_sink comp="125" pin=1"/></net>

<net id="449"><net_src comp="443" pin="1"/><net_sink comp="130" pin=1"/></net>

<net id="450"><net_src comp="443" pin="1"/><net_sink comp="137" pin=1"/></net>

<net id="451"><net_src comp="443" pin="1"/><net_sink comp="145" pin=1"/></net>

<net id="455"><net_src comp="125" pin="2"/><net_sink comp="452" pin=0"/></net>

<net id="456"><net_src comp="452" pin="1"/><net_sink comp="391" pin=0"/></net>

<net id="460"><net_src comp="391" pin="1"/><net_sink comp="457" pin=0"/></net>

<net id="461"><net_src comp="457" pin="1"/><net_sink comp="150" pin=0"/></net>

<net id="465"><net_src comp="150" pin="2"/><net_sink comp="462" pin=0"/></net>

<net id="466"><net_src comp="462" pin="1"/><net_sink comp="395" pin=0"/></net>

</net_list>

</model> 
---------------- Datapath Model END ------------------

* FSMD analyzer results:
  - Output states:
	Port: g0 | {14 15 16 17 18 19 20 }
 - Input state : 
	Port: kernel19 : g0 | {3 4 5 6 7 8 9 10 11 }
	Port: kernel19 : v126 | {1 }
  - Chain level:
	State 1
		store_ln0 : 1
		store_ln325 : 1
		store_ln0 : 1
		store_ln326 : 1
		store_ln327 : 1
	State 2
		icmp_ln325 : 1
		add_ln325_1 : 1
		br_ln325 : 2
		add_ln325 : 1
		icmp_ln326 : 1
		select_ln325 : 2
		xor_ln325 : 2
		icmp_ln327 : 1
		and_ln325 : 2
		select_ln325_1 : 2
		add_ln326 : 3
		empty : 2
		v130_mid2 : 2
		select_ln326 : 2
		shl_ln : 3
		zext_ln326 : 4
		trunc_ln330 : 3
		add_ln330 : 5
		trunc_ln330_1 : 3
		tmp1 : 4
		zext_ln330 : 5
		add_ln330_1 : 6
		trunc_ln : 7
		sext_ln330 : 8
		g0_addr : 9
		add_ln327 : 3
		add_ln326_1 : 1
		select_ln326_1 : 2
		store_ln325 : 2
		store_ln325 : 3
		store_ln326 : 3
		store_ln326 : 3
		store_ln327 : 4
	State 3
	State 4
	State 5
	State 6
	State 7
	State 8
	State 9
	State 10
	State 11
	State 12
		v132 : 1
	State 13
	State 14
	State 15
		write_ln332 : 1
	State 16
	State 17
	State 18
	State 19
	State 20


============================================================
+ Verbose Summary: Datapath Resource usage 
============================================================

* Functional unit list:
|----------|---------------------------------|---------|---------|---------|
| Operation|         Functional Unit         |   DSP   |    FF   |   LUT   |
|----------|---------------------------------|---------|---------|---------|
|   fmul   |            grp_fu_150           |    3    |   128   |   135   |
|----------|---------------------------------|---------|---------|---------|
|          |        add_ln325_1_fu_189       |    0    |    0    |    24   |
|          |         add_ln325_fu_207        |    0    |    0    |    18   |
|          |         add_ln326_fu_253        |    0    |    0    |    12   |
|    add   |         add_ln330_fu_297        |    0    |    0    |    64   |
|          |        add_ln330_1_fu_320       |    0    |    0    |    64   |
|          |         add_ln327_fu_346        |    0    |    0    |    12   |
|          |        add_ln326_1_fu_352       |    0    |    0    |    15   |
|----------|---------------------------------|---------|---------|---------|
|          |        icmp_ln325_fu_183        |    0    |    0    |    24   |
|   icmp   |        icmp_ln326_fu_213        |    0    |    0    |    15   |
|          |        icmp_ln327_fu_233        |    0    |    0    |    12   |
|----------|---------------------------------|---------|---------|---------|
|          |       select_ln325_fu_219       |    0    |    0    |    4    |
|          |      select_ln325_1_fu_245      |    0    |    0    |    10   |
|  select  |         v130_mid2_fu_265        |    0    |    0    |    4    |
|          |       select_ln326_fu_273       |    0    |    0    |    4    |
|          |      select_ln326_1_fu_358      |    0    |    0    |    8    |
|----------|---------------------------------|---------|---------|---------|
|    xor   |         xor_ln325_fu_227        |    0    |    0    |    2    |
|----------|---------------------------------|---------|---------|---------|
|    and   |         and_ln325_fu_239        |    0    |    0    |    2    |
|----------|---------------------------------|---------|---------|---------|
|    or    |           empty_fu_259          |    0    |    0    |    2    |
|----------|---------------------------------|---------|---------|---------|
|   read   |      v126_read_read_fu_112      |    0    |    0    |    0    |
|          |     g0_addr_read_read_fu_125    |    0    |    0    |    0    |
|----------|---------------------------------|---------|---------|---------|
|  readreq |        grp_readreq_fu_118       |    0    |    0    |    0    |
|----------|---------------------------------|---------|---------|---------|
| writereq | g0_addr_109_req_writereq_fu_130 |    0    |    0    |    0    |
|----------|---------------------------------|---------|---------|---------|
|   write  |     write_ln332_write_fu_137    |    0    |    0    |    0    |
|----------|---------------------------------|---------|---------|---------|
| writeresp|       grp_writeresp_fu_145      |    0    |    0    |    0    |
|----------|---------------------------------|---------|---------|---------|
|bitconcatenate|          shl_ln_fu_281          |    0    |    0    |    0    |
|          |           tmp1_fu_306           |    0    |    0    |    0    |
|----------|---------------------------------|---------|---------|---------|
|   zext   |        zext_ln326_fu_289        |    0    |    0    |    0    |
|          |        zext_ln330_fu_316        |    0    |    0    |    0    |
|----------|---------------------------------|---------|---------|---------|
|   trunc  |        trunc_ln330_fu_293       |    0    |    0    |    0    |
|          |       trunc_ln330_1_fu_302      |    0    |    0    |    0    |
|----------|---------------------------------|---------|---------|---------|
|partselect|         trunc_ln_fu_326         |    0    |    0    |    0    |
|----------|---------------------------------|---------|---------|---------|
|   sext   |        sext_ln330_fu_336        |    0    |    0    |    0    |
|----------|---------------------------------|---------|---------|---------|
|   Total  |                                 |    3    |   128   |   431   |
|----------|---------------------------------|---------|---------|---------|

Memories:
N/A

* Register list:
+------------------------+--------+
|                        |   FF   |
+------------------------+--------+
|  g0_addr_read_reg_452  |   32   |
|     g0_addr_reg_443    |   32   |
|   icmp_ln325_reg_439   |    1   |
|indvar_flatten13_reg_427|   17   |
| indvar_flatten_reg_413 |    8   |
|    v126_read_reg_434   |   64   |
|      v128_reg_420      |   11   |
|      v129_reg_406      |    4   |
|      v130_reg_399      |    4   |
|      v131_reg_457      |   32   |
|      v132_reg_462      |   32   |
+------------------------+--------+
|          Total         |   237  |
+------------------------+--------+

* Multiplexer (MUX) list: 
|------------|------|------|------|--------||---------||---------||---------|
|    Comp    |  Pin | Size |  BW  | S x BW ||  Delay  ||    FF   ||   LUT   |
|------------|------|------|------|--------||---------||---------||---------|
| grp_fu_150 |  p0  |   2  |  32  |   64   ||    0    ||    9    |
|------------|------|------|------|--------||---------||---------||---------|
|    Total   |      |      |      |   64   ||  0.427  ||    0    ||    9    |
|------------|------|------|------|--------||---------||---------||---------|



* Summary:
+-----------+--------+--------+--------+--------+
|           |   DSP  |  Delay |   FF   |   LUT  |
+-----------+--------+--------+--------+--------+
|  Function |    3   |    -   |   128  |   431  |
|   Memory  |    -   |    -   |    -   |    -   |
|Multiplexer|    -   |    0   |    0   |    9   |
|  Register |    -   |    -   |   237  |    -   |
+-----------+--------+--------+--------+--------+
|   Total   |    3   |    0   |   365  |   440  |
+-----------+--------+--------+--------+--------+
