

================================================================
== Vitis HLS Report for 'kernel42_Pipeline_VITIS_LOOP_573_1_VITIS_LOOP_574_2'
================================================================
* Date:           Sun Jul 12 20:26:07 2026

* Version:        2025.2 (Build 6295257 on Nov 14 2025)
* Project:        spikingformer_proj
* Solution:       solution1 (Vivado IP Flow Target)
* Product family: zynquplus
* Target device:  xczu7ev-ffvc1156-2-e


================================================================
== Performance Estimates
================================================================
+ Timing: 
    * Summary: 
    +--------+----------+----------+------------+
    |  Clock |  Target  | Estimated| Uncertainty|
    +--------+----------+----------+------------+
    |ap_clk  |  10.00 ns|  7.300 ns|     2.70 ns|
    +--------+----------+----------+------------+

+ Latency: 
    * Summary: 
    +---------+---------+----------+----------+-----+-----+-------------------+
    |  Latency (cycles) |  Latency (absolute) |  Interval |      Pipeline     |
    |   min   |   max   |    min   |    max   | min | max |        Type       |
    +---------+---------+----------+----------+-----+-----+-------------------+
    |    24579|    24579|  0.246 ms|  0.246 ms|    0|    0|  loop pipeline stp|
    +---------+---------+----------+----------+-----+-----+-------------------+

    + Detail: 
        * Instance: 
        N/A

        * Loop: 
        +-------------------------------------+---------+---------+----------+-----------+-----------+-------+----------+
        |                                     |  Latency (cycles) | Iteration|  Initiation Interval  |  Trip |          |
        |              Loop Name              |   min   |   max   |  Latency |  achieved |   target  | Count | Pipelined|
        +-------------------------------------+---------+---------+----------+-----------+-----------+-------+----------+
        |- VITIS_LOOP_573_1_VITIS_LOOP_574_2  |    24577|    24577|         3|          1|          1|  24576|       yes|
        +-------------------------------------+---------+---------+----------+-----------+-----------+-------+----------+

============================================================
+ Verbose Summary: Synthesis Manager
============================================================
InlineROM: 1
ExposeGlobal: 0
============================================================
+ Verbose Summary: CDFG Model
============================================================
IsTopModel: 0
ResetActiveHigh: 1
IsCombinational: 0
IsDatapathOnly: 0
HasWiredReturn: 1
HasMFsm: 2
HasVarLatency: 1
IsPipeline: 0
IsRtlPipelined: 0
IsInstanceOverlapped: 0
IsDontTouch: 0
HasImplIP: 0
IsGatedGlobalClock: 0

+ Individual pipeline summary: 
  * Pipeline-0: initiation interval (II) = 1, depth = 3


============================================================
+ Verbose Summary: Schedule
============================================================
* Number of FSM states : 3
* Pipeline : 1
  Pipeline-0 : II = 1, D = 3, States = { 1 2 3 }
* Dataflow Pipeline: 0

* FSM state transitions: 
1 --> 2 
2 --> 3 
3 --> 

* FSM state operations: 

State 1 <SV = 0> <Delay = 2.83>
ST_1 : Operation 6 [1/1] (0.00ns)   --->   "%v235 = alloca i32 1" [spikingformer_official.cpp:574]   --->   Operation 6 'alloca' 'v235' <Predicate = true> <Delay = 0.00>
ST_1 : Operation 7 [1/1] (0.00ns)   --->   "%v234 = alloca i32 1" [spikingformer_official.cpp:573]   --->   Operation 7 'alloca' 'v234' <Predicate = true> <Delay = 0.00>
ST_1 : Operation 8 [1/1] (0.00ns)   --->   "%indvar_flatten = alloca i32 1"   --->   Operation 8 'alloca' 'indvar_flatten' <Predicate = true> <Delay = 0.00>
ST_1 : Operation 9 [1/1] (0.00ns)   --->   "%v2361 = alloca i32 1"   --->   Operation 9 'alloca' 'v2361' <Predicate = true> <Delay = 0.00>
ST_1 : Operation 10 [1/1] (0.00ns)   --->   "%sext_ln573_read = read i62 @_ssdm_op_Read.ap_auto.i62, i62 %sext_ln573"   --->   Operation 10 'read' 'sext_ln573_read' <Predicate = true> <Delay = 0.00>
ST_1 : Operation 11 [1/1] (0.00ns)   --->   "%sext_ln573_cast = sext i62 %sext_ln573_read"   --->   Operation 11 'sext' 'sext_ln573_cast' <Predicate = true> <Delay = 0.00>
ST_1 : Operation 12 [1/1] (0.00ns)   --->   "%specstablecontent_ln0 = specstablecontent void @_ssdm_op_SpecStableContent, i32 %g0, i1 1, void "   --->   Operation 12 'specstablecontent' 'specstablecontent_ln0' <Predicate = true> <Delay = 0.00>
ST_1 : Operation 13 [1/1] (0.00ns)   --->   "%specinterface_ln0 = specinterface void @_ssdm_op_SpecInterface, i32 %g0, void @empty_26, i32 0, i32 0, void @empty_35, i32 0, i32 0, void @empty_22, void @empty_25, void @empty_35, i32 16, i32 16, i32 16, i32 16, void @empty_35, void @empty_35, i32 4294967295, i32 0, i32 0, i32 4"   --->   Operation 13 'specinterface' 'specinterface_ln0' <Predicate = true> <Delay = 0.00>
ST_1 : Operation 14 [1/1] (0.42ns)   --->   "%store_ln0 = store i15 0, i15 %indvar_flatten"   --->   Operation 14 'store' 'store_ln0' <Predicate = true> <Delay = 0.42>
ST_1 : Operation 15 [1/1] (0.42ns)   --->   "%store_ln573 = store i9 0, i9 %v234" [spikingformer_official.cpp:573]   --->   Operation 15 'store' 'store_ln573' <Predicate = true> <Delay = 0.42>
ST_1 : Operation 16 [1/1] (0.42ns)   --->   "%store_ln574 = store i7 0, i7 %v235" [spikingformer_official.cpp:574]   --->   Operation 16 'store' 'store_ln574' <Predicate = true> <Delay = 0.42>
ST_1 : Operation 17 [1/1] (0.42ns)   --->   "%br_ln0 = br void %for.inc"   --->   Operation 17 'br' 'br_ln0' <Predicate = true> <Delay = 0.42>
ST_1 : Operation 18 [1/1] (0.00ns)   --->   "%first_iter_0 = phi i1 1, void %newFuncRoot, i1 0, void %for.inc.split"   --->   Operation 18 'phi' 'first_iter_0' <Predicate = true> <Delay = 0.00>
ST_1 : Operation 19 [1/1] (0.00ns)   --->   "%v235_1 = load i7 %v235" [spikingformer_official.cpp:574]   --->   Operation 19 'load' 'v235_1' <Predicate = true> <Delay = 0.00>
ST_1 : Operation 20 [1/1] (0.00ns)   --->   "%indvar_flatten_load = load i15 %indvar_flatten" [spikingformer_official.cpp:573]   --->   Operation 20 'load' 'indvar_flatten_load' <Predicate = true> <Delay = 0.00>
ST_1 : Operation 21 [1/1] (0.84ns)   --->   "%icmp_ln573 = icmp_eq  i15 %indvar_flatten_load, i15 24576" [spikingformer_official.cpp:573]   --->   Operation 21 'icmp' 'icmp_ln573' <Predicate = true> <Delay = 0.84> <CoreInst = "Cmp">   --->   Core 9 'Cmp' <Latency = 0> <II = 1> <Delay = 0.84> <FuncUnit> <Opcode : 'seteq' 'setne' 'setle' 'setge' 'setlt' 'setgt'> <InPorts = 2> <OutPorts = 1>
ST_1 : Operation 22 [1/1] (0.84ns)   --->   "%add_ln573_1 = add i15 %indvar_flatten_load, i15 1" [spikingformer_official.cpp:573]   --->   Operation 22 'add' 'add_ln573_1' <Predicate = true> <Delay = 0.84> <CoreInst = "Adder">   --->   Core 1 'Adder' <Latency = 0> <II = 1> <Delay = 0.84> <FuncUnit> <Opcode : 'add' 'sub'> <InPorts = 2> <OutPorts = 1>
ST_1 : Operation 23 [1/1] (0.00ns)   --->   "%br_ln573 = br i1 %icmp_ln573, void %for.inc10, void %for.end12.exitStub" [spikingformer_official.cpp:573]   --->   Operation 23 'br' 'br_ln573' <Predicate = true> <Delay = 0.00>
ST_1 : Operation 24 [1/1] (0.00ns)   --->   "%v234_load = load i9 %v234" [spikingformer_official.cpp:573]   --->   Operation 24 'load' 'v234_load' <Predicate = (!icmp_ln573)> <Delay = 0.00>
ST_1 : Operation 25 [1/1] (0.77ns)   --->   "%add_ln573 = add i9 %v234_load, i9 1" [spikingformer_official.cpp:573]   --->   Operation 25 'add' 'add_ln573' <Predicate = (!icmp_ln573)> <Delay = 0.77> <CoreInst = "Adder">   --->   Core 1 'Adder' <Latency = 0> <II = 1> <Delay = 0.77> <FuncUnit> <Opcode : 'add' 'sub'> <InPorts = 2> <OutPorts = 1>
ST_1 : Operation 26 [1/1] (0.77ns)   --->   "%icmp_ln574 = icmp_eq  i7 %v235_1, i7 64" [spikingformer_official.cpp:574]   --->   Operation 26 'icmp' 'icmp_ln574' <Predicate = (!icmp_ln573)> <Delay = 0.77> <CoreInst = "Cmp">   --->   Core 9 'Cmp' <Latency = 0> <II = 1> <Delay = 0.77> <FuncUnit> <Opcode : 'seteq' 'setne' 'setle' 'setge' 'setlt' 'setgt'> <InPorts = 2> <OutPorts = 1>
ST_1 : Operation 27 [1/1] (0.28ns)   --->   "%or_ln573 = or i1 %icmp_ln574, i1 %first_iter_0" [spikingformer_official.cpp:573]   --->   Operation 27 'or' 'or_ln573' <Predicate = (!icmp_ln573)> <Delay = 0.28> <CoreInst = "LogicGate">   --->   Core 74 'LogicGate' <Latency = 0> <II = 1> <Delay = 0.28> <FuncUnit> <Opcode : 'and' 'or' 'xor'> <InPorts = 2> <OutPorts = 1>
ST_1 : Operation 28 [1/1] (0.39ns)   --->   "%select_ln573 = select i1 %icmp_ln574, i9 %add_ln573, i9 %v234_load" [spikingformer_official.cpp:573]   --->   Operation 28 'select' 'select_ln573' <Predicate = (!icmp_ln573)> <Delay = 0.39> <CoreInst = "Sel">   --->   Core 73 'Sel' <Latency = 0> <II = 1> <Delay = 0.39> <FuncUnit> <Opcode : 'select'> <InPorts = 3> <OutPorts = 1>
ST_1 : Operation 29 [1/1] (0.00ns)   --->   "%zext_ln573 = zext i9 %select_ln573" [spikingformer_official.cpp:573]   --->   Operation 29 'zext' 'zext_ln573' <Predicate = (!icmp_ln573)> <Delay = 0.00>
ST_1 : Operation 30 [1/1] (0.00ns)   --->   "%v233_addr = getelementptr i32 %v233, i64 0, i64 %zext_ln573" [spikingformer_official.cpp:578]   --->   Operation 30 'getelementptr' 'v233_addr' <Predicate = (!icmp_ln573)> <Delay = 0.00>
ST_1 : Operation 31 [1/1] (0.00ns)   --->   "%br_ln574 = br i1 %or_ln573, void %for.inc.split, void %for.first.iter.for.inc" [spikingformer_official.cpp:574]   --->   Operation 31 'br' 'br_ln574' <Predicate = (!icmp_ln573)> <Delay = 0.00>
ST_1 : Operation 32 [2/2] (1.23ns)   --->   "%v236 = load i9 %v233_addr" [spikingformer_official.cpp:578]   --->   Operation 32 'load' 'v236' <Predicate = (!icmp_ln573 & or_ln573)> <Delay = 1.23> <CoreInst = "RAM">   --->   Core 82 'RAM' <Latency = 1> <II = 1> <Delay = 1.23> <Storage> <Opcode : 'load' 'store'> <Ports = 2> <Width = 32> <Depth = 384> <RAM>
ST_1 : Operation 33 [1/1] (0.77ns)   --->   "%add_ln574 = add i7 %v235_1, i7 1" [spikingformer_official.cpp:574]   --->   Operation 33 'add' 'add_ln574' <Predicate = (!icmp_ln573)> <Delay = 0.77> <CoreInst = "Adder">   --->   Core 1 'Adder' <Latency = 0> <II = 1> <Delay = 0.77> <FuncUnit> <Opcode : 'add' 'sub'> <InPorts = 2> <OutPorts = 1>
ST_1 : Operation 34 [1/1] (0.36ns)   --->   "%select_ln574 = select i1 %icmp_ln574, i7 1, i7 %add_ln574" [spikingformer_official.cpp:574]   --->   Operation 34 'select' 'select_ln574' <Predicate = (!icmp_ln573)> <Delay = 0.36> <CoreInst = "Sel">   --->   Core 73 'Sel' <Latency = 0> <II = 1> <Delay = 0.36> <FuncUnit> <Opcode : 'select'> <InPorts = 3> <OutPorts = 1>
ST_1 : Operation 35 [1/1] (0.42ns)   --->   "%store_ln573 = store i15 %add_ln573_1, i15 %indvar_flatten" [spikingformer_official.cpp:573]   --->   Operation 35 'store' 'store_ln573' <Predicate = (!icmp_ln573)> <Delay = 0.42>
ST_1 : Operation 36 [1/1] (0.42ns)   --->   "%store_ln573 = store i9 %select_ln573, i9 %v234" [spikingformer_official.cpp:573]   --->   Operation 36 'store' 'store_ln573' <Predicate = (!icmp_ln573)> <Delay = 0.42>
ST_1 : Operation 37 [1/1] (0.42ns)   --->   "%store_ln574 = store i7 %select_ln574, i7 %v235" [spikingformer_official.cpp:574]   --->   Operation 37 'store' 'store_ln574' <Predicate = (!icmp_ln573)> <Delay = 0.42>
ST_1 : Operation 38 [1/1] (0.00ns)   --->   "%br_ln574 = br void %for.inc" [spikingformer_official.cpp:574]   --->   Operation 38 'br' 'br_ln574' <Predicate = (!icmp_ln573)> <Delay = 0.00>

State 2 <SV = 1> <Delay = 1.23>
ST_2 : Operation 39 [1/2] ( I:1.23ns O:1.23ns )   --->   "%v236 = load i9 %v233_addr" [spikingformer_official.cpp:578]   --->   Operation 39 'load' 'v236' <Predicate = (or_ln573)> <Delay = 1.23> <CoreInst = "RAM">   --->   Core 82 'RAM' <Latency = 1> <II = 1> <Delay = 1.23> <Storage> <Opcode : 'load' 'store'> <Ports = 2> <Width = 32> <Depth = 384> <RAM>
ST_2 : Operation 40 [1/1] (0.00ns)   --->   "%store_ln578 = store i32 %v236, i32 %v2361" [spikingformer_official.cpp:578]   --->   Operation 40 'store' 'store_ln578' <Predicate = (or_ln573)> <Delay = 0.00>
ST_2 : Operation 41 [1/1] (0.00ns)   --->   "%br_ln574 = br void %for.inc.split" [spikingformer_official.cpp:574]   --->   Operation 41 'br' 'br_ln574' <Predicate = (or_ln573)> <Delay = 0.00>
ST_2 : Operation 49 [1/1] (0.42ns)   --->   "%ret_ln0 = ret"   --->   Operation 49 'ret' 'ret_ln0' <Predicate = (icmp_ln573)> <Delay = 0.42>

State 3 <SV = 2> <Delay = 7.30>
ST_3 : Operation 42 [1/1] (0.00ns)   --->   "%g0_addr = getelementptr i32 %g0, i64 %sext_ln573_cast" [spikingformer_official.cpp:573]   --->   Operation 42 'getelementptr' 'g0_addr' <Predicate = true> <Delay = 0.00>
ST_3 : Operation 43 [1/1] (0.00ns)   --->   "%specloopname_ln0 = specloopname void @_ssdm_op_SpecLoopName, void @VITIS_LOOP_573_1_VITIS_LOOP_574_2_str"   --->   Operation 43 'specloopname' 'specloopname_ln0' <Predicate = true> <Delay = 0.00>
ST_3 : Operation 44 [1/1] (0.00ns)   --->   "%speclooptripcount_ln0 = speclooptripcount void @_ssdm_op_SpecLoopTripCount, i64 24576, i64 24576, i64 24576"   --->   Operation 44 'speclooptripcount' 'speclooptripcount_ln0' <Predicate = true> <Delay = 0.00>
ST_3 : Operation 45 [1/1] (0.00ns)   --->   "%v2361_load = load i32 %v2361"   --->   Operation 45 'load' 'v2361_load' <Predicate = (!icmp_ln573)> <Delay = 0.00>
ST_3 : Operation 46 [1/1] (0.00ns)   --->   "%bitcast_ln579 = bitcast i32 %v2361_load" [spikingformer_official.cpp:579]   --->   Operation 46 'bitcast' 'bitcast_ln579' <Predicate = (!icmp_ln573)> <Delay = 0.00>
ST_3 : Operation 47 [1/1] (0.00ns)   --->   "%specpipeline_ln575 = specpipeline void @_ssdm_op_SpecPipeline, i32 1, i32 0, i32 0, i32 0, i32 4294967295, void @empty_35" [spikingformer_official.cpp:575]   --->   Operation 47 'specpipeline' 'specpipeline_ln575' <Predicate = (!icmp_ln573)> <Delay = 0.00>
ST_3 : Operation 48 [1/1] ( I:7.30ns O:7.30ns )   --->   "%write_ln579 = write void @_ssdm_op_Write.m_axi.p1i32.i32, i32 %g0_addr, i32 %bitcast_ln579, i4 15" [spikingformer_official.cpp:579]   --->   Operation 48 'write' 'write_ln579' <Predicate = (!icmp_ln573)> <Delay = 7.30> <CoreInst = "m_axi">   --->   Core 119 'm_axi' <Latency = 5> <II = 1> <Delay = 1.00> <Adapter> <Opcode : 'readrequnaligned' 'writerequnaligned' 'read' 'write' 'readreq' 'writereq' 'writeresp'>


============================================================
+ Verbose Summary: Timing violations
============================================================
Target clock period: 10.000ns, clock uncertainty: 2.700ns.

 <State 1>: 2.838ns
The critical path consists of the following:
	'store' operation ('store_ln573', spikingformer_official.cpp:573) of constant 0 9 bit on local variable 'v234', spikingformer_official.cpp:573 [13]  (0.427 ns)
	'load' operation 9 bit ('v234_load', spikingformer_official.cpp:573) on local variable 'v234', spikingformer_official.cpp:573 [24]  (0.000 ns)
	'add' operation 9 bit ('add_ln573', spikingformer_official.cpp:573) [26]  (0.776 ns)
	'select' operation 9 bit ('select_ln573', spikingformer_official.cpp:573) [31]  (0.398 ns)
	'getelementptr' operation 9 bit ('v233_addr', spikingformer_official.cpp:578) [33]  (0.000 ns)
	'load' operation 32 bit ('v236', spikingformer_official.cpp:578) on array 'v233' [36]  (1.237 ns)

 <State 2>: 1.237ns
The critical path consists of the following:
	'load' operation 32 bit ('v236', spikingformer_official.cpp:578) on array 'v233' [36]  (1.237 ns)

 <State 3>: 7.300ns
The critical path consists of the following:
	'getelementptr' operation 32 bit ('g0_addr', spikingformer_official.cpp:573) [25]  (0.000 ns)
	bus write operation ('write_ln579', spikingformer_official.cpp:579) on port 'g0' (spikingformer_official.cpp:579) [43]  (7.300 ns)


============================================================
+ Verbose Summary: Binding
============================================================
N/A
* FSMD analyzer results:
  - Output states:
 - Input state : 
  - Chain level:
	State 1
	State 2
	State 3


============================================================
+ Verbose Summary: Datapath Resource usage 
============================================================
N/A
