

================================================================
== Vitis HLS Report for 'kernel589'
================================================================
* Date:           Sun Jul 12 20:26:35 2026

* Version:        2025.2 (Build 6295257 on Nov 14 2025)
* Project:        spikingformer_proj
* Solution:       solution1 (Vivado IP Flow Target)
* Product family: zynquplus
* Target device:  xczu7ev-ffvc1156-2-e


================================================================
== Performance Estimates
================================================================
+ Timing: 
    * Summary: 
    +--------+----------+----------+------------+
    |  Clock |  Target  | Estimated| Uncertainty|
    +--------+----------+----------+------------+
    |ap_clk  |  10.00 ns|  7.300 ns|     2.70 ns|
    +--------+----------+----------+------------+

+ Latency: 
    * Summary: 
    +---------+---------+----------+----------+-----+-----+-------------------+
    |  Latency (cycles) |  Latency (absolute) |  Interval |      Pipeline     |
    |   min   |   max   |    min   |    max   | min | max |        Type       |
    +---------+---------+----------+----------+-----+-----+-------------------+
    |    49168|    49168|  0.492 ms|  0.492 ms|    0|    0|  loop pipeline stp|
    +---------+---------+----------+----------+-----+-----+-------------------+

    + Detail: 
        * Instance: 
        N/A

        * Loop: 
        +---------------------------------------------------------+---------+---------+----------+-----------+-----------+-------+----------+
        |                                                         |  Latency (cycles) | Iteration|  Initiation Interval  |  Trip |          |
        |                        Loop Name                        |   min   |   max   |  Latency |  achieved |   target  | Count | Pipelined|
        +---------------------------------------------------------+---------+---------+----------+-----------+-----------+-------+----------+
        |- VITIS_LOOP_2076_1_VITIS_LOOP_2077_2_VITIS_LOOP_2078_3  |    49166|    49166|        16|          1|          1|  49152|       yes|
        +---------------------------------------------------------+---------+---------+----------+-----------+-----------+-------+----------+



================================================================
== Utilization Estimates
================================================================
* Summary: 
+-----------------+---------+------+--------+--------+-----+
|       Name      | BRAM_18K|  DSP |   FF   |   LUT  | URAM|
+-----------------+---------+------+--------+--------+-----+
|DSP              |        -|     -|       -|       -|    -|
|Expression       |        -|     -|       0|     448|    -|
|FIFO             |        -|     -|       -|       -|    -|
|Instance         |        -|     -|       -|       -|    -|
|Memory           |        -|     -|       -|       -|    -|
|Multiplexer      |        -|     -|       0|     117|    -|
|Register         |        -|     -|     306|      32|    -|
+-----------------+---------+------+--------+--------+-----+
|Total            |        0|     0|     306|     597|    0|
+-----------------+---------+------+--------+--------+-----+
|Available        |      624|  1728|  460800|  230400|   96|
+-----------------+---------+------+--------+--------+-----+
|Utilization (%)  |        0|     0|      ~0|      ~0|    0|
+-----------------+---------+------+--------+--------+-----+

+ Detail: 
    * Instance: 
    N/A

    * DSP: 
    N/A

    * Memory: 
    N/A

    * FIFO: 
    N/A

    * Expression: 
    +--------------------------------+----------+----+---+----+------------+------------+
    |          Variable Name         | Operation| DSP| FF| LUT| Bitwidth P0| Bitwidth P1|
    +--------------------------------+----------+----+---+----+------------+------------+
    |add_ln2076_1_fu_186_p2          |         +|   0|  0|  23|          16|           1|
    |add_ln2076_fu_204_p2            |         +|   0|  0|  13|           6|           1|
    |add_ln2077_1_fu_380_p2          |         +|   0|  0|  19|          12|           1|
    |add_ln2077_fu_250_p2            |         +|   0|  0|  13|           6|           1|
    |add_ln2078_fu_374_p2            |         +|   0|  0|  13|           6|           1|
    |add_ln2082_1_fu_317_p2          |         +|   0|  0|  64|          64|          64|
    |add_ln2082_fu_294_p2            |         +|   0|  0|  64|          64|          64|
    |add_ln2083_1_fu_348_p2          |         +|   0|  0|  64|          64|          64|
    |add_ln2083_fu_343_p2            |         +|   0|  0|  64|          64|          64|
    |and_ln2076_fu_236_p2            |       and|   0|  0|   2|           1|           1|
    |ap_block_pp0_stage0_01001_grp2  |       and|   0|  0|   2|           1|           1|
    |ap_block_pp0_stage0_11001_grp1  |       and|   0|  0|   2|           1|           1|
    |ap_block_pp0_stage0_11001_grp3  |       and|   0|  0|   2|           1|           1|
    |ap_block_pp0_stage0_11001_grp5  |       and|   0|  0|   2|           1|           1|
    |icmp_ln2076_fu_180_p2           |      icmp|   0|  0|  23|          16|          16|
    |icmp_ln2077_fu_210_p2           |      icmp|   0|  0|  19|          12|          11|
    |icmp_ln2078_fu_230_p2           |      icmp|   0|  0|  14|           6|           7|
    |ap_block_pp0_stage0_11001       |        or|   0|  0|   2|           1|           1|
    |ap_block_pp0_stage0_11001_grp2  |        or|   0|  0|   2|           1|           1|
    |empty_fu_256_p2                 |        or|   0|  0|   2|           1|           1|
    |select_ln2076_1_fu_242_p3       |    select|   0|  0|   6|           1|           6|
    |select_ln2076_fu_216_p3         |    select|   0|  0|   6|           1|           1|
    |select_ln2077_1_fu_386_p3       |    select|   0|  0|  11|           1|           1|
    |select_ln2077_fu_270_p3         |    select|   0|  0|   6|           1|           6|
    |v850_mid2_fu_262_p3             |    select|   0|  0|   6|           1|           1|
    |ap_enable_pp0                   |       xor|   0|  0|   2|           1|           2|
    |xor_ln2076_fu_224_p2            |       xor|   0|  0|   2|           1|           2|
    +--------------------------------+----------+----+---+----+------------+------------+
    |Total                           |          |   0|  0| 448|         351|         322|
    +--------------------------------+----------+----+---+----+------------+------------+

    * Multiplexer: 
    +-------------------------+----+-----------+-----+-----------+
    |           Name          | LUT| Input Size| Bits| Total Bits|
    +-------------------------+----+-----------+-----+-----------+
    |ap_done_int              |   9|          2|    1|          2|
    |ap_enable_reg_pp0_iter1  |   9|          2|    1|          2|
    |ap_enable_reg_pp0_iter2  |   9|          2|    1|          2|
    |g0_blk_n_AR              |   9|          2|    1|          2|
    |g0_blk_n_AW              |   9|          2|    1|          2|
    |g0_blk_n_B               |   9|          2|    1|          2|
    |g0_blk_n_R               |   9|          2|    1|          2|
    |g0_blk_n_W               |   9|          2|    1|          2|
    |indvar_flatten12_fu_104  |   9|          2|   16|         32|
    |indvar_flatten_fu_96     |   9|          2|   12|         24|
    |v848_fu_100              |   9|          2|    6|         12|
    |v849_fu_92               |   9|          2|    6|         12|
    |v850_fu_88               |   9|          2|    6|         12|
    +-------------------------+----+-----------+-----+-----------+
    |Total                    | 117|         26|   54|        108|
    +-------------------------+----+-----------+-----+-----------+

    * Register: 
    +-------------------------------------------+----+----+-----+-----------+
    |                    Name                   | FF | LUT| Bits| Const Bits|
    +-------------------------------------------+----+----+-----+-----------+
    |ap_CS_fsm                                  |   1|   0|    1|          0|
    |ap_block_pp0_stage0_subdone_grp1_done_reg  |   1|   0|    1|          0|
    |ap_block_pp0_stage0_subdone_grp2_done_reg  |   1|   0|    1|          0|
    |ap_block_pp0_stage0_subdone_grp3_done_reg  |   1|   0|    1|          0|
    |ap_block_pp0_stage0_subdone_grp5_done_reg  |   1|   0|    1|          0|
    |ap_done_reg                                |   1|   0|    1|          0|
    |ap_enable_reg_pp0_iter1                    |   1|   0|    1|          0|
    |ap_enable_reg_pp0_iter10                   |   1|   0|    1|          0|
    |ap_enable_reg_pp0_iter11                   |   1|   0|    1|          0|
    |ap_enable_reg_pp0_iter12                   |   1|   0|    1|          0|
    |ap_enable_reg_pp0_iter13                   |   1|   0|    1|          0|
    |ap_enable_reg_pp0_iter14                   |   1|   0|    1|          0|
    |ap_enable_reg_pp0_iter15                   |   1|   0|    1|          0|
    |ap_enable_reg_pp0_iter16                   |   1|   0|    1|          0|
    |ap_enable_reg_pp0_iter2                    |   1|   0|    1|          0|
    |ap_enable_reg_pp0_iter3                    |   1|   0|    1|          0|
    |ap_enable_reg_pp0_iter4                    |   1|   0|    1|          0|
    |ap_enable_reg_pp0_iter5                    |   1|   0|    1|          0|
    |ap_enable_reg_pp0_iter6                    |   1|   0|    1|          0|
    |ap_enable_reg_pp0_iter7                    |   1|   0|    1|          0|
    |ap_enable_reg_pp0_iter8                    |   1|   0|    1|          0|
    |ap_enable_reg_pp0_iter9                    |   1|   0|    1|          0|
    |ap_loop_exit_ready_pp0_iter10_reg          |   1|   0|    1|          0|
    |ap_loop_exit_ready_pp0_iter11_reg          |   1|   0|    1|          0|
    |ap_loop_exit_ready_pp0_iter12_reg          |   1|   0|    1|          0|
    |ap_loop_exit_ready_pp0_iter13_reg          |   1|   0|    1|          0|
    |ap_loop_exit_ready_pp0_iter14_reg          |   1|   0|    1|          0|
    |ap_loop_exit_ready_pp0_iter15_reg          |   1|   0|    1|          0|
    |ap_loop_exit_ready_pp0_iter2_reg           |   1|   0|    1|          0|
    |ap_loop_exit_ready_pp0_iter3_reg           |   1|   0|    1|          0|
    |ap_loop_exit_ready_pp0_iter4_reg           |   1|   0|    1|          0|
    |ap_loop_exit_ready_pp0_iter5_reg           |   1|   0|    1|          0|
    |ap_loop_exit_ready_pp0_iter6_reg           |   1|   0|    1|          0|
    |ap_loop_exit_ready_pp0_iter7_reg           |   1|   0|    1|          0|
    |ap_loop_exit_ready_pp0_iter8_reg           |   1|   0|    1|          0|
    |ap_loop_exit_ready_pp0_iter9_reg           |   1|   0|    1|          0|
    |g0_addr_21_reg_474                         |  64|   0|   64|          0|
    |g0_addr_reg_468                            |  64|   0|   64|          0|
    |indvar_flatten12_fu_104                    |  16|   0|   16|          0|
    |indvar_flatten_fu_96                       |  12|   0|   12|          0|
    |v848_fu_100                                |   6|   0|    6|          0|
    |v849_fu_92                                 |   6|   0|    6|          0|
    |v850_fu_88                                 |   6|   0|    6|          0|
    |v851_reg_481                               |  32|   0|   32|          0|
    |g0_addr_21_reg_474                         |  64|  32|   64|          0|
    +-------------------------------------------+----+----+-----+-----------+
    |Total                                      | 306|  32|  306|          0|
    +-------------------------------------------+----+----+-----+-----------+



================================================================
== Interface
================================================================
* Summary: 
+---------------------+-----+-----+------------+--------------+--------------+
|      RTL Ports      | Dir | Bits|  Protocol  | Source Object|    C Type    |
+---------------------+-----+-----+------------+--------------+--------------+
|ap_clk               |   in|    1|  ap_ctrl_hs|     kernel589|  return value|
|ap_rst               |   in|    1|  ap_ctrl_hs|     kernel589|  return value|
|ap_start             |   in|    1|  ap_ctrl_hs|     kernel589|  return value|
|ap_done              |  out|    1|  ap_ctrl_hs|     kernel589|  return value|
|ap_idle              |  out|    1|  ap_ctrl_hs|     kernel589|  return value|
|ap_ready             |  out|    1|  ap_ctrl_hs|     kernel589|  return value|
|m_axi_g0_0_AWVALID   |  out|    1|       m_axi|            g0|       pointer|
|m_axi_g0_0_AWREADY   |   in|    1|       m_axi|            g0|       pointer|
|m_axi_g0_0_AWADDR    |  out|   64|       m_axi|            g0|       pointer|
|m_axi_g0_0_AWID      |  out|    1|       m_axi|            g0|       pointer|
|m_axi_g0_0_AWLEN     |  out|   32|       m_axi|            g0|       pointer|
|m_axi_g0_0_AWSIZE    |  out|    3|       m_axi|            g0|       pointer|
|m_axi_g0_0_AWBURST   |  out|    2|       m_axi|            g0|       pointer|
|m_axi_g0_0_AWLOCK    |  out|    2|       m_axi|            g0|       pointer|
|m_axi_g0_0_AWCACHE   |  out|    4|       m_axi|            g0|       pointer|
|m_axi_g0_0_AWPROT    |  out|    3|       m_axi|            g0|       pointer|
|m_axi_g0_0_AWQOS     |  out|    4|       m_axi|            g0|       pointer|
|m_axi_g0_0_AWREGION  |  out|    4|       m_axi|            g0|       pointer|
|m_axi_g0_0_AWUSER    |  out|    1|       m_axi|            g0|       pointer|
|m_axi_g0_0_WVALID    |  out|    1|       m_axi|            g0|       pointer|
|m_axi_g0_0_WREADY    |   in|    1|       m_axi|            g0|       pointer|
|m_axi_g0_0_WDATA     |  out|   32|       m_axi|            g0|       pointer|
|m_axi_g0_0_WSTRB     |  out|    4|       m_axi|            g0|       pointer|
|m_axi_g0_0_WLAST     |  out|    1|       m_axi|            g0|       pointer|
|m_axi_g0_0_WID       |  out|    1|       m_axi|            g0|       pointer|
|m_axi_g0_0_WUSER     |  out|    1|       m_axi|            g0|       pointer|
|m_axi_g0_0_ARVALID   |  out|    1|       m_axi|            g0|       pointer|
|m_axi_g0_0_ARREADY   |   in|    1|       m_axi|            g0|       pointer|
|m_axi_g0_0_ARADDR    |  out|   64|       m_axi|            g0|       pointer|
|m_axi_g0_0_ARID      |  out|    1|       m_axi|            g0|       pointer|
|m_axi_g0_0_ARLEN     |  out|   32|       m_axi|            g0|       pointer|
|m_axi_g0_0_ARSIZE    |  out|    3|       m_axi|            g0|       pointer|
|m_axi_g0_0_ARBURST   |  out|    2|       m_axi|            g0|       pointer|
|m_axi_g0_0_ARLOCK    |  out|    2|       m_axi|            g0|       pointer|
|m_axi_g0_0_ARCACHE   |  out|    4|       m_axi|            g0|       pointer|
|m_axi_g0_0_ARPROT    |  out|    3|       m_axi|            g0|       pointer|
|m_axi_g0_0_ARQOS     |  out|    4|       m_axi|            g0|       pointer|
|m_axi_g0_0_ARREGION  |  out|    4|       m_axi|            g0|       pointer|
|m_axi_g0_0_ARUSER    |  out|    1|       m_axi|            g0|       pointer|
|m_axi_g0_0_RVALID    |   in|    1|       m_axi|            g0|       pointer|
|m_axi_g0_0_RREADY    |  out|    1|       m_axi|            g0|       pointer|
|m_axi_g0_0_RDATA     |   in|   32|       m_axi|            g0|       pointer|
|m_axi_g0_0_RLAST     |   in|    1|       m_axi|            g0|       pointer|
|m_axi_g0_0_RID       |   in|    1|       m_axi|            g0|       pointer|
|m_axi_g0_0_RFIFONUM  |   in|    9|       m_axi|            g0|       pointer|
|m_axi_g0_0_RUSER     |   in|    1|       m_axi|            g0|       pointer|
|m_axi_g0_0_RRESP     |   in|    2|       m_axi|            g0|       pointer|
|m_axi_g0_0_BVALID    |   in|    1|       m_axi|            g0|       pointer|
|m_axi_g0_0_BREADY    |  out|    1|       m_axi|            g0|       pointer|
|m_axi_g0_0_BRESP     |   in|    2|       m_axi|            g0|       pointer|
|m_axi_g0_0_BID       |   in|    1|       m_axi|            g0|       pointer|
|m_axi_g0_0_BUSER     |   in|    1|       m_axi|            g0|       pointer|
|v846                 |   in|   64|     ap_none|          v846|        scalar|
|v847                 |   in|   64|     ap_none|          v847|        scalar|
+---------------------+-----+-----+------------+--------------+--------------+

============================================================
+ Verbose Summary: Synthesis Manager
============================================================
InlineROM: 1
ExposeGlobal: 0
============================================================
+ Verbose Summary: CDFG Model
============================================================
IsTopModel: 0
ResetActiveHigh: 1
IsCombinational: 2
IsDatapathOnly: 2
HasWiredReturn: 1
HasMFsm: 2
HasVarLatency: 1
IsPipeline: 0
IsRtlPipelined: 0
IsInstanceOverlapped: 0
IsDontTouch: 0
HasImplIP: 0
IsGatedGlobalClock: 0

+ Individual pipeline summary: 
  * Pipeline-0: initiation interval (II) = 1, depth = 17


============================================================
+ Verbose Summary: Schedule
============================================================
* Number of FSM states : 17
* Pipeline : 1
  Pipeline-0 : II = 1, D = 17, States = { 1 2 3 4 5 6 7 8 9 10 11 12 13 14 15 16 17 }
* Dataflow Pipeline: 0

* FSM state transitions: 
1 --> 2 
2 --> 3 
3 --> 4 
4 --> 5 
5 --> 6 
6 --> 7 
7 --> 8 
8 --> 9 
9 --> 10 
10 --> 11 
11 --> 12 
12 --> 13 
13 --> 14 
14 --> 15 
15 --> 16 
16 --> 17 
17 --> 

* FSM state operations: 

State 1 <SV = 0> <Delay = 0.42>
ST_1 : Operation 19 [1/1] (0.00ns)   --->   "%v850 = alloca i32 1" [spikingformer_official.cpp:2078]   --->   Operation 19 'alloca' 'v850' <Predicate = true> <Delay = 0.00>
ST_1 : Operation 20 [1/1] (0.00ns)   --->   "%v849 = alloca i32 1" [spikingformer_official.cpp:2077]   --->   Operation 20 'alloca' 'v849' <Predicate = true> <Delay = 0.00>
ST_1 : Operation 21 [1/1] (0.00ns)   --->   "%indvar_flatten = alloca i32 1"   --->   Operation 21 'alloca' 'indvar_flatten' <Predicate = true> <Delay = 0.00>
ST_1 : Operation 22 [1/1] (0.00ns)   --->   "%v848 = alloca i32 1" [spikingformer_official.cpp:2076]   --->   Operation 22 'alloca' 'v848' <Predicate = true> <Delay = 0.00>
ST_1 : Operation 23 [1/1] (0.00ns)   --->   "%indvar_flatten12 = alloca i32 1"   --->   Operation 23 'alloca' 'indvar_flatten12' <Predicate = true> <Delay = 0.00>
ST_1 : Operation 24 [1/1] (0.00ns)   --->   "%specstablecontent_ln0 = specstablecontent void @_ssdm_op_SpecStableContent, i32 %g0, i1 1, void "   --->   Operation 24 'specstablecontent' 'specstablecontent_ln0' <Predicate = true> <Delay = 0.00>
ST_1 : Operation 25 [1/1] (0.00ns)   --->   "%specinterface_ln0 = specinterface void @_ssdm_op_SpecInterface, i32 %g0, void @empty_26, i32 0, i32 0, void @empty_35, i32 0, i32 0, void @empty_22, void @empty_25, void @empty_35, i32 16, i32 16, i32 16, i32 16, void @empty_35, void @empty_35, i32 4294967295, i32 0, i32 0, i32 4"   --->   Operation 25 'specinterface' 'specinterface_ln0' <Predicate = true> <Delay = 0.00>
ST_1 : Operation 26 [1/1] (0.00ns)   --->   "%v847_read = read i64 @_ssdm_op_Read.ap_auto.i64, i64 %v847" [spikingformer_official.cpp:2073]   --->   Operation 26 'read' 'v847_read' <Predicate = true> <Delay = 0.00>
ST_1 : Operation 27 [1/1] (0.00ns)   --->   "%v846_read = read i64 @_ssdm_op_Read.ap_auto.i64, i64 %v846" [spikingformer_official.cpp:2073]   --->   Operation 27 'read' 'v846_read' <Predicate = true> <Delay = 0.00>
ST_1 : Operation 28 [1/1] (0.42ns)   --->   "%store_ln0 = store i16 0, i16 %indvar_flatten12"   --->   Operation 28 'store' 'store_ln0' <Predicate = true> <Delay = 0.42>
ST_1 : Operation 29 [1/1] (0.42ns)   --->   "%store_ln2076 = store i6 0, i6 %v848" [spikingformer_official.cpp:2076]   --->   Operation 29 'store' 'store_ln2076' <Predicate = true> <Delay = 0.42>
ST_1 : Operation 30 [1/1] (0.42ns)   --->   "%store_ln0 = store i12 0, i12 %indvar_flatten"   --->   Operation 30 'store' 'store_ln0' <Predicate = true> <Delay = 0.42>
ST_1 : Operation 31 [1/1] (0.42ns)   --->   "%store_ln2077 = store i6 0, i6 %v849" [spikingformer_official.cpp:2077]   --->   Operation 31 'store' 'store_ln2077' <Predicate = true> <Delay = 0.42>
ST_1 : Operation 32 [1/1] (0.42ns)   --->   "%store_ln2078 = store i6 0, i6 %v850" [spikingformer_official.cpp:2078]   --->   Operation 32 'store' 'store_ln2078' <Predicate = true> <Delay = 0.42>
ST_1 : Operation 33 [1/1] (0.00ns)   --->   "%br_ln2076 = br void %for.inc" [spikingformer_official.cpp:2076]   --->   Operation 33 'br' 'br_ln2076' <Predicate = true> <Delay = 0.00>

State 2 <SV = 1> <Delay = 3.17>
ST_2 : Operation 34 [1/1] (0.00ns)   --->   "%indvar_flatten12_load = load i16 %indvar_flatten12" [spikingformer_official.cpp:2076]   --->   Operation 34 'load' 'indvar_flatten12_load' <Predicate = true> <Delay = 0.00>
ST_2 : Operation 35 [1/1] (0.85ns)   --->   "%icmp_ln2076 = icmp_eq  i16 %indvar_flatten12_load, i16 49152" [spikingformer_official.cpp:2076]   --->   Operation 35 'icmp' 'icmp_ln2076' <Predicate = true> <Delay = 0.85> <CoreInst = "Cmp">   --->   Core 9 'Cmp' <Latency = 0> <II = 1> <Delay = 0.85> <FuncUnit> <Opcode : 'seteq' 'setne' 'setle' 'setge' 'setlt' 'setgt'> <InPorts = 2> <OutPorts = 1>
ST_2 : Operation 36 [1/1] (0.85ns)   --->   "%add_ln2076_1 = add i16 %indvar_flatten12_load, i16 1" [spikingformer_official.cpp:2076]   --->   Operation 36 'add' 'add_ln2076_1' <Predicate = true> <Delay = 0.85> <CoreInst = "Adder">   --->   Core 1 'Adder' <Latency = 0> <II = 1> <Delay = 0.85> <FuncUnit> <Opcode : 'add' 'sub'> <InPorts = 2> <OutPorts = 1>
ST_2 : Operation 37 [1/1] (0.00ns)   --->   "%br_ln2076 = br i1 %icmp_ln2076, void %for.inc24, void %for.end26" [spikingformer_official.cpp:2076]   --->   Operation 37 'br' 'br_ln2076' <Predicate = true> <Delay = 0.00>
ST_2 : Operation 38 [1/1] (0.00ns)   --->   "%v850_load = load i6 %v850" [spikingformer_official.cpp:2078]   --->   Operation 38 'load' 'v850_load' <Predicate = (!icmp_ln2076)> <Delay = 0.00>
ST_2 : Operation 39 [1/1] (0.00ns)   --->   "%v849_load = load i6 %v849" [spikingformer_official.cpp:2076]   --->   Operation 39 'load' 'v849_load' <Predicate = (!icmp_ln2076)> <Delay = 0.00>
ST_2 : Operation 40 [1/1] (0.00ns)   --->   "%indvar_flatten_load = load i12 %indvar_flatten" [spikingformer_official.cpp:2077]   --->   Operation 40 'load' 'indvar_flatten_load' <Predicate = (!icmp_ln2076)> <Delay = 0.00>
ST_2 : Operation 41 [1/1] (0.00ns)   --->   "%v848_load = load i6 %v848" [spikingformer_official.cpp:2076]   --->   Operation 41 'load' 'v848_load' <Predicate = (!icmp_ln2076)> <Delay = 0.00>
ST_2 : Operation 42 [1/1] (0.78ns)   --->   "%add_ln2076 = add i6 %v848_load, i6 1" [spikingformer_official.cpp:2076]   --->   Operation 42 'add' 'add_ln2076' <Predicate = (!icmp_ln2076)> <Delay = 0.78> <CoreInst = "Adder">   --->   Core 1 'Adder' <Latency = 0> <II = 1> <Delay = 0.78> <FuncUnit> <Opcode : 'add' 'sub'> <InPorts = 2> <OutPorts = 1>
ST_2 : Operation 43 [1/1] (0.80ns)   --->   "%icmp_ln2077 = icmp_eq  i12 %indvar_flatten_load, i12 1024" [spikingformer_official.cpp:2077]   --->   Operation 43 'icmp' 'icmp_ln2077' <Predicate = (!icmp_ln2076)> <Delay = 0.80> <CoreInst = "Cmp">   --->   Core 9 'Cmp' <Latency = 0> <II = 1> <Delay = 0.80> <FuncUnit> <Opcode : 'seteq' 'setne' 'setle' 'setge' 'setlt' 'setgt'> <InPorts = 2> <OutPorts = 1>
ST_2 : Operation 44 [1/1] (0.38ns)   --->   "%select_ln2076 = select i1 %icmp_ln2077, i6 0, i6 %v849_load" [spikingformer_official.cpp:2076]   --->   Operation 44 'select' 'select_ln2076' <Predicate = (!icmp_ln2076)> <Delay = 0.38> <CoreInst = "Sel">   --->   Core 73 'Sel' <Latency = 0> <II = 1> <Delay = 0.38> <FuncUnit> <Opcode : 'select'> <InPorts = 3> <OutPorts = 1>
ST_2 : Operation 45 [1/1] (0.00ns) (grouped into LUT with out node and_ln2076)   --->   "%xor_ln2076 = xor i1 %icmp_ln2077, i1 1" [spikingformer_official.cpp:2076]   --->   Operation 45 'xor' 'xor_ln2076' <Predicate = (!icmp_ln2076)> <Delay = 0.00> <CoreInst = "LogicGate">   --->   Core 74 'LogicGate' <Latency = 0> <II = 1> <Delay = 0.28> <FuncUnit> <Opcode : 'and' 'or' 'xor'> <InPorts = 2> <OutPorts = 1>
ST_2 : Operation 46 [1/1] (0.78ns)   --->   "%icmp_ln2078 = icmp_eq  i6 %v850_load, i6 32" [spikingformer_official.cpp:2078]   --->   Operation 46 'icmp' 'icmp_ln2078' <Predicate = (!icmp_ln2076)> <Delay = 0.78> <CoreInst = "Cmp">   --->   Core 9 'Cmp' <Latency = 0> <II = 1> <Delay = 0.77> <FuncUnit> <Opcode : 'seteq' 'setne' 'setle' 'setge' 'setlt' 'setgt'> <InPorts = 2> <OutPorts = 1>
ST_2 : Operation 47 [1/1] (0.28ns) (out node of the LUT)   --->   "%and_ln2076 = and i1 %icmp_ln2078, i1 %xor_ln2076" [spikingformer_official.cpp:2076]   --->   Operation 47 'and' 'and_ln2076' <Predicate = (!icmp_ln2076)> <Delay = 0.28> <CoreInst = "LogicGate">   --->   Core 74 'LogicGate' <Latency = 0> <II = 1> <Delay = 0.28> <FuncUnit> <Opcode : 'and' 'or' 'xor'> <InPorts = 2> <OutPorts = 1>
ST_2 : Operation 48 [1/1] (0.38ns)   --->   "%select_ln2076_1 = select i1 %icmp_ln2077, i6 %add_ln2076, i6 %v848_load" [spikingformer_official.cpp:2076]   --->   Operation 48 'select' 'select_ln2076_1' <Predicate = (!icmp_ln2076)> <Delay = 0.38> <CoreInst = "Sel">   --->   Core 73 'Sel' <Latency = 0> <II = 1> <Delay = 0.38> <FuncUnit> <Opcode : 'select'> <InPorts = 3> <OutPorts = 1>
ST_2 : Operation 49 [1/1] (0.78ns)   --->   "%add_ln2077 = add i6 %select_ln2076, i6 1" [spikingformer_official.cpp:2077]   --->   Operation 49 'add' 'add_ln2077' <Predicate = (!icmp_ln2076)> <Delay = 0.78> <CoreInst = "Adder">   --->   Core 1 'Adder' <Latency = 0> <II = 1> <Delay = 0.78> <FuncUnit> <Opcode : 'add' 'sub'> <InPorts = 2> <OutPorts = 1>
ST_2 : Operation 50 [1/1] (0.00ns) (grouped into LUT with out node v850_mid2)   --->   "%empty = or i1 %and_ln2076, i1 %icmp_ln2077" [spikingformer_official.cpp:2076]   --->   Operation 50 'or' 'empty' <Predicate = (!icmp_ln2076)> <Delay = 0.00> <CoreInst = "LogicGate">   --->   Core 74 'LogicGate' <Latency = 0> <II = 1> <Delay = 0.28> <FuncUnit> <Opcode : 'and' 'or' 'xor'> <InPorts = 2> <OutPorts = 1>
ST_2 : Operation 51 [1/1] (0.38ns) (out node of the LUT)   --->   "%v850_mid2 = select i1 %empty, i6 0, i6 %v850_load" [spikingformer_official.cpp:2076]   --->   Operation 51 'select' 'v850_mid2' <Predicate = (!icmp_ln2076)> <Delay = 0.38> <CoreInst = "Sel">   --->   Core 73 'Sel' <Latency = 0> <II = 1> <Delay = 0.38> <FuncUnit> <Opcode : 'select'> <InPorts = 3> <OutPorts = 1>
ST_2 : Operation 52 [1/1] (0.38ns)   --->   "%select_ln2077 = select i1 %and_ln2076, i6 %add_ln2077, i6 %select_ln2076" [spikingformer_official.cpp:2077]   --->   Operation 52 'select' 'select_ln2077' <Predicate = (!icmp_ln2076)> <Delay = 0.38> <CoreInst = "Sel">   --->   Core 73 'Sel' <Latency = 0> <II = 1> <Delay = 0.38> <FuncUnit> <Opcode : 'select'> <InPorts = 3> <OutPorts = 1>
ST_2 : Operation 53 [1/1] (0.00ns)   --->   "%shl_ln = bitconcatenate i18 @_ssdm_op_BitConcatenate.i18.i6.i12, i6 %select_ln2076_1, i12 0" [spikingformer_official.cpp:2082]   --->   Operation 53 'bitconcatenate' 'shl_ln' <Predicate = (!icmp_ln2076)> <Delay = 0.00>
ST_2 : Operation 54 [1/1] (0.00ns)   --->   "%zext_ln2077 = zext i18 %shl_ln" [spikingformer_official.cpp:2077]   --->   Operation 54 'zext' 'zext_ln2077' <Predicate = (!icmp_ln2076)> <Delay = 0.00>
ST_2 : Operation 55 [1/1] (0.00ns)   --->   "%trunc_ln2082 = trunc i6 %v850_mid2" [spikingformer_official.cpp:2082]   --->   Operation 55 'trunc' 'trunc_ln2082' <Predicate = (!icmp_ln2076)> <Delay = 0.00>
ST_2 : Operation 56 [1/1] (0.00ns) (grouped into TernaryAdder)   --->   "%add_ln2082 = add i64 %zext_ln2077, i64 %v846_read" [spikingformer_official.cpp:2082]   --->   Operation 56 'add' 'add_ln2082' <Predicate = (!icmp_ln2076)> <Delay = 0.00> <CoreInst = "TAddSub">   --->   Core 10 'TAddSub' <Latency = 0> <II = 1> <Delay = 0.40> <IPBlock> <Opcode : 'add' 'sub'> <InPorts = 3> <OutPorts = 1> <Sync> <CReg>
ST_2 : Operation 57 [1/1] (0.00ns)   --->   "%trunc_ln2082_1 = trunc i6 %select_ln2077" [spikingformer_official.cpp:2082]   --->   Operation 57 'trunc' 'trunc_ln2082_1' <Predicate = (!icmp_ln2076)> <Delay = 0.00>
ST_2 : Operation 58 [1/1] (0.00ns)   --->   "%tmp1 = bitconcatenate i12 @_ssdm_op_BitConcatenate.i12.i5.i5.i2, i5 %trunc_ln2082_1, i5 %trunc_ln2082, i2 0" [spikingformer_official.cpp:2082]   --->   Operation 58 'bitconcatenate' 'tmp1' <Predicate = (!icmp_ln2076)> <Delay = 0.00>
ST_2 : Operation 59 [1/1] (0.00ns)   --->   "%zext_ln2082 = zext i12 %tmp1" [spikingformer_official.cpp:2082]   --->   Operation 59 'zext' 'zext_ln2082' <Predicate = (!icmp_ln2076)> <Delay = 0.00>
ST_2 : Operation 60 [1/1] (0.81ns) (root node of TernaryAdder)   --->   "%add_ln2082_1 = add i64 %zext_ln2082, i64 %add_ln2082" [spikingformer_official.cpp:2082]   --->   Operation 60 'add' 'add_ln2082_1' <Predicate = (!icmp_ln2076)> <Delay = 0.81> <CoreInst = "TAddSub">   --->   Core 10 'TAddSub' <Latency = 0> <II = 1> <Delay = 0.40> <IPBlock> <Opcode : 'add' 'sub'> <InPorts = 3> <OutPorts = 1> <Sync> <CReg>
ST_2 : Operation 61 [1/1] (0.00ns)   --->   "%trunc_ln = partselect i62 @_ssdm_op_PartSelect.i62.i64.i32.i32, i64 %add_ln2082_1, i32 2, i32 63" [spikingformer_official.cpp:2082]   --->   Operation 61 'partselect' 'trunc_ln' <Predicate = (!icmp_ln2076)> <Delay = 0.00>
ST_2 : Operation 62 [1/1] (0.00ns)   --->   "%sext_ln2082 = sext i62 %trunc_ln" [spikingformer_official.cpp:2082]   --->   Operation 62 'sext' 'sext_ln2082' <Predicate = (!icmp_ln2076)> <Delay = 0.00>
ST_2 : Operation 63 [1/1] (0.00ns)   --->   "%g0_addr = getelementptr i32 %g0, i64 %sext_ln2082" [spikingformer_official.cpp:2082]   --->   Operation 63 'getelementptr' 'g0_addr' <Predicate = (!icmp_ln2076)> <Delay = 0.00>
ST_2 : Operation 64 [1/1] (0.00ns) (grouped into TernaryAdder)   --->   "%add_ln2083 = add i64 %zext_ln2077, i64 %v847_read" [spikingformer_official.cpp:2083]   --->   Operation 64 'add' 'add_ln2083' <Predicate = (!icmp_ln2076)> <Delay = 0.00> <CoreInst = "TAddSub">   --->   Core 10 'TAddSub' <Latency = 0> <II = 1> <Delay = 0.40> <IPBlock> <Opcode : 'add' 'sub'> <InPorts = 3> <OutPorts = 1> <Sync> <CReg>
ST_2 : Operation 65 [1/1] (0.81ns) (root node of TernaryAdder)   --->   "%add_ln2083_1 = add i64 %zext_ln2082, i64 %add_ln2083" [spikingformer_official.cpp:2083]   --->   Operation 65 'add' 'add_ln2083_1' <Predicate = (!icmp_ln2076)> <Delay = 0.81> <CoreInst = "TAddSub">   --->   Core 10 'TAddSub' <Latency = 0> <II = 1> <Delay = 0.40> <IPBlock> <Opcode : 'add' 'sub'> <InPorts = 3> <OutPorts = 1> <Sync> <CReg>
ST_2 : Operation 66 [1/1] (0.00ns)   --->   "%trunc_ln16 = partselect i62 @_ssdm_op_PartSelect.i62.i64.i32.i32, i64 %add_ln2083_1, i32 2, i32 63" [spikingformer_official.cpp:2083]   --->   Operation 66 'partselect' 'trunc_ln16' <Predicate = (!icmp_ln2076)> <Delay = 0.00>
ST_2 : Operation 67 [1/1] (0.00ns)   --->   "%sext_ln2083 = sext i62 %trunc_ln16" [spikingformer_official.cpp:2083]   --->   Operation 67 'sext' 'sext_ln2083' <Predicate = (!icmp_ln2076)> <Delay = 0.00>
ST_2 : Operation 68 [1/1] (0.00ns)   --->   "%g0_addr_21 = getelementptr i32 %g0, i64 %sext_ln2083" [spikingformer_official.cpp:2083]   --->   Operation 68 'getelementptr' 'g0_addr_21' <Predicate = (!icmp_ln2076)> <Delay = 0.00>
ST_2 : Operation 69 [1/1] (0.78ns)   --->   "%add_ln2078 = add i6 %v850_mid2, i6 1" [spikingformer_official.cpp:2078]   --->   Operation 69 'add' 'add_ln2078' <Predicate = (!icmp_ln2076)> <Delay = 0.78> <CoreInst = "Adder">   --->   Core 1 'Adder' <Latency = 0> <II = 1> <Delay = 0.78> <FuncUnit> <Opcode : 'add' 'sub'> <InPorts = 2> <OutPorts = 1>
ST_2 : Operation 70 [1/1] (0.80ns)   --->   "%add_ln2077_1 = add i12 %indvar_flatten_load, i12 1" [spikingformer_official.cpp:2077]   --->   Operation 70 'add' 'add_ln2077_1' <Predicate = (!icmp_ln2076)> <Delay = 0.80> <CoreInst = "Adder">   --->   Core 1 'Adder' <Latency = 0> <II = 1> <Delay = 0.80> <FuncUnit> <Opcode : 'add' 'sub'> <InPorts = 2> <OutPorts = 1>
ST_2 : Operation 71 [1/1] (0.37ns)   --->   "%select_ln2077_1 = select i1 %icmp_ln2077, i12 1, i12 %add_ln2077_1" [spikingformer_official.cpp:2077]   --->   Operation 71 'select' 'select_ln2077_1' <Predicate = (!icmp_ln2076)> <Delay = 0.37> <CoreInst = "Sel">   --->   Core 73 'Sel' <Latency = 0> <II = 1> <Delay = 0.37> <FuncUnit> <Opcode : 'select'> <InPorts = 3> <OutPorts = 1>
ST_2 : Operation 72 [1/1] (0.42ns)   --->   "%store_ln2076 = store i16 %add_ln2076_1, i16 %indvar_flatten12" [spikingformer_official.cpp:2076]   --->   Operation 72 'store' 'store_ln2076' <Predicate = (!icmp_ln2076)> <Delay = 0.42>
ST_2 : Operation 73 [1/1] (0.42ns)   --->   "%store_ln2076 = store i6 %select_ln2076_1, i6 %v848" [spikingformer_official.cpp:2076]   --->   Operation 73 'store' 'store_ln2076' <Predicate = (!icmp_ln2076)> <Delay = 0.42>
ST_2 : Operation 74 [1/1] (0.42ns)   --->   "%store_ln2077 = store i12 %select_ln2077_1, i12 %indvar_flatten" [spikingformer_official.cpp:2077]   --->   Operation 74 'store' 'store_ln2077' <Predicate = (!icmp_ln2076)> <Delay = 0.42>
ST_2 : Operation 75 [1/1] (0.42ns)   --->   "%store_ln2077 = store i6 %select_ln2077, i6 %v849" [spikingformer_official.cpp:2077]   --->   Operation 75 'store' 'store_ln2077' <Predicate = (!icmp_ln2076)> <Delay = 0.42>
ST_2 : Operation 76 [1/1] (0.42ns)   --->   "%store_ln2078 = store i6 %add_ln2078, i6 %v850" [spikingformer_official.cpp:2078]   --->   Operation 76 'store' 'store_ln2078' <Predicate = (!icmp_ln2076)> <Delay = 0.42>

State 3 <SV = 2> <Delay = 0.00>
ST_3 : Operation 77 [8/8] (7.30ns)   --->   "%v851_req = readreq i1 @_ssdm_op_ReadReq.m_axi.i32P1A, i64 %g0_addr, i64 1" [spikingformer_official.cpp:2082]   --->   Operation 77 'readreq' 'v851_req' <Predicate = true> <Delay = 7.30> <CoreInst = "m_axi">   --->   Core 119 'm_axi' <Latency = 6> <II = 1> <Delay = 1.00> <Adapter> <Opcode : 'readrequnaligned' 'writerequnaligned' 'read' 'write' 'readreq' 'writereq' 'writeresp'>

State 4 <SV = 3> <Delay = 0.00>
ST_4 : Operation 78 [7/8] (7.30ns)   --->   "%v851_req = readreq i1 @_ssdm_op_ReadReq.m_axi.i32P1A, i64 %g0_addr, i64 1" [spikingformer_official.cpp:2082]   --->   Operation 78 'readreq' 'v851_req' <Predicate = true> <Delay = 7.30> <CoreInst = "m_axi">   --->   Core 119 'm_axi' <Latency = 6> <II = 1> <Delay = 1.00> <Adapter> <Opcode : 'readrequnaligned' 'writerequnaligned' 'read' 'write' 'readreq' 'writereq' 'writeresp'>

State 5 <SV = 4> <Delay = 0.00>
ST_5 : Operation 79 [6/8] (7.30ns)   --->   "%v851_req = readreq i1 @_ssdm_op_ReadReq.m_axi.i32P1A, i64 %g0_addr, i64 1" [spikingformer_official.cpp:2082]   --->   Operation 79 'readreq' 'v851_req' <Predicate = true> <Delay = 7.30> <CoreInst = "m_axi">   --->   Core 119 'm_axi' <Latency = 6> <II = 1> <Delay = 1.00> <Adapter> <Opcode : 'readrequnaligned' 'writerequnaligned' 'read' 'write' 'readreq' 'writereq' 'writeresp'>

State 6 <SV = 5> <Delay = 0.00>
ST_6 : Operation 80 [5/8] (7.30ns)   --->   "%v851_req = readreq i1 @_ssdm_op_ReadReq.m_axi.i32P1A, i64 %g0_addr, i64 1" [spikingformer_official.cpp:2082]   --->   Operation 80 'readreq' 'v851_req' <Predicate = true> <Delay = 7.30> <CoreInst = "m_axi">   --->   Core 119 'm_axi' <Latency = 6> <II = 1> <Delay = 1.00> <Adapter> <Opcode : 'readrequnaligned' 'writerequnaligned' 'read' 'write' 'readreq' 'writereq' 'writeresp'>

State 7 <SV = 6> <Delay = 0.00>
ST_7 : Operation 81 [4/8] (7.30ns)   --->   "%v851_req = readreq i1 @_ssdm_op_ReadReq.m_axi.i32P1A, i64 %g0_addr, i64 1" [spikingformer_official.cpp:2082]   --->   Operation 81 'readreq' 'v851_req' <Predicate = true> <Delay = 7.30> <CoreInst = "m_axi">   --->   Core 119 'm_axi' <Latency = 6> <II = 1> <Delay = 1.00> <Adapter> <Opcode : 'readrequnaligned' 'writerequnaligned' 'read' 'write' 'readreq' 'writereq' 'writeresp'>

State 8 <SV = 7> <Delay = 0.00>
ST_8 : Operation 82 [3/8] (7.30ns)   --->   "%v851_req = readreq i1 @_ssdm_op_ReadReq.m_axi.i32P1A, i64 %g0_addr, i64 1" [spikingformer_official.cpp:2082]   --->   Operation 82 'readreq' 'v851_req' <Predicate = true> <Delay = 7.30> <CoreInst = "m_axi">   --->   Core 119 'm_axi' <Latency = 6> <II = 1> <Delay = 1.00> <Adapter> <Opcode : 'readrequnaligned' 'writerequnaligned' 'read' 'write' 'readreq' 'writereq' 'writeresp'>

State 9 <SV = 8> <Delay = 0.00>
ST_9 : Operation 83 [2/8] (7.30ns)   --->   "%v851_req = readreq i1 @_ssdm_op_ReadReq.m_axi.i32P1A, i64 %g0_addr, i64 1" [spikingformer_official.cpp:2082]   --->   Operation 83 'readreq' 'v851_req' <Predicate = true> <Delay = 7.30> <CoreInst = "m_axi">   --->   Core 119 'm_axi' <Latency = 6> <II = 1> <Delay = 1.00> <Adapter> <Opcode : 'readrequnaligned' 'writerequnaligned' 'read' 'write' 'readreq' 'writereq' 'writeresp'>

State 10 <SV = 9> <Delay = 7.30>
ST_10 : Operation 84 [1/8] ( I:7.30ns O:7.30ns )   --->   "%v851_req = readreq i1 @_ssdm_op_ReadReq.m_axi.i32P1A, i64 %g0_addr, i64 1" [spikingformer_official.cpp:2082]   --->   Operation 84 'readreq' 'v851_req' <Predicate = true> <Delay = 7.30> <CoreInst = "m_axi">   --->   Core 119 'm_axi' <Latency = 6> <II = 1> <Delay = 1.00> <Adapter> <Opcode : 'readrequnaligned' 'writerequnaligned' 'read' 'write' 'readreq' 'writereq' 'writeresp'>

State 11 <SV = 10> <Delay = 7.30>
ST_11 : Operation 85 [1/1] ( I:7.30ns O:7.30ns )   --->   "%v851 = read i32 @_ssdm_op_Read.m_axi.i32P1A, i64 %g0_addr" [spikingformer_official.cpp:2082]   --->   Operation 85 'read' 'v851' <Predicate = true> <Delay = 7.30> <CoreInst = "m_axi">   --->   Core 119 'm_axi' <Latency = 3> <II = 1> <Delay = 1.00> <Adapter> <Opcode : 'readrequnaligned' 'writerequnaligned' 'read' 'write' 'readreq' 'writereq' 'writeresp'>
ST_11 : Operation 86 [1/1] ( I:7.30ns O:7.30ns )   --->   "%g0_addr_56_req = writereq i1 @_ssdm_op_WriteReq.m_axi.i32P1A, i64 %g0_addr_21, i64 1" [spikingformer_official.cpp:2083]   --->   Operation 86 'writereq' 'g0_addr_56_req' <Predicate = true> <Delay = 7.30> <CoreInst = "m_axi">   --->   Core 119 'm_axi' <Latency = 9> <II = 1> <Delay = 1.00> <Adapter> <Opcode : 'readrequnaligned' 'writerequnaligned' 'read' 'write' 'readreq' 'writereq' 'writeresp'>

State 12 <SV = 11> <Delay = 7.30>
ST_12 : Operation 87 [1/1] ( I:7.30ns O:7.30ns )   --->   "%write_ln2083 = write void @_ssdm_op_Write.m_axi.i32P1A, i64 %g0_addr_21, i32 %v851, i4 15" [spikingformer_official.cpp:2083]   --->   Operation 87 'write' 'write_ln2083' <Predicate = true> <Delay = 7.30> <CoreInst = "m_axi">   --->   Core 119 'm_axi' <Latency = 5> <II = 1> <Delay = 1.00> <Adapter> <Opcode : 'readrequnaligned' 'writerequnaligned' 'read' 'write' 'readreq' 'writereq' 'writeresp'>

State 13 <SV = 12> <Delay = 0.00>
ST_13 : Operation 88 [5/5] (7.30ns)   --->   "%g0_addr_56_resp = writeresp i1 @_ssdm_op_WriteResp.m_axi.i32P1A, i64 %g0_addr_21" [spikingformer_official.cpp:2083]   --->   Operation 88 'writeresp' 'g0_addr_56_resp' <Predicate = true> <Delay = 7.30> <CoreInst = "m_axi">   --->   Core 119 'm_axi' <Latency = 3> <II = 1> <Delay = 1.00> <Adapter> <Opcode : 'readrequnaligned' 'writerequnaligned' 'read' 'write' 'readreq' 'writereq' 'writeresp'>

State 14 <SV = 13> <Delay = 0.00>
ST_14 : Operation 89 [4/5] (7.30ns)   --->   "%g0_addr_56_resp = writeresp i1 @_ssdm_op_WriteResp.m_axi.i32P1A, i64 %g0_addr_21" [spikingformer_official.cpp:2083]   --->   Operation 89 'writeresp' 'g0_addr_56_resp' <Predicate = true> <Delay = 7.30> <CoreInst = "m_axi">   --->   Core 119 'm_axi' <Latency = 3> <II = 1> <Delay = 1.00> <Adapter> <Opcode : 'readrequnaligned' 'writerequnaligned' 'read' 'write' 'readreq' 'writereq' 'writeresp'>

State 15 <SV = 14> <Delay = 0.00>
ST_15 : Operation 90 [3/5] (7.30ns)   --->   "%g0_addr_56_resp = writeresp i1 @_ssdm_op_WriteResp.m_axi.i32P1A, i64 %g0_addr_21" [spikingformer_official.cpp:2083]   --->   Operation 90 'writeresp' 'g0_addr_56_resp' <Predicate = true> <Delay = 7.30> <CoreInst = "m_axi">   --->   Core 119 'm_axi' <Latency = 3> <II = 1> <Delay = 1.00> <Adapter> <Opcode : 'readrequnaligned' 'writerequnaligned' 'read' 'write' 'readreq' 'writereq' 'writeresp'>

State 16 <SV = 15> <Delay = 0.42>
ST_16 : Operation 91 [2/5] (7.30ns)   --->   "%g0_addr_56_resp = writeresp i1 @_ssdm_op_WriteResp.m_axi.i32P1A, i64 %g0_addr_21" [spikingformer_official.cpp:2083]   --->   Operation 91 'writeresp' 'g0_addr_56_resp' <Predicate = true> <Delay = 7.30> <CoreInst = "m_axi">   --->   Core 119 'm_axi' <Latency = 3> <II = 1> <Delay = 1.00> <Adapter> <Opcode : 'readrequnaligned' 'writerequnaligned' 'read' 'write' 'readreq' 'writereq' 'writeresp'>
ST_16 : Operation 97 [1/1] (0.42ns)   --->   "%ret_ln2087 = ret" [spikingformer_official.cpp:2087]   --->   Operation 97 'ret' 'ret_ln2087' <Predicate = (icmp_ln2076)> <Delay = 0.42>

State 17 <SV = 16> <Delay = 7.30>
ST_17 : Operation 92 [1/1] (0.00ns)   --->   "%specloopname_ln0 = specloopname void @_ssdm_op_SpecLoopName, void @VITIS_LOOP_2076_1_VITIS_LOOP_2077_2_VITIS_LOOP_2078_3_str"   --->   Operation 92 'specloopname' 'specloopname_ln0' <Predicate = true> <Delay = 0.00>
ST_17 : Operation 93 [1/1] (0.00ns)   --->   "%speclooptripcount_ln0 = speclooptripcount void @_ssdm_op_SpecLoopTripCount, i64 49152, i64 49152, i64 49152"   --->   Operation 93 'speclooptripcount' 'speclooptripcount_ln0' <Predicate = true> <Delay = 0.00>
ST_17 : Operation 94 [1/1] (0.00ns)   --->   "%specpipeline_ln2079 = specpipeline void @_ssdm_op_SpecPipeline, i32 1, i32 0, i32 0, i32 0, i32 4294967295, void @empty_35" [spikingformer_official.cpp:2079]   --->   Operation 94 'specpipeline' 'specpipeline_ln2079' <Predicate = true> <Delay = 0.00>
ST_17 : Operation 95 [1/5] ( I:7.30ns O:7.30ns )   --->   "%g0_addr_56_resp = writeresp i1 @_ssdm_op_WriteResp.m_axi.i32P1A, i64 %g0_addr_21" [spikingformer_official.cpp:2083]   --->   Operation 95 'writeresp' 'g0_addr_56_resp' <Predicate = true> <Delay = 7.30> <CoreInst = "m_axi">   --->   Core 119 'm_axi' <Latency = 3> <II = 1> <Delay = 1.00> <Adapter> <Opcode : 'readrequnaligned' 'writerequnaligned' 'read' 'write' 'readreq' 'writereq' 'writeresp'>
ST_17 : Operation 96 [1/1] (0.00ns)   --->   "%br_ln2078 = br void %for.inc" [spikingformer_official.cpp:2078]   --->   Operation 96 'br' 'br_ln2078' <Predicate = true> <Delay = 0.00>


============================================================
+ Verbose Summary: Binding
============================================================
STG Binding: 
---------------- STG Properties BEGIN ----------------
- Is combinational: 0
- Is one-state seq: 0
- Is datapath-only: 0
- Is pipelined: 0
- Is top level: 0
Port [ Return ] is wired: 1; IO mode=ap_ctrl_hs:ce=0
Port [ g0]:  wired=1; compound=1; hidden=0; nouse=0; global=0; static=0; extern=0; dir=2; type=4; pingpong=0; private_global=0; IO mode=m_axi:ce=0
Port [ v846]:  wired=1; compound=0; hidden=0; nouse=0; global=0; static=0; extern=0; dir=0; type=0; pingpong=0; private_global=0; IO mode=ap_none:ce=0
Port [ v847]:  wired=1; compound=0; hidden=0; nouse=0; global=0; static=0; extern=0; dir=0; type=0; pingpong=0; private_global=0; IO mode=ap_none:ce=0
---------------- STG Properties END ------------------

---------------- Datapath Model BEGIN ----------------

<LifeTime>
<method=bitvector/>
v850                  (alloca           ) [ 011000000000000000]
v849                  (alloca           ) [ 011000000000000000]
indvar_flatten        (alloca           ) [ 011000000000000000]
v848                  (alloca           ) [ 011000000000000000]
indvar_flatten12      (alloca           ) [ 011000000000000000]
specstablecontent_ln0 (specstablecontent) [ 000000000000000000]
specinterface_ln0     (specinterface    ) [ 000000000000000000]
v847_read             (read             ) [ 011000000000000000]
v846_read             (read             ) [ 011000000000000000]
store_ln0             (store            ) [ 000000000000000000]
store_ln2076          (store            ) [ 000000000000000000]
store_ln0             (store            ) [ 000000000000000000]
store_ln2077          (store            ) [ 000000000000000000]
store_ln2078          (store            ) [ 000000000000000000]
br_ln2076             (br               ) [ 000000000000000000]
indvar_flatten12_load (load             ) [ 000000000000000000]
icmp_ln2076           (icmp             ) [ 011111111111111110]
add_ln2076_1          (add              ) [ 000000000000000000]
br_ln2076             (br               ) [ 000000000000000000]
v850_load             (load             ) [ 000000000000000000]
v849_load             (load             ) [ 000000000000000000]
indvar_flatten_load   (load             ) [ 000000000000000000]
v848_load             (load             ) [ 000000000000000000]
add_ln2076            (add              ) [ 000000000000000000]
icmp_ln2077           (icmp             ) [ 000000000000000000]
select_ln2076         (select           ) [ 000000000000000000]
xor_ln2076            (xor              ) [ 000000000000000000]
icmp_ln2078           (icmp             ) [ 000000000000000000]
and_ln2076            (and              ) [ 000000000000000000]
select_ln2076_1       (select           ) [ 000000000000000000]
add_ln2077            (add              ) [ 000000000000000000]
empty                 (or               ) [ 000000000000000000]
v850_mid2             (select           ) [ 000000000000000000]
select_ln2077         (select           ) [ 000000000000000000]
shl_ln                (bitconcatenate   ) [ 000000000000000000]
zext_ln2077           (zext             ) [ 000000000000000000]
trunc_ln2082          (trunc            ) [ 000000000000000000]
add_ln2082            (add              ) [ 000000000000000000]
trunc_ln2082_1        (trunc            ) [ 000000000000000000]
tmp1                  (bitconcatenate   ) [ 000000000000000000]
zext_ln2082           (zext             ) [ 000000000000000000]
add_ln2082_1          (add              ) [ 000000000000000000]
trunc_ln              (partselect       ) [ 000000000000000000]
sext_ln2082           (sext             ) [ 000000000000000000]
g0_addr               (getelementptr    ) [ 010111111111000000]
add_ln2083            (add              ) [ 000000000000000000]
add_ln2083_1          (add              ) [ 000000000000000000]
trunc_ln16            (partselect       ) [ 000000000000000000]
sext_ln2083           (sext             ) [ 000000000000000000]
g0_addr_21            (getelementptr    ) [ 010111111111111111]
add_ln2078            (add              ) [ 000000000000000000]
add_ln2077_1          (add              ) [ 000000000000000000]
select_ln2077_1       (select           ) [ 000000000000000000]
store_ln2076          (store            ) [ 000000000000000000]
store_ln2076          (store            ) [ 000000000000000000]
store_ln2077          (store            ) [ 000000000000000000]
store_ln2077          (store            ) [ 000000000000000000]
store_ln2078          (store            ) [ 000000000000000000]
v851_req              (readreq          ) [ 000000000000000000]
v851                  (read             ) [ 010000000000100000]
g0_addr_56_req        (writereq         ) [ 000000000000000000]
write_ln2083          (write            ) [ 000000000000000000]
specloopname_ln0      (specloopname     ) [ 000000000000000000]
speclooptripcount_ln0 (speclooptripcount) [ 000000000000000000]
specpipeline_ln2079   (specpipeline     ) [ 000000000000000000]
g0_addr_56_resp       (writeresp        ) [ 000000000000000000]
br_ln2078             (br               ) [ 000000000000000000]
ret_ln2087            (ret              ) [ 000000000000000000]
</LifeTime>

<model>

<comp_list>
<comp id="0" class="1000" name="g0">
<pin_list>
<pin id="1" dir="1" index="0" bw="1" slack="0"/>
</pin_list>
<bind>
<StgValue><ssdm name="g0"/><MemPortTyVec>2 </MemPortTyVec>
</StgValue>
</bind>
</comp>

<comp id="2" class="1000" name="v846">
<pin_list>
<pin id="3" dir="1" index="0" bw="1" slack="0"/>
</pin_list>
<bind>
<StgValue><ssdm name="v846"/></StgValue>
</bind>
</comp>

<comp id="4" class="1000" name="v847">
<pin_list>
<pin id="5" dir="1" index="0" bw="1" slack="0"/>
</pin_list>
<bind>
<StgValue><ssdm name="v847"/></StgValue>
</bind>
</comp>

<comp id="6" class="1001" name="const_6">
<pin_list>
<pin id="7" dir="1" index="0" bw="1" slack="0"/>
</pin_list>
<bind>
<StgValue><ssdm name=""/></StgValue>
</bind>
</comp>

<comp id="8" class="1001" name="const_8">
<pin_list>
<pin id="9" dir="1" index="0" bw="1" slack="2147483647"/>
</pin_list>
<bind>
<StgValue><ssdm name="_ssdm_op_SpecStableContent"/></StgValue>
</bind>
</comp>

<comp id="10" class="1001" name="const_10">
<pin_list>
<pin id="11" dir="1" index="0" bw="1" slack="0"/>
</pin_list>
<bind>
<StgValue><ssdm name=""/></StgValue>
</bind>
</comp>

<comp id="12" class="1001" name="const_12">
<pin_list>
<pin id="13" dir="1" index="0" bw="1" slack="2147483647"/>
</pin_list>
<bind>
<StgValue><ssdm name=""/></StgValue>
</bind>
</comp>

<comp id="14" class="1001" name="const_14">
<pin_list>
<pin id="15" dir="1" index="0" bw="1" slack="2147483647"/>
</pin_list>
<bind>
<StgValue><ssdm name="_ssdm_op_SpecInterface"/></StgValue>
</bind>
</comp>

<comp id="16" class="1001" name="const_16">
<pin_list>
<pin id="17" dir="1" index="0" bw="1" slack="2147483647"/>
</pin_list>
<bind>
<StgValue><ssdm name="empty_26"/></StgValue>
</bind>
</comp>

<comp id="18" class="1001" name="const_18">
<pin_list>
<pin id="19" dir="1" index="0" bw="1" slack="2147483647"/>
</pin_list>
<bind>
<StgValue><ssdm name=""/></StgValue>
</bind>
</comp>

<comp id="20" class="1001" name="const_20">
<pin_list>
<pin id="21" dir="1" index="0" bw="1" slack="2147483647"/>
</pin_list>
<bind>
<StgValue><ssdm name="empty_35"/></StgValue>
</bind>
</comp>

<comp id="22" class="1001" name="const_22">
<pin_list>
<pin id="23" dir="1" index="0" bw="1" slack="2147483647"/>
</pin_list>
<bind>
<StgValue><ssdm name="empty_22"/></StgValue>
</bind>
</comp>

<comp id="24" class="1001" name="const_24">
<pin_list>
<pin id="25" dir="1" index="0" bw="1" slack="2147483647"/>
</pin_list>
<bind>
<StgValue><ssdm name="empty_25"/></StgValue>
</bind>
</comp>

<comp id="26" class="1001" name="const_26">
<pin_list>
<pin id="27" dir="1" index="0" bw="1" slack="2147483647"/>
</pin_list>
<bind>
<StgValue><ssdm name=""/></StgValue>
</bind>
</comp>

<comp id="28" class="1001" name="const_28">
<pin_list>
<pin id="29" dir="1" index="0" bw="1" slack="2147483647"/>
</pin_list>
<bind>
<StgValue><ssdm name=""/></StgValue>
</bind>
</comp>

<comp id="30" class="1001" name="const_30">
<pin_list>
<pin id="31" dir="1" index="0" bw="1" slack="2147483647"/>
</pin_list>
<bind>
<StgValue><ssdm name=""/></StgValue>
</bind>
</comp>

<comp id="32" class="1001" name="const_32">
<pin_list>
<pin id="33" dir="1" index="0" bw="1" slack="0"/>
</pin_list>
<bind>
<StgValue><ssdm name="_ssdm_op_Read.ap_auto.i64"/></StgValue>
</bind>
</comp>

<comp id="34" class="1001" name="const_34">
<pin_list>
<pin id="35" dir="1" index="0" bw="1" slack="0"/>
</pin_list>
<bind>
<StgValue><ssdm name=""/></StgValue>
</bind>
</comp>

<comp id="36" class="1001" name="const_36">
<pin_list>
<pin id="37" dir="1" index="0" bw="1" slack="0"/>
</pin_list>
<bind>
<StgValue><ssdm name=""/></StgValue>
</bind>
</comp>

<comp id="38" class="1001" name="const_38">
<pin_list>
<pin id="39" dir="1" index="0" bw="1" slack="0"/>
</pin_list>
<bind>
<StgValue><ssdm name=""/></StgValue>
</bind>
</comp>

<comp id="40" class="1001" name="const_40">
<pin_list>
<pin id="41" dir="1" index="0" bw="1" slack="0"/>
</pin_list>
<bind>
<StgValue><ssdm name=""/></StgValue>
</bind>
</comp>

<comp id="42" class="1001" name="const_42">
<pin_list>
<pin id="43" dir="1" index="0" bw="1" slack="0"/>
</pin_list>
<bind>
<StgValue><ssdm name=""/></StgValue>
</bind>
</comp>

<comp id="44" class="1001" name="const_44">
<pin_list>
<pin id="45" dir="1" index="0" bw="1" slack="0"/>
</pin_list>
<bind>
<StgValue><ssdm name=""/></StgValue>
</bind>
</comp>

<comp id="46" class="1001" name="const_46">
<pin_list>
<pin id="47" dir="1" index="0" bw="1" slack="0"/>
</pin_list>
<bind>
<StgValue><ssdm name=""/></StgValue>
</bind>
</comp>

<comp id="48" class="1001" name="const_48">
<pin_list>
<pin id="49" dir="1" index="0" bw="1" slack="0"/>
</pin_list>
<bind>
<StgValue><ssdm name=""/></StgValue>
</bind>
</comp>

<comp id="50" class="1001" name="const_50">
<pin_list>
<pin id="51" dir="1" index="0" bw="1" slack="0"/>
</pin_list>
<bind>
<StgValue><ssdm name="_ssdm_op_BitConcatenate.i18.i6.i12"/></StgValue>
</bind>
</comp>

<comp id="52" class="1001" name="const_52">
<pin_list>
<pin id="53" dir="1" index="0" bw="1" slack="0"/>
</pin_list>
<bind>
<StgValue><ssdm name="_ssdm_op_BitConcatenate.i12.i5.i5.i2"/></StgValue>
</bind>
</comp>

<comp id="54" class="1001" name="const_54">
<pin_list>
<pin id="55" dir="1" index="0" bw="1" slack="0"/>
</pin_list>
<bind>
<StgValue><ssdm name=""/></StgValue>
</bind>
</comp>

<comp id="56" class="1001" name="const_56">
<pin_list>
<pin id="57" dir="1" index="0" bw="1" slack="0"/>
</pin_list>
<bind>
<StgValue><ssdm name="_ssdm_op_PartSelect.i62.i64.i32.i32"/></StgValue>
</bind>
</comp>

<comp id="58" class="1001" name="const_58">
<pin_list>
<pin id="59" dir="1" index="0" bw="1" slack="0"/>
</pin_list>
<bind>
<StgValue><ssdm name=""/></StgValue>
</bind>
</comp>

<comp id="60" class="1001" name="const_60">
<pin_list>
<pin id="61" dir="1" index="0" bw="1" slack="0"/>
</pin_list>
<bind>
<StgValue><ssdm name=""/></StgValue>
</bind>
</comp>

<comp id="62" class="1001" name="const_62">
<pin_list>
<pin id="63" dir="1" index="0" bw="1" slack="0"/>
</pin_list>
<bind>
<StgValue><ssdm name=""/></StgValue>
</bind>
</comp>

<comp id="64" class="1001" name="const_64">
<pin_list>
<pin id="65" dir="1" index="0" bw="1" slack="0"/>
</pin_list>
<bind>
<StgValue><ssdm name="_ssdm_op_ReadReq.m_axi.i32P1A"/></StgValue>
</bind>
</comp>

<comp id="66" class="1001" name="const_66">
<pin_list>
<pin id="67" dir="1" index="0" bw="1" slack="0"/>
</pin_list>
<bind>
<StgValue><ssdm name=""/></StgValue>
</bind>
</comp>

<comp id="68" class="1001" name="const_68">
<pin_list>
<pin id="69" dir="1" index="0" bw="1" slack="0"/>
</pin_list>
<bind>
<StgValue><ssdm name="_ssdm_op_Read.m_axi.i32P1A"/></StgValue>
</bind>
</comp>

<comp id="70" class="1001" name="const_70">
<pin_list>
<pin id="71" dir="1" index="0" bw="1" slack="0"/>
</pin_list>
<bind>
<StgValue><ssdm name="_ssdm_op_WriteReq.m_axi.i32P1A"/></StgValue>
</bind>
</comp>

<comp id="72" class="1001" name="const_72">
<pin_list>
<pin id="73" dir="1" index="0" bw="1" slack="0"/>
</pin_list>
<bind>
<StgValue><ssdm name="_ssdm_op_Write.m_axi.i32P1A"/></StgValue>
</bind>
</comp>

<comp id="74" class="1001" name="const_74">
<pin_list>
<pin id="75" dir="1" index="0" bw="1" slack="0"/>
</pin_list>
<bind>
<StgValue><ssdm name=""/></StgValue>
</bind>
</comp>

<comp id="76" class="1001" name="const_76">
<pin_list>
<pin id="77" dir="1" index="0" bw="1" slack="0"/>
</pin_list>
<bind>
<StgValue><ssdm name="_ssdm_op_WriteResp.m_axi.i32P1A"/></StgValue>
</bind>
</comp>

<comp id="78" class="1001" name="const_78">
<pin_list>
<pin id="79" dir="1" index="0" bw="1" slack="2147483647"/>
</pin_list>
<bind>
<StgValue><ssdm name="_ssdm_op_SpecLoopName"/></StgValue>
</bind>
</comp>

<comp id="80" class="1001" name="const_80">
<pin_list>
<pin id="81" dir="1" index="0" bw="1" slack="2147483647"/>
</pin_list>
<bind>
<StgValue><ssdm name="VITIS_LOOP_2076_1_VITIS_LOOP_2077_2_VITIS_LOOP_2078_3_str"/></StgValue>
</bind>
</comp>

<comp id="82" class="1001" name="const_82">
<pin_list>
<pin id="83" dir="1" index="0" bw="1" slack="2147483647"/>
</pin_list>
<bind>
<StgValue><ssdm name="_ssdm_op_SpecLoopTripCount"/></StgValue>
</bind>
</comp>

<comp id="84" class="1001" name="const_84">
<pin_list>
<pin id="85" dir="1" index="0" bw="1" slack="2147483647"/>
</pin_list>
<bind>
<StgValue><ssdm name=""/></StgValue>
</bind>
</comp>

<comp id="86" class="1001" name="const_86">
<pin_list>
<pin id="87" dir="1" index="0" bw="1" slack="2147483647"/>
</pin_list>
<bind>
<StgValue><ssdm name="_ssdm_op_SpecPipeline"/></StgValue>
</bind>
</comp>

<comp id="88" class="1004" name="v850_fu_88">
<pin_list>
<pin id="89" dir="0" index="0" bw="1" slack="0"/>
<pin id="90" dir="1" index="1" bw="6" slack="0"/>
</pin_list>
<bind>
<opcode="alloca(26) " fcode="alloca"/>
<opset="v850/1 "/>
</bind>
</comp>

<comp id="92" class="1004" name="v849_fu_92">
<pin_list>
<pin id="93" dir="0" index="0" bw="1" slack="0"/>
<pin id="94" dir="1" index="1" bw="6" slack="0"/>
</pin_list>
<bind>
<opcode="alloca(26) " fcode="alloca"/>
<opset="v849/1 "/>
</bind>
</comp>

<comp id="96" class="1004" name="indvar_flatten_fu_96">
<pin_list>
<pin id="97" dir="0" index="0" bw="1" slack="0"/>
<pin id="98" dir="1" index="1" bw="12" slack="0"/>
</pin_list>
<bind>
<opcode="alloca(26) " fcode="alloca"/>
<opset="indvar_flatten/1 "/>
</bind>
</comp>

<comp id="100" class="1004" name="v848_fu_100">
<pin_list>
<pin id="101" dir="0" index="0" bw="1" slack="0"/>
<pin id="102" dir="1" index="1" bw="6" slack="0"/>
</pin_list>
<bind>
<opcode="alloca(26) " fcode="alloca"/>
<opset="v848/1 "/>
</bind>
</comp>

<comp id="104" class="1004" name="indvar_flatten12_fu_104">
<pin_list>
<pin id="105" dir="0" index="0" bw="1" slack="0"/>
<pin id="106" dir="1" index="1" bw="16" slack="0"/>
</pin_list>
<bind>
<opcode="alloca(26) " fcode="alloca"/>
<opset="indvar_flatten12/1 "/>
</bind>
</comp>

<comp id="108" class="1004" name="v847_read_read_fu_108">
<pin_list>
<pin id="109" dir="0" index="0" bw="64" slack="0"/>
<pin id="110" dir="0" index="1" bw="64" slack="0"/>
<pin id="111" dir="1" index="2" bw="64" slack="1"/>
</pin_list>
<bind>
<opcode="read(1150) " fcode="read"/>
<opset="v847_read/1 "/>
</bind>
</comp>

<comp id="114" class="1004" name="v846_read_read_fu_114">
<pin_list>
<pin id="115" dir="0" index="0" bw="64" slack="0"/>
<pin id="116" dir="0" index="1" bw="64" slack="0"/>
<pin id="117" dir="1" index="2" bw="64" slack="1"/>
</pin_list>
<bind>
<opcode="read(1150) " fcode="read"/>
<opset="v846_read/1 "/>
</bind>
</comp>

<comp id="120" class="1004" name="grp_readreq_fu_120">
<pin_list>
<pin id="121" dir="0" index="0" bw="1" slack="0"/>
<pin id="122" dir="0" index="1" bw="32" slack="1"/>
<pin id="123" dir="0" index="2" bw="1" slack="0"/>
<pin id="124" dir="1" index="3" bw="1" slack="2147483647"/>
</pin_list>
<bind>
<opcode="readreq(1154) " fcode="readreq"/>
<opset="v851_req/3 "/>
</bind>
</comp>

<comp id="127" class="1004" name="v851_read_fu_127">
<pin_list>
<pin id="128" dir="0" index="0" bw="32" slack="0"/>
<pin id="129" dir="0" index="1" bw="32" slack="9"/>
<pin id="130" dir="1" index="2" bw="32" slack="1"/>
</pin_list>
<bind>
<opcode="read(1150) " fcode="read"/>
<opset="v851/11 "/>
</bind>
</comp>

<comp id="132" class="1004" name="g0_addr_56_req_writereq_fu_132">
<pin_list>
<pin id="133" dir="0" index="0" bw="1" slack="0"/>
<pin id="134" dir="0" index="1" bw="32" slack="9"/>
<pin id="135" dir="0" index="2" bw="1" slack="0"/>
<pin id="136" dir="1" index="3" bw="1" slack="2147483647"/>
</pin_list>
<bind>
<opcode="writereq(1155) " fcode="writereq"/>
<opset="g0_addr_56_req/11 "/>
</bind>
</comp>

<comp id="139" class="1004" name="write_ln2083_write_fu_139">
<pin_list>
<pin id="140" dir="0" index="0" bw="0" slack="0"/>
<pin id="141" dir="0" index="1" bw="32" slack="10"/>
<pin id="142" dir="0" index="2" bw="32" slack="1"/>
<pin id="143" dir="0" index="3" bw="1" slack="0"/>
<pin id="144" dir="1" index="4" bw="0" slack="2147483647"/>
</pin_list>
<bind>
<opcode="write(1151) " fcode="write"/>
<opset="write_ln2083/12 "/>
</bind>
</comp>

<comp id="147" class="1004" name="grp_writeresp_fu_147">
<pin_list>
<pin id="148" dir="0" index="0" bw="1" slack="0"/>
<pin id="149" dir="0" index="1" bw="32" slack="11"/>
<pin id="150" dir="1" index="2" bw="1" slack="2147483647"/>
</pin_list>
<bind>
<opcode="writeresp(1158) " fcode="writeresp"/>
<opset="g0_addr_56_resp/13 "/>
</bind>
</comp>

<comp id="152" class="1004" name="store_ln0_store_fu_152">
<pin_list>
<pin id="153" dir="0" index="0" bw="1" slack="0"/>
<pin id="154" dir="0" index="1" bw="16" slack="0"/>
<pin id="155" dir="1" index="2" bw="0" slack="2147483647"/>
</pin_list>
<bind>
<opcode="store(28) " fcode="store"/>
<opset="store_ln0/1 "/>
</bind>
</comp>

<comp id="157" class="1004" name="store_ln2076_store_fu_157">
<pin_list>
<pin id="158" dir="0" index="0" bw="1" slack="0"/>
<pin id="159" dir="0" index="1" bw="6" slack="0"/>
<pin id="160" dir="1" index="2" bw="0" slack="2147483647"/>
</pin_list>
<bind>
<opcode="store(28) " fcode="store"/>
<opset="store_ln2076/1 "/>
</bind>
</comp>

<comp id="162" class="1004" name="store_ln0_store_fu_162">
<pin_list>
<pin id="163" dir="0" index="0" bw="1" slack="0"/>
<pin id="164" dir="0" index="1" bw="12" slack="0"/>
<pin id="165" dir="1" index="2" bw="0" slack="2147483647"/>
</pin_list>
<bind>
<opcode="store(28) " fcode="store"/>
<opset="store_ln0/1 "/>
</bind>
</comp>

<comp id="167" class="1004" name="store_ln2077_store_fu_167">
<pin_list>
<pin id="168" dir="0" index="0" bw="1" slack="0"/>
<pin id="169" dir="0" index="1" bw="6" slack="0"/>
<pin id="170" dir="1" index="2" bw="0" slack="2147483647"/>
</pin_list>
<bind>
<opcode="store(28) " fcode="store"/>
<opset="store_ln2077/1 "/>
</bind>
</comp>

<comp id="172" class="1004" name="store_ln2078_store_fu_172">
<pin_list>
<pin id="173" dir="0" index="0" bw="1" slack="0"/>
<pin id="174" dir="0" index="1" bw="6" slack="0"/>
<pin id="175" dir="1" index="2" bw="0" slack="2147483647"/>
</pin_list>
<bind>
<opcode="store(28) " fcode="store"/>
<opset="store_ln2078/1 "/>
</bind>
</comp>

<comp id="177" class="1004" name="indvar_flatten12_load_load_fu_177">
<pin_list>
<pin id="178" dir="0" index="0" bw="16" slack="1"/>
<pin id="179" dir="1" index="1" bw="16" slack="0"/>
</pin_list>
<bind>
<opcode="load(27) " fcode="load"/>
<opset="indvar_flatten12_load/2 "/>
</bind>
</comp>

<comp id="180" class="1004" name="icmp_ln2076_fu_180">
<pin_list>
<pin id="181" dir="0" index="0" bw="16" slack="0"/>
<pin id="182" dir="0" index="1" bw="16" slack="0"/>
<pin id="183" dir="1" index="2" bw="1" slack="14"/>
</pin_list>
<bind>
<opcode="icmp(45) " fcode="icmp"/>
<opset="icmp_ln2076/2 "/>
</bind>
</comp>

<comp id="186" class="1004" name="add_ln2076_1_fu_186">
<pin_list>
<pin id="187" dir="0" index="0" bw="16" slack="0"/>
<pin id="188" dir="0" index="1" bw="1" slack="0"/>
<pin id="189" dir="1" index="2" bw="16" slack="0"/>
</pin_list>
<bind>
<opcode="add(8) " fcode="add"/>
<opset="add_ln2076_1/2 "/>
</bind>
</comp>

<comp id="192" class="1004" name="v850_load_load_fu_192">
<pin_list>
<pin id="193" dir="0" index="0" bw="6" slack="1"/>
<pin id="194" dir="1" index="1" bw="6" slack="0"/>
</pin_list>
<bind>
<opcode="load(27) " fcode="load"/>
<opset="v850_load/2 "/>
</bind>
</comp>

<comp id="195" class="1004" name="v849_load_load_fu_195">
<pin_list>
<pin id="196" dir="0" index="0" bw="6" slack="1"/>
<pin id="197" dir="1" index="1" bw="6" slack="0"/>
</pin_list>
<bind>
<opcode="load(27) " fcode="load"/>
<opset="v849_load/2 "/>
</bind>
</comp>

<comp id="198" class="1004" name="indvar_flatten_load_load_fu_198">
<pin_list>
<pin id="199" dir="0" index="0" bw="12" slack="1"/>
<pin id="200" dir="1" index="1" bw="12" slack="0"/>
</pin_list>
<bind>
<opcode="load(27) " fcode="load"/>
<opset="indvar_flatten_load/2 "/>
</bind>
</comp>

<comp id="201" class="1004" name="v848_load_load_fu_201">
<pin_list>
<pin id="202" dir="0" index="0" bw="6" slack="1"/>
<pin id="203" dir="1" index="1" bw="6" slack="0"/>
</pin_list>
<bind>
<opcode="load(27) " fcode="load"/>
<opset="v848_load/2 "/>
</bind>
</comp>

<comp id="204" class="1004" name="add_ln2076_fu_204">
<pin_list>
<pin id="205" dir="0" index="0" bw="6" slack="0"/>
<pin id="206" dir="0" index="1" bw="1" slack="0"/>
<pin id="207" dir="1" index="2" bw="6" slack="0"/>
</pin_list>
<bind>
<opcode="add(8) " fcode="add"/>
<opset="add_ln2076/2 "/>
</bind>
</comp>

<comp id="210" class="1004" name="icmp_ln2077_fu_210">
<pin_list>
<pin id="211" dir="0" index="0" bw="12" slack="0"/>
<pin id="212" dir="0" index="1" bw="12" slack="0"/>
<pin id="213" dir="1" index="2" bw="1" slack="0"/>
</pin_list>
<bind>
<opcode="icmp(45) " fcode="icmp"/>
<opset="icmp_ln2077/2 "/>
</bind>
</comp>

<comp id="216" class="1004" name="select_ln2076_fu_216">
<pin_list>
<pin id="217" dir="0" index="0" bw="1" slack="0"/>
<pin id="218" dir="0" index="1" bw="6" slack="0"/>
<pin id="219" dir="0" index="2" bw="6" slack="0"/>
<pin id="220" dir="1" index="3" bw="6" slack="0"/>
</pin_list>
<bind>
<opcode="select(49) " fcode="select"/>
<opset="select_ln2076/2 "/>
</bind>
</comp>

<comp id="224" class="1004" name="xor_ln2076_fu_224">
<pin_list>
<pin id="225" dir="0" index="0" bw="1" slack="0"/>
<pin id="226" dir="0" index="1" bw="1" slack="0"/>
<pin id="227" dir="1" index="2" bw="1" slack="0"/>
</pin_list>
<bind>
<opcode="xor(25) " fcode="xor"/>
<opset="xor_ln2076/2 "/>
</bind>
</comp>

<comp id="230" class="1004" name="icmp_ln2078_fu_230">
<pin_list>
<pin id="231" dir="0" index="0" bw="6" slack="0"/>
<pin id="232" dir="0" index="1" bw="6" slack="0"/>
<pin id="233" dir="1" index="2" bw="1" slack="0"/>
</pin_list>
<bind>
<opcode="icmp(45) " fcode="icmp"/>
<opset="icmp_ln2078/2 "/>
</bind>
</comp>

<comp id="236" class="1004" name="and_ln2076_fu_236">
<pin_list>
<pin id="237" dir="0" index="0" bw="1" slack="0"/>
<pin id="238" dir="0" index="1" bw="1" slack="0"/>
<pin id="239" dir="1" index="2" bw="1" slack="0"/>
</pin_list>
<bind>
<opcode="and(23) " fcode="and"/>
<opset="and_ln2076/2 "/>
</bind>
</comp>

<comp id="242" class="1004" name="select_ln2076_1_fu_242">
<pin_list>
<pin id="243" dir="0" index="0" bw="1" slack="0"/>
<pin id="244" dir="0" index="1" bw="6" slack="0"/>
<pin id="245" dir="0" index="2" bw="6" slack="0"/>
<pin id="246" dir="1" index="3" bw="6" slack="0"/>
</pin_list>
<bind>
<opcode="select(49) " fcode="select"/>
<opset="select_ln2076_1/2 "/>
</bind>
</comp>

<comp id="250" class="1004" name="add_ln2077_fu_250">
<pin_list>
<pin id="251" dir="0" index="0" bw="6" slack="0"/>
<pin id="252" dir="0" index="1" bw="1" slack="0"/>
<pin id="253" dir="1" index="2" bw="6" slack="0"/>
</pin_list>
<bind>
<opcode="add(8) " fcode="add"/>
<opset="add_ln2077/2 "/>
</bind>
</comp>

<comp id="256" class="1004" name="empty_fu_256">
<pin_list>
<pin id="257" dir="0" index="0" bw="1" slack="0"/>
<pin id="258" dir="0" index="1" bw="1" slack="0"/>
<pin id="259" dir="1" index="2" bw="1" slack="0"/>
</pin_list>
<bind>
<opcode="or(24) " fcode="or"/>
<opset="empty/2 "/>
</bind>
</comp>

<comp id="262" class="1004" name="v850_mid2_fu_262">
<pin_list>
<pin id="263" dir="0" index="0" bw="1" slack="0"/>
<pin id="264" dir="0" index="1" bw="6" slack="0"/>
<pin id="265" dir="0" index="2" bw="6" slack="0"/>
<pin id="266" dir="1" index="3" bw="6" slack="0"/>
</pin_list>
<bind>
<opcode="select(49) " fcode="select"/>
<opset="v850_mid2/2 "/>
</bind>
</comp>

<comp id="270" class="1004" name="select_ln2077_fu_270">
<pin_list>
<pin id="271" dir="0" index="0" bw="1" slack="0"/>
<pin id="272" dir="0" index="1" bw="6" slack="0"/>
<pin id="273" dir="0" index="2" bw="6" slack="0"/>
<pin id="274" dir="1" index="3" bw="6" slack="0"/>
</pin_list>
<bind>
<opcode="select(49) " fcode="select"/>
<opset="select_ln2077/2 "/>
</bind>
</comp>

<comp id="278" class="1004" name="shl_ln_fu_278">
<pin_list>
<pin id="279" dir="0" index="0" bw="18" slack="0"/>
<pin id="280" dir="0" index="1" bw="6" slack="0"/>
<pin id="281" dir="0" index="2" bw="1" slack="0"/>
<pin id="282" dir="1" index="3" bw="18" slack="0"/>
</pin_list>
<bind>
<opcode="bitconcatenate(1004) " fcode="bitconcatenate"/>
<opset="shl_ln/2 "/>
</bind>
</comp>

<comp id="286" class="1004" name="zext_ln2077_fu_286">
<pin_list>
<pin id="287" dir="0" index="0" bw="18" slack="0"/>
<pin id="288" dir="1" index="1" bw="64" slack="0"/>
</pin_list>
<bind>
<opcode="zext(34) " fcode="zext"/>
<opset="zext_ln2077/2 "/>
</bind>
</comp>

<comp id="290" class="1004" name="trunc_ln2082_fu_290">
<pin_list>
<pin id="291" dir="0" index="0" bw="6" slack="0"/>
<pin id="292" dir="1" index="1" bw="5" slack="0"/>
</pin_list>
<bind>
<opcode="trunc(33) " fcode="trunc"/>
<opset="trunc_ln2082/2 "/>
</bind>
</comp>

<comp id="294" class="1004" name="add_ln2082_fu_294">
<pin_list>
<pin id="295" dir="0" index="0" bw="18" slack="0"/>
<pin id="296" dir="0" index="1" bw="64" slack="1"/>
<pin id="297" dir="1" index="2" bw="64" slack="0"/>
</pin_list>
<bind>
<opcode="add(8) " fcode="add"/>
<opset="add_ln2082/2 "/>
</bind>
</comp>

<comp id="299" class="1004" name="trunc_ln2082_1_fu_299">
<pin_list>
<pin id="300" dir="0" index="0" bw="6" slack="0"/>
<pin id="301" dir="1" index="1" bw="5" slack="0"/>
</pin_list>
<bind>
<opcode="trunc(33) " fcode="trunc"/>
<opset="trunc_ln2082_1/2 "/>
</bind>
</comp>

<comp id="303" class="1004" name="tmp1_fu_303">
<pin_list>
<pin id="304" dir="0" index="0" bw="12" slack="0"/>
<pin id="305" dir="0" index="1" bw="5" slack="0"/>
<pin id="306" dir="0" index="2" bw="5" slack="0"/>
<pin id="307" dir="0" index="3" bw="1" slack="0"/>
<pin id="308" dir="1" index="4" bw="12" slack="0"/>
</pin_list>
<bind>
<opcode="bitconcatenate(1004) " fcode="bitconcatenate"/>
<opset="tmp1/2 "/>
</bind>
</comp>

<comp id="313" class="1004" name="zext_ln2082_fu_313">
<pin_list>
<pin id="314" dir="0" index="0" bw="12" slack="0"/>
<pin id="315" dir="1" index="1" bw="64" slack="0"/>
</pin_list>
<bind>
<opcode="zext(34) " fcode="zext"/>
<opset="zext_ln2082/2 "/>
</bind>
</comp>

<comp id="317" class="1004" name="add_ln2082_1_fu_317">
<pin_list>
<pin id="318" dir="0" index="0" bw="12" slack="0"/>
<pin id="319" dir="0" index="1" bw="64" slack="0"/>
<pin id="320" dir="1" index="2" bw="64" slack="0"/>
</pin_list>
<bind>
<opcode="add(8) " fcode="add"/>
<opset="add_ln2082_1/2 "/>
</bind>
</comp>

<comp id="323" class="1004" name="trunc_ln_fu_323">
<pin_list>
<pin id="324" dir="0" index="0" bw="62" slack="0"/>
<pin id="325" dir="0" index="1" bw="64" slack="0"/>
<pin id="326" dir="0" index="2" bw="3" slack="0"/>
<pin id="327" dir="0" index="3" bw="7" slack="0"/>
<pin id="328" dir="1" index="4" bw="62" slack="0"/>
</pin_list>
<bind>
<opcode="partselect(1002) " fcode="partselect"/>
<opset="trunc_ln/2 "/>
</bind>
</comp>

<comp id="333" class="1004" name="sext_ln2082_fu_333">
<pin_list>
<pin id="334" dir="0" index="0" bw="62" slack="0"/>
<pin id="335" dir="1" index="1" bw="64" slack="0"/>
</pin_list>
<bind>
<opcode="sext(35) " fcode="sext"/>
<opset="sext_ln2082/2 "/>
</bind>
</comp>

<comp id="337" class="1004" name="g0_addr_fu_337">
<pin_list>
<pin id="338" dir="0" index="0" bw="64" slack="0"/>
<pin id="339" dir="0" index="1" bw="64" slack="0"/>
<pin id="340" dir="1" index="2" bw="64" slack="1"/>
</pin_list>
<bind>
<opcode="getelementptr(29) " fcode="getelementptr"/>
<opset="g0_addr/2 "/>
</bind>
</comp>

<comp id="343" class="1004" name="add_ln2083_fu_343">
<pin_list>
<pin id="344" dir="0" index="0" bw="18" slack="0"/>
<pin id="345" dir="0" index="1" bw="64" slack="1"/>
<pin id="346" dir="1" index="2" bw="64" slack="0"/>
</pin_list>
<bind>
<opcode="add(8) " fcode="add"/>
<opset="add_ln2083/2 "/>
</bind>
</comp>

<comp id="348" class="1004" name="add_ln2083_1_fu_348">
<pin_list>
<pin id="349" dir="0" index="0" bw="12" slack="0"/>
<pin id="350" dir="0" index="1" bw="64" slack="0"/>
<pin id="351" dir="1" index="2" bw="64" slack="0"/>
</pin_list>
<bind>
<opcode="add(8) " fcode="add"/>
<opset="add_ln2083_1/2 "/>
</bind>
</comp>

<comp id="354" class="1004" name="trunc_ln16_fu_354">
<pin_list>
<pin id="355" dir="0" index="0" bw="62" slack="0"/>
<pin id="356" dir="0" index="1" bw="64" slack="0"/>
<pin id="357" dir="0" index="2" bw="3" slack="0"/>
<pin id="358" dir="0" index="3" bw="7" slack="0"/>
<pin id="359" dir="1" index="4" bw="62" slack="0"/>
</pin_list>
<bind>
<opcode="partselect(1002) " fcode="partselect"/>
<opset="trunc_ln16/2 "/>
</bind>
</comp>

<comp id="364" class="1004" name="sext_ln2083_fu_364">
<pin_list>
<pin id="365" dir="0" index="0" bw="62" slack="0"/>
<pin id="366" dir="1" index="1" bw="64" slack="0"/>
</pin_list>
<bind>
<opcode="sext(35) " fcode="sext"/>
<opset="sext_ln2083/2 "/>
</bind>
</comp>

<comp id="368" class="1004" name="g0_addr_21_fu_368">
<pin_list>
<pin id="369" dir="0" index="0" bw="64" slack="0"/>
<pin id="370" dir="0" index="1" bw="64" slack="0"/>
<pin id="371" dir="1" index="2" bw="64" slack="9"/>
</pin_list>
<bind>
<opcode="getelementptr(29) " fcode="getelementptr"/>
<opset="g0_addr_21/2 "/>
</bind>
</comp>

<comp id="374" class="1004" name="add_ln2078_fu_374">
<pin_list>
<pin id="375" dir="0" index="0" bw="6" slack="0"/>
<pin id="376" dir="0" index="1" bw="1" slack="0"/>
<pin id="377" dir="1" index="2" bw="6" slack="0"/>
</pin_list>
<bind>
<opcode="add(8) " fcode="add"/>
<opset="add_ln2078/2 "/>
</bind>
</comp>

<comp id="380" class="1004" name="add_ln2077_1_fu_380">
<pin_list>
<pin id="381" dir="0" index="0" bw="12" slack="0"/>
<pin id="382" dir="0" index="1" bw="1" slack="0"/>
<pin id="383" dir="1" index="2" bw="12" slack="0"/>
</pin_list>
<bind>
<opcode="add(8) " fcode="add"/>
<opset="add_ln2077_1/2 "/>
</bind>
</comp>

<comp id="386" class="1004" name="select_ln2077_1_fu_386">
<pin_list>
<pin id="387" dir="0" index="0" bw="1" slack="0"/>
<pin id="388" dir="0" index="1" bw="12" slack="0"/>
<pin id="389" dir="0" index="2" bw="12" slack="0"/>
<pin id="390" dir="1" index="3" bw="12" slack="0"/>
</pin_list>
<bind>
<opcode="select(49) " fcode="select"/>
<opset="select_ln2077_1/2 "/>
</bind>
</comp>

<comp id="394" class="1004" name="store_ln2076_store_fu_394">
<pin_list>
<pin id="395" dir="0" index="0" bw="16" slack="0"/>
<pin id="396" dir="0" index="1" bw="16" slack="1"/>
<pin id="397" dir="1" index="2" bw="0" slack="2147483647"/>
</pin_list>
<bind>
<opcode="store(28) " fcode="store"/>
<opset="store_ln2076/2 "/>
</bind>
</comp>

<comp id="399" class="1004" name="store_ln2076_store_fu_399">
<pin_list>
<pin id="400" dir="0" index="0" bw="6" slack="0"/>
<pin id="401" dir="0" index="1" bw="6" slack="1"/>
<pin id="402" dir="1" index="2" bw="0" slack="2147483647"/>
</pin_list>
<bind>
<opcode="store(28) " fcode="store"/>
<opset="store_ln2076/2 "/>
</bind>
</comp>

<comp id="404" class="1004" name="store_ln2077_store_fu_404">
<pin_list>
<pin id="405" dir="0" index="0" bw="12" slack="0"/>
<pin id="406" dir="0" index="1" bw="12" slack="1"/>
<pin id="407" dir="1" index="2" bw="0" slack="2147483647"/>
</pin_list>
<bind>
<opcode="store(28) " fcode="store"/>
<opset="store_ln2077/2 "/>
</bind>
</comp>

<comp id="409" class="1004" name="store_ln2077_store_fu_409">
<pin_list>
<pin id="410" dir="0" index="0" bw="6" slack="0"/>
<pin id="411" dir="0" index="1" bw="6" slack="1"/>
<pin id="412" dir="1" index="2" bw="0" slack="2147483647"/>
</pin_list>
<bind>
<opcode="store(28) " fcode="store"/>
<opset="store_ln2077/2 "/>
</bind>
</comp>

<comp id="414" class="1004" name="store_ln2078_store_fu_414">
<pin_list>
<pin id="415" dir="0" index="0" bw="6" slack="0"/>
<pin id="416" dir="0" index="1" bw="6" slack="1"/>
<pin id="417" dir="1" index="2" bw="0" slack="2147483647"/>
</pin_list>
<bind>
<opcode="store(28) " fcode="store"/>
<opset="store_ln2078/2 "/>
</bind>
</comp>

<comp id="419" class="1005" name="v850_reg_419">
<pin_list>
<pin id="420" dir="0" index="0" bw="6" slack="0"/>
<pin id="421" dir="1" index="1" bw="6" slack="0"/>
</pin_list>
<bind>
<opset="v850 "/>
</bind>
</comp>

<comp id="426" class="1005" name="v849_reg_426">
<pin_list>
<pin id="427" dir="0" index="0" bw="6" slack="0"/>
<pin id="428" dir="1" index="1" bw="6" slack="0"/>
</pin_list>
<bind>
<opset="v849 "/>
</bind>
</comp>

<comp id="433" class="1005" name="indvar_flatten_reg_433">
<pin_list>
<pin id="434" dir="0" index="0" bw="12" slack="0"/>
<pin id="435" dir="1" index="1" bw="12" slack="0"/>
</pin_list>
<bind>
<opset="indvar_flatten "/>
</bind>
</comp>

<comp id="440" class="1005" name="v848_reg_440">
<pin_list>
<pin id="441" dir="0" index="0" bw="6" slack="0"/>
<pin id="442" dir="1" index="1" bw="6" slack="0"/>
</pin_list>
<bind>
<opset="v848 "/>
</bind>
</comp>

<comp id="447" class="1005" name="indvar_flatten12_reg_447">
<pin_list>
<pin id="448" dir="0" index="0" bw="16" slack="0"/>
<pin id="449" dir="1" index="1" bw="16" slack="0"/>
</pin_list>
<bind>
<opset="indvar_flatten12 "/>
</bind>
</comp>

<comp id="454" class="1005" name="v847_read_reg_454">
<pin_list>
<pin id="455" dir="0" index="0" bw="64" slack="1"/>
<pin id="456" dir="1" index="1" bw="64" slack="1"/>
</pin_list>
<bind>
<opset="v847_read "/>
</bind>
</comp>

<comp id="459" class="1005" name="v846_read_reg_459">
<pin_list>
<pin id="460" dir="0" index="0" bw="64" slack="1"/>
<pin id="461" dir="1" index="1" bw="64" slack="1"/>
</pin_list>
<bind>
<opset="v846_read "/>
</bind>
</comp>

<comp id="464" class="1005" name="icmp_ln2076_reg_464">
<pin_list>
<pin id="465" dir="0" index="0" bw="1" slack="14"/>
<pin id="466" dir="1" index="1" bw="1" slack="2147483647"/>
</pin_list>
<bind>
<opset="icmp_ln2076 "/>
</bind>
</comp>

<comp id="468" class="1005" name="g0_addr_reg_468">
<pin_list>
<pin id="469" dir="0" index="0" bw="32" slack="1"/>
<pin id="470" dir="1" index="1" bw="32" slack="1"/>
</pin_list>
<bind>
<opset="g0_addr "/>
</bind>
</comp>

<comp id="474" class="1005" name="g0_addr_21_reg_474">
<pin_list>
<pin id="475" dir="0" index="0" bw="32" slack="9"/>
<pin id="476" dir="1" index="1" bw="32" slack="9"/>
</pin_list>
<bind>
<opset="g0_addr_21 "/>
</bind>
</comp>

<comp id="481" class="1005" name="v851_reg_481">
<pin_list>
<pin id="482" dir="0" index="0" bw="32" slack="1"/>
<pin id="483" dir="1" index="1" bw="32" slack="1"/>
</pin_list>
<bind>
<opset="v851 "/>
</bind>
</comp>

</comp_list>

<net_list>
<net id="91"><net_src comp="6" pin="0"/><net_sink comp="88" pin=0"/></net>

<net id="95"><net_src comp="6" pin="0"/><net_sink comp="92" pin=0"/></net>

<net id="99"><net_src comp="6" pin="0"/><net_sink comp="96" pin=0"/></net>

<net id="103"><net_src comp="6" pin="0"/><net_sink comp="100" pin=0"/></net>

<net id="107"><net_src comp="6" pin="0"/><net_sink comp="104" pin=0"/></net>

<net id="112"><net_src comp="32" pin="0"/><net_sink comp="108" pin=0"/></net>

<net id="113"><net_src comp="4" pin="0"/><net_sink comp="108" pin=1"/></net>

<net id="118"><net_src comp="32" pin="0"/><net_sink comp="114" pin=0"/></net>

<net id="119"><net_src comp="2" pin="0"/><net_sink comp="114" pin=1"/></net>

<net id="125"><net_src comp="64" pin="0"/><net_sink comp="120" pin=0"/></net>

<net id="126"><net_src comp="66" pin="0"/><net_sink comp="120" pin=2"/></net>

<net id="131"><net_src comp="68" pin="0"/><net_sink comp="127" pin=0"/></net>

<net id="137"><net_src comp="70" pin="0"/><net_sink comp="132" pin=0"/></net>

<net id="138"><net_src comp="66" pin="0"/><net_sink comp="132" pin=2"/></net>

<net id="145"><net_src comp="72" pin="0"/><net_sink comp="139" pin=0"/></net>

<net id="146"><net_src comp="74" pin="0"/><net_sink comp="139" pin=3"/></net>

<net id="151"><net_src comp="76" pin="0"/><net_sink comp="147" pin=0"/></net>

<net id="156"><net_src comp="34" pin="0"/><net_sink comp="152" pin=0"/></net>

<net id="161"><net_src comp="36" pin="0"/><net_sink comp="157" pin=0"/></net>

<net id="166"><net_src comp="38" pin="0"/><net_sink comp="162" pin=0"/></net>

<net id="171"><net_src comp="36" pin="0"/><net_sink comp="167" pin=0"/></net>

<net id="176"><net_src comp="36" pin="0"/><net_sink comp="172" pin=0"/></net>

<net id="184"><net_src comp="177" pin="1"/><net_sink comp="180" pin=0"/></net>

<net id="185"><net_src comp="40" pin="0"/><net_sink comp="180" pin=1"/></net>

<net id="190"><net_src comp="177" pin="1"/><net_sink comp="186" pin=0"/></net>

<net id="191"><net_src comp="42" pin="0"/><net_sink comp="186" pin=1"/></net>

<net id="208"><net_src comp="201" pin="1"/><net_sink comp="204" pin=0"/></net>

<net id="209"><net_src comp="44" pin="0"/><net_sink comp="204" pin=1"/></net>

<net id="214"><net_src comp="198" pin="1"/><net_sink comp="210" pin=0"/></net>

<net id="215"><net_src comp="46" pin="0"/><net_sink comp="210" pin=1"/></net>

<net id="221"><net_src comp="210" pin="2"/><net_sink comp="216" pin=0"/></net>

<net id="222"><net_src comp="36" pin="0"/><net_sink comp="216" pin=1"/></net>

<net id="223"><net_src comp="195" pin="1"/><net_sink comp="216" pin=2"/></net>

<net id="228"><net_src comp="210" pin="2"/><net_sink comp="224" pin=0"/></net>

<net id="229"><net_src comp="10" pin="0"/><net_sink comp="224" pin=1"/></net>

<net id="234"><net_src comp="192" pin="1"/><net_sink comp="230" pin=0"/></net>

<net id="235"><net_src comp="48" pin="0"/><net_sink comp="230" pin=1"/></net>

<net id="240"><net_src comp="230" pin="2"/><net_sink comp="236" pin=0"/></net>

<net id="241"><net_src comp="224" pin="2"/><net_sink comp="236" pin=1"/></net>

<net id="247"><net_src comp="210" pin="2"/><net_sink comp="242" pin=0"/></net>

<net id="248"><net_src comp="204" pin="2"/><net_sink comp="242" pin=1"/></net>

<net id="249"><net_src comp="201" pin="1"/><net_sink comp="242" pin=2"/></net>

<net id="254"><net_src comp="216" pin="3"/><net_sink comp="250" pin=0"/></net>

<net id="255"><net_src comp="44" pin="0"/><net_sink comp="250" pin=1"/></net>

<net id="260"><net_src comp="236" pin="2"/><net_sink comp="256" pin=0"/></net>

<net id="261"><net_src comp="210" pin="2"/><net_sink comp="256" pin=1"/></net>

<net id="267"><net_src comp="256" pin="2"/><net_sink comp="262" pin=0"/></net>

<net id="268"><net_src comp="36" pin="0"/><net_sink comp="262" pin=1"/></net>

<net id="269"><net_src comp="192" pin="1"/><net_sink comp="262" pin=2"/></net>

<net id="275"><net_src comp="236" pin="2"/><net_sink comp="270" pin=0"/></net>

<net id="276"><net_src comp="250" pin="2"/><net_sink comp="270" pin=1"/></net>

<net id="277"><net_src comp="216" pin="3"/><net_sink comp="270" pin=2"/></net>

<net id="283"><net_src comp="50" pin="0"/><net_sink comp="278" pin=0"/></net>

<net id="284"><net_src comp="242" pin="3"/><net_sink comp="278" pin=1"/></net>

<net id="285"><net_src comp="38" pin="0"/><net_sink comp="278" pin=2"/></net>

<net id="289"><net_src comp="278" pin="3"/><net_sink comp="286" pin=0"/></net>

<net id="293"><net_src comp="262" pin="3"/><net_sink comp="290" pin=0"/></net>

<net id="298"><net_src comp="286" pin="1"/><net_sink comp="294" pin=0"/></net>

<net id="302"><net_src comp="270" pin="3"/><net_sink comp="299" pin=0"/></net>

<net id="309"><net_src comp="52" pin="0"/><net_sink comp="303" pin=0"/></net>

<net id="310"><net_src comp="299" pin="1"/><net_sink comp="303" pin=1"/></net>

<net id="311"><net_src comp="290" pin="1"/><net_sink comp="303" pin=2"/></net>

<net id="312"><net_src comp="54" pin="0"/><net_sink comp="303" pin=3"/></net>

<net id="316"><net_src comp="303" pin="4"/><net_sink comp="313" pin=0"/></net>

<net id="321"><net_src comp="313" pin="1"/><net_sink comp="317" pin=0"/></net>

<net id="322"><net_src comp="294" pin="2"/><net_sink comp="317" pin=1"/></net>

<net id="329"><net_src comp="56" pin="0"/><net_sink comp="323" pin=0"/></net>

<net id="330"><net_src comp="317" pin="2"/><net_sink comp="323" pin=1"/></net>

<net id="331"><net_src comp="58" pin="0"/><net_sink comp="323" pin=2"/></net>

<net id="332"><net_src comp="60" pin="0"/><net_sink comp="323" pin=3"/></net>

<net id="336"><net_src comp="323" pin="4"/><net_sink comp="333" pin=0"/></net>

<net id="341"><net_src comp="0" pin="0"/><net_sink comp="337" pin=0"/></net>

<net id="342"><net_src comp="333" pin="1"/><net_sink comp="337" pin=1"/></net>

<net id="347"><net_src comp="286" pin="1"/><net_sink comp="343" pin=0"/></net>

<net id="352"><net_src comp="313" pin="1"/><net_sink comp="348" pin=0"/></net>

<net id="353"><net_src comp="343" pin="2"/><net_sink comp="348" pin=1"/></net>

<net id="360"><net_src comp="56" pin="0"/><net_sink comp="354" pin=0"/></net>

<net id="361"><net_src comp="348" pin="2"/><net_sink comp="354" pin=1"/></net>

<net id="362"><net_src comp="58" pin="0"/><net_sink comp="354" pin=2"/></net>

<net id="363"><net_src comp="60" pin="0"/><net_sink comp="354" pin=3"/></net>

<net id="367"><net_src comp="354" pin="4"/><net_sink comp="364" pin=0"/></net>

<net id="372"><net_src comp="0" pin="0"/><net_sink comp="368" pin=0"/></net>

<net id="373"><net_src comp="364" pin="1"/><net_sink comp="368" pin=1"/></net>

<net id="378"><net_src comp="262" pin="3"/><net_sink comp="374" pin=0"/></net>

<net id="379"><net_src comp="44" pin="0"/><net_sink comp="374" pin=1"/></net>

<net id="384"><net_src comp="198" pin="1"/><net_sink comp="380" pin=0"/></net>

<net id="385"><net_src comp="62" pin="0"/><net_sink comp="380" pin=1"/></net>

<net id="391"><net_src comp="210" pin="2"/><net_sink comp="386" pin=0"/></net>

<net id="392"><net_src comp="62" pin="0"/><net_sink comp="386" pin=1"/></net>

<net id="393"><net_src comp="380" pin="2"/><net_sink comp="386" pin=2"/></net>

<net id="398"><net_src comp="186" pin="2"/><net_sink comp="394" pin=0"/></net>

<net id="403"><net_src comp="242" pin="3"/><net_sink comp="399" pin=0"/></net>

<net id="408"><net_src comp="386" pin="3"/><net_sink comp="404" pin=0"/></net>

<net id="413"><net_src comp="270" pin="3"/><net_sink comp="409" pin=0"/></net>

<net id="418"><net_src comp="374" pin="2"/><net_sink comp="414" pin=0"/></net>

<net id="422"><net_src comp="88" pin="1"/><net_sink comp="419" pin=0"/></net>

<net id="423"><net_src comp="419" pin="1"/><net_sink comp="172" pin=1"/></net>

<net id="424"><net_src comp="419" pin="1"/><net_sink comp="192" pin=0"/></net>

<net id="425"><net_src comp="419" pin="1"/><net_sink comp="414" pin=1"/></net>

<net id="429"><net_src comp="92" pin="1"/><net_sink comp="426" pin=0"/></net>

<net id="430"><net_src comp="426" pin="1"/><net_sink comp="167" pin=1"/></net>

<net id="431"><net_src comp="426" pin="1"/><net_sink comp="195" pin=0"/></net>

<net id="432"><net_src comp="426" pin="1"/><net_sink comp="409" pin=1"/></net>

<net id="436"><net_src comp="96" pin="1"/><net_sink comp="433" pin=0"/></net>

<net id="437"><net_src comp="433" pin="1"/><net_sink comp="162" pin=1"/></net>

<net id="438"><net_src comp="433" pin="1"/><net_sink comp="198" pin=0"/></net>

<net id="439"><net_src comp="433" pin="1"/><net_sink comp="404" pin=1"/></net>

<net id="443"><net_src comp="100" pin="1"/><net_sink comp="440" pin=0"/></net>

<net id="444"><net_src comp="440" pin="1"/><net_sink comp="157" pin=1"/></net>

<net id="445"><net_src comp="440" pin="1"/><net_sink comp="201" pin=0"/></net>

<net id="446"><net_src comp="440" pin="1"/><net_sink comp="399" pin=1"/></net>

<net id="450"><net_src comp="104" pin="1"/><net_sink comp="447" pin=0"/></net>

<net id="451"><net_src comp="447" pin="1"/><net_sink comp="152" pin=1"/></net>

<net id="452"><net_src comp="447" pin="1"/><net_sink comp="177" pin=0"/></net>

<net id="453"><net_src comp="447" pin="1"/><net_sink comp="394" pin=1"/></net>

<net id="457"><net_src comp="108" pin="2"/><net_sink comp="454" pin=0"/></net>

<net id="458"><net_src comp="454" pin="1"/><net_sink comp="343" pin=1"/></net>

<net id="462"><net_src comp="114" pin="2"/><net_sink comp="459" pin=0"/></net>

<net id="463"><net_src comp="459" pin="1"/><net_sink comp="294" pin=1"/></net>

<net id="467"><net_src comp="180" pin="2"/><net_sink comp="464" pin=0"/></net>

<net id="471"><net_src comp="337" pin="2"/><net_sink comp="468" pin=0"/></net>

<net id="472"><net_src comp="468" pin="1"/><net_sink comp="120" pin=1"/></net>

<net id="473"><net_src comp="468" pin="1"/><net_sink comp="127" pin=1"/></net>

<net id="477"><net_src comp="368" pin="2"/><net_sink comp="474" pin=0"/></net>

<net id="478"><net_src comp="474" pin="1"/><net_sink comp="132" pin=1"/></net>

<net id="479"><net_src comp="474" pin="1"/><net_sink comp="139" pin=1"/></net>

<net id="480"><net_src comp="474" pin="1"/><net_sink comp="147" pin=1"/></net>

<net id="484"><net_src comp="127" pin="2"/><net_sink comp="481" pin=0"/></net>

<net id="485"><net_src comp="481" pin="1"/><net_sink comp="139" pin=2"/></net>

</net_list>

</model> 
---------------- Datapath Model END ------------------

* FSMD analyzer results:
  - Output states:
	Port: g0 | {11 12 13 14 15 16 17 }
 - Input state : 
	Port: kernel589 : g0 | {3 4 5 6 7 8 9 10 11 }
	Port: kernel589 : v846 | {1 }
	Port: kernel589 : v847 | {1 }
  - Chain level:
	State 1
		store_ln0 : 1
		store_ln2076 : 1
		store_ln0 : 1
		store_ln2077 : 1
		store_ln2078 : 1
	State 2
		icmp_ln2076 : 1
		add_ln2076_1 : 1
		br_ln2076 : 2
		add_ln2076 : 1
		icmp_ln2077 : 1
		select_ln2076 : 2
		xor_ln2076 : 2
		icmp_ln2078 : 1
		and_ln2076 : 2
		select_ln2076_1 : 2
		add_ln2077 : 3
		empty : 2
		v850_mid2 : 2
		select_ln2077 : 2
		shl_ln : 3
		zext_ln2077 : 4
		trunc_ln2082 : 3
		add_ln2082 : 5
		trunc_ln2082_1 : 3
		tmp1 : 4
		zext_ln2082 : 5
		add_ln2082_1 : 6
		trunc_ln : 7
		sext_ln2082 : 8
		g0_addr : 9
		add_ln2083 : 5
		add_ln2083_1 : 6
		trunc_ln16 : 7
		sext_ln2083 : 8
		g0_addr_21 : 9
		add_ln2078 : 3
		add_ln2077_1 : 1
		select_ln2077_1 : 2
		store_ln2076 : 2
		store_ln2076 : 3
		store_ln2077 : 3
		store_ln2077 : 3
		store_ln2078 : 4
	State 3
	State 4
	State 5
	State 6
	State 7
	State 8
	State 9
	State 10
	State 11
	State 12
	State 13
	State 14
	State 15
	State 16
	State 17


============================================================
+ Verbose Summary: Datapath Resource usage 
============================================================

* Functional unit list:
|----------|--------------------------------|---------|---------|
| Operation|         Functional Unit        |    FF   |   LUT   |
|----------|--------------------------------|---------|---------|
|          |       add_ln2076_1_fu_186      |    0    |    23   |
|          |        add_ln2076_fu_204       |    0    |    13   |
|          |        add_ln2077_fu_250       |    0    |    13   |
|          |        add_ln2082_fu_294       |    0    |    64   |
|    add   |       add_ln2082_1_fu_317      |    0    |    64   |
|          |        add_ln2083_fu_343       |    0    |    64   |
|          |       add_ln2083_1_fu_348      |    0    |    64   |
|          |        add_ln2078_fu_374       |    0    |    13   |
|          |       add_ln2077_1_fu_380      |    0    |    19   |
|----------|--------------------------------|---------|---------|
|          |       icmp_ln2076_fu_180       |    0    |    23   |
|   icmp   |       icmp_ln2077_fu_210       |    0    |    19   |
|          |       icmp_ln2078_fu_230       |    0    |    13   |
|----------|--------------------------------|---------|---------|
|          |      select_ln2076_fu_216      |    0    |    6    |
|          |     select_ln2076_1_fu_242     |    0    |    6    |
|  select  |        v850_mid2_fu_262        |    0    |    6    |
|          |      select_ln2077_fu_270      |    0    |    6    |
|          |     select_ln2077_1_fu_386     |    0    |    11   |
|----------|--------------------------------|---------|---------|
|    xor   |        xor_ln2076_fu_224       |    0    |    2    |
|----------|--------------------------------|---------|---------|
|    and   |        and_ln2076_fu_236       |    0    |    2    |
|----------|--------------------------------|---------|---------|
|    or    |          empty_fu_256          |    0    |    2    |
|----------|--------------------------------|---------|---------|
|          |      v847_read_read_fu_108     |    0    |    0    |
|   read   |      v846_read_read_fu_114     |    0    |    0    |
|          |        v851_read_fu_127        |    0    |    0    |
|----------|--------------------------------|---------|---------|
|  readreq |       grp_readreq_fu_120       |    0    |    0    |
|----------|--------------------------------|---------|---------|
| writereq | g0_addr_56_req_writereq_fu_132 |    0    |    0    |
|----------|--------------------------------|---------|---------|
|   write  |    write_ln2083_write_fu_139   |    0    |    0    |
|----------|--------------------------------|---------|---------|
| writeresp|      grp_writeresp_fu_147      |    0    |    0    |
|----------|--------------------------------|---------|---------|
|bitconcatenate|          shl_ln_fu_278         |    0    |    0    |
|          |           tmp1_fu_303          |    0    |    0    |
|----------|--------------------------------|---------|---------|
|   zext   |       zext_ln2077_fu_286       |    0    |    0    |
|          |       zext_ln2082_fu_313       |    0    |    0    |
|----------|--------------------------------|---------|---------|
|   trunc  |       trunc_ln2082_fu_290      |    0    |    0    |
|          |      trunc_ln2082_1_fu_299     |    0    |    0    |
|----------|--------------------------------|---------|---------|
|partselect|         trunc_ln_fu_323        |    0    |    0    |
|          |        trunc_ln16_fu_354       |    0    |    0    |
|----------|--------------------------------|---------|---------|
|   sext   |       sext_ln2082_fu_333       |    0    |    0    |
|          |       sext_ln2083_fu_364       |    0    |    0    |
|----------|--------------------------------|---------|---------|
|   Total  |                                |    0    |   433   |
|----------|--------------------------------|---------|---------|

Memories:
N/A

* Register list:
+------------------------+--------+
|                        |   FF   |
+------------------------+--------+
|   g0_addr_21_reg_474   |   32   |
|     g0_addr_reg_468    |   32   |
|   icmp_ln2076_reg_464  |    1   |
|indvar_flatten12_reg_447|   16   |
| indvar_flatten_reg_433 |   12   |
|    v846_read_reg_459   |   64   |
|    v847_read_reg_454   |   64   |
|      v848_reg_440      |    6   |
|      v849_reg_426      |    6   |
|      v850_reg_419      |    6   |
|      v851_reg_481      |   32   |
+------------------------+--------+
|          Total         |   271  |
+------------------------+--------+

* Multiplexer (MUX) list: 
|--------|------|------|------|--------|
|  Comp  |  Pin | Size |  BW  | S x BW |
|--------|------|------|------|--------|
|  Total |      |      |      |    0   |
|--------|------|------|------|--------|



* Summary:
+-----------+--------+--------+
|           |   FF   |   LUT  |
+-----------+--------+--------+
|  Function |    0   |   433  |
|   Memory  |    -   |    -   |
|Multiplexer|    -   |    -   |
|  Register |   271  |    -   |
+-----------+--------+--------+
|   Total   |   271  |   433  |
+-----------+--------+--------+
