

================================================================
== Vitis HLS Report for 'control_Pipeline_VITIS_LOOP_2233_1_VITIS_LOOP_2234_2_VITIS_LOOP_2235_3_VITIS_LOO'
================================================================
* Date:           Sun Jul 12 20:26:35 2026

* Version:        2025.2 (Build 6295257 on Nov 14 2025)
* Project:        spikingformer_proj
* Solution:       solution1 (Vivado IP Flow Target)
* Product family: zynquplus
* Target device:  xczu7ev-ffvc1156-2-e


================================================================
== Performance Estimates
================================================================
+ Timing: 
    * Summary: 
    +--------+----------+----------+------------+
    |  Clock |  Target  | Estimated| Uncertainty|
    +--------+----------+----------+------------+
    |ap_clk  |  10.00 ns|  7.300 ns|     2.70 ns|
    +--------+----------+----------+------------+

+ Latency: 
    * Summary: 
    +---------+---------+-----------+-----------+-----+-----+-------------------+
    |  Latency (cycles) |   Latency (absolute)  |  Interval |      Pipeline     |
    |   min   |   max   |    min    |    max    | min | max |        Type       |
    +---------+---------+-----------+-----------+-----+-----+-------------------+
    |  2654231|  2654231|  26.542 ms|  26.542 ms|    0|    0|  loop pipeline stp|
    +---------+---------+-----------+-----------+-----+-----+-------------------+

    + Detail: 
        * Instance: 
        N/A

        * Loop: 
        +---------------------------------------------------------------------------------------------------------------+---------+---------+----------+-----------+-----------+---------+----------+
        |                                                                                                               |  Latency (cycles) | Iteration|  Initiation Interval  |   Trip  |          |
        |                                                   Loop Name                                                   |   min   |   max   |  Latency |  achieved |   target  |  Count  | Pipelined|
        +---------------------------------------------------------------------------------------------------------------+---------+---------+----------+-----------+-----------+---------+----------+
        |- VITIS_LOOP_2233_1_VITIS_LOOP_2234_2_VITIS_LOOP_2235_3_VITIS_LOOP_2236_4_VITIS_LOOP_2237_5_VITIS_LOOP_2238_6  |  2654229|  2654229|        24|          2|          1|  1327104|       yes|
        +---------------------------------------------------------------------------------------------------------------+---------+---------+----------+-----------+-----------+---------+----------+



================================================================
== Utilization Estimates
================================================================
* Summary: 
+-----------------+---------+------+--------+--------+-----+
|       Name      | BRAM_18K|  DSP |   FF   |   LUT  | URAM|
+-----------------+---------+------+--------+--------+-----+
|DSP              |        -|     -|       -|       -|    -|
|Expression       |        -|     -|       0|     937|    -|
|FIFO             |        -|     -|       -|       -|    -|
|Instance         |        -|     0|       0|       5|    -|
|Memory           |        -|     -|       -|       -|    -|
|Multiplexer      |        -|     -|       0|     307|    -|
|Register         |        -|     -|     689|      96|    -|
+-----------------+---------+------+--------+--------+-----+
|Total            |        0|     0|     689|    1345|    0|
+-----------------+---------+------+--------+--------+-----+
|Available        |      624|  1728|  460800|  230400|   96|
+-----------------+---------+------+--------+--------+-----+
|Utilization (%)  |        0|     0|      ~0|      ~0|    0|
+-----------------+---------+------+--------+--------+-----+

+ Detail: 
    * Instance: 
    +-------------------------+---------------------+---------+----+---+----+-----+
    |         Instance        |        Module       | BRAM_18K| DSP| FF| LUT| URAM|
    +-------------------------+---------------------+---------+----+---+----+-----+
    |mul_2ns_12ns_12_1_1_U20  |mul_2ns_12ns_12_1_1  |        0|   0|  0|   5|    0|
    +-------------------------+---------------------+---------+----+---+----+-----+
    |Total                    |                     |        0|   0|  0|   5|    0|
    +-------------------------+---------------------+---------+----+---+----+-----+

    * DSP: 
    N/A

    * Memory: 
    N/A

    * FIFO: 
    N/A

    * Expression: 
    +----------------------------------------------------+----------+----+---+----+------------+------------+
    |                    Variable Name                   | Operation| DSP| FF| LUT| Bitwidth P0| Bitwidth P1|
    +----------------------------------------------------+----------+----+---+----+------------+------------+
    |add_ln2233_1_fu_333_p2                              |         +|   0|  0|  28|          21|           1|
    |add_ln2233_fu_564_p2                                |         +|   0|  0|   9|           2|           1|
    |add_ln2234_1_fu_507_p2                              |         +|   0|  0|  27|          20|           1|
    |add_ln2234_fu_590_p2                                |         +|   0|  0|   9|           2|           1|
    |add_ln2235_1_fu_493_p2                              |         +|   0|  0|  25|          18|           1|
    |add_ln2235_fu_614_p2                                |         +|   0|  0|   9|           2|           1|
    |add_ln2236_1_fu_479_p2                              |         +|   0|  0|  24|          17|           1|
    |add_ln2236_fu_639_p2                                |         +|   0|  0|  13|           6|           1|
    |add_ln2237_1_fu_465_p2                              |         +|   0|  0|  19|          12|           1|
    |add_ln2237_fu_681_p2                                |         +|   0|  0|  13|           6|           1|
    |add_ln2238_fu_964_p2                                |         +|   0|  0|  13|           6|           1|
    |add_ln2243_1_fu_917_p2                              |         +|   0|  0|  71|          64|          64|
    |add_ln2243_2_fu_940_p2                              |         +|   0|  0|  70|          63|          63|
    |add_ln2243_fu_895_p2                                |         +|   0|  0|  29|          22|          22|
    |add_ln2244_1_fu_786_p2                              |         +|   0|  0|  18|          10|          10|
    |add_ln2244_2_fu_814_p2                              |         +|   0|  0|  17|          11|          11|
    |add_ln2244_fu_762_p2                                |         +|   0|  0|  19|           8|           8|
    |add_ln2245_1_fu_1028_p2                             |         +|   0|  0|  64|          64|          64|
    |add_ln2245_fu_1011_p2                               |         +|   0|  0|  64|          64|          64|
    |tmp1_fu_855_p2                                      |         +|   0|  0|  19|          12|          12|
    |tmp_fu_825_p2                                       |         +|   0|  0|  13|           6|           6|
    |sub_ln2244_1_fu_780_p2                              |         -|   0|  0|  18|          10|          10|
    |sub_ln2244_2_fu_808_p2                              |         -|   0|  0|  17|          11|          11|
    |sub_ln2244_fu_756_p2                                |         -|   0|  0|  19|           8|           8|
    |and_ln2233_1_fu_369_p2                              |       and|   0|  0|   2|           1|           1|
    |and_ln2233_2_fu_381_p2                              |       and|   0|  0|   2|           1|           1|
    |and_ln2233_3_fu_393_p2                              |       and|   0|  0|   2|           1|           1|
    |and_ln2233_fu_603_p2                                |       and|   0|  0|   2|           1|           1|
    |ap_block_pp0_stage0_11001_grp2                      |       and|   0|  0|   2|           1|           1|
    |ap_block_pp0_stage0_11001_grp4                      |       and|   0|  0|   2|           1|           1|
    |ap_block_pp0_stage0_11001_grp5                      |       and|   0|  0|   2|           1|           1|
    |ap_block_pp0_stage0_11001_grp7                      |       and|   0|  0|   2|           1|           1|
    |ap_block_pp0_stage1_11001_grp1                      |       and|   0|  0|   2|           1|           1|
    |ap_block_pp0_stage1_11001_grp3                      |       and|   0|  0|   2|           1|           1|
    |ap_block_pp0_stage1_11001_grp6                      |       and|   0|  0|   2|           1|           1|
    |ap_condition_260                                    |       and|   0|  0|   2|           1|           1|
    |exitcond_flatten12607_mid212640_fu_447_p2           |       and|   0|  0|   2|           1|           1|
    |exitcond_flatten12607_mid212669_fu_417_p2           |       and|   0|  0|   2|           1|           1|
    |exitcond_flatten12620_mid212673_fu_423_p2           |       and|   0|  0|   2|           1|           1|
    |icmp_ln2238_mid212617_fu_668_p2                     |       and|   0|  0|   2|           1|           1|
    |icmp_ln2238_mid212636_fu_662_p2                     |       and|   0|  0|   2|           1|           1|
    |icmp_ln2238_mid212665_fu_627_p2                     |       and|   0|  0|   2|           1|           1|
    |icmp_ln2233_fu_327_p2                               |      icmp|   0|  0|  28|          21|          21|
    |icmp_ln2234_fu_351_p2                               |      icmp|   0|  0|  27|          20|          19|
    |icmp_ln2235_fu_387_p2                               |      icmp|   0|  0|  25|          18|          18|
    |icmp_ln2236_fu_375_p2                               |      icmp|   0|  0|  24|          17|          16|
    |icmp_ln2237_fu_363_p2                               |      icmp|   0|  0|  19|          12|          11|
    |icmp_ln2238_fu_577_p2                               |      icmp|   0|  0|  14|           6|           7|
    |ap_block_pp0_stage0_11001                           |        or|   0|  0|   2|           1|           1|
    |ap_block_pp0_stage1_11001                           |        or|   0|  0|   2|           1|           1|
    |empty_92_fu_429_p2                                  |        or|   0|  0|   2|           1|           1|
    |empty_93_fu_435_p2                                  |        or|   0|  0|   2|           1|           1|
    |empty_94_fu_453_p2                                  |        or|   0|  0|   2|           1|           1|
    |empty_95_fu_459_p2                                  |        or|   0|  0|   2|           1|           1|
    |empty_96_fu_687_p2                                  |        or|   0|  0|   2|           1|           1|
    |empty_97_fu_692_p2                                  |        or|   0|  0|   2|           1|           1|
    |empty_98_fu_697_p2                                  |        or|   0|  0|   2|           1|           1|
    |empty_fu_399_p2                                     |        or|   0|  0|   2|           1|           1|
    |not_exitcond_flatten12607_mid212640_fu_657_p2       |        or|   0|  0|   2|           1|           1|
    |not_exitcond_flatten12643_mid21271614937_fu_411_p2  |        or|   0|  0|   2|           1|           1|
    |select_ln2233_1_fu_583_p3                           |    select|   0|  0|   2|           1|           2|
    |select_ln2233_fu_570_p3                             |    select|   0|  0|   2|           1|           1|
    |select_ln2234_1_fu_513_p3                           |    select|   0|  0|  19|           1|           1|
    |select_ln2234_fu_607_p3                             |    select|   0|  0|   2|           1|           2|
    |select_ln2235_1_fu_499_p3                           |    select|   0|  0|  17|           1|           1|
    |select_ln2235_fu_632_p3                             |    select|   0|  0|   2|           1|           2|
    |select_ln2236_1_fu_485_p3                           |    select|   0|  0|  16|           1|           1|
    |select_ln2236_fu_674_p3                             |    select|   0|  0|   6|           1|           6|
    |select_ln2237_1_fu_471_p3                           |    select|   0|  0|  11|           1|           1|
    |select_ln2237_fu_710_p3                             |    select|   0|  0|   6|           1|           6|
    |v917_mid212648_fu_596_p3                            |    select|   0|  0|   2|           1|           1|
    |v918_mid212625_fu_620_p3                            |    select|   0|  0|   6|           1|           1|
    |v919_mid212612_fu_645_p3                            |    select|   0|  0|   6|           1|           1|
    |v920_mid2_fu_702_p3                                 |    select|   0|  0|   6|           1|           1|
    |ap_enable_pp0                                       |       xor|   0|  0|   2|           1|           2|
    |exitcond_flatten12607_mid212669_not_fu_652_p2       |       xor|   0|  0|   2|           1|           2|
    |exitcond_flatten12643_not14938_fu_405_p2            |       xor|   0|  0|   2|           1|           2|
    |not_exitcond_flatten12620_mid212673_fu_441_p2       |       xor|   0|  0|   2|           1|           2|
    |xor_ln2233_fu_357_p2                                |       xor|   0|  0|   2|           1|           2|
    +----------------------------------------------------+----------+----+---+----+------------+------------+
    |Total                                               |          |   0|  0| 937|         608|         523|
    +----------------------------------------------------+----------+----+---+----+------------+------------+

    * Multiplexer: 
    +-----------------------------------+----+-----------+-----+-----------+
    |                Name               | LUT| Input Size| Bits| Total Bits|
    +-----------------------------------+----+-----------+-----+-----------+
    |ap_NS_fsm                          |  14|          3|    1|          3|
    |ap_done_int                        |   9|          2|    1|          2|
    |ap_enable_reg_pp0_iter0            |   9|          2|    1|          2|
    |ap_enable_reg_pp0_iter1            |   9|          2|    1|          2|
    |ap_enable_reg_pp0_iter12           |   9|          2|    1|          2|
    |ap_loop_exit_ready_pp0_iter10_reg  |   9|          2|    1|          2|
    |ap_loop_exit_ready_pp0_iter11_reg  |   9|          2|    1|          2|
    |ap_loop_exit_ready_pp0_iter1_reg   |   9|          2|    1|          2|
    |ap_loop_exit_ready_pp0_iter2_reg   |   9|          2|    1|          2|
    |ap_loop_exit_ready_pp0_iter3_reg   |   9|          2|    1|          2|
    |ap_loop_exit_ready_pp0_iter4_reg   |   9|          2|    1|          2|
    |ap_loop_exit_ready_pp0_iter5_reg   |   9|          2|    1|          2|
    |ap_loop_exit_ready_pp0_iter6_reg   |   9|          2|    1|          2|
    |ap_loop_exit_ready_pp0_iter7_reg   |   9|          2|    1|          2|
    |ap_loop_exit_ready_pp0_iter8_reg   |   9|          2|    1|          2|
    |ap_loop_exit_ready_pp0_iter9_reg   |   9|          2|    1|          2|
    |g0_blk_n_AR                        |   9|          2|    1|          2|
    |g0_blk_n_AW                        |   9|          2|    1|          2|
    |g0_blk_n_B                         |   9|          2|    1|          2|
    |g0_blk_n_R                         |   9|          2|    1|          2|
    |g0_blk_n_W                         |   9|          2|    1|          2|
    |indvar_flatten12605_fu_156         |   9|          2|   12|         24|
    |indvar_flatten12618_fu_164         |   9|          2|   17|         34|
    |indvar_flatten12641_fu_172         |   9|          2|   18|         36|
    |indvar_flatten12674_fu_180         |   9|          2|   20|         40|
    |indvar_flatten12717_fu_188         |   9|          2|   21|         42|
    |m_axi_g0_0_ARADDR                  |  14|          3|   64|        192|
    |v915_fu_184                        |   9|          2|    2|          4|
    |v916_fu_176                        |   9|          2|    2|          4|
    |v917_fu_168                        |   9|          2|    2|          4|
    |v918_fu_160                        |   9|          2|    6|         12|
    |v919_fu_152                        |   9|          2|    6|         12|
    |v920_fu_148                        |   9|          2|    6|         12|
    +-----------------------------------+----+-----------+-----+-----------+
    |Total                              | 307|         68|  197|        459|
    +-----------------------------------+----+-----------+-----+-----------+

    * Register: 
    +---------------------------------------------------+----+----+-----+-----------+
    |                        Name                       | FF | LUT| Bits| Const Bits|
    +---------------------------------------------------+----+----+-----+-----------+
    |and_ln2233_3_reg_1169                              |   1|   0|    1|          0|
    |ap_CS_fsm                                          |   2|   0|    2|          0|
    |ap_block_pp0_stage0_subdone_grp0_done_reg          |   1|   0|    1|          0|
    |ap_block_pp0_stage0_subdone_grp2_done_reg          |   1|   0|    1|          0|
    |ap_block_pp0_stage0_subdone_grp4_done_reg          |   1|   0|    1|          0|
    |ap_block_pp0_stage0_subdone_grp5_done_reg          |   1|   0|    1|          0|
    |ap_block_pp0_stage0_subdone_grp7_done_reg          |   1|   0|    1|          0|
    |ap_block_pp0_stage1_subdone_grp0_done_reg          |   1|   0|    1|          0|
    |ap_block_pp0_stage1_subdone_grp1_done_reg          |   1|   0|    1|          0|
    |ap_block_pp0_stage1_subdone_grp3_done_reg          |   1|   0|    1|          0|
    |ap_block_pp0_stage1_subdone_grp6_done_reg          |   1|   0|    1|          0|
    |ap_done_reg                                        |   1|   0|    1|          0|
    |ap_enable_reg_pp0_iter0_reg                        |   1|   0|    1|          0|
    |ap_enable_reg_pp0_iter1                            |   1|   0|    1|          0|
    |ap_enable_reg_pp0_iter10                           |   1|   0|    1|          0|
    |ap_enable_reg_pp0_iter11                           |   1|   0|    1|          0|
    |ap_enable_reg_pp0_iter12                           |   1|   0|    1|          0|
    |ap_enable_reg_pp0_iter2                            |   1|   0|    1|          0|
    |ap_enable_reg_pp0_iter3                            |   1|   0|    1|          0|
    |ap_enable_reg_pp0_iter4                            |   1|   0|    1|          0|
    |ap_enable_reg_pp0_iter5                            |   1|   0|    1|          0|
    |ap_enable_reg_pp0_iter6                            |   1|   0|    1|          0|
    |ap_enable_reg_pp0_iter7                            |   1|   0|    1|          0|
    |ap_enable_reg_pp0_iter8                            |   1|   0|    1|          0|
    |ap_enable_reg_pp0_iter9                            |   1|   0|    1|          0|
    |ap_loop_exit_ready_pp0_iter10_reg                  |   1|   0|    1|          0|
    |ap_loop_exit_ready_pp0_iter11_reg                  |   1|   0|    1|          0|
    |ap_loop_exit_ready_pp0_iter1_reg                   |   1|   0|    1|          0|
    |ap_loop_exit_ready_pp0_iter2_reg                   |   1|   0|    1|          0|
    |ap_loop_exit_ready_pp0_iter3_reg                   |   1|   0|    1|          0|
    |ap_loop_exit_ready_pp0_iter4_reg                   |   1|   0|    1|          0|
    |ap_loop_exit_ready_pp0_iter5_reg                   |   1|   0|    1|          0|
    |ap_loop_exit_ready_pp0_iter6_reg                   |   1|   0|    1|          0|
    |ap_loop_exit_ready_pp0_iter7_reg                   |   1|   0|    1|          0|
    |ap_loop_exit_ready_pp0_iter8_reg                   |   1|   0|    1|          0|
    |ap_loop_exit_ready_pp0_iter9_reg                   |   1|   0|    1|          0|
    |empty_92_reg_1195                                  |   1|   0|    1|          0|
    |empty_93_reg_1200                                  |   1|   0|    1|          0|
    |empty_95_reg_1216                                  |   1|   0|    1|          0|
    |empty_reg_1174                                     |   1|   0|    1|          0|
    |exitcond_flatten12607_mid212640_reg_1210           |   1|   0|    1|          0|
    |exitcond_flatten12607_mid212669_reg_1184           |   1|   0|    1|          0|
    |exitcond_flatten12620_mid212673_reg_1189           |   1|   0|    1|          0|
    |g0_addr_94_read_reg_1271                           |  32|   0|   32|          0|
    |g0_addr_94_read_reg_1271_pp0_iter7_reg             |  32|   0|   32|          0|
    |g0_addr_94_reg_1252                                |  64|   0|   64|          0|
    |g0_addr_read_reg_1261                              |  32|   0|   32|          0|
    |g0_addr_reg_1231                                   |  64|   0|   64|          0|
    |icmp_ln2233_reg_1153                               |   1|   0|    1|          0|
    |icmp_ln2234_reg_1157                               |   1|   0|    1|          0|
    |indvar_flatten12605_fu_156                         |  12|   0|   12|          0|
    |indvar_flatten12618_fu_164                         |  17|   0|   17|          0|
    |indvar_flatten12641_fu_172                         |  18|   0|   18|          0|
    |indvar_flatten12674_fu_180                         |  20|   0|   20|          0|
    |indvar_flatten12717_fu_188                         |  21|   0|   21|          0|
    |not_exitcond_flatten12620_mid212673_reg_1205       |   1|   0|    1|          0|
    |not_exitcond_flatten12643_mid21271614937_reg_1179  |   1|   0|    1|          0|
    |select_ln2236_reg_1221                             |   6|   0|    6|          0|
    |trunc_ln2245_1_reg_1242                            |   5|   0|    5|          0|
    |trunc_ln2245_reg_1237                              |   5|   0|    5|          0|
    |v915_fu_184                                        |   2|   0|    2|          0|
    |v916_fu_176                                        |   2|   0|    2|          0|
    |v917_fu_168                                        |   2|   0|    2|          0|
    |v918_fu_160                                        |   6|   0|    6|          0|
    |v919_fu_152                                        |   6|   0|    6|          0|
    |v920_fu_148                                        |   6|   0|    6|          0|
    |v922_reg_1247                                      |  32|   0|   32|          0|
    |v924_reg_1276                                      |  32|   0|   32|          0|
    |v925_reg_1286                                      |  32|   0|   32|          0|
    |xor_ln2233_reg_1164                                |   1|   0|    1|          0|
    |g0_addr_94_reg_1252                                |  64|  32|   64|          0|
    |icmp_ln2233_reg_1153                               |  64|  32|    1|          0|
    |v922_reg_1247                                      |  64|  32|   32|          0|
    +---------------------------------------------------+----+----+-----+-----------+
    |Total                                              | 689|  96|  594|          0|
    +---------------------------------------------------+----+----+-----+-----------+



================================================================
== Interface
================================================================
* Summary: 
+----------------------+-----+-----+------------+----------------------------------------------------------------------------------+--------------+
|       RTL Ports      | Dir | Bits|  Protocol  |                                   Source Object                                  |    C Type    |
+----------------------+-----+-----+------------+----------------------------------------------------------------------------------+--------------+
|ap_clk                |   in|    1|  ap_ctrl_hs|  control_Pipeline_VITIS_LOOP_2233_1_VITIS_LOOP_2234_2_VITIS_LOOP_2235_3_VITIS_LOO|  return value|
|ap_rst                |   in|    1|  ap_ctrl_hs|  control_Pipeline_VITIS_LOOP_2233_1_VITIS_LOOP_2234_2_VITIS_LOOP_2235_3_VITIS_LOO|  return value|
|ap_start              |   in|    1|  ap_ctrl_hs|  control_Pipeline_VITIS_LOOP_2233_1_VITIS_LOOP_2234_2_VITIS_LOOP_2235_3_VITIS_LOO|  return value|
|ap_done               |  out|    1|  ap_ctrl_hs|  control_Pipeline_VITIS_LOOP_2233_1_VITIS_LOOP_2234_2_VITIS_LOOP_2235_3_VITIS_LOO|  return value|
|ap_idle               |  out|    1|  ap_ctrl_hs|  control_Pipeline_VITIS_LOOP_2233_1_VITIS_LOOP_2234_2_VITIS_LOOP_2235_3_VITIS_LOO|  return value|
|ap_ready              |  out|    1|  ap_ctrl_hs|  control_Pipeline_VITIS_LOOP_2233_1_VITIS_LOOP_2234_2_VITIS_LOOP_2235_3_VITIS_LOO|  return value|
|grp_fu_7589_p_din0    |  out|   32|  ap_ctrl_hs|  control_Pipeline_VITIS_LOOP_2233_1_VITIS_LOOP_2234_2_VITIS_LOOP_2235_3_VITIS_LOO|  return value|
|grp_fu_7589_p_din1    |  out|   32|  ap_ctrl_hs|  control_Pipeline_VITIS_LOOP_2233_1_VITIS_LOOP_2234_2_VITIS_LOOP_2235_3_VITIS_LOO|  return value|
|grp_fu_7589_p_opcode  |  out|    1|  ap_ctrl_hs|  control_Pipeline_VITIS_LOOP_2233_1_VITIS_LOOP_2234_2_VITIS_LOOP_2235_3_VITIS_LOO|  return value|
|grp_fu_7589_p_dout0   |   in|   32|  ap_ctrl_hs|  control_Pipeline_VITIS_LOOP_2233_1_VITIS_LOOP_2234_2_VITIS_LOOP_2235_3_VITIS_LOO|  return value|
|grp_fu_7589_p_ce      |  out|    1|  ap_ctrl_hs|  control_Pipeline_VITIS_LOOP_2233_1_VITIS_LOOP_2234_2_VITIS_LOOP_2235_3_VITIS_LOO|  return value|
|grp_fu_7593_p_din0    |  out|   32|  ap_ctrl_hs|  control_Pipeline_VITIS_LOOP_2233_1_VITIS_LOOP_2234_2_VITIS_LOOP_2235_3_VITIS_LOO|  return value|
|grp_fu_7593_p_din1    |  out|   32|  ap_ctrl_hs|  control_Pipeline_VITIS_LOOP_2233_1_VITIS_LOOP_2234_2_VITIS_LOOP_2235_3_VITIS_LOO|  return value|
|grp_fu_7593_p_dout0   |   in|   32|  ap_ctrl_hs|  control_Pipeline_VITIS_LOOP_2233_1_VITIS_LOOP_2234_2_VITIS_LOOP_2235_3_VITIS_LOO|  return value|
|grp_fu_7593_p_ce      |  out|    1|  ap_ctrl_hs|  control_Pipeline_VITIS_LOOP_2233_1_VITIS_LOOP_2234_2_VITIS_LOOP_2235_3_VITIS_LOO|  return value|
|m_axi_g0_0_AWVALID    |  out|    1|       m_axi|                                                                                g0|       pointer|
|m_axi_g0_0_AWREADY    |   in|    1|       m_axi|                                                                                g0|       pointer|
|m_axi_g0_0_AWADDR     |  out|   64|       m_axi|                                                                                g0|       pointer|
|m_axi_g0_0_AWID       |  out|    1|       m_axi|                                                                                g0|       pointer|
|m_axi_g0_0_AWLEN      |  out|   32|       m_axi|                                                                                g0|       pointer|
|m_axi_g0_0_AWSIZE     |  out|    3|       m_axi|                                                                                g0|       pointer|
|m_axi_g0_0_AWBURST    |  out|    2|       m_axi|                                                                                g0|       pointer|
|m_axi_g0_0_AWLOCK     |  out|    2|       m_axi|                                                                                g0|       pointer|
|m_axi_g0_0_AWCACHE    |  out|    4|       m_axi|                                                                                g0|       pointer|
|m_axi_g0_0_AWPROT     |  out|    3|       m_axi|                                                                                g0|       pointer|
|m_axi_g0_0_AWQOS      |  out|    4|       m_axi|                                                                                g0|       pointer|
|m_axi_g0_0_AWREGION   |  out|    4|       m_axi|                                                                                g0|       pointer|
|m_axi_g0_0_AWUSER     |  out|    1|       m_axi|                                                                                g0|       pointer|
|m_axi_g0_0_WVALID     |  out|    1|       m_axi|                                                                                g0|       pointer|
|m_axi_g0_0_WREADY     |   in|    1|       m_axi|                                                                                g0|       pointer|
|m_axi_g0_0_WDATA      |  out|   32|       m_axi|                                                                                g0|       pointer|
|m_axi_g0_0_WSTRB      |  out|    4|       m_axi|                                                                                g0|       pointer|
|m_axi_g0_0_WLAST      |  out|    1|       m_axi|                                                                                g0|       pointer|
|m_axi_g0_0_WID        |  out|    1|       m_axi|                                                                                g0|       pointer|
|m_axi_g0_0_WUSER      |  out|    1|       m_axi|                                                                                g0|       pointer|
|m_axi_g0_0_ARVALID    |  out|    1|       m_axi|                                                                                g0|       pointer|
|m_axi_g0_0_ARREADY    |   in|    1|       m_axi|                                                                                g0|       pointer|
|m_axi_g0_0_ARADDR     |  out|   64|       m_axi|                                                                                g0|       pointer|
|m_axi_g0_0_ARID       |  out|    1|       m_axi|                                                                                g0|       pointer|
|m_axi_g0_0_ARLEN      |  out|   32|       m_axi|                                                                                g0|       pointer|
|m_axi_g0_0_ARSIZE     |  out|    3|       m_axi|                                                                                g0|       pointer|
|m_axi_g0_0_ARBURST    |  out|    2|       m_axi|                                                                                g0|       pointer|
|m_axi_g0_0_ARLOCK     |  out|    2|       m_axi|                                                                                g0|       pointer|
|m_axi_g0_0_ARCACHE    |  out|    4|       m_axi|                                                                                g0|       pointer|
|m_axi_g0_0_ARPROT     |  out|    3|       m_axi|                                                                                g0|       pointer|
|m_axi_g0_0_ARQOS      |  out|    4|       m_axi|                                                                                g0|       pointer|
|m_axi_g0_0_ARREGION   |  out|    4|       m_axi|                                                                                g0|       pointer|
|m_axi_g0_0_ARUSER     |  out|    1|       m_axi|                                                                                g0|       pointer|
|m_axi_g0_0_RVALID     |   in|    1|       m_axi|                                                                                g0|       pointer|
|m_axi_g0_0_RREADY     |  out|    1|       m_axi|                                                                                g0|       pointer|
|m_axi_g0_0_RDATA      |   in|   32|       m_axi|                                                                                g0|       pointer|
|m_axi_g0_0_RLAST      |   in|    1|       m_axi|                                                                                g0|       pointer|
|m_axi_g0_0_RID        |   in|    1|       m_axi|                                                                                g0|       pointer|
|m_axi_g0_0_RFIFONUM   |   in|    9|       m_axi|                                                                                g0|       pointer|
|m_axi_g0_0_RUSER      |   in|    1|       m_axi|                                                                                g0|       pointer|
|m_axi_g0_0_RRESP      |   in|    2|       m_axi|                                                                                g0|       pointer|
|m_axi_g0_0_BVALID     |   in|    1|       m_axi|                                                                                g0|       pointer|
|m_axi_g0_0_BREADY     |  out|    1|       m_axi|                                                                                g0|       pointer|
|m_axi_g0_0_BRESP      |   in|    2|       m_axi|                                                                                g0|       pointer|
|m_axi_g0_0_BID        |   in|    1|       m_axi|                                                                                g0|       pointer|
|m_axi_g0_0_BUSER      |   in|    1|       m_axi|                                                                                g0|       pointer|
|sext_ln2299           |   in|   62|     ap_none|                                                                       sext_ln2299|        scalar|
|sext_ln2265           |   in|   62|     ap_none|                                                                       sext_ln2265|        scalar|
|v914_address0         |  out|   11|   ap_memory|                                                                              v914|         array|
|v914_ce0              |  out|    1|   ap_memory|                                                                              v914|         array|
|v914_q0               |   in|   32|   ap_memory|                                                                              v914|         array|
|v944                  |   in|   64|     ap_none|                                                                              v944|        scalar|
|v949                  |   in|   64|     ap_none|                                                                              v949|        scalar|
+----------------------+-----+-----+------------+----------------------------------------------------------------------------------+--------------+

