

================================================================
== Vitis HLS Report for 'control_Pipeline_VITIS_LOOP_42_1_VITIS_LOOP_43_2'
================================================================
* Date:           Sun Jul 12 20:26:55 2026

* Version:        2025.2 (Build 6295257 on Nov 14 2025)
* Project:        spikingformer_proj
* Solution:       solution1 (Vivado IP Flow Target)
* Product family: zynquplus
* Target device:  xczu7ev-ffvc1156-2-e


================================================================
== Performance Estimates
================================================================
+ Timing: 
    * Summary: 
    +--------+----------+----------+------------+
    |  Clock |  Target  | Estimated| Uncertainty|
    +--------+----------+----------+------------+
    |ap_clk  |  10.00 ns|  7.300 ns|     2.70 ns|
    +--------+----------+----------+------------+

+ Latency: 
    * Summary: 
    +---------+---------+-----------+-----------+-----+-----+-------------------+
    |  Latency (cycles) |   Latency (absolute)  |  Interval |      Pipeline     |
    |   min   |   max   |    min    |    max    | min | max |        Type       |
    +---------+---------+-----------+-----------+-----+-----+-------------------+
    |     7702|     7702|  77.020 us|  77.020 us|    0|    0|  loop pipeline stp|
    +---------+---------+-----------+-----------+-----+-----+-------------------+

    + Detail: 
        * Instance: 
        N/A

        * Loop: 
        +-----------------------------------+---------+---------+----------+-----------+-----------+------+----------+
        |                                   |  Latency (cycles) | Iteration|  Initiation Interval  | Trip |          |
        |             Loop Name             |   min   |   max   |  Latency |  achieved |   target  | Count| Pipelined|
        +-----------------------------------+---------+---------+----------+-----------+-----------+------+----------+
        |- VITIS_LOOP_42_1_VITIS_LOOP_43_2  |     7700|     7700|        23|          2|          1|  3840|       yes|
        +-----------------------------------+---------+---------+----------+-----------+-----------+------+----------+



================================================================
== Utilization Estimates
================================================================
* Summary: 
+-----------------+---------+------+--------+--------+-----+
|       Name      | BRAM_18K|  DSP |   FF   |   LUT  | URAM|
+-----------------+---------+------+--------+--------+-----+
|DSP              |        -|     -|       -|       -|    -|
|Expression       |        -|     -|       0|     330|    -|
|FIFO             |        -|     -|       -|       -|    -|
|Instance         |        -|     -|       -|       -|    -|
|Memory           |        -|     -|       -|       -|    -|
|Multiplexer      |        -|     -|       0|     253|    -|
|Register         |        -|     -|     576|      96|    -|
+-----------------+---------+------+--------+--------+-----+
|Total            |        0|     0|     576|     679|    0|
+-----------------+---------+------+--------+--------+-----+
|Available        |      624|  1728|  460800|  230400|   96|
+-----------------+---------+------+--------+--------+-----+
|Utilization (%)  |        0|     0|      ~0|      ~0|    0|
+-----------------+---------+------+--------+--------+-----+

+ Detail: 
    * Instance: 
    N/A

    * DSP: 
    N/A

    * Memory: 
    N/A

    * FIFO: 
    N/A

    * Expression: 
    +--------------------------------+----------+----+---+----+------------+------------+
    |          Variable Name         | Operation| DSP| FF| LUT| Bitwidth P0| Bitwidth P1|
    +--------------------------------+----------+----+---+----+------------+------------+
    |add_ln42_1_fu_221_p2            |         +|   0|  0|  19|          12|           1|
    |add_ln42_fu_233_p2              |         +|   0|  0|  16|           9|           1|
    |add_ln43_fu_326_p2              |         +|   0|  0|  12|           4|           1|
    |add_ln48_fu_290_p2              |         +|   0|  0|  20|          13|          13|
    |add_ln49_1_fu_304_p2            |         +|   0|  0|  63|          63|          63|
    |add_ln49_fu_310_p2              |         +|   0|  0|  63|          63|          63|
    |add_ln50_fu_358_p2              |         +|   0|  0|  71|          64|          64|
    |ap_block_pp0_stage0_11001_grp2  |       and|   0|  0|   2|           1|           1|
    |ap_block_pp0_stage0_11001_grp4  |       and|   0|  0|   2|           1|           1|
    |ap_block_pp0_stage0_11001_grp5  |       and|   0|  0|   2|           1|           1|
    |ap_block_pp0_stage0_11001_grp7  |       and|   0|  0|   2|           1|           1|
    |ap_block_pp0_stage1_11001_grp1  |       and|   0|  0|   2|           1|           1|
    |ap_block_pp0_stage1_11001_grp3  |       and|   0|  0|   2|           1|           1|
    |ap_block_pp0_stage1_11001_grp6  |       and|   0|  0|   2|           1|           1|
    |ap_block_state2_io_grp1         |       and|   0|  0|   2|           1|           1|
    |icmp_ln42_fu_215_p2             |      icmp|   0|  0|  19|          12|          10|
    |icmp_ln43_fu_239_p2             |      icmp|   0|  0|  12|           4|           4|
    |ap_block_pp0_stage0_11001       |        or|   0|  0|   2|           1|           1|
    |ap_block_pp0_stage1_11001       |        or|   0|  0|   2|           1|           1|
    |select_ln42_1_fu_253_p3         |    select|   0|  0|   9|           1|           9|
    |select_ln42_fu_245_p3           |    select|   0|  0|   4|           1|           1|
    |ap_enable_pp0                   |       xor|   0|  0|   2|           1|           2|
    +--------------------------------+----------+----+---+----+------------+------------+
    |Total                           |          |   0|  0| 330|         257|         242|
    +--------------------------------+----------+----+---+----+------------+------------+

    * Multiplexer: 
    +-------------------------------------------+----+-----------+-----+-----------+
    |                    Name                   | LUT| Input Size| Bits| Total Bits|
    +-------------------------------------------+----+-----------+-----+-----------+
    |ap_NS_fsm                                  |  14|          3|    1|          3|
    |ap_done_int                                |   9|          2|    1|          2|
    |ap_enable_reg_pp0_iter0                    |   9|          2|    1|          2|
    |ap_enable_reg_pp0_iter1                    |   9|          2|    1|          2|
    |ap_enable_reg_pp0_iter11                   |   9|          2|    1|          2|
    |ap_loop_exit_ready_pp0_iter10_reg          |   9|          2|    1|          2|
    |ap_loop_exit_ready_pp0_iter1_reg           |   9|          2|    1|          2|
    |ap_loop_exit_ready_pp0_iter2_reg           |   9|          2|    1|          2|
    |ap_loop_exit_ready_pp0_iter3_reg           |   9|          2|    1|          2|
    |ap_loop_exit_ready_pp0_iter4_reg           |   9|          2|    1|          2|
    |ap_loop_exit_ready_pp0_iter5_reg           |   9|          2|    1|          2|
    |ap_loop_exit_ready_pp0_iter6_reg           |   9|          2|    1|          2|
    |ap_loop_exit_ready_pp0_iter7_reg           |   9|          2|    1|          2|
    |ap_loop_exit_ready_pp0_iter8_reg           |   9|          2|    1|          2|
    |ap_loop_exit_ready_pp0_iter9_reg           |   9|          2|    1|          2|
    |ap_sig_allocacmp_indvar_flatten14925_load  |   9|          2|   12|         24|
    |ap_sig_allocacmp_v10_load                  |   9|          2|    9|         18|
    |ap_sig_allocacmp_v11_load                  |   9|          2|    4|          8|
    |g0_blk_n_AR                                |   9|          2|    1|          2|
    |g0_blk_n_AW                                |   9|          2|    1|          2|
    |g0_blk_n_B                                 |   9|          2|    1|          2|
    |g0_blk_n_R                                 |   9|          2|    1|          2|
    |g0_blk_n_W                                 |   9|          2|    1|          2|
    |indvar_flatten14925_fu_112                 |   9|          2|   12|         24|
    |m_axi_g0_0_ARADDR                          |  14|          3|   64|        192|
    |v10_fu_108                                 |   9|          2|    9|         18|
    |v11_fu_104                                 |   9|          2|    4|          8|
    +-------------------------------------------+----+-----------+-----+-----------+
    |Total                                      | 253|         56|  134|        333|
    +-------------------------------------------+----+-----------+-----+-----------+

    * Register: 
    +-------------------------------------------+----+----+-----+-----------+
    |                    Name                   | FF | LUT| Bits| Const Bits|
    +-------------------------------------------+----+----+-----+-----------+
    |ap_CS_fsm                                  |   2|   0|    2|          0|
    |ap_block_pp0_stage0_subdone_grp0_done_reg  |   1|   0|    1|          0|
    |ap_block_pp0_stage0_subdone_grp2_done_reg  |   1|   0|    1|          0|
    |ap_block_pp0_stage0_subdone_grp4_done_reg  |   1|   0|    1|          0|
    |ap_block_pp0_stage0_subdone_grp5_done_reg  |   1|   0|    1|          0|
    |ap_block_pp0_stage0_subdone_grp7_done_reg  |   1|   0|    1|          0|
    |ap_block_pp0_stage1_subdone_grp0_done_reg  |   1|   0|    1|          0|
    |ap_block_pp0_stage1_subdone_grp1_done_reg  |   1|   0|    1|          0|
    |ap_block_pp0_stage1_subdone_grp3_done_reg  |   1|   0|    1|          0|
    |ap_block_pp0_stage1_subdone_grp6_done_reg  |   1|   0|    1|          0|
    |ap_done_reg                                |   1|   0|    1|          0|
    |ap_enable_reg_pp0_iter0_reg                |   1|   0|    1|          0|
    |ap_enable_reg_pp0_iter1                    |   1|   0|    1|          0|
    |ap_enable_reg_pp0_iter10                   |   1|   0|    1|          0|
    |ap_enable_reg_pp0_iter11                   |   1|   0|    1|          0|
    |ap_enable_reg_pp0_iter2                    |   1|   0|    1|          0|
    |ap_enable_reg_pp0_iter3                    |   1|   0|    1|          0|
    |ap_enable_reg_pp0_iter4                    |   1|   0|    1|          0|
    |ap_enable_reg_pp0_iter5                    |   1|   0|    1|          0|
    |ap_enable_reg_pp0_iter6                    |   1|   0|    1|          0|
    |ap_enable_reg_pp0_iter7                    |   1|   0|    1|          0|
    |ap_enable_reg_pp0_iter8                    |   1|   0|    1|          0|
    |ap_enable_reg_pp0_iter9                    |   1|   0|    1|          0|
    |ap_loop_exit_ready_pp0_iter10_reg          |   1|   0|    1|          0|
    |ap_loop_exit_ready_pp0_iter1_reg           |   1|   0|    1|          0|
    |ap_loop_exit_ready_pp0_iter2_reg           |   1|   0|    1|          0|
    |ap_loop_exit_ready_pp0_iter3_reg           |   1|   0|    1|          0|
    |ap_loop_exit_ready_pp0_iter4_reg           |   1|   0|    1|          0|
    |ap_loop_exit_ready_pp0_iter5_reg           |   1|   0|    1|          0|
    |ap_loop_exit_ready_pp0_iter6_reg           |   1|   0|    1|          0|
    |ap_loop_exit_ready_pp0_iter7_reg           |   1|   0|    1|          0|
    |ap_loop_exit_ready_pp0_iter8_reg           |   1|   0|    1|          0|
    |ap_loop_exit_ready_pp0_iter9_reg           |   1|   0|    1|          0|
    |g0_addr_87_read_reg_465                    |  32|   0|   32|          0|
    |g0_addr_87_read_reg_465_pp0_iter6_reg      |  32|   0|   32|          0|
    |g0_addr_87_reg_446                         |  64|   0|   64|          0|
    |g0_addr_read_reg_455                       |  32|   0|   32|          0|
    |g0_addr_reg_435                            |  64|   0|   64|          0|
    |icmp_ln42_reg_421                          |   1|   0|    1|          0|
    |indvar_flatten14925_fu_112                 |  12|   0|   12|          0|
    |select_ln42_reg_425                        |   4|   0|    4|          0|
    |v10_fu_108                                 |   9|   0|    9|          0|
    |v11_fu_104                                 |   4|   0|    4|          0|
    |v12_reg_441                                |  32|   0|   32|          0|
    |v15_reg_470                                |  32|   0|   32|          0|
    |v16_reg_480                                |  32|   0|   32|          0|
    |g0_addr_87_reg_446                         |  64|  32|   64|          0|
    |icmp_ln42_reg_421                          |  64|  32|    1|          0|
    |v12_reg_441                                |  64|  32|   32|          0|
    +-------------------------------------------+----+----+-----+-----------+
    |Total                                      | 576|  96|  481|          0|
    +-------------------------------------------+----+----+-----+-----------+



================================================================
== Interface
================================================================
* Summary: 
+----------------------+-----+-----+------------+--------------------------------------------------+--------------+
|       RTL Ports      | Dir | Bits|  Protocol  |                   Source Object                  |    C Type    |
+----------------------+-----+-----+------------+--------------------------------------------------+--------------+
|ap_clk                |   in|    1|  ap_ctrl_hs|  control_Pipeline_VITIS_LOOP_42_1_VITIS_LOOP_43_2|  return value|
|ap_rst                |   in|    1|  ap_ctrl_hs|  control_Pipeline_VITIS_LOOP_42_1_VITIS_LOOP_43_2|  return value|
|ap_start              |   in|    1|  ap_ctrl_hs|  control_Pipeline_VITIS_LOOP_42_1_VITIS_LOOP_43_2|  return value|
|ap_done               |  out|    1|  ap_ctrl_hs|  control_Pipeline_VITIS_LOOP_42_1_VITIS_LOOP_43_2|  return value|
|ap_idle               |  out|    1|  ap_ctrl_hs|  control_Pipeline_VITIS_LOOP_42_1_VITIS_LOOP_43_2|  return value|
|ap_ready              |  out|    1|  ap_ctrl_hs|  control_Pipeline_VITIS_LOOP_42_1_VITIS_LOOP_43_2|  return value|
|grp_fu_7589_p_din0    |  out|   32|  ap_ctrl_hs|  control_Pipeline_VITIS_LOOP_42_1_VITIS_LOOP_43_2|  return value|
|grp_fu_7589_p_din1    |  out|   32|  ap_ctrl_hs|  control_Pipeline_VITIS_LOOP_42_1_VITIS_LOOP_43_2|  return value|
|grp_fu_7589_p_opcode  |  out|    1|  ap_ctrl_hs|  control_Pipeline_VITIS_LOOP_42_1_VITIS_LOOP_43_2|  return value|
|grp_fu_7589_p_dout0   |   in|   32|  ap_ctrl_hs|  control_Pipeline_VITIS_LOOP_42_1_VITIS_LOOP_43_2|  return value|
|grp_fu_7589_p_ce      |  out|    1|  ap_ctrl_hs|  control_Pipeline_VITIS_LOOP_42_1_VITIS_LOOP_43_2|  return value|
|grp_fu_7593_p_din0    |  out|   32|  ap_ctrl_hs|  control_Pipeline_VITIS_LOOP_42_1_VITIS_LOOP_43_2|  return value|
|grp_fu_7593_p_din1    |  out|   32|  ap_ctrl_hs|  control_Pipeline_VITIS_LOOP_42_1_VITIS_LOOP_43_2|  return value|
|grp_fu_7593_p_dout0   |   in|   32|  ap_ctrl_hs|  control_Pipeline_VITIS_LOOP_42_1_VITIS_LOOP_43_2|  return value|
|grp_fu_7593_p_ce      |  out|    1|  ap_ctrl_hs|  control_Pipeline_VITIS_LOOP_42_1_VITIS_LOOP_43_2|  return value|
|m_axi_g0_0_AWVALID    |  out|    1|       m_axi|                                                g0|       pointer|
|m_axi_g0_0_AWREADY    |   in|    1|       m_axi|                                                g0|       pointer|
|m_axi_g0_0_AWADDR     |  out|   64|       m_axi|                                                g0|       pointer|
|m_axi_g0_0_AWID       |  out|    1|       m_axi|                                                g0|       pointer|
|m_axi_g0_0_AWLEN      |  out|   32|       m_axi|                                                g0|       pointer|
|m_axi_g0_0_AWSIZE     |  out|    3|       m_axi|                                                g0|       pointer|
|m_axi_g0_0_AWBURST    |  out|    2|       m_axi|                                                g0|       pointer|
|m_axi_g0_0_AWLOCK     |  out|    2|       m_axi|                                                g0|       pointer|
|m_axi_g0_0_AWCACHE    |  out|    4|       m_axi|                                                g0|       pointer|
|m_axi_g0_0_AWPROT     |  out|    3|       m_axi|                                                g0|       pointer|
|m_axi_g0_0_AWQOS      |  out|    4|       m_axi|                                                g0|       pointer|
|m_axi_g0_0_AWREGION   |  out|    4|       m_axi|                                                g0|       pointer|
|m_axi_g0_0_AWUSER     |  out|    1|       m_axi|                                                g0|       pointer|
|m_axi_g0_0_WVALID     |  out|    1|       m_axi|                                                g0|       pointer|
|m_axi_g0_0_WREADY     |   in|    1|       m_axi|                                                g0|       pointer|
|m_axi_g0_0_WDATA      |  out|   32|       m_axi|                                                g0|       pointer|
|m_axi_g0_0_WSTRB      |  out|    4|       m_axi|                                                g0|       pointer|
|m_axi_g0_0_WLAST      |  out|    1|       m_axi|                                                g0|       pointer|
|m_axi_g0_0_WID        |  out|    1|       m_axi|                                                g0|       pointer|
|m_axi_g0_0_WUSER      |  out|    1|       m_axi|                                                g0|       pointer|
|m_axi_g0_0_ARVALID    |  out|    1|       m_axi|                                                g0|       pointer|
|m_axi_g0_0_ARREADY    |   in|    1|       m_axi|                                                g0|       pointer|
|m_axi_g0_0_ARADDR     |  out|   64|       m_axi|                                                g0|       pointer|
|m_axi_g0_0_ARID       |  out|    1|       m_axi|                                                g0|       pointer|
|m_axi_g0_0_ARLEN      |  out|   32|       m_axi|                                                g0|       pointer|
|m_axi_g0_0_ARSIZE     |  out|    3|       m_axi|                                                g0|       pointer|
|m_axi_g0_0_ARBURST    |  out|    2|       m_axi|                                                g0|       pointer|
|m_axi_g0_0_ARLOCK     |  out|    2|       m_axi|                                                g0|       pointer|
|m_axi_g0_0_ARCACHE    |  out|    4|       m_axi|                                                g0|       pointer|
|m_axi_g0_0_ARPROT     |  out|    3|       m_axi|                                                g0|       pointer|
|m_axi_g0_0_ARQOS      |  out|    4|       m_axi|                                                g0|       pointer|
|m_axi_g0_0_ARREGION   |  out|    4|       m_axi|                                                g0|       pointer|
|m_axi_g0_0_ARUSER     |  out|    1|       m_axi|                                                g0|       pointer|
|m_axi_g0_0_RVALID     |   in|    1|       m_axi|                                                g0|       pointer|
|m_axi_g0_0_RREADY     |  out|    1|       m_axi|                                                g0|       pointer|
|m_axi_g0_0_RDATA      |   in|   32|       m_axi|                                                g0|       pointer|
|m_axi_g0_0_RLAST      |   in|    1|       m_axi|                                                g0|       pointer|
|m_axi_g0_0_RID        |   in|    1|       m_axi|                                                g0|       pointer|
|m_axi_g0_0_RFIFONUM   |   in|    9|       m_axi|                                                g0|       pointer|
|m_axi_g0_0_RUSER      |   in|    1|       m_axi|                                                g0|       pointer|
|m_axi_g0_0_RRESP      |   in|    2|       m_axi|                                                g0|       pointer|
|m_axi_g0_0_BVALID     |   in|    1|       m_axi|                                                g0|       pointer|
|m_axi_g0_0_BREADY     |  out|    1|       m_axi|                                                g0|       pointer|
|m_axi_g0_0_BRESP      |   in|    2|       m_axi|                                                g0|       pointer|
|m_axi_g0_0_BID        |   in|    1|       m_axi|                                                g0|       pointer|
|m_axi_g0_0_BUSER      |   in|    1|       m_axi|                                                g0|       pointer|
|sext_ln2027           |   in|   62|     ap_none|                                       sext_ln2027|        scalar|
|sext_ln62             |   in|   62|     ap_none|                                         sext_ln62|        scalar|
|v9_address0           |  out|    9|   ap_memory|                                                v9|         array|
|v9_ce0                |  out|    1|   ap_memory|                                                v9|         array|
|v9_q0                 |   in|   32|   ap_memory|                                                v9|         array|
|sext_ln2027_1         |   in|   62|     ap_none|                                     sext_ln2027_1|        scalar|
|v1162                 |   in|   64|     ap_none|                                             v1162|        scalar|
+----------------------+-----+-----+------------+--------------------------------------------------+--------------+

