

================================================================
== Vitis HLS Report for 'control_Pipeline_VITIS_LOOP_836_1_VITIS_LOOP_837_2_VITIS_LOOP_838_329'
================================================================
* Date:           Sun Jul 12 20:26:50 2026

* Version:        2025.2 (Build 6295257 on Nov 14 2025)
* Project:        spikingformer_proj
* Solution:       solution1 (Vivado IP Flow Target)
* Product family: zynquplus
* Target device:  xczu7ev-ffvc1156-2-e


================================================================
== Performance Estimates
================================================================
+ Timing: 
    * Summary: 
    +--------+----------+----------+------------+
    |  Clock |  Target  | Estimated| Uncertainty|
    +--------+----------+----------+------------+
    |ap_clk  |  10.00 ns|  7.300 ns|     2.70 ns|
    +--------+----------+----------+------------+

+ Latency: 
    * Summary: 
    +---------+---------+----------+----------+-----+-----+-------------------+
    |  Latency (cycles) |  Latency (absolute) |  Interval |      Pipeline     |
    |   min   |   max   |    min   |    max   | min | max |        Type       |
    +---------+---------+----------+----------+-----+-----+-------------------+
    |    49168|    49168|  0.492 ms|  0.492 ms|    0|    0|  loop pipeline stp|
    +---------+---------+----------+----------+-----+-----+-------------------+

    + Detail: 
        * Instance: 
        N/A

        * Loop: 
        +------------------------------------------------------+---------+---------+----------+-----------+-----------+-------+----------+
        |                                                      |  Latency (cycles) | Iteration|  Initiation Interval  |  Trip |          |
        |                       Loop Name                      |   min   |   max   |  Latency |  achieved |   target  | Count | Pipelined|
        +------------------------------------------------------+---------+---------+----------+-----------+-----------+-------+----------+
        |- VITIS_LOOP_836_1_VITIS_LOOP_837_2_VITIS_LOOP_838_3  |    49166|    49166|        16|          1|          1|  49152|       yes|
        +------------------------------------------------------+---------+---------+----------+-----------+-----------+-------+----------+



================================================================
== Utilization Estimates
================================================================
* Summary: 
+-----------------+---------+------+--------+--------+-----+
|       Name      | BRAM_18K|  DSP |   FF   |   LUT  | URAM|
+-----------------+---------+------+--------+--------+-----+
|DSP              |        -|     -|       -|       -|    -|
|Expression       |        -|     -|       0|     465|    -|
|FIFO             |        -|     -|       -|       -|    -|
|Instance         |        -|     -|       -|       -|    -|
|Memory           |        -|     -|       -|       -|    -|
|Multiplexer      |        -|     -|       0|     126|    -|
|Register         |        -|     -|     312|      32|    -|
+-----------------+---------+------+--------+--------+-----+
|Total            |        0|     0|     312|     623|    0|
+-----------------+---------+------+--------+--------+-----+
|Available        |      624|  1728|  460800|  230400|   96|
+-----------------+---------+------+--------+--------+-----+
|Utilization (%)  |        0|     0|      ~0|      ~0|    0|
+-----------------+---------+------+--------+--------+-----+

+ Detail: 
    * Instance: 
    N/A

    * DSP: 
    N/A

    * Memory: 
    N/A

    * FIFO: 
    N/A

    * Expression: 
    +-----------------------------------------+----------+----+---+----+------------+------------+
    |              Variable Name              | Operation| DSP| FF| LUT| Bitwidth P0| Bitwidth P1|
    +-----------------------------------------+----------+----+---+----+------------+------------+
    |add_ln836_1_fu_244_p2                    |         +|   0|  0|  12|           4|           1|
    |add_ln836_fu_232_p2                      |         +|   0|  0|  23|          16|           1|
    |add_ln837_1_fu_468_p2                    |         +|   0|  0|  21|          14|           1|
    |add_ln837_fu_296_p2                      |         +|   0|  0|  14|           7|           1|
    |add_ln838_1_fu_350_p2                    |         +|   0|  0|  24|          24|          24|
    |add_ln838_2_fu_368_p2                    |         +|   0|  0|  71|          64|          64|
    |add_ln838_3_fu_373_p2                    |         +|   0|  0|  24|          24|          24|
    |add_ln838_4_fu_379_p2                    |         +|   0|  0|  24|          24|          24|
    |add_ln838_5_fu_397_p2                    |         +|   0|  0|  71|          64|          64|
    |add_ln838_6_fu_442_p2                    |         +|   0|  0|  14|           7|           1|
    |add_ln838_fu_344_p2                      |         +|   0|  0|  24|          24|          24|
    |and_ln836_fu_282_p2                      |       and|   0|  0|   2|           1|           1|
    |ap_block_pp0_stage0_01001_grp3           |       and|   0|  0|   2|           1|           1|
    |ap_block_pp0_stage0_11001_grp1           |       and|   0|  0|   2|           1|           1|
    |ap_block_pp0_stage0_11001_grp2           |       and|   0|  0|   2|           1|           1|
    |ap_block_pp0_stage0_11001_grp5           |       and|   0|  0|   2|           1|           1|
    |ap_block_state17_pp0_stage0_iter16_grp5  |       and|   0|  0|   2|           1|           1|
    |ap_block_state3_io_grp1                  |       and|   0|  0|   2|           1|           1|
    |ap_block_state3_io_grp2                  |       and|   0|  0|   2|           1|           1|
    |icmp_ln836_fu_226_p2                     |      icmp|   0|  0|  23|          16|          16|
    |icmp_ln837_fu_250_p2                     |      icmp|   0|  0|  21|          14|          13|
    |icmp_ln838_1_fu_462_p2                   |      icmp|   0|  0|  15|           7|           8|
    |icmp_ln838_fu_276_p2                     |      icmp|   0|  0|  15|           7|           8|
    |ap_block_pp0_stage0_11001                |        or|   0|  0|   2|           1|           1|
    |ap_block_pp0_stage0_11001_grp3           |        or|   0|  0|   2|           1|           1|
    |first_iter_147_mid2_fu_302_p2            |        or|   0|  0|   2|           1|           1|
    |or_ln836_fu_264_p2                       |        or|   0|  0|   2|           1|           1|
    |or_ln838_fu_448_p2                       |        or|   0|  0|   2|           1|           1|
    |select_ln836_1_fu_288_p3                 |    select|   0|  0|   4|           1|           4|
    |select_ln836_fu_256_p3                   |    select|   0|  0|   7|           1|           1|
    |select_ln837_1_fu_474_p3                 |    select|   0|  0|  14|           1|           1|
    |select_ln837_fu_308_p3                   |    select|   0|  0|   7|           1|           7|
    |select_ln838_fu_454_p3                   |    select|   0|  0|   7|           1|           1|
    |ap_enable_pp0                            |       xor|   0|  0|   2|           1|           2|
    |xor_ln836_fu_270_p2                      |       xor|   0|  0|   2|           1|           2|
    +-----------------------------------------+----------+----+---+----+------------+------------+
    |Total                                    |          |   0|  0| 465|         336|         305|
    +-----------------------------------------+----------+----+---+----+------------+------------+

    * Multiplexer: 
    +-----------------------------------------+----+-----------+-----+-----------+
    |                   Name                  | LUT| Input Size| Bits| Total Bits|
    +-----------------------------------------+----+-----------+-----+-----------+
    |ap_done_int                              |   9|          2|    1|          2|
    |ap_enable_reg_pp0_iter1                  |   9|          2|    1|          2|
    |ap_enable_reg_pp0_iter2                  |   9|          2|    1|          2|
    |ap_phi_mux_first_iter_147_phi_fu_184_p4  |   9|          2|    1|          2|
    |g0_blk_n_AR                              |   9|          2|    1|          2|
    |g0_blk_n_AW                              |   9|          2|    1|          2|
    |g0_blk_n_B                               |   9|          2|    1|          2|
    |g0_blk_n_R                               |   9|          2|    1|          2|
    |g0_blk_n_W                               |   9|          2|    1|          2|
    |indvar_flatten14525_fu_118               |   9|          2|   14|         28|
    |indvar_flatten14539_fu_126               |   9|          2|   16|         32|
    |v341_fu_122                              |   9|          2|    4|          8|
    |v342_fu_114                              |   9|          2|    7|         14|
    |v343_fu_110                              |   9|          2|    7|         14|
    +-----------------------------------------+----+-----------+-----+-----------+
    |Total                                    | 126|         28|   57|        114|
    +-----------------------------------------+----+-----------+-----+-----------+

    * Register: 
    +-------------------------------------------+----+----+-----+-----------+
    |                    Name                   | FF | LUT| Bits| Const Bits|
    +-------------------------------------------+----+----+-----+-----------+
    |ap_CS_fsm                                  |   1|   0|    1|          0|
    |ap_block_pp0_stage0_subdone_grp1_done_reg  |   1|   0|    1|          0|
    |ap_block_pp0_stage0_subdone_grp2_done_reg  |   1|   0|    1|          0|
    |ap_block_pp0_stage0_subdone_grp3_done_reg  |   1|   0|    1|          0|
    |ap_block_pp0_stage0_subdone_grp5_done_reg  |   1|   0|    1|          0|
    |ap_done_reg                                |   1|   0|    1|          0|
    |ap_enable_reg_pp0_iter1                    |   1|   0|    1|          0|
    |ap_enable_reg_pp0_iter10                   |   1|   0|    1|          0|
    |ap_enable_reg_pp0_iter11                   |   1|   0|    1|          0|
    |ap_enable_reg_pp0_iter12                   |   1|   0|    1|          0|
    |ap_enable_reg_pp0_iter13                   |   1|   0|    1|          0|
    |ap_enable_reg_pp0_iter14                   |   1|   0|    1|          0|
    |ap_enable_reg_pp0_iter15                   |   1|   0|    1|          0|
    |ap_enable_reg_pp0_iter16                   |   1|   0|    1|          0|
    |ap_enable_reg_pp0_iter2                    |   1|   0|    1|          0|
    |ap_enable_reg_pp0_iter3                    |   1|   0|    1|          0|
    |ap_enable_reg_pp0_iter4                    |   1|   0|    1|          0|
    |ap_enable_reg_pp0_iter5                    |   1|   0|    1|          0|
    |ap_enable_reg_pp0_iter6                    |   1|   0|    1|          0|
    |ap_enable_reg_pp0_iter7                    |   1|   0|    1|          0|
    |ap_enable_reg_pp0_iter8                    |   1|   0|    1|          0|
    |ap_enable_reg_pp0_iter9                    |   1|   0|    1|          0|
    |ap_loop_exit_ready_pp0_iter10_reg          |   1|   0|    1|          0|
    |ap_loop_exit_ready_pp0_iter11_reg          |   1|   0|    1|          0|
    |ap_loop_exit_ready_pp0_iter12_reg          |   1|   0|    1|          0|
    |ap_loop_exit_ready_pp0_iter13_reg          |   1|   0|    1|          0|
    |ap_loop_exit_ready_pp0_iter14_reg          |   1|   0|    1|          0|
    |ap_loop_exit_ready_pp0_iter15_reg          |   1|   0|    1|          0|
    |ap_loop_exit_ready_pp0_iter2_reg           |   1|   0|    1|          0|
    |ap_loop_exit_ready_pp0_iter3_reg           |   1|   0|    1|          0|
    |ap_loop_exit_ready_pp0_iter4_reg           |   1|   0|    1|          0|
    |ap_loop_exit_ready_pp0_iter5_reg           |   1|   0|    1|          0|
    |ap_loop_exit_ready_pp0_iter6_reg           |   1|   0|    1|          0|
    |ap_loop_exit_ready_pp0_iter7_reg           |   1|   0|    1|          0|
    |ap_loop_exit_ready_pp0_iter8_reg           |   1|   0|    1|          0|
    |ap_loop_exit_ready_pp0_iter9_reg           |   1|   0|    1|          0|
    |first_iter_147_mid2_reg_552                |   1|   0|    1|          0|
    |first_iter_147_reg_180                     |   1|   0|    1|          0|
    |g0_addr_55_reg_562                         |  64|   0|   64|          0|
    |g0_addr_reg_556                            |  64|   0|   64|          0|
    |icmp_ln836_reg_548                         |   1|   0|    1|          0|
    |icmp_ln838_1_reg_569                       |   1|   0|    1|          0|
    |indvar_flatten14525_fu_118                 |  14|   0|   14|          0|
    |indvar_flatten14539_fu_126                 |  16|   0|   16|          0|
    |v341_fu_122                                |   4|   0|    4|          0|
    |v342_fu_114                                |   7|   0|    7|          0|
    |v343_fu_110                                |   7|   0|    7|          0|
    |v344_reg_573                               |  32|   0|   32|          0|
    |icmp_ln838_1_reg_569                       |  64|  32|    1|          0|
    +-------------------------------------------+----+----+-----+-----------+
    |Total                                      | 312|  32|  249|          0|
    +-------------------------------------------+----+----+-----+-----------+



================================================================
== Interface
================================================================
* Summary: 
+---------------------+-----+-----+------------+-----------------------------------------------------------------------+--------------+
|      RTL Ports      | Dir | Bits|  Protocol  |                             Source Object                             |    C Type    |
+---------------------+-----+-----+------------+-----------------------------------------------------------------------+--------------+
|ap_clk               |   in|    1|  ap_ctrl_hs|  control_Pipeline_VITIS_LOOP_836_1_VITIS_LOOP_837_2_VITIS_LOOP_838_329|  return value|
|ap_rst               |   in|    1|  ap_ctrl_hs|  control_Pipeline_VITIS_LOOP_836_1_VITIS_LOOP_837_2_VITIS_LOOP_838_329|  return value|
|ap_start             |   in|    1|  ap_ctrl_hs|  control_Pipeline_VITIS_LOOP_836_1_VITIS_LOOP_837_2_VITIS_LOOP_838_329|  return value|
|ap_done              |  out|    1|  ap_ctrl_hs|  control_Pipeline_VITIS_LOOP_836_1_VITIS_LOOP_837_2_VITIS_LOOP_838_329|  return value|
|ap_idle              |  out|    1|  ap_ctrl_hs|  control_Pipeline_VITIS_LOOP_836_1_VITIS_LOOP_837_2_VITIS_LOOP_838_329|  return value|
|ap_ready             |  out|    1|  ap_ctrl_hs|  control_Pipeline_VITIS_LOOP_836_1_VITIS_LOOP_837_2_VITIS_LOOP_838_329|  return value|
|m_axi_g0_0_AWVALID   |  out|    1|       m_axi|                                                                     g0|       pointer|
|m_axi_g0_0_AWREADY   |   in|    1|       m_axi|                                                                     g0|       pointer|
|m_axi_g0_0_AWADDR    |  out|   64|       m_axi|                                                                     g0|       pointer|
|m_axi_g0_0_AWID      |  out|    1|       m_axi|                                                                     g0|       pointer|
|m_axi_g0_0_AWLEN     |  out|   32|       m_axi|                                                                     g0|       pointer|
|m_axi_g0_0_AWSIZE    |  out|    3|       m_axi|                                                                     g0|       pointer|
|m_axi_g0_0_AWBURST   |  out|    2|       m_axi|                                                                     g0|       pointer|
|m_axi_g0_0_AWLOCK    |  out|    2|       m_axi|                                                                     g0|       pointer|
|m_axi_g0_0_AWCACHE   |  out|    4|       m_axi|                                                                     g0|       pointer|
|m_axi_g0_0_AWPROT    |  out|    3|       m_axi|                                                                     g0|       pointer|
|m_axi_g0_0_AWQOS     |  out|    4|       m_axi|                                                                     g0|       pointer|
|m_axi_g0_0_AWREGION  |  out|    4|       m_axi|                                                                     g0|       pointer|
|m_axi_g0_0_AWUSER    |  out|    1|       m_axi|                                                                     g0|       pointer|
|m_axi_g0_0_WVALID    |  out|    1|       m_axi|                                                                     g0|       pointer|
|m_axi_g0_0_WREADY    |   in|    1|       m_axi|                                                                     g0|       pointer|
|m_axi_g0_0_WDATA     |  out|   32|       m_axi|                                                                     g0|       pointer|
|m_axi_g0_0_WSTRB     |  out|    4|       m_axi|                                                                     g0|       pointer|
|m_axi_g0_0_WLAST     |  out|    1|       m_axi|                                                                     g0|       pointer|
|m_axi_g0_0_WID       |  out|    1|       m_axi|                                                                     g0|       pointer|
|m_axi_g0_0_WUSER     |  out|    1|       m_axi|                                                                     g0|       pointer|
|m_axi_g0_0_ARVALID   |  out|    1|       m_axi|                                                                     g0|       pointer|
|m_axi_g0_0_ARREADY   |   in|    1|       m_axi|                                                                     g0|       pointer|
|m_axi_g0_0_ARADDR    |  out|   64|       m_axi|                                                                     g0|       pointer|
|m_axi_g0_0_ARID      |  out|    1|       m_axi|                                                                     g0|       pointer|
|m_axi_g0_0_ARLEN     |  out|   32|       m_axi|                                                                     g0|       pointer|
|m_axi_g0_0_ARSIZE    |  out|    3|       m_axi|                                                                     g0|       pointer|
|m_axi_g0_0_ARBURST   |  out|    2|       m_axi|                                                                     g0|       pointer|
|m_axi_g0_0_ARLOCK    |  out|    2|       m_axi|                                                                     g0|       pointer|
|m_axi_g0_0_ARCACHE   |  out|    4|       m_axi|                                                                     g0|       pointer|
|m_axi_g0_0_ARPROT    |  out|    3|       m_axi|                                                                     g0|       pointer|
|m_axi_g0_0_ARQOS     |  out|    4|       m_axi|                                                                     g0|       pointer|
|m_axi_g0_0_ARREGION  |  out|    4|       m_axi|                                                                     g0|       pointer|
|m_axi_g0_0_ARUSER    |  out|    1|       m_axi|                                                                     g0|       pointer|
|m_axi_g0_0_RVALID    |   in|    1|       m_axi|                                                                     g0|       pointer|
|m_axi_g0_0_RREADY    |  out|    1|       m_axi|                                                                     g0|       pointer|
|m_axi_g0_0_RDATA     |   in|   32|       m_axi|                                                                     g0|       pointer|
|m_axi_g0_0_RLAST     |   in|    1|       m_axi|                                                                     g0|       pointer|
|m_axi_g0_0_RID       |   in|    1|       m_axi|                                                                     g0|       pointer|
|m_axi_g0_0_RFIFONUM  |   in|    9|       m_axi|                                                                     g0|       pointer|
|m_axi_g0_0_RUSER     |   in|    1|       m_axi|                                                                     g0|       pointer|
|m_axi_g0_0_RRESP     |   in|    2|       m_axi|                                                                     g0|       pointer|
|m_axi_g0_0_BVALID    |   in|    1|       m_axi|                                                                     g0|       pointer|
|m_axi_g0_0_BREADY    |  out|    1|       m_axi|                                                                     g0|       pointer|
|m_axi_g0_0_BRESP     |   in|    2|       m_axi|                                                                     g0|       pointer|
|m_axi_g0_0_BID       |   in|    1|       m_axi|                                                                     g0|       pointer|
|m_axi_g0_0_BUSER     |   in|    1|       m_axi|                                                                     g0|       pointer|
|sext_ln273           |   in|   62|     ap_none|                                                             sext_ln273|        scalar|
|sext_ln841           |   in|   62|     ap_none|                                                             sext_ln841|        scalar|
|v945                 |   in|   64|     ap_none|                                                                   v945|        scalar|
+---------------------+-----+-----+------------+-----------------------------------------------------------------------+--------------+

