

================================================================
== Vitis HLS Report for 'control_Pipeline_VITIS_LOOP_1456_5_VITIS_LOOP_1457_6'
================================================================
* Date:           Sun Jul 12 20:26:40 2026

* Version:        2025.2 (Build 6295257 on Nov 14 2025)
* Project:        spikingformer_proj
* Solution:       solution1 (Vivado IP Flow Target)
* Product family: zynquplus
* Target device:  xczu7ev-ffvc1156-2-e


================================================================
== Performance Estimates
================================================================
+ Timing: 
    * Summary: 
    +--------+----------+----------+------------+
    |  Clock |  Target  | Estimated| Uncertainty|
    +--------+----------+----------+------------+
    |ap_clk  |  10.00 ns|  7.300 ns|     2.70 ns|
    +--------+----------+----------+------------+

+ Latency: 
    * Summary: 
    +---------+---------+----------+----------+-----+-----+-------------------+
    |  Latency (cycles) |  Latency (absolute) |  Interval |      Pipeline     |
    |   min   |   max   |    min   |    max   | min | max |        Type       |
    +---------+---------+----------+----------+-----+-----+-------------------+
    |      534|      534|  5.340 us|  5.340 us|    0|    0|  loop pipeline stp|
    +---------+---------+----------+----------+-----+-----+-------------------+

    + Detail: 
        * Instance: 
        N/A

        * Loop: 
        +---------------------------------------+---------+---------+----------+-----------+-----------+------+----------+
        |                                       |  Latency (cycles) | Iteration|  Initiation Interval  | Trip |          |
        |               Loop Name               |   min   |   max   |  Latency |  achieved |   target  | Count| Pipelined|
        +---------------------------------------+---------+---------+----------+-----------+-----------+------+----------+
        |- VITIS_LOOP_1456_5_VITIS_LOOP_1457_6  |      532|      532|        23|          2|          1|   256|       yes|
        +---------------------------------------+---------+---------+----------+-----------+-----------+------+----------+



================================================================
== Utilization Estimates
================================================================
* Summary: 
+-----------------+---------+------+--------+--------+-----+
|       Name      | BRAM_18K|  DSP |   FF   |   LUT  | URAM|
+-----------------+---------+------+--------+--------+-----+
|DSP              |        -|     -|       -|       -|    -|
|Expression       |        -|     -|       0|     429|    -|
|FIFO             |        -|     -|       -|       -|    -|
|Instance         |        -|     -|       -|       -|    -|
|Memory           |        -|     -|       -|       -|    -|
|Multiplexer      |        -|     -|       0|     253|    -|
|Register         |        -|     -|     497|      64|    -|
+-----------------+---------+------+--------+--------+-----+
|Total            |        0|     0|     497|     746|    0|
+-----------------+---------+------+--------+--------+-----+
|Available        |      624|  1728|  460800|  230400|   96|
+-----------------+---------+------+--------+--------+-----+
|Utilization (%)  |        0|     0|      ~0|      ~0|    0|
+-----------------+---------+------+--------+--------+-----+

+ Detail: 
    * Instance: 
    N/A

    * DSP: 
    N/A

    * Memory: 
    N/A

    * FIFO: 
    N/A

    * Expression: 
    +--------------------------------+----------+----+---+----+------------+------------+
    |          Variable Name         | Operation| DSP| FF| LUT| Bitwidth P0| Bitwidth P1|
    +--------------------------------+----------+----+---+----+------------+------------+
    |add_ln1456_1_fu_272_p2          |         +|   0|  0|  16|           9|           1|
    |add_ln1456_fu_284_p2            |         +|   0|  0|  12|           5|           1|
    |add_ln1457_fu_452_p2            |         +|   0|  0|  12|           5|           1|
    |add_ln1462_1_fu_404_p2          |         +|   0|  0|  71|          64|          64|
    |add_ln1462_2_fu_428_p2          |         +|   0|  0|  70|          63|          63|
    |add_ln1462_fu_382_p2            |         +|   0|  0|  29|          22|          22|
    |add_ln1464_1_fu_489_p2          |         +|   0|  0|  64|          64|          64|
    |add_ln1464_fu_473_p2            |         +|   0|  0|  64|          64|          64|
    |tmp6_fu_312_p2                  |         +|   0|  0|  12|           5|           5|
    |tmp7_fu_342_p2                  |         +|   0|  0|  17|          10|          10|
    |ap_block_pp0_stage0_11001_grp2  |       and|   0|  0|   2|           1|           1|
    |ap_block_pp0_stage0_11001_grp4  |       and|   0|  0|   2|           1|           1|
    |ap_block_pp0_stage0_11001_grp5  |       and|   0|  0|   2|           1|           1|
    |ap_block_pp0_stage0_11001_grp7  |       and|   0|  0|   2|           1|           1|
    |ap_block_pp0_stage1_11001_grp1  |       and|   0|  0|   2|           1|           1|
    |ap_block_pp0_stage1_11001_grp3  |       and|   0|  0|   2|           1|           1|
    |ap_block_pp0_stage1_11001_grp6  |       and|   0|  0|   2|           1|           1|
    |ap_block_state2_io_grp1         |       and|   0|  0|   2|           1|           1|
    |icmp_ln1456_fu_266_p2           |      icmp|   0|  0|  17|           9|          10|
    |icmp_ln1457_fu_290_p2           |      icmp|   0|  0|  13|           5|           6|
    |ap_block_pp0_stage0_11001       |        or|   0|  0|   2|           1|           1|
    |ap_block_pp0_stage1_11001       |        or|   0|  0|   2|           1|           1|
    |select_ln1456_1_fu_304_p3       |    select|   0|  0|   5|           1|           5|
    |select_ln1456_fu_296_p3         |    select|   0|  0|   5|           1|           1|
    |ap_enable_pp0                   |       xor|   0|  0|   2|           1|           2|
    +--------------------------------+----------+----+---+----+------------+------------+
    |Total                           |          |   0|  0| 429|         338|         329|
    +--------------------------------+----------+----+---+----+------------+------------+

    * Multiplexer: 
    +-------------------------------------------+----+-----------+-----+-----------+
    |                    Name                   | LUT| Input Size| Bits| Total Bits|
    +-------------------------------------------+----+-----------+-----+-----------+
    |ap_NS_fsm                                  |  14|          3|    1|          3|
    |ap_done_int                                |   9|          2|    1|          2|
    |ap_enable_reg_pp0_iter0                    |   9|          2|    1|          2|
    |ap_enable_reg_pp0_iter1                    |   9|          2|    1|          2|
    |ap_enable_reg_pp0_iter11                   |   9|          2|    1|          2|
    |ap_loop_exit_ready_pp0_iter10_reg          |   9|          2|    1|          2|
    |ap_loop_exit_ready_pp0_iter1_reg           |   9|          2|    1|          2|
    |ap_loop_exit_ready_pp0_iter2_reg           |   9|          2|    1|          2|
    |ap_loop_exit_ready_pp0_iter3_reg           |   9|          2|    1|          2|
    |ap_loop_exit_ready_pp0_iter4_reg           |   9|          2|    1|          2|
    |ap_loop_exit_ready_pp0_iter5_reg           |   9|          2|    1|          2|
    |ap_loop_exit_ready_pp0_iter6_reg           |   9|          2|    1|          2|
    |ap_loop_exit_ready_pp0_iter7_reg           |   9|          2|    1|          2|
    |ap_loop_exit_ready_pp0_iter8_reg           |   9|          2|    1|          2|
    |ap_loop_exit_ready_pp0_iter9_reg           |   9|          2|    1|          2|
    |ap_sig_allocacmp_indvar_flatten13584_load  |   9|          2|    9|         18|
    |ap_sig_allocacmp_v598_load                 |   9|          2|    5|         10|
    |ap_sig_allocacmp_v599_load                 |   9|          2|    5|         10|
    |g0_blk_n_AR                                |   9|          2|    1|          2|
    |g0_blk_n_AW                                |   9|          2|    1|          2|
    |g0_blk_n_B                                 |   9|          2|    1|          2|
    |g0_blk_n_R                                 |   9|          2|    1|          2|
    |g0_blk_n_W                                 |   9|          2|    1|          2|
    |indvar_flatten13584_fu_136                 |   9|          2|    9|         18|
    |m_axi_g0_0_ARADDR                          |  14|          3|   64|        192|
    |v598_fu_132                                |   9|          2|    5|         10|
    |v599_fu_128                                |   9|          2|    5|         10|
    +-------------------------------------------+----+-----------+-----+-----------+
    |Total                                      | 253|         56|  122|        309|
    +-------------------------------------------+----+-----------+-----+-----------+

    * Register: 
    +-------------------------------------------+----+----+-----+-----------+
    |                    Name                   | FF | LUT| Bits| Const Bits|
    +-------------------------------------------+----+----+-----+-----------+
    |ap_CS_fsm                                  |   2|   0|    2|          0|
    |ap_block_pp0_stage0_subdone_grp0_done_reg  |   1|   0|    1|          0|
    |ap_block_pp0_stage0_subdone_grp2_done_reg  |   1|   0|    1|          0|
    |ap_block_pp0_stage0_subdone_grp4_done_reg  |   1|   0|    1|          0|
    |ap_block_pp0_stage0_subdone_grp5_done_reg  |   1|   0|    1|          0|
    |ap_block_pp0_stage0_subdone_grp7_done_reg  |   1|   0|    1|          0|
    |ap_block_pp0_stage1_subdone_grp0_done_reg  |   1|   0|    1|          0|
    |ap_block_pp0_stage1_subdone_grp1_done_reg  |   1|   0|    1|          0|
    |ap_block_pp0_stage1_subdone_grp3_done_reg  |   1|   0|    1|          0|
    |ap_block_pp0_stage1_subdone_grp6_done_reg  |   1|   0|    1|          0|
    |ap_done_reg                                |   1|   0|    1|          0|
    |ap_enable_reg_pp0_iter0_reg                |   1|   0|    1|          0|
    |ap_enable_reg_pp0_iter1                    |   1|   0|    1|          0|
    |ap_enable_reg_pp0_iter10                   |   1|   0|    1|          0|
    |ap_enable_reg_pp0_iter11                   |   1|   0|    1|          0|
    |ap_enable_reg_pp0_iter2                    |   1|   0|    1|          0|
    |ap_enable_reg_pp0_iter3                    |   1|   0|    1|          0|
    |ap_enable_reg_pp0_iter4                    |   1|   0|    1|          0|
    |ap_enable_reg_pp0_iter5                    |   1|   0|    1|          0|
    |ap_enable_reg_pp0_iter6                    |   1|   0|    1|          0|
    |ap_enable_reg_pp0_iter7                    |   1|   0|    1|          0|
    |ap_enable_reg_pp0_iter8                    |   1|   0|    1|          0|
    |ap_enable_reg_pp0_iter9                    |   1|   0|    1|          0|
    |ap_loop_exit_ready_pp0_iter10_reg          |   1|   0|    1|          0|
    |ap_loop_exit_ready_pp0_iter1_reg           |   1|   0|    1|          0|
    |ap_loop_exit_ready_pp0_iter2_reg           |   1|   0|    1|          0|
    |ap_loop_exit_ready_pp0_iter3_reg           |   1|   0|    1|          0|
    |ap_loop_exit_ready_pp0_iter4_reg           |   1|   0|    1|          0|
    |ap_loop_exit_ready_pp0_iter5_reg           |   1|   0|    1|          0|
    |ap_loop_exit_ready_pp0_iter6_reg           |   1|   0|    1|          0|
    |ap_loop_exit_ready_pp0_iter7_reg           |   1|   0|    1|          0|
    |ap_loop_exit_ready_pp0_iter8_reg           |   1|   0|    1|          0|
    |ap_loop_exit_ready_pp0_iter9_reg           |   1|   0|    1|          0|
    |g0_addr_130_read_reg_602                   |  32|   0|   32|          0|
    |g0_addr_130_read_reg_602_pp0_iter6_reg     |  32|   0|   32|          0|
    |g0_addr_130_reg_583                        |  64|   0|   64|          0|
    |g0_addr_read_reg_592                       |  32|   0|   32|          0|
    |g0_addr_reg_567                            |  64|   0|   64|          0|
    |icmp_ln1456_reg_563                        |   1|   0|    1|          0|
    |indvar_flatten13584_fu_136                 |   9|   0|    9|          0|
    |trunc_ln1464_1_reg_578                     |   4|   0|    4|          0|
    |trunc_ln1464_reg_573                       |   4|   0|    4|          0|
    |v598_fu_132                                |   5|   0|    5|          0|
    |v599_fu_128                                |   5|   0|    5|          0|
    |v603_reg_607                               |  32|   0|   32|          0|
    |v604_reg_617                               |  32|   0|   32|          0|
    |zext_ln1456_cast_reg_558                   |  19|   0|   64|         45|
    |g0_addr_130_reg_583                        |  64|  32|   64|          0|
    |icmp_ln1456_reg_563                        |  64|  32|    1|          0|
    +-------------------------------------------+----+----+-----+-----------+
    |Total                                      | 497|  64|  479|         45|
    +-------------------------------------------+----+----+-----+-----------+



================================================================
== Interface
================================================================
* Summary: 
+----------------------+-----+-----+------------+------------------------------------------------------+--------------+
|       RTL Ports      | Dir | Bits|  Protocol  |                     Source Object                    |    C Type    |
+----------------------+-----+-----+------------+------------------------------------------------------+--------------+
|ap_clk                |   in|    1|  ap_ctrl_hs|  control_Pipeline_VITIS_LOOP_1456_5_VITIS_LOOP_1457_6|  return value|
|ap_rst                |   in|    1|  ap_ctrl_hs|  control_Pipeline_VITIS_LOOP_1456_5_VITIS_LOOP_1457_6|  return value|
|ap_start              |   in|    1|  ap_ctrl_hs|  control_Pipeline_VITIS_LOOP_1456_5_VITIS_LOOP_1457_6|  return value|
|ap_done               |  out|    1|  ap_ctrl_hs|  control_Pipeline_VITIS_LOOP_1456_5_VITIS_LOOP_1457_6|  return value|
|ap_idle               |  out|    1|  ap_ctrl_hs|  control_Pipeline_VITIS_LOOP_1456_5_VITIS_LOOP_1457_6|  return value|
|ap_ready              |  out|    1|  ap_ctrl_hs|  control_Pipeline_VITIS_LOOP_1456_5_VITIS_LOOP_1457_6|  return value|
|grp_fu_7589_p_din0    |  out|   32|  ap_ctrl_hs|  control_Pipeline_VITIS_LOOP_1456_5_VITIS_LOOP_1457_6|  return value|
|grp_fu_7589_p_din1    |  out|   32|  ap_ctrl_hs|  control_Pipeline_VITIS_LOOP_1456_5_VITIS_LOOP_1457_6|  return value|
|grp_fu_7589_p_opcode  |  out|    1|  ap_ctrl_hs|  control_Pipeline_VITIS_LOOP_1456_5_VITIS_LOOP_1457_6|  return value|
|grp_fu_7589_p_dout0   |   in|   32|  ap_ctrl_hs|  control_Pipeline_VITIS_LOOP_1456_5_VITIS_LOOP_1457_6|  return value|
|grp_fu_7589_p_ce      |  out|    1|  ap_ctrl_hs|  control_Pipeline_VITIS_LOOP_1456_5_VITIS_LOOP_1457_6|  return value|
|grp_fu_7593_p_din0    |  out|   32|  ap_ctrl_hs|  control_Pipeline_VITIS_LOOP_1456_5_VITIS_LOOP_1457_6|  return value|
|grp_fu_7593_p_din1    |  out|   32|  ap_ctrl_hs|  control_Pipeline_VITIS_LOOP_1456_5_VITIS_LOOP_1457_6|  return value|
|grp_fu_7593_p_dout0   |   in|   32|  ap_ctrl_hs|  control_Pipeline_VITIS_LOOP_1456_5_VITIS_LOOP_1457_6|  return value|
|grp_fu_7593_p_ce      |  out|    1|  ap_ctrl_hs|  control_Pipeline_VITIS_LOOP_1456_5_VITIS_LOOP_1457_6|  return value|
|m_axi_g0_0_AWVALID    |  out|    1|       m_axi|                                                    g0|       pointer|
|m_axi_g0_0_AWREADY    |   in|    1|       m_axi|                                                    g0|       pointer|
|m_axi_g0_0_AWADDR     |  out|   64|       m_axi|                                                    g0|       pointer|
|m_axi_g0_0_AWID       |  out|    1|       m_axi|                                                    g0|       pointer|
|m_axi_g0_0_AWLEN      |  out|   32|       m_axi|                                                    g0|       pointer|
|m_axi_g0_0_AWSIZE     |  out|    3|       m_axi|                                                    g0|       pointer|
|m_axi_g0_0_AWBURST    |  out|    2|       m_axi|                                                    g0|       pointer|
|m_axi_g0_0_AWLOCK     |  out|    2|       m_axi|                                                    g0|       pointer|
|m_axi_g0_0_AWCACHE    |  out|    4|       m_axi|                                                    g0|       pointer|
|m_axi_g0_0_AWPROT     |  out|    3|       m_axi|                                                    g0|       pointer|
|m_axi_g0_0_AWQOS      |  out|    4|       m_axi|                                                    g0|       pointer|
|m_axi_g0_0_AWREGION   |  out|    4|       m_axi|                                                    g0|       pointer|
|m_axi_g0_0_AWUSER     |  out|    1|       m_axi|                                                    g0|       pointer|
|m_axi_g0_0_WVALID     |  out|    1|       m_axi|                                                    g0|       pointer|
|m_axi_g0_0_WREADY     |   in|    1|       m_axi|                                                    g0|       pointer|
|m_axi_g0_0_WDATA      |  out|   32|       m_axi|                                                    g0|       pointer|
|m_axi_g0_0_WSTRB      |  out|    4|       m_axi|                                                    g0|       pointer|
|m_axi_g0_0_WLAST      |  out|    1|       m_axi|                                                    g0|       pointer|
|m_axi_g0_0_WID        |  out|    1|       m_axi|                                                    g0|       pointer|
|m_axi_g0_0_WUSER      |  out|    1|       m_axi|                                                    g0|       pointer|
|m_axi_g0_0_ARVALID    |  out|    1|       m_axi|                                                    g0|       pointer|
|m_axi_g0_0_ARREADY    |   in|    1|       m_axi|                                                    g0|       pointer|
|m_axi_g0_0_ARADDR     |  out|   64|       m_axi|                                                    g0|       pointer|
|m_axi_g0_0_ARID       |  out|    1|       m_axi|                                                    g0|       pointer|
|m_axi_g0_0_ARLEN      |  out|   32|       m_axi|                                                    g0|       pointer|
|m_axi_g0_0_ARSIZE     |  out|    3|       m_axi|                                                    g0|       pointer|
|m_axi_g0_0_ARBURST    |  out|    2|       m_axi|                                                    g0|       pointer|
|m_axi_g0_0_ARLOCK     |  out|    2|       m_axi|                                                    g0|       pointer|
|m_axi_g0_0_ARCACHE    |  out|    4|       m_axi|                                                    g0|       pointer|
|m_axi_g0_0_ARPROT     |  out|    3|       m_axi|                                                    g0|       pointer|
|m_axi_g0_0_ARQOS      |  out|    4|       m_axi|                                                    g0|       pointer|
|m_axi_g0_0_ARREGION   |  out|    4|       m_axi|                                                    g0|       pointer|
|m_axi_g0_0_ARUSER     |  out|    1|       m_axi|                                                    g0|       pointer|
|m_axi_g0_0_RVALID     |   in|    1|       m_axi|                                                    g0|       pointer|
|m_axi_g0_0_RREADY     |  out|    1|       m_axi|                                                    g0|       pointer|
|m_axi_g0_0_RDATA      |   in|   32|       m_axi|                                                    g0|       pointer|
|m_axi_g0_0_RLAST      |   in|    1|       m_axi|                                                    g0|       pointer|
|m_axi_g0_0_RID        |   in|    1|       m_axi|                                                    g0|       pointer|
|m_axi_g0_0_RFIFONUM   |   in|    9|       m_axi|                                                    g0|       pointer|
|m_axi_g0_0_RUSER      |   in|    1|       m_axi|                                                    g0|       pointer|
|m_axi_g0_0_RRESP      |   in|    2|       m_axi|                                                    g0|       pointer|
|m_axi_g0_0_BVALID     |   in|    1|       m_axi|                                                    g0|       pointer|
|m_axi_g0_0_BREADY     |  out|    1|       m_axi|                                                    g0|       pointer|
|m_axi_g0_0_BRESP      |   in|    2|       m_axi|                                                    g0|       pointer|
|m_axi_g0_0_BID        |   in|    1|       m_axi|                                                    g0|       pointer|
|m_axi_g0_0_BUSER      |   in|    1|       m_axi|                                                    g0|       pointer|
|sext_ln2299           |   in|   62|     ap_none|                                           sext_ln2299|        scalar|
|sext_ln2265           |   in|   62|     ap_none|                                           sext_ln2265|        scalar|
|sext_ln1461           |   in|   62|     ap_none|                                           sext_ln1461|        scalar|
|zext_ln1453_1         |   in|    2|     ap_none|                                         zext_ln1453_1|        scalar|
|phi_mul15231          |   in|   16|     ap_none|                                          phi_mul15231|        scalar|
|v596                  |   in|    2|     ap_none|                                                  v596|        scalar|
|v944                  |   in|   64|     ap_none|                                                  v944|        scalar|
|zext_ln1456           |   in|   19|     ap_none|                                           zext_ln1456|        scalar|
|v949                  |   in|   64|     ap_none|                                                  v949|        scalar|
|v601                  |   in|   32|     ap_none|                                                  v601|        scalar|
+----------------------+-----+-----+------------+------------------------------------------------------+--------------+

