

================================================================
== Vitis HLS Report for 'control_Pipeline_VITIS_LOOP_99_2'
================================================================
* Date:           Sun Jul 12 20:26:54 2026

* Version:        2025.2 (Build 6295257 on Nov 14 2025)
* Project:        spikingformer_proj
* Solution:       solution1 (Vivado IP Flow Target)
* Product family: zynquplus
* Target device:  xczu7ev-ffvc1156-2-e


================================================================
== Performance Estimates
================================================================
+ Timing: 
    * Summary: 
    +--------+----------+----------+------------+
    |  Clock |  Target  | Estimated| Uncertainty|
    +--------+----------+----------+------------+
    |ap_clk  |  10.00 ns|  7.300 ns|     2.70 ns|
    +--------+----------+----------+------------+

+ Latency: 
    * Summary: 
    +---------+---------+-----------+-----------+-----+-----+-------------------+
    |  Latency (cycles) |   Latency (absolute)  |  Interval |      Pipeline     |
    |   min   |   max   |    min    |    max    | min | max |        Type       |
    +---------+---------+-----------+-----------+-----+-----+-------------------+
    |     7682|     7682|  76.820 us|  76.820 us|    0|    0|  loop pipeline stp|
    +---------+---------+-----------+-----------+-----+-----+-------------------+

    + Detail: 
        * Instance: 
        N/A

        * Loop: 
        +-------------------+---------+---------+----------+-----------+-----------+------+----------+
        |                   |  Latency (cycles) | Iteration|  Initiation Interval  | Trip |          |
        |     Loop Name     |   min   |   max   |  Latency |  achieved |   target  | Count| Pipelined|
        +-------------------+---------+---------+----------+-----------+-----------+------+----------+
        |- VITIS_LOOP_99_2  |     7680|     7680|        21|         20|          1|   384|       yes|
        +-------------------+---------+---------+----------+-----------+-----------+------+----------+



================================================================
== Utilization Estimates
================================================================
* Summary: 
+-----------------+---------+------+--------+--------+-----+
|       Name      | BRAM_18K|  DSP |   FF   |   LUT  | URAM|
+-----------------+---------+------+--------+--------+-----+
|DSP              |        -|     -|       -|       -|    -|
|Expression       |        -|     -|       0|     255|    -|
|FIFO             |        -|     -|       -|       -|    -|
|Instance         |        -|     -|       -|       -|    -|
|Memory           |        -|     -|       -|       -|    -|
|Multiplexer      |        -|     -|       0|     219|    -|
|Register         |        -|     -|     258|       -|    -|
+-----------------+---------+------+--------+--------+-----+
|Total            |        0|     0|     258|     474|    0|
+-----------------+---------+------+--------+--------+-----+
|Available        |      624|  1728|  460800|  230400|   96|
+-----------------+---------+------+--------+--------+-----+
|Utilization (%)  |        0|     0|      ~0|      ~0|    0|
+-----------------+---------+------+--------+--------+-----+

+ Detail: 
    * Instance: 
    N/A

    * DSP: 
    N/A

    * Memory: 
    N/A

    * FIFO: 
    N/A

    * Expression: 
    +----------------------------------------+----------+----+---+----+------------+------------+
    |              Variable Name             | Operation| DSP| FF| LUT| Bitwidth P0| Bitwidth P1|
    +----------------------------------------+----------+----+---+----+------------+------------+
    |add_ln100_1_fu_198_p2                   |         +|   0|  0|  64|          64|          64|
    |add_ln100_fu_176_p2                     |         +|   0|  0|  64|          64|          64|
    |add_ln101_fu_236_p2                     |         +|   0|  0|  71|          64|          64|
    |add_ln99_fu_170_p2                      |         +|   0|  0|  16|           9|           1|
    |ap_block_pp0_stage0_11001               |       and|   0|  0|   2|           1|           1|
    |ap_block_pp0_stage10_11001_grp4         |       and|   0|  0|   2|           1|           1|
    |ap_block_pp0_stage14_11001_grp5         |       and|   0|  0|   2|           1|           1|
    |ap_block_pp0_stage15_11001_grp6         |       and|   0|  0|   2|           1|           1|
    |ap_block_pp0_stage1_11001_grp1          |       and|   0|  0|   2|           1|           1|
    |ap_block_pp0_stage2_11001_grp2          |       and|   0|  0|   2|           1|           1|
    |ap_block_pp0_stage9_11001_grp3          |       and|   0|  0|   2|           1|           1|
    |ap_block_state10_pp0_stage9_iter0_grp3  |       and|   0|  0|   2|           1|           1|
    |ap_block_state15_io_grp5                |       and|   0|  0|   2|           1|           1|
    |ap_block_state16_io_grp6                |       and|   0|  0|   2|           1|           1|
    |ap_block_state2_io_grp1                 |       and|   0|  0|   2|           1|           1|
    |icmp_ln99_fu_164_p2                     |      icmp|   0|  0|  16|           9|           9|
    |ap_enable_pp0                           |       xor|   0|  0|   2|           1|           2|
    +----------------------------------------+----------+----+---+----+------------+------------+
    |Total                                   |          |   0|  0| 255|         222|         215|
    +----------------------------------------+----------+----+---+----+------------+------------+

    * Multiplexer: 
    +-----------------------------+-----+-----------+-----+-----------+
    |             Name            | LUT | Input Size| Bits| Total Bits|
    +-----------------------------+-----+-----------+-----+-----------+
    |ap_NS_fsm                    |  106|         21|    1|         21|
    |ap_done_int                  |    9|          2|    1|          2|
    |ap_enable_reg_pp0_iter0      |    9|          2|    1|          2|
    |ap_enable_reg_pp0_iter0_reg  |    9|          2|    1|          2|
    |ap_enable_reg_pp0_iter1      |    9|          2|    1|          2|
    |ap_sig_allocacmp_v33_1       |    9|          2|    9|         18|
    |g0_blk_n_AR                  |    9|          2|    1|          2|
    |g0_blk_n_AW                  |    9|          2|    1|          2|
    |g0_blk_n_B                   |    9|          2|    1|          2|
    |g0_blk_n_R                   |    9|          2|    1|          2|
    |g0_blk_n_W                   |    9|          2|    1|          2|
    |m_axi_g0_0_ARADDR            |   14|          3|   64|        192|
    |v33_fu_88                    |    9|          2|    9|         18|
    +-----------------------------+-----+-----------+-----+-----------+
    |Total                        |  219|         46|   92|        267|
    +-----------------------------+-----+-----------+-----+-----------+

    * Register: 
    +--------------------------------------------+----+----+-----+-----------+
    |                    Name                    | FF | LUT| Bits| Const Bits|
    +--------------------------------------------+----+----+-----+-----------+
    |ap_CS_fsm                                   |  20|   0|   20|          0|
    |ap_block_pp0_stage14_subdone_grp0_done_reg  |   1|   0|    1|          0|
    |ap_done_reg                                 |   1|   0|    1|          0|
    |ap_enable_reg_pp0_iter0_reg                 |   1|   0|    1|          0|
    |ap_enable_reg_pp0_iter1                     |   1|   0|    1|          0|
    |g0_addr_45_read_reg_310                     |  32|   0|   32|          0|
    |g0_addr_45_reg_296                          |  64|   0|   64|          0|
    |g0_addr_read_reg_305                        |  32|   0|   32|          0|
    |g0_addr_reg_290                             |  64|   0|   64|          0|
    |icmp_ln99_reg_286                           |   1|   0|    1|          0|
    |v33_fu_88                                   |   9|   0|    9|          0|
    |v36_reg_325                                 |  32|   0|   32|          0|
    +--------------------------------------------+----+----+-----+-----------+
    |Total                                       | 258|   0|  258|          0|
    +--------------------------------------------+----+----+-----+-----------+



================================================================
== Interface
================================================================
* Summary: 
+----------------------+-----+-----+------------+----------------------------------+--------------+
|       RTL Ports      | Dir | Bits|  Protocol  |           Source Object          |    C Type    |
+----------------------+-----+-----+------------+----------------------------------+--------------+
|ap_clk                |   in|    1|  ap_ctrl_hs|  control_Pipeline_VITIS_LOOP_99_2|  return value|
|ap_rst                |   in|    1|  ap_ctrl_hs|  control_Pipeline_VITIS_LOOP_99_2|  return value|
|ap_start              |   in|    1|  ap_ctrl_hs|  control_Pipeline_VITIS_LOOP_99_2|  return value|
|ap_done               |  out|    1|  ap_ctrl_hs|  control_Pipeline_VITIS_LOOP_99_2|  return value|
|ap_idle               |  out|    1|  ap_ctrl_hs|  control_Pipeline_VITIS_LOOP_99_2|  return value|
|ap_ready              |  out|    1|  ap_ctrl_hs|  control_Pipeline_VITIS_LOOP_99_2|  return value|
|grp_fu_7589_p_din0    |  out|   32|  ap_ctrl_hs|  control_Pipeline_VITIS_LOOP_99_2|  return value|
|grp_fu_7589_p_din1    |  out|   32|  ap_ctrl_hs|  control_Pipeline_VITIS_LOOP_99_2|  return value|
|grp_fu_7589_p_opcode  |  out|    1|  ap_ctrl_hs|  control_Pipeline_VITIS_LOOP_99_2|  return value|
|grp_fu_7589_p_dout0   |   in|   32|  ap_ctrl_hs|  control_Pipeline_VITIS_LOOP_99_2|  return value|
|grp_fu_7589_p_ce      |  out|    1|  ap_ctrl_hs|  control_Pipeline_VITIS_LOOP_99_2|  return value|
|m_axi_g0_0_AWVALID    |  out|    1|       m_axi|                                g0|       pointer|
|m_axi_g0_0_AWREADY    |   in|    1|       m_axi|                                g0|       pointer|
|m_axi_g0_0_AWADDR     |  out|   64|       m_axi|                                g0|       pointer|
|m_axi_g0_0_AWID       |  out|    1|       m_axi|                                g0|       pointer|
|m_axi_g0_0_AWLEN      |  out|   32|       m_axi|                                g0|       pointer|
|m_axi_g0_0_AWSIZE     |  out|    3|       m_axi|                                g0|       pointer|
|m_axi_g0_0_AWBURST    |  out|    2|       m_axi|                                g0|       pointer|
|m_axi_g0_0_AWLOCK     |  out|    2|       m_axi|                                g0|       pointer|
|m_axi_g0_0_AWCACHE    |  out|    4|       m_axi|                                g0|       pointer|
|m_axi_g0_0_AWPROT     |  out|    3|       m_axi|                                g0|       pointer|
|m_axi_g0_0_AWQOS      |  out|    4|       m_axi|                                g0|       pointer|
|m_axi_g0_0_AWREGION   |  out|    4|       m_axi|                                g0|       pointer|
|m_axi_g0_0_AWUSER     |  out|    1|       m_axi|                                g0|       pointer|
|m_axi_g0_0_WVALID     |  out|    1|       m_axi|                                g0|       pointer|
|m_axi_g0_0_WREADY     |   in|    1|       m_axi|                                g0|       pointer|
|m_axi_g0_0_WDATA      |  out|   32|       m_axi|                                g0|       pointer|
|m_axi_g0_0_WSTRB      |  out|    4|       m_axi|                                g0|       pointer|
|m_axi_g0_0_WLAST      |  out|    1|       m_axi|                                g0|       pointer|
|m_axi_g0_0_WID        |  out|    1|       m_axi|                                g0|       pointer|
|m_axi_g0_0_WUSER      |  out|    1|       m_axi|                                g0|       pointer|
|m_axi_g0_0_ARVALID    |  out|    1|       m_axi|                                g0|       pointer|
|m_axi_g0_0_ARREADY    |   in|    1|       m_axi|                                g0|       pointer|
|m_axi_g0_0_ARADDR     |  out|   64|       m_axi|                                g0|       pointer|
|m_axi_g0_0_ARID       |  out|    1|       m_axi|                                g0|       pointer|
|m_axi_g0_0_ARLEN      |  out|   32|       m_axi|                                g0|       pointer|
|m_axi_g0_0_ARSIZE     |  out|    3|       m_axi|                                g0|       pointer|
|m_axi_g0_0_ARBURST    |  out|    2|       m_axi|                                g0|       pointer|
|m_axi_g0_0_ARLOCK     |  out|    2|       m_axi|                                g0|       pointer|
|m_axi_g0_0_ARCACHE    |  out|    4|       m_axi|                                g0|       pointer|
|m_axi_g0_0_ARPROT     |  out|    3|       m_axi|                                g0|       pointer|
|m_axi_g0_0_ARQOS      |  out|    4|       m_axi|                                g0|       pointer|
|m_axi_g0_0_ARREGION   |  out|    4|       m_axi|                                g0|       pointer|
|m_axi_g0_0_ARUSER     |  out|    1|       m_axi|                                g0|       pointer|
|m_axi_g0_0_RVALID     |   in|    1|       m_axi|                                g0|       pointer|
|m_axi_g0_0_RREADY     |  out|    1|       m_axi|                                g0|       pointer|
|m_axi_g0_0_RDATA      |   in|   32|       m_axi|                                g0|       pointer|
|m_axi_g0_0_RLAST      |   in|    1|       m_axi|                                g0|       pointer|
|m_axi_g0_0_RID        |   in|    1|       m_axi|                                g0|       pointer|
|m_axi_g0_0_RFIFONUM   |   in|    9|       m_axi|                                g0|       pointer|
|m_axi_g0_0_RUSER      |   in|    1|       m_axi|                                g0|       pointer|
|m_axi_g0_0_RRESP      |   in|    2|       m_axi|                                g0|       pointer|
|m_axi_g0_0_BVALID     |   in|    1|       m_axi|                                g0|       pointer|
|m_axi_g0_0_BREADY     |  out|    1|       m_axi|                                g0|       pointer|
|m_axi_g0_0_BRESP      |   in|    2|       m_axi|                                g0|       pointer|
|m_axi_g0_0_BID        |   in|    1|       m_axi|                                g0|       pointer|
|m_axi_g0_0_BUSER      |   in|    1|       m_axi|                                g0|       pointer|
|zext_ln100            |   in|    8|     ap_none|                        zext_ln100|        scalar|
|v958                  |   in|   64|     ap_none|                              v958|        scalar|
|empty                 |   in|    3|     ap_none|                             empty|        scalar|
|v1159                 |   in|   64|     ap_none|                             v1159|        scalar|
+----------------------+-----+-----+------------+----------------------------------+--------------+

