

================================================================
== Vitis HLS Report for 'control_Pipeline_VITIS_LOOP_207_1_VITIS_LOOP_208_2_VITIS_LOOP_209_342'
================================================================
* Date:           Sun Jul 12 20:26:52 2026

* Version:        2025.2 (Build 6295257 on Nov 14 2025)
* Project:        spikingformer_proj
* Solution:       solution1 (Vivado IP Flow Target)
* Product family: zynquplus
* Target device:  xczu7ev-ffvc1156-2-e


================================================================
== Performance Estimates
================================================================
+ Timing: 
    * Summary: 
    +--------+----------+----------+------------+
    |  Clock |  Target  | Estimated| Uncertainty|
    +--------+----------+----------+------------+
    |ap_clk  |  10.00 ns|  7.300 ns|     2.70 ns|
    +--------+----------+----------+------------+

+ Latency: 
    * Summary: 
    +---------+---------+----------+----------+-----+-----+-------------------+
    |  Latency (cycles) |  Latency (absolute) |  Interval |      Pipeline     |
    |   min   |   max   |    min   |    max   | min | max |        Type       |
    +---------+---------+----------+----------+-----+-----+-------------------+
    |   196628|   196628|  1.966 ms|  1.966 ms|    0|    0|  loop pipeline stp|
    +---------+---------+----------+----------+-----+-----+-------------------+

    + Detail: 
        * Instance: 
        N/A

        * Loop: 
        +------------------------------------------------------+---------+---------+----------+-----------+-----------+-------+----------+
        |                                                      |  Latency (cycles) | Iteration|  Initiation Interval  |  Trip |          |
        |                       Loop Name                      |   min   |   max   |  Latency |  achieved |   target  | Count | Pipelined|
        +------------------------------------------------------+---------+---------+----------+-----------+-----------+-------+----------+
        |- VITIS_LOOP_207_1_VITIS_LOOP_208_2_VITIS_LOOP_209_3  |   196626|   196626|        21|          2|          1|  98304|       yes|
        +------------------------------------------------------+---------+---------+----------+-----------+-----------+-------+----------+



================================================================
== Utilization Estimates
================================================================
* Summary: 
+-----------------+---------+------+--------+--------+-----+
|       Name      | BRAM_18K|  DSP |   FF   |   LUT  | URAM|
+-----------------+---------+------+--------+--------+-----+
|DSP              |        -|     -|       -|       -|    -|
|Expression       |        -|     -|       0|     448|    -|
|FIFO             |        -|     -|       -|       -|    -|
|Instance         |        -|     -|       -|       -|    -|
|Memory           |        -|     -|       -|       -|    -|
|Multiplexer      |        -|     -|       0|     145|    -|
|Register         |        -|     -|     445|      32|    -|
+-----------------+---------+------+--------+--------+-----+
|Total            |        0|     0|     445|     625|    0|
+-----------------+---------+------+--------+--------+-----+
|Available        |      624|  1728|  460800|  230400|   96|
+-----------------+---------+------+--------+--------+-----+
|Utilization (%)  |        0|     0|      ~0|      ~0|    0|
+-----------------+---------+------+--------+--------+-----+

+ Detail: 
    * Instance: 
    N/A

    * DSP: 
    N/A

    * Memory: 
    N/A

    * FIFO: 
    N/A

    * Expression: 
    +--------------------------------+----------+----+---+----+------------+------------+
    |          Variable Name         | Operation| DSP| FF| LUT| Bitwidth P0| Bitwidth P1|
    +--------------------------------+----------+----+---+----+------------+------------+
    |add_ln207_2_fu_240_p2           |         +|   0|  0|  18|          11|           1|
    |add_ln207_fu_222_p2             |         +|   0|  0|  24|          17|           1|
    |add_ln208_2_fu_367_p2           |         +|   0|  0|  15|           8|           1|
    |add_ln208_fu_286_p2             |         +|   0|  0|  12|           4|           1|
    |add_ln209_fu_361_p2             |         +|   0|  0|  12|           4|           1|
    |add_ln213_2_fu_341_p2           |         +|   0|  0|  63|          63|          63|
    |add_ln213_fu_336_p2             |         +|   0|  0|  63|          63|          63|
    |add_ln214_2_fu_434_p2           |         +|   0|  0|  64|          64|          64|
    |add_ln214_fu_417_p2             |         +|   0|  0|  64|          64|          64|
    |and_ln207_fu_272_p2             |       and|   0|  0|   2|           1|           1|
    |ap_block_pp0_stage0_11001_grp1  |       and|   0|  0|   2|           1|           1|
    |ap_block_pp0_stage0_11001_grp3  |       and|   0|  0|   2|           1|           1|
    |ap_block_pp0_stage0_11001_grp6  |       and|   0|  0|   2|           1|           1|
    |ap_block_pp0_stage1_11001_grp2  |       and|   0|  0|   2|           1|           1|
    |ap_block_pp0_stage1_11001_grp4  |       and|   0|  0|   2|           1|           1|
    |ap_block_pp0_stage1_11001_grp5  |       and|   0|  0|   2|           1|           1|
    |ap_block_pp0_stage1_11001_grp7  |       and|   0|  0|   2|           1|           1|
    |ap_block_state3_io_grp1         |       and|   0|  0|   2|           1|           1|
    |ap_condition_662                |       and|   0|  0|   2|           1|           1|
    |ap_condition_666                |       and|   0|  0|   2|           1|           1|
    |icmp_ln207_fu_216_p2            |      icmp|   0|  0|  24|          17|          17|
    |icmp_ln208_fu_246_p2            |      icmp|   0|  0|  15|           8|           7|
    |icmp_ln209_fu_266_p2            |      icmp|   0|  0|  12|           4|           5|
    |ap_block_pp0_stage0_11001       |        or|   0|  0|   2|           1|           1|
    |ap_block_pp0_stage1_11001       |        or|   0|  0|   2|           1|           1|
    |empty_fu_292_p2                 |        or|   0|  0|   2|           1|           1|
    |select_ln207_2_fu_278_p3        |    select|   0|  0|  10|           1|          11|
    |select_ln207_fu_252_p3          |    select|   0|  0|   4|           1|           1|
    |select_ln208_2_fu_373_p3        |    select|   0|  0|   8|           1|           1|
    |select_ln208_fu_306_p3          |    select|   0|  0|   4|           1|           4|
    |v78_2_mid2_fu_298_p3            |    select|   0|  0|   4|           1|           1|
    |ap_enable_pp0                   |       xor|   0|  0|   2|           1|           2|
    |xor_ln207_fu_260_p2             |       xor|   0|  0|   2|           1|           2|
    +--------------------------------+----------+----+---+----+------------+------------+
    |Total                           |          |   0|  0| 448|         348|         324|
    +--------------------------------+----------+----+---+----+------------+------------+

    * Multiplexer: 
    +----------------------------+----+-----------+-----+-----------+
    |            Name            | LUT| Input Size| Bits| Total Bits|
    +----------------------------+----+-----------+-----+-----------+
    |ap_NS_fsm                   |  14|          3|    1|          3|
    |ap_done_int                 |   9|          2|    1|          2|
    |ap_enable_reg_pp0_iter0     |   9|          2|    1|          2|
    |ap_enable_reg_pp0_iter1     |   9|          2|    1|          2|
    |g0_blk_n_AR                 |   9|          2|    1|          2|
    |g0_blk_n_AW                 |   9|          2|    1|          2|
    |g0_blk_n_B                  |   9|          2|    1|          2|
    |g0_blk_n_R                  |   9|          2|    1|          2|
    |g0_blk_n_W                  |   9|          2|    1|          2|
    |indvar_flatten14694_fu_112  |   9|          2|    8|         16|
    |indvar_flatten14707_fu_120  |   9|          2|   17|         34|
    |m_axi_g0_0_ARADDR           |  14|          3|   64|        192|
    |v76_fu_116                  |   9|          2|   11|         22|
    |v77_fu_108                  |   9|          2|    4|          8|
    |v78_fu_104                  |   9|          2|    4|          8|
    +----------------------------+----+-----------+-----+-----------+
    |Total                       | 145|         32|  117|        299|
    +----------------------------+----+-----------+-----+-----------+

    * Register: 
    +-------------------------------------------+----+----+-----+-----------+
    |                    Name                   | FF | LUT| Bits| Const Bits|
    +-------------------------------------------+----+----+-----+-----------+
    |ap_CS_fsm                                  |   2|   0|    2|          0|
    |ap_block_pp0_stage0_subdone_grp0_done_reg  |   1|   0|    1|          0|
    |ap_block_pp0_stage0_subdone_grp1_done_reg  |   1|   0|    1|          0|
    |ap_block_pp0_stage0_subdone_grp3_done_reg  |   1|   0|    1|          0|
    |ap_block_pp0_stage0_subdone_grp6_done_reg  |   1|   0|    1|          0|
    |ap_block_pp0_stage1_subdone_grp0_done_reg  |   1|   0|    1|          0|
    |ap_block_pp0_stage1_subdone_grp2_done_reg  |   1|   0|    1|          0|
    |ap_block_pp0_stage1_subdone_grp4_done_reg  |   1|   0|    1|          0|
    |ap_block_pp0_stage1_subdone_grp5_done_reg  |   1|   0|    1|          0|
    |ap_block_pp0_stage1_subdone_grp7_done_reg  |   1|   0|    1|          0|
    |ap_done_reg                                |   1|   0|    1|          0|
    |ap_enable_reg_pp0_iter0_reg                |   1|   0|    1|          0|
    |ap_enable_reg_pp0_iter1                    |   1|   0|    1|          0|
    |ap_enable_reg_pp0_iter10                   |   1|   0|    1|          0|
    |ap_enable_reg_pp0_iter2                    |   1|   0|    1|          0|
    |ap_enable_reg_pp0_iter3                    |   1|   0|    1|          0|
    |ap_enable_reg_pp0_iter4                    |   1|   0|    1|          0|
    |ap_enable_reg_pp0_iter5                    |   1|   0|    1|          0|
    |ap_enable_reg_pp0_iter6                    |   1|   0|    1|          0|
    |ap_enable_reg_pp0_iter7                    |   1|   0|    1|          0|
    |ap_enable_reg_pp0_iter8                    |   1|   0|    1|          0|
    |ap_enable_reg_pp0_iter9                    |   1|   0|    1|          0|
    |ap_loop_exit_ready_pp0_iter1_reg           |   1|   0|    1|          0|
    |ap_loop_exit_ready_pp0_iter2_reg           |   1|   0|    1|          0|
    |ap_loop_exit_ready_pp0_iter3_reg           |   1|   0|    1|          0|
    |ap_loop_exit_ready_pp0_iter4_reg           |   1|   0|    1|          0|
    |ap_loop_exit_ready_pp0_iter5_reg           |   1|   0|    1|          0|
    |ap_loop_exit_ready_pp0_iter6_reg           |   1|   0|    1|          0|
    |ap_loop_exit_ready_pp0_iter7_reg           |   1|   0|    1|          0|
    |ap_loop_exit_ready_pp0_iter8_reg           |   1|   0|    1|          0|
    |ap_loop_exit_ready_pp0_iter9_reg           |   1|   0|    1|          0|
    |g0_addr_104_read_reg_556                   |  32|   0|   32|          0|
    |g0_addr_104_reg_542                        |  64|   0|   64|          0|
    |g0_addr_read_reg_551                       |  32|   0|   32|          0|
    |g0_addr_reg_531                            |  64|   0|   64|          0|
    |icmp_ln207_reg_517                         |   1|   0|    1|          0|
    |indvar_flatten14694_fu_112                 |   8|   0|    8|          0|
    |indvar_flatten14707_fu_120                 |  17|   0|   17|          0|
    |select_ln207_2_reg_521                     |  11|   0|   11|          0|
    |sext_ln615_4_cast_reg_512                  |  63|   0|   63|          0|
    |trunc_ln209_reg_526                        |   3|   0|    3|          0|
    |trunc_ln214_reg_537                        |   3|   0|    3|          0|
    |v76_fu_116                                 |  11|   0|   11|          0|
    |v77_fu_108                                 |   4|   0|    4|          0|
    |v78_fu_104                                 |   4|   0|    4|          0|
    |v81_reg_571                                |  32|   0|   32|          0|
    |g0_addr_104_reg_542                        |  64|  32|   64|          0|
    +-------------------------------------------+----+----+-----+-----------+
    |Total                                      | 445|  32|  445|          0|
    +-------------------------------------------+----+----+-----+-----------+



================================================================
== Interface
================================================================
* Summary: 
+----------------------+-----+-----+------------+-----------------------------------------------------------------------+--------------+
|       RTL Ports      | Dir | Bits|  Protocol  |                             Source Object                             |    C Type    |
+----------------------+-----+-----+------------+-----------------------------------------------------------------------+--------------+
|ap_clk                |   in|    1|  ap_ctrl_hs|  control_Pipeline_VITIS_LOOP_207_1_VITIS_LOOP_208_2_VITIS_LOOP_209_342|  return value|
|ap_rst                |   in|    1|  ap_ctrl_hs|  control_Pipeline_VITIS_LOOP_207_1_VITIS_LOOP_208_2_VITIS_LOOP_209_342|  return value|
|ap_start              |   in|    1|  ap_ctrl_hs|  control_Pipeline_VITIS_LOOP_207_1_VITIS_LOOP_208_2_VITIS_LOOP_209_342|  return value|
|ap_done               |  out|    1|  ap_ctrl_hs|  control_Pipeline_VITIS_LOOP_207_1_VITIS_LOOP_208_2_VITIS_LOOP_209_342|  return value|
|ap_idle               |  out|    1|  ap_ctrl_hs|  control_Pipeline_VITIS_LOOP_207_1_VITIS_LOOP_208_2_VITIS_LOOP_209_342|  return value|
|ap_ready              |  out|    1|  ap_ctrl_hs|  control_Pipeline_VITIS_LOOP_207_1_VITIS_LOOP_208_2_VITIS_LOOP_209_342|  return value|
|grp_fu_7589_p_din0    |  out|   32|  ap_ctrl_hs|  control_Pipeline_VITIS_LOOP_207_1_VITIS_LOOP_208_2_VITIS_LOOP_209_342|  return value|
|grp_fu_7589_p_din1    |  out|   32|  ap_ctrl_hs|  control_Pipeline_VITIS_LOOP_207_1_VITIS_LOOP_208_2_VITIS_LOOP_209_342|  return value|
|grp_fu_7589_p_opcode  |  out|    1|  ap_ctrl_hs|  control_Pipeline_VITIS_LOOP_207_1_VITIS_LOOP_208_2_VITIS_LOOP_209_342|  return value|
|grp_fu_7589_p_dout0   |   in|   32|  ap_ctrl_hs|  control_Pipeline_VITIS_LOOP_207_1_VITIS_LOOP_208_2_VITIS_LOOP_209_342|  return value|
|grp_fu_7589_p_ce      |  out|    1|  ap_ctrl_hs|  control_Pipeline_VITIS_LOOP_207_1_VITIS_LOOP_208_2_VITIS_LOOP_209_342|  return value|
|m_axi_g0_0_AWVALID    |  out|    1|       m_axi|                                                                     g0|       pointer|
|m_axi_g0_0_AWREADY    |   in|    1|       m_axi|                                                                     g0|       pointer|
|m_axi_g0_0_AWADDR     |  out|   64|       m_axi|                                                                     g0|       pointer|
|m_axi_g0_0_AWID       |  out|    1|       m_axi|                                                                     g0|       pointer|
|m_axi_g0_0_AWLEN      |  out|   32|       m_axi|                                                                     g0|       pointer|
|m_axi_g0_0_AWSIZE     |  out|    3|       m_axi|                                                                     g0|       pointer|
|m_axi_g0_0_AWBURST    |  out|    2|       m_axi|                                                                     g0|       pointer|
|m_axi_g0_0_AWLOCK     |  out|    2|       m_axi|                                                                     g0|       pointer|
|m_axi_g0_0_AWCACHE    |  out|    4|       m_axi|                                                                     g0|       pointer|
|m_axi_g0_0_AWPROT     |  out|    3|       m_axi|                                                                     g0|       pointer|
|m_axi_g0_0_AWQOS      |  out|    4|       m_axi|                                                                     g0|       pointer|
|m_axi_g0_0_AWREGION   |  out|    4|       m_axi|                                                                     g0|       pointer|
|m_axi_g0_0_AWUSER     |  out|    1|       m_axi|                                                                     g0|       pointer|
|m_axi_g0_0_WVALID     |  out|    1|       m_axi|                                                                     g0|       pointer|
|m_axi_g0_0_WREADY     |   in|    1|       m_axi|                                                                     g0|       pointer|
|m_axi_g0_0_WDATA      |  out|   32|       m_axi|                                                                     g0|       pointer|
|m_axi_g0_0_WSTRB      |  out|    4|       m_axi|                                                                     g0|       pointer|
|m_axi_g0_0_WLAST      |  out|    1|       m_axi|                                                                     g0|       pointer|
|m_axi_g0_0_WID        |  out|    1|       m_axi|                                                                     g0|       pointer|
|m_axi_g0_0_WUSER      |  out|    1|       m_axi|                                                                     g0|       pointer|
|m_axi_g0_0_ARVALID    |  out|    1|       m_axi|                                                                     g0|       pointer|
|m_axi_g0_0_ARREADY    |   in|    1|       m_axi|                                                                     g0|       pointer|
|m_axi_g0_0_ARADDR     |  out|   64|       m_axi|                                                                     g0|       pointer|
|m_axi_g0_0_ARID       |  out|    1|       m_axi|                                                                     g0|       pointer|
|m_axi_g0_0_ARLEN      |  out|   32|       m_axi|                                                                     g0|       pointer|
|m_axi_g0_0_ARSIZE     |  out|    3|       m_axi|                                                                     g0|       pointer|
|m_axi_g0_0_ARBURST    |  out|    2|       m_axi|                                                                     g0|       pointer|
|m_axi_g0_0_ARLOCK     |  out|    2|       m_axi|                                                                     g0|       pointer|
|m_axi_g0_0_ARCACHE    |  out|    4|       m_axi|                                                                     g0|       pointer|
|m_axi_g0_0_ARPROT     |  out|    3|       m_axi|                                                                     g0|       pointer|
|m_axi_g0_0_ARQOS      |  out|    4|       m_axi|                                                                     g0|       pointer|
|m_axi_g0_0_ARREGION   |  out|    4|       m_axi|                                                                     g0|       pointer|
|m_axi_g0_0_ARUSER     |  out|    1|       m_axi|                                                                     g0|       pointer|
|m_axi_g0_0_RVALID     |   in|    1|       m_axi|                                                                     g0|       pointer|
|m_axi_g0_0_RREADY     |  out|    1|       m_axi|                                                                     g0|       pointer|
|m_axi_g0_0_RDATA      |   in|   32|       m_axi|                                                                     g0|       pointer|
|m_axi_g0_0_RLAST      |   in|    1|       m_axi|                                                                     g0|       pointer|
|m_axi_g0_0_RID        |   in|    1|       m_axi|                                                                     g0|       pointer|
|m_axi_g0_0_RFIFONUM   |   in|    9|       m_axi|                                                                     g0|       pointer|
|m_axi_g0_0_RUSER      |   in|    1|       m_axi|                                                                     g0|       pointer|
|m_axi_g0_0_RRESP      |   in|    2|       m_axi|                                                                     g0|       pointer|
|m_axi_g0_0_BVALID     |   in|    1|       m_axi|                                                                     g0|       pointer|
|m_axi_g0_0_BREADY     |  out|    1|       m_axi|                                                                     g0|       pointer|
|m_axi_g0_0_BRESP      |   in|    2|       m_axi|                                                                     g0|       pointer|
|m_axi_g0_0_BID        |   in|    1|       m_axi|                                                                     g0|       pointer|
|m_axi_g0_0_BUSER      |   in|    1|       m_axi|                                                                     g0|       pointer|
|sext_ln615_1          |   in|   62|     ap_none|                                                           sext_ln615_1|        scalar|
|sext_ln2159           |   in|   62|     ap_none|                                                            sext_ln2159|        scalar|
|sext_ln615_4          |   in|   62|     ap_none|                                                           sext_ln615_4|        scalar|
|v1050                 |   in|   64|     ap_none|                                                                  v1050|        scalar|
+----------------------+-----+-----+------------+-----------------------------------------------------------------------+--------------+

