

================================================================
== Vitis HLS Report for 'control_Pipeline_VITIS_LOOP_1501_1_VITIS_LOOP_1502_2_VITIS_LOOP_1503_3'
================================================================
* Date:           Sun Jul 12 20:26:39 2026

* Version:        2025.2 (Build 6295257 on Nov 14 2025)
* Project:        spikingformer_proj
* Solution:       solution1 (Vivado IP Flow Target)
* Product family: zynquplus
* Target device:  xczu7ev-ffvc1156-2-e


================================================================
== Performance Estimates
================================================================
+ Timing: 
    * Summary: 
    +--------+----------+----------+------------+
    |  Clock |  Target  | Estimated| Uncertainty|
    +--------+----------+----------+------------+
    |ap_clk  |  10.00 ns|  7.300 ns|     2.70 ns|
    +--------+----------+----------+------------+

+ Latency: 
    * Summary: 
    +---------+---------+----------+----------+-----+-----+-------------------+
    |  Latency (cycles) |  Latency (absolute) |  Interval |      Pipeline     |
    |   min   |   max   |    min   |    max   | min | max |        Type       |
    +---------+---------+----------+----------+-----+-----+-------------------+
    |    49163|    49163|  0.492 ms|  0.492 ms|    0|    0|  loop pipeline stp|
    +---------+---------+----------+----------+-----+-----+-------------------+

    + Detail: 
        * Instance: 
        N/A

        * Loop: 
        +---------------------------------------------------------+---------+---------+----------+-----------+-----------+-------+----------+
        |                                                         |  Latency (cycles) | Iteration|  Initiation Interval  |  Trip |          |
        |                        Loop Name                        |   min   |   max   |  Latency |  achieved |   target  | Count | Pipelined|
        +---------------------------------------------------------+---------+---------+----------+-----------+-----------+-------+----------+
        |- VITIS_LOOP_1501_1_VITIS_LOOP_1502_2_VITIS_LOOP_1503_3  |    49161|    49161|        11|          1|          1|  49152|       yes|
        +---------------------------------------------------------+---------+---------+----------+-----------+-----------+-------+----------+



================================================================
== Utilization Estimates
================================================================
* Summary: 
+-----------------+---------+------+--------+--------+-----+
|       Name      | BRAM_18K|  DSP |   FF   |   LUT  | URAM|
+-----------------+---------+------+--------+--------+-----+
|DSP              |        -|     1|       -|       -|    -|
|Expression       |        -|     -|       0|     321|    -|
|FIFO             |        -|     -|       -|       -|    -|
|Instance         |        -|     -|       -|       -|    -|
|Memory           |        -|     -|       -|       -|    -|
|Multiplexer      |        -|     -|       0|     117|    -|
|Register         |        -|     -|     365|      96|    -|
+-----------------+---------+------+--------+--------+-----+
|Total            |        0|     1|     365|     534|    0|
+-----------------+---------+------+--------+--------+-----+
|Available        |      624|  1728|  460800|  230400|   96|
+-----------------+---------+------+--------+--------+-----+
|Utilization (%)  |        0|    ~0|      ~0|      ~0|    0|
+-----------------+---------+------+--------+--------+-----+

+ Detail: 
    * Instance: 
    N/A

    * DSP: 
    +------------------------------------+-------------------------------+--------------+
    |              Instance              |             Module            |  Expression  |
    +------------------------------------+-------------------------------+--------------+
    |mac_muladd_9ns_8ns_22s_22_4_1_U255  |mac_muladd_9ns_8ns_22s_22_4_1  |  i0 + i1 * i2|
    +------------------------------------+-------------------------------+--------------+

    * Memory: 
    N/A

    * FIFO: 
    N/A

    * Expression: 
    +-----------------------------------------+----------+----+---+----+------------+------------+
    |              Variable Name              | Operation| DSP| FF| LUT| Bitwidth P0| Bitwidth P1|
    +-----------------------------------------+----------+----+---+----+------------+------------+
    |add_ln1501_1_fu_225_p2                   |         +|   0|  0|  23|          16|           1|
    |add_ln1501_fu_234_p2                     |         +|   0|  0|  15|           8|           1|
    |add_ln1502_fu_314_p2                     |         +|   0|  0|  17|          10|           1|
    |add_ln1508_1_fu_431_p2                   |         +|   0|  0|  71|          64|          64|
    |add_ln1508_2_fu_358_p2                   |         +|   0|  0|  12|           5|           1|
    |add_ln1508_3_fu_395_p2                   |         +|   0|  0|  17|          10|          10|
    |add_ln1508_5_fu_288_p2                   |         +|   0|  0|  12|           5|           1|
    |grp_fu_462_p2                            |         +|   0|  0|  29|          22|          22|
    |and_ln1501_fu_264_p2                     |       and|   0|  0|   2|           1|           1|
    |ap_block_pp0_stage0_01001_grp2           |       and|   0|  0|   2|           1|           1|
    |ap_block_pp0_stage0_11001_grp1           |       and|   0|  0|   2|           1|           1|
    |ap_block_pp0_stage0_11001_grp4           |       and|   0|  0|   2|           1|           1|
    |ap_block_state12_pp0_stage0_iter11_grp4  |       and|   0|  0|   2|           1|           1|
    |ap_block_state6_io_grp1                  |       and|   0|  0|   2|           1|           1|
    |icmp_ln1501_fu_219_p2                    |      icmp|   0|  0|  23|          16|          16|
    |icmp_ln1502_fu_240_p2                    |      icmp|   0|  0|  17|          10|           9|
    |icmp_ln1503_1_fu_308_p2                  |      icmp|   0|  0|  13|           5|           6|
    |icmp_ln1503_fu_258_p2                    |      icmp|   0|  0|  13|           5|           6|
    |ap_block_pp0_stage0_11001                |        or|   0|  0|   2|           1|           1|
    |ap_block_pp0_stage0_11001_grp2           |        or|   0|  0|   2|           1|           1|
    |first_iter_74_mid2_fu_278_p2             |        or|   0|  0|   2|           1|           1|
    |or_ln1501_fu_246_p2                      |        or|   0|  0|   2|           1|           1|
    |or_ln1508_fu_294_p2                      |        or|   0|  0|   2|           1|           1|
    |select_ln1501_1_fu_270_p3                |    select|   0|  0|   8|           1|           8|
    |select_ln1501_fu_351_p3                  |    select|   0|  0|   5|           1|           1|
    |select_ln1502_1_fu_320_p3                |    select|   0|  0|  10|           1|           1|
    |select_ln1502_fu_364_p3                  |    select|   0|  0|   5|           1|           5|
    |select_ln1508_fu_300_p3                  |    select|   0|  0|   5|           1|           1|
    |ap_enable_pp0                            |       xor|   0|  0|   2|           1|           2|
    |xor_ln1501_fu_252_p2                     |       xor|   0|  0|   2|           1|           2|
    +-----------------------------------------+----------+----+---+----+------------+------------+
    |Total                                    |          |   0|  0| 321|         194|         169|
    +-----------------------------------------+----------+----+---+----+------------+------------+

    * Multiplexer: 
    +----------------------------------------+----+-----------+-----+-----------+
    |                  Name                  | LUT| Input Size| Bits| Total Bits|
    +----------------------------------------+----+-----------+-----+-----------+
    |ap_done_int                             |   9|          2|    1|          2|
    |ap_enable_reg_pp0_iter1                 |   9|          2|    1|          2|
    |ap_enable_reg_pp0_iter2                 |   9|          2|    1|          2|
    |ap_phi_mux_first_iter_74_phi_fu_173_p4  |   9|          2|    1|          2|
    |g0_blk_n_AW                             |   9|          2|    1|          2|
    |g0_blk_n_B                              |   9|          2|    1|          2|
    |g0_blk_n_R                              |   9|          2|    1|          2|
    |g0_blk_n_W                              |   9|          2|    1|          2|
    |indvar_flatten13541_fu_114              |   9|          2|   10|         20|
    |indvar_flatten13555_fu_122              |   9|          2|   16|         32|
    |v614_fu_118                             |   9|          2|    8|         16|
    |v615_fu_110                             |   9|          2|    5|         10|
    |v616_fu_106                             |   9|          2|    5|         10|
    +----------------------------------------+----+-----------+-----+-----------+
    |Total                                   | 117|         26|   52|        104|
    +----------------------------------------+----+-----------+-----+-----------+

    * Register: 
    +-------------------------------------------+----+----+-----+-----------+
    |                    Name                   | FF | LUT| Bits| Const Bits|
    +-------------------------------------------+----+----+-----+-----------+
    |and_ln1501_reg_525                         |   1|   0|    1|          0|
    |and_ln1501_reg_525_pp0_iter2_reg           |   1|   0|    1|          0|
    |ap_CS_fsm                                  |   1|   0|    1|          0|
    |ap_block_pp0_stage0_subdone_grp1_done_reg  |   1|   0|    1|          0|
    |ap_block_pp0_stage0_subdone_grp2_done_reg  |   1|   0|    1|          0|
    |ap_block_pp0_stage0_subdone_grp4_done_reg  |   1|   0|    1|          0|
    |ap_done_reg                                |   1|   0|    1|          0|
    |ap_enable_reg_pp0_iter1                    |   1|   0|    1|          0|
    |ap_enable_reg_pp0_iter10                   |   1|   0|    1|          0|
    |ap_enable_reg_pp0_iter11                   |   1|   0|    1|          0|
    |ap_enable_reg_pp0_iter2                    |   1|   0|    1|          0|
    |ap_enable_reg_pp0_iter3                    |   1|   0|    1|          0|
    |ap_enable_reg_pp0_iter4                    |   1|   0|    1|          0|
    |ap_enable_reg_pp0_iter5                    |   1|   0|    1|          0|
    |ap_enable_reg_pp0_iter6                    |   1|   0|    1|          0|
    |ap_enable_reg_pp0_iter7                    |   1|   0|    1|          0|
    |ap_enable_reg_pp0_iter8                    |   1|   0|    1|          0|
    |ap_enable_reg_pp0_iter9                    |   1|   0|    1|          0|
    |ap_loop_exit_ready_pp0_iter10_reg          |   1|   0|    1|          0|
    |ap_loop_exit_ready_pp0_iter2_reg           |   1|   0|    1|          0|
    |ap_loop_exit_ready_pp0_iter3_reg           |   1|   0|    1|          0|
    |ap_loop_exit_ready_pp0_iter4_reg           |   1|   0|    1|          0|
    |ap_loop_exit_ready_pp0_iter5_reg           |   1|   0|    1|          0|
    |ap_loop_exit_ready_pp0_iter6_reg           |   1|   0|    1|          0|
    |ap_loop_exit_ready_pp0_iter7_reg           |   1|   0|    1|          0|
    |ap_loop_exit_ready_pp0_iter8_reg           |   1|   0|    1|          0|
    |ap_loop_exit_ready_pp0_iter9_reg           |   1|   0|    1|          0|
    |first_iter_74_mid2_reg_530                 |   1|   0|    1|          0|
    |first_iter_74_reg_169                      |   1|   0|    1|          0|
    |g0_addr_129_reg_548                        |  64|   0|   64|          0|
    |icmp_ln1501_reg_516                        |   1|   0|    1|          0|
    |icmp_ln1502_reg_520                        |   1|   0|    1|          0|
    |icmp_ln1502_reg_520_pp0_iter2_reg          |   1|   0|    1|          0|
    |icmp_ln1503_1_reg_539                      |   1|   0|    1|          0|
    |indvar_flatten13541_fu_114                 |  10|   0|   10|          0|
    |indvar_flatten13555_fu_122                 |  16|   0|   16|          0|
    |v614_fu_118                                |   8|   0|    8|          0|
    |v615_fu_110                                |   5|   0|    5|          0|
    |v616_fu_106                                |   5|   0|    5|          0|
    |v617_reg_555                               |  32|   0|   32|          0|
    |first_iter_74_mid2_reg_530                 |  64|  32|    1|          0|
    |icmp_ln1501_reg_516                        |  64|  32|    1|          0|
    |icmp_ln1503_1_reg_539                      |  64|  32|    1|          0|
    +-------------------------------------------+----+----+-----+-----------+
    |Total                                      | 365|  96|  176|          0|
    +-------------------------------------------+----+----+-----+-----------+



================================================================
== Interface
================================================================
* Summary: 
+---------------------+-----+-----+------------+------------------------------------------------------------------------+--------------+
|      RTL Ports      | Dir | Bits|  Protocol  |                              Source Object                             |    C Type    |
+---------------------+-----+-----+------------+------------------------------------------------------------------------+--------------+
|ap_clk               |   in|    1|  ap_ctrl_hs|  control_Pipeline_VITIS_LOOP_1501_1_VITIS_LOOP_1502_2_VITIS_LOOP_1503_3|  return value|
|ap_rst               |   in|    1|  ap_ctrl_hs|  control_Pipeline_VITIS_LOOP_1501_1_VITIS_LOOP_1502_2_VITIS_LOOP_1503_3|  return value|
|ap_start             |   in|    1|  ap_ctrl_hs|  control_Pipeline_VITIS_LOOP_1501_1_VITIS_LOOP_1502_2_VITIS_LOOP_1503_3|  return value|
|ap_done              |  out|    1|  ap_ctrl_hs|  control_Pipeline_VITIS_LOOP_1501_1_VITIS_LOOP_1502_2_VITIS_LOOP_1503_3|  return value|
|ap_idle              |  out|    1|  ap_ctrl_hs|  control_Pipeline_VITIS_LOOP_1501_1_VITIS_LOOP_1502_2_VITIS_LOOP_1503_3|  return value|
|ap_ready             |  out|    1|  ap_ctrl_hs|  control_Pipeline_VITIS_LOOP_1501_1_VITIS_LOOP_1502_2_VITIS_LOOP_1503_3|  return value|
|m_axi_g0_0_AWVALID   |  out|    1|       m_axi|                                                                      g0|       pointer|
|m_axi_g0_0_AWREADY   |   in|    1|       m_axi|                                                                      g0|       pointer|
|m_axi_g0_0_AWADDR    |  out|   64|       m_axi|                                                                      g0|       pointer|
|m_axi_g0_0_AWID      |  out|    1|       m_axi|                                                                      g0|       pointer|
|m_axi_g0_0_AWLEN     |  out|   32|       m_axi|                                                                      g0|       pointer|
|m_axi_g0_0_AWSIZE    |  out|    3|       m_axi|                                                                      g0|       pointer|
|m_axi_g0_0_AWBURST   |  out|    2|       m_axi|                                                                      g0|       pointer|
|m_axi_g0_0_AWLOCK    |  out|    2|       m_axi|                                                                      g0|       pointer|
|m_axi_g0_0_AWCACHE   |  out|    4|       m_axi|                                                                      g0|       pointer|
|m_axi_g0_0_AWPROT    |  out|    3|       m_axi|                                                                      g0|       pointer|
|m_axi_g0_0_AWQOS     |  out|    4|       m_axi|                                                                      g0|       pointer|
|m_axi_g0_0_AWREGION  |  out|    4|       m_axi|                                                                      g0|       pointer|
|m_axi_g0_0_AWUSER    |  out|    1|       m_axi|                                                                      g0|       pointer|
|m_axi_g0_0_WVALID    |  out|    1|       m_axi|                                                                      g0|       pointer|
|m_axi_g0_0_WREADY    |   in|    1|       m_axi|                                                                      g0|       pointer|
|m_axi_g0_0_WDATA     |  out|   32|       m_axi|                                                                      g0|       pointer|
|m_axi_g0_0_WSTRB     |  out|    4|       m_axi|                                                                      g0|       pointer|
|m_axi_g0_0_WLAST     |  out|    1|       m_axi|                                                                      g0|       pointer|
|m_axi_g0_0_WID       |  out|    1|       m_axi|                                                                      g0|       pointer|
|m_axi_g0_0_WUSER     |  out|    1|       m_axi|                                                                      g0|       pointer|
|m_axi_g0_0_ARVALID   |  out|    1|       m_axi|                                                                      g0|       pointer|
|m_axi_g0_0_ARREADY   |   in|    1|       m_axi|                                                                      g0|       pointer|
|m_axi_g0_0_ARADDR    |  out|   64|       m_axi|                                                                      g0|       pointer|
|m_axi_g0_0_ARID      |  out|    1|       m_axi|                                                                      g0|       pointer|
|m_axi_g0_0_ARLEN     |  out|   32|       m_axi|                                                                      g0|       pointer|
|m_axi_g0_0_ARSIZE    |  out|    3|       m_axi|                                                                      g0|       pointer|
|m_axi_g0_0_ARBURST   |  out|    2|       m_axi|                                                                      g0|       pointer|
|m_axi_g0_0_ARLOCK    |  out|    2|       m_axi|                                                                      g0|       pointer|
|m_axi_g0_0_ARCACHE   |  out|    4|       m_axi|                                                                      g0|       pointer|
|m_axi_g0_0_ARPROT    |  out|    3|       m_axi|                                                                      g0|       pointer|
|m_axi_g0_0_ARQOS     |  out|    4|       m_axi|                                                                      g0|       pointer|
|m_axi_g0_0_ARREGION  |  out|    4|       m_axi|                                                                      g0|       pointer|
|m_axi_g0_0_ARUSER    |  out|    1|       m_axi|                                                                      g0|       pointer|
|m_axi_g0_0_RVALID    |   in|    1|       m_axi|                                                                      g0|       pointer|
|m_axi_g0_0_RREADY    |  out|    1|       m_axi|                                                                      g0|       pointer|
|m_axi_g0_0_RDATA     |   in|   32|       m_axi|                                                                      g0|       pointer|
|m_axi_g0_0_RLAST     |   in|    1|       m_axi|                                                                      g0|       pointer|
|m_axi_g0_0_RID       |   in|    1|       m_axi|                                                                      g0|       pointer|
|m_axi_g0_0_RFIFONUM  |   in|    9|       m_axi|                                                                      g0|       pointer|
|m_axi_g0_0_RUSER     |   in|    1|       m_axi|                                                                      g0|       pointer|
|m_axi_g0_0_RRESP     |   in|    2|       m_axi|                                                                      g0|       pointer|
|m_axi_g0_0_BVALID    |   in|    1|       m_axi|                                                                      g0|       pointer|
|m_axi_g0_0_BREADY    |  out|    1|       m_axi|                                                                      g0|       pointer|
|m_axi_g0_0_BRESP     |   in|    2|       m_axi|                                                                      g0|       pointer|
|m_axi_g0_0_BID       |   in|    1|       m_axi|                                                                      g0|       pointer|
|m_axi_g0_0_BUSER     |   in|    1|       m_axi|                                                                      g0|       pointer|
|sext_ln2265          |   in|   62|     ap_none|                                                             sext_ln2265|        scalar|
|sext_ln2299          |   in|   62|     ap_none|                                                             sext_ln2299|        scalar|
|v944                 |   in|   64|     ap_none|                                                                    v944|        scalar|
+---------------------+-----+-----+------------+------------------------------------------------------------------------+--------------+

