

================================================================
== Vitis HLS Report for 'control_Pipeline_VITIS_LOOP_248_1_VITIS_LOOP_249_2_VITIS_LOOP_250_324'
================================================================
* Date:           Sun Jul 12 20:26:50 2026

* Version:        2025.2 (Build 6295257 on Nov 14 2025)
* Project:        spikingformer_proj
* Solution:       solution1 (Vivado IP Flow Target)
* Product family: zynquplus
* Target device:  xczu7ev-ffvc1156-2-e


================================================================
== Performance Estimates
================================================================
+ Timing: 
    * Summary: 
    +--------+----------+----------+------------+
    |  Clock |  Target  | Estimated| Uncertainty|
    +--------+----------+----------+------------+
    |ap_clk  |  10.00 ns|  7.300 ns|     2.70 ns|
    +--------+----------+----------+------------+

+ Latency: 
    * Summary: 
    +---------+---------+----------+----------+-----+-----+-------------------+
    |  Latency (cycles) |  Latency (absolute) |  Interval |      Pipeline     |
    |   min   |   max   |    min   |    max   | min | max |        Type       |
    +---------+---------+----------+----------+-----+-----+-------------------+
    |   196625|   196625|  1.966 ms|  1.966 ms|    0|    0|  loop pipeline stp|
    +---------+---------+----------+----------+-----+-----+-------------------+

    + Detail: 
        * Instance: 
        N/A

        * Loop: 
        +------------------------------------------------------+---------+---------+----------+-----------+-----------+-------+----------+
        |                                                      |  Latency (cycles) | Iteration|  Initiation Interval  |  Trip |          |
        |                       Loop Name                      |   min   |   max   |  Latency |  achieved |   target  | Count | Pipelined|
        +------------------------------------------------------+---------+---------+----------+-----------+-----------+-------+----------+
        |- VITIS_LOOP_248_1_VITIS_LOOP_249_2_VITIS_LOOP_250_3  |   196623|   196623|        18|          2|          1|  98304|       yes|
        +------------------------------------------------------+---------+---------+----------+-----------+-----------+-------+----------+



================================================================
== Utilization Estimates
================================================================
* Summary: 
+-----------------+---------+------+--------+--------+-----+
|       Name      | BRAM_18K|  DSP |   FF   |   LUT  | URAM|
+-----------------+---------+------+--------+--------+-----+
|DSP              |        -|     -|       -|       -|    -|
|Expression       |        -|     -|       0|     529|    -|
|FIFO             |        -|     -|       -|       -|    -|
|Instance         |        -|     -|       -|       -|    -|
|Memory           |        -|     -|       -|       -|    -|
|Multiplexer      |        -|     -|       0|     226|    -|
|Register         |        -|     -|     509|      64|    -|
+-----------------+---------+------+--------+--------+-----+
|Total            |        0|     0|     509|     819|    0|
+-----------------+---------+------+--------+--------+-----+
|Available        |      624|  1728|  460800|  230400|   96|
+-----------------+---------+------+--------+--------+-----+
|Utilization (%)  |        0|     0|      ~0|      ~0|    0|
+-----------------+---------+------+--------+--------+-----+

+ Detail: 
    * Instance: 
    N/A

    * DSP: 
    N/A

    * Memory: 
    N/A

    * FIFO: 
    N/A

    * Expression: 
    +--------------------------------+----------+----+---+----+------------+------------+
    |          Variable Name         | Operation| DSP| FF| LUT| Bitwidth P0| Bitwidth P1|
    +--------------------------------+----------+----+---+----+------------+------------+
    |add_ln248_1_fu_257_p2           |         +|   0|  0|  18|          11|           1|
    |add_ln248_fu_239_p2             |         +|   0|  0|  24|          17|           1|
    |add_ln249_1_fu_303_p2           |         +|   0|  0|  12|           4|           1|
    |add_ln249_fu_402_p2             |         +|   0|  0|  15|           8|           1|
    |add_ln250_fu_396_p2             |         +|   0|  0|  12|           4|           1|
    |add_ln254_2_fu_351_p2           |         +|   0|  0|  64|          64|          64|
    |add_ln254_fu_370_p2             |         +|   0|  0|  64|          64|          64|
    |add_ln255_1_fu_461_p2           |         +|   0|  0|  63|          63|          63|
    |add_ln255_fu_456_p2             |         +|   0|  0|  63|          63|          63|
    |and_ln248_fu_289_p2             |       and|   0|  0|   2|           1|           1|
    |ap_block_pp0_stage0_11001_grp1  |       and|   0|  0|   2|           1|           1|
    |ap_block_pp0_stage0_11001_grp3  |       and|   0|  0|   2|           1|           1|
    |ap_block_pp0_stage0_11001_grp5  |       and|   0|  0|   2|           1|           1|
    |ap_block_pp0_stage0_11001_grp7  |       and|   0|  0|   2|           1|           1|
    |ap_block_pp0_stage1_11001_grp2  |       and|   0|  0|   2|           1|           1|
    |ap_block_pp0_stage1_11001_grp4  |       and|   0|  0|   2|           1|           1|
    |ap_block_pp0_stage1_11001_grp6  |       and|   0|  0|   2|           1|           1|
    |ap_block_state3_io_grp1         |       and|   0|  0|   2|           1|           1|
    |ap_condition_693                |       and|   0|  0|   2|           1|           1|
    |ap_condition_697                |       and|   0|  0|   2|           1|           1|
    |v99_fu_510_p2                   |       and|   0|  0|   2|           1|           1|
    |icmp_ln248_fu_233_p2            |      icmp|   0|  0|  24|          17|          17|
    |icmp_ln249_fu_263_p2            |      icmp|   0|  0|  15|           8|           7|
    |icmp_ln250_fu_283_p2            |      icmp|   0|  0|  12|           4|           5|
    |icmp_ln256_2_fu_496_p2          |      icmp|   0|  0|  15|           8|           2|
    |icmp_ln256_fu_501_p2            |      icmp|   0|  0|  30|          23|           1|
    |ap_block_pp0_stage0_11001       |        or|   0|  0|   2|           1|           1|
    |ap_block_pp0_stage1_11001       |        or|   0|  0|   2|           1|           1|
    |empty_fu_309_p2                 |        or|   0|  0|   2|           1|           1|
    |or_ln256_fu_506_p2              |        or|   0|  0|   2|           1|           1|
    |select_ln248_2_fu_269_p3        |    select|   0|  0|   4|           1|           1|
    |select_ln248_fu_295_p3          |    select|   0|  0|  10|           1|          11|
    |select_ln249_2_fu_323_p3        |    select|   0|  0|   4|           1|           4|
    |select_ln249_fu_408_p3          |    select|   0|  0|   8|           1|           1|
    |select_ln258_fu_516_p3          |    select|   0|  0|  32|           1|          32|
    |v96_1_mid2_fu_315_p3            |    select|   0|  0|   4|           1|           1|
    |ap_enable_pp0                   |       xor|   0|  0|   2|           1|           2|
    |xor_ln248_fu_277_p2             |       xor|   0|  0|   2|           1|           2|
    +--------------------------------+----------+----+---+----+------------+------------+
    |Total                           |          |   0|  0| 529|         382|         361|
    +--------------------------------+----------+----+---+----+------------+------------+

    * Multiplexer: 
    +----------------------------------+----+-----------+-----+-----------+
    |               Name               | LUT| Input Size| Bits| Total Bits|
    +----------------------------------+----+-----------+-----+-----------+
    |ap_NS_fsm                         |  14|          3|    1|          3|
    |ap_done_int                       |   9|          2|    1|          2|
    |ap_enable_reg_pp0_iter0           |   9|          2|    1|          2|
    |ap_enable_reg_pp0_iter1           |   9|          2|    1|          2|
    |ap_enable_reg_pp0_iter9           |   9|          2|    1|          2|
    |ap_loop_exit_ready_pp0_iter1_reg  |   9|          2|    1|          2|
    |ap_loop_exit_ready_pp0_iter2_reg  |   9|          2|    1|          2|
    |ap_loop_exit_ready_pp0_iter3_reg  |   9|          2|    1|          2|
    |ap_loop_exit_ready_pp0_iter4_reg  |   9|          2|    1|          2|
    |ap_loop_exit_ready_pp0_iter5_reg  |   9|          2|    1|          2|
    |ap_loop_exit_ready_pp0_iter6_reg  |   9|          2|    1|          2|
    |ap_loop_exit_ready_pp0_iter7_reg  |   9|          2|    1|          2|
    |ap_loop_exit_ready_pp0_iter8_reg  |   9|          2|    1|          2|
    |g0_blk_n_AR                       |   9|          2|    1|          2|
    |g0_blk_n_AW                       |   9|          2|    1|          2|
    |g0_blk_n_B                        |   9|          2|    1|          2|
    |g0_blk_n_R                        |   9|          2|    1|          2|
    |g0_blk_n_W                        |   9|          2|    1|          2|
    |indvar_flatten14431_fu_124        |   9|          2|    8|         16|
    |indvar_flatten14444_fu_132        |   9|          2|   17|         34|
    |m_axi_g0_0_ARADDR                 |  14|          3|   64|        192|
    |v94_fu_128                        |   9|          2|   11|         22|
    |v95_fu_120                        |   9|          2|    4|          8|
    |v96_fu_116                        |   9|          2|    4|          8|
    +----------------------------------+----+-----------+-----+-----------+
    |Total                             | 226|         50|  126|        317|
    +----------------------------------+----+-----------+-----+-----------+

    * Register: 
    +-------------------------------------------+----+----+-----+-----------+
    |                    Name                   | FF | LUT| Bits| Const Bits|
    +-------------------------------------------+----+----+-----+-----------+
    |ap_CS_fsm                                  |   2|   0|    2|          0|
    |ap_block_pp0_stage0_subdone_grp0_done_reg  |   1|   0|    1|          0|
    |ap_block_pp0_stage0_subdone_grp1_done_reg  |   1|   0|    1|          0|
    |ap_block_pp0_stage0_subdone_grp3_done_reg  |   1|   0|    1|          0|
    |ap_block_pp0_stage0_subdone_grp5_done_reg  |   1|   0|    1|          0|
    |ap_block_pp0_stage0_subdone_grp7_done_reg  |   1|   0|    1|          0|
    |ap_block_pp0_stage1_subdone_grp0_done_reg  |   1|   0|    1|          0|
    |ap_block_pp0_stage1_subdone_grp2_done_reg  |   1|   0|    1|          0|
    |ap_block_pp0_stage1_subdone_grp4_done_reg  |   1|   0|    1|          0|
    |ap_block_pp0_stage1_subdone_grp6_done_reg  |   1|   0|    1|          0|
    |ap_done_reg                                |   1|   0|    1|          0|
    |ap_enable_reg_pp0_iter0_reg                |   1|   0|    1|          0|
    |ap_enable_reg_pp0_iter1                    |   1|   0|    1|          0|
    |ap_enable_reg_pp0_iter2                    |   1|   0|    1|          0|
    |ap_enable_reg_pp0_iter3                    |   1|   0|    1|          0|
    |ap_enable_reg_pp0_iter4                    |   1|   0|    1|          0|
    |ap_enable_reg_pp0_iter5                    |   1|   0|    1|          0|
    |ap_enable_reg_pp0_iter6                    |   1|   0|    1|          0|
    |ap_enable_reg_pp0_iter7                    |   1|   0|    1|          0|
    |ap_enable_reg_pp0_iter8                    |   1|   0|    1|          0|
    |ap_enable_reg_pp0_iter9                    |   1|   0|    1|          0|
    |ap_loop_exit_ready_pp0_iter1_reg           |   1|   0|    1|          0|
    |ap_loop_exit_ready_pp0_iter2_reg           |   1|   0|    1|          0|
    |ap_loop_exit_ready_pp0_iter3_reg           |   1|   0|    1|          0|
    |ap_loop_exit_ready_pp0_iter4_reg           |   1|   0|    1|          0|
    |ap_loop_exit_ready_pp0_iter5_reg           |   1|   0|    1|          0|
    |ap_loop_exit_ready_pp0_iter6_reg           |   1|   0|    1|          0|
    |ap_loop_exit_ready_pp0_iter7_reg           |   1|   0|    1|          0|
    |ap_loop_exit_ready_pp0_iter8_reg           |   1|   0|    1|          0|
    |g0_addr_90_reg_597                         |  64|   0|   64|          0|
    |g0_addr_reg_588                            |  64|   0|   64|          0|
    |icmp_ln248_reg_569                         |   1|   0|    1|          0|
    |icmp_ln256_2_reg_618                       |   1|   0|    1|          0|
    |icmp_ln256_reg_623                         |   1|   0|    1|          0|
    |indvar_flatten14431_fu_124                 |   8|   0|    8|          0|
    |indvar_flatten14444_fu_132                 |  17|   0|   17|          0|
    |reg_197                                    |  32|   0|   32|          0|
    |select_ln248_reg_573                       |  11|   0|   11|          0|
    |select_ln258_reg_628                       |  32|   0|   32|          0|
    |sext_ln273_1_cast_reg_564                  |  63|   0|   63|          0|
    |tmp_s_reg_603                              |   8|   0|    8|          0|
    |trunc_ln250_reg_583                        |   3|   0|    3|          0|
    |trunc_ln256_reg_608                        |  23|   0|   23|          0|
    |v94_fu_128                                 |  11|   0|   11|          0|
    |v95_fu_120                                 |   4|   0|    4|          0|
    |v96_1_mid2_reg_578                         |   4|   0|    4|          0|
    |v96_fu_116                                 |   4|   0|    4|          0|
    |g0_addr_reg_588                            |  64|  32|   64|          0|
    |icmp_ln248_reg_569                         |  64|  32|    1|          0|
    +-------------------------------------------+----+----+-----+-----------+
    |Total                                      | 509|  64|  446|          0|
    +-------------------------------------------+----+----+-----+-----------+



================================================================
== Interface
================================================================
* Summary: 
+----------------------+-----+-----+------------+-----------------------------------------------------------------------+--------------+
|       RTL Ports      | Dir | Bits|  Protocol  |                             Source Object                             |    C Type    |
+----------------------+-----+-----+------------+-----------------------------------------------------------------------+--------------+
|ap_clk                |   in|    1|  ap_ctrl_hs|  control_Pipeline_VITIS_LOOP_248_1_VITIS_LOOP_249_2_VITIS_LOOP_250_324|  return value|
|ap_rst                |   in|    1|  ap_ctrl_hs|  control_Pipeline_VITIS_LOOP_248_1_VITIS_LOOP_249_2_VITIS_LOOP_250_324|  return value|
|ap_start              |   in|    1|  ap_ctrl_hs|  control_Pipeline_VITIS_LOOP_248_1_VITIS_LOOP_249_2_VITIS_LOOP_250_324|  return value|
|ap_done               |  out|    1|  ap_ctrl_hs|  control_Pipeline_VITIS_LOOP_248_1_VITIS_LOOP_249_2_VITIS_LOOP_250_324|  return value|
|ap_idle               |  out|    1|  ap_ctrl_hs|  control_Pipeline_VITIS_LOOP_248_1_VITIS_LOOP_249_2_VITIS_LOOP_250_324|  return value|
|ap_ready              |  out|    1|  ap_ctrl_hs|  control_Pipeline_VITIS_LOOP_248_1_VITIS_LOOP_249_2_VITIS_LOOP_250_324|  return value|
|grp_fu_7597_p_din0    |  out|   32|  ap_ctrl_hs|  control_Pipeline_VITIS_LOOP_248_1_VITIS_LOOP_249_2_VITIS_LOOP_250_324|  return value|
|grp_fu_7597_p_din1    |  out|   32|  ap_ctrl_hs|  control_Pipeline_VITIS_LOOP_248_1_VITIS_LOOP_249_2_VITIS_LOOP_250_324|  return value|
|grp_fu_7597_p_opcode  |  out|    5|  ap_ctrl_hs|  control_Pipeline_VITIS_LOOP_248_1_VITIS_LOOP_249_2_VITIS_LOOP_250_324|  return value|
|grp_fu_7597_p_dout0   |   in|    1|  ap_ctrl_hs|  control_Pipeline_VITIS_LOOP_248_1_VITIS_LOOP_249_2_VITIS_LOOP_250_324|  return value|
|grp_fu_7597_p_ce      |  out|    1|  ap_ctrl_hs|  control_Pipeline_VITIS_LOOP_248_1_VITIS_LOOP_249_2_VITIS_LOOP_250_324|  return value|
|m_axi_g0_0_AWVALID    |  out|    1|       m_axi|                                                                     g0|       pointer|
|m_axi_g0_0_AWREADY    |   in|    1|       m_axi|                                                                     g0|       pointer|
|m_axi_g0_0_AWADDR     |  out|   64|       m_axi|                                                                     g0|       pointer|
|m_axi_g0_0_AWID       |  out|    1|       m_axi|                                                                     g0|       pointer|
|m_axi_g0_0_AWLEN      |  out|   32|       m_axi|                                                                     g0|       pointer|
|m_axi_g0_0_AWSIZE     |  out|    3|       m_axi|                                                                     g0|       pointer|
|m_axi_g0_0_AWBURST    |  out|    2|       m_axi|                                                                     g0|       pointer|
|m_axi_g0_0_AWLOCK     |  out|    2|       m_axi|                                                                     g0|       pointer|
|m_axi_g0_0_AWCACHE    |  out|    4|       m_axi|                                                                     g0|       pointer|
|m_axi_g0_0_AWPROT     |  out|    3|       m_axi|                                                                     g0|       pointer|
|m_axi_g0_0_AWQOS      |  out|    4|       m_axi|                                                                     g0|       pointer|
|m_axi_g0_0_AWREGION   |  out|    4|       m_axi|                                                                     g0|       pointer|
|m_axi_g0_0_AWUSER     |  out|    1|       m_axi|                                                                     g0|       pointer|
|m_axi_g0_0_WVALID     |  out|    1|       m_axi|                                                                     g0|       pointer|
|m_axi_g0_0_WREADY     |   in|    1|       m_axi|                                                                     g0|       pointer|
|m_axi_g0_0_WDATA      |  out|   32|       m_axi|                                                                     g0|       pointer|
|m_axi_g0_0_WSTRB      |  out|    4|       m_axi|                                                                     g0|       pointer|
|m_axi_g0_0_WLAST      |  out|    1|       m_axi|                                                                     g0|       pointer|
|m_axi_g0_0_WID        |  out|    1|       m_axi|                                                                     g0|       pointer|
|m_axi_g0_0_WUSER      |  out|    1|       m_axi|                                                                     g0|       pointer|
|m_axi_g0_0_ARVALID    |  out|    1|       m_axi|                                                                     g0|       pointer|
|m_axi_g0_0_ARREADY    |   in|    1|       m_axi|                                                                     g0|       pointer|
|m_axi_g0_0_ARADDR     |  out|   64|       m_axi|                                                                     g0|       pointer|
|m_axi_g0_0_ARID       |  out|    1|       m_axi|                                                                     g0|       pointer|
|m_axi_g0_0_ARLEN      |  out|   32|       m_axi|                                                                     g0|       pointer|
|m_axi_g0_0_ARSIZE     |  out|    3|       m_axi|                                                                     g0|       pointer|
|m_axi_g0_0_ARBURST    |  out|    2|       m_axi|                                                                     g0|       pointer|
|m_axi_g0_0_ARLOCK     |  out|    2|       m_axi|                                                                     g0|       pointer|
|m_axi_g0_0_ARCACHE    |  out|    4|       m_axi|                                                                     g0|       pointer|
|m_axi_g0_0_ARPROT     |  out|    3|       m_axi|                                                                     g0|       pointer|
|m_axi_g0_0_ARQOS      |  out|    4|       m_axi|                                                                     g0|       pointer|
|m_axi_g0_0_ARREGION   |  out|    4|       m_axi|                                                                     g0|       pointer|
|m_axi_g0_0_ARUSER     |  out|    1|       m_axi|                                                                     g0|       pointer|
|m_axi_g0_0_RVALID     |   in|    1|       m_axi|                                                                     g0|       pointer|
|m_axi_g0_0_RREADY     |  out|    1|       m_axi|                                                                     g0|       pointer|
|m_axi_g0_0_RDATA      |   in|   32|       m_axi|                                                                     g0|       pointer|
|m_axi_g0_0_RLAST      |   in|    1|       m_axi|                                                                     g0|       pointer|
|m_axi_g0_0_RID        |   in|    1|       m_axi|                                                                     g0|       pointer|
|m_axi_g0_0_RFIFONUM   |   in|    9|       m_axi|                                                                     g0|       pointer|
|m_axi_g0_0_RUSER      |   in|    1|       m_axi|                                                                     g0|       pointer|
|m_axi_g0_0_RRESP      |   in|    2|       m_axi|                                                                     g0|       pointer|
|m_axi_g0_0_BVALID     |   in|    1|       m_axi|                                                                     g0|       pointer|
|m_axi_g0_0_BREADY     |  out|    1|       m_axi|                                                                     g0|       pointer|
|m_axi_g0_0_BRESP      |   in|    2|       m_axi|                                                                     g0|       pointer|
|m_axi_g0_0_BID        |   in|    1|       m_axi|                                                                     g0|       pointer|
|m_axi_g0_0_BUSER      |   in|    1|       m_axi|                                                                     g0|       pointer|
|sext_ln2159           |   in|   62|     ap_none|                                                            sext_ln2159|        scalar|
|sext_ln273            |   in|   62|     ap_none|                                                             sext_ln273|        scalar|
|v1050                 |   in|   64|     ap_none|                                                                  v1050|        scalar|
|sext_ln273_1          |   in|   62|     ap_none|                                                           sext_ln273_1|        scalar|
+----------------------+-----+-----+------------+-----------------------------------------------------------------------+--------------+

