

================================================================
== Vitis HLS Report for 'control_Pipeline_VITIS_LOOP_1267_1_VITIS_LOOP_1268_2_VITIS_LOOP_1269_3'
================================================================
* Date:           Sun Jul 12 20:26:41 2026

* Version:        2025.2 (Build 6295257 on Nov 14 2025)
* Project:        spikingformer_proj
* Solution:       solution1 (Vivado IP Flow Target)
* Product family: zynquplus
* Target device:  xczu7ev-ffvc1156-2-e


================================================================
== Performance Estimates
================================================================
+ Timing: 
    * Summary: 
    +--------+----------+----------+------------+
    |  Clock |  Target  | Estimated| Uncertainty|
    +--------+----------+----------+------------+
    |ap_clk  |  10.00 ns|  7.300 ns|     2.70 ns|
    +--------+----------+----------+------------+

+ Latency: 
    * Summary: 
    +---------+---------+----------+----------+-----+-----+-------------------+
    |  Latency (cycles) |  Latency (absolute) |  Interval |      Pipeline     |
    |   min   |   max   |    min   |    max   | min | max |        Type       |
    +---------+---------+----------+----------+-----+-----+-------------------+
    |    98315|    98315|  0.983 ms|  0.983 ms|    0|    0|  loop pipeline stp|
    +---------+---------+----------+----------+-----+-----+-------------------+

    + Detail: 
        * Instance: 
        N/A

        * Loop: 
        +---------------------------------------------------------+---------+---------+----------+-----------+-----------+-------+----------+
        |                                                         |  Latency (cycles) | Iteration|  Initiation Interval  |  Trip |          |
        |                        Loop Name                        |   min   |   max   |  Latency |  achieved |   target  | Count | Pipelined|
        +---------------------------------------------------------+---------+---------+----------+-----------+-----------+-------+----------+
        |- VITIS_LOOP_1267_1_VITIS_LOOP_1268_2_VITIS_LOOP_1269_3  |    98313|    98313|        11|          1|          1|  98304|       yes|
        +---------------------------------------------------------+---------+---------+----------+-----------+-----------+-------+----------+



================================================================
== Utilization Estimates
================================================================
* Summary: 
+-----------------+---------+------+--------+--------+-----+
|       Name      | BRAM_18K|  DSP |   FF   |   LUT  | URAM|
+-----------------+---------+------+--------+--------+-----+
|DSP              |        -|     1|       -|       -|    -|
|Expression       |        -|     -|       0|     325|    -|
|FIFO             |        -|     -|       -|       -|    -|
|Instance         |        -|     -|       -|       -|    -|
|Memory           |        -|     -|       -|       -|    -|
|Multiplexer      |        -|     -|       0|     117|    -|
|Register         |        -|     -|     367|      96|    -|
+-----------------+---------+------+--------+--------+-----+
|Total            |        0|     1|     367|     538|    0|
+-----------------+---------+------+--------+--------+-----+
|Available        |      624|  1728|  460800|  230400|   96|
+-----------------+---------+------+--------+--------+-----+
|Utilization (%)  |        0|    ~0|      ~0|      ~0|    0|
+-----------------+---------+------+--------+--------+-----+

+ Detail: 
    * Instance: 
    N/A

    * DSP: 
    +------------------------------------+-------------------------------+--------------+
    |              Instance              |             Module            |  Expression  |
    +------------------------------------+-------------------------------+--------------+
    |mac_muladd_9ns_9ns_22s_22_4_1_U334  |mac_muladd_9ns_9ns_22s_22_4_1  |  i0 + i1 * i2|
    +------------------------------------+-------------------------------+--------------+

    * Memory: 
    N/A

    * FIFO: 
    N/A

    * Expression: 
    +-----------------------------------------+----------+----+---+----+------------+------------+
    |              Variable Name              | Operation| DSP| FF| LUT| Bitwidth P0| Bitwidth P1|
    +-----------------------------------------+----------+----+---+----+------------+------------+
    |add_ln1267_1_fu_217_p2                   |         +|   0|  0|  24|          17|           1|
    |add_ln1267_fu_226_p2                     |         +|   0|  0|  16|           9|           1|
    |add_ln1268_fu_306_p2                     |         +|   0|  0|  17|          10|           1|
    |add_ln1272_1_fu_423_p2                   |         +|   0|  0|  71|          64|          64|
    |add_ln1272_2_fu_350_p2                   |         +|   0|  0|  12|           5|           1|
    |add_ln1272_3_fu_387_p2                   |         +|   0|  0|  17|          10|          10|
    |add_ln1272_5_fu_280_p2                   |         +|   0|  0|  12|           5|           1|
    |grp_fu_454_p2                            |         +|   0|  0|  29|          22|          22|
    |and_ln1267_fu_256_p2                     |       and|   0|  0|   2|           1|           1|
    |ap_block_pp0_stage0_01001_grp2           |       and|   0|  0|   2|           1|           1|
    |ap_block_pp0_stage0_11001_grp1           |       and|   0|  0|   2|           1|           1|
    |ap_block_pp0_stage0_11001_grp4           |       and|   0|  0|   2|           1|           1|
    |ap_block_state12_pp0_stage0_iter11_grp4  |       and|   0|  0|   2|           1|           1|
    |ap_block_state6_io_grp1                  |       and|   0|  0|   2|           1|           1|
    |icmp_ln1267_fu_211_p2                    |      icmp|   0|  0|  24|          17|          17|
    |icmp_ln1268_fu_232_p2                    |      icmp|   0|  0|  17|          10|           9|
    |icmp_ln1269_1_fu_300_p2                  |      icmp|   0|  0|  13|           5|           6|
    |icmp_ln1269_fu_250_p2                    |      icmp|   0|  0|  13|           5|           6|
    |ap_block_pp0_stage0_11001                |        or|   0|  0|   2|           1|           1|
    |ap_block_pp0_stage0_11001_grp2           |        or|   0|  0|   2|           1|           1|
    |first_iter_95_mid2_fu_270_p2             |        or|   0|  0|   2|           1|           1|
    |or_ln1267_fu_238_p2                      |        or|   0|  0|   2|           1|           1|
    |or_ln1272_fu_286_p2                      |        or|   0|  0|   2|           1|           1|
    |select_ln1267_1_fu_262_p3                |    select|   0|  0|   9|           1|           9|
    |select_ln1267_fu_343_p3                  |    select|   0|  0|   5|           1|           1|
    |select_ln1268_1_fu_312_p3                |    select|   0|  0|  10|           1|           1|
    |select_ln1268_fu_356_p3                  |    select|   0|  0|   5|           1|           5|
    |select_ln1272_fu_292_p3                  |    select|   0|  0|   5|           1|           1|
    |ap_enable_pp0                            |       xor|   0|  0|   2|           1|           2|
    |xor_ln1267_fu_244_p2                     |       xor|   0|  0|   2|           1|           2|
    +-----------------------------------------+----------+----+---+----+------------+------------+
    |Total                                    |          |   0|  0| 325|         197|         171|
    +-----------------------------------------+----------+----+---+----+------------+------------+

    * Multiplexer: 
    +----------------------------------------+----+-----------+-----+-----------+
    |                  Name                  | LUT| Input Size| Bits| Total Bits|
    +----------------------------------------+----+-----------+-----+-----------+
    |ap_done_int                             |   9|          2|    1|          2|
    |ap_enable_reg_pp0_iter1                 |   9|          2|    1|          2|
    |ap_enable_reg_pp0_iter2                 |   9|          2|    1|          2|
    |ap_phi_mux_first_iter_95_phi_fu_165_p4  |   9|          2|    1|          2|
    |g0_blk_n_AW                             |   9|          2|    1|          2|
    |g0_blk_n_B                              |   9|          2|    1|          2|
    |g0_blk_n_R                              |   9|          2|    1|          2|
    |g0_blk_n_W                              |   9|          2|    1|          2|
    |indvar_flatten13785_fu_112              |   9|          2|   10|         20|
    |indvar_flatten13799_fu_120              |   9|          2|   17|         34|
    |v516_fu_116                             |   9|          2|    9|         18|
    |v517_fu_108                             |   9|          2|    5|         10|
    |v518_fu_104                             |   9|          2|    5|         10|
    +----------------------------------------+----+-----------+-----+-----------+
    |Total                                   | 117|         26|   54|        108|
    +----------------------------------------+----+-----------+-----+-----------+

    * Register: 
    +-------------------------------------------+----+----+-----+-----------+
    |                    Name                   | FF | LUT| Bits| Const Bits|
    +-------------------------------------------+----+----+-----+-----------+
    |and_ln1267_reg_517                         |   1|   0|    1|          0|
    |and_ln1267_reg_517_pp0_iter2_reg           |   1|   0|    1|          0|
    |ap_CS_fsm                                  |   1|   0|    1|          0|
    |ap_block_pp0_stage0_subdone_grp1_done_reg  |   1|   0|    1|          0|
    |ap_block_pp0_stage0_subdone_grp2_done_reg  |   1|   0|    1|          0|
    |ap_block_pp0_stage0_subdone_grp4_done_reg  |   1|   0|    1|          0|
    |ap_done_reg                                |   1|   0|    1|          0|
    |ap_enable_reg_pp0_iter1                    |   1|   0|    1|          0|
    |ap_enable_reg_pp0_iter10                   |   1|   0|    1|          0|
    |ap_enable_reg_pp0_iter11                   |   1|   0|    1|          0|
    |ap_enable_reg_pp0_iter2                    |   1|   0|    1|          0|
    |ap_enable_reg_pp0_iter3                    |   1|   0|    1|          0|
    |ap_enable_reg_pp0_iter4                    |   1|   0|    1|          0|
    |ap_enable_reg_pp0_iter5                    |   1|   0|    1|          0|
    |ap_enable_reg_pp0_iter6                    |   1|   0|    1|          0|
    |ap_enable_reg_pp0_iter7                    |   1|   0|    1|          0|
    |ap_enable_reg_pp0_iter8                    |   1|   0|    1|          0|
    |ap_enable_reg_pp0_iter9                    |   1|   0|    1|          0|
    |ap_loop_exit_ready_pp0_iter10_reg          |   1|   0|    1|          0|
    |ap_loop_exit_ready_pp0_iter2_reg           |   1|   0|    1|          0|
    |ap_loop_exit_ready_pp0_iter3_reg           |   1|   0|    1|          0|
    |ap_loop_exit_ready_pp0_iter4_reg           |   1|   0|    1|          0|
    |ap_loop_exit_ready_pp0_iter5_reg           |   1|   0|    1|          0|
    |ap_loop_exit_ready_pp0_iter6_reg           |   1|   0|    1|          0|
    |ap_loop_exit_ready_pp0_iter7_reg           |   1|   0|    1|          0|
    |ap_loop_exit_ready_pp0_iter8_reg           |   1|   0|    1|          0|
    |ap_loop_exit_ready_pp0_iter9_reg           |   1|   0|    1|          0|
    |first_iter_95_mid2_reg_522                 |   1|   0|    1|          0|
    |first_iter_95_reg_161                      |   1|   0|    1|          0|
    |g0_addr_139_reg_540                        |  64|   0|   64|          0|
    |icmp_ln1267_reg_508                        |   1|   0|    1|          0|
    |icmp_ln1268_reg_512                        |   1|   0|    1|          0|
    |icmp_ln1268_reg_512_pp0_iter2_reg          |   1|   0|    1|          0|
    |icmp_ln1269_1_reg_531                      |   1|   0|    1|          0|
    |indvar_flatten13785_fu_112                 |  10|   0|   10|          0|
    |indvar_flatten13799_fu_120                 |  17|   0|   17|          0|
    |v516_fu_116                                |   9|   0|    9|          0|
    |v517_fu_108                                |   5|   0|    5|          0|
    |v518_fu_104                                |   5|   0|    5|          0|
    |v519_reg_547                               |  32|   0|   32|          0|
    |first_iter_95_mid2_reg_522                 |  64|  32|    1|          0|
    |icmp_ln1267_reg_508                        |  64|  32|    1|          0|
    |icmp_ln1269_1_reg_531                      |  64|  32|    1|          0|
    +-------------------------------------------+----+----+-----+-----------+
    |Total                                      | 367|  96|  178|          0|
    +-------------------------------------------+----+----+-----+-----------+



================================================================
== Interface
================================================================
* Summary: 
+---------------------+-----+-----+------------+------------------------------------------------------------------------+--------------+
|      RTL Ports      | Dir | Bits|  Protocol  |                              Source Object                             |    C Type    |
+---------------------+-----+-----+------------+------------------------------------------------------------------------+--------------+
|ap_clk               |   in|    1|  ap_ctrl_hs|  control_Pipeline_VITIS_LOOP_1267_1_VITIS_LOOP_1268_2_VITIS_LOOP_1269_3|  return value|
|ap_rst               |   in|    1|  ap_ctrl_hs|  control_Pipeline_VITIS_LOOP_1267_1_VITIS_LOOP_1268_2_VITIS_LOOP_1269_3|  return value|
|ap_start             |   in|    1|  ap_ctrl_hs|  control_Pipeline_VITIS_LOOP_1267_1_VITIS_LOOP_1268_2_VITIS_LOOP_1269_3|  return value|
|ap_done              |  out|    1|  ap_ctrl_hs|  control_Pipeline_VITIS_LOOP_1267_1_VITIS_LOOP_1268_2_VITIS_LOOP_1269_3|  return value|
|ap_idle              |  out|    1|  ap_ctrl_hs|  control_Pipeline_VITIS_LOOP_1267_1_VITIS_LOOP_1268_2_VITIS_LOOP_1269_3|  return value|
|ap_ready             |  out|    1|  ap_ctrl_hs|  control_Pipeline_VITIS_LOOP_1267_1_VITIS_LOOP_1268_2_VITIS_LOOP_1269_3|  return value|
|m_axi_g0_0_AWVALID   |  out|    1|       m_axi|                                                                      g0|       pointer|
|m_axi_g0_0_AWREADY   |   in|    1|       m_axi|                                                                      g0|       pointer|
|m_axi_g0_0_AWADDR    |  out|   64|       m_axi|                                                                      g0|       pointer|
|m_axi_g0_0_AWID      |  out|    1|       m_axi|                                                                      g0|       pointer|
|m_axi_g0_0_AWLEN     |  out|   32|       m_axi|                                                                      g0|       pointer|
|m_axi_g0_0_AWSIZE    |  out|    3|       m_axi|                                                                      g0|       pointer|
|m_axi_g0_0_AWBURST   |  out|    2|       m_axi|                                                                      g0|       pointer|
|m_axi_g0_0_AWLOCK    |  out|    2|       m_axi|                                                                      g0|       pointer|
|m_axi_g0_0_AWCACHE   |  out|    4|       m_axi|                                                                      g0|       pointer|
|m_axi_g0_0_AWPROT    |  out|    3|       m_axi|                                                                      g0|       pointer|
|m_axi_g0_0_AWQOS     |  out|    4|       m_axi|                                                                      g0|       pointer|
|m_axi_g0_0_AWREGION  |  out|    4|       m_axi|                                                                      g0|       pointer|
|m_axi_g0_0_AWUSER    |  out|    1|       m_axi|                                                                      g0|       pointer|
|m_axi_g0_0_WVALID    |  out|    1|       m_axi|                                                                      g0|       pointer|
|m_axi_g0_0_WREADY    |   in|    1|       m_axi|                                                                      g0|       pointer|
|m_axi_g0_0_WDATA     |  out|   32|       m_axi|                                                                      g0|       pointer|
|m_axi_g0_0_WSTRB     |  out|    4|       m_axi|                                                                      g0|       pointer|
|m_axi_g0_0_WLAST     |  out|    1|       m_axi|                                                                      g0|       pointer|
|m_axi_g0_0_WID       |  out|    1|       m_axi|                                                                      g0|       pointer|
|m_axi_g0_0_WUSER     |  out|    1|       m_axi|                                                                      g0|       pointer|
|m_axi_g0_0_ARVALID   |  out|    1|       m_axi|                                                                      g0|       pointer|
|m_axi_g0_0_ARREADY   |   in|    1|       m_axi|                                                                      g0|       pointer|
|m_axi_g0_0_ARADDR    |  out|   64|       m_axi|                                                                      g0|       pointer|
|m_axi_g0_0_ARID      |  out|    1|       m_axi|                                                                      g0|       pointer|
|m_axi_g0_0_ARLEN     |  out|   32|       m_axi|                                                                      g0|       pointer|
|m_axi_g0_0_ARSIZE    |  out|    3|       m_axi|                                                                      g0|       pointer|
|m_axi_g0_0_ARBURST   |  out|    2|       m_axi|                                                                      g0|       pointer|
|m_axi_g0_0_ARLOCK    |  out|    2|       m_axi|                                                                      g0|       pointer|
|m_axi_g0_0_ARCACHE   |  out|    4|       m_axi|                                                                      g0|       pointer|
|m_axi_g0_0_ARPROT    |  out|    3|       m_axi|                                                                      g0|       pointer|
|m_axi_g0_0_ARQOS     |  out|    4|       m_axi|                                                                      g0|       pointer|
|m_axi_g0_0_ARREGION  |  out|    4|       m_axi|                                                                      g0|       pointer|
|m_axi_g0_0_ARUSER    |  out|    1|       m_axi|                                                                      g0|       pointer|
|m_axi_g0_0_RVALID    |   in|    1|       m_axi|                                                                      g0|       pointer|
|m_axi_g0_0_RREADY    |  out|    1|       m_axi|                                                                      g0|       pointer|
|m_axi_g0_0_RDATA     |   in|   32|       m_axi|                                                                      g0|       pointer|
|m_axi_g0_0_RLAST     |   in|    1|       m_axi|                                                                      g0|       pointer|
|m_axi_g0_0_RID       |   in|    1|       m_axi|                                                                      g0|       pointer|
|m_axi_g0_0_RFIFONUM  |   in|    9|       m_axi|                                                                      g0|       pointer|
|m_axi_g0_0_RUSER     |   in|    1|       m_axi|                                                                      g0|       pointer|
|m_axi_g0_0_RRESP     |   in|    2|       m_axi|                                                                      g0|       pointer|
|m_axi_g0_0_BVALID    |   in|    1|       m_axi|                                                                      g0|       pointer|
|m_axi_g0_0_BREADY    |  out|    1|       m_axi|                                                                      g0|       pointer|
|m_axi_g0_0_BRESP     |   in|    2|       m_axi|                                                                      g0|       pointer|
|m_axi_g0_0_BID       |   in|    1|       m_axi|                                                                      g0|       pointer|
|m_axi_g0_0_BUSER     |   in|    1|       m_axi|                                                                      g0|       pointer|
|sext_ln1882          |   in|   62|     ap_none|                                                             sext_ln1882|        scalar|
|v944                 |   in|   64|     ap_none|                                                                    v944|        scalar|
+---------------------+-----+-----+------------+------------------------------------------------------------------------+--------------+

