

================================================================
== Vitis HLS Report for 'control_Pipeline_VITIS_LOOP_751_1_VITIS_LOOP_752_2_VITIS_LOOP_753_3'
================================================================
* Date:           Sun Jul 12 20:26:45 2026

* Version:        2025.2 (Build 6295257 on Nov 14 2025)
* Project:        spikingformer_proj
* Solution:       solution1 (Vivado IP Flow Target)
* Product family: zynquplus
* Target device:  xczu7ev-ffvc1156-2-e


================================================================
== Performance Estimates
================================================================
+ Timing: 
    * Summary: 
    +--------+----------+----------+------------+
    |  Clock |  Target  | Estimated| Uncertainty|
    +--------+----------+----------+------------+
    |ap_clk  |  10.00 ns|  7.300 ns|     2.70 ns|
    +--------+----------+----------+------------+

+ Latency: 
    * Summary: 
    +---------+---------+----------+----------+-----+-----+-------------------+
    |  Latency (cycles) |  Latency (absolute) |  Interval |      Pipeline     |
    |   min   |   max   |    min   |    max   | min | max |        Type       |
    +---------+---------+----------+----------+-----+-----+-------------------+
    |    24587|    24587|  0.246 ms|  0.246 ms|    0|    0|  loop pipeline stp|
    +---------+---------+----------+----------+-----+-----+-------------------+

    + Detail: 
        * Instance: 
        N/A

        * Loop: 
        +------------------------------------------------------+---------+---------+----------+-----------+-----------+-------+----------+
        |                                                      |  Latency (cycles) | Iteration|  Initiation Interval  |  Trip |          |
        |                       Loop Name                      |   min   |   max   |  Latency |  achieved |   target  | Count | Pipelined|
        +------------------------------------------------------+---------+---------+----------+-----------+-----------+-------+----------+
        |- VITIS_LOOP_751_1_VITIS_LOOP_752_2_VITIS_LOOP_753_3  |    24585|    24585|        11|          1|          1|  24576|       yes|
        +------------------------------------------------------+---------+---------+----------+-----------+-----------+-------+----------+



================================================================
== Utilization Estimates
================================================================
* Summary: 
+-----------------+---------+------+--------+--------+-----+
|       Name      | BRAM_18K|  DSP |   FF   |   LUT  | URAM|
+-----------------+---------+------+--------+--------+-----+
|DSP              |        -|     -|       -|       -|    -|
|Expression       |        -|     -|       0|     290|    -|
|FIFO             |        -|     -|       -|       -|    -|
|Instance         |        -|     -|       -|       -|    -|
|Memory           |        -|     -|       -|       -|    -|
|Multiplexer      |        -|     -|       0|     108|    -|
|Register         |        -|     -|     229|      32|    -|
+-----------------+---------+------+--------+--------+-----+
|Total            |        0|     0|     229|     430|    0|
+-----------------+---------+------+--------+--------+-----+
|Available        |      624|  1728|  460800|  230400|   96|
+-----------------+---------+------+--------+--------+-----+
|Utilization (%)  |        0|     0|      ~0|      ~0|    0|
+-----------------+---------+------+--------+--------+-----+

+ Detail: 
    * Instance: 
    N/A

    * DSP: 
    N/A

    * Memory: 
    N/A

    * FIFO: 
    N/A

    * Expression: 
    +-----------------------------------------+----------+----+---+----+------------+------------+
    |              Variable Name              | Operation| DSP| FF| LUT| Bitwidth P0| Bitwidth P1|
    +-----------------------------------------+----------+----+---+----+------------+------------+
    |add_ln751_3_fu_222_p2                    |         +|   0|  0|  22|          15|           1|
    |add_ln751_fu_234_p2                      |         +|   0|  0|  14|           7|           1|
    |add_ln752_3_fu_397_p2                    |         +|   0|  0|  17|          10|           1|
    |add_ln752_fu_286_p2                      |         +|   0|  0|  12|           4|           1|
    |add_ln753_1_fu_352_p2                    |         +|   0|  0|  71|          64|          64|
    |add_ln753_3_fu_377_p2                    |         +|   0|  0|  13|           6|           1|
    |add_ln753_fu_322_p2                      |         +|   0|  0|  31|          24|          24|
    |and_ln751_fu_272_p2                      |       and|   0|  0|   2|           1|           1|
    |ap_block_pp0_stage0_01001_grp2           |       and|   0|  0|   2|           1|           1|
    |ap_block_pp0_stage0_11001_grp1           |       and|   0|  0|   2|           1|           1|
    |ap_block_state11_pp0_stage0_iter10_grp2  |       and|   0|  0|   2|           1|           1|
    |ap_block_state12_io_grp2                 |       and|   0|  0|   2|           1|           1|
    |ap_block_state3_io_grp1                  |       and|   0|  0|   2|           1|           1|
    |icmp_ln751_fu_216_p2                     |      icmp|   0|  0|  22|          15|          15|
    |icmp_ln752_fu_240_p2                     |      icmp|   0|  0|  17|          10|           9|
    |icmp_ln753_fu_266_p2                     |      icmp|   0|  0|  14|           6|           7|
    |ap_block_pp0_stage0_11001                |        or|   0|  0|   2|           1|           1|
    |ap_block_pp0_stage0_11001_grp2           |        or|   0|  0|   2|           1|           1|
    |first_iter_107_mid2_fu_292_p2            |        or|   0|  0|   2|           1|           1|
    |or_ln751_fu_254_p2                       |        or|   0|  0|   2|           1|           1|
    |or_ln753_fu_383_p2                       |        or|   0|  0|   2|           1|           1|
    |select_ln751_1_fu_278_p3                 |    select|   0|  0|   7|           1|           7|
    |select_ln751_fu_246_p3                   |    select|   0|  0|   4|           1|           1|
    |select_ln752_1_fu_403_p3                 |    select|   0|  0|  10|           1|           1|
    |select_ln752_fu_298_p3                   |    select|   0|  0|   4|           1|           4|
    |select_ln753_fu_389_p3                   |    select|   0|  0|   6|           1|           1|
    |ap_enable_pp0                            |       xor|   0|  0|   2|           1|           2|
    |xor_ln751_fu_260_p2                      |       xor|   0|  0|   2|           1|           2|
    +-----------------------------------------+----------+----+---+----+------------+------------+
    |Total                                    |          |   0|  0| 290|         179|         153|
    +-----------------------------------------+----------+----+---+----+------------+------------+

    * Multiplexer: 
    +-----------------------------------------+----+-----------+-----+-----------+
    |                   Name                  | LUT| Input Size| Bits| Total Bits|
    +-----------------------------------------+----+-----------+-----+-----------+
    |ap_done_int                              |   9|          2|    1|          2|
    |ap_enable_reg_pp0_iter1                  |   9|          2|    1|          2|
    |ap_enable_reg_pp0_iter2                  |   9|          2|    1|          2|
    |ap_phi_mux_first_iter_107_phi_fu_170_p4  |   9|          2|    1|          2|
    |g0_blk_n_AR                              |   9|          2|    1|          2|
    |g0_blk_n_R                               |   9|          2|    1|          2|
    |g0_blk_n_W                               |   9|          2|    1|          2|
    |indvar_flatten14075_fu_116               |   9|          2|   10|         20|
    |indvar_flatten14089_fu_124               |   9|          2|   15|         30|
    |v306_fu_120                              |   9|          2|    7|         14|
    |v307_fu_112                              |   9|          2|    4|          8|
    |v308_fu_108                              |   9|          2|    6|         12|
    +-----------------------------------------+----+-----------+-----+-----------+
    |Total                                    | 108|         24|   49|         98|
    +-----------------------------------------+----+-----------+-----+-----------+

    * Register: 
    +-------------------------------------------+----+----+-----+-----------+
    |                    Name                   | FF | LUT| Bits| Const Bits|
    +-------------------------------------------+----+----+-----+-----------+
    |ap_CS_fsm                                  |   1|   0|    1|          0|
    |ap_block_pp0_stage0_subdone_grp1_done_reg  |   1|   0|    1|          0|
    |ap_block_pp0_stage0_subdone_grp2_done_reg  |   1|   0|    1|          0|
    |ap_done_reg                                |   1|   0|    1|          0|
    |ap_enable_reg_pp0_iter1                    |   1|   0|    1|          0|
    |ap_enable_reg_pp0_iter10                   |   1|   0|    1|          0|
    |ap_enable_reg_pp0_iter11                   |   1|   0|    1|          0|
    |ap_enable_reg_pp0_iter2                    |   1|   0|    1|          0|
    |ap_enable_reg_pp0_iter3                    |   1|   0|    1|          0|
    |ap_enable_reg_pp0_iter4                    |   1|   0|    1|          0|
    |ap_enable_reg_pp0_iter5                    |   1|   0|    1|          0|
    |ap_enable_reg_pp0_iter6                    |   1|   0|    1|          0|
    |ap_enable_reg_pp0_iter7                    |   1|   0|    1|          0|
    |ap_enable_reg_pp0_iter8                    |   1|   0|    1|          0|
    |ap_enable_reg_pp0_iter9                    |   1|   0|    1|          0|
    |ap_loop_exit_ready_pp0_iter10_reg          |   1|   0|    1|          0|
    |ap_loop_exit_ready_pp0_iter2_reg           |   1|   0|    1|          0|
    |ap_loop_exit_ready_pp0_iter3_reg           |   1|   0|    1|          0|
    |ap_loop_exit_ready_pp0_iter4_reg           |   1|   0|    1|          0|
    |ap_loop_exit_ready_pp0_iter5_reg           |   1|   0|    1|          0|
    |ap_loop_exit_ready_pp0_iter6_reg           |   1|   0|    1|          0|
    |ap_loop_exit_ready_pp0_iter7_reg           |   1|   0|    1|          0|
    |ap_loop_exit_ready_pp0_iter8_reg           |   1|   0|    1|          0|
    |ap_loop_exit_ready_pp0_iter9_reg           |   1|   0|    1|          0|
    |first_iter_107_mid2_reg_491                |   1|   0|    1|          0|
    |first_iter_107_reg_166                     |   1|   0|    1|          0|
    |g0_addr_61_reg_495                         |  64|   0|   64|          0|
    |icmp_ln751_reg_487                         |   1|   0|    1|          0|
    |indvar_flatten14075_fu_116                 |  10|   0|   10|          0|
    |indvar_flatten14089_fu_124                 |  15|   0|   15|          0|
    |v306_fu_120                                |   7|   0|    7|          0|
    |v307_fu_112                                |   4|   0|    4|          0|
    |v308_fu_108                                |   6|   0|    6|          0|
    |v309_reg_501                               |  32|   0|   32|          0|
    |icmp_ln751_reg_487                         |  64|  32|    1|          0|
    +-------------------------------------------+----+----+-----+-----------+
    |Total                                      | 229|  32|  166|          0|
    +-------------------------------------------+----+----+-----+-----------+



================================================================
== Interface
================================================================
* Summary: 
+---------------------+-----+-----+------------+---------------------------------------------------------------------+--------------+
|      RTL Ports      | Dir | Bits|  Protocol  |                            Source Object                            |    C Type    |
+---------------------+-----+-----+------------+---------------------------------------------------------------------+--------------+
|ap_clk               |   in|    1|  ap_ctrl_hs|  control_Pipeline_VITIS_LOOP_751_1_VITIS_LOOP_752_2_VITIS_LOOP_753_3|  return value|
|ap_rst               |   in|    1|  ap_ctrl_hs|  control_Pipeline_VITIS_LOOP_751_1_VITIS_LOOP_752_2_VITIS_LOOP_753_3|  return value|
|ap_start             |   in|    1|  ap_ctrl_hs|  control_Pipeline_VITIS_LOOP_751_1_VITIS_LOOP_752_2_VITIS_LOOP_753_3|  return value|
|ap_done              |  out|    1|  ap_ctrl_hs|  control_Pipeline_VITIS_LOOP_751_1_VITIS_LOOP_752_2_VITIS_LOOP_753_3|  return value|
|ap_idle              |  out|    1|  ap_ctrl_hs|  control_Pipeline_VITIS_LOOP_751_1_VITIS_LOOP_752_2_VITIS_LOOP_753_3|  return value|
|ap_ready             |  out|    1|  ap_ctrl_hs|  control_Pipeline_VITIS_LOOP_751_1_VITIS_LOOP_752_2_VITIS_LOOP_753_3|  return value|
|m_axi_g0_0_AWVALID   |  out|    1|       m_axi|                                                                   g0|       pointer|
|m_axi_g0_0_AWREADY   |   in|    1|       m_axi|                                                                   g0|       pointer|
|m_axi_g0_0_AWADDR    |  out|   64|       m_axi|                                                                   g0|       pointer|
|m_axi_g0_0_AWID      |  out|    1|       m_axi|                                                                   g0|       pointer|
|m_axi_g0_0_AWLEN     |  out|   32|       m_axi|                                                                   g0|       pointer|
|m_axi_g0_0_AWSIZE    |  out|    3|       m_axi|                                                                   g0|       pointer|
|m_axi_g0_0_AWBURST   |  out|    2|       m_axi|                                                                   g0|       pointer|
|m_axi_g0_0_AWLOCK    |  out|    2|       m_axi|                                                                   g0|       pointer|
|m_axi_g0_0_AWCACHE   |  out|    4|       m_axi|                                                                   g0|       pointer|
|m_axi_g0_0_AWPROT    |  out|    3|       m_axi|                                                                   g0|       pointer|
|m_axi_g0_0_AWQOS     |  out|    4|       m_axi|                                                                   g0|       pointer|
|m_axi_g0_0_AWREGION  |  out|    4|       m_axi|                                                                   g0|       pointer|
|m_axi_g0_0_AWUSER    |  out|    1|       m_axi|                                                                   g0|       pointer|
|m_axi_g0_0_WVALID    |  out|    1|       m_axi|                                                                   g0|       pointer|
|m_axi_g0_0_WREADY    |   in|    1|       m_axi|                                                                   g0|       pointer|
|m_axi_g0_0_WDATA     |  out|   32|       m_axi|                                                                   g0|       pointer|
|m_axi_g0_0_WSTRB     |  out|    4|       m_axi|                                                                   g0|       pointer|
|m_axi_g0_0_WLAST     |  out|    1|       m_axi|                                                                   g0|       pointer|
|m_axi_g0_0_WID       |  out|    1|       m_axi|                                                                   g0|       pointer|
|m_axi_g0_0_WUSER     |  out|    1|       m_axi|                                                                   g0|       pointer|
|m_axi_g0_0_ARVALID   |  out|    1|       m_axi|                                                                   g0|       pointer|
|m_axi_g0_0_ARREADY   |   in|    1|       m_axi|                                                                   g0|       pointer|
|m_axi_g0_0_ARADDR    |  out|   64|       m_axi|                                                                   g0|       pointer|
|m_axi_g0_0_ARID      |  out|    1|       m_axi|                                                                   g0|       pointer|
|m_axi_g0_0_ARLEN     |  out|   32|       m_axi|                                                                   g0|       pointer|
|m_axi_g0_0_ARSIZE    |  out|    3|       m_axi|                                                                   g0|       pointer|
|m_axi_g0_0_ARBURST   |  out|    2|       m_axi|                                                                   g0|       pointer|
|m_axi_g0_0_ARLOCK    |  out|    2|       m_axi|                                                                   g0|       pointer|
|m_axi_g0_0_ARCACHE   |  out|    4|       m_axi|                                                                   g0|       pointer|
|m_axi_g0_0_ARPROT    |  out|    3|       m_axi|                                                                   g0|       pointer|
|m_axi_g0_0_ARQOS     |  out|    4|       m_axi|                                                                   g0|       pointer|
|m_axi_g0_0_ARREGION  |  out|    4|       m_axi|                                                                   g0|       pointer|
|m_axi_g0_0_ARUSER    |  out|    1|       m_axi|                                                                   g0|       pointer|
|m_axi_g0_0_RVALID    |   in|    1|       m_axi|                                                                   g0|       pointer|
|m_axi_g0_0_RREADY    |  out|    1|       m_axi|                                                                   g0|       pointer|
|m_axi_g0_0_RDATA     |   in|   32|       m_axi|                                                                   g0|       pointer|
|m_axi_g0_0_RLAST     |   in|    1|       m_axi|                                                                   g0|       pointer|
|m_axi_g0_0_RID       |   in|    1|       m_axi|                                                                   g0|       pointer|
|m_axi_g0_0_RFIFONUM  |   in|    9|       m_axi|                                                                   g0|       pointer|
|m_axi_g0_0_RUSER     |   in|    1|       m_axi|                                                                   g0|       pointer|
|m_axi_g0_0_RRESP     |   in|    2|       m_axi|                                                                   g0|       pointer|
|m_axi_g0_0_BVALID    |   in|    1|       m_axi|                                                                   g0|       pointer|
|m_axi_g0_0_BREADY    |  out|    1|       m_axi|                                                                   g0|       pointer|
|m_axi_g0_0_BRESP     |   in|    2|       m_axi|                                                                   g0|       pointer|
|m_axi_g0_0_BID       |   in|    1|       m_axi|                                                                   g0|       pointer|
|m_axi_g0_0_BUSER     |   in|    1|       m_axi|                                                                   g0|       pointer|
|sext_ln755           |   in|   62|     ap_none|                                                           sext_ln755|        scalar|
|sext_ln897           |   in|   62|     ap_none|                                                           sext_ln897|        scalar|
|v944                 |   in|   64|     ap_none|                                                                 v944|        scalar|
+---------------------+-----+-----+------------+---------------------------------------------------------------------+--------------+

