

================================================================
== Vitis HLS Report for 'control_Pipeline_VITIS_LOOP_736_1_VITIS_LOOP_737_232'
================================================================
* Date:           Sun Jul 12 20:26:51 2026

* Version:        2025.2 (Build 6295257 on Nov 14 2025)
* Project:        spikingformer_proj
* Solution:       solution1 (Vivado IP Flow Target)
* Product family: zynquplus
* Target device:  xczu7ev-ffvc1156-2-e


================================================================
== Performance Estimates
================================================================
+ Timing: 
    * Summary: 
    +--------+----------+----------+------------+
    |  Clock |  Target  | Estimated| Uncertainty|
    +--------+----------+----------+------------+
    |ap_clk  |  10.00 ns|  7.300 ns|     2.70 ns|
    +--------+----------+----------+------------+

+ Latency: 
    * Summary: 
    +---------+---------+----------+----------+-----+-----+-------------------+
    |  Latency (cycles) |  Latency (absolute) |  Interval |      Pipeline     |
    |   min   |   max   |    min   |    max   | min | max |        Type       |
    +---------+---------+----------+----------+-----+-----+-------------------+
    |    24587|    24587|  0.246 ms|  0.246 ms|    0|    0|  loop pipeline stp|
    +---------+---------+----------+----------+-----+-----+-------------------+

    + Detail: 
        * Instance: 
        N/A

        * Loop: 
        +-------------------------------------+---------+---------+----------+-----------+-----------+-------+----------+
        |                                     |  Latency (cycles) | Iteration|  Initiation Interval  |  Trip |          |
        |              Loop Name              |   min   |   max   |  Latency |  achieved |   target  | Count | Pipelined|
        +-------------------------------------+---------+---------+----------+-----------+-----------+-------+----------+
        |- VITIS_LOOP_736_1_VITIS_LOOP_737_2  |    24585|    24585|        11|          1|          1|  24576|       yes|
        +-------------------------------------+---------+---------+----------+-----------+-----------+-------+----------+



================================================================
== Utilization Estimates
================================================================
* Summary: 
+-----------------+---------+------+--------+--------+-----+
|       Name      | BRAM_18K|  DSP |   FF   |   LUT  | URAM|
+-----------------+---------+------+--------+--------+-----+
|DSP              |        -|     -|       -|       -|    -|
|Expression       |        -|     -|       0|     269|    -|
|FIFO             |        -|     -|       -|       -|    -|
|Instance         |        -|     -|       -|       -|    -|
|Memory           |        -|     -|       -|       -|    -|
|Multiplexer      |        -|     -|       0|      99|    -|
|Register         |        -|     -|     150|       -|    -|
+-----------------+---------+------+--------+--------+-----+
|Total            |        0|     0|     150|     368|    0|
+-----------------+---------+------+--------+--------+-----+
|Available        |      624|  1728|  460800|  230400|   96|
+-----------------+---------+------+--------+--------+-----+
|Utilization (%)  |        0|     0|      ~0|      ~0|    0|
+-----------------+---------+------+--------+--------+-----+

+ Detail: 
    * Instance: 
    N/A

    * DSP: 
    N/A

    * Memory: 
    N/A

    * FIFO: 
    N/A

    * Expression: 
    +--------------------------------+----------+----+---+----+------------+------------+
    |          Variable Name         | Operation| DSP| FF| LUT| Bitwidth P0| Bitwidth P1|
    +--------------------------------+----------+----+---+----+------------+------------+
    |add_ln736_2_fu_182_p2           |         +|   0|  0|  14|           7|           1|
    |add_ln736_fu_170_p2             |         +|   0|  0|  22|          15|           1|
    |add_ln737_fu_284_p2             |         +|   0|  0|  16|           9|           1|
    |add_ln741_2_fu_258_p2           |         +|   0|  0|  64|          64|          64|
    |add_ln741_fu_240_p2             |         +|   0|  0|  64|          64|          64|
    |sub_ln741_fu_230_p2             |         -|   0|  0|  25|          18|          18|
    |ap_block_pp0_stage0_01001_grp2  |       and|   0|  0|   2|           1|           1|
    |ap_block_pp0_stage0_11001_grp1  |       and|   0|  0|   2|           1|           1|
    |icmp_ln736_fu_164_p2            |      icmp|   0|  0|  22|          15|          15|
    |icmp_ln737_fu_188_p2            |      icmp|   0|  0|  16|           9|           9|
    |ap_block_pp0_stage0_11001       |        or|   0|  0|   2|           1|           1|
    |ap_block_pp0_stage0_11001_grp2  |        or|   0|  0|   2|           1|           1|
    |select_ln736_2_fu_202_p3        |    select|   0|  0|   7|           1|           7|
    |select_ln736_fu_194_p3          |    select|   0|  0|   9|           1|           1|
    |ap_enable_pp0                   |       xor|   0|  0|   2|           1|           2|
    +--------------------------------+----------+----+---+----+------------+------------+
    |Total                           |          |   0|  0| 269|         208|         187|
    +--------------------------------+----------+----+---+----+------------+------------+

    * Multiplexer: 
    +-------------------------------------------+----+-----------+-----+-----------+
    |                    Name                   | LUT| Input Size| Bits| Total Bits|
    +-------------------------------------------+----+-----------+-----+-----------+
    |ap_done_int                                |   9|          2|    1|          2|
    |ap_enable_reg_pp0_iter1                    |   9|          2|    1|          2|
    |ap_sig_allocacmp_indvar_flatten14585_load  |   9|          2|   15|         30|
    |ap_sig_allocacmp_v301_load                 |   9|          2|    7|         14|
    |ap_sig_allocacmp_v302_load                 |   9|          2|    9|         18|
    |g0_blk_n_AR                                |   9|          2|    1|          2|
    |g0_blk_n_R                                 |   9|          2|    1|          2|
    |g0_blk_n_W                                 |   9|          2|    1|          2|
    |indvar_flatten14585_fu_100                 |   9|          2|   15|         30|
    |v301_fu_96                                 |   9|          2|    7|         14|
    |v302_fu_92                                 |   9|          2|    9|         18|
    +-------------------------------------------+----+-----------+-----+-----------+
    |Total                                      |  99|         22|   67|        134|
    +-------------------------------------------+----+-----------+-----+-----------+

    * Register: 
    +-------------------------------------------+----+----+-----+-----------+
    |                    Name                   | FF | LUT| Bits| Const Bits|
    +-------------------------------------------+----+----+-----+-----------+
    |ap_CS_fsm                                  |   1|   0|    1|          0|
    |ap_block_pp0_stage0_subdone_grp1_done_reg  |   1|   0|    1|          0|
    |ap_block_pp0_stage0_subdone_grp2_done_reg  |   1|   0|    1|          0|
    |ap_done_reg                                |   1|   0|    1|          0|
    |ap_enable_reg_pp0_iter1                    |   1|   0|    1|          0|
    |ap_enable_reg_pp0_iter10                   |   1|   0|    1|          0|
    |ap_enable_reg_pp0_iter2                    |   1|   0|    1|          0|
    |ap_enable_reg_pp0_iter3                    |   1|   0|    1|          0|
    |ap_enable_reg_pp0_iter4                    |   1|   0|    1|          0|
    |ap_enable_reg_pp0_iter5                    |   1|   0|    1|          0|
    |ap_enable_reg_pp0_iter6                    |   1|   0|    1|          0|
    |ap_enable_reg_pp0_iter7                    |   1|   0|    1|          0|
    |ap_enable_reg_pp0_iter8                    |   1|   0|    1|          0|
    |ap_enable_reg_pp0_iter9                    |   1|   0|    1|          0|
    |ap_loop_exit_ready_pp0_iter1_reg           |   1|   0|    1|          0|
    |ap_loop_exit_ready_pp0_iter2_reg           |   1|   0|    1|          0|
    |ap_loop_exit_ready_pp0_iter3_reg           |   1|   0|    1|          0|
    |ap_loop_exit_ready_pp0_iter4_reg           |   1|   0|    1|          0|
    |ap_loop_exit_ready_pp0_iter5_reg           |   1|   0|    1|          0|
    |ap_loop_exit_ready_pp0_iter6_reg           |   1|   0|    1|          0|
    |ap_loop_exit_ready_pp0_iter7_reg           |   1|   0|    1|          0|
    |ap_loop_exit_ready_pp0_iter8_reg           |   1|   0|    1|          0|
    |ap_loop_exit_ready_pp0_iter9_reg           |   1|   0|    1|          0|
    |g0_addr_64_reg_341                         |  64|   0|   64|          0|
    |indvar_flatten14585_fu_100                 |  15|   0|   15|          0|
    |v301_fu_96                                 |   7|   0|    7|          0|
    |v302_fu_92                                 |   9|   0|    9|          0|
    |v303_reg_347                               |  32|   0|   32|          0|
    +-------------------------------------------+----+----+-----+-----------+
    |Total                                      | 150|   0|  150|          0|
    +-------------------------------------------+----+----+-----+-----------+



================================================================
== Interface
================================================================
* Summary: 
+---------------------+-----+-----+------------+------------------------------------------------------+--------------+
|      RTL Ports      | Dir | Bits|  Protocol  |                     Source Object                    |    C Type    |
+---------------------+-----+-----+------------+------------------------------------------------------+--------------+
|ap_clk               |   in|    1|  ap_ctrl_hs|  control_Pipeline_VITIS_LOOP_736_1_VITIS_LOOP_737_232|  return value|
|ap_rst               |   in|    1|  ap_ctrl_hs|  control_Pipeline_VITIS_LOOP_736_1_VITIS_LOOP_737_232|  return value|
|ap_start             |   in|    1|  ap_ctrl_hs|  control_Pipeline_VITIS_LOOP_736_1_VITIS_LOOP_737_232|  return value|
|ap_done              |  out|    1|  ap_ctrl_hs|  control_Pipeline_VITIS_LOOP_736_1_VITIS_LOOP_737_232|  return value|
|ap_idle              |  out|    1|  ap_ctrl_hs|  control_Pipeline_VITIS_LOOP_736_1_VITIS_LOOP_737_232|  return value|
|ap_ready             |  out|    1|  ap_ctrl_hs|  control_Pipeline_VITIS_LOOP_736_1_VITIS_LOOP_737_232|  return value|
|m_axi_g0_0_AWVALID   |  out|    1|       m_axi|                                                    g0|       pointer|
|m_axi_g0_0_AWREADY   |   in|    1|       m_axi|                                                    g0|       pointer|
|m_axi_g0_0_AWADDR    |  out|   64|       m_axi|                                                    g0|       pointer|
|m_axi_g0_0_AWID      |  out|    1|       m_axi|                                                    g0|       pointer|
|m_axi_g0_0_AWLEN     |  out|   32|       m_axi|                                                    g0|       pointer|
|m_axi_g0_0_AWSIZE    |  out|    3|       m_axi|                                                    g0|       pointer|
|m_axi_g0_0_AWBURST   |  out|    2|       m_axi|                                                    g0|       pointer|
|m_axi_g0_0_AWLOCK    |  out|    2|       m_axi|                                                    g0|       pointer|
|m_axi_g0_0_AWCACHE   |  out|    4|       m_axi|                                                    g0|       pointer|
|m_axi_g0_0_AWPROT    |  out|    3|       m_axi|                                                    g0|       pointer|
|m_axi_g0_0_AWQOS     |  out|    4|       m_axi|                                                    g0|       pointer|
|m_axi_g0_0_AWREGION  |  out|    4|       m_axi|                                                    g0|       pointer|
|m_axi_g0_0_AWUSER    |  out|    1|       m_axi|                                                    g0|       pointer|
|m_axi_g0_0_WVALID    |  out|    1|       m_axi|                                                    g0|       pointer|
|m_axi_g0_0_WREADY    |   in|    1|       m_axi|                                                    g0|       pointer|
|m_axi_g0_0_WDATA     |  out|   32|       m_axi|                                                    g0|       pointer|
|m_axi_g0_0_WSTRB     |  out|    4|       m_axi|                                                    g0|       pointer|
|m_axi_g0_0_WLAST     |  out|    1|       m_axi|                                                    g0|       pointer|
|m_axi_g0_0_WID       |  out|    1|       m_axi|                                                    g0|       pointer|
|m_axi_g0_0_WUSER     |  out|    1|       m_axi|                                                    g0|       pointer|
|m_axi_g0_0_ARVALID   |  out|    1|       m_axi|                                                    g0|       pointer|
|m_axi_g0_0_ARREADY   |   in|    1|       m_axi|                                                    g0|       pointer|
|m_axi_g0_0_ARADDR    |  out|   64|       m_axi|                                                    g0|       pointer|
|m_axi_g0_0_ARID      |  out|    1|       m_axi|                                                    g0|       pointer|
|m_axi_g0_0_ARLEN     |  out|   32|       m_axi|                                                    g0|       pointer|
|m_axi_g0_0_ARSIZE    |  out|    3|       m_axi|                                                    g0|       pointer|
|m_axi_g0_0_ARBURST   |  out|    2|       m_axi|                                                    g0|       pointer|
|m_axi_g0_0_ARLOCK    |  out|    2|       m_axi|                                                    g0|       pointer|
|m_axi_g0_0_ARCACHE   |  out|    4|       m_axi|                                                    g0|       pointer|
|m_axi_g0_0_ARPROT    |  out|    3|       m_axi|                                                    g0|       pointer|
|m_axi_g0_0_ARQOS     |  out|    4|       m_axi|                                                    g0|       pointer|
|m_axi_g0_0_ARREGION  |  out|    4|       m_axi|                                                    g0|       pointer|
|m_axi_g0_0_ARUSER    |  out|    1|       m_axi|                                                    g0|       pointer|
|m_axi_g0_0_RVALID    |   in|    1|       m_axi|                                                    g0|       pointer|
|m_axi_g0_0_RREADY    |  out|    1|       m_axi|                                                    g0|       pointer|
|m_axi_g0_0_RDATA     |   in|   32|       m_axi|                                                    g0|       pointer|
|m_axi_g0_0_RLAST     |   in|    1|       m_axi|                                                    g0|       pointer|
|m_axi_g0_0_RID       |   in|    1|       m_axi|                                                    g0|       pointer|
|m_axi_g0_0_RFIFONUM  |   in|    9|       m_axi|                                                    g0|       pointer|
|m_axi_g0_0_RUSER     |   in|    1|       m_axi|                                                    g0|       pointer|
|m_axi_g0_0_RRESP     |   in|    2|       m_axi|                                                    g0|       pointer|
|m_axi_g0_0_BVALID    |   in|    1|       m_axi|                                                    g0|       pointer|
|m_axi_g0_0_BREADY    |  out|    1|       m_axi|                                                    g0|       pointer|
|m_axi_g0_0_BRESP     |   in|    2|       m_axi|                                                    g0|       pointer|
|m_axi_g0_0_BID       |   in|    1|       m_axi|                                                    g0|       pointer|
|m_axi_g0_0_BUSER     |   in|    1|       m_axi|                                                    g0|       pointer|
|sext_ln897           |   in|   62|     ap_none|                                            sext_ln897|        scalar|
|sext_ln736           |   in|   62|     ap_none|                                            sext_ln736|        scalar|
|v1013                |   in|   64|     ap_none|                                                 v1013|        scalar|
+---------------------+-----+-----+------------+------------------------------------------------------+--------------+

