

================================================================
== Vitis HLS Report for 'control_Pipeline_VITIS_LOOP_1763_5_VITIS_LOOP_1764_6'
================================================================
* Date:           Sun Jul 12 20:26:38 2026

* Version:        2025.2 (Build 6295257 on Nov 14 2025)
* Project:        spikingformer_proj
* Solution:       solution1 (Vivado IP Flow Target)
* Product family: zynquplus
* Target device:  xczu7ev-ffvc1156-2-e


================================================================
== Performance Estimates
================================================================
+ Timing: 
    * Summary: 
    +--------+----------+----------+------------+
    |  Clock |  Target  | Estimated| Uncertainty|
    +--------+----------+----------+------------+
    |ap_clk  |  10.00 ns|  7.300 ns|     2.70 ns|
    +--------+----------+----------+------------+

+ Latency: 
    * Summary: 
    +---------+---------+-----------+-----------+-----+-----+-------------------+
    |  Latency (cycles) |   Latency (absolute)  |  Interval |      Pipeline     |
    |   min   |   max   |    min    |    max    | min | max |        Type       |
    +---------+---------+-----------+-----------+-----+-----+-------------------+
    |     2070|     2070|  20.700 us|  20.700 us|    0|    0|  loop pipeline stp|
    +---------+---------+-----------+-----------+-----+-----+-------------------+

    + Detail: 
        * Instance: 
        N/A

        * Loop: 
        +---------------------------------------+---------+---------+----------+-----------+-----------+------+----------+
        |                                       |  Latency (cycles) | Iteration|  Initiation Interval  | Trip |          |
        |               Loop Name               |   min   |   max   |  Latency |  achieved |   target  | Count| Pipelined|
        +---------------------------------------+---------+---------+----------+-----------+-----------+------+----------+
        |- VITIS_LOOP_1763_5_VITIS_LOOP_1764_6  |     2068|     2068|        23|          2|          1|  1024|       yes|
        +---------------------------------------+---------+---------+----------+-----------+-----------+------+----------+



================================================================
== Utilization Estimates
================================================================
* Summary: 
+-----------------+---------+------+--------+--------+-----+
|       Name      | BRAM_18K|  DSP |   FF   |   LUT  | URAM|
+-----------------+---------+------+--------+--------+-----+
|DSP              |        -|     -|       -|       -|    -|
|Expression       |        -|     -|       0|     441|    -|
|FIFO             |        -|     -|       -|       -|    -|
|Instance         |        -|     -|       -|       -|    -|
|Memory           |        -|     -|       -|       -|    -|
|Multiplexer      |        -|     -|       0|     253|    -|
|Register         |        -|     -|     504|      64|    -|
+-----------------+---------+------+--------+--------+-----+
|Total            |        0|     0|     504|     758|    0|
+-----------------+---------+------+--------+--------+-----+
|Available        |      624|  1728|  460800|  230400|   96|
+-----------------+---------+------+--------+--------+-----+
|Utilization (%)  |        0|     0|      ~0|      ~0|    0|
+-----------------+---------+------+--------+--------+-----+

+ Detail: 
    * Instance: 
    N/A

    * DSP: 
    N/A

    * Memory: 
    N/A

    * FIFO: 
    N/A

    * Expression: 
    +--------------------------------+----------+----+---+----+------------+------------+
    |          Variable Name         | Operation| DSP| FF| LUT| Bitwidth P0| Bitwidth P1|
    +--------------------------------+----------+----+---+----+------------+------------+
    |add_ln1763_1_fu_270_p2          |         +|   0|  0|  18|          11|           1|
    |add_ln1763_fu_282_p2            |         +|   0|  0|  13|           6|           1|
    |add_ln1764_fu_450_p2            |         +|   0|  0|  13|           6|           1|
    |add_ln1769_1_fu_402_p2          |         +|   0|  0|  71|          64|          64|
    |add_ln1769_2_fu_426_p2          |         +|   0|  0|  70|          63|          63|
    |add_ln1769_fu_380_p2            |         +|   0|  0|  29|          22|          22|
    |add_ln1771_1_fu_487_p2          |         +|   0|  0|  64|          64|          64|
    |add_ln1771_fu_471_p2            |         +|   0|  0|  64|          64|          64|
    |tmp4_fu_310_p2                  |         +|   0|  0|  13|           6|           6|
    |tmp5_fu_340_p2                  |         +|   0|  0|  19|          12|          12|
    |ap_block_pp0_stage0_11001_grp2  |       and|   0|  0|   2|           1|           1|
    |ap_block_pp0_stage0_11001_grp4  |       and|   0|  0|   2|           1|           1|
    |ap_block_pp0_stage0_11001_grp5  |       and|   0|  0|   2|           1|           1|
    |ap_block_pp0_stage0_11001_grp7  |       and|   0|  0|   2|           1|           1|
    |ap_block_pp0_stage1_11001_grp1  |       and|   0|  0|   2|           1|           1|
    |ap_block_pp0_stage1_11001_grp3  |       and|   0|  0|   2|           1|           1|
    |ap_block_pp0_stage1_11001_grp6  |       and|   0|  0|   2|           1|           1|
    |ap_block_state2_io_grp1         |       and|   0|  0|   2|           1|           1|
    |icmp_ln1763_fu_264_p2           |      icmp|   0|  0|  19|          11|          12|
    |icmp_ln1764_fu_288_p2           |      icmp|   0|  0|  14|           6|           7|
    |ap_block_pp0_stage0_11001       |        or|   0|  0|   2|           1|           1|
    |ap_block_pp0_stage1_11001       |        or|   0|  0|   2|           1|           1|
    |select_ln1763_1_fu_302_p3       |    select|   0|  0|   6|           1|           6|
    |select_ln1763_fu_294_p3         |    select|   0|  0|   6|           1|           1|
    |ap_enable_pp0                   |       xor|   0|  0|   2|           1|           2|
    +--------------------------------+----------+----+---+----+------------+------------+
    |Total                           |          |   0|  0| 441|         348|         336|
    +--------------------------------+----------+----+---+----+------------+------------+

    * Multiplexer: 
    +-------------------------------------------+----+-----------+-----+-----------+
    |                    Name                   | LUT| Input Size| Bits| Total Bits|
    +-------------------------------------------+----+-----------+-----+-----------+
    |ap_NS_fsm                                  |  14|          3|    1|          3|
    |ap_done_int                                |   9|          2|    1|          2|
    |ap_enable_reg_pp0_iter0                    |   9|          2|    1|          2|
    |ap_enable_reg_pp0_iter1                    |   9|          2|    1|          2|
    |ap_enable_reg_pp0_iter11                   |   9|          2|    1|          2|
    |ap_loop_exit_ready_pp0_iter10_reg          |   9|          2|    1|          2|
    |ap_loop_exit_ready_pp0_iter1_reg           |   9|          2|    1|          2|
    |ap_loop_exit_ready_pp0_iter2_reg           |   9|          2|    1|          2|
    |ap_loop_exit_ready_pp0_iter3_reg           |   9|          2|    1|          2|
    |ap_loop_exit_ready_pp0_iter4_reg           |   9|          2|    1|          2|
    |ap_loop_exit_ready_pp0_iter5_reg           |   9|          2|    1|          2|
    |ap_loop_exit_ready_pp0_iter6_reg           |   9|          2|    1|          2|
    |ap_loop_exit_ready_pp0_iter7_reg           |   9|          2|    1|          2|
    |ap_loop_exit_ready_pp0_iter8_reg           |   9|          2|    1|          2|
    |ap_loop_exit_ready_pp0_iter9_reg           |   9|          2|    1|          2|
    |ap_sig_allocacmp_indvar_flatten13205_load  |   9|          2|   11|         22|
    |ap_sig_allocacmp_v723_load                 |   9|          2|    6|         12|
    |ap_sig_allocacmp_v724_load                 |   9|          2|    6|         12|
    |g0_blk_n_AR                                |   9|          2|    1|          2|
    |g0_blk_n_AW                                |   9|          2|    1|          2|
    |g0_blk_n_B                                 |   9|          2|    1|          2|
    |g0_blk_n_R                                 |   9|          2|    1|          2|
    |g0_blk_n_W                                 |   9|          2|    1|          2|
    |indvar_flatten13205_fu_134                 |   9|          2|   11|         22|
    |m_axi_g0_0_ARADDR                          |  14|          3|   64|        192|
    |v723_fu_130                                |   9|          2|    6|         12|
    |v724_fu_126                                |   9|          2|    6|         12|
    +-------------------------------------------+----+-----------+-----+-----------+
    |Total                                      | 253|         56|  130|        325|
    +-------------------------------------------+----+-----------+-----+-----------+

    * Register: 
    +-------------------------------------------+----+----+-----+-----------+
    |                    Name                   | FF | LUT| Bits| Const Bits|
    +-------------------------------------------+----+----+-----+-----------+
    |ap_CS_fsm                                  |   2|   0|    2|          0|
    |ap_block_pp0_stage0_subdone_grp0_done_reg  |   1|   0|    1|          0|
    |ap_block_pp0_stage0_subdone_grp2_done_reg  |   1|   0|    1|          0|
    |ap_block_pp0_stage0_subdone_grp4_done_reg  |   1|   0|    1|          0|
    |ap_block_pp0_stage0_subdone_grp5_done_reg  |   1|   0|    1|          0|
    |ap_block_pp0_stage0_subdone_grp7_done_reg  |   1|   0|    1|          0|
    |ap_block_pp0_stage1_subdone_grp0_done_reg  |   1|   0|    1|          0|
    |ap_block_pp0_stage1_subdone_grp1_done_reg  |   1|   0|    1|          0|
    |ap_block_pp0_stage1_subdone_grp3_done_reg  |   1|   0|    1|          0|
    |ap_block_pp0_stage1_subdone_grp6_done_reg  |   1|   0|    1|          0|
    |ap_done_reg                                |   1|   0|    1|          0|
    |ap_enable_reg_pp0_iter0_reg                |   1|   0|    1|          0|
    |ap_enable_reg_pp0_iter1                    |   1|   0|    1|          0|
    |ap_enable_reg_pp0_iter10                   |   1|   0|    1|          0|
    |ap_enable_reg_pp0_iter11                   |   1|   0|    1|          0|
    |ap_enable_reg_pp0_iter2                    |   1|   0|    1|          0|
    |ap_enable_reg_pp0_iter3                    |   1|   0|    1|          0|
    |ap_enable_reg_pp0_iter4                    |   1|   0|    1|          0|
    |ap_enable_reg_pp0_iter5                    |   1|   0|    1|          0|
    |ap_enable_reg_pp0_iter6                    |   1|   0|    1|          0|
    |ap_enable_reg_pp0_iter7                    |   1|   0|    1|          0|
    |ap_enable_reg_pp0_iter8                    |   1|   0|    1|          0|
    |ap_enable_reg_pp0_iter9                    |   1|   0|    1|          0|
    |ap_loop_exit_ready_pp0_iter10_reg          |   1|   0|    1|          0|
    |ap_loop_exit_ready_pp0_iter1_reg           |   1|   0|    1|          0|
    |ap_loop_exit_ready_pp0_iter2_reg           |   1|   0|    1|          0|
    |ap_loop_exit_ready_pp0_iter3_reg           |   1|   0|    1|          0|
    |ap_loop_exit_ready_pp0_iter4_reg           |   1|   0|    1|          0|
    |ap_loop_exit_ready_pp0_iter5_reg           |   1|   0|    1|          0|
    |ap_loop_exit_ready_pp0_iter6_reg           |   1|   0|    1|          0|
    |ap_loop_exit_ready_pp0_iter7_reg           |   1|   0|    1|          0|
    |ap_loop_exit_ready_pp0_iter8_reg           |   1|   0|    1|          0|
    |ap_loop_exit_ready_pp0_iter9_reg           |   1|   0|    1|          0|
    |g0_addr_118_read_reg_600                   |  32|   0|   32|          0|
    |g0_addr_118_read_reg_600_pp0_iter6_reg     |  32|   0|   32|          0|
    |g0_addr_118_reg_581                        |  64|   0|   64|          0|
    |g0_addr_read_reg_590                       |  32|   0|   32|          0|
    |g0_addr_reg_565                            |  64|   0|   64|          0|
    |icmp_ln1763_reg_561                        |   1|   0|    1|          0|
    |indvar_flatten13205_fu_134                 |  11|   0|   11|          0|
    |trunc_ln1771_1_reg_576                     |   5|   0|    5|          0|
    |trunc_ln1771_reg_571                       |   5|   0|    5|          0|
    |v723_fu_130                                |   6|   0|    6|          0|
    |v724_fu_126                                |   6|   0|    6|          0|
    |v728_reg_605                               |  32|   0|   32|          0|
    |v729_reg_615                               |  32|   0|   32|          0|
    |zext_ln1763_cast_reg_556                   |  20|   0|   64|         44|
    |g0_addr_118_reg_581                        |  64|  32|   64|          0|
    |icmp_ln1763_reg_561                        |  64|  32|    1|          0|
    +-------------------------------------------+----+----+-----+-----------+
    |Total                                      | 504|  64|  485|         44|
    +-------------------------------------------+----+----+-----+-----------+



================================================================
== Interface
================================================================
* Summary: 
+----------------------+-----+-----+------------+------------------------------------------------------+--------------+
|       RTL Ports      | Dir | Bits|  Protocol  |                     Source Object                    |    C Type    |
+----------------------+-----+-----+------------+------------------------------------------------------+--------------+
|ap_clk                |   in|    1|  ap_ctrl_hs|  control_Pipeline_VITIS_LOOP_1763_5_VITIS_LOOP_1764_6|  return value|
|ap_rst                |   in|    1|  ap_ctrl_hs|  control_Pipeline_VITIS_LOOP_1763_5_VITIS_LOOP_1764_6|  return value|
|ap_start              |   in|    1|  ap_ctrl_hs|  control_Pipeline_VITIS_LOOP_1763_5_VITIS_LOOP_1764_6|  return value|
|ap_done               |  out|    1|  ap_ctrl_hs|  control_Pipeline_VITIS_LOOP_1763_5_VITIS_LOOP_1764_6|  return value|
|ap_idle               |  out|    1|  ap_ctrl_hs|  control_Pipeline_VITIS_LOOP_1763_5_VITIS_LOOP_1764_6|  return value|
|ap_ready              |  out|    1|  ap_ctrl_hs|  control_Pipeline_VITIS_LOOP_1763_5_VITIS_LOOP_1764_6|  return value|
|grp_fu_7589_p_din0    |  out|   32|  ap_ctrl_hs|  control_Pipeline_VITIS_LOOP_1763_5_VITIS_LOOP_1764_6|  return value|
|grp_fu_7589_p_din1    |  out|   32|  ap_ctrl_hs|  control_Pipeline_VITIS_LOOP_1763_5_VITIS_LOOP_1764_6|  return value|
|grp_fu_7589_p_opcode  |  out|    1|  ap_ctrl_hs|  control_Pipeline_VITIS_LOOP_1763_5_VITIS_LOOP_1764_6|  return value|
|grp_fu_7589_p_dout0   |   in|   32|  ap_ctrl_hs|  control_Pipeline_VITIS_LOOP_1763_5_VITIS_LOOP_1764_6|  return value|
|grp_fu_7589_p_ce      |  out|    1|  ap_ctrl_hs|  control_Pipeline_VITIS_LOOP_1763_5_VITIS_LOOP_1764_6|  return value|
|grp_fu_7593_p_din0    |  out|   32|  ap_ctrl_hs|  control_Pipeline_VITIS_LOOP_1763_5_VITIS_LOOP_1764_6|  return value|
|grp_fu_7593_p_din1    |  out|   32|  ap_ctrl_hs|  control_Pipeline_VITIS_LOOP_1763_5_VITIS_LOOP_1764_6|  return value|
|grp_fu_7593_p_dout0   |   in|   32|  ap_ctrl_hs|  control_Pipeline_VITIS_LOOP_1763_5_VITIS_LOOP_1764_6|  return value|
|grp_fu_7593_p_ce      |  out|    1|  ap_ctrl_hs|  control_Pipeline_VITIS_LOOP_1763_5_VITIS_LOOP_1764_6|  return value|
|m_axi_g0_0_AWVALID    |  out|    1|       m_axi|                                                    g0|       pointer|
|m_axi_g0_0_AWREADY    |   in|    1|       m_axi|                                                    g0|       pointer|
|m_axi_g0_0_AWADDR     |  out|   64|       m_axi|                                                    g0|       pointer|
|m_axi_g0_0_AWID       |  out|    1|       m_axi|                                                    g0|       pointer|
|m_axi_g0_0_AWLEN      |  out|   32|       m_axi|                                                    g0|       pointer|
|m_axi_g0_0_AWSIZE     |  out|    3|       m_axi|                                                    g0|       pointer|
|m_axi_g0_0_AWBURST    |  out|    2|       m_axi|                                                    g0|       pointer|
|m_axi_g0_0_AWLOCK     |  out|    2|       m_axi|                                                    g0|       pointer|
|m_axi_g0_0_AWCACHE    |  out|    4|       m_axi|                                                    g0|       pointer|
|m_axi_g0_0_AWPROT     |  out|    3|       m_axi|                                                    g0|       pointer|
|m_axi_g0_0_AWQOS      |  out|    4|       m_axi|                                                    g0|       pointer|
|m_axi_g0_0_AWREGION   |  out|    4|       m_axi|                                                    g0|       pointer|
|m_axi_g0_0_AWUSER     |  out|    1|       m_axi|                                                    g0|       pointer|
|m_axi_g0_0_WVALID     |  out|    1|       m_axi|                                                    g0|       pointer|
|m_axi_g0_0_WREADY     |   in|    1|       m_axi|                                                    g0|       pointer|
|m_axi_g0_0_WDATA      |  out|   32|       m_axi|                                                    g0|       pointer|
|m_axi_g0_0_WSTRB      |  out|    4|       m_axi|                                                    g0|       pointer|
|m_axi_g0_0_WLAST      |  out|    1|       m_axi|                                                    g0|       pointer|
|m_axi_g0_0_WID        |  out|    1|       m_axi|                                                    g0|       pointer|
|m_axi_g0_0_WUSER      |  out|    1|       m_axi|                                                    g0|       pointer|
|m_axi_g0_0_ARVALID    |  out|    1|       m_axi|                                                    g0|       pointer|
|m_axi_g0_0_ARREADY    |   in|    1|       m_axi|                                                    g0|       pointer|
|m_axi_g0_0_ARADDR     |  out|   64|       m_axi|                                                    g0|       pointer|
|m_axi_g0_0_ARID       |  out|    1|       m_axi|                                                    g0|       pointer|
|m_axi_g0_0_ARLEN      |  out|   32|       m_axi|                                                    g0|       pointer|
|m_axi_g0_0_ARSIZE     |  out|    3|       m_axi|                                                    g0|       pointer|
|m_axi_g0_0_ARBURST    |  out|    2|       m_axi|                                                    g0|       pointer|
|m_axi_g0_0_ARLOCK     |  out|    2|       m_axi|                                                    g0|       pointer|
|m_axi_g0_0_ARCACHE    |  out|    4|       m_axi|                                                    g0|       pointer|
|m_axi_g0_0_ARPROT     |  out|    3|       m_axi|                                                    g0|       pointer|
|m_axi_g0_0_ARQOS      |  out|    4|       m_axi|                                                    g0|       pointer|
|m_axi_g0_0_ARREGION   |  out|    4|       m_axi|                                                    g0|       pointer|
|m_axi_g0_0_ARUSER     |  out|    1|       m_axi|                                                    g0|       pointer|
|m_axi_g0_0_RVALID     |   in|    1|       m_axi|                                                    g0|       pointer|
|m_axi_g0_0_RREADY     |  out|    1|       m_axi|                                                    g0|       pointer|
|m_axi_g0_0_RDATA      |   in|   32|       m_axi|                                                    g0|       pointer|
|m_axi_g0_0_RLAST      |   in|    1|       m_axi|                                                    g0|       pointer|
|m_axi_g0_0_RID        |   in|    1|       m_axi|                                                    g0|       pointer|
|m_axi_g0_0_RFIFONUM   |   in|    9|       m_axi|                                                    g0|       pointer|
|m_axi_g0_0_RUSER      |   in|    1|       m_axi|                                                    g0|       pointer|
|m_axi_g0_0_RRESP      |   in|    2|       m_axi|                                                    g0|       pointer|
|m_axi_g0_0_BVALID     |   in|    1|       m_axi|                                                    g0|       pointer|
|m_axi_g0_0_BREADY     |  out|    1|       m_axi|                                                    g0|       pointer|
|m_axi_g0_0_BRESP      |   in|    2|       m_axi|                                                    g0|       pointer|
|m_axi_g0_0_BID        |   in|    1|       m_axi|                                                    g0|       pointer|
|m_axi_g0_0_BUSER      |   in|    1|       m_axi|                                                    g0|       pointer|
|sext_ln2061           |   in|   62|     ap_none|                                           sext_ln2061|        scalar|
|sext_ln2265           |   in|   62|     ap_none|                                           sext_ln2265|        scalar|
|sext_ln1768           |   in|   62|     ap_none|                                           sext_ln1768|        scalar|
|zext_ln1760_1         |   in|    2|     ap_none|                                         zext_ln1760_1|        scalar|
|phi_mul15135          |   in|   17|     ap_none|                                          phi_mul15135|        scalar|
|v721                  |   in|    2|     ap_none|                                                  v721|        scalar|
|v945                  |   in|   64|     ap_none|                                                  v945|        scalar|
|zext_ln1763           |   in|   20|     ap_none|                                           zext_ln1763|        scalar|
|v949                  |   in|   64|     ap_none|                                                  v949|        scalar|
|v726                  |   in|   32|     ap_none|                                                  v726|        scalar|
+----------------------+-----+-----+------------+------------------------------------------------------+--------------+

