

================================================================
== Vitis HLS Report for 'control_Pipeline_VITIS_LOOP_2155_1_VITIS_LOOP_2156_2_VITIS_LOOP_2157_3'
================================================================
* Date:           Sun Jul 12 20:26:36 2026

* Version:        2025.2 (Build 6295257 on Nov 14 2025)
* Project:        spikingformer_proj
* Solution:       solution1 (Vivado IP Flow Target)
* Product family: zynquplus
* Target device:  xczu7ev-ffvc1156-2-e


================================================================
== Performance Estimates
================================================================
+ Timing: 
    * Summary: 
    +--------+----------+----------+------------+
    |  Clock |  Target  | Estimated| Uncertainty|
    +--------+----------+----------+------------+
    |ap_clk  |  10.00 ns|  7.300 ns|     2.70 ns|
    +--------+----------+----------+------------+

+ Latency: 
    * Summary: 
    +---------+---------+----------+----------+-----+-----+-------------------+
    |  Latency (cycles) |  Latency (absolute) |  Interval |      Pipeline     |
    |   min   |   max   |    min   |    max   | min | max |        Type       |
    +---------+---------+----------+----------+-----+-----+-------------------+
    |    49170|    49170|  0.492 ms|  0.492 ms|    0|    0|  loop pipeline stp|
    +---------+---------+----------+----------+-----+-----+-------------------+

    + Detail: 
        * Instance: 
        N/A

        * Loop: 
        +---------------------------------------------------------+---------+---------+----------+-----------+-----------+-------+----------+
        |                                                         |  Latency (cycles) | Iteration|  Initiation Interval  |  Trip |          |
        |                        Loop Name                        |   min   |   max   |  Latency |  achieved |   target  | Count | Pipelined|
        +---------------------------------------------------------+---------+---------+----------+-----------+-----------+-------+----------+
        |- VITIS_LOOP_2155_1_VITIS_LOOP_2156_2_VITIS_LOOP_2157_3  |    49168|    49168|        18|          1|          1|  49152|       yes|
        +---------------------------------------------------------+---------+---------+----------+-----------+-----------+-------+----------+



================================================================
== Utilization Estimates
================================================================
* Summary: 
+-----------------+---------+------+--------+--------+-----+
|       Name      | BRAM_18K|  DSP |   FF   |   LUT  | URAM|
+-----------------+---------+------+--------+--------+-----+
|DSP              |        -|     -|       -|       -|    -|
|Expression       |        -|     -|       0|     399|    -|
|FIFO             |        -|     -|       -|       -|    -|
|Instance         |        -|     -|       -|       -|    -|
|Memory           |        -|     -|       -|       -|    -|
|Multiplexer      |        -|     -|       0|     117|    -|
|Register         |        -|     -|     286|      32|    -|
+-----------------+---------+------+--------+--------+-----+
|Total            |        0|     0|     286|     548|    0|
+-----------------+---------+------+--------+--------+-----+
|Available        |      624|  1728|  460800|  230400|   96|
+-----------------+---------+------+--------+--------+-----+
|Utilization (%)  |        0|     0|      ~0|      ~0|    0|
+-----------------+---------+------+--------+--------+-----+

+ Detail: 
    * Instance: 
    N/A

    * DSP: 
    N/A

    * Memory: 
    N/A

    * FIFO: 
    N/A

    * Expression: 
    +--------------------------------+----------+----+---+----+------------+------------+
    |          Variable Name         | Operation| DSP| FF| LUT| Bitwidth P0| Bitwidth P1|
    +--------------------------------+----------+----+---+----+------------+------------+
    |add_ln2155_1_fu_209_p2          |         +|   0|  0|  23|          16|           1|
    |add_ln2155_fu_227_p2            |         +|   0|  0|  13|           6|           1|
    |add_ln2156_1_fu_372_p2          |         +|   0|  0|  19|          12|           1|
    |add_ln2156_fu_273_p2            |         +|   0|  0|  13|           6|           1|
    |add_ln2157_fu_366_p2            |         +|   0|  0|  13|           6|           1|
    |add_ln2160_1_fu_340_p2          |         +|   0|  0|  64|          64|          64|
    |add_ln2160_fu_317_p2            |         +|   0|  0|  64|          64|          64|
    |and_ln2155_fu_259_p2            |       and|   0|  0|   2|           1|           1|
    |ap_block_pp0_stage0_00001_grp2  |       and|   0|  0|   2|           1|           1|
    |ap_block_pp0_stage0_11001_grp1  |       and|   0|  0|   2|           1|           1|
    |ap_block_pp0_stage0_11001_grp3  |       and|   0|  0|   2|           1|           1|
    |ap_block_pp0_stage0_11001_grp5  |       and|   0|  0|   2|           1|           1|
    |v886_fu_443_p2                  |       and|   0|  0|   2|           1|           1|
    |icmp_ln2155_fu_203_p2           |      icmp|   0|  0|  23|          16|          16|
    |icmp_ln2156_fu_233_p2           |      icmp|   0|  0|  19|          12|          11|
    |icmp_ln2157_fu_253_p2           |      icmp|   0|  0|  14|           6|           7|
    |icmp_ln2161_1_fu_434_p2         |      icmp|   0|  0|  30|          23|           1|
    |icmp_ln2161_fu_429_p2           |      icmp|   0|  0|  15|           8|           2|
    |ap_block_pp0_stage0_11001       |        or|   0|  0|   2|           1|           1|
    |ap_block_pp0_stage0_11001_grp2  |        or|   0|  0|   2|           1|           1|
    |empty_fu_279_p2                 |        or|   0|  0|   2|           1|           1|
    |or_ln2161_fu_439_p2             |        or|   0|  0|   2|           1|           1|
    |select_ln2155_1_fu_265_p3       |    select|   0|  0|   6|           1|           6|
    |select_ln2155_fu_239_p3         |    select|   0|  0|   6|           1|           1|
    |select_ln2156_1_fu_378_p3       |    select|   0|  0|  11|           1|           1|
    |select_ln2156_fu_293_p3         |    select|   0|  0|   6|           1|           6|
    |select_ln2163_fu_449_p3         |    select|   0|  0|  30|           1|          30|
    |v884_mid2_fu_285_p3             |    select|   0|  0|   6|           1|           1|
    |ap_enable_pp0                   |       xor|   0|  0|   2|           1|           2|
    |xor_ln2155_fu_247_p2            |       xor|   0|  0|   2|           1|           2|
    +--------------------------------+----------+----+---+----+------------+------------+
    |Total                           |          |   0|  0| 399|         257|         229|
    +--------------------------------+----------+----+---+----+------------+------------+

    * Multiplexer: 
    +----------------------------+----+-----------+-----+-----------+
    |            Name            | LUT| Input Size| Bits| Total Bits|
    +----------------------------+----+-----------+-----+-----------+
    |ap_done_int                 |   9|          2|    1|          2|
    |ap_enable_reg_pp0_iter1     |   9|          2|    1|          2|
    |ap_enable_reg_pp0_iter2     |   9|          2|    1|          2|
    |g0_blk_n_AR                 |   9|          2|    1|          2|
    |g0_blk_n_AW                 |   9|          2|    1|          2|
    |g0_blk_n_B                  |   9|          2|    1|          2|
    |g0_blk_n_R                  |   9|          2|    1|          2|
    |g0_blk_n_W                  |   9|          2|    1|          2|
    |indvar_flatten12820_fu_114  |   9|          2|   12|         24|
    |indvar_flatten12833_fu_122  |   9|          2|   16|         32|
    |v882_fu_118                 |   9|          2|    6|         12|
    |v883_fu_110                 |   9|          2|    6|         12|
    |v884_fu_106                 |   9|          2|    6|         12|
    +----------------------------+----+-----------+-----+-----------+
    |Total                       | 117|         26|   54|        108|
    +----------------------------+----+-----------+-----+-----------+

    * Register: 
    +-------------------------------------------+----+----+-----+-----------+
    |                    Name                   | FF | LUT| Bits| Const Bits|
    +-------------------------------------------+----+----+-----+-----------+
    |ap_CS_fsm                                  |   1|   0|    1|          0|
    |ap_block_pp0_stage0_subdone_grp1_done_reg  |   1|   0|    1|          0|
    |ap_block_pp0_stage0_subdone_grp2_done_reg  |   1|   0|    1|          0|
    |ap_block_pp0_stage0_subdone_grp3_done_reg  |   1|   0|    1|          0|
    |ap_block_pp0_stage0_subdone_grp5_done_reg  |   1|   0|    1|          0|
    |ap_done_reg                                |   1|   0|    1|          0|
    |ap_enable_reg_pp0_iter1                    |   1|   0|    1|          0|
    |ap_enable_reg_pp0_iter10                   |   1|   0|    1|          0|
    |ap_enable_reg_pp0_iter11                   |   1|   0|    1|          0|
    |ap_enable_reg_pp0_iter12                   |   1|   0|    1|          0|
    |ap_enable_reg_pp0_iter13                   |   1|   0|    1|          0|
    |ap_enable_reg_pp0_iter14                   |   1|   0|    1|          0|
    |ap_enable_reg_pp0_iter15                   |   1|   0|    1|          0|
    |ap_enable_reg_pp0_iter16                   |   1|   0|    1|          0|
    |ap_enable_reg_pp0_iter17                   |   1|   0|    1|          0|
    |ap_enable_reg_pp0_iter18                   |   1|   0|    1|          0|
    |ap_enable_reg_pp0_iter2                    |   1|   0|    1|          0|
    |ap_enable_reg_pp0_iter3                    |   1|   0|    1|          0|
    |ap_enable_reg_pp0_iter4                    |   1|   0|    1|          0|
    |ap_enable_reg_pp0_iter5                    |   1|   0|    1|          0|
    |ap_enable_reg_pp0_iter6                    |   1|   0|    1|          0|
    |ap_enable_reg_pp0_iter7                    |   1|   0|    1|          0|
    |ap_enable_reg_pp0_iter8                    |   1|   0|    1|          0|
    |ap_enable_reg_pp0_iter9                    |   1|   0|    1|          0|
    |ap_loop_exit_ready_pp0_iter10_reg          |   1|   0|    1|          0|
    |ap_loop_exit_ready_pp0_iter11_reg          |   1|   0|    1|          0|
    |ap_loop_exit_ready_pp0_iter12_reg          |   1|   0|    1|          0|
    |ap_loop_exit_ready_pp0_iter13_reg          |   1|   0|    1|          0|
    |ap_loop_exit_ready_pp0_iter14_reg          |   1|   0|    1|          0|
    |ap_loop_exit_ready_pp0_iter15_reg          |   1|   0|    1|          0|
    |ap_loop_exit_ready_pp0_iter16_reg          |   1|   0|    1|          0|
    |ap_loop_exit_ready_pp0_iter17_reg          |   1|   0|    1|          0|
    |ap_loop_exit_ready_pp0_iter2_reg           |   1|   0|    1|          0|
    |ap_loop_exit_ready_pp0_iter3_reg           |   1|   0|    1|          0|
    |ap_loop_exit_ready_pp0_iter4_reg           |   1|   0|    1|          0|
    |ap_loop_exit_ready_pp0_iter5_reg           |   1|   0|    1|          0|
    |ap_loop_exit_ready_pp0_iter6_reg           |   1|   0|    1|          0|
    |ap_loop_exit_ready_pp0_iter7_reg           |   1|   0|    1|          0|
    |ap_loop_exit_ready_pp0_iter8_reg           |   1|   0|    1|          0|
    |ap_loop_exit_ready_pp0_iter9_reg           |   1|   0|    1|          0|
    |g0_addr_read_reg_510                       |  32|   0|   32|          0|
    |g0_addr_reg_501                            |  64|   0|   64|          0|
    |icmp_ln2161_1_reg_535                      |   1|   0|    1|          0|
    |icmp_ln2161_reg_530                        |   1|   0|    1|          0|
    |indvar_flatten12820_fu_114                 |  12|   0|   12|          0|
    |indvar_flatten12833_fu_122                 |  16|   0|   16|          0|
    |select_ln2163_reg_540                      |   7|   0|   32|         25|
    |tmp_9_reg_515                              |   8|   0|    8|          0|
    |trunc_ln2161_reg_520                       |  23|   0|   23|          0|
    |v882_fu_118                                |   6|   0|    6|          0|
    |v883_fu_110                                |   6|   0|    6|          0|
    |v884_fu_106                                |   6|   0|    6|          0|
    |g0_addr_reg_501                            |  64|  32|   64|          0|
    +-------------------------------------------+----+----+-----+-----------+
    |Total                                      | 286|  32|  311|         25|
    +-------------------------------------------+----+----+-----+-----------+



================================================================
== Interface
================================================================
* Summary: 
+----------------------+-----+-----+------------+------------------------------------------------------------------------+--------------+
|       RTL Ports      | Dir | Bits|  Protocol  |                              Source Object                             |    C Type    |
+----------------------+-----+-----+------------+------------------------------------------------------------------------+--------------+
|ap_clk                |   in|    1|  ap_ctrl_hs|  control_Pipeline_VITIS_LOOP_2155_1_VITIS_LOOP_2156_2_VITIS_LOOP_2157_3|  return value|
|ap_rst                |   in|    1|  ap_ctrl_hs|  control_Pipeline_VITIS_LOOP_2155_1_VITIS_LOOP_2156_2_VITIS_LOOP_2157_3|  return value|
|ap_start              |   in|    1|  ap_ctrl_hs|  control_Pipeline_VITIS_LOOP_2155_1_VITIS_LOOP_2156_2_VITIS_LOOP_2157_3|  return value|
|ap_done               |  out|    1|  ap_ctrl_hs|  control_Pipeline_VITIS_LOOP_2155_1_VITIS_LOOP_2156_2_VITIS_LOOP_2157_3|  return value|
|ap_idle               |  out|    1|  ap_ctrl_hs|  control_Pipeline_VITIS_LOOP_2155_1_VITIS_LOOP_2156_2_VITIS_LOOP_2157_3|  return value|
|ap_ready              |  out|    1|  ap_ctrl_hs|  control_Pipeline_VITIS_LOOP_2155_1_VITIS_LOOP_2156_2_VITIS_LOOP_2157_3|  return value|
|grp_fu_7597_p_din0    |  out|   32|  ap_ctrl_hs|  control_Pipeline_VITIS_LOOP_2155_1_VITIS_LOOP_2156_2_VITIS_LOOP_2157_3|  return value|
|grp_fu_7597_p_din1    |  out|   32|  ap_ctrl_hs|  control_Pipeline_VITIS_LOOP_2155_1_VITIS_LOOP_2156_2_VITIS_LOOP_2157_3|  return value|
|grp_fu_7597_p_opcode  |  out|    5|  ap_ctrl_hs|  control_Pipeline_VITIS_LOOP_2155_1_VITIS_LOOP_2156_2_VITIS_LOOP_2157_3|  return value|
|grp_fu_7597_p_dout0   |   in|    1|  ap_ctrl_hs|  control_Pipeline_VITIS_LOOP_2155_1_VITIS_LOOP_2156_2_VITIS_LOOP_2157_3|  return value|
|grp_fu_7597_p_ce      |  out|    1|  ap_ctrl_hs|  control_Pipeline_VITIS_LOOP_2155_1_VITIS_LOOP_2156_2_VITIS_LOOP_2157_3|  return value|
|m_axi_g0_0_AWVALID    |  out|    1|       m_axi|                                                                      g0|       pointer|
|m_axi_g0_0_AWREADY    |   in|    1|       m_axi|                                                                      g0|       pointer|
|m_axi_g0_0_AWADDR     |  out|   64|       m_axi|                                                                      g0|       pointer|
|m_axi_g0_0_AWID       |  out|    1|       m_axi|                                                                      g0|       pointer|
|m_axi_g0_0_AWLEN      |  out|   32|       m_axi|                                                                      g0|       pointer|
|m_axi_g0_0_AWSIZE     |  out|    3|       m_axi|                                                                      g0|       pointer|
|m_axi_g0_0_AWBURST    |  out|    2|       m_axi|                                                                      g0|       pointer|
|m_axi_g0_0_AWLOCK     |  out|    2|       m_axi|                                                                      g0|       pointer|
|m_axi_g0_0_AWCACHE    |  out|    4|       m_axi|                                                                      g0|       pointer|
|m_axi_g0_0_AWPROT     |  out|    3|       m_axi|                                                                      g0|       pointer|
|m_axi_g0_0_AWQOS      |  out|    4|       m_axi|                                                                      g0|       pointer|
|m_axi_g0_0_AWREGION   |  out|    4|       m_axi|                                                                      g0|       pointer|
|m_axi_g0_0_AWUSER     |  out|    1|       m_axi|                                                                      g0|       pointer|
|m_axi_g0_0_WVALID     |  out|    1|       m_axi|                                                                      g0|       pointer|
|m_axi_g0_0_WREADY     |   in|    1|       m_axi|                                                                      g0|       pointer|
|m_axi_g0_0_WDATA      |  out|   32|       m_axi|                                                                      g0|       pointer|
|m_axi_g0_0_WSTRB      |  out|    4|       m_axi|                                                                      g0|       pointer|
|m_axi_g0_0_WLAST      |  out|    1|       m_axi|                                                                      g0|       pointer|
|m_axi_g0_0_WID        |  out|    1|       m_axi|                                                                      g0|       pointer|
|m_axi_g0_0_WUSER      |  out|    1|       m_axi|                                                                      g0|       pointer|
|m_axi_g0_0_ARVALID    |  out|    1|       m_axi|                                                                      g0|       pointer|
|m_axi_g0_0_ARREADY    |   in|    1|       m_axi|                                                                      g0|       pointer|
|m_axi_g0_0_ARADDR     |  out|   64|       m_axi|                                                                      g0|       pointer|
|m_axi_g0_0_ARID       |  out|    1|       m_axi|                                                                      g0|       pointer|
|m_axi_g0_0_ARLEN      |  out|   32|       m_axi|                                                                      g0|       pointer|
|m_axi_g0_0_ARSIZE     |  out|    3|       m_axi|                                                                      g0|       pointer|
|m_axi_g0_0_ARBURST    |  out|    2|       m_axi|                                                                      g0|       pointer|
|m_axi_g0_0_ARLOCK     |  out|    2|       m_axi|                                                                      g0|       pointer|
|m_axi_g0_0_ARCACHE    |  out|    4|       m_axi|                                                                      g0|       pointer|
|m_axi_g0_0_ARPROT     |  out|    3|       m_axi|                                                                      g0|       pointer|
|m_axi_g0_0_ARQOS      |  out|    4|       m_axi|                                                                      g0|       pointer|
|m_axi_g0_0_ARREGION   |  out|    4|       m_axi|                                                                      g0|       pointer|
|m_axi_g0_0_ARUSER     |  out|    1|       m_axi|                                                                      g0|       pointer|
|m_axi_g0_0_RVALID     |   in|    1|       m_axi|                                                                      g0|       pointer|
|m_axi_g0_0_RREADY     |  out|    1|       m_axi|                                                                      g0|       pointer|
|m_axi_g0_0_RDATA      |   in|   32|       m_axi|                                                                      g0|       pointer|
|m_axi_g0_0_RLAST      |   in|    1|       m_axi|                                                                      g0|       pointer|
|m_axi_g0_0_RID        |   in|    1|       m_axi|                                                                      g0|       pointer|
|m_axi_g0_0_RFIFONUM   |   in|    9|       m_axi|                                                                      g0|       pointer|
|m_axi_g0_0_RUSER      |   in|    1|       m_axi|                                                                      g0|       pointer|
|m_axi_g0_0_RRESP      |   in|    2|       m_axi|                                                                      g0|       pointer|
|m_axi_g0_0_BVALID     |   in|    1|       m_axi|                                                                      g0|       pointer|
|m_axi_g0_0_BREADY     |  out|    1|       m_axi|                                                                      g0|       pointer|
|m_axi_g0_0_BRESP      |   in|    2|       m_axi|                                                                      g0|       pointer|
|m_axi_g0_0_BID        |   in|    1|       m_axi|                                                                      g0|       pointer|
|m_axi_g0_0_BUSER      |   in|    1|       m_axi|                                                                      g0|       pointer|
|sext_ln2159           |   in|   62|     ap_none|                                                             sext_ln2159|        scalar|
|v1050                 |   in|   64|     ap_none|                                                                   v1050|        scalar|
+----------------------+-----+-----+------------+------------------------------------------------------------------------+--------------+

