

================================================================
== Vitis HLS Report for 'control_Pipeline_VITIS_LOOP_1641_1_VITIS_LOOP_1642_2_VITIS_LOOP_1643_36'
================================================================
* Date:           Sun Jul 12 20:26:39 2026

* Version:        2025.2 (Build 6295257 on Nov 14 2025)
* Project:        spikingformer_proj
* Solution:       solution1 (Vivado IP Flow Target)
* Product family: zynquplus
* Target device:  xczu7ev-ffvc1156-2-e


================================================================
== Performance Estimates
================================================================
+ Timing: 
    * Summary: 
    +--------+----------+----------+------------+
    |  Clock |  Target  | Estimated| Uncertainty|
    +--------+----------+----------+------------+
    |ap_clk  |  10.00 ns|  7.300 ns|     2.70 ns|
    +--------+----------+----------+------------+

+ Latency: 
    * Summary: 
    +---------+---------+----------+----------+-----+-----+-------------------+
    |  Latency (cycles) |  Latency (absolute) |  Interval |      Pipeline     |
    |   min   |   max   |    min   |    max   | min | max |        Type       |
    +---------+---------+----------+----------+-----+-----+-------------------+
    |   393236|   393236|  3.932 ms|  3.932 ms|    0|    0|  loop pipeline stp|
    +---------+---------+----------+----------+-----+-----+-------------------+

    + Detail: 
        * Instance: 
        N/A

        * Loop: 
        +---------------------------------------------------------+---------+---------+----------+-----------+-----------+--------+----------+
        |                                                         |  Latency (cycles) | Iteration|  Initiation Interval  |  Trip  |          |
        |                        Loop Name                        |   min   |   max   |  Latency |  achieved |   target  |  Count | Pipelined|
        +---------------------------------------------------------+---------+---------+----------+-----------+-----------+--------+----------+
        |- VITIS_LOOP_1641_1_VITIS_LOOP_1642_2_VITIS_LOOP_1643_3  |   393234|   393234|        21|          2|          1|  196608|       yes|
        +---------------------------------------------------------+---------+---------+----------+-----------+-----------+--------+----------+



================================================================
== Utilization Estimates
================================================================
* Summary: 
+-----------------+---------+------+--------+--------+-----+
|       Name      | BRAM_18K|  DSP |   FF   |   LUT  | URAM|
+-----------------+---------+------+--------+--------+-----+
|DSP              |        -|     -|       -|       -|    -|
|Expression       |        -|     -|       0|     669|    -|
|FIFO             |        -|     -|       -|       -|    -|
|Instance         |        -|     -|       -|       -|    -|
|Memory           |        -|     -|       -|       -|    -|
|Multiplexer      |        -|     -|       0|     145|    -|
|Register         |        -|     -|     500|      32|    -|
+-----------------+---------+------+--------+--------+-----+
|Total            |        0|     0|     500|     846|    0|
+-----------------+---------+------+--------+--------+-----+
|Available        |      624|  1728|  460800|  230400|   96|
+-----------------+---------+------+--------+--------+-----+
|Utilization (%)  |        0|     0|      ~0|      ~0|    0|
+-----------------+---------+------+--------+--------+-----+

+ Detail: 
    * Instance: 
    N/A

    * DSP: 
    N/A

    * Memory: 
    N/A

    * FIFO: 
    N/A

    * Expression: 
    +-----------------------------------------+----------+----+---+----+------------+------------+
    |              Variable Name              | Operation| DSP| FF| LUT| Bitwidth P0| Bitwidth P1|
    +-----------------------------------------+----------+----+---+----+------------+------------+
    |add_ln1641_1_fu_260_p2                   |         +|   0|  0|  15|           8|           1|
    |add_ln1641_fu_245_p2                     |         +|   0|  0|  25|          18|           1|
    |add_ln1642_1_fu_543_p2                   |         +|   0|  0|  19|          12|           1|
    |add_ln1642_fu_306_p2                     |         +|   0|  0|  13|           6|           1|
    |add_ln1643_1_fu_374_p2                   |         +|   0|  0|  21|          21|          21|
    |add_ln1643_2_fu_396_p2                   |         +|   0|  0|  71|          64|          64|
    |add_ln1643_3_fu_429_p2                   |         +|   0|  0|  22|          22|          22|
    |add_ln1643_4_fu_435_p2                   |         +|   0|  0|  22|          22|          22|
    |add_ln1643_5_fu_457_p2                   |         +|   0|  0|  71|          64|          64|
    |add_ln1643_6_fu_531_p2                   |         +|   0|  0|  13|           6|           1|
    |add_ln1643_fu_368_p2                     |         +|   0|  0|  21|          21|          21|
    |add_ln1648_fu_480_p2                     |         +|   0|  0|  70|          63|          63|
    |add_ln1649_1_fu_515_p2                   |         +|   0|  0|  63|          63|          63|
    |add_ln1649_fu_510_p2                     |         +|   0|  0|  63|          63|          63|
    |and_ln1641_fu_292_p2                     |       and|   0|  0|   2|           1|           1|
    |ap_block_pp0_stage0_11001_grp1           |       and|   0|  0|   2|           1|           1|
    |ap_block_pp0_stage0_11001_grp2           |       and|   0|  0|   2|           1|           1|
    |ap_block_pp0_stage0_11001_grp4           |       and|   0|  0|   2|           1|           1|
    |ap_block_pp0_stage0_11001_grp6           |       and|   0|  0|   2|           1|           1|
    |ap_block_pp0_stage1_11001_grp3           |       and|   0|  0|   2|           1|           1|
    |ap_block_pp0_stage1_11001_grp5           |       and|   0|  0|   2|           1|           1|
    |ap_block_pp0_stage1_11001_grp7           |       and|   0|  0|   2|           1|           1|
    |ap_block_state22_pp0_stage1_iter10_grp7  |       and|   0|  0|   2|           1|           1|
    |ap_block_state3_io_grp1                  |       and|   0|  0|   2|           1|           1|
    |ap_block_state3_io_grp2                  |       and|   0|  0|   2|           1|           1|
    |ap_condition_757                         |       and|   0|  0|   2|           1|           1|
    |ap_condition_761                         |       and|   0|  0|   2|           1|           1|
    |ap_predicate_op112_writereq_state3       |       and|   0|  0|   2|           1|           1|
    |first_iter_64_fu_334_p2                  |      icmp|   0|  0|  13|           6|           1|
    |icmp_ln1641_fu_239_p2                    |      icmp|   0|  0|  25|          18|          18|
    |icmp_ln1642_fu_266_p2                    |      icmp|   0|  0|  19|          12|          11|
    |icmp_ln1643_1_fu_537_p2                  |      icmp|   0|  0|  14|           6|           7|
    |icmp_ln1643_fu_286_p2                    |      icmp|   0|  0|  14|           6|           7|
    |ap_block_pp0_stage0_11001                |        or|   0|  0|   2|           1|           1|
    |ap_block_pp0_stage1_11001                |        or|   0|  0|   2|           1|           1|
    |empty_106_fu_312_p2                      |        or|   0|  0|   2|           1|           1|
    |select_ln1641_1_fu_298_p3                |    select|   0|  0|   8|           1|           8|
    |select_ln1641_fu_272_p3                  |    select|   0|  0|   6|           1|           1|
    |select_ln1642_1_fu_549_p3                |    select|   0|  0|  11|           1|           1|
    |select_ln1642_fu_326_p3                  |    select|   0|  0|   6|           1|           6|
    |v669_1_mid2_fu_318_p3                    |    select|   0|  0|   6|           1|           1|
    |ap_enable_pp0                            |       xor|   0|  0|   2|           1|           2|
    |xor_ln1641_fu_280_p2                     |       xor|   0|  0|   2|           1|           2|
    +-----------------------------------------+----------+----+---+----+------------+------------+
    |Total                                    |          |   0|  0| 669|         525|         490|
    +-----------------------------------------+----------+----+---+----+------------+------------+

    * Multiplexer: 
    +----------------------------+----+-----------+-----+-----------+
    |            Name            | LUT| Input Size| Bits| Total Bits|
    +----------------------------+----+-----------+-----+-----------+
    |ap_NS_fsm                   |  14|          3|    1|          3|
    |ap_done_int                 |   9|          2|    1|          2|
    |ap_enable_reg_pp0_iter0     |   9|          2|    1|          2|
    |ap_enable_reg_pp0_iter1     |   9|          2|    1|          2|
    |g0_blk_n_AR                 |   9|          2|    1|          2|
    |g0_blk_n_AW                 |   9|          2|    1|          2|
    |g0_blk_n_B                  |   9|          2|    1|          2|
    |g0_blk_n_R                  |   9|          2|    1|          2|
    |g0_blk_n_W                  |   9|          2|    1|          2|
    |indvar_flatten13350_fu_126  |   9|          2|   12|         24|
    |indvar_flatten13363_fu_134  |   9|          2|   18|         36|
    |m_axi_g0_0_ARADDR           |  14|          3|   64|        192|
    |v667_fu_130                 |   9|          2|    8|         16|
    |v668_fu_122                 |   9|          2|    6|         12|
    |v669_fu_118                 |   9|          2|    6|         12|
    +----------------------------+----+-----------+-----+-----------+
    |Total                       | 145|         32|  123|        311|
    +----------------------------+----+-----------+-----+-----------+

    * Register: 
    +-------------------------------------------+----+----+-----+-----------+
    |                    Name                   | FF | LUT| Bits| Const Bits|
    +-------------------------------------------+----+----+-----+-----------+
    |ap_CS_fsm                                  |   2|   0|    2|          0|
    |ap_block_pp0_stage0_subdone_grp0_done_reg  |   1|   0|    1|          0|
    |ap_block_pp0_stage0_subdone_grp1_done_reg  |   1|   0|    1|          0|
    |ap_block_pp0_stage0_subdone_grp2_done_reg  |   1|   0|    1|          0|
    |ap_block_pp0_stage0_subdone_grp4_done_reg  |   1|   0|    1|          0|
    |ap_block_pp0_stage0_subdone_grp6_done_reg  |   1|   0|    1|          0|
    |ap_block_pp0_stage1_subdone_grp0_done_reg  |   1|   0|    1|          0|
    |ap_block_pp0_stage1_subdone_grp3_done_reg  |   1|   0|    1|          0|
    |ap_block_pp0_stage1_subdone_grp5_done_reg  |   1|   0|    1|          0|
    |ap_block_pp0_stage1_subdone_grp7_done_reg  |   1|   0|    1|          0|
    |ap_done_reg                                |   1|   0|    1|          0|
    |ap_enable_reg_pp0_iter0_reg                |   1|   0|    1|          0|
    |ap_enable_reg_pp0_iter1                    |   1|   0|    1|          0|
    |ap_enable_reg_pp0_iter10                   |   1|   0|    1|          0|
    |ap_enable_reg_pp0_iter2                    |   1|   0|    1|          0|
    |ap_enable_reg_pp0_iter3                    |   1|   0|    1|          0|
    |ap_enable_reg_pp0_iter4                    |   1|   0|    1|          0|
    |ap_enable_reg_pp0_iter5                    |   1|   0|    1|          0|
    |ap_enable_reg_pp0_iter6                    |   1|   0|    1|          0|
    |ap_enable_reg_pp0_iter7                    |   1|   0|    1|          0|
    |ap_enable_reg_pp0_iter8                    |   1|   0|    1|          0|
    |ap_enable_reg_pp0_iter9                    |   1|   0|    1|          0|
    |ap_loop_exit_ready_pp0_iter1_reg           |   1|   0|    1|          0|
    |ap_loop_exit_ready_pp0_iter2_reg           |   1|   0|    1|          0|
    |ap_loop_exit_ready_pp0_iter3_reg           |   1|   0|    1|          0|
    |ap_loop_exit_ready_pp0_iter4_reg           |   1|   0|    1|          0|
    |ap_loop_exit_ready_pp0_iter5_reg           |   1|   0|    1|          0|
    |ap_loop_exit_ready_pp0_iter6_reg           |   1|   0|    1|          0|
    |ap_loop_exit_ready_pp0_iter7_reg           |   1|   0|    1|          0|
    |ap_loop_exit_ready_pp0_iter8_reg           |   1|   0|    1|          0|
    |ap_loop_exit_ready_pp0_iter9_reg           |   1|   0|    1|          0|
    |first_iter_64_reg_644                      |   1|   0|    1|          0|
    |g0_addr_122_read_reg_671                   |  32|   0|   32|          0|
    |g0_addr_122_reg_655                        |  64|   0|   64|          0|
    |g0_addr_123_read_reg_676                   |  32|   0|   32|          0|
    |g0_addr_123_reg_661                        |  64|   0|   64|          0|
    |g0_addr_reg_648                            |  64|   0|   64|          0|
    |icmp_ln1641_reg_640                        |   1|   0|    1|          0|
    |icmp_ln1643_1_reg_667                      |   1|   0|    1|          0|
    |indvar_flatten13350_fu_126                 |  12|   0|   12|          0|
    |indvar_flatten13363_fu_134                 |  18|   0|   18|          0|
    |sext_ln2299_1_cast_reg_635                 |  63|   0|   63|          0|
    |v667_fu_130                                |   8|   0|    8|          0|
    |v668_fu_122                                |   6|   0|    6|          0|
    |v669_fu_118                                |   6|   0|    6|          0|
    |v672_reg_691                               |  32|   0|   32|          0|
    |icmp_ln1643_1_reg_667                      |  64|  32|    1|          0|
    +-------------------------------------------+----+----+-----+-----------+
    |Total                                      | 500|  32|  437|          0|
    +-------------------------------------------+----+----+-----+-----------+



================================================================
== Interface
================================================================
* Summary: 
+----------------------+-----+-----+------------+-------------------------------------------------------------------------+--------------+
|       RTL Ports      | Dir | Bits|  Protocol  |                              Source Object                              |    C Type    |
+----------------------+-----+-----+------------+-------------------------------------------------------------------------+--------------+
|ap_clk                |   in|    1|  ap_ctrl_hs|  control_Pipeline_VITIS_LOOP_1641_1_VITIS_LOOP_1642_2_VITIS_LOOP_1643_36|  return value|
|ap_rst                |   in|    1|  ap_ctrl_hs|  control_Pipeline_VITIS_LOOP_1641_1_VITIS_LOOP_1642_2_VITIS_LOOP_1643_36|  return value|
|ap_start              |   in|    1|  ap_ctrl_hs|  control_Pipeline_VITIS_LOOP_1641_1_VITIS_LOOP_1642_2_VITIS_LOOP_1643_36|  return value|
|ap_done               |  out|    1|  ap_ctrl_hs|  control_Pipeline_VITIS_LOOP_1641_1_VITIS_LOOP_1642_2_VITIS_LOOP_1643_36|  return value|
|ap_idle               |  out|    1|  ap_ctrl_hs|  control_Pipeline_VITIS_LOOP_1641_1_VITIS_LOOP_1642_2_VITIS_LOOP_1643_36|  return value|
|ap_ready              |  out|    1|  ap_ctrl_hs|  control_Pipeline_VITIS_LOOP_1641_1_VITIS_LOOP_1642_2_VITIS_LOOP_1643_36|  return value|
|grp_fu_7589_p_din0    |  out|   32|  ap_ctrl_hs|  control_Pipeline_VITIS_LOOP_1641_1_VITIS_LOOP_1642_2_VITIS_LOOP_1643_36|  return value|
|grp_fu_7589_p_din1    |  out|   32|  ap_ctrl_hs|  control_Pipeline_VITIS_LOOP_1641_1_VITIS_LOOP_1642_2_VITIS_LOOP_1643_36|  return value|
|grp_fu_7589_p_opcode  |  out|    1|  ap_ctrl_hs|  control_Pipeline_VITIS_LOOP_1641_1_VITIS_LOOP_1642_2_VITIS_LOOP_1643_36|  return value|
|grp_fu_7589_p_dout0   |   in|   32|  ap_ctrl_hs|  control_Pipeline_VITIS_LOOP_1641_1_VITIS_LOOP_1642_2_VITIS_LOOP_1643_36|  return value|
|grp_fu_7589_p_ce      |  out|    1|  ap_ctrl_hs|  control_Pipeline_VITIS_LOOP_1641_1_VITIS_LOOP_1642_2_VITIS_LOOP_1643_36|  return value|
|m_axi_g0_0_AWVALID    |  out|    1|       m_axi|                                                                       g0|       pointer|
|m_axi_g0_0_AWREADY    |   in|    1|       m_axi|                                                                       g0|       pointer|
|m_axi_g0_0_AWADDR     |  out|   64|       m_axi|                                                                       g0|       pointer|
|m_axi_g0_0_AWID       |  out|    1|       m_axi|                                                                       g0|       pointer|
|m_axi_g0_0_AWLEN      |  out|   32|       m_axi|                                                                       g0|       pointer|
|m_axi_g0_0_AWSIZE     |  out|    3|       m_axi|                                                                       g0|       pointer|
|m_axi_g0_0_AWBURST    |  out|    2|       m_axi|                                                                       g0|       pointer|
|m_axi_g0_0_AWLOCK     |  out|    2|       m_axi|                                                                       g0|       pointer|
|m_axi_g0_0_AWCACHE    |  out|    4|       m_axi|                                                                       g0|       pointer|
|m_axi_g0_0_AWPROT     |  out|    3|       m_axi|                                                                       g0|       pointer|
|m_axi_g0_0_AWQOS      |  out|    4|       m_axi|                                                                       g0|       pointer|
|m_axi_g0_0_AWREGION   |  out|    4|       m_axi|                                                                       g0|       pointer|
|m_axi_g0_0_AWUSER     |  out|    1|       m_axi|                                                                       g0|       pointer|
|m_axi_g0_0_WVALID     |  out|    1|       m_axi|                                                                       g0|       pointer|
|m_axi_g0_0_WREADY     |   in|    1|       m_axi|                                                                       g0|       pointer|
|m_axi_g0_0_WDATA      |  out|   32|       m_axi|                                                                       g0|       pointer|
|m_axi_g0_0_WSTRB      |  out|    4|       m_axi|                                                                       g0|       pointer|
|m_axi_g0_0_WLAST      |  out|    1|       m_axi|                                                                       g0|       pointer|
|m_axi_g0_0_WID        |  out|    1|       m_axi|                                                                       g0|       pointer|
|m_axi_g0_0_WUSER      |  out|    1|       m_axi|                                                                       g0|       pointer|
|m_axi_g0_0_ARVALID    |  out|    1|       m_axi|                                                                       g0|       pointer|
|m_axi_g0_0_ARREADY    |   in|    1|       m_axi|                                                                       g0|       pointer|
|m_axi_g0_0_ARADDR     |  out|   64|       m_axi|                                                                       g0|       pointer|
|m_axi_g0_0_ARID       |  out|    1|       m_axi|                                                                       g0|       pointer|
|m_axi_g0_0_ARLEN      |  out|   32|       m_axi|                                                                       g0|       pointer|
|m_axi_g0_0_ARSIZE     |  out|    3|       m_axi|                                                                       g0|       pointer|
|m_axi_g0_0_ARBURST    |  out|    2|       m_axi|                                                                       g0|       pointer|
|m_axi_g0_0_ARLOCK     |  out|    2|       m_axi|                                                                       g0|       pointer|
|m_axi_g0_0_ARCACHE    |  out|    4|       m_axi|                                                                       g0|       pointer|
|m_axi_g0_0_ARPROT     |  out|    3|       m_axi|                                                                       g0|       pointer|
|m_axi_g0_0_ARQOS      |  out|    4|       m_axi|                                                                       g0|       pointer|
|m_axi_g0_0_ARREGION   |  out|    4|       m_axi|                                                                       g0|       pointer|
|m_axi_g0_0_ARUSER     |  out|    1|       m_axi|                                                                       g0|       pointer|
|m_axi_g0_0_RVALID     |   in|    1|       m_axi|                                                                       g0|       pointer|
|m_axi_g0_0_RREADY     |  out|    1|       m_axi|                                                                       g0|       pointer|
|m_axi_g0_0_RDATA      |   in|   32|       m_axi|                                                                       g0|       pointer|
|m_axi_g0_0_RLAST      |   in|    1|       m_axi|                                                                       g0|       pointer|
|m_axi_g0_0_RID        |   in|    1|       m_axi|                                                                       g0|       pointer|
|m_axi_g0_0_RFIFONUM   |   in|    9|       m_axi|                                                                       g0|       pointer|
|m_axi_g0_0_RUSER      |   in|    1|       m_axi|                                                                       g0|       pointer|
|m_axi_g0_0_RRESP      |   in|    2|       m_axi|                                                                       g0|       pointer|
|m_axi_g0_0_BVALID     |   in|    1|       m_axi|                                                                       g0|       pointer|
|m_axi_g0_0_BREADY     |  out|    1|       m_axi|                                                                       g0|       pointer|
|m_axi_g0_0_BRESP      |   in|    2|       m_axi|                                                                       g0|       pointer|
|m_axi_g0_0_BID        |   in|    1|       m_axi|                                                                       g0|       pointer|
|m_axi_g0_0_BUSER      |   in|    1|       m_axi|                                                                       g0|       pointer|
|v945                  |   in|   64|     ap_none|                                                                     v945|        scalar|
|sext_ln2299_1         |   in|   62|     ap_none|                                                            sext_ln2299_1|        scalar|
|sext_ln2265           |   in|   62|     ap_none|                                                              sext_ln2265|        scalar|
|sext_ln1882           |   in|   62|     ap_none|                                                              sext_ln1882|        scalar|
|sext_ln2299           |   in|   62|     ap_none|                                                              sext_ln2299|        scalar|
+----------------------+-----+-----+------------+-------------------------------------------------------------------------+--------------+

