

================================================================
== Vitis HLS Report for 'control_Pipeline_VITIS_LOOP_1955_1_VITIS_LOOP_1956_2_VITIS_LOOP_1957_3'
================================================================
* Date:           Sun Jul 12 20:26:37 2026

* Version:        2025.2 (Build 6295257 on Nov 14 2025)
* Project:        spikingformer_proj
* Solution:       solution1 (Vivado IP Flow Target)
* Product family: zynquplus
* Target device:  xczu7ev-ffvc1156-2-e


================================================================
== Performance Estimates
================================================================
+ Timing: 
    * Summary: 
    +--------+----------+----------+------------+
    |  Clock |  Target  | Estimated| Uncertainty|
    +--------+----------+----------+------------+
    |ap_clk  |  10.00 ns|  7.300 ns|     2.70 ns|
    +--------+----------+----------+------------+

+ Latency: 
    * Summary: 
    +---------+---------+----------+----------+-----+-----+-------------------+
    |  Latency (cycles) |  Latency (absolute) |  Interval |      Pipeline     |
    |   min   |   max   |    min   |    max   | min | max |        Type       |
    +---------+---------+----------+----------+-----+-----+-------------------+
    |   196628|   196628|  1.966 ms|  1.966 ms|    0|    0|  loop pipeline stp|
    +---------+---------+----------+----------+-----+-----+-------------------+

    + Detail: 
        * Instance: 
        N/A

        * Loop: 
        +---------------------------------------------------------+---------+---------+----------+-----------+-----------+-------+----------+
        |                                                         |  Latency (cycles) | Iteration|  Initiation Interval  |  Trip |          |
        |                        Loop Name                        |   min   |   max   |  Latency |  achieved |   target  | Count | Pipelined|
        +---------------------------------------------------------+---------+---------+----------+-----------+-----------+-------+----------+
        |- VITIS_LOOP_1955_1_VITIS_LOOP_1956_2_VITIS_LOOP_1957_3  |   196626|   196626|        21|          2|          1|  98304|       yes|
        +---------------------------------------------------------+---------+---------+----------+-----------+-----------+-------+----------+



================================================================
== Utilization Estimates
================================================================
* Summary: 
+-----------------+---------+------+--------+--------+-----+
|       Name      | BRAM_18K|  DSP |   FF   |   LUT  | URAM|
+-----------------+---------+------+--------+--------+-----+
|DSP              |        -|     -|       -|       -|    -|
|Expression       |        -|     -|       0|     667|    -|
|FIFO             |        -|     -|       -|       -|    -|
|Instance         |        -|     -|       -|       -|    -|
|Memory           |        -|     -|       -|       -|    -|
|Multiplexer      |        -|     -|       0|     145|    -|
|Register         |        -|     -|     498|      32|    -|
+-----------------+---------+------+--------+--------+-----+
|Total            |        0|     0|     498|     844|    0|
+-----------------+---------+------+--------+--------+-----+
|Available        |      624|  1728|  460800|  230400|   96|
+-----------------+---------+------+--------+--------+-----+
|Utilization (%)  |        0|     0|      ~0|      ~0|    0|
+-----------------+---------+------+--------+--------+-----+

+ Detail: 
    * Instance: 
    N/A

    * DSP: 
    N/A

    * Memory: 
    N/A

    * FIFO: 
    N/A

    * Expression: 
    +-----------------------------------------+----------+----+---+----+------------+------------+
    |              Variable Name              | Operation| DSP| FF| LUT| Bitwidth P0| Bitwidth P1|
    +-----------------------------------------+----------+----+---+----+------------+------------+
    |add_ln1955_1_fu_243_p2                   |         +|   0|  0|  24|          17|           1|
    |add_ln1955_fu_258_p2                     |         +|   0|  0|  14|           7|           1|
    |add_ln1956_1_fu_533_p2                   |         +|   0|  0|  19|          12|           1|
    |add_ln1956_fu_304_p2                     |         +|   0|  0|  13|           6|           1|
    |add_ln1957_1_fu_394_p2                   |         +|   0|  0|  71|          64|          64|
    |add_ln1957_2_fu_372_p2                   |         +|   0|  0|  22|          22|          22|
    |add_ln1957_3_fu_447_p2                   |         +|   0|  0|  71|          64|          64|
    |add_ln1957_4_fu_419_p2                   |         +|   0|  0|  22|          22|          22|
    |add_ln1957_5_fu_521_p2                   |         +|   0|  0|  13|           6|           1|
    |add_ln1957_6_fu_425_p2                   |         +|   0|  0|  22|          22|          22|
    |add_ln1957_fu_366_p2                     |         +|   0|  0|  22|          22|          22|
    |add_ln1962_fu_470_p2                     |         +|   0|  0|  70|          63|          63|
    |add_ln1963_1_fu_500_p2                   |         +|   0|  0|  63|          63|          63|
    |add_ln1963_fu_505_p2                     |         +|   0|  0|  63|          63|          63|
    |and_ln1955_fu_290_p2                     |       and|   0|  0|   2|           1|           1|
    |ap_block_pp0_stage0_11001_grp1           |       and|   0|  0|   2|           1|           1|
    |ap_block_pp0_stage0_11001_grp2           |       and|   0|  0|   2|           1|           1|
    |ap_block_pp0_stage0_11001_grp4           |       and|   0|  0|   2|           1|           1|
    |ap_block_pp0_stage0_11001_grp6           |       and|   0|  0|   2|           1|           1|
    |ap_block_pp0_stage1_11001_grp3           |       and|   0|  0|   2|           1|           1|
    |ap_block_pp0_stage1_11001_grp5           |       and|   0|  0|   2|           1|           1|
    |ap_block_pp0_stage1_11001_grp7           |       and|   0|  0|   2|           1|           1|
    |ap_block_state22_pp0_stage1_iter10_grp7  |       and|   0|  0|   2|           1|           1|
    |ap_block_state3_io_grp1                  |       and|   0|  0|   2|           1|           1|
    |ap_block_state3_io_grp2                  |       and|   0|  0|   2|           1|           1|
    |ap_condition_750                         |       and|   0|  0|   2|           1|           1|
    |ap_condition_754                         |       and|   0|  0|   2|           1|           1|
    |ap_predicate_op110_writereq_state3       |       and|   0|  0|   2|           1|           1|
    |first_iter_34_fu_332_p2                  |      icmp|   0|  0|  13|           6|           1|
    |icmp_ln1955_fu_237_p2                    |      icmp|   0|  0|  24|          17|          17|
    |icmp_ln1956_fu_264_p2                    |      icmp|   0|  0|  19|          12|          11|
    |icmp_ln1957_1_fu_527_p2                  |      icmp|   0|  0|  14|           6|           7|
    |icmp_ln1957_fu_284_p2                    |      icmp|   0|  0|  14|           6|           7|
    |ap_block_pp0_stage0_11001                |        or|   0|  0|   2|           1|           1|
    |ap_block_pp0_stage1_11001                |        or|   0|  0|   2|           1|           1|
    |empty_101_fu_310_p2                      |        or|   0|  0|   2|           1|           1|
    |select_ln1955_1_fu_296_p3                |    select|   0|  0|   7|           1|           7|
    |select_ln1955_fu_270_p3                  |    select|   0|  0|   6|           1|           1|
    |select_ln1956_1_fu_539_p3                |    select|   0|  0|  11|           1|           1|
    |select_ln1956_fu_324_p3                  |    select|   0|  0|   6|           1|           6|
    |v802_mid2_fu_316_p3                      |    select|   0|  0|   6|           1|           1|
    |ap_enable_pp0                            |       xor|   0|  0|   2|           1|           2|
    |xor_ln1955_fu_278_p2                     |       xor|   0|  0|   2|           1|           2|
    +-----------------------------------------+----------+----+---+----+------------+------------+
    |Total                                    |          |   0|  0| 667|         524|         490|
    +-----------------------------------------+----------+----+---+----+------------+------------+

    * Multiplexer: 
    +----------------------------+----+-----------+-----+-----------+
    |            Name            | LUT| Input Size| Bits| Total Bits|
    +----------------------------+----+-----------+-----+-----------+
    |ap_NS_fsm                   |  14|          3|    1|          3|
    |ap_done_int                 |   9|          2|    1|          2|
    |ap_enable_reg_pp0_iter0     |   9|          2|    1|          2|
    |ap_enable_reg_pp0_iter1     |   9|          2|    1|          2|
    |g0_blk_n_AR                 |   9|          2|    1|          2|
    |g0_blk_n_AW                 |   9|          2|    1|          2|
    |g0_blk_n_B                  |   9|          2|    1|          2|
    |g0_blk_n_R                  |   9|          2|    1|          2|
    |g0_blk_n_W                  |   9|          2|    1|          2|
    |indvar_flatten13024_fu_124  |   9|          2|   12|         24|
    |indvar_flatten13037_fu_132  |   9|          2|   17|         34|
    |m_axi_g0_0_ARADDR           |  14|          3|   64|        192|
    |v800_fu_128                 |   9|          2|    7|         14|
    |v801_fu_120                 |   9|          2|    6|         12|
    |v802_fu_116                 |   9|          2|    6|         12|
    +----------------------------+----+-----------+-----+-----------+
    |Total                       | 145|         32|  121|        307|
    +----------------------------+----+-----------+-----+-----------+

    * Register: 
    +-------------------------------------------+----+----+-----+-----------+
    |                    Name                   | FF | LUT| Bits| Const Bits|
    +-------------------------------------------+----+----+-----+-----------+
    |ap_CS_fsm                                  |   2|   0|    2|          0|
    |ap_block_pp0_stage0_subdone_grp0_done_reg  |   1|   0|    1|          0|
    |ap_block_pp0_stage0_subdone_grp1_done_reg  |   1|   0|    1|          0|
    |ap_block_pp0_stage0_subdone_grp2_done_reg  |   1|   0|    1|          0|
    |ap_block_pp0_stage0_subdone_grp4_done_reg  |   1|   0|    1|          0|
    |ap_block_pp0_stage0_subdone_grp6_done_reg  |   1|   0|    1|          0|
    |ap_block_pp0_stage1_subdone_grp0_done_reg  |   1|   0|    1|          0|
    |ap_block_pp0_stage1_subdone_grp3_done_reg  |   1|   0|    1|          0|
    |ap_block_pp0_stage1_subdone_grp5_done_reg  |   1|   0|    1|          0|
    |ap_block_pp0_stage1_subdone_grp7_done_reg  |   1|   0|    1|          0|
    |ap_done_reg                                |   1|   0|    1|          0|
    |ap_enable_reg_pp0_iter0_reg                |   1|   0|    1|          0|
    |ap_enable_reg_pp0_iter1                    |   1|   0|    1|          0|
    |ap_enable_reg_pp0_iter10                   |   1|   0|    1|          0|
    |ap_enable_reg_pp0_iter2                    |   1|   0|    1|          0|
    |ap_enable_reg_pp0_iter3                    |   1|   0|    1|          0|
    |ap_enable_reg_pp0_iter4                    |   1|   0|    1|          0|
    |ap_enable_reg_pp0_iter5                    |   1|   0|    1|          0|
    |ap_enable_reg_pp0_iter6                    |   1|   0|    1|          0|
    |ap_enable_reg_pp0_iter7                    |   1|   0|    1|          0|
    |ap_enable_reg_pp0_iter8                    |   1|   0|    1|          0|
    |ap_enable_reg_pp0_iter9                    |   1|   0|    1|          0|
    |ap_loop_exit_ready_pp0_iter1_reg           |   1|   0|    1|          0|
    |ap_loop_exit_ready_pp0_iter2_reg           |   1|   0|    1|          0|
    |ap_loop_exit_ready_pp0_iter3_reg           |   1|   0|    1|          0|
    |ap_loop_exit_ready_pp0_iter4_reg           |   1|   0|    1|          0|
    |ap_loop_exit_ready_pp0_iter5_reg           |   1|   0|    1|          0|
    |ap_loop_exit_ready_pp0_iter6_reg           |   1|   0|    1|          0|
    |ap_loop_exit_ready_pp0_iter7_reg           |   1|   0|    1|          0|
    |ap_loop_exit_ready_pp0_iter8_reg           |   1|   0|    1|          0|
    |ap_loop_exit_ready_pp0_iter9_reg           |   1|   0|    1|          0|
    |first_iter_34_reg_634                      |   1|   0|    1|          0|
    |g0_addr_109_read_reg_661                   |  32|   0|   32|          0|
    |g0_addr_109_reg_645                        |  64|   0|   64|          0|
    |g0_addr_110_read_reg_666                   |  32|   0|   32|          0|
    |g0_addr_110_reg_651                        |  64|   0|   64|          0|
    |g0_addr_reg_638                            |  64|   0|   64|          0|
    |icmp_ln1955_reg_630                        |   1|   0|    1|          0|
    |icmp_ln1957_1_reg_657                      |   1|   0|    1|          0|
    |indvar_flatten13024_fu_124                 |  12|   0|   12|          0|
    |indvar_flatten13037_fu_132                 |  17|   0|   17|          0|
    |sext_ln2299_1_cast_reg_625                 |  63|   0|   63|          0|
    |v800_fu_128                                |   7|   0|    7|          0|
    |v801_fu_120                                |   6|   0|    6|          0|
    |v802_fu_116                                |   6|   0|    6|          0|
    |v805_reg_681                               |  32|   0|   32|          0|
    |icmp_ln1957_1_reg_657                      |  64|  32|    1|          0|
    +-------------------------------------------+----+----+-----+-----------+
    |Total                                      | 498|  32|  435|          0|
    +-------------------------------------------+----+----+-----+-----------+



================================================================
== Interface
================================================================
* Summary: 
+----------------------+-----+-----+------------+------------------------------------------------------------------------+--------------+
|       RTL Ports      | Dir | Bits|  Protocol  |                              Source Object                             |    C Type    |
+----------------------+-----+-----+------------+------------------------------------------------------------------------+--------------+
|ap_clk                |   in|    1|  ap_ctrl_hs|  control_Pipeline_VITIS_LOOP_1955_1_VITIS_LOOP_1956_2_VITIS_LOOP_1957_3|  return value|
|ap_rst                |   in|    1|  ap_ctrl_hs|  control_Pipeline_VITIS_LOOP_1955_1_VITIS_LOOP_1956_2_VITIS_LOOP_1957_3|  return value|
|ap_start              |   in|    1|  ap_ctrl_hs|  control_Pipeline_VITIS_LOOP_1955_1_VITIS_LOOP_1956_2_VITIS_LOOP_1957_3|  return value|
|ap_done               |  out|    1|  ap_ctrl_hs|  control_Pipeline_VITIS_LOOP_1955_1_VITIS_LOOP_1956_2_VITIS_LOOP_1957_3|  return value|
|ap_idle               |  out|    1|  ap_ctrl_hs|  control_Pipeline_VITIS_LOOP_1955_1_VITIS_LOOP_1956_2_VITIS_LOOP_1957_3|  return value|
|ap_ready              |  out|    1|  ap_ctrl_hs|  control_Pipeline_VITIS_LOOP_1955_1_VITIS_LOOP_1956_2_VITIS_LOOP_1957_3|  return value|
|grp_fu_7589_p_din0    |  out|   32|  ap_ctrl_hs|  control_Pipeline_VITIS_LOOP_1955_1_VITIS_LOOP_1956_2_VITIS_LOOP_1957_3|  return value|
|grp_fu_7589_p_din1    |  out|   32|  ap_ctrl_hs|  control_Pipeline_VITIS_LOOP_1955_1_VITIS_LOOP_1956_2_VITIS_LOOP_1957_3|  return value|
|grp_fu_7589_p_opcode  |  out|    1|  ap_ctrl_hs|  control_Pipeline_VITIS_LOOP_1955_1_VITIS_LOOP_1956_2_VITIS_LOOP_1957_3|  return value|
|grp_fu_7589_p_dout0   |   in|   32|  ap_ctrl_hs|  control_Pipeline_VITIS_LOOP_1955_1_VITIS_LOOP_1956_2_VITIS_LOOP_1957_3|  return value|
|grp_fu_7589_p_ce      |  out|    1|  ap_ctrl_hs|  control_Pipeline_VITIS_LOOP_1955_1_VITIS_LOOP_1956_2_VITIS_LOOP_1957_3|  return value|
|m_axi_g0_0_AWVALID    |  out|    1|       m_axi|                                                                      g0|       pointer|
|m_axi_g0_0_AWREADY    |   in|    1|       m_axi|                                                                      g0|       pointer|
|m_axi_g0_0_AWADDR     |  out|   64|       m_axi|                                                                      g0|       pointer|
|m_axi_g0_0_AWID       |  out|    1|       m_axi|                                                                      g0|       pointer|
|m_axi_g0_0_AWLEN      |  out|   32|       m_axi|                                                                      g0|       pointer|
|m_axi_g0_0_AWSIZE     |  out|    3|       m_axi|                                                                      g0|       pointer|
|m_axi_g0_0_AWBURST    |  out|    2|       m_axi|                                                                      g0|       pointer|
|m_axi_g0_0_AWLOCK     |  out|    2|       m_axi|                                                                      g0|       pointer|
|m_axi_g0_0_AWCACHE    |  out|    4|       m_axi|                                                                      g0|       pointer|
|m_axi_g0_0_AWPROT     |  out|    3|       m_axi|                                                                      g0|       pointer|
|m_axi_g0_0_AWQOS      |  out|    4|       m_axi|                                                                      g0|       pointer|
|m_axi_g0_0_AWREGION   |  out|    4|       m_axi|                                                                      g0|       pointer|
|m_axi_g0_0_AWUSER     |  out|    1|       m_axi|                                                                      g0|       pointer|
|m_axi_g0_0_WVALID     |  out|    1|       m_axi|                                                                      g0|       pointer|
|m_axi_g0_0_WREADY     |   in|    1|       m_axi|                                                                      g0|       pointer|
|m_axi_g0_0_WDATA      |  out|   32|       m_axi|                                                                      g0|       pointer|
|m_axi_g0_0_WSTRB      |  out|    4|       m_axi|                                                                      g0|       pointer|
|m_axi_g0_0_WLAST      |  out|    1|       m_axi|                                                                      g0|       pointer|
|m_axi_g0_0_WID        |  out|    1|       m_axi|                                                                      g0|       pointer|
|m_axi_g0_0_WUSER      |  out|    1|       m_axi|                                                                      g0|       pointer|
|m_axi_g0_0_ARVALID    |  out|    1|       m_axi|                                                                      g0|       pointer|
|m_axi_g0_0_ARREADY    |   in|    1|       m_axi|                                                                      g0|       pointer|
|m_axi_g0_0_ARADDR     |  out|   64|       m_axi|                                                                      g0|       pointer|
|m_axi_g0_0_ARID       |  out|    1|       m_axi|                                                                      g0|       pointer|
|m_axi_g0_0_ARLEN      |  out|   32|       m_axi|                                                                      g0|       pointer|
|m_axi_g0_0_ARSIZE     |  out|    3|       m_axi|                                                                      g0|       pointer|
|m_axi_g0_0_ARBURST    |  out|    2|       m_axi|                                                                      g0|       pointer|
|m_axi_g0_0_ARLOCK     |  out|    2|       m_axi|                                                                      g0|       pointer|
|m_axi_g0_0_ARCACHE    |  out|    4|       m_axi|                                                                      g0|       pointer|
|m_axi_g0_0_ARPROT     |  out|    3|       m_axi|                                                                      g0|       pointer|
|m_axi_g0_0_ARQOS      |  out|    4|       m_axi|                                                                      g0|       pointer|
|m_axi_g0_0_ARREGION   |  out|    4|       m_axi|                                                                      g0|       pointer|
|m_axi_g0_0_ARUSER     |  out|    1|       m_axi|                                                                      g0|       pointer|
|m_axi_g0_0_RVALID     |   in|    1|       m_axi|                                                                      g0|       pointer|
|m_axi_g0_0_RREADY     |  out|    1|       m_axi|                                                                      g0|       pointer|
|m_axi_g0_0_RDATA      |   in|   32|       m_axi|                                                                      g0|       pointer|
|m_axi_g0_0_RLAST      |   in|    1|       m_axi|                                                                      g0|       pointer|
|m_axi_g0_0_RID        |   in|    1|       m_axi|                                                                      g0|       pointer|
|m_axi_g0_0_RFIFONUM   |   in|    9|       m_axi|                                                                      g0|       pointer|
|m_axi_g0_0_RUSER      |   in|    1|       m_axi|                                                                      g0|       pointer|
|m_axi_g0_0_RRESP      |   in|    2|       m_axi|                                                                      g0|       pointer|
|m_axi_g0_0_BVALID     |   in|    1|       m_axi|                                                                      g0|       pointer|
|m_axi_g0_0_BREADY     |  out|    1|       m_axi|                                                                      g0|       pointer|
|m_axi_g0_0_BRESP      |   in|    2|       m_axi|                                                                      g0|       pointer|
|m_axi_g0_0_BID        |   in|    1|       m_axi|                                                                      g0|       pointer|
|m_axi_g0_0_BUSER      |   in|    1|       m_axi|                                                                      g0|       pointer|
|v945                  |   in|   64|     ap_none|                                                                    v945|        scalar|
|sext_ln2299_1         |   in|   62|     ap_none|                                                           sext_ln2299_1|        scalar|
|sext_ln1877           |   in|   62|     ap_none|                                                             sext_ln1877|        scalar|
|sext_ln2265           |   in|   62|     ap_none|                                                             sext_ln2265|        scalar|
|sext_ln2299           |   in|   62|     ap_none|                                                             sext_ln2299|        scalar|
+----------------------+-----+-----+------------+------------------------------------------------------------------------+--------------+

