

================================================================
== Vitis HLS Report for 'control_Pipeline_VITIS_LOOP_652_1_VITIS_LOOP_653_2'
================================================================
* Date:           Sun Jul 12 20:26:46 2026

* Version:        2025.2 (Build 6295257 on Nov 14 2025)
* Project:        spikingformer_proj
* Solution:       solution1 (Vivado IP Flow Target)
* Product family: zynquplus
* Target device:  xczu7ev-ffvc1156-2-e


================================================================
== Performance Estimates
================================================================
+ Timing: 
    * Summary: 
    +--------+----------+----------+------------+
    |  Clock |  Target  | Estimated| Uncertainty|
    +--------+----------+----------+------------+
    |ap_clk  |  10.00 ns|  7.300 ns|     2.70 ns|
    +--------+----------+----------+------------+

+ Latency: 
    * Summary: 
    +---------+---------+----------+----------+-----+-----+-------------------+
    |  Latency (cycles) |  Latency (absolute) |  Interval |      Pipeline     |
    |   min   |   max   |    min   |    max   | min | max |        Type       |
    +---------+---------+----------+----------+-----+-----+-------------------+
    |    49169|    49169|  0.492 ms|  0.492 ms|    0|    0|  loop pipeline stp|
    +---------+---------+----------+----------+-----+-----+-------------------+

    + Detail: 
        * Instance: 
        N/A

        * Loop: 
        +-------------------------------------+---------+---------+----------+-----------+-----------+-------+----------+
        |                                     |  Latency (cycles) | Iteration|  Initiation Interval  |  Trip |          |
        |              Loop Name              |   min   |   max   |  Latency |  achieved |   target  | Count | Pipelined|
        +-------------------------------------+---------+---------+----------+-----------+-----------+-------+----------+
        |- VITIS_LOOP_652_1_VITIS_LOOP_653_2  |    49167|    49167|        18|          2|          1|  24576|       yes|
        +-------------------------------------+---------+---------+----------+-----------+-----------+-------+----------+



================================================================
== Utilization Estimates
================================================================
* Summary: 
+-----------------+---------+------+--------+--------+-----+
|       Name      | BRAM_18K|  DSP |   FF   |   LUT  | URAM|
+-----------------+---------+------+--------+--------+-----+
|DSP              |        -|     -|       -|       -|    -|
|Expression       |        -|     -|       0|     511|    -|
|FIFO             |        -|     -|       -|       -|    -|
|Instance         |        -|     -|       -|       -|    -|
|Memory           |        -|     -|       -|       -|    -|
|Multiplexer      |        -|     -|       0|     154|    -|
|Register         |        -|     -|     430|      32|    -|
+-----------------+---------+------+--------+--------+-----+
|Total            |        0|     0|     430|     697|    0|
+-----------------+---------+------+--------+--------+-----+
|Available        |      624|  1728|  460800|  230400|   96|
+-----------------+---------+------+--------+--------+-----+
|Utilization (%)  |        0|     0|      ~0|      ~0|    0|
+-----------------+---------+------+--------+--------+-----+

+ Detail: 
    * Instance: 
    N/A

    * DSP: 
    N/A

    * Memory: 
    N/A

    * FIFO: 
    N/A

    * Expression: 
    +--------------------------------+----------+----+---+----+------------+------------+
    |          Variable Name         | Operation| DSP| FF| LUT| Bitwidth P0| Bitwidth P1|
    +--------------------------------+----------+----+---+----+------------+------------+
    |add_ln652_3_fu_217_p2           |         +|   0|  0|  22|          15|           1|
    |add_ln652_fu_229_p2             |         +|   0|  0|  14|           7|           1|
    |add_ln653_fu_349_p2             |         +|   0|  0|  16|           9|           1|
    |add_ln657_1_fu_323_p2           |         +|   0|  0|  64|          64|          64|
    |add_ln657_fu_317_p2             |         +|   0|  0|  64|          64|          64|
    |add_ln658_3_fu_376_p2           |         +|   0|  0|  63|          63|          63|
    |add_ln658_fu_381_p2             |         +|   0|  0|  63|          63|          63|
    |sub_ln653_fu_277_p2             |         -|   0|  0|  23|          16|          16|
    |sub_ln657_fu_295_p2             |         -|   0|  0|  25|          18|          18|
    |ap_block_pp0_stage0_11001_grp2  |       and|   0|  0|   2|           1|           1|
    |ap_block_pp0_stage0_11001_grp4  |       and|   0|  0|   2|           1|           1|
    |ap_block_pp0_stage0_11001_grp6  |       and|   0|  0|   2|           1|           1|
    |ap_block_pp0_stage1_11001_grp1  |       and|   0|  0|   2|           1|           1|
    |ap_block_pp0_stage1_11001_grp3  |       and|   0|  0|   2|           1|           1|
    |ap_block_pp0_stage1_11001_grp5  |       and|   0|  0|   2|           1|           1|
    |ap_block_pp0_stage1_11001_grp7  |       and|   0|  0|   2|           1|           1|
    |ap_block_state2_io_grp1         |       and|   0|  0|   2|           1|           1|
    |v269_fu_430_p2                  |       and|   0|  0|   2|           1|           1|
    |icmp_ln652_fu_211_p2            |      icmp|   0|  0|  22|          15|          15|
    |icmp_ln653_fu_235_p2            |      icmp|   0|  0|  16|           9|           9|
    |icmp_ln659_1_fu_421_p2          |      icmp|   0|  0|  30|          23|           1|
    |icmp_ln659_fu_416_p2            |      icmp|   0|  0|  15|           8|           2|
    |ap_block_pp0_stage0_11001       |        or|   0|  0|   2|           1|           1|
    |ap_block_pp0_stage1_11001       |        or|   0|  0|   2|           1|           1|
    |or_ln659_fu_426_p2              |        or|   0|  0|   2|           1|           1|
    |select_ln652_1_fu_249_p3        |    select|   0|  0|   7|           1|           7|
    |select_ln652_fu_241_p3          |    select|   0|  0|   9|           1|           1|
    |select_ln661_fu_436_p3          |    select|   0|  0|  32|           1|          32|
    |ap_enable_pp0                   |       xor|   0|  0|   2|           1|           2|
    +--------------------------------+----------+----+---+----+------------+------------+
    |Total                           |          |   0|  0| 511|         390|         372|
    +--------------------------------+----------+----+---+----+------------+------------+

    * Multiplexer: 
    +-------------------------------------------+----+-----------+-----+-----------+
    |                    Name                   | LUT| Input Size| Bits| Total Bits|
    +-------------------------------------------+----+-----------+-----+-----------+
    |ap_NS_fsm                                  |  14|          3|    1|          3|
    |ap_done_int                                |   9|          2|    1|          2|
    |ap_enable_reg_pp0_iter0                    |   9|          2|    1|          2|
    |ap_enable_reg_pp0_iter1                    |   9|          2|    1|          2|
    |ap_sig_allocacmp_indvar_flatten14124_load  |   9|          2|   15|         30|
    |ap_sig_allocacmp_v265_load                 |   9|          2|    7|         14|
    |ap_sig_allocacmp_v266_load                 |   9|          2|    9|         18|
    |g0_blk_n_AR                                |   9|          2|    1|          2|
    |g0_blk_n_AW                                |   9|          2|    1|          2|
    |g0_blk_n_B                                 |   9|          2|    1|          2|
    |g0_blk_n_R                                 |   9|          2|    1|          2|
    |g0_blk_n_W                                 |   9|          2|    1|          2|
    |indvar_flatten14124_fu_120                 |   9|          2|   15|         30|
    |m_axi_g0_0_ARADDR                          |  14|          3|   64|        192|
    |v265_fu_116                                |   9|          2|    7|         14|
    |v266_fu_112                                |   9|          2|    9|         18|
    +-------------------------------------------+----+-----------+-----+-----------+
    |Total                                      | 154|         34|  135|        335|
    +-------------------------------------------+----+-----------+-----+-----------+

    * Register: 
    +-------------------------------------------+----+----+-----+-----------+
    |                    Name                   | FF | LUT| Bits| Const Bits|
    +-------------------------------------------+----+----+-----+-----------+
    |ap_CS_fsm                                  |   2|   0|    2|          0|
    |ap_block_pp0_stage0_subdone_grp0_done_reg  |   1|   0|    1|          0|
    |ap_block_pp0_stage0_subdone_grp2_done_reg  |   1|   0|    1|          0|
    |ap_block_pp0_stage0_subdone_grp4_done_reg  |   1|   0|    1|          0|
    |ap_block_pp0_stage0_subdone_grp6_done_reg  |   1|   0|    1|          0|
    |ap_block_pp0_stage1_subdone_grp0_done_reg  |   1|   0|    1|          0|
    |ap_block_pp0_stage1_subdone_grp1_done_reg  |   1|   0|    1|          0|
    |ap_block_pp0_stage1_subdone_grp3_done_reg  |   1|   0|    1|          0|
    |ap_block_pp0_stage1_subdone_grp5_done_reg  |   1|   0|    1|          0|
    |ap_block_pp0_stage1_subdone_grp7_done_reg  |   1|   0|    1|          0|
    |ap_done_reg                                |   1|   0|    1|          0|
    |ap_enable_reg_pp0_iter0_reg                |   1|   0|    1|          0|
    |ap_enable_reg_pp0_iter1                    |   1|   0|    1|          0|
    |ap_enable_reg_pp0_iter2                    |   1|   0|    1|          0|
    |ap_enable_reg_pp0_iter3                    |   1|   0|    1|          0|
    |ap_enable_reg_pp0_iter4                    |   1|   0|    1|          0|
    |ap_enable_reg_pp0_iter5                    |   1|   0|    1|          0|
    |ap_enable_reg_pp0_iter6                    |   1|   0|    1|          0|
    |ap_enable_reg_pp0_iter7                    |   1|   0|    1|          0|
    |ap_enable_reg_pp0_iter8                    |   1|   0|    1|          0|
    |ap_loop_exit_ready_pp0_iter1_reg           |   1|   0|    1|          0|
    |ap_loop_exit_ready_pp0_iter2_reg           |   1|   0|    1|          0|
    |ap_loop_exit_ready_pp0_iter3_reg           |   1|   0|    1|          0|
    |ap_loop_exit_ready_pp0_iter4_reg           |   1|   0|    1|          0|
    |ap_loop_exit_ready_pp0_iter5_reg           |   1|   0|    1|          0|
    |ap_loop_exit_ready_pp0_iter6_reg           |   1|   0|    1|          0|
    |ap_loop_exit_ready_pp0_iter7_reg           |   1|   0|    1|          0|
    |g0_addr_78_reg_493                         |  64|   0|   64|          0|
    |g0_addr_reg_484                            |  64|   0|   64|          0|
    |icmp_ln652_reg_470                         |   1|   0|    1|          0|
    |icmp_ln659_1_reg_519                       |   1|   0|    1|          0|
    |icmp_ln659_reg_514                         |   1|   0|    1|          0|
    |indvar_flatten14124_fu_120                 |  15|   0|   15|          0|
    |reg_185                                    |  32|   0|   32|          0|
    |select_ln652_reg_474                       |   9|   0|    9|          0|
    |select_ln661_reg_524                       |  32|   0|   32|          0|
    |sext_ln703_6_cast_reg_465                  |  63|   0|   63|          0|
    |sub_ln653_reg_479                          |   9|   0|   16|          7|
    |tmp_s_reg_499                              |   8|   0|    8|          0|
    |trunc_ln659_reg_504                        |  23|   0|   23|          0|
    |v265_fu_116                                |   7|   0|    7|          0|
    |v266_fu_112                                |   9|   0|    9|          0|
    |g0_addr_reg_484                            |  64|  32|   64|          0|
    +-------------------------------------------+----+----+-----+-----------+
    |Total                                      | 430|  32|  437|          7|
    +-------------------------------------------+----+----+-----+-----------+



================================================================
== Interface
================================================================
* Summary: 
+----------------------+-----+-----+------------+----------------------------------------------------+--------------+
|       RTL Ports      | Dir | Bits|  Protocol  |                    Source Object                   |    C Type    |
+----------------------+-----+-----+------------+----------------------------------------------------+--------------+
|ap_clk                |   in|    1|  ap_ctrl_hs|  control_Pipeline_VITIS_LOOP_652_1_VITIS_LOOP_653_2|  return value|
|ap_rst                |   in|    1|  ap_ctrl_hs|  control_Pipeline_VITIS_LOOP_652_1_VITIS_LOOP_653_2|  return value|
|ap_start              |   in|    1|  ap_ctrl_hs|  control_Pipeline_VITIS_LOOP_652_1_VITIS_LOOP_653_2|  return value|
|ap_done               |  out|    1|  ap_ctrl_hs|  control_Pipeline_VITIS_LOOP_652_1_VITIS_LOOP_653_2|  return value|
|ap_idle               |  out|    1|  ap_ctrl_hs|  control_Pipeline_VITIS_LOOP_652_1_VITIS_LOOP_653_2|  return value|
|ap_ready              |  out|    1|  ap_ctrl_hs|  control_Pipeline_VITIS_LOOP_652_1_VITIS_LOOP_653_2|  return value|
|grp_fu_7597_p_din0    |  out|   32|  ap_ctrl_hs|  control_Pipeline_VITIS_LOOP_652_1_VITIS_LOOP_653_2|  return value|
|grp_fu_7597_p_din1    |  out|   32|  ap_ctrl_hs|  control_Pipeline_VITIS_LOOP_652_1_VITIS_LOOP_653_2|  return value|
|grp_fu_7597_p_opcode  |  out|    5|  ap_ctrl_hs|  control_Pipeline_VITIS_LOOP_652_1_VITIS_LOOP_653_2|  return value|
|grp_fu_7597_p_dout0   |   in|    1|  ap_ctrl_hs|  control_Pipeline_VITIS_LOOP_652_1_VITIS_LOOP_653_2|  return value|
|grp_fu_7597_p_ce      |  out|    1|  ap_ctrl_hs|  control_Pipeline_VITIS_LOOP_652_1_VITIS_LOOP_653_2|  return value|
|m_axi_g0_0_AWVALID    |  out|    1|       m_axi|                                                  g0|       pointer|
|m_axi_g0_0_AWREADY    |   in|    1|       m_axi|                                                  g0|       pointer|
|m_axi_g0_0_AWADDR     |  out|   64|       m_axi|                                                  g0|       pointer|
|m_axi_g0_0_AWID       |  out|    1|       m_axi|                                                  g0|       pointer|
|m_axi_g0_0_AWLEN      |  out|   32|       m_axi|                                                  g0|       pointer|
|m_axi_g0_0_AWSIZE     |  out|    3|       m_axi|                                                  g0|       pointer|
|m_axi_g0_0_AWBURST    |  out|    2|       m_axi|                                                  g0|       pointer|
|m_axi_g0_0_AWLOCK     |  out|    2|       m_axi|                                                  g0|       pointer|
|m_axi_g0_0_AWCACHE    |  out|    4|       m_axi|                                                  g0|       pointer|
|m_axi_g0_0_AWPROT     |  out|    3|       m_axi|                                                  g0|       pointer|
|m_axi_g0_0_AWQOS      |  out|    4|       m_axi|                                                  g0|       pointer|
|m_axi_g0_0_AWREGION   |  out|    4|       m_axi|                                                  g0|       pointer|
|m_axi_g0_0_AWUSER     |  out|    1|       m_axi|                                                  g0|       pointer|
|m_axi_g0_0_WVALID     |  out|    1|       m_axi|                                                  g0|       pointer|
|m_axi_g0_0_WREADY     |   in|    1|       m_axi|                                                  g0|       pointer|
|m_axi_g0_0_WDATA      |  out|   32|       m_axi|                                                  g0|       pointer|
|m_axi_g0_0_WSTRB      |  out|    4|       m_axi|                                                  g0|       pointer|
|m_axi_g0_0_WLAST      |  out|    1|       m_axi|                                                  g0|       pointer|
|m_axi_g0_0_WID        |  out|    1|       m_axi|                                                  g0|       pointer|
|m_axi_g0_0_WUSER      |  out|    1|       m_axi|                                                  g0|       pointer|
|m_axi_g0_0_ARVALID    |  out|    1|       m_axi|                                                  g0|       pointer|
|m_axi_g0_0_ARREADY    |   in|    1|       m_axi|                                                  g0|       pointer|
|m_axi_g0_0_ARADDR     |  out|   64|       m_axi|                                                  g0|       pointer|
|m_axi_g0_0_ARID       |  out|    1|       m_axi|                                                  g0|       pointer|
|m_axi_g0_0_ARLEN      |  out|   32|       m_axi|                                                  g0|       pointer|
|m_axi_g0_0_ARSIZE     |  out|    3|       m_axi|                                                  g0|       pointer|
|m_axi_g0_0_ARBURST    |  out|    2|       m_axi|                                                  g0|       pointer|
|m_axi_g0_0_ARLOCK     |  out|    2|       m_axi|                                                  g0|       pointer|
|m_axi_g0_0_ARCACHE    |  out|    4|       m_axi|                                                  g0|       pointer|
|m_axi_g0_0_ARPROT     |  out|    3|       m_axi|                                                  g0|       pointer|
|m_axi_g0_0_ARQOS      |  out|    4|       m_axi|                                                  g0|       pointer|
|m_axi_g0_0_ARREGION   |  out|    4|       m_axi|                                                  g0|       pointer|
|m_axi_g0_0_ARUSER     |  out|    1|       m_axi|                                                  g0|       pointer|
|m_axi_g0_0_RVALID     |   in|    1|       m_axi|                                                  g0|       pointer|
|m_axi_g0_0_RREADY     |  out|    1|       m_axi|                                                  g0|       pointer|
|m_axi_g0_0_RDATA      |   in|   32|       m_axi|                                                  g0|       pointer|
|m_axi_g0_0_RLAST      |   in|    1|       m_axi|                                                  g0|       pointer|
|m_axi_g0_0_RID        |   in|    1|       m_axi|                                                  g0|       pointer|
|m_axi_g0_0_RFIFONUM   |   in|    9|       m_axi|                                                  g0|       pointer|
|m_axi_g0_0_RUSER      |   in|    1|       m_axi|                                                  g0|       pointer|
|m_axi_g0_0_RRESP      |   in|    2|       m_axi|                                                  g0|       pointer|
|m_axi_g0_0_BVALID     |   in|    1|       m_axi|                                                  g0|       pointer|
|m_axi_g0_0_BREADY     |  out|    1|       m_axi|                                                  g0|       pointer|
|m_axi_g0_0_BRESP      |   in|    2|       m_axi|                                                  g0|       pointer|
|m_axi_g0_0_BID        |   in|    1|       m_axi|                                                  g0|       pointer|
|m_axi_g0_0_BUSER      |   in|    1|       m_axi|                                                  g0|       pointer|
|sext_ln736            |   in|   62|     ap_none|                                          sext_ln736|        scalar|
|sext_ln703_1          |   in|   62|     ap_none|                                        sext_ln703_1|        scalar|
|v1007                 |   in|   64|     ap_none|                                               v1007|        scalar|
|sext_ln703_6          |   in|   62|     ap_none|                                        sext_ln703_6|        scalar|
+----------------------+-----+-----+------------+----------------------------------------------------+--------------+

