

================================================================
== Vitis HLS Report for 'control_Pipeline_VITIS_LOOP_2044_1_VITIS_LOOP_2045_2_VITIS_LOOP_2046_3'
================================================================
* Date:           Sun Jul 12 20:26:36 2026

* Version:        2025.2 (Build 6295257 on Nov 14 2025)
* Project:        spikingformer_proj
* Solution:       solution1 (Vivado IP Flow Target)
* Product family: zynquplus
* Target device:  xczu7ev-ffvc1156-2-e


================================================================
== Performance Estimates
================================================================
+ Timing: 
    * Summary: 
    +--------+----------+----------+------------+
    |  Clock |  Target  | Estimated| Uncertainty|
    +--------+----------+----------+------------+
    |ap_clk  |  10.00 ns|  7.300 ns|     2.70 ns|
    +--------+----------+----------+------------+

+ Latency: 
    * Summary: 
    +---------+---------+----------+----------+-----+-----+-------------------+
    |  Latency (cycles) |  Latency (absolute) |  Interval |      Pipeline     |
    |   min   |   max   |    min   |    max   | min | max |        Type       |
    +---------+---------+----------+----------+-----+-----+-------------------+
    |    49163|    49163|  0.492 ms|  0.492 ms|    0|    0|  loop pipeline stp|
    +---------+---------+----------+----------+-----+-----+-------------------+

    + Detail: 
        * Instance: 
        N/A

        * Loop: 
        +---------------------------------------------------------+---------+---------+----------+-----------+-----------+-------+----------+
        |                                                         |  Latency (cycles) | Iteration|  Initiation Interval  |  Trip |          |
        |                        Loop Name                        |   min   |   max   |  Latency |  achieved |   target  | Count | Pipelined|
        +---------------------------------------------------------+---------+---------+----------+-----------+-----------+-------+----------+
        |- VITIS_LOOP_2044_1_VITIS_LOOP_2045_2_VITIS_LOOP_2046_3  |    49161|    49161|        11|          1|          1|  49152|       yes|
        +---------------------------------------------------------+---------+---------+----------+-----------+-----------+-------+----------+



================================================================
== Utilization Estimates
================================================================
* Summary: 
+-----------------+---------+------+--------+--------+-----+
|       Name      | BRAM_18K|  DSP |   FF   |   LUT  | URAM|
+-----------------+---------+------+--------+--------+-----+
|DSP              |        -|     1|       -|       -|    -|
|Expression       |        -|     -|       0|     331|    -|
|FIFO             |        -|     -|       -|       -|    -|
|Instance         |        -|     -|       -|       -|    -|
|Memory           |        -|     -|       -|       -|    -|
|Multiplexer      |        -|     -|       0|     117|    -|
|Register         |        -|     -|     367|      96|    -|
+-----------------+---------+------+--------+--------+-----+
|Total            |        0|     1|     367|     544|    0|
+-----------------+---------+------+--------+--------+-----+
|Available        |      624|  1728|  460800|  230400|   96|
+-----------------+---------+------+--------+--------+-----+
|Utilization (%)  |        0|    ~0|      ~0|      ~0|    0|
+-----------------+---------+------+--------+--------+-----+

+ Detail: 
    * Instance: 
    N/A

    * DSP: 
    +------------------------------------+--------------------------------+--------------+
    |              Instance              |             Module             |  Expression  |
    +------------------------------------+--------------------------------+--------------+
    |mac_muladd_11ns_6ns_22s_22_4_1_U81  |mac_muladd_11ns_6ns_22s_22_4_1  |  i0 + i1 * i2|
    +------------------------------------+--------------------------------+--------------+

    * Memory: 
    N/A

    * FIFO: 
    N/A

    * Expression: 
    +-----------------------------------------+----------+----+---+----+------------+------------+
    |              Variable Name              | Operation| DSP| FF| LUT| Bitwidth P0| Bitwidth P1|
    +-----------------------------------------+----------+----+---+----+------------+------------+
    |add_ln2044_1_fu_221_p2                   |         +|   0|  0|  23|          16|           1|
    |add_ln2044_fu_230_p2                     |         +|   0|  0|  13|           6|           1|
    |add_ln2045_fu_310_p2                     |         +|   0|  0|  19|          12|           1|
    |add_ln2051_1_fu_427_p2                   |         +|   0|  0|  71|          64|          64|
    |add_ln2051_2_fu_354_p2                   |         +|   0|  0|  13|           6|           1|
    |add_ln2051_3_fu_391_p2                   |         +|   0|  0|  19|          12|          12|
    |add_ln2051_5_fu_284_p2                   |         +|   0|  0|  13|           6|           1|
    |grp_fu_458_p2                            |         +|   0|  0|  29|          22|          22|
    |and_ln2044_fu_260_p2                     |       and|   0|  0|   2|           1|           1|
    |ap_block_pp0_stage0_01001_grp2           |       and|   0|  0|   2|           1|           1|
    |ap_block_pp0_stage0_11001_grp1           |       and|   0|  0|   2|           1|           1|
    |ap_block_pp0_stage0_11001_grp4           |       and|   0|  0|   2|           1|           1|
    |ap_block_state12_pp0_stage0_iter11_grp4  |       and|   0|  0|   2|           1|           1|
    |ap_block_state6_io_grp1                  |       and|   0|  0|   2|           1|           1|
    |icmp_ln2044_fu_215_p2                    |      icmp|   0|  0|  23|          16|          16|
    |icmp_ln2045_fu_236_p2                    |      icmp|   0|  0|  19|          12|          11|
    |icmp_ln2046_1_fu_304_p2                  |      icmp|   0|  0|  14|           6|           7|
    |icmp_ln2046_fu_254_p2                    |      icmp|   0|  0|  14|           6|           7|
    |ap_block_pp0_stage0_11001                |        or|   0|  0|   2|           1|           1|
    |ap_block_pp0_stage0_11001_grp2           |        or|   0|  0|   2|           1|           1|
    |first_iter_24_mid2_fu_274_p2             |        or|   0|  0|   2|           1|           1|
    |or_ln2044_fu_242_p2                      |        or|   0|  0|   2|           1|           1|
    |or_ln2051_fu_290_p2                      |        or|   0|  0|   2|           1|           1|
    |select_ln2044_1_fu_266_p3                |    select|   0|  0|   6|           1|           6|
    |select_ln2044_fu_347_p3                  |    select|   0|  0|   6|           1|           1|
    |select_ln2045_1_fu_316_p3                |    select|   0|  0|  11|           1|           1|
    |select_ln2045_fu_360_p3                  |    select|   0|  0|   6|           1|           6|
    |select_ln2051_fu_296_p3                  |    select|   0|  0|   6|           1|           1|
    |ap_enable_pp0                            |       xor|   0|  0|   2|           1|           2|
    |xor_ln2044_fu_248_p2                     |       xor|   0|  0|   2|           1|           2|
    +-----------------------------------------+----------+----+---+----+------------+------------+
    |Total                                    |          |   0|  0| 331|         202|         174|
    +-----------------------------------------+----------+----+---+----+------------+------------+

    * Multiplexer: 
    +----------------------------------------+----+-----------+-----+-----------+
    |                  Name                  | LUT| Input Size| Bits| Total Bits|
    +----------------------------------------+----+-----------+-----+-----------+
    |ap_done_int                             |   9|          2|    1|          2|
    |ap_enable_reg_pp0_iter1                 |   9|          2|    1|          2|
    |ap_enable_reg_pp0_iter2                 |   9|          2|    1|          2|
    |ap_phi_mux_first_iter_24_phi_fu_169_p4  |   9|          2|    1|          2|
    |g0_blk_n_AW                             |   9|          2|    1|          2|
    |g0_blk_n_B                              |   9|          2|    1|          2|
    |g0_blk_n_R                              |   9|          2|    1|          2|
    |g0_blk_n_W                              |   9|          2|    1|          2|
    |indvar_flatten12916_fu_110              |   9|          2|   12|         24|
    |indvar_flatten12930_fu_118              |   9|          2|   16|         32|
    |v837_fu_114                             |   9|          2|    6|         12|
    |v838_fu_106                             |   9|          2|    6|         12|
    |v839_fu_102                             |   9|          2|    6|         12|
    +----------------------------------------+----+-----------+-----+-----------+
    |Total                                   | 117|         26|   54|        108|
    +----------------------------------------+----+-----------+-----+-----------+

    * Register: 
    +-------------------------------------------+----+----+-----+-----------+
    |                    Name                   | FF | LUT| Bits| Const Bits|
    +-------------------------------------------+----+----+-----+-----------+
    |and_ln2044_reg_521                         |   1|   0|    1|          0|
    |and_ln2044_reg_521_pp0_iter2_reg           |   1|   0|    1|          0|
    |ap_CS_fsm                                  |   1|   0|    1|          0|
    |ap_block_pp0_stage0_subdone_grp1_done_reg  |   1|   0|    1|          0|
    |ap_block_pp0_stage0_subdone_grp2_done_reg  |   1|   0|    1|          0|
    |ap_block_pp0_stage0_subdone_grp4_done_reg  |   1|   0|    1|          0|
    |ap_done_reg                                |   1|   0|    1|          0|
    |ap_enable_reg_pp0_iter1                    |   1|   0|    1|          0|
    |ap_enable_reg_pp0_iter10                   |   1|   0|    1|          0|
    |ap_enable_reg_pp0_iter11                   |   1|   0|    1|          0|
    |ap_enable_reg_pp0_iter2                    |   1|   0|    1|          0|
    |ap_enable_reg_pp0_iter3                    |   1|   0|    1|          0|
    |ap_enable_reg_pp0_iter4                    |   1|   0|    1|          0|
    |ap_enable_reg_pp0_iter5                    |   1|   0|    1|          0|
    |ap_enable_reg_pp0_iter6                    |   1|   0|    1|          0|
    |ap_enable_reg_pp0_iter7                    |   1|   0|    1|          0|
    |ap_enable_reg_pp0_iter8                    |   1|   0|    1|          0|
    |ap_enable_reg_pp0_iter9                    |   1|   0|    1|          0|
    |ap_loop_exit_ready_pp0_iter10_reg          |   1|   0|    1|          0|
    |ap_loop_exit_ready_pp0_iter2_reg           |   1|   0|    1|          0|
    |ap_loop_exit_ready_pp0_iter3_reg           |   1|   0|    1|          0|
    |ap_loop_exit_ready_pp0_iter4_reg           |   1|   0|    1|          0|
    |ap_loop_exit_ready_pp0_iter5_reg           |   1|   0|    1|          0|
    |ap_loop_exit_ready_pp0_iter6_reg           |   1|   0|    1|          0|
    |ap_loop_exit_ready_pp0_iter7_reg           |   1|   0|    1|          0|
    |ap_loop_exit_ready_pp0_iter8_reg           |   1|   0|    1|          0|
    |ap_loop_exit_ready_pp0_iter9_reg           |   1|   0|    1|          0|
    |first_iter_24_mid2_reg_526                 |   1|   0|    1|          0|
    |first_iter_24_reg_165                      |   1|   0|    1|          0|
    |g0_addr_107_reg_544                        |  64|   0|   64|          0|
    |icmp_ln2044_reg_512                        |   1|   0|    1|          0|
    |icmp_ln2045_reg_516                        |   1|   0|    1|          0|
    |icmp_ln2045_reg_516_pp0_iter2_reg          |   1|   0|    1|          0|
    |icmp_ln2046_1_reg_535                      |   1|   0|    1|          0|
    |indvar_flatten12916_fu_110                 |  12|   0|   12|          0|
    |indvar_flatten12930_fu_118                 |  16|   0|   16|          0|
    |v837_fu_114                                |   6|   0|    6|          0|
    |v838_fu_106                                |   6|   0|    6|          0|
    |v839_fu_102                                |   6|   0|    6|          0|
    |v840_reg_551                               |  32|   0|   32|          0|
    |first_iter_24_mid2_reg_526                 |  64|  32|    1|          0|
    |icmp_ln2044_reg_512                        |  64|  32|    1|          0|
    |icmp_ln2046_1_reg_535                      |  64|  32|    1|          0|
    +-------------------------------------------+----+----+-----+-----------+
    |Total                                      | 367|  96|  178|          0|
    +-------------------------------------------+----+----+-----+-----------+



================================================================
== Interface
================================================================
* Summary: 
+---------------------+-----+-----+------------+------------------------------------------------------------------------+--------------+
|      RTL Ports      | Dir | Bits|  Protocol  |                              Source Object                             |    C Type    |
+---------------------+-----+-----+------------+------------------------------------------------------------------------+--------------+
|ap_clk               |   in|    1|  ap_ctrl_hs|  control_Pipeline_VITIS_LOOP_2044_1_VITIS_LOOP_2045_2_VITIS_LOOP_2046_3|  return value|
|ap_rst               |   in|    1|  ap_ctrl_hs|  control_Pipeline_VITIS_LOOP_2044_1_VITIS_LOOP_2045_2_VITIS_LOOP_2046_3|  return value|
|ap_start             |   in|    1|  ap_ctrl_hs|  control_Pipeline_VITIS_LOOP_2044_1_VITIS_LOOP_2045_2_VITIS_LOOP_2046_3|  return value|
|ap_done              |  out|    1|  ap_ctrl_hs|  control_Pipeline_VITIS_LOOP_2044_1_VITIS_LOOP_2045_2_VITIS_LOOP_2046_3|  return value|
|ap_idle              |  out|    1|  ap_ctrl_hs|  control_Pipeline_VITIS_LOOP_2044_1_VITIS_LOOP_2045_2_VITIS_LOOP_2046_3|  return value|
|ap_ready             |  out|    1|  ap_ctrl_hs|  control_Pipeline_VITIS_LOOP_2044_1_VITIS_LOOP_2045_2_VITIS_LOOP_2046_3|  return value|
|m_axi_g0_0_AWVALID   |  out|    1|       m_axi|                                                                      g0|       pointer|
|m_axi_g0_0_AWREADY   |   in|    1|       m_axi|                                                                      g0|       pointer|
|m_axi_g0_0_AWADDR    |  out|   64|       m_axi|                                                                      g0|       pointer|
|m_axi_g0_0_AWID      |  out|    1|       m_axi|                                                                      g0|       pointer|
|m_axi_g0_0_AWLEN     |  out|   32|       m_axi|                                                                      g0|       pointer|
|m_axi_g0_0_AWSIZE    |  out|    3|       m_axi|                                                                      g0|       pointer|
|m_axi_g0_0_AWBURST   |  out|    2|       m_axi|                                                                      g0|       pointer|
|m_axi_g0_0_AWLOCK    |  out|    2|       m_axi|                                                                      g0|       pointer|
|m_axi_g0_0_AWCACHE   |  out|    4|       m_axi|                                                                      g0|       pointer|
|m_axi_g0_0_AWPROT    |  out|    3|       m_axi|                                                                      g0|       pointer|
|m_axi_g0_0_AWQOS     |  out|    4|       m_axi|                                                                      g0|       pointer|
|m_axi_g0_0_AWREGION  |  out|    4|       m_axi|                                                                      g0|       pointer|
|m_axi_g0_0_AWUSER    |  out|    1|       m_axi|                                                                      g0|       pointer|
|m_axi_g0_0_WVALID    |  out|    1|       m_axi|                                                                      g0|       pointer|
|m_axi_g0_0_WREADY    |   in|    1|       m_axi|                                                                      g0|       pointer|
|m_axi_g0_0_WDATA     |  out|   32|       m_axi|                                                                      g0|       pointer|
|m_axi_g0_0_WSTRB     |  out|    4|       m_axi|                                                                      g0|       pointer|
|m_axi_g0_0_WLAST     |  out|    1|       m_axi|                                                                      g0|       pointer|
|m_axi_g0_0_WID       |  out|    1|       m_axi|                                                                      g0|       pointer|
|m_axi_g0_0_WUSER     |  out|    1|       m_axi|                                                                      g0|       pointer|
|m_axi_g0_0_ARVALID   |  out|    1|       m_axi|                                                                      g0|       pointer|
|m_axi_g0_0_ARREADY   |   in|    1|       m_axi|                                                                      g0|       pointer|
|m_axi_g0_0_ARADDR    |  out|   64|       m_axi|                                                                      g0|       pointer|
|m_axi_g0_0_ARID      |  out|    1|       m_axi|                                                                      g0|       pointer|
|m_axi_g0_0_ARLEN     |  out|   32|       m_axi|                                                                      g0|       pointer|
|m_axi_g0_0_ARSIZE    |  out|    3|       m_axi|                                                                      g0|       pointer|
|m_axi_g0_0_ARBURST   |  out|    2|       m_axi|                                                                      g0|       pointer|
|m_axi_g0_0_ARLOCK    |  out|    2|       m_axi|                                                                      g0|       pointer|
|m_axi_g0_0_ARCACHE   |  out|    4|       m_axi|                                                                      g0|       pointer|
|m_axi_g0_0_ARPROT    |  out|    3|       m_axi|                                                                      g0|       pointer|
|m_axi_g0_0_ARQOS     |  out|    4|       m_axi|                                                                      g0|       pointer|
|m_axi_g0_0_ARREGION  |  out|    4|       m_axi|                                                                      g0|       pointer|
|m_axi_g0_0_ARUSER    |  out|    1|       m_axi|                                                                      g0|       pointer|
|m_axi_g0_0_RVALID    |   in|    1|       m_axi|                                                                      g0|       pointer|
|m_axi_g0_0_RREADY    |  out|    1|       m_axi|                                                                      g0|       pointer|
|m_axi_g0_0_RDATA     |   in|   32|       m_axi|                                                                      g0|       pointer|
|m_axi_g0_0_RLAST     |   in|    1|       m_axi|                                                                      g0|       pointer|
|m_axi_g0_0_RID       |   in|    1|       m_axi|                                                                      g0|       pointer|
|m_axi_g0_0_RFIFONUM  |   in|    9|       m_axi|                                                                      g0|       pointer|
|m_axi_g0_0_RUSER     |   in|    1|       m_axi|                                                                      g0|       pointer|
|m_axi_g0_0_RRESP     |   in|    2|       m_axi|                                                                      g0|       pointer|
|m_axi_g0_0_BVALID    |   in|    1|       m_axi|                                                                      g0|       pointer|
|m_axi_g0_0_BREADY    |  out|    1|       m_axi|                                                                      g0|       pointer|
|m_axi_g0_0_BRESP     |   in|    2|       m_axi|                                                                      g0|       pointer|
|m_axi_g0_0_BID       |   in|    1|       m_axi|                                                                      g0|       pointer|
|m_axi_g0_0_BUSER     |   in|    1|       m_axi|                                                                      g0|       pointer|
|sext_ln2159          |   in|   62|     ap_none|                                                             sext_ln2159|        scalar|
|sext_ln2061          |   in|   62|     ap_none|                                                             sext_ln2061|        scalar|
|v945                 |   in|   64|     ap_none|                                                                    v945|        scalar|
+---------------------+-----+-----+------------+------------------------------------------------------------------------+--------------+

