

================================================================
== Vitis HLS Report for 'control_Pipeline_VITIS_LOOP_880_1_VITIS_LOOP_881_2_VITIS_LOOP_882_310'
================================================================
* Date:           Sun Jul 12 20:26:48 2026

* Version:        2025.2 (Build 6295257 on Nov 14 2025)
* Project:        spikingformer_proj
* Solution:       solution1 (Vivado IP Flow Target)
* Product family: zynquplus
* Target device:  xczu7ev-ffvc1156-2-e


================================================================
== Performance Estimates
================================================================
+ Timing: 
    * Summary: 
    +--------+----------+----------+------------+
    |  Clock |  Target  | Estimated| Uncertainty|
    +--------+----------+----------+------------+
    |ap_clk  |  10.00 ns|  7.300 ns|     2.70 ns|
    +--------+----------+----------+------------+

+ Latency: 
    * Summary: 
    +---------+---------+----------+----------+-----+-----+-------------------+
    |  Latency (cycles) |  Latency (absolute) |  Interval |      Pipeline     |
    |   min   |   max   |    min   |    max   | min | max |        Type       |
    +---------+---------+----------+----------+-----+-----+-------------------+
    |    24592|    24592|  0.246 ms|  0.246 ms|    0|    0|  loop pipeline stp|
    +---------+---------+----------+----------+-----+-----+-------------------+

    + Detail: 
        * Instance: 
        N/A

        * Loop: 
        +------------------------------------------------------+---------+---------+----------+-----------+-----------+-------+----------+
        |                                                      |  Latency (cycles) | Iteration|  Initiation Interval  |  Trip |          |
        |                       Loop Name                      |   min   |   max   |  Latency |  achieved |   target  | Count | Pipelined|
        +------------------------------------------------------+---------+---------+----------+-----------+-----------+-------+----------+
        |- VITIS_LOOP_880_1_VITIS_LOOP_881_2_VITIS_LOOP_882_3  |    24590|    24590|        16|          1|          1|  24576|       yes|
        +------------------------------------------------------+---------+---------+----------+-----------+-----------+-------+----------+



================================================================
== Utilization Estimates
================================================================
* Summary: 
+-----------------+---------+------+--------+--------+-----+
|       Name      | BRAM_18K|  DSP |   FF   |   LUT  | URAM|
+-----------------+---------+------+--------+--------+-----+
|DSP              |        -|     -|       -|       -|    -|
|Expression       |        -|     -|       0|     450|    -|
|FIFO             |        -|     -|       -|       -|    -|
|Instance         |        -|     -|       -|       -|    -|
|Memory           |        -|     -|       -|       -|    -|
|Multiplexer      |        -|     -|       0|     126|    -|
|Register         |        -|     -|     309|      32|    -|
+-----------------+---------+------+--------+--------+-----+
|Total            |        0|     0|     309|     608|    0|
+-----------------+---------+------+--------+--------+-----+
|Available        |      624|  1728|  460800|  230400|   96|
+-----------------+---------+------+--------+--------+-----+
|Utilization (%)  |        0|     0|      ~0|      ~0|    0|
+-----------------+---------+------+--------+--------+-----+

+ Detail: 
    * Instance: 
    N/A

    * DSP: 
    N/A

    * Memory: 
    N/A

    * FIFO: 
    N/A

    * Expression: 
    +-----------------------------------------+----------+----+---+----+------------+------------+
    |              Variable Name              | Operation| DSP| FF| LUT| Bitwidth P0| Bitwidth P1|
    +-----------------------------------------+----------+----+---+----+------------+------------+
    |add_ln880_1_fu_248_p2                    |         +|   0|  0|  12|           4|           1|
    |add_ln880_fu_236_p2                      |         +|   0|  0|  22|          15|           1|
    |add_ln881_1_fu_484_p2                    |         +|   0|  0|  20|          13|           1|
    |add_ln881_fu_300_p2                      |         +|   0|  0|  13|           6|           1|
    |add_ln882_1_fu_362_p2                    |         +|   0|  0|  21|          21|          21|
    |add_ln882_2_fu_384_p2                    |         +|   0|  0|  71|          64|          64|
    |add_ln882_3_fu_389_p2                    |         +|   0|  0|  24|          24|          24|
    |add_ln882_4_fu_413_p2                    |         +|   0|  0|  71|          64|          64|
    |add_ln882_5_fu_395_p2                    |         +|   0|  0|  24|          24|          24|
    |add_ln882_6_fu_458_p2                    |         +|   0|  0|  14|           7|           1|
    |add_ln882_fu_356_p2                      |         +|   0|  0|  21|          21|          21|
    |and_ln880_fu_286_p2                      |       and|   0|  0|   2|           1|           1|
    |ap_block_pp0_stage0_01001_grp3           |       and|   0|  0|   2|           1|           1|
    |ap_block_pp0_stage0_11001_grp1           |       and|   0|  0|   2|           1|           1|
    |ap_block_pp0_stage0_11001_grp2           |       and|   0|  0|   2|           1|           1|
    |ap_block_pp0_stage0_11001_grp5           |       and|   0|  0|   2|           1|           1|
    |ap_block_state17_pp0_stage0_iter16_grp5  |       and|   0|  0|   2|           1|           1|
    |ap_block_state3_io_grp1                  |       and|   0|  0|   2|           1|           1|
    |ap_block_state3_io_grp2                  |       and|   0|  0|   2|           1|           1|
    |icmp_ln880_fu_230_p2                     |      icmp|   0|  0|  22|          15|          15|
    |icmp_ln881_fu_254_p2                     |      icmp|   0|  0|  20|          13|          12|
    |icmp_ln882_1_fu_478_p2                   |      icmp|   0|  0|  15|           7|           8|
    |icmp_ln882_fu_280_p2                     |      icmp|   0|  0|  15|           7|           8|
    |ap_block_pp0_stage0_11001                |        or|   0|  0|   2|           1|           1|
    |ap_block_pp0_stage0_11001_grp3           |        or|   0|  0|   2|           1|           1|
    |first_iter_125_mid2_fu_306_p2            |        or|   0|  0|   2|           1|           1|
    |or_ln880_fu_268_p2                       |        or|   0|  0|   2|           1|           1|
    |or_ln882_fu_464_p2                       |        or|   0|  0|   2|           1|           1|
    |select_ln880_1_fu_292_p3                 |    select|   0|  0|   4|           1|           4|
    |select_ln880_fu_260_p3                   |    select|   0|  0|   6|           1|           1|
    |select_ln881_1_fu_490_p3                 |    select|   0|  0|  12|           1|           1|
    |select_ln881_fu_312_p3                   |    select|   0|  0|   6|           1|           6|
    |select_ln882_fu_470_p3                   |    select|   0|  0|   7|           1|           1|
    |ap_enable_pp0                            |       xor|   0|  0|   2|           1|           2|
    |xor_ln880_fu_274_p2                      |       xor|   0|  0|   2|           1|           2|
    +-----------------------------------------+----------+----+---+----+------------+------------+
    |Total                                    |          |   0|  0| 450|         325|         296|
    +-----------------------------------------+----------+----+---+----+------------+------------+

    * Multiplexer: 
    +-----------------------------------------+----+-----------+-----+-----------+
    |                   Name                  | LUT| Input Size| Bits| Total Bits|
    +-----------------------------------------+----+-----------+-----+-----------+
    |ap_done_int                              |   9|          2|    1|          2|
    |ap_enable_reg_pp0_iter1                  |   9|          2|    1|          2|
    |ap_enable_reg_pp0_iter2                  |   9|          2|    1|          2|
    |ap_phi_mux_first_iter_125_phi_fu_188_p4  |   9|          2|    1|          2|
    |g0_blk_n_AR                              |   9|          2|    1|          2|
    |g0_blk_n_AW                              |   9|          2|    1|          2|
    |g0_blk_n_B                               |   9|          2|    1|          2|
    |g0_blk_n_R                               |   9|          2|    1|          2|
    |g0_blk_n_W                               |   9|          2|    1|          2|
    |indvar_flatten14243_fu_122               |   9|          2|   13|         26|
    |indvar_flatten14257_fu_130               |   9|          2|   15|         30|
    |v360_fu_126                              |   9|          2|    4|          8|
    |v361_fu_118                              |   9|          2|    6|         12|
    |v362_fu_114                              |   9|          2|    7|         14|
    +-----------------------------------------+----+-----------+-----+-----------+
    |Total                                    | 126|         28|   54|        108|
    +-----------------------------------------+----+-----------+-----+-----------+

    * Register: 
    +-------------------------------------------+----+----+-----+-----------+
    |                    Name                   | FF | LUT| Bits| Const Bits|
    +-------------------------------------------+----+----+-----+-----------+
    |ap_CS_fsm                                  |   1|   0|    1|          0|
    |ap_block_pp0_stage0_subdone_grp1_done_reg  |   1|   0|    1|          0|
    |ap_block_pp0_stage0_subdone_grp2_done_reg  |   1|   0|    1|          0|
    |ap_block_pp0_stage0_subdone_grp3_done_reg  |   1|   0|    1|          0|
    |ap_block_pp0_stage0_subdone_grp5_done_reg  |   1|   0|    1|          0|
    |ap_done_reg                                |   1|   0|    1|          0|
    |ap_enable_reg_pp0_iter1                    |   1|   0|    1|          0|
    |ap_enable_reg_pp0_iter10                   |   1|   0|    1|          0|
    |ap_enable_reg_pp0_iter11                   |   1|   0|    1|          0|
    |ap_enable_reg_pp0_iter12                   |   1|   0|    1|          0|
    |ap_enable_reg_pp0_iter13                   |   1|   0|    1|          0|
    |ap_enable_reg_pp0_iter14                   |   1|   0|    1|          0|
    |ap_enable_reg_pp0_iter15                   |   1|   0|    1|          0|
    |ap_enable_reg_pp0_iter16                   |   1|   0|    1|          0|
    |ap_enable_reg_pp0_iter2                    |   1|   0|    1|          0|
    |ap_enable_reg_pp0_iter3                    |   1|   0|    1|          0|
    |ap_enable_reg_pp0_iter4                    |   1|   0|    1|          0|
    |ap_enable_reg_pp0_iter5                    |   1|   0|    1|          0|
    |ap_enable_reg_pp0_iter6                    |   1|   0|    1|          0|
    |ap_enable_reg_pp0_iter7                    |   1|   0|    1|          0|
    |ap_enable_reg_pp0_iter8                    |   1|   0|    1|          0|
    |ap_enable_reg_pp0_iter9                    |   1|   0|    1|          0|
    |ap_loop_exit_ready_pp0_iter10_reg          |   1|   0|    1|          0|
    |ap_loop_exit_ready_pp0_iter11_reg          |   1|   0|    1|          0|
    |ap_loop_exit_ready_pp0_iter12_reg          |   1|   0|    1|          0|
    |ap_loop_exit_ready_pp0_iter13_reg          |   1|   0|    1|          0|
    |ap_loop_exit_ready_pp0_iter14_reg          |   1|   0|    1|          0|
    |ap_loop_exit_ready_pp0_iter15_reg          |   1|   0|    1|          0|
    |ap_loop_exit_ready_pp0_iter2_reg           |   1|   0|    1|          0|
    |ap_loop_exit_ready_pp0_iter3_reg           |   1|   0|    1|          0|
    |ap_loop_exit_ready_pp0_iter4_reg           |   1|   0|    1|          0|
    |ap_loop_exit_ready_pp0_iter5_reg           |   1|   0|    1|          0|
    |ap_loop_exit_ready_pp0_iter6_reg           |   1|   0|    1|          0|
    |ap_loop_exit_ready_pp0_iter7_reg           |   1|   0|    1|          0|
    |ap_loop_exit_ready_pp0_iter8_reg           |   1|   0|    1|          0|
    |ap_loop_exit_ready_pp0_iter9_reg           |   1|   0|    1|          0|
    |first_iter_125_mid2_reg_568                |   1|   0|    1|          0|
    |first_iter_125_reg_184                     |   1|   0|    1|          0|
    |g0_addr_52_reg_578                         |  64|   0|   64|          0|
    |g0_addr_reg_572                            |  64|   0|   64|          0|
    |icmp_ln880_reg_564                         |   1|   0|    1|          0|
    |icmp_ln882_1_reg_585                       |   1|   0|    1|          0|
    |indvar_flatten14243_fu_122                 |  13|   0|   13|          0|
    |indvar_flatten14257_fu_130                 |  15|   0|   15|          0|
    |v360_fu_126                                |   4|   0|    4|          0|
    |v361_fu_118                                |   6|   0|    6|          0|
    |v362_fu_114                                |   7|   0|    7|          0|
    |v363_reg_589                               |  32|   0|   32|          0|
    |icmp_ln882_1_reg_585                       |  64|  32|    1|          0|
    +-------------------------------------------+----+----+-----+-----------+
    |Total                                      | 309|  32|  246|          0|
    +-------------------------------------------+----+----+-----+-----------+



================================================================
== Interface
================================================================
* Summary: 
+---------------------+-----+-----+------------+-----------------------------------------------------------------------+--------------+
|      RTL Ports      | Dir | Bits|  Protocol  |                             Source Object                             |    C Type    |
+---------------------+-----+-----+------------+-----------------------------------------------------------------------+--------------+
|ap_clk               |   in|    1|  ap_ctrl_hs|  control_Pipeline_VITIS_LOOP_880_1_VITIS_LOOP_881_2_VITIS_LOOP_882_310|  return value|
|ap_rst               |   in|    1|  ap_ctrl_hs|  control_Pipeline_VITIS_LOOP_880_1_VITIS_LOOP_881_2_VITIS_LOOP_882_310|  return value|
|ap_start             |   in|    1|  ap_ctrl_hs|  control_Pipeline_VITIS_LOOP_880_1_VITIS_LOOP_881_2_VITIS_LOOP_882_310|  return value|
|ap_done              |  out|    1|  ap_ctrl_hs|  control_Pipeline_VITIS_LOOP_880_1_VITIS_LOOP_881_2_VITIS_LOOP_882_310|  return value|
|ap_idle              |  out|    1|  ap_ctrl_hs|  control_Pipeline_VITIS_LOOP_880_1_VITIS_LOOP_881_2_VITIS_LOOP_882_310|  return value|
|ap_ready             |  out|    1|  ap_ctrl_hs|  control_Pipeline_VITIS_LOOP_880_1_VITIS_LOOP_881_2_VITIS_LOOP_882_310|  return value|
|m_axi_g0_0_AWVALID   |  out|    1|       m_axi|                                                                     g0|       pointer|
|m_axi_g0_0_AWREADY   |   in|    1|       m_axi|                                                                     g0|       pointer|
|m_axi_g0_0_AWADDR    |  out|   64|       m_axi|                                                                     g0|       pointer|
|m_axi_g0_0_AWID      |  out|    1|       m_axi|                                                                     g0|       pointer|
|m_axi_g0_0_AWLEN     |  out|   32|       m_axi|                                                                     g0|       pointer|
|m_axi_g0_0_AWSIZE    |  out|    3|       m_axi|                                                                     g0|       pointer|
|m_axi_g0_0_AWBURST   |  out|    2|       m_axi|                                                                     g0|       pointer|
|m_axi_g0_0_AWLOCK    |  out|    2|       m_axi|                                                                     g0|       pointer|
|m_axi_g0_0_AWCACHE   |  out|    4|       m_axi|                                                                     g0|       pointer|
|m_axi_g0_0_AWPROT    |  out|    3|       m_axi|                                                                     g0|       pointer|
|m_axi_g0_0_AWQOS     |  out|    4|       m_axi|                                                                     g0|       pointer|
|m_axi_g0_0_AWREGION  |  out|    4|       m_axi|                                                                     g0|       pointer|
|m_axi_g0_0_AWUSER    |  out|    1|       m_axi|                                                                     g0|       pointer|
|m_axi_g0_0_WVALID    |  out|    1|       m_axi|                                                                     g0|       pointer|
|m_axi_g0_0_WREADY    |   in|    1|       m_axi|                                                                     g0|       pointer|
|m_axi_g0_0_WDATA     |  out|   32|       m_axi|                                                                     g0|       pointer|
|m_axi_g0_0_WSTRB     |  out|    4|       m_axi|                                                                     g0|       pointer|
|m_axi_g0_0_WLAST     |  out|    1|       m_axi|                                                                     g0|       pointer|
|m_axi_g0_0_WID       |  out|    1|       m_axi|                                                                     g0|       pointer|
|m_axi_g0_0_WUSER     |  out|    1|       m_axi|                                                                     g0|       pointer|
|m_axi_g0_0_ARVALID   |  out|    1|       m_axi|                                                                     g0|       pointer|
|m_axi_g0_0_ARREADY   |   in|    1|       m_axi|                                                                     g0|       pointer|
|m_axi_g0_0_ARADDR    |  out|   64|       m_axi|                                                                     g0|       pointer|
|m_axi_g0_0_ARID      |  out|    1|       m_axi|                                                                     g0|       pointer|
|m_axi_g0_0_ARLEN     |  out|   32|       m_axi|                                                                     g0|       pointer|
|m_axi_g0_0_ARSIZE    |  out|    3|       m_axi|                                                                     g0|       pointer|
|m_axi_g0_0_ARBURST   |  out|    2|       m_axi|                                                                     g0|       pointer|
|m_axi_g0_0_ARLOCK    |  out|    2|       m_axi|                                                                     g0|       pointer|
|m_axi_g0_0_ARCACHE   |  out|    4|       m_axi|                                                                     g0|       pointer|
|m_axi_g0_0_ARPROT    |  out|    3|       m_axi|                                                                     g0|       pointer|
|m_axi_g0_0_ARQOS     |  out|    4|       m_axi|                                                                     g0|       pointer|
|m_axi_g0_0_ARREGION  |  out|    4|       m_axi|                                                                     g0|       pointer|
|m_axi_g0_0_ARUSER    |  out|    1|       m_axi|                                                                     g0|       pointer|
|m_axi_g0_0_RVALID    |   in|    1|       m_axi|                                                                     g0|       pointer|
|m_axi_g0_0_RREADY    |  out|    1|       m_axi|                                                                     g0|       pointer|
|m_axi_g0_0_RDATA     |   in|   32|       m_axi|                                                                     g0|       pointer|
|m_axi_g0_0_RLAST     |   in|    1|       m_axi|                                                                     g0|       pointer|
|m_axi_g0_0_RID       |   in|    1|       m_axi|                                                                     g0|       pointer|
|m_axi_g0_0_RFIFONUM  |   in|    9|       m_axi|                                                                     g0|       pointer|
|m_axi_g0_0_RUSER     |   in|    1|       m_axi|                                                                     g0|       pointer|
|m_axi_g0_0_RRESP     |   in|    2|       m_axi|                                                                     g0|       pointer|
|m_axi_g0_0_BVALID    |   in|    1|       m_axi|                                                                     g0|       pointer|
|m_axi_g0_0_BREADY    |  out|    1|       m_axi|                                                                     g0|       pointer|
|m_axi_g0_0_BRESP     |   in|    2|       m_axi|                                                                     g0|       pointer|
|m_axi_g0_0_BID       |   in|    1|       m_axi|                                                                     g0|       pointer|
|m_axi_g0_0_BUSER     |   in|    1|       m_axi|                                                                     g0|       pointer|
|sext_ln897_1         |   in|   62|     ap_none|                                                           sext_ln897_1|        scalar|
|sext_ln880           |   in|   62|     ap_none|                                                             sext_ln880|        scalar|
|v944                 |   in|   64|     ap_none|                                                                   v944|        scalar|
+---------------------+-----+-----+------------+-----------------------------------------------------------------------+--------------+

