

================================================================
== Vitis HLS Report for 'control_Pipeline_VITIS_LOOP_2113_1_VITIS_LOOP_2114_2_VITIS_LOOP_2115_3'
================================================================
* Date:           Sun Jul 12 20:26:36 2026

* Version:        2025.2 (Build 6295257 on Nov 14 2025)
* Project:        spikingformer_proj
* Solution:       solution1 (Vivado IP Flow Target)
* Product family: zynquplus
* Target device:  xczu7ev-ffvc1156-2-e


================================================================
== Performance Estimates
================================================================
+ Timing: 
    * Summary: 
    +--------+----------+----------+------------+
    |  Clock |  Target  | Estimated| Uncertainty|
    +--------+----------+----------+------------+
    |ap_clk  |  10.00 ns|  7.300 ns|     2.70 ns|
    +--------+----------+----------+------------+

+ Latency: 
    * Summary: 
    +---------+---------+----------+----------+-----+-----+-------------------+
    |  Latency (cycles) |  Latency (absolute) |  Interval |      Pipeline     |
    |   min   |   max   |    min   |    max   | min | max |        Type       |
    +---------+---------+----------+----------+-----+-----+-------------------+
    |    98319|    98319|  0.983 ms|  0.983 ms|    0|    0|  loop pipeline stp|
    +---------+---------+----------+----------+-----+-----+-------------------+

    + Detail: 
        * Instance: 
        N/A

        * Loop: 
        +---------------------------------------------------------+---------+---------+----------+-----------+-----------+-------+----------+
        |                                                         |  Latency (cycles) | Iteration|  Initiation Interval  |  Trip |          |
        |                        Loop Name                        |   min   |   max   |  Latency |  achieved |   target  | Count | Pipelined|
        +---------------------------------------------------------+---------+---------+----------+-----------+-----------+-------+----------+
        |- VITIS_LOOP_2113_1_VITIS_LOOP_2114_2_VITIS_LOOP_2115_3  |    98317|    98317|        16|          2|          1|  49152|       yes|
        +---------------------------------------------------------+---------+---------+----------+-----------+-----------+-------+----------+



================================================================
== Utilization Estimates
================================================================
* Summary: 
+-----------------+---------+------+--------+--------+-----+
|       Name      | BRAM_18K|  DSP |   FF   |   LUT  | URAM|
+-----------------+---------+------+--------+--------+-----+
|DSP              |        -|     -|       -|       -|    -|
|Expression       |        -|     -|       0|     482|    -|
|FIFO             |        -|     -|       -|       -|    -|
|Instance         |        -|     -|       -|       -|    -|
|Memory           |        -|     -|       -|       -|    -|
|Multiplexer      |        -|     -|       0|     199|    -|
|Register         |        -|     -|     361|      32|    -|
+-----------------+---------+------+--------+--------+-----+
|Total            |        0|     0|     361|     713|    0|
+-----------------+---------+------+--------+--------+-----+
|Available        |      624|  1728|  460800|  230400|   96|
+-----------------+---------+------+--------+--------+-----+
|Utilization (%)  |        0|     0|      ~0|      ~0|    0|
+-----------------+---------+------+--------+--------+-----+

+ Detail: 
    * Instance: 
    N/A

    * DSP: 
    N/A

    * Memory: 
    N/A

    * FIFO: 
    N/A

    * Expression: 
    +--------------------------------+----------+----+---+----+------------+------------+
    |          Variable Name         | Operation| DSP| FF| LUT| Bitwidth P0| Bitwidth P1|
    +--------------------------------+----------+----+---+----+------------+------------+
    |add_ln2113_2_fu_206_p2          |         +|   0|  0|  23|          16|           1|
    |add_ln2113_fu_224_p2            |         +|   0|  0|  13|           6|           1|
    |add_ln2114_2_fu_434_p2          |         +|   0|  0|  19|          12|           1|
    |add_ln2114_fu_270_p2            |         +|   0|  0|  13|           6|           1|
    |add_ln2115_1_fu_359_p2          |         +|   0|  0|  71|          64|          64|
    |add_ln2115_2_fu_428_p2          |         +|   0|  0|  13|           6|           1|
    |add_ln2115_fu_334_p2            |         +|   0|  0|  71|          64|          64|
    |add_ln2120_fu_396_p2            |         +|   0|  0|  70|          63|          63|
    |add_ln2121_fu_412_p2            |         +|   0|  0|  70|          63|          63|
    |and_ln2113_fu_256_p2            |       and|   0|  0|   2|           1|           1|
    |ap_block_pp0_stage0_11001_grp1  |       and|   0|  0|   2|           1|           1|
    |ap_block_pp0_stage0_11001_grp3  |       and|   0|  0|   2|           1|           1|
    |ap_block_pp0_stage0_11001_grp5  |       and|   0|  0|   2|           1|           1|
    |ap_block_pp0_stage1_11001_grp2  |       and|   0|  0|   2|           1|           1|
    |ap_block_pp0_stage1_11001_grp4  |       and|   0|  0|   2|           1|           1|
    |ap_block_state3_io_grp1         |       and|   0|  0|   2|           1|           1|
    |ap_condition_635                |       and|   0|  0|   2|           1|           1|
    |ap_condition_639                |       and|   0|  0|   2|           1|           1|
    |icmp_ln2113_fu_200_p2           |      icmp|   0|  0|  23|          16|          16|
    |icmp_ln2114_fu_230_p2           |      icmp|   0|  0|  19|          12|          11|
    |icmp_ln2115_fu_250_p2           |      icmp|   0|  0|  14|           6|           7|
    |ap_block_pp0_stage0_11001       |        or|   0|  0|   2|           1|           1|
    |ap_block_pp0_stage1_11001       |        or|   0|  0|   2|           1|           1|
    |or_ln2114_fu_276_p2             |        or|   0|  0|   2|           1|           1|
    |select_ln2113_1_fu_262_p3       |    select|   0|  0|   6|           1|           6|
    |select_ln2113_fu_236_p3         |    select|   0|  0|   6|           1|           1|
    |select_ln2114_1_fu_290_p3       |    select|   0|  0|   6|           1|           6|
    |select_ln2114_2_fu_440_p3       |    select|   0|  0|  11|           1|           1|
    |select_ln2114_fu_282_p3         |    select|   0|  0|   6|           1|           1|
    |ap_enable_pp0                   |       xor|   0|  0|   2|           1|           2|
    |xor_ln2113_fu_244_p2            |       xor|   0|  0|   2|           1|           2|
    +--------------------------------+----------+----+---+----+------------+------------+
    |Total                           |          |   0|  0| 482|         353|         324|
    +--------------------------------+----------+----+---+----+------------+------------+

    * Multiplexer: 
    +----------------------------------+----+-----------+-----+-----------+
    |               Name               | LUT| Input Size| Bits| Total Bits|
    +----------------------------------+----+-----------+-----+-----------+
    |ap_NS_fsm                         |  14|          3|    1|          3|
    |ap_done_int                       |   9|          2|    1|          2|
    |ap_enable_reg_pp0_iter0           |   9|          2|    1|          2|
    |ap_enable_reg_pp0_iter1           |   9|          2|    1|          2|
    |ap_enable_reg_pp0_iter8           |   9|          2|    1|          2|
    |ap_loop_exit_ready_pp0_iter1_reg  |   9|          2|    1|          2|
    |ap_loop_exit_ready_pp0_iter2_reg  |   9|          2|    1|          2|
    |ap_loop_exit_ready_pp0_iter3_reg  |   9|          2|    1|          2|
    |ap_loop_exit_ready_pp0_iter4_reg  |   9|          2|    1|          2|
    |ap_loop_exit_ready_pp0_iter5_reg  |   9|          2|    1|          2|
    |ap_loop_exit_ready_pp0_iter6_reg  |   9|          2|    1|          2|
    |ap_loop_exit_ready_pp0_iter7_reg  |   9|          2|    1|          2|
    |g0_blk_n_AR                       |   9|          2|    1|          2|
    |g0_blk_n_R                        |   9|          2|    1|          2|
    |g0_blk_n_W                        |   9|          2|    1|          2|
    |indvar_flatten12744_fu_108        |   9|          2|   12|         24|
    |indvar_flatten12755_fu_116        |   9|          2|   16|         32|
    |m_axi_g0_0_ARADDR                 |  14|          3|   64|        192|
    |v863_fu_112                       |   9|          2|    6|         12|
    |v864_fu_104                       |   9|          2|    6|         12|
    |v865_fu_100                       |   9|          2|    6|         12|
    +----------------------------------+----+-----------+-----+-----------+
    |Total                             | 199|         44|  125|        315|
    +----------------------------------+----+-----------+-----+-----------+

    * Register: 
    +-------------------------------------------+----+----+-----+-----------+
    |                    Name                   | FF | LUT| Bits| Const Bits|
    +-------------------------------------------+----+----+-----+-----------+
    |ap_CS_fsm                                  |   2|   0|    2|          0|
    |ap_block_pp0_stage0_subdone_grp0_done_reg  |   1|   0|    1|          0|
    |ap_block_pp0_stage0_subdone_grp1_done_reg  |   1|   0|    1|          0|
    |ap_block_pp0_stage0_subdone_grp3_done_reg  |   1|   0|    1|          0|
    |ap_block_pp0_stage0_subdone_grp5_done_reg  |   1|   0|    1|          0|
    |ap_block_pp0_stage1_subdone_grp0_done_reg  |   1|   0|    1|          0|
    |ap_block_pp0_stage1_subdone_grp2_done_reg  |   1|   0|    1|          0|
    |ap_block_pp0_stage1_subdone_grp4_done_reg  |   1|   0|    1|          0|
    |ap_done_reg                                |   1|   0|    1|          0|
    |ap_enable_reg_pp0_iter0_reg                |   1|   0|    1|          0|
    |ap_enable_reg_pp0_iter1                    |   1|   0|    1|          0|
    |ap_enable_reg_pp0_iter2                    |   1|   0|    1|          0|
    |ap_enable_reg_pp0_iter3                    |   1|   0|    1|          0|
    |ap_enable_reg_pp0_iter4                    |   1|   0|    1|          0|
    |ap_enable_reg_pp0_iter5                    |   1|   0|    1|          0|
    |ap_enable_reg_pp0_iter6                    |   1|   0|    1|          0|
    |ap_enable_reg_pp0_iter7                    |   1|   0|    1|          0|
    |ap_enable_reg_pp0_iter8                    |   1|   0|    1|          0|
    |ap_loop_exit_ready_pp0_iter1_reg           |   1|   0|    1|          0|
    |ap_loop_exit_ready_pp0_iter2_reg           |   1|   0|    1|          0|
    |ap_loop_exit_ready_pp0_iter3_reg           |   1|   0|    1|          0|
    |ap_loop_exit_ready_pp0_iter4_reg           |   1|   0|    1|          0|
    |ap_loop_exit_ready_pp0_iter5_reg           |   1|   0|    1|          0|
    |ap_loop_exit_ready_pp0_iter6_reg           |   1|   0|    1|          0|
    |ap_loop_exit_ready_pp0_iter7_reg           |   1|   0|    1|          0|
    |g0_addr_100_read_reg_553                   |  32|   0|   32|          0|
    |g0_addr_100_reg_541                        |  64|   0|   64|          0|
    |g0_addr_101_read_reg_558                   |  32|   0|   32|          0|
    |g0_addr_101_reg_547                        |  64|   0|   64|          0|
    |icmp_ln2113_reg_537                        |   1|   0|    1|          0|
    |indvar_flatten12744_fu_108                 |  12|   0|   12|          0|
    |indvar_flatten12755_fu_116                 |  16|   0|   16|          0|
    |v863_fu_112                                |   6|   0|    6|          0|
    |v864_fu_104                                |   6|   0|    6|          0|
    |v865_fu_100                                |   6|   0|    6|          0|
    |v868_reg_573                               |  32|   0|   32|          0|
    |icmp_ln2113_reg_537                        |  64|  32|    1|          0|
    +-------------------------------------------+----+----+-----+-----------+
    |Total                                      | 361|  32|  298|          0|
    +-------------------------------------------+----+----+-----+-----------+



================================================================
== Interface
================================================================
* Summary: 
+----------------------+-----+-----+------------+------------------------------------------------------------------------+--------------+
|       RTL Ports      | Dir | Bits|  Protocol  |                              Source Object                             |    C Type    |
+----------------------+-----+-----+------------+------------------------------------------------------------------------+--------------+
|ap_clk                |   in|    1|  ap_ctrl_hs|  control_Pipeline_VITIS_LOOP_2113_1_VITIS_LOOP_2114_2_VITIS_LOOP_2115_3|  return value|
|ap_rst                |   in|    1|  ap_ctrl_hs|  control_Pipeline_VITIS_LOOP_2113_1_VITIS_LOOP_2114_2_VITIS_LOOP_2115_3|  return value|
|ap_start              |   in|    1|  ap_ctrl_hs|  control_Pipeline_VITIS_LOOP_2113_1_VITIS_LOOP_2114_2_VITIS_LOOP_2115_3|  return value|
|ap_done               |  out|    1|  ap_ctrl_hs|  control_Pipeline_VITIS_LOOP_2113_1_VITIS_LOOP_2114_2_VITIS_LOOP_2115_3|  return value|
|ap_idle               |  out|    1|  ap_ctrl_hs|  control_Pipeline_VITIS_LOOP_2113_1_VITIS_LOOP_2114_2_VITIS_LOOP_2115_3|  return value|
|ap_ready              |  out|    1|  ap_ctrl_hs|  control_Pipeline_VITIS_LOOP_2113_1_VITIS_LOOP_2114_2_VITIS_LOOP_2115_3|  return value|
|grp_fu_7589_p_din0    |  out|   32|  ap_ctrl_hs|  control_Pipeline_VITIS_LOOP_2113_1_VITIS_LOOP_2114_2_VITIS_LOOP_2115_3|  return value|
|grp_fu_7589_p_din1    |  out|   32|  ap_ctrl_hs|  control_Pipeline_VITIS_LOOP_2113_1_VITIS_LOOP_2114_2_VITIS_LOOP_2115_3|  return value|
|grp_fu_7589_p_opcode  |  out|    1|  ap_ctrl_hs|  control_Pipeline_VITIS_LOOP_2113_1_VITIS_LOOP_2114_2_VITIS_LOOP_2115_3|  return value|
|grp_fu_7589_p_dout0   |   in|   32|  ap_ctrl_hs|  control_Pipeline_VITIS_LOOP_2113_1_VITIS_LOOP_2114_2_VITIS_LOOP_2115_3|  return value|
|grp_fu_7589_p_ce      |  out|    1|  ap_ctrl_hs|  control_Pipeline_VITIS_LOOP_2113_1_VITIS_LOOP_2114_2_VITIS_LOOP_2115_3|  return value|
|m_axi_g0_0_AWVALID    |  out|    1|       m_axi|                                                                      g0|       pointer|
|m_axi_g0_0_AWREADY    |   in|    1|       m_axi|                                                                      g0|       pointer|
|m_axi_g0_0_AWADDR     |  out|   64|       m_axi|                                                                      g0|       pointer|
|m_axi_g0_0_AWID       |  out|    1|       m_axi|                                                                      g0|       pointer|
|m_axi_g0_0_AWLEN      |  out|   32|       m_axi|                                                                      g0|       pointer|
|m_axi_g0_0_AWSIZE     |  out|    3|       m_axi|                                                                      g0|       pointer|
|m_axi_g0_0_AWBURST    |  out|    2|       m_axi|                                                                      g0|       pointer|
|m_axi_g0_0_AWLOCK     |  out|    2|       m_axi|                                                                      g0|       pointer|
|m_axi_g0_0_AWCACHE    |  out|    4|       m_axi|                                                                      g0|       pointer|
|m_axi_g0_0_AWPROT     |  out|    3|       m_axi|                                                                      g0|       pointer|
|m_axi_g0_0_AWQOS      |  out|    4|       m_axi|                                                                      g0|       pointer|
|m_axi_g0_0_AWREGION   |  out|    4|       m_axi|                                                                      g0|       pointer|
|m_axi_g0_0_AWUSER     |  out|    1|       m_axi|                                                                      g0|       pointer|
|m_axi_g0_0_WVALID     |  out|    1|       m_axi|                                                                      g0|       pointer|
|m_axi_g0_0_WREADY     |   in|    1|       m_axi|                                                                      g0|       pointer|
|m_axi_g0_0_WDATA      |  out|   32|       m_axi|                                                                      g0|       pointer|
|m_axi_g0_0_WSTRB      |  out|    4|       m_axi|                                                                      g0|       pointer|
|m_axi_g0_0_WLAST      |  out|    1|       m_axi|                                                                      g0|       pointer|
|m_axi_g0_0_WID        |  out|    1|       m_axi|                                                                      g0|       pointer|
|m_axi_g0_0_WUSER      |  out|    1|       m_axi|                                                                      g0|       pointer|
|m_axi_g0_0_ARVALID    |  out|    1|       m_axi|                                                                      g0|       pointer|
|m_axi_g0_0_ARREADY    |   in|    1|       m_axi|                                                                      g0|       pointer|
|m_axi_g0_0_ARADDR     |  out|   64|       m_axi|                                                                      g0|       pointer|
|m_axi_g0_0_ARID       |  out|    1|       m_axi|                                                                      g0|       pointer|
|m_axi_g0_0_ARLEN      |  out|   32|       m_axi|                                                                      g0|       pointer|
|m_axi_g0_0_ARSIZE     |  out|    3|       m_axi|                                                                      g0|       pointer|
|m_axi_g0_0_ARBURST    |  out|    2|       m_axi|                                                                      g0|       pointer|
|m_axi_g0_0_ARLOCK     |  out|    2|       m_axi|                                                                      g0|       pointer|
|m_axi_g0_0_ARCACHE    |  out|    4|       m_axi|                                                                      g0|       pointer|
|m_axi_g0_0_ARPROT     |  out|    3|       m_axi|                                                                      g0|       pointer|
|m_axi_g0_0_ARQOS      |  out|    4|       m_axi|                                                                      g0|       pointer|
|m_axi_g0_0_ARREGION   |  out|    4|       m_axi|                                                                      g0|       pointer|
|m_axi_g0_0_ARUSER     |  out|    1|       m_axi|                                                                      g0|       pointer|
|m_axi_g0_0_RVALID     |   in|    1|       m_axi|                                                                      g0|       pointer|
|m_axi_g0_0_RREADY     |  out|    1|       m_axi|                                                                      g0|       pointer|
|m_axi_g0_0_RDATA      |   in|   32|       m_axi|                                                                      g0|       pointer|
|m_axi_g0_0_RLAST      |   in|    1|       m_axi|                                                                      g0|       pointer|
|m_axi_g0_0_RID        |   in|    1|       m_axi|                                                                      g0|       pointer|
|m_axi_g0_0_RFIFONUM   |   in|    9|       m_axi|                                                                      g0|       pointer|
|m_axi_g0_0_RUSER      |   in|    1|       m_axi|                                                                      g0|       pointer|
|m_axi_g0_0_RRESP      |   in|    2|       m_axi|                                                                      g0|       pointer|
|m_axi_g0_0_BVALID     |   in|    1|       m_axi|                                                                      g0|       pointer|
|m_axi_g0_0_BREADY     |  out|    1|       m_axi|                                                                      g0|       pointer|
|m_axi_g0_0_BRESP      |   in|    2|       m_axi|                                                                      g0|       pointer|
|m_axi_g0_0_BID        |   in|    1|       m_axi|                                                                      g0|       pointer|
|m_axi_g0_0_BUSER      |   in|    1|       m_axi|                                                                      g0|       pointer|
|sext_ln2117           |   in|   62|     ap_none|                                                             sext_ln2117|        scalar|
|sext_ln2113           |   in|   62|     ap_none|                                                             sext_ln2113|        scalar|
|sext_ln2299           |   in|   62|     ap_none|                                                             sext_ln2299|        scalar|
|v944                  |   in|   64|     ap_none|                                                                    v944|        scalar|
+----------------------+-----+-----+------------+------------------------------------------------------------------------+--------------+

