

================================================================
== Vitis HLS Report for 'kernel41'
================================================================
* Date:           Sun Jul 12 20:26:46 2026

* Version:        2025.2 (Build 6295257 on Nov 14 2025)
* Project:        spikingformer_proj
* Solution:       solution1 (Vivado IP Flow Target)
* Product family: zynquplus
* Target device:  xczu7ev-ffvc1156-2-e


================================================================
== Performance Estimates
================================================================
+ Timing: 
    * Summary: 
    +--------+----------+----------+------------+
    |  Clock |  Target  | Estimated| Uncertainty|
    +--------+----------+----------+------------+
    |ap_clk  |  10.00 ns|  7.300 ns|     2.70 ns|
    +--------+----------+----------+------------+

+ Latency: 
    * Summary: 
    +----------+----------+-----------+-----------+----------+----------+---------+
    |   Latency (cycles)  |   Latency (absolute)  |       Interval      | Pipeline|
    |    min   |    max   |    min    |    max    |    min   |    max   |   Type  |
    +----------+----------+-----------+-----------+----------+----------+---------+
    |  23888641|  23888641|  0.239 sec|  0.239 sec|  23888641|  23888641|       no|
    +----------+----------+-----------+-----------+----------+----------+---------+

    + Detail: 
        * Instance: 
        +-----------------------------------------------+------------------------------------+---------+---------+----------+----------+-----+-----+-------------------+
        |                                               |                                    |  Latency (cycles) |  Latency (absolute) |  Interval |      Pipeline     |
        |                    Instance                   |               Module               |   min   |   max   |    min   |    max   | min | max |        Type       |
        +-----------------------------------------------+------------------------------------+---------+---------+----------+----------+-----+-----+-------------------+
        |grp_kernel41_Pipeline_VITIS_LOOP_549_3_fu_126  |kernel41_Pipeline_VITIS_LOOP_549_3  |      150|      150|  1.500 us|  1.500 us|    0|    0|  loop pipeline stp|
        +-----------------------------------------------+------------------------------------+---------+---------+----------+----------+-----+-----+-------------------+

        * Loop: 
        +---------------------+----------+----------+----------+-----------+-----------+------+----------+
        |                     |   Latency (cycles)  | Iteration|  Initiation Interval  | Trip |          |
        |      Loop Name      |    min   |    max   |  Latency |  achieved |   target  | Count| Pipelined|
        +---------------------+----------+----------+----------+-----------+-----------+------+----------+
        |- VITIS_LOOP_547_1   |  23888640|  23888640|     62210|          -|          -|   384|        no|
        | + VITIS_LOOP_548_2  |     62208|     62208|       162|          -|          -|   384|        no|
        +---------------------+----------+----------+----------+-----------+-----------+------+----------+



================================================================
== Utilization Estimates
================================================================
* Summary: 
+-----------------+---------+------+--------+--------+-----+
|       Name      | BRAM_18K|  DSP |   FF   |   LUT  | URAM|
+-----------------+---------+------+--------+--------+-----+
|DSP              |        -|     -|       -|       -|    -|
|Expression       |        -|     -|       0|     219|    -|
|FIFO             |        -|     -|       -|       -|    -|
|Instance         |        -|     5|     813|     937|    -|
|Memory           |        -|     -|       -|       -|    -|
|Multiplexer      |        -|     -|       0|     265|    -|
|Register         |        -|     -|     392|       -|    -|
+-----------------+---------+------+--------+--------+-----+
|Total            |        0|     5|    1205|    1421|    0|
+-----------------+---------+------+--------+--------+-----+
|Available        |      624|  1728|  460800|  230400|   96|
+-----------------+---------+------+--------+--------+-----+
|Utilization (%)  |        0|    ~0|      ~0|      ~0|    0|
+-----------------+---------+------+--------+--------+-----+

+ Detail: 
    * Instance: 
    +-----------------------------------------------+------------------------------------+---------+----+-----+-----+-----+
    |                    Instance                   |               Module               | BRAM_18K| DSP|  FF | LUT | URAM|
    +-----------------------------------------------+------------------------------------+---------+----+-----+-----+-----+
    |grp_kernel41_Pipeline_VITIS_LOOP_549_3_fu_126  |kernel41_Pipeline_VITIS_LOOP_549_3  |        0|   5|  813|  937|    0|
    +-----------------------------------------------+------------------------------------+---------+----+-----+-----+-----+
    |Total                                          |                                    |        0|   5|  813|  937|    0|
    +-----------------------------------------------+------------------------------------+---------+----+-----+-----+-----+

    * DSP: 
    N/A

    * Memory: 
    N/A

    * FIFO: 
    N/A

    * Expression: 
    +-----------------------+----------+----+---+----+------------+------------+
    |     Variable Name     | Operation| DSP| FF| LUT| Bitwidth P0| Bitwidth P1|
    +-----------------------+----------+----+---+----+------------+------------+
    |add_ln547_fu_184_p2    |         +|   0|  0|  16|           9|           1|
    |add_ln548_fu_216_p2    |         +|   0|  0|  16|           9|           1|
    |add_ln555_1_fu_257_p2  |         +|   0|  0|  64|          64|          64|
    |add_ln555_fu_252_p2    |         +|   0|  0|  64|          64|          64|
    |sub_ln555_fu_242_p2    |         -|   0|  0|  27|          20|          20|
    |icmp_ln547_fu_178_p2   |      icmp|   0|  0|  16|           9|           9|
    |icmp_ln548_fu_210_p2   |      icmp|   0|  0|  16|           9|           9|
    +-----------------------+----------+----+---+----+------------+------------+
    |Total                  |          |   0|  0| 219|         184|         168|
    +-----------------------+----------+----+---+----+------------+------------+

    * Multiplexer: 
    +---------------------+----+-----------+-----+-----------+
    |         Name        | LUT| Input Size| Bits| Total Bits|
    +---------------------+----+-----------+-----+-----------+
    |ap_NS_fsm            |  65|         15|    1|         15|
    |g0_blk_n_AR          |   9|          2|    1|          2|
    |g0_blk_n_R           |   9|          2|    1|          2|
    |m_axi_g0_0_ARADDR    |  14|          3|   64|        192|
    |m_axi_g0_0_ARBURST   |   9|          2|    2|          4|
    |m_axi_g0_0_ARCACHE   |   9|          2|    4|          8|
    |m_axi_g0_0_ARID      |   9|          2|    1|          2|
    |m_axi_g0_0_ARLEN     |  14|          3|   32|         96|
    |m_axi_g0_0_ARLOCK    |   9|          2|    2|          4|
    |m_axi_g0_0_ARPROT    |   9|          2|    3|          6|
    |m_axi_g0_0_ARQOS     |   9|          2|    4|          8|
    |m_axi_g0_0_ARREGION  |   9|          2|    4|          8|
    |m_axi_g0_0_ARSIZE    |   9|          2|    3|          6|
    |m_axi_g0_0_ARUSER    |   9|          2|    1|          2|
    |m_axi_g0_0_ARVALID   |  14|          3|    1|          3|
    |m_axi_g0_0_AWVALID   |   9|          2|    1|          2|
    |m_axi_g0_0_BREADY    |   9|          2|    1|          2|
    |m_axi_g0_0_RREADY    |  14|          3|    1|          3|
    |m_axi_g0_0_WVALID    |   9|          2|    1|          2|
    |v223_fu_80           |   9|          2|    9|         18|
    |v224_reg_114         |   9|          2|    9|         18|
    +---------------------+----+-----------+-----+-----------+
    |Total                | 265|         59|  146|        403|
    +---------------------+----+-----------+-----+-----------+

    * Register: 
    +------------------------------------------------------------+----+----+-----+-----------+
    |                            Name                            | FF | LUT| Bits| Const Bits|
    +------------------------------------------------------------+----+----+-----+-----------+
    |add_ln547_reg_339                                           |   9|   0|    9|          0|
    |add_ln548_reg_357                                           |   9|   0|    9|          0|
    |ap_CS_fsm                                                   |  14|   0|   14|          0|
    |bitcast_ln555_reg_373                                       |  32|   0|   32|          0|
    |g0_addr_read_reg_368                                        |  32|   0|   32|          0|
    |g0_addr_reg_362                                             |  64|   0|   64|          0|
    |grp_kernel41_Pipeline_VITIS_LOOP_549_3_fu_126_ap_start_reg  |   1|   0|    1|          0|
    |shl_ln3_reg_378                                             |   9|   0|   17|          8|
    |shl_ln554_1_reg_349                                         |   9|   0|   17|          8|
    |trunc_ln26_reg_326                                          |  62|   0|   62|          0|
    |trunc_ln27_reg_331                                          |  62|   0|   62|          0|
    |trunc_ln_reg_321                                            |  62|   0|   62|          0|
    |v223_fu_80                                                  |   9|   0|    9|          0|
    |v224_reg_114                                                |   9|   0|    9|          0|
    |zext_ln554_reg_344                                          |   9|   0|   64|         55|
    +------------------------------------------------------------+----+----+-----+-----------+
    |Total                                                       | 392|   0|  463|         71|
    +------------------------------------------------------------+----+----+-----+-----------+



================================================================
== Interface
================================================================
* Summary: 
+---------------------+-----+-----+------------+--------------+--------------+
|      RTL Ports      | Dir | Bits|  Protocol  | Source Object|    C Type    |
+---------------------+-----+-----+------------+--------------+--------------+
|ap_clk               |   in|    1|  ap_ctrl_hs|      kernel41|  return value|
|ap_rst               |   in|    1|  ap_ctrl_hs|      kernel41|  return value|
|ap_start             |   in|    1|  ap_ctrl_hs|      kernel41|  return value|
|ap_done              |  out|    1|  ap_ctrl_hs|      kernel41|  return value|
|ap_idle              |  out|    1|  ap_ctrl_hs|      kernel41|  return value|
|ap_ready             |  out|    1|  ap_ctrl_hs|      kernel41|  return value|
|m_axi_g0_0_AWVALID   |  out|    1|       m_axi|            g0|       pointer|
|m_axi_g0_0_AWREADY   |   in|    1|       m_axi|            g0|       pointer|
|m_axi_g0_0_AWADDR    |  out|   64|       m_axi|            g0|       pointer|
|m_axi_g0_0_AWID      |  out|    1|       m_axi|            g0|       pointer|
|m_axi_g0_0_AWLEN     |  out|   32|       m_axi|            g0|       pointer|
|m_axi_g0_0_AWSIZE    |  out|    3|       m_axi|            g0|       pointer|
|m_axi_g0_0_AWBURST   |  out|    2|       m_axi|            g0|       pointer|
|m_axi_g0_0_AWLOCK    |  out|    2|       m_axi|            g0|       pointer|
|m_axi_g0_0_AWCACHE   |  out|    4|       m_axi|            g0|       pointer|
|m_axi_g0_0_AWPROT    |  out|    3|       m_axi|            g0|       pointer|
|m_axi_g0_0_AWQOS     |  out|    4|       m_axi|            g0|       pointer|
|m_axi_g0_0_AWREGION  |  out|    4|       m_axi|            g0|       pointer|
|m_axi_g0_0_AWUSER    |  out|    1|       m_axi|            g0|       pointer|
|m_axi_g0_0_WVALID    |  out|    1|       m_axi|            g0|       pointer|
|m_axi_g0_0_WREADY    |   in|    1|       m_axi|            g0|       pointer|
|m_axi_g0_0_WDATA     |  out|   32|       m_axi|            g0|       pointer|
|m_axi_g0_0_WSTRB     |  out|    4|       m_axi|            g0|       pointer|
|m_axi_g0_0_WLAST     |  out|    1|       m_axi|            g0|       pointer|
|m_axi_g0_0_WID       |  out|    1|       m_axi|            g0|       pointer|
|m_axi_g0_0_WUSER     |  out|    1|       m_axi|            g0|       pointer|
|m_axi_g0_0_ARVALID   |  out|    1|       m_axi|            g0|       pointer|
|m_axi_g0_0_ARREADY   |   in|    1|       m_axi|            g0|       pointer|
|m_axi_g0_0_ARADDR    |  out|   64|       m_axi|            g0|       pointer|
|m_axi_g0_0_ARID      |  out|    1|       m_axi|            g0|       pointer|
|m_axi_g0_0_ARLEN     |  out|   32|       m_axi|            g0|       pointer|
|m_axi_g0_0_ARSIZE    |  out|    3|       m_axi|            g0|       pointer|
|m_axi_g0_0_ARBURST   |  out|    2|       m_axi|            g0|       pointer|
|m_axi_g0_0_ARLOCK    |  out|    2|       m_axi|            g0|       pointer|
|m_axi_g0_0_ARCACHE   |  out|    4|       m_axi|            g0|       pointer|
|m_axi_g0_0_ARPROT    |  out|    3|       m_axi|            g0|       pointer|
|m_axi_g0_0_ARQOS     |  out|    4|       m_axi|            g0|       pointer|
|m_axi_g0_0_ARREGION  |  out|    4|       m_axi|            g0|       pointer|
|m_axi_g0_0_ARUSER    |  out|    1|       m_axi|            g0|       pointer|
|m_axi_g0_0_RVALID    |   in|    1|       m_axi|            g0|       pointer|
|m_axi_g0_0_RREADY    |  out|    1|       m_axi|            g0|       pointer|
|m_axi_g0_0_RDATA     |   in|   32|       m_axi|            g0|       pointer|
|m_axi_g0_0_RLAST     |   in|    1|       m_axi|            g0|       pointer|
|m_axi_g0_0_RID       |   in|    1|       m_axi|            g0|       pointer|
|m_axi_g0_0_RFIFONUM  |   in|    9|       m_axi|            g0|       pointer|
|m_axi_g0_0_RUSER     |   in|    1|       m_axi|            g0|       pointer|
|m_axi_g0_0_RRESP     |   in|    2|       m_axi|            g0|       pointer|
|m_axi_g0_0_BVALID    |   in|    1|       m_axi|            g0|       pointer|
|m_axi_g0_0_BREADY    |  out|    1|       m_axi|            g0|       pointer|
|m_axi_g0_0_BRESP     |   in|    2|       m_axi|            g0|       pointer|
|m_axi_g0_0_BID       |   in|    1|       m_axi|            g0|       pointer|
|m_axi_g0_0_BUSER     |   in|    1|       m_axi|            g0|       pointer|
|v219                 |   in|   64|     ap_none|          v219|        scalar|
|v220                 |   in|   64|     ap_none|          v220|        scalar|
|v221                 |   in|   64|     ap_none|          v221|        scalar|
+---------------------+-----+-----+------------+--------------+--------------+

