

================================================================
== Vitis HLS Report for 'kernel61'
================================================================
* Date:           Sun Jul 12 20:26:44 2026

* Version:        2025.2 (Build 6295257 on Nov 14 2025)
* Project:        spikingformer_proj
* Solution:       solution1 (Vivado IP Flow Target)
* Product family: zynquplus
* Target device:  xczu7ev-ffvc1156-2-e


================================================================
== Performance Estimates
================================================================
+ Timing: 
    * Summary: 
    +--------+----------+----------+------------+
    |  Clock |  Target  | Estimated| Uncertainty|
    +--------+----------+----------+------------+
    |ap_clk  |  10.00 ns|  7.300 ns|     2.70 ns|
    +--------+----------+----------+------------+

+ Latency: 
    * Summary: 
    +---------+---------+----------+----------+-------+-------+---------+
    |  Latency (cycles) |  Latency (absolute) |    Interval   | Pipeline|
    |   min   |   max   |    min   |    max   |  min  |  max  |   Type  |
    +---------+---------+----------+----------+-------+-------+---------+
    |    24593|    24593|  0.246 ms|  0.246 ms|  24593|  24593|       no|
    +---------+---------+----------+----------+-------+-------+---------+

    + Detail: 
        * Instance: 
        +--------------------------------------------------------------------------------+----------------------------------------------------------------------+---------+---------+----------+----------+-----+-----+-------------------+
        |                                                                                |                                                                      |  Latency (cycles) |  Latency (absolute) |  Interval |      Pipeline     |
        |                                    Instance                                    |                                Module                                |   min   |   max   |    min   |    max   | min | max |        Type       |
        +--------------------------------------------------------------------------------+----------------------------------------------------------------------+---------+---------+----------+----------+-----+-----+-------------------+
        |grp_kernel61_Pipeline_VITIS_LOOP_819_1_VITIS_LOOP_820_2_VITIS_LOOP_821_3_fu_79  |kernel61_Pipeline_VITIS_LOOP_819_1_VITIS_LOOP_820_2_VITIS_LOOP_821_3  |    24579|    24579|  0.246 ms|  0.246 ms|    0|    0|  loop pipeline stp|
        +--------------------------------------------------------------------------------+----------------------------------------------------------------------+---------+---------+----------+----------+-----+-----+-------------------+

        * Loop: 
        N/A



================================================================
== Utilization Estimates
================================================================
* Summary: 
+-----------------+---------+------+--------+--------+-----+
|       Name      | BRAM_18K|  DSP |   FF   |   LUT  | URAM|
+-----------------+---------+------+--------+--------+-----+
|DSP              |        -|     -|       -|       -|    -|
|Expression       |        -|     -|       -|       -|    -|
|FIFO             |        -|     -|       -|       -|    -|
|Instance         |        -|     -|      52|     104|    -|
|Memory           |        -|     -|       -|       -|    -|
|Multiplexer      |        -|     -|       0|     370|    -|
|Register         |        -|     -|     140|       -|    -|
+-----------------+---------+------+--------+--------+-----+
|Total            |        0|     0|     192|     474|    0|
+-----------------+---------+------+--------+--------+-----+
|Available        |      624|  1728|  460800|  230400|   96|
+-----------------+---------+------+--------+--------+-----+
|Utilization (%)  |        0|     0|      ~0|      ~0|    0|
+-----------------+---------+------+--------+--------+-----+

+ Detail: 
    * Instance: 
    +--------------------------------------------------------------------------------+----------------------------------------------------------------------+---------+----+----+-----+-----+
    |                                    Instance                                    |                                Module                                | BRAM_18K| DSP| FF | LUT | URAM|
    +--------------------------------------------------------------------------------+----------------------------------------------------------------------+---------+----+----+-----+-----+
    |grp_kernel61_Pipeline_VITIS_LOOP_819_1_VITIS_LOOP_820_2_VITIS_LOOP_821_3_fu_79  |kernel61_Pipeline_VITIS_LOOP_819_1_VITIS_LOOP_820_2_VITIS_LOOP_821_3  |        0|   0|  52|  104|    0|
    +--------------------------------------------------------------------------------+----------------------------------------------------------------------+---------+----+----+-----+-----+
    |Total                                                                           |                                                                      |        0|   0|  52|  104|    0|
    +--------------------------------------------------------------------------------+----------------------------------------------------------------------+---------+----+----+-----+-----+

    * DSP: 
    N/A

    * Memory: 
    N/A

    * FIFO: 
    N/A

    * Expression: 
    N/A

    * Multiplexer: 
    +---------------------+----+-----------+-----+-----------+
    |         Name        | LUT| Input Size| Bits| Total Bits|
    +---------------------+----+-----------+-----+-----------+
    |ap_NS_fsm            |  65|         16|    1|         16|
    |g0_blk_n_AR          |   9|          2|    1|          2|
    |g0_blk_n_AW          |   9|          2|    1|          2|
    |g0_blk_n_B           |   9|          2|    1|          2|
    |m_axi_g0_0_ARADDR    |  14|          3|   64|        192|
    |m_axi_g0_0_ARBURST   |   9|          2|    2|          4|
    |m_axi_g0_0_ARCACHE   |   9|          2|    4|          8|
    |m_axi_g0_0_ARID      |   9|          2|    1|          2|
    |m_axi_g0_0_ARLEN     |  14|          3|   32|         96|
    |m_axi_g0_0_ARLOCK    |   9|          2|    2|          4|
    |m_axi_g0_0_ARPROT    |   9|          2|    3|          6|
    |m_axi_g0_0_ARQOS     |   9|          2|    4|          8|
    |m_axi_g0_0_ARREGION  |   9|          2|    4|          8|
    |m_axi_g0_0_ARSIZE    |   9|          2|    3|          6|
    |m_axi_g0_0_ARUSER    |   9|          2|    1|          2|
    |m_axi_g0_0_ARVALID   |  14|          3|    1|          3|
    |m_axi_g0_0_AWADDR    |  14|          3|   64|        192|
    |m_axi_g0_0_AWBURST   |   9|          2|    2|          4|
    |m_axi_g0_0_AWCACHE   |   9|          2|    4|          8|
    |m_axi_g0_0_AWID      |   9|          2|    1|          2|
    |m_axi_g0_0_AWLEN     |  14|          3|   32|         96|
    |m_axi_g0_0_AWLOCK    |   9|          2|    2|          4|
    |m_axi_g0_0_AWPROT    |   9|          2|    3|          6|
    |m_axi_g0_0_AWQOS     |   9|          2|    4|          8|
    |m_axi_g0_0_AWREGION  |   9|          2|    4|          8|
    |m_axi_g0_0_AWSIZE    |   9|          2|    3|          6|
    |m_axi_g0_0_AWUSER    |   9|          2|    1|          2|
    |m_axi_g0_0_AWVALID   |  14|          3|    1|          3|
    |m_axi_g0_0_BREADY    |  14|          3|    1|          3|
    |m_axi_g0_0_RREADY    |   9|          2|    1|          2|
    |m_axi_g0_0_WVALID    |   9|          2|    1|          2|
    +---------------------+----+-----------+-----+-----------+
    |Total                | 370|         83|  249|        707|
    +---------------------+----+-----------+-----+-----------+

    * Register: 
    +---------------------------------------------------------------------------------------------+----+----+-----+-----------+
    |                                             Name                                            | FF | LUT| Bits| Const Bits|
    +---------------------------------------------------------------------------------------------+----+----+-----+-----------+
    |ap_CS_fsm                                                                                    |  15|   0|   15|          0|
    |grp_kernel61_Pipeline_VITIS_LOOP_819_1_VITIS_LOOP_820_2_VITIS_LOOP_821_3_fu_79_ap_start_reg  |   1|   0|    1|          0|
    |trunc_ln819_1_reg_139                                                                        |  62|   0|   62|          0|
    |trunc_ln_reg_129                                                                             |  62|   0|   62|          0|
    +---------------------------------------------------------------------------------------------+----+----+-----+-----------+
    |Total                                                                                        | 140|   0|  140|          0|
    +---------------------------------------------------------------------------------------------+----+----+-----+-----------+



================================================================
== Interface
================================================================
* Summary: 
+---------------------+-----+-----+------------+--------------+--------------+
|      RTL Ports      | Dir | Bits|  Protocol  | Source Object|    C Type    |
+---------------------+-----+-----+------------+--------------+--------------+
|ap_clk               |   in|    1|  ap_ctrl_hs|      kernel61|  return value|
|ap_rst               |   in|    1|  ap_ctrl_hs|      kernel61|  return value|
|ap_start             |   in|    1|  ap_ctrl_hs|      kernel61|  return value|
|ap_done              |  out|    1|  ap_ctrl_hs|      kernel61|  return value|
|ap_idle              |  out|    1|  ap_ctrl_hs|      kernel61|  return value|
|ap_ready             |  out|    1|  ap_ctrl_hs|      kernel61|  return value|
|m_axi_g0_0_AWVALID   |  out|    1|       m_axi|            g0|       pointer|
|m_axi_g0_0_AWREADY   |   in|    1|       m_axi|            g0|       pointer|
|m_axi_g0_0_AWADDR    |  out|   64|       m_axi|            g0|       pointer|
|m_axi_g0_0_AWID      |  out|    1|       m_axi|            g0|       pointer|
|m_axi_g0_0_AWLEN     |  out|   32|       m_axi|            g0|       pointer|
|m_axi_g0_0_AWSIZE    |  out|    3|       m_axi|            g0|       pointer|
|m_axi_g0_0_AWBURST   |  out|    2|       m_axi|            g0|       pointer|
|m_axi_g0_0_AWLOCK    |  out|    2|       m_axi|            g0|       pointer|
|m_axi_g0_0_AWCACHE   |  out|    4|       m_axi|            g0|       pointer|
|m_axi_g0_0_AWPROT    |  out|    3|       m_axi|            g0|       pointer|
|m_axi_g0_0_AWQOS     |  out|    4|       m_axi|            g0|       pointer|
|m_axi_g0_0_AWREGION  |  out|    4|       m_axi|            g0|       pointer|
|m_axi_g0_0_AWUSER    |  out|    1|       m_axi|            g0|       pointer|
|m_axi_g0_0_WVALID    |  out|    1|       m_axi|            g0|       pointer|
|m_axi_g0_0_WREADY    |   in|    1|       m_axi|            g0|       pointer|
|m_axi_g0_0_WDATA     |  out|   32|       m_axi|            g0|       pointer|
|m_axi_g0_0_WSTRB     |  out|    4|       m_axi|            g0|       pointer|
|m_axi_g0_0_WLAST     |  out|    1|       m_axi|            g0|       pointer|
|m_axi_g0_0_WID       |  out|    1|       m_axi|            g0|       pointer|
|m_axi_g0_0_WUSER     |  out|    1|       m_axi|            g0|       pointer|
|m_axi_g0_0_ARVALID   |  out|    1|       m_axi|            g0|       pointer|
|m_axi_g0_0_ARREADY   |   in|    1|       m_axi|            g0|       pointer|
|m_axi_g0_0_ARADDR    |  out|   64|       m_axi|            g0|       pointer|
|m_axi_g0_0_ARID      |  out|    1|       m_axi|            g0|       pointer|
|m_axi_g0_0_ARLEN     |  out|   32|       m_axi|            g0|       pointer|
|m_axi_g0_0_ARSIZE    |  out|    3|       m_axi|            g0|       pointer|
|m_axi_g0_0_ARBURST   |  out|    2|       m_axi|            g0|       pointer|
|m_axi_g0_0_ARLOCK    |  out|    2|       m_axi|            g0|       pointer|
|m_axi_g0_0_ARCACHE   |  out|    4|       m_axi|            g0|       pointer|
|m_axi_g0_0_ARPROT    |  out|    3|       m_axi|            g0|       pointer|
|m_axi_g0_0_ARQOS     |  out|    4|       m_axi|            g0|       pointer|
|m_axi_g0_0_ARREGION  |  out|    4|       m_axi|            g0|       pointer|
|m_axi_g0_0_ARUSER    |  out|    1|       m_axi|            g0|       pointer|
|m_axi_g0_0_RVALID    |   in|    1|       m_axi|            g0|       pointer|
|m_axi_g0_0_RREADY    |  out|    1|       m_axi|            g0|       pointer|
|m_axi_g0_0_RDATA     |   in|   32|       m_axi|            g0|       pointer|
|m_axi_g0_0_RLAST     |   in|    1|       m_axi|            g0|       pointer|
|m_axi_g0_0_RID       |   in|    1|       m_axi|            g0|       pointer|
|m_axi_g0_0_RFIFONUM  |   in|    9|       m_axi|            g0|       pointer|
|m_axi_g0_0_RUSER     |   in|    1|       m_axi|            g0|       pointer|
|m_axi_g0_0_RRESP     |   in|    2|       m_axi|            g0|       pointer|
|m_axi_g0_0_BVALID    |   in|    1|       m_axi|            g0|       pointer|
|m_axi_g0_0_BREADY    |  out|    1|       m_axi|            g0|       pointer|
|m_axi_g0_0_BRESP     |   in|    2|       m_axi|            g0|       pointer|
|m_axi_g0_0_BID       |   in|    1|       m_axi|            g0|       pointer|
|m_axi_g0_0_BUSER     |   in|    1|       m_axi|            g0|       pointer|
|v333                 |   in|   64|     ap_none|          v333|        scalar|
|v334                 |   in|   64|     ap_none|          v334|        scalar|
+---------------------+-----+-----+------------+--------------+--------------+

