

================================================================
== Vitis HLS Report for 'kernel41_Pipeline_VITIS_LOOP_549_3'
================================================================
* Date:           Sun Jul 12 20:26:46 2026

* Version:        2025.2 (Build 6295257 on Nov 14 2025)
* Project:        spikingformer_proj
* Solution:       solution1 (Vivado IP Flow Target)
* Product family: zynquplus
* Target device:  xczu7ev-ffvc1156-2-e


================================================================
== Performance Estimates
================================================================
+ Timing: 
    * Summary: 
    +--------+----------+----------+------------+
    |  Clock |  Target  | Estimated| Uncertainty|
    +--------+----------+----------+------------+
    |ap_clk  |  10.00 ns|  7.300 ns|     2.70 ns|
    +--------+----------+----------+------------+

+ Latency: 
    * Summary: 
    +---------+---------+----------+----------+-----+-----+-------------------+
    |  Latency (cycles) |  Latency (absolute) |  Interval |      Pipeline     |
    |   min   |   max   |    min   |    max   | min | max |        Type       |
    +---------+---------+----------+----------+-----+-----+-------------------+
    |      150|      150|  1.500 us|  1.500 us|    0|    0|  loop pipeline stp|
    +---------+---------+----------+----------+-----+-----+-------------------+

    + Detail: 
        * Instance: 
        N/A

        * Loop: 
        +--------------------+---------+---------+----------+-----------+-----------+------+----------+
        |                    |  Latency (cycles) | Iteration|  Initiation Interval  | Trip |          |
        |      Loop Name     |   min   |   max   |  Latency |  achieved |   target  | Count| Pipelined|
        +--------------------+---------+---------+----------+-----------+-----------+------+----------+
        |- VITIS_LOOP_549_3  |      148|      148|        23|          2|          1|    64|       yes|
        +--------------------+---------+---------+----------+-----------+-----------+------+----------+



================================================================
== Utilization Estimates
================================================================
* Summary: 
+-----------------+---------+------+--------+--------+-----+
|       Name      | BRAM_18K|  DSP |   FF   |   LUT  | URAM|
+-----------------+---------+------+--------+--------+-----+
|DSP              |        -|     -|       -|       -|    -|
|Expression       |        -|     -|       0|     307|    -|
|FIFO             |        -|     -|       -|       -|    -|
|Instance         |        -|     5|     355|     349|    -|
|Memory           |        -|     -|       -|       -|    -|
|Multiplexer      |        -|     -|       0|     217|    -|
|Register         |        -|     -|     458|      64|    -|
+-----------------+---------+------+--------+--------+-----+
|Total            |        0|     5|     813|     937|    0|
+-----------------+---------+------+--------+--------+-----+
|Available        |      624|  1728|  460800|  230400|   96|
+-----------------+---------+------+--------+--------+-----+
|Utilization (%)  |        0|    ~0|      ~0|      ~0|    0|
+-----------------+---------+------+--------+--------+-----+

+ Detail: 
    * Instance: 
    +-------------------------------------+--------------------------------+---------+----+-----+-----+-----+
    |               Instance              |             Module             | BRAM_18K| DSP|  FF | LUT | URAM|
    +-------------------------------------+--------------------------------+---------+----+-----+-----+-----+
    |fadd_32ns_32ns_32_4_full_dsp_1_U575  |fadd_32ns_32ns_32_4_full_dsp_1  |        0|   2|  227|  214|    0|
    |fmul_32ns_32ns_32_3_max_dsp_1_U576   |fmul_32ns_32ns_32_3_max_dsp_1   |        0|   3|  128|  135|    0|
    +-------------------------------------+--------------------------------+---------+----+-----+-----+-----+
    |Total                                |                                |        0|   5|  355|  349|    0|
    +-------------------------------------+--------------------------------+---------+----+-----+-----+-----+

    * DSP: 
    N/A

    * Memory: 
    N/A

    * FIFO: 
    N/A

    * Expression: 
    +--------------------------------+----------+----+---+----+------------+------------+
    |          Variable Name         | Operation| DSP| FF| LUT| Bitwidth P0| Bitwidth P1|
    +--------------------------------+----------+----+---+----+------------+------------+
    |add_ln549_fu_206_p2             |         +|   0|  0|  14|           7|           1|
    |add_ln554_1_fu_234_p2           |         +|   0|  0|  64|          64|          64|
    |add_ln554_fu_228_p2             |         +|   0|  0|  64|          64|          64|
    |add_ln556_1_fu_266_p2           |         +|   0|  0|  64|          64|          64|
    |add_ln556_fu_260_p2             |         +|   0|  0|  64|          64|          64|
    |ap_block_pp0_stage0_11001_grp2  |       and|   0|  0|   2|           1|           1|
    |ap_block_pp0_stage0_11001_grp4  |       and|   0|  0|   2|           1|           1|
    |ap_block_pp0_stage0_11001_grp5  |       and|   0|  0|   2|           1|           1|
    |ap_block_pp0_stage0_11001_grp7  |       and|   0|  0|   2|           1|           1|
    |ap_block_pp0_stage1_11001_grp1  |       and|   0|  0|   2|           1|           1|
    |ap_block_pp0_stage1_11001_grp3  |       and|   0|  0|   2|           1|           1|
    |ap_block_pp0_stage1_11001_grp6  |       and|   0|  0|   2|           1|           1|
    |ap_block_state2_io_grp1         |       and|   0|  0|   2|           1|           1|
    |icmp_ln549_fu_200_p2            |      icmp|   0|  0|  15|           7|           8|
    |ap_block_pp0_stage0_11001       |        or|   0|  0|   2|           1|           1|
    |ap_block_pp0_stage1_11001       |        or|   0|  0|   2|           1|           1|
    |ap_enable_pp0                   |       xor|   0|  0|   2|           1|           2|
    +--------------------------------+----------+----+---+----+------------+------------+
    |Total                           |          |   0|  0| 307|         281|         277|
    +--------------------------------+----------+----+---+----+------------+------------+

    * Multiplexer: 
    +-----------------------------------+----+-----------+-----+-----------+
    |                Name               | LUT| Input Size| Bits| Total Bits|
    +-----------------------------------+----+-----------+-----+-----------+
    |ap_NS_fsm                          |  14|          3|    1|          3|
    |ap_done_int                        |   9|          2|    1|          2|
    |ap_enable_reg_pp0_iter0            |   9|          2|    1|          2|
    |ap_enable_reg_pp0_iter1            |   9|          2|    1|          2|
    |ap_enable_reg_pp0_iter11           |   9|          2|    1|          2|
    |ap_loop_exit_ready_pp0_iter10_reg  |   9|          2|    1|          2|
    |ap_loop_exit_ready_pp0_iter1_reg   |   9|          2|    1|          2|
    |ap_loop_exit_ready_pp0_iter2_reg   |   9|          2|    1|          2|
    |ap_loop_exit_ready_pp0_iter3_reg   |   9|          2|    1|          2|
    |ap_loop_exit_ready_pp0_iter4_reg   |   9|          2|    1|          2|
    |ap_loop_exit_ready_pp0_iter5_reg   |   9|          2|    1|          2|
    |ap_loop_exit_ready_pp0_iter6_reg   |   9|          2|    1|          2|
    |ap_loop_exit_ready_pp0_iter7_reg   |   9|          2|    1|          2|
    |ap_loop_exit_ready_pp0_iter8_reg   |   9|          2|    1|          2|
    |ap_loop_exit_ready_pp0_iter9_reg   |   9|          2|    1|          2|
    |ap_sig_allocacmp_v225_1            |   9|          2|    7|         14|
    |g0_blk_n_AR                        |   9|          2|    1|          2|
    |g0_blk_n_AW                        |   9|          2|    1|          2|
    |g0_blk_n_B                         |   9|          2|    1|          2|
    |g0_blk_n_R                         |   9|          2|    1|          2|
    |g0_blk_n_W                         |   9|          2|    1|          2|
    |m_axi_g0_0_ARADDR                  |  14|          3|   64|        192|
    |v225_fu_92                         |   9|          2|    7|         14|
    +-----------------------------------+----+-----------+-----+-----------+
    |Total                              | 217|         48|   98|        261|
    +-----------------------------------+----+-----------+-----+-----------+

    * Register: 
    +-------------------------------------------+----+----+-----+-----------+
    |                    Name                   | FF | LUT| Bits| Const Bits|
    +-------------------------------------------+----+----+-----+-----------+
    |ap_CS_fsm                                  |   2|   0|    2|          0|
    |ap_block_pp0_stage0_subdone_grp0_done_reg  |   1|   0|    1|          0|
    |ap_block_pp0_stage0_subdone_grp2_done_reg  |   1|   0|    1|          0|
    |ap_block_pp0_stage0_subdone_grp4_done_reg  |   1|   0|    1|          0|
    |ap_block_pp0_stage0_subdone_grp5_done_reg  |   1|   0|    1|          0|
    |ap_block_pp0_stage0_subdone_grp7_done_reg  |   1|   0|    1|          0|
    |ap_block_pp0_stage1_subdone_grp0_done_reg  |   1|   0|    1|          0|
    |ap_block_pp0_stage1_subdone_grp1_done_reg  |   1|   0|    1|          0|
    |ap_block_pp0_stage1_subdone_grp3_done_reg  |   1|   0|    1|          0|
    |ap_block_pp0_stage1_subdone_grp6_done_reg  |   1|   0|    1|          0|
    |ap_done_reg                                |   1|   0|    1|          0|
    |ap_enable_reg_pp0_iter0_reg                |   1|   0|    1|          0|
    |ap_enable_reg_pp0_iter1                    |   1|   0|    1|          0|
    |ap_enable_reg_pp0_iter10                   |   1|   0|    1|          0|
    |ap_enable_reg_pp0_iter11                   |   1|   0|    1|          0|
    |ap_enable_reg_pp0_iter2                    |   1|   0|    1|          0|
    |ap_enable_reg_pp0_iter3                    |   1|   0|    1|          0|
    |ap_enable_reg_pp0_iter4                    |   1|   0|    1|          0|
    |ap_enable_reg_pp0_iter5                    |   1|   0|    1|          0|
    |ap_enable_reg_pp0_iter6                    |   1|   0|    1|          0|
    |ap_enable_reg_pp0_iter7                    |   1|   0|    1|          0|
    |ap_enable_reg_pp0_iter8                    |   1|   0|    1|          0|
    |ap_enable_reg_pp0_iter9                    |   1|   0|    1|          0|
    |ap_loop_exit_ready_pp0_iter10_reg          |   1|   0|    1|          0|
    |ap_loop_exit_ready_pp0_iter1_reg           |   1|   0|    1|          0|
    |ap_loop_exit_ready_pp0_iter2_reg           |   1|   0|    1|          0|
    |ap_loop_exit_ready_pp0_iter3_reg           |   1|   0|    1|          0|
    |ap_loop_exit_ready_pp0_iter4_reg           |   1|   0|    1|          0|
    |ap_loop_exit_ready_pp0_iter5_reg           |   1|   0|    1|          0|
    |ap_loop_exit_ready_pp0_iter6_reg           |   1|   0|    1|          0|
    |ap_loop_exit_ready_pp0_iter7_reg           |   1|   0|    1|          0|
    |ap_loop_exit_ready_pp0_iter8_reg           |   1|   0|    1|          0|
    |ap_loop_exit_ready_pp0_iter9_reg           |   1|   0|    1|          0|
    |g0_addr_29_read_reg_350                    |  32|   0|   32|          0|
    |g0_addr_29_read_reg_350_pp0_iter6_reg      |  32|   0|   32|          0|
    |g0_addr_29_reg_331                         |  64|   0|   64|          0|
    |g0_addr_read_reg_340                       |  32|   0|   32|          0|
    |g0_addr_reg_325                            |  64|   0|   64|          0|
    |icmp_ln549_reg_321                         |   1|   0|    1|          0|
    |v225_fu_92                                 |   7|   0|    7|          0|
    |v229_reg_355                               |  32|   0|   32|          0|
    |v230_reg_365                               |  32|   0|   32|          0|
    |g0_addr_29_reg_331                         |  64|  32|   64|          0|
    |icmp_ln549_reg_321                         |  64|  32|    1|          0|
    +-------------------------------------------+----+----+-----+-----------+
    |Total                                      | 458|  64|  395|          0|
    +-------------------------------------------+----+----+-----+-----------+



================================================================
== Interface
================================================================
* Summary: 
+---------------------+-----+-----+------------+------------------------------------+--------------+
|      RTL Ports      | Dir | Bits|  Protocol  |            Source Object           |    C Type    |
+---------------------+-----+-----+------------+------------------------------------+--------------+
|ap_clk               |   in|    1|  ap_ctrl_hs|  kernel41_Pipeline_VITIS_LOOP_549_3|  return value|
|ap_rst               |   in|    1|  ap_ctrl_hs|  kernel41_Pipeline_VITIS_LOOP_549_3|  return value|
|ap_start             |   in|    1|  ap_ctrl_hs|  kernel41_Pipeline_VITIS_LOOP_549_3|  return value|
|ap_done              |  out|    1|  ap_ctrl_hs|  kernel41_Pipeline_VITIS_LOOP_549_3|  return value|
|ap_idle              |  out|    1|  ap_ctrl_hs|  kernel41_Pipeline_VITIS_LOOP_549_3|  return value|
|ap_ready             |  out|    1|  ap_ctrl_hs|  kernel41_Pipeline_VITIS_LOOP_549_3|  return value|
|m_axi_g0_0_AWVALID   |  out|    1|       m_axi|                                  g0|       pointer|
|m_axi_g0_0_AWREADY   |   in|    1|       m_axi|                                  g0|       pointer|
|m_axi_g0_0_AWADDR    |  out|   64|       m_axi|                                  g0|       pointer|
|m_axi_g0_0_AWID      |  out|    1|       m_axi|                                  g0|       pointer|
|m_axi_g0_0_AWLEN     |  out|   32|       m_axi|                                  g0|       pointer|
|m_axi_g0_0_AWSIZE    |  out|    3|       m_axi|                                  g0|       pointer|
|m_axi_g0_0_AWBURST   |  out|    2|       m_axi|                                  g0|       pointer|
|m_axi_g0_0_AWLOCK    |  out|    2|       m_axi|                                  g0|       pointer|
|m_axi_g0_0_AWCACHE   |  out|    4|       m_axi|                                  g0|       pointer|
|m_axi_g0_0_AWPROT    |  out|    3|       m_axi|                                  g0|       pointer|
|m_axi_g0_0_AWQOS     |  out|    4|       m_axi|                                  g0|       pointer|
|m_axi_g0_0_AWREGION  |  out|    4|       m_axi|                                  g0|       pointer|
|m_axi_g0_0_AWUSER    |  out|    1|       m_axi|                                  g0|       pointer|
|m_axi_g0_0_WVALID    |  out|    1|       m_axi|                                  g0|       pointer|
|m_axi_g0_0_WREADY    |   in|    1|       m_axi|                                  g0|       pointer|
|m_axi_g0_0_WDATA     |  out|   32|       m_axi|                                  g0|       pointer|
|m_axi_g0_0_WSTRB     |  out|    4|       m_axi|                                  g0|       pointer|
|m_axi_g0_0_WLAST     |  out|    1|       m_axi|                                  g0|       pointer|
|m_axi_g0_0_WID       |  out|    1|       m_axi|                                  g0|       pointer|
|m_axi_g0_0_WUSER     |  out|    1|       m_axi|                                  g0|       pointer|
|m_axi_g0_0_ARVALID   |  out|    1|       m_axi|                                  g0|       pointer|
|m_axi_g0_0_ARREADY   |   in|    1|       m_axi|                                  g0|       pointer|
|m_axi_g0_0_ARADDR    |  out|   64|       m_axi|                                  g0|       pointer|
|m_axi_g0_0_ARID      |  out|    1|       m_axi|                                  g0|       pointer|
|m_axi_g0_0_ARLEN     |  out|   32|       m_axi|                                  g0|       pointer|
|m_axi_g0_0_ARSIZE    |  out|    3|       m_axi|                                  g0|       pointer|
|m_axi_g0_0_ARBURST   |  out|    2|       m_axi|                                  g0|       pointer|
|m_axi_g0_0_ARLOCK    |  out|    2|       m_axi|                                  g0|       pointer|
|m_axi_g0_0_ARCACHE   |  out|    4|       m_axi|                                  g0|       pointer|
|m_axi_g0_0_ARPROT    |  out|    3|       m_axi|                                  g0|       pointer|
|m_axi_g0_0_ARQOS     |  out|    4|       m_axi|                                  g0|       pointer|
|m_axi_g0_0_ARREGION  |  out|    4|       m_axi|                                  g0|       pointer|
|m_axi_g0_0_ARUSER    |  out|    1|       m_axi|                                  g0|       pointer|
|m_axi_g0_0_RVALID    |   in|    1|       m_axi|                                  g0|       pointer|
|m_axi_g0_0_RREADY    |  out|    1|       m_axi|                                  g0|       pointer|
|m_axi_g0_0_RDATA     |   in|   32|       m_axi|                                  g0|       pointer|
|m_axi_g0_0_RLAST     |   in|    1|       m_axi|                                  g0|       pointer|
|m_axi_g0_0_RID       |   in|    1|       m_axi|                                  g0|       pointer|
|m_axi_g0_0_RFIFONUM  |   in|    9|       m_axi|                                  g0|       pointer|
|m_axi_g0_0_RUSER     |   in|    1|       m_axi|                                  g0|       pointer|
|m_axi_g0_0_RRESP     |   in|    2|       m_axi|                                  g0|       pointer|
|m_axi_g0_0_BVALID    |   in|    1|       m_axi|                                  g0|       pointer|
|m_axi_g0_0_BREADY    |  out|    1|       m_axi|                                  g0|       pointer|
|m_axi_g0_0_BRESP     |   in|    2|       m_axi|                                  g0|       pointer|
|m_axi_g0_0_BID       |   in|    1|       m_axi|                                  g0|       pointer|
|m_axi_g0_0_BUSER     |   in|    1|       m_axi|                                  g0|       pointer|
|sext_ln551           |   in|   62|     ap_none|                          sext_ln551|        scalar|
|sext_ln552           |   in|   62|     ap_none|                          sext_ln552|        scalar|
|sext_ln553           |   in|   62|     ap_none|                          sext_ln553|        scalar|
|v219                 |   in|   64|     ap_none|                                v219|        scalar|
|zext_ln548           |   in|   17|     ap_none|                          zext_ln548|        scalar|
|v221                 |   in|   64|     ap_none|                                v221|        scalar|
|zext_ln549           |   in|   17|     ap_none|                          zext_ln549|        scalar|
|v227                 |   in|   32|     ap_none|                                v227|        scalar|
+---------------------+-----+-----+------------+------------------------------------+--------------+

