

================================================================
== Vitis HLS Report for 'kernel68'
================================================================
* Date:           Sun Jul 12 20:26:44 2026

* Version:        2025.2 (Build 6295257 on Nov 14 2025)
* Project:        spikingformer_proj
* Solution:       solution1 (Vivado IP Flow Target)
* Product family: zynquplus
* Target device:  xczu7ev-ffvc1156-2-e


================================================================
== Performance Estimates
================================================================
+ Timing: 
    * Summary: 
    +--------+----------+----------+------------+
    |  Clock |  Target  | Estimated| Uncertainty|
    +--------+----------+----------+------------+
    |ap_clk  |  10.00 ns|  7.300 ns|     2.70 ns|
    +--------+----------+----------+------------+

+ Latency: 
    * Summary: 
    +---------+---------+----------+----------+-----+-----+-------------------+
    |  Latency (cycles) |  Latency (absolute) |  Interval |      Pipeline     |
    |   min   |   max   |    min   |    max   | min | max |        Type       |
    +---------+---------+----------+----------+-----+-----+-------------------+
    |   368642|   368642|  3.686 ms|  3.686 ms|    0|    0|  loop pipeline stp|
    +---------+---------+----------+----------+-----+-----+-------------------+

    + Detail: 
        * Instance: 
        N/A

        * Loop: 
        +-------------------------------------+---------+---------+----------+-----------+-----------+-------+----------+
        |                                     |  Latency (cycles) | Iteration|  Initiation Interval  |  Trip |          |
        |              Loop Name              |   min   |   max   |  Latency |  achieved |   target  | Count | Pipelined|
        +-------------------------------------+---------+---------+----------+-----------+-----------+-------+----------+
        |- VITIS_LOOP_928_1_VITIS_LOOP_929_2  |   368640|   368640|        16|         15|          1|  24576|       yes|
        +-------------------------------------+---------+---------+----------+-----------+-----------+-------+----------+



================================================================
== Utilization Estimates
================================================================
* Summary: 
+-----------------+---------+------+--------+--------+-----+
|       Name      | BRAM_18K|  DSP |   FF   |   LUT  | URAM|
+-----------------+---------+------+--------+--------+-----+
|DSP              |        -|     -|       -|       -|    -|
|Expression       |        -|     -|       0|     409|    -|
|FIFO             |        -|     -|       -|       -|    -|
|Instance         |        -|     -|       -|       -|    -|
|Memory           |        -|     -|       -|       -|    -|
|Multiplexer      |        -|     -|       0|     200|    -|
|Register         |        -|     -|     212|       -|    -|
+-----------------+---------+------+--------+--------+-----+
|Total            |        0|     0|     212|     609|    0|
+-----------------+---------+------+--------+--------+-----+
|Available        |      624|  1728|  460800|  230400|   96|
+-----------------+---------+------+--------+--------+-----+
|Utilization (%)  |        0|     0|      ~0|      ~0|    0|
+-----------------+---------+------+--------+--------+-----+

+ Detail: 
    * Instance: 
    N/A

    * DSP: 
    N/A

    * Memory: 
    N/A

    * FIFO: 
    N/A

    * Expression: 
    +----------------------------------------+----------+----+---+----+------------+------------+
    |              Variable Name             | Operation| DSP| FF| LUT| Bitwidth P0| Bitwidth P1|
    +----------------------------------------+----------+----+---+----+------------+------------+
    |add_ln928_1_fu_176_p2                   |         +|   0|  0|  22|          15|           1|
    |add_ln928_fu_188_p2                     |         +|   0|  0|  14|           7|           1|
    |add_ln929_fu_350_p2                     |         +|   0|  0|  16|           9|           1|
    |add_ln930_1_fu_280_p2                   |         +|   0|  0|  64|          64|          64|
    |add_ln930_fu_274_p2                     |         +|   0|  0|  64|          64|          64|
    |add_ln931_1_fu_324_p2                   |         +|   0|  0|  64|          64|          64|
    |add_ln931_fu_318_p2                     |         +|   0|  0|  64|          64|          64|
    |sub_ln931_fu_252_p2                     |         -|   0|  0|  25|          18|          18|
    |ap_block_pp0_stage0_11001               |       and|   0|  0|   2|           1|           1|
    |ap_block_pp0_stage10_11001_grp4         |       and|   0|  0|   2|           1|           1|
    |ap_block_pp0_stage1_11001_grp1          |       and|   0|  0|   2|           1|           1|
    |ap_block_pp0_stage9_11001_grp2          |       and|   0|  0|   2|           1|           1|
    |ap_block_pp0_stage9_11001_grp3          |       and|   0|  0|   2|           1|           1|
    |ap_block_pp0_stage9_subdone             |       and|   0|  0|   2|           1|           1|
    |ap_block_state10_io_grp3                |       and|   0|  0|   2|           1|           1|
    |ap_block_state10_pp0_stage9_iter0_grp2  |       and|   0|  0|   2|           1|           1|
    |ap_block_state11_io_grp4                |       and|   0|  0|   2|           1|           1|
    |ap_block_state2_io_grp1                 |       and|   0|  0|   2|           1|           1|
    |icmp_ln928_fu_170_p2                    |      icmp|   0|  0|  22|          15|          15|
    |icmp_ln929_fu_194_p2                    |      icmp|   0|  0|  16|           9|           9|
    |select_ln928_1_fu_208_p3                |    select|   0|  0|   7|           1|           7|
    |select_ln928_fu_200_p3                  |    select|   0|  0|   9|           1|           1|
    |ap_enable_pp0                           |       xor|   0|  0|   2|           1|           2|
    +----------------------------------------+----------+----+---+----+------------+------------+
    |Total                                   |          |   0|  0| 409|         342|         321|
    +----------------------------------------+----------+----+---+----+------------+------------+

    * Multiplexer: 
    +--------------------------------------+----+-----------+-----+-----------+
    |                 Name                 | LUT| Input Size| Bits| Total Bits|
    +--------------------------------------+----+-----------+-----+-----------+
    |ap_NS_fsm                             |  65|         16|    1|         16|
    |ap_done_int                           |   9|          2|    1|          2|
    |ap_enable_reg_pp0_iter0               |   9|          2|    1|          2|
    |ap_enable_reg_pp0_iter0_reg           |   9|          2|    1|          2|
    |ap_enable_reg_pp0_iter1               |   9|          2|    1|          2|
    |ap_sig_allocacmp_indvar_flatten_load  |   9|          2|   15|         30|
    |ap_sig_allocacmp_v378_load            |   9|          2|    7|         14|
    |ap_sig_allocacmp_v379_load            |   9|          2|    9|         18|
    |g0_blk_n_AR                           |   9|          2|    1|          2|
    |g0_blk_n_AW                           |   9|          2|    1|          2|
    |g0_blk_n_B                            |   9|          2|    1|          2|
    |g0_blk_n_R                            |   9|          2|    1|          2|
    |g0_blk_n_W                            |   9|          2|    1|          2|
    |indvar_flatten_fu_104                 |   9|          2|   15|         30|
    |v378_fu_100                           |   9|          2|    7|         14|
    |v379_fu_96                            |   9|          2|    9|         18|
    +--------------------------------------+----+-----------+-----+-----------+
    |Total                                 | 200|         46|   72|        158|
    +--------------------------------------+----+-----------+-----+-----------+

    * Register: 
    +-------------------------------------------+----+----+-----+-----------+
    |                    Name                   | FF | LUT| Bits| Const Bits|
    +-------------------------------------------+----+----+-----+-----------+
    |ap_CS_fsm                                  |  15|   0|   15|          0|
    |ap_block_pp0_stage9_subdone_grp2_done_reg  |   1|   0|    1|          0|
    |ap_block_pp0_stage9_subdone_grp3_done_reg  |   1|   0|    1|          0|
    |ap_done_reg                                |   1|   0|    1|          0|
    |ap_enable_reg_pp0_iter0_reg                |   1|   0|    1|          0|
    |ap_enable_reg_pp0_iter1                    |   1|   0|    1|          0|
    |g0_addr_12_reg_402                         |  64|   0|   64|          0|
    |g0_addr_reg_396                            |  64|   0|   64|          0|
    |icmp_ln928_reg_392                         |   1|   0|    1|          0|
    |indvar_flatten_fu_104                      |  15|   0|   15|          0|
    |v378_fu_100                                |   7|   0|    7|          0|
    |v379_fu_96                                 |   9|   0|    9|          0|
    |v380_reg_409                               |  32|   0|   32|          0|
    +-------------------------------------------+----+----+-----+-----------+
    |Total                                      | 212|   0|  212|          0|
    +-------------------------------------------+----+----+-----+-----------+



================================================================
== Interface
================================================================
* Summary: 
+---------------------+-----+-----+------------+--------------+--------------+
|      RTL Ports      | Dir | Bits|  Protocol  | Source Object|    C Type    |
+---------------------+-----+-----+------------+--------------+--------------+
|ap_clk               |   in|    1|  ap_ctrl_hs|      kernel68|  return value|
|ap_rst               |   in|    1|  ap_ctrl_hs|      kernel68|  return value|
|ap_start             |   in|    1|  ap_ctrl_hs|      kernel68|  return value|
|ap_done              |  out|    1|  ap_ctrl_hs|      kernel68|  return value|
|ap_idle              |  out|    1|  ap_ctrl_hs|      kernel68|  return value|
|ap_ready             |  out|    1|  ap_ctrl_hs|      kernel68|  return value|
|m_axi_g0_0_AWVALID   |  out|    1|       m_axi|            g0|       pointer|
|m_axi_g0_0_AWREADY   |   in|    1|       m_axi|            g0|       pointer|
|m_axi_g0_0_AWADDR    |  out|   64|       m_axi|            g0|       pointer|
|m_axi_g0_0_AWID      |  out|    1|       m_axi|            g0|       pointer|
|m_axi_g0_0_AWLEN     |  out|   32|       m_axi|            g0|       pointer|
|m_axi_g0_0_AWSIZE    |  out|    3|       m_axi|            g0|       pointer|
|m_axi_g0_0_AWBURST   |  out|    2|       m_axi|            g0|       pointer|
|m_axi_g0_0_AWLOCK    |  out|    2|       m_axi|            g0|       pointer|
|m_axi_g0_0_AWCACHE   |  out|    4|       m_axi|            g0|       pointer|
|m_axi_g0_0_AWPROT    |  out|    3|       m_axi|            g0|       pointer|
|m_axi_g0_0_AWQOS     |  out|    4|       m_axi|            g0|       pointer|
|m_axi_g0_0_AWREGION  |  out|    4|       m_axi|            g0|       pointer|
|m_axi_g0_0_AWUSER    |  out|    1|       m_axi|            g0|       pointer|
|m_axi_g0_0_WVALID    |  out|    1|       m_axi|            g0|       pointer|
|m_axi_g0_0_WREADY    |   in|    1|       m_axi|            g0|       pointer|
|m_axi_g0_0_WDATA     |  out|   32|       m_axi|            g0|       pointer|
|m_axi_g0_0_WSTRB     |  out|    4|       m_axi|            g0|       pointer|
|m_axi_g0_0_WLAST     |  out|    1|       m_axi|            g0|       pointer|
|m_axi_g0_0_WID       |  out|    1|       m_axi|            g0|       pointer|
|m_axi_g0_0_WUSER     |  out|    1|       m_axi|            g0|       pointer|
|m_axi_g0_0_ARVALID   |  out|    1|       m_axi|            g0|       pointer|
|m_axi_g0_0_ARREADY   |   in|    1|       m_axi|            g0|       pointer|
|m_axi_g0_0_ARADDR    |  out|   64|       m_axi|            g0|       pointer|
|m_axi_g0_0_ARID      |  out|    1|       m_axi|            g0|       pointer|
|m_axi_g0_0_ARLEN     |  out|   32|       m_axi|            g0|       pointer|
|m_axi_g0_0_ARSIZE    |  out|    3|       m_axi|            g0|       pointer|
|m_axi_g0_0_ARBURST   |  out|    2|       m_axi|            g0|       pointer|
|m_axi_g0_0_ARLOCK    |  out|    2|       m_axi|            g0|       pointer|
|m_axi_g0_0_ARCACHE   |  out|    4|       m_axi|            g0|       pointer|
|m_axi_g0_0_ARPROT    |  out|    3|       m_axi|            g0|       pointer|
|m_axi_g0_0_ARQOS     |  out|    4|       m_axi|            g0|       pointer|
|m_axi_g0_0_ARREGION  |  out|    4|       m_axi|            g0|       pointer|
|m_axi_g0_0_ARUSER    |  out|    1|       m_axi|            g0|       pointer|
|m_axi_g0_0_RVALID    |   in|    1|       m_axi|            g0|       pointer|
|m_axi_g0_0_RREADY    |  out|    1|       m_axi|            g0|       pointer|
|m_axi_g0_0_RDATA     |   in|   32|       m_axi|            g0|       pointer|
|m_axi_g0_0_RLAST     |   in|    1|       m_axi|            g0|       pointer|
|m_axi_g0_0_RID       |   in|    1|       m_axi|            g0|       pointer|
|m_axi_g0_0_RFIFONUM  |   in|    9|       m_axi|            g0|       pointer|
|m_axi_g0_0_RUSER     |   in|    1|       m_axi|            g0|       pointer|
|m_axi_g0_0_RRESP     |   in|    2|       m_axi|            g0|       pointer|
|m_axi_g0_0_BVALID    |   in|    1|       m_axi|            g0|       pointer|
|m_axi_g0_0_BREADY    |  out|    1|       m_axi|            g0|       pointer|
|m_axi_g0_0_BRESP     |   in|    2|       m_axi|            g0|       pointer|
|m_axi_g0_0_BID       |   in|    1|       m_axi|            g0|       pointer|
|m_axi_g0_0_BUSER     |   in|    1|       m_axi|            g0|       pointer|
|v376                 |   in|   64|     ap_none|          v376|        scalar|
|v377                 |   in|   64|     ap_none|          v377|        scalar|
+---------------------+-----+-----+------------+--------------+--------------+

