

================================================================
== Vitis HLS Report for 'kernel40_Pipeline_VITIS_LOOP_524_1_VITIS_LOOP_525_2_VITIS_LOOP_526_3'
================================================================
* Date:           Sun Jul 12 20:26:46 2026

* Version:        2025.2 (Build 6295257 on Nov 14 2025)
* Project:        spikingformer_proj
* Solution:       solution1 (Vivado IP Flow Target)
* Product family: zynquplus
* Target device:  xczu7ev-ffvc1156-2-e


================================================================
== Performance Estimates
================================================================
+ Timing: 
    * Summary: 
    +--------+----------+----------+------------+
    |  Clock |  Target  | Estimated| Uncertainty|
    +--------+----------+----------+------------+
    |ap_clk  |  10.00 ns|  7.300 ns|     2.70 ns|
    +--------+----------+----------+------------+

+ Latency: 
    * Summary: 
    +---------+---------+----------+----------+-----+-----+-------------------+
    |  Latency (cycles) |  Latency (absolute) |  Interval |      Pipeline     |
    |   min   |   max   |    min   |    max   | min | max |        Type       |
    +---------+---------+----------+----------+-----+-----+-------------------+
    |    49167|    49167|  0.492 ms|  0.492 ms|    0|    0|  loop pipeline stp|
    +---------+---------+----------+----------+-----+-----+-------------------+

    + Detail: 
        * Instance: 
        N/A

        * Loop: 
        +------------------------------------------------------+---------+---------+----------+-----------+-----------+-------+----------+
        |                                                      |  Latency (cycles) | Iteration|  Initiation Interval  |  Trip |          |
        |                       Loop Name                      |   min   |   max   |  Latency |  achieved |   target  | Count | Pipelined|
        +------------------------------------------------------+---------+---------+----------+-----------+-----------+-------+----------+
        |- VITIS_LOOP_524_1_VITIS_LOOP_525_2_VITIS_LOOP_526_3  |    49165|    49165|        16|          2|          1|  24576|       yes|
        +------------------------------------------------------+---------+---------+----------+-----------+-----------+-------+----------+



================================================================
== Utilization Estimates
================================================================
* Summary: 
+-----------------+---------+------+--------+--------+-----+
|       Name      | BRAM_18K|  DSP |   FF   |   LUT  | URAM|
+-----------------+---------+------+--------+--------+-----+
|DSP              |        -|     -|       -|       -|    -|
|Expression       |        -|     -|       0|     345|    -|
|FIFO             |        -|     -|       -|       -|    -|
|Instance         |        -|     2|     227|     214|    -|
|Memory           |        -|     -|       -|       -|    -|
|Multiplexer      |        -|     -|       0|     199|    -|
|Register         |        -|     -|     481|      32|    -|
+-----------------+---------+------+--------+--------+-----+
|Total            |        0|     2|     708|     790|    0|
+-----------------+---------+------+--------+--------+-----+
|Available        |      624|  1728|  460800|  230400|   96|
+-----------------+---------+------+--------+--------+-----+
|Utilization (%)  |        0|    ~0|      ~0|      ~0|    0|
+-----------------+---------+------+--------+--------+-----+

+ Detail: 
    * Instance: 
    +-------------------------------------+--------------------------------+---------+----+-----+-----+-----+
    |               Instance              |             Module             | BRAM_18K| DSP|  FF | LUT | URAM|
    +-------------------------------------+--------------------------------+---------+----+-----+-----+-----+
    |fadd_32ns_32ns_32_4_full_dsp_1_U590  |fadd_32ns_32ns_32_4_full_dsp_1  |        0|   2|  227|  214|    0|
    +-------------------------------------+--------------------------------+---------+----+-----+-----+-----+
    |Total                                |                                |        0|   2|  227|  214|    0|
    +-------------------------------------+--------------------------------+---------+----+-----+-----+-----+

    * DSP: 
    N/A

    * Memory: 
    N/A

    * FIFO: 
    N/A

    * Expression: 
    +--------------------------------+----------+----+---+----+------------+------------+
    |          Variable Name         | Operation| DSP| FF| LUT| Bitwidth P0| Bitwidth P1|
    +--------------------------------+----------+----+---+----+------------+------------+
    |add_ln524_1_fu_210_p2           |         +|   0|  0|  22|          15|           1|
    |add_ln524_fu_228_p2             |         +|   0|  0|  16|           9|           1|
    |add_ln525_1_fu_374_p2           |         +|   0|  0|  15|           8|           1|
    |add_ln525_fu_274_p2             |         +|   0|  0|  12|           4|           1|
    |add_ln526_fu_368_p2             |         +|   0|  0|  12|           4|           1|
    |add_ln528_fu_328_p2             |         +|   0|  0|  22|          15|          15|
    |add_ln531_fu_338_p2             |         +|   0|  0|  70|          63|          63|
    |add_ln532_fu_353_p2             |         +|   0|  0|  70|          63|          63|
    |and_ln524_fu_260_p2             |       and|   0|  0|   2|           1|           1|
    |ap_block_pp0_stage0_11001_grp1  |       and|   0|  0|   2|           1|           1|
    |ap_block_pp0_stage0_11001_grp3  |       and|   0|  0|   2|           1|           1|
    |ap_block_pp0_stage0_11001_grp5  |       and|   0|  0|   2|           1|           1|
    |ap_block_pp0_stage1_11001_grp2  |       and|   0|  0|   2|           1|           1|
    |ap_block_pp0_stage1_11001_grp4  |       and|   0|  0|   2|           1|           1|
    |ap_block_state3_io_grp1         |       and|   0|  0|   2|           1|           1|
    |ap_condition_587                |       and|   0|  0|   2|           1|           1|
    |ap_condition_591                |       and|   0|  0|   2|           1|           1|
    |icmp_ln524_fu_204_p2            |      icmp|   0|  0|  22|          15|          15|
    |icmp_ln525_fu_234_p2            |      icmp|   0|  0|  15|           8|           7|
    |icmp_ln526_fu_254_p2            |      icmp|   0|  0|  12|           4|           5|
    |ap_block_pp0_stage0_11001       |        or|   0|  0|   2|           1|           1|
    |ap_block_pp0_stage1_11001       |        or|   0|  0|   2|           1|           1|
    |or_ln525_fu_280_p2              |        or|   0|  0|   2|           1|           1|
    |select_ln524_1_fu_266_p3        |    select|   0|  0|   9|           1|           9|
    |select_ln524_fu_240_p3          |    select|   0|  0|   4|           1|           1|
    |select_ln525_1_fu_294_p3        |    select|   0|  0|   4|           1|           4|
    |select_ln525_2_fu_380_p3        |    select|   0|  0|   8|           1|           1|
    |select_ln525_fu_286_p3          |    select|   0|  0|   4|           1|           1|
    |ap_enable_pp0                   |       xor|   0|  0|   2|           1|           2|
    |xor_ln524_fu_248_p2             |       xor|   0|  0|   2|           1|           2|
    +--------------------------------+----------+----+---+----+------------+------------+
    |Total                           |          |   0|  0| 345|         227|         205|
    +--------------------------------+----------+----+---+----+------------+------------+

    * Multiplexer: 
    +----------------------------------+----+-----------+-----+-----------+
    |               Name               | LUT| Input Size| Bits| Total Bits|
    +----------------------------------+----+-----------+-----+-----------+
    |ap_NS_fsm                         |  14|          3|    1|          3|
    |ap_done_int                       |   9|          2|    1|          2|
    |ap_enable_reg_pp0_iter0           |   9|          2|    1|          2|
    |ap_enable_reg_pp0_iter1           |   9|          2|    1|          2|
    |ap_enable_reg_pp0_iter8           |   9|          2|    1|          2|
    |ap_loop_exit_ready_pp0_iter1_reg  |   9|          2|    1|          2|
    |ap_loop_exit_ready_pp0_iter2_reg  |   9|          2|    1|          2|
    |ap_loop_exit_ready_pp0_iter3_reg  |   9|          2|    1|          2|
    |ap_loop_exit_ready_pp0_iter4_reg  |   9|          2|    1|          2|
    |ap_loop_exit_ready_pp0_iter5_reg  |   9|          2|    1|          2|
    |ap_loop_exit_ready_pp0_iter6_reg  |   9|          2|    1|          2|
    |ap_loop_exit_ready_pp0_iter7_reg  |   9|          2|    1|          2|
    |g0_blk_n_AR                       |   9|          2|    1|          2|
    |g0_blk_n_R                        |   9|          2|    1|          2|
    |g0_blk_n_W                        |   9|          2|    1|          2|
    |indvar_flatten10_fu_106           |   9|          2|   15|         30|
    |indvar_flatten_fu_98              |   9|          2|    8|         16|
    |m_axi_g0_0_ARADDR                 |  14|          3|   64|        192|
    |v213_fu_102                       |   9|          2|    9|         18|
    |v214_fu_94                        |   9|          2|    4|          8|
    |v215_fu_90                        |   9|          2|    4|          8|
    +----------------------------------+----+-----------+-----+-----------+
    |Total                             | 199|         44|  119|        303|
    +----------------------------------+----+-----------+-----+-----------+

    * Register: 
    +-------------------------------------------+----+----+-----+-----------+
    |                    Name                   | FF | LUT| Bits| Const Bits|
    +-------------------------------------------+----+----+-----+-----------+
    |ap_CS_fsm                                  |   2|   0|    2|          0|
    |ap_block_pp0_stage0_subdone_grp0_done_reg  |   1|   0|    1|          0|
    |ap_block_pp0_stage0_subdone_grp1_done_reg  |   1|   0|    1|          0|
    |ap_block_pp0_stage0_subdone_grp3_done_reg  |   1|   0|    1|          0|
    |ap_block_pp0_stage0_subdone_grp5_done_reg  |   1|   0|    1|          0|
    |ap_block_pp0_stage1_subdone_grp0_done_reg  |   1|   0|    1|          0|
    |ap_block_pp0_stage1_subdone_grp2_done_reg  |   1|   0|    1|          0|
    |ap_block_pp0_stage1_subdone_grp4_done_reg  |   1|   0|    1|          0|
    |ap_done_reg                                |   1|   0|    1|          0|
    |ap_enable_reg_pp0_iter0_reg                |   1|   0|    1|          0|
    |ap_enable_reg_pp0_iter1                    |   1|   0|    1|          0|
    |ap_enable_reg_pp0_iter2                    |   1|   0|    1|          0|
    |ap_enable_reg_pp0_iter3                    |   1|   0|    1|          0|
    |ap_enable_reg_pp0_iter4                    |   1|   0|    1|          0|
    |ap_enable_reg_pp0_iter5                    |   1|   0|    1|          0|
    |ap_enable_reg_pp0_iter6                    |   1|   0|    1|          0|
    |ap_enable_reg_pp0_iter7                    |   1|   0|    1|          0|
    |ap_enable_reg_pp0_iter8                    |   1|   0|    1|          0|
    |ap_loop_exit_ready_pp0_iter1_reg           |   1|   0|    1|          0|
    |ap_loop_exit_ready_pp0_iter2_reg           |   1|   0|    1|          0|
    |ap_loop_exit_ready_pp0_iter3_reg           |   1|   0|    1|          0|
    |ap_loop_exit_ready_pp0_iter4_reg           |   1|   0|    1|          0|
    |ap_loop_exit_ready_pp0_iter5_reg           |   1|   0|    1|          0|
    |ap_loop_exit_ready_pp0_iter6_reg           |   1|   0|    1|          0|
    |ap_loop_exit_ready_pp0_iter7_reg           |   1|   0|    1|          0|
    |g0_addr_30_read_reg_497                    |  32|   0|   32|          0|
    |g0_addr_30_reg_485                         |  64|   0|   64|          0|
    |g0_addr_31_read_reg_502                    |  32|   0|   32|          0|
    |g0_addr_31_reg_491                         |  64|   0|   64|          0|
    |icmp_ln524_reg_481                         |   1|   0|    1|          0|
    |indvar_flatten10_fu_106                    |  15|   0|   15|          0|
    |indvar_flatten_fu_98                       |   8|   0|    8|          0|
    |sext_ln524_3_cast_reg_471                  |  63|   0|   63|          0|
    |sext_ln524_4_cast_reg_466                  |  63|   0|   63|          0|
    |v213_fu_102                                |   9|   0|    9|          0|
    |v214_fu_94                                 |   4|   0|    4|          0|
    |v215_fu_90                                 |   4|   0|    4|          0|
    |v218_reg_517                               |  32|   0|   32|          0|
    |icmp_ln524_reg_481                         |  64|  32|    1|          0|
    +-------------------------------------------+----+----+-----+-----------+
    |Total                                      | 481|  32|  418|          0|
    +-------------------------------------------+----+----+-----+-----------+



================================================================
== Interface
================================================================
* Summary: 
+---------------------+-----+-----+------------+----------------------------------------------------------------------+--------------+
|      RTL Ports      | Dir | Bits|  Protocol  |                             Source Object                            |    C Type    |
+---------------------+-----+-----+------------+----------------------------------------------------------------------+--------------+
|ap_clk               |   in|    1|  ap_ctrl_hs|  kernel40_Pipeline_VITIS_LOOP_524_1_VITIS_LOOP_525_2_VITIS_LOOP_526_3|  return value|
|ap_rst               |   in|    1|  ap_ctrl_hs|  kernel40_Pipeline_VITIS_LOOP_524_1_VITIS_LOOP_525_2_VITIS_LOOP_526_3|  return value|
|ap_start             |   in|    1|  ap_ctrl_hs|  kernel40_Pipeline_VITIS_LOOP_524_1_VITIS_LOOP_525_2_VITIS_LOOP_526_3|  return value|
|ap_done              |  out|    1|  ap_ctrl_hs|  kernel40_Pipeline_VITIS_LOOP_524_1_VITIS_LOOP_525_2_VITIS_LOOP_526_3|  return value|
|ap_idle              |  out|    1|  ap_ctrl_hs|  kernel40_Pipeline_VITIS_LOOP_524_1_VITIS_LOOP_525_2_VITIS_LOOP_526_3|  return value|
|ap_ready             |  out|    1|  ap_ctrl_hs|  kernel40_Pipeline_VITIS_LOOP_524_1_VITIS_LOOP_525_2_VITIS_LOOP_526_3|  return value|
|m_axi_g0_0_AWVALID   |  out|    1|       m_axi|                                                                    g0|       pointer|
|m_axi_g0_0_AWREADY   |   in|    1|       m_axi|                                                                    g0|       pointer|
|m_axi_g0_0_AWADDR    |  out|   64|       m_axi|                                                                    g0|       pointer|
|m_axi_g0_0_AWID      |  out|    1|       m_axi|                                                                    g0|       pointer|
|m_axi_g0_0_AWLEN     |  out|   32|       m_axi|                                                                    g0|       pointer|
|m_axi_g0_0_AWSIZE    |  out|    3|       m_axi|                                                                    g0|       pointer|
|m_axi_g0_0_AWBURST   |  out|    2|       m_axi|                                                                    g0|       pointer|
|m_axi_g0_0_AWLOCK    |  out|    2|       m_axi|                                                                    g0|       pointer|
|m_axi_g0_0_AWCACHE   |  out|    4|       m_axi|                                                                    g0|       pointer|
|m_axi_g0_0_AWPROT    |  out|    3|       m_axi|                                                                    g0|       pointer|
|m_axi_g0_0_AWQOS     |  out|    4|       m_axi|                                                                    g0|       pointer|
|m_axi_g0_0_AWREGION  |  out|    4|       m_axi|                                                                    g0|       pointer|
|m_axi_g0_0_AWUSER    |  out|    1|       m_axi|                                                                    g0|       pointer|
|m_axi_g0_0_WVALID    |  out|    1|       m_axi|                                                                    g0|       pointer|
|m_axi_g0_0_WREADY    |   in|    1|       m_axi|                                                                    g0|       pointer|
|m_axi_g0_0_WDATA     |  out|   32|       m_axi|                                                                    g0|       pointer|
|m_axi_g0_0_WSTRB     |  out|    4|       m_axi|                                                                    g0|       pointer|
|m_axi_g0_0_WLAST     |  out|    1|       m_axi|                                                                    g0|       pointer|
|m_axi_g0_0_WID       |  out|    1|       m_axi|                                                                    g0|       pointer|
|m_axi_g0_0_WUSER     |  out|    1|       m_axi|                                                                    g0|       pointer|
|m_axi_g0_0_ARVALID   |  out|    1|       m_axi|                                                                    g0|       pointer|
|m_axi_g0_0_ARREADY   |   in|    1|       m_axi|                                                                    g0|       pointer|
|m_axi_g0_0_ARADDR    |  out|   64|       m_axi|                                                                    g0|       pointer|
|m_axi_g0_0_ARID      |  out|    1|       m_axi|                                                                    g0|       pointer|
|m_axi_g0_0_ARLEN     |  out|   32|       m_axi|                                                                    g0|       pointer|
|m_axi_g0_0_ARSIZE    |  out|    3|       m_axi|                                                                    g0|       pointer|
|m_axi_g0_0_ARBURST   |  out|    2|       m_axi|                                                                    g0|       pointer|
|m_axi_g0_0_ARLOCK    |  out|    2|       m_axi|                                                                    g0|       pointer|
|m_axi_g0_0_ARCACHE   |  out|    4|       m_axi|                                                                    g0|       pointer|
|m_axi_g0_0_ARPROT    |  out|    3|       m_axi|                                                                    g0|       pointer|
|m_axi_g0_0_ARQOS     |  out|    4|       m_axi|                                                                    g0|       pointer|
|m_axi_g0_0_ARREGION  |  out|    4|       m_axi|                                                                    g0|       pointer|
|m_axi_g0_0_ARUSER    |  out|    1|       m_axi|                                                                    g0|       pointer|
|m_axi_g0_0_RVALID    |   in|    1|       m_axi|                                                                    g0|       pointer|
|m_axi_g0_0_RREADY    |  out|    1|       m_axi|                                                                    g0|       pointer|
|m_axi_g0_0_RDATA     |   in|   32|       m_axi|                                                                    g0|       pointer|
|m_axi_g0_0_RLAST     |   in|    1|       m_axi|                                                                    g0|       pointer|
|m_axi_g0_0_RID       |   in|    1|       m_axi|                                                                    g0|       pointer|
|m_axi_g0_0_RFIFONUM  |   in|    9|       m_axi|                                                                    g0|       pointer|
|m_axi_g0_0_RUSER     |   in|    1|       m_axi|                                                                    g0|       pointer|
|m_axi_g0_0_RRESP     |   in|    2|       m_axi|                                                                    g0|       pointer|
|m_axi_g0_0_BVALID    |   in|    1|       m_axi|                                                                    g0|       pointer|
|m_axi_g0_0_BREADY    |  out|    1|       m_axi|                                                                    g0|       pointer|
|m_axi_g0_0_BRESP     |   in|    2|       m_axi|                                                                    g0|       pointer|
|m_axi_g0_0_BID       |   in|    1|       m_axi|                                                                    g0|       pointer|
|m_axi_g0_0_BUSER     |   in|    1|       m_axi|                                                                    g0|       pointer|
|sext_ln524           |   in|   62|     ap_none|                                                            sext_ln524|        scalar|
|sext_ln524_2         |   in|   62|     ap_none|                                                          sext_ln524_2|        scalar|
|sext_ln524_1         |   in|   62|     ap_none|                                                          sext_ln524_1|        scalar|
|sext_ln524_3         |   in|   62|     ap_none|                                                          sext_ln524_3|        scalar|
|sext_ln524_4         |   in|   62|     ap_none|                                                          sext_ln524_4|        scalar|
+---------------------+-----+-----+------------+----------------------------------------------------------------------+--------------+

