

================================================================
== Vitis HLS Report for 'kernel46_Pipeline_VITIS_LOOP_633_1_VITIS_LOOP_634_2'
================================================================
* Date:           Sun Jul 12 20:26:45 2026

* Version:        2025.2 (Build 6295257 on Nov 14 2025)
* Project:        spikingformer_proj
* Solution:       solution1 (Vivado IP Flow Target)
* Product family: zynquplus
* Target device:  xczu7ev-ffvc1156-2-e


================================================================
== Performance Estimates
================================================================
+ Timing: 
    * Summary: 
    +--------+----------+----------+------------+
    |  Clock |  Target  | Estimated| Uncertainty|
    +--------+----------+----------+------------+
    |ap_clk  |  10.00 ns|  7.300 ns|     2.70 ns|
    +--------+----------+----------+------------+

+ Latency: 
    * Summary: 
    +---------+---------+----------+----------+-----+-----+-------------------+
    |  Latency (cycles) |  Latency (absolute) |  Interval |      Pipeline     |
    |   min   |   max   |    min   |    max   | min | max |        Type       |
    +---------+---------+----------+----------+-----+-----+-------------------+
    |    49167|    49167|  0.492 ms|  0.492 ms|    0|    0|  loop pipeline stp|
    +---------+---------+----------+----------+-----+-----+-------------------+

    + Detail: 
        * Instance: 
        N/A

        * Loop: 
        +-------------------------------------+---------+---------+----------+-----------+-----------+-------+----------+
        |                                     |  Latency (cycles) | Iteration|  Initiation Interval  |  Trip |          |
        |              Loop Name              |   min   |   max   |  Latency |  achieved |   target  | Count | Pipelined|
        +-------------------------------------+---------+---------+----------+-----------+-----------+-------+----------+
        |- VITIS_LOOP_633_1_VITIS_LOOP_634_2  |    49165|    49165|        16|          2|          1|  24576|       yes|
        +-------------------------------------+---------+---------+----------+-----------+-----------+-------+----------+



================================================================
== Utilization Estimates
================================================================
* Summary: 
+-----------------+---------+------+--------+--------+-----+
|       Name      | BRAM_18K|  DSP |   FF   |   LUT  | URAM|
+-----------------+---------+------+--------+--------+-----+
|DSP              |        -|     -|       -|       -|    -|
|Expression       |        -|     -|       0|     405|    -|
|FIFO             |        -|     -|       -|       -|    -|
|Instance         |        -|     2|     227|     214|    -|
|Memory           |        -|     -|       -|       -|    -|
|Multiplexer      |        -|     -|       0|     136|    -|
|Register         |        -|     -|     280|       -|    -|
+-----------------+---------+------+--------+--------+-----+
|Total            |        0|     2|     507|     755|    0|
+-----------------+---------+------+--------+--------+-----+
|Available        |      624|  1728|  460800|  230400|   96|
+-----------------+---------+------+--------+--------+-----+
|Utilization (%)  |        0|    ~0|      ~0|      ~0|    0|
+-----------------+---------+------+--------+--------+-----+

+ Detail: 
    * Instance: 
    +-------------------------------------+--------------------------------+---------+----+-----+-----+-----+
    |               Instance              |             Module             | BRAM_18K| DSP|  FF | LUT | URAM|
    +-------------------------------------+--------------------------------+---------+----+-----+-----+-----+
    |fsub_32ns_32ns_32_4_full_dsp_1_U530  |fsub_32ns_32ns_32_4_full_dsp_1  |        0|   2|  227|  214|    0|
    +-------------------------------------+--------------------------------+---------+----+-----+-----+-----+
    |Total                                |                                |        0|   2|  227|  214|    0|
    +-------------------------------------+--------------------------------+---------+----+-----+-----+-----+

    * DSP: 
    N/A

    * Memory: 
    N/A

    * FIFO: 
    N/A

    * Expression: 
    +--------------------------------+----------+----+---+----+------------+------------+
    |          Variable Name         | Operation| DSP| FF| LUT| Bitwidth P0| Bitwidth P1|
    +--------------------------------+----------+----+---+----+------------+------------+
    |add_ln633_1_fu_188_p2           |         +|   0|  0|  22|          15|           1|
    |add_ln633_fu_200_p2             |         +|   0|  0|  14|           7|           1|
    |add_ln634_fu_334_p2             |         +|   0|  0|  16|           9|           1|
    |add_ln639_1_fu_276_p2           |         +|   0|  0|  64|          64|          64|
    |add_ln639_fu_270_p2             |         +|   0|  0|  64|          64|          64|
    |add_ln640_1_fu_308_p2           |         +|   0|  0|  64|          64|          64|
    |add_ln640_fu_302_p2             |         +|   0|  0|  64|          64|          64|
    |sub_ln639_fu_248_p2             |         -|   0|  0|  25|          18|          18|
    |ap_block_pp0_stage0_11001_grp2  |       and|   0|  0|   2|           1|           1|
    |ap_block_pp0_stage0_11001_grp4  |       and|   0|  0|   2|           1|           1|
    |ap_block_pp0_stage1_11001_grp1  |       and|   0|  0|   2|           1|           1|
    |ap_block_pp0_stage1_11001_grp3  |       and|   0|  0|   2|           1|           1|
    |ap_block_pp0_stage1_11001_grp5  |       and|   0|  0|   2|           1|           1|
    |ap_block_state2_io_grp1         |       and|   0|  0|   2|           1|           1|
    |icmp_ln633_fu_182_p2            |      icmp|   0|  0|  22|          15|          15|
    |icmp_ln634_fu_206_p2            |      icmp|   0|  0|  16|           9|           9|
    |ap_block_pp0_stage0_11001       |        or|   0|  0|   2|           1|           1|
    |ap_block_pp0_stage1_11001       |        or|   0|  0|   2|           1|           1|
    |select_ln633_1_fu_220_p3        |    select|   0|  0|   7|           1|           7|
    |select_ln633_fu_212_p3          |    select|   0|  0|   9|           1|           1|
    |ap_enable_pp0                   |       xor|   0|  0|   2|           1|           2|
    +--------------------------------+----------+----+---+----+------------+------------+
    |Total                           |          |   0|  0| 405|         340|         319|
    +--------------------------------+----------+----+---+----+------------+------------+

    * Multiplexer: 
    +--------------------------------------+----+-----------+-----+-----------+
    |                 Name                 | LUT| Input Size| Bits| Total Bits|
    +--------------------------------------+----+-----------+-----+-----------+
    |ap_NS_fsm                             |  14|          3|    1|          3|
    |ap_done_int                           |   9|          2|    1|          2|
    |ap_enable_reg_pp0_iter0               |   9|          2|    1|          2|
    |ap_enable_reg_pp0_iter1               |   9|          2|    1|          2|
    |ap_sig_allocacmp_indvar_flatten_load  |   9|          2|   15|         30|
    |ap_sig_allocacmp_v257_load            |   9|          2|    7|         14|
    |ap_sig_allocacmp_v258_load            |   9|          2|    9|         18|
    |g0_blk_n_AR                           |   9|          2|    1|          2|
    |g0_blk_n_R                            |   9|          2|    1|          2|
    |g0_blk_n_W                            |   9|          2|    1|          2|
    |indvar_flatten_fu_102                 |   9|          2|   15|         30|
    |m_axi_g0_0_ARADDR                     |  14|          3|   64|        192|
    |v257_fu_98                            |   9|          2|    7|         14|
    |v258_fu_94                            |   9|          2|    9|         18|
    +--------------------------------------+----+-----------+-----+-----------+
    |Total                                 | 136|         30|  133|        331|
    +--------------------------------------+----+-----------+-----+-----------+

    * Register: 
    +-------------------------------------------+----+----+-----+-----------+
    |                    Name                   | FF | LUT| Bits| Const Bits|
    +-------------------------------------------+----+----+-----+-----------+
    |ap_CS_fsm                                  |   2|   0|    2|          0|
    |ap_block_pp0_stage0_subdone_grp0_done_reg  |   1|   0|    1|          0|
    |ap_block_pp0_stage0_subdone_grp2_done_reg  |   1|   0|    1|          0|
    |ap_block_pp0_stage0_subdone_grp4_done_reg  |   1|   0|    1|          0|
    |ap_block_pp0_stage1_subdone_grp0_done_reg  |   1|   0|    1|          0|
    |ap_block_pp0_stage1_subdone_grp1_done_reg  |   1|   0|    1|          0|
    |ap_block_pp0_stage1_subdone_grp3_done_reg  |   1|   0|    1|          0|
    |ap_block_pp0_stage1_subdone_grp5_done_reg  |   1|   0|    1|          0|
    |ap_done_reg                                |   1|   0|    1|          0|
    |ap_enable_reg_pp0_iter0_reg                |   1|   0|    1|          0|
    |ap_enable_reg_pp0_iter1                    |   1|   0|    1|          0|
    |ap_enable_reg_pp0_iter2                    |   1|   0|    1|          0|
    |ap_enable_reg_pp0_iter3                    |   1|   0|    1|          0|
    |ap_enable_reg_pp0_iter4                    |   1|   0|    1|          0|
    |ap_enable_reg_pp0_iter5                    |   1|   0|    1|          0|
    |ap_enable_reg_pp0_iter6                    |   1|   0|    1|          0|
    |ap_enable_reg_pp0_iter7                    |   1|   0|    1|          0|
    |ap_loop_exit_ready_pp0_iter1_reg           |   1|   0|    1|          0|
    |ap_loop_exit_ready_pp0_iter2_reg           |   1|   0|    1|          0|
    |ap_loop_exit_ready_pp0_iter3_reg           |   1|   0|    1|          0|
    |ap_loop_exit_ready_pp0_iter4_reg           |   1|   0|    1|          0|
    |ap_loop_exit_ready_pp0_iter5_reg           |   1|   0|    1|          0|
    |ap_loop_exit_ready_pp0_iter6_reg           |   1|   0|    1|          0|
    |g0_addr_25_read_reg_415                    |  32|   0|   32|          0|
    |g0_addr_25_reg_403                         |  64|   0|   64|          0|
    |g0_addr_26_read_reg_420                    |  32|   0|   32|          0|
    |g0_addr_26_reg_409                         |  64|   0|   64|          0|
    |icmp_ln633_reg_399                         |   1|   0|    1|          0|
    |indvar_flatten_fu_102                      |  15|   0|   15|          0|
    |v257_fu_98                                 |   7|   0|    7|          0|
    |v258_fu_94                                 |   9|   0|    9|          0|
    |v261_reg_435                               |  32|   0|   32|          0|
    +-------------------------------------------+----+----+-----+-----------+
    |Total                                      | 280|   0|  280|          0|
    +-------------------------------------------+----+----+-----+-----------+



================================================================
== Interface
================================================================
* Summary: 
+---------------------+-----+-----+------------+-----------------------------------------------------+--------------+
|      RTL Ports      | Dir | Bits|  Protocol  |                    Source Object                    |    C Type    |
+---------------------+-----+-----+------------+-----------------------------------------------------+--------------+
|ap_clk               |   in|    1|  ap_ctrl_hs|  kernel46_Pipeline_VITIS_LOOP_633_1_VITIS_LOOP_634_2|  return value|
|ap_rst               |   in|    1|  ap_ctrl_hs|  kernel46_Pipeline_VITIS_LOOP_633_1_VITIS_LOOP_634_2|  return value|
|ap_start             |   in|    1|  ap_ctrl_hs|  kernel46_Pipeline_VITIS_LOOP_633_1_VITIS_LOOP_634_2|  return value|
|ap_done              |  out|    1|  ap_ctrl_hs|  kernel46_Pipeline_VITIS_LOOP_633_1_VITIS_LOOP_634_2|  return value|
|ap_idle              |  out|    1|  ap_ctrl_hs|  kernel46_Pipeline_VITIS_LOOP_633_1_VITIS_LOOP_634_2|  return value|
|ap_ready             |  out|    1|  ap_ctrl_hs|  kernel46_Pipeline_VITIS_LOOP_633_1_VITIS_LOOP_634_2|  return value|
|m_axi_g0_0_AWVALID   |  out|    1|       m_axi|                                                   g0|       pointer|
|m_axi_g0_0_AWREADY   |   in|    1|       m_axi|                                                   g0|       pointer|
|m_axi_g0_0_AWADDR    |  out|   64|       m_axi|                                                   g0|       pointer|
|m_axi_g0_0_AWID      |  out|    1|       m_axi|                                                   g0|       pointer|
|m_axi_g0_0_AWLEN     |  out|   32|       m_axi|                                                   g0|       pointer|
|m_axi_g0_0_AWSIZE    |  out|    3|       m_axi|                                                   g0|       pointer|
|m_axi_g0_0_AWBURST   |  out|    2|       m_axi|                                                   g0|       pointer|
|m_axi_g0_0_AWLOCK    |  out|    2|       m_axi|                                                   g0|       pointer|
|m_axi_g0_0_AWCACHE   |  out|    4|       m_axi|                                                   g0|       pointer|
|m_axi_g0_0_AWPROT    |  out|    3|       m_axi|                                                   g0|       pointer|
|m_axi_g0_0_AWQOS     |  out|    4|       m_axi|                                                   g0|       pointer|
|m_axi_g0_0_AWREGION  |  out|    4|       m_axi|                                                   g0|       pointer|
|m_axi_g0_0_AWUSER    |  out|    1|       m_axi|                                                   g0|       pointer|
|m_axi_g0_0_WVALID    |  out|    1|       m_axi|                                                   g0|       pointer|
|m_axi_g0_0_WREADY    |   in|    1|       m_axi|                                                   g0|       pointer|
|m_axi_g0_0_WDATA     |  out|   32|       m_axi|                                                   g0|       pointer|
|m_axi_g0_0_WSTRB     |  out|    4|       m_axi|                                                   g0|       pointer|
|m_axi_g0_0_WLAST     |  out|    1|       m_axi|                                                   g0|       pointer|
|m_axi_g0_0_WID       |  out|    1|       m_axi|                                                   g0|       pointer|
|m_axi_g0_0_WUSER     |  out|    1|       m_axi|                                                   g0|       pointer|
|m_axi_g0_0_ARVALID   |  out|    1|       m_axi|                                                   g0|       pointer|
|m_axi_g0_0_ARREADY   |   in|    1|       m_axi|                                                   g0|       pointer|
|m_axi_g0_0_ARADDR    |  out|   64|       m_axi|                                                   g0|       pointer|
|m_axi_g0_0_ARID      |  out|    1|       m_axi|                                                   g0|       pointer|
|m_axi_g0_0_ARLEN     |  out|   32|       m_axi|                                                   g0|       pointer|
|m_axi_g0_0_ARSIZE    |  out|    3|       m_axi|                                                   g0|       pointer|
|m_axi_g0_0_ARBURST   |  out|    2|       m_axi|                                                   g0|       pointer|
|m_axi_g0_0_ARLOCK    |  out|    2|       m_axi|                                                   g0|       pointer|
|m_axi_g0_0_ARCACHE   |  out|    4|       m_axi|                                                   g0|       pointer|
|m_axi_g0_0_ARPROT    |  out|    3|       m_axi|                                                   g0|       pointer|
|m_axi_g0_0_ARQOS     |  out|    4|       m_axi|                                                   g0|       pointer|
|m_axi_g0_0_ARREGION  |  out|    4|       m_axi|                                                   g0|       pointer|
|m_axi_g0_0_ARUSER    |  out|    1|       m_axi|                                                   g0|       pointer|
|m_axi_g0_0_RVALID    |   in|    1|       m_axi|                                                   g0|       pointer|
|m_axi_g0_0_RREADY    |  out|    1|       m_axi|                                                   g0|       pointer|
|m_axi_g0_0_RDATA     |   in|   32|       m_axi|                                                   g0|       pointer|
|m_axi_g0_0_RLAST     |   in|    1|       m_axi|                                                   g0|       pointer|
|m_axi_g0_0_RID       |   in|    1|       m_axi|                                                   g0|       pointer|
|m_axi_g0_0_RFIFONUM  |   in|    9|       m_axi|                                                   g0|       pointer|
|m_axi_g0_0_RUSER     |   in|    1|       m_axi|                                                   g0|       pointer|
|m_axi_g0_0_RRESP     |   in|    2|       m_axi|                                                   g0|       pointer|
|m_axi_g0_0_BVALID    |   in|    1|       m_axi|                                                   g0|       pointer|
|m_axi_g0_0_BREADY    |  out|    1|       m_axi|                                                   g0|       pointer|
|m_axi_g0_0_BRESP     |   in|    2|       m_axi|                                                   g0|       pointer|
|m_axi_g0_0_BID       |   in|    1|       m_axi|                                                   g0|       pointer|
|m_axi_g0_0_BUSER     |   in|    1|       m_axi|                                                   g0|       pointer|
|sext_ln636           |   in|   62|     ap_none|                                           sext_ln636|        scalar|
|sext_ln633           |   in|   62|     ap_none|                                           sext_ln633|        scalar|
|sext_ln638           |   in|   62|     ap_none|                                           sext_ln638|        scalar|
|v255                 |   in|   64|     ap_none|                                                 v255|        scalar|
|v254                 |   in|   64|     ap_none|                                                 v254|        scalar|
+---------------------+-----+-----+------------+-----------------------------------------------------+--------------+

