

================================================================
== Vitis HLS Report for 'kernel60'
================================================================
* Date:           Sun Jul 12 20:26:45 2026

* Version:        2025.2 (Build 6295257 on Nov 14 2025)
* Project:        spikingformer_proj
* Solution:       solution1 (Vivado IP Flow Target)
* Product family: zynquplus
* Target device:  xczu7ev-ffvc1156-2-e


================================================================
== Performance Estimates
================================================================
+ Timing: 
    * Summary: 
    +--------+----------+----------+------------+
    |  Clock |  Target  | Estimated| Uncertainty|
    +--------+----------+----------+------------+
    |ap_clk  |  10.00 ns|  7.300 ns|     2.70 ns|
    +--------+----------+----------+------------+

+ Latency: 
    * Summary: 
    +---------+---------+-----------+-----------+-----+-----+-------------------+
    |  Latency (cycles) |   Latency (absolute)  |  Interval |      Pipeline     |
    |   min   |   max   |    min    |    max    | min | max |        Type       |
    +---------+---------+-----------+-----------+-----+-----+-------------------+
    |  4718614|  4718614|  47.186 ms|  47.186 ms|    0|    0|  loop pipeline stp|
    +---------+---------+-----------+-----------+-----+-----+-------------------+

    + Detail: 
        * Instance: 
        N/A

        * Loop: 
        +-----------------------------------------------------------------------+---------+---------+----------+-----------+-----------+---------+----------+
        |                                                                       |  Latency (cycles) | Iteration|  Initiation Interval  |   Trip  |          |
        |                               Loop Name                               |   min   |   max   |  Latency |  achieved |   target  |  Count  | Pipelined|
        +-----------------------------------------------------------------------+---------+---------+----------+-----------+-----------+---------+----------+
        |- VITIS_LOOP_795_1_VITIS_LOOP_796_2_VITIS_LOOP_797_3_VITIS_LOOP_798_4  |  4718612|  4718612|        24|          3|          1|  1572864|       yes|
        +-----------------------------------------------------------------------+---------+---------+----------+-----------+-----------+---------+----------+



================================================================
== Utilization Estimates
================================================================
* Summary: 
+-----------------+---------+------+--------+--------+-----+
|       Name      | BRAM_18K|  DSP |   FF   |   LUT  | URAM|
+-----------------+---------+------+--------+--------+-----+
|DSP              |        -|     -|       -|       -|    -|
|Expression       |        -|     -|       0|     700|    -|
|FIFO             |        -|     -|       -|       -|    -|
|Instance         |        -|     5|     355|     349|    -|
|Memory           |        -|     -|       -|       -|    -|
|Multiplexer      |        -|     -|       0|     247|    -|
|Register         |        -|     -|     607|      64|    -|
+-----------------+---------+------+--------+--------+-----+
|Total            |        0|     5|     962|    1360|    0|
+-----------------+---------+------+--------+--------+-----+
|Available        |      624|  1728|  460800|  230400|   96|
+-----------------+---------+------+--------+--------+-----+
|Utilization (%)  |        0|    ~0|      ~0|      ~0|    0|
+-----------------+---------+------+--------+--------+-----+

+ Detail: 
    * Instance: 
    +-------------------------------------+--------------------------------+---------+----+-----+-----+-----+
    |               Instance              |             Module             | BRAM_18K| DSP|  FF | LUT | URAM|
    +-------------------------------------+--------------------------------+---------+----+-----+-----+-----+
    |fadd_32ns_32ns_32_4_full_dsp_1_U509  |fadd_32ns_32ns_32_4_full_dsp_1  |        0|   2|  227|  214|    0|
    |fmul_32ns_32ns_32_3_max_dsp_1_U510   |fmul_32ns_32ns_32_3_max_dsp_1   |        0|   3|  128|  135|    0|
    +-------------------------------------+--------------------------------+---------+----+-----+-----+-----+
    |Total                                |                                |        0|   5|  355|  349|    0|
    +-------------------------------------+--------------------------------+---------+----+-----+-----+-----+

    * DSP: 
    N/A

    * Memory: 
    N/A

    * FIFO: 
    N/A

    * Expression: 
    +---------------------------------------+----------+----+---+----+------------+------------+
    |             Variable Name             | Operation| DSP| FF| LUT| Bitwidth P0| Bitwidth P1|
    +---------------------------------------+----------+----+---+----+------------+------------+
    |add_ln795_1_fu_244_p2                  |         +|   0|  0|  28|          21|           1|
    |add_ln795_fu_268_p2                    |         +|   0|  0|  14|           7|           1|
    |add_ln796_1_fu_495_p2                  |         +|   0|  0|  23|          16|           1|
    |add_ln796_fu_320_p2                    |         +|   0|  0|  12|           4|           1|
    |add_ln797_1_fu_481_p2                  |         +|   0|  0|  20|          13|           1|
    |add_ln797_fu_372_p2                    |         +|   0|  0|  14|           7|           1|
    |add_ln798_fu_475_p2                    |         +|   0|  0|  13|           6|           1|
    |add_ln803_1_fu_445_p2                  |         +|   0|  0|  64|          64|          64|
    |add_ln803_fu_422_p2                    |         +|   0|  0|  64|          64|          64|
    |add_ln804_1_fu_574_p2                  |         +|   0|  0|  64|          64|          64|
    |add_ln804_fu_555_p2                    |         +|   0|  0|  64|          64|          64|
    |add_ln805_1_fu_628_p2                  |         +|   0|  0|  64|          64|          64|
    |add_ln805_fu_611_p2                    |         +|   0|  0|  64|          64|          64|
    |and_ln795_1_fu_306_p2                  |       and|   0|  0|   2|           1|           1|
    |and_ln795_fu_352_p2                    |       and|   0|  0|   2|           1|           1|
    |ap_block_pp0_stage0_11001_grp2         |       and|   0|  0|   2|           1|           1|
    |ap_block_pp0_stage0_11001_grp9         |       and|   0|  0|   2|           1|           1|
    |ap_block_pp0_stage1_11001_grp3         |       and|   0|  0|   2|           1|           1|
    |ap_block_pp0_stage1_11001_grp4         |       and|   0|  0|   2|           1|           1|
    |ap_block_pp0_stage1_11001_grp8         |       and|   0|  0|   2|           1|           1|
    |ap_block_pp0_stage2_11001_grp1         |       and|   0|  0|   2|           1|           1|
    |ap_block_pp0_stage2_11001_grp5         |       and|   0|  0|   2|           1|           1|
    |ap_block_state3_io_grp1                |       and|   0|  0|   2|           1|           1|
    |icmp_ln798_mid211_fu_358_p2            |       and|   0|  0|   2|           1|           1|
    |icmp_ln795_fu_238_p2                   |      icmp|   0|  0|  28|          21|          21|
    |icmp_ln796_fu_274_p2                   |      icmp|   0|  0|  23|          16|          15|
    |icmp_ln797_fu_300_p2                   |      icmp|   0|  0|  20|          13|          12|
    |icmp_ln798_fu_294_p2                   |      icmp|   0|  0|  14|           6|           7|
    |ap_block_pp0_stage0_11001              |        or|   0|  0|   2|           1|           1|
    |ap_block_pp0_stage0_11001_grp6         |        or|   0|  0|   2|           1|           1|
    |ap_block_pp0_stage1_11001              |        or|   0|  0|   2|           1|           1|
    |ap_block_pp0_stage2_11001              |        or|   0|  0|   2|           1|           1|
    |empty_73_fu_378_p2                     |        or|   0|  0|   2|           1|           1|
    |empty_74_fu_384_p2                     |        or|   0|  0|   2|           1|           1|
    |empty_fu_326_p2                        |        or|   0|  0|   2|           1|           1|
    |not_exitcond_flatten_mid234_fu_346_p2  |        or|   0|  0|   2|           1|           1|
    |select_ln795_1_fu_312_p3               |    select|   0|  0|   7|           1|           7|
    |select_ln795_fu_280_p3                 |    select|   0|  0|   4|           1|           1|
    |select_ln796_1_fu_501_p3               |    select|   0|  0|  16|           1|           1|
    |select_ln796_fu_364_p3                 |    select|   0|  0|   4|           1|           4|
    |select_ln797_1_fu_487_p3               |    select|   0|  0|  12|           1|           1|
    |select_ln797_fu_398_p3                 |    select|   0|  0|   7|           1|           7|
    |v326_mid26_fu_332_p3                   |    select|   0|  0|   7|           1|           1|
    |v327_mid2_fu_390_p3                    |    select|   0|  0|   6|           1|           1|
    |ap_enable_pp0                          |       xor|   0|  0|   2|           1|           2|
    |exitcond_flatten_not_fu_340_p2         |       xor|   0|  0|   2|           1|           2|
    |xor_ln795_fu_288_p2                    |       xor|   0|  0|   2|           1|           2|
    +---------------------------------------+----------+----+---+----+------------+------------+
    |Total                                  |          |   0|  0| 700|         544|         494|
    +---------------------------------------+----------+----+---+----+------------+------------+

    * Multiplexer: 
    +----------------------------------+----+-----------+-----+-----------+
    |               Name               | LUT| Input Size| Bits| Total Bits|
    +----------------------------------+----+-----------+-----+-----------+
    |ap_NS_fsm                         |  20|          4|    1|          4|
    |ap_done_int                       |   9|          2|    1|          2|
    |ap_enable_reg_pp0_iter0           |   9|          2|    1|          2|
    |ap_enable_reg_pp0_iter1           |   9|          2|    1|          2|
    |ap_enable_reg_pp0_iter8           |   9|          2|    1|          2|
    |ap_loop_exit_ready_pp0_iter1_reg  |   9|          2|    1|          2|
    |ap_loop_exit_ready_pp0_iter2_reg  |   9|          2|    1|          2|
    |ap_loop_exit_ready_pp0_iter3_reg  |   9|          2|    1|          2|
    |ap_loop_exit_ready_pp0_iter4_reg  |   9|          2|    1|          2|
    |ap_loop_exit_ready_pp0_iter5_reg  |   9|          2|    1|          2|
    |ap_loop_exit_ready_pp0_iter6_reg  |   9|          2|    1|          2|
    |ap_loop_exit_ready_pp0_iter7_reg  |   9|          2|    1|          2|
    |g0_blk_n_AR                       |   9|          2|    1|          2|
    |g0_blk_n_AW                       |   9|          2|    1|          2|
    |g0_blk_n_B                        |   9|          2|    1|          2|
    |g0_blk_n_R                        |   9|          2|    1|          2|
    |g0_blk_n_W                        |   9|          2|    1|          2|
    |indvar_flatten12_fu_130           |   9|          2|   16|         32|
    |indvar_flatten35_fu_138           |   9|          2|   21|         42|
    |indvar_flatten_fu_122             |   9|          2|   13|         26|
    |m_axi_g0_0_ARADDR                 |  20|          4|   64|        256|
    |v324_fu_134                       |   9|          2|    7|         14|
    |v325_fu_126                       |   9|          2|    4|          8|
    |v326_fu_118                       |   9|          2|    7|         14|
    |v327_fu_114                       |   9|          2|    6|         12|
    +----------------------------------+----+-----------+-----+-----------+
    |Total                             | 247|         54|  155|        440|
    +----------------------------------+----+-----------+-----+-----------+

    * Register: 
    +-------------------------------------------+----+----+-----+-----------+
    |                    Name                   | FF | LUT| Bits| Const Bits|
    +-------------------------------------------+----+----+-----+-----------+
    |ap_CS_fsm                                  |   3|   0|    3|          0|
    |ap_block_pp0_stage0_subdone_grp0_done_reg  |   1|   0|    1|          0|
    |ap_block_pp0_stage0_subdone_grp2_done_reg  |   1|   0|    1|          0|
    |ap_block_pp0_stage0_subdone_grp6_done_reg  |   1|   0|    1|          0|
    |ap_block_pp0_stage0_subdone_grp9_done_reg  |   1|   0|    1|          0|
    |ap_block_pp0_stage1_subdone_grp0_done_reg  |   1|   0|    1|          0|
    |ap_block_pp0_stage1_subdone_grp3_done_reg  |   1|   0|    1|          0|
    |ap_block_pp0_stage1_subdone_grp4_done_reg  |   1|   0|    1|          0|
    |ap_block_pp0_stage1_subdone_grp8_done_reg  |   1|   0|    1|          0|
    |ap_block_pp0_stage2_subdone_grp0_done_reg  |   1|   0|    1|          0|
    |ap_block_pp0_stage2_subdone_grp1_done_reg  |   1|   0|    1|          0|
    |ap_block_pp0_stage2_subdone_grp5_done_reg  |   1|   0|    1|          0|
    |ap_done_reg                                |   1|   0|    1|          0|
    |ap_enable_reg_pp0_iter0_reg                |   1|   0|    1|          0|
    |ap_enable_reg_pp0_iter1                    |   1|   0|    1|          0|
    |ap_enable_reg_pp0_iter2                    |   1|   0|    1|          0|
    |ap_enable_reg_pp0_iter3                    |   1|   0|    1|          0|
    |ap_enable_reg_pp0_iter4                    |   1|   0|    1|          0|
    |ap_enable_reg_pp0_iter5                    |   1|   0|    1|          0|
    |ap_enable_reg_pp0_iter6                    |   1|   0|    1|          0|
    |ap_enable_reg_pp0_iter7                    |   1|   0|    1|          0|
    |ap_enable_reg_pp0_iter8                    |   1|   0|    1|          0|
    |ap_loop_exit_ready_pp0_iter1_reg           |   1|   0|    1|          0|
    |ap_loop_exit_ready_pp0_iter2_reg           |   1|   0|    1|          0|
    |ap_loop_exit_ready_pp0_iter3_reg           |   1|   0|    1|          0|
    |ap_loop_exit_ready_pp0_iter4_reg           |   1|   0|    1|          0|
    |ap_loop_exit_ready_pp0_iter5_reg           |   1|   0|    1|          0|
    |ap_loop_exit_ready_pp0_iter6_reg           |   1|   0|    1|          0|
    |ap_loop_exit_ready_pp0_iter7_reg           |   1|   0|    1|          0|
    |g0_addr_18_read_reg_786                    |  32|   0|   32|          0|
    |g0_addr_18_reg_766                         |  64|   0|   64|          0|
    |g0_addr_19_read_reg_801                    |  32|   0|   32|          0|
    |g0_addr_19_reg_772                         |  64|   0|   64|          0|
    |g0_addr_read_reg_781                       |  32|   0|   32|          0|
    |g0_addr_reg_754                            |  64|   0|   64|          0|
    |icmp_ln795_reg_734                         |   1|   0|    1|          0|
    |indvar_flatten12_fu_130                    |  16|   0|   16|          0|
    |indvar_flatten35_fu_138                    |  21|   0|   21|          0|
    |indvar_flatten_fu_122                      |  13|   0|   13|          0|
    |select_ln796_reg_738                       |   4|   0|    4|          0|
    |trunc_ln803_1_reg_749                      |   6|   0|    6|          0|
    |trunc_ln803_reg_744                        |   6|   0|    6|          0|
    |trunc_ln804_reg_760                        |   5|   0|    5|          0|
    |v324_fu_134                                |   7|   0|    7|          0|
    |v325_fu_126                                |   4|   0|    4|          0|
    |v326_fu_118                                |   7|   0|    7|          0|
    |v327_fu_114                                |   6|   0|    6|          0|
    |v331_reg_806                               |  32|   0|   32|          0|
    |v332_reg_816                               |  32|   0|   32|          0|
    |g0_addr_19_reg_772                         |  64|  32|   64|          0|
    |icmp_ln795_reg_734                         |  64|  32|    1|          0|
    +-------------------------------------------+----+----+-----+-----------+
    |Total                                      | 607|  64|  544|          0|
    +-------------------------------------------+----+----+-----+-----------+



================================================================
== Interface
================================================================
* Summary: 
+---------------------+-----+-----+------------+--------------+--------------+
|      RTL Ports      | Dir | Bits|  Protocol  | Source Object|    C Type    |
+---------------------+-----+-----+------------+--------------+--------------+
|ap_clk               |   in|    1|  ap_ctrl_hs|      kernel60|  return value|
|ap_rst               |   in|    1|  ap_ctrl_hs|      kernel60|  return value|
|ap_start             |   in|    1|  ap_ctrl_hs|      kernel60|  return value|
|ap_done              |  out|    1|  ap_ctrl_hs|      kernel60|  return value|
|ap_idle              |  out|    1|  ap_ctrl_hs|      kernel60|  return value|
|ap_ready             |  out|    1|  ap_ctrl_hs|      kernel60|  return value|
|m_axi_g0_0_AWVALID   |  out|    1|       m_axi|            g0|       pointer|
|m_axi_g0_0_AWREADY   |   in|    1|       m_axi|            g0|       pointer|
|m_axi_g0_0_AWADDR    |  out|   64|       m_axi|            g0|       pointer|
|m_axi_g0_0_AWID      |  out|    1|       m_axi|            g0|       pointer|
|m_axi_g0_0_AWLEN     |  out|   32|       m_axi|            g0|       pointer|
|m_axi_g0_0_AWSIZE    |  out|    3|       m_axi|            g0|       pointer|
|m_axi_g0_0_AWBURST   |  out|    2|       m_axi|            g0|       pointer|
|m_axi_g0_0_AWLOCK    |  out|    2|       m_axi|            g0|       pointer|
|m_axi_g0_0_AWCACHE   |  out|    4|       m_axi|            g0|       pointer|
|m_axi_g0_0_AWPROT    |  out|    3|       m_axi|            g0|       pointer|
|m_axi_g0_0_AWQOS     |  out|    4|       m_axi|            g0|       pointer|
|m_axi_g0_0_AWREGION  |  out|    4|       m_axi|            g0|       pointer|
|m_axi_g0_0_AWUSER    |  out|    1|       m_axi|            g0|       pointer|
|m_axi_g0_0_WVALID    |  out|    1|       m_axi|            g0|       pointer|
|m_axi_g0_0_WREADY    |   in|    1|       m_axi|            g0|       pointer|
|m_axi_g0_0_WDATA     |  out|   32|       m_axi|            g0|       pointer|
|m_axi_g0_0_WSTRB     |  out|    4|       m_axi|            g0|       pointer|
|m_axi_g0_0_WLAST     |  out|    1|       m_axi|            g0|       pointer|
|m_axi_g0_0_WID       |  out|    1|       m_axi|            g0|       pointer|
|m_axi_g0_0_WUSER     |  out|    1|       m_axi|            g0|       pointer|
|m_axi_g0_0_ARVALID   |  out|    1|       m_axi|            g0|       pointer|
|m_axi_g0_0_ARREADY   |   in|    1|       m_axi|            g0|       pointer|
|m_axi_g0_0_ARADDR    |  out|   64|       m_axi|            g0|       pointer|
|m_axi_g0_0_ARID      |  out|    1|       m_axi|            g0|       pointer|
|m_axi_g0_0_ARLEN     |  out|   32|       m_axi|            g0|       pointer|
|m_axi_g0_0_ARSIZE    |  out|    3|       m_axi|            g0|       pointer|
|m_axi_g0_0_ARBURST   |  out|    2|       m_axi|            g0|       pointer|
|m_axi_g0_0_ARLOCK    |  out|    2|       m_axi|            g0|       pointer|
|m_axi_g0_0_ARCACHE   |  out|    4|       m_axi|            g0|       pointer|
|m_axi_g0_0_ARPROT    |  out|    3|       m_axi|            g0|       pointer|
|m_axi_g0_0_ARQOS     |  out|    4|       m_axi|            g0|       pointer|
|m_axi_g0_0_ARREGION  |  out|    4|       m_axi|            g0|       pointer|
|m_axi_g0_0_ARUSER    |  out|    1|       m_axi|            g0|       pointer|
|m_axi_g0_0_RVALID    |   in|    1|       m_axi|            g0|       pointer|
|m_axi_g0_0_RREADY    |  out|    1|       m_axi|            g0|       pointer|
|m_axi_g0_0_RDATA     |   in|   32|       m_axi|            g0|       pointer|
|m_axi_g0_0_RLAST     |   in|    1|       m_axi|            g0|       pointer|
|m_axi_g0_0_RID       |   in|    1|       m_axi|            g0|       pointer|
|m_axi_g0_0_RFIFONUM  |   in|    9|       m_axi|            g0|       pointer|
|m_axi_g0_0_RUSER     |   in|    1|       m_axi|            g0|       pointer|
|m_axi_g0_0_RRESP     |   in|    2|       m_axi|            g0|       pointer|
|m_axi_g0_0_BVALID    |   in|    1|       m_axi|            g0|       pointer|
|m_axi_g0_0_BREADY    |  out|    1|       m_axi|            g0|       pointer|
|m_axi_g0_0_BRESP     |   in|    2|       m_axi|            g0|       pointer|
|m_axi_g0_0_BID       |   in|    1|       m_axi|            g0|       pointer|
|m_axi_g0_0_BUSER     |   in|    1|       m_axi|            g0|       pointer|
|v320                 |   in|   64|     ap_none|          v320|        scalar|
|v321                 |   in|   64|     ap_none|          v321|        scalar|
|v322                 |   in|   64|     ap_none|          v322|        scalar|
+---------------------+-----+-----+------------+--------------+--------------+

