

================================================================
== Vitis HLS Report for 'kernel30'
================================================================
* Date:           Sun Jul 12 20:26:42 2026

* Version:        2025.2 (Build 6295257 on Nov 14 2025)
* Project:        spikingformer_proj
* Solution:       solution1 (Vivado IP Flow Target)
* Product family: zynquplus
* Target device:  xczu7ev-ffvc1156-2-e


================================================================
== Performance Estimates
================================================================
+ Timing: 
    * Summary: 
    +--------+----------+----------+------------+
    |  Clock |  Target  | Estimated| Uncertainty|
    +--------+----------+----------+------------+
    |ap_clk  |  10.00 ns|  7.300 ns|     2.70 ns|
    +--------+----------+----------+------------+

+ Latency: 
    * Summary: 
    +---------+---------+----------+----------+-----+-----+-------------------+
    |  Latency (cycles) |  Latency (absolute) |  Interval |      Pipeline     |
    |   min   |   max   |    min   |    max   | min | max |        Type       |
    +---------+---------+----------+----------+-----+-----+-------------------+
    |    24594|    24594|  0.246 ms|  0.246 ms|    0|    0|  loop pipeline stp|
    +---------+---------+----------+----------+-----+-----+-------------------+

    + Detail: 
        * Instance: 
        N/A

        * Loop: 
        +------------------------------------------------------+---------+---------+----------+-----------+-----------+-------+----------+
        |                                                      |  Latency (cycles) | Iteration|  Initiation Interval  |  Trip |          |
        |                       Loop Name                      |   min   |   max   |  Latency |  achieved |   target  | Count | Pipelined|
        +------------------------------------------------------+---------+---------+----------+-----------+-----------+-------+----------+
        |- VITIS_LOOP_450_1_VITIS_LOOP_451_2_VITIS_LOOP_452_3  |    24592|    24592|        18|          1|          1|  24576|       yes|
        +------------------------------------------------------+---------+---------+----------+-----------+-----------+-------+----------+



================================================================
== Utilization Estimates
================================================================
* Summary: 
+-----------------+---------+------+--------+--------+-----+
|       Name      | BRAM_18K|  DSP |   FF   |   LUT  | URAM|
+-----------------+---------+------+--------+--------+-----+
|DSP              |        -|     -|       -|       -|    -|
|Expression       |        -|     -|       0|     382|    -|
|FIFO             |        -|     -|       -|       -|    -|
|Instance         |        -|     -|       -|       -|    -|
|Memory           |        -|     -|       -|       -|    -|
|Multiplexer      |        -|     -|       0|     117|    -|
|Register         |        -|     -|     280|      32|    -|
+-----------------+---------+------+--------+--------+-----+
|Total            |        0|     0|     280|     531|    0|
+-----------------+---------+------+--------+--------+-----+
|Available        |      624|  1728|  460800|  230400|   96|
+-----------------+---------+------+--------+--------+-----+
|Utilization (%)  |        0|     0|      ~0|      ~0|    0|
+-----------------+---------+------+--------+--------+-----+

+ Detail: 
    * Instance: 
    +----------------------------------+-----------------------------+---------+----+---+----+-----+
    |             Instance             |            Module           | BRAM_18K| DSP| FF| LUT| URAM|
    +----------------------------------+-----------------------------+---------+----+---+----+-----+
    |fcmp_32ns_32ns_1_2_no_dsp_1_U401  |fcmp_32ns_32ns_1_2_no_dsp_1  |        0|   0|  0|   0|    0|
    +----------------------------------+-----------------------------+---------+----+---+----+-----+
    |Total                             |                             |        0|   0|  0|   0|    0|
    +----------------------------------+-----------------------------+---------+----+---+----+-----+

    * DSP: 
    N/A

    * Memory: 
    N/A

    * FIFO: 
    N/A

    * Expression: 
    +--------------------------------+----------+----+---+----+------------+------------+
    |          Variable Name         | Operation| DSP| FF| LUT| Bitwidth P0| Bitwidth P1|
    +--------------------------------+----------+----+---+----+------------+------------+
    |add_ln450_1_fu_201_p2           |         +|   0|  0|  22|          15|           1|
    |add_ln450_fu_219_p2             |         +|   0|  0|  16|           9|           1|
    |add_ln451_1_fu_364_p2           |         +|   0|  0|  15|           8|           1|
    |add_ln451_fu_265_p2             |         +|   0|  0|  12|           4|           1|
    |add_ln452_fu_358_p2             |         +|   0|  0|  12|           4|           1|
    |add_ln455_1_fu_332_p2           |         +|   0|  0|  64|          64|          64|
    |add_ln455_fu_309_p2             |         +|   0|  0|  64|          64|          64|
    |and_ln450_fu_251_p2             |       and|   0|  0|   2|           1|           1|
    |ap_block_pp0_stage0_00001_grp2  |       and|   0|  0|   2|           1|           1|
    |ap_block_pp0_stage0_11001_grp1  |       and|   0|  0|   2|           1|           1|
    |ap_block_pp0_stage0_11001_grp3  |       and|   0|  0|   2|           1|           1|
    |ap_block_pp0_stage0_11001_grp5  |       and|   0|  0|   2|           1|           1|
    |v185_fu_435_p2                  |       and|   0|  0|   2|           1|           1|
    |icmp_ln450_fu_195_p2            |      icmp|   0|  0|  22|          15|          15|
    |icmp_ln451_fu_225_p2            |      icmp|   0|  0|  15|           8|           7|
    |icmp_ln452_fu_245_p2            |      icmp|   0|  0|  12|           4|           5|
    |icmp_ln456_1_fu_426_p2          |      icmp|   0|  0|  30|          23|           1|
    |icmp_ln456_fu_421_p2            |      icmp|   0|  0|  15|           8|           2|
    |ap_block_pp0_stage0_11001       |        or|   0|  0|   2|           1|           1|
    |ap_block_pp0_stage0_11001_grp2  |        or|   0|  0|   2|           1|           1|
    |empty_fu_271_p2                 |        or|   0|  0|   2|           1|           1|
    |or_ln456_fu_431_p2              |        or|   0|  0|   2|           1|           1|
    |select_ln450_1_fu_257_p3        |    select|   0|  0|   9|           1|           9|
    |select_ln450_fu_231_p3          |    select|   0|  0|   4|           1|           1|
    |select_ln451_1_fu_370_p3        |    select|   0|  0|   8|           1|           1|
    |select_ln451_fu_285_p3          |    select|   0|  0|   4|           1|           4|
    |select_ln458_fu_441_p3          |    select|   0|  0|  30|           1|          30|
    |v183_mid2_fu_277_p3             |    select|   0|  0|   4|           1|           1|
    |ap_enable_pp0                   |       xor|   0|  0|   2|           1|           2|
    |xor_ln450_fu_239_p2             |       xor|   0|  0|   2|           1|           2|
    +--------------------------------+----------+----+---+----+------------+------------+
    |Total                           |          |   0|  0| 382|         244|         223|
    +--------------------------------+----------+----+---+----+------------+------------+

    * Multiplexer: 
    +-------------------------+----+-----------+-----+-----------+
    |           Name          | LUT| Input Size| Bits| Total Bits|
    +-------------------------+----+-----------+-----+-----------+
    |ap_done_int              |   9|          2|    1|          2|
    |ap_enable_reg_pp0_iter1  |   9|          2|    1|          2|
    |ap_enable_reg_pp0_iter2  |   9|          2|    1|          2|
    |g0_blk_n_AR              |   9|          2|    1|          2|
    |g0_blk_n_AW              |   9|          2|    1|          2|
    |g0_blk_n_B               |   9|          2|    1|          2|
    |g0_blk_n_R               |   9|          2|    1|          2|
    |g0_blk_n_W               |   9|          2|    1|          2|
    |indvar_flatten12_fu_120  |   9|          2|   15|         30|
    |indvar_flatten_fu_112    |   9|          2|    8|         16|
    |v181_fu_116              |   9|          2|    9|         18|
    |v182_fu_108              |   9|          2|    4|          8|
    |v183_fu_104              |   9|          2|    4|          8|
    +-------------------------+----+-----------+-----+-----------+
    |Total                    | 117|         26|   48|         96|
    +-------------------------+----+-----------+-----+-----------+

    * Register: 
    +-------------------------------------------+----+----+-----+-----------+
    |                    Name                   | FF | LUT| Bits| Const Bits|
    +-------------------------------------------+----+----+-----+-----------+
    |ap_CS_fsm                                  |   1|   0|    1|          0|
    |ap_block_pp0_stage0_subdone_grp1_done_reg  |   1|   0|    1|          0|
    |ap_block_pp0_stage0_subdone_grp2_done_reg  |   1|   0|    1|          0|
    |ap_block_pp0_stage0_subdone_grp3_done_reg  |   1|   0|    1|          0|
    |ap_block_pp0_stage0_subdone_grp5_done_reg  |   1|   0|    1|          0|
    |ap_done_reg                                |   1|   0|    1|          0|
    |ap_enable_reg_pp0_iter1                    |   1|   0|    1|          0|
    |ap_enable_reg_pp0_iter10                   |   1|   0|    1|          0|
    |ap_enable_reg_pp0_iter11                   |   1|   0|    1|          0|
    |ap_enable_reg_pp0_iter12                   |   1|   0|    1|          0|
    |ap_enable_reg_pp0_iter13                   |   1|   0|    1|          0|
    |ap_enable_reg_pp0_iter14                   |   1|   0|    1|          0|
    |ap_enable_reg_pp0_iter15                   |   1|   0|    1|          0|
    |ap_enable_reg_pp0_iter16                   |   1|   0|    1|          0|
    |ap_enable_reg_pp0_iter17                   |   1|   0|    1|          0|
    |ap_enable_reg_pp0_iter18                   |   1|   0|    1|          0|
    |ap_enable_reg_pp0_iter2                    |   1|   0|    1|          0|
    |ap_enable_reg_pp0_iter3                    |   1|   0|    1|          0|
    |ap_enable_reg_pp0_iter4                    |   1|   0|    1|          0|
    |ap_enable_reg_pp0_iter5                    |   1|   0|    1|          0|
    |ap_enable_reg_pp0_iter6                    |   1|   0|    1|          0|
    |ap_enable_reg_pp0_iter7                    |   1|   0|    1|          0|
    |ap_enable_reg_pp0_iter8                    |   1|   0|    1|          0|
    |ap_enable_reg_pp0_iter9                    |   1|   0|    1|          0|
    |ap_loop_exit_ready_pp0_iter10_reg          |   1|   0|    1|          0|
    |ap_loop_exit_ready_pp0_iter11_reg          |   1|   0|    1|          0|
    |ap_loop_exit_ready_pp0_iter12_reg          |   1|   0|    1|          0|
    |ap_loop_exit_ready_pp0_iter13_reg          |   1|   0|    1|          0|
    |ap_loop_exit_ready_pp0_iter14_reg          |   1|   0|    1|          0|
    |ap_loop_exit_ready_pp0_iter15_reg          |   1|   0|    1|          0|
    |ap_loop_exit_ready_pp0_iter16_reg          |   1|   0|    1|          0|
    |ap_loop_exit_ready_pp0_iter17_reg          |   1|   0|    1|          0|
    |ap_loop_exit_ready_pp0_iter2_reg           |   1|   0|    1|          0|
    |ap_loop_exit_ready_pp0_iter3_reg           |   1|   0|    1|          0|
    |ap_loop_exit_ready_pp0_iter4_reg           |   1|   0|    1|          0|
    |ap_loop_exit_ready_pp0_iter5_reg           |   1|   0|    1|          0|
    |ap_loop_exit_ready_pp0_iter6_reg           |   1|   0|    1|          0|
    |ap_loop_exit_ready_pp0_iter7_reg           |   1|   0|    1|          0|
    |ap_loop_exit_ready_pp0_iter8_reg           |   1|   0|    1|          0|
    |ap_loop_exit_ready_pp0_iter9_reg           |   1|   0|    1|          0|
    |g0_addr_read_reg_502                       |  32|   0|   32|          0|
    |g0_addr_reg_493                            |  64|   0|   64|          0|
    |icmp_ln456_1_reg_527                       |   1|   0|    1|          0|
    |icmp_ln456_reg_522                         |   1|   0|    1|          0|
    |indvar_flatten12_fu_120                    |  15|   0|   15|          0|
    |indvar_flatten_fu_112                      |   8|   0|    8|          0|
    |select_ln458_reg_532                       |   7|   0|   32|         25|
    |tmp_s_reg_507                              |   8|   0|    8|          0|
    |trunc_ln456_reg_512                        |  23|   0|   23|          0|
    |v181_fu_116                                |   9|   0|    9|          0|
    |v182_fu_108                                |   4|   0|    4|          0|
    |v183_fu_104                                |   4|   0|    4|          0|
    |g0_addr_reg_493                            |  64|  32|   64|          0|
    +-------------------------------------------+----+----+-----+-----------+
    |Total                                      | 280|  32|  305|         25|
    +-------------------------------------------+----+----+-----+-----------+



================================================================
== Interface
================================================================
* Summary: 
+---------------------+-----+-----+------------+--------------+--------------+
|      RTL Ports      | Dir | Bits|  Protocol  | Source Object|    C Type    |
+---------------------+-----+-----+------------+--------------+--------------+
|ap_clk               |   in|    1|  ap_ctrl_hs|      kernel30|  return value|
|ap_rst               |   in|    1|  ap_ctrl_hs|      kernel30|  return value|
|ap_start             |   in|    1|  ap_ctrl_hs|      kernel30|  return value|
|ap_done              |  out|    1|  ap_ctrl_hs|      kernel30|  return value|
|ap_idle              |  out|    1|  ap_ctrl_hs|      kernel30|  return value|
|ap_ready             |  out|    1|  ap_ctrl_hs|      kernel30|  return value|
|m_axi_g0_0_AWVALID   |  out|    1|       m_axi|            g0|       pointer|
|m_axi_g0_0_AWREADY   |   in|    1|       m_axi|            g0|       pointer|
|m_axi_g0_0_AWADDR    |  out|   64|       m_axi|            g0|       pointer|
|m_axi_g0_0_AWID      |  out|    1|       m_axi|            g0|       pointer|
|m_axi_g0_0_AWLEN     |  out|   32|       m_axi|            g0|       pointer|
|m_axi_g0_0_AWSIZE    |  out|    3|       m_axi|            g0|       pointer|
|m_axi_g0_0_AWBURST   |  out|    2|       m_axi|            g0|       pointer|
|m_axi_g0_0_AWLOCK    |  out|    2|       m_axi|            g0|       pointer|
|m_axi_g0_0_AWCACHE   |  out|    4|       m_axi|            g0|       pointer|
|m_axi_g0_0_AWPROT    |  out|    3|       m_axi|            g0|       pointer|
|m_axi_g0_0_AWQOS     |  out|    4|       m_axi|            g0|       pointer|
|m_axi_g0_0_AWREGION  |  out|    4|       m_axi|            g0|       pointer|
|m_axi_g0_0_AWUSER    |  out|    1|       m_axi|            g0|       pointer|
|m_axi_g0_0_WVALID    |  out|    1|       m_axi|            g0|       pointer|
|m_axi_g0_0_WREADY    |   in|    1|       m_axi|            g0|       pointer|
|m_axi_g0_0_WDATA     |  out|   32|       m_axi|            g0|       pointer|
|m_axi_g0_0_WSTRB     |  out|    4|       m_axi|            g0|       pointer|
|m_axi_g0_0_WLAST     |  out|    1|       m_axi|            g0|       pointer|
|m_axi_g0_0_WID       |  out|    1|       m_axi|            g0|       pointer|
|m_axi_g0_0_WUSER     |  out|    1|       m_axi|            g0|       pointer|
|m_axi_g0_0_ARVALID   |  out|    1|       m_axi|            g0|       pointer|
|m_axi_g0_0_ARREADY   |   in|    1|       m_axi|            g0|       pointer|
|m_axi_g0_0_ARADDR    |  out|   64|       m_axi|            g0|       pointer|
|m_axi_g0_0_ARID      |  out|    1|       m_axi|            g0|       pointer|
|m_axi_g0_0_ARLEN     |  out|   32|       m_axi|            g0|       pointer|
|m_axi_g0_0_ARSIZE    |  out|    3|       m_axi|            g0|       pointer|
|m_axi_g0_0_ARBURST   |  out|    2|       m_axi|            g0|       pointer|
|m_axi_g0_0_ARLOCK    |  out|    2|       m_axi|            g0|       pointer|
|m_axi_g0_0_ARCACHE   |  out|    4|       m_axi|            g0|       pointer|
|m_axi_g0_0_ARPROT    |  out|    3|       m_axi|            g0|       pointer|
|m_axi_g0_0_ARQOS     |  out|    4|       m_axi|            g0|       pointer|
|m_axi_g0_0_ARREGION  |  out|    4|       m_axi|            g0|       pointer|
|m_axi_g0_0_ARUSER    |  out|    1|       m_axi|            g0|       pointer|
|m_axi_g0_0_RVALID    |   in|    1|       m_axi|            g0|       pointer|
|m_axi_g0_0_RREADY    |  out|    1|       m_axi|            g0|       pointer|
|m_axi_g0_0_RDATA     |   in|   32|       m_axi|            g0|       pointer|
|m_axi_g0_0_RLAST     |   in|    1|       m_axi|            g0|       pointer|
|m_axi_g0_0_RID       |   in|    1|       m_axi|            g0|       pointer|
|m_axi_g0_0_RFIFONUM  |   in|    9|       m_axi|            g0|       pointer|
|m_axi_g0_0_RUSER     |   in|    1|       m_axi|            g0|       pointer|
|m_axi_g0_0_RRESP     |   in|    2|       m_axi|            g0|       pointer|
|m_axi_g0_0_BVALID    |   in|    1|       m_axi|            g0|       pointer|
|m_axi_g0_0_BREADY    |  out|    1|       m_axi|            g0|       pointer|
|m_axi_g0_0_BRESP     |   in|    2|       m_axi|            g0|       pointer|
|m_axi_g0_0_BID       |   in|    1|       m_axi|            g0|       pointer|
|m_axi_g0_0_BUSER     |   in|    1|       m_axi|            g0|       pointer|
|v178                 |   in|   64|     ap_none|          v178|        scalar|
+---------------------+-----+-----+------------+--------------+--------------+

