

================================================================
== Vitis HLS Report for 'kernel9_Pipeline_1'
================================================================
* Date:           Sun Jul 12 20:26:41 2026

* Version:        2025.2 (Build 6295257 on Nov 14 2025)
* Project:        spikingformer_proj
* Solution:       solution1 (Vivado IP Flow Target)
* Product family: zynquplus
* Target device:  xczu7ev-ffvc1156-2-e


================================================================
== Performance Estimates
================================================================
+ Timing: 
    * Summary: 
    +--------+----------+----------+------------+
    |  Clock |  Target  | Estimated| Uncertainty|
    +--------+----------+----------+------------+
    |ap_clk  |  10.00 ns|  7.300 ns|     2.70 ns|
    +--------+----------+----------+------------+

+ Latency: 
    * Summary: 
    +---------+---------+----------+----------+-----+-----+-------------------+
    |  Latency (cycles) |  Latency (absolute) |  Interval |      Pipeline     |
    |   min   |   max   |    min   |    max   | min | max |        Type       |
    +---------+---------+----------+----------+-----+-----+-------------------+
    |      387|      387|  3.870 us|  3.870 us|    0|    0|  loop pipeline stp|
    +---------+---------+----------+----------+-----+-----+-------------------+

    + Detail: 
        * Instance: 
        N/A

        * Loop: 
        +----------+---------+---------+----------+-----------+-----------+------+----------+
        |          |  Latency (cycles) | Iteration|  Initiation Interval  | Trip |          |
        | Loop Name|   min   |   max   |  Latency |  achieved |   target  | Count| Pipelined|
        +----------+---------+---------+----------+-----------+-----------+------+----------+
        |- Loop 1  |      385|      385|         3|          1|          1|   384|       yes|
        +----------+---------+---------+----------+-----------+-----------+------+----------+



================================================================
== Utilization Estimates
================================================================
* Summary: 
+-----------------+---------+------+--------+--------+-----+
|       Name      | BRAM_18K|  DSP |   FF   |   LUT  | URAM|
+-----------------+---------+------+--------+--------+-----+
|DSP              |        -|     -|       -|       -|    -|
|Expression       |        -|     -|       0|      36|    -|
|FIFO             |        -|     -|       -|       -|    -|
|Instance         |        -|     -|       -|       -|    -|
|Memory           |        -|     -|       -|       -|    -|
|Multiplexer      |        -|     -|       0|      45|    -|
|Register         |        -|     -|      65|       -|    -|
+-----------------+---------+------+--------+--------+-----+
|Total            |        0|     0|      65|      81|    0|
+-----------------+---------+------+--------+--------+-----+
|Available        |      624|  1728|  460800|  230400|   96|
+-----------------+---------+------+--------+--------+-----+
|Utilization (%)  |        0|     0|      ~0|      ~0|    0|
+-----------------+---------+------+--------+--------+-----+

+ Detail: 
    * Instance: 
    N/A

    * DSP: 
    N/A

    * Memory: 
    N/A

    * FIFO: 
    N/A

    * Expression: 
    +---------------------------+----------+----+---+----+------------+------------+
    |       Variable Name       | Operation| DSP| FF| LUT| Bitwidth P0| Bitwidth P1|
    +---------------------------+----------+----+---+----+------------+------------+
    |empty_fu_96_p2             |         +|   0|  0|  16|           9|           1|
    |ap_block_pp0_stage0_11001  |       and|   0|  0|   2|           1|           1|
    |exitcond132_fu_90_p2       |      icmp|   0|  0|  16|           9|           9|
    |ap_enable_pp0              |       xor|   0|  0|   2|           1|           2|
    +---------------------------+----------+----+---+----+------------+------------+
    |Total                      |          |   0|  0|  36|          20|          13|
    +---------------------------+----------+----+---+----+------------+------------+

    * Multiplexer: 
    +----------------------------------+----+-----------+-----+-----------+
    |               Name               | LUT| Input Size| Bits| Total Bits|
    +----------------------------------+----+-----------+-----+-----------+
    |ap_done_int                       |   9|          2|    1|          2|
    |ap_enable_reg_pp0_iter1           |   9|          2|    1|          2|
    |ap_sig_allocacmp_loop_index_load  |   9|          2|    9|         18|
    |g0_blk_n_R                        |   9|          2|    1|          2|
    |loop_index_fu_50                  |   9|          2|    9|         18|
    +----------------------------------+----+-----------+-----+-----------+
    |Total                             |  45|         10|   21|         42|
    +----------------------------------+----+-----------+-----+-----------+

    * Register: 
    +-------------------------------------------+----+----+-----+-----------+
    |                    Name                   | FF | LUT| Bits| Const Bits|
    +-------------------------------------------+----+----+-----+-----------+
    |ap_CS_fsm                                  |   1|   0|    1|          0|
    |ap_block_pp0_stage0_subdone_grp0_done_reg  |   1|   0|    1|          0|
    |ap_done_reg                                |   1|   0|    1|          0|
    |ap_enable_reg_pp0_iter1                    |   1|   0|    1|          0|
    |ap_enable_reg_pp0_iter2                    |   1|   0|    1|          0|
    |ap_loop_exit_ready_pp0_iter1_reg           |   1|   0|    1|          0|
    |g0_addr_read_reg_142                       |  32|   0|   32|          0|
    |loop_index_fu_50                           |   9|   0|    9|          0|
    |loop_index_load_reg_133                    |   9|   0|    9|          0|
    |loop_index_load_reg_133_pp0_iter1_reg      |   9|   0|    9|          0|
    +-------------------------------------------+----+----+-----+-----------+
    |Total                                      |  65|   0|   65|          0|
    +-------------------------------------------+----+----+-----+-----------+



================================================================
== Interface
================================================================
* Summary: 
+---------------------+-----+-----+------------+--------------------+--------------+
|      RTL Ports      | Dir | Bits|  Protocol  |    Source Object   |    C Type    |
+---------------------+-----+-----+------------+--------------------+--------------+
|ap_clk               |   in|    1|  ap_ctrl_hs|  kernel9_Pipeline_1|  return value|
|ap_rst               |   in|    1|  ap_ctrl_hs|  kernel9_Pipeline_1|  return value|
|ap_start             |   in|    1|  ap_ctrl_hs|  kernel9_Pipeline_1|  return value|
|ap_done              |  out|    1|  ap_ctrl_hs|  kernel9_Pipeline_1|  return value|
|ap_idle              |  out|    1|  ap_ctrl_hs|  kernel9_Pipeline_1|  return value|
|ap_ready             |  out|    1|  ap_ctrl_hs|  kernel9_Pipeline_1|  return value|
|m_axi_g0_0_AWVALID   |  out|    1|       m_axi|                  g0|       pointer|
|m_axi_g0_0_AWREADY   |   in|    1|       m_axi|                  g0|       pointer|
|m_axi_g0_0_AWADDR    |  out|   64|       m_axi|                  g0|       pointer|
|m_axi_g0_0_AWID      |  out|    1|       m_axi|                  g0|       pointer|
|m_axi_g0_0_AWLEN     |  out|   32|       m_axi|                  g0|       pointer|
|m_axi_g0_0_AWSIZE    |  out|    3|       m_axi|                  g0|       pointer|
|m_axi_g0_0_AWBURST   |  out|    2|       m_axi|                  g0|       pointer|
|m_axi_g0_0_AWLOCK    |  out|    2|       m_axi|                  g0|       pointer|
|m_axi_g0_0_AWCACHE   |  out|    4|       m_axi|                  g0|       pointer|
|m_axi_g0_0_AWPROT    |  out|    3|       m_axi|                  g0|       pointer|
|m_axi_g0_0_AWQOS     |  out|    4|       m_axi|                  g0|       pointer|
|m_axi_g0_0_AWREGION  |  out|    4|       m_axi|                  g0|       pointer|
|m_axi_g0_0_AWUSER    |  out|    1|       m_axi|                  g0|       pointer|
|m_axi_g0_0_WVALID    |  out|    1|       m_axi|                  g0|       pointer|
|m_axi_g0_0_WREADY    |   in|    1|       m_axi|                  g0|       pointer|
|m_axi_g0_0_WDATA     |  out|   32|       m_axi|                  g0|       pointer|
|m_axi_g0_0_WSTRB     |  out|    4|       m_axi|                  g0|       pointer|
|m_axi_g0_0_WLAST     |  out|    1|       m_axi|                  g0|       pointer|
|m_axi_g0_0_WID       |  out|    1|       m_axi|                  g0|       pointer|
|m_axi_g0_0_WUSER     |  out|    1|       m_axi|                  g0|       pointer|
|m_axi_g0_0_ARVALID   |  out|    1|       m_axi|                  g0|       pointer|
|m_axi_g0_0_ARREADY   |   in|    1|       m_axi|                  g0|       pointer|
|m_axi_g0_0_ARADDR    |  out|   64|       m_axi|                  g0|       pointer|
|m_axi_g0_0_ARID      |  out|    1|       m_axi|                  g0|       pointer|
|m_axi_g0_0_ARLEN     |  out|   32|       m_axi|                  g0|       pointer|
|m_axi_g0_0_ARSIZE    |  out|    3|       m_axi|                  g0|       pointer|
|m_axi_g0_0_ARBURST   |  out|    2|       m_axi|                  g0|       pointer|
|m_axi_g0_0_ARLOCK    |  out|    2|       m_axi|                  g0|       pointer|
|m_axi_g0_0_ARCACHE   |  out|    4|       m_axi|                  g0|       pointer|
|m_axi_g0_0_ARPROT    |  out|    3|       m_axi|                  g0|       pointer|
|m_axi_g0_0_ARQOS     |  out|    4|       m_axi|                  g0|       pointer|
|m_axi_g0_0_ARREGION  |  out|    4|       m_axi|                  g0|       pointer|
|m_axi_g0_0_ARUSER    |  out|    1|       m_axi|                  g0|       pointer|
|m_axi_g0_0_RVALID    |   in|    1|       m_axi|                  g0|       pointer|
|m_axi_g0_0_RREADY    |  out|    1|       m_axi|                  g0|       pointer|
|m_axi_g0_0_RDATA     |   in|   32|       m_axi|                  g0|       pointer|
|m_axi_g0_0_RLAST     |   in|    1|       m_axi|                  g0|       pointer|
|m_axi_g0_0_RID       |   in|    1|       m_axi|                  g0|       pointer|
|m_axi_g0_0_RFIFONUM  |   in|    9|       m_axi|                  g0|       pointer|
|m_axi_g0_0_RUSER     |   in|    1|       m_axi|                  g0|       pointer|
|m_axi_g0_0_RRESP     |   in|    2|       m_axi|                  g0|       pointer|
|m_axi_g0_0_BVALID    |   in|    1|       m_axi|                  g0|       pointer|
|m_axi_g0_0_BREADY    |  out|    1|       m_axi|                  g0|       pointer|
|m_axi_g0_0_BRESP     |   in|    2|       m_axi|                  g0|       pointer|
|m_axi_g0_0_BID       |   in|    1|       m_axi|                  g0|       pointer|
|m_axi_g0_0_BUSER     |   in|    1|       m_axi|                  g0|       pointer|
|sext_ln171           |   in|   62|     ap_none|          sext_ln171|        scalar|
|v63_address0         |  out|    9|   ap_memory|                 v63|         array|
|v63_ce0              |  out|    1|   ap_memory|                 v63|         array|
|v63_we0              |  out|    1|   ap_memory|                 v63|         array|
|v63_d0               |  out|   32|   ap_memory|                 v63|         array|
+---------------------+-----+-----+------------+--------------------+--------------+

