

================================================================
== Vitis HLS Report for 'kernel63'
================================================================
* Date:           Sun Jul 12 20:26:44 2026

* Version:        2025.2 (Build 6295257 on Nov 14 2025)
* Project:        spikingformer_proj
* Solution:       solution1 (Vivado IP Flow Target)
* Product family: zynquplus
* Target device:  xczu7ev-ffvc1156-2-e


================================================================
== Performance Estimates
================================================================
+ Timing: 
    * Summary: 
    +--------+----------+----------+------------+
    |  Clock |  Target  | Estimated| Uncertainty|
    +--------+----------+----------+------------+
    |ap_clk  |  10.00 ns|  7.300 ns|     2.70 ns|
    +--------+----------+----------+------------+

+ Latency: 
    * Summary: 
    +---------+---------+-----------+-----------+-----+-----+-------------------+
    |  Latency (cycles) |   Latency (absolute)  |  Interval |      Pipeline     |
    |   min   |   max   |    min    |    max    | min | max |        Type       |
    +---------+---------+-----------+-----------+-----+-----+-------------------+
    |  4718614|  4718614|  47.186 ms|  47.186 ms|    0|    0|  loop pipeline stp|
    +---------+---------+-----------+-----------+-----+-----+-------------------+

    + Detail: 
        * Instance: 
        N/A

        * Loop: 
        +-----------------------------------------------------------------------+---------+---------+----------+-----------+-----------+---------+----------+
        |                                                                       |  Latency (cycles) | Iteration|  Initiation Interval  |   Trip  |          |
        |                               Loop Name                               |   min   |   max   |  Latency |  achieved |   target  |  Count  | Pipelined|
        +-----------------------------------------------------------------------+---------+---------+----------+-----------+-----------+---------+----------+
        |- VITIS_LOOP_856_1_VITIS_LOOP_857_2_VITIS_LOOP_858_3_VITIS_LOOP_859_4  |  4718612|  4718612|        24|          3|          1|  1572864|       yes|
        +-----------------------------------------------------------------------+---------+---------+----------+-----------+-----------+---------+----------+



================================================================
== Utilization Estimates
================================================================
* Summary: 
+-----------------+---------+------+--------+--------+-----+
|       Name      | BRAM_18K|  DSP |   FF   |   LUT  | URAM|
+-----------------+---------+------+--------+--------+-----+
|DSP              |        -|     -|       -|       -|    -|
|Expression       |        -|     -|       0|     707|    -|
|FIFO             |        -|     -|       -|       -|    -|
|Instance         |        -|     5|     355|     349|    -|
|Memory           |        -|     -|       -|       -|    -|
|Multiplexer      |        -|     -|       0|     247|    -|
|Register         |        -|     -|     609|      64|    -|
+-----------------+---------+------+--------+--------+-----+
|Total            |        0|     5|     964|    1367|    0|
+-----------------+---------+------+--------+--------+-----+
|Available        |      624|  1728|  460800|  230400|   96|
+-----------------+---------+------+--------+--------+-----+
|Utilization (%)  |        0|    ~0|      ~0|      ~0|    0|
+-----------------+---------+------+--------+--------+-----+

+ Detail: 
    * Instance: 
    +-------------------------------------+--------------------------------+---------+----+-----+-----+-----+
    |               Instance              |             Module             | BRAM_18K| DSP|  FF | LUT | URAM|
    +-------------------------------------+--------------------------------+---------+----+-----+-----+-----+
    |fadd_32ns_32ns_32_4_full_dsp_1_U494  |fadd_32ns_32ns_32_4_full_dsp_1  |        0|   2|  227|  214|    0|
    |fmul_32ns_32ns_32_3_max_dsp_1_U495   |fmul_32ns_32ns_32_3_max_dsp_1   |        0|   3|  128|  135|    0|
    +-------------------------------------+--------------------------------+---------+----+-----+-----+-----+
    |Total                                |                                |        0|   5|  355|  349|    0|
    +-------------------------------------+--------------------------------+---------+----+-----+-----+-----+

    * DSP: 
    N/A

    * Memory: 
    N/A

    * FIFO: 
    N/A

    * Expression: 
    +---------------------------------------+----------+----+---+----+------------+------------+
    |             Variable Name             | Operation| DSP| FF| LUT| Bitwidth P0| Bitwidth P1|
    +---------------------------------------+----------+----+---+----+------------+------------+
    |add_ln856_1_fu_246_p2                  |         +|   0|  0|  28|          21|           1|
    |add_ln856_fu_270_p2                    |         +|   0|  0|  13|           6|           1|
    |add_ln857_1_fu_497_p2                  |         +|   0|  0|  24|          17|           1|
    |add_ln857_fu_322_p2                    |         +|   0|  0|  12|           4|           1|
    |add_ln858_1_fu_483_p2                  |         +|   0|  0|  21|          14|           1|
    |add_ln858_fu_374_p2                    |         +|   0|  0|  14|           7|           1|
    |add_ln859_fu_477_p2                    |         +|   0|  0|  14|           7|           1|
    |add_ln864_1_fu_447_p2                  |         +|   0|  0|  64|          64|          64|
    |add_ln864_fu_424_p2                    |         +|   0|  0|  64|          64|          64|
    |add_ln865_1_fu_576_p2                  |         +|   0|  0|  64|          64|          64|
    |add_ln865_fu_557_p2                    |         +|   0|  0|  64|          64|          64|
    |add_ln866_1_fu_630_p2                  |         +|   0|  0|  64|          64|          64|
    |add_ln866_fu_613_p2                    |         +|   0|  0|  64|          64|          64|
    |and_ln856_1_fu_308_p2                  |       and|   0|  0|   2|           1|           1|
    |and_ln856_fu_354_p2                    |       and|   0|  0|   2|           1|           1|
    |ap_block_pp0_stage0_11001_grp2         |       and|   0|  0|   2|           1|           1|
    |ap_block_pp0_stage0_11001_grp9         |       and|   0|  0|   2|           1|           1|
    |ap_block_pp0_stage1_11001_grp3         |       and|   0|  0|   2|           1|           1|
    |ap_block_pp0_stage1_11001_grp4         |       and|   0|  0|   2|           1|           1|
    |ap_block_pp0_stage1_11001_grp8         |       and|   0|  0|   2|           1|           1|
    |ap_block_pp0_stage2_11001_grp1         |       and|   0|  0|   2|           1|           1|
    |ap_block_pp0_stage2_11001_grp5         |       and|   0|  0|   2|           1|           1|
    |ap_block_state3_io_grp1                |       and|   0|  0|   2|           1|           1|
    |icmp_ln859_mid211_fu_360_p2            |       and|   0|  0|   2|           1|           1|
    |icmp_ln856_fu_240_p2                   |      icmp|   0|  0|  28|          21|          21|
    |icmp_ln857_fu_276_p2                   |      icmp|   0|  0|  24|          17|          16|
    |icmp_ln858_fu_302_p2                   |      icmp|   0|  0|  21|          14|          13|
    |icmp_ln859_fu_296_p2                   |      icmp|   0|  0|  15|           7|           8|
    |ap_block_pp0_stage0_11001              |        or|   0|  0|   2|           1|           1|
    |ap_block_pp0_stage0_11001_grp6         |        or|   0|  0|   2|           1|           1|
    |ap_block_pp0_stage1_11001              |        or|   0|  0|   2|           1|           1|
    |ap_block_pp0_stage2_11001              |        or|   0|  0|   2|           1|           1|
    |empty_69_fu_380_p2                     |        or|   0|  0|   2|           1|           1|
    |empty_70_fu_386_p2                     |        or|   0|  0|   2|           1|           1|
    |empty_fu_328_p2                        |        or|   0|  0|   2|           1|           1|
    |not_exitcond_flatten_mid234_fu_348_p2  |        or|   0|  0|   2|           1|           1|
    |select_ln856_1_fu_314_p3               |    select|   0|  0|   6|           1|           6|
    |select_ln856_fu_282_p3                 |    select|   0|  0|   4|           1|           1|
    |select_ln857_1_fu_503_p3               |    select|   0|  0|  16|           1|           1|
    |select_ln857_fu_366_p3                 |    select|   0|  0|   4|           1|           4|
    |select_ln858_1_fu_489_p3               |    select|   0|  0|  14|           1|           1|
    |select_ln858_fu_400_p3                 |    select|   0|  0|   7|           1|           7|
    |v351_mid26_fu_334_p3                   |    select|   0|  0|   7|           1|           1|
    |v352_mid2_fu_392_p3                    |    select|   0|  0|   7|           1|           1|
    |ap_enable_pp0                          |       xor|   0|  0|   2|           1|           2|
    |exitcond_flatten_not_fu_342_p2         |       xor|   0|  0|   2|           1|           2|
    |xor_ln856_fu_290_p2                    |       xor|   0|  0|   2|           1|           2|
    +---------------------------------------+----------+----+---+----+------------+------------+
    |Total                                  |          |   0|  0| 707|         549|         496|
    +---------------------------------------+----------+----+---+----+------------+------------+

    * Multiplexer: 
    +----------------------------------+----+-----------+-----+-----------+
    |               Name               | LUT| Input Size| Bits| Total Bits|
    +----------------------------------+----+-----------+-----+-----------+
    |ap_NS_fsm                         |  20|          4|    1|          4|
    |ap_done_int                       |   9|          2|    1|          2|
    |ap_enable_reg_pp0_iter0           |   9|          2|    1|          2|
    |ap_enable_reg_pp0_iter1           |   9|          2|    1|          2|
    |ap_enable_reg_pp0_iter8           |   9|          2|    1|          2|
    |ap_loop_exit_ready_pp0_iter1_reg  |   9|          2|    1|          2|
    |ap_loop_exit_ready_pp0_iter2_reg  |   9|          2|    1|          2|
    |ap_loop_exit_ready_pp0_iter3_reg  |   9|          2|    1|          2|
    |ap_loop_exit_ready_pp0_iter4_reg  |   9|          2|    1|          2|
    |ap_loop_exit_ready_pp0_iter5_reg  |   9|          2|    1|          2|
    |ap_loop_exit_ready_pp0_iter6_reg  |   9|          2|    1|          2|
    |ap_loop_exit_ready_pp0_iter7_reg  |   9|          2|    1|          2|
    |g0_blk_n_AR                       |   9|          2|    1|          2|
    |g0_blk_n_AW                       |   9|          2|    1|          2|
    |g0_blk_n_B                        |   9|          2|    1|          2|
    |g0_blk_n_R                        |   9|          2|    1|          2|
    |g0_blk_n_W                        |   9|          2|    1|          2|
    |indvar_flatten12_fu_132           |   9|          2|   17|         34|
    |indvar_flatten35_fu_140           |   9|          2|   21|         42|
    |indvar_flatten_fu_124             |   9|          2|   14|         28|
    |m_axi_g0_0_ARADDR                 |  20|          4|   64|        256|
    |v349_fu_136                       |   9|          2|    6|         12|
    |v350_fu_128                       |   9|          2|    4|          8|
    |v351_fu_120                       |   9|          2|    7|         14|
    |v352_fu_116                       |   9|          2|    7|         14|
    +----------------------------------+----+-----------+-----+-----------+
    |Total                             | 247|         54|  157|        444|
    +----------------------------------+----+-----------+-----+-----------+

    * Register: 
    +-------------------------------------------+----+----+-----+-----------+
    |                    Name                   | FF | LUT| Bits| Const Bits|
    +-------------------------------------------+----+----+-----+-----------+
    |ap_CS_fsm                                  |   3|   0|    3|          0|
    |ap_block_pp0_stage0_subdone_grp0_done_reg  |   1|   0|    1|          0|
    |ap_block_pp0_stage0_subdone_grp2_done_reg  |   1|   0|    1|          0|
    |ap_block_pp0_stage0_subdone_grp6_done_reg  |   1|   0|    1|          0|
    |ap_block_pp0_stage0_subdone_grp9_done_reg  |   1|   0|    1|          0|
    |ap_block_pp0_stage1_subdone_grp0_done_reg  |   1|   0|    1|          0|
    |ap_block_pp0_stage1_subdone_grp3_done_reg  |   1|   0|    1|          0|
    |ap_block_pp0_stage1_subdone_grp4_done_reg  |   1|   0|    1|          0|
    |ap_block_pp0_stage1_subdone_grp8_done_reg  |   1|   0|    1|          0|
    |ap_block_pp0_stage2_subdone_grp0_done_reg  |   1|   0|    1|          0|
    |ap_block_pp0_stage2_subdone_grp1_done_reg  |   1|   0|    1|          0|
    |ap_block_pp0_stage2_subdone_grp5_done_reg  |   1|   0|    1|          0|
    |ap_done_reg                                |   1|   0|    1|          0|
    |ap_enable_reg_pp0_iter0_reg                |   1|   0|    1|          0|
    |ap_enable_reg_pp0_iter1                    |   1|   0|    1|          0|
    |ap_enable_reg_pp0_iter2                    |   1|   0|    1|          0|
    |ap_enable_reg_pp0_iter3                    |   1|   0|    1|          0|
    |ap_enable_reg_pp0_iter4                    |   1|   0|    1|          0|
    |ap_enable_reg_pp0_iter5                    |   1|   0|    1|          0|
    |ap_enable_reg_pp0_iter6                    |   1|   0|    1|          0|
    |ap_enable_reg_pp0_iter7                    |   1|   0|    1|          0|
    |ap_enable_reg_pp0_iter8                    |   1|   0|    1|          0|
    |ap_loop_exit_ready_pp0_iter1_reg           |   1|   0|    1|          0|
    |ap_loop_exit_ready_pp0_iter2_reg           |   1|   0|    1|          0|
    |ap_loop_exit_ready_pp0_iter3_reg           |   1|   0|    1|          0|
    |ap_loop_exit_ready_pp0_iter4_reg           |   1|   0|    1|          0|
    |ap_loop_exit_ready_pp0_iter5_reg           |   1|   0|    1|          0|
    |ap_loop_exit_ready_pp0_iter6_reg           |   1|   0|    1|          0|
    |ap_loop_exit_ready_pp0_iter7_reg           |   1|   0|    1|          0|
    |g0_addr_14_read_reg_788                    |  32|   0|   32|          0|
    |g0_addr_14_reg_768                         |  64|   0|   64|          0|
    |g0_addr_15_read_reg_803                    |  32|   0|   32|          0|
    |g0_addr_15_reg_774                         |  64|   0|   64|          0|
    |g0_addr_read_reg_783                       |  32|   0|   32|          0|
    |g0_addr_reg_756                            |  64|   0|   64|          0|
    |icmp_ln856_reg_736                         |   1|   0|    1|          0|
    |indvar_flatten12_fu_132                    |  17|   0|   17|          0|
    |indvar_flatten35_fu_140                    |  21|   0|   21|          0|
    |indvar_flatten_fu_124                      |  14|   0|   14|          0|
    |select_ln857_reg_740                       |   4|   0|    4|          0|
    |trunc_ln864_1_reg_751                      |   6|   0|    6|          0|
    |trunc_ln864_reg_746                        |   5|   0|    5|          0|
    |trunc_ln865_reg_762                        |   6|   0|    6|          0|
    |v349_fu_136                                |   6|   0|    6|          0|
    |v350_fu_128                                |   4|   0|    4|          0|
    |v351_fu_120                                |   7|   0|    7|          0|
    |v352_fu_116                                |   7|   0|    7|          0|
    |v356_reg_808                               |  32|   0|   32|          0|
    |v357_reg_818                               |  32|   0|   32|          0|
    |g0_addr_15_reg_774                         |  64|  32|   64|          0|
    |icmp_ln856_reg_736                         |  64|  32|    1|          0|
    +-------------------------------------------+----+----+-----+-----------+
    |Total                                      | 609|  64|  546|          0|
    +-------------------------------------------+----+----+-----+-----------+



================================================================
== Interface
================================================================
* Summary: 
+---------------------+-----+-----+------------+--------------+--------------+
|      RTL Ports      | Dir | Bits|  Protocol  | Source Object|    C Type    |
+---------------------+-----+-----+------------+--------------+--------------+
|ap_clk               |   in|    1|  ap_ctrl_hs|      kernel63|  return value|
|ap_rst               |   in|    1|  ap_ctrl_hs|      kernel63|  return value|
|ap_start             |   in|    1|  ap_ctrl_hs|      kernel63|  return value|
|ap_done              |  out|    1|  ap_ctrl_hs|      kernel63|  return value|
|ap_idle              |  out|    1|  ap_ctrl_hs|      kernel63|  return value|
|ap_ready             |  out|    1|  ap_ctrl_hs|      kernel63|  return value|
|m_axi_g0_0_AWVALID   |  out|    1|       m_axi|            g0|       pointer|
|m_axi_g0_0_AWREADY   |   in|    1|       m_axi|            g0|       pointer|
|m_axi_g0_0_AWADDR    |  out|   64|       m_axi|            g0|       pointer|
|m_axi_g0_0_AWID      |  out|    1|       m_axi|            g0|       pointer|
|m_axi_g0_0_AWLEN     |  out|   32|       m_axi|            g0|       pointer|
|m_axi_g0_0_AWSIZE    |  out|    3|       m_axi|            g0|       pointer|
|m_axi_g0_0_AWBURST   |  out|    2|       m_axi|            g0|       pointer|
|m_axi_g0_0_AWLOCK    |  out|    2|       m_axi|            g0|       pointer|
|m_axi_g0_0_AWCACHE   |  out|    4|       m_axi|            g0|       pointer|
|m_axi_g0_0_AWPROT    |  out|    3|       m_axi|            g0|       pointer|
|m_axi_g0_0_AWQOS     |  out|    4|       m_axi|            g0|       pointer|
|m_axi_g0_0_AWREGION  |  out|    4|       m_axi|            g0|       pointer|
|m_axi_g0_0_AWUSER    |  out|    1|       m_axi|            g0|       pointer|
|m_axi_g0_0_WVALID    |  out|    1|       m_axi|            g0|       pointer|
|m_axi_g0_0_WREADY    |   in|    1|       m_axi|            g0|       pointer|
|m_axi_g0_0_WDATA     |  out|   32|       m_axi|            g0|       pointer|
|m_axi_g0_0_WSTRB     |  out|    4|       m_axi|            g0|       pointer|
|m_axi_g0_0_WLAST     |  out|    1|       m_axi|            g0|       pointer|
|m_axi_g0_0_WID       |  out|    1|       m_axi|            g0|       pointer|
|m_axi_g0_0_WUSER     |  out|    1|       m_axi|            g0|       pointer|
|m_axi_g0_0_ARVALID   |  out|    1|       m_axi|            g0|       pointer|
|m_axi_g0_0_ARREADY   |   in|    1|       m_axi|            g0|       pointer|
|m_axi_g0_0_ARADDR    |  out|   64|       m_axi|            g0|       pointer|
|m_axi_g0_0_ARID      |  out|    1|       m_axi|            g0|       pointer|
|m_axi_g0_0_ARLEN     |  out|   32|       m_axi|            g0|       pointer|
|m_axi_g0_0_ARSIZE    |  out|    3|       m_axi|            g0|       pointer|
|m_axi_g0_0_ARBURST   |  out|    2|       m_axi|            g0|       pointer|
|m_axi_g0_0_ARLOCK    |  out|    2|       m_axi|            g0|       pointer|
|m_axi_g0_0_ARCACHE   |  out|    4|       m_axi|            g0|       pointer|
|m_axi_g0_0_ARPROT    |  out|    3|       m_axi|            g0|       pointer|
|m_axi_g0_0_ARQOS     |  out|    4|       m_axi|            g0|       pointer|
|m_axi_g0_0_ARREGION  |  out|    4|       m_axi|            g0|       pointer|
|m_axi_g0_0_ARUSER    |  out|    1|       m_axi|            g0|       pointer|
|m_axi_g0_0_RVALID    |   in|    1|       m_axi|            g0|       pointer|
|m_axi_g0_0_RREADY    |  out|    1|       m_axi|            g0|       pointer|
|m_axi_g0_0_RDATA     |   in|   32|       m_axi|            g0|       pointer|
|m_axi_g0_0_RLAST     |   in|    1|       m_axi|            g0|       pointer|
|m_axi_g0_0_RID       |   in|    1|       m_axi|            g0|       pointer|
|m_axi_g0_0_RFIFONUM  |   in|    9|       m_axi|            g0|       pointer|
|m_axi_g0_0_RUSER     |   in|    1|       m_axi|            g0|       pointer|
|m_axi_g0_0_RRESP     |   in|    2|       m_axi|            g0|       pointer|
|m_axi_g0_0_BVALID    |   in|    1|       m_axi|            g0|       pointer|
|m_axi_g0_0_BREADY    |  out|    1|       m_axi|            g0|       pointer|
|m_axi_g0_0_BRESP     |   in|    2|       m_axi|            g0|       pointer|
|m_axi_g0_0_BID       |   in|    1|       m_axi|            g0|       pointer|
|m_axi_g0_0_BUSER     |   in|    1|       m_axi|            g0|       pointer|
|v345                 |   in|   64|     ap_none|          v345|        scalar|
|v346                 |   in|   64|     ap_none|          v346|        scalar|
|v347                 |   in|   64|     ap_none|          v347|        scalar|
+---------------------+-----+-----+------------+--------------+--------------+

